-------------
8NMB420
-------------
 88.0dB             3.0l (1.1)               200W
SplMech  Pmech SplEle     f3

103.5dB  1401W  95.0dB @  40Hz   19
105.1dB  1403W  96.7dB @  44Hz   17
106.6dB  1405W  98.2dB @  48Hz   15
108.0dB  1406W  99.6dB @  52Hz   14
109.3dB  1408W 100.8dB @  56Hz   13
110.5dB  1409W 102.0dB @  60Hz   12
111.6dB  1410W 103.2dB @  64Hz   10
112.7dB  1411W 104.2dB @  68Hz    9
113.7dB  1412W 105.2dB @  72Hz    8
114.6dB  1413W 106.1dB @  76Hz    7
            3W  89.0dB @  80Hz 
            4W  90.0dB @  80Hz 
            5W  91.0dB @  80Hz 
            6W  92.0dB @  80Hz 
            8W  93.0dB @  80Hz 
           10W  94.0dB @  80Hz 
           12W  95.0dB @  80Hz 
           16W  96.0dB @  80Hz 
           20W  97.0dB @  80Hz 
           25W  98.0dB @  80Hz 
           31W  99.0dB @  80Hz 
           40W 100.0dB @  80Hz 
           50W 101.0dB @  80Hz 
           63W 102.0dB @  80Hz 
           79W 103.0dB @  80Hz 
          100W 104.0dB @  80Hz 
          126W 105.0dB @  80Hz 
          159W 106.0dB @  80Hz 
          200W 107.0dB @  80Hz 
115.5dB  1414W 107.0dB @  80Hz    7
-------------
8MB400
-------------
 93.7dB             3.5l (1.1)               280W
SplMech  Pmech SplEle     f3

103.9dB  1439W  96.7dB @  40Hz   19
105.5dB  1441W  98.4dB @  44Hz   17
107.0dB  1443W  99.9dB @  48Hz   16
108.4dB  1444W 101.3dB @  52Hz   14
109.7dB  1446W 102.6dB @  56Hz   13
110.9dB  1447W 103.8dB @  60Hz   12
112.0dB  1448W 104.9dB @  64Hz   11
113.1dB  1450W 105.9dB @  68Hz   10
114.1dB  1451W 106.9dB @  72Hz    9
115.0dB  1452W 107.9dB @  76Hz    8
            4W  90.7dB @  80Hz 
            6W  91.7dB @  80Hz 
            7W  92.7dB @  80Hz 
            9W  93.7dB @  80Hz 
           11W  94.7dB @  80Hz 
           14W  95.7dB @  80Hz 
           17W  96.7dB @  80Hz 
           22W  97.7dB @  80Hz 
           28W  98.7dB @  80Hz 
           35W  99.7dB @  80Hz 
           44W 100.7dB @  80Hz 
           56W 101.7dB @  80Hz 
           70W 102.7dB @  80Hz 
           88W 103.7dB @  80Hz 
          111W 104.7dB @  80Hz 
          140W 105.7dB @  80Hz 
          176W 106.7dB @  80Hz 
          222W 107.7dB @  80Hz 
          280W 108.7dB @  80Hz 
115.9dB  1453W 108.7dB @  80Hz    7
-------------
21LW1400
-------------
 99.0dB            20.1l (1.1)              1400W
SplMech  Pmech SplEle     f3

119.2dB 20881W 107.5dB @  28Hz   19
           22W  91.8dB @  32Hz 
           28W  92.8dB @  32Hz 
           35W  93.8dB @  32Hz 
           44W  94.8dB @  32Hz 
           55W  95.8dB @  32Hz 
           69W  96.8dB @  32Hz 
           87W  97.8dB @  32Hz 
          110W  98.8dB @  32Hz 
          139W  99.8dB @  32Hz 
          175W 100.8dB @  32Hz 
          220W 101.8dB @  32Hz 
          278W 102.8dB @  32Hz 
          350W 103.8dB @  32Hz 
          441W 104.8dB @  32Hz 
          555W 105.8dB @  32Hz 
          700W 106.8dB @  32Hz 
          882W 107.8dB @  32Hz 
         1111W 108.8dB @  32Hz 
         1400W 109.8dB @  32Hz 
121.6dB 20920W 109.8dB @  32Hz   17
123.6dB 20953W 111.9dB @  36Hz   15
125.4dB 20984W 113.7dB @  40Hz   13
127.1dB 21011W 115.3dB @  44Hz   11
128.6dB 21036W 116.8dB @  48Hz   10
130.0dB 21059W 118.2dB @  52Hz    8
131.3dB 21080W 119.5dB @  56Hz    7
132.5dB 21100W 120.7dB @  60Hz    6
133.6dB 21119W 121.8dB @  64Hz    5
134.7dB 21137W 122.9dB @  68Hz    4
135.6dB 21153W 123.9dB @  72Hz    3
136.6dB 21169W 124.8dB @  76Hz    2
           22W 107.6dB @  80Hz 
           28W 108.6dB @  80Hz 
           35W 109.6dB @  80Hz 
           44W 110.6dB @  80Hz 
           55W 111.6dB @  80Hz 
           69W 112.6dB @  80Hz 
           87W 113.6dB @  80Hz 
          110W 114.6dB @  80Hz 
          139W 115.6dB @  80Hz 
          175W 116.6dB @  80Hz 
          220W 117.6dB @  80Hz 
          278W 118.7dB @  80Hz 
          350W 119.7dB @  80Hz 
          441W 120.7dB @  80Hz 
          555W 121.7dB @  80Hz 
          700W 122.7dB @  80Hz 
          882W 123.7dB @  80Hz 
         1111W 124.7dB @  80Hz 
         1400W 125.7dB @  80Hz 
137.5dB 21184W 125.7dB @  80Hz    1
-------------
18TLW3000
-------------
 95.0dB            32.3l (1.1)              1800W
SplMech  Pmech SplEle     f3

           28W  87.5dB @  20Hz 
           35W  88.5dB @  20Hz 
           45W  89.5dB @  20Hz 
           56W  90.5dB @  20Hz 
           71W  91.6dB @  20Hz 
           89W  92.6dB @  20Hz 
          112W  93.6dB @  20Hz 
          142W  94.6dB @  20Hz 
          179W  95.6dB @  20Hz 
          225W  96.6dB @  20Hz 
          283W  97.6dB @  20Hz 
          357W  98.6dB @  20Hz 
          450W  99.6dB @  20Hz 
          567W 100.6dB @  20Hz 
          714W 101.6dB @  20Hz 
          900W 102.6dB @  20Hz 
         1134W 103.6dB @  20Hz 
         1428W 104.6dB @  20Hz 
         1799W 105.6dB @  20Hz 
112.8dB  9386W 105.6dB @  20Hz   18
115.9dB  9409W 108.8dB @  24Hz   15
118.6dB  9429W 111.4dB @  28Hz   12
           28W  95.7dB @  32Hz 
           35W  96.7dB @  32Hz 
           45W  97.7dB @  32Hz 
           56W  98.7dB @  32Hz 
           71W  99.7dB @  32Hz 
           89W 100.7dB @  32Hz 
          112W 101.7dB @  32Hz 
          142W 102.7dB @  32Hz 
          179W 103.7dB @  32Hz 
          225W 104.7dB @  32Hz 
          283W 105.7dB @  32Hz 
          357W 106.7dB @  32Hz 
          450W 107.7dB @  32Hz 
          567W 108.7dB @  32Hz 
          714W 109.7dB @  32Hz 
          900W 110.7dB @  32Hz 
         1134W 111.7dB @  32Hz 
         1428W 112.7dB @  32Hz 
         1799W 113.7dB @  32Hz 
120.9dB  9447W 113.7dB @  32Hz   10
123.0dB  9462W 115.8dB @  36Hz    8
124.8dB  9475W 117.6dB @  40Hz    6
126.5dB  9488W 119.3dB @  44Hz    5
128.0dB  9499W 120.8dB @  48Hz    3
129.4dB  9510W 122.1dB @  52Hz    2
130.7dB  9519W 123.4dB @  56Hz    0
131.9dB  9528W 124.6dB @  60Hz   -1
133.0dB  9537W 125.7dB @  64Hz   -2
134.0dB  9545W 126.8dB @  68Hz   -3
135.0dB  9552W 127.8dB @  72Hz   -4
136.0dB  9559W 128.7dB @  76Hz   -5
           28W 111.5dB @  80Hz 
           35W 112.5dB @  80Hz 
           45W 113.5dB @  80Hz 
           56W 114.5dB @  80Hz 
           71W 115.6dB @  80Hz 
           89W 116.6dB @  80Hz 
          112W 117.6dB @  80Hz 
          142W 118.6dB @  80Hz 
          179W 119.6dB @  80Hz 
          225W 120.6dB @  80Hz 
          283W 121.6dB @  80Hz 
          357W 122.6dB @  80Hz 
          450W 123.6dB @  80Hz 
          567W 124.6dB @  80Hz 
          714W 125.6dB @  80Hz 
          900W 126.6dB @  80Hz 
         1134W 127.6dB @  80Hz 
         1428W 128.6dB @  80Hz 
         1799W 129.6dB @  80Hz 
136.9dB  9566W 129.6dB @  80Hz   -6
