-------------
8NMB420
            88.0dB           200W       1x70mm
   fu     fb      fo      SplMech  Vb1     Vb2       d         l        C
 34.5Hz  72Hz  149Hz  100.9dB   36l +   6l  * 1x40mm   1149mm
 37.9Hz  76Hz  153Hz  102.5dB   28l +   6l  * 1x40mm   1024mm
 41.5Hz  81Hz  156Hz  104.1dB   23l +   6l  * 1x40mm    912mm
 45.4Hz  85Hz  160Hz  105.7dB   19l +   6l  * 1x40mm    813mm
 49.7Hz  90Hz  165Hz  107.2dB   15l +   6l  * 1x40mm    725mm
 54.2Hz  96Hz  169Hz  108.8dB   13l +   6l  * 1x40mm    646mm
 59.1Hz 101Hz  174Hz  110.3dB   11l +   6l  * 1x40mm    576mm
 64.4Hz 107Hz  179Hz  111.7dB    9l +   6l  * 1x40mm    513mm
 70.1Hz 114Hz  185Hz  113.2dB    8l +   6l  - 1x50mm    715mm
 76.1Hz 121Hz  191Hz  114.6dB    7l +   6l  - 1x50mm    637mm
 82.6Hz 128Hz  197Hz  116.1dB    6l +   6l  - 1x50mm    568mm
 89.5Hz 135Hz  204Hz  117.5dB    5l +   6l  - 1x50mm    506mm
 96.9Hz 140Hz  212Hz  118.8dB    5l +   6l  - 1x50mm    474mm
104.9Hz 152Hz  220Hz  120.2dB    4l +   6l    1x70mm    788mm
113.3Hz 161Hz  228Hz  121.6dB    4l +   6l    1x70mm    702mm
122.3Hz 170Hz  237Hz  122.9dB    3l +   6l    1x70mm    626mm
131.9Hz 180Hz  247Hz  124.2dB    3l +   6l    1x70mm    558mm
 34.5Hz  84Hz  149Hz  100.9dB   20l +   5l  * 1x40mm   1149mm
 37.9Hz  89Hz  153Hz  102.5dB   16l +   5l  * 1x40mm   1024mm
 41.5Hz  94Hz  156Hz  104.1dB   14l +   5l  * 1x40mm    912mm
 45.4Hz 100Hz  160Hz  105.7dB   12l +   5l  * 1x40mm    813mm
 49.7Hz 105Hz  165Hz  107.2dB   10l +   5l  * 1x40mm    725mm
 54.2Hz 112Hz  169Hz  108.8dB    9l +   5l  * 1x40mm    646mm
 59.1Hz 118Hz  174Hz  110.3dB    7l +   5l  * 1x40mm    576mm
 64.4Hz 125Hz  179Hz  111.7dB    6l +   5l  * 1x40mm    513mm
 70.1Hz 133Hz  185Hz  113.2dB    6l +   5l  - 1x50mm    715mm
 76.1Hz 141Hz  191Hz  114.6dB    5l +   5l  - 1x50mm    637mm
 82.6Hz 149Hz  197Hz  116.1dB    4l +   5l  - 1x50mm    568mm
 89.5Hz 135Hz  204Hz  117.5dB    5l +   5l  - 1x50mm    689mm
 96.9Hz 140Hz  212Hz  118.8dB    5l +   5l  - 1x50mm    645mm
104.9Hz 152Hz  220Hz  120.2dB    4l +   5l  - 1x50mm    547mm
 97.4Hz 161Hz  228Hz  118.9dB    4l +   5l  - 1x50mm    487mm
106.4Hz 170Hz  237Hz  120.5dB    3l +   5l  - 1x50mm    434mm
131.9Hz 180Hz  247Hz  124.2dB    3l +   5l    1x70mm    759mm
 41.4Hz 101Hz  244Hz  104.1dB   11l +   3l  * 1x40mm   1149mm
 45.7Hz 106Hz  248Hz  105.8dB   10l +   3l  * 1x40mm   1024mm
 50.3Hz 113Hz  253Hz  107.5dB    8l +   3l  * 1x40mm    913mm
 55.4Hz 119Hz  258Hz  109.1dB    7l +   3l  * 1x40mm    813mm
 60.8Hz 127Hz  263Hz  110.7dB    6l +   3l  * 1x40mm    725mm
 66.7Hz 134Hz  269Hz  112.4dB    5l +   3l  * 1x40mm    646mm
 73.2Hz 142Hz  276Hz  114.0dB    5l +   3l  * 1x40mm    576mm
 80.1Hz 150Hz  283Hz  115.5dB    4l +   3l  * 1x40mm    513mm
 87.5Hz 159Hz  290Hz  117.1dB    4l +   3l  - 1x50mm    715mm
 95.6Hz 169Hz  298Hz  118.6dB    3l +   3l  - 1x50mm    637mm
104.2Hz 179Hz  307Hz  120.1dB    3l +   3l  - 1x50mm    568mm
113.5Hz 189Hz  316Hz  121.6dB    2l +   3l  - 1x50mm    506mm
123.4Hz 201Hz  326Hz  123.0dB    2l +   3l  - 1x50mm    451mm
134.1Hz 212Hz  337Hz  124.5dB    2l +   3l    1x70mm    788mm
145.5Hz 225Hz  348Hz  125.9dB    2l +   3l    1x70mm    702mm
157.8Hz 238Hz  360Hz  127.3dB    2l +   3l    1x70mm    626mm
170.8Hz 253Hz  373Hz  128.7dB    1l +   3l    1x70mm    558mm
-------------
8MB400
            93.7dB           280W       1x70mm
   fu     fb      fo      SplMech  Vb1     Vb2       d         l        C
 35.3Hz  73Hz  153Hz  101.7dB   76l +   7l  * 1x40mm    967mm
 38.7Hz  78Hz  156Hz  103.3dB   50l +   7l  * 1x40mm    862mm
 42.5Hz  82Hz  160Hz  104.9dB   36l +   7l  * 1x40mm    768mm
 46.5Hz  87Hz  164Hz  106.5dB   28l +   7l  * 1x40mm    685mm
 50.8Hz  92Hz  168Hz  108.0dB   22l +   7l  * 1x40mm    610mm
 55.5Hz  98Hz  173Hz  109.5dB   18l +   7l  * 1x40mm    544mm
 60.5Hz 104Hz  178Hz  111.0dB   15l +   7l  - 1x50mm    758mm
 65.9Hz 110Hz  183Hz  112.5dB   12l +   7l  - 1x50mm    675mm
 71.6Hz 116Hz  189Hz  114.0dB   10l +   7l  - 1x50mm    602mm
 77.8Hz 123Hz  195Hz  115.4dB    9l +   7l  - 1x50mm    536mm
 84.5Hz 131Hz  202Hz  116.8dB    8l +   7l  - 1x50mm    478mm
 91.5Hz 138Hz  209Hz  118.2dB    7l +   7l  - 1x50mm    426mm
 99.1Hz 143Hz  217Hz  119.6dB    6l +   7l    1x70mm    782mm
107.2Hz 155Hz  225Hz  121.0dB    5l +   7l    1x70mm    663mm
115.9Hz 164Hz  233Hz  122.3dB    4l +   7l    1x70mm    591mm
125.0Hz 174Hz  242Hz  123.7dB    4l +   7l    1x70mm    527mm
134.9Hz 184Hz  252Hz  125.0dB    3l +   7l    1x70mm    469mm
 35.3Hz  86Hz  153Hz  101.7dB   30l +   5l  * 1x40mm    967mm
 38.7Hz  91Hz  156Hz  103.3dB   24l +   5l  * 1x40mm    862mm
 42.5Hz  96Hz  160Hz  104.9dB   19l +   5l  * 1x40mm    768mm
 46.5Hz 102Hz  164Hz  106.5dB   16l +   5l  * 1x40mm    685mm
 50.8Hz 108Hz  168Hz  108.0dB   13l +   5l  * 1x40mm    610mm
 55.5Hz 114Hz  173Hz  109.5dB   11l +   5l  * 1x40mm    544mm
 60.5Hz 121Hz  178Hz  111.0dB    9l +   5l  - 1x50mm    758mm
 65.9Hz 128Hz  183Hz  112.5dB    8l +   5l  - 1x50mm    675mm
 71.6Hz 136Hz  189Hz  114.0dB    7l +   5l  - 1x50mm    602mm
 77.8Hz 144Hz  195Hz  115.4dB    6l +   5l  - 1x50mm    536mm
 84.5Hz 152Hz  202Hz  116.8dB    5l +   5l  - 1x50mm    478mm
 91.5Hz 138Hz  209Hz  118.2dB    7l +   5l  - 1x50mm    580mm
 99.1Hz 143Hz  217Hz  119.6dB    6l +   5l  - 1x50mm    543mm
107.2Hz 155Hz  225Hz  121.0dB    5l +   5l  - 1x50mm    461mm
 99.6Hz 164Hz  233Hz  119.7dB    4l +   5l  - 1x50mm    410mm
108.8Hz 174Hz  242Hz  121.2dB    4l +   5l    1x70mm    717mm
134.9Hz 184Hz  252Hz  125.0dB    3l +   5l    1x70mm    639mm
 42.4Hz 103Hz  249Hz  104.9dB   15l +   4l  * 1x40mm    967mm
 46.7Hz 109Hz  254Hz  106.6dB   13l +   4l  * 1x40mm    862mm
 51.5Hz 115Hz  259Hz  108.2dB   11l +   4l  * 1x40mm    768mm
 56.6Hz 122Hz  264Hz  109.9dB    9l +   4l  * 1x40mm    685mm
 62.2Hz 129Hz  269Hz  111.5dB    8l +   4l  * 1x40mm    610mm
 68.3Hz 137Hz  275Hz  113.1dB    7l +   4l  * 1x40mm    544mm
 74.8Hz 145Hz  282Hz  114.7dB    6l +   4l  - 1x50mm    757mm
 81.9Hz 154Hz  289Hz  116.3dB    5l +   4l  - 1x50mm    675mm
 89.5Hz 163Hz  297Hz  117.8dB    4l +   4l  - 1x50mm    602mm
 97.7Hz 173Hz  305Hz  119.4dB    4l +   4l  - 1x50mm    536mm
106.6Hz 183Hz  314Hz  120.9dB    3l +   4l  - 1x50mm    478mm
116.0Hz 194Hz  323Hz  122.4dB    3l +   4l  - 1x50mm    426mm
126.2Hz 205Hz  333Hz  123.8dB    3l +   4l    1x70mm    744mm
137.1Hz 217Hz  344Hz  125.3dB    2l +   4l    1x70mm    663mm
148.8Hz 230Hz  356Hz  126.7dB    2l +   4l    1x70mm    591mm
161.3Hz 244Hz  368Hz  128.1dB    2l +   4l    1x70mm    527mm
174.7Hz 258Hz  382Hz  129.5dB    2l +   4l    1x70mm    470mm
-------------
21LW1400
            99.0dB          1400W      4x100mm
   fu     fb      fo      SplMech  Vb1     Vb2       d         l        C
 24.8Hz  51Hz  107Hz  117.1dB  162l +  45l  * 2x100mm  3898mm
 27.2Hz  55Hz  110Hz  118.7dB  138l +  45l  * 2x100mm  3474mm
 29.8Hz  58Hz  112Hz  120.3dB  118l +  45l  * 2x100mm  3096mm
 32.6Hz  61Hz  115Hz  121.9dB  102l +  45l  * 2x100mm  2760mm
 35.6Hz  65Hz  118Hz  123.4dB   88l +  45l  * 2x100mm  2459mm
 38.9Hz  69Hz  121Hz  124.9dB   77l +  45l  * 2x100mm  2192mm
 42.4Hz  73Hz  125Hz  126.5dB   67l +  45l  * 2x100mm  1954mm
 46.2Hz  77Hz  129Hz  127.9dB   59l +  45l  * 2x100mm  1741mm
 50.2Hz  82Hz  133Hz  129.4dB   51l +  45l  * 2x100mm  1552mm
 54.6Hz  86Hz  137Hz  130.8dB   45l +  45l  * 2x100mm  1383mm
 59.2Hz  92Hz  142Hz  132.3dB   40l +  45l  * 2x100mm  1233mm
 64.2Hz  97Hz  147Hz  133.7dB   35l +  45l  * 2x100mm  1099mm
 69.5Hz 100Hz  152Hz  135.0dB   33l +  45l  * 2x100mm  1029mm
 75.2Hz 109Hz  158Hz  136.4dB   27l +  45l  * 2x100mm   873mm
 81.2Hz 115Hz  164Hz  137.7dB   24l +  45l  * 2x100mm   778mm
 87.7Hz 122Hz  170Hz  139.1dB   21l +  45l  * 2x100mm   693mm
 94.6Hz 129Hz  177Hz  140.4dB   19l +  45l  * 2x100mm   618mm
 24.8Hz  60Hz  107Hz  117.1dB  107l +  33l  * 2x100mm  3898mm
 27.2Hz  64Hz  110Hz  118.7dB   92l +  33l  * 2x100mm  3474mm
 29.8Hz  67Hz  112Hz  120.3dB   80l +  33l  * 2x100mm  3096mm
 32.6Hz  71Hz  115Hz  121.9dB   70l +  33l  * 2x100mm  2760mm
 35.6Hz  76Hz  118Hz  123.4dB   61l +  33l  * 2x100mm  2460mm
 38.9Hz  80Hz  121Hz  124.9dB   54l +  33l  * 2x100mm  2192mm
 42.4Hz  85Hz  125Hz  126.5dB   47l +  33l  * 2x100mm  1954mm
 46.2Hz  90Hz  129Hz  127.9dB   41l +  33l  * 2x100mm  1741mm
 50.2Hz  95Hz  133Hz  129.4dB   36l +  33l  * 2x100mm  1552mm
 54.6Hz 101Hz  137Hz  130.8dB   32l +  33l  * 2x100mm  1383mm
 59.2Hz 107Hz  142Hz  132.3dB   28l +  33l  * 2x100mm  1233mm
 64.2Hz  97Hz  147Hz  133.7dB   35l +  33l  * 2x100mm  1496mm
 69.5Hz 100Hz  152Hz  135.0dB   33l +  33l  * 2x100mm  1401mm
 75.2Hz 109Hz  158Hz  136.4dB   27l +  33l  * 2x100mm  1188mm
 69.8Hz 115Hz  164Hz  135.1dB   24l +  33l  * 2x100mm  1059mm
 76.3Hz 122Hz  170Hz  136.6dB   21l +  33l  * 2x100mm   944mm
 94.6Hz 129Hz  177Hz  140.4dB   19l +  33l  * 2x100mm   841mm
 29.7Hz  72Hz  175Hz  120.3dB   68l +  23l  * 2x100mm  3898mm
 32.8Hz  76Hz  178Hz  122.0dB   60l +  23l  * 2x100mm  3475mm
 36.1Hz  81Hz  181Hz  123.6dB   52l +  23l  * 2x100mm  3097mm
 39.7Hz  86Hz  185Hz  125.3dB   46l +  23l  * 2x100mm  2760mm
 43.6Hz  91Hz  189Hz  126.9dB   41l +  23l  * 2x100mm  2460mm
 47.9Hz  96Hz  193Hz  128.6dB   36l +  23l  * 2x100mm  2192mm
 52.5Hz 102Hz  198Hz  130.1dB   31l +  23l  * 2x100mm  1954mm
 57.4Hz 108Hz  203Hz  131.7dB   28l +  23l  * 2x100mm  1741mm
 62.8Hz 114Hz  208Hz  133.3dB   25l +  23l  * 2x100mm  1552mm
 68.5Hz 121Hz  214Hz  134.8dB   22l +  23l  * 2x100mm  1383mm
 74.7Hz 128Hz  220Hz  136.3dB   19l +  23l  * 2x100mm  1233mm
 81.4Hz 136Hz  227Hz  137.8dB   17l +  23l  * 2x100mm  1099mm
 88.5Hz 144Hz  234Hz  139.2dB   15l +  23l  * 2x100mm   979mm
 96.2Hz 152Hz  241Hz  140.7dB   13l +  23l  * 2x100mm   873mm
104.4Hz 161Hz  250Hz  142.1dB   12l +  23l  * 2x100mm   778mm
113.1Hz 171Hz  258Hz  143.5dB   11l +  23l  * 2x100mm   693mm
122.5Hz 181Hz  268Hz  144.9dB    9l +  23l  * 2x100mm   618mm
