-------------
8NMB420
      88.0dB                            200W
Rpre   Spl      qtc    Vb     SplMech Pmech SplEle      f3

0.20  92.6dB:   0.5   23.5l: (121.9dB  1346W 113.6dB) @ 116Hz
                0.6   13.1l: (120.9dB  1066W 113.6dB) @ 109Hz
                0.7    8.6l: (120.9dB  1079W 113.6dB) @ 109Hz
                0.8    6.1l: (122.3dB  1493W 113.6dB) @ 119Hz
                0.9    4.7l: (122.8dB  1669W 113.6dB) @ 122Hz
                1.0    3.7l: (123.4dB  1898W 113.6dB) @ 126Hz
                1.1    3.0l: (124.1dB  2257W 113.6dB) @ 131Hz
                1.1    3.0l: (121.3dB  1170W 113.6dB) @ 112Hz (  391uF)

0.60  92.3dB:   0.5   30.3l: (120.7dB  1112W 113.3dB) @ 108Hz
                0.6   16.0l: (119.7dB   881W 113.3dB) @ 102Hz
                0.7   10.2l: (119.8dB   892W 113.3dB) @ 102Hz
                0.8    7.2l: (121.2dB  1234W 113.3dB) @ 111Hz
                0.9    5.4l: (121.7dB  1379W 113.3dB) @ 114Hz
                1.0    4.2l: (122.2dB  1568W 113.3dB) @ 118Hz
                1.1    3.4l: (123.0dB  1865W 113.3dB) @ 123Hz
                1.1    3.4l: (120.1dB   967W 113.3dB) @ 104Hz (  418uF)

1.00  92.0dB:   0.5   39.6l: (119.7dB   933W 113.0dB) @ 102Hz
                0.6   19.4l: (118.7dB   739W 113.0dB) @  96Hz
                0.7   12.1l: (118.7dB   748W 113.0dB) @  96Hz
                0.8    8.4l: (120.1dB  1035W 113.0dB) @ 104Hz
                0.9    6.3l: (120.6dB  1157W 113.0dB) @ 107Hz
                1.0    4.9l: (121.2dB  1316W 113.0dB) @ 111Hz
                1.1    3.9l: (121.9dB  1565W 113.0dB) @ 116Hz
                1.1    3.9l: (119.1dB   811W 113.0dB) @  98Hz (  444uF)

-------------
8MB400
      93.7dB                            280W
Rpre   Spl      qtc    Vb     SplMech Pmech SplEle      f3

0.20  93.3dB:   0.5   38.5l: (122.7dB  1383W 115.7dB) @ 118Hz
                0.6   17.9l: (121.7dB  1096W 115.7dB) @ 111Hz
                0.7   11.0l: (121.7dB  1108W 115.7dB) @ 112Hz
                0.8    7.6l: (123.1dB  1534W 115.7dB) @ 121Hz
                0.9    5.6l: (123.6dB  1714W 115.7dB) @ 125Hz
                1.0    4.4l: (124.2dB  1950W 115.7dB) @ 129Hz
                1.1    3.5l: (124.9dB  2319W 115.7dB) @ 134Hz
                1.1    3.5l: (122.1dB  1202W 115.7dB) @ 114Hz (  388uF)

0.60  93.0dB:   0.5   56.5l: (121.5dB  1149W 115.4dB) @ 111Hz
                0.6   22.8l: (120.5dB   910W 115.4dB) @ 104Hz
                0.7   13.4l: (120.6dB   921W 115.4dB) @ 105Hz
                0.8    9.0l: (122.0dB  1275W 115.4dB) @ 114Hz
                0.9    6.6l: (122.5dB  1425W 115.4dB) @ 117Hz
                1.0    5.1l: (123.0dB  1620W 115.4dB) @ 121Hz
                1.1    4.1l: (123.8dB  1927W 115.4dB) @ 126Hz
                1.1    4.1l: (120.9dB   999W 115.4dB) @ 107Hz (  414uF)

1.00  92.7dB:   0.5   90.9l: (120.5dB   969W 115.1dB) @ 104Hz
                0.6   29.2l: (119.5dB   768W 115.1dB) @  98Hz
                0.7   16.2l: (119.5dB   777W 115.1dB) @  99Hz
                0.8   10.7l: (121.0dB  1075W 115.1dB) @ 107Hz
                0.9    7.7l: (121.4dB  1202W 115.1dB) @ 110Hz
                1.0    5.9l: (122.0dB  1367W 115.1dB) @ 114Hz
                1.1    4.7l: (122.7dB  1626W 115.1dB) @ 119Hz
                1.1    4.7l: (119.9dB   843W 115.1dB) @ 101Hz (  439uF)

