-------------
8NMB420                                88.0dB  200W                      1x70mm
Rpre   Spl         Vb      fb         SplMech Pmech  SplEle     f3       dv       lv

0.20  92.6dB:    13.2l @  68.7Hz  =>  119.3dB  746W 113.6dB @  79.2Hz   1x70mm    255 mm 
                 14.7l @  66.2Hz  =>  118.3dB  594W 113.6dB @  74.8Hz   1x70mm    223 mm 
                 16.5l @  63.9Hz  =>  117.4dB  474W 113.6dB @  70.7Hz   1x70mm    193 mm 
             *   18.5l @  61.6Hz  =>  116.4dB  378W 113.6dB @  66.8Hz   1x70mm    167 mm 
                 20.7l @  59.4Hz  =>  115.4dB  301W 113.6dB @  63.1Hz   1x70mm    144 mm 
                 23.2l @  57.3Hz  =>  114.4dB  240W 113.6dB @  59.6Hz   1x70mm    123 mm 
                 26.0l @  55.2Hz  =>  113.4dB  191W 113.6dB @  56.3Hz   1x70mm    104 mm 

0.60  92.3dB:    15.9l @  64.6Hz  =>  117.7dB  549W 113.3dB @  72.0Hz   1x70mm    203 mm 
                 17.8l @  62.3Hz  =>  116.7dB  438W 113.3dB @  68.1Hz   1x70mm    175 mm 
                 19.9l @  60.1Hz  =>  115.7dB  349W 113.3dB @  64.3Hz   1x70mm    151 mm 
             *   22.3l @  58.0Hz  =>  114.7dB  278W 113.3dB @  60.8Hz   1x70mm    129 mm 
                 25.0l @  55.9Hz  =>  113.7dB  222W 113.3dB @  57.4Hz   1x70mm    110 mm 
                 28.0l @  53.9Hz  =>  112.8dB  177W 113.3dB @  54.2Hz   1x70mm     93 mm 
                 31.4l @  52.0Hz  =>  111.8dB  141W 113.3dB @  51.3Hz   1x70mm     77 mm 

1.00  92.0dB:    18.9l @  61.1Hz  =>  116.2dB  414W 113.0dB @  66.0Hz   1x70mm    162 mm 
                 21.2l @  58.9Hz  =>  115.2dB  330W 113.0dB @  62.3Hz   1x70mm    139 mm 
                 23.8l @  56.8Hz  =>  114.2dB  263W 113.0dB @  58.9Hz   1x70mm    119 mm 
             *   26.6l @  54.8Hz  =>  113.2dB  210W 113.0dB @  55.7Hz   1x70mm    100 mm 
                 29.8l @  52.9Hz  =>  112.2dB  167W 113.0dB @  52.6Hz   1x70mm     84 mm 
                 33.4l @  51.0Hz  =>  111.2dB  133W 113.0dB @  49.7Hz   1x70mm     70 mm 
                 37.4l @  49.2Hz  =>  110.3dB  106W 113.0dB @  47.0Hz   1x70mm     57 mm 

-------------
8MB400                                 93.7dB  280W                      1x70mm
Rpre   Spl         Vb      fb         SplMech Pmech  SplEle     f3       dv       lv

0.20  93.3dB:    17.2l @  71.1Hz  =>  118.9dB  580W 115.7dB @  75.5Hz   1x70mm    112 mm 
                 19.2l @  68.6Hz  =>  117.9dB  462W 115.7dB @  71.3Hz   1x70mm     94 mm 
                 21.5l @  66.2Hz  =>  116.9dB  368W 115.7dB @  67.4Hz   1x70mm     79 mm 
             *   24.1l @  63.8Hz  =>  115.9dB  294W 115.7dB @  63.7Hz   1x70mm     65 mm 
                 27.0l @  61.5Hz  =>  115.0dB  234W 115.7dB @  60.2Hz   1x70mm     52 mm 
                 30.3l @  59.3Hz  =>  114.0dB  187W 115.7dB @  56.9Hz   1x70mm     41 mm 
                 33.9l @  57.2Hz  =>  113.0dB  149W 115.7dB @  53.7Hz   1x70mm     31 mm 

0.60  93.0dB:    20.7l @  67.0Hz  =>  117.3dB  430W 115.4dB @  68.8Hz   1x70mm     84 mm 
                 23.2l @  64.6Hz  =>  116.3dB  343W 115.4dB @  65.0Hz   1x70mm     70 mm 
                 25.9l @  62.3Hz  =>  115.3dB  273W 115.4dB @  61.4Hz   1x70mm     57 mm 
             *   29.1l @  60.1Hz  =>  114.3dB  218W 115.4dB @  58.0Hz   1x70mm     45 mm 
                 32.5l @  58.0Hz  =>  113.3dB  174W 115.4dB @  54.8Hz   1x70mm     35 mm 
                 36.5l @  55.9Hz  =>  112.4dB  139W 115.4dB @  51.8Hz   1x70mm     26 mm 
                 40.8l @  53.9Hz  =>  111.4dB  110W 115.4dB @  49.0Hz + 1x100mm    67 mm 

1.00  92.7dB:    24.6l @  63.4Hz  =>  115.8dB  327W 115.1dB @  63.1Hz   1x70mm     63 mm 
                 27.5l @  61.2Hz  =>  114.8dB  261W 115.1dB @  59.7Hz   1x70mm     51 mm 
                 30.8l @  59.0Hz  =>  113.8dB  208W 115.1dB @  56.4Hz   1x70mm     40 mm 
             *   34.5l @  56.9Hz  =>  112.8dB  166W 115.1dB @  53.3Hz   1x70mm     30 mm 
                 38.6l @  54.9Hz  =>  111.8dB  132W 115.1dB @  50.3Hz   1x70mm     21 mm 
                 43.3l @  52.9Hz  =>  110.9dB  105W 115.1dB @  47.6Hz + 1x100mm    59 mm 
                 48.5l @  51.0Hz  =>  109.9dB   84W 115.1dB @  44.9Hz + 1x100mm    45 mm 

-------------
21LW1400                               99.0dB 1400W                     4x100mm
Rpre   Spl         Vb      fb         SplMech Pmech  SplEle     f3       dv       lv

0.20  97.1dB:   112.4l @  41.5Hz  =>  133.9dB 7721W 126.5dB @  51.8Hz - 3x100mm   668 mm 
                125.9l @  40.0Hz  =>  132.9dB 6155W 126.5dB @  49.0Hz - 3x100mm   583 mm 
                141.0l @  38.6Hz  =>  132.0dB 4907W 126.5dB @  46.3Hz - 3x100mm   507 mm 
                157.9l @  37.2Hz  =>  131.0dB 3912W 126.5dB @  43.7Hz   4x100mm   610 mm 
                176.9l @  35.9Hz  =>  130.0dB 3118W 126.5dB @  41.3Hz   4x100mm   529 mm 
                198.1l @  34.6Hz  =>  129.0dB 2486W 126.5dB @  39.0Hz   4x100mm   457 mm 
                221.8l @  33.4Hz  =>  128.0dB 1982W 126.5dB @  36.9Hz   4x100mm   392 mm 
                248.5l @  32.2Hz  =>  127.0dB 1580W 126.5dB @  34.9Hz   4x100mm   334 mm 
                278.3l @  31.1Hz  =>  126.1dB 1259W 126.5dB @  32.9Hz   4x100mm   283 mm 
                311.7l @  30.0Hz  =>  125.1dB 1004W 126.5dB @  31.1Hz   4x100mm   237 mm 
                349.1l @  28.9Hz  =>  124.1dB  800W 126.5dB @  29.4Hz   4x100mm   196 mm 
                391.0l @  27.9Hz  =>  123.1dB  638W 126.5dB @  27.8Hz   4x100mm   159 mm 
                437.9l @  26.9Hz  =>  122.1dB  509W 126.5dB @  26.3Hz   4x100mm   126 mm 
                490.4l @  25.9Hz  =>  121.1dB  406W 126.5dB @  24.8Hz   4x100mm    97 mm 
                549.3l @  25.0Hz  =>  120.2dB  323W 126.5dB @  23.4Hz   4x100mm    71 mm 
                615.2l @  24.1Hz  =>  119.2dB  258W 126.5dB @  22.2Hz   4x100mm    48 mm 
                689.0l @  23.2Hz  =>  118.2dB  205W 126.5dB @  20.9Hz   4x100mm    27 mm 
                771.7l @  22.4Hz  =>  117.2dB  164W 126.5dB @  19.8Hz + 5x100mm    30 mm 
                864.3l @  21.6Hz  =>  116.2dB  131W 126.5dB @  18.7Hz + 6x100mm    28 mm 

0.60  96.8dB:   110.2l @  41.8Hz  =>  134.1dB 8650W 126.2dB @  52.3Hz - 3x100mm   684 mm 
             *  123.4l @  40.3Hz  =>  133.1dB 6896W 126.2dB @  49.5Hz - 3x100mm   597 mm 
                138.2l @  38.9Hz  =>  132.1dB 5497W 126.2dB @  46.7Hz - 3x100mm   520 mm 
                154.8l @  37.5Hz  =>  131.2dB 4382W 126.2dB @  44.2Hz   4x100mm   625 mm 
                173.4l @  36.1Hz  =>  130.2dB 3494W 126.2dB @  41.7Hz   4x100mm   542 mm 

1.00  96.5dB:   119.2l @  40.7Hz  =>  133.4dB 7915W 125.9dB @  50.3Hz - 3x100mm   623 mm 
                133.5l @  39.3Hz  =>  132.4dB 6310W 125.9dB @  47.5Hz - 3x100mm   543 mm 
             *  149.6l @  37.9Hz  =>  131.5dB 5030W 125.9dB @  44.9Hz   4x100mm   652 mm 
                167.5l @  36.5Hz  =>  130.5dB 4010W 125.9dB @  42.4Hz   4x100mm   567 mm 
                187.6l @  35.2Hz  =>  129.5dB 3197W 125.9dB @  40.1Hz   4x100mm   490 mm 
                210.1l @  34.0Hz  =>  128.5dB 2549W 125.9dB @  37.9Hz   4x100mm   422 mm 

-------------
18TLW3000                              95.0dB 1800W                     3x100mm
Rpre   Spl         Vb      fb         SplMech Pmech  SplEle     f3       dv       lv

0.20  93.7dB:   165.5l @  34.2Hz  =>  126.4dB 3309W 123.8dB @  34.9Hz   3x100mm   262 mm 
                185.4l @  33.0Hz  =>  125.5dB 2638W 123.8dB @  33.0Hz   3x100mm   221 mm 
                207.6l @  31.8Hz  =>  124.5dB 2103W 123.8dB @  31.2Hz   3x100mm   183 mm 
             *  232.5l @  30.7Hz  =>  123.5dB 1676W 123.8dB @  29.4Hz   3x100mm   150 mm 
                260.4l @  29.6Hz  =>  122.5dB 1336W 123.8dB @  27.8Hz   3x100mm   121 mm 
                291.7l @  28.5Hz  =>  121.5dB 1065W 123.8dB @  26.3Hz   3x100mm    94 mm 
                326.7l @  27.5Hz  =>  120.5dB  849W 123.8dB @  24.8Hz   3x100mm    70 mm 
                365.9l @  26.5Hz  =>  119.5dB  677W 123.8dB @  23.5Hz   3x100mm    49 mm 
                409.8l @  25.6Hz  =>  118.6dB  540W 123.8dB @  22.2Hz   3x100mm    30 mm 
                459.0l @  24.7Hz  =>  117.6dB  430W 123.8dB @  21.0Hz + 4x100mm    41 mm 
                514.0l @  23.8Hz  =>  116.6dB  343W 123.8dB @  19.8Hz + 4x100mm    21 mm 
                575.7l @  22.9Hz  =>  115.6dB  273W 123.8dB @  18.7Hz + 5x100mm    24 mm 
                644.8l @  22.1Hz  =>  114.6dB  218W 123.8dB @  17.7Hz + 6x100mm    21 mm 

0.60  93.3dB:   206.6l @  31.9Hz  =>  124.5dB 2300W 123.4dB @  31.2Hz   3x100mm   185 mm 
                231.4l @  30.7Hz  =>  123.5dB 1833W 123.4dB @  29.5Hz   3x100mm   151 mm 
                259.2l @  29.6Hz  =>  122.5dB 1461W 123.4dB @  27.9Hz   3x100mm   122 mm 
             *  290.3l @  28.6Hz  =>  121.6dB 1165W 123.4dB @  26.3Hz   3x100mm    95 mm 
                325.1l @  27.6Hz  =>  120.6dB  929W 123.4dB @  24.9Hz   3x100mm    71 mm 
                364.2l @  26.6Hz  =>  119.6dB  740W 123.4dB @  23.5Hz   3x100mm    50 mm 
                407.8l @  25.6Hz  =>  118.6dB  590W 123.4dB @  22.2Hz   3x100mm    31 mm 

1.00  93.0dB:   253.6l @  29.8Hz  =>  122.7dB 1644W 123.1dB @  28.2Hz   3x100mm   127 mm 
                284.1l @  28.8Hz  =>  121.7dB 1310W 123.1dB @  26.6Hz   3x100mm   100 mm 
                318.1l @  27.7Hz  =>  120.8dB 1045W 123.1dB @  25.2Hz   3x100mm    76 mm 
             *  356.3l @  26.8Hz  =>  119.8dB  833W 123.1dB @  23.8Hz   3x100mm    54 mm 
                399.1l @  25.8Hz  =>  118.8dB  664W 123.1dB @  22.5Hz   3x100mm    35 mm 
                447.0l @  24.9Hz  =>  117.8dB  529W 123.1dB @  21.2Hz + 4x100mm    46 mm 
                500.6l @  24.0Hz  =>  116.8dB  422W 123.1dB @  20.1Hz + 4x100mm    26 mm 

