-------------
8NMB420
            88.0dB           200W       1x70mm
   fu     fc      fo      SplMech  Vb1     Vb2       d         l        C
 19.5 Hz  53 Hz  146 Hz   91.0 dB   oo l +   6 l    1x70mm    611 mm  1603 µF
 20.0 Hz  54 Hz  147 Hz   91.4 dB  893 l +   6 l    1x70mm    590 mm  1552 µF
 21.0 Hz  56 Hz  149 Hz   92.3 dB  285 l +   6 l    1x70mm    549 mm  1454 µF
 22.0 Hz  58 Hz  152 Hz   93.1 dB  168 l +   6 l    1x70mm    513 mm  1367 µF
 23.0 Hz  59 Hz  154 Hz   93.9 dB  119 l +   6 l    1x70mm    480 mm  1288 µF
 24.0 Hz  61 Hz  156 Hz   94.6 dB   92 l +   6 l    1x70mm    450 mm  1217 µF
 25.0 Hz  63 Hz  158 Hz   95.3 dB   74 l +   6 l    1x70mm    423 mm  1153 µF
 26.0 Hz  65 Hz  160 Hz   96.0 dB   62 l +   6 l    1x70mm    399 mm  1094 µF
 27.0 Hz  66 Hz  162 Hz   96.6 dB   54 l +   6 l    1x70mm    377 mm  1040 µF
 28.0 Hz  68 Hz  164 Hz   97.3 dB   47 l +   6 l    1x70mm    356 mm   991 µF
 29.0 Hz  69 Hz  166 Hz   97.9 dB   42 l +   6 l    1x70mm    337 mm   946 µF
 30.0 Hz  71 Hz  168 Hz   98.5 dB   38 l +   6 l    1x70mm    320 mm   904 µF

-------------
21LW1400
            99.0dB          1400W      4x100mm
   fu     fc      fo      SplMech  Vb1     Vb2       d         l        C
  8.8 Hz  28 Hz   89 Hz   99.1 dB   oo l +  43 l  * 2x100mm  1283 mm  4226 µF
  9.0 Hz  28 Hz   90 Hz   99.5 dB 11147 l +  43 l  * 2x100mm  1283 mm  4085 µF
 10.0 Hz  31 Hz   93 Hz  101.4 dB 2020 l +  43 l  * 2x100mm  1283 mm  3550 µF
 11.0 Hz  33 Hz   96 Hz  103.0 dB 1094 l +  43 l  * 2x100mm  1283 mm  3126 µF
 12.0 Hz  35 Hz   99 Hz  104.5 dB  743 l +  43 l  * 2x100mm  1283 mm  2784 µF
 13.0 Hz  36 Hz  102 Hz  105.9 dB  559 l +  43 l  * 2x100mm  1283 mm  2502 µF
 14.0 Hz  38 Hz  104 Hz  107.2 dB  445 l +  43 l  * 2x100mm  1283 mm  2267 µF
 15.0 Hz  40 Hz  107 Hz  108.4 dB  369 l +  43 l  * 2x100mm  1283 mm  2067 µF
 16.0 Hz  42 Hz  109 Hz  109.5 dB  314 l +  43 l  * 2x100mm  1283 mm  1897 µF
 17.0 Hz  44 Hz  111 Hz  110.6 dB  272 l +  43 l  - 3x100mm   731 mm  1750 µF
 18.0 Hz  45 Hz  114 Hz  111.6 dB  240 l +  43 l  - 3x100mm   667 mm  1621 µF
 19.0 Hz  47 Hz  116 Hz  112.5 dB  214 l +  43 l  - 3x100mm   611 mm  1508 µF
 20.0 Hz  48 Hz  118 Hz  113.4 dB  192 l +  43 l    4x100mm   776 mm  1409 µF
 21.0 Hz  50 Hz  120 Hz  114.2 dB  175 l +  43 l    4x100mm   717 mm  1320 µF
 22.0 Hz  52 Hz  121 Hz  115.0 dB  160 l +  43 l    4x100mm   664 mm  1241 µF
 23.0 Hz  53 Hz  123 Hz  115.8 dB  147 l +  43 l    4x100mm   617 mm  1169 µF
 24.0 Hz  55 Hz  125 Hz  116.6 dB  136 l +  43 l    4x100mm   574 mm  1105 µF
 25.0 Hz  56 Hz  127 Hz  117.3 dB  127 l +  43 l    4x100mm   535 mm  1046 µF
 26.0 Hz  58 Hz  128 Hz  118.0 dB  118 l +  43 l    4x100mm   500 mm   993 µF
 27.0 Hz  59 Hz  130 Hz  118.6 dB  111 l +  43 l    4x100mm   467 mm   944 µF
 28.0 Hz  61 Hz  132 Hz  119.2 dB  104 l +  43 l    4x100mm   438 mm   899 µF
 29.0 Hz  62 Hz  133 Hz  119.8 dB   98 l +  43 l    4x100mm   410 mm   858 µF
 30.0 Hz  64 Hz  135 Hz  120.4 dB   93 l +  43 l    4x100mm   385 mm   820 µF

-------------
18TLW3000
            95.0dB          1800W      3x100mm
   fu     fc      fo      SplMech  Vb1     Vb2       d         l        C
 13.6 Hz  33 Hz   80 Hz  106.1 dB   oo l +  62 l  - 2x100mm   574 mm  2253 µF
 14.0 Hz  34 Hz   81 Hz  106.6 dB 4705 l +  62 l  - 2x100mm   548 mm  2168 µF
 15.0 Hz  35 Hz   83 Hz  107.8 dB 1327 l +  62 l    3x100mm   769 mm  1977 µF
 16.0 Hz  37 Hz   85 Hz  108.9 dB  765 l +  62 l    3x100mm   694 mm  1814 µF
 17.0 Hz  38 Hz   86 Hz  109.9 dB  534 l +  62 l    3x100mm   630 mm  1673 µF
 18.0 Hz  40 Hz   88 Hz  110.9 dB  408 l +  62 l    3x100mm   573 mm  1551 µF
 19.0 Hz  41 Hz   90 Hz  111.9 dB  329 l +  62 l    3x100mm   524 mm  1443 µF
 20.0 Hz  43 Hz   91 Hz  112.8 dB  275 l +  62 l    3x100mm   480 mm  1347 µF
 21.0 Hz  44 Hz   93 Hz  113.6 dB  236 l +  62 l    3x100mm   441 mm  1262 µF
 22.0 Hz  45 Hz   94 Hz  114.4 dB  206 l +  62 l    3x100mm   406 mm  1187 µF
 23.0 Hz  47 Hz   95 Hz  115.2 dB  182 l +  62 l    3x100mm   375 mm  1118 µF
 24.0 Hz  48 Hz   97 Hz  115.9 dB  163 l +  62 l    3x100mm   346 mm  1057 µF
 25.0 Hz  50 Hz   98 Hz  116.6 dB  148 l +  62 l    3x100mm   321 mm  1001 µF
 26.0 Hz  51 Hz   99 Hz  117.3 dB  135 l +  62 l    3x100mm   297 mm   950 µF
 27.0 Hz  52 Hz  101 Hz  118.0 dB  124 l +  62 l    3x100mm   276 mm   903 µF
 28.0 Hz  53 Hz  102 Hz  118.6 dB  114 l +  62 l    3x100mm   256 mm   860 µF
 29.0 Hz  55 Hz  103 Hz  119.2 dB  106 l +  62 l    3x100mm   238 mm   821 µF
 30.0 Hz  56 Hz  104 Hz  119.8 dB   99 l +  62 l    3x100mm   222 mm   785 µF

-------------
15ND930
            98.0dB           500W      2x100mm
   fu     fc      fo      SplMech  Vb1     Vb2       d         l        C
 10.9 Hz  36 Hz  119 Hz   94.9 dB   oo l +  20 l  * 1x70mm    388 mm  3210 µF
 11.0 Hz  36 Hz  120 Hz   95.1 dB 14370 l +  20 l  * 1x70mm    388 mm  3165 µF
 12.0 Hz  38 Hz  123 Hz   96.6 dB 1481 l +  20 l  - 1x100mm   715 mm  2818 µF
 13.0 Hz  41 Hz  126 Hz   98.0 dB  770 l +  20 l  - 1x100mm   634 mm  2533 µF
 14.0 Hz  43 Hz  130 Hz   99.3 dB  516 l +  20 l  - 1x100mm   567 mm  2295 µF
 15.0 Hz  45 Hz  133 Hz  100.5 dB  386 l +  20 l  - 1x100mm   510 mm  2093 µF
 16.0 Hz  47 Hz  135 Hz  101.6 dB  307 l +  20 l  - 1x100mm   462 mm  1921 µF
 17.0 Hz  48 Hz  138 Hz  102.7 dB  254 l +  20 l  - 1x100mm   420 mm  1771 µF
 18.0 Hz  50 Hz  141 Hz  103.7 dB  215 l +  20 l  - 1x100mm   383 mm  1641 µF
 19.0 Hz  52 Hz  143 Hz  104.6 dB  187 l +  20 l    2x100mm   744 mm  1527 µF
 20.0 Hz  54 Hz  146 Hz  105.5 dB  165 l +  20 l    2x100mm   687 mm  1426 µF
 21.0 Hz  56 Hz  148 Hz  106.4 dB  147 l +  20 l    2x100mm   637 mm  1336 µF
 22.0 Hz  58 Hz  151 Hz  107.2 dB  132 l +  20 l    2x100mm   591 mm  1256 µF
 23.0 Hz  59 Hz  153 Hz  107.9 dB  120 l +  20 l    2x100mm   551 mm  1184 µF
 24.0 Hz  61 Hz  155 Hz  108.7 dB  110 l +  20 l    2x100mm   514 mm  1118 µF
 25.0 Hz  63 Hz  157 Hz  109.4 dB  101 l +  20 l    2x100mm   481 mm  1059 µF
 26.0 Hz  64 Hz  159 Hz  110.1 dB   94 l +  20 l    2x100mm   451 mm  1005 µF
 27.0 Hz  66 Hz  161 Hz  110.7 dB   87 l +  20 l    2x100mm   423 mm   956 µF
 28.0 Hz  68 Hz  163 Hz  111.4 dB   82 l +  20 l    2x100mm   398 mm   911 µF
 29.0 Hz  69 Hz  165 Hz  112.0 dB   76 l +  20 l    2x100mm   374 mm   869 µF
 30.0 Hz  71 Hz  167 Hz  112.6 dB   72 l +  20 l    2x100mm   353 mm   831 µF

