-------------
S21 L1000
            98.0dB          1000W      4x100mm
   fu     fb      fo      SplMech  Vb1     Vb2       d         l        C
 18.2Hz  38Hz   79Hz  104.3dB -3563l +  79l  * 2x100mm  4093mm
 20.0Hz  40Hz   81Hz  105.9dB 3025l +  79l  * 2x100mm  3648mm
 21.9Hz  43Hz   83Hz  107.5dB  983l +  79l  * 2x100mm  3251mm
 24.0Hz  45Hz   85Hz  109.1dB  560l +  79l  * 2x100mm  2898mm
 26.3Hz  48Hz   87Hz  110.6dB  377l +  79l  * 2x100mm  2582mm
 28.7Hz  51Hz   89Hz  112.1dB  276l +  79l  * 2x100mm  2302mm
 31.3Hz  54Hz   92Hz  113.6dB  213l +  79l  * 2x100mm  2051mm
 34.0Hz  57Hz   95Hz  115.1dB  169l +  79l  * 2x100mm  1829mm
 37.0Hz  60Hz   98Hz  116.6dB  137l +  79l  * 2x100mm  1629mm
 40.2Hz  64Hz  101Hz  118.0dB  113l +  79l  * 2x100mm  1452mm
 43.7Hz  67Hz  104Hz  119.4dB   95l +  79l  * 2x100mm  1295mm
 47.3Hz  71Hz  108Hz  120.8dB   80l +  79l  * 2x100mm  1154mm
 51.2Hz  74Hz  112Hz  122.2dB   73l +  79l  * 2x100mm  1080mm
 55.4Hz  80Hz  116Hz  123.6dB   59l +  79l  * 2x100mm   916mm
 59.9Hz  85Hz  121Hz  124.9dB   50l +  79l  * 2x100mm   817mm
 64.6Hz  90Hz  125Hz  126.3dB   44l +  79l  * 2x100mm   728mm
 69.7Hz  95Hz  130Hz  127.6dB   38l +  79l  * 2x100mm   649mm
 18.2Hz  44Hz   79Hz  104.3dB  654l +  58l  * 2x100mm  4093mm
 20.0Hz  47Hz   81Hz  105.9dB  423l +  58l  * 2x100mm  3647mm
 21.9Hz  50Hz   83Hz  107.5dB  303l +  58l  * 2x100mm  3251mm
 24.0Hz  53Hz   85Hz  109.1dB  230l +  58l  * 2x100mm  2898mm
 26.3Hz  56Hz   87Hz  110.6dB  181l +  58l  * 2x100mm  2583mm
 28.7Hz  59Hz   89Hz  112.1dB  146l +  58l  * 2x100mm  2302mm
 31.3Hz  63Hz   92Hz  113.6dB  120l +  58l  * 2x100mm  2051mm
 34.0Hz  66Hz   95Hz  115.1dB  100l +  58l  * 2x100mm  1828mm
 37.0Hz  70Hz   98Hz  116.6dB   84l +  58l  * 2x100mm  1630mm
 40.2Hz  74Hz  101Hz  118.0dB   72l +  58l  * 2x100mm  1452mm
 43.7Hz  79Hz  104Hz  119.4dB   61l +  58l  * 2x100mm  1294mm
 47.3Hz  71Hz  108Hz  120.8dB   80l +  58l  * 2x100mm  1570mm
 51.2Hz  74Hz  112Hz  122.2dB   73l +  58l  * 2x100mm  1471mm
 55.4Hz  80Hz  116Hz  123.6dB   59l +  58l  * 2x100mm  1247mm
 51.5Hz  85Hz  121Hz  122.3dB   50l +  58l  * 2x100mm  1112mm
 56.2Hz  90Hz  125Hz  123.8dB   44l +  58l  * 2x100mm   991mm
 69.7Hz  95Hz  130Hz  127.6dB   38l +  58l  * 2x100mm   883mm
 21.9Hz  53Hz  129Hz  107.5dB  221l +  41l  * 2x100mm  4093mm
 24.1Hz  56Hz  131Hz  109.1dB  175l +  41l  * 2x100mm  3649mm
 26.6Hz  60Hz  134Hz  110.8dB  141l +  41l  * 2x100mm  3252mm
 29.3Hz  63Hz  136Hz  112.5dB  117l +  41l  * 2x100mm  2898mm
 32.1Hz  67Hz  139Hz  114.1dB   97l +  41l  * 2x100mm  2583mm
 35.3Hz  71Hz  142Hz  115.7dB   82l +  41l  * 2x100mm  2302mm
 38.7Hz  75Hz  146Hz  117.3dB   70l +  41l  * 2x100mm  2051mm
 42.3Hz  79Hz  149Hz  118.9dB   60l +  41l  * 2x100mm  1828mm
 46.3Hz  84Hz  153Hz  120.4dB   52l +  41l  * 2x100mm  1630mm
 50.5Hz  89Hz  158Hz  122.0dB   45l +  41l  * 2x100mm  1452mm
 55.1Hz  94Hz  162Hz  123.5dB   39l +  41l  * 2x100mm  1294mm
 60.0Hz 100Hz  167Hz  125.0dB   34l +  41l  * 2x100mm  1154mm
 65.2Hz 106Hz  172Hz  126.4dB   30l +  41l  * 2x100mm  1028mm
 70.9Hz 112Hz  178Hz  127.9dB   26l +  41l  * 2x100mm   916mm
 76.9Hz 119Hz  184Hz  129.3dB   23l +  41l  * 2x100mm   817mm
 83.4Hz 126Hz  190Hz  130.7dB   20l +  41l  * 2x100mm   728mm
 90.3Hz 133Hz  197Hz  132.1dB   18l +  41l  * 2x100mm   649mm
-------------
S18I1000
            98.0dB          1000W      3x100mm
   fu     fb      fo      SplMech  Vb1     Vb2       d         l        C
 29.7Hz  62Hz  128Hz  116.1dB  103l +  28l  * 1x100mm  2216mm
 32.6Hz  65Hz  131Hz  117.7dB   88l +  28l  * 1x100mm  1975mm
 35.7Hz  69Hz  134Hz  119.3dB   75l +  28l  * 1x100mm  1760mm
 39.1Hz  73Hz  138Hz  120.8dB   64l +  28l  * 1x100mm  1569mm
 42.7Hz  78Hz  141Hz  122.4dB   55l +  28l  * 1x100mm  1398mm
 46.6Hz  82Hz  145Hz  123.9dB   48l +  28l  * 1x100mm  1246mm
 50.8Hz  87Hz  150Hz  125.4dB   42l +  28l  * 1x100mm  1111mm
 55.4Hz  92Hz  154Hz  126.9dB   37l +  28l  * 1x100mm   990mm
 60.2Hz  98Hz  159Hz  128.4dB   32l +  28l  * 1x100mm   882mm
 65.4Hz 104Hz  164Hz  129.8dB   28l +  28l  * 1x100mm   786mm
 71.0Hz 110Hz  170Hz  131.2dB   25l +  28l  * 1x100mm   701mm
 76.9Hz 116Hz  176Hz  132.6dB   22l +  28l  * 1x100mm   625mm
 83.3Hz 120Hz  182Hz  134.0dB   20l +  28l  * 1x100mm   585mm
 90.1Hz 130Hz  189Hz  135.4dB   17l +  28l  * 1x100mm   496mm
 97.4Hz 138Hz  196Hz  136.7dB   15l +  28l  * 1x100mm   442mm
105.1Hz 146Hz  204Hz  138.0dB   13l +  28l  - 2x100mm   784mm
113.3Hz 155Hz  212Hz  139.3dB   12l +  28l  - 2x100mm   698mm
 29.7Hz  72Hz  128Hz  116.1dB   67l +  21l  * 1x100mm  2216mm
 32.6Hz  76Hz  131Hz  117.7dB   58l +  21l  * 1x100mm  1975mm
 35.7Hz  81Hz  134Hz  119.3dB   50l +  21l  * 1x100mm  1760mm
 39.1Hz  86Hz  138Hz  120.8dB   44l +  21l  * 1x100mm  1569mm
 42.7Hz  91Hz  141Hz  122.4dB   38l +  21l  * 1x100mm  1399mm
 46.6Hz  96Hz  145Hz  123.9dB   33l +  21l  * 1x100mm  1246mm
 50.8Hz 102Hz  150Hz  125.4dB   29l +  21l  * 1x100mm  1111mm
 55.4Hz 108Hz  154Hz  126.9dB   26l +  21l  * 1x100mm   990mm
 60.2Hz 114Hz  159Hz  128.4dB   23l +  21l  * 1x100mm   882mm
 65.4Hz 121Hz  164Hz  129.8dB   20l +  21l  * 1x100mm   786mm
 71.0Hz 128Hz  170Hz  131.2dB   18l +  21l  * 1x100mm   701mm
 76.9Hz 116Hz  176Hz  132.6dB   22l +  21l  * 1x100mm   850mm
 83.3Hz 120Hz  182Hz  134.0dB   20l +  21l  * 1x100mm   796mm
 90.1Hz 130Hz  189Hz  135.4dB   17l +  21l  * 1x100mm   675mm
 83.7Hz 138Hz  196Hz  134.1dB   15l +  21l  * 1x100mm   602mm
 91.4Hz 146Hz  204Hz  135.6dB   13l +  21l  * 1x100mm   536mm
113.3Hz 155Hz  212Hz  139.3dB   12l +  21l  * 1x100mm   478mm
 35.6Hz  86Hz  210Hz  119.2dB   43l +  14l  * 1x100mm  2216mm
 39.3Hz  92Hz  213Hz  120.9dB   37l +  14l  * 1x100mm  1975mm
 43.2Hz  97Hz  217Hz  122.6dB   33l +  14l  * 1x100mm  1761mm
 47.6Hz 103Hz  222Hz  124.3dB   29l +  14l  * 1x100mm  1569mm
 52.3Hz 109Hz  226Hz  125.9dB   25l +  14l  * 1x100mm  1398mm
 57.4Hz 115Hz  231Hz  127.5dB   22l +  14l  * 1x100mm  1246mm
 62.9Hz 122Hz  237Hz  129.1dB   20l +  14l  * 1x100mm  1111mm
 68.8Hz 129Hz  243Hz  130.7dB   17l +  14l  * 1x100mm   990mm
 75.2Hz 137Hz  249Hz  132.2dB   15l +  14l  * 1x100mm   882mm
 82.1Hz 145Hz  256Hz  133.8dB   13l +  14l  * 1x100mm   786mm
 89.6Hz 154Hz  264Hz  135.3dB   12l +  14l  * 1x100mm   701mm
 97.5Hz 163Hz  272Hz  136.7dB   11l +  14l  * 1x100mm   625mm
106.1Hz 172Hz  280Hz  138.2dB    9l +  14l  * 1x100mm   557mm
115.3Hz 183Hz  289Hz  139.6dB    8l +  14l  * 1x100mm   496mm
125.1Hz 193Hz  299Hz  141.1dB    7l +  14l  * 1x100mm   442mm
135.6Hz 205Hz  310Hz  142.5dB    7l +  14l  - 2x100mm   784mm
146.8Hz 217Hz  321Hz  143.8dB    6l +  14l  - 2x100mm   698mm
-------------
R1830
            97.0dB           350W      3x100mm
   fu     fb      fo      SplMech  Vb1     Vb2       d         l        C
 12.4Hz  26Hz   54Hz  100.2dB -632l + 182l  * 1x100mm  1955mm
 13.6Hz  27Hz   55Hz  101.8dB -761l + 182l  * 1x100mm  1742mm
 14.9Hz  29Hz   56Hz  103.4dB -986l + 182l  * 1x100mm  1553mm
 16.3Hz  31Hz   57Hz  105.0dB -1475l + 182l  * 1x100mm  1384mm
 17.8Hz  32Hz   59Hz  106.5dB -3340l + 182l  * 1x100mm  1233mm
 19.5Hz  34Hz   61Hz  108.1dB 8051l + 182l  * 1x100mm  1099mm
 21.2Hz  36Hz   62Hz  109.6dB 1668l + 182l  * 1x100mm   980mm
 23.1Hz  39Hz   64Hz  111.0dB  883l + 182l  * 1x100mm   873mm
 25.1Hz  41Hz   66Hz  112.5dB  577l + 182l  * 1x100mm   778mm
 27.3Hz  43Hz   68Hz  113.9dB  416l + 182l  * 1x100mm   694mm
 29.6Hz  46Hz   71Hz  115.4dB  317l + 182l  * 1x100mm   618mm
 32.1Hz  49Hz   73Hz  116.8dB  250l + 182l  * 1x100mm   551mm
 34.8Hz  50Hz   76Hz  118.1dB  221l + 182l  * 1x100mm   516mm
 37.6Hz  54Hz   79Hz  119.5dB  166l + 182l  * 1x100mm   438mm
 40.6Hz  58Hz   82Hz  120.9dB  139l + 182l  - 2x100mm   775mm
 43.9Hz  61Hz   85Hz  122.2dB  117l + 182l  - 2x100mm   691mm
 47.3Hz  65Hz   88Hz  123.5dB   99l + 182l  - 2x100mm   616mm
 12.4Hz  30Hz   54Hz  100.2dB -1266l + 133l  * 1x100mm  1955mm
 13.6Hz  32Hz   55Hz  101.8dB -2350l + 133l  * 1x100mm  1742mm
 14.9Hz  34Hz   56Hz  103.4dB -58272l + 133l  * 1x100mm  1553mm
 16.3Hz  36Hz   57Hz  105.0dB 2271l + 133l  * 1x100mm  1384mm
 17.8Hz  38Hz   59Hz  106.5dB 1048l + 133l  * 1x100mm  1234mm
 19.5Hz  40Hz   61Hz  108.1dB  653l + 133l  * 1x100mm  1099mm
 21.2Hz  42Hz   62Hz  109.6dB  459l + 133l  * 1x100mm   980mm
 23.1Hz  45Hz   64Hz  111.0dB  344l + 133l  * 1x100mm   873mm
 25.1Hz  48Hz   66Hz  112.5dB  269l + 133l  * 1x100mm   778mm
 27.3Hz  50Hz   68Hz  113.9dB  216l + 133l  * 1x100mm   694mm
 29.6Hz  53Hz   71Hz  115.4dB  177l + 133l  * 1x100mm   618mm
 32.1Hz  49Hz   73Hz  116.8dB  250l + 133l  * 1x100mm   750mm
 34.8Hz  50Hz   76Hz  118.1dB  221l + 133l  * 1x100mm   702mm
 37.6Hz  54Hz   79Hz  119.5dB  166l + 133l  * 1x100mm   596mm
 34.9Hz  58Hz   82Hz  118.2dB  139l + 133l  * 1x100mm   531mm
 38.2Hz  61Hz   85Hz  119.8dB  117l + 133l  * 1x100mm   473mm
 47.3Hz  65Hz   88Hz  123.5dB   99l + 133l  * 1x100mm   422mm
 14.9Hz  36Hz   88Hz  103.4dB 1912l +  93l  * 1x100mm  1955mm
 16.4Hz  38Hz   89Hz  105.1dB  956l +  93l  * 1x100mm  1743mm
 18.1Hz  40Hz   91Hz  106.8dB  612l +  93l  * 1x100mm  1553mm
 19.9Hz  43Hz   93Hz  108.4dB  436l +  93l  * 1x100mm  1384mm
 21.8Hz  45Hz   94Hz  110.0dB  330l +  93l  * 1x100mm  1234mm
 23.9Hz  48Hz   97Hz  111.7dB  259l +  93l  * 1x100mm  1099mm
 26.2Hz  51Hz   99Hz  113.3dB  208l +  93l  * 1x100mm   980mm
 28.7Hz  54Hz  101Hz  114.8dB  171l +  93l  * 1x100mm   873mm
 31.4Hz  57Hz  104Hz  116.4dB  142l +  93l  * 1x100mm   778mm
 34.3Hz  61Hz  107Hz  117.9dB  120l +  93l  * 1x100mm   694mm
 37.4Hz  64Hz  110Hz  119.4dB  102l +  93l  * 1x100mm   618mm
 40.7Hz  68Hz  113Hz  120.9dB   87l +  93l  * 1x100mm   551mm
 44.3Hz  72Hz  117Hz  122.3dB   75l +  93l  * 1x100mm   491mm
 48.1Hz  76Hz  121Hz  123.8dB   65l +  93l  * 1x100mm   438mm
 52.2Hz  81Hz  125Hz  125.2dB   56l +  93l  - 2x100mm   776mm
 56.6Hz  86Hz  129Hz  126.6dB   49l +  93l  - 2x100mm   691mm
 61.3Hz  91Hz  134Hz  128.0dB   43l +  93l  - 2x100mm   616mm
-------------
R1840
            97.0dB           450W      3x100mm
   fu     fb      fo      SplMech  Vb1     Vb2       d         l        C
 15.7Hz  33Hz   68Hz  105.5dB  956l +  92l  * 1x100mm  2422mm
 17.2Hz  35Hz   69Hz  107.1dB  634l +  92l  * 1x100mm  2158mm
 18.8Hz  37Hz   71Hz  108.7dB  461l +  92l  * 1x100mm  1923mm
 20.6Hz  39Hz   73Hz  110.3dB  352l +  92l  * 1x100mm  1715mm
 22.5Hz  41Hz   75Hz  111.8dB  279l +  92l  * 1x100mm  1528mm
 24.6Hz  43Hz   77Hz  113.3dB  226l +  92l  * 1x100mm  1362mm
 26.8Hz  46Hz   79Hz  114.9dB  186l +  92l  * 1x100mm  1214mm
 29.2Hz  49Hz   81Hz  116.3dB  156l +  92l  * 1x100mm  1082mm
 31.8Hz  52Hz   84Hz  117.8dB  131l +  92l  * 1x100mm   964mm
 34.5Hz  55Hz   87Hz  119.2dB  112l +  92l  * 1x100mm   859mm
 37.5Hz  58Hz   90Hz  120.7dB   96l +  92l  * 1x100mm   766mm
 40.6Hz  61Hz   93Hz  122.1dB   83l +  92l  * 1x100mm   683mm
 44.0Hz  63Hz   96Hz  123.4dB   76l +  92l  * 1x100mm   639mm
 47.6Hz  69Hz  100Hz  124.8dB   62l +  92l  * 1x100mm   542mm
 51.4Hz  73Hz  104Hz  126.1dB   54l +  92l  * 1x100mm   483mm
 55.5Hz  77Hz  108Hz  127.5dB   47l +  92l  * 1x100mm   431mm
 59.9Hz  82Hz  112Hz  128.8dB   41l +  92l  - 2x100mm   763mm
 15.7Hz  38Hz   68Hz  105.5dB  382l +  67l  * 1x100mm  2422mm
 17.2Hz  40Hz   69Hz  107.1dB  300l +  67l  * 1x100mm  2158mm
 18.8Hz  43Hz   71Hz  108.7dB  241l +  67l  * 1x100mm  1923mm
 20.6Hz  45Hz   73Hz  110.3dB  198l +  67l  * 1x100mm  1715mm
 22.5Hz  48Hz   75Hz  111.8dB  165l +  67l  * 1x100mm  1528mm
 24.6Hz  51Hz   77Hz  113.3dB  139l +  67l  * 1x100mm  1362mm
 26.8Hz  54Hz   79Hz  114.9dB  118l +  67l  * 1x100mm  1214mm
 29.2Hz  57Hz   81Hz  116.3dB  101l +  67l  * 1x100mm  1082mm
 31.8Hz  60Hz   84Hz  117.8dB   87l +  67l  * 1x100mm   964mm
 34.5Hz  64Hz   87Hz  119.2dB   75l +  67l  * 1x100mm   859mm
 37.5Hz  68Hz   90Hz  120.7dB   65l +  67l  * 1x100mm   766mm
 40.6Hz  61Hz   93Hz  122.1dB   83l +  67l  * 1x100mm   929mm
 44.0Hz  63Hz   96Hz  123.4dB   76l +  67l  * 1x100mm   870mm
 47.6Hz  69Hz  100Hz  124.8dB   62l +  67l  * 1x100mm   738mm
 44.2Hz  73Hz  104Hz  123.5dB   54l +  67l  * 1x100mm   658mm
 48.3Hz  77Hz  108Hz  125.0dB   47l +  67l  * 1x100mm   586mm
 59.9Hz  82Hz  112Hz  128.8dB   41l +  67l  * 1x100mm   522mm
 18.8Hz  46Hz  111Hz  108.7dB  192l +  47l  * 1x100mm  2421mm
 20.7Hz  48Hz  113Hz  110.4dB  160l +  47l  * 1x100mm  2159mm
 22.8Hz  51Hz  115Hz  112.0dB  135l +  47l  * 1x100mm  1924mm
 25.1Hz  54Hz  117Hz  113.7dB  115l +  47l  * 1x100mm  1714mm
 27.6Hz  57Hz  120Hz  115.3dB   98l +  47l  * 1x100mm  1528mm
 30.3Hz  61Hz  122Hz  117.0dB   84l +  47l  * 1x100mm  1362mm
 33.2Hz  64Hz  125Hz  118.5dB   73l +  47l  * 1x100mm  1214mm
 36.3Hz  68Hz  128Hz  120.1dB   63l +  47l  * 1x100mm  1082mm
 39.7Hz  72Hz  132Hz  121.7dB   55l +  47l  * 1x100mm   964mm
 43.4Hz  77Hz  135Hz  123.2dB   48l +  47l  * 1x100mm   859mm
 47.3Hz  81Hz  139Hz  124.7dB   42l +  47l  * 1x100mm   766mm
 51.5Hz  86Hz  143Hz  126.2dB   37l +  47l  * 1x100mm   683mm
 56.0Hz  91Hz  148Hz  127.6dB   33l +  47l  * 1x100mm   608mm
 60.9Hz  96Hz  153Hz  129.1dB   29l +  47l  * 1x100mm   542mm
 66.0Hz 102Hz  158Hz  130.5dB   25l +  47l  * 1x100mm   483mm
 71.6Hz 108Hz  164Hz  131.9dB   22l +  47l  * 1x100mm   431mm
 77.5Hz 115Hz  169Hz  133.3dB   20l +  47l  - 2x100mm   763mm
-------------
V8202
            94.5dB           150W       1x70mm
   fu     fb      fo      SplMech  Vb1     Vb2       d         l        C
 24.3Hz  51Hz  105Hz   89.2dB  -32l +  11l  * 1x40mm   1360mm
 26.7Hz  54Hz  108Hz   90.8dB  -38l +  11l  * 1x40mm   1212mm
 29.2Hz  57Hz  110Hz   92.4dB  -47l +  11l  * 1x40mm   1080mm
 32.0Hz  60Hz  113Hz   93.9dB  -64l +  11l  * 1x40mm    963mm
 35.0Hz  64Hz  116Hz   95.5dB -106l +  11l  * 1x40mm    858mm
 38.2Hz  67Hz  119Hz   97.0dB -433l +  11l  * 1x40mm    765mm
 41.6Hz  71Hz  122Hz   98.5dB  177l +  11l  * 1x40mm    681mm
 45.4Hz  76Hz  126Hz  100.0dB   69l +  11l  * 1x40mm    607mm
 49.3Hz  80Hz  130Hz  101.5dB   41l +  11l  * 1x40mm    541mm
 53.6Hz  85Hz  134Hz  102.9dB   28l +  11l  - 1x50mm    754mm
 58.2Hz  90Hz  139Hz  104.3dB   21l +  11l  - 1x50mm    672mm
 63.0Hz  95Hz  144Hz  105.7dB   16l +  11l  - 1x50mm    599mm
 68.2Hz  98Hz  149Hz  107.1dB   14l +  11l  - 1x50mm    561mm
 73.8Hz 107Hz  155Hz  108.5dB   10l +  11l  - 1x50mm    476mm
 79.8Hz 113Hz  161Hz  109.8dB    9l +  11l  - 1x50mm    424mm
 86.1Hz 120Hz  167Hz  111.1dB    7l +  11l    1x70mm    741mm
 92.8Hz 127Hz  174Hz  112.4dB    6l +  11l    1x70mm    660mm
 24.3Hz  59Hz  105Hz   89.2dB  -57l +   8l  * 1x40mm   1360mm
 26.7Hz  62Hz  108Hz   90.8dB  -87l +   8l  * 1x40mm   1212mm
 29.2Hz  66Hz  110Hz   92.4dB -214l +   8l  * 1x40mm   1080mm
 32.0Hz  70Hz  113Hz   93.9dB  335l +   8l  * 1x40mm    963mm
 35.0Hz  74Hz  116Hz   95.5dB   86l +   8l  * 1x40mm    858mm
 38.2Hz  79Hz  119Hz   97.0dB   47l +   8l  * 1x40mm    764mm
 41.6Hz  83Hz  122Hz   98.5dB   31l +   8l  * 1x40mm    681mm
 45.4Hz  88Hz  126Hz  100.0dB   23l +   8l  * 1x40mm    607mm
 49.3Hz  93Hz  130Hz  101.5dB   17l +   8l  * 1x40mm    541mm
 53.6Hz  99Hz  134Hz  102.9dB   14l +   8l  - 1x50mm    754mm
 58.2Hz 105Hz  139Hz  104.3dB   11l +   8l  - 1x50mm    672mm
 63.0Hz  95Hz  144Hz  105.7dB   16l +   8l  * 1x40mm    522mm
 68.2Hz  98Hz  149Hz  107.1dB   14l +   8l  - 1x50mm    763mm
 73.8Hz 107Hz  155Hz  108.5dB   10l +   8l  - 1x50mm    647mm
 68.6Hz 113Hz  161Hz  107.2dB    9l +   8l  - 1x50mm    577mm
 74.9Hz 120Hz  167Hz  108.7dB    7l +   8l  - 1x50mm    514mm
 92.8Hz 127Hz  174Hz  112.4dB    6l +   8l  - 1x50mm    458mm
 29.2Hz  71Hz  172Hz   92.3dB  229l +   6l  * 1x40mm   1359mm
 32.2Hz  75Hz  175Hz   94.0dB   76l +   6l  * 1x40mm   1212mm
 35.4Hz  79Hz  178Hz   95.7dB   44l +   6l  * 1x40mm   1080mm
 39.0Hz  84Hz  182Hz   97.4dB   29l +   6l  * 1x40mm    963mm
 42.8Hz  89Hz  185Hz   99.0dB   22l +   6l  * 1x40mm    858mm
 47.0Hz  94Hz  190Hz  100.6dB   17l +   6l  * 1x40mm    765mm
 51.5Hz 100Hz  194Hz  102.2dB   13l +   6l  * 1x40mm    681mm
 56.4Hz 106Hz  199Hz  103.8dB   11l +   6l  * 1x40mm    607mm
 61.6Hz 112Hz  204Hz  105.3dB    9l +   6l  * 1x40mm    541mm
 67.3Hz 119Hz  210Hz  106.8dB    7l +   6l  - 1x50mm    754mm
 73.4Hz 126Hz  216Hz  108.4dB    6l +   6l  - 1x50mm    672mm
 79.9Hz 133Hz  222Hz  109.8dB    5l +   6l  - 1x50mm    599mm
 86.9Hz 141Hz  229Hz  111.3dB    5l +   6l  - 1x50mm    534mm
 94.4Hz 150Hz  237Hz  112.7dB    4l +   6l  - 1x50mm    476mm
102.5Hz 158Hz  245Hz  114.2dB    3l +   6l  - 1x50mm    424mm
111.1Hz 168Hz  254Hz  115.6dB    3l +   6l    1x70mm    740mm
120.3Hz 178Hz  263Hz  116.9dB    3l +   6l    1x70mm    660mm
-------------
10204
            96.0dB           150W      1x100mm
   fu     fb      fo      SplMech  Vb1     Vb2       d         l        C
 22.5Hz  47Hz   97Hz   92.0dB -111l +  21l  * 1x50mm   1308mm
 24.7Hz  50Hz   99Hz   93.6dB -151l +  21l  * 1x50mm   1166mm
 27.0Hz  52Hz  102Hz   95.2dB -251l +  21l  * 1x50mm   1039mm
 29.6Hz  56Hz  104Hz   96.8dB -975l +  21l  * 1x50mm    926mm
 32.3Hz  59Hz  107Hz   98.3dB  432l +  21l  * 1x50mm    825mm
 35.3Hz  62Hz  110Hz   99.9dB  165l +  21l  * 1x50mm    736mm
 38.5Hz  66Hz  113Hz  101.4dB   98l +  21l  * 1x50mm    656mm
 41.9Hz  70Hz  117Hz  102.9dB   67l +  21l  * 1x50mm    584mm
 45.6Hz  74Hz  120Hz  104.3dB   49l +  21l  * 1x50mm    521mm
 49.6Hz  78Hz  124Hz  105.8dB   38l +  21l  * 1x50mm    464mm
 53.8Hz  83Hz  129Hz  107.2dB   30l +  21l  * 1x50mm    414mm
 58.3Hz  88Hz  133Hz  108.6dB   25l +  21l  - 1x70mm    723mm
 63.1Hz  91Hz  138Hz  110.0dB   22l +  21l  - 1x70mm    677mm
 68.3Hz  99Hz  143Hz  111.3dB   17l +  21l  - 1x70mm    574mm
 73.8Hz 105Hz  149Hz  112.7dB   15l +  21l  - 1x70mm    512mm
 79.6Hz 111Hz  154Hz  114.0dB   12l +  21l  - 1x70mm    456mm
 85.9Hz 117Hz  161Hz  115.3dB   11l +  21l  - 1x70mm    406mm
 22.5Hz  55Hz   97Hz   92.0dB -496l +  15l  * 1x50mm   1308mm
 24.7Hz  58Hz   99Hz   93.6dB  834l +  15l  * 1x50mm   1166mm
 27.0Hz  61Hz  102Hz   95.2dB  208l +  15l  * 1x50mm   1039mm
 29.6Hz  65Hz  104Hz   96.8dB  113l +  15l  * 1x50mm    926mm
 32.3Hz  69Hz  107Hz   98.3dB   75l +  15l  * 1x50mm    826mm
 35.3Hz  73Hz  110Hz   99.9dB   54l +  15l  * 1x50mm    736mm
 38.5Hz  77Hz  113Hz  101.4dB   41l +  15l  * 1x50mm    656mm
 41.9Hz  82Hz  117Hz  102.9dB   33l +  15l  * 1x50mm    584mm
 45.6Hz  86Hz  120Hz  104.3dB   26l +  15l  * 1x50mm    521mm
 49.6Hz  92Hz  124Hz  105.8dB   22l +  15l  * 1x50mm    464mm
 53.8Hz  97Hz  129Hz  107.2dB   18l +  15l  * 1x50mm    414mm
 58.3Hz  88Hz  133Hz  108.6dB   25l +  15l  * 1x50mm    502mm
 63.1Hz  91Hz  138Hz  110.0dB   22l +  15l  * 1x50mm    470mm
 68.3Hz  99Hz  143Hz  111.3dB   17l +  15l  - 1x70mm    781mm
 63.4Hz 105Hz  149Hz  110.0dB   15l +  15l  - 1x70mm    696mm
 69.2Hz 111Hz  154Hz  111.6dB   12l +  15l  - 1x70mm    621mm
 85.9Hz 117Hz  161Hz  115.3dB   11l +  15l  - 1x70mm    553mm
 27.0Hz  65Hz  159Hz   95.2dB  105l +  11l  * 1x50mm   1308mm
 29.7Hz  69Hz  162Hz   96.9dB   71l +  11l  * 1x50mm   1166mm
 32.8Hz  73Hz  165Hz   98.6dB   52l +  11l  * 1x50mm   1039mm
 36.0Hz  78Hz  168Hz  100.2dB   40l +  11l  * 1x50mm    926mm
 39.6Hz  82Hz  171Hz  101.9dB   32l +  11l  * 1x50mm    826mm
 43.5Hz  87Hz  175Hz  103.5dB   26l +  11l  * 1x50mm    736mm
 47.6Hz  92Hz  179Hz  105.1dB   21l +  11l  * 1x50mm    656mm
 52.1Hz  98Hz  184Hz  106.6dB   18l +  11l  * 1x50mm    584mm
 57.0Hz 104Hz  189Hz  108.2dB   15l +  11l  * 1x50mm    521mm
 62.2Hz 110Hz  194Hz  109.7dB   13l +  11l  * 1x50mm    464mm
 67.8Hz 116Hz  200Hz  111.2dB   11l +  11l  * 1x50mm    414mm
 73.9Hz 123Hz  206Hz  112.7dB    9l +  11l  - 1x70mm    723mm
 80.4Hz 131Hz  212Hz  114.2dB    8l +  11l  - 1x70mm    644mm
 87.3Hz 138Hz  219Hz  115.6dB    7l +  11l  - 1x70mm    574mm
 94.8Hz 147Hz  227Hz  117.0dB    6l +  11l  - 1x70mm    512mm
102.7Hz 155Hz  235Hz  118.4dB    5l +  11l  - 1x70mm    456mm
111.2Hz 164Hz  243Hz  119.8dB    5l +  11l  - 1x70mm    406mm
-------------
R1524
            96.5dB           230W      2x100mm
   fu     fb      fo      SplMech  Vb1     Vb2       d         l        C
 14.0Hz  29Hz   61Hz   91.4dB -263l + 139l  * 1x70mm    981mm
 15.3Hz  31Hz   62Hz   93.1dB -289l + 139l  * 1x70mm    874mm
 16.8Hz  33Hz   63Hz   94.7dB -326l + 139l  * 1x70mm    779mm
 18.4Hz  35Hz   65Hz   96.2dB -381l + 139l  * 1x70mm    694mm
 20.1Hz  37Hz   67Hz   97.8dB -469l + 139l  * 1x70mm    619mm
 22.0Hz  39Hz   68Hz   99.3dB -634l + 139l  * 1x70mm    552mm
 24.0Hz  41Hz   70Hz  100.8dB -1045l + 139l  * 1x70mm    492mm
 26.1Hz  44Hz   73Hz  102.3dB -3843l + 139l  * 1x70mm    438mm
 28.4Hz  46Hz   75Hz  103.7dB 1914l + 139l  - 1x100mm   797mm
 30.8Hz  49Hz   77Hz  105.2dB  715l + 139l  - 1x100mm   710mm
 33.5Hz  52Hz   80Hz  106.6dB  420l + 139l  - 1x100mm   633mm
 36.3Hz  55Hz   83Hz  108.0dB  287l + 139l  - 1x100mm   564mm
 39.3Hz  57Hz   86Hz  109.4dB  240l + 139l  - 1x100mm   528mm
 42.5Hz  61Hz   89Hz  110.7dB  163l + 139l  - 1x100mm   448mm
 45.9Hz  65Hz   92Hz  112.1dB  130l + 139l    2x100mm   794mm
 49.5Hz  69Hz   96Hz  113.4dB  106l + 139l    2x100mm   708mm
 53.4Hz  73Hz  100Hz  114.7dB   88l + 139l    2x100mm   631mm
 14.0Hz  34Hz   61Hz   91.4dB -361l + 102l  * 1x70mm    981mm
 15.3Hz  36Hz   62Hz   93.1dB -436l + 102l  * 1x70mm    874mm
 16.8Hz  38Hz   63Hz   94.7dB -568l + 102l  * 1x70mm    779mm
 18.4Hz  40Hz   65Hz   96.2dB -859l + 102l  * 1x70mm    694mm
 20.1Hz  43Hz   67Hz   97.8dB -2026l + 102l  * 1x70mm    619mm
 22.0Hz  45Hz   68Hz   99.3dB 3830l + 102l  * 1x70mm    551mm
 24.0Hz  48Hz   70Hz  100.8dB  905l + 102l  * 1x70mm    492mm
 26.1Hz  51Hz   73Hz  102.3dB  487l + 102l  * 1x70mm    438mm
 28.4Hz  54Hz   75Hz  103.7dB  321l + 102l  - 1x100mm   797mm
 30.8Hz  57Hz   77Hz  105.2dB  232l + 102l  - 1x100mm   710mm
 33.5Hz  60Hz   80Hz  106.6dB  177l + 102l  - 1x100mm   633mm
 36.3Hz  55Hz   83Hz  108.0dB  287l + 102l  - 1x100mm   768mm
 39.3Hz  57Hz   86Hz  109.4dB  240l + 102l  - 1x100mm   719mm
 42.5Hz  61Hz   89Hz  110.7dB  163l + 102l  - 1x100mm   610mm
 39.4Hz  65Hz   92Hz  109.5dB  130l + 102l  - 1x100mm   544mm
 43.1Hz  69Hz   96Hz  111.0dB  106l + 102l  - 1x100mm   484mm
 53.4Hz  73Hz  100Hz  114.7dB   88l + 102l  - 1x100mm   432mm
 16.8Hz  41Hz   99Hz   94.6dB -946l +  71l  * 1x70mm    981mm
 18.5Hz  43Hz  101Hz   96.3dB -2676l +  71l  * 1x70mm    874mm
 20.4Hz  46Hz  102Hz   98.0dB 2537l +  71l  * 1x70mm    779mm
 22.4Hz  48Hz  104Hz   99.6dB  796l +  71l  * 1x70mm    694mm
 24.6Hz  51Hz  107Hz  101.3dB  450l +  71l  * 1x70mm    619mm
 27.0Hz  54Hz  109Hz  102.9dB  302l +  71l  * 1x70mm    552mm
 29.6Hz  58Hz  112Hz  104.5dB  221l +  71l  * 1x70mm    491mm
 32.4Hz  61Hz  114Hz  106.1dB  170l +  71l  * 1x70mm    438mm
 35.5Hz  65Hz  118Hz  107.6dB  135l +  71l  - 1x100mm   797mm
 38.7Hz  68Hz  121Hz  109.1dB  109l +  71l  - 1x100mm   710mm
 42.2Hz  72Hz  124Hz  110.6dB   90l +  71l  - 1x100mm   633mm
 46.0Hz  77Hz  128Hz  112.1dB   76l +  71l  - 1x100mm   564mm
 50.0Hz  81Hz  132Hz  113.6dB   64l +  71l  - 1x100mm   503mm
 54.3Hz  86Hz  136Hz  115.0dB   54l +  71l  - 1x100mm   448mm
 59.0Hz  91Hz  141Hz  116.4dB   47l +  71l    2x100mm   794mm
 63.9Hz  97Hz  146Hz  117.8dB   40l +  71l    2x100mm   708mm
 69.2Hz 102Hz  151Hz  119.2dB   35l +  71l    2x100mm   631mm
