-------------
S18I1000                               98.0dB 1000W                     3x100mm
Rpre   Spl         Vb      fb         SplMech Pmech  SplEle     f3       dv       lv

0.20  97.3dB:    51.1l @  55.7Hz  =>  135.5dB 6684W 127.3dB @  72.3Hz - 2x100mm   640 mm 
                 57.2l @  53.7Hz  =>  134.6dB 5328W 127.3dB @  68.3Hz - 2x100mm   561 mm 
             *   64.1l @  51.8Hz  =>  133.6dB 4248W 127.3dB @  64.5Hz - 2x100mm   489 mm 
                 71.8l @  49.9Hz  =>  132.6dB 3386W 127.3dB @  61.0Hz   3x100mm   670 mm 
                 80.4l @  48.2Hz  =>  131.6dB 2699W 127.3dB @  57.6Hz   3x100mm   585 mm 
                 90.1l @  46.4Hz  =>  130.6dB 2152W 127.3dB @  54.5Hz   3x100mm   508 mm 
                100.9l @  44.8Hz  =>  129.6dB 1716W 127.3dB @  51.5Hz   3x100mm   440 mm 
                113.0l @  43.2Hz  =>  128.6dB 1368W 127.3dB @  48.6Hz   3x100mm   380 mm 
                126.5l @  41.7Hz  =>  127.7dB 1090W 127.3dB @  45.9Hz   3x100mm   325 mm 
                141.7l @  40.2Hz  =>  126.7dB  869W 127.3dB @  43.4Hz   3x100mm   277 mm 
                158.7l @  38.7Hz  =>  125.7dB  693W 127.3dB @  41.0Hz   3x100mm   234 mm 
                177.8l @  37.4Hz  =>  124.7dB  552W 127.3dB @  38.8Hz   3x100mm   195 mm 
                199.1l @  36.0Hz  =>  123.7dB  440W 127.3dB @  36.6Hz   3x100mm   161 mm 
                223.0l @  34.7Hz  =>  122.7dB  351W 127.3dB @  34.6Hz   3x100mm   130 mm 
                249.8l @  33.5Hz  =>  121.8dB  280W 127.3dB @  32.7Hz   3x100mm   102 mm 
                279.7l @  32.3Hz  =>  120.8dB  223W 127.3dB @  30.9Hz   3x100mm    78 mm 
                313.3l @  31.2Hz  =>  119.8dB  178W 127.3dB @  29.2Hz   3x100mm    56 mm 
                350.9l @  30.1Hz  =>  118.8dB  142W 127.3dB @  27.6Hz   3x100mm    36 mm 
                393.0l @  29.0Hz  =>  117.8dB  113W 127.3dB @  26.1Hz + 4x100mm    48 mm 
                440.2l @  28.0Hz  =>  116.8dB   90W 127.3dB @  24.6Hz + 4x100mm    27 mm 
                493.0l @  27.0Hz  =>  115.8dB   72W 127.3dB @  23.3Hz + 5x100mm    31 mm 
                552.2l @  26.0Hz  =>  114.9dB   57W 127.3dB @  22.0Hz + 6x100mm    29 mm 

0.60  97.1dB:    52.0l @  55.4Hz  =>  135.4dB 6767W 127.1dB @  71.7Hz - 2x100mm   627 mm 
                 58.3l @  53.4Hz  =>  134.4dB 5394W 127.1dB @  67.7Hz - 2x100mm   549 mm 
                 65.3l @  51.5Hz  =>  133.4dB 4300W 127.1dB @  64.0Hz - 2x100mm   479 mm 
             *   73.1l @  49.7Hz  =>  132.4dB 3428W 127.1dB @  60.4Hz   3x100mm   656 mm 
                 81.8l @  47.9Hz  =>  131.4dB 2733W 127.1dB @  57.1Hz   3x100mm   572 mm 
                 91.7l @  46.2Hz  =>  130.5dB 2179W 127.1dB @  54.0Hz   3x100mm   497 mm 
                102.7l @  44.5Hz  =>  129.5dB 1737W 127.1dB @  51.0Hz   3x100mm   430 mm 

1.00  96.9dB:    58.9l @  53.2Hz  =>  134.3dB 5518W 126.9dB @  67.3Hz - 2x100mm   542 mm 
                 66.0l @  51.3Hz  =>  133.3dB 4399W 126.9dB @  63.6Hz - 2x100mm   472 mm 
                 73.9l @  49.5Hz  =>  132.3dB 3507W 126.9dB @  60.1Hz   3x100mm   647 mm 
             *   82.8l @  47.7Hz  =>  131.3dB 2795W 126.9dB @  56.8Hz   3x100mm   564 mm 
                 92.7l @  46.0Hz  =>  130.4dB 2229W 126.9dB @  53.7Hz   3x100mm   490 mm 
                103.9l @  44.4Hz  =>  129.4dB 1777W 126.9dB @  50.7Hz   3x100mm   424 mm 
                116.3l @  42.8Hz  =>  128.4dB 1416W 126.9dB @  47.9Hz   3x100mm   365 mm 

-------------
R1830                                  97.0dB  350W                     3x100mm
Rpre   Spl         Vb      fb         SplMech Pmech  SplEle     f3       dv       lv

0.20  93.8dB:   616.1l @  25.8Hz  =>  114.3dB  114W 119.2dB @  22.2Hz + 6x100mm    20 mm 



-------------
R1840                                  97.0dB  450W                     3x100mm
Rpre   Spl         Vb      fb         SplMech Pmech  SplEle     f3       dv       lv

0.20  94.0dB:   217.6l @  31.6Hz  =>  122.7dB  740W 120.5dB @  33.5Hz   3x100mm   273 mm 
                243.7l @  30.4Hz  =>  121.7dB  590W 120.5dB @  31.7Hz   3x100mm   230 mm 
                273.0l @  29.4Hz  =>  120.7dB  470W 120.5dB @  29.9Hz   3x100mm   192 mm 
             *  305.8l @  28.3Hz  =>  119.8dB  375W 120.5dB @  28.3Hz   3x100mm   158 mm 
                342.4l @  27.3Hz  =>  118.8dB  299W 120.5dB @  26.7Hz   3x100mm   127 mm 
                383.5l @  26.3Hz  =>  117.8dB  238W 120.5dB @  25.2Hz   3x100mm   100 mm 
                429.6l @  25.4Hz  =>  116.8dB  190W 120.5dB @  23.9Hz   3x100mm    76 mm 
                481.1l @  24.5Hz  =>  115.8dB  151W 120.5dB @  22.5Hz   3x100mm    54 mm 
                538.8l @  23.6Hz  =>  114.8dB  121W 120.5dB @  21.3Hz   3x100mm    35 mm 
                603.5l @  22.8Hz  =>  113.8dB   96W 120.5dB @  20.1Hz + 4x100mm    46 mm 
                675.9l @  22.0Hz  =>  112.9dB   77W 120.5dB @  19.0Hz + 4x100mm    26 mm 
                757.0l @  21.2Hz  =>  111.9dB   61W 120.5dB @  18.0Hz + 5x100mm    29 mm 
                847.9l @  20.4Hz  =>  110.9dB   49W 120.5dB @  17.0Hz + 6x100mm    26 mm 

0.60  93.8dB:   247.2l @  30.3Hz  =>  121.6dB  601W 120.3dB @  31.4Hz   3x100mm   225 mm 
                276.9l @  29.2Hz  =>  120.6dB  479W 120.3dB @  29.7Hz   3x100mm   187 mm 
                310.1l @  28.2Hz  =>  119.6dB  382W 120.3dB @  28.1Hz   3x100mm   154 mm 
             *  347.3l @  27.2Hz  =>  118.6dB  305W 120.3dB @  26.5Hz   3x100mm   124 mm 
                389.0l @  26.2Hz  =>  117.7dB  243W 120.3dB @  25.1Hz   3x100mm    97 mm 
                435.7l @  25.3Hz  =>  116.7dB  194W 120.3dB @  23.7Hz   3x100mm    73 mm 
                488.0l @  24.4Hz  =>  115.7dB  154W 120.3dB @  22.4Hz   3x100mm    51 mm 

1.00  93.6dB:   279.1l @  29.2Hz  =>  120.5dB  494W 120.1dB @  29.6Hz   3x100mm   185 mm 
                312.6l @  28.1Hz  =>  119.6dB  394W 120.1dB @  28.0Hz   3x100mm   151 mm 
                350.1l @  27.1Hz  =>  118.6dB  314W 120.1dB @  26.4Hz   3x100mm   122 mm 
             *  392.2l @  26.1Hz  =>  117.6dB  250W 120.1dB @  25.0Hz   3x100mm    95 mm 
                439.2l @  25.2Hz  =>  116.6dB  199W 120.1dB @  23.6Hz   3x100mm    71 mm 
                491.9l @  24.3Hz  =>  115.6dB  159W 120.1dB @  22.3Hz   3x100mm    50 mm 
                551.0l @  23.5Hz  =>  114.6dB  127W 120.1dB @  21.1Hz   3x100mm    31 mm 

-------------
V8202                                  94.5dB  150W                      1x70mm
Rpre   Spl         Vb      fb         SplMech Pmech  SplEle     f3       dv       lv

0.20  90.6dB:    37.9l @  50.8Hz  =>  103.0dB   21W 111.6dB @  42.9Hz + 1x100mm    58 mm 
                 42.4l @  49.0Hz  =>  102.0dB   16W 111.6dB @  40.5Hz + 1x100mm    44 mm 
                 47.5l @  47.2Hz  =>  101.1dB   13W 111.6dB @  38.3Hz + 1x100mm    32 mm 
             *   53.2l @  45.5Hz  =>  100.1dB   10W 111.6dB @  36.2Hz + 1x100mm    20 mm 
                 59.6l @  43.9Hz  =>   99.1dB    8W 111.6dB @  34.2Hz + 2x100mm    63 mm 
                 66.8l @  42.4Hz  =>   98.1dB    7W 111.6dB @  32.3Hz + 2x100mm    45 mm 
                 74.8l @  40.9Hz  =>   97.1dB    5W 111.6dB @  30.5Hz + 2x100mm    29 mm 

0.60  90.3dB:    44.1l @  48.4Hz  =>  101.7dB   16W 111.4dB @  39.7Hz + 1x100mm    40 mm 
                 49.4l @  46.6Hz  =>  100.7dB   13W 111.4dB @  37.5Hz + 1x100mm    28 mm 
                 55.4l @  45.0Hz  =>   99.7dB   10W 111.4dB @  35.5Hz + 2x100mm    76 mm 
             *   62.0l @  43.4Hz  =>   98.7dB    8W 111.4dB @  33.5Hz + 2x100mm    56 mm 
                 69.4l @  41.8Hz  =>   97.8dB    7W 111.4dB @  31.7Hz + 2x100mm    39 mm 
                 77.8l @  40.3Hz  =>   96.8dB    5W 111.4dB @  29.9Hz + 2x100mm    24 mm 
                 87.1l @  38.9Hz  =>   95.8dB    4W 111.4dB @  28.3Hz + 3x100mm    44 mm 

1.00  90.1dB:    51.0l @  46.2Hz  =>  100.4dB   13W 111.2dB @  37.0Hz + 1x100mm    24 mm 
                 57.1l @  44.5Hz  =>   99.5dB   10W 111.2dB @  34.9Hz + 2x100mm    70 mm 
                 64.0l @  42.9Hz  =>   98.5dB    8W 111.2dB @  33.0Hz + 2x100mm    52 mm 
             *   71.6l @  41.4Hz  =>   97.5dB    6W 111.2dB @  31.2Hz + 2x100mm    35 mm 
                 80.2l @  39.9Hz  =>   96.5dB    5W 111.2dB @  29.5Hz + 2x100mm    20 mm 
                 89.8l @  38.5Hz  =>   95.5dB    4W 111.2dB @  27.8Hz + 3x100mm    39 mm 
                100.6l @  37.1Hz  =>   94.5dB    3W 111.2dB @  26.3Hz + 3x100mm    21 mm 

-------------
10204                                  96.0dB  150W                     1x100mm
Rpre   Spl         Vb      fb         SplMech Pmech  SplEle     f3       dv       lv

0.20  92.4dB:    65.1l @  46.5Hz  =>  106.7dB   32W 113.4dB @  41.7Hz   1x100mm    39 mm 
                 72.9l @  44.9Hz  =>  105.8dB   26W 113.4dB @  39.4Hz   1x100mm    27 mm 
                 81.7l @  43.3Hz  =>  104.8dB   21W 113.4dB @  37.2Hz + 2x100mm    75 mm 
             *   91.5l @  41.7Hz  =>  103.8dB   16W 113.4dB @  35.2Hz + 2x100mm    56 mm 
                102.5l @  40.2Hz  =>  102.8dB   13W 113.4dB @  33.2Hz + 2x100mm    39 mm 
                114.8l @  38.8Hz  =>  101.8dB   10W 113.4dB @  31.4Hz + 2x100mm    23 mm 
                128.5l @  37.4Hz  =>  100.8dB    8W 113.4dB @  29.7Hz + 3x100mm    44 mm 

0.60  92.1dB:    75.9l @  44.3Hz  =>  105.4dB   25W 113.2dB @  38.6Hz   1x100mm    23 mm 
                 85.0l @  42.7Hz  =>  104.4dB   20W 113.2dB @  36.5Hz + 2x100mm    68 mm 
                 95.2l @  41.2Hz  =>  103.4dB   16W 113.2dB @  34.5Hz + 2x100mm    49 mm 
             *  106.7l @  39.7Hz  =>  102.5dB   13W 113.2dB @  32.6Hz + 2x100mm    33 mm 
                119.5l @  38.3Hz  =>  101.5dB   10W 113.2dB @  30.8Hz + 3x100mm    57 mm 
                133.8l @  37.0Hz  =>  100.5dB    8W 113.2dB @  29.1Hz + 3x100mm    37 mm 
                149.9l @  35.6Hz  =>   99.5dB    6W 113.2dB @  27.5Hz + 4x100mm    49 mm 

1.00  91.9dB:    87.8l @  42.3Hz  =>  104.2dB   20W 113.0dB @  35.9Hz + 2x100mm    62 mm 
                 98.3l @  40.8Hz  =>  103.2dB   16W 113.0dB @  33.9Hz + 2x100mm    45 mm 
                110.1l @  39.3Hz  =>  102.2dB   13W 113.0dB @  32.0Hz + 2x100mm    29 mm 
             *  123.3l @  37.9Hz  =>  101.2dB   10W 113.0dB @  30.3Hz + 3x100mm    51 mm 
                138.1l @  36.6Hz  =>  100.2dB    8W 113.0dB @  28.6Hz + 3x100mm    32 mm 
                154.7l @  35.3Hz  =>   99.2dB    6W 113.0dB @  27.0Hz + 4x100mm    43 mm 
                173.3l @  34.0Hz  =>   98.2dB    5W 113.0dB @  25.5Hz + 4x100mm    22 mm 

