-------------
S18I1000
      98.0dB                           1000W
Rpre   Spl      qtc    Vb     SplMech Pmech SplEle      f3

0.20  97.3dB:   0.5   77.1l: (137.0dB  9469W 127.3dB) @  99Hz
                0.6   48.3l: (136.0dB  7502W 127.3dB) @  94Hz
                0.7   33.5l: (136.1dB  7590W 127.3dB) @  94Hz
                0.8   24.8l: (137.5dB 10501W 127.3dB) @ 102Hz
                0.9   19.1l: (138.0dB 11738W 127.3dB) @ 105Hz
                1.0   15.2l: (138.5dB 13349W 127.3dB) @ 108Hz
                1.1   12.4l: (139.3dB 15877W 127.3dB) @ 113Hz
                1.1   12.4l: (136.4dB  8229W 127.3dB) @  96Hz (  288uF)

0.60  97.1dB:   0.5   87.4l: (136.3dB  8274W 127.1dB) @  95Hz
                0.6   54.1l: (135.2dB  6555W 127.1dB) @  89Hz
                0.7   37.3l: (135.3dB  6632W 127.1dB) @  90Hz
                0.8   27.4l: (136.7dB  9176W 127.1dB) @  97Hz
                0.9   21.1l: (137.2dB 10257W 127.1dB) @ 100Hz
                1.0   16.8l: (137.7dB 11664W 127.1dB) @ 103Hz
                1.1   13.7l: (138.5dB 13873W 127.1dB) @ 108Hz
                1.1   13.7l: (135.6dB  7190W 127.1dB) @  92Hz (  302uF)

1.00  96.9dB:   0.5   99.0l: (135.5dB  7277W 126.9dB) @  91Hz
                0.6   60.4l: (134.5dB  5765W 126.9dB) @  86Hz
                0.7   41.3l: (134.5dB  5833W 126.9dB) @  86Hz
                0.8   30.3l: (136.0dB  8070W 126.9dB) @  93Hz
                0.9   23.3l: (136.4dB  9020W 126.9dB) @  96Hz
                1.0   18.5l: (137.0dB 10259W 126.9dB) @  99Hz
                1.1   15.0l: (137.7dB 12201W 126.9dB) @ 103Hz
                1.1   15.0l: (134.9dB  6324W 126.9dB) @  88Hz (  315uF)

-------------
R1830
      97.0dB                            350W
Rpre   Spl      qtc    Vb     SplMech Pmech SplEle      f3

0.20  93.8dB:   0.7  660.5l: (120.2dB   443W 119.2dB) @  39Hz
                0.8  319.2l: (121.6dB   613W 119.2dB) @  43Hz
                0.9  201.3l: (122.1dB   685W 119.2dB) @  44Hz
                1.0  142.5l: (122.7dB   779W 119.2dB) @  45Hz
                1.1  107.7l: (123.4dB   927W 119.2dB) @  47Hz
                1.1  107.7l: (120.6dB   480W 119.2dB) @  40Hz (  691uF)

0.60  93.6dB:   0.7  925.9l: (119.5dB   392W 119.0dB) @  38Hz
                0.8  389.7l: (120.9dB   542W 119.0dB) @  41Hz
                0.9  235.3l: (121.4dB   606W 119.0dB) @  42Hz
                1.0  163.1l: (121.9dB   689W 119.0dB) @  43Hz
                1.1  121.8l: (122.7dB   819W 119.0dB) @  45Hz
                1.1  121.8l: (119.8dB   425W 119.0dB) @  38Hz (  721uF)

1.00  93.4dB:   0.8  483.0l: (120.2dB   482W 118.8dB) @  39Hz
                0.9  276.0l: (120.7dB   539W 118.8dB) @  40Hz
                1.0  186.7l: (121.2dB   613W 118.8dB) @  42Hz
                1.1  137.5l: (122.0dB   728W 118.8dB) @  43Hz
                1.1  137.5l: (119.1dB   378W 118.8dB) @  37Hz (  751uF)

-------------
R1840
      97.0dB                            450W
Rpre   Spl      qtc    Vb     SplMech Pmech SplEle      f3

0.20  94.0dB:   0.5  488.1l: (126.5dB  1765W 120.5dB) @  52Hz
                0.6  227.1l: (125.5dB  1398W 120.5dB) @  49Hz
                0.7  139.2l: (125.5dB  1415W 120.5dB) @  50Hz
                0.8   96.2l: (126.9dB  1957W 120.5dB) @  54Hz
                0.9   71.3l: (127.4dB  2188W 120.5dB) @  55Hz
                1.0   55.3l: (128.0dB  2488W 120.5dB) @  57Hz
                1.1   44.3l: (128.7dB  2959W 120.5dB) @  60Hz
                1.1   44.3l: (125.9dB  1534W 120.5dB) @  51Hz (  546uF)

0.60  93.8dB:   0.5  627.4l: (125.7dB  1550W 120.3dB) @  50Hz
                0.6  266.9l: (124.7dB  1228W 120.3dB) @  47Hz
                0.7  158.9l: (124.7dB  1242W 120.3dB) @  47Hz
                0.8  108.4l: (126.2dB  1719W 120.3dB) @  51Hz
                0.9   79.6l: (126.6dB  1921W 120.3dB) @  53Hz
                1.0   61.4l: (127.2dB  2185W 120.3dB) @  55Hz
                1.1   49.0l: (128.0dB  2598W 120.3dB) @  57Hz
                1.1   49.0l: (125.1dB  1347W 120.3dB) @  48Hz (  571uF)

1.00  93.6dB:   0.5  835.4l: (125.0dB  1369W 120.1dB) @  48Hz
                0.6  314.9l: (124.0dB  1085W 120.1dB) @  45Hz
                0.7  181.3l: (124.0dB  1098W 120.1dB) @  45Hz
                0.8  121.8l: (125.4dB  1519W 120.1dB) @  49Hz
                0.9   88.7l: (125.9dB  1697W 120.1dB) @  51Hz
                1.0   68.1l: (126.5dB  1930W 120.1dB) @  52Hz
                1.1   54.2l: (127.2dB  2296W 120.1dB) @  55Hz
                1.1   54.2l: (124.4dB  1190W 120.1dB) @  46Hz (  596uF)

-------------
V8202
      94.5dB                            150W
Rpre   Spl      qtc    Vb     SplMech Pmech SplEle      f3

0.20  90.6dB:   0.7   47.7l: (109.2dB    85W 111.6dB) @  77Hz
                0.8   20.8l: (110.6dB   118W 111.6dB) @  83Hz
                0.9   12.7l: (111.1dB   132W 111.6dB) @  86Hz
                1.0    8.8l: (111.6dB   150W 111.6dB) @  89Hz
                1.1    6.6l: (112.4dB   179W 111.6dB) @  93Hz
                1.1    6.6l: (109.5dB    93W 111.6dB) @  79Hz (  414uF)

0.60  90.3dB:   0.7   83.1l: (108.3dB    73W 111.4dB) @  73Hz
                0.8   27.5l: (109.7dB   101W 111.4dB) @  79Hz
                0.9   15.6l: (110.2dB   113W 111.4dB) @  81Hz
                1.0   10.5l: (110.7dB   128W 111.4dB) @  84Hz
                1.1    7.8l: (111.5dB   153W 111.4dB) @  88Hz
                1.1    7.8l: (108.6dB    79W 111.4dB) @  74Hz (  437uF)

1.00  90.1dB:   0.7  226.4l: (107.4dB    63W 111.2dB) @  69Hz
                0.8   37.8l: (108.8dB    87W 111.2dB) @  75Hz
                0.9   19.4l: (109.3dB    97W 111.2dB) @  77Hz
                1.0   12.6l: (109.8dB   111W 111.2dB) @  80Hz
                1.1    9.1l: (110.6dB   132W 111.2dB) @  83Hz
                1.1    9.1l: (107.7dB    68W 111.2dB) @  71Hz (  459uF)

-------------
10204
      96.0dB                            150W
Rpre   Spl      qtc    Vb     SplMech Pmech SplEle      f3

0.20  92.4dB:   0.6  168.5l: (112.0dB   108W 113.4dB) @  71Hz
                0.7   54.6l: (112.0dB   109W 113.4dB) @  71Hz
                0.8   30.7l: (113.5dB   151W 113.4dB) @  77Hz
                0.9   20.5l: (113.9dB   169W 113.4dB) @  79Hz
                1.0   15.0l: (114.5dB   192W 113.4dB) @  82Hz
                1.1   11.5l: (115.3dB   229W 113.4dB) @  86Hz
                1.1   11.5l: (112.4dB   118W 113.4dB) @  73Hz (  448uF)

0.60  92.1dB:   0.6  406.8l: (111.1dB    92W 113.2dB) @  67Hz
                0.7   73.7l: (111.1dB    93W 113.2dB) @  67Hz
                0.8   37.9l: (112.5dB   129W 113.2dB) @  73Hz
                0.9   24.4l: (113.0dB   144W 113.2dB) @  75Hz
                1.0   17.5l: (113.6dB   164W 113.2dB) @  78Hz
                1.1   13.3l: (114.3dB   195W 113.2dB) @  81Hz
                1.1   13.3l: (111.5dB   101W 113.2dB) @  69Hz (  473uF)

1.00  91.9dB:   0.7  104.8l: (110.2dB    80W 113.0dB) @  64Hz
                0.8   47.3l: (111.6dB   111W 113.0dB) @  70Hz
                0.9   29.2l: (112.1dB   124W 113.0dB) @  72Hz
                1.0   20.4l: (112.7dB   141W 113.0dB) @  74Hz
                1.1   15.3l: (113.4dB   168W 113.0dB) @  77Hz
                1.1   15.3l: (110.6dB    87W 113.0dB) @  65Hz (  497uF)

