-------------
S21 L1000
      98.0dB           1000W
Rpre   Spl     SplMech Pmech SplEle      f3

0.20  95.5dB: (125.0dB  1261W 124.0dB) @  60Hz
              (128.0dB  2522W 124.0dB) @  71Hz
              (131.0dB  5044W 124.0dB) @  85Hz
0.60  95.2dB: (123.9dB  1055W 123.7dB) @  57Hz
              (126.9dB  2109W 123.7dB) @  67Hz
              (130.0dB  4218W 123.7dB) @  80Hz
              (133.0dB  8437W 123.7dB) @  95Hz
1.00  94.9dB: (122.9dB   893W 123.4dB) @  53Hz
              (126.0dB  1785W 123.4dB) @  64Hz
              (129.0dB  3570W 123.4dB) @  76Hz
              (132.0dB  7141W 123.4dB) @  90Hz
-------------
S18 I1000
      98.0dB           1000W
Rpre   Spl     SplMech Pmech SplEle      f3

0.20  97.3dB: (130.4dB  2057W 127.3dB) @  96Hz
              (133.4dB  4114W 127.3dB) @ 114Hz
              (136.4dB  8228W 127.3dB) @ 136Hz
0.60  97.1dB: (129.6dB  1798W 127.1dB) @  92Hz
              (132.6dB  3595W 127.1dB) @ 109Hz
              (135.6dB  7190W 127.1dB) @ 130Hz
1.00  96.9dB: (128.9dB  1581W 126.9dB) @  88Hz
              (131.9dB  3162W 126.9dB) @ 104Hz
              (134.9dB  6323W 126.9dB) @ 124Hz
-------------
R1830
      97.0dB            350W
Rpre   Spl     SplMech Pmech SplEle      f3

0.20  93.8dB: (114.6dB   120W 119.2dB) @  40Hz
              (117.6dB   240W 119.2dB) @  48Hz
              (120.6dB   480W 119.2dB) @  57Hz
              (123.6dB   961W 119.2dB) @  67Hz
              (126.6dB  1922W 119.2dB) @  80Hz
0.60  93.6dB: (113.8dB   106W 119.0dB) @  38Hz
              (116.8dB   212W 119.0dB) @  46Hz
              (119.8dB   425W 119.0dB) @  54Hz
              (122.8dB   849W 119.0dB) @  64Hz
              (125.9dB  1698W 119.0dB) @  77Hz
              (128.9dB  3396W 119.0dB) @  91Hz
1.00  93.4dB: (113.1dB    94W 118.8dB) @  37Hz
              (116.1dB   189W 118.8dB) @  44Hz
              (119.1dB   378W 118.8dB) @  52Hz
              (122.1dB   755W 118.8dB) @  62Hz
              (125.2dB  1510W 118.8dB) @  74Hz
              (128.2dB  3020W 118.8dB) @  88Hz
-------------
R1840
      97.0dB            450W
Rpre   Spl     SplMech Pmech SplEle      f3

0.20  94.0dB: (119.9dB   383W 120.5dB) @  51Hz
              (122.9dB   767W 120.5dB) @  60Hz
              (125.9dB  1534W 120.5dB) @  72Hz
              (128.9dB  3067W 120.5dB) @  85Hz
0.60  93.8dB: (119.1dB   337W 120.3dB) @  48Hz
              (122.1dB   673W 120.3dB) @  58Hz
              (125.1dB  1347W 120.3dB) @  68Hz
              (128.1dB  2693W 120.3dB) @  81Hz
1.00  93.6dB: (118.3dB   297W 120.1dB) @  46Hz
              (121.4dB   595W 120.1dB) @  55Hz
              (124.4dB  1190W 120.1dB) @  66Hz
              (127.4dB  2380W 120.1dB) @  78Hz
-------------
S18 G800A
      99.0dB            800W
Rpre   Spl     SplMech Pmech SplEle      f3

0.20  95.3dB: (125.5dB  1276W 123.5dB) @  69Hz
              (128.6dB  2552W 123.5dB) @  82Hz
              (131.6dB  5104W 123.5dB) @  97Hz
0.60  95.1dB: (124.7dB  1104W 123.3dB) @  65Hz
              (127.7dB  2207W 123.3dB) @  78Hz
              (130.7dB  4415W 123.3dB) @  92Hz
1.00  94.8dB: (123.8dB   963W 123.0dB) @  62Hz
              (126.8dB  1927W 123.0dB) @  74Hz
              (129.9dB  3854W 123.0dB) @  88Hz
              (132.9dB  7707W 123.0dB) @ 105Hz
-------------
C1530 B4
      98.0dB            400W
Rpre   Spl     SplMech Pmech SplEle      f3

0.20  95.7dB: (116.7dB   138W 121.3dB) @  64Hz
              (119.7dB   277W 121.3dB) @  76Hz
              (122.7dB   553W 121.3dB) @  91Hz
              (125.7dB  1106W 121.3dB) @ 108Hz
              (128.8dB  2213W 121.3dB) @ 129Hz
0.60  95.5dB: (115.9dB   120W 121.1dB) @  61Hz
              (118.9dB   240W 121.1dB) @  73Hz
              (121.9dB   480W 121.1dB) @  87Hz
              (124.9dB   960W 121.1dB) @ 103Hz
              (127.9dB  1921W 121.1dB) @ 122Hz
              (130.9dB  3841W 121.1dB) @ 146Hz
1.00  95.3dB: (115.1dB   105W 120.9dB) @  58Hz
              (118.1dB   210W 120.9dB) @  70Hz
              (121.1dB   420W 120.9dB) @  83Hz
              (124.1dB   840W 120.9dB) @  98Hz
              (127.1dB  1680W 120.9dB) @ 117Hz
              (130.1dB  3360W 120.9dB) @ 139Hz
-------------
SCB15 G800
      95.5dB            800W
Rpre   Spl     SplMech Pmech SplEle      f3

0.20  93.7dB: (121.2dB   591W 122.5dB) @  58Hz
              (124.2dB  1182W 122.5dB) @  69Hz
              (127.2dB  2364W 122.5dB) @  82Hz
              (130.2dB  4727W 122.5dB) @  98Hz
0.60  93.5dB: (120.4dB   518W 122.3dB) @  56Hz
              (123.4dB  1036W 122.3dB) @  66Hz
              (126.5dB  2071W 122.3dB) @  79Hz
              (129.5dB  4143W 122.3dB) @  93Hz
1.00  93.3dB: (119.7dB   457W 122.1dB) @  53Hz
              (122.7dB   914W 122.1dB) @  63Hz
              (125.7dB  1828W 122.1dB) @  75Hz
              (128.7dB  3655W 122.1dB) @  90Hz
              (131.7dB  7311W 122.1dB) @ 106Hz
-------------
S15 G710
      99.0dB            700W
Rpre   Spl     SplMech Pmech SplEle      f3

0.20  94.5dB: (123.4dB   814W 122.7dB) @  78Hz
              (126.4dB  1628W 122.7dB) @  93Hz
              (129.4dB  3256W 122.7dB) @ 111Hz
              (132.4dB  6512W 122.7dB) @ 132Hz
0.60  94.2dB: (122.6dB   717W 122.5dB) @  75Hz
              (125.6dB  1433W 122.5dB) @  89Hz
              (128.7dB  2867W 122.5dB) @ 106Hz
              (131.7dB  5733W 122.5dB) @ 126Hz
1.00  94.0dB: (121.9dB   635W 122.3dB) @  72Hz
              (124.9dB  1271W 122.3dB) @  85Hz
              (127.9dB  2541W 122.3dB) @ 102Hz
              (130.9dB  5083W 122.3dB) @ 121Hz
-------------
V8202
      94.5dB            150W
Rpre   Spl     SplMech Pmech SplEle      f3

0.20  90.6dB: (109.5dB    93W 111.6dB) @  79Hz
              (112.5dB   185W 111.6dB) @  93Hz
              (115.6dB   370W 111.6dB) @ 111Hz
              (118.6dB   740W 111.6dB) @ 132Hz
              (121.6dB  1480W 111.6dB) @ 157Hz
0.60  90.3dB: (108.6dB    79W 111.4dB) @  74Hz
              (111.6dB   158W 111.4dB) @  89Hz
              (114.6dB   316W 111.4dB) @ 105Hz
              (117.6dB   633W 111.4dB) @ 125Hz
              (120.7dB  1265W 111.4dB) @ 149Hz
1.00  90.1dB: (107.7dB    68W 111.2dB) @  71Hz
              (110.7dB   136W 111.2dB) @  84Hz
              (113.8dB   273W 111.2dB) @ 100Hz
              (116.8dB   545W 111.2dB) @ 119Hz
              (119.8dB  1091W 111.2dB) @ 142Hz
-------------
10204
      96.0dB            150W
Rpre   Spl     SplMech Pmech SplEle      f3

0.20  92.4dB: (112.4dB   118W 113.4dB) @  73Hz
              (115.4dB   237W 113.4dB) @  86Hz
              (118.4dB   474W 113.4dB) @ 103Hz
              (121.4dB   948W 113.4dB) @ 122Hz
0.60  92.1dB: (111.5dB   101W 113.2dB) @  69Hz
              (114.5dB   202W 113.2dB) @  82Hz
              (117.5dB   404W 113.2dB) @  97Hz
              (120.5dB   809W 113.2dB) @ 116Hz
1.00  91.9dB: (110.6dB    87W 113.0dB) @  65Hz
              (113.6dB   174W 113.0dB) @  78Hz
              (116.6dB   348W 113.0dB) @  93Hz
              (119.6dB   696W 113.0dB) @ 110Hz
              (122.6dB  1393W 113.0dB) @ 131Hz
-------------
C1225 P34
      97.0dB            250W
Rpre   Spl     SplMech Pmech SplEle      f3

0.20  93.9dB: (111.2dB    63W 117.2dB) @  67Hz
              (114.2dB   126W 117.2dB) @  80Hz
              (117.3dB   253W 117.2dB) @  95Hz
              (120.3dB   505W 117.2dB) @ 113Hz
              (123.3dB  1010W 117.2dB) @ 135Hz
              (126.3dB  2021W 117.2dB) @ 160Hz
0.60  93.6dB: (110.3dB    54W 117.0dB) @  64Hz
              (113.3dB   108W 117.0dB) @  76Hz
              (116.3dB   216W 117.0dB) @  90Hz
              (119.4dB   432W 117.0dB) @ 107Hz
              (122.4dB   864W 117.0dB) @ 128Hz
              (125.4dB  1729W 117.0dB) @ 152Hz
1.00  93.4dB: (109.5dB    47W 116.7dB) @  61Hz
              (112.5dB    93W 116.7dB) @  72Hz
              (115.5dB   186W 116.7dB) @  86Hz
              (118.5dB   373W 116.7dB) @ 102Hz
              (121.5dB   746W 116.7dB) @ 122Hz
              (124.5dB  1492W 116.7dB) @ 145Hz
