-------------
shiva
      84.0dB                            600W
Rpre   Spl      qtc    Vb     SplMech Pmech SplEle      f3

0.20  87.4dB:   0.5  226.7l: (119.5dB  2314W 113.7dB) @  41Hz
                0.6  105.6l: (118.5dB  1834W 113.7dB) @  38Hz
                0.7   64.7l: (118.6dB  1855W 113.7dB) @  38Hz
                0.8   44.7l: (120.0dB  2567W 113.7dB) @  42Hz
                0.9   33.1l: (120.5dB  2869W 113.7dB) @  43Hz
                1.0   25.7l: (121.0dB  3263W 113.7dB) @  44Hz
                1.1   20.6l: (121.8dB  3881W 113.7dB) @  46Hz
                1.1   20.6l: (118.9dB  2011W 113.7dB) @  39Hz ( 1007uF)

0.60  87.1dB:   0.5  328.1l: (118.4dB  1922W 113.4dB) @  38Hz
                0.6  133.2l: (117.4dB  1523W 113.4dB) @  36Hz
                0.7   78.2l: (117.5dB  1541W 113.4dB) @  36Hz
                0.8   53.0l: (118.9dB  2132W 113.4dB) @  39Hz
                0.9   38.8l: (119.4dB  2383W 113.4dB) @  40Hz
                1.0   29.9l: (119.9dB  2710W 113.4dB) @  42Hz
                1.1   23.8l: (120.7dB  3223W 113.4dB) @  43Hz
                1.1   23.8l: (117.8dB  1670W 113.4dB) @  37Hz ( 1073uF)

1.00  86.9dB:   0.5  520.8l: (117.4dB  1617W 113.1dB) @  36Hz
                0.6  169.9l: (116.4dB  1281W 113.1dB) @  34Hz
                0.7   94.6l: (116.4dB  1296W 113.1dB) @  34Hz
                0.8   62.6l: (117.9dB  1793W 113.1dB) @  37Hz
                0.9   45.2l: (118.3dB  2004W 113.1dB) @  38Hz
                1.0   34.5l: (118.9dB  2279W 113.1dB) @  39Hz
                1.1   27.4l: (119.6dB  2710W 113.1dB) @  41Hz
                1.1   27.4l: (116.8dB  1405W 113.1dB) @  35Hz ( 1138uF)

-------------
koda10d4
      89.0dB                            300W
Rpre   Spl      qtc    Vb     SplMech Pmech SplEle      f3

0.20  88.4dB:   0.5   89.8l: (124.3dB  4236W 112.8dB) @  60Hz
                0.6   41.1l: (123.3dB  3356W 112.8dB) @  57Hz
                0.7   25.0l: (123.4dB  3396W 112.8dB) @  57Hz
                0.8   17.3l: (124.8dB  4698W 112.8dB) @  62Hz
                0.9   12.8l: (125.3dB  5251W 112.8dB) @  64Hz
                1.0    9.9l: (125.8dB  5972W 112.8dB) @  66Hz
                1.1    7.9l: (126.6dB  7103W 112.8dB) @  69Hz
                1.1    7.9l: (123.7dB  3681W 112.8dB) @  58Hz (  513uF)

0.60  88.2dB:   0.5  119.4l: (123.5dB  3677W 112.6dB) @  57Hz
                0.6   49.1l: (122.5dB  2913W 112.6dB) @  54Hz
                0.7   29.0l: (122.5dB  2947W 112.6dB) @  54Hz
                0.8   19.7l: (123.9dB  4078W 112.6dB) @  59Hz
                0.9   14.4l: (124.4dB  4558W 112.6dB) @  61Hz
                1.0   11.1l: (125.0dB  5183W 112.6dB) @  63Hz
                1.1    8.9l: (125.7dB  6165W 112.6dB) @  65Hz
                1.1    8.9l: (122.9dB  3195W 112.6dB) @  56Hz (  538uF)

1.00  88.0dB:   0.5  166.9l: (122.7dB  3215W 112.4dB) @  55Hz
                0.6   59.1l: (121.7dB  2547W 112.4dB) @  52Hz
                0.7   33.5l: (121.7dB  2577W 112.4dB) @  52Hz
                0.8   22.3l: (123.1dB  3566W 112.4dB) @  56Hz
                0.9   16.2l: (123.6dB  3986W 112.4dB) @  58Hz
                1.0   12.4l: (124.2dB  4533W 112.4dB) @  60Hz
                1.1    9.9l: (124.9dB  5391W 112.4dB) @  63Hz
                1.1    9.9l: (122.1dB  2794W 112.4dB) @  53Hz (  564uF)

-------------
koda10d8
      89.0dB                            300W
Rpre   Spl      qtc    Vb     SplMech Pmech SplEle      f3

0.20  88.4dB:   0.5  398.2l: (122.4dB  5562W 109.7dB) @  54Hz
                0.6   83.9l: (121.4dB  4407W 109.7dB) @  51Hz
                0.7   43.4l: (121.4dB  4459W 109.7dB) @  51Hz
                0.8   27.9l: (122.9dB  6169W 109.7dB) @  55Hz
                0.9   19.8l: (123.3dB  6895W 109.7dB) @  57Hz
                1.0   15.0l: (123.9dB  7842W 109.7dB) @  59Hz
                1.1   11.8l: (124.6dB  9327W 109.7dB) @  61Hz
                1.1   11.8l: (121.8dB  4834W 109.7dB) @  52Hz ( 1162uF)

0.60  87.9dB:   0.6  147.6l: (119.8dB  3376W 109.3dB) @  47Hz
                0.7   62.4l: (119.9dB  3415W 109.3dB) @  47Hz
                0.8   37.4l: (121.3dB  4725W 109.3dB) @  51Hz
                0.9   25.8l: (121.7dB  5282W 109.3dB) @  52Hz
                1.0   19.1l: (122.3dB  6007W 109.3dB) @  54Hz
                1.1   14.9l: (123.1dB  7144W 109.3dB) @  56Hz
                1.1   14.9l: (120.2dB  3703W 109.3dB) @  48Hz ( 1273uF)

1.00  87.5dB:   0.6  347.8l: (118.4dB  2655W 108.9dB) @  43Hz
                0.7   93.2l: (118.4dB  2686W 108.9dB) @  43Hz
                0.8   50.5l: (119.8dB  3716W 108.9dB) @  47Hz
                0.9   33.3l: (120.3dB  4154W 108.9dB) @  48Hz
                1.0   24.1l: (120.9dB  4724W 108.9dB) @  49Hz
                1.1   18.4l: (121.6dB  5619W 108.9dB) @  52Hz
                1.1   18.4l: (118.8dB  2912W 108.9dB) @  44Hz ( 1383uF)

-------------
koda12d4
      89.0dB                            300W
Rpre   Spl      qtc    Vb     SplMech Pmech SplEle      f3

0.20  89.1dB:   0.5  396.3l: (122.9dB  2622W 113.5dB) @  47Hz
                0.6  126.5l: (121.9dB  2077W 113.5dB) @  45Hz
                0.7   70.1l: (122.0dB  2102W 113.5dB) @  45Hz
                0.8   46.3l: (123.4dB  2908W 113.5dB) @  48Hz
                0.9   33.4l: (123.9dB  3250W 113.5dB) @  50Hz
                1.0   25.5l: (124.4dB  3697W 113.5dB) @  51Hz
                1.1   20.2l: (125.2dB  4396W 113.5dB) @  54Hz
                1.1   20.2l: (122.3dB  2279W 113.5dB) @  46Hz (  656uF)

0.60  88.9dB:   0.5  715.7l: (122.1dB  2275W 113.3dB) @  45Hz
                0.6  159.1l: (121.1dB  1803W 113.3dB) @  42Hz
                0.7   82.9l: (121.1dB  1824W 113.3dB) @  43Hz
                0.8   53.4l: (122.6dB  2523W 113.3dB) @  46Hz
                0.9   38.1l: (123.0dB  2820W 113.3dB) @  47Hz
                1.0   28.8l: (123.6dB  3208W 113.3dB) @  49Hz
                1.1   22.7l: (124.3dB  3815W 113.3dB) @  51Hz
                1.1   22.7l: (121.5dB  1977W 113.3dB) @  43Hz (  688uF)

1.00  88.7dB:   0.6  204.7l: (120.3dB  1576W 113.1dB) @  41Hz
                0.7   98.5l: (120.3dB  1594W 113.1dB) @  41Hz
                0.8   61.6l: (121.8dB  2206W 113.1dB) @  44Hz
                0.9   43.2l: (122.2dB  2466W 113.1dB) @  45Hz
                1.0   32.4l: (122.8dB  2804W 113.1dB) @  47Hz
                1.1   25.4l: (123.6dB  3335W 113.1dB) @  49Hz
                1.1   25.4l: (120.7dB  1729W 113.1dB) @  41Hz (  721uF)

-------------
koda12d8
      89.0dB                            300W
Rpre   Spl      qtc    Vb     SplMech Pmech SplEle      f3

0.20  88.6dB:   0.6  426.5l: (119.2dB  2505W 110.0dB) @  38Hz
                0.7  149.3l: (119.3dB  2535W 110.0dB) @  38Hz
                0.8   85.3l: (120.7dB  3507W 110.0dB) @  41Hz
                0.9   57.4l: (121.2dB  3920W 110.0dB) @  43Hz
                1.0   42.1l: (121.7dB  4458W 110.0dB) @  44Hz
                1.1   32.5l: (122.5dB  5302W 110.0dB) @  46Hz
                1.1   32.5l: (119.6dB  2748W 110.0dB) @  39Hz ( 1554uF)

0.60  88.2dB:   0.7  252.8l: (117.7dB  1941W 109.6dB) @  35Hz
                0.8  122.9l: (119.1dB  2686W 109.6dB) @  38Hz
                0.9   77.6l: (119.6dB  3002W 109.6dB) @  39Hz
                1.0   55.0l: (120.1dB  3414W 109.6dB) @  40Hz
                1.1   41.6l: (120.9dB  4061W 109.6dB) @  42Hz
                1.1   41.6l: (118.0dB  2105W 109.6dB) @  36Hz ( 1703uF)

1.00  87.8dB:   0.7  533.0l: (116.3dB  1526W 109.2dB) @  32Hz
                0.8  184.4l: (117.7dB  2112W 109.2dB) @  35Hz
                0.9  105.9l: (118.1dB  2361W 109.2dB) @  36Hz
                1.0   71.8l: (118.7dB  2685W 109.2dB) @  37Hz
                1.1   52.9l: (119.5dB  3193W 109.2dB) @  39Hz
                1.1   52.9l: (116.6dB  1655W 109.2dB) @  33Hz ( 1849uF)

-------------
koda15d4
      91.0dB                            300W
Rpre   Spl      qtc    Vb     SplMech Pmech SplEle      f3

0.20  90.8dB:   0.6  882.0l: (120.9dB  1113W 115.2dB) @  33Hz
                0.7  353.0l: (121.0dB  1126W 115.2dB) @  33Hz
                0.8  208.6l: (122.4dB  1558W 115.2dB) @  36Hz
                0.9  142.5l: (122.9dB  1742W 115.2dB) @  37Hz
                1.0  105.3l: (123.4dB  1981W 115.2dB) @  38Hz
                1.1   81.7l: (124.2dB  2356W 115.2dB) @  39Hz
                1.1   81.7l: (121.3dB  1221W 115.2dB) @  33Hz (  893uF)

0.60  90.6dB:   0.7  445.7l: (120.1dB   977W 115.0dB) @  31Hz
                0.8  248.5l: (121.6dB  1352W 115.0dB) @  34Hz
                0.9  165.5l: (122.0dB  1511W 115.0dB) @  35Hz
                1.0  120.5l: (122.6dB  1719W 115.0dB) @  36Hz
                1.1   92.7l: (123.4dB  2044W 115.0dB) @  38Hz
                1.1   92.7l: (120.5dB  1060W 115.0dB) @  32Hz (  937uF)

1.00  90.4dB:   0.7  576.5l: (119.3dB   854W 114.8dB) @  30Hz
                0.8  297.7l: (120.8dB  1182W 114.8dB) @  32Hz
                0.9  192.3l: (121.2dB  1321W 114.8dB) @  33Hz
                1.0  137.8l: (121.8dB  1503W 114.8dB) @  34Hz
                1.1  104.9l: (122.6dB  1787W 114.8dB) @  36Hz
                1.1  104.9l: (119.7dB   926W 114.8dB) @  30Hz (  981uF)

-------------
koda15d8
      90.0dB                            300W
Rpre   Spl      qtc    Vb     SplMech Pmech SplEle      f3

0.20  90.4dB:   0.8  481.2l: (119.7dB  1853W 111.8dB) @  30Hz
                0.9  279.4l: (120.1dB  2071W 111.8dB) @  31Hz
                1.0  190.3l: (120.7dB  2355W 111.8dB) @  32Hz
                1.1  140.6l: (121.5dB  2801W 111.8dB) @  34Hz
                1.1  140.6l: (118.6dB  1452W 111.8dB) @  29Hz ( 2118uF)

0.60  90.0dB:   0.8  881.3l: (118.1dB  1419W 111.3dB) @  28Hz
                0.9  419.3l: (118.6dB  1586W 111.3dB) @  29Hz
                1.0  264.4l: (119.1dB  1804W 111.3dB) @  29Hz
                1.1  187.8l: (119.9dB  2146W 111.3dB) @  31Hz
                1.1  187.8l: (117.0dB  1112W 111.3dB) @  26Hz ( 2321uF)

1.00  89.6dB:   0.9  676.3l: (117.1dB  1248W 110.9dB) @  26Hz
                1.0  375.5l: (117.7dB  1419W 110.9dB) @  27Hz
                1.1  251.7l: (118.4dB  1688W 110.9dB) @  28Hz
                1.1  251.7l: (115.6dB   875W 110.9dB) @  24Hz ( 2520uF)

