-------------
shiva
      84.0dB                            600W
SplMech  Pmech SplEle     f3

103.3dB    56W 113.7dB @  16Hz
105.4dB    89W 113.7dB @  18Hz
107.2dB   136W 113.7dB @  20Hz
108.9dB   199W 113.7dB @  22Hz
110.4dB   282W 113.7dB @  24Hz
111.8dB   388W 113.7dB @  26Hz
113.1dB   522W 113.7dB @  28Hz
114.3dB   688W 113.7dB @  30Hz
115.4dB   891W 113.7dB @  32Hz
116.4dB  1135W 113.7dB @  34Hz
117.4dB  1427W 113.7dB @  36Hz
118.4dB  1771W 113.7dB @  38Hz
119.3dB  2175W 113.7dB @  40Hz
120.1dB  2644W 113.7dB @  42Hz
120.9dB  3184W 113.7dB @  44Hz
121.7dB  3804W 113.7dB @  46Hz
122.4dB  4510W 113.7dB @  48Hz
-------------
koda10d4
      89.0dB                            300W
SplMech  Pmech SplEle     f3

101.3dB    21W 112.8dB @  16Hz
103.3dB    34W 112.8dB @  18Hz
105.1dB    51W 112.8dB @  20Hz
106.8dB    75W 112.8dB @  22Hz
108.3dB   106W 112.8dB @  24Hz
109.7dB   146W 112.8dB @  26Hz
111.0dB   196W 112.8dB @  28Hz
112.2dB   259W 112.8dB @  30Hz
113.3dB   335W 112.8dB @  32Hz
114.4dB   427W 112.8dB @  34Hz
115.4dB   537W 112.8dB @  36Hz
116.3dB   666W 112.8dB @  38Hz
117.2dB   818W 112.8dB @  40Hz
118.0dB   995W 112.8dB @  42Hz
118.8dB  1198W 112.8dB @  44Hz
119.6dB  1431W 112.8dB @  46Hz
120.3dB  1697W 112.8dB @  48Hz
-------------
koda10d8
      89.0dB                            300W
SplMech  Pmech SplEle     f3

101.3dB    43W 109.7dB @  16Hz
103.3dB    69W 109.7dB @  18Hz
105.1dB   104W 109.7dB @  20Hz
106.8dB   153W 109.7dB @  22Hz
108.3dB   217W 109.7dB @  24Hz
109.7dB   298W 109.7dB @  26Hz
111.0dB   401W 109.7dB @  28Hz
112.2dB   529W 109.7dB @  30Hz
113.3dB   685W 109.7dB @  32Hz
114.4dB   873W 109.7dB @  34Hz
115.4dB  1097W 109.7dB @  36Hz
116.3dB  1362W 109.7dB @  38Hz
117.2dB  1672W 109.7dB @  40Hz
118.0dB  2032W 109.7dB @  42Hz
118.8dB  2448W 109.7dB @  44Hz
119.6dB  2924W 109.7dB @  46Hz
120.3dB  3467W 109.7dB @  48Hz
-------------
koda12d4
      89.0dB                            300W
SplMech  Pmech SplEle     f3

104.1dB    35W 113.5dB @  16Hz
106.2dB    55W 113.5dB @  18Hz
108.0dB    85W 113.5dB @  20Hz
109.7dB   124W 113.5dB @  22Hz
111.2dB   175W 113.5dB @  24Hz
112.6dB   241W 113.5dB @  26Hz
113.9dB   325W 113.5dB @  28Hz
115.1dB   428W 113.5dB @  30Hz
116.2dB   554W 113.5dB @  32Hz
117.2dB   706W 113.5dB @  34Hz
118.2dB   887W 113.5dB @  36Hz
119.2dB  1102W 113.5dB @  38Hz
120.1dB  1352W 113.5dB @  40Hz
120.9dB  1644W 113.5dB @  42Hz
121.7dB  1980W 113.5dB @  44Hz
122.5dB  2366W 113.5dB @  46Hz
123.2dB  2805W 113.5dB @  48Hz
-------------
koda12d8
      89.0dB                            300W
SplMech  Pmech SplEle     f3

104.1dB    78W 110.0dB @  16Hz
106.2dB   125W 110.0dB @  18Hz
108.0dB   190W 110.0dB @  20Hz
109.7dB   278W 110.0dB @  22Hz
111.2dB   394W 110.0dB @  24Hz
112.6dB   543W 110.0dB @  26Hz
113.9dB   730W 110.0dB @  28Hz
115.1dB   962W 110.0dB @  30Hz
116.2dB  1246W 110.0dB @  32Hz
117.2dB  1588W 110.0dB @  34Hz
118.2dB  1996W 110.0dB @  36Hz
119.2dB  2477W 110.0dB @  38Hz
120.1dB  3042W 110.0dB @  40Hz
120.9dB  3697W 110.0dB @  42Hz
121.7dB  4453W 110.0dB @  44Hz
122.5dB  5320W 110.0dB @  46Hz
123.2dB  6307W 110.0dB @  48Hz
-------------
koda15d4
      91.0dB                            300W
SplMech  Pmech SplEle     f3

108.5dB    64W 115.2dB @  16Hz
110.6dB   102W 115.2dB @  18Hz
112.4dB   156W 115.2dB @  20Hz
114.0dB   228W 115.2dB @  22Hz
115.6dB   323W 115.2dB @  24Hz
116.9dB   444W 115.2dB @  26Hz
118.2dB   597W 115.2dB @  28Hz
119.4dB   787W 115.2dB @  30Hz
120.6dB  1019W 115.2dB @  32Hz
121.6dB  1299W 115.2dB @  34Hz
122.6dB  1633W 115.2dB @  36Hz
123.5dB  2027W 115.2dB @  38Hz
124.4dB  2488W 115.2dB @  40Hz
125.3dB  3025W 115.2dB @  42Hz
126.1dB  3643W 115.2dB @  44Hz
126.9dB  4352W 115.2dB @  46Hz
127.6dB  5160W 115.2dB @  48Hz
-------------
koda15d8
      90.0dB                            300W
SplMech  Pmech SplEle     f3

108.5dB   142W 111.8dB @  16Hz
110.6dB   227W 111.8dB @  18Hz
112.4dB   347W 111.8dB @  20Hz
114.0dB   507W 111.8dB @  22Hz
115.6dB   719W 111.8dB @  24Hz
116.9dB   990W 111.8dB @  26Hz
118.2dB  1331W 111.8dB @  28Hz
119.4dB  1754W 111.8dB @  30Hz
120.6dB  2271W 111.8dB @  32Hz
121.6dB  2894W 111.8dB @  34Hz
122.6dB  3638W 111.8dB @  36Hz
123.5dB  4516W 111.8dB @  38Hz
124.4dB  5545W 111.8dB @  40Hz
125.3dB  6740W 111.8dB @  42Hz
126.1dB  8118W 111.8dB @  44Hz
126.9dB  9698W 111.8dB @  46Hz
127.6dB 11498W 111.8dB @  48Hz
