-------------
AC_5_25_HE-S
            85.0dB            80W       1x50mm
   fu     fb      fo      SplMech  Vb1     Vb2       d         l        C
 24.2Hz  50Hz  105Hz   82.5dB  254l +   6l  + 1x40mm   2629mm
 26.6Hz  53Hz  107Hz   84.2dB   80l +   6l  + 1x40mm   2343mm
 29.2Hz  57Hz  110Hz   85.7dB   45l +   6l  + 1x40mm   2088mm
 31.9Hz  60Hz  113Hz   87.3dB   30l +   6l  + 1x40mm   1862mm
 34.9Hz  63Hz  116Hz   88.9dB   22l +   6l  + 1x40mm   1659mm
 38.1Hz  67Hz  119Hz   90.4dB   17l +   6l  + 1x40mm   1479mm
 41.5Hz  71Hz  122Hz   91.9dB   13l +   6l  + 1x40mm   1318mm
 45.2Hz  75Hz  126Hz   93.4dB   11l +   6l  + 1x40mm   1175mm
 49.2Hz  80Hz  130Hz   94.8dB    9l +   6l  + 1x40mm   1047mm
 53.4Hz  85Hz  134Hz   96.3dB    8l +   6l  + 1x40mm    933mm
 58.0Hz  90Hz  139Hz   97.7dB    6l +   6l  + 1x40mm    832mm
 62.9Hz  95Hz  143Hz   99.1dB    5l +   6l  - 1x40mm    741mm
 68.1Hz  98Hz  149Hz  100.5dB    5l +   6l  - 1x40mm    694mm
 73.6Hz 107Hz  154Hz  101.8dB    4l +   6l  - 1x40mm    589mm
 79.6Hz 113Hz  160Hz  103.2dB    3l +   6l  - 1x40mm    525mm
 85.9Hz 120Hz  166Hz  104.5dB    3l +   6l    1x50mm    731mm
 92.6Hz 127Hz  173Hz  105.8dB    3l +   6l    1x50mm    651mm
 24.2Hz  59Hz  105Hz   82.5dB   34l +   4l  + 1x40mm   2629mm
 26.6Hz  62Hz  107Hz   84.2dB   24l +   4l  + 1x40mm   2343mm
 29.2Hz  66Hz  110Hz   85.7dB   18l +   4l  + 1x40mm   2088mm
 31.9Hz  70Hz  113Hz   87.3dB   14l +   4l  + 1x40mm   1862mm
 34.9Hz  74Hz  116Hz   88.9dB   12l +   4l  + 1x40mm   1659mm
 38.1Hz  78Hz  119Hz   90.4dB   10l +   4l  + 1x40mm   1478mm
 41.5Hz  83Hz  122Hz   91.9dB    8l +   4l  + 1x40mm   1318mm
 45.2Hz  88Hz  126Hz   93.4dB    7l +   4l  + 1x40mm   1175mm
 49.2Hz  93Hz  130Hz   94.8dB    6l +   4l  + 1x40mm   1047mm
 53.4Hz  99Hz  134Hz   96.3dB    5l +   4l  + 1x40mm    933mm
 58.0Hz 105Hz  139Hz   97.7dB    4l +   4l  + 1x40mm    832mm
 62.9Hz  95Hz  143Hz   99.1dB    5l +   4l  + 1x40mm   1009mm
 68.1Hz  98Hz  149Hz  100.5dB    5l +   4l  + 1x40mm    945mm
 73.6Hz 107Hz  154Hz  101.8dB    4l +   4l  + 1x40mm    801mm
 68.4Hz 113Hz  160Hz  100.6dB    3l +   4l  - 1x40mm    714mm
 74.7Hz 120Hz  166Hz  102.1dB    3l +   4l  - 1x40mm    636mm
 92.6Hz 127Hz  173Hz  105.8dB    3l +   4l  - 1x40mm    567mm
 29.1Hz  71Hz  171Hz   85.7dB   14l +   3l  + 1x40mm   2629mm
 32.1Hz  75Hz  174Hz   87.4dB   11l +   3l  + 1x40mm   2344mm
 35.3Hz  79Hz  178Hz   89.1dB    9l +   3l  + 1x40mm   2089mm
 38.9Hz  84Hz  181Hz   90.7dB    8l +   3l  + 1x40mm   1861mm
 42.7Hz  89Hz  185Hz   92.4dB    7l +   3l  + 1x40mm   1659mm
 46.9Hz  94Hz  189Hz   94.0dB    6l +   3l  + 1x40mm   1479mm
 51.4Hz 100Hz  194Hz   95.6dB    5l +   3l  + 1x40mm   1318mm
 56.2Hz 106Hz  198Hz   97.2dB    4l +   3l  + 1x40mm   1174mm
 61.5Hz 112Hz  204Hz   98.7dB    4l +   3l  + 1x40mm   1047mm
 67.1Hz 119Hz  209Hz  100.2dB    3l +   3l  + 1x40mm    933mm
 73.2Hz 126Hz  215Hz  101.7dB    3l +   3l  + 1x40mm    832mm
 79.7Hz 133Hz  222Hz  103.2dB    2l +   3l  - 1x40mm    741mm
 86.7Hz 141Hz  229Hz  104.7dB    2l +   3l  - 1x40mm    660mm
 94.2Hz 149Hz  236Hz  106.1dB    2l +   3l  - 1x40mm    589mm
102.2Hz 158Hz  244Hz  107.5dB    2l +   3l  - 1x40mm    525mm
110.8Hz 167Hz  253Hz  108.9dB    1l +   3l    1x50mm    731mm
119.9Hz 177Hz  262Hz  110.3dB    1l +   3l    1x50mm    651mm
-------------
AC_6_5_HE
            90.0dB            80W       1x70mm
   fu     fb      fo      SplMech  Vb1     Vb2       d         l        C
 22.2Hz  46Hz   96Hz   84.6dB  103l +  12l  * 1x40mm   1518mm
 24.3Hz  49Hz   98Hz   86.2dB   72l +  12l  * 1x40mm   1353mm
 26.7Hz  52Hz  100Hz   87.8dB   54l +  12l  * 1x40mm   1206mm
 29.2Hz  55Hz  103Hz   89.4dB   42l +  12l  * 1x40mm   1075mm
 31.9Hz  58Hz  106Hz   90.9dB   34l +  12l  * 1x40mm    958mm
 34.8Hz  61Hz  109Hz   92.5dB   28l +  12l  * 1x40mm    854mm
 38.0Hz  65Hz  112Hz   94.0dB   23l +  12l  * 1x40mm    761mm
 41.4Hz  69Hz  115Hz   95.5dB   19l +  12l  * 1x40mm    678mm
 45.0Hz  73Hz  119Hz   96.9dB   16l +  12l  * 1x40mm    605mm
 48.9Hz  77Hz  123Hz   98.4dB   14l +  12l  * 1x40mm    539mm
 53.0Hz  82Hz  127Hz   99.8dB   12l +  12l  - 1x50mm    750mm
 57.5Hz  87Hz  131Hz  101.2dB   10l +  12l  - 1x50mm    669mm
 62.3Hz  90Hz  136Hz  102.6dB   10l +  12l  - 1x50mm    626mm
 67.3Hz  97Hz  141Hz  103.9dB    8l +  12l  - 1x50mm    531mm
 72.8Hz 103Hz  146Hz  105.3dB    7l +  12l  - 1x50mm    473mm
 78.5Hz 109Hz  152Hz  106.6dB    6l +  12l  - 1x50mm    422mm
 84.7Hz 116Hz  158Hz  107.9dB    5l +  12l    1x70mm    737mm
 22.2Hz  54Hz   96Hz   84.6dB   45l +   9l  * 1x40mm   1519mm
 24.3Hz  57Hz   98Hz   86.2dB   36l +   9l  * 1x40mm   1353mm
 26.7Hz  60Hz  100Hz   87.8dB   29l +   9l  * 1x40mm   1206mm
 29.2Hz  64Hz  103Hz   89.4dB   24l +   9l  * 1x40mm   1075mm
 31.9Hz  68Hz  106Hz   90.9dB   20l +   9l  * 1x40mm    958mm
 34.8Hz  72Hz  109Hz   92.5dB   17l +   9l  * 1x40mm    854mm
 38.0Hz  76Hz  112Hz   94.0dB   15l +   9l  * 1x40mm    761mm
 41.4Hz  80Hz  115Hz   95.5dB   13l +   9l  * 1x40mm    678mm
 45.0Hz  85Hz  119Hz   96.9dB   11l +   9l  * 1x40mm    605mm
 48.9Hz  90Hz  123Hz   98.4dB    9l +   9l  * 1x40mm    539mm
 53.0Hz  96Hz  127Hz   99.8dB    8l +   9l  - 1x50mm    750mm
 57.5Hz  87Hz  131Hz  101.2dB   10l +   9l  * 1x40mm    583mm
 62.3Hz  90Hz  136Hz  102.6dB   10l +   9l  * 1x40mm    546mm
 67.3Hz  97Hz  141Hz  103.9dB    8l +   9l  - 1x50mm    723mm
 62.5Hz 103Hz  146Hz  102.6dB    7l +   9l  - 1x50mm    644mm
 68.3Hz 109Hz  152Hz  104.2dB    6l +   9l  - 1x50mm    574mm
 84.7Hz 116Hz  158Hz  107.9dB    5l +   9l  - 1x50mm    512mm
 26.6Hz  65Hz  157Hz   87.8dB   24l +   6l  * 1x40mm   1518mm
 29.3Hz  68Hz  159Hz   89.5dB   20l +   6l  * 1x40mm   1354mm
 32.3Hz  72Hz  162Hz   91.2dB   17l +   6l  * 1x40mm   1206mm
 35.5Hz  77Hz  166Hz   92.8dB   14l +   6l  * 1x40mm   1075mm
 39.1Hz  81Hz  169Hz   94.5dB   12l +   6l  * 1x40mm    958mm
 42.9Hz  86Hz  173Hz   96.1dB   11l +   6l  * 1x40mm    854mm
 47.0Hz  91Hz  177Hz   97.7dB    9l +   6l  * 1x40mm    761mm
 51.4Hz  97Hz  181Hz   99.2dB    8l +   6l  * 1x40mm    678mm
 56.2Hz 102Hz  186Hz  100.8dB    7l +   6l  * 1x40mm    605mm
 61.4Hz 108Hz  191Hz  102.3dB    6l +   6l  * 1x40mm    539mm
 66.9Hz 115Hz  197Hz  103.8dB    5l +   6l  - 1x50mm    750mm
 72.9Hz 122Hz  203Hz  105.3dB    5l +   6l  - 1x50mm    669mm
 79.3Hz 129Hz  209Hz  106.8dB    4l +   6l  - 1x50mm    596mm
 86.1Hz 136Hz  216Hz  108.2dB    4l +   6l  - 1x50mm    531mm
 93.5Hz 145Hz  224Hz  109.6dB    3l +   6l  - 1x50mm    473mm
101.3Hz 153Hz  231Hz  111.0dB    3l +   6l  - 1x50mm    422mm
109.7Hz 162Hz  240Hz  112.4dB    3l +   6l    1x70mm    737mm
-------------
AC_8_HE
            91.0dB           100W       1x70mm
   fu     fb      fo      SplMech  Vb1     Vb2       d         l        C
 19.6Hz  41Hz   85Hz   88.8dB  224l +  23l  * 1x40mm    966mm
 21.5Hz  43Hz   87Hz   90.4dB  153l +  23l  * 1x40mm    861mm
 23.6Hz  46Hz   89Hz   92.0dB  113l +  23l  * 1x40mm    767mm
 25.8Hz  48Hz   91Hz   93.6dB   87l +  23l  * 1x40mm    684mm
 28.2Hz  51Hz   93Hz   95.2dB   70l +  23l  * 1x40mm    610mm
 30.8Hz  54Hz   96Hz   96.7dB   57l +  23l  * 1x40mm    543mm
 33.6Hz  58Hz   99Hz   98.2dB   47l +  23l  - 1x50mm    757mm
 36.6Hz  61Hz  102Hz   99.7dB   39l +  23l  - 1x50mm    674mm
 39.8Hz  65Hz  105Hz  101.1dB   33l +  23l  - 1x50mm    601mm
 43.2Hz  68Hz  108Hz  102.6dB   28l +  23l  - 1x50mm    536mm
 46.9Hz  72Hz  112Hz  104.0dB   24l +  23l  - 1x50mm    477mm
 50.8Hz  77Hz  116Hz  105.4dB   21l +  23l  - 1x50mm    426mm
 55.0Hz  79Hz  120Hz  106.8dB   19l +  23l    1x70mm    781mm
 59.5Hz  86Hz  125Hz  108.1dB   16l +  23l    1x70mm    663mm
 64.3Hz  91Hz  130Hz  109.5dB   14l +  23l    1x70mm    590mm
 69.4Hz  97Hz  135Hz  110.8dB   12l +  23l    1x70mm    526mm
 74.9Hz 102Hz  140Hz  112.1dB   11l +  23l    1x70mm    469mm
 19.6Hz  48Hz   85Hz   88.8dB   94l +  17l  * 1x40mm    966mm
 21.5Hz  50Hz   87Hz   90.4dB   75l +  17l  * 1x40mm    861mm
 23.6Hz  53Hz   89Hz   92.0dB   60l +  17l  * 1x40mm    767mm
 25.8Hz  57Hz   91Hz   93.6dB   50l +  17l  * 1x40mm    684mm
 28.2Hz  60Hz   93Hz   95.2dB   42l +  17l  * 1x40mm    610mm
 30.8Hz  63Hz   96Hz   96.7dB   35l +  17l  * 1x40mm    543mm
 33.6Hz  67Hz   99Hz   98.2dB   30l +  17l  - 1x50mm    757mm
 36.6Hz  71Hz  102Hz   99.7dB   26l +  17l  - 1x50mm    674mm
 39.8Hz  75Hz  105Hz  101.1dB   22l +  17l  - 1x50mm    601mm
 43.2Hz  80Hz  108Hz  102.6dB   19l +  17l  - 1x50mm    536mm
 46.9Hz  85Hz  112Hz  104.0dB   17l +  17l  - 1x50mm    477mm
 50.8Hz  77Hz  116Hz  105.4dB   21l +  17l  - 1x50mm    579mm
 55.0Hz  79Hz  120Hz  106.8dB   19l +  17l  - 1x50mm    542mm
 59.5Hz  86Hz  125Hz  108.1dB   16l +  17l  - 1x50mm    460mm
 55.3Hz  91Hz  130Hz  106.8dB   14l +  17l  - 1x50mm    410mm
 60.4Hz  97Hz  135Hz  108.4dB   12l +  17l    1x70mm    716mm
 74.9Hz 102Hz  140Hz  112.1dB   11l +  17l    1x70mm    638mm
 23.5Hz  57Hz  139Hz   92.0dB   48l +  12l  * 1x40mm    966mm
 25.9Hz  60Hz  141Hz   93.7dB   40l +  12l  * 1x40mm    861mm
 28.6Hz  64Hz  144Hz   95.4dB   34l +  12l  * 1x40mm    768mm
 31.4Hz  68Hz  146Hz   97.0dB   29l +  12l  * 1x40mm    684mm
 34.5Hz  72Hz  150Hz   98.7dB   25l +  12l  * 1x40mm    610mm
 37.9Hz  76Hz  153Hz  100.3dB   21l +  12l  * 1x40mm    543mm
 41.5Hz  81Hz  157Hz  101.9dB   19l +  12l  - 1x50mm    757mm
 45.5Hz  85Hz  160Hz  103.4dB   16l +  12l  - 1x50mm    674mm
 49.7Hz  90Hz  165Hz  105.0dB   14l +  12l  - 1x50mm    601mm
 54.3Hz  96Hz  169Hz  106.5dB   12l +  12l  - 1x50mm    536mm
 59.2Hz 102Hz  174Hz  108.0dB   11l +  12l  - 1x50mm    477mm
 64.4Hz 108Hz  179Hz  109.5dB    9l +  12l  - 1x50mm    426mm
 70.1Hz 114Hz  185Hz  111.0dB    8l +  12l    1x70mm    743mm
 76.1Hz 121Hz  191Hz  112.4dB    7l +  12l    1x70mm    663mm
 82.6Hz 128Hz  198Hz  113.8dB    6l +  12l    1x70mm    590mm
 89.6Hz 135Hz  205Hz  115.2dB    6l +  12l    1x70mm    526mm
 97.0Hz 143Hz  212Hz  116.6dB    5l +  12l    1x70mm    469mm
-------------
AC_10_HE
            90.0dB           150W      1x100mm
   fu     fb      fo      SplMech  Vb1     Vb2       d         l        C
 18.3Hz  38Hz   79Hz   89.5dB  118l +  22l  * 1x50mm   1887mm
 20.1Hz  40Hz   81Hz   91.2dB   93l +  22l  * 1x50mm   1682mm
 22.0Hz  43Hz   83Hz   92.7dB   76l +  22l  * 1x50mm   1499mm
 24.1Hz  45Hz   85Hz   94.3dB   62l +  22l  * 1x50mm   1336mm
 26.3Hz  48Hz   87Hz   95.9dB   52l +  22l  * 1x50mm   1191mm
 28.7Hz  51Hz   90Hz   97.4dB   44l +  22l  * 1x50mm   1061mm
 31.3Hz  54Hz   92Hz   98.9dB   37l +  22l  * 1x50mm    946mm
 34.1Hz  57Hz   95Hz  100.4dB   32l +  22l  * 1x50mm    843mm
 37.1Hz  60Hz   98Hz  101.8dB   27l +  22l  * 1x50mm    751mm
 40.3Hz  64Hz  101Hz  103.3dB   24l +  22l  * 1x50mm    670mm
 43.8Hz  68Hz  105Hz  104.7dB   21l +  22l  * 1x50mm    597mm
 47.4Hz  72Hz  108Hz  106.1dB   18l +  22l  * 1x50mm    532mm
 51.4Hz  74Hz  112Hz  107.5dB   17l +  22l  * 1x50mm    498mm
 55.5Hz  80Hz  116Hz  108.8dB   14l +  22l  * 1x50mm    423mm
 60.0Hz  85Hz  121Hz  110.2dB   12l +  22l  - 1x70mm    738mm
 64.8Hz  90Hz  126Hz  111.5dB   11l +  22l  - 1x70mm    658mm
 69.9Hz  96Hz  131Hz  112.8dB    9l +  22l  - 1x70mm    586mm
 18.3Hz  44Hz   79Hz   89.5dB   66l +  16l  * 1x50mm   1887mm
 20.1Hz  47Hz   81Hz   91.2dB   55l +  16l  * 1x50mm   1682mm
 22.0Hz  50Hz   83Hz   92.7dB   46l +  16l  * 1x50mm   1499mm
 24.1Hz  53Hz   85Hz   94.3dB   39l +  16l  * 1x50mm   1336mm
 26.3Hz  56Hz   87Hz   95.9dB   34l +  16l  * 1x50mm   1191mm
 28.7Hz  59Hz   90Hz   97.4dB   29l +  16l  * 1x50mm   1061mm
 31.3Hz  63Hz   92Hz   98.9dB   25l +  16l  * 1x50mm    946mm
 34.1Hz  66Hz   95Hz  100.4dB   22l +  16l  * 1x50mm    843mm
 37.1Hz  70Hz   98Hz  101.8dB   19l +  16l  * 1x50mm    751mm
 40.3Hz  75Hz  101Hz  103.3dB   16l +  16l  * 1x50mm    670mm
 43.8Hz  79Hz  105Hz  104.7dB   14l +  16l  * 1x50mm    597mm
 47.4Hz  72Hz  108Hz  106.1dB   18l +  16l  * 1x50mm    724mm
 51.4Hz  74Hz  112Hz  107.5dB   17l +  16l  * 1x50mm    678mm
 55.5Hz  80Hz  116Hz  108.8dB   14l +  16l  * 1x50mm    575mm
 51.6Hz  85Hz  121Hz  107.5dB   12l +  16l  * 1x50mm    512mm
 56.3Hz  90Hz  126Hz  109.1dB   11l +  16l  * 1x50mm    457mm
 69.9Hz  96Hz  131Hz  112.8dB    9l +  16l  - 1x70mm    798mm
 21.9Hz  53Hz  129Hz   92.7dB   38l +  11l  * 1x50mm   1887mm
 24.2Hz  56Hz  131Hz   94.4dB   33l +  11l  * 1x50mm   1682mm
 26.7Hz  60Hz  134Hz   96.1dB   28l +  11l  * 1x50mm   1499mm
 29.3Hz  63Hz  137Hz   97.7dB   24l +  11l  * 1x50mm   1336mm
 32.2Hz  67Hz  140Hz   99.4dB   21l +  11l  * 1x50mm   1191mm
 35.4Hz  71Hz  143Hz  101.0dB   18l +  11l  * 1x50mm   1061mm
 38.8Hz  75Hz  146Hz  102.6dB   16l +  11l  * 1x50mm    946mm
 42.4Hz  80Hz  150Hz  104.1dB   14l +  11l  * 1x50mm    843mm
 46.4Hz  84Hz  154Hz  105.7dB   12l +  11l  * 1x50mm    751mm
 50.6Hz  89Hz  158Hz  107.2dB   11l +  11l  * 1x50mm    670mm
 55.2Hz  95Hz  162Hz  108.7dB   10l +  11l  * 1x50mm    597mm
 60.1Hz 100Hz  167Hz  110.2dB    8l +  11l  * 1x50mm    532mm
 65.4Hz 106Hz  173Hz  111.7dB    7l +  11l  * 1x50mm    474mm
 71.0Hz 113Hz  178Hz  113.1dB    7l +  11l  * 1x50mm    423mm
 77.1Hz 119Hz  184Hz  114.5dB    6l +  11l  - 1x70mm    738mm
 83.6Hz 126Hz  191Hz  115.9dB    5l +  11l  - 1x70mm    658mm
 90.5Hz 134Hz  198Hz  117.3dB    5l +  11l  - 1x70mm    586mm
-------------
AC_8SW8
            89.0dB           120W       1x70mm
   fu     fb      fo      SplMech  Vb1     Vb2       d         l        C
 32.1Hz  67Hz  139Hz   98.1dB   11l +   3l  * 1x40mm   2882mm
 35.2Hz  71Hz  142Hz   99.7dB    9l +   3l  * 1x40mm   2569mm
 38.6Hz  75Hz  145Hz  101.3dB    8l +   3l  * 1x40mm   2289mm
 42.3Hz  79Hz  149Hz  102.9dB    7l +   3l  * 1x40mm   2041mm
 46.2Hz  84Hz  153Hz  104.4dB    6l +   3l  * 1x40mm   1818mm
 50.4Hz  89Hz  157Hz  106.0dB    5l +   3l  * 1x40mm   1621mm
 55.0Hz  94Hz  162Hz  107.5dB    4l +   3l  * 1x40mm   1445mm
 59.9Hz 100Hz  167Hz  108.9dB    4l +   3l  * 1x40mm   1288mm
 65.1Hz 106Hz  172Hz  110.4dB    3l +   3l  * 1x40mm   1147mm
 70.8Hz 112Hz  178Hz  111.8dB    3l +   3l  * 1x40mm   1023mm
 76.8Hz 119Hz  184Hz  113.3dB    3l +   3l  * 1x40mm    912mm
 83.3Hz 126Hz  190Hz  114.7dB    2l +   3l  * 1x40mm    812mm
 90.1Hz 130Hz  197Hz  116.0dB    2l +   3l  * 1x40mm    761mm
 97.5Hz 141Hz  204Hz  117.4dB    2l +   3l  * 1x40mm    645mm
105.4Hz 150Hz  212Hz  118.8dB    2l +   3l  * 1x40mm    575mm
113.7Hz 158Hz  220Hz  120.1dB    1l +   3l  * 1x40mm    513mm
122.6Hz 168Hz  229Hz  121.4dB    1l +   3l  - 1x50mm    714mm
 32.1Hz  78Hz  139Hz   98.1dB    7l +   2l  * 1x40mm   2882mm
 35.2Hz  83Hz  142Hz   99.7dB    6l +   2l  * 1x40mm   2568mm
 38.6Hz  87Hz  145Hz  101.3dB    5l +   2l  * 1x40mm   2289mm
 42.3Hz  93Hz  149Hz  102.9dB    5l +   2l  * 1x40mm   2040mm
 46.2Hz  98Hz  153Hz  104.4dB    4l +   2l  * 1x40mm   1819mm
 50.4Hz 104Hz  157Hz  106.0dB    3l +   2l  * 1x40mm   1621mm
 55.0Hz 110Hz  162Hz  107.5dB    3l +   2l  * 1x40mm   1445mm
 59.9Hz 117Hz  167Hz  108.9dB    3l +   2l  * 1x40mm   1287mm
 65.1Hz 123Hz  172Hz  110.4dB    2l +   2l  * 1x40mm   1147mm
 70.8Hz 131Hz  178Hz  111.8dB    2l +   2l  * 1x40mm   1023mm
 76.8Hz 139Hz  184Hz  113.3dB    2l +   2l  * 1x40mm    911mm
 83.3Hz 126Hz  190Hz  114.7dB    2l +   2l  * 1x40mm   1106mm
 90.1Hz 130Hz  197Hz  116.0dB    2l +   2l  * 1x40mm   1036mm
 97.5Hz 141Hz  204Hz  117.4dB    2l +   2l  * 1x40mm    878mm
 90.5Hz 150Hz  212Hz  116.1dB    2l +   2l  * 1x40mm    783mm
 98.9Hz 158Hz  220Hz  117.7dB    1l +   2l  * 1x40mm    698mm
122.6Hz 168Hz  229Hz  121.4dB    1l +   2l  * 1x40mm    622mm
 38.5Hz  93Hz  227Hz  101.3dB    4l +   1l  * 1x40mm   2882mm
 42.5Hz  99Hz  231Hz  103.0dB    4l +   1l  * 1x40mm   2569mm
 46.8Hz 105Hz  235Hz  104.7dB    3l +   1l  * 1x40mm   2290mm
 51.5Hz 111Hz  240Hz  106.3dB    3l +   1l  * 1x40mm   2040mm
 56.6Hz 118Hz  245Hz  107.9dB    3l +   1l  * 1x40mm   1819mm
 62.1Hz 125Hz  250Hz  109.6dB    2l +   1l  * 1x40mm   1621mm
 68.0Hz 132Hz  256Hz  111.2dB    2l +   1l  * 1x40mm   1444mm
 74.5Hz 140Hz  263Hz  112.7dB    2l +   1l  * 1x40mm   1287mm
 81.4Hz 148Hz  270Hz  114.3dB    2l +   1l  * 1x40mm   1147mm
 88.9Hz 157Hz  277Hz  115.8dB    1l +   1l  * 1x40mm   1023mm
 96.9Hz 166Hz  285Hz  117.3dB    1l +   1l  * 1x40mm    911mm
105.5Hz 176Hz  294Hz  118.8dB    1l +   1l  * 1x40mm    812mm
114.8Hz 187Hz  303Hz  120.2dB    1l +   1l  * 1x40mm    724mm
124.7Hz 198Hz  313Hz  121.7dB    1l +   1l  * 1x40mm    645mm
135.3Hz 209Hz  324Hz  123.1dB    1l +   1l  * 1x40mm    575mm
146.7Hz 222Hz  335Hz  124.5dB    1l +   1l  * 1x40mm    513mm
158.8Hz 235Hz  347Hz  125.9dB    1l +   1l  - 1x50mm    714mm
-------------
AC_8SW4
            92.0dB           120W       1x70mm
   fu     fb      fo      SplMech  Vb1     Vb2       d         l        C
 29.0Hz  60Hz  125Hz   94.4dB   14l +   3l  * 1x40mm   3007mm
 31.8Hz  64Hz  128Hz   96.0dB   12l +   3l  * 1x40mm   2680mm
 34.9Hz  68Hz  131Hz   97.6dB   10l +   3l  * 1x40mm   2389mm
 38.2Hz  72Hz  135Hz   99.2dB    8l +   3l  * 1x40mm   2129mm
 41.7Hz  76Hz  138Hz  100.7dB    7l +   3l  * 1x40mm   1897mm
 45.6Hz  80Hz  142Hz  102.3dB    6l +   3l  * 1x40mm   1691mm
 49.7Hz  85Hz  146Hz  103.8dB    5l +   3l  * 1x40mm   1507mm
 54.1Hz  90Hz  151Hz  105.2dB    5l +   3l  * 1x40mm   1344mm
 58.9Hz  96Hz  155Hz  106.7dB    4l +   3l  * 1x40mm   1197mm
 64.0Hz 101Hz  160Hz  108.1dB    4l +   3l  * 1x40mm   1067mm
 69.4Hz 107Hz  166Hz  109.6dB    3l +   3l  * 1x40mm    951mm
 75.2Hz 114Hz  172Hz  111.0dB    3l +   3l  * 1x40mm    848mm
 81.5Hz 117Hz  178Hz  112.3dB    3l +   3l  * 1x40mm    794mm
 88.1Hz 128Hz  185Hz  113.7dB    2l +   3l  * 1x40mm    673mm
 95.2Hz 135Hz  192Hz  115.1dB    2l +   3l  * 1x40mm    600mm
102.8Hz 143Hz  199Hz  116.4dB    2l +   3l  * 1x40mm    535mm
110.8Hz 152Hz  207Hz  117.7dB    1l +   3l  - 1x50mm    745mm
 29.0Hz  70Hz  125Hz   94.4dB    9l +   3l  * 1x40mm   3007mm
 31.8Hz  75Hz  128Hz   96.0dB    8l +   3l  * 1x40mm   2680mm
 34.9Hz  79Hz  131Hz   97.6dB    6l +   3l  * 1x40mm   2389mm
 38.2Hz  84Hz  135Hz   99.2dB    6l +   3l  * 1x40mm   2129mm
 41.7Hz  89Hz  138Hz  100.7dB    5l +   3l  * 1x40mm   1898mm
 45.6Hz  94Hz  142Hz  102.3dB    4l +   3l  * 1x40mm   1691mm
 49.7Hz  99Hz  146Hz  103.8dB    4l +   3l  * 1x40mm   1507mm
 54.1Hz 105Hz  151Hz  105.2dB    3l +   3l  * 1x40mm   1343mm
 58.9Hz 112Hz  155Hz  106.7dB    3l +   3l  * 1x40mm   1197mm
 64.0Hz 118Hz  160Hz  108.1dB    2l +   3l  * 1x40mm   1067mm
 69.4Hz 125Hz  166Hz  109.6dB    2l +   3l  * 1x40mm    951mm
 75.2Hz 114Hz  172Hz  111.0dB    3l +   3l  * 1x40mm   1154mm
 81.5Hz 117Hz  178Hz  112.3dB    3l +   3l  * 1x40mm   1081mm
 88.1Hz 128Hz  185Hz  113.7dB    2l +   3l  * 1x40mm    916mm
 81.8Hz 135Hz  192Hz  112.4dB    2l +   3l  * 1x40mm    817mm
 89.4Hz 143Hz  199Hz  114.0dB    2l +   3l  * 1x40mm    728mm
110.8Hz 152Hz  207Hz  117.7dB    1l +   3l  * 1x40mm    649mm
 34.8Hz  84Hz  205Hz   97.6dB    5l +   2l  * 1x40mm   3007mm
 38.4Hz  89Hz  209Hz   99.3dB    5l +   2l  * 1x40mm   2681mm
 42.3Hz  95Hz  212Hz  101.0dB    4l +   2l  * 1x40mm   2389mm
 46.5Hz 100Hz  217Hz  102.6dB    4l +   2l  * 1x40mm   2129mm
 51.1Hz 106Hz  221Hz  104.3dB    3l +   2l  * 1x40mm   1898mm
 56.1Hz 113Hz  226Hz  105.9dB    3l +   2l  * 1x40mm   1691mm
 61.5Hz 119Hz  232Hz  107.5dB    2l +   2l  * 1x40mm   1507mm
 67.3Hz 126Hz  237Hz  109.0dB    2l +   2l  * 1x40mm   1343mm
 73.5Hz 134Hz  244Hz  110.6dB    2l +   2l  * 1x40mm   1197mm
 80.3Hz 142Hz  250Hz  112.1dB    2l +   2l  * 1x40mm   1067mm
 87.6Hz 150Hz  258Hz  113.6dB    1l +   2l  * 1x40mm    951mm
 95.4Hz 159Hz  266Hz  115.1dB    1l +   2l  * 1x40mm    848mm
103.7Hz 169Hz  274Hz  116.5dB    1l +   2l  * 1x40mm    755mm
112.7Hz 179Hz  283Hz  118.0dB    1l +   2l  * 1x40mm    673mm
122.3Hz 189Hz  292Hz  119.4dB    1l +   2l  * 1x40mm    600mm
132.6Hz 200Hz  303Hz  120.8dB    1l +   2l  * 1x40mm    535mm
143.5Hz 212Hz  314Hz  122.2dB    1l +   2l  - 1x50mm    745mm
-------------
AC_10SW8
            89.0dB           170W      1x100mm
   fu     fb      fo      SplMech  Vb1     Vb2       d         l        C
 18.6Hz  39Hz   80Hz   92.9dB   95l +  14l  * 1x50mm   2905mm
 20.4Hz  41Hz   82Hz   94.5dB   71l +  14l  * 1x50mm   2589mm
 22.4Hz  43Hz   84Hz   96.1dB   55l +  14l  * 1x50mm   2307mm
 24.5Hz  46Hz   86Hz   97.7dB   44l +  14l  * 1x50mm   2057mm
 26.8Hz  49Hz   89Hz   99.3dB   36l +  14l  * 1x50mm   1833mm
 29.2Hz  52Hz   91Hz  100.8dB   30l +  14l  * 1x50mm   1634mm
 31.9Hz  55Hz   94Hz  102.3dB   25l +  14l  * 1x50mm   1456mm
 34.7Hz  58Hz   97Hz  103.8dB   21l +  14l  * 1x50mm   1298mm
 37.8Hz  61Hz  100Hz  105.2dB   18l +  14l  * 1x50mm   1156mm
 41.0Hz  65Hz  103Hz  106.7dB   16l +  14l  * 1x50mm   1031mm
 44.5Hz  69Hz  106Hz  108.1dB   13l +  14l  * 1x50mm    919mm
 48.3Hz  73Hz  110Hz  109.5dB   12l +  14l  * 1x50mm    819mm
 52.2Hz  75Hz  114Hz  110.9dB   11l +  14l  * 1x50mm    767mm
 56.5Hz  82Hz  118Hz  112.2dB    9l +  14l  * 1x50mm    650mm
 61.1Hz  87Hz  123Hz  113.6dB    8l +  14l  * 1x50mm    580mm
 65.9Hz  92Hz  128Hz  114.9dB    7l +  14l  * 1x50mm    517mm
 71.1Hz  97Hz  133Hz  116.2dB    6l +  14l  * 1x50mm    460mm
 18.6Hz  45Hz   80Hz   92.9dB   47l +  10l  * 1x50mm   2905mm
 20.4Hz  48Hz   82Hz   94.5dB   38l +  10l  * 1x50mm   2589mm
 22.4Hz  51Hz   84Hz   96.1dB   32l +  10l  * 1x50mm   2307mm
 24.5Hz  54Hz   86Hz   97.7dB   27l +  10l  * 1x50mm   2057mm
 26.8Hz  57Hz   89Hz   99.3dB   22l +  10l  * 1x50mm   1833mm
 29.2Hz  60Hz   91Hz  100.8dB   19l +  10l  * 1x50mm   1633mm
 31.9Hz  64Hz   94Hz  102.3dB   16l +  10l  * 1x50mm   1456mm
 34.7Hz  68Hz   97Hz  103.8dB   14l +  10l  * 1x50mm   1298mm
 37.8Hz  72Hz  100Hz  105.2dB   12l +  10l  * 1x50mm   1157mm
 41.0Hz  76Hz  103Hz  106.7dB   11l +  10l  * 1x50mm   1031mm
 44.5Hz  80Hz  106Hz  108.1dB    9l +  10l  * 1x50mm    919mm
 48.3Hz  73Hz  110Hz  109.5dB   12l +  10l  * 1x50mm   1114mm
 52.2Hz  75Hz  114Hz  110.9dB   11l +  10l  * 1x50mm   1044mm
 56.5Hz  82Hz  118Hz  112.2dB    9l +  10l  * 1x50mm    885mm
 52.5Hz  87Hz  123Hz  110.9dB    8l +  10l  * 1x50mm    789mm
 57.3Hz  92Hz  128Hz  112.5dB    7l +  10l  * 1x50mm    703mm
 71.1Hz  97Hz  133Hz  116.2dB    6l +  10l  * 1x50mm    627mm
 22.3Hz  54Hz  131Hz   96.1dB   26l +   7l  * 1x50mm   2905mm
 24.6Hz  57Hz  134Hz   97.8dB   22l +   7l  * 1x50mm   2589mm
 27.1Hz  61Hz  136Hz   99.5dB   19l +   7l  * 1x50mm   2308mm
 29.8Hz  64Hz  139Hz  101.1dB   16l +   7l  * 1x50mm   2057mm
 32.8Hz  68Hz  142Hz  102.8dB   14l +   7l  * 1x50mm   1833mm
 36.0Hz  72Hz  145Hz  104.4dB   12l +   7l  * 1x50mm   1634mm
 39.4Hz  77Hz  149Hz  106.0dB   10l +   7l  * 1x50mm   1456mm
 43.2Hz  81Hz  152Hz  107.5dB    9l +   7l  * 1x50mm   1298mm
 47.2Hz  86Hz  156Hz  109.1dB    8l +   7l  * 1x50mm   1157mm
 51.5Hz  91Hz  161Hz  110.6dB    7l +   7l  * 1x50mm   1031mm
 56.2Hz  96Hz  165Hz  112.1dB    6l +   7l  * 1x50mm    919mm
 61.2Hz 102Hz  170Hz  113.6dB    5l +   7l  * 1x50mm    819mm
 66.5Hz 108Hz  176Hz  115.1dB    5l +   7l  * 1x50mm    730mm
 72.3Hz 115Hz  181Hz  116.5dB    4l +   7l  * 1x50mm    650mm
 78.4Hz 121Hz  188Hz  117.9dB    4l +   7l  * 1x50mm    580mm
 85.0Hz 128Hz  194Hz  119.3dB    3l +   7l  * 1x50mm    517mm
 92.1Hz 136Hz  201Hz  120.7dB    3l +   7l  * 1x50mm    460mm
-------------
AC_10SW4
            92.0dB           170W      1x100mm
   fu     fb      fo      SplMech  Vb1     Vb2       d         l        C
 24.7Hz  51Hz  107Hz   97.9dB   21l +   6l  * 1x50mm   3851mm
 27.1Hz  54Hz  109Hz   99.5dB   18l +   6l  * 1x50mm   3433mm
 29.7Hz  58Hz  112Hz  101.1dB   15l +   6l  * 1x50mm   3059mm
 32.5Hz  61Hz  115Hz  102.6dB   13l +   6l  * 1x50mm   2727mm
 35.6Hz  65Hz  118Hz  104.2dB   11l +   6l  * 1x50mm   2430mm
 38.8Hz  69Hz  121Hz  105.7dB   10l +   6l  * 1x50mm   2166mm
 42.4Hz  73Hz  125Hz  107.2dB    9l +   6l  * 1x50mm   1930mm
 46.1Hz  77Hz  128Hz  108.7dB    7l +   6l  * 1x50mm   1721mm
 50.2Hz  82Hz  132Hz  110.2dB    7l +   6l  * 1x50mm   1533mm
 54.5Hz  86Hz  137Hz  111.6dB    6l +   6l  * 1x50mm   1367mm
 59.2Hz  91Hz  141Hz  113.0dB    5l +   6l  * 1x50mm   1218mm
 64.1Hz  97Hz  146Hz  114.4dB    4l +   6l  * 1x50mm   1086mm
 69.4Hz 100Hz  152Hz  115.8dB    4l +   6l  * 1x50mm   1017mm
 75.1Hz 109Hz  157Hz  117.2dB    3l +   6l  * 1x50mm    862mm
 81.1Hz 115Hz  163Hz  118.5dB    3l +   6l  * 1x50mm    768mm
 87.6Hz 122Hz  170Hz  119.8dB    3l +   6l  * 1x50mm    685mm
 94.5Hz 129Hz  177Hz  121.2dB    2l +   6l  * 1x50mm    610mm
 24.7Hz  60Hz  107Hz   97.9dB   14l +   4l  * 1x50mm   3852mm
 27.1Hz  64Hz  109Hz   99.5dB   12l +   4l  * 1x50mm   3432mm
 29.7Hz  67Hz  112Hz  101.1dB   10l +   4l  * 1x50mm   3059mm
 32.5Hz  71Hz  115Hz  102.6dB    9l +   4l  * 1x50mm   2727mm
 35.6Hz  76Hz  118Hz  104.2dB    8l +   4l  * 1x50mm   2430mm
 38.8Hz  80Hz  121Hz  105.7dB    7l +   4l  * 1x50mm   2166mm
 42.4Hz  85Hz  125Hz  107.2dB    6l +   4l  * 1x50mm   1930mm
 46.1Hz  90Hz  128Hz  108.7dB    5l +   4l  * 1x50mm   1721mm
 50.2Hz  95Hz  132Hz  110.2dB    5l +   4l  * 1x50mm   1533mm
 54.5Hz 101Hz  137Hz  111.6dB    4l +   4l  * 1x50mm   1367mm
 59.2Hz 107Hz  141Hz  113.0dB    4l +   4l  * 1x50mm   1218mm
 64.1Hz  97Hz  146Hz  114.4dB    4l +   4l  * 1x50mm   1478mm
 69.4Hz 100Hz  152Hz  115.8dB    4l +   4l  * 1x50mm   1384mm
 75.1Hz 109Hz  157Hz  117.2dB    3l +   4l  * 1x50mm   1174mm
 69.7Hz 115Hz  163Hz  115.9dB    3l +   4l  * 1x50mm   1046mm
 76.2Hz 122Hz  170Hz  117.4dB    3l +   4l  * 1x50mm    932mm
 94.5Hz 129Hz  177Hz  121.2dB    2l +   4l  * 1x50mm    831mm
 29.7Hz  72Hz  175Hz  101.0dB    9l +   3l  * 1x50mm   3851mm
 32.7Hz  76Hz  178Hz  102.7dB    8l +   3l  * 1x50mm   3433mm
 36.0Hz  81Hz  181Hz  104.4dB    7l +   3l  * 1x50mm   3060mm
 39.6Hz  86Hz  185Hz  106.1dB    6l +   3l  * 1x50mm   2727mm
 43.6Hz  91Hz  189Hz  107.7dB    5l +   3l  * 1x50mm   2430mm
 47.8Hz  96Hz  193Hz  109.3dB    5l +   3l  * 1x50mm   2166mm
 52.4Hz 102Hz  197Hz  110.9dB    4l +   3l  * 1x50mm   1930mm
 57.3Hz 108Hz  202Hz  112.5dB    4l +   3l  * 1x50mm   1720mm
 62.7Hz 114Hz  208Hz  114.0dB    3l +   3l  * 1x50mm   1533mm
 68.4Hz 121Hz  213Hz  115.6dB    3l +   3l  * 1x50mm   1366mm
 74.6Hz 128Hz  220Hz  117.1dB    2l +   3l  * 1x50mm   1218mm
 81.3Hz 136Hz  226Hz  118.5dB    2l +   3l  * 1x50mm   1086mm
 88.4Hz 144Hz  233Hz  120.0dB    2l +   3l  * 1x50mm    968mm
 96.0Hz 152Hz  241Hz  121.4dB    2l +   3l  * 1x50mm    862mm
104.2Hz 161Hz  249Hz  122.9dB    2l +   3l  * 1x50mm    769mm
113.0Hz 171Hz  258Hz  124.3dB    1l +   3l  * 1x50mm    685mm
122.3Hz 181Hz  267Hz  125.6dB    1l +   3l  * 1x50mm    610mm
-------------
AC_12SW8
            90.0dB           250W      2x100mm
   fu     fb      fo      SplMech  Vb1     Vb2       d         l        C
 24.4Hz  51Hz  106Hz  103.6dB   30l +   9l  * 1x70mm   5107mm
 26.8Hz  54Hz  108Hz  105.3dB   26l +   9l  * 1x70mm   4552mm
 29.4Hz  57Hz  111Hz  106.8dB   22l +   9l  * 1x70mm   4056mm
 32.1Hz  60Hz  113Hz  108.4dB   19l +   9l  * 1x70mm   3616mm
 35.1Hz  64Hz  116Hz  110.0dB   17l +   9l  * 1x70mm   3222mm
 38.4Hz  68Hz  120Hz  111.5dB   15l +   9l  * 1x70mm   2872mm
 41.8Hz  72Hz  123Hz  113.0dB   13l +   9l  * 1x70mm   2560mm
 45.6Hz  76Hz  127Hz  114.5dB   11l +   9l  * 1x70mm   2281mm
 49.5Hz  80Hz  131Hz  115.9dB   10l +   9l  * 1x70mm   2033mm
 53.8Hz  85Hz  135Hz  117.4dB    9l +   9l  * 1x70mm   1812mm
 58.4Hz  90Hz  140Hz  118.8dB    8l +   9l  * 1x70mm   1615mm
 63.3Hz  96Hz  145Hz  120.2dB    7l +   9l  * 1x70mm   1440mm
 68.6Hz  99Hz  150Hz  121.6dB    6l +   9l  * 1x70mm   1348mm
 74.2Hz 107Hz  155Hz  122.9dB    5l +   9l  * 1x70mm   1143mm
 80.1Hz 114Hz  161Hz  124.3dB    5l +   9l  * 1x70mm   1019mm
 86.5Hz 120Hz  168Hz  125.6dB    4l +   9l  * 1x70mm    908mm
 93.3Hz 128Hz  174Hz  126.9dB    4l +   9l  * 1x70mm    809mm
 24.4Hz  59Hz  106Hz  103.6dB   20l +   6l  * 1x70mm   5107mm
 26.8Hz  63Hz  108Hz  105.3dB   17l +   6l  * 1x70mm   4551mm
 29.4Hz  66Hz  111Hz  106.8dB   15l +   6l  * 1x70mm   4056mm
 32.1Hz  70Hz  113Hz  108.4dB   13l +   6l  * 1x70mm   3616mm
 35.1Hz  75Hz  116Hz  110.0dB   12l +   6l  * 1x70mm   3223mm
 38.4Hz  79Hz  120Hz  111.5dB   10l +   6l  * 1x70mm   2872mm
 41.8Hz  84Hz  123Hz  113.0dB    9l +   6l  * 1x70mm   2560mm
 45.6Hz  89Hz  127Hz  114.5dB    8l +   6l  * 1x70mm   2281mm
 49.5Hz  94Hz  131Hz  115.9dB    7l +   6l  * 1x70mm   2033mm
 53.8Hz  99Hz  135Hz  117.4dB    6l +   6l  * 1x70mm   1812mm
 58.4Hz 105Hz  140Hz  118.8dB    5l +   6l  * 1x70mm   1615mm
 63.3Hz  96Hz  145Hz  120.2dB    7l +   6l  * 1x70mm   1959mm
 68.6Hz  99Hz  150Hz  121.6dB    6l +   6l  * 1x70mm   1835mm
 74.2Hz 107Hz  155Hz  122.9dB    5l +   6l  * 1x70mm   1556mm
 68.9Hz 114Hz  161Hz  121.6dB    5l +   6l  * 1x70mm   1387mm
 75.2Hz 120Hz  168Hz  123.2dB    4l +   6l  * 1x70mm   1236mm
 93.3Hz 128Hz  174Hz  126.9dB    4l +   6l  * 1x70mm   1102mm
 29.3Hz  71Hz  173Hz  106.8dB   13l +   4l  * 1x70mm   5107mm
 32.3Hz  75Hz  176Hz  108.5dB   11l +   4l  * 1x70mm   4552mm
 35.6Hz  80Hz  179Hz  110.2dB   10l +   4l  * 1x70mm   4057mm
 39.1Hz  84Hz  182Hz  111.8dB    9l +   4l  * 1x70mm   3616mm
 43.0Hz  89Hz  186Hz  113.5dB    8l +   4l  * 1x70mm   3223mm
 47.2Hz  95Hz  190Hz  115.1dB    7l +   4l  * 1x70mm   2872mm
 51.7Hz 100Hz  195Hz  116.7dB    6l +   4l  * 1x70mm   2559mm
 56.6Hz 106Hz  200Hz  118.2dB    5l +   4l  * 1x70mm   2281mm
 61.9Hz 113Hz  205Hz  119.8dB    5l +   4l  * 1x70mm   2033mm
 67.6Hz 119Hz  211Hz  121.3dB    4l +   4l  * 1x70mm   1812mm
 73.7Hz 126Hz  217Hz  122.8dB    4l +   4l  * 1x70mm   1615mm
 80.2Hz 134Hz  223Hz  124.3dB    3l +   4l  * 1x70mm   1439mm
 87.3Hz 142Hz  231Hz  125.8dB    3l +   4l  * 1x70mm   1283mm
 94.8Hz 150Hz  238Hz  127.2dB    3l +   4l  * 1x70mm   1143mm
102.9Hz 159Hz  246Hz  128.6dB    2l +   4l  * 1x70mm   1019mm
111.6Hz 169Hz  255Hz  130.0dB    2l +   4l  * 1x70mm    908mm
120.8Hz 179Hz  264Hz  131.4dB    2l +   4l  * 1x70mm    809mm
-------------
AC_12SW4
            93.0dB           250W      2x100mm
   fu     fb      fo      SplMech  Vb1     Vb2       d         l        C
 23.9Hz  50Hz  103Hz  101.8dB   26l +   8l  * 1x70mm   6186mm
 26.2Hz  53Hz  106Hz  103.4dB   22l +   8l  * 1x70mm   5514mm
 28.7Hz  56Hz  108Hz  105.0dB   19l +   8l  * 1x70mm   4914mm
 31.4Hz  59Hz  111Hz  106.6dB   16l +   8l  * 1x70mm   4381mm
 34.3Hz  62Hz  114Hz  108.1dB   14l +   8l  * 1x70mm   3903mm
 37.5Hz  66Hz  117Hz  109.6dB   12l +   8l  * 1x70mm   3479mm
 40.9Hz  70Hz  120Hz  111.1dB   11l +   8l  * 1x70mm   3101mm
 44.5Hz  74Hz  124Hz  112.6dB   10l +   8l  * 1x70mm   2764mm
 48.4Hz  79Hz  128Hz  114.1dB    8l +   8l  * 1x70mm   2463mm
 52.6Hz  83Hz  132Hz  115.5dB    7l +   8l  * 1x70mm   2195mm
 57.1Hz  88Hz  136Hz  116.9dB    7l +   8l  * 1x70mm   1957mm
 61.9Hz  93Hz  141Hz  118.3dB    6l +   8l  * 1x70mm   1744mm
 67.0Hz  97Hz  146Hz  119.7dB    5l +   8l  * 1x70mm   1633mm
 72.5Hz 105Hz  152Hz  121.1dB    5l +   8l  * 1x70mm   1385mm
 78.3Hz 111Hz  158Hz  122.4dB    4l +   8l  * 1x70mm   1234mm
 84.5Hz 118Hz  164Hz  123.8dB    4l +   8l  * 1x70mm   1100mm
 91.1Hz 125Hz  170Hz  125.1dB    3l +   8l  * 1x70mm    980mm
 23.9Hz  58Hz  103Hz  101.8dB   17l +   6l  * 1x70mm   6187mm
 26.2Hz  61Hz  106Hz  103.4dB   15l +   6l  * 1x70mm   5513mm
 28.7Hz  65Hz  108Hz  105.0dB   13l +   6l  * 1x70mm   4914mm
 31.4Hz  69Hz  111Hz  106.6dB   11l +   6l  * 1x70mm   4380mm
 34.3Hz  73Hz  114Hz  108.1dB   10l +   6l  * 1x70mm   3904mm
 37.5Hz  77Hz  117Hz  109.6dB    9l +   6l  * 1x70mm   3479mm
 40.9Hz  82Hz  120Hz  111.1dB    8l +   6l  * 1x70mm   3101mm
 44.5Hz  87Hz  124Hz  112.6dB    7l +   6l  * 1x70mm   2764mm
 48.4Hz  92Hz  128Hz  114.1dB    6l +   6l  * 1x70mm   2463mm
 52.6Hz  97Hz  132Hz  115.5dB    5l +   6l  * 1x70mm   2195mm
 57.1Hz 103Hz  136Hz  116.9dB    5l +   6l  * 1x70mm   1957mm
 61.9Hz  93Hz  141Hz  118.3dB    6l +   6l  * 1x70mm   2374mm
 67.0Hz  97Hz  146Hz  119.7dB    5l +   6l  * 1x70mm   2223mm
 72.5Hz 105Hz  152Hz  121.1dB    5l +   6l  * 1x70mm   1885mm
 67.3Hz 111Hz  158Hz  119.8dB    4l +   6l  * 1x70mm   1680mm
 73.5Hz 118Hz  164Hz  121.3dB    4l +   6l  * 1x70mm   1498mm
 91.1Hz 125Hz  170Hz  125.1dB    3l +   6l  * 1x70mm   1335mm
 28.6Hz  69Hz  169Hz  105.0dB   11l +   4l  * 1x70mm   6186mm
 31.6Hz  74Hz  172Hz  106.6dB   10l +   4l  * 1x70mm   5515mm
 34.8Hz  78Hz  175Hz  108.3dB    9l +   4l  * 1x70mm   4915mm
 38.3Hz  83Hz  178Hz  110.0dB    8l +   4l  * 1x70mm   4380mm
 42.0Hz  87Hz  182Hz  111.6dB    7l +   4l  * 1x70mm   3904mm
 46.1Hz  93Hz  186Hz  113.2dB    6l +   4l  * 1x70mm   3479mm
 50.6Hz  98Hz  191Hz  114.8dB    5l +   4l  * 1x70mm   3100mm
 55.3Hz 104Hz  195Hz  116.4dB    5l +   4l  * 1x70mm   2763mm
 60.5Hz 110Hz  200Hz  117.9dB    4l +   4l  * 1x70mm   2463mm
 66.0Hz 117Hz  206Hz  119.5dB    4l +   4l  * 1x70mm   2195mm
 72.0Hz 124Hz  212Hz  121.0dB    3l +   4l  * 1x70mm   1957mm
 78.4Hz 131Hz  218Hz  122.5dB    3l +   4l  * 1x70mm   1744mm
 85.3Hz 139Hz  225Hz  123.9dB    3l +   4l  * 1x70mm   1554mm
 92.7Hz 147Hz  233Hz  125.4dB    2l +   4l  * 1x70mm   1385mm
100.6Hz 156Hz  241Hz  126.8dB    2l +   4l  * 1x70mm   1234mm
109.0Hz 165Hz  249Hz  128.2dB    2l +   4l  * 1x70mm   1100mm
118.0Hz 175Hz  258Hz  129.6dB    2l +   4l  * 1x70mm    981mm
