-------------
AC_5_25_HE-S
-------------
 85.0dB             2.8l (1.1)                80W
SplMech  Pmech SplEle     f3

 90.3dB    50W  92.3dB @  38Hz   13
 91.2dB    50W  93.2dB @  40Hz   12
 92.1dB    51W  94.1dB @  42Hz   12
 92.9dB    51W  94.9dB @  44Hz   11
 93.7dB    51W  95.7dB @  46Hz   10
 94.4dB    51W  96.4dB @  48Hz    9
-------------
AC_6_5_HE
-------------
 90.0dB             5.6l (1.1)                80W
SplMech  Pmech SplEle     f3

 91.0dB    50W  93.0dB @  32Hz   15
 92.0dB    50W  94.1dB @  34Hz   14
 93.0dB    50W  95.1dB @  36Hz   13
 94.0dB    50W  96.0dB @  38Hz   12
 94.9dB    50W  96.9dB @  40Hz   11
 95.7dB    50W  97.7dB @  42Hz   10
 96.5dB    50W  98.5dB @  44Hz    9
 97.3dB    51W  99.3dB @  46Hz    9
 98.0dB    51W 100.0dB @  48Hz    8
-------------
AC_8_HE
-------------
 91.0dB            11.3l (1.1)               100W
SplMech  Pmech SplEle     f3

 90.8dB    97W  90.9dB @  22Hz   19
 92.3dB    98W  92.5dB @  24Hz   18
 93.7dB    98W  93.8dB @  26Hz   16
 95.0dB    98W  95.1dB @  28Hz   15
           25W  90.3dB @  30Hz 
           31W  91.3dB @  30Hz 
           40W  92.3dB @  30Hz 
           50W  93.3dB @  30Hz 
           63W  94.3dB @  30Hz 
           79W  95.3dB @  30Hz 
 96.2dB    98W  96.3dB @  30Hz   14
 97.3dB    98W  97.4dB @  32Hz   13
 98.4dB    98W  98.5dB @  34Hz   12
 99.4dB    98W  99.5dB @  36Hz   11
100.3dB    98W 100.4dB @  38Hz   10
101.2dB    98W 101.3dB @  40Hz    9
102.1dB    98W 102.1dB @  42Hz    8
102.9dB    98W 102.9dB @  44Hz    7
103.6dB    98W 103.7dB @  46Hz    6
104.4dB    98W 104.5dB @  48Hz    6
-------------
AC_10_HE
-------------
 90.0dB            10.0l (1.1)               150W
SplMech  Pmech SplEle     f3

          150W  90.9dB @  20Hz 
 91.1dB   158W  90.9dB @  20Hz   20
 92.7dB   158W  92.5dB @  22Hz   18
 94.3dB   158W  94.0dB @  24Hz   16
 95.6dB   158W  95.4dB @  26Hz   15
 96.9dB   158W  96.7dB @  28Hz   14
           30W  90.9dB @  30Hz 
           37W  91.9dB @  30Hz 
           47W  92.9dB @  30Hz 
           60W  93.9dB @  30Hz 
           75W  94.9dB @  30Hz 
           94W  95.9dB @  30Hz 
          119W  96.9dB @  30Hz 
          150W  97.9dB @  30Hz 
 98.1dB   159W  97.9dB @  30Hz   13
 99.3dB   159W  99.0dB @  32Hz   11
100.3dB   159W 100.1dB @  34Hz   10
101.3dB   159W 101.0dB @  36Hz    9
102.2dB   159W 102.0dB @  38Hz    8
103.1dB   159W 102.9dB @  40Hz    8
104.0dB   159W 103.7dB @  42Hz    7
104.8dB   159W 104.5dB @  44Hz    6
105.6dB   160W 105.3dB @  46Hz    5
106.3dB   160W 106.0dB @  48Hz    4
-------------
AC_10SW8
-------------
 89.0dB             6.4l (1.1)               170W
SplMech  Pmech SplEle     f3

 95.8dB   507W  91.1dB @  22Hz   18
 97.4dB   508W  92.6dB @  24Hz   17
 98.7dB   509W  94.0dB @  26Hz   15
100.0dB   509W  95.3dB @  28Hz   14
           42W  90.4dB @  30Hz 
           54W  91.4dB @  30Hz 
           67W  92.4dB @  30Hz 
           85W  93.5dB @  30Hz 
          107W  94.5dB @  30Hz 
          135W  95.5dB @  30Hz 
          170W  96.5dB @  30Hz 
101.2dB   510W  96.5dB @  30Hz   13
102.4dB   510W  97.6dB @  32Hz   12
103.4dB   510W  98.6dB @  34Hz   11
104.4dB   511W  99.6dB @  36Hz   10
105.3dB   511W 100.6dB @  38Hz    9
106.2dB   512W 101.4dB @  40Hz    8
107.1dB   512W 102.3dB @  42Hz    7
107.9dB   512W 103.1dB @  44Hz    6
108.7dB   513W 103.9dB @  46Hz    5
109.4dB   513W 104.6dB @  48Hz    5
-------------
AC_10SW4
-------------
 92.0dB             2.6l (1.1)               170W
SplMech  Pmech SplEle     f3

103.4dB  3111W  90.8dB @  34Hz   16
104.4dB  3113W  91.8dB @  36Hz   15
105.3dB  3116W  92.7dB @  38Hz   14
106.2dB  3118W  93.6dB @  40Hz   13
107.1dB  3120W  94.4dB @  42Hz   12
107.9dB  3122W  95.2dB @  44Hz   11
108.7dB  3124W  96.0dB @  46Hz   10
109.4dB  3126W  96.8dB @  48Hz   10
-------------
AC_12SW8
-------------
 90.0dB             3.9l (1.1)               250W
SplMech  Pmech SplEle     f3

103.3dB  3955W  91.3dB @  24Hz   21
104.7dB  3960W  92.7dB @  26Hz   20
106.0dB  3964W  94.0dB @  28Hz   19
           79W  90.2dB @  30Hz 
           99W  91.2dB @  30Hz 
          125W  92.2dB @  30Hz 
          157W  93.2dB @  30Hz 
          198W  94.2dB @  30Hz 
          250W  95.2dB @  30Hz 
107.2dB  3967W  95.2dB @  30Hz   18
108.3dB  3971W  96.3dB @  32Hz   16
109.4dB  3974W  97.4dB @  34Hz   15
110.4dB  3977W  98.4dB @  36Hz   14
111.3dB  3980W  99.3dB @  38Hz   13
112.2dB  3983W 100.2dB @  40Hz   13
113.1dB  3986W 101.0dB @  42Hz   12
113.9dB  3988W 101.8dB @  44Hz   11
114.6dB  3991W 102.6dB @  46Hz   10
115.4dB  3993W 103.3dB @  48Hz    9
-------------
AC_12SW4
-------------
 93.0dB             3.3l (1.1)               250W
SplMech  Pmech SplEle     f3

104.6dB  6430W  90.5dB @  28Hz   18
          198W  90.7dB @  30Hz 
          250W  91.7dB @  30Hz 
105.8dB  6436W  91.7dB @  30Hz   17
106.9dB  6442W  92.8dB @  32Hz   16
107.9dB  6447W  93.8dB @  34Hz   15
108.9dB  6452W  94.8dB @  36Hz   14
109.9dB  6457W  95.7dB @  38Hz   13
110.8dB  6461W  96.6dB @  40Hz   12
111.6dB  6466W  97.5dB @  42Hz   11
112.4dB  6470W  98.3dB @  44Hz   11
113.2dB  6474W  99.1dB @  46Hz   10
113.9dB  6478W  99.8dB @  48Hz    9
