-------------
AC_5_25_HE-S
      85.0dB                             80W
Rpre   Spl      qtc    Vb     SplMech Pmech SplEle      f3

0.20  87.5dB:   0.5   49.4l: (103.5dB    48W 105.7dB) @  81Hz
                0.6   17.1l: (102.5dB    38W 105.7dB) @  77Hz
                0.7    9.6l: (102.6dB    39W 105.7dB) @  77Hz
                0.8    6.4l: (104.0dB    54W 105.7dB) @  83Hz
                0.9    4.7l: (104.5dB    60W 105.7dB) @  86Hz
                1.0    3.6l: (105.0dB    68W 105.7dB) @  88Hz
                1.1    2.8l: (105.8dB    81W 105.7dB) @  92Hz
                1.1    2.8l: (102.9dB    42W 105.7dB) @  78Hz (  422uF)

0.60  87.2dB:   0.5   84.5l: (102.6dB    42W 105.5dB) @  77Hz
                0.6   21.6l: (101.6dB    33W 105.5dB) @  73Hz
                0.7   11.5l: (101.7dB    33W 105.5dB) @  73Hz
                0.8    7.4l: (103.1dB    46W 105.5dB) @  79Hz
                0.9    5.3l: (103.6dB    52W 105.5dB) @  81Hz
                1.0    4.0l: (104.1dB    59W 105.5dB) @  84Hz
                1.1    3.2l: (104.9dB    70W 105.5dB) @  88Hz
                1.1    3.2l: (102.0dB    36W 105.5dB) @  74Hz (  444uF)

1.00  87.0dB:   0.5  214.6l: (101.8dB    36W 105.2dB) @  73Hz
                0.6   27.7l: (100.8dB    29W 105.2dB) @  69Hz
                0.7   13.7l: (100.8dB    29W 105.2dB) @  70Hz
                0.8    8.6l: (102.3dB    40W 105.2dB) @  75Hz
                0.9    6.1l: (102.7dB    45W 105.2dB) @  78Hz
                1.0    4.6l: (103.3dB    51W 105.2dB) @  80Hz
                1.1    3.6l: (104.0dB    61W 105.2dB) @  84Hz
                1.1    3.6l: (101.2dB    32W 105.2dB) @  71Hz (  465uF)

-------------
AC_6_5_HE
      90.0dB                             80W
Rpre   Spl      qtc    Vb     SplMech Pmech SplEle      f3

0.20  89.6dB:   0.5   56.9l: (105.6dB    48W 107.8dB) @  74Hz
                0.6   27.7l: (104.6dB    38W 107.8dB) @  70Hz
                0.7   17.3l: (104.6dB    39W 107.8dB) @  70Hz
                0.8   12.0l: (106.1dB    53W 107.8dB) @  76Hz
                0.9    9.0l: (106.5dB    60W 107.8dB) @  78Hz
                1.0    7.0l: (107.1dB    68W 107.8dB) @  81Hz
                1.1    5.6l: (107.8dB    81W 107.8dB) @  84Hz
                1.1    5.6l: (105.0dB    42W 107.8dB) @  72Hz (  461uF)

0.60  89.3dB:   0.5   74.4l: (104.7dB    41W 107.6dB) @  70Hz
                0.6   33.2l: (103.7dB    33W 107.6dB) @  66Hz
                0.7   20.1l: (103.7dB    33W 107.6dB) @  67Hz
                0.8   13.8l: (105.1dB    46W 107.6dB) @  72Hz
                0.9   10.2l: (105.6dB    51W 107.6dB) @  74Hz
                1.0    7.9l: (106.2dB    58W 107.6dB) @  77Hz
                1.1    6.3l: (106.9dB    69W 107.6dB) @  80Hz
                1.1    6.3l: (104.1dB    36W 107.6dB) @  68Hz (  486uF)

1.00  89.1dB:   0.5  101.0l: (103.8dB    36W 107.3dB) @  67Hz
                0.6   40.0l: (102.8dB    28W 107.3dB) @  63Hz
                0.7   23.4l: (102.9dB    29W 107.3dB) @  63Hz
                0.8   15.8l: (104.3dB    40W 107.3dB) @  69Hz
                0.9   11.5l: (104.8dB    44W 107.3dB) @  71Hz
                1.0    8.9l: (105.3dB    51W 107.3dB) @  73Hz
                1.1    7.1l: (106.1dB    60W 107.3dB) @  76Hz
                1.1    7.1l: (103.2dB    31W 107.3dB) @  65Hz (  510uF)

-------------
AC_8_HE
      91.0dB                            100W
Rpre   Spl      qtc    Vb     SplMech Pmech SplEle      f3

0.20  90.9dB:   0.5  119.4l: (109.8dB    94W 110.1dB) @  66Hz
                0.6   56.9l: (108.8dB    74W 110.1dB) @  62Hz
                0.7   35.2l: (108.8dB    75W 110.1dB) @  62Hz
                0.8   24.4l: (110.3dB   104W 110.1dB) @  67Hz
                0.9   18.1l: (110.7dB   116W 110.1dB) @  69Hz
                1.0   14.1l: (111.3dB   132W 110.1dB) @  71Hz
                1.1   11.3l: (112.1dB   157W 110.1dB) @  75Hz
                1.1   11.3l: (109.2dB    81W 110.1dB) @  63Hz (  529uF)

0.60  90.7dB:   0.5  158.6l: (108.9dB    80W 109.8dB) @  62Hz
                0.6   68.6l: (107.9dB    64W 109.8dB) @  59Hz
                0.7   41.1l: (107.9dB    64W 109.8dB) @  59Hz
                0.8   28.1l: (109.4dB    89W 109.8dB) @  64Hz
                0.9   20.6l: (109.8dB   100W 109.8dB) @  66Hz
                1.0   15.9l: (110.4dB   113W 109.8dB) @  68Hz
                1.1   12.7l: (111.1dB   135W 109.8dB) @  71Hz
                1.1   12.7l: (108.3dB    70W 109.8dB) @  60Hz (  558uF)

1.00  90.5dB:   0.5  220.0l: (108.0dB    70W 109.6dB) @  59Hz
                0.6   83.0l: (107.0dB    55W 109.6dB) @  56Hz
                0.7   47.8l: (107.1dB    56W 109.6dB) @  56Hz
                0.8   32.1l: (108.5dB    77W 109.6dB) @  61Hz
                0.9   23.4l: (109.0dB    86W 109.6dB) @  63Hz
                1.0   18.0l: (109.5dB    98W 109.6dB) @  65Hz
                1.1   14.3l: (110.3dB   117W 109.6dB) @  67Hz
                1.1   14.3l: (107.4dB    61W 109.6dB) @  57Hz (  586uF)

-------------
AC_10_HE
      90.0dB                            150W
Rpre   Spl      qtc    Vb     SplMech Pmech SplEle      f3

0.20  89.7dB:   0.5   78.6l: (110.5dB   152W 110.5dB) @  61Hz
                0.6   44.0l: (109.5dB   120W 110.5dB) @  58Hz
                0.7   29.0l: (109.6dB   122W 110.5dB) @  58Hz
                0.8   20.8l: (111.0dB   168W 110.5dB) @  63Hz
                0.9   15.7l: (111.4dB   188W 110.5dB) @  65Hz
                1.0   12.4l: (112.0dB   214W 110.5dB) @  67Hz
                1.1   10.0l: (112.8dB   254W 110.5dB) @  70Hz
                1.1   10.0l: (109.9dB   132W 110.5dB) @  59Hz (  585uF)

0.60  89.4dB:   0.5   96.2l: (109.6dB   130W 110.2dB) @  58Hz
                0.6   51.6l: (108.6dB   103W 110.2dB) @  55Hz
                0.7   33.4l: (108.6dB   104W 110.2dB) @  55Hz
                0.8   23.7l: (110.0dB   144W 110.2dB) @  59Hz
                0.9   17.8l: (110.5dB   161W 110.2dB) @  61Hz
                1.0   14.0l: (111.1dB   183W 110.2dB) @  63Hz
                1.1   11.3l: (111.8dB   217W 110.2dB) @  66Hz
                1.1   11.3l: (109.0dB   113W 110.2dB) @  56Hz (  617uF)

1.00  89.2dB:   0.5  118.7l: (108.7dB   112W 110.0dB) @  55Hz
                0.6   60.5l: (107.7dB    89W 110.0dB) @  52Hz
                0.7   38.3l: (107.7dB    90W 110.0dB) @  52Hz
                0.8   26.9l: (109.1dB   124W 110.0dB) @  57Hz
                0.9   20.1l: (109.6dB   139W 110.0dB) @  58Hz
                1.0   15.7l: (110.2dB   158W 110.0dB) @  60Hz
                1.1   12.6l: (110.9dB   188W 110.0dB) @  63Hz
                1.1   12.6l: (108.1dB    97W 110.0dB) @  53Hz (  650uF)

-------------
AC_8SW8
      89.0dB                            120W
Rpre   Spl      qtc    Vb     SplMech Pmech SplEle      f3

0.20  88.6dB:   0.5    8.0l: (119.1dB  1345W 108.6dB) @ 107Hz
                0.6    5.0l: (118.1dB  1065W 108.6dB) @ 101Hz
                0.7    3.5l: (118.1dB  1078W 108.6dB) @ 102Hz
                0.8    2.6l: (119.5dB  1491W 108.6dB) @ 110Hz
                0.9    2.0l: (120.0dB  1667W 108.6dB) @ 113Hz
                1.0    1.6l: (120.6dB  1896W 108.6dB) @ 117Hz
                1.1    1.3l: (121.3dB  2255W 108.6dB) @ 122Hz
                1.1    1.3l: (118.5dB  1169W 108.6dB) @ 104Hz (  318uF)

0.60  88.3dB:   0.5    9.3l: (118.1dB  1144W 108.4dB) @ 102Hz
                0.6    5.7l: (117.1dB   906W 108.4dB) @  96Hz
                0.7    4.0l: (117.2dB   917W 108.4dB) @  96Hz
                0.8    2.9l: (118.6dB  1268W 108.4dB) @ 104Hz
                0.9    2.3l: (119.1dB  1418W 108.4dB) @ 107Hz
                1.0    1.8l: (119.6dB  1612W 108.4dB) @ 111Hz
                1.1    1.5l: (120.4dB  1917W 108.4dB) @ 116Hz
                1.1    1.5l: (117.5dB   994W 108.4dB) @  98Hz (  336uF)

1.00  88.1dB:   0.5   10.7l: (117.2dB   981W 108.1dB) @  97Hz
                0.6    6.5l: (116.2dB   777W 108.1dB) @  91Hz
                0.7    4.5l: (116.3dB   787W 108.1dB) @  91Hz
                0.8    3.3l: (117.7dB  1088W 108.1dB) @  99Hz
                0.9    2.5l: (118.2dB  1216W 108.1dB) @ 102Hz
                1.0    2.0l: (118.7dB  1383W 108.1dB) @ 105Hz
                1.1    1.6l: (119.5dB  1645W 108.1dB) @ 110Hz
                1.1    1.6l: (116.6dB   853W 108.1dB) @  93Hz (  354uF)

-------------
AC_8SW4
      92.0dB                            120W
Rpre   Spl      qtc    Vb     SplMech Pmech SplEle      f3

0.20  87.9dB:   0.5   10.1l: (115.4dB  1352W 104.9dB) @  97Hz
                0.6    6.2l: (114.4dB  1071W 104.9dB) @  92Hz
                0.7    4.2l: (114.4dB  1084W 104.9dB) @  92Hz
                0.8    3.1l: (115.8dB  1500W 104.9dB) @ 100Hz
                0.9    2.4l: (116.3dB  1676W 104.9dB) @ 102Hz
                1.0    1.9l: (116.9dB  1906W 104.9dB) @ 106Hz
                1.1    1.5l: (117.6dB  2267W 104.9dB) @ 110Hz
                1.1    1.5l: (114.8dB  1175W 104.9dB) @  94Hz (  715uF)

0.60  87.5dB:   0.5   13.9l: (113.6dB   993W 104.4dB) @  87Hz
                0.6    8.1l: (112.6dB   787W 104.4dB) @  83Hz
                0.7    5.5l: (112.6dB   796W 104.4dB) @  83Hz
                0.8    4.0l: (114.0dB  1101W 104.4dB) @  90Hz
                0.9    3.0l: (114.5dB  1231W 104.4dB) @  92Hz
                1.0    2.4l: (115.1dB  1400W 104.4dB) @  95Hz
                1.1    1.9l: (115.8dB  1665W 104.4dB) @ 100Hz
                1.1    1.9l: (113.0dB   863W 104.4dB) @  84Hz (  794uF)

1.00  87.0dB:   0.5   19.1l: (112.0dB   753W 104.0dB) @  80Hz
                0.6   10.6l: (110.9dB   596W 104.0dB) @  75Hz
                0.7    6.9l: (111.0dB   603W 104.0dB) @  75Hz
                0.8    5.0l: (112.4dB   835W 104.0dB) @  82Hz
                0.9    3.7l: (112.9dB   933W 104.0dB) @  84Hz
                1.0    2.9l: (113.4dB  1061W 104.0dB) @  87Hz
                1.1    2.4l: (114.2dB  1262W 104.0dB) @  91Hz
                1.1    2.4l: (111.3dB   654W 104.0dB) @  77Hz (  872uF)

-------------
AC_10SW8
      89.0dB                            170W
Rpre   Spl      qtc    Vb     SplMech Pmech SplEle      f3

0.20  88.0dB:   0.5   57.7l: (113.9dB   487W 109.3dB) @  62Hz
                0.6   30.1l: (112.9dB   386W 109.3dB) @  59Hz
                0.7   19.2l: (113.0dB   391W 109.3dB) @  59Hz
                0.8   13.6l: (114.4dB   540W 109.3dB) @  64Hz
                0.9   10.2l: (114.8dB   604W 109.3dB) @  66Hz
                1.0    7.9l: (115.4dB   687W 109.3dB) @  68Hz
                1.1    6.4l: (116.2dB   817W 109.3dB) @  71Hz
                1.1    6.4l: (113.3dB   424W 109.3dB) @  60Hz (  575uF)

0.60  87.8dB:   0.5   74.0l: (112.9dB   414W 109.1dB) @  59Hz
                0.6   36.0l: (111.9dB   328W 109.1dB) @  56Hz
                0.7   22.4l: (112.0dB   332W 109.1dB) @  56Hz
                0.8   15.6l: (113.4dB   459W 109.1dB) @  60Hz
                0.9   11.6l: (113.9dB   513W 109.1dB) @  62Hz
                1.0    9.0l: (114.4dB   583W 109.1dB) @  64Hz
                1.1    7.3l: (115.2dB   694W 109.1dB) @  67Hz
                1.1    7.3l: (112.3dB   360W 109.1dB) @  57Hz (  608uF)

1.00  87.5dB:   0.5   97.1l: (112.0dB   355W 108.8dB) @  56Hz
                0.6   43.2l: (111.0dB   281W 108.8dB) @  53Hz
                0.7   26.1l: (111.1dB   284W 108.8dB) @  53Hz
                0.8   17.9l: (112.5dB   394W 108.8dB) @  57Hz
                0.9   13.2l: (113.0dB   440W 108.8dB) @  59Hz
                1.0   10.2l: (113.5dB   500W 108.8dB) @  61Hz
                1.1    8.2l: (114.3dB   595W 108.8dB) @  64Hz
                1.1    8.2l: (111.4dB   308W 108.8dB) @  54Hz (  640uF)

-------------
AC_10SW4
      92.0dB                            170W
Rpre   Spl      qtc    Vb     SplMech Pmech SplEle      f3

0.20  88.1dB:   0.5   15.5l: (118.9dB  2982W 106.4dB) @  83Hz
                0.6    9.8l: (117.8dB  2362W 106.4dB) @  78Hz
                0.7    6.9l: (117.9dB  2390W 106.4dB) @  78Hz
                0.8    5.1l: (119.3dB  3307W 106.4dB) @  85Hz
                0.9    3.9l: (119.8dB  3696W 106.4dB) @  87Hz
                1.0    3.1l: (120.3dB  4203W 106.4dB) @  90Hz
                1.1    2.6l: (121.1dB  4999W 106.4dB) @  94Hz
                1.1    2.6l: (118.2dB  2591W 106.4dB) @  80Hz (  865uF)

0.60  87.6dB:   0.5   20.8l: (117.0dB  2174W 105.9dB) @  74Hz
                0.6   12.8l: (116.0dB  1722W 105.9dB) @  70Hz
                0.7    8.8l: (116.0dB  1742W 105.9dB) @  70Hz
                0.8    6.5l: (117.4dB  2411W 105.9dB) @  76Hz
                0.9    5.0l: (117.9dB  2695W 105.9dB) @  78Hz
                1.0    3.9l: (118.5dB  3065W 105.9dB) @  81Hz
                1.1    3.2l: (119.2dB  3645W 105.9dB) @  85Hz
                1.1    3.2l: (116.4dB  1889W 105.9dB) @  72Hz (  963uF)

1.00  87.2dB:   0.5   27.7l: (115.3dB  1639W 105.5dB) @  68Hz
                0.6   16.4l: (114.3dB  1298W 105.5dB) @  64Hz
                0.7   11.1l: (114.4dB  1314W 105.5dB) @  64Hz
                0.8    8.0l: (115.8dB  1817W 105.5dB) @  69Hz
                0.9    6.1l: (116.3dB  2031W 105.5dB) @  71Hz
                1.0    4.9l: (116.8dB  2310W 105.5dB) @  74Hz
                1.1    3.9l: (117.6dB  2748W 105.5dB) @  77Hz
                1.1    3.9l: (114.7dB  1424W 105.5dB) @  65Hz ( 1060uF)

-------------
AC_12SW8
      90.0dB                            250W
Rpre   Spl      qtc    Vb     SplMech Pmech SplEle      f3

0.20  89.8dB:   0.5   22.7l: (124.6dB  3808W 112.8dB) @  82Hz
                0.6   14.6l: (123.6dB  3017W 112.8dB) @  77Hz
                0.7   10.2l: (123.7dB  3053W 112.8dB) @  77Hz
                0.8    7.6l: (125.1dB  4224W 112.8dB) @  84Hz
                0.9    5.9l: (125.5dB  4721W 112.8dB) @  86Hz
                1.0    4.7l: (126.1dB  5369W 112.8dB) @  89Hz
                1.1    3.9l: (126.9dB  6386W 112.8dB) @  93Hz
                1.1    3.9l: (124.0dB  3310W 112.8dB) @  79Hz (  438uF)

0.60  89.5dB:   0.5   26.4l: (123.6dB  3213W 112.5dB) @  77Hz
                0.6   16.7l: (122.6dB  2546W 112.5dB) @  73Hz
                0.7   11.7l: (122.7dB  2576W 112.5dB) @  73Hz
                0.8    8.6l: (124.1dB  3563W 112.5dB) @  79Hz
                0.9    6.7l: (124.6dB  3983W 112.5dB) @  81Hz
                1.0    5.3l: (125.1dB  4530W 112.5dB) @  84Hz
                1.1    4.4l: (125.9dB  5388W 112.5dB) @  88Hz
                1.1    4.4l: (123.0dB  2792W 112.5dB) @  74Hz (  464uF)

1.00  89.3dB:   0.5   30.4l: (122.7dB  2738W 112.3dB) @  73Hz
                0.6   19.0l: (121.7dB  2169W 112.3dB) @  69Hz
                0.7   13.2l: (121.7dB  2194W 112.3dB) @  69Hz
                0.8    9.7l: (123.1dB  3036W 112.3dB) @  75Hz
                0.9    7.5l: (123.6dB  3394W 112.3dB) @  77Hz
                1.0    6.0l: (124.2dB  3860W 112.3dB) @  80Hz
                1.1    4.9l: (124.9dB  4590W 112.3dB) @  83Hz
                1.1    4.9l: (122.1dB  2379W 112.3dB) @  71Hz (  490uF)

-------------
AC_12SW4
      93.0dB                            250W
Rpre   Spl      qtc    Vb     SplMech Pmech SplEle      f3

0.20  88.8dB:   0.5   19.5l: (122.8dB  6176W 108.8dB) @  80Hz
                0.6   12.5l: (121.8dB  4893W 108.8dB) @  75Hz
                0.7    8.8l: (121.8dB  4951W 108.8dB) @  76Hz
                0.8    6.6l: (123.2dB  6849W 108.8dB) @  82Hz
                0.9    5.1l: (123.7dB  7656W 108.8dB) @  84Hz
                1.0    4.1l: (124.3dB  8707W 108.8dB) @  87Hz
                1.1    3.3l: (125.0dB 10356W 108.8dB) @  91Hz
                1.1    3.3l: (122.2dB  5367W 108.8dB) @  77Hz (  897uF)

0.60  88.4dB:   0.5   25.8l: (120.9dB  4484W 108.4dB) @  72Hz
                0.6   16.2l: (119.9dB  3553W 108.4dB) @  68Hz
                0.7   11.3l: (119.9dB  3594W 108.4dB) @  68Hz
                0.8    8.3l: (121.3dB  4973W 108.4dB) @  74Hz
                0.9    6.4l: (121.8dB  5559W 108.4dB) @  76Hz
                1.0    5.1l: (122.4dB  6322W 108.4dB) @  78Hz
                1.1    4.2l: (123.1dB  7518W 108.4dB) @  82Hz
                1.1    4.2l: (120.3dB  3897W 108.4dB) @  69Hz (  999uF)

1.00  87.9dB:   0.5   33.8l: (119.2dB  3366W 107.9dB) @  65Hz
                0.6   20.6l: (118.2dB  2667W 107.9dB) @  61Hz
                0.7   14.1l: (118.3dB  2698W 107.9dB) @  62Hz
                0.8   10.3l: (119.7dB  3733W 107.9dB) @  67Hz
                0.9    7.9l: (120.1dB  4173W 107.9dB) @  69Hz
                1.0    6.3l: (120.7dB  4745W 107.9dB) @  71Hz
                1.1    5.1l: (121.5dB  5644W 107.9dB) @  74Hz
                1.1    5.1l: (118.6dB  2925W 107.9dB) @  63Hz ( 1100uF)

