-------------
AC_8SW8
            89.0dB           120W       1x70mm
   fu     fc      fo      SplMech  Vb1     Vb2       d         l        C
 11.7 Hz  37 Hz  117 Hz   80.6 dB   oo l +   3 l  * 1x40mm    957 mm  2342 µF
 12.0 Hz  38 Hz  118 Hz   81.0 dB  707 l +   3 l  * 1x40mm    957 mm  2265 µF
 13.0 Hz  40 Hz  121 Hz   82.4 dB  160 l +   3 l  * 1x40mm    957 mm  2036 µF
 14.0 Hz  42 Hz  124 Hz   83.7 dB   89 l +   3 l  * 1x40mm    957 mm  1845 µF
 15.0 Hz  44 Hz  127 Hz   84.9 dB   61 l +   3 l  * 1x40mm    957 mm  1682 µF
 16.0 Hz  46 Hz  130 Hz   86.0 dB   46 l +   3 l  * 1x40mm    957 mm  1544 µF
 17.0 Hz  47 Hz  132 Hz   87.1 dB   37 l +   3 l  * 1x40mm    957 mm  1424 µF
 18.0 Hz  49 Hz  135 Hz   88.1 dB   31 l +   3 l  * 1x40mm    957 mm  1319 µF
 19.0 Hz  51 Hz  137 Hz   89.0 dB   26 l +   3 l  - 1x50mm    770 mm  1228 µF
 20.0 Hz  53 Hz  140 Hz   89.9 dB   23 l +   3 l  - 1x50mm    716 mm  1146 µF
 21.0 Hz  55 Hz  142 Hz   90.7 dB   20 l +   3 l  - 1x50mm    669 mm  1074 µF
 22.0 Hz  56 Hz  144 Hz   91.5 dB   18 l +   3 l  - 1x50mm    626 mm  1010 µF
 23.0 Hz  58 Hz  147 Hz   92.3 dB   16 l +   3 l  - 1x50mm    588 mm   952 µF
 24.0 Hz  60 Hz  149 Hz   93.1 dB   15 l +   3 l  - 1x50mm    553 mm   899 µF
 25.0 Hz  61 Hz  151 Hz   93.8 dB   14 l +   3 l  - 1x50mm    522 mm   851 µF
 26.0 Hz  63 Hz  153 Hz   94.4 dB   13 l +   3 l  - 1x50mm    493 mm   808 µF
 27.0 Hz  65 Hz  155 Hz   95.1 dB   12 l +   3 l  - 1x50mm    467 mm   768 µF
 28.0 Hz  66 Hz  156 Hz   95.7 dB   11 l +   3 l  - 1x50mm    443 mm   732 µF
 29.0 Hz  68 Hz  158 Hz   96.3 dB   10 l +   3 l  - 1x50mm    421 mm   699 µF
 30.0 Hz  69 Hz  160 Hz   96.9 dB   10 l +   3 l  - 1x50mm    401 mm   668 µF

-------------
AC_8SW4
            92.0dB           120W       1x70mm
   fu     fc      fo      SplMech  Vb1     Vb2       d         l        C
 12.3 Hz  37 Hz  111 Hz   79.5 dB   oo l +   3 l  * 1x40mm    847 mm  4297 µF
 13.0 Hz  38 Hz  113 Hz   80.5 dB  306 l +   3 l  * 1x40mm    847 mm  3997 µF
 14.0 Hz  40 Hz  116 Hz   81.8 dB  123 l +   3 l  * 1x40mm    847 mm  3621 µF
 15.0 Hz  42 Hz  119 Hz   83.0 dB   76 l +   3 l  * 1x40mm    847 mm  3302 µF
 16.0 Hz  44 Hz  121 Hz   84.1 dB   55 l +   3 l  * 1x40mm    847 mm  3030 µF
 17.0 Hz  46 Hz  124 Hz   85.1 dB   43 l +   3 l  * 1x40mm    847 mm  2795 µF
 18.0 Hz  48 Hz  126 Hz   86.1 dB   35 l +   3 l  - 1x50mm    788 mm  2590 µF
 19.0 Hz  49 Hz  128 Hz   87.1 dB   29 l +   3 l  - 1x50mm    731 mm  2410 µF
 20.0 Hz  51 Hz  131 Hz   88.0 dB   25 l +   3 l  - 1x50mm    680 mm  2250 µF
 21.0 Hz  53 Hz  133 Hz   88.8 dB   22 l +   3 l  - 1x50mm    634 mm  2109 µF
 22.0 Hz  54 Hz  135 Hz   89.6 dB   20 l +   3 l  - 1x50mm    594 mm  1982 µF
 23.0 Hz  56 Hz  137 Hz   90.4 dB   18 l +   3 l  - 1x50mm    557 mm  1868 µF
 24.0 Hz  58 Hz  139 Hz   91.1 dB   16 l +   3 l  - 1x50mm    524 mm  1765 µF
 25.0 Hz  59 Hz  141 Hz   91.8 dB   15 l +   3 l  - 1x50mm    494 mm  1671 µF
 26.0 Hz  61 Hz  143 Hz   92.5 dB   13 l +   3 l  - 1x50mm    467 mm  1586 µF
 27.0 Hz  62 Hz  144 Hz   93.2 dB   12 l +   3 l  - 1x50mm    442 mm  1508 µF
 28.0 Hz  64 Hz  146 Hz   93.8 dB   12 l +   3 l  - 1x50mm    419 mm  1437 µF
 29.0 Hz  66 Hz  148 Hz   94.4 dB   11 l +   3 l  - 1x50mm    398 mm  1371 µF
 30.0 Hz  67 Hz  150 Hz   95.0 dB   10 l +   3 l    1x70mm    765 mm  1311 µF

-------------
AC_10SW8
            89.0dB           170W      1x100mm
   fu     fc      fo      SplMech  Vb1     Vb2       d         l        C
 11.8 Hz  31 Hz   82 Hz   85.0 dB   oo l +  13 l  * 1x50mm    429 mm  2024 µF
 12.0 Hz  31 Hz   82 Hz   85.3 dB 2222 l +  13 l  * 1x50mm    429 mm  1977 µF
 13.0 Hz  33 Hz   84 Hz   86.7 dB  381 l +  13 l  - 1x70mm    751 mm  1777 µF
 14.0 Hz  35 Hz   86 Hz   88.0 dB  206 l +  13 l  - 1x70mm    675 mm  1610 µF
 15.0 Hz  36 Hz   88 Hz   89.2 dB  140 l +  13 l  - 1x70mm    610 mm  1468 µF
 16.0 Hz  38 Hz   90 Hz   90.3 dB  105 l +  13 l  - 1x70mm    556 mm  1347 µF
 17.0 Hz  40 Hz   92 Hz   91.4 dB   84 l +  13 l  - 1x70mm    508 mm  1243 µF
 18.0 Hz  41 Hz   94 Hz   92.4 dB   70 l +  13 l  - 1x70mm    467 mm  1152 µF
 19.0 Hz  43 Hz   96 Hz   93.3 dB   60 l +  13 l  - 1x70mm    430 mm  1071 µF
 20.0 Hz  44 Hz   97 Hz   94.2 dB   52 l +  13 l  - 1x70mm    398 mm  1001 µF
 21.0 Hz  46 Hz   99 Hz   95.0 dB   46 l +  13 l    1x100mm   788 mm   938 µF
 22.0 Hz  47 Hz  100 Hz   95.8 dB   41 l +  13 l    1x100mm   736 mm   881 µF
 23.0 Hz  48 Hz  102 Hz   96.6 dB   37 l +  13 l    1x100mm   689 mm   831 µF
 24.0 Hz  50 Hz  103 Hz   97.4 dB   34 l +  13 l    1x100mm   647 mm   785 µF
 25.0 Hz  51 Hz  105 Hz   98.1 dB   31 l +  13 l    1x100mm   608 mm   743 µF
 26.0 Hz  53 Hz  106 Hz   98.7 dB   28 l +  13 l    1x100mm   573 mm   705 µF
 27.0 Hz  54 Hz  107 Hz   99.4 dB   26 l +  13 l    1x100mm   541 mm   671 µF
 28.0 Hz  55 Hz  109 Hz  100.0 dB   24 l +  13 l    1x100mm   512 mm   639 µF
 29.0 Hz  56 Hz  110 Hz  100.6 dB   23 l +  13 l    1x100mm   485 mm   610 µF
 30.0 Hz  58 Hz  111 Hz  101.2 dB   21 l +  13 l    1x100mm   460 mm   583 µF

-------------
AC_10SW4
            92.0dB           170W      1x100mm
   fu     fc      fo      SplMech  Vb1     Vb2       d         l        C
  8.8 Hz  28 Hz   89 Hz   79.9 dB   oo l +   5 l  * 1x50mm   1399 mm  6595 µF
  9.0 Hz  28 Hz   90 Hz   80.3 dB 1456 l +   5 l  * 1x50mm   1399 mm  6380 µF
 10.0 Hz  31 Hz   93 Hz   82.1 dB  258 l +   5 l  * 1x50mm   1399 mm  5544 µF
 11.0 Hz  33 Hz   96 Hz   83.8 dB  140 l +   5 l  * 1x50mm   1399 mm  4883 µF
 12.0 Hz  34 Hz   99 Hz   85.3 dB   95 l +   5 l  * 1x50mm   1399 mm  4348 µF
 13.0 Hz  36 Hz  102 Hz   86.7 dB   71 l +   5 l  * 1x50mm   1399 mm  3908 µF
 14.0 Hz  38 Hz  104 Hz   88.0 dB   57 l +   5 l  * 1x50mm   1399 mm  3540 µF
 15.0 Hz  40 Hz  107 Hz   89.2 dB   47 l +   5 l  * 1x50mm   1399 mm  3229 µF
 16.0 Hz  42 Hz  109 Hz   90.3 dB   40 l +   5 l  * 1x50mm   1399 mm  2963 µF
 17.0 Hz  43 Hz  111 Hz   91.4 dB   35 l +   5 l  * 1x50mm   1399 mm  2733 µF
 18.0 Hz  45 Hz  113 Hz   92.4 dB   31 l +   5 l  * 1x50mm   1399 mm  2532 µF
 19.0 Hz  47 Hz  116 Hz   93.3 dB   27 l +   5 l  * 1x50mm   1399 mm  2356 µF
 20.0 Hz  48 Hz  118 Hz   94.2 dB   25 l +   5 l  * 1x50mm   1399 mm  2200 µF
 21.0 Hz  50 Hz  119 Hz   95.0 dB   22 l +   5 l  * 1x50mm   1399 mm  2062 µF
 22.0 Hz  52 Hz  121 Hz   95.8 dB   20 l +   5 l  - 1x70mm    773 mm  1938 µF
 23.0 Hz  53 Hz  123 Hz   96.6 dB   19 l +   5 l  - 1x70mm    725 mm  1826 µF
 24.0 Hz  55 Hz  125 Hz   97.4 dB   17 l +   5 l  - 1x70mm    682 mm  1725 µF
 25.0 Hz  56 Hz  127 Hz   98.1 dB   16 l +   5 l  - 1x70mm    643 mm  1634 µF
 26.0 Hz  58 Hz  128 Hz   98.7 dB   15 l +   5 l  - 1x70mm    607 mm  1551 µF
 27.0 Hz  59 Hz  130 Hz   99.4 dB   14 l +   5 l  - 1x70mm    575 mm  1475 µF
 28.0 Hz  61 Hz  131 Hz  100.0 dB   13 l +   5 l  - 1x70mm    545 mm  1405 µF
 29.0 Hz  62 Hz  133 Hz  100.6 dB   13 l +   5 l  - 1x70mm    517 mm  1341 µF
 30.0 Hz  64 Hz  135 Hz  101.2 dB   12 l +   5 l  - 1x70mm    492 mm  1281 µF

-------------
AC_12SW8
            90.0dB           250W      2x100mm
   fu     fc      fo      SplMech  Vb1     Vb2       d         l        C
  7.9 Hz  26 Hz   86 Hz   84.0 dB   oo l +   8 l  * 1x70mm   2030 mm  3776 µF
  8.0 Hz  26 Hz   86 Hz   84.3 dB 5260 l +   8 l  * 1x70mm   2030 mm  3717 µF
  9.0 Hz  28 Hz   89 Hz   86.3 dB  445 l +   8 l  * 1x70mm   2030 mm  3177 µF
 10.0 Hz  30 Hz   92 Hz   88.1 dB  228 l +   8 l  * 1x70mm   2030 mm  2760 µF
 11.0 Hz  32 Hz   95 Hz   89.8 dB  152 l +   8 l  * 1x70mm   2030 mm  2431 µF
 12.0 Hz  34 Hz   98 Hz   91.3 dB  113 l +   8 l  * 1x70mm   2030 mm  2165 µF
 13.0 Hz  36 Hz  101 Hz   92.7 dB   89 l +   8 l  * 1x70mm   2030 mm  1946 µF
 14.0 Hz  38 Hz  103 Hz   94.0 dB   74 l +   8 l  * 1x70mm   2030 mm  1763 µF
 15.0 Hz  40 Hz  106 Hz   95.2 dB   62 l +   8 l  * 1x70mm   2030 mm  1608 µF
 16.0 Hz  42 Hz  108 Hz   96.3 dB   54 l +   8 l  * 1x70mm   2030 mm  1475 µF
 17.0 Hz  43 Hz  110 Hz   97.3 dB   47 l +   8 l  * 1x70mm   2030 mm  1361 µF
 18.0 Hz  45 Hz  112 Hz   98.3 dB   42 l +   8 l  * 1x70mm   2030 mm  1261 µF
 19.0 Hz  47 Hz  115 Hz   99.3 dB   38 l +   8 l  * 1x70mm   2030 mm  1173 µF
 20.0 Hz  48 Hz  117 Hz  100.2 dB   34 l +   8 l  * 1x70mm   2030 mm  1095 µF
 21.0 Hz  50 Hz  118 Hz  101.0 dB   31 l +   8 l  * 1x70mm   2030 mm  1026 µF
 22.0 Hz  51 Hz  120 Hz  101.8 dB   29 l +   8 l  * 1x70mm   2030 mm   965 µF
 23.0 Hz  53 Hz  122 Hz  102.6 dB   27 l +   8 l  * 1x70mm   2030 mm   909 µF
 24.0 Hz  55 Hz  124 Hz  103.3 dB   25 l +   8 l  * 1x70mm   2030 mm   859 µF
 25.0 Hz  56 Hz  126 Hz  104.0 dB   23 l +   8 l  * 1x70mm   2030 mm   814 µF
 26.0 Hz  58 Hz  127 Hz  104.7 dB   22 l +   8 l  - 1x100mm   790 mm   772 µF
 27.0 Hz  59 Hz  129 Hz  105.4 dB   20 l +   8 l  - 1x100mm   748 mm   734 µF
 28.0 Hz  60 Hz  130 Hz  106.0 dB   19 l +   8 l  - 1x100mm   709 mm   699 µF
 29.0 Hz  62 Hz  132 Hz  106.6 dB   18 l +   8 l  - 1x100mm   672 mm   667 µF
 30.0 Hz  63 Hz  133 Hz  107.2 dB   17 l +   8 l  - 1x100mm   639 mm   638 µF

-------------
AC_12SW4
            93.0dB           250W      2x100mm
   fu     fc      fo      SplMech  Vb1     Vb2       d         l        C
  7.5 Hz  25 Hz   83 Hz   81.8 dB   oo l +   7 l  * 1x70mm   2717 mm  7983 µF
  8.0 Hz  26 Hz   85 Hz   82.8 dB  913 l +   7 l  * 1x70mm   2717 mm  7377 µF
  9.0 Hz  28 Hz   88 Hz   84.8 dB  282 l +   7 l  * 1x70mm   2717 mm  6305 µF
 10.0 Hz  30 Hz   91 Hz   86.7 dB  164 l +   7 l  * 1x70mm   2717 mm  5479 µF
 11.0 Hz  32 Hz   94 Hz   88.3 dB  115 l +   7 l  * 1x70mm   2717 mm  4825 µF
 12.0 Hz  34 Hz   97 Hz   89.8 dB   87 l +   7 l  * 1x70mm   2717 mm  4296 µF
 13.0 Hz  36 Hz   99 Hz   91.2 dB   70 l +   7 l  * 1x70mm   2717 mm  3862 µF
 14.0 Hz  38 Hz  102 Hz   92.5 dB   58 l +   7 l  * 1x70mm   2717 mm  3498 µF
 15.0 Hz  40 Hz  104 Hz   93.7 dB   50 l +   7 l  * 1x70mm   2717 mm  3191 µF
 16.0 Hz  41 Hz  107 Hz   94.8 dB   43 l +   7 l  * 1x70mm   2717 mm  2928 µF
 17.0 Hz  43 Hz  109 Hz   95.9 dB   38 l +   7 l  * 1x70mm   2717 mm  2700 µF
 18.0 Hz  45 Hz  111 Hz   96.9 dB   34 l +   7 l  * 1x70mm   2717 mm  2502 µF
 19.0 Hz  46 Hz  113 Hz   97.8 dB   31 l +   7 l  * 1x70mm   2717 mm  2328 µF
 20.0 Hz  48 Hz  115 Hz   98.7 dB   28 l +   7 l  * 1x70mm   2717 mm  2174 µF
 21.0 Hz  49 Hz  117 Hz   99.6 dB   26 l +   7 l  * 1x70mm   2717 mm  2037 µF
 22.0 Hz  51 Hz  118 Hz  100.4 dB   24 l +   7 l  * 1x70mm   2717 mm  1915 µF
 23.0 Hz  53 Hz  120 Hz  101.1 dB   22 l +   7 l  * 1x70mm   2717 mm  1805 µF
 24.0 Hz  54 Hz  122 Hz  101.9 dB   20 l +   7 l  * 1x70mm   2717 mm  1705 µF
 25.0 Hz  56 Hz  124 Hz  102.6 dB   19 l +   7 l  * 1x70mm   2717 mm  1615 µF
 26.0 Hz  57 Hz  125 Hz  103.3 dB   18 l +   7 l  * 1x70mm   2717 mm  1532 µF
 27.0 Hz  59 Hz  127 Hz  103.9 dB   17 l +   7 l  * 1x70mm   2717 mm  1457 µF
 28.0 Hz  60 Hz  128 Hz  104.6 dB   16 l +   7 l  * 1x70mm   2717 mm  1388 µF
 29.0 Hz  61 Hz  130 Hz  105.2 dB   15 l +   7 l  * 1x70mm   2717 mm  1325 µF
 30.0 Hz  63 Hz  131 Hz  105.8 dB   14 l +   7 l  * 1x70mm   2717 mm  1266 µF

