-------------
hm130c0
      88.0dB                             50W
Rpre   Spl      qtc    Vb     SplMech Pmech SplEle      f3

0.20  87.8dB:   0.5    7.0l: (107.0dB   109W 103.6dB) @ 110Hz
                0.6    4.2l: (106.0dB    86W 103.6dB) @ 104Hz
                0.7    2.9l: (106.1dB    87W 103.6dB) @ 104Hz
                0.8    2.1l: (107.5dB   121W 103.6dB) @ 113Hz
                0.9    1.6l: (108.0dB   135W 103.6dB) @ 116Hz
                1.0    1.3l: (108.5dB   153W 103.6dB) @ 120Hz
                1.1    1.0l: (109.3dB   182W 103.6dB) @ 126Hz
                1.1    1.0l: (106.4dB    95W 103.6dB) @ 107Hz (  340uF)

0.60  87.6dB:   0.5    8.4l: (106.0dB    91W 103.4dB) @ 104Hz
                0.6    4.9l: (105.0dB    72W 103.4dB) @  98Hz
                0.7    3.3l: (105.0dB    73W 103.4dB) @  98Hz
                0.8    2.4l: (106.4dB   101W 103.4dB) @ 107Hz
                0.9    1.8l: (106.9dB   113W 103.4dB) @ 110Hz
                1.0    1.5l: (107.5dB   129W 103.4dB) @ 113Hz
                1.1    1.2l: (108.2dB   153W 103.4dB) @ 118Hz
                1.1    1.2l: (105.4dB    79W 103.4dB) @ 100Hz (  361uF)

1.00  87.3dB:   0.5   10.2l: (105.0dB    77W 103.1dB) @  98Hz
                0.6    5.8l: (104.0dB    61W 103.1dB) @  93Hz
                0.7    3.8l: (104.1dB    62W 103.1dB) @  93Hz
                0.8    2.8l: (105.5dB    86W 103.1dB) @ 101Hz
                0.9    2.1l: (106.0dB    96W 103.1dB) @ 104Hz
                1.0    1.6l: (106.5dB   109W 103.1dB) @ 107Hz
                1.1    1.3l: (107.3dB   130W 103.1dB) @ 112Hz
                1.1    1.3l: (104.4dB    67W 103.1dB) @  95Hz (  382uF)

-------------
hm170z18
      89.5dB                             60W
Rpre   Spl      qtc    Vb     SplMech Pmech SplEle      f3

0.20  89.0dB:   0.5   24.5l: (106.8dB    80W 105.6dB) @  84Hz
                0.6   13.9l: (105.8dB    64W 105.6dB) @  80Hz
                0.7    9.2l: (105.9dB    64W 105.6dB) @  80Hz
                0.8    6.6l: (107.3dB    89W 105.6dB) @  87Hz
                0.9    5.0l: (107.8dB    99W 105.6dB) @  89Hz
                1.0    3.9l: (108.3dB   113W 105.6dB) @  92Hz
                1.1    3.2l: (109.1dB   135W 105.6dB) @  96Hz
                1.1    3.2l: (106.2dB    70W 105.6dB) @  82Hz (  445uF)

0.60  88.7dB:   0.5   30.1l: (105.8dB    68W 105.3dB) @  80Hz
                0.6   16.4l: (104.8dB    54W 105.3dB) @  75Hz
                0.7   10.6l: (104.9dB    54W 105.3dB) @  75Hz
                0.8    7.6l: (106.3dB    75W 105.3dB) @  82Hz
                0.9    5.7l: (106.8dB    84W 105.3dB) @  84Hz
                1.0    4.5l: (107.3dB    96W 105.3dB) @  87Hz
                1.1    3.6l: (108.1dB   114W 105.3dB) @  91Hz
                1.1    3.6l: (105.2dB    59W 105.3dB) @  77Hz (  471uF)

1.00  88.4dB:   0.5   37.4l: (104.9dB    58W 105.0dB) @  76Hz
                0.6   19.3l: (103.9dB    46W 105.0dB) @  71Hz
                0.7   12.3l: (103.9dB    47W 105.0dB) @  72Hz
                0.8    8.6l: (105.4dB    64W 105.0dB) @  78Hz
                0.9    6.5l: (105.8dB    72W 105.0dB) @  80Hz
                1.0    5.1l: (106.4dB    82W 105.0dB) @  82Hz
                1.1    4.1l: (107.1dB    97W 105.0dB) @  86Hz
                1.1    4.1l: (104.3dB    50W 105.0dB) @  73Hz (  497uF)

-------------
hm210c0
      91.0dB                             80W
Rpre   Spl      qtc    Vb     SplMech Pmech SplEle      f3

0.20  90.5dB:   0.5   50.2l: (110.3dB   121W 108.5dB) @  70Hz
                0.6   30.2l: (109.3dB    96W 108.5dB) @  66Hz
                0.7   20.6l: (109.3dB    97W 108.5dB) @  66Hz
                0.8   15.0l: (110.7dB   135W 108.5dB) @  72Hz
                0.9   11.5l: (111.2dB   151W 108.5dB) @  74Hz
                1.0    9.1l: (111.8dB   171W 108.5dB) @  77Hz
                1.1    7.4l: (112.5dB   204W 108.5dB) @  80Hz
                1.1    7.4l: (109.7dB   106W 108.5dB) @  68Hz (  518uF)

0.60  90.2dB:   0.5   60.0l: (109.3dB   102W 108.2dB) @  66Hz
                0.6   35.2l: (108.3dB    81W 108.2dB) @  63Hz
                0.7   23.7l: (108.3dB    82W 108.2dB) @  63Hz
                0.8   17.2l: (109.7dB   114W 108.2dB) @  68Hz
                0.9   13.1l: (110.2dB   127W 108.2dB) @  70Hz
                1.0   10.3l: (110.8dB   144W 108.2dB) @  72Hz
                1.1    8.4l: (111.5dB   172W 108.2dB) @  75Hz
                1.1    8.4l: (108.7dB    89W 108.2dB) @  64Hz (  548uF)

1.00  90.0dB:   0.5   71.8l: (108.4dB    87W 108.0dB) @  63Hz
                0.6   40.9l: (107.3dB    69W 108.0dB) @  59Hz
                0.7   27.1l: (107.4dB    70W 108.0dB) @  59Hz
                0.8   19.5l: (108.8dB    97W 108.0dB) @  64Hz
                0.9   14.8l: (109.3dB   108W 108.0dB) @  66Hz
                1.0   11.7l: (109.8dB   123W 108.0dB) @  68Hz
                1.1    9.5l: (110.6dB   146W 108.0dB) @  71Hz
                1.1    9.5l: (107.7dB    76W 108.0dB) @  61Hz (  579uF)

-------------
hp210z0
      88.0dB                             70W
Rpre   Spl      qtc    Vb     SplMech Pmech SplEle      f3

0.20  90.7dB:   0.5   47.9l: (109.1dB   104W 107.4dB) @  74Hz
                0.6   28.7l: (108.1dB    82W 107.4dB) @  70Hz
                0.7   19.4l: (108.2dB    83W 107.4dB) @  70Hz
                0.8   14.2l: (109.6dB   115W 107.4dB) @  76Hz
                0.9   10.8l: (110.0dB   128W 107.4dB) @  78Hz
                1.0    8.6l: (110.6dB   146W 107.4dB) @  81Hz
                1.1    7.0l: (111.4dB   174W 107.4dB) @  84Hz
                1.1    7.0l: (108.5dB    90W 107.4dB) @  71Hz (  573uF)

0.60  90.4dB:   0.5   58.5l: (108.0dB    86W 107.1dB) @  70Hz
                0.6   34.0l: (107.0dB    68W 107.1dB) @  66Hz
                0.7   22.7l: (107.1dB    69W 107.1dB) @  66Hz
                0.8   16.4l: (108.5dB    96W 107.1dB) @  71Hz
                0.9   12.5l: (109.0dB   107W 107.1dB) @  73Hz
                1.0    9.9l: (109.5dB   122W 107.1dB) @  76Hz
                1.1    8.0l: (110.3dB   145W 107.1dB) @  79Hz
                1.1    8.0l: (107.4dB    75W 107.1dB) @  67Hz (  610uF)

1.00  90.1dB:   0.5   71.4l: (107.0dB    73W 106.8dB) @  66Hz
                0.6   40.0l: (106.0dB    58W 106.8dB) @  62Hz
                0.7   26.3l: (106.0dB    58W 106.8dB) @  62Hz
                0.8   18.9l: (107.5dB    81W 106.8dB) @  67Hz
                0.9   14.3l: (107.9dB    90W 106.8dB) @  69Hz
                1.0   11.2l: (108.5dB   103W 106.8dB) @  71Hz
                1.1    9.1l: (109.3dB   122W 106.8dB) @  75Hz
                1.1    9.1l: (106.4dB    63W 106.8dB) @  63Hz (  647uF)

-------------
am210g0
      91.0dB                             80W
Rpre   Spl      qtc    Vb     SplMech Pmech SplEle      f3

0.20  90.6dB:   0.5   44.3l: (112.1dB   193W 108.2dB) @  74Hz
                0.6   27.2l: (111.1dB   153W 108.2dB) @  70Hz
                0.7   18.7l: (111.1dB   155W 108.2dB) @  70Hz
                0.8   13.7l: (112.5dB   214W 108.2dB) @  76Hz
                0.9   10.5l: (113.0dB   239W 108.2dB) @  78Hz
                1.0    8.4l: (113.6dB   272W 108.2dB) @  81Hz
                1.1    6.8l: (114.3dB   324W 108.2dB) @  84Hz
                1.1    6.8l: (111.5dB   168W 108.2dB) @  71Hz (  534uF)

0.60  90.3dB:   0.5   52.7l: (111.0dB   163W 108.0dB) @  70Hz
                0.6   31.7l: (110.0dB   129W 108.0dB) @  66Hz
                0.7   21.5l: (110.1dB   130W 108.0dB) @  66Hz
                0.8   15.7l: (111.5dB   181W 108.0dB) @  72Hz
                0.9   12.0l: (112.0dB   202W 108.0dB) @  74Hz
                1.0    9.5l: (112.5dB   229W 108.0dB) @  76Hz
                1.1    7.7l: (113.3dB   273W 108.0dB) @  79Hz
                1.1    7.7l: (110.4dB   141W 108.0dB) @  67Hz (  566uF)

1.00  90.1dB:   0.5   62.6l: (110.1dB   139W 107.7dB) @  66Hz
                0.6   36.6l: (109.1dB   110W 107.7dB) @  62Hz
                0.7   24.6l: (109.1dB   111W 107.7dB) @  62Hz
                0.8   17.8l: (110.5dB   154W 107.7dB) @  68Hz
                0.9   13.6l: (111.0dB   172W 107.7dB) @  70Hz
                1.0   10.7l: (111.6dB   196W 107.7dB) @  72Hz
                1.1    8.7l: (112.3dB   233W 107.7dB) @  75Hz
                1.1    8.7l: (109.5dB   121W 107.7dB) @  64Hz (  598uF)

