-------------
AC250SW
      88.0dB            180W
Rpre   Spl     SplMech Pmech SplEle      f3

0.20  86.7dB: (114.4dB  1321W 105.8dB) @  52Hz
0.60  86.2dB: (113.0dB  1064W 105.3dB) @  48Hz
1.00  85.8dB: (111.8dB   879W 104.9dB) @  45Hz
              (114.8dB  1758W 104.9dB) @  53Hz
-------------
SW31-8
      85.0dB            250W
Rpre   Spl     SplMech Pmech SplEle      f3

0.20  85.5dB: (113.0dB   632W 108.9dB) @  32Hz
              (116.0dB  1265W 108.9dB) @  38Hz
0.60  85.3dB: (112.1dB   543W 108.7dB) @  31Hz
              (115.1dB  1087W 108.7dB) @  36Hz
              (118.1dB  2174W 108.7dB) @  43Hz
1.00  85.1dB: (111.2dB   471W 108.5dB) @  29Hz
              (114.2dB   942W 108.5dB) @  35Hz
              (117.2dB  1883W 108.5dB) @  41Hz
