-------------
AC250SW                                88.0dB  180W                     1x100mm
Rpre   Spl
      Vb      fb         SplMech Pmech  SplEle     f3       dv       lv

0.20  86.7dB --------------------------------------------------------------
    51.2l @  32.8Hz  =>  109.9dB  462W 105.8dB @  31.7Hz   1x100mm   300 mm 
    57.4l @  31.7Hz  =>  108.9dB  369W 105.8dB @  29.9Hz   1x100mm   260 mm 
    64.3l @  30.5Hz  =>  107.9dB  294W 105.8dB @  28.3Hz   1x100mm   224 mm 
*   72.0l @  29.5Hz  =>  106.9dB  234W 105.8dB @  26.7Hz   1x100mm   192 mm 
    80.6l @  28.4Hz  =>  105.9dB  187W 105.8dB @  25.3Hz   1x100mm   164 mm 
    90.3l @  27.4Hz  =>  104.9dB  149W 105.8dB @  23.9Hz   1x100mm   139 mm 
   101.1l @  26.4Hz  =>  103.9dB  119W 105.8dB @  22.6Hz   1x100mm   116 mm 
0.60  86.2dB --------------------------------------------------------------
    64.3l @  30.5Hz  =>  107.9dB  324W 105.3dB @  28.3Hz   1x100mm   224 mm 
    72.0l @  29.5Hz  =>  106.9dB  259W 105.3dB @  26.7Hz   1x100mm   192 mm 
    80.6l @  28.4Hz  =>  105.9dB  206W 105.3dB @  25.3Hz   1x100mm   164 mm 
*   90.3l @  27.4Hz  =>  104.9dB  164W 105.3dB @  23.9Hz   1x100mm   138 mm 
   101.2l @  26.4Hz  =>  103.9dB  131W 105.3dB @  22.6Hz   1x100mm   116 mm 
   113.3l @  25.5Hz  =>  103.0dB  104W 105.3dB @  21.3Hz   1x100mm    96 mm 
   126.9l @  24.6Hz  =>  102.0dB   83W 105.3dB @  20.1Hz   1x100mm    77 mm 
1.00  85.8dB --------------------------------------------------------------
    78.7l @  28.6Hz  =>  106.1dB  237W 104.9dB @  25.6Hz   1x100mm   170 mm 
    88.1l @  27.6Hz  =>  105.1dB  189W 104.9dB @  24.2Hz   1x100mm   144 mm 
    98.7l @  26.6Hz  =>  104.2dB  151W 104.9dB @  22.8Hz   1x100mm   120 mm 
*  110.6l @  25.7Hz  =>  103.2dB  120W 104.9dB @  21.6Hz   1x100mm   100 mm 
   123.8l @  24.8Hz  =>  102.2dB   96W 104.9dB @  20.4Hz   1x100mm    81 mm 
   138.7l @  23.9Hz  =>  101.2dB   76W 104.9dB @  19.3Hz   1x100mm    65 mm 
   155.3l @  23.0Hz  =>  100.2dB   61W 104.9dB @  18.2Hz   1x100mm    50 mm 
-------------
SW31-8                                 85.0dB  250W                     2x100mm
Rpre   Spl
      Vb      fb         SplMech Pmech  SplEle     f3       dv       lv

0.20  85.5dB --------------------------------------------------------------
   170.8l @  20.9Hz  =>  106.5dB  143W 108.9dB @  17.7Hz   2x100mm   244 mm 
   191.2l @  20.1Hz  =>  105.5dB  114W 108.9dB @  16.7Hz   2x100mm   207 mm 
   214.2l @  19.4Hz  =>  104.5dB   91W 108.9dB @  15.8Hz   2x100mm   174 mm 
*  239.9l @  18.7Hz  =>  103.5dB   72W 108.9dB @  14.9Hz   2x100mm   144 mm 
   268.7l @  18.0Hz  =>  102.6dB   58W 108.9dB @  14.1Hz   2x100mm   118 mm 
   300.9l @  17.4Hz  =>  101.6dB   46W 108.9dB @  13.3Hz   2x100mm    94 mm 
   337.0l @  16.8Hz  =>  100.6dB   37W 108.9dB @  12.6Hz   2x100mm    73 mm 
   377.5l @  16.2Hz  =>   99.6dB   29W 108.9dB @  11.9Hz   2x100mm    54 mm 
   422.8l @  15.6Hz  =>   98.6dB   23W 108.9dB @  11.2Hz   2x100mm    37 mm 
   473.5l @  15.0Hz  =>   97.6dB   19W 108.9dB @  10.6Hz   2x100mm    22 mm 
   530.3l @  14.5Hz  =>   96.7dB   15W 108.9dB @  10.0Hz + 3x100mm    42 mm 
   594.0l @  14.0Hz  =>   95.7dB   12W 108.9dB @   9.5Hz + 3x100mm    24 mm 
   665.3l @  13.5Hz  =>   94.7dB    9W 108.9dB @   9.0Hz + 4x100mm    33 mm 
   745.1l @  13.0Hz  =>   93.7dB    8W 108.9dB @   8.5Hz + 5x100mm    37 mm 
   834.5l @  12.6Hz  =>   92.7dB    6W 108.9dB @   8.0Hz + 6x100mm    36 mm 
0.60  85.3dB --------------------------------------------------------------
   197.9l @  19.9Hz  =>  105.2dB  112W 108.7dB @  16.4Hz   2x100mm   197 mm 
   221.7l @  19.2Hz  =>  104.2dB   89W 108.7dB @  15.5Hz   2x100mm   165 mm 
   248.3l @  18.5Hz  =>  103.2dB   71W 108.7dB @  14.7Hz   2x100mm   136 mm 
*  278.1l @  17.8Hz  =>  102.3dB   57W 108.7dB @  13.8Hz   2x100mm   110 mm 
   311.4l @  17.2Hz  =>  101.3dB   45W 108.7dB @  13.1Hz   2x100mm    87 mm 
   348.8l @  16.6Hz  =>  100.3dB   36W 108.7dB @  12.4Hz   2x100mm    67 mm 
   390.7l @  16.0Hz  =>   99.3dB   29W 108.7dB @  11.7Hz   2x100mm    49 mm 
1.00  85.1dB --------------------------------------------------------------
   227.6l @  19.0Hz  =>  104.0dB   89W 108.5dB @  15.3Hz   2x100mm   158 mm 
   254.9l @  18.3Hz  =>  103.0dB   71W 108.5dB @  14.5Hz   2x100mm   130 mm 
   285.5l @  17.7Hz  =>  102.0dB   57W 108.5dB @  13.7Hz   2x100mm   105 mm 
*  319.7l @  17.1Hz  =>  101.1dB   45W 108.5dB @  12.9Hz   2x100mm    83 mm 
   358.1l @  16.5Hz  =>  100.1dB   36W 108.5dB @  12.2Hz   2x100mm    63 mm 
   401.1l @  15.9Hz  =>   99.1dB   29W 108.5dB @  11.5Hz   2x100mm    45 mm 
   449.2l @  15.3Hz  =>   98.1dB   23W 108.5dB @  10.9Hz   2x100mm    29 mm 
