-------------
hm130c0
      88.0dB                             50W
SplMech  Pmech SplEle     f3

 73.5dB     0W 103.6dB @  16Hz
 75.5dB     0W 103.6dB @  18Hz
 77.3dB     0W 103.6dB @  20Hz
 79.0dB     0W 103.6dB @  22Hz
 80.5dB     0W 103.6dB @  24Hz
 81.9dB     0W 103.6dB @  26Hz
 83.2dB     0W 103.6dB @  28Hz
 84.4dB     1W 103.6dB @  30Hz
 85.5dB     1W 103.6dB @  32Hz
 86.6dB     1W 103.6dB @  34Hz
 87.6dB     1W 103.6dB @  36Hz
 88.5dB     2W 103.6dB @  38Hz
 89.4dB     2W 103.6dB @  40Hz
 90.2dB     2W 103.6dB @  42Hz
 91.0dB     3W 103.6dB @  44Hz
 91.8dB     3W 103.6dB @  46Hz
 92.6dB     4W 103.6dB @  48Hz
-------------
hm170z18
      89.5dB                             60W
SplMech  Pmech SplEle     f3

 77.9dB     0W 105.6dB @  16Hz
 80.0dB     0W 105.6dB @  18Hz
 81.8dB     0W 105.6dB @  20Hz
 83.5dB     0W 105.6dB @  22Hz
 85.0dB     1W 105.6dB @  24Hz
 86.4dB     1W 105.6dB @  26Hz
 87.6dB     1W 105.6dB @  28Hz
 88.8dB     1W 105.6dB @  30Hz
 90.0dB     2W 105.6dB @  32Hz
 91.0dB     2W 105.6dB @  34Hz
 92.0dB     3W 105.6dB @  36Hz
 93.0dB     3W 105.6dB @  38Hz
 93.8dB     4W 105.6dB @  40Hz
 94.7dB     5W 105.6dB @  42Hz
 95.5dB     6W 105.6dB @  44Hz
 96.3dB     7W 105.6dB @  46Hz
 97.0dB     8W 105.6dB @  48Hz
-------------
hm210c0
      91.0dB                             80W
SplMech  Pmech SplEle     f3

 84.6dB     0W 108.5dB @  16Hz
 86.6dB     1W 108.5dB @  18Hz
 88.5dB     1W 108.5dB @  20Hz
 90.1dB     1W 108.5dB @  22Hz
 91.6dB     2W 108.5dB @  24Hz
 93.0dB     2W 108.5dB @  26Hz
 94.3dB     3W 108.5dB @  28Hz
 95.5dB     4W 108.5dB @  30Hz
 96.6dB     5W 108.5dB @  32Hz
 97.7dB     7W 108.5dB @  34Hz
 98.7dB     8W 108.5dB @  36Hz
 99.6dB    10W 108.5dB @  38Hz
100.5dB    13W 108.5dB @  40Hz
101.4dB    16W 108.5dB @  42Hz
102.2dB    19W 108.5dB @  44Hz
102.9dB    22W 108.5dB @  46Hz
103.7dB    26W 108.5dB @  48Hz
-------------
hp210z0
      88.0dB                             70W
SplMech  Pmech SplEle     f3

 82.5dB     0W 107.4dB @  16Hz
 84.5dB     0W 107.4dB @  18Hz
 86.4dB     1W 107.4dB @  20Hz
 88.0dB     1W 107.4dB @  22Hz
 89.5dB     1W 107.4dB @  24Hz
 90.9dB     2W 107.4dB @  26Hz
 92.2dB     2W 107.4dB @  28Hz
 93.4dB     3W 107.4dB @  30Hz
 94.5dB     4W 107.4dB @  32Hz
 95.6dB     5W 107.4dB @  34Hz
 96.6dB     6W 107.4dB @  36Hz
 97.5dB     7W 107.4dB @  38Hz
 98.4dB     9W 107.4dB @  40Hz
 99.3dB    11W 107.4dB @  42Hz
100.1dB    13W 107.4dB @  44Hz
100.8dB    15W 107.4dB @  46Hz
101.6dB    18W 107.4dB @  48Hz
-------------
am210g0
      91.0dB                             80W
SplMech  Pmech SplEle     f3

 85.5dB     0W 108.2dB @  16Hz
 87.5dB     1W 108.2dB @  18Hz
 89.3dB     1W 108.2dB @  20Hz
 91.0dB     2W 108.2dB @  22Hz
 92.5dB     2W 108.2dB @  24Hz
 93.9dB     3W 108.2dB @  26Hz
 95.2dB     4W 108.2dB @  28Hz
 96.4dB     5W 108.2dB @  30Hz
 97.5dB     7W 108.2dB @  32Hz
 98.6dB     9W 108.2dB @  34Hz
 99.5dB    11W 108.2dB @  36Hz
100.5dB    13W 108.2dB @  38Hz
101.4dB    16W 108.2dB @  40Hz
102.2dB    20W 108.2dB @  42Hz
103.0dB    24W 108.2dB @  44Hz
103.8dB    29W 108.2dB @  46Hz
104.5dB    34W 108.2dB @  48Hz
