-------------
hm130c0
            88.0dB            50W       1x50mm
   fu     fb      fo      SplMech  Vb1     Vb2       d         l        C
 33.0Hz  69Hz  143Hz   86.0dB   10l +   2l  + 1x40mm   3494mm
 36.2Hz  73Hz  146Hz   87.7dB    8l +   2l  + 1x40mm   3114mm
 39.7Hz  77Hz  149Hz   89.3dB    7l +   2l  + 1x40mm   2775mm
 43.4Hz  82Hz  153Hz   90.8dB    6l +   2l  + 1x40mm   2474mm
 47.5Hz  86Hz  157Hz   92.4dB    5l +   2l  + 1x40mm   2204mm
 51.8Hz  92Hz  162Hz   93.9dB    4l +   2l  + 1x40mm   1965mm
 56.5Hz  97Hz  166Hz   95.4dB    4l +   2l  + 1x40mm   1751mm
 61.6Hz 103Hz  171Hz   96.9dB    3l +   2l  + 1x40mm   1561mm
 67.0Hz 109Hz  177Hz   98.3dB    3l +   2l  + 1x40mm   1391mm
 72.7Hz 115Hz  182Hz   99.8dB    2l +   2l  + 1x40mm   1240mm
 78.9Hz 122Hz  189Hz  101.2dB    2l +   2l  + 1x40mm   1105mm
 85.6Hz 129Hz  195Hz  102.6dB    2l +   2l  + 1x40mm    985mm
 92.6Hz 134Hz  202Hz  104.0dB    2l +   2l  + 1x40mm    922mm
100.2Hz 145Hz  210Hz  105.3dB    1l +   2l  - 1x40mm    782mm
108.3Hz 154Hz  218Hz  106.7dB    1l +   2l  - 1x40mm    697mm
116.9Hz 163Hz  227Hz  108.0dB    1l +   2l  - 1x40mm    621mm
126.0Hz 172Hz  236Hz  109.3dB    1l +   2l  - 1x40mm    554mm
 33.0Hz  80Hz  143Hz   86.0dB    6l +   2l  + 1x40mm   3494mm
 36.2Hz  85Hz  146Hz   87.7dB    5l +   2l  + 1x40mm   3113mm
 39.7Hz  90Hz  149Hz   89.3dB    4l +   2l  + 1x40mm   2775mm
 43.4Hz  95Hz  153Hz   90.8dB    4l +   2l  + 1x40mm   2474mm
 47.5Hz 101Hz  157Hz   92.4dB    3l +   2l  + 1x40mm   2205mm
 51.8Hz 107Hz  162Hz   93.9dB    3l +   2l  + 1x40mm   1965mm
 56.5Hz 113Hz  166Hz   95.4dB    2l +   2l  + 1x40mm   1751mm
 61.6Hz 120Hz  171Hz   96.9dB    2l +   2l  + 1x40mm   1561mm
 67.0Hz 127Hz  177Hz   98.3dB    2l +   2l  + 1x40mm   1391mm
 72.7Hz 134Hz  182Hz   99.8dB    2l +   2l  + 1x40mm   1240mm
 78.9Hz 142Hz  189Hz  101.2dB    1l +   2l  + 1x40mm   1105mm
 85.6Hz 129Hz  195Hz  102.6dB    2l +   2l  + 1x40mm   1340mm
 92.6Hz 134Hz  202Hz  104.0dB    2l +   2l  + 1x40mm   1255mm
100.2Hz 145Hz  210Hz  105.3dB    1l +   2l  + 1x40mm   1065mm
 93.1Hz 154Hz  218Hz  104.1dB    1l +   2l  + 1x40mm    949mm
101.6Hz 163Hz  227Hz  105.6dB    1l +   2l  + 1x40mm    846mm
126.0Hz 172Hz  236Hz  109.3dB    1l +   2l  - 1x40mm    754mm
 39.6Hz  96Hz  233Hz   89.2dB    4l +   1l  + 1x40mm   3493mm
 43.7Hz 102Hz  237Hz   90.9dB    3l +   1l  + 1x40mm   3114mm
 48.1Hz 108Hz  242Hz   92.6dB    3l +   1l  + 1x40mm   2776mm
 52.9Hz 114Hz  246Hz   94.2dB    2l +   1l  + 1x40mm   2473mm
 58.1Hz 121Hz  252Hz   95.9dB    2l +   1l  + 1x40mm   2205mm
 63.8Hz 128Hz  257Hz   97.5dB    2l +   1l  + 1x40mm   1965mm
 69.9Hz 136Hz  263Hz   99.1dB    2l +   1l  + 1x40mm   1751mm
 76.5Hz 144Hz  270Hz  100.7dB    1l +   1l  + 1x40mm   1560mm
 83.6Hz 152Hz  277Hz  102.2dB    1l +   1l  + 1x40mm   1391mm
 91.3Hz 161Hz  285Hz  103.7dB    1l +   1l  + 1x40mm   1240mm
 99.6Hz 171Hz  293Hz  105.2dB    1l +   1l  + 1x40mm   1105mm
108.4Hz 181Hz  302Hz  106.7dB    1l +   1l  + 1x40mm    985mm
118.0Hz 192Hz  312Hz  108.2dB    1l +   1l  + 1x40mm    878mm
128.2Hz 203Hz  322Hz  109.6dB    1l +   1l  - 1x40mm    782mm
139.1Hz 215Hz  333Hz  111.0dB    1l +   1l  - 1x40mm    697mm
150.8Hz 228Hz  344Hz  112.4dB    1l +   1l  - 1x40mm    621mm
163.2Hz 241Hz  357Hz  113.8dB    0l +   1l  - 1x40mm    554mm
-------------
hm170z18
            89.5dB            60W       1x70mm
   fu     fb      fo      SplMech  Vb1     Vb2       d         l        C
 25.2Hz  52Hz  109Hz   85.8dB   36l +   7l  * 1x40mm   1987mm
 27.7Hz  56Hz  112Hz   87.5dB   29l +   7l  * 1x40mm   1771mm
 30.4Hz  59Hz  114Hz   89.1dB   24l +   7l  * 1x40mm   1578mm
 33.2Hz  62Hz  117Hz   90.6dB   19l +   7l  * 1x40mm   1407mm
 36.3Hz  66Hz  120Hz   92.2dB   16l +   7l  * 1x40mm   1254mm
 39.6Hz  70Hz  124Hz   93.7dB   14l +   7l  * 1x40mm   1117mm
 43.2Hz  74Hz  127Hz   95.2dB   12l +   7l  * 1x40mm    996mm
 47.1Hz  79Hz  131Hz   96.7dB   10l +   7l  * 1x40mm    888mm
 51.2Hz  83Hz  135Hz   98.1dB    9l +   7l  * 1x40mm    791mm
 55.6Hz  88Hz  140Hz   99.6dB    8l +   7l  * 1x40mm    705mm
 60.4Hz  93Hz  144Hz  101.0dB    7l +   7l  * 1x40mm    628mm
 65.4Hz  99Hz  149Hz  102.4dB    6l +   7l  * 1x40mm    560mm
 70.9Hz 102Hz  155Hz  103.8dB    5l +   7l  * 1x40mm    525mm
 76.7Hz 111Hz  161Hz  105.1dB    4l +   7l  - 1x50mm    695mm
 82.8Hz 118Hz  167Hz  106.5dB    4l +   7l  - 1x50mm    619mm
 89.4Hz 124Hz  173Hz  107.8dB    3l +   7l  - 1x50mm    552mm
 96.4Hz 132Hz  180Hz  109.1dB    3l +   7l  - 1x50mm    492mm
 25.2Hz  61Hz  109Hz   85.8dB   21l +   5l  * 1x40mm   1987mm
 27.7Hz  65Hz  112Hz   87.5dB   17l +   5l  * 1x40mm   1771mm
 30.4Hz  69Hz  114Hz   89.1dB   15l +   5l  * 1x40mm   1578mm
 33.2Hz  73Hz  117Hz   90.6dB   12l +   5l  * 1x40mm   1407mm
 36.3Hz  77Hz  120Hz   92.2dB   11l +   5l  * 1x40mm   1254mm
 39.6Hz  82Hz  124Hz   93.7dB    9l +   5l  * 1x40mm   1117mm
 43.2Hz  87Hz  127Hz   95.2dB    8l +   5l  * 1x40mm    996mm
 47.1Hz  92Hz  131Hz   96.7dB    7l +   5l  * 1x40mm    888mm
 51.2Hz  97Hz  135Hz   98.1dB    6l +   5l  * 1x40mm    791mm
 55.6Hz 103Hz  140Hz   99.6dB    5l +   5l  * 1x40mm    705mm
 60.4Hz 109Hz  144Hz  101.0dB    5l +   5l  * 1x40mm    628mm
 65.4Hz  99Hz  149Hz  102.4dB    6l +   5l  * 1x40mm    762mm
 70.9Hz 102Hz  155Hz  103.8dB    5l +   5l  * 1x40mm    714mm
 76.7Hz 111Hz  161Hz  105.1dB    4l +   5l  * 1x40mm    606mm
 71.2Hz 118Hz  167Hz  103.9dB    4l +   5l  * 1x40mm    540mm
 77.7Hz 124Hz  173Hz  105.4dB    3l +   5l  - 1x50mm    752mm
 96.4Hz 132Hz  180Hz  109.1dB    3l +   5l  - 1x50mm    670mm
 30.3Hz  73Hz  178Hz   89.0dB   12l +   4l  * 1x40mm   1987mm
 33.4Hz  78Hz  181Hz   90.7dB   10l +   4l  * 1x40mm   1771mm
 36.8Hz  82Hz  185Hz   92.4dB    9l +   4l  * 1x40mm   1579mm
 40.5Hz  87Hz  189Hz   94.0dB    8l +   4l  * 1x40mm   1407mm
 44.5Hz  93Hz  193Hz   95.7dB    7l +   4l  * 1x40mm   1254mm
 48.8Hz  98Hz  197Hz   97.3dB    6l +   4l  * 1x40mm   1117mm
 53.5Hz 104Hz  202Hz   98.9dB    5l +   4l  * 1x40mm    996mm
 58.5Hz 110Hz  207Hz  100.5dB    4l +   4l  * 1x40mm    888mm
 64.0Hz 116Hz  212Hz  102.0dB    4l +   4l  * 1x40mm    791mm
 69.9Hz 123Hz  218Hz  103.5dB    3l +   4l  * 1x40mm    705mm
 76.2Hz 131Hz  224Hz  105.0dB    3l +   4l  * 1x40mm    628mm
 83.0Hz 138Hz  231Hz  106.5dB    3l +   4l  * 1x40mm    560mm
 90.2Hz 147Hz  238Hz  108.0dB    2l +   4l  - 1x50mm    780mm
 98.0Hz 155Hz  246Hz  109.4dB    2l +   4l  - 1x50mm    695mm
106.4Hz 165Hz  254Hz  110.8dB    2l +   4l  - 1x50mm    620mm
115.3Hz 174Hz  263Hz  112.2dB    2l +   4l  - 1x50mm    552mm
124.9Hz 185Hz  273Hz  113.6dB    1l +   4l  - 1x50mm    492mm
-------------
hm210c0
            91.0dB            80W       1x70mm
   fu     fb      fo      SplMech  Vb1     Vb2       d         l        C
 21.0Hz  44Hz   91Hz   89.3dB   70l +  16l  * 1x40mm   1208mm
 23.0Hz  46Hz   93Hz   90.9dB   58l +  16l  * 1x40mm   1076mm
 25.2Hz  49Hz   95Hz   92.5dB   49l +  16l  * 1x40mm    959mm
 27.6Hz  52Hz   97Hz   94.1dB   41l +  16l  * 1x40mm    855mm
 30.2Hz  55Hz  100Hz   95.6dB   35l +  16l  * 1x40mm    762mm
 33.0Hz  58Hz  103Hz   97.2dB   30l +  16l  * 1x40mm    679mm
 36.0Hz  62Hz  106Hz   98.7dB   26l +  16l  * 1x40mm    605mm
 39.2Hz  65Hz  109Hz  100.2dB   23l +  16l  * 1x40mm    540mm
 42.6Hz  69Hz  112Hz  101.6dB   20l +  16l  - 1x50mm    751mm
 46.3Hz  73Hz  116Hz  103.0dB   17l +  16l  - 1x50mm    670mm
 50.2Hz  78Hz  120Hz  104.5dB   15l +  16l  - 1x50mm    597mm
 54.4Hz  82Hz  124Hz  105.9dB   13l +  16l  - 1x50mm    532mm
 58.9Hz  85Hz  129Hz  107.3dB   12l +  16l  - 1x50mm    498mm
 63.8Hz  92Hz  134Hz  108.6dB   10l +  16l  - 1x50mm    423mm
 68.9Hz  98Hz  139Hz  110.0dB    9l +  16l    1x70mm    738mm
 74.4Hz 104Hz  144Hz  111.3dB    8l +  16l    1x70mm    658mm
 80.2Hz 110Hz  150Hz  112.6dB    7l +  16l    1x70mm    586mm
 21.0Hz  51Hz   91Hz   89.3dB   43l +  12l  * 1x40mm   1208mm
 23.0Hz  54Hz   93Hz   90.9dB   37l +  12l  * 1x40mm   1076mm
 25.2Hz  57Hz   95Hz   92.5dB   32l +  12l  * 1x40mm    959mm
 27.6Hz  61Hz   97Hz   94.1dB   27l +  12l  * 1x40mm    855mm
 30.2Hz  64Hz  100Hz   95.6dB   24l +  12l  * 1x40mm    762mm
 33.0Hz  68Hz  103Hz   97.2dB   20l +  12l  * 1x40mm    679mm
 36.0Hz  72Hz  106Hz   98.7dB   18l +  12l  * 1x40mm    605mm
 39.2Hz  76Hz  109Hz  100.2dB   16l +  12l  * 1x40mm    540mm
 42.6Hz  81Hz  112Hz  101.6dB   14l +  12l  - 1x50mm    751mm
 46.3Hz  86Hz  116Hz  103.0dB   12l +  12l  - 1x50mm    670mm
 50.2Hz  91Hz  120Hz  104.5dB   11l +  12l  - 1x50mm    597mm
 54.4Hz  82Hz  124Hz  105.9dB   13l +  12l  - 1x50mm    724mm
 58.9Hz  85Hz  129Hz  107.3dB   12l +  12l  - 1x50mm    678mm
 63.8Hz  92Hz  134Hz  108.6dB   10l +  12l  - 1x50mm    575mm
 59.2Hz  98Hz  139Hz  107.3dB    9l +  12l  - 1x50mm    512mm
 64.7Hz 104Hz  144Hz  108.9dB    8l +  12l  - 1x50mm    457mm
 80.2Hz 110Hz  150Hz  112.6dB    7l +  12l    1x70mm    798mm
 25.2Hz  61Hz  148Hz   92.5dB   27l +   8l  * 1x40mm   1208mm
 27.8Hz  65Hz  151Hz   94.2dB   23l +   8l  * 1x40mm   1077mm
 30.6Hz  69Hz  154Hz   95.9dB   20l +   8l  * 1x40mm    960mm
 33.7Hz  73Hz  157Hz   97.5dB   17l +   8l  * 1x40mm    855mm
 37.0Hz  77Hz  160Hz   99.2dB   15l +   8l  * 1x40mm    762mm
 40.6Hz  82Hz  164Hz  100.8dB   13l +   8l  * 1x40mm    679mm
 44.5Hz  86Hz  168Hz  102.4dB   12l +   8l  * 1x40mm    605mm
 48.7Hz  91Hz  172Hz  103.9dB   10l +   8l  * 1x40mm    539mm
 53.2Hz  97Hz  176Hz  105.5dB    9l +   8l  - 1x50mm    751mm
 58.1Hz 103Hz  181Hz  107.0dB    8l +   8l  - 1x50mm    670mm
 63.4Hz 109Hz  186Hz  108.5dB    7l +   8l  - 1x50mm    597mm
 69.0Hz 115Hz  192Hz  110.0dB    6l +   8l  - 1x50mm    532mm
 75.0Hz 122Hz  198Hz  111.4dB    6l +   8l  - 1x50mm    474mm
 81.5Hz 129Hz  205Hz  112.9dB    5l +   8l  - 1x50mm    423mm
 88.5Hz 137Hz  212Hz  114.3dB    4l +   8l    1x70mm    738mm
 95.9Hz 145Hz  219Hz  115.7dB    4l +   8l    1x70mm    658mm
103.9Hz 154Hz  227Hz  117.1dB    3l +   8l    1x70mm    586mm
-------------
hp210z0
            88.0dB            70W       1x70mm
   fu     fb      fo      SplMech  Vb1     Vb2       d         l        C
 22.1Hz  46Hz   96Hz   88.1dB   67l +  15l  * 1x40mm   1156mm
 24.3Hz  49Hz   98Hz   89.7dB   55l +  15l  * 1x40mm   1030mm
 26.6Hz  52Hz  100Hz   91.3dB   46l +  15l  * 1x40mm    918mm
 29.1Hz  55Hz  103Hz   92.9dB   39l +  15l  * 1x40mm    819mm
 31.8Hz  58Hz  105Hz   94.5dB   33l +  15l  * 1x40mm    729mm
 34.8Hz  61Hz  108Hz   96.0dB   29l +  15l  * 1x40mm    650mm
 37.9Hz  65Hz  112Hz   97.5dB   25l +  15l  * 1x40mm    580mm
 41.3Hz  69Hz  115Hz   99.0dB   21l +  15l  * 1x40mm    517mm
 44.9Hz  73Hz  119Hz  100.4dB   19l +  15l  - 1x50mm    719mm
 48.8Hz  77Hz  122Hz  101.9dB   16l +  15l  - 1x50mm    641mm
 53.0Hz  82Hz  127Hz  103.3dB   14l +  15l  - 1x50mm    571mm
 57.4Hz  87Hz  131Hz  104.7dB   12l +  15l  - 1x50mm    509mm
 62.1Hz  90Hz  136Hz  106.1dB   11l +  15l  - 1x50mm    477mm
 67.2Hz  97Hz  141Hz  107.4dB   10l +  15l    1x70mm    793mm
 72.6Hz 103Hz  146Hz  108.8dB    8l +  15l    1x70mm    706mm
 78.4Hz 109Hz  152Hz  110.1dB    7l +  15l    1x70mm    630mm
 84.5Hz 116Hz  158Hz  111.4dB    7l +  15l    1x70mm    561mm
 22.1Hz  54Hz   96Hz   88.1dB   41l +  11l  * 1x40mm   1156mm
 24.3Hz  57Hz   98Hz   89.7dB   35l +  11l  * 1x40mm   1030mm
 26.6Hz  60Hz  100Hz   91.3dB   30l +  11l  * 1x40mm    918mm
 29.1Hz  64Hz  103Hz   92.9dB   26l +  11l  * 1x40mm    819mm
 31.8Hz  68Hz  105Hz   94.5dB   22l +  11l  * 1x40mm    730mm
 34.8Hz  72Hz  108Hz   96.0dB   19l +  11l  * 1x40mm    650mm
 37.9Hz  76Hz  112Hz   97.5dB   17l +  11l  * 1x40mm    580mm
 41.3Hz  80Hz  115Hz   99.0dB   15l +  11l  * 1x40mm    516mm
 44.9Hz  85Hz  119Hz  100.4dB   13l +  11l  - 1x50mm    719mm
 48.8Hz  90Hz  122Hz  101.9dB   11l +  11l  - 1x50mm    641mm
 53.0Hz  96Hz  127Hz  103.3dB   10l +  11l  - 1x50mm    571mm
 57.4Hz  87Hz  131Hz  104.7dB   12l +  11l  - 1x50mm    693mm
 62.1Hz  90Hz  136Hz  106.1dB   11l +  11l  - 1x50mm    649mm
 67.2Hz  97Hz  141Hz  107.4dB   10l +  11l  - 1x50mm    551mm
 62.4Hz 103Hz  146Hz  106.1dB    8l +  11l  - 1x50mm    491mm
 68.2Hz 109Hz  152Hz  107.7dB    7l +  11l  - 1x50mm    437mm
 84.5Hz 116Hz  158Hz  111.4dB    7l +  11l    1x70mm    764mm
 26.6Hz  64Hz  156Hz   91.3dB   25l +   8l  * 1x40mm   1156mm
 29.3Hz  68Hz  159Hz   93.0dB   22l +   8l  * 1x40mm   1031mm
 32.3Hz  72Hz  162Hz   94.7dB   19l +   8l  * 1x40mm    919mm
 35.5Hz  77Hz  165Hz   96.3dB   16l +   8l  * 1x40mm    819mm
 39.0Hz  81Hz  169Hz   98.0dB   14l +   8l  * 1x40mm    730mm
 42.8Hz  86Hz  173Hz   99.6dB   13l +   8l  * 1x40mm    650mm
 46.9Hz  91Hz  177Hz  101.2dB   11l +   8l  * 1x40mm    579mm
 51.3Hz  96Hz  181Hz  102.7dB   10l +   8l  * 1x40mm    516mm
 56.1Hz 102Hz  186Hz  104.3dB    9l +   8l  - 1x50mm    719mm
 61.3Hz 108Hz  191Hz  105.8dB    8l +   8l  - 1x50mm    641mm
 66.8Hz 115Hz  197Hz  107.3dB    7l +   8l  - 1x50mm    571mm
 72.7Hz 121Hz  203Hz  108.8dB    6l +   8l  - 1x50mm    509mm
 79.1Hz 129Hz  209Hz  110.3dB    5l +   8l  - 1x50mm    454mm
 86.0Hz 136Hz  216Hz  111.7dB    5l +   8l    1x70mm    793mm
 93.3Hz 144Hz  223Hz  113.1dB    4l +   8l    1x70mm    707mm
101.1Hz 153Hz  231Hz  114.5dB    4l +   8l    1x70mm    630mm
109.5Hz 162Hz  239Hz  115.9dB    3l +   8l    1x70mm    561mm
-------------
am210g0
            91.0dB            80W       1x70mm
   fu     fb      fo      SplMech  Vb1     Vb2       d         l        C
 22.1Hz  46Hz   96Hz   91.1dB   61l +  15l  * 1x40mm   1173mm
 24.3Hz  49Hz   98Hz   92.7dB   51l +  15l  * 1x40mm   1045mm
 26.6Hz  52Hz  100Hz   94.3dB   43l +  15l  * 1x40mm    931mm
 29.1Hz  55Hz  103Hz   95.9dB   37l +  15l  * 1x40mm    830mm
 31.8Hz  58Hz  105Hz   97.4dB   31l +  15l  * 1x40mm    740mm
 34.7Hz  61Hz  108Hz   98.9dB   27l +  15l  * 1x40mm    659mm
 37.9Hz  65Hz  111Hz  100.4dB   23l +  15l  * 1x40mm    588mm
 41.3Hz  69Hz  115Hz  101.9dB   20l +  15l  * 1x40mm    524mm
 44.9Hz  73Hz  118Hz  103.4dB   18l +  15l  - 1x50mm    729mm
 48.8Hz  77Hz  122Hz  104.8dB   16l +  15l  - 1x50mm    650mm
 52.9Hz  82Hz  126Hz  106.2dB   14l +  15l  - 1x50mm    579mm
 57.4Hz  87Hz  131Hz  107.6dB   12l +  15l  - 1x50mm    516mm
 62.1Hz  90Hz  136Hz  109.0dB   11l +  15l  - 1x50mm    484mm
 67.2Hz  97Hz  141Hz  110.4dB    9l +  15l  - 1x50mm    410mm
 72.6Hz 103Hz  146Hz  111.7dB    8l +  15l    1x70mm    717mm
 78.3Hz 109Hz  152Hz  113.1dB    7l +  15l    1x70mm    639mm
 84.5Hz 116Hz  158Hz  114.4dB    6l +  15l    1x70mm    569mm
 22.1Hz  54Hz   96Hz   91.1dB   39l +  11l  * 1x40mm   1173mm
 24.3Hz  57Hz   98Hz   92.7dB   33l +  11l  * 1x40mm   1045mm
 26.6Hz  60Hz  100Hz   94.3dB   28l +  11l  * 1x40mm    931mm
 29.1Hz  64Hz  103Hz   95.9dB   25l +  11l  * 1x40mm    830mm
 31.8Hz  68Hz  105Hz   97.4dB   21l +  11l  * 1x40mm    740mm
 34.7Hz  72Hz  108Hz   98.9dB   19l +  11l  * 1x40mm    659mm
 37.9Hz  76Hz  111Hz  100.4dB   16l +  11l  * 1x40mm    588mm
 41.3Hz  80Hz  115Hz  101.9dB   14l +  11l  * 1x40mm    524mm
 44.9Hz  85Hz  118Hz  103.4dB   13l +  11l  - 1x50mm    730mm
 48.8Hz  90Hz  122Hz  104.8dB   11l +  11l  - 1x50mm    650mm
 52.9Hz  95Hz  126Hz  106.2dB   10l +  11l  - 1x50mm    579mm
 57.4Hz  87Hz  131Hz  107.6dB   12l +  11l  - 1x50mm    703mm
 62.1Hz  90Hz  136Hz  109.0dB   11l +  11l  - 1x50mm    658mm
 67.2Hz  97Hz  141Hz  110.4dB    9l +  11l  - 1x50mm    558mm
 62.4Hz 103Hz  146Hz  109.1dB    8l +  11l  - 1x50mm    498mm
 68.1Hz 109Hz  152Hz  110.6dB    7l +  11l  - 1x50mm    444mm
 84.5Hz 116Hz  158Hz  114.4dB    6l +  11l    1x70mm    775mm
 26.5Hz  64Hz  156Hz   94.3dB   24l +   8l  * 1x40mm   1173mm
 29.3Hz  68Hz  159Hz   96.0dB   21l +   8l  * 1x40mm   1045mm
 32.2Hz  72Hz  162Hz   97.6dB   18l +   8l  * 1x40mm    932mm
 35.5Hz  77Hz  165Hz   99.3dB   16l +   8l  * 1x40mm    830mm
 39.0Hz  81Hz  169Hz  100.9dB   14l +   8l  * 1x40mm    740mm
 42.8Hz  86Hz  173Hz  102.5dB   12l +   8l  * 1x40mm    659mm
 46.9Hz  91Hz  177Hz  104.1dB   11l +   8l  * 1x40mm    588mm
 51.3Hz  96Hz  181Hz  105.7dB    9l +   8l  * 1x40mm    524mm
 56.1Hz 102Hz  186Hz  107.2dB    8l +   8l  - 1x50mm    729mm
 61.2Hz 108Hz  191Hz  108.8dB    7l +   8l  - 1x50mm    650mm
 66.8Hz 115Hz  197Hz  110.3dB    7l +   8l  - 1x50mm    579mm
 72.7Hz 121Hz  202Hz  111.8dB    6l +   8l  - 1x50mm    516mm
 79.1Hz 129Hz  209Hz  113.2dB    5l +   8l  - 1x50mm    460mm
 85.9Hz 136Hz  216Hz  114.7dB    5l +   8l  - 1x50mm    410mm
 93.2Hz 144Hz  223Hz  116.1dB    4l +   8l    1x70mm    717mm
101.1Hz 153Hz  231Hz  117.5dB    4l +   8l    1x70mm    639mm
109.4Hz 162Hz  239Hz  118.9dB    3l +   8l    1x70mm    569mm
