-------------
ax165k
      93.0dB                            120W
Rpre   Spl      qtc    Vb     SplMech Pmech SplEle      f3

0.20  86.2dB:   0.8   25.1l: ( 93.5dB    13W 103.0dB) @  73Hz
                0.9   11.5l: ( 93.9dB    15W 103.0dB) @  75Hz
                1.0    7.1l: ( 94.5dB    17W 103.0dB) @  77Hz
                1.1    5.0l: ( 95.2dB    20W 103.0dB) @  81Hz
                1.1    5.0l: ( 92.4dB    10W 103.0dB) @  68Hz ( 1009uF)

0.60  85.7dB:   0.8   93.5l: ( 91.9dB    10W 102.5dB) @  67Hz
                0.9   19.8l: ( 92.4dB    12W 102.5dB) @  68Hz
                1.0   10.5l: ( 92.9dB    13W 102.5dB) @  71Hz
                1.1    6.9l: ( 93.7dB    16W 102.5dB) @  74Hz
                1.1    6.9l: ( 90.8dB     8W 102.5dB) @  63Hz ( 1103uF)

1.00  85.3dB:   0.9   43.6l: ( 91.0dB     9W 102.1dB) @  63Hz
                1.0   16.4l: ( 91.6dB    11W 102.1dB) @  65Hz
                1.1    9.7l: ( 92.3dB    13W 102.1dB) @  68Hz
                1.1    9.7l: ( 89.5dB     7W 102.1dB) @  58Hz ( 1193uF)

-------------
ax165xl
      94.0dB                            130W
Rpre   Spl      qtc    Vb     SplMech Pmech SplEle      f3

0.20  85.5dB:   0.7  166.6l: ( 94.6dB    19W 102.9dB) @  78Hz
                0.8   14.5l: ( 96.0dB    26W 102.9dB) @  84Hz
                0.9    7.1l: ( 96.5dB    29W 102.9dB) @  87Hz
                1.0    4.5l: ( 97.0dB    34W 102.9dB) @  89Hz
                1.1    3.2l: ( 97.8dB    40W 102.9dB) @  93Hz
                1.1    3.2l: ( 94.9dB    21W 102.9dB) @  79Hz (  822uF)

0.60  85.0dB:   0.8   29.3l: ( 94.8dB    22W 102.4dB) @  78Hz
                0.9   10.4l: ( 95.2dB    25W 102.4dB) @  81Hz
                1.0    6.0l: ( 95.8dB    28W 102.4dB) @  83Hz
                1.1    4.1l: ( 96.6dB    34W 102.4dB) @  87Hz
                1.1    4.1l: ( 93.7dB    17W 102.4dB) @  74Hz (  881uF)

1.00  84.6dB:   0.8  135.7l: ( 93.7dB    19W 102.0dB) @  74Hz
                0.9   16.0l: ( 94.2dB    21W 102.0dB) @  76Hz
                1.0    8.1l: ( 94.7dB    24W 102.0dB) @  78Hz
                1.1    5.2l: ( 95.5dB    29W 102.0dB) @  82Hz
                1.1    5.2l: ( 92.6dB    15W 102.0dB) @  69Hz (  936uF)

-------------
ex165sq
      92.0dB                            140W
Rpre   Spl      qtc    Vb     SplMech Pmech SplEle      f3

0.20  87.7dB:   0.6   89.6l: ( 93.2dB     8W 105.6dB) @  68Hz
                0.7   25.5l: ( 93.3dB     8W 105.6dB) @  68Hz
                0.8   13.9l: ( 94.7dB    11W 105.6dB) @  74Hz
                0.9    9.2l: ( 95.2dB    13W 105.6dB) @  76Hz
                1.0    6.7l: ( 95.7dB    14W 105.6dB) @  78Hz
                1.1    5.1l: ( 96.5dB    17W 105.6dB) @  82Hz
                1.1    5.1l: ( 93.6dB     9W 105.6dB) @  69Hz (  912uF)

0.60  87.3dB:   0.7   45.0l: ( 91.8dB     6W 105.1dB) @  62Hz
                0.8   20.2l: ( 93.2dB     9W 105.1dB) @  67Hz
                0.9   12.5l: ( 93.6dB    10W 105.1dB) @  69Hz
                1.0    8.7l: ( 94.2dB    11W 105.1dB) @  72Hz
                1.1    6.5l: ( 95.0dB    13W 105.1dB) @  75Hz
                1.1    6.5l: ( 92.1dB     7W 105.1dB) @  64Hz (  995uF)

1.00  86.9dB:   0.7  107.4l: ( 90.4dB     5W 104.7dB) @  58Hz
                0.8   30.7l: ( 91.8dB     7W 104.7dB) @  62Hz
                0.9   17.0l: ( 92.3dB     8W 104.7dB) @  64Hz
                1.0   11.3l: ( 92.8dB     9W 104.7dB) @  66Hz
                1.1    8.3l: ( 93.6dB    11W 104.7dB) @  69Hz
                1.1    8.3l: ( 90.7dB     6W 104.7dB) @  59Hz ( 1076uF)

-------------
ex165dust
      94.0dB                            140W
Rpre   Spl      qtc    Vb     SplMech Pmech SplEle      f3

0.20  87.8dB:   0.5   48.5l: ( 98.1dB    25W 105.7dB) @  90Hz
                0.6   14.4l: ( 97.1dB    20W 105.7dB) @  85Hz
                0.7    7.8l: ( 97.2dB    20W 105.7dB) @  85Hz
                0.8    5.1l: ( 98.6dB    27W 105.7dB) @  92Hz
                0.9    3.7l: ( 99.1dB    31W 105.7dB) @  95Hz
                1.0    2.8l: ( 99.6dB    35W 105.7dB) @  98Hz
                1.1    2.2l: (100.4dB    41W 105.7dB) @ 102Hz
                1.1    2.2l: ( 97.5dB    21W 105.7dB) @  87Hz (  728uF)

0.60  87.4dB:   0.5  755.4l: ( 96.5dB    19W 105.3dB) @  82Hz
                0.6   23.9l: ( 95.5dB    15W 105.3dB) @  77Hz
                0.7   11.1l: ( 95.5dB    15W 105.3dB) @  77Hz
                0.8    6.9l: ( 96.9dB    21W 105.3dB) @  84Hz
                0.9    4.8l: ( 97.4dB    23W 105.3dB) @  86Hz
                1.0    3.6l: ( 98.0dB    26W 105.3dB) @  89Hz
                1.1    2.8l: ( 98.7dB    31W 105.3dB) @  93Hz
                1.1    2.8l: ( 95.9dB    16W 105.3dB) @  79Hz (  800uF)

1.00  87.0dB:   0.6   47.5l: ( 94.0dB    12W 104.8dB) @  71Hz
                0.7   16.3l: ( 94.1dB    12W 104.8dB) @  71Hz
                0.8    9.2l: ( 95.5dB    16W 104.8dB) @  77Hz
                0.9    6.2l: ( 95.9dB    18W 104.8dB) @  79Hz
                1.0    4.5l: ( 96.5dB    21W 104.8dB) @  82Hz
                1.1    3.5l: ( 97.3dB    24W 104.8dB) @  85Hz
                1.1    3.5l: ( 94.4dB    13W 104.8dB) @  73Hz (  872uF)

-------------
ex165phase
      94.0dB                            140W
Rpre   Spl      qtc    Vb     SplMech Pmech SplEle      f3

0.20  88.3dB:   0.5   55.0l: ( 98.1dB    22W 106.2dB) @  90Hz
                0.6   15.9l: ( 97.1dB    17W 106.2dB) @  85Hz
                0.7    8.6l: ( 97.1dB    17W 106.2dB) @  85Hz
                0.8    5.7l: ( 98.5dB    24W 106.2dB) @  92Hz
                0.9    4.1l: ( 99.0dB    27W 106.2dB) @  95Hz
                1.0    3.1l: ( 99.6dB    31W 106.2dB) @  98Hz
                1.1    2.5l: (100.3dB    36W 106.2dB) @ 102Hz
                1.1    2.5l: ( 97.5dB    19W 106.2dB) @  87Hz (  730uF)

0.60  87.9dB:   0.6   27.1l: ( 95.4dB    13W 105.7dB) @  77Hz
                0.7   12.4l: ( 95.4dB    13W 105.7dB) @  77Hz
                0.8    7.7l: ( 96.8dB    18W 105.7dB) @  83Hz
                0.9    5.3l: ( 97.3dB    20W 105.7dB) @  86Hz
                1.0    4.0l: ( 97.9dB    23W 105.7dB) @  89Hz
                1.1    3.1l: ( 98.6dB    27W 105.7dB) @  93Hz
                1.1    3.1l: ( 95.8dB    14W 105.7dB) @  78Hz (  805uF)

1.00  87.5dB:   0.6   57.0l: ( 93.9dB    10W 105.3dB) @  70Hz
                0.7   18.5l: ( 93.9dB    10W 105.3dB) @  70Hz
                0.8   10.4l: ( 95.3dB    14W 105.3dB) @  76Hz
                0.9    7.0l: ( 95.8dB    16W 105.3dB) @  79Hz
                1.0    5.1l: ( 96.4dB    18W 105.3dB) @  81Hz
                1.1    3.9l: ( 97.1dB    21W 105.3dB) @  85Hz
                1.1    3.9l: ( 94.3dB    11W 105.3dB) @  72Hz (  879uF)

-------------
ax165fl
      89.0dB                             80W
Rpre   Spl      qtc    Vb     SplMech Pmech SplEle      f3

0.20  88.4dB:   0.7  329.9l: ( 90.2dB     4W 103.7dB) @  60Hz
                0.8   45.5l: ( 91.6dB     5W 103.7dB) @  65Hz
                0.9   23.0l: ( 92.1dB     5W 103.7dB) @  67Hz
                1.0   14.8l: ( 92.6dB     6W 103.7dB) @  69Hz
                1.1   10.6l: ( 93.4dB     7W 103.7dB) @  73Hz
                1.1   10.6l: ( 90.5dB     4W 103.7dB) @  62Hz ( 1057uF)

0.60  88.0dB:   0.8  113.1l: ( 90.0dB     4W 103.3dB) @  60Hz
                0.9   37.3l: ( 90.5dB     4W 103.3dB) @  62Hz
                1.0   21.3l: ( 91.1dB     5W 103.3dB) @  64Hz
                1.1   14.5l: ( 91.8dB     6W 103.3dB) @  66Hz
                1.1   14.5l: ( 89.0dB     3W 103.3dB) @  56Hz ( 1155uF)

1.00  87.6dB:   0.9   69.8l: ( 89.2dB     3W 102.9dB) @  57Hz
                1.0   31.8l: ( 89.7dB     4W 102.9dB) @  59Hz
                1.1   19.8l: ( 90.5dB     5W 102.9dB) @  61Hz
                1.1   19.8l: ( 87.6dB     2W 102.9dB) @  52Hz ( 1250uF)

-------------
ax8fl
      90.0dB                            100W
Rpre   Spl      qtc    Vb     SplMech Pmech SplEle      f3

-------------
cx12
      96.0dB                            700W
Rpre   Spl      qtc    Vb     SplMech Pmech SplEle      f3

0.20  90.5dB:   0.5   25.1l: (110.2dB   219W 115.2dB) @  93Hz
                0.6   14.6l: (109.2dB   173W 115.2dB) @  88Hz
                0.7    9.8l: (109.2dB   175W 115.2dB) @  88Hz
                0.8    7.1l: (110.6dB   243W 115.2dB) @  96Hz
                0.9    5.4l: (111.1dB   271W 115.2dB) @  99Hz
                1.0    4.3l: (111.7dB   308W 115.2dB) @ 102Hz
                1.1    3.5l: (112.4dB   367W 115.2dB) @ 106Hz
                1.1    3.5l: (109.6dB   190W 115.2dB) @  90Hz (  722uF)

0.60  90.0dB:   0.5   34.8l: (108.6dB   168W 114.8dB) @  85Hz
                0.6   19.1l: (107.5dB   133W 114.8dB) @  80Hz
                0.7   12.4l: (107.6dB   134W 114.8dB) @  80Hz
                0.8    8.9l: (109.0dB   186W 114.8dB) @  87Hz
                0.9    6.7l: (109.5dB   208W 114.8dB) @  90Hz
                1.0    5.3l: (110.0dB   236W 114.8dB) @  93Hz
                1.1    4.3l: (110.8dB   281W 114.8dB) @  97Hz
                1.1    4.3l: (107.9dB   146W 114.8dB) @  82Hz (  792uF)

1.00  89.6dB:   0.5   48.7l: (107.1dB   132W 114.3dB) @  78Hz
                0.6   24.7l: (106.1dB   105W 114.3dB) @  74Hz
                0.7   15.6l: (106.1dB   106W 114.3dB) @  74Hz
                0.8   10.9l: (107.6dB   147W 114.3dB) @  80Hz
                0.9    8.2l: (108.0dB   164W 114.3dB) @  83Hz
                1.0    6.4l: (108.6dB   186W 114.3dB) @  85Hz
                1.1    5.1l: (109.4dB   221W 114.3dB) @  89Hz
                1.1    5.1l: (106.5dB   115W 114.3dB) @  76Hz (  861uF)

-------------
cx15
      97.0dB                            700W
Rpre   Spl      qtc    Vb     SplMech Pmech SplEle      f3

0.20  92.1dB:   0.5  102.0l: (109.8dB   143W 116.7dB) @  71Hz
                0.6   54.0l: (108.8dB   113W 116.7dB) @  67Hz
                0.7   34.7l: (108.9dB   115W 116.7dB) @  68Hz
                0.8   24.6l: (110.3dB   159W 116.7dB) @  73Hz
                0.9   18.5l: (110.7dB   177W 116.7dB) @  75Hz
                1.0   14.4l: (111.3dB   202W 116.7dB) @  78Hz
                1.1   11.6l: (112.1dB   240W 116.7dB) @  81Hz
                1.1   11.6l: (109.2dB   124W 116.7dB) @  69Hz (  972uF)

0.60  91.6dB:   0.5  156.6l: (108.2dB   109W 116.2dB) @  65Hz
                0.6   73.6l: (107.2dB    86W 116.2dB) @  61Hz
                0.7   45.2l: (107.2dB    87W 116.2dB) @  61Hz
                0.8   31.3l: (108.6dB   121W 116.2dB) @  67Hz
                0.9   23.2l: (109.1dB   135W 116.2dB) @  69Hz
                1.0   18.0l: (109.7dB   154W 116.2dB) @  71Hz
                1.1   14.4l: (110.4dB   183W 116.2dB) @  74Hz
                1.1   14.4l: (107.6dB    95W 116.2dB) @  63Hz ( 1069uF)

1.00  91.2dB:   0.5  260.4l: (106.7dB    86W 115.8dB) @  60Hz
                0.6  100.7l: (105.7dB    68W 115.8dB) @  56Hz
                0.7   58.4l: (105.7dB    69W 115.8dB) @  56Hz
                0.8   39.3l: (107.2dB    95W 115.8dB) @  61Hz
                0.9   28.7l: (107.6dB   106W 115.8dB) @  63Hz
                1.0   22.0l: (108.2dB   121W 115.8dB) @  65Hz
                1.1   17.5l: (108.9dB   144W 115.8dB) @  68Hz
                1.1   17.5l: (106.1dB    75W 115.8dB) @  58Hz ( 1163uF)

-------------
radion10
      94.0dB                            200W
Rpre   Spl      qtc    Vb     SplMech Pmech SplEle      f3

0.20  87.8dB:   0.6  102.6l: (113.9dB   873W 107.5dB) @  54Hz
                0.7   41.9l: (114.0dB   883W 107.5dB) @  54Hz
                0.8   24.9l: (115.4dB  1222W 107.5dB) @  59Hz
                0.9   17.0l: (115.9dB  1366W 107.5dB) @  60Hz
                1.0   12.6l: (116.4dB  1554W 107.5dB) @  62Hz
                1.1    9.8l: (117.2dB  1848W 107.5dB) @  65Hz
                1.1    9.8l: (114.3dB   958W 107.5dB) @  55Hz ( 1055uF)

0.60  87.3dB:   0.6  261.9l: (112.5dB   692W 107.1dB) @  50Hz
                0.7   63.2l: (112.6dB   700W 107.1dB) @  50Hz
                0.8   33.7l: (114.0dB   968W 107.1dB) @  54Hz
                0.9   22.0l: (114.4dB  1082W 107.1dB) @  56Hz
                1.0   15.9l: (115.0dB  1231W 107.1dB) @  57Hz
                1.1   12.2l: (115.8dB  1464W 107.1dB) @  60Hz
                1.1   12.2l: (112.9dB   759W 107.1dB) @  51Hz ( 1145uF)

1.00  87.0dB:   0.7  104.2l: (111.3dB   568W 106.7dB) @  46Hz
                0.8   46.4l: (112.7dB   786W 106.7dB) @  50Hz
                0.9   28.5l: (113.2dB   878W 106.7dB) @  52Hz
                1.0   19.9l: (113.7dB   999W 106.7dB) @  53Hz
                1.1   14.9l: (114.5dB  1188W 106.7dB) @  56Hz
                1.1   14.9l: (111.6dB   616W 106.7dB) @  47Hz ( 1233uF)

-------------
radion12
      95.0dB                            300W
Rpre   Spl      qtc    Vb     SplMech Pmech SplEle      f3

0.20  88.4dB:   0.6  192.0l: (114.2dB   809W 109.9dB) @  42Hz
                0.7   91.1l: (114.3dB   819W 109.9dB) @  42Hz
                0.8   56.7l: (115.7dB  1133W 109.9dB) @  45Hz
                0.9   39.7l: (116.2dB  1266W 109.9dB) @  47Hz
                1.0   29.8l: (116.7dB  1440W 109.9dB) @  48Hz
                1.1   23.3l: (117.5dB  1713W 109.9dB) @  50Hz
                1.1   23.3l: (114.6dB   888W 109.9dB) @  43Hz ( 1365uF)

0.60  88.0dB:   0.6  363.8l: (112.8dB   637W 109.5dB) @  38Hz
                0.7  131.2l: (112.8dB   645W 109.5dB) @  38Hz
                0.8   75.5l: (114.2dB   892W 109.5dB) @  42Hz
                0.9   51.0l: (114.7dB   997W 109.5dB) @  43Hz
                1.0   37.4l: (115.3dB  1134W 109.5dB) @  44Hz
                1.1   28.9l: (116.0dB  1348W 109.5dB) @  46Hz
                1.1   28.9l: (113.2dB   699W 109.5dB) @  39Hz ( 1484uF)

1.00  87.6dB:   0.7  198.0l: (111.5dB   520W 109.1dB) @  36Hz
                0.8  101.1l: (112.9dB   719W 109.1dB) @  39Hz
                0.9   65.1l: (113.4dB   804W 109.1dB) @  40Hz
                1.0   46.5l: (114.0dB   914W 109.1dB) @  41Hz
                1.1   35.4l: (114.7dB  1088W 109.1dB) @  43Hz
                1.1   35.4l: (111.9dB   564W 109.1dB) @  36Hz ( 1601uF)

-------------
radion15
      94.0dB                            400W
Rpre   Spl      qtc    Vb     SplMech Pmech SplEle      f3

0.20  90.0dB:   0.6  622.3l: (118.0dB  1493W 112.3dB) @  36Hz
                0.7  235.3l: (118.0dB  1511W 112.3dB) @  36Hz
                0.8  137.0l: (119.4dB  2090W 112.3dB) @  39Hz
                0.9   93.0l: (119.9dB  2336W 112.3dB) @  40Hz
                1.0   68.4l: (120.5dB  2657W 112.3dB) @  42Hz
                1.1   52.9l: (121.2dB  3160W 112.3dB) @  44Hz
                1.1   52.9l: (118.4dB  1638W 112.3dB) @  37Hz ( 1760uF)

0.60  89.5dB:   0.7  392.4l: (116.4dB  1154W 111.8dB) @  33Hz
                0.8  196.9l: (117.8dB  1597W 111.8dB) @  36Hz
                0.9  125.9l: (118.3dB  1785W 111.8dB) @  37Hz
                1.0   89.7l: (118.9dB  2030W 111.8dB) @  38Hz
                1.1   68.1l: (119.6dB  2414W 111.8dB) @  40Hz
                1.1   68.1l: (116.8dB  1251W 111.8dB) @  34Hz ( 1932uF)

1.00  89.1dB:   0.7  784.6l: (114.9dB   908W 111.4dB) @  30Hz
                0.8  292.9l: (116.4dB  1257W 111.4dB) @  33Hz
                0.9  171.3l: (116.8dB  1404W 111.4dB) @  34Hz
                1.0  117.0l: (117.4dB  1597W 111.4dB) @  35Hz
                1.1   86.6l: (118.2dB  1900W 111.4dB) @  36Hz
                1.1   86.6l: (115.3dB   985W 111.4dB) @  31Hz ( 2101uF)

-------------
xion10
      94.0dB                            300W
Rpre   Spl      qtc    Vb     SplMech Pmech SplEle      f3

0.20  85.7dB:   0.7   80.0l: (113.4dB  1229W 107.3dB) @  44Hz
                0.8   38.2l: (114.9dB  1701W 107.3dB) @  48Hz
                0.9   24.0l: (115.3dB  1901W 107.3dB) @  49Hz
                1.0   16.9l: (115.9dB  2162W 107.3dB) @  51Hz
                1.1   12.8l: (116.6dB  2571W 107.3dB) @  53Hz
                1.1   12.8l: (113.8dB  1333W 107.3dB) @  45Hz ( 1267uF)

0.60  85.3dB:   0.7  165.4l: (112.1dB   988W 106.9dB) @  41Hz
                0.8   56.3l: (113.5dB  1367W 106.9dB) @  44Hz
                0.9   32.2l: (114.0dB  1528W 106.9dB) @  45Hz
                1.0   21.8l: (114.5dB  1737W 106.9dB) @  47Hz
                1.1   16.0l: (115.3dB  2066W 106.9dB) @  49Hz
                1.1   16.0l: (112.4dB  1071W 106.9dB) @  41Hz ( 1370uF)

1.00  84.9dB:   0.7  975.4l: (110.9dB   812W 106.5dB) @  38Hz
                0.8   89.2l: (112.3dB  1124W 106.5dB) @  41Hz
                0.9   43.9l: (112.8dB  1256W 106.5dB) @  42Hz
                1.0   28.0l: (113.3dB  1428W 106.5dB) @  44Hz
                1.1   20.0l: (114.1dB  1699W 106.5dB) @  45Hz
                1.1   20.0l: (111.2dB   880W 106.5dB) @  39Hz ( 1469uF)

-------------
xion12
      95.0dB                            450W
Rpre   Spl      qtc    Vb     SplMech Pmech SplEle      f3

0.20  86.6dB:   0.5  235.0l: (122.5dB  8559W 109.7dB) @  47Hz
                0.6   76.9l: (121.5dB  6781W 109.7dB) @  45Hz
                0.7   42.8l: (121.5dB  6861W 109.7dB) @  45Hz
                0.8   28.4l: (122.9dB  9492W 109.7dB) @  49Hz
                0.9   20.5l: (123.4dB 10610W 109.7dB) @  50Hz
                1.0   15.6l: (124.0dB 12067W 109.7dB) @  52Hz
                1.1   12.4l: (124.7dB 14351W 109.7dB) @  54Hz
                1.1   12.4l: (121.9dB  7438W 109.7dB) @  46Hz ( 1342uF)

0.60  86.2dB:   0.5  875.0l: (121.0dB  6730W 109.3dB) @  44Hz
                0.6  117.4l: (120.0dB  5332W 109.3dB) @  41Hz
                0.7   58.0l: (120.0dB  5394W 109.3dB) @  41Hz
                0.8   36.6l: (121.5dB  7463W 109.3dB) @  45Hz
                0.9   25.8l: (121.9dB  8342W 109.3dB) @  46Hz
                1.0   19.4l: (122.5dB  9487W 109.3dB) @  47Hz
                1.1   15.3l: (123.3dB 11284W 109.3dB) @  50Hz
                1.1   15.3l: (120.4dB  5848W 109.3dB) @  42Hz ( 1461uF)

1.00  85.8dB:   0.6  195.9l: (118.7dB  4304W 108.9dB) @  38Hz
                0.7   79.4l: (118.7dB  4355W 108.9dB) @  38Hz
                0.8   47.1l: (120.1dB  6025W 108.9dB) @  41Hz
                0.9   32.2l: (120.6dB  6735W 108.9dB) @  43Hz
                1.0   23.8l: (121.2dB  7659W 108.9dB) @  44Hz
                1.1   18.5l: (121.9dB  9109W 108.9dB) @  46Hz
                1.1   18.5l: (119.1dB  4721W 108.9dB) @  39Hz ( 1577uF)

-------------
xion15
      96.0dB                            600W
Rpre   Spl      qtc    Vb     SplMech Pmech SplEle      f3

0.20  89.0dB:   0.5  138.8l: (128.3dB 18797W 113.3dB) @  52Hz
                0.6   71.5l: (127.3dB 14892W 113.3dB) @  49Hz
                0.7   45.5l: (127.3dB 15067W 113.3dB) @  49Hz
                0.8   32.0l: (128.7dB 20846W 113.3dB) @  53Hz
                0.9   24.0l: (129.2dB 23301W 113.3dB) @  55Hz
                1.0   18.7l: (129.8dB 26500W 113.3dB) @  56Hz
                1.1   15.1l: (130.5dB 31517W 113.3dB) @  59Hz
                1.1   15.1l: (127.7dB 16335W 113.3dB) @  50Hz ( 1231uF)

0.60  88.6dB:   0.5  212.0l: (126.7dB 14602W 112.9dB) @  47Hz
                0.6   96.2l: (125.7dB 11569W 112.9dB) @  45Hz
                0.7   58.4l: (125.8dB 11704W 112.9dB) @  45Hz
                0.8   40.2l: (127.2dB 16194W 112.9dB) @  49Hz
                0.9   29.7l: (127.7dB 18101W 112.9dB) @  50Hz
                1.0   23.0l: (128.2dB 20586W 112.9dB) @  52Hz
                1.1   18.4l: (129.0dB 24483W 112.9dB) @  54Hz
                1.1   18.4l: (126.1dB 12690W 112.9dB) @  46Hz ( 1345uF)

1.00  88.2dB:   0.5  354.0l: (125.4dB 11651W 112.5dB) @  44Hz
                0.6  130.3l: (124.4dB  9231W 112.5dB) @  41Hz
                0.7   74.6l: (124.4dB  9339W 112.5dB) @  41Hz
                0.8   50.0l: (125.8dB 12921W 112.5dB) @  45Hz
                0.9   36.3l: (126.3dB 14443W 112.5dB) @  46Hz
                1.0   27.9l: (126.9dB 16425W 112.5dB) @  48Hz
                1.1   22.1l: (127.6dB 19535W 112.5dB) @  50Hz
                1.1   22.1l: (124.8dB 10125W 112.5dB) @  42Hz ( 1456uF)

-------------
xion12-800
      95.0dB                            400W
Rpre   Spl      qtc    Vb     SplMech Pmech SplEle      f3

0.20  87.3dB:   0.5  108.1l: (126.3dB  8411W 113.1dB) @  57Hz
                0.6   44.1l: (125.3dB  6664W 113.1dB) @  54Hz
                0.7   25.9l: (125.3dB  6742W 113.1dB) @  54Hz
                0.8   17.6l: (126.8dB  9328W 113.1dB) @  59Hz
                0.9   12.9l: (127.2dB 10427W 113.1dB) @  60Hz
                1.0    9.9l: (127.8dB 11858W 113.1dB) @  62Hz
                1.1    7.9l: (128.5dB 14103W 113.1dB) @  65Hz
                1.1    7.9l: (125.7dB  7310W 113.1dB) @  55Hz (  526uF)

0.60  87.1dB:   0.5  148.6l: (125.6dB  7441W 112.9dB) @  55Hz
                0.6   52.5l: (124.5dB  5895W 112.9dB) @  52Hz
                0.7   29.7l: (124.6dB  5965W 112.9dB) @  52Hz
                0.8   19.8l: (126.0dB  8252W 112.9dB) @  56Hz
                0.9   14.4l: (126.5dB  9224W 112.9dB) @  58Hz
                1.0   11.0l: (127.0dB 10491W 112.9dB) @  60Hz
                1.1    8.8l: (127.8dB 12477W 112.9dB) @  62Hz
                1.1    8.8l: (124.9dB  6467W 112.9dB) @  53Hz (  549uF)

1.00  86.9dB:   0.5  220.5l: (124.8dB  6629W 112.7dB) @  53Hz
                0.6   62.9l: (123.8dB  5252W 112.7dB) @  50Hz
                0.7   34.1l: (123.9dB  5314W 112.7dB) @  50Hz
                0.8   22.3l: (125.3dB  7352W 112.7dB) @  54Hz
                0.9   16.0l: (125.8dB  8218W 112.7dB) @  56Hz
                1.0   12.2l: (126.3dB  9346W 112.7dB) @  57Hz
                1.1    9.6l: (127.1dB 11115W 112.7dB) @  60Hz
                1.1    9.6l: (124.2dB  5761W 112.7dB) @  51Hz (  572uF)

-------------
xion15-1000
      96.0dB                            500W
Rpre   Spl      qtc    Vb     SplMech Pmech SplEle      f3

0.20  87.4dB:   0.5  171.6l: (129.7dB 18458W 114.0dB) @  54Hz
                0.6   58.2l: (128.7dB 14624W 114.0dB) @  51Hz
                0.7   32.7l: (128.7dB 14796W 114.0dB) @  51Hz
                0.8   21.7l: (130.1dB 20471W 114.0dB) @  56Hz
                0.9   15.7l: (130.6dB 22882W 114.0dB) @  57Hz
                1.0   12.0l: (131.2dB 26022W 114.0dB) @  59Hz
                1.1    9.5l: (131.9dB 30950W 114.0dB) @  62Hz
                1.1    9.5l: (129.1dB 16041W 114.0dB) @  53Hz (  569uF)

0.60  87.1dB:   0.5  276.3l: (128.9dB 16249W 113.8dB) @  52Hz
                0.6   71.4l: (127.9dB 12873W 113.8dB) @  49Hz
                0.7   38.0l: (127.9dB 13025W 113.8dB) @  49Hz
                0.8   24.7l: (129.4dB 18020W 113.8dB) @  53Hz
                0.9   17.7l: (129.8dB 20142W 113.8dB) @  55Hz
                1.0   13.4l: (130.4dB 22907W 113.8dB) @  57Hz
                1.1   10.6l: (131.2dB 27245W 113.8dB) @  59Hz
                1.1   10.6l: (128.3dB 14121W 113.8dB) @  50Hz (  595uF)

1.00  86.9dB:   0.5  586.0l: (128.2dB 14409W 113.6dB) @  50Hz
                0.6   88.8l: (127.2dB 11416W 113.6dB) @  47Hz
                0.7   44.4l: (127.2dB 11550W 113.6dB) @  47Hz
                0.8   28.1l: (128.6dB 15980W 113.6dB) @  51Hz
                0.9   19.9l: (129.1dB 17862W 113.6dB) @  53Hz
                1.0   15.0l: (129.7dB 20314W 113.6dB) @  54Hz
                1.1   11.8l: (130.4dB 24160W 113.6dB) @  57Hz
                1.1   11.8l: (127.6dB 12522W 113.6dB) @  48Hz (  621uF)

-------------
helon12spl
      95.0dB                            800W
Rpre   Spl      qtc    Vb     SplMech Pmech SplEle      f3

0.20  89.2dB:   0.5   20.3l: (138.6dB 184570W 115.0dB) @  96Hz
                0.6   11.7l: (137.6dB 146229W 115.0dB) @  90Hz
                0.7    7.8l: (137.6dB 147946W 115.0dB) @  91Hz
                0.8    5.6l: (139.0dB 204691W 115.0dB) @  98Hz
                0.9    4.3l: (139.5dB 228799W 115.0dB) @ 101Hz
                1.0    3.4l: (140.1dB 260205W 115.0dB) @ 105Hz
                1.1    2.7l: (140.8dB 309474W 115.0dB) @ 109Hz
                1.1    2.7l: (138.0dB 160398W 115.0dB) @  93Hz (  629uF)

0.60  88.8dB:   0.5   26.2l: (137.3dB 151681W 114.6dB) @  89Hz
                0.6   14.4l: (136.3dB 120172W 114.6dB) @  84Hz
                0.7    9.4l: (136.4dB 121584W 114.6dB) @  84Hz
                0.8    6.7l: (137.8dB 168218W 114.6dB) @  92Hz
                0.9    5.0l: (138.3dB 188029W 114.6dB) @  94Hz
                1.0    4.0l: (138.8dB 213839W 114.6dB) @  97Hz
                1.1    3.2l: (139.6dB 254329W 114.6dB) @ 101Hz
                1.1    3.2l: (136.7dB 131817W 114.6dB) @  86Hz (  676uF)

1.00  88.4dB:   0.5   34.0l: (136.2dB 127544W 114.2dB) @  84Hz
                0.6   17.5l: (135.2dB 101049W 114.2dB) @  79Hz
                0.7   11.2l: (135.2dB 102236W 114.2dB) @  79Hz
                0.8    7.9l: (136.7dB 141449W 114.2dB) @  86Hz
                0.9    5.9l: (137.1dB 158108W 114.2dB) @  88Hz
                1.0    4.6l: (137.7dB 179812W 114.2dB) @  91Hz
                1.1    3.7l: (138.4dB 213858W 114.2dB) @  95Hz
                1.1    3.7l: (135.6dB 110841W 114.2dB) @  81Hz (  722uF)

-------------
helon15spl
      95.0dB                           1000W
Rpre   Spl      qtc    Vb     SplMech Pmech SplEle      f3

0.20  88.7dB:   0.5  453.4l: (133.5dB 63839W 115.4dB) @  56Hz
                0.6   99.5l: (132.5dB 50578W 115.4dB) @  53Hz
                0.7   51.8l: (132.5dB 51172W 115.4dB) @  53Hz
                0.8   33.3l: (133.9dB 70799W 115.4dB) @  57Hz
                0.9   23.7l: (134.4dB 79137W 115.4dB) @  59Hz
                1.0   18.0l: (135.0dB 90000W 115.4dB) @  61Hz
                1.1   14.1l: (135.7dB 107041W 115.4dB) @  63Hz
                1.1   14.1l: (132.9dB 55479W 115.4dB) @  54Hz ( 1081uF)

0.60  88.2dB:   0.6  150.3l: (131.2dB 41885W 115.0dB) @  49Hz
                0.7   68.0l: (131.3dB 42377W 115.0dB) @  49Hz
                0.8   41.7l: (132.7dB 58631W 115.0dB) @  53Hz
                0.9   29.0l: (133.2dB 65536W 115.0dB) @  55Hz
                1.0   21.6l: (133.7dB 74532W 115.0dB) @  57Hz
                1.1   16.9l: (134.5dB 88644W 115.0dB) @  59Hz
                1.1   16.9l: (131.6dB 45944W 115.0dB) @  50Hz ( 1161uF)

1.00  87.9dB:   0.6  249.6l: (130.1dB 35478W 114.6dB) @  46Hz
                0.7   90.1l: (130.2dB 35895W 114.6dB) @  46Hz
                0.8   51.9l: (131.6dB 49663W 114.6dB) @  50Hz
                0.9   35.0l: (132.1dB 55512W 114.6dB) @  51Hz
                1.0   25.7l: (132.6dB 63132W 114.6dB) @  53Hz
                1.1   19.9l: (133.4dB 75085W 114.6dB) @  55Hz
                1.1   19.9l: (130.5dB 38916W 114.6dB) @  47Hz ( 1237uF)

-------------
hx08sq
      92.0dB                            200W
Rpre   Spl      qtc    Vb     SplMech Pmech SplEle      f3

0.20  87.3dB:   0.5   16.4l: (120.1dB  4414W 106.7dB) @  90Hz
                0.6    8.5l: (119.1dB  3497W 106.7dB) @  85Hz
                0.7    5.4l: (119.2dB  3538W 106.7dB) @  85Hz
                0.8    3.8l: (120.6dB  4895W 106.7dB) @  93Hz
                0.9    2.9l: (121.1dB  5472W 106.7dB) @  95Hz
                1.0    2.2l: (121.6dB  6223W 106.7dB) @  98Hz
                1.1    1.8l: (122.4dB  7401W 106.7dB) @ 103Hz
                1.1    1.8l: (119.5dB  3836W 106.7dB) @  87Hz (  724uF)

0.60  86.8dB:   0.5   25.5l: (118.5dB  3353W 106.2dB) @  82Hz
                0.6   11.7l: (117.5dB  2657W 106.2dB) @  78Hz
                0.7    7.1l: (117.5dB  2688W 106.2dB) @  78Hz
                0.8    4.9l: (118.9dB  3719W 106.2dB) @  84Hz
                0.9    3.6l: (119.4dB  4157W 106.2dB) @  87Hz
                1.0    2.8l: (120.0dB  4727W 106.2dB) @  90Hz
                1.1    2.2l: (120.7dB  5623W 106.2dB) @  94Hz
                1.1    2.2l: (117.9dB  2914W 106.2dB) @  79Hz (  796uF)

1.00  86.4dB:   0.5   44.2l: (117.0dB  2621W 105.8dB) @  76Hz
                0.6   16.1l: (116.0dB  2076W 105.8dB) @  71Hz
                0.7    9.2l: (116.1dB  2101W 105.8dB) @  71Hz
                0.8    6.2l: (117.5dB  2907W 105.8dB) @  78Hz
                0.9    4.5l: (117.9dB  3249W 105.8dB) @  80Hz
                1.0    3.4l: (118.5dB  3695W 105.8dB) @  82Hz
                1.1    2.7l: (119.3dB  4394W 105.8dB) @  86Hz
                1.1    2.7l: (116.4dB  2278W 105.8dB) @  73Hz (  867uF)

-------------
hx10sq
      92.0dB                            300W
Rpre   Spl      qtc    Vb     SplMech Pmech SplEle      f3

0.20  86.3dB:   0.5   32.3l: (121.9dB  8109W 107.6dB) @  71Hz
                0.6   15.5l: (120.9dB  6424W 107.6dB) @  67Hz
                0.7    9.6l: (121.0dB  6500W 107.6dB) @  68Hz
                0.8    6.7l: (122.4dB  8993W 107.6dB) @  73Hz
                0.9    4.9l: (122.8dB 10052W 107.6dB) @  75Hz
                1.0    3.8l: (123.4dB 11432W 107.6dB) @  78Hz
                1.1    3.1l: (124.2dB 13597W 107.6dB) @  81Hz
                1.1    3.1l: (121.3dB  7047W 107.6dB) @  69Hz (  891uF)

0.60  85.9dB:   0.5   53.9l: (120.4dB  6286W 107.2dB) @  65Hz
                0.6   21.4l: (119.4dB  4980W 107.2dB) @  62Hz
                0.7   12.5l: (119.4dB  5039W 107.2dB) @  62Hz
                0.8    8.4l: (120.8dB  6971W 107.2dB) @  67Hz
                0.9    6.2l: (121.3dB  7792W 107.2dB) @  69Hz
                1.0    4.8l: (121.9dB  8862W 107.2dB) @  71Hz
                1.1    3.8l: (122.6dB 10540W 107.2dB) @  74Hz
                1.1    3.8l: (119.8dB  5463W 107.2dB) @  63Hz (  973uF)

1.00  85.5dB:   0.5  109.8l: (119.0dB  5005W 106.8dB) @  60Hz
                0.6   30.2l: (118.0dB  3966W 106.8dB) @  57Hz
                0.7   16.3l: (118.0dB  4012W 106.8dB) @  57Hz
                0.8   10.6l: (119.4dB  5551W 106.8dB) @  62Hz
                0.9    7.6l: (119.9dB  6205W 106.8dB) @  64Hz
                1.0    5.8l: (120.5dB  7057W 106.8dB) @  66Hz
                1.1    4.6l: (121.2dB  8393W 106.8dB) @  69Hz
                1.1    4.6l: (118.4dB  4350W 106.8dB) @  58Hz ( 1054uF)

-------------
hx12sq
      94.0dB                            350W
Rpre   Spl      qtc    Vb     SplMech Pmech SplEle      f3

0.20  84.5dB:   0.5  121.5l: (121.0dB 11229W 106.0dB) @  50Hz
                0.6   38.4l: (120.0dB  8896W 106.0dB) @  48Hz
                0.7   21.2l: (120.1dB  9001W 106.0dB) @  48Hz
                0.8   14.0l: (121.5dB 12453W 106.0dB) @  52Hz
                0.9   10.1l: (122.0dB 13920W 106.0dB) @  53Hz
                1.0    7.7l: (122.5dB 15831W 106.0dB) @  55Hz
                1.1    6.1l: (123.3dB 18828W 106.0dB) @  57Hz
                1.1    6.1l: (120.4dB  9759W 106.0dB) @  49Hz ( 1422uF)

0.60  84.0dB:   0.6   64.1l: (118.3dB  6697W 105.5dB) @  43Hz
                0.7   30.4l: (118.4dB  6776W 105.5dB) @  43Hz
                0.8   18.9l: (119.8dB  9375W 105.5dB) @  47Hz
                0.9   13.3l: (120.2dB 10479W 105.5dB) @  48Hz
                1.0    9.9l: (120.8dB 11917W 105.5dB) @  50Hz
                1.1    7.8l: (121.6dB 14174W 105.5dB) @  52Hz
                1.1    7.8l: (118.7dB  7346W 105.5dB) @  44Hz ( 1569uF)

1.00  83.6dB:   0.6  126.9l: (116.8dB  5210W 105.0dB) @  39Hz
                0.7   44.7l: (116.8dB  5271W 105.0dB) @  40Hz
                0.8   25.6l: (118.2dB  7292W 105.0dB) @  43Hz
                0.9   17.2l: (118.7dB  8151W 105.0dB) @  44Hz
                1.0   12.6l: (119.3dB  9270W 105.0dB) @  46Hz
                1.1    9.7l: (120.0dB 11026W 105.0dB) @  48Hz
                1.1    9.7l: (117.2dB  5714W 105.0dB) @  40Hz ( 1713uF)

-------------
krypton12
      95.5dB                           1000W
Rpre   Spl      qtc    Vb     SplMech Pmech SplEle      f3

0.20  87.2dB:   0.5   71.6l: (128.2dB 35708W 112.7dB) @  64Hz
                0.6   28.8l: (127.2dB 28290W 112.7dB) @  60Hz
                0.7   16.8l: (127.2dB 28622W 112.7dB) @  60Hz
                0.8   11.4l: (128.6dB 39601W 112.7dB) @  66Hz
                0.9    8.3l: (129.1dB 44265W 112.7dB) @  67Hz
                1.0    6.4l: (129.7dB 50341W 112.7dB) @  70Hz
                1.1    5.1l: (130.4dB 59872W 112.7dB) @  73Hz
                1.1    5.1l: (127.6dB 31032W 112.7dB) @  62Hz ( 1280uF)

0.60  86.7dB:   0.5  254.9l: (126.1dB 25116W 112.1dB) @  57Hz
                0.6   49.2l: (125.1dB 19899W 112.1dB) @  54Hz
                0.7   25.2l: (125.2dB 20132W 112.1dB) @  54Hz
                0.8   16.1l: (126.6dB 27854W 112.1dB) @  58Hz
                0.9   11.4l: (127.1dB 31135W 112.1dB) @  60Hz
                1.0    8.6l: (127.6dB 35408W 112.1dB) @  62Hz
                1.1    6.8l: (128.4dB 42113W 112.1dB) @  65Hz
                1.1    6.8l: (125.5dB 21827W 112.1dB) @  55Hz ( 1443uF)

1.00  86.2dB:   0.6   98.8l: (123.3dB 14592W 111.6dB) @  48Hz
                0.7   38.7l: (123.3dB 14763W 111.6dB) @  48Hz
                0.8   22.8l: (124.7dB 20425W 111.6dB) @  52Hz
                0.9   15.5l: (125.2dB 22831W 111.6dB) @  54Hz
                1.0   11.4l: (125.8dB 25965W 111.6dB) @  56Hz
                1.1    8.9l: (126.5dB 30881W 111.6dB) @  58Hz
                1.1    8.9l: (123.7dB 16006W 111.6dB) @  49Hz ( 1603uF)

