*****************************************************************************
xion12-800 ||    0.0Ohm  0.29  95.0dB  300W 2x100 mm
 fu     fc      fo      SplMech  Vb1     Vb2       d         l        C
 11.2 Hz  33 Hz   97 Hz   98.0 dB   oo l +   8 l  * 1x70 mm  1285 mm  2000 uF
 16.0 Hz  42 Hz  109 Hz  104.1 dB   78 l +   8 l  * 1x70 mm   780 mm  1248 uF
 17.0 Hz  44 Hz  111 Hz  105.2 dB   64 l +   8 l  * 1x70 mm   715 mm  1151 uF
 18.0 Hz  45 Hz  113 Hz  106.2 dB   54 l +   8 l  * 1x70 mm   659 mm  1066 uF

xion12-800 ||    2.7Ohm  0.33  95.0dB  300W 2x100 mm
 fu     fc      fo      SplMech  Vb1     Vb2       d         l        C
 12.0 Hz  33 Hz   91 Hz   99.2 dB   oo l +  10 l  * 1x70 mm   964 mm  1745 uF
 14.0 Hz  37 Hz   95 Hz  101.8 dB  209 l +  10 l  * 1x70 mm   777 mm  1424 uF
 15.0 Hz  38 Hz   97 Hz  103.0 dB  137 l +  10 l  * 1x70 mm   704 mm  1299 uF
 16.0 Hz  40 Hz  100 Hz  104.1 dB  101 l +  10 l  * 1x70 mm   641 mm  1192 uF
 17.0 Hz  42 Hz  102 Hz  105.2 dB   80 l +  10 l  * 1x70 mm   587 mm  1100 uF
 18.0 Hz  43 Hz  104 Hz  106.2 dB   66 l +  10 l  * 1x70 mm   540 mm  1019 uF

xion12-800 ||    6.8Ohm  0.36  95.0dB  300W 2x100 mm
 fu     fc      fo      SplMech  Vb1     Vb2       d         l        C
 12.5 Hz  33 Hz   87 Hz   99.9 dB   oo l +  12 l  * 1x70 mm   808 mm  1606 uF
 13.0 Hz  34 Hz   88 Hz  100.5 dB  943 l +  12 l  * 1x70 mm   767 mm  1529 uF
 14.0 Hz  36 Hz   90 Hz  101.8 dB  296 l +  12 l  * 1x70 mm   689 mm  1385 uF
 15.0 Hz  37 Hz   92 Hz  103.0 dB  174 l +  12 l  * 1x70 mm   624 mm  1264 uF
 16.0 Hz  39 Hz   94 Hz  104.1 dB  122 l +  12 l  * 1x70 mm   568 mm  1160 uF
 17.0 Hz  40 Hz   96 Hz  105.2 dB   94 l +  12 l  * 1x70 mm   519 mm  1069 uF
 18.0 Hz  42 Hz   98 Hz  106.2 dB   76 l +  12 l  * 1x70 mm   477 mm   991 uF

xion12-800 || 100000.0Ohm  0.42  95.0dB  300W 2x100 mm
 fu     fc      fo      SplMech  Vb1     Vb2       d         l        C
 13.5 Hz  33 Hz   81 Hz  101.2 dB   oo l +  16 l  * 1x70 mm   587 mm  1385 uF
 14.0 Hz  34 Hz   82 Hz  101.8 dB  937 l +  16 l  * 1x70 mm   556 mm  1319 uF
 15.0 Hz  35 Hz   84 Hz  103.0 dB  311 l +  16 l  * 1x70 mm   502 mm  1203 uF
 16.0 Hz  37 Hz   85 Hz  104.1 dB  184 l +  16 l  * 1x70 mm   456 mm  1104 uF
 17.0 Hz  38 Hz   87 Hz  105.2 dB  130 l +  16 l  * 1x70 mm   417 mm  1018 uF
 18.0 Hz  40 Hz   89 Hz  106.2 dB  100 l +  16 l  * 1x70 mm   382 mm   943 uF

*****************************************************************************
xion15-1000 ||    0.0Ohm  0.30  96.0dB  375W 2x100 mm
 fu     fc      fo      SplMech  Vb1     Vb2       d         l        C
 11.5 Hz  33 Hz   95 Hz  102.7 dB   oo l +   9 l  * 1x70 mm  1086 mm  1955 uF
 15.0 Hz  39 Hz  103 Hz  107.3 dB  118 l +   9 l  * 1x70 mm   746 mm  1374 uF
 16.0 Hz  41 Hz  106 Hz  108.4 dB   91 l +   9 l  * 1x70 mm   680 mm  1260 uF
 17.0 Hz  43 Hz  108 Hz  109.5 dB   73 l +   9 l  * 1x70 mm   623 mm  1163 uF
 18.0 Hz  44 Hz  110 Hz  110.5 dB   61 l +   9 l  * 1x70 mm   573 mm  1077 uF

xion15-1000 ||    2.7Ohm  0.35  96.0dB  375W 2x100 mm
 fu     fc      fo      SplMech  Vb1     Vb2       d         l        C
 12.3 Hz  33 Hz   88 Hz  103.9 dB   oo l +  12 l  * 1x70 mm   807 mm  1700 uF
 13.0 Hz  34 Hz   90 Hz  104.8 dB  701 l +  12 l  * 1x70 mm   749 mm  1587 uF
 14.0 Hz  36 Hz   92 Hz  106.1 dB  274 l +  12 l  * 1x70 mm   674 mm  1437 uF
 15.0 Hz  38 Hz   94 Hz  107.3 dB  169 l +  12 l  * 1x70 mm   610 mm  1311 uF
 16.0 Hz  39 Hz   96 Hz  108.4 dB  121 l +  12 l  * 1x70 mm   555 mm  1203 uF
 17.0 Hz  41 Hz   98 Hz  109.5 dB   94 l +  12 l  * 1x70 mm   507 mm  1110 uF
 18.0 Hz  42 Hz  100 Hz  110.5 dB   77 l +  12 l  * 1x70 mm   466 mm  1028 uF

xion15-1000 ||    6.8Ohm  0.38  96.0dB  375W 2x100 mm
 fu     fc      fo      SplMech  Vb1     Vb2       d         l        C
 12.9 Hz  33 Hz   85 Hz  104.7 dB   oo l +  14 l  * 1x70 mm   674 mm  1563 uF
 13.0 Hz  33 Hz   85 Hz  104.8 dB 3836 l +  14 l  * 1x70 mm   664 mm  1543 uF
 14.0 Hz  35 Hz   87 Hz  106.1 dB  423 l +  14 l  * 1x70 mm   596 mm  1398 uF
 15.0 Hz  37 Hz   89 Hz  107.3 dB  221 l +  14 l  * 1x70 mm   539 mm  1275 uF
 16.0 Hz  38 Hz   91 Hz  108.4 dB  149 l +  14 l  * 1x70 mm   490 mm  1170 uF
 17.0 Hz  40 Hz   93 Hz  109.5 dB  111 l +  14 l  * 1x70 mm   448 mm  1079 uF
 18.0 Hz  41 Hz   95 Hz  110.5 dB   89 l +  14 l  * 1x70 mm   411 mm  1000 uF

xion15-1000 || 100000.0Ohm  0.44  96.0dB  375W 2x100 mm
 fu     fc      fo      SplMech  Vb1     Vb2       d         l        C
 13.9 Hz  33 Hz   79 Hz  105.9 dB   oo l +  19 l  * 1x70 mm   488 mm  1350 uF
 14.0 Hz  33 Hz   79 Hz  106.1 dB 3583 l +  19 l  * 1x70 mm   480 mm  1331 uF
 15.0 Hz  35 Hz   81 Hz  107.3 dB  448 l +  19 l  * 1x70 mm   433 mm  1214 uF
 16.0 Hz  36 Hz   82 Hz  108.4 dB  236 l +  19 l  * 1x70 mm   393 mm  1114 uF
 17.0 Hz  38 Hz   84 Hz  109.5 dB  159 l +  19 l  - 1x100 mm  765 mm  1027 uF
 18.0 Hz  39 Hz   86 Hz  110.5 dB  120 l +  19 l  - 1x100 mm  703 mm   952 uF

*****************************************************************************
helon12spl ||    0.0Ohm  0.23  95.0dB  600W 2x100 mm
 fu     fc      fo      SplMech  Vb1     Vb2       d         l        C
 12.6 Hz  42 Hz  140 Hz  103.4 dB   oo l +   3 l  * 1x70 mm  2072 mm  4027 uF

helon12spl ||    2.7Ohm  0.27  95.0dB  600W 2x100 mm
 fu     fc      fo      SplMech  Vb1     Vb2       d         l        C
 13.9 Hz  42 Hz  127 Hz  105.0 dB   oo l +   4 l  * 1x70 mm  1411 mm  3343 uF

helon12spl ||    6.8Ohm  0.29  95.0dB  600W 2x100 mm
 fu     fc      fo      SplMech  Vb1     Vb2       d         l        C
 14.4 Hz  42 Hz  123 Hz  105.6 dB   oo l +   5 l  * 1x70 mm  1219 mm  3116 uF

helon12spl || 100000.0Ohm  0.32  95.0dB  600W 2x100 mm
 fu     fc      fo      SplMech  Vb1     Vb2       d         l        C
 15.0 Hz  42 Hz  118 Hz  106.3 dB   oo l +   6 l  * 1x70 mm  1019 mm  2862 uF
 18.0 Hz  47 Hz  125 Hz  109.5 dB  108 l +   6 l  * 1x70 mm   785 mm  2240 uF

*****************************************************************************
helon15spl ||    0.0Ohm  0.34  95.0dB  750W 2x100 mm
 fu     fc      fo      SplMech  Vb1     Vb2       d         l        C
 13.2 Hz  36 Hz   98 Hz  108.4 dB   oo l +  14 l  * 1x70 mm   559 mm  3163 uF
 14.0 Hz  37 Hz  100 Hz  109.5 dB  775 l +  14 l  * 1x70 mm   513 mm  2922 uF
 15.0 Hz  39 Hz  103 Hz  110.7 dB  343 l +  14 l  * 1x70 mm   463 mm  2665 uF
 16.0 Hz  41 Hz  105 Hz  111.8 dB  218 l +  14 l  * 1x70 mm   420 mm  2445 uF
 17.0 Hz  43 Hz  107 Hz  112.8 dB  159 l +  14 l  * 1x70 mm   383 mm  2255 uF
 18.0 Hz  44 Hz  109 Hz  113.8 dB  125 l +  14 l  - 1x100 mm  750 mm  2090 uF

helon15spl ||    2.7Ohm  0.40  95.0dB  750W 2x100 mm
 fu     fc      fo      SplMech  Vb1     Vb2       d         l        C
 14.5 Hz  36 Hz   90 Hz  110.0 dB   oo l +  21 l  - 1x100 mm  792 mm  2636 uF
 15.0 Hz  37 Hz   91 Hz  110.7 dB 1255 l +  21 l  - 1x100 mm  750 mm  2508 uF
 16.0 Hz  39 Hz   93 Hz  111.8 dB  440 l +  21 l  - 1x100 mm  681 mm  2301 uF
 17.0 Hz  40 Hz   95 Hz  112.8 dB  265 l +  21 l  - 1x100 mm  622 mm  2122 uF
 18.0 Hz  42 Hz   96 Hz  113.8 dB  188 l +  21 l  - 1x100 mm  571 mm  1967 uF

helon15spl ||    6.8Ohm  0.43  95.0dB  750W 2x100 mm
 fu     fc      fo      SplMech  Vb1     Vb2       d         l        C
 15.0 Hz  36 Hz   87 Hz  110.6 dB   oo l +  24 l  - 1x100 mm  680 mm  2461 uF
 15.0 Hz  36 Hz   87 Hz  110.7 dB 16099 l +  24 l  - 1x100 mm  677 mm  2451 uF
 16.0 Hz  38 Hz   89 Hz  111.8 dB  679 l +  24 l  - 1x100 mm  615 mm  2249 uF
 17.0 Hz  39 Hz   90 Hz  112.8 dB  344 l +  24 l  - 1x100 mm  561 mm  2074 uF
 18.0 Hz  41 Hz   92 Hz  113.8 dB  228 l +  24 l  - 1x100 mm  514 mm  1922 uF

helon15spl || 100000.0Ohm  0.47  95.0dB  750W 2x100 mm
 fu     fc      fo      SplMech  Vb1     Vb2       d         l        C
 15.6 Hz  36 Hz   83 Hz  111.3 dB   oo l +  28 l  - 1x100 mm  564 mm  2265 uF
 16.0 Hz  37 Hz   84 Hz  111.8 dB 1816 l +  28 l  - 1x100 mm  542 mm  2187 uF
 17.0 Hz  38 Hz   86 Hz  112.8 dB  523 l +  28 l  - 1x100 mm  494 mm  2018 uF
 18.0 Hz  40 Hz   87 Hz  113.8 dB  303 l +  28 l  - 1x100 mm  452 mm  1870 uF

