-------------
ax165xl
            94.0dB           130W       1x50mm
   fu     fc      fo      SplMech  Vb1     Vb2       d         l        C
 41.0 Hz  78 Hz  148 Hz   83.5 dB   oo l +   4 l    1x50mm    174 mm   793 µF
 42.0 Hz  79 Hz  150 Hz   83.9 dB  154 l +   4 l    1x50mm    167 mm   768 µF

-------------
ex165sq
            92.0dB           140W       1x70mm
   fu     fc      fo      SplMech  Vb1     Vb2       d         l        C
 25.9 Hz  55 Hz  117 Hz   76.6 dB   oo l +   8 l    1x70mm    394 mm  1356 µF
 26.0 Hz  55 Hz  117 Hz   76.6 dB 5144 l +   8 l    1x70mm    392 mm  1352 µF
 27.0 Hz  56 Hz  118 Hz   77.2 dB  274 l +   8 l    1x70mm    370 mm  1286 µF
 28.0 Hz  58 Hz  120 Hz   77.9 dB  140 l +   8 l    1x70mm    350 mm  1225 µF
 29.0 Hz  59 Hz  121 Hz   78.5 dB   94 l +   8 l    1x70mm    332 mm  1169 µF
 30.0 Hz  61 Hz  122 Hz   79.1 dB   70 l +   8 l    1x70mm    315 mm  1118 µF

-------------
ex165dust
            94.0dB           140W       1x70mm
   fu     fc      fo      SplMech  Vb1     Vb2       d         l        C
 23.8 Hz  56 Hz  132 Hz   75.1 dB   oo l +   4 l  - 1x50mm    419 mm  1639 µF
 24.0 Hz  56 Hz  132 Hz   75.2 dB 1068 l +   4 l  - 1x50mm    414 mm  1622 µF
 25.0 Hz  58 Hz  134 Hz   75.9 dB  165 l +   4 l    1x70mm    787 mm  1536 µF
 26.0 Hz  59 Hz  136 Hz   76.6 dB   89 l +   4 l    1x70mm    744 mm  1458 µF
 27.0 Hz  61 Hz  137 Hz   77.2 dB   60 l +   4 l    1x70mm    704 mm  1386 µF
 28.0 Hz  62 Hz  139 Hz   77.9 dB   46 l +   4 l    1x70mm    668 mm  1321 µF
 29.0 Hz  64 Hz  141 Hz   78.5 dB   37 l +   4 l    1x70mm    635 mm  1260 µF
 30.0 Hz  65 Hz  142 Hz   79.1 dB   31 l +   4 l    1x70mm    605 mm  1205 µF

-------------
ex165phase
            94.0dB           140W       1x70mm
   fu     fc      fo      SplMech  Vb1     Vb2       d         l        C
 23.9 Hz  56 Hz  131 Hz   75.1 dB   oo l +   4 l    1x70mm    768 mm  1633 µF
 24.0 Hz  56 Hz  132 Hz   75.2 dB 1513 l +   4 l    1x70mm    761 mm  1620 µF
 25.0 Hz  58 Hz  134 Hz   75.9 dB  187 l +   4 l    1x70mm    718 mm  1534 µF
 26.0 Hz  59 Hz  135 Hz   76.6 dB   99 l +   4 l    1x70mm    679 mm  1456 µF
 27.0 Hz  61 Hz  137 Hz   77.2 dB   67 l +   4 l    1x70mm    643 mm  1385 µF
 28.0 Hz  62 Hz  139 Hz   77.9 dB   50 l +   4 l    1x70mm    610 mm  1319 µF
 29.0 Hz  64 Hz  140 Hz   78.5 dB   40 l +   4 l    1x70mm    579 mm  1259 µF
 30.0 Hz  65 Hz  142 Hz   79.1 dB   34 l +   4 l    1x70mm    551 mm  1203 µF

-------------
ax165fl
            89.0dB            80W       1x50mm
   fu     fc      fo      SplMech  Vb1     Vb2       d         l        C
 31.4 Hz  60 Hz  115 Hz   78.8 dB   oo l +  14 l    1x50mm     73 mm  1041 µF
 32.0 Hz  61 Hz  115 Hz   79.2 dB  642 l +  14 l    1x50mm     70 mm  1014 µF

-------------
ax8fl
            90.0dB           100W       1x40mm
   fu     fc      fo      SplMech  Vb1     Vb2       d         l        C
 52.1 Hz  63 Hz   76 Hz   80.0 dB   oo l + 109 l  + 3x100mm    24 mm   421 µF
 53.0 Hz  64 Hz   77 Hz   80.3 dB  880 l + 109 l  + 3x100mm    20 mm   412 µF

-------------
cx12
            96.0dB           700W      2x100mm
   fu     fc      fo      SplMech  Vb1     Vb2       d         l        C
 14.1 Hz  40 Hz  113 Hz   77.3 dB   oo l +   7 l  * 1x70mm    939 mm  3432 µF
 15.0 Hz  42 Hz  116 Hz   78.4 dB  472 l +   7 l  * 1x70mm    939 mm  3164 µF
 16.0 Hz  43 Hz  118 Hz   79.5 dB  219 l +   7 l  * 1x70mm    939 mm  2903 µF
 17.0 Hz  45 Hz  121 Hz   80.6 dB  142 l +   7 l  * 1x70mm    939 mm  2678 µF
 18.0 Hz  47 Hz  123 Hz   81.6 dB  104 l +   7 l  * 1x70mm    939 mm  2481 µF
 19.0 Hz  49 Hz  125 Hz   82.5 dB   82 l +   7 l  * 1x70mm    939 mm  2309 µF
 20.0 Hz  50 Hz  127 Hz   83.4 dB   68 l +   7 l  * 1x70mm    939 mm  2156 µF
 21.0 Hz  52 Hz  129 Hz   84.3 dB   57 l +   7 l  * 1x70mm    939 mm  2020 µF
 22.0 Hz  54 Hz  131 Hz   85.1 dB   50 l +   7 l  * 1x70mm    939 mm  1899 µF
 23.0 Hz  55 Hz  133 Hz   85.8 dB   44 l +   7 l  * 1x70mm    939 mm  1789 µF
 24.0 Hz  57 Hz  135 Hz   86.6 dB   39 l +   7 l  * 1x70mm    939 mm  1691 µF
 25.0 Hz  59 Hz  137 Hz   87.3 dB   35 l +   7 l  * 1x70mm    939 mm  1601 µF
 26.0 Hz  60 Hz  139 Hz   88.0 dB   32 l +   7 l  * 1x70mm    939 mm  1520 µF
 27.0 Hz  62 Hz  141 Hz   88.6 dB   29 l +   7 l  - 1x100mm   775 mm  1445 µF
 28.0 Hz  63 Hz  142 Hz   89.3 dB   27 l +   7 l  - 1x100mm   735 mm  1377 µF
 29.0 Hz  65 Hz  144 Hz   89.9 dB   25 l +   7 l  - 1x100mm   697 mm  1314 µF
 30.0 Hz  66 Hz  146 Hz   90.4 dB   23 l +   7 l  - 1x100mm   663 mm  1256 µF

-------------
cx15
            97.0dB           700W      2x100mm
   fu     fc      fo      SplMech  Vb1     Vb2       d         l        C
 13.2 Hz  35 Hz   93 Hz   80.5 dB   oo l +  23 l  - 1x100mm   746 mm  3533 µF
 14.0 Hz  36 Hz   95 Hz   81.5 dB 1234 l +  23 l  - 1x100mm   684 mm  3269 µF
 15.0 Hz  38 Hz   97 Hz   82.7 dB  540 l +  23 l  - 1x100mm   617 mm  2981 µF
 16.0 Hz  40 Hz   99 Hz   83.8 dB  343 l +  23 l  - 1x100mm   560 mm  2735 µF
 17.0 Hz  41 Hz  101 Hz   84.9 dB  250 l +  23 l  - 1x100mm   510 mm  2523 µF
 18.0 Hz  43 Hz  103 Hz   85.9 dB  196 l +  23 l  - 1x100mm   467 mm  2338 µF
 19.0 Hz  45 Hz  105 Hz   86.8 dB  160 l +  23 l  - 1x100mm   429 mm  2175 µF
 20.0 Hz  46 Hz  107 Hz   87.7 dB  135 l +  23 l  - 1x100mm   395 mm  2032 µF
 21.0 Hz  48 Hz  108 Hz   88.5 dB  117 l +  23 l    2x100mm   772 mm  1904 µF
 22.0 Hz  49 Hz  110 Hz   89.4 dB  103 l +  23 l    2x100mm   719 mm  1789 µF
 23.0 Hz  51 Hz  112 Hz   90.1 dB   91 l +  23 l    2x100mm   671 mm  1686 µF
 24.0 Hz  52 Hz  113 Hz   90.9 dB   82 l +  23 l    2x100mm   628 mm  1593 µF
 25.0 Hz  54 Hz  115 Hz   91.6 dB   75 l +  23 l    2x100mm   589 mm  1509 µF
 26.0 Hz  55 Hz  116 Hz   92.3 dB   68 l +  23 l    2x100mm   553 mm  1432 µF
 27.0 Hz  56 Hz  118 Hz   92.9 dB   63 l +  23 l    2x100mm   520 mm  1362 µF
 28.0 Hz  58 Hz  119 Hz   93.5 dB   58 l +  23 l    2x100mm   490 mm  1297 µF
 29.0 Hz  59 Hz  121 Hz   94.2 dB   54 l +  23 l    2x100mm   463 mm  1238 µF
 30.0 Hz  60 Hz  122 Hz   94.7 dB   50 l +  23 l    2x100mm   437 mm  1183 µF

-------------
radion10
            94.0dB           200W      1x100mm
   fu     fc      fo      SplMech  Vb1     Vb2       d         l        C
 18.7 Hz  41 Hz   90 Hz   95.5 dB   oo l +  17 l    1x100mm   739 mm  1790 µF
 19.0 Hz  41 Hz   90 Hz   95.8 dB 1666 l +  17 l    1x100mm   722 mm  1754 µF
 20.0 Hz  43 Hz   92 Hz   96.7 dB  367 l +  17 l    1x100mm   669 mm  1638 µF
 21.0 Hz  44 Hz   93 Hz   97.5 dB  205 l +  17 l    1x100mm   622 mm  1535 µF
 22.0 Hz  46 Hz   95 Hz   98.4 dB  141 l +  17 l    1x100mm   580 mm  1443 µF
 23.0 Hz  47 Hz   96 Hz   99.1 dB  107 l +  17 l    1x100mm   542 mm  1360 µF
 24.0 Hz  48 Hz   98 Hz   99.9 dB   86 l +  17 l    1x100mm   508 mm  1285 µF
 25.0 Hz  50 Hz   99 Hz  100.6 dB   72 l +  17 l    1x100mm   477 mm  1216 µF
 26.0 Hz  51 Hz  100 Hz  101.3 dB   62 l +  17 l    1x100mm   448 mm  1155 µF
 27.0 Hz  52 Hz  101 Hz  101.9 dB   54 l +  17 l    1x100mm   422 mm  1098 µF
 28.0 Hz  54 Hz  103 Hz  102.5 dB   48 l +  17 l    1x100mm   399 mm  1046 µF
 29.0 Hz  55 Hz  104 Hz  103.2 dB   43 l +  17 l    1x100mm   377 mm   998 µF
 30.0 Hz  56 Hz  105 Hz  103.7 dB   39 l +  17 l    1x100mm   356 mm   954 µF

-------------
radion12
            95.0dB           300W      2x100mm
   fu     fc      fo      SplMech  Vb1     Vb2       d         l        C
 13.3 Hz  30 Hz   68 Hz   94.4 dB   oo l +  41 l  - 1x100mm   553 mm  2583 µF
 14.0 Hz  31 Hz   69 Hz   95.3 dB 1368 l +  41 l  - 1x100mm   513 mm  2418 µF
 15.0 Hz  32 Hz   70 Hz   96.5 dB  544 l +  41 l  - 1x100mm   460 mm  2206 µF
 16.0 Hz  34 Hz   72 Hz   97.6 dB  337 l +  41 l  - 1x100mm   416 mm  2024 µF
 17.0 Hz  35 Hz   73 Hz   98.6 dB  242 l +  41 l    2x100mm   796 mm  1867 µF
 18.0 Hz  37 Hz   75 Hz   99.6 dB  189 l +  41 l    2x100mm   730 mm  1730 µF
 19.0 Hz  38 Hz   76 Hz  100.6 dB  154 l +  41 l    2x100mm   671 mm  1609 µF
 20.0 Hz  39 Hz   77 Hz  101.5 dB  129 l +  41 l    2x100mm   619 mm  1503 µF
 21.0 Hz  41 Hz   79 Hz  102.3 dB  112 l +  41 l    2x100mm   573 mm  1408 µF
 22.0 Hz  42 Hz   80 Hz  103.1 dB   98 l +  41 l    2x100mm   532 mm  1324 µF
 23.0 Hz  43 Hz   81 Hz  103.9 dB   87 l +  41 l    2x100mm   495 mm  1248 µF
 24.0 Hz  44 Hz   82 Hz  104.6 dB   78 l +  41 l    2x100mm   461 mm  1179 µF
 25.0 Hz  46 Hz   83 Hz  105.3 dB   71 l +  41 l    2x100mm   431 mm  1116 µF
 26.0 Hz  47 Hz   84 Hz  106.0 dB   65 l +  41 l    2x100mm   403 mm  1059 µF
 27.0 Hz  48 Hz   85 Hz  106.7 dB   59 l +  41 l    2x100mm   378 mm  1007 µF
 28.0 Hz  49 Hz   87 Hz  107.3 dB   55 l +  41 l    2x100mm   355 mm   960 µF
 29.0 Hz  50 Hz   88 Hz  107.9 dB   51 l +  41 l    2x100mm   333 mm   916 µF
 30.0 Hz  52 Hz   89 Hz  108.5 dB   48 l +  41 l    2x100mm   314 mm   875 µF

-------------
radion15
            94.0dB           400W      2x100mm
   fu     fc      fo      SplMech  Vb1     Vb2       d         l        C
 12.9 Hz  28 Hz   61 Hz  100.1 dB   oo l +  91 l    2x100mm   539 mm  2873 µF
 13.0 Hz  28 Hz   61 Hz  100.2 dB 17571 l +  91 l    2x100mm   533 mm  2845 µF
 14.0 Hz  30 Hz   62 Hz  101.5 dB 1524 l +  91 l    2x100mm   472 mm  2577 µF
 15.0 Hz  31 Hz   64 Hz  102.7 dB  787 l +  91 l    2x100mm   420 mm  2351 µF
 16.0 Hz  32 Hz   65 Hz  103.8 dB  527 l +  91 l    2x100mm   377 mm  2157 µF
 17.0 Hz  34 Hz   67 Hz  104.9 dB  394 l +  91 l    2x100mm   339 mm  1990 µF
 18.0 Hz  35 Hz   68 Hz  105.9 dB  313 l +  91 l    2x100mm   305 mm  1844 µF
 19.0 Hz  36 Hz   69 Hz  106.8 dB  259 l +  91 l    2x100mm   276 mm  1715 µF
 20.0 Hz  38 Hz   70 Hz  107.7 dB  220 l +  91 l    2x100mm   251 mm  1602 µF
 21.0 Hz  39 Hz   71 Hz  108.5 dB  191 l +  91 l    2x100mm   228 mm  1501 µF
 22.0 Hz  40 Hz   73 Hz  109.4 dB  169 l +  91 l    2x100mm   207 mm  1411 µF
 23.0 Hz  41 Hz   74 Hz  110.1 dB  151 l +  91 l    2x100mm   189 mm  1330 µF
 24.0 Hz  42 Hz   75 Hz  110.9 dB  136 l +  91 l    2x100mm   172 mm  1256 µF
 25.0 Hz  44 Hz   76 Hz  111.6 dB  124 l +  91 l    2x100mm   157 mm  1190 µF
 26.0 Hz  45 Hz   77 Hz  112.3 dB  113 l +  91 l    2x100mm   143 mm  1129 µF
 27.0 Hz  46 Hz   78 Hz  112.9 dB  104 l +  91 l    2x100mm   131 mm  1074 µF
 28.0 Hz  47 Hz   79 Hz  113.5 dB   97 l +  91 l    2x100mm   119 mm  1023 µF
 29.0 Hz  48 Hz   80 Hz  114.2 dB   90 l +  91 l    2x100mm   109 mm   976 µF
 30.0 Hz  49 Hz   80 Hz  114.7 dB   84 l +  91 l    2x100mm    99 mm   933 µF

-------------
xion10
            94.0dB           300W      1x100mm
   fu     fc      fo      SplMech  Vb1     Vb2       d         l        C
 18.5 Hz  38 Hz   78 Hz   98.5 dB   oo l +  20 l    1x100mm   724 mm  1647 µF
 19.0 Hz  39 Hz   79 Hz   98.9 dB  936 l +  20 l    1x100mm   699 mm  1594 µF
 20.0 Hz  40 Hz   80 Hz   99.8 dB  292 l +  20 l    1x100mm   647 mm  1488 µF
 21.0 Hz  41 Hz   81 Hz  100.6 dB  172 l +  20 l    1x100mm   601 mm  1395 µF
 22.0 Hz  43 Hz   82 Hz  101.5 dB  121 l +  20 l    1x100mm   560 mm  1311 µF
 23.0 Hz  44 Hz   84 Hz  102.2 dB   93 l +  20 l    1x100mm   524 mm  1235 µF
 24.0 Hz  45 Hz   85 Hz  103.0 dB   75 l +  20 l    1x100mm   490 mm  1167 µF
 25.0 Hz  46 Hz   86 Hz  103.7 dB   63 l +  20 l    1x100mm   460 mm  1105 µF
 26.0 Hz  48 Hz   87 Hz  104.4 dB   54 l +  20 l    1x100mm   433 mm  1049 µF
 27.0 Hz  49 Hz   88 Hz  105.0 dB   48 l +  20 l    1x100mm   407 mm   998 µF
 28.0 Hz  50 Hz   89 Hz  105.6 dB   42 l +  20 l    1x100mm   384 mm   950 µF
 29.0 Hz  51 Hz   90 Hz  106.3 dB   38 l +  20 l    1x100mm   363 mm   907 µF
 30.0 Hz  52 Hz   91 Hz  106.8 dB   34 l +  20 l    1x100mm   344 mm   867 µF

-------------
xion12
            95.0dB           450W      2x100mm
   fu     fc      fo      SplMech  Vb1     Vb2       d         l        C
 12.2 Hz  29 Hz   69 Hz   98.9 dB   oo l +  23 l  * 1x70mm    548 mm  3133 µF
 13.0 Hz  30 Hz   70 Hz  100.0 dB  746 l +  23 l  * 1x70mm    548 mm  2886 µF
 14.0 Hz  32 Hz   72 Hz  101.3 dB  322 l +  23 l  * 1x70mm    548 mm  2614 µF
 15.0 Hz  33 Hz   74 Hz  102.5 dB  204 l +  23 l  * 1x70mm    548 mm  2384 µF
 16.0 Hz  35 Hz   75 Hz  103.6 dB  148 l +  23 l  - 1x100mm   780 mm  2188 µF
 17.0 Hz  36 Hz   77 Hz  104.7 dB  116 l +  23 l  - 1x100mm   714 mm  2018 µF
 18.0 Hz  38 Hz   78 Hz  105.7 dB   95 l +  23 l  - 1x100mm   655 mm  1870 µF
 19.0 Hz  39 Hz   80 Hz  106.6 dB   80 l +  23 l  - 1x100mm   604 mm  1740 µF
 20.0 Hz  40 Hz   81 Hz  107.5 dB   69 l +  23 l  - 1x100mm   559 mm  1625 µF
 21.0 Hz  42 Hz   82 Hz  108.3 dB   60 l +  23 l  - 1x100mm   519 mm  1522 µF
 22.0 Hz  43 Hz   84 Hz  109.1 dB   54 l +  23 l  - 1x100mm   483 mm  1431 µF
 23.0 Hz  44 Hz   85 Hz  109.9 dB   48 l +  23 l  - 1x100mm   450 mm  1349 µF
 24.0 Hz  45 Hz   86 Hz  110.7 dB   44 l +  23 l  - 1x100mm   421 mm  1274 µF
 25.0 Hz  47 Hz   87 Hz  111.4 dB   40 l +  23 l  - 1x100mm   395 mm  1207 µF
 26.0 Hz  48 Hz   89 Hz  112.0 dB   37 l +  23 l    2x100mm   783 mm  1145 µF
 27.0 Hz  49 Hz   90 Hz  112.7 dB   34 l +  23 l    2x100mm   739 mm  1089 µF
 28.0 Hz  50 Hz   91 Hz  113.3 dB   32 l +  23 l    2x100mm   698 mm  1037 µF
 29.0 Hz  52 Hz   92 Hz  113.9 dB   30 l +  23 l    2x100mm   661 mm   990 µF
 30.0 Hz  53 Hz   93 Hz  114.5 dB   28 l +  23 l    2x100mm   627 mm   946 µF

-------------
xion15
            96.0dB           600W      2x100mm
   fu     fc      fo      SplMech  Vb1     Vb2       d         l        C
  9.9 Hz  26 Hz   68 Hz   99.6 dB   oo l +  30 l  * 1x70mm    511 mm  4247 µF
 10.0 Hz  26 Hz   68 Hz   99.7 dB 14957 l +  30 l  * 1x70mm    511 mm  4213 µF
 11.0 Hz  28 Hz   70 Hz  101.4 dB  843 l +  30 l  * 1x70mm    511 mm  3710 µF
 12.0 Hz  29 Hz   72 Hz  102.9 dB  427 l +  30 l  * 1x70mm    511 mm  3304 µF
 13.0 Hz  31 Hz   74 Hz  104.3 dB  283 l +  30 l  - 1x100mm   730 mm  2969 µF
 14.0 Hz  33 Hz   76 Hz  105.6 dB  211 l +  30 l  - 1x100mm   653 mm  2690 µF
 15.0 Hz  34 Hz   78 Hz  106.8 dB  167 l +  30 l  - 1x100mm   589 mm  2454 µF
 16.0 Hz  36 Hz   80 Hz  107.9 dB  138 l +  30 l  - 1x100mm   534 mm  2251 µF
 17.0 Hz  37 Hz   81 Hz  109.0 dB  117 l +  30 l  - 1x100mm   486 mm  2076 µF
 18.0 Hz  39 Hz   83 Hz  110.0 dB  101 l +  30 l  - 1x100mm   445 mm  1924 µF
 19.0 Hz  40 Hz   84 Hz  110.9 dB   89 l +  30 l  - 1x100mm   408 mm  1790 µF
 20.0 Hz  41 Hz   86 Hz  111.8 dB   79 l +  30 l    2x100mm   794 mm  1672 µF
 21.0 Hz  43 Hz   87 Hz  112.6 dB   71 l +  30 l    2x100mm   736 mm  1567 µF
 22.0 Hz  44 Hz   89 Hz  113.4 dB   65 l +  30 l    2x100mm   685 mm  1472 µF
 23.0 Hz  45 Hz   90 Hz  114.2 dB   59 l +  30 l    2x100mm   639 mm  1388 µF
 24.0 Hz  47 Hz   91 Hz  115.0 dB   54 l +  30 l    2x100mm   598 mm  1311 µF
 25.0 Hz  48 Hz   92 Hz  115.7 dB   50 l +  30 l    2x100mm   560 mm  1242 µF
 26.0 Hz  49 Hz   94 Hz  116.3 dB   47 l +  30 l    2x100mm   526 mm  1178 µF
 27.0 Hz  51 Hz   95 Hz  117.0 dB   44 l +  30 l    2x100mm   495 mm  1121 µF
 28.0 Hz  52 Hz   96 Hz  117.6 dB   41 l +  30 l    2x100mm   466 mm  1067 µF
 29.0 Hz  53 Hz   97 Hz  118.2 dB   38 l +  30 l    2x100mm   439 mm  1019 µF
 30.0 Hz  54 Hz   98 Hz  118.8 dB   36 l +  30 l    2x100mm   415 mm   974 µF

-------------
hx08sq
            92.0dB           200W       1x70mm
   fu     fc      fo      SplMech  Vb1     Vb2       d         l        C
 17.1 Hz  45 Hz  118 Hz   91.2 dB   oo l +   4 l  - 1x50mm    746 mm  2550 µF
 18.0 Hz  47 Hz  120 Hz   92.1 dB  216 l +   4 l  - 1x50mm    695 mm  2384 µF
 19.0 Hz  48 Hz  122 Hz   93.0 dB  100 l +   4 l  - 1x50mm    644 mm  2218 µF
 20.0 Hz  50 Hz  125 Hz   93.9 dB   65 l +   4 l  - 1x50mm    599 mm  2072 µF
 21.0 Hz  52 Hz  127 Hz   94.8 dB   48 l +   4 l  - 1x50mm    558 mm  1941 µF
 22.0 Hz  53 Hz  129 Hz   95.6 dB   38 l +   4 l  - 1x50mm    522 mm  1824 µF
 23.0 Hz  55 Hz  131 Hz   96.4 dB   31 l +   4 l  - 1x50mm    490 mm  1719 µF
 24.0 Hz  56 Hz  132 Hz   97.1 dB   26 l +   4 l  - 1x50mm    461 mm  1625 µF
 25.0 Hz  58 Hz  134 Hz   97.8 dB   23 l +   4 l  - 1x50mm    434 mm  1538 µF
 26.0 Hz  59 Hz  136 Hz   98.5 dB   20 l +   4 l  - 1x50mm    410 mm  1460 µF
 27.0 Hz  61 Hz  138 Hz   99.1 dB   18 l +   4 l    1x70mm    783 mm  1388 µF
 28.0 Hz  62 Hz  139 Hz   99.8 dB   16 l +   4 l    1x70mm    743 mm  1323 µF
 29.0 Hz  64 Hz  141 Hz  100.4 dB   15 l +   4 l    1x70mm    707 mm  1262 µF
 30.0 Hz  65 Hz  143 Hz  101.0 dB   13 l +   4 l    1x70mm    673 mm  1206 µF

-------------
hx10sq
            92.0dB           300W      1x100mm
   fu     fc      fo      SplMech  Vb1     Vb2       d         l        C
 14.9 Hz  38 Hz   97 Hz   94.7 dB   oo l +   6 l  * 1x50mm    633 mm  2749 µF
 15.0 Hz  38 Hz   97 Hz   94.8 dB 3896 l +   6 l  * 1x50mm    633 mm  2733 µF
 16.0 Hz  40 Hz   99 Hz   95.9 dB  229 l +   6 l  * 1x50mm    633 mm  2508 µF
 17.0 Hz  41 Hz  101 Hz   97.0 dB  117 l +   6 l  * 1x50mm    633 mm  2313 µF
 18.0 Hz  43 Hz  103 Hz   98.0 dB   78 l +   6 l  * 1x50mm    633 mm  2143 µF
 19.0 Hz  45 Hz  105 Hz   98.9 dB   58 l +   6 l  * 1x50mm    633 mm  1994 µF
 20.0 Hz  46 Hz  107 Hz   99.8 dB   46 l +   6 l  * 1x50mm    633 mm  1862 µF
 21.0 Hz  48 Hz  108 Hz  100.6 dB   38 l +   6 l  - 1x70mm    781 mm  1745 µF
 22.0 Hz  49 Hz  110 Hz  101.5 dB   33 l +   6 l  - 1x70mm    731 mm  1640 µF
 23.0 Hz  51 Hz  112 Hz  102.2 dB   28 l +   6 l  - 1x70mm    685 mm  1546 µF
 24.0 Hz  52 Hz  113 Hz  103.0 dB   25 l +   6 l  - 1x70mm    644 mm  1461 µF
 25.0 Hz  54 Hz  115 Hz  103.7 dB   22 l +   6 l  - 1x70mm    607 mm  1383 µF
 26.0 Hz  55 Hz  116 Hz  104.4 dB   20 l +   6 l  - 1x70mm    574 mm  1313 µF
 27.0 Hz  56 Hz  118 Hz  105.0 dB   18 l +   6 l  - 1x70mm    543 mm  1248 µF
 28.0 Hz  58 Hz  119 Hz  105.6 dB   17 l +   6 l  - 1x70mm    514 mm  1189 µF
 29.0 Hz  59 Hz  121 Hz  106.3 dB   15 l +   6 l  - 1x70mm    488 mm  1135 µF
 30.0 Hz  60 Hz  122 Hz  106.8 dB   14 l +   6 l  - 1x70mm    464 mm  1085 µF

-------------
hx12sq
            94.0dB           350W      2x100mm
   fu     fc      fo      SplMech  Vb1     Vb2       d         l        C
 13.1 Hz  31 Hz   73 Hz   97.7 dB   oo l +  11 l  * 1x70mm   1035 mm  3275 µF
 14.0 Hz  32 Hz   75 Hz   98.8 dB  338 l +  11 l  * 1x70mm   1035 mm  3000 µF
 15.0 Hz  34 Hz   77 Hz  100.0 dB  157 l +  11 l  * 1x70mm   1035 mm  2736 µF
 16.0 Hz  35 Hz   78 Hz  101.1 dB  102 l +  11 l  * 1x70mm   1035 mm  2511 µF
 17.0 Hz  37 Hz   80 Hz  102.2 dB   75 l +  11 l  * 1x70mm   1035 mm  2316 µF
 18.0 Hz  38 Hz   81 Hz  103.2 dB   59 l +  11 l  * 1x70mm   1035 mm  2146 µF
 19.0 Hz  40 Hz   83 Hz  104.1 dB   48 l +  11 l  * 1x70mm   1035 mm  1997 µF
 20.0 Hz  41 Hz   84 Hz  105.0 dB   41 l +  11 l  * 1x70mm   1035 mm  1865 µF
 21.0 Hz  42 Hz   86 Hz  105.8 dB   35 l +  11 l  * 1x70mm   1035 mm  1747 µF
 22.0 Hz  44 Hz   87 Hz  106.6 dB   31 l +  11 l  * 1x70mm   1035 mm  1642 µF
 23.0 Hz  45 Hz   88 Hz  107.4 dB   28 l +  11 l  * 1x70mm   1035 mm  1548 µF
 24.0 Hz  46 Hz   90 Hz  108.2 dB   25 l +  11 l  * 1x70mm   1035 mm  1462 µF
 25.0 Hz  48 Hz   91 Hz  108.9 dB   23 l +  11 l  * 1x70mm   1035 mm  1385 µF
 26.0 Hz  49 Hz   92 Hz  109.5 dB   21 l +  11 l  * 1x70mm   1035 mm  1314 µF
 27.0 Hz  50 Hz   93 Hz  110.2 dB   19 l +  11 l  - 1x100mm   770 mm  1250 µF
 28.0 Hz  51 Hz   94 Hz  110.8 dB   18 l +  11 l  - 1x100mm   729 mm  1191 µF
 29.0 Hz  53 Hz   96 Hz  111.4 dB   16 l +  11 l  - 1x100mm   692 mm  1136 µF
 30.0 Hz  54 Hz   97 Hz  112.0 dB   15 l +  11 l  - 1x100mm   658 mm  1086 µF

-------------
krypton12
            95.5dB          1000W      2x100mm
   fu     fc      fo      SplMech  Vb1     Vb2       d         l        C
 15.2 Hz  37 Hz   90 Hz  103.2 dB   oo l +   9 l  * 1x70mm    862 mm  3334 µF
 16.0 Hz  38 Hz   92 Hz  104.1 dB  410 l +   9 l  * 1x70mm    862 mm  3107 µF
 17.0 Hz  40 Hz   94 Hz  105.2 dB  183 l +   9 l  * 1x70mm    862 mm  2865 µF
 18.0 Hz  41 Hz   96 Hz  106.2 dB  117 l +   9 l  * 1x70mm    862 mm  2655 µF
 19.0 Hz  43 Hz   97 Hz  107.1 dB   86 l +   9 l  * 1x70mm    862 mm  2470 µF
 20.0 Hz  44 Hz   99 Hz  108.0 dB   67 l +   9 l  * 1x70mm    862 mm  2307 µF
 21.0 Hz  46 Hz  101 Hz  108.9 dB   55 l +   9 l  * 1x70mm    862 mm  2162 µF
 22.0 Hz  47 Hz  102 Hz  109.7 dB   47 l +   9 l  * 1x70mm    862 mm  2032 µF
 23.0 Hz  49 Hz  104 Hz  110.4 dB   40 l +   9 l  * 1x70mm    862 mm  1915 µF
 24.0 Hz  50 Hz  105 Hz  111.2 dB   36 l +   9 l  * 1x70mm    862 mm  1809 µF
 25.0 Hz  52 Hz  107 Hz  111.9 dB   32 l +   9 l  * 1x70mm    862 mm  1713 µF
 26.0 Hz  53 Hz  108 Hz  112.6 dB   29 l +   9 l  * 1x70mm    862 mm  1626 µF
 27.0 Hz  54 Hz  109 Hz  113.2 dB   26 l +   9 l  - 1x100mm   789 mm  1546 µF
 28.0 Hz  56 Hz  111 Hz  113.9 dB   24 l +   9 l  - 1x100mm   748 mm  1473 µF
 29.0 Hz  57 Hz  112 Hz  114.5 dB   22 l +   9 l  - 1x100mm   710 mm  1406 µF
 30.0 Hz  58 Hz  113 Hz  115.1 dB   20 l +   9 l  - 1x100mm   675 mm  1344 µF

-------------
m15
            89.1dB           400W      2x100mm
   fu     fc      fo      SplMech  Vb1     Vb2       d         l        C
 11.8 Hz  24 Hz   51 Hz   98.3 dB   oo l + 138 l    2x100mm   455 mm  2562 µF
 12.0 Hz  25 Hz   51 Hz   98.7 dB 8351 l + 138 l    2x100mm   440 mm  2494 µF
 13.0 Hz  26 Hz   52 Hz  100.0 dB 1592 l + 138 l    2x100mm   384 mm  2242 µF
 14.0 Hz  27 Hz   54 Hz  101.3 dB  870 l + 138 l    2x100mm   337 mm  2031 µF
 15.0 Hz  29 Hz   55 Hz  102.5 dB  594 l + 138 l    2x100mm   297 mm  1852 µF
 16.0 Hz  30 Hz   56 Hz  103.7 dB  448 l + 138 l    2x100mm   264 mm  1700 µF
 17.0 Hz  31 Hz   57 Hz  104.7 dB  359 l + 138 l    2x100mm   234 mm  1568 µF
 18.0 Hz  32 Hz   58 Hz  105.7 dB  298 l + 138 l    2x100mm   209 mm  1453 µF
 19.0 Hz  34 Hz   59 Hz  106.6 dB  254 l + 138 l    2x100mm   187 mm  1352 µF
 20.0 Hz  35 Hz   60 Hz  107.5 dB  221 l + 138 l    2x100mm   167 mm  1262 µF
 21.0 Hz  36 Hz   61 Hz  108.4 dB  195 l + 138 l    2x100mm   149 mm  1183 µF
 22.0 Hz  37 Hz   62 Hz  109.2 dB  174 l + 138 l    2x100mm   133 mm  1112 µF
 23.0 Hz  38 Hz   63 Hz  110.0 dB  157 l + 138 l    2x100mm   119 mm  1048 µF
 24.0 Hz  39 Hz   64 Hz  110.7 dB  143 l + 138 l    2x100mm   106 mm   990 µF
 25.0 Hz  40 Hz   65 Hz  111.4 dB  131 l + 138 l    2x100mm    95 mm   937 µF
 26.0 Hz  41 Hz   66 Hz  112.1 dB  121 l + 138 l    2x100mm    84 mm   890 µF
 27.0 Hz  42 Hz   67 Hz  112.7 dB  112 l + 138 l    2x100mm    75 mm   846 µF
 28.0 Hz  44 Hz   68 Hz  113.4 dB  104 l + 138 l    2x100mm    66 mm   806 µF
 29.0 Hz  45 Hz   68 Hz  114.0 dB   98 l + 138 l    2x100mm    58 mm   769 µF
 30.0 Hz  46 Hz   69 Hz  114.6 dB   92 l + 138 l    2x100mm    50 mm   735 µF

