-------------
ex130sq                                90.0dB    0W                      1x40mm
Rpre   Spl
      Vb      fb         SplMech Pmech  SplEle     f3       dv       lv

0.20  86.9dB --------------------------------------------------------------
     6.9l @  65.0Hz  =>   91.9dB   26W  -infdB @  60.5Hz   1x40mm     70 mm 
     7.7l @  62.7Hz  =>   90.9dB   21W  -infdB @  57.1Hz   1x40mm     59 mm 
     8.6l @  60.5Hz  =>   90.0dB   16W  -infdB @  54.0Hz   1x40mm     50 mm 
*    9.7l @  58.3Hz  =>   89.0dB   13W  -infdB @  51.0Hz   1x40mm     41 mm 
    10.8l @  56.2Hz  =>   88.0dB   10W  -infdB @  48.2Hz   1x40mm     34 mm 
    12.1l @  54.2Hz  =>   87.0dB    8W  -infdB @  45.5Hz   1x40mm     27 mm 
    13.6l @  52.3Hz  =>   86.0dB    7W  -infdB @  43.0Hz   1x40mm     21 mm 
0.60  85.6dB --------------------------------------------------------------
    13.8l @  52.0Hz  =>   85.9dB    9W  -infdB @  42.7Hz   1x40mm     20 mm 
    15.5l @  50.2Hz  =>   84.9dB    7W  -infdB @  40.3Hz + 1x50mm     32 mm 
    17.4l @  48.4Hz  =>   83.9dB    5W  -infdB @  38.1Hz + 1x50mm     25 mm 
*   19.4l @  46.7Hz  =>   82.9dB    4W  -infdB @  36.0Hz + 1x70mm     57 mm 
    21.8l @  45.0Hz  =>   81.9dB    3W  -infdB @  34.0Hz + 1x70mm     45 mm 
    24.4l @  43.4Hz  =>   80.9dB    3W  -infdB @  32.1Hz + 1x70mm     35 mm 
    27.3l @  41.8Hz  =>   80.0dB    2W  -infdB @  30.4Hz + 1x70mm     25 mm 
1.00  84.6dB --------------------------------------------------------------
    23.2l @  44.1Hz  =>   81.4dB    4W  -infdB @  32.9Hz + 1x70mm     39 mm 
    26.0l @  42.5Hz  =>   80.4dB    3W  -infdB @  31.1Hz + 1x70mm     29 mm 
    29.1l @  41.0Hz  =>   79.4dB    2W  -infdB @  29.4Hz + 1x70mm     21 mm 
*   32.6l @  39.5Hz  =>   78.4dB    2W  -infdB @  27.8Hz + 1x100mm    58 mm 
    36.5l @  38.1Hz  =>   77.4dB    2W  -infdB @  26.3Hz + 1x100mm    44 mm 
    40.9l @  36.8Hz  =>   76.4dB    1W  -infdB @  24.8Hz + 1x100mm    31 mm 
    45.8l @  35.5Hz  =>   75.5dB    1W  -infdB @  23.4Hz + 1x100mm    20 mm 
-------------
ex165sq                                92.0dB  140W                      1x70mm
Rpre   Spl
      Vb      fb         SplMech Pmech  SplEle     f3       dv       lv

0.20  87.7dB --------------------------------------------------------------
    29.1l @  44.5Hz  =>   87.8dB    2W 105.6dB @  39.5Hz   1x70mm     79 mm 
    32.6l @  42.9Hz  =>   86.9dB    2W 105.6dB @  37.3Hz   1x70mm     65 mm 
    36.5l @  41.4Hz  =>   85.9dB    1W 105.6dB @  35.2Hz   1x70mm     53 mm 
*   40.9l @  39.9Hz  =>   84.9dB    1W 105.6dB @  33.3Hz   1x70mm     42 mm 
    45.8l @  38.5Hz  =>   83.9dB    1W 105.6dB @  31.5Hz   1x70mm     32 mm 
    51.3l @  37.1Hz  =>   82.9dB    1W 105.6dB @  29.7Hz   1x70mm     23 mm 
    57.5l @  35.8Hz  =>   81.9dB    1W 105.6dB @  28.1Hz + 1x100mm    62 mm 
0.60  87.3dB --------------------------------------------------------------
    37.5l @  41.0Hz  =>   85.7dB    2W 105.1dB @  34.8Hz   1x70mm     50 mm 
    42.0l @  39.6Hz  =>   84.7dB    1W 105.1dB @  32.9Hz   1x70mm     39 mm 
    47.0l @  38.2Hz  =>   83.7dB    1W 105.1dB @  31.1Hz   1x70mm     30 mm 
*   52.6l @  36.8Hz  =>   82.7dB    1W 105.1dB @  29.4Hz   1x70mm     21 mm 
    58.9l @  35.5Hz  =>   81.7dB    1W 105.1dB @  27.7Hz + 1x100mm    58 mm 
    66.0l @  34.2Hz  =>   80.7dB    1W 105.1dB @  26.2Hz + 1x100mm    44 mm 
    73.9l @  33.0Hz  =>   79.8dB    0W 105.1dB @  24.8Hz + 1x100mm    32 mm 
1.00  86.9dB --------------------------------------------------------------
    46.9l @  38.2Hz  =>   83.7dB    1W 104.7dB @  31.1Hz   1x70mm     30 mm 
    52.5l @  36.8Hz  =>   82.7dB    1W 104.7dB @  29.4Hz   1x70mm     21 mm 
    58.8l @  35.5Hz  =>   81.7dB    1W 104.7dB @  27.8Hz + 1x100mm    58 mm 
*   65.9l @  34.2Hz  =>   80.7dB    1W 104.7dB @  26.2Hz + 1x100mm    44 mm 
    73.8l @  33.0Hz  =>   79.8dB    0W 104.7dB @  24.8Hz + 1x100mm    32 mm 
    82.7l @  31.9Hz  =>   78.8dB    0W 104.7dB @  23.4Hz + 1x100mm    20 mm 
    92.6l @  30.7Hz  =>   77.8dB    0W 104.7dB @  22.1Hz + 2x100mm    63 mm 
-------------
ex165dust                              94.0dB  140W                      1x70mm
Rpre   Spl
      Vb      fb         SplMech Pmech  SplEle     f3       dv       lv

0.20  87.8dB --------------------------------------------------------------
    11.8l @  54.8Hz  =>   93.3dB    8W 105.7dB @  54.1Hz   1x70mm    259 mm 
    13.2l @  52.8Hz  =>   92.3dB    6W 105.7dB @  51.1Hz   1x70mm    226 mm 
    14.8l @  50.9Hz  =>   91.4dB    5W 105.7dB @  48.3Hz   1x70mm    196 mm 
*   16.6l @  49.1Hz  =>   90.4dB    4W 105.7dB @  45.6Hz   1x70mm    170 mm 
    18.5l @  47.4Hz  =>   89.4dB    3W 105.7dB @  43.1Hz   1x70mm    146 mm 
    20.8l @  45.7Hz  =>   88.4dB    3W 105.7dB @  40.8Hz   1x70mm    125 mm 
    23.3l @  44.1Hz  =>   87.4dB    2W 105.7dB @  38.5Hz   1x70mm    106 mm 
0.60  87.4dB --------------------------------------------------------------
    15.5l @  50.2Hz  =>   91.0dB    5W 105.3dB @  47.2Hz   1x70mm    185 mm 
    17.3l @  48.4Hz  =>   90.0dB    4W 105.3dB @  44.6Hz   1x70mm    160 mm 
    19.4l @  46.7Hz  =>   89.0dB    3W 105.3dB @  42.2Hz   1x70mm    137 mm 
*   21.7l @  45.0Hz  =>   88.0dB    3W 105.3dB @  39.8Hz   1x70mm    117 mm 
    24.3l @  43.4Hz  =>   87.0dB    2W 105.3dB @  37.6Hz   1x70mm     99 mm 
    27.3l @  41.9Hz  =>   86.0dB    2W 105.3dB @  35.6Hz   1x70mm     83 mm 
    30.5l @  40.4Hz  =>   85.0dB    1W 105.3dB @  33.6Hz   1x70mm     69 mm 
1.00  87.0dB --------------------------------------------------------------
    19.8l @  46.4Hz  =>   88.8dB    3W 104.8dB @  41.8Hz   1x70mm    134 mm 
    22.1l @  44.8Hz  =>   87.8dB    3W 104.8dB @  39.5Hz   1x70mm    114 mm 
    24.8l @  43.2Hz  =>   86.9dB    2W 104.8dB @  37.3Hz   1x70mm     96 mm 
*   27.8l @  41.6Hz  =>   85.9dB    2W 104.8dB @  35.2Hz   1x70mm     80 mm 
    31.1l @  40.1Hz  =>   84.9dB    1W 104.8dB @  33.3Hz   1x70mm     66 mm 
    34.8l @  38.7Hz  =>   83.9dB    1W 104.8dB @  31.5Hz   1x70mm     54 mm 
    39.0l @  37.3Hz  =>   82.9dB    1W 104.8dB @  29.7Hz   1x70mm     43 mm 
-------------
ex165phase                             94.0dB  140W                      1x70mm
Rpre   Spl
      Vb      fb         SplMech Pmech  SplEle     f3       dv       lv

0.20  88.3dB --------------------------------------------------------------
    13.0l @  54.6Hz  =>   93.2dB    7W 106.2dB @  53.8Hz   1x70mm    230 mm 
    14.5l @  52.7Hz  =>   92.2dB    6W 106.2dB @  50.9Hz   1x70mm    200 mm 
    16.3l @  50.8Hz  =>   91.3dB    5W 106.2dB @  48.1Hz   1x70mm    173 mm 
*   18.2l @  49.0Hz  =>   90.3dB    4W 106.2dB @  45.4Hz   1x70mm    149 mm 
    20.4l @  47.2Hz  =>   89.3dB    3W 106.2dB @  42.9Hz   1x70mm    128 mm 
    22.9l @  45.5Hz  =>   88.3dB    2W 106.2dB @  40.6Hz   1x70mm    109 mm 
    25.6l @  43.9Hz  =>   87.3dB    2W 106.2dB @  38.3Hz   1x70mm     92 mm 
0.60  87.9dB --------------------------------------------------------------
    17.2l @  49.9Hz  =>   90.8dB    5W 105.7dB @  46.8Hz   1x70mm    162 mm 
    19.2l @  48.1Hz  =>   89.8dB    4W 105.7dB @  44.2Hz   1x70mm    139 mm 
    21.5l @  46.4Hz  =>   88.8dB    3W 105.7dB @  41.8Hz   1x70mm    119 mm 
*   24.1l @  44.8Hz  =>   87.8dB    2W 105.7dB @  39.5Hz   1x70mm    100 mm 
    27.0l @  43.2Hz  =>   86.9dB    2W 105.7dB @  37.3Hz   1x70mm     84 mm 
    30.3l @  41.6Hz  =>   85.9dB    1W 105.7dB @  35.3Hz   1x70mm     70 mm 
    33.9l @  40.2Hz  =>   84.9dB    1W 105.7dB @  33.3Hz   1x70mm     57 mm 
1.00  87.5dB --------------------------------------------------------------
    22.1l @  46.1Hz  =>   88.6dB    3W 105.3dB @  41.3Hz   1x70mm    114 mm 
    24.8l @  44.4Hz  =>   87.6dB    2W 105.3dB @  39.0Hz   1x70mm     96 mm 
    27.7l @  42.8Hz  =>   86.6dB    2W 105.3dB @  36.8Hz   1x70mm     81 mm 
*   31.1l @  41.3Hz  =>   85.7dB    2W 105.3dB @  34.8Hz   1x70mm     67 mm 
    34.8l @  39.8Hz  =>   84.7dB    1W 105.3dB @  32.9Hz   1x70mm     54 mm 
    39.0l @  38.4Hz  =>   83.7dB    1W 105.3dB @  31.1Hz   1x70mm     43 mm 
    43.6l @  37.0Hz  =>   82.7dB    1W 105.3dB @  29.4Hz   1x70mm     33 mm 
-------------
ax165fl                                89.0dB   80W                      1x50mm
Rpre   Spl
      Vb      fb         SplMech Pmech  SplEle     f3       dv       lv

0.20  88.4dB --------------------------------------------------------------
    59.7l @  40.1Hz  =>   83.2dB    1W 103.7dB @  32.0Hz + 1x100mm    36 mm 
    66.8l @  38.7Hz  =>   82.2dB    1W 103.7dB @  30.3Hz + 1x100mm    24 mm 
    74.9l @  37.3Hz  =>   81.2dB    0W 103.7dB @  28.6Hz + 2x100mm    70 mm 
*   83.8l @  36.0Hz  =>   80.2dB    0W 103.7dB @  27.0Hz + 2x100mm    51 mm 
    93.9l @  34.7Hz  =>   79.3dB    0W 103.7dB @  25.5Hz + 2x100mm    35 mm 
   105.2l @  33.5Hz  =>   78.3dB    0W 103.7dB @  24.1Hz + 3x100mm    59 mm 
   117.8l @  32.3Hz  =>   77.3dB    0W 103.7dB @  22.8Hz + 3x100mm    39 mm 
0.60  88.0dB --------------------------------------------------------------
    77.0l @  37.0Hz  =>   81.0dB    0W 103.3dB @  28.2Hz + 2x100mm    65 mm 
    86.2l @  35.7Hz  =>   80.0dB    0W 103.3dB @  26.6Hz + 2x100mm    47 mm 
    96.5l @  34.4Hz  =>   79.0dB    0W 103.3dB @  25.2Hz + 2x100mm    31 mm 
*  108.1l @  33.2Hz  =>   78.0dB    0W 103.3dB @  23.8Hz + 3x100mm    53 mm 
   121.1l @  32.0Hz  =>   77.0dB    0W 103.3dB @  22.5Hz + 3x100mm    34 mm 
   135.6l @  30.9Hz  =>   76.1dB    0W 103.3dB @  21.2Hz + 4x100mm    46 mm 
   151.9l @  29.8Hz  =>   75.1dB    0W 103.3dB @  20.1Hz + 4x100mm    25 mm 
1.00  87.6dB --------------------------------------------------------------
    96.5l @  34.4Hz  =>   79.0dB    0W 102.9dB @  25.2Hz + 2x100mm    31 mm 
   108.1l @  33.2Hz  =>   78.0dB    0W 102.9dB @  23.8Hz + 3x100mm    54 mm 
   121.1l @  32.0Hz  =>   77.0dB    0W 102.9dB @  22.5Hz + 3x100mm    34 mm 
*  135.6l @  30.9Hz  =>   76.1dB    0W 102.9dB @  21.2Hz + 4x100mm    46 mm 
   151.9l @  29.8Hz  =>   75.1dB    0W 102.9dB @  20.1Hz + 4x100mm    25 mm 
   170.1l @  28.7Hz  =>   74.1dB    0W 102.9dB @  19.0Hz + 5x100mm    28 mm 
   190.5l @  27.7Hz  =>   73.1dB    0W 102.9dB @  17.9Hz + 6x100mm    26 mm 
-------------
cx12                                   96.0dB  700W                     2x100mm
Rpre   Spl
      Vb      fb         SplMech Pmech  SplEle     f3       dv       lv

0.20  90.5dB --------------------------------------------------------------
*   20.6l @  49.5Hz  =>  105.2dB   70W 115.2dB @  55.7Hz - 1x100mm   637 mm 
    23.1l @  47.7Hz  =>  104.2dB   56W 115.2dB @  52.7Hz - 1x100mm   561 mm 
    25.8l @  46.0Hz  =>  103.2dB   44W 115.2dB @  49.8Hz - 1x100mm   493 mm 
    28.9l @  44.4Hz  =>  102.3dB   35W 115.2dB @  47.0Hz - 1x100mm   433 mm 
    32.4l @  42.8Hz  =>  101.3dB   28W 115.2dB @  44.4Hz - 1x100mm   378 mm 
    36.3l @  41.3Hz  =>  100.3dB   23W 115.2dB @  42.0Hz   2x100mm   698 mm 
    40.6l @  39.8Hz  =>   99.3dB   18W 115.2dB @  39.7Hz   2x100mm   612 mm 
    45.5l @  38.4Hz  =>   98.3dB   14W 115.2dB @  37.5Hz   2x100mm   536 mm 
    51.0l @  37.0Hz  =>   97.3dB   11W 115.2dB @  35.4Hz   2x100mm   467 mm 
    57.1l @  35.7Hz  =>   96.4dB    9W 115.2dB @  33.5Hz   2x100mm   406 mm 
    64.0l @  34.4Hz  =>   95.4dB    7W 115.2dB @  31.6Hz   2x100mm   352 mm 
    71.6l @  33.2Hz  =>   94.4dB    6W 115.2dB @  29.9Hz   2x100mm   303 mm 
    80.2l @  32.0Hz  =>   93.4dB    5W 115.2dB @  28.2Hz   2x100mm   259 mm 
    89.9l @  30.9Hz  =>   92.4dB    4W 115.2dB @  26.7Hz   2x100mm   221 mm 
   100.6l @  29.8Hz  =>   91.4dB    3W 115.2dB @  25.2Hz   2x100mm   186 mm 
   112.7l @  28.7Hz  =>   90.4dB    2W 115.2dB @  23.8Hz   2x100mm   155 mm 
   126.2l @  27.7Hz  =>   89.5dB    2W 115.2dB @  22.5Hz   2x100mm   127 mm 
   141.4l @  26.7Hz  =>   88.5dB    1W 115.2dB @  21.3Hz   2x100mm   103 mm 
   158.4l @  25.8Hz  =>   87.5dB    1W 115.2dB @  20.1Hz   2x100mm    81 mm 
   177.4l @  24.8Hz  =>   86.5dB    1W 115.2dB @  19.0Hz   2x100mm    61 mm 
   198.6l @  24.0Hz  =>   85.5dB    1W 115.2dB @  17.9Hz   2x100mm    43 mm 
   222.5l @  23.1Hz  =>   84.5dB    1W 115.2dB @  17.0Hz   2x100mm    28 mm 
   249.2l @  22.3Hz  =>   83.6dB    0W 115.2dB @  16.0Hz + 3x100mm    49 mm 
   279.1l @  21.5Hz  =>   82.6dB    0W 115.2dB @  15.1Hz + 3x100mm    30 mm 
   312.6l @  20.7Hz  =>   81.6dB    0W 115.2dB @  14.3Hz + 4x100mm    41 mm 
   350.1l @  20.0Hz  =>   80.6dB    0W 115.2dB @  13.5Hz + 4x100mm    21 mm 
   392.1l @  19.3Hz  =>   79.6dB    0W 115.2dB @  12.8Hz + 5x100mm    23 mm 
   439.1l @  18.6Hz  =>   78.6dB    0W 115.2dB @  12.1Hz + 6x100mm    21 mm 
0.60  90.0dB --------------------------------------------------------------
    19.1l @  50.6Hz  =>  105.8dB   90W 114.8dB @  57.8Hz - 1x100mm   691 mm 
    21.4l @  48.8Hz  =>  104.9dB   72W 114.8dB @  54.6Hz - 1x100mm   609 mm 
    24.0l @  47.1Hz  =>  103.9dB   57W 114.8dB @  51.6Hz - 1x100mm   536 mm 
*   26.9l @  45.4Hz  =>  102.9dB   46W 114.8dB @  48.8Hz - 1x100mm   471 mm 
    30.1l @  43.8Hz  =>  101.9dB   36W 114.8dB @  46.1Hz - 1x100mm   412 mm 
    33.7l @  42.2Hz  =>  100.9dB   29W 114.8dB @  43.6Hz - 1x100mm   360 mm 
    37.8l @  40.7Hz  =>   99.9dB   23W 114.8dB @  41.2Hz   2x100mm   666 mm 
1.00  89.6dB --------------------------------------------------------------
    24.3l @  46.9Hz  =>  103.8dB   61W 114.3dB @  51.3Hz - 1x100mm   529 mm 
    27.2l @  45.2Hz  =>  102.8dB   49W 114.3dB @  48.5Hz - 1x100mm   464 mm 
    30.5l @  43.6Hz  =>  101.8dB   39W 114.3dB @  45.8Hz - 1x100mm   407 mm 
*   34.2l @  42.1Hz  =>  100.8dB   31W 114.3dB @  43.3Hz - 1x100mm   355 mm 
    38.3l @  40.6Hz  =>   99.8dB   25W 114.3dB @  40.9Hz   2x100mm   657 mm 
    42.8l @  39.1Hz  =>   98.8dB   20W 114.3dB @  38.6Hz   2x100mm   576 mm 
    48.0l @  37.7Hz  =>   97.9dB   16W 114.3dB @  36.5Hz   2x100mm   503 mm 
-------------
cx15                                   97.0dB  700W                     2x100mm
Rpre   Spl
      Vb      fb         SplMech Pmech  SplEle     f3       dv       lv

0.20  92.1dB --------------------------------------------------------------
    53.9l @  42.7Hz  =>  106.8dB   71W 116.7dB @  47.7Hz   2x100mm   602 mm 
    60.3l @  41.1Hz  =>  105.8dB   57W 116.7dB @  45.1Hz   2x100mm   526 mm 
    67.6l @  39.7Hz  =>  104.8dB   45W 116.7dB @  42.6Hz   2x100mm   459 mm 
*   75.7l @  38.3Hz  =>  103.8dB   36W 116.7dB @  40.2Hz   2x100mm   399 mm 
    84.8l @  36.9Hz  =>  102.9dB   29W 116.7dB @  38.0Hz   2x100mm   345 mm 
    94.9l @  35.6Hz  =>  101.9dB   23W 116.7dB @  35.9Hz   2x100mm   297 mm 
   106.3l @  34.3Hz  =>  100.9dB   18W 116.7dB @  33.9Hz   2x100mm   254 mm 
   119.1l @  33.1Hz  =>   99.9dB   15W 116.7dB @  32.1Hz   2x100mm   216 mm 
   133.4l @  31.9Hz  =>   98.9dB   12W 116.7dB @  30.3Hz   2x100mm   182 mm 
   149.4l @  30.8Hz  =>   97.9dB    9W 116.7dB @  28.6Hz   2x100mm   151 mm 
   167.3l @  29.7Hz  =>   97.0dB    7W 116.7dB @  27.1Hz   2x100mm   124 mm 
   187.4l @  28.6Hz  =>   96.0dB    6W 116.7dB @  25.6Hz   2x100mm   100 mm 
   209.9l @  27.6Hz  =>   95.0dB    5W 116.7dB @  24.2Hz   2x100mm    78 mm 
   235.1l @  26.6Hz  =>   94.0dB    4W 116.7dB @  22.8Hz   2x100mm    58 mm 
   263.3l @  25.7Hz  =>   93.0dB    3W 116.7dB @  21.6Hz   2x100mm    41 mm 
   294.9l @  24.8Hz  =>   92.0dB    2W 116.7dB @  20.4Hz   2x100mm    26 mm 
   330.3l @  23.9Hz  =>   91.0dB    2W 116.7dB @  19.3Hz + 3x100mm    47 mm 
   369.9l @  23.0Hz  =>   90.1dB    2W 116.7dB @  18.2Hz + 3x100mm    28 mm 
   414.3l @  22.2Hz  =>   89.1dB    1W 116.7dB @  17.2Hz + 4x100mm    38 mm 
   464.0l @  21.4Hz  =>   88.1dB    1W 116.7dB @  16.2Hz + 5x100mm    43 mm 
   519.7l @  20.7Hz  =>   87.1dB    1W 116.7dB @  15.4Hz + 5x100mm    21 mm 
0.60  91.6dB --------------------------------------------------------------
    70.7l @  39.1Hz  =>  104.4dB   46W 116.2dB @  41.6Hz   2x100mm   434 mm 
    79.2l @  37.7Hz  =>  103.4dB   37W 116.2dB @  39.3Hz   2x100mm   377 mm 
    88.7l @  36.4Hz  =>  102.5dB   29W 116.2dB @  37.2Hz   2x100mm   325 mm 
*   99.4l @  35.1Hz  =>  101.5dB   23W 116.2dB @  35.1Hz   2x100mm   279 mm 
   111.3l @  33.8Hz  =>  100.5dB   19W 116.2dB @  33.2Hz   2x100mm   238 mm 
   124.6l @  32.6Hz  =>   99.5dB   15W 116.2dB @  31.4Hz   2x100mm   202 mm 
   139.6l @  31.5Hz  =>   98.5dB   12W 116.2dB @  29.6Hz   2x100mm   169 mm 
1.00  91.2dB --------------------------------------------------------------
    90.1l @  36.2Hz  =>  102.3dB   31W 115.8dB @  36.9Hz   2x100mm   319 mm 
   100.9l @  34.9Hz  =>  101.3dB   25W 115.8dB @  34.8Hz   2x100mm   273 mm 
   113.0l @  33.7Hz  =>  100.4dB   20W 115.8dB @  32.9Hz   2x100mm   233 mm 
*  126.6l @  32.5Hz  =>   99.4dB   16W 115.8dB @  31.1Hz   2x100mm   197 mm 
   141.8l @  31.3Hz  =>   98.4dB   13W 115.8dB @  29.4Hz   2x100mm   165 mm 
   158.8l @  30.2Hz  =>   97.4dB   10W 115.8dB @  27.8Hz   2x100mm   136 mm 
   177.8l @  29.1Hz  =>   96.4dB    8W 115.8dB @  26.2Hz   2x100mm   111 mm 
-------------
radion10                               94.0dB  200W                     1x100mm
Rpre   Spl
      Vb      fb         SplMech Pmech  SplEle     f3       dv       lv

0.20  87.8dB --------------------------------------------------------------
    54.7l @  35.2Hz  =>  109.0dB  284W 107.5dB @  32.3Hz   1x100mm   182 mm 
    61.2l @  34.0Hz  =>  108.1dB  226W 107.5dB @  30.6Hz   1x100mm   154 mm 
    68.6l @  32.8Hz  =>  107.1dB  180W 107.5dB @  28.9Hz   1x100mm   130 mm 
*   76.8l @  31.6Hz  =>  106.1dB  144W 107.5dB @  27.3Hz   1x100mm   108 mm 
    86.0l @  30.5Hz  =>  105.1dB  115W 107.5dB @  25.8Hz   1x100mm    89 mm 
    96.3l @  29.4Hz  =>  104.1dB   91W 107.5dB @  24.4Hz   1x100mm    71 mm 
   107.9l @  28.3Hz  =>  103.1dB   73W 107.5dB @  23.0Hz   1x100mm    56 mm 
0.60  87.3dB --------------------------------------------------------------
    69.2l @  32.7Hz  =>  107.0dB  195W 107.1dB @  28.7Hz   1x100mm   128 mm 
    77.5l @  31.5Hz  =>  106.0dB  155W 107.1dB @  27.2Hz   1x100mm   107 mm 
    86.8l @  30.4Hz  =>  105.0dB  124W 107.1dB @  25.7Hz   1x100mm    87 mm 
*   97.2l @  29.3Hz  =>  104.0dB   99W 107.1dB @  24.3Hz   1x100mm    70 mm 
   108.8l @  28.3Hz  =>  103.1dB   79W 107.1dB @  22.9Hz   1x100mm    55 mm 
   121.9l @  27.2Hz  =>  102.1dB   63W 107.1dB @  21.7Hz   1x100mm    41 mm 
   136.5l @  26.3Hz  =>  101.1dB   50W 107.1dB @  20.5Hz   1x100mm    29 mm 
1.00  87.0dB --------------------------------------------------------------
    85.5l @  30.5Hz  =>  105.2dB  139W 106.7dB @  25.9Hz   1x100mm    90 mm 
    95.8l @  29.4Hz  =>  104.2dB  111W 106.7dB @  24.4Hz   1x100mm    72 mm 
   107.3l @  28.4Hz  =>  103.2dB   88W 106.7dB @  23.1Hz   1x100mm    57 mm 
*  120.1l @  27.4Hz  =>  102.2dB   70W 106.7dB @  21.8Hz   1x100mm    43 mm 
   134.6l @  26.4Hz  =>  101.2dB   56W 106.7dB @  20.6Hz   1x100mm    30 mm 
   150.7l @  25.5Hz  =>  100.2dB   45W 106.7dB @  19.5Hz + 2x100mm    81 mm 
   168.8l @  24.6Hz  =>   99.3dB   36W 106.7dB @  18.4Hz + 2x100mm    61 mm 
-------------
radion12                               95.0dB  300W                     2x100mm
Rpre   Spl
      Vb      fb         SplMech Pmech  SplEle     f3       dv       lv

0.20  88.4dB --------------------------------------------------------------
   127.9l @  27.1Hz  =>  109.7dB  289W 109.9dB @  25.6Hz   2x100mm   301 mm 
   143.2l @  26.1Hz  =>  108.8dB  230W 109.9dB @  24.2Hz   2x100mm   258 mm 
   160.4l @  25.2Hz  =>  107.8dB  184W 109.9dB @  22.8Hz   2x100mm   219 mm 
*  179.7l @  24.3Hz  =>  106.8dB  146W 109.9dB @  21.6Hz   2x100mm   185 mm 
   201.2l @  23.4Hz  =>  105.8dB  117W 109.9dB @  20.4Hz   2x100mm   154 mm 
   225.4l @  22.6Hz  =>  104.8dB   93W 109.9dB @  19.3Hz   2x100mm   126 mm 
   252.4l @  21.8Hz  =>  103.8dB   74W 109.9dB @  18.2Hz   2x100mm   102 mm 
   282.7l @  21.0Hz  =>  102.9dB   59W 109.9dB @  17.2Hz   2x100mm    80 mm 
   316.6l @  20.3Hz  =>  101.9dB   47W 109.9dB @  16.3Hz   2x100mm    60 mm 
   354.6l @  19.5Hz  =>  100.9dB   38W 109.9dB @  15.4Hz   2x100mm    43 mm 
   397.2l @  18.9Hz  =>   99.9dB   30W 109.9dB @  14.5Hz   2x100mm    27 mm 
   444.9l @  18.2Hz  =>   98.9dB   24W 109.9dB @  13.7Hz + 3x100mm    48 mm 
   498.2l @  17.5Hz  =>   97.9dB   19W 109.9dB @  13.0Hz + 3x100mm    30 mm 
   558.0l @  16.9Hz  =>   96.9dB   15W 109.9dB @  12.2Hz + 4x100mm    40 mm 
   625.0l @  16.3Hz  =>   96.0dB   12W 109.9dB @  11.6Hz + 4x100mm    20 mm 
   700.0l @  15.7Hz  =>   95.0dB   10W 109.9dB @  10.9Hz + 5x100mm    23 mm 
0.60  88.0dB --------------------------------------------------------------
   162.6l @  25.1Hz  =>  107.7dB  197W 109.5dB @  22.7Hz   2x100mm   215 mm 
   182.1l @  24.2Hz  =>  106.7dB  157W 109.5dB @  21.4Hz   2x100mm   181 mm 
   204.0l @  23.3Hz  =>  105.7dB  125W 109.5dB @  20.3Hz   2x100mm   150 mm 
*  228.4l @  22.5Hz  =>  104.7dB  100W 109.5dB @  19.1Hz   2x100mm   123 mm 
   255.8l @  21.7Hz  =>  103.7dB   79W 109.5dB @  18.1Hz   2x100mm    99 mm 
   286.5l @  20.9Hz  =>  102.7dB   63W 109.5dB @  17.1Hz   2x100mm    77 mm 
   320.9l @  20.2Hz  =>  101.8dB   50W 109.5dB @  16.1Hz   2x100mm    58 mm 
1.00  87.6dB --------------------------------------------------------------
   201.9l @  23.4Hz  =>  105.8dB  139W 109.1dB @  20.4Hz   2x100mm   153 mm 
   226.2l @  22.6Hz  =>  104.8dB  111W 109.1dB @  19.2Hz   2x100mm   126 mm 
   253.3l @  21.8Hz  =>  103.8dB   88W 109.1dB @  18.2Hz   2x100mm   101 mm 
*  283.7l @  21.0Hz  =>  102.8dB   70W 109.1dB @  17.2Hz   2x100mm    79 mm 
   317.7l @  20.2Hz  =>  101.8dB   56W 109.1dB @  16.2Hz   2x100mm    60 mm 
   355.9l @  19.5Hz  =>  100.9dB   45W 109.1dB @  15.3Hz   2x100mm    42 mm 
   398.6l @  18.8Hz  =>   99.9dB   36W 109.1dB @  14.5Hz   2x100mm    27 mm 
-------------
radion15                               94.0dB  400W                     2x100mm
Rpre   Spl
      Vb      fb         SplMech Pmech  SplEle     f3       dv       lv

0.20  90.0dB --------------------------------------------------------------
   297.2l @  23.6Hz  =>  112.9dB  469W 112.3dB @  21.5Hz   2x100mm    97 mm 
   332.9l @  22.8Hz  =>  112.0dB  374W 112.3dB @  20.3Hz   2x100mm    75 mm 
   372.8l @  22.0Hz  =>  111.0dB  298W 112.3dB @  19.2Hz   2x100mm    56 mm 
*  417.6l @  21.2Hz  =>  110.0dB  238W 112.3dB @  18.1Hz   2x100mm    39 mm 
   467.7l @  20.4Hz  =>  109.0dB  189W 112.3dB @  17.1Hz   2x100mm    24 mm 
   523.8l @  19.7Hz  =>  108.0dB  151W 112.3dB @  16.2Hz + 3x100mm    44 mm 
   586.7l @  19.0Hz  =>  107.0dB  120W 112.3dB @  15.3Hz + 3x100mm    26 mm 
   657.1l @  18.3Hz  =>  106.1dB   96W 112.3dB @  14.5Hz + 4x100mm    36 mm 
   735.9l @  17.7Hz  =>  105.1dB   76W 112.3dB @  13.7Hz + 5x100mm    40 mm 
   824.2l @  17.1Hz  =>  104.1dB   61W 112.3dB @  12.9Hz + 6x100mm    38 mm 
0.60  89.5dB --------------------------------------------------------------
   388.9l @  21.7Hz  =>  110.6dB  304W 111.8dB @  18.8Hz   2x100mm    50 mm 
   435.5l @  20.9Hz  =>  109.6dB  243W 111.8dB @  17.7Hz   2x100mm    33 mm 
   487.8l @  20.2Hz  =>  108.6dB  193W 111.8dB @  16.8Hz + 3x100mm    57 mm 
*  546.3l @  19.5Hz  =>  107.7dB  154W 111.8dB @  15.8Hz + 3x100mm    37 mm 
   611.9l @  18.8Hz  =>  106.7dB  123W 111.8dB @  15.0Hz + 4x100mm    49 mm 
   685.3l @  18.1Hz  =>  105.7dB   98W 111.8dB @  14.1Hz + 4x100mm    28 mm 
   767.6l @  17.4Hz  =>  104.7dB   78W 111.8dB @  13.4Hz + 5x100mm    31 mm 
1.00  89.1dB --------------------------------------------------------------
   494.5l @  20.1Hz  =>  108.5dB  207W 111.4dB @  16.7Hz + 3x100mm    54 mm 
   553.9l @  19.4Hz  =>  107.5dB  165W 111.4dB @  15.7Hz + 3x100mm    35 mm 
   620.3l @  18.7Hz  =>  106.6dB  132W 111.4dB @  14.9Hz + 4x100mm    46 mm 
*  694.8l @  18.0Hz  =>  105.6dB  105W 111.4dB @  14.1Hz + 4x100mm    26 mm 
   778.1l @  17.4Hz  =>  104.6dB   84W 111.4dB @  13.3Hz + 5x100mm    29 mm 
   871.5l @  16.8Hz  =>  103.6dB   67W 111.4dB @  12.5Hz + 6x100mm    26 mm 
-------------
xion10                                 94.0dB  300W                     1x100mm
Rpre   Spl
      Vb      fb         SplMech Pmech  SplEle     f3       dv       lv

0.20  85.7dB --------------------------------------------------------------
    73.1l @  28.9Hz  =>  107.5dB  313W 107.3dB @  24.8Hz   1x100mm   149 mm 
    81.8l @  27.9Hz  =>  106.5dB  249W 107.3dB @  23.4Hz   1x100mm   125 mm 
    91.7l @  26.9Hz  =>  105.5dB  199W 107.3dB @  22.1Hz   1x100mm   104 mm 
*  102.7l @  25.9Hz  =>  104.5dB  158W 107.3dB @  20.9Hz   1x100mm    85 mm 
   115.0l @  25.0Hz  =>  103.6dB  126W 107.3dB @  19.7Hz   1x100mm    68 mm 
   128.8l @  24.1Hz  =>  102.6dB  101W 107.3dB @  18.6Hz   1x100mm    53 mm 
   144.2l @  23.2Hz  =>  101.6dB   80W 107.3dB @  17.6Hz   1x100mm    39 mm 
0.60  85.3dB --------------------------------------------------------------
    91.4l @  26.9Hz  =>  105.6dB  219W 106.9dB @  22.1Hz   1x100mm   104 mm 
   102.4l @  25.9Hz  =>  104.6dB  175W 106.9dB @  20.9Hz   1x100mm    85 mm 
   114.6l @  25.0Hz  =>  103.6dB  139W 106.9dB @  19.8Hz   1x100mm    68 mm 
*  128.4l @  24.1Hz  =>  102.6dB  111W 106.9dB @  18.7Hz   1x100mm    53 mm 
   143.8l @  23.3Hz  =>  101.6dB   89W 106.9dB @  17.6Hz   1x100mm    40 mm 
   161.1l @  22.4Hz  =>  100.6dB   71W 106.9dB @  16.7Hz   1x100mm    28 mm 
   180.4l @  21.6Hz  =>   99.6dB   56W 106.9dB @  15.8Hz + 2x100mm    76 mm 
1.00  84.9dB --------------------------------------------------------------
   111.8l @  25.2Hz  =>  103.8dB  160W 106.5dB @  20.0Hz   1x100mm    72 mm 
   125.2l @  24.3Hz  =>  102.8dB  127W 106.5dB @  18.9Hz   1x100mm    56 mm 
   140.3l @  23.4Hz  =>  101.8dB  101W 106.5dB @  17.9Hz   1x100mm    42 mm 
*  157.1l @  22.6Hz  =>  100.9dB   81W 106.5dB @  16.9Hz   1x100mm    30 mm 
   175.9l @  21.8Hz  =>   99.9dB   65W 106.5dB @  16.0Hz + 2x100mm    80 mm 
   197.0l @  21.0Hz  =>   98.9dB   51W 106.5dB @  15.1Hz + 2x100mm    60 mm 
   220.7l @  20.3Hz  =>   97.9dB   41W 106.5dB @  14.2Hz + 2x100mm    43 mm 
-------------
xion12                                 95.0dB  450W                     2x100mm
Rpre   Spl
      Vb      fb         SplMech Pmech  SplEle     f3       dv       lv

0.20  86.6dB --------------------------------------------------------------
    65.1l @  28.8Hz  =>  117.8dB 2907W 109.7dB @  28.8Hz - 1x100mm   355 mm 
    72.9l @  27.8Hz  =>  116.8dB 2318W 109.7dB @  27.2Hz   2x100mm   656 mm 
    81.6l @  26.8Hz  =>  115.8dB 1848W 109.7dB @  25.7Hz   2x100mm   575 mm 
*   91.4l @  25.9Hz  =>  114.8dB 1473W 109.7dB @  24.3Hz   2x100mm   502 mm 
   102.4l @  25.0Hz  =>  113.9dB 1174W 109.7dB @  22.9Hz   2x100mm   437 mm 
   114.7l @  24.1Hz  =>  112.9dB  936W 109.7dB @  21.7Hz   2x100mm   379 mm 
   128.4l @  23.2Hz  =>  111.9dB  746W 109.7dB @  20.5Hz   2x100mm   328 mm 
   143.8l @  22.4Hz  =>  110.9dB  595W 109.7dB @  19.3Hz   2x100mm   282 mm 
   161.1l @  21.6Hz  =>  109.9dB  474W 109.7dB @  18.3Hz   2x100mm   240 mm 
   180.4l @  20.8Hz  =>  108.9dB  378W 109.7dB @  17.3Hz   2x100mm   204 mm 
   202.1l @  20.1Hz  =>  108.0dB  301W 109.7dB @  16.3Hz   2x100mm   171 mm 
   226.3l @  19.4Hz  =>  107.0dB  240W 109.7dB @  15.4Hz   2x100mm   141 mm 
   253.5l @  18.7Hz  =>  106.0dB  192W 109.7dB @  14.6Hz   2x100mm   115 mm 
   283.9l @  18.0Hz  =>  105.0dB  153W 109.7dB @  13.8Hz   2x100mm    92 mm 
   317.9l @  17.4Hz  =>  104.0dB  122W 109.7dB @  13.0Hz   2x100mm    71 mm 
   356.1l @  16.7Hz  =>  103.0dB   97W 109.7dB @  12.3Hz   2x100mm    52 mm 
   398.8l @  16.1Hz  =>  102.1dB   77W 109.7dB @  11.6Hz   2x100mm    36 mm 
   446.7l @  15.6Hz  =>  101.1dB   62W 109.7dB @  11.0Hz   2x100mm    21 mm 
   500.3l @  15.0Hz  =>  100.1dB   49W 109.7dB @  10.4Hz + 3x100mm    40 mm 
   560.3l @  14.5Hz  =>   99.1dB   39W 109.7dB @   9.8Hz + 3x100mm    22 mm 
   627.6l @  14.0Hz  =>   98.1dB   31W 109.7dB @   9.3Hz + 4x100mm    31 mm 
   702.9l @  13.5Hz  =>   97.1dB   25W 109.7dB @   8.8Hz + 5x100mm    35 mm 
   787.2l @  13.0Hz  =>   96.1dB   20W 109.7dB @   8.3Hz + 6x100mm    33 mm 
0.60  86.2dB --------------------------------------------------------------
    83.1l @  26.7Hz  =>  115.7dB 1971W 109.3dB @  25.5Hz   2x100mm   563 mm 
    93.0l @  25.7Hz  =>  114.7dB 1571W 109.3dB @  24.1Hz   2x100mm   492 mm 
   104.2l @  24.8Hz  =>  113.7dB 1253W 109.3dB @  22.7Hz   2x100mm   428 mm 
*  116.7l @  23.9Hz  =>  112.7dB  999W 109.3dB @  21.5Hz   2x100mm   371 mm 
   130.7l @  23.1Hz  =>  111.7dB  796W 109.3dB @  20.3Hz   2x100mm   320 mm 
   146.4l @  22.3Hz  =>  110.8dB  635W 109.3dB @  19.2Hz   2x100mm   275 mm 
   164.0l @  21.5Hz  =>  109.8dB  506W 109.3dB @  18.1Hz   2x100mm   234 mm 
1.00  85.8dB --------------------------------------------------------------
   103.4l @  24.9Hz  =>  113.8dB 1394W 108.9dB @  22.8Hz   2x100mm   432 mm 
   115.8l @  24.0Hz  =>  112.8dB 1111W 108.9dB @  21.6Hz   2x100mm   375 mm 
   129.7l @  23.1Hz  =>  111.8dB  886W 108.9dB @  20.4Hz   2x100mm   324 mm 
*  145.3l @  22.3Hz  =>  110.8dB  706W 108.9dB @  19.2Hz   2x100mm   278 mm 
   162.7l @  21.5Hz  =>  109.8dB  563W 108.9dB @  18.2Hz   2x100mm   237 mm 
   182.2l @  20.7Hz  =>  108.9dB  449W 108.9dB @  17.2Hz   2x100mm   201 mm 
   204.1l @  20.0Hz  =>  107.9dB  358W 108.9dB @  16.2Hz   2x100mm   168 mm 
-------------
xion15                                 96.0dB  600W                     2x100mm
Rpre   Spl
      Vb      fb         SplMech Pmech  SplEle     f3       dv       lv

0.20  89.0dB --------------------------------------------------------------
    70.9l @  30.9Hz  =>  125.1dB 8964W 113.3dB @  34.1Hz - 1x100mm   415 mm 
    79.4l @  29.8Hz  =>  124.1dB 7146W 113.3dB @  32.2Hz - 1x100mm   363 mm 
    88.9l @  28.8Hz  =>  123.1dB 5697W 113.3dB @  30.5Hz   2x100mm   671 mm 
*   99.6l @  27.7Hz  =>  122.1dB 4541W 113.3dB @  28.8Hz   2x100mm   588 mm 
   111.5l @  26.8Hz  =>  121.1dB 3620W 113.3dB @  27.2Hz   2x100mm   514 mm 
   124.9l @  25.8Hz  =>  120.1dB 2886W 113.3dB @  25.7Hz   2x100mm   448 mm 
   139.9l @  24.9Hz  =>  119.2dB 2301W 113.3dB @  24.3Hz   2x100mm   389 mm 
   156.7l @  24.0Hz  =>  118.2dB 1834W 113.3dB @  22.9Hz   2x100mm   336 mm 
   175.5l @  23.1Hz  =>  117.2dB 1462W 113.3dB @  21.7Hz   2x100mm   289 mm 
   196.5l @  22.3Hz  =>  116.2dB 1166W 113.3dB @  20.5Hz   2x100mm   247 mm 
   220.1l @  21.5Hz  =>  115.2dB  929W 113.3dB @  19.4Hz   2x100mm   210 mm 
   246.5l @  20.8Hz  =>  114.2dB  741W 113.3dB @  18.3Hz   2x100mm   176 mm 
   276.1l @  20.0Hz  =>  113.2dB  591W 113.3dB @  17.3Hz   2x100mm   146 mm 
   309.2l @  19.3Hz  =>  112.3dB  471W 113.3dB @  16.3Hz   2x100mm   120 mm 
   346.3l @  18.6Hz  =>  111.3dB  375W 113.3dB @  15.4Hz   2x100mm    96 mm 
   387.9l @  18.0Hz  =>  110.3dB  299W 113.3dB @  14.6Hz   2x100mm    74 mm 
   434.5l @  17.3Hz  =>  109.3dB  239W 113.3dB @  13.8Hz   2x100mm    55 mm 
   486.6l @  16.7Hz  =>  108.3dB  190W 113.3dB @  13.0Hz   2x100mm    38 mm 
   545.0l @  16.1Hz  =>  107.3dB  152W 113.3dB @  12.3Hz   2x100mm    23 mm 
   610.4l @  15.5Hz  =>  106.4dB  121W 113.3dB @  11.6Hz + 3x100mm    43 mm 
   683.6l @  15.0Hz  =>  105.4dB   96W 113.3dB @  11.0Hz + 3x100mm    25 mm 
   765.7l @  14.4Hz  =>  104.4dB   77W 113.3dB @  10.4Hz + 4x100mm    35 mm 
   857.5l @  13.9Hz  =>  103.4dB   61W 113.3dB @   9.8Hz + 5x100mm    39 mm 
   960.4l @  13.4Hz  =>  102.4dB   49W 113.3dB @   9.3Hz + 6x100mm    37 mm 
0.60  88.6dB --------------------------------------------------------------
    91.3l @  28.5Hz  =>  122.9dB 5973W 112.9dB @  30.1Hz   2x100mm   651 mm 
   102.2l @  27.5Hz  =>  121.9dB 4762W 112.9dB @  28.4Hz   2x100mm   570 mm 
   114.5l @  26.5Hz  =>  120.9dB 3796W 112.9dB @  26.8Hz   2x100mm   498 mm 
*  128.2l @  25.6Hz  =>  119.9dB 3026W 112.9dB @  25.4Hz   2x100mm   434 mm 
   143.6l @  24.7Hz  =>  118.9dB 2412W 112.9dB @  24.0Hz   2x100mm   376 mm 
   160.9l @  23.8Hz  =>  117.9dB 1923W 112.9dB @  22.6Hz   2x100mm   325 mm 
   180.2l @  23.0Hz  =>  117.0dB 1533W 112.9dB @  21.4Hz   2x100mm   279 mm 
1.00  88.2dB --------------------------------------------------------------
   114.6l @  26.5Hz  =>  120.9dB 4152W 112.5dB @  26.8Hz   2x100mm   498 mm 
   128.3l @  25.6Hz  =>  119.9dB 3310W 112.5dB @  25.4Hz   2x100mm   433 mm 
   143.7l @  24.7Hz  =>  118.9dB 2639W 112.5dB @  24.0Hz   2x100mm   376 mm 
*  160.9l @  23.8Hz  =>  117.9dB 2104W 112.5dB @  22.6Hz   2x100mm   325 mm 
   180.3l @  22.9Hz  =>  117.0dB 1677W 112.5dB @  21.4Hz   2x100mm   279 mm 
   201.9l @  22.1Hz  =>  116.0dB 1337W 112.5dB @  20.2Hz   2x100mm   238 mm 
   226.1l @  21.3Hz  =>  115.0dB 1066W 112.5dB @  19.1Hz   2x100mm   201 mm 
-------------
xion12-800                             95.0dB  400W                     2x100mm
Rpre   Spl
      Vb      fb         SplMech Pmech  SplEle     f3       dv       lv

0.20  87.3dB --------------------------------------------------------------
    40.2l @  34.7Hz  =>  122.1dB 3172W 113.1dB @  35.7Hz - 1x100mm   461 mm 
    45.0l @  33.5Hz  =>  121.1dB 2529W 113.1dB @  33.7Hz - 1x100mm   404 mm 
    50.4l @  32.3Hz  =>  120.1dB 2016W 113.1dB @  31.9Hz - 1x100mm   353 mm 
*   56.5l @  31.1Hz  =>  119.1dB 1607W 113.1dB @  30.1Hz   2x100mm   653 mm 
    63.3l @  30.0Hz  =>  118.1dB 1281W 113.1dB @  28.4Hz   2x100mm   572 mm 
    70.9l @  28.9Hz  =>  117.1dB 1021W 113.1dB @  26.9Hz   2x100mm   500 mm 
    79.4l @  27.9Hz  =>  116.2dB  814W 113.1dB @  25.4Hz   2x100mm   435 mm 
    88.9l @  26.9Hz  =>  115.2dB  649W 113.1dB @  24.0Hz   2x100mm   378 mm 
    99.6l @  26.0Hz  =>  114.2dB  517W 113.1dB @  22.7Hz   2x100mm   326 mm 
   111.5l @  25.0Hz  =>  113.2dB  412W 113.1dB @  21.4Hz   2x100mm   280 mm 
   124.9l @  24.1Hz  =>  112.2dB  329W 113.1dB @  20.2Hz   2x100mm   239 mm 
   139.9l @  23.3Hz  =>  111.2dB  262W 113.1dB @  19.1Hz   2x100mm   202 mm 
   156.7l @  22.4Hz  =>  110.3dB  209W 113.1dB @  18.1Hz   2x100mm   170 mm 
   175.5l @  21.6Hz  =>  109.3dB  167W 113.1dB @  17.1Hz   2x100mm   140 mm 
   196.5l @  20.9Hz  =>  108.3dB  133W 113.1dB @  16.1Hz   2x100mm   114 mm 
   220.1l @  20.1Hz  =>  107.3dB  106W 113.1dB @  15.2Hz   2x100mm    91 mm 
   246.5l @  19.4Hz  =>  106.3dB   84W 113.1dB @  14.4Hz   2x100mm    70 mm 
   276.1l @  18.7Hz  =>  105.3dB   67W 113.1dB @  13.6Hz   2x100mm    52 mm 
   309.2l @  18.1Hz  =>  104.4dB   54W 113.1dB @  12.9Hz   2x100mm    35 mm 
   346.3l @  17.4Hz  =>  103.4dB   43W 113.1dB @  12.2Hz   2x100mm    20 mm 
   387.9l @  16.8Hz  =>  102.4dB   34W 113.1dB @  11.5Hz + 3x100mm    39 mm 
   434.4l @  16.2Hz  =>  101.4dB   27W 113.1dB @  10.9Hz + 3x100mm    22 mm 
   486.5l @  15.6Hz  =>  100.4dB   22W 113.1dB @  10.3Hz + 4x100mm    30 mm 
   544.9l @  15.1Hz  =>   99.4dB   17W 113.1dB @   9.7Hz + 5x100mm    34 mm 
   610.3l @  14.5Hz  =>   98.4dB   14W 113.1dB @   9.2Hz + 6x100mm    32 mm 
0.60  87.1dB --------------------------------------------------------------
    45.5l @  33.3Hz  =>  121.0dB 2603W 112.9dB @  33.5Hz - 1x100mm   399 mm 
    51.0l @  32.2Hz  =>  120.0dB 2075W 112.9dB @  31.7Hz - 1x100mm   349 mm 
    57.1l @  31.0Hz  =>  119.0dB 1654W 112.9dB @  29.9Hz   2x100mm   645 mm 
*   63.9l @  29.9Hz  =>  118.0dB 1319W 112.9dB @  28.3Hz   2x100mm   565 mm 
    71.6l @  28.8Hz  =>  117.1dB 1051W 112.9dB @  26.7Hz   2x100mm   494 mm 
    80.2l @  27.8Hz  =>  116.1dB  838W 112.9dB @  25.3Hz   2x100mm   430 mm 
    89.8l @  26.8Hz  =>  115.1dB  668W 112.9dB @  23.9Hz   2x100mm   373 mm 
1.00  86.9dB --------------------------------------------------------------
    51.2l @  32.1Hz  =>  120.0dB 2160W 112.7dB @  31.6Hz - 1x100mm   347 mm 
    57.3l @  31.0Hz  =>  119.0dB 1722W 112.7dB @  29.9Hz   2x100mm   643 mm 
    64.2l @  29.9Hz  =>  118.0dB 1373W 112.7dB @  28.2Hz   2x100mm   563 mm 
*   71.9l @  28.8Hz  =>  117.0dB 1094W 112.7dB @  26.7Hz   2x100mm   491 mm 
    80.5l @  27.8Hz  =>  116.0dB  873W 112.7dB @  25.2Hz   2x100mm   428 mm 
    90.2l @  26.8Hz  =>  115.1dB  696W 112.7dB @  23.8Hz   2x100mm   371 mm 
   101.0l @  25.8Hz  =>  114.1dB  555W 112.7dB @  22.5Hz   2x100mm   320 mm 
-------------
xion15-1000                            96.0dB  500W                     2x100mm
Rpre   Spl
      Vb      fb         SplMech Pmech  SplEle     f3       dv       lv

0.20  87.4dB --------------------------------------------------------------
    49.8l @  33.1Hz  =>  125.1dB 6352W 114.0dB @  33.1Hz - 1x100mm   359 mm 
    55.7l @  31.9Hz  =>  124.1dB 5063W 114.0dB @  31.3Hz   2x100mm   664 mm 
    62.4l @  30.7Hz  =>  123.1dB 4037W 114.0dB @  29.5Hz   2x100mm   582 mm 
*   69.9l @  29.6Hz  =>  122.1dB 3218W 114.0dB @  27.9Hz   2x100mm   508 mm 
    78.3l @  28.6Hz  =>  121.1dB 2565W 114.0dB @  26.4Hz   2x100mm   443 mm 
    87.7l @  27.6Hz  =>  120.1dB 2045W 114.0dB @  24.9Hz   2x100mm   384 mm 
    98.2l @  26.6Hz  =>  119.1dB 1630W 114.0dB @  23.5Hz   2x100mm   332 mm 
   110.0l @  25.6Hz  =>  118.2dB 1300W 114.0dB @  22.2Hz   2x100mm   285 mm 
   123.2l @  24.7Hz  =>  117.2dB 1036W 114.0dB @  21.0Hz   2x100mm   244 mm 
   138.0l @  23.8Hz  =>  116.2dB  826W 114.0dB @  19.9Hz   2x100mm   207 mm 
   154.5l @  23.0Hz  =>  115.2dB  658W 114.0dB @  18.8Hz   2x100mm   173 mm 
   173.1l @  22.2Hz  =>  114.2dB  525W 114.0dB @  17.7Hz   2x100mm   144 mm 
   193.8l @  21.4Hz  =>  113.2dB  418W 114.0dB @  16.8Hz   2x100mm   117 mm 
   217.1l @  20.6Hz  =>  112.3dB  334W 114.0dB @  15.8Hz   2x100mm    94 mm 
   243.1l @  19.9Hz  =>  111.3dB  266W 114.0dB @  15.0Hz   2x100mm    73 mm 
   272.3l @  19.2Hz  =>  110.3dB  212W 114.0dB @  14.1Hz   2x100mm    54 mm 
   305.0l @  18.5Hz  =>  109.3dB  169W 114.0dB @  13.4Hz   2x100mm    37 mm 
   341.6l @  17.8Hz  =>  108.3dB  135W 114.0dB @  12.6Hz   2x100mm    22 mm 
   382.6l @  17.2Hz  =>  107.3dB  107W 114.0dB @  11.9Hz + 3x100mm    42 mm 
   428.5l @  16.6Hz  =>  106.4dB   86W 114.0dB @  11.3Hz + 3x100mm    24 mm 
   479.9l @  16.0Hz  =>  105.4dB   68W 114.0dB @  10.7Hz + 4x100mm    33 mm 
   537.5l @  15.4Hz  =>  104.4dB   54W 114.0dB @  10.1Hz + 5x100mm    37 mm 
   602.0l @  14.9Hz  =>  103.4dB   43W 114.0dB @   9.5Hz + 6x100mm    35 mm 
0.60  87.1dB --------------------------------------------------------------
    56.6l @  31.7Hz  =>  123.9dB 5173W 113.8dB @  31.0Hz   2x100mm   652 mm 
    63.4l @  30.6Hz  =>  123.0dB 4124W 113.8dB @  29.3Hz   2x100mm   571 mm 
    71.0l @  29.5Hz  =>  122.0dB 3287W 113.8dB @  27.7Hz   2x100mm   499 mm 
*   79.5l @  28.5Hz  =>  121.0dB 2621W 113.8dB @  26.2Hz   2x100mm   435 mm 
    89.0l @  27.4Hz  =>  120.0dB 2089W 113.8dB @  24.7Hz   2x100mm   377 mm 
    99.7l @  26.5Hz  =>  119.0dB 1666W 113.8dB @  23.4Hz   2x100mm   326 mm 
   111.6l @  25.5Hz  =>  118.0dB 1328W 113.8dB @  22.1Hz   2x100mm   280 mm 
1.00  86.9dB --------------------------------------------------------------
    63.9l @  30.5Hz  =>  122.9dB 4262W 113.6dB @  29.2Hz   2x100mm   566 mm 
    71.5l @  29.4Hz  =>  121.9dB 3398W 113.6dB @  27.6Hz   2x100mm   494 mm 
    80.1l @  28.4Hz  =>  120.9dB 2709W 113.6dB @  26.1Hz   2x100mm   430 mm 
*   89.7l @  27.4Hz  =>  119.9dB 2159W 113.6dB @  24.6Hz   2x100mm   373 mm 
   100.5l @  26.4Hz  =>  118.9dB 1721W 113.6dB @  23.3Hz   2x100mm   322 mm 
   112.5l @  25.5Hz  =>  118.0dB 1372W 113.6dB @  22.0Hz   2x100mm   277 mm 
   126.0l @  24.5Hz  =>  117.0dB 1094W 113.6dB @  20.8Hz   2x100mm   236 mm 
-------------
helon12spl                             95.0dB  800W                     2x100mm
Rpre   Spl
      Vb      fb         SplMech Pmech  SplEle     f3       dv       lv

0.20  89.2dB --------------------------------------------------------------
    18.4l @  49.1Hz  =>  132.5dB 45268W 115.0dB @  53.6Hz - 1x100mm   648 mm 
    20.6l @  47.4Hz  =>  131.5dB 36087W 115.0dB @  50.7Hz - 1x100mm   571 mm 
    23.1l @  45.7Hz  =>  130.5dB 28769W 115.0dB @  47.9Hz - 1x100mm   502 mm 
    25.9l @  44.0Hz  =>  129.5dB 22934W 115.0dB @  45.2Hz - 1x100mm   440 mm 
    29.0l @  42.5Hz  =>  128.6dB 18283W 115.0dB @  42.7Hz - 1x100mm   385 mm 
    32.4l @  41.0Hz  =>  127.6dB 14575W 115.0dB @  40.4Hz - 1x100mm   336 mm 
    36.3l @  39.5Hz  =>  126.6dB 11619W 115.0dB @  38.2Hz   2x100mm   623 mm 
    40.7l @  38.1Hz  =>  125.6dB 9263W 115.0dB @  36.1Hz   2x100mm   545 mm 
    45.6l @  36.7Hz  =>  124.6dB 7384W 115.0dB @  34.1Hz   2x100mm   476 mm 
    51.0l @  35.4Hz  =>  123.6dB 5887W 115.0dB @  32.2Hz   2x100mm   414 mm 
    57.2l @  34.2Hz  =>  122.7dB 4693W 115.0dB @  30.4Hz   2x100mm   358 mm 
    64.0l @  33.0Hz  =>  121.7dB 3741W 115.0dB @  28.7Hz   2x100mm   309 mm 
    71.7l @  31.8Hz  =>  120.7dB 2982W 115.0dB @  27.2Hz   2x100mm   265 mm 
    80.3l @  30.6Hz  =>  119.7dB 2378W 115.0dB @  25.7Hz   2x100mm   225 mm 
    90.0l @  29.6Hz  =>  118.7dB 1895W 115.0dB @  24.3Hz   2x100mm   190 mm 
   100.7l @  28.5Hz  =>  117.7dB 1511W 115.0dB @  22.9Hz   2x100mm   159 mm 
   112.8l @  27.5Hz  =>  116.7dB 1205W 115.0dB @  21.7Hz   2x100mm   131 mm 
   126.4l @  26.5Hz  =>  115.8dB  960W 115.0dB @  20.5Hz   2x100mm   106 mm 
   141.5l @  25.6Hz  =>  114.8dB  765W 115.0dB @  19.3Hz   2x100mm    83 mm 
   158.5l @  24.7Hz  =>  113.8dB  610W 115.0dB @  18.3Hz   2x100mm    63 mm 
   177.5l @  23.8Hz  =>  112.8dB  486W 115.0dB @  17.3Hz   2x100mm    45 mm 
   198.9l @  22.9Hz  =>  111.8dB  388W 115.0dB @  16.3Hz   2x100mm    30 mm 
   222.7l @  22.1Hz  =>  110.8dB  309W 115.0dB @  15.4Hz + 3x100mm    52 mm 
   249.4l @  21.3Hz  =>  109.9dB  246W 115.0dB @  14.6Hz + 3x100mm    33 mm 
   279.4l @  20.6Hz  =>  108.9dB  196W 115.0dB @  13.8Hz + 4x100mm    44 mm 
   312.9l @  19.8Hz  =>  107.9dB  157W 115.0dB @  13.0Hz + 4x100mm    23 mm 
   350.5l @  19.1Hz  =>  106.9dB  125W 115.0dB @  12.3Hz + 5x100mm    26 mm 
   392.5l @  18.4Hz  =>  105.9dB  100W 115.0dB @  11.6Hz + 6x100mm    24 mm 
0.60  88.8dB --------------------------------------------------------------
    18.1l @  49.4Hz  =>  132.6dB 51565W 114.6dB @  54.1Hz - 1x100mm   660 mm 
*   20.3l @  47.6Hz  =>  131.7dB 41107W 114.6dB @  51.1Hz - 1x100mm   582 mm 
    22.7l @  45.9Hz  =>  130.7dB 32770W 114.6dB @  48.3Hz - 1x100mm   512 mm 
    25.4l @  44.3Hz  =>  129.7dB 26124W 114.6dB @  45.6Hz - 1x100mm   449 mm 
    28.5l @  42.7Hz  =>  128.7dB 20826W 114.6dB @  43.1Hz - 1x100mm   393 mm 
1.00  88.4dB --------------------------------------------------------------
    17.4l @  50.0Hz  =>  133.0dB 60922W 114.2dB @  55.2Hz - 1x100mm   690 mm 
    19.5l @  48.2Hz  =>  132.0dB 48567W 114.2dB @  52.1Hz - 1x100mm   609 mm 
    21.8l @  46.5Hz  =>  131.0dB 38717W 114.2dB @  49.3Hz - 1x100mm   535 mm 
*   24.4l @  44.9Hz  =>  130.0dB 30865W 114.2dB @  46.6Hz - 1x100mm   470 mm 
    27.3l @  43.3Hz  =>  129.1dB 24605W 114.2dB @  44.0Hz - 1x100mm   412 mm 
    30.6l @  41.7Hz  =>  128.1dB 19615W 114.2dB @  41.6Hz - 1x100mm   360 mm 
    34.3l @  40.2Hz  =>  127.1dB 15637W 114.2dB @  39.3Hz   2x100mm   666 mm 
-------------
helon15spl                             95.0dB 1000W                     2x100mm
Rpre   Spl
      Vb      fb         SplMech Pmech  SplEle     f3       dv       lv

0.20  88.7dB --------------------------------------------------------------
    76.1l @  34.1Hz  =>  128.4dB 19726W 115.4dB @  33.0Hz   2x100mm   369 mm 
    85.2l @  32.9Hz  =>  127.4dB 15725W 115.4dB @  31.2Hz   2x100mm   318 mm 
    95.4l @  31.7Hz  =>  126.4dB 12536W 115.4dB @  29.5Hz   2x100mm   273 mm 
*  106.9l @  30.6Hz  =>  125.4dB 9994W 115.4dB @  27.9Hz   2x100mm   233 mm 
   119.7l @  29.5Hz  =>  124.4dB 7967W 115.4dB @  26.3Hz   2x100mm   197 mm 
   134.0l @  28.4Hz  =>  123.5dB 6351W 115.4dB @  24.9Hz   2x100mm   165 mm 
   150.1l @  27.4Hz  =>  122.5dB 5063W 115.4dB @  23.5Hz   2x100mm   136 mm 
   168.1l @  26.4Hz  =>  121.5dB 4036W 115.4dB @  22.2Hz   2x100mm   110 mm 
   188.3l @  25.5Hz  =>  120.5dB 3218W 115.4dB @  21.0Hz   2x100mm    88 mm 
   210.9l @  24.6Hz  =>  119.5dB 2565W 115.4dB @  19.8Hz   2x100mm    67 mm 
   236.2l @  23.7Hz  =>  118.5dB 2045W 115.4dB @  18.7Hz   2x100mm    49 mm 
   264.6l @  22.9Hz  =>  117.5dB 1630W 115.4dB @  17.7Hz   2x100mm    33 mm 
   296.3l @  22.0Hz  =>  116.6dB 1300W 115.4dB @  16.7Hz + 3x100mm    56 mm 
   331.9l @  21.3Hz  =>  115.6dB 1036W 115.4dB @  15.8Hz + 3x100mm    36 mm 
   371.7l @  20.5Hz  =>  114.6dB  826W 115.4dB @  14.9Hz + 4x100mm    48 mm 
   416.3l @  19.8Hz  =>  113.6dB  658W 115.4dB @  14.1Hz + 4x100mm    27 mm 
   466.3l @  19.1Hz  =>  112.6dB  525W 115.4dB @  13.3Hz + 5x100mm    31 mm 
   522.2l @  18.4Hz  =>  111.6dB  418W 115.4dB @  12.6Hz + 6x100mm    28 mm 
0.60  88.2dB --------------------------------------------------------------
    93.2l @  31.9Hz  =>  126.6dB 14438W 115.0dB @  29.8Hz   2x100mm   282 mm 
   104.4l @  30.8Hz  =>  125.6dB 11510W 115.0dB @  28.2Hz   2x100mm   241 mm 
   117.0l @  29.7Hz  =>  124.6dB 9175W 115.0dB @  26.6Hz   2x100mm   204 mm 
*  131.0l @  28.6Hz  =>  123.7dB 7315W 115.0dB @  25.2Hz   2x100mm   171 mm 
   146.7l @  27.6Hz  =>  122.7dB 5831W 115.0dB @  23.8Hz   2x100mm   142 mm 
   164.3l @  26.6Hz  =>  121.7dB 4649W 115.0dB @  22.5Hz   2x100mm   115 mm 
   184.0l @  25.7Hz  =>  120.7dB 3706W 115.0dB @  21.2Hz   2x100mm    92 mm 
1.00  87.9dB --------------------------------------------------------------
   111.8l @  30.1Hz  =>  125.0dB 10955W 114.6dB @  27.2Hz   2x100mm   218 mm 
   125.2l @  29.0Hz  =>  124.0dB 8733W 114.6dB @  25.7Hz   2x100mm   184 mm 
   140.2l @  28.0Hz  =>  123.1dB 6962W 114.6dB @  24.3Hz   2x100mm   153 mm 
*  157.1l @  27.0Hz  =>  122.1dB 5550W 114.6dB @  23.0Hz   2x100mm   126 mm 
   175.9l @  26.0Hz  =>  121.1dB 4424W 114.6dB @  21.7Hz   2x100mm   101 mm 
   197.0l @  25.1Hz  =>  120.1dB 3527W 114.6dB @  20.5Hz   2x100mm    79 mm 
   220.7l @  24.2Hz  =>  119.1dB 2812W 114.6dB @  19.4Hz   2x100mm    60 mm 
-------------
hx08sq                                 92.0dB  200W                      1x70mm
Rpre   Spl
      Vb      fb         SplMech Pmech  SplEle     f3       dv       lv

0.20  87.3dB --------------------------------------------------------------
     8.5l @  54.0Hz  =>  117.0dB 2142W 106.7dB @  59.9Hz   1x70mm    618 mm 
     9.5l @  52.1Hz  =>  116.0dB 1708W 106.7dB @  56.6Hz   1x70mm    546 mm 
    10.6l @  50.3Hz  =>  115.0dB 1361W 106.7dB @  53.5Hz   1x70mm    482 mm 
*   11.9l @  48.5Hz  =>  114.0dB 1085W 106.7dB @  50.5Hz   1x70mm    425 mm 
    13.3l @  46.7Hz  =>  113.1dB  865W 106.7dB @  47.8Hz   1x70mm    374 mm 
    14.9l @  45.1Hz  =>  112.1dB  690W 106.7dB @  45.1Hz   1x70mm    328 mm 
    16.7l @  43.5Hz  =>  111.1dB  550W 106.7dB @  42.6Hz   1x70mm    288 mm 
0.60  86.8dB --------------------------------------------------------------
    11.1l @  49.6Hz  =>  114.6dB 1381W 106.2dB @  52.3Hz   1x70mm    459 mm 
    12.4l @  47.8Hz  =>  113.7dB 1101W 106.2dB @  49.4Hz   1x70mm    404 mm 
    13.9l @  46.1Hz  =>  112.7dB  878W 106.2dB @  46.7Hz   1x70mm    356 mm 
*   15.6l @  44.4Hz  =>  111.7dB  700W 106.2dB @  44.1Hz   1x70mm    312 mm 
    17.5l @  42.9Hz  =>  110.7dB  558W 106.2dB @  41.7Hz   1x70mm    273 mm 
    19.6l @  41.3Hz  =>  109.7dB  445W 106.2dB @  39.4Hz   1x70mm    238 mm 
    21.9l @  39.9Hz  =>  108.7dB  354W 106.2dB @  37.2Hz   1x70mm    207 mm 
1.00  86.4dB --------------------------------------------------------------
    14.2l @  45.8Hz  =>  112.5dB  931W 105.8dB @  46.3Hz   1x70mm    349 mm 
    15.9l @  44.2Hz  =>  111.5dB  742W 105.8dB @  43.8Hz   1x70mm    306 mm 
    17.8l @  42.6Hz  =>  110.6dB  592W 105.8dB @  41.4Hz   1x70mm    268 mm 
*   19.9l @  41.1Hz  =>  109.6dB  472W 105.8dB @  39.1Hz   1x70mm    233 mm 
    22.3l @  39.6Hz  =>  108.6dB  376W 105.8dB @  36.9Hz   1x70mm    203 mm 
    25.0l @  38.2Hz  =>  107.6dB  300W 105.8dB @  34.9Hz   1x70mm    176 mm 
    28.0l @  36.9Hz  =>  106.6dB  239W 105.8dB @  33.0Hz   1x70mm    151 mm 
-------------
hx10sq                                 92.0dB  300W                     1x100mm
Rpre   Spl
      Vb      fb         SplMech Pmech  SplEle     f3       dv       lv

0.20  86.3dB --------------------------------------------------------------
    15.0l @  43.0Hz  =>  118.3dB 3510W 107.6dB @  46.0Hz - 1x70mm    479 mm 
    16.8l @  41.4Hz  =>  117.3dB 2798W 107.6dB @  43.5Hz - 1x70mm    422 mm 
    18.8l @  40.0Hz  =>  116.3dB 2231W 107.6dB @  41.1Hz - 1x70mm    371 mm 
*   21.1l @  38.5Hz  =>  115.3dB 1778W 107.6dB @  38.8Hz   1x100mm   696 mm 
    23.6l @  37.2Hz  =>  114.3dB 1418W 107.6dB @  36.7Hz   1x100mm   614 mm 
    26.4l @  35.8Hz  =>  113.4dB 1130W 107.6dB @  34.7Hz   1x100mm   540 mm 
    29.6l @  34.6Hz  =>  112.4dB  901W 107.6dB @  32.8Hz   1x100mm   475 mm 
0.60  85.9dB --------------------------------------------------------------
    19.3l @  39.6Hz  =>  116.1dB 2332W 107.2dB @  40.5Hz - 1x70mm    359 mm 
    21.7l @  38.2Hz  =>  115.1dB 1859W 107.2dB @  38.3Hz   1x100mm   675 mm 
    24.3l @  36.8Hz  =>  114.1dB 1482W 107.2dB @  36.2Hz   1x100mm   595 mm 
*   27.2l @  35.5Hz  =>  113.1dB 1181W 107.2dB @  34.2Hz   1x100mm   523 mm 
    30.4l @  34.3Hz  =>  112.1dB  942W 107.2dB @  32.3Hz   1x100mm   459 mm 
    34.1l @  33.0Hz  =>  111.1dB  751W 107.2dB @  30.5Hz   1x100mm   402 mm 
    38.2l @  31.9Hz  =>  110.2dB  599W 107.2dB @  28.8Hz   1x100mm   351 mm 
1.00  85.5dB --------------------------------------------------------------
    24.3l @  36.8Hz  =>  114.1dB 1616W 106.8dB @  36.1Hz   1x100mm   594 mm 
    27.2l @  35.5Hz  =>  113.1dB 1289W 106.8dB @  34.2Hz   1x100mm   522 mm 
    30.5l @  34.2Hz  =>  112.1dB 1027W 106.8dB @  32.3Hz   1x100mm   458 mm 
*   34.2l @  33.0Hz  =>  111.1dB  819W 106.8dB @  30.5Hz   1x100mm   401 mm 
    38.3l @  31.8Hz  =>  110.1dB  653W 106.8dB @  28.8Hz   1x100mm   351 mm 
    42.8l @  30.7Hz  =>  109.2dB  520W 106.8dB @  27.2Hz   1x100mm   305 mm 
    48.0l @  29.6Hz  =>  108.2dB  415W 106.8dB @  25.7Hz   1x100mm   265 mm 
-------------
hx12sq                                 94.0dB  350W                     2x100mm
Rpre   Spl
      Vb      fb         SplMech Pmech  SplEle     f3       dv       lv

0.20  84.5dB --------------------------------------------------------------
    32.1l @  30.6Hz  =>  116.3dB 3769W 106.0dB @  30.4Hz - 1x100mm   685 mm 
    36.0l @  29.6Hz  =>  115.3dB 3005W 106.0dB @  28.8Hz - 1x100mm   604 mm 
    40.3l @  28.5Hz  =>  114.3dB 2395W 106.0dB @  27.2Hz - 1x100mm   531 mm 
*   45.2l @  27.5Hz  =>  113.3dB 1910W 106.0dB @  25.7Hz - 1x100mm   466 mm 
    50.6l @  26.5Hz  =>  112.4dB 1522W 106.0dB @  24.3Hz - 1x100mm   409 mm 
    56.6l @  25.6Hz  =>  111.4dB 1214W 106.0dB @  22.9Hz - 1x100mm   357 mm 
    63.4l @  24.7Hz  =>  110.4dB  967W 106.0dB @  21.7Hz   2x100mm   660 mm 
    71.0l @  23.8Hz  =>  109.4dB  771W 106.0dB @  20.5Hz   2x100mm   578 mm 
    79.6l @  22.9Hz  =>  108.4dB  615W 106.0dB @  19.3Hz   2x100mm   505 mm 
    89.1l @  22.1Hz  =>  107.4dB  490W 106.0dB @  18.3Hz   2x100mm   440 mm 
    99.8l @  21.3Hz  =>  106.4dB  391W 106.0dB @  17.3Hz   2x100mm   382 mm 
   111.8l @  20.6Hz  =>  105.5dB  311W 106.0dB @  16.3Hz   2x100mm   330 mm 
   125.2l @  19.8Hz  =>  104.5dB  248W 106.0dB @  15.4Hz   2x100mm   284 mm 
   140.2l @  19.1Hz  =>  103.5dB  198W 106.0dB @  14.6Hz   2x100mm   242 mm 
   157.1l @  18.4Hz  =>  102.5dB  158W 106.0dB @  13.8Hz   2x100mm   205 mm 
   175.9l @  17.8Hz  =>  101.5dB  126W 106.0dB @  13.0Hz   2x100mm   172 mm 
   197.0l @  17.2Hz  =>  100.5dB  100W 106.0dB @  12.3Hz   2x100mm   143 mm 
   220.7l @  16.5Hz  =>   99.6dB   80W 106.0dB @  11.6Hz   2x100mm   116 mm 
   247.1l @  16.0Hz  =>   98.6dB   64W 106.0dB @  11.0Hz   2x100mm    93 mm 
   276.8l @  15.4Hz  =>   97.6dB   51W 106.0dB @  10.4Hz   2x100mm    72 mm 
   310.0l @  14.8Hz  =>   96.6dB   41W 106.0dB @   9.8Hz   2x100mm    53 mm 
   347.2l @  14.3Hz  =>   95.6dB   32W 106.0dB @   9.3Hz   2x100mm    36 mm 
   388.9l @  13.8Hz  =>   94.6dB   26W 106.0dB @   8.8Hz   2x100mm    21 mm 
   435.5l @  13.3Hz  =>   93.6dB   21W 106.0dB @   8.3Hz + 3x100mm    41 mm 
   487.8l @  12.8Hz  =>   92.7dB   16W 106.0dB @   7.8Hz + 3x100mm    23 mm 
   546.3l @  12.4Hz  =>   91.7dB   13W 106.0dB @   7.4Hz + 4x100mm    32 mm 
   611.9l @  11.9Hz  =>   90.7dB   10W 106.0dB @   7.0Hz + 5x100mm    36 mm 
   685.3l @  11.5Hz  =>   89.7dB    8W 106.0dB @   6.6Hz + 6x100mm    34 mm 
0.60  84.0dB --------------------------------------------------------------
    42.7l @  28.0Hz  =>  113.8dB 2389W 105.5dB @  26.4Hz - 1x100mm   498 mm 
    47.8l @  27.0Hz  =>  112.8dB 1905W 105.5dB @  25.0Hz - 1x100mm   436 mm 
    53.5l @  26.0Hz  =>  111.9dB 1518W 105.5dB @  23.6Hz - 1x100mm   382 mm 
*   60.0l @  25.1Hz  =>  110.9dB 1210W 105.5dB @  22.3Hz - 1x100mm   333 mm 
    67.1l @  24.2Hz  =>  109.9dB  965W 105.5dB @  21.1Hz   2x100mm   618 mm 
    75.2l @  23.3Hz  =>  108.9dB  769W 105.5dB @  19.9Hz   2x100mm   541 mm 
    84.2l @  22.5Hz  =>  107.9dB  613W 105.5dB @  18.8Hz   2x100mm   472 mm 
1.00  83.6dB --------------------------------------------------------------
    54.9l @  25.8Hz  =>  111.6dB 1595W 105.0dB @  23.3Hz - 1x100mm   370 mm 
    61.5l @  24.9Hz  =>  110.7dB 1272W 105.0dB @  22.0Hz   2x100mm   684 mm 
    68.9l @  24.0Hz  =>  109.7dB 1014W 105.0dB @  20.8Hz   2x100mm   600 mm 
*   77.1l @  23.2Hz  =>  108.7dB  808W 105.0dB @  19.7Hz   2x100mm   525 mm 
    86.4l @  22.3Hz  =>  107.7dB  644W 105.0dB @  18.6Hz   2x100mm   457 mm 
    96.8l @  21.5Hz  =>  106.7dB  514W 105.0dB @  17.5Hz   2x100mm   397 mm 
   108.4l @  20.8Hz  =>  105.7dB  409W 105.0dB @  16.6Hz   2x100mm   344 mm 
-------------
krypton12                              95.5dB 1000W                     2x100mm
Rpre   Spl
      Vb      fb         SplMech Pmech  SplEle     f3       dv       lv

0.20  87.2dB --------------------------------------------------------------
    26.1l @  38.7Hz  =>  123.9dB 13335W 112.7dB @  39.7Hz - 1x100mm   582 mm 
    29.2l @  37.3Hz  =>  122.9dB 10630W 112.7dB @  37.5Hz - 1x100mm   512 mm 
    32.7l @  36.0Hz  =>  121.9dB 8475W 112.7dB @  35.4Hz - 1x100mm   449 mm 
*   36.6l @  34.7Hz  =>  121.0dB 6756W 112.7dB @  33.5Hz - 1x100mm   393 mm 
    41.0l @  33.5Hz  =>  120.0dB 5386W 112.7dB @  31.6Hz - 1x100mm   343 mm 
    46.0l @  32.3Hz  =>  119.0dB 4293W 112.7dB @  29.9Hz   2x100mm   636 mm 
    51.5l @  31.1Hz  =>  118.0dB 3423W 112.7dB @  28.2Hz   2x100mm   557 mm 
    57.7l @  30.0Hz  =>  117.0dB 2729W 112.7dB @  26.7Hz   2x100mm   486 mm 
    64.6l @  28.9Hz  =>  116.0dB 2175W 112.7dB @  25.2Hz   2x100mm   423 mm 
    72.3l @  27.9Hz  =>  115.1dB 1734W 112.7dB @  23.8Hz   2x100mm   367 mm 
    81.0l @  26.9Hz  =>  114.1dB 1382W 112.7dB @  22.5Hz   2x100mm   316 mm 
    90.7l @  26.0Hz  =>  113.1dB 1102W 112.7dB @  21.3Hz   2x100mm   272 mm 
   101.6l @  25.0Hz  =>  112.1dB  879W 112.7dB @  20.1Hz   2x100mm   231 mm 
   113.8l @  24.1Hz  =>  111.1dB  700W 112.7dB @  19.0Hz   2x100mm   196 mm 
   127.5l @  23.3Hz  =>  110.1dB  558W 112.7dB @  17.9Hz   2x100mm   164 mm 
   142.8l @  22.5Hz  =>  109.2dB  445W 112.7dB @  17.0Hz   2x100mm   135 mm 
   159.9l @  21.7Hz  =>  108.2dB  355W 112.7dB @  16.0Hz   2x100mm   109 mm 
   179.1l @  20.9Hz  =>  107.2dB  283W 112.7dB @  15.1Hz   2x100mm    87 mm 
   200.6l @  20.1Hz  =>  106.2dB  225W 112.7dB @  14.3Hz   2x100mm    66 mm 
   224.6l @  19.4Hz  =>  105.2dB  180W 112.7dB @  13.5Hz   2x100mm    48 mm 
   251.6l @  18.7Hz  =>  104.2dB  143W 112.7dB @  12.8Hz   2x100mm    32 mm 
   281.8l @  18.1Hz  =>  103.2dB  114W 112.7dB @  12.1Hz + 3x100mm    55 mm 
   315.6l @  17.4Hz  =>  102.3dB   91W 112.7dB @  11.4Hz + 3x100mm    36 mm 
   353.5l @  16.8Hz  =>  101.3dB   73W 112.7dB @  10.8Hz + 4x100mm    47 mm 
   395.9l @  16.2Hz  =>  100.3dB   58W 112.7dB @  10.2Hz + 4x100mm    27 mm 
   443.4l @  15.6Hz  =>   99.3dB   46W 112.7dB @   9.6Hz + 5x100mm    30 mm 
   496.6l @  15.1Hz  =>   98.3dB   37W 112.7dB @   9.1Hz + 6x100mm    28 mm 
0.60  86.7dB --------------------------------------------------------------
    36.7l @  34.7Hz  =>  120.9dB 7622W 112.1dB @  33.4Hz - 1x100mm   392 mm 
    41.1l @  33.4Hz  =>  120.0dB 6076W 112.1dB @  31.6Hz - 1x100mm   342 mm 
    46.1l @  32.3Hz  =>  119.0dB 4844W 112.1dB @  29.9Hz   2x100mm   635 mm 
*   51.6l @  31.1Hz  =>  118.0dB 3861W 112.1dB @  28.2Hz   2x100mm   556 mm 
    57.8l @  30.0Hz  =>  117.0dB 3078W 112.1dB @  26.7Hz   2x100mm   485 mm 
    64.7l @  28.9Hz  =>  116.0dB 2454W 112.1dB @  25.2Hz   2x100mm   422 mm 
    72.5l @  27.9Hz  =>  115.0dB 1956W 112.1dB @  23.8Hz   2x100mm   366 mm 
1.00  86.2dB --------------------------------------------------------------
    49.7l @  31.5Hz  =>  118.3dB 4653W 111.6dB @  28.7Hz   2x100mm   581 mm 
    55.7l @  30.4Hz  =>  117.3dB 3709W 111.6dB @  27.2Hz   2x100mm   508 mm 
    62.3l @  29.3Hz  =>  116.3dB 2957W 111.6dB @  25.7Hz   2x100mm   442 mm 
*   69.8l @  28.2Hz  =>  115.4dB 2357W 111.6dB @  24.3Hz   2x100mm   384 mm 
    78.2l @  27.2Hz  =>  114.4dB 1879W 111.6dB @  22.9Hz   2x100mm   332 mm 
    87.6l @  26.3Hz  =>  113.4dB 1498W 111.6dB @  21.7Hz   2x100mm   285 mm 
    98.1l @  25.3Hz  =>  112.4dB 1194W 111.6dB @  20.5Hz   2x100mm   243 mm 
-------------
m15                                    89.1dB  400W                     2x100mm
Rpre   Spl
      Vb      fb         SplMech Pmech  SplEle     f3       dv       lv

0.20  89.0dB --------------------------------------------------------------
   500.0l @  19.0Hz  =>  108.1dB  166W 112.0dB @  16.5Hz   2x100mm    53 mm 
   560.1l @  18.3Hz  =>  107.2dB  132W 112.0dB @  15.6Hz   2x100mm    36 mm 
   627.3l @  17.6Hz  =>  106.2dB  105W 112.0dB @  14.7Hz   2x100mm    22 mm 
*  702.5l @  17.0Hz  =>  105.2dB   84W 112.0dB @  13.9Hz + 3x100mm    41 mm 
   786.8l @  16.4Hz  =>  104.2dB   67W 112.0dB @  13.1Hz + 3x100mm    23 mm 
   881.2l @  15.8Hz  =>  103.2dB   53W 112.0dB @  12.4Hz + 4x100mm    32 mm 
   987.0l @  15.3Hz  =>  102.2dB   43W 112.0dB @  11.7Hz + 5x100mm    36 mm 
  1105.4l @  14.7Hz  =>  101.3dB   34W 112.0dB @  11.1Hz + 6x100mm    34 mm 
0.60  88.6dB --------------------------------------------------------------
   632.7l @  17.6Hz  =>  106.1dB  113W 111.6dB @  14.6Hz   2x100mm    20 mm 
   708.6l @  17.0Hz  =>  105.1dB   90W 111.6dB @  13.8Hz + 3x100mm    40 mm 
   793.7l @  16.4Hz  =>  104.1dB   72W 111.6dB @  13.1Hz + 3x100mm    22 mm 
*  888.9l @  15.8Hz  =>  103.2dB   57W 111.6dB @  12.3Hz + 4x100mm    31 mm 
   995.6l @  15.2Hz  =>  102.2dB   46W 111.6dB @  11.7Hz + 5x100mm    34 mm 
  1115.0l @  14.7Hz  =>  101.2dB   37W 111.6dB @  11.0Hz + 6x100mm    33 mm 
1.00  88.2dB --------------------------------------------------------------
   783.5l @  16.4Hz  =>  104.2dB   80W 111.2dB @  13.2Hz + 3x100mm    24 mm 
   877.5l @  15.8Hz  =>  103.3dB   64W 111.2dB @  12.4Hz + 4x100mm    33 mm 
   982.8l @  15.3Hz  =>  102.3dB   51W 111.2dB @  11.7Hz + 5x100mm    37 mm 
* 1100.8l @  14.7Hz  =>  101.3dB   41W 111.2dB @  11.1Hz + 6x100mm    35 mm 
