-------------
ax165k
                    93.0dB           120W
         qts   f3   Spl     SplMech Pmech  SplEle  
        0.71  68Hz  86.2dB   92.2dB    4W  107.0dB
-------------
ax165xl
                    94.0dB           130W
         qts   f3   Spl     SplMech Pmech  SplEle  
        0.69  82Hz  85.5dB   95.5dB   10W  106.6dB
-------------
ex165sq
                    92.0dB           140W
         qts   f3   Spl     SplMech Pmech  SplEle  
        0.56  71Hz  87.7dB   94.0dB    4W  109.2dB
-------------
ax165fl
                    89.0dB            80W
         qts   f3   Spl     SplMech Pmech  SplEle  
        0.68  63Hz  88.4dB   90.9dB    2W  107.5dB
-------------
ax8fl
                    90.0dB           100W
         qts   f3   Spl     SplMech Pmech  SplEle  
        1.71  47Hz  85.6dB   78.3dB    0W  105.6dB
-------------
radion10
                    94.0dB           200W
         qts   f3   Spl     SplMech Pmech  SplEle  
        0.52  59Hz  87.8dB  115.6dB  612W  110.8dB
-------------
radion15
                    94.0dB           400W
         qts   f3   Spl     SplMech Pmech  SplEle  
        0.53  38Hz  90.0dB  118.8dB  759W  116.0dB
-------------
xion10
                    94.0dB           300W
         qts   f3   Spl     SplMech Pmech  SplEle  
        0.59  47Hz  85.7dB  114.7dB  797W  110.4dB
-------------
xion12-800
                    95.0dB           300W
  R||    qts   f3   Spl     SplMech Pmech  SplEle  
   3.3  0.53  45Hz  84.2dB  121.9dB 5976W  108.9dB
   4.7  0.55  43Hz  84.2dB  121.1dB 4982W  108.9dB
   6.8  0.58  41Hz  84.2dB  120.5dB 4253W  108.9dB
  10.0  0.61  38Hz  84.2dB  119.0dB 3039W  108.9dB
  15.0  0.65  38Hz  84.2dB  119.0dB 3039W  108.9dB
  22.0  0.67  35Hz  84.2dB  117.6dB 2187W  108.9dB
  33.0  0.69  35Hz  84.2dB  117.6dB 2187W  108.9dB
  47.0  0.71  32Hz  84.2dB  116.4dB 1659W  108.9dB
  68.0  0.72  32Hz  84.2dB  116.4dB 1659W  108.9dB
 100.0  0.73  32Hz  84.2dB  116.4dB 1659W  108.9dB
 150.0  0.74  32Hz  84.2dB  116.4dB 1659W  108.9dB
9999.0  0.75  32Hz  84.2dB  116.4dB 1659W  108.9dB
-------------
xion15-1000
                    96.0dB           375W
  R||    qts   f3   Spl     SplMech Pmech  SplEle  
   1.5  0.51  48Hz  84.2dB  127.5dB 20990W  110.0dB
   2.2  0.53  45Hz  84.2dB  126.2dB 15772W  110.0dB
   3.3  0.56  43Hz  84.2dB  125.4dB 13149W  110.0dB
   4.7  0.59  41Hz  84.2dB  124.7dB 11226W  110.0dB
   6.8  0.62  38Hz  84.2dB  123.3dB 8020W  110.0dB
  10.0  0.65  35Hz  84.2dB  121.9dB 5772W  110.0dB
  15.0  0.69  35Hz  84.2dB  121.9dB 5772W  110.0dB
  22.0  0.71  32Hz  84.2dB  120.7dB 4380W  110.0dB
  33.0  0.74  32Hz  84.2dB  120.7dB 4380W  110.0dB
  47.0  0.75  31Hz  84.2dB  119.7dB 3552W  110.0dB
  68.0  0.77  31Hz  84.2dB  119.7dB 3552W  110.0dB
 100.0  0.78  31Hz  84.2dB  119.7dB 3552W  110.0dB
 150.0  0.78  31Hz  84.2dB  119.7dB 3552W  110.0dB
9999.0  0.80  31Hz  84.2dB  119.7dB 3552W  110.0dB
-------------
helon12spl
                    95.0dB           600W
  R||    qts   f3   Spl     SplMech Pmech  SplEle  
  22.0  0.51  61Hz  86.0dB  130.7dB 29879W  113.7dB
  33.0  0.51  61Hz  86.0dB  130.7dB 29879W  113.7dB
  47.0  0.52  61Hz  86.0dB  130.7dB 29879W  113.7dB
  68.0  0.52  61Hz  86.0dB  130.7dB 29879W  113.7dB
 100.0  0.53  57Hz  86.0dB  129.5dB 22451W  113.7dB
 150.0  0.53  57Hz  86.0dB  129.5dB 22451W  113.7dB
9999.0  0.53  57Hz  86.0dB  129.5dB 22451W  113.7dB
-------------
helon15spl
                    95.0dB           750W
  R||    qts   f3   Spl     SplMech Pmech  SplEle  
   1.0  0.54  49Hz  85.4dB  131.1dB 36703W  114.2dB
   1.5  0.57  46Hz  85.4dB  130.3dB 30600W  114.2dB
   2.2  0.59  45Hz  85.4dB  129.6dB 26125W  114.2dB
   3.3  0.62  41Hz  85.4dB  128.1dB 18663W  114.2dB
   4.7  0.65  38Hz  85.4dB  126.7dB 13431W  114.2dB
   6.8  0.68  38Hz  85.4dB  126.7dB 13431W  114.2dB
  10.0  0.70  35Hz  85.4dB  125.5dB 10192W  114.2dB
  15.0  0.72  35Hz  85.4dB  125.5dB 10192W  114.2dB
  22.0  0.74  35Hz  85.4dB  125.5dB 10192W  114.2dB
  33.0  0.75  35Hz  85.4dB  125.5dB 10192W  114.2dB
  47.0  0.75  33Hz  85.4dB  124.6dB 8266W  114.2dB
  68.0  0.76  33Hz  85.4dB  124.6dB 8266W  114.2dB
 100.0  0.76  33Hz  85.4dB  124.6dB 8266W  114.2dB
 150.0  0.77  33Hz  85.4dB  124.6dB 8266W  114.2dB
9999.0  0.77  33Hz  85.4dB  124.6dB 8266W  114.2dB
