-------------
ax165k
-------------
 93.0dB             5.0l (1.1)               120W
SplMech  Pmech SplEle     f3

-------------
ax165xl
-------------
 94.0dB             3.2l (1.1)               130W
SplMech  Pmech SplEle     f3

-------------
ex165sq
-------------
 92.0dB             5.1l (1.1)               140W
SplMech  Pmech SplEle     f3

-------------
ex165dust
-------------
 94.0dB             2.2l (1.1)               140W
SplMech  Pmech SplEle     f3

-------------
ex165phase
-------------
 94.0dB             2.5l (1.1)               140W
SplMech  Pmech SplEle     f3

-------------
ax165fl
-------------
 89.0dB            10.6l (1.1)                80W
SplMech  Pmech SplEle     f3

-------------
cx12
-------------
 96.0dB             3.5l (1.1)               700W
SplMech  Pmech SplEle     f3

          220W  90.3dB @  30Hz 
 90.4dB   228W  95.3dB @  30Hz   20
 91.6dB   228W  96.4dB @  32Hz   19
 92.6dB   228W  97.5dB @  34Hz   18
 93.6dB   228W  98.5dB @  36Hz   17
 94.6dB   228W  99.4dB @  38Hz   16
 95.4dB   228W 100.3dB @  40Hz   15
 96.3dB   229W 101.2dB @  42Hz   14
 97.1dB   229W 102.0dB @  44Hz   13
 97.9dB   229W 102.7dB @  46Hz   12
 98.6dB   229W 103.5dB @  48Hz   12
-------------
cx15
-------------
 97.0dB            11.6l (1.1)               700W
SplMech  Pmech SplEle     f3

 90.9dB   149W  97.6dB @  24Hz   19
 92.3dB   149W  99.0dB @  26Hz   18
 93.5dB   149W 100.3dB @  28Hz   16
           55W  90.4dB @  30Hz 
           69W  91.4dB @  30Hz 
           87W  92.4dB @  30Hz 
          110W  93.4dB @  30Hz 
          139W  94.4dB @  30Hz 
 94.7dB   149W 101.5dB @  30Hz   15
 95.9dB   149W 102.6dB @  32Hz   14
 96.9dB   150W 103.6dB @  34Hz   13
 97.9dB   150W 104.6dB @  36Hz   12
 98.9dB   150W 105.5dB @  38Hz   11
 99.7dB   150W 106.4dB @  40Hz   10
100.6dB   150W 107.3dB @  42Hz    9
101.4dB   150W 108.1dB @  44Hz    9
102.2dB   150W 108.9dB @  46Hz    8
102.9dB   150W 109.6dB @  48Hz    7
-------------
radion10
-------------
 94.0dB             9.8l (1.1)               200W
SplMech  Pmech SplEle     f3

 98.4dB  1149W  90.8dB @  22Hz   17
 99.9dB  1150W  92.3dB @  24Hz   15
101.3dB  1151W  93.7dB @  26Hz   14
102.5dB  1153W  94.9dB @  28Hz   13
           50W  90.1dB @  30Hz 
           63W  91.1dB @  30Hz 
           79W  92.1dB @  30Hz 
          100W  93.1dB @  30Hz 
          126W  94.1dB @  30Hz 
          159W  95.1dB @  30Hz 
          200W  96.1dB @  30Hz 
103.7dB  1154W  96.1dB @  30Hz   11
104.9dB  1155W  97.2dB @  32Hz   10
105.9dB  1156W  98.3dB @  34Hz    9
106.9dB  1157W  99.3dB @  36Hz    8
107.8dB  1157W 100.2dB @  38Hz    7
108.7dB  1158W 101.1dB @  40Hz    6
109.6dB  1159W 102.0dB @  42Hz    6
110.4dB  1160W 102.8dB @  44Hz    5
111.2dB  1160W 103.5dB @  46Hz    4
111.9dB  1161W 104.3dB @  48Hz    3
-------------
radion12
-------------
 95.0dB            23.3l (1.1)               300W
SplMech  Pmech SplEle     f3

 97.6dB  1064W  92.1dB @  16Hz   18
 99.6dB  1066W  94.1dB @  18Hz   16
           94W  90.9dB @  20Hz 
          119W  91.9dB @  20Hz 
          150W  92.9dB @  20Hz 
          189W  93.9dB @  20Hz 
          238W  95.0dB @  20Hz 
          300W  96.0dB @  20Hz 
101.5dB  1067W  96.0dB @  20Hz   14
103.1dB  1069W  97.6dB @  22Hz   12
104.6dB  1070W  99.1dB @  24Hz   11
106.0dB  1071W 100.5dB @  26Hz    9
107.3dB  1072W 101.8dB @  28Hz    8
           19W  90.9dB @  30Hz 
           24W  91.9dB @  30Hz 
           30W  92.9dB @  30Hz 
           37W  93.9dB @  30Hz 
           47W  94.9dB @  30Hz 
           60W  95.9dB @  30Hz 
           75W  97.0dB @  30Hz 
           94W  98.0dB @  30Hz 
          119W  99.0dB @  30Hz 
          150W 100.0dB @  30Hz 
          189W 101.0dB @  30Hz 
          238W 102.0dB @  30Hz 
          300W 103.0dB @  30Hz 
108.5dB  1073W 103.0dB @  30Hz    7
109.6dB  1074W 104.1dB @  32Hz    6
110.7dB  1075W 105.1dB @  34Hz    5
111.7dB  1076W 106.1dB @  36Hz    4
112.6dB  1077W 107.1dB @  38Hz    3
113.5dB  1078W 108.0dB @  40Hz    2
114.4dB  1078W 108.8dB @  42Hz    1
115.2dB  1079W 109.6dB @  44Hz    0
115.9dB  1080W 110.4dB @  46Hz   -0
116.7dB  1080W 111.1dB @  48Hz   -1
-------------
radion15
-------------
 94.0dB            52.9l (1.1)               400W
SplMech  Pmech SplEle     f3

103.8dB  1967W  96.9dB @  16Hz   15
105.9dB  1970W  98.9dB @  18Hz   13
           40W  90.7dB @  20Hz 
           50W  91.7dB @  20Hz 
           63W  92.7dB @  20Hz 
           79W  93.7dB @  20Hz 
          100W  94.8dB @  20Hz 
          126W  95.8dB @  20Hz 
          159W  96.8dB @  20Hz 
          200W  97.8dB @  20Hz 
          252W  98.8dB @  20Hz 
          317W  99.8dB @  20Hz 
          400W 100.8dB @  20Hz 
107.7dB  1973W 100.8dB @  20Hz   11
109.4dB  1975W 102.4dB @  22Hz   10
110.9dB  1978W 103.9dB @  24Hz    8
112.3dB  1980W 105.3dB @  26Hz    7
113.5dB  1982W 106.6dB @  28Hz    6
            8W  90.7dB @  30Hz 
           10W  91.7dB @  30Hz 
           12W  92.7dB @  30Hz 
           16W  93.7dB @  30Hz 
           20W  94.7dB @  30Hz 
           25W  95.7dB @  30Hz 
           31W  96.8dB @  30Hz 
           40W  97.8dB @  30Hz 
           50W  98.8dB @  30Hz 
           63W  99.8dB @  30Hz 
           79W 100.8dB @  30Hz 
          100W 101.8dB @  30Hz 
          126W 102.8dB @  30Hz 
          159W 103.8dB @  30Hz 
          200W 104.8dB @  30Hz 
          252W 105.8dB @  30Hz 
          317W 106.8dB @  30Hz 
          400W 107.8dB @  30Hz 
114.7dB  1984W 107.8dB @  30Hz    4
115.9dB  1986W 108.9dB @  32Hz    3
116.9dB  1987W 110.0dB @  34Hz    2
117.9dB  1989W 110.9dB @  36Hz    1
118.9dB  1990W 111.9dB @  38Hz    0
119.7dB  1992W 112.8dB @  40Hz   -1
120.6dB  1993W 113.6dB @  42Hz   -1
121.4dB  1994W 114.4dB @  44Hz   -2
122.2dB  1995W 115.2dB @  46Hz   -3
122.9dB  1997W 115.9dB @  48Hz   -4
-------------
xion10
-------------
 94.0dB            12.8l (1.1)               300W
SplMech  Pmech SplEle     f3

 98.0dB  1599W  90.7dB @  18Hz   17
          189W  90.5dB @  20Hz 
          238W  91.5dB @  20Hz 
          300W  92.5dB @  20Hz 
 99.8dB  1601W  92.5dB @  20Hz   15
101.5dB  1603W  94.2dB @  22Hz   13
103.0dB  1605W  95.7dB @  24Hz   12
104.4dB  1607W  97.1dB @  26Hz   10
105.6dB  1609W  98.3dB @  28Hz    9
           37W  90.5dB @  30Hz 
           47W  91.5dB @  30Hz 
           60W  92.5dB @  30Hz 
           75W  93.5dB @  30Hz 
           94W  94.5dB @  30Hz 
          119W  95.5dB @  30Hz 
          150W  96.5dB @  30Hz 
          189W  97.5dB @  30Hz 
          238W  98.5dB @  30Hz 
          300W  99.5dB @  30Hz 
106.8dB  1610W  99.5dB @  30Hz    8
108.0dB  1611W 100.7dB @  32Hz    7
109.0dB  1613W 101.7dB @  34Hz    6
110.0dB  1614W 102.7dB @  36Hz    5
110.9dB  1615W 103.6dB @  38Hz    4
111.8dB  1616W 104.5dB @  40Hz    3
112.7dB  1617W 105.4dB @  42Hz    2
113.5dB  1619W 106.2dB @  44Hz    1
114.3dB  1620W 106.9dB @  46Hz    0
115.0dB  1620W 107.7dB @  48Hz   -0
-------------
xion12
-------------
 95.0dB            12.4l (1.1)               450W
SplMech  Pmech SplEle     f3

103.6dB  8906W  90.6dB @  16Hz   19
105.7dB  8920W  92.7dB @  18Hz   17
          179W  90.5dB @  20Hz 
          225W  91.5dB @  20Hz 
          283W  92.5dB @  20Hz 
          357W  93.5dB @  20Hz 
          450W  94.5dB @  20Hz 
107.5dB  8933W  94.5dB @  20Hz   15
109.1dB  8945W  96.2dB @  22Hz   14
110.7dB  8956W  97.7dB @  24Hz   12
112.0dB  8965W  99.1dB @  26Hz   11
113.3dB  8975W 100.3dB @  28Hz    9
           35W  90.5dB @  30Hz 
           45W  91.5dB @  30Hz 
           56W  92.5dB @  30Hz 
           71W  93.5dB @  30Hz 
           89W  94.5dB @  30Hz 
          112W  95.5dB @  30Hz 
          142W  96.5dB @  30Hz 
          179W  97.5dB @  30Hz 
          225W  98.5dB @  30Hz 
          283W  99.5dB @  30Hz 
          357W 100.5dB @  30Hz 
          450W 101.5dB @  30Hz 
114.5dB  8983W 101.5dB @  30Hz    8
115.7dB  8991W 102.6dB @  32Hz    7
116.7dB  8998W 103.7dB @  34Hz    6
117.7dB  9005W 104.7dB @  36Hz    5
118.6dB  9012W 105.6dB @  38Hz    4
119.5dB  9018W 106.5dB @  40Hz    3
120.4dB  9024W 107.4dB @  42Hz    2
121.2dB  9030W 108.2dB @  44Hz    2
122.0dB  9036W 108.9dB @  46Hz    1
122.7dB  9041W 109.7dB @  48Hz    0
-------------
xion15
-------------
 96.0dB            15.1l (1.1)               600W
SplMech  Pmech SplEle     f3

107.9dB 19536W  92.8dB @  16Hz   21
110.0dB 19567W  94.8dB @  18Hz   18
          150W  90.6dB @  20Hz 
          189W  91.6dB @  20Hz 
          238W  92.6dB @  20Hz 
          300W  93.6dB @  20Hz 
          378W  94.6dB @  20Hz 
          476W  95.6dB @  20Hz 
          600W  96.6dB @  20Hz 
111.8dB 19596W  96.6dB @  20Hz   17
113.4dB 19621W  98.3dB @  22Hz   15
115.0dB 19644W  99.8dB @  24Hz   14
116.3dB 19666W 101.2dB @  26Hz   12
117.6dB 19686W 102.5dB @  28Hz   11
           30W  90.6dB @  30Hz 
           37W  91.6dB @  30Hz 
           47W  92.6dB @  30Hz 
           60W  93.6dB @  30Hz 
           75W  94.6dB @  30Hz 
           94W  95.6dB @  30Hz 
          119W  96.6dB @  30Hz 
          150W  97.6dB @  30Hz 
          189W  98.6dB @  30Hz 
          238W  99.6dB @  30Hz 
          300W 100.7dB @  30Hz 
          378W 101.7dB @  30Hz 
          476W 102.7dB @  30Hz 
          600W 103.7dB @  30Hz 
118.8dB 19705W 103.7dB @  30Hz   10
119.9dB 19722W 104.8dB @  32Hz    9
121.0dB 19738W 105.8dB @  34Hz    7
122.0dB 19754W 106.8dB @  36Hz    6
122.9dB 19768W 107.8dB @  38Hz    6
123.8dB 19782W 108.6dB @  40Hz    5
124.7dB 19796W 109.5dB @  42Hz    4
125.5dB 19808W 110.3dB @  44Hz    3
126.3dB 19820W 111.1dB @  46Hz    2
127.0dB 19832W 111.8dB @  48Hz    2
-------------
xion12-800
-------------
 95.0dB             7.9l (1.1)               400W
SplMech  Pmech SplEle     f3

104.1dB  8729W  90.7dB @  16Hz   22
106.2dB  8743W  92.8dB @  18Hz   20
          159W  90.6dB @  20Hz 
          200W  91.6dB @  20Hz 
          252W  92.6dB @  20Hz 
          317W  93.6dB @  20Hz 
          400W  94.6dB @  20Hz 
108.0dB  8756W  94.6dB @  20Hz   18
109.7dB  8767W  96.3dB @  22Hz   17
111.2dB  8778W  97.8dB @  24Hz   15
112.6dB  8788W  99.2dB @  26Hz   14
113.9dB  8796W 100.4dB @  28Hz   13
           31W  90.6dB @  30Hz 
           40W  91.6dB @  30Hz 
           50W  92.6dB @  30Hz 
           63W  93.6dB @  30Hz 
           79W  94.6dB @  30Hz 
          100W  95.6dB @  30Hz 
          126W  96.6dB @  30Hz 
          159W  97.6dB @  30Hz 
          200W  98.6dB @  30Hz 
          252W  99.6dB @  30Hz 
          317W 100.6dB @  30Hz 
          400W 101.6dB @  30Hz 
115.1dB  8805W 101.6dB @  30Hz   11
116.2dB  8813W 102.7dB @  32Hz   10
117.2dB  8820W 103.8dB @  34Hz    9
118.2dB  8827W 104.8dB @  36Hz    8
119.2dB  8833W 105.7dB @  38Hz    7
120.1dB  8839W 106.6dB @  40Hz    6
120.9dB  8845W 107.5dB @  42Hz    6
121.7dB  8851W 108.3dB @  44Hz    5
122.5dB  8856W 109.0dB @  46Hz    4
123.2dB  8862W 109.8dB @  48Hz    3
-------------
xion15-1000
-------------
 96.0dB             9.5l (1.1)               500W
SplMech  Pmech SplEle     f3

108.4dB 19171W  92.6dB @  16Hz   21
110.5dB 19202W  94.6dB @  18Hz   19
          125W  90.4dB @  20Hz 
          157W  91.4dB @  20Hz 
          198W  92.4dB @  20Hz 
          250W  93.4dB @  20Hz 
          315W  94.5dB @  20Hz 
          397W  95.5dB @  20Hz 
          500W  96.5dB @  20Hz 
112.3dB 19229W  96.5dB @  20Hz   18
114.0dB 19254W  98.1dB @  22Hz   16
115.5dB 19277W  99.6dB @  24Hz   14
116.9dB 19298W 101.0dB @  26Hz   13
118.2dB 19318W 102.3dB @  28Hz   12
           25W  90.4dB @  30Hz 
           31W  91.4dB @  30Hz 
           39W  92.4dB @  30Hz 
           50W  93.4dB @  30Hz 
           62W  94.4dB @  30Hz 
           79W  95.5dB @  30Hz 
           99W  96.5dB @  30Hz 
          125W  97.5dB @  30Hz 
          157W  98.5dB @  30Hz 
          198W  99.5dB @  30Hz 
          250W 100.5dB @  30Hz 
          315W 101.5dB @  30Hz 
          397W 102.5dB @  30Hz 
          500W 103.5dB @  30Hz 
119.4dB 19336W 103.5dB @  30Hz   11
120.5dB 19353W 104.6dB @  32Hz    9
121.5dB 19369W 105.6dB @  34Hz    8
122.5dB 19385W 106.6dB @  36Hz    7
123.5dB 19399W 107.6dB @  38Hz    6
124.4dB 19413W 108.5dB @  40Hz    6
125.2dB 19425W 109.3dB @  42Hz    5
126.0dB 19438W 110.1dB @  44Hz    4
126.8dB 19450W 110.9dB @  46Hz    3
127.5dB 19461W 111.6dB @  48Hz    2
-------------
helon12spl
-------------
 95.0dB             2.7l (1.1)               800W
SplMech  Pmech SplEle     f3

114.5dB 191267W  90.7dB @  24Hz   24
115.9dB 191477W  92.1dB @  26Hz   23
117.2dB 191671W  93.4dB @  28Hz   22
          317W  90.6dB @  30Hz 
          400W  91.6dB @  30Hz 
          504W  92.6dB @  30Hz 
          635W  93.6dB @  30Hz 
          800W  94.6dB @  30Hz 
118.4dB 191852W  94.6dB @  30Hz   20
119.5dB 192022W  95.7dB @  32Hz   19
120.6dB 192181W  96.8dB @  34Hz   18
121.6dB 192332W  97.8dB @  36Hz   17
122.5dB 192474W  98.7dB @  38Hz   16
123.4dB 192609W  99.6dB @  40Hz   15
124.3dB 192738W 100.4dB @  42Hz   15
125.1dB 192861W 101.2dB @  44Hz   14
125.8dB 192978W 102.0dB @  46Hz   13
126.6dB 193090W 102.7dB @  48Hz   12
-------------
helon15spl
-------------
 95.0dB            14.1l (1.1)              1000W
SplMech  Pmech SplEle     f3

111.8dB 66280W  93.6dB @  16Hz   22
113.8dB 66387W  95.6dB @  18Hz   20
          198W  90.4dB @  20Hz 
          250W  91.4dB @  20Hz 
          315W  92.4dB @  20Hz 
          397W  93.4dB @  20Hz 
          500W  94.4dB @  20Hz 
          630W  95.4dB @  20Hz 
          793W  96.4dB @  20Hz 
         1000W  97.4dB @  20Hz 
115.7dB 66482W  97.4dB @  20Hz   18
117.3dB 66569W  99.1dB @  22Hz   16
118.8dB 66649W 100.6dB @  24Hz   15
120.2dB 66722W 102.0dB @  26Hz   13
121.5dB 66789W 103.3dB @  28Hz   12
           39W  90.4dB @  30Hz 
           50W  91.4dB @  30Hz 
           62W  92.4dB @  30Hz 
           79W  93.4dB @  30Hz 
           99W  94.4dB @  30Hz 
          125W  95.4dB @  30Hz 
          157W  96.4dB @  30Hz 
          198W  97.4dB @  30Hz 
          250W  98.4dB @  30Hz 
          315W  99.4dB @  30Hz 
          397W 100.4dB @  30Hz 
          500W 101.4dB @  30Hz 
          630W 102.4dB @  30Hz 
          793W 103.4dB @  30Hz 
         1000W 104.5dB @  30Hz 
122.7dB 66852W 104.5dB @  30Hz   11
123.8dB 66912W 105.6dB @  32Hz   10
124.9dB 66967W 106.6dB @  34Hz    9
125.9dB 67019W 107.6dB @  36Hz    8
126.8dB 67069W 108.5dB @  38Hz    7
127.7dB 67116W 109.4dB @  40Hz    6
128.5dB 67161W 110.3dB @  42Hz    5
129.4dB 67204W 111.1dB @  44Hz    4
130.1dB 67245W 111.9dB @  46Hz    4
130.9dB 67284W 112.6dB @  48Hz    3
-------------
hx10sq
-------------
 92.0dB             3.1l (1.1)               300W
SplMech  Pmech SplEle     f3

105.6dB  8455W  91.1dB @  28Hz   16
          189W  90.3dB @  30Hz 
          238W  91.3dB @  30Hz 
          300W  92.3dB @  30Hz 
106.8dB  8463W  92.3dB @  30Hz   15
108.0dB  8470W  93.5dB @  32Hz   14
109.0dB  8478W  94.5dB @  34Hz   13
110.0dB  8484W  95.5dB @  36Hz   12
110.9dB  8490W  96.4dB @  38Hz   11
111.8dB  8496W  97.3dB @  40Hz   10
112.7dB  8502W  98.2dB @  42Hz    9
113.5dB  8507W  99.0dB @  44Hz    9
114.3dB  8513W  99.7dB @  46Hz    8
115.0dB  8518W 100.5dB @  48Hz    7
-------------
hx12sq
-------------
 94.0dB             6.1l (1.1)               350W
SplMech  Pmech SplEle     f3

106.6dB 11726W  91.4dB @  22Hz   15
108.2dB 11740W  92.9dB @  24Hz   13
109.5dB 11753W  94.3dB @  26Hz   12
110.8dB 11765W  95.6dB @  28Hz   10
           87W  90.7dB @  30Hz 
          110W  91.7dB @  30Hz 
          139W  92.7dB @  30Hz 
          175W  93.8dB @  30Hz 
          220W  94.8dB @  30Hz 
          278W  95.8dB @  30Hz 
          350W  96.8dB @  30Hz 
112.0dB 11776W  96.8dB @  30Hz    9
113.2dB 11786W  97.9dB @  32Hz    8
114.2dB 11796W  98.9dB @  34Hz    7
115.2dB 11805W  99.9dB @  36Hz    6
116.1dB 11814W 100.9dB @  38Hz    5
117.0dB 11822W 101.7dB @  40Hz    4
117.9dB 11830W 102.6dB @  42Hz    3
118.7dB 11838W 103.4dB @  44Hz    3
119.5dB 11845W 104.2dB @  46Hz    2
120.2dB 11852W 104.9dB @  48Hz    1
-------------
krypton12
-------------
 95.5dB             5.1l (1.1)              1000W
SplMech  Pmech SplEle     f3

106.2dB 37064W  90.5dB @  18Hz   22
          630W  90.3dB @  20Hz 
          793W  91.3dB @  20Hz 
         1000W  92.3dB @  20Hz 
108.0dB 37117W  92.3dB @  20Hz   20
109.7dB 37166W  94.0dB @  22Hz   19
111.2dB 37210W  95.5dB @  24Hz   17
112.6dB 37251W  96.9dB @  26Hz   16
113.9dB 37288W  98.1dB @  28Hz   15
          125W  90.3dB @  30Hz 
          157W  91.3dB @  30Hz 
          198W  92.3dB @  30Hz 
          250W  93.3dB @  30Hz 
          315W  94.3dB @  30Hz 
          397W  95.3dB @  30Hz 
          500W  96.3dB @  30Hz 
          630W  97.3dB @  30Hz 
          793W  98.3dB @  30Hz 
         1000W  99.3dB @  30Hz 
115.1dB 37324W  99.3dB @  30Hz   13
116.2dB 37357W 100.5dB @  32Hz   12
117.2dB 37388W 101.5dB @  34Hz   11
118.2dB 37417W 102.5dB @  36Hz   10
119.2dB 37445W 103.4dB @  38Hz    9
120.1dB 37471W 104.3dB @  40Hz    8
120.9dB 37496W 105.2dB @  42Hz    8
121.7dB 37520W 106.0dB @  44Hz    7
122.5dB 37543W 106.7dB @  46Hz    6
123.2dB 37565W 107.5dB @  48Hz    5
-------------
m15
-------------
 89.1dB            87.6l (1.1)               400W
SplMech  Pmech SplEle     f3

103.7dB   815W 100.6dB @  16Hz   11
105.7dB   817W 102.6dB @  18Hz    9
           16W  90.4dB @  20Hz 
           20W  91.4dB @  20Hz 
           25W  92.4dB @  20Hz 
           31W  93.4dB @  20Hz 
           40W  94.4dB @  20Hz 
           50W  95.4dB @  20Hz 
           63W  96.4dB @  20Hz 
           79W  97.4dB @  20Hz 
          100W  98.4dB @  20Hz 
          126W  99.4dB @  20Hz 
          159W 100.4dB @  20Hz 
          200W 101.4dB @  20Hz 
          252W 102.4dB @  20Hz 
          317W 103.4dB @  20Hz 
          400W 104.4dB @  20Hz 
107.5dB   818W 104.4dB @  20Hz    8
109.2dB   819W 106.1dB @  22Hz    6
110.7dB   820W 107.6dB @  24Hz    4
112.1dB   821W 109.0dB @  26Hz    3
113.4dB   822W 110.3dB @  28Hz    2
            6W  93.4dB @  30Hz 
            8W  94.4dB @  30Hz 
           10W  95.4dB @  30Hz 
           12W  96.4dB @  30Hz 
           16W  97.4dB @  30Hz 
           20W  98.4dB @  30Hz 
           25W  99.4dB @  30Hz 
           31W 100.4dB @  30Hz 
           40W 101.4dB @  30Hz 
           50W 102.4dB @  30Hz 
           63W 103.4dB @  30Hz 
           79W 104.4dB @  30Hz 
          100W 105.4dB @  30Hz 
          126W 106.4dB @  30Hz 
          159W 107.4dB @  30Hz 
          200W 108.4dB @  30Hz 
          252W 109.4dB @  30Hz 
          317W 110.4dB @  30Hz 
          400W 111.4dB @  30Hz 
114.6dB   822W 111.4dB @  30Hz    1
115.7dB   823W 112.6dB @  32Hz   -1
116.7dB   824W 113.6dB @  34Hz   -2
117.7dB   824W 114.6dB @  36Hz   -3
118.7dB   825W 115.5dB @  38Hz   -4
119.6dB   826W 116.4dB @  40Hz   -4
120.4dB   826W 117.3dB @  42Hz   -5
121.2dB   827W 118.1dB @  44Hz   -6
122.0dB   827W 118.8dB @  46Hz   -7
122.7dB   828W 119.6dB @  48Hz   -8
