-------------
Aura_NSW1_205_8A
      78.0dB              5W
Rpre   Spl     SplMech Pmech SplEle      f3

0.20  77.6dB: ( 88.2dB    15W  83.5dB) @ 209Hz
              ( 91.2dB    29W  83.5dB) @ 249Hz
0.60  77.3dB: ( 87.5dB    13W  83.3dB) @ 201Hz
              ( 90.5dB    27W  83.3dB) @ 239Hz
1.00  77.1dB: ( 86.9dB    12W  83.0dB) @ 194Hz
              ( 89.9dB    24W  83.0dB) @ 231Hz
              ( 92.9dB    49W  83.0dB) @ 275Hz
-------------
Aura_NSW2_326_8A
      84.0dB             15W
Rpre   Spl     SplMech Pmech SplEle      f3

0.20  81.7dB: ( 96.8dB    40W  92.5dB) @ 199Hz
              ( 99.8dB    80W  92.5dB) @ 237Hz
0.60  81.5dB: ( 95.9dB    35W  92.2dB) @ 190Hz
              ( 98.9dB    70W  92.2dB) @ 226Hz
              (101.9dB   139W  92.2dB) @ 268Hz
1.00  81.2dB: ( 95.1dB    31W  92.0dB) @ 181Hz
              ( 98.1dB    61W  92.0dB) @ 215Hz
              (101.1dB   122W  92.0dB) @ 256Hz
-------------
Aura_NS3_193_8A
      80.0dB             20W
Rpre   Spl     SplMech Pmech SplEle      f3

0.20  81.0dB: ( 97.7dB    49W  93.8dB) @  82Hz
              (100.7dB    99W  93.8dB) @  97Hz
              (103.7dB   198W  93.8dB) @ 116Hz
0.60  80.8dB: ( 96.9dB    43W  93.5dB) @  78Hz
              ( 99.9dB    87W  93.5dB) @  93Hz
              (102.9dB   173W  93.5dB) @ 110Hz
1.00  80.6dB: ( 96.1dB    38W  93.3dB) @  75Hz
              ( 99.2dB    76W  93.3dB) @  89Hz
              (102.2dB   153W  93.3dB) @ 106Hz
-------------
Aura_NS4_255_8D
      84.0dB             20W
Rpre   Spl     SplMech Pmech SplEle      f3

0.20  83.8dB: (105.1dB   175W  95.7dB) @  95Hz
0.60  83.5dB: (104.1dB   148W  95.4dB) @  90Hz
1.00  83.3dB: (103.2dB   127W  95.2dB) @  85Hz
-------------
Aura_NS4_255_4D
      84.0dB             20W
Rpre   Spl     SplMech Pmech SplEle      f3

0.20  84.0dB: (105.6dB   328W  93.5dB) @  98Hz
0.60  83.5dB: (104.0dB   249W  93.1dB) @  89Hz
1.00  83.1dB: (102.5dB   194W  92.7dB) @  82Hz
-------------
Aura_NFS8_495_8B
      84.0dB            100W
Rpre   Spl     SplMech Pmech SplEle      f3

0.20  85.3dB: (110.3dB   383W 104.4dB) @  61Hz
              (113.3dB   765W 104.4dB) @  72Hz
0.60  85.0dB: (109.4dB   330W 104.2dB) @  58Hz
              (112.4dB   659W 104.2dB) @  68Hz
1.00  84.8dB: (108.5dB   287W 104.0dB) @  55Hz
              (111.5dB   573W 104.0dB) @  65Hz
-------------
Aura_NFS8_495_4A
      84.0dB            100W
Rpre   Spl     SplMech Pmech SplEle      f3

0.20  85.7dB: (111.7dB  1245W 100.8dB) @  86Hz
0.60  85.1dB: (109.6dB   862W 100.2dB) @  76Hz
1.00  84.6dB: (107.7dB   626W  99.7dB) @  68Hz
-------------
Aura_NS10_513_4A
      84.0dB            200W
Rpre   Spl     SplMech Pmech SplEle      f3

0.20  87.3dB: (118.4dB  3394W 106.1dB) @  57Hz
0.60  86.8dB: (116.4dB  2430W 105.5dB) @  50Hz
1.00  86.3dB: (114.6dB  1805W 105.1dB) @  46Hz
-------------
Aura_NS10_794_4A
      83.0dB            400W
Rpre   Spl     SplMech Pmech SplEle      f3

0.20  85.7dB: (121.6dB  8653W 108.3dB) @  53Hz
0.60  85.3dB: (120.0dB  6555W 107.8dB) @  49Hz
1.00  84.9dB: (118.5dB  5103W 107.4dB) @  45Hz
-------------
Aura_NS12_513_4A
      85.0dB            200W
Rpre   Spl     SplMech Pmech SplEle      f3

0.20  87.6dB: (115.6dB  1732W 106.2dB) @  40Hz
0.60  87.1dB: (113.6dB  1231W 105.7dB) @  36Hz
1.00  86.6dB: (111.8dB   909W 105.2dB) @  32Hz
              (114.8dB  1819W 105.2dB) @  39Hz
-------------
Aura_NS12_794_4A
      84.0dB            400W
Rpre   Spl     SplMech Pmech SplEle      f3

0.20  86.9dB: (121.3dB  6306W 109.4dB) @  42Hz
0.60  86.5dB: (119.7dB  4762W 108.9dB) @  39Hz
1.00  86.1dB: (118.2dB  3700W 108.5dB) @  35Hz
-------------
Aura_NS15_992_4A
      86.0dB            800W
Rpre   Spl     SplMech Pmech SplEle      f3

0.20  86.9dB: (124.7dB 14749W 112.1dB) @  35Hz
0.60  86.4dB: (122.9dB 10908W 111.6dB) @  31Hz
1.00  86.0dB: (121.3dB  8326W 111.2dB) @  29Hz
-------------
Aura_NS18_992_4A
      86.0dB            800W
Rpre   Spl     SplMech Pmech SplEle      f3

0.20  88.7dB: (124.9dB 10768W 113.6dB) @  28Hz
0.60  88.2dB: (123.0dB  7882W 113.1dB) @  25Hz
1.00  87.7dB: (121.4dB  5975W 112.7dB) @  23Hz
