-------------
Aura_NSW1_205_8A
-------------
 78.0dB             0.0l (1.1)                 5W
SplMech  Pmech SplEle     f3

 69.7dB    18W  64.2dB @  72Hz   19
 70.6dB    18W  65.2dB @  76Hz   18
            1W  60.0dB @  80Hz 
            2W  61.0dB @  80Hz 
            2W  62.0dB @  80Hz 
            2W  63.0dB @  80Hz 
            3W  64.1dB @  80Hz 
            4W  65.1dB @  80Hz 
            5W  66.1dB @  80Hz 
 71.5dB    18W  66.1dB @  80Hz   17
-------------
Aura_NSW2_326_8A
-------------
 84.0dB             0.1l (1.1)                15W
SplMech  Pmech SplEle     f3

 78.1dB    48W  73.0dB @  68Hz   19
 79.1dB    48W  74.0dB @  72Hz   18
 80.0dB    48W  74.9dB @  76Hz   18
            4W  69.8dB @  80Hz 
            5W  70.8dB @  80Hz 
            6W  71.8dB @  80Hz 
            7W  72.8dB @  80Hz 
            9W  73.8dB @  80Hz 
           12W  74.8dB @  80Hz 
           15W  75.8dB @  80Hz 
 80.9dB    48W  75.8dB @  80Hz   17
-------------
Aura_NS3_193_8A
-------------
 80.0dB             0.8l (1.1)                20W
SplMech  Pmech SplEle     f3

 79.1dB    59W  74.4dB @  28Hz   19
            2W  67.6dB @  32Hz 
            3W  68.7dB @  32Hz 
            4W  69.7dB @  32Hz 
            5W  70.7dB @  32Hz 
            6W  71.7dB @  32Hz 
            8W  72.7dB @  32Hz 
           10W  73.7dB @  32Hz 
           13W  74.7dB @  32Hz 
           16W  75.7dB @  32Hz 
           20W  76.7dB @  32Hz 
 81.4dB    59W  76.7dB @  32Hz   17
 83.4dB    59W  78.7dB @  36Hz   15
 85.3dB    59W  80.5dB @  40Hz   13
 86.9dB    60W  82.2dB @  44Hz   12
 88.4dB    60W  83.7dB @  48Hz   10
 89.8dB    60W  85.1dB @  52Hz    9
 91.1dB    60W  86.4dB @  56Hz    7
 92.3dB    60W  87.6dB @  60Hz    6
 93.4dB    60W  88.7dB @  64Hz    5
 94.5dB    60W  89.7dB @  68Hz    4
 95.5dB    60W  90.7dB @  72Hz    3
 96.4dB    60W  91.7dB @  76Hz    2
            2W  83.5dB @  80Hz 
            3W  84.5dB @  80Hz 
            4W  85.5dB @  80Hz 
            5W  86.5dB @  80Hz 
            6W  87.5dB @  80Hz 
            8W  88.5dB @  80Hz 
           10W  89.5dB @  80Hz 
           13W  90.5dB @  80Hz 
           16W  91.5dB @  80Hz 
           20W  92.5dB @  80Hz 
 97.3dB    60W  92.5dB @  80Hz    1
-------------
Aura_NS4_255_8D
-------------
 84.0dB             0.7l (1.1)                20W
SplMech  Pmech SplEle     f3

            2W  67.0dB @  32Hz 
            3W  68.0dB @  32Hz 
            4W  69.0dB @  32Hz 
            5W  70.0dB @  32Hz 
            6W  71.0dB @  32Hz 
            8W  72.0dB @  32Hz 
           10W  73.0dB @  32Hz 
           13W  74.0dB @  32Hz 
           16W  75.0dB @  32Hz 
           20W  76.0dB @  32Hz 
 86.2dB   209W  76.0dB @  32Hz   20
 88.3dB   210W  78.1dB @  36Hz   18
 90.1dB   210W  79.9dB @  40Hz   16
 91.8dB   210W  81.5dB @  44Hz   14
 93.3dB   211W  83.0dB @  48Hz   13
 94.7dB   211W  84.4dB @  52Hz   11
 95.9dB   211W  85.7dB @  56Hz   10
 97.1dB   211W  86.9dB @  60Hz    9
 98.3dB   211W  88.0dB @  64Hz    8
 99.3dB   212W  89.1dB @  68Hz    7
100.3dB   212W  90.1dB @  72Hz    6
101.2dB   212W  91.0dB @  76Hz    5
            2W  82.8dB @  80Hz 
            3W  83.9dB @  80Hz 
            4W  84.9dB @  80Hz 
            5W  85.9dB @  80Hz 
            6W  86.9dB @  80Hz 
            8W  87.9dB @  80Hz 
           10W  88.9dB @  80Hz 
           13W  89.9dB @  80Hz 
           16W  90.9dB @  80Hz 
           20W  91.9dB @  80Hz 
102.1dB   212W  91.9dB @  80Hz    4
-------------
Aura_NS4_255_4D
-------------
 84.0dB             0.6l (1.1)                20W
SplMech  Pmech SplEle     f3

 88.3dB   393W  75.3dB @  36Hz   18
 90.1dB   394W  77.2dB @  40Hz   16
 91.8dB   394W  78.8dB @  44Hz   15
 93.3dB   395W  80.3dB @  48Hz   13
 94.7dB   395W  81.7dB @  52Hz   12
 95.9dB   396W  83.0dB @  56Hz   11
 97.1dB   396W  84.2dB @  60Hz    9
 98.3dB   396W  85.3dB @  64Hz    8
 99.3dB   397W  86.3dB @  68Hz    7
100.3dB   397W  87.3dB @  72Hz    6
101.2dB   397W  88.3dB @  76Hz    5
            2W  80.1dB @  80Hz 
            3W  81.1dB @  80Hz 
            4W  82.1dB @  80Hz 
            5W  83.1dB @  80Hz 
            6W  84.1dB @  80Hz 
            8W  85.1dB @  80Hz 
           10W  86.1dB @  80Hz 
           13W  87.1dB @  80Hz 
           16W  88.1dB @  80Hz 
           20W  89.1dB @  80Hz 
102.1dB   398W  89.1dB @  80Hz    4
-------------
Aura_NFS8_495_8B
-------------
 84.0dB             3.9l (1.1)               100W
SplMech  Pmech SplEle     f3

 94.2dB   459W  87.6dB @  24Hz   17
 96.9dB   460W  90.2dB @  28Hz   14
            3W  77.5dB @  32Hz 
            4W  78.5dB @  32Hz 
            5W  79.5dB @  32Hz 
            6W  80.5dB @  32Hz 
            8W  81.5dB @  32Hz 
           10W  82.5dB @  32Hz 
           12W  83.5dB @  32Hz 
           16W  84.5dB @  32Hz 
           20W  85.5dB @  32Hz 
           25W  86.5dB @  32Hz 
           31W  87.5dB @  32Hz 
           40W  88.5dB @  32Hz 
           50W  89.5dB @  32Hz 
           63W  90.5dB @  32Hz 
           79W  91.5dB @  32Hz 
          100W  92.5dB @  32Hz 
 99.2dB   461W  92.5dB @  32Hz   12
101.2dB   462W  94.6dB @  36Hz   10
103.1dB   462W  96.4dB @  40Hz    8
104.7dB   463W  98.1dB @  44Hz    6
106.2dB   463W  99.6dB @  48Hz    5
107.6dB   464W 100.9dB @  52Hz    4
108.9dB   464W 102.2dB @  56Hz    2
110.1dB   465W 103.4dB @  60Hz    1
111.2dB   465W 104.5dB @  64Hz   -0
112.3dB   466W 105.6dB @  68Hz   -1
113.3dB   466W 106.6dB @  72Hz   -2
114.2dB   466W 107.5dB @  76Hz   -3
            3W  93.3dB @  80Hz 
            4W  94.4dB @  80Hz 
            5W  95.4dB @  80Hz 
            6W  96.4dB @  80Hz 
            8W  97.4dB @  80Hz 
           10W  98.4dB @  80Hz 
           12W  99.4dB @  80Hz 
           16W 100.4dB @  80Hz 
           20W 101.4dB @  80Hz 
           25W 102.4dB @  80Hz 
           31W 103.4dB @  80Hz 
           40W 104.4dB @  80Hz 
           50W 105.4dB @  80Hz 
           63W 106.4dB @  80Hz 
           79W 107.4dB @  80Hz 
          100W 108.4dB @  80Hz 
115.1dB   467W 108.4dB @  80Hz   -4
-------------
Aura_NFS8_495_4A
-------------
 84.0dB             1.2l (1.1)               100W
SplMech  Pmech SplEle     f3

            3W  67.7dB @  32Hz 
            4W  68.7dB @  32Hz 
            5W  69.7dB @  32Hz 
            6W  70.7dB @  32Hz 
            8W  71.7dB @  32Hz 
           10W  72.7dB @  32Hz 
           12W  73.7dB @  32Hz 
           16W  74.7dB @  32Hz 
           20W  75.7dB @  32Hz 
           25W  76.7dB @  32Hz 
           31W  77.7dB @  32Hz 
           40W  78.7dB @  32Hz 
           50W  79.7dB @  32Hz 
           63W  80.7dB @  32Hz 
           79W  81.8dB @  32Hz 
          100W  82.8dB @  32Hz 
 94.5dB  1491W  82.8dB @  32Hz   18
 96.5dB  1494W  84.8dB @  36Hz   16
 98.4dB  1496W  86.6dB @  40Hz   14
100.0dB  1498W  88.3dB @  44Hz   13
101.5dB  1500W  89.8dB @  48Hz   11
102.9dB  1501W  91.2dB @  52Hz   10
104.2dB  1503W  92.4dB @  56Hz    8
105.4dB  1504W  93.6dB @  60Hz    7
106.5dB  1506W  94.8dB @  64Hz    6
107.6dB  1507W  95.8dB @  68Hz    5
108.6dB  1508W  96.8dB @  72Hz    4
109.5dB  1509W  97.7dB @  76Hz    3
            3W  83.6dB @  80Hz 
            4W  84.6dB @  80Hz 
            5W  85.6dB @  80Hz 
            6W  86.6dB @  80Hz 
            8W  87.6dB @  80Hz 
           10W  88.6dB @  80Hz 
           12W  89.6dB @  80Hz 
           16W  90.6dB @  80Hz 
           20W  91.6dB @  80Hz 
           25W  92.6dB @  80Hz 
           31W  93.6dB @  80Hz 
           40W  94.6dB @  80Hz 
           50W  95.6dB @  80Hz 
           63W  96.6dB @  80Hz 
           79W  97.6dB @  80Hz 
          100W  98.6dB @  80Hz 
110.4dB  1510W  98.6dB @  80Hz    2
-------------
Aura_NS10_513_4A
-------------
 84.0dB             6.4l (1.1)               200W
SplMech  Pmech SplEle     f3

            3W  69.2dB @  20Hz 
            4W  70.2dB @  20Hz 
            5W  71.2dB @  20Hz 
            6W  72.2dB @  20Hz 
            8W  73.2dB @  20Hz 
           10W  74.2dB @  20Hz 
           12W  75.2dB @  20Hz 
           16W  76.2dB @  20Hz 
           20W  77.2dB @  20Hz 
           25W  78.2dB @  20Hz 
           31W  79.2dB @  20Hz 
           40W  80.2dB @  20Hz 
           50W  81.2dB @  20Hz 
           63W  82.2dB @  20Hz 
           79W  83.2dB @  20Hz 
          100W  84.2dB @  20Hz 
          126W  85.2dB @  20Hz 
          159W  86.2dB @  20Hz 
          200W  87.2dB @  20Hz 
100.3dB  4065W  87.2dB @  20Hz   19
103.5dB  4075W  90.4dB @  24Hz   16
106.2dB  4083W  93.1dB @  28Hz   13
            3W  77.3dB @  32Hz 
            4W  78.3dB @  32Hz 
            5W  79.3dB @  32Hz 
            6W  80.3dB @  32Hz 
            8W  81.3dB @  32Hz 
           10W  82.3dB @  32Hz 
           12W  83.3dB @  32Hz 
           16W  84.3dB @  32Hz 
           20W  85.3dB @  32Hz 
           25W  86.3dB @  32Hz 
           31W  87.3dB @  32Hz 
           40W  88.3dB @  32Hz 
           50W  89.3dB @  32Hz 
           63W  90.3dB @  32Hz 
           79W  91.3dB @  32Hz 
          100W  92.4dB @  32Hz 
          126W  93.4dB @  32Hz 
          159W  94.4dB @  32Hz 
          200W  95.4dB @  32Hz 
108.5dB  4091W  95.4dB @  32Hz   11
110.5dB  4098W  97.4dB @  36Hz    9
112.3dB  4103W  99.2dB @  40Hz    7
114.0dB  4109W 100.9dB @  44Hz    5
115.5dB  4114W 102.4dB @  48Hz    4
116.9dB  4118W 103.8dB @  52Hz    2
118.2dB  4122W 105.1dB @  56Hz    1
119.4dB  4126W 106.2dB @  60Hz   -0
120.5dB  4130W 107.4dB @  64Hz   -1
121.6dB  4133W 108.4dB @  68Hz   -2
122.6dB  4137W 109.4dB @  72Hz   -3
123.5dB  4140W 110.3dB @  76Hz   -4
            3W  93.2dB @  80Hz 
            4W  94.2dB @  80Hz 
            5W  95.2dB @  80Hz 
            6W  96.2dB @  80Hz 
            8W  97.2dB @  80Hz 
           10W  98.2dB @  80Hz 
           12W  99.2dB @  80Hz 
           16W 100.2dB @  80Hz 
           20W 101.2dB @  80Hz 
           25W 102.2dB @  80Hz 
           31W 103.2dB @  80Hz 
           40W 104.2dB @  80Hz 
           50W 105.2dB @  80Hz 
           63W 106.2dB @  80Hz 
           79W 107.2dB @  80Hz 
          100W 108.2dB @  80Hz 
          126W 109.2dB @  80Hz 
          159W 110.2dB @  80Hz 
          200W 111.2dB @  80Hz 
124.4dB  4143W 111.2dB @  80Hz   -5
-------------
Aura_NS10_794_4A
-------------
 83.0dB             5.6l (1.1)               400W
SplMech  Pmech SplEle     f3

            6W  72.4dB @  20Hz 
            8W  73.4dB @  20Hz 
           10W  74.4dB @  20Hz 
           12W  75.4dB @  20Hz 
           16W  76.4dB @  20Hz 
           20W  77.4dB @  20Hz 
           25W  78.4dB @  20Hz 
           31W  79.4dB @  20Hz 
           40W  80.4dB @  20Hz 
           50W  81.4dB @  20Hz 
           63W  82.4dB @  20Hz 
           79W  83.4dB @  20Hz 
          100W  84.4dB @  20Hz 
          126W  85.4dB @  20Hz 
          159W  86.4dB @  20Hz 
          200W  87.4dB @  20Hz 
          252W  88.4dB @  20Hz 
          317W  89.4dB @  20Hz 
          400W  90.4dB @  20Hz 
104.6dB 10371W  90.4dB @  20Hz   18
107.7dB 10397W  93.6dB @  24Hz   15
110.4dB 10419W  96.2dB @  28Hz   12
            6W  80.5dB @  32Hz 
            8W  81.5dB @  32Hz 
           10W  82.5dB @  32Hz 
           12W  83.5dB @  32Hz 
           16W  84.5dB @  32Hz 
           20W  85.5dB @  32Hz 
           25W  86.5dB @  32Hz 
           31W  87.5dB @  32Hz 
           40W  88.5dB @  32Hz 
           50W  89.5dB @  32Hz 
           63W  90.5dB @  32Hz 
           79W  91.5dB @  32Hz 
          100W  92.5dB @  32Hz 
          126W  93.5dB @  32Hz 
          159W  94.5dB @  32Hz 
          200W  95.5dB @  32Hz 
          252W  96.5dB @  32Hz 
          317W  97.5dB @  32Hz 
          400W  98.6dB @  32Hz 
112.7dB 10438W  98.6dB @  32Hz   10
114.8dB 10455W 100.6dB @  36Hz    8
116.6dB 10470W 102.4dB @  40Hz    6
118.2dB 10484W 104.1dB @  44Hz    4
119.8dB 10496W 105.6dB @  48Hz    3
121.2dB 10508W 107.0dB @  52Hz    1
122.4dB 10518W 108.2dB @  56Hz    0
123.6dB 10528W 109.4dB @  60Hz   -1
124.8dB 10537W 110.6dB @  64Hz   -2
125.8dB 10546W 111.6dB @  68Hz   -3
126.8dB 10554W 112.6dB @  72Hz   -4
127.7dB 10562W 113.5dB @  76Hz   -5
            6W  96.4dB @  80Hz 
            8W  97.4dB @  80Hz 
           10W  98.4dB @  80Hz 
           12W  99.4dB @  80Hz 
           16W 100.4dB @  80Hz 
           20W 101.4dB @  80Hz 
           25W 102.4dB @  80Hz 
           31W 103.4dB @  80Hz 
           40W 104.4dB @  80Hz 
           50W 105.4dB @  80Hz 
           63W 106.4dB @  80Hz 
           79W 107.4dB @  80Hz 
          100W 108.4dB @  80Hz 
          126W 109.4dB @  80Hz 
          159W 110.4dB @  80Hz 
          200W 111.4dB @  80Hz 
          252W 112.4dB @  80Hz 
          317W 113.4dB @  80Hz 
          400W 114.4dB @  80Hz 
128.6dB 10570W 114.4dB @  80Hz   -6
-------------
Aura_NS12_513_4A
-------------
 85.0dB            19.7l (1.1)               200W
SplMech  Pmech SplEle     f3

 99.5dB  2078W  89.4dB @  16Hz   17
            3W  75.2dB @  20Hz 
            4W  76.2dB @  20Hz 
            5W  77.2dB @  20Hz 
            6W  78.2dB @  20Hz 
            8W  79.2dB @  20Hz 
           10W  80.2dB @  20Hz 
           12W  81.2dB @  20Hz 
           16W  82.2dB @  20Hz 
           20W  83.2dB @  20Hz 
           25W  84.2dB @  20Hz 
           31W  85.2dB @  20Hz 
           40W  86.2dB @  20Hz 
           50W  87.2dB @  20Hz 
           63W  88.2dB @  20Hz 
           79W  89.2dB @  20Hz 
          100W  90.2dB @  20Hz 
          126W  91.2dB @  20Hz 
          159W  92.2dB @  20Hz 
          200W  93.2dB @  20Hz 
103.4dB  2084W  93.2dB @  20Hz   13
106.6dB  2089W  96.4dB @  24Hz   10
109.3dB  2094W  99.1dB @  28Hz    7
            3W  83.3dB @  32Hz 
            4W  84.3dB @  32Hz 
            5W  85.3dB @  32Hz 
            6W  86.3dB @  32Hz 
            8W  87.3dB @  32Hz 
           10W  88.3dB @  32Hz 
           12W  89.3dB @  32Hz 
           16W  90.3dB @  32Hz 
           20W  91.3dB @  32Hz 
           25W  92.3dB @  32Hz 
           31W  93.3dB @  32Hz 
           40W  94.3dB @  32Hz 
           50W  95.3dB @  32Hz 
           63W  96.3dB @  32Hz 
           79W  97.3dB @  32Hz 
          100W  98.4dB @  32Hz 
          126W  99.4dB @  32Hz 
          159W 100.4dB @  32Hz 
          200W 101.4dB @  32Hz 
111.6dB  2097W 101.4dB @  32Hz    5
113.6dB  2101W 103.4dB @  36Hz    3
115.4dB  2104W 105.2dB @  40Hz    1
117.1dB  2106W 106.9dB @  44Hz   -1
118.6dB  2109W 108.4dB @  48Hz   -2
120.0dB  2111W 109.8dB @  52Hz   -4
121.3dB  2113W 111.1dB @  56Hz   -5
122.5dB  2115W 112.2dB @  60Hz   -6
123.6dB  2117W 113.4dB @  64Hz   -7
124.7dB  2119W 114.4dB @  68Hz   -8
125.7dB  2121W 115.4dB @  72Hz   -9
126.6dB  2122W 116.3dB @  76Hz  -10
            3W  99.2dB @  80Hz 
            4W 100.2dB @  80Hz 
            5W 101.2dB @  80Hz 
            6W 102.2dB @  80Hz 
            8W 103.2dB @  80Hz 
           10W 104.2dB @  80Hz 
           12W 105.2dB @  80Hz 
           16W 106.2dB @  80Hz 
           20W 107.2dB @  80Hz 
           25W 108.2dB @  80Hz 
           31W 109.2dB @  80Hz 
           40W 110.2dB @  80Hz 
           50W 111.2dB @  80Hz 
           63W 112.2dB @  80Hz 
           79W 113.2dB @  80Hz 
          100W 114.2dB @  80Hz 
          126W 115.2dB @  80Hz 
          159W 116.2dB @  80Hz 
          200W 117.2dB @  80Hz 
127.5dB  2124W 117.2dB @  80Hz  -11
-------------
Aura_NS12_794_4A
-------------
 84.0dB            15.3l (1.1)               400W
SplMech  Pmech SplEle     f3

104.4dB  7559W  91.6dB @  16Hz   18
            6W  77.4dB @  20Hz 
            8W  78.4dB @  20Hz 
           10W  79.4dB @  20Hz 
           12W  80.5dB @  20Hz 
           16W  81.5dB @  20Hz 
           20W  82.5dB @  20Hz 
           25W  83.5dB @  20Hz 
           31W  84.5dB @  20Hz 
           40W  85.5dB @  20Hz 
           50W  86.5dB @  20Hz 
           63W  87.5dB @  20Hz 
           79W  88.5dB @  20Hz 
          100W  89.5dB @  20Hz 
          126W  90.5dB @  20Hz 
          159W  91.5dB @  20Hz 
          200W  92.5dB @  20Hz 
          252W  93.5dB @  20Hz 
          317W  94.5dB @  20Hz 
          400W  95.5dB @  20Hz 
108.3dB  7582W  95.5dB @  20Hz   14
111.4dB  7601W  98.7dB @  24Hz   11
114.1dB  7617W 101.3dB @  28Hz    8
            6W  85.6dB @  32Hz 
            8W  86.6dB @  32Hz 
           10W  87.6dB @  32Hz 
           12W  88.6dB @  32Hz 
           16W  89.6dB @  32Hz 
           20W  90.6dB @  32Hz 
           25W  91.6dB @  32Hz 
           31W  92.6dB @  32Hz 
           40W  93.6dB @  32Hz 
           50W  94.6dB @  32Hz 
           63W  95.6dB @  32Hz 
           79W  96.6dB @  32Hz 
          100W  97.6dB @  32Hz 
          126W  98.6dB @  32Hz 
          159W  99.6dB @  32Hz 
          200W 100.6dB @  32Hz 
          252W 101.6dB @  32Hz 
          317W 102.6dB @  32Hz 
          400W 103.6dB @  32Hz 
116.4dB  7631W 103.6dB @  32Hz    6
118.5dB  7643W 105.7dB @  36Hz    4
120.3dB  7654W 107.5dB @  40Hz    2
122.0dB  7664W 109.2dB @  44Hz    0
123.5dB  7673W 110.7dB @  48Hz   -1
124.9dB  7682W 112.0dB @  52Hz   -3
126.2dB  7690W 113.3dB @  56Hz   -4
127.4dB  7697W 114.5dB @  60Hz   -5
128.5dB  7704W 115.6dB @  64Hz   -6
129.5dB  7710W 116.7dB @  68Hz   -7
130.5dB  7716W 117.7dB @  72Hz   -8
131.5dB  7722W 118.6dB @  76Hz   -9
            6W 101.4dB @  80Hz 
            8W 102.4dB @  80Hz 
           10W 103.4dB @  80Hz 
           12W 104.5dB @  80Hz 
           16W 105.5dB @  80Hz 
           20W 106.5dB @  80Hz 
           25W 107.5dB @  80Hz 
           31W 108.5dB @  80Hz 
           40W 109.5dB @  80Hz 
           50W 110.5dB @  80Hz 
           63W 111.5dB @  80Hz 
           79W 112.5dB @  80Hz 
          100W 113.5dB @  80Hz 
          126W 114.5dB @  80Hz 
          159W 115.5dB @  80Hz 
          200W 116.5dB @  80Hz 
          252W 117.5dB @  80Hz 
          317W 118.5dB @  80Hz 
          400W 119.5dB @  80Hz 
132.4dB  7727W 119.5dB @  80Hz  -10
-------------
Aura_NS15_992_4A
-------------
 86.0dB            26.2l (1.1)               800W
SplMech  Pmech SplEle     f3

111.2dB 17726W  97.8dB @  16Hz   14
           12W  83.6dB @  20Hz 
           16W  84.6dB @  20Hz 
           20W  85.6dB @  20Hz 
           25W  86.6dB @  20Hz 
           31W  87.6dB @  20Hz 
           40W  88.6dB @  20Hz 
           50W  89.6dB @  20Hz 
           63W  90.6dB @  20Hz 
           79W  91.6dB @  20Hz 
          100W  92.6dB @  20Hz 
          126W  93.6dB @  20Hz 
          159W  94.6dB @  20Hz 
          200W  95.6dB @  20Hz 
          252W  96.6dB @  20Hz 
          317W  97.6dB @  20Hz 
          400W  98.6dB @  20Hz 
          504W  99.6dB @  20Hz 
          635W 100.6dB @  20Hz 
          800W 101.6dB @  20Hz 
115.1dB 17781W 101.6dB @  20Hz   10
118.3dB 17825W 104.8dB @  24Hz    7
121.0dB 17863W 107.5dB @  28Hz    5
           12W  91.7dB @  32Hz 
           16W  92.7dB @  32Hz 
           20W  93.7dB @  32Hz 
           25W  94.7dB @  32Hz 
           31W  95.7dB @  32Hz 
           40W  96.7dB @  32Hz 
           50W  97.7dB @  32Hz 
           63W  98.7dB @  32Hz 
           79W  99.7dB @  32Hz 
          100W 100.8dB @  32Hz 
          126W 101.8dB @  32Hz 
          159W 102.8dB @  32Hz 
          200W 103.8dB @  32Hz 
          252W 104.8dB @  32Hz 
          317W 105.8dB @  32Hz 
          400W 106.8dB @  32Hz 
          504W 107.8dB @  32Hz 
          635W 108.8dB @  32Hz 
          800W 109.8dB @  32Hz 
123.3dB 17895W 109.8dB @  32Hz    2
125.3dB 17924W 111.8dB @  36Hz    0
127.2dB 17950W 113.6dB @  40Hz   -2
128.8dB 17974W 115.3dB @  44Hz   -3
130.3dB 17995W 116.8dB @  48Hz   -5
131.7dB 18015W 118.2dB @  52Hz   -6
133.0dB 18033W 119.5dB @  56Hz   -7
134.2dB 18050W 120.7dB @  60Hz   -9
135.3dB 18066W 121.8dB @  64Hz  -10
136.4dB 18081W 122.8dB @  68Hz  -11
137.4dB 18095W 123.8dB @  72Hz  -12
138.3dB 18108W 124.8dB @  76Hz  -13
           12W 107.6dB @  80Hz 
           16W 108.6dB @  80Hz 
           20W 109.6dB @  80Hz 
           25W 110.6dB @  80Hz 
           31W 111.6dB @  80Hz 
           40W 112.6dB @  80Hz 
           50W 113.6dB @  80Hz 
           63W 114.6dB @  80Hz 
           79W 115.6dB @  80Hz 
          100W 116.6dB @  80Hz 
          126W 117.6dB @  80Hz 
          159W 118.6dB @  80Hz 
          200W 119.6dB @  80Hz 
          252W 120.6dB @  80Hz 
          317W 121.6dB @  80Hz 
          400W 122.6dB @  80Hz 
          504W 123.6dB @  80Hz 
          635W 124.6dB @  80Hz 
          800W 125.6dB @  80Hz 
139.2dB 18121W 125.6dB @  80Hz  -14
-------------
Aura_NS18_992_4A
-------------
 86.0dB            82.9l (1.1)               800W
SplMech  Pmech SplEle     f3

115.1dB 12980W 103.0dB @  16Hz   11
           12W  88.8dB @  20Hz 
           16W  89.8dB @  20Hz 
           20W  90.8dB @  20Hz 
           25W  91.8dB @  20Hz 
           31W  92.8dB @  20Hz 
           40W  93.8dB @  20Hz 
           50W  94.8dB @  20Hz 
           63W  95.8dB @  20Hz 
           79W  96.8dB @  20Hz 
          100W  97.8dB @  20Hz 
          126W  98.8dB @  20Hz 
          159W  99.8dB @  20Hz 
          200W 100.8dB @  20Hz 
          252W 101.8dB @  20Hz 
          317W 102.8dB @  20Hz 
          400W 103.8dB @  20Hz 
          504W 104.8dB @  20Hz 
          635W 105.8dB @  20Hz 
          800W 106.9dB @  20Hz 
119.0dB 13019W 106.9dB @  20Hz    7
122.1dB 13052W 110.0dB @  24Hz    4
124.8dB 13080W 112.7dB @  28Hz    1
           12W  96.9dB @  32Hz 
           16W  97.9dB @  32Hz 
           20W  98.9dB @  32Hz 
           25W  99.9dB @  32Hz 
           31W 100.9dB @  32Hz 
           40W 101.9dB @  32Hz 
           50W 102.9dB @  32Hz 
           63W 104.0dB @  32Hz 
           79W 105.0dB @  32Hz 
          100W 106.0dB @  32Hz 
          126W 107.0dB @  32Hz 
          159W 108.0dB @  32Hz 
          200W 109.0dB @  32Hz 
          252W 110.0dB @  32Hz 
          317W 111.0dB @  32Hz 
          400W 112.0dB @  32Hz 
          504W 113.0dB @  32Hz 
          635W 114.0dB @  32Hz 
          800W 115.0dB @  32Hz 
127.1dB 13104W 115.0dB @  32Hz   -1
129.2dB 13125W 117.0dB @  36Hz   -3
131.0dB 13144W 118.9dB @  40Hz   -5
132.7dB 13161W 120.5dB @  44Hz   -7
134.2dB 13176W 122.0dB @  48Hz   -8
135.6dB 13191W 123.4dB @  52Hz  -10
136.9dB 13204W 124.7dB @  56Hz  -11
138.1dB 13217W 125.9dB @  60Hz  -12
139.2dB 13228W 127.0dB @  64Hz  -13
140.2dB 13239W 128.0dB @  68Hz  -14
141.2dB 13250W 129.0dB @  72Hz  -15
142.2dB 13260W 130.0dB @  76Hz  -16
           12W 112.8dB @  80Hz 
           16W 113.8dB @  80Hz 
           20W 114.8dB @  80Hz 
           25W 115.8dB @  80Hz 
           31W 116.8dB @  80Hz 
           40W 117.8dB @  80Hz 
           50W 118.8dB @  80Hz 
           63W 119.8dB @  80Hz 
           79W 120.8dB @  80Hz 
          100W 121.8dB @  80Hz 
          126W 122.8dB @  80Hz 
          159W 123.8dB @  80Hz 
          200W 124.8dB @  80Hz 
          252W 125.8dB @  80Hz 
          317W 126.8dB @  80Hz 
          400W 127.8dB @  80Hz 
          504W 128.8dB @  80Hz 
          635W 129.8dB @  80Hz 
          800W 130.9dB @  80Hz 
143.1dB 13269W 130.9dB @  80Hz  -17
