-------------
Aura_NSW1_205_8A
      78.0dB                              5W
Rpre   Spl      qtc    Vb     SplMech Pmech SplEle      f3

0.20  77.6dB:   0.8    0.2l: ( 89.3dB    19W  83.5dB) @ 222Hz
                0.9    0.1l: ( 89.7dB    21W  83.5dB) @ 228Hz
                1.0    0.0l: ( 90.3dB    24W  83.5dB) @ 236Hz
                1.1    0.0l: ( 91.1dB    28W  83.5dB) @ 246Hz
                1.1    0.0l: ( 88.2dB    15W  83.5dB) @ 209Hz (  168uF)

0.60  77.3dB:   0.8    0.4l: ( 88.6dB    17W  83.3dB) @ 214Hz
                0.9    0.1l: ( 89.1dB    19W  83.3dB) @ 220Hz
                1.0    0.1l: ( 89.6dB    22W  83.3dB) @ 227Hz
                1.1    0.0l: ( 90.4dB    26W  83.3dB) @ 237Hz
                1.1    0.0l: ( 87.5dB    13W  83.3dB) @ 201Hz (  175uF)

1.00  77.1dB:   0.8    2.3l: ( 88.0dB    16W  83.0dB) @ 206Hz
                0.9    0.1l: ( 88.5dB    17W  83.0dB) @ 212Hz
                1.0    0.1l: ( 89.0dB    20W  83.0dB) @ 219Hz
                1.1    0.0l: ( 89.8dB    24W  83.0dB) @ 229Hz
                1.1    0.0l: ( 86.9dB    12W  83.0dB) @ 194Hz (  181uF)

-------------
Aura_NSW2_326_8A
      84.0dB                             15W
Rpre   Spl      qtc    Vb     SplMech Pmech SplEle      f3

0.20  81.7dB:   0.8    0.3l: ( 97.8dB    51W  92.5dB) @ 212Hz
                0.9    0.2l: ( 98.3dB    57W  92.5dB) @ 218Hz
                1.0    0.1l: ( 98.9dB    65W  92.5dB) @ 225Hz
                1.1    0.1l: ( 99.6dB    77W  92.5dB) @ 235Hz
                1.1    0.1l: ( 96.8dB    40W  92.5dB) @ 199Hz (  173uF)

0.60  81.5dB:   0.8    0.6l: ( 97.0dB    44W  92.2dB) @ 202Hz
                0.9    0.2l: ( 97.4dB    50W  92.2dB) @ 207Hz
                1.0    0.1l: ( 98.0dB    57W  92.2dB) @ 214Hz
                1.1    0.1l: ( 98.8dB    67W  92.2dB) @ 224Hz
                1.1    0.1l: ( 95.9dB    35W  92.2dB) @ 190Hz (  182uF)

1.00  81.2dB:   0.8    1.4l: ( 96.1dB    39W  92.0dB) @ 193Hz
                0.9    0.3l: ( 96.6dB    44W  92.0dB) @ 198Hz
                1.0    0.1l: ( 97.2dB    50W  92.0dB) @ 204Hz
                1.1    0.1l: ( 97.9dB    59W  92.0dB) @ 213Hz
                1.1    0.1l: ( 95.1dB    31W  92.0dB) @ 181Hz (  191uF)

-------------
Aura_NS3_193_8A
      80.0dB                             20W
Rpre   Spl      qtc    Vb     SplMech Pmech SplEle      f3

0.20  81.0dB:   0.7   27.2l: ( 97.3dB    46W  93.8dB) @  80Hz
                0.8    3.3l: ( 98.7dB    63W  93.8dB) @  87Hz
                0.9    1.7l: ( 99.2dB    70W  93.8dB) @  89Hz
                1.0    1.1l: ( 99.8dB    80W  93.8dB) @  92Hz
                1.1    0.8l: (100.5dB    95W  93.8dB) @  96Hz
                1.1    0.8l: ( 97.7dB    49W  93.8dB) @  82Hz (  356uF)

0.60  80.8dB:   0.8    4.9l: ( 98.0dB    55W  93.5dB) @  83Hz
                0.9    2.1l: ( 98.4dB    62W  93.5dB) @  85Hz
                1.0    1.3l: ( 99.0dB    70W  93.5dB) @  88Hz
                1.1    0.9l: ( 99.8dB    84W  93.5dB) @  92Hz
                1.1    0.9l: ( 96.9dB    43W  93.5dB) @  78Hz (  373uF)

1.00  80.6dB:   0.8    8.5l: ( 97.2dB    49W  93.3dB) @  79Hz
                0.9    2.7l: ( 97.7dB    54W  93.3dB) @  82Hz
                1.0    1.5l: ( 98.2dB    62W  93.3dB) @  84Hz
                1.1    1.0l: ( 99.0dB    74W  93.3dB) @  88Hz
                1.1    1.0l: ( 96.1dB    38W  93.3dB) @  75Hz (  389uF)

-------------
Aura_NS4_255_8D
      84.0dB                             20W
Rpre   Spl      qtc    Vb     SplMech Pmech SplEle      f3

0.20  83.8dB:   0.5   16.1l: (105.7dB   201W  95.7dB) @  98Hz
                0.6    4.4l: (104.7dB   160W  95.7dB) @  93Hz
                0.7    2.4l: (104.8dB   161W  95.7dB) @  93Hz
                0.8    1.5l: (106.2dB   223W  95.7dB) @ 101Hz
                0.9    1.1l: (106.7dB   250W  95.7dB) @ 104Hz
                1.0    0.8l: (107.2dB   284W  95.7dB) @ 107Hz
                1.1    0.7l: (108.0dB   338W  95.7dB) @ 112Hz
                1.1    0.7l: (105.1dB   175W  95.7dB) @  95Hz (  375uF)

0.60  83.5dB:   0.5   46.2l: (104.7dB   170W  95.4dB) @  93Hz
                0.6    5.9l: (103.7dB   135W  95.4dB) @  88Hz
                0.7    2.9l: (103.8dB   137W  95.4dB) @  88Hz
                0.8    1.8l: (105.2dB   189W  95.4dB) @  95Hz
                0.9    1.3l: (105.7dB   211W  95.4dB) @  98Hz
                1.0    1.0l: (106.2dB   240W  95.4dB) @ 101Hz
                1.1    0.8l: (107.0dB   286W  95.4dB) @ 106Hz
                1.1    0.8l: (104.1dB   148W  95.4dB) @  90Hz (  397uF)

1.00  83.3dB:   0.6    8.3l: (102.8dB   115W  95.2dB) @  83Hz
                0.7    3.6l: (102.9dB   117W  95.2dB) @  83Hz
                0.8    2.2l: (104.3dB   162W  95.2dB) @  90Hz
                0.9    1.5l: (104.7dB   181W  95.2dB) @  93Hz
                1.0    1.1l: (105.3dB   205W  95.2dB) @  96Hz
                1.1    0.9l: (106.1dB   244W  95.2dB) @ 100Hz
                1.1    0.9l: (103.2dB   127W  95.2dB) @  85Hz (  419uF)

-------------
Aura_NS4_255_4D
      84.0dB                             20W
Rpre   Spl      qtc    Vb     SplMech Pmech SplEle      f3

0.20  84.0dB:   0.5    7.5l: (106.3dB   378W  93.5dB) @ 101Hz
                0.6    3.3l: (105.2dB   299W  93.5dB) @  96Hz
                0.7    1.9l: (105.3dB   303W  93.5dB) @  96Hz
                0.8    1.3l: (106.7dB   419W  93.5dB) @ 104Hz
                0.9    1.0l: (107.2dB   468W  93.5dB) @ 107Hz
                1.0    0.8l: (107.7dB   533W  93.5dB) @ 110Hz
                1.1    0.6l: (108.5dB   633W  93.5dB) @ 115Hz
                1.1    0.6l: (105.6dB   328W  93.5dB) @  98Hz (  628uF)

0.60  83.5dB:   0.5   15.4l: (104.6dB   287W  93.1dB) @  92Hz
                0.6    4.8l: (103.6dB   227W  93.1dB) @  87Hz
                0.7    2.6l: (103.7dB   230W  93.1dB) @  87Hz
                0.8    1.7l: (105.1dB   318W  93.1dB) @  95Hz
                0.9    1.2l: (105.6dB   355W  93.1dB) @  97Hz
                1.0    1.0l: (106.1dB   404W  93.1dB) @ 101Hz
                1.1    0.8l: (106.9dB   481W  93.1dB) @ 105Hz
                1.1    0.8l: (104.0dB   249W  93.1dB) @  89Hz (  689uF)

1.00  83.1dB:   0.5   72.6l: (103.1dB   224W  92.7dB) @  85Hz
                0.6    7.4l: (102.1dB   177W  92.7dB) @  80Hz
                0.7    3.6l: (102.2dB   179W  92.7dB) @  80Hz
                0.8    2.2l: (103.6dB   248W  92.7dB) @  87Hz
                0.9    1.6l: (104.1dB   277W  92.7dB) @  89Hz
                1.0    1.2l: (104.6dB   315W  92.7dB) @  92Hz
                1.1    0.9l: (105.4dB   375W  92.7dB) @  96Hz
                1.1    0.9l: (102.5dB   194W  92.7dB) @  82Hz (  751uF)

-------------
Aura_NFS8_495_8B
      84.0dB                            100W
Rpre   Spl      qtc    Vb     SplMech Pmech SplEle      f3

0.20  85.3dB:   0.5  251.7l: (110.9dB   440W 104.4dB) @  63Hz
                0.6   30.1l: (109.9dB   349W 104.4dB) @  59Hz
                0.7   14.8l: (109.9dB   353W 104.4dB) @  59Hz
                0.8    9.3l: (111.3dB   488W 104.4dB) @  64Hz
                0.9    6.5l: (111.8dB   546W 104.4dB) @  66Hz
                1.0    4.9l: (112.4dB   621W 104.4dB) @  68Hz
                1.1    3.9l: (113.1dB   738W 104.4dB) @  71Hz
                1.1    3.9l: (110.3dB   383W 104.4dB) @  61Hz (  553uF)

0.60  85.0dB:   0.6   41.9l: (109.0dB   301W 104.2dB) @  56Hz
                0.7   18.2l: (109.0dB   304W 104.2dB) @  56Hz
                0.8   11.0l: (110.4dB   421W 104.2dB) @  61Hz
                0.9    7.6l: (110.9dB   470W 104.2dB) @  63Hz
                1.0    5.6l: (111.5dB   535W 104.2dB) @  65Hz
                1.1    4.4l: (112.2dB   636W 104.2dB) @  68Hz
                1.1    4.4l: (109.4dB   330W 104.2dB) @  58Hz (  582uF)

1.00  84.8dB:   0.6   63.1l: (108.1dB   261W 104.0dB) @  54Hz
                0.7   22.7l: (108.2dB   264W 104.0dB) @  54Hz
                0.8   13.0l: (109.6dB   366W 104.0dB) @  58Hz
                0.9    8.8l: (110.1dB   409W 104.0dB) @  60Hz
                1.0    6.4l: (110.6dB   465W 104.0dB) @  62Hz
                1.1    5.0l: (111.4dB   553W 104.0dB) @  65Hz
                1.1    5.0l: (108.5dB   287W 104.0dB) @  55Hz (  611uF)

-------------
Aura_NFS8_495_4A
      84.0dB                            100W
Rpre   Spl      qtc    Vb     SplMech Pmech SplEle      f3

0.20  85.7dB:   0.5    8.1l: (112.3dB  1432W 100.8dB) @  89Hz
                0.6    4.9l: (111.3dB  1135W 100.8dB) @  84Hz
                0.7    3.3l: (111.4dB  1148W 100.8dB) @  85Hz
                0.8    2.4l: (112.8dB  1588W 100.8dB) @  92Hz
                0.9    1.9l: (113.3dB  1775W 100.8dB) @  94Hz
                1.0    1.5l: (113.8dB  2019W 100.8dB) @  97Hz
                1.1    1.2l: (114.6dB  2401W 100.8dB) @ 102Hz
                1.1    1.2l: (111.7dB  1245W 100.8dB) @  86Hz (  985uF)

0.60  85.1dB:   0.5   12.0l: (110.2dB   992W 100.2dB) @  79Hz
                0.6    6.8l: (109.2dB   786W 100.2dB) @  74Hz
                0.7    4.5l: (109.2dB   795W 100.2dB) @  75Hz
                0.8    3.3l: (110.6dB  1100W 100.2dB) @  81Hz
                0.9    2.5l: (111.1dB  1230W 100.2dB) @  83Hz
                1.0    2.0l: (111.7dB  1399W 100.2dB) @  86Hz
                1.1    1.6l: (112.4dB  1664W 100.2dB) @  90Hz
                1.1    1.6l: (109.6dB   862W 100.2dB) @  76Hz ( 1117uF)

1.00  84.6dB:   0.5   18.0l: (108.3dB   720W  99.7dB) @  71Hz
                0.6    9.5l: (107.3dB   571W  99.7dB) @  67Hz
                0.7    6.1l: (107.3dB   578W  99.7dB) @  67Hz
                0.8    4.3l: (108.7dB   799W  99.7dB) @  73Hz
                0.9    3.2l: (109.2dB   893W  99.7dB) @  75Hz
                1.0    2.5l: (109.8dB  1016W  99.7dB) @  77Hz
                1.1    2.0l: (110.5dB  1208W  99.7dB) @  80Hz
                1.1    2.0l: (107.7dB   626W  99.7dB) @  68Hz ( 1246uF)

-------------
Aura_NS10_513_4A
      84.0dB                            200W
Rpre   Spl      qtc    Vb     SplMech Pmech SplEle      f3

0.20  87.3dB:   0.5   57.5l: (119.0dB  3906W 106.1dB) @  59Hz
                0.6   30.1l: (118.0dB  3094W 106.1dB) @  55Hz
                0.7   19.3l: (118.0dB  3131W 106.1dB) @  55Hz
                0.8   13.6l: (119.4dB  4332W 106.1dB) @  60Hz
                0.9   10.2l: (119.9dB  4842W 106.1dB) @  62Hz
                1.0    8.0l: (120.5dB  5506W 106.1dB) @  64Hz
                1.1    6.4l: (121.2dB  6549W 106.1dB) @  67Hz
                1.1    6.4l: (118.4dB  3394W 106.1dB) @  57Hz ( 1304uF)

0.60  86.8dB:   0.5   98.8l: (117.0dB  2796W 105.5dB) @  52Hz
                0.6   44.0l: (116.0dB  2215W 105.5dB) @  49Hz
                0.7   26.6l: (116.0dB  2241W 105.5dB) @  49Hz
                0.8   18.2l: (117.5dB  3101W 105.5dB) @  54Hz
                0.9   13.5l: (117.9dB  3466W 105.5dB) @  55Hz
                1.0   10.4l: (118.5dB  3942W 105.5dB) @  57Hz
                1.1    8.3l: (119.2dB  4688W 105.5dB) @  60Hz
                1.1    8.3l: (116.4dB  2430W 105.5dB) @  50Hz ( 1460uF)

1.00  86.3dB:   0.5  204.0l: (115.3dB  2077W 105.1dB) @  47Hz
                0.6   65.8l: (114.2dB  1646W 105.1dB) @  45Hz
                0.7   36.5l: (114.3dB  1665W 105.1dB) @  45Hz
                0.8   24.1l: (115.7dB  2304W 105.1dB) @  49Hz
                0.9   17.4l: (116.2dB  2575W 105.1dB) @  50Hz
                1.0   13.3l: (116.7dB  2928W 105.1dB) @  52Hz
                1.1   10.5l: (117.5dB  3483W 105.1dB) @  54Hz
                1.1   10.5l: (114.6dB  1805W 105.1dB) @  46Hz ( 1615uF)

-------------
Aura_NS10_794_4A
      83.0dB                            400W
Rpre   Spl      qtc    Vb     SplMech Pmech SplEle      f3

0.20  85.7dB:   0.5   78.4l: (122.2dB  9957W 108.3dB) @  55Hz
                0.6   31.6l: (121.2dB  7889W 108.3dB) @  52Hz
                0.7   18.5l: (121.3dB  7982W 108.3dB) @  52Hz
                0.8   12.5l: (122.7dB 11043W 108.3dB) @  57Hz
                0.9    9.2l: (123.2dB 12344W 108.3dB) @  58Hz
                1.0    7.0l: (123.7dB 14038W 108.3dB) @  60Hz
                1.1    5.6l: (124.5dB 16696W 108.3dB) @  63Hz
                1.1    5.6l: (121.6dB  8653W 108.3dB) @  53Hz ( 1151uF)

0.60  85.3dB:   0.5  187.3l: (120.6dB  7543W 107.8dB) @  50Hz
                0.6   47.6l: (119.6dB  5976W 107.8dB) @  47Hz
                0.7   25.3l: (119.6dB  6047W 107.8dB) @  48Hz
                0.8   16.4l: (121.0dB  8366W 107.8dB) @  52Hz
                0.9   11.7l: (121.5dB  9351W 107.8dB) @  53Hz
                1.0    8.9l: (122.1dB 10634W 107.8dB) @  55Hz
                1.1    7.0l: (122.8dB 12648W 107.8dB) @  57Hz
                1.1    7.0l: (120.0dB  6555W 107.8dB) @  49Hz ( 1265uF)

1.00  84.9dB:   0.6   77.1l: (118.1dB  4652W 107.4dB) @  44Hz
                0.7   35.0l: (118.1dB  4707W 107.4dB) @  44Hz
                0.8   21.5l: (119.5dB  6512W 107.4dB) @  47Hz
                0.9   14.9l: (120.0dB  7279W 107.4dB) @  49Hz
                1.0   11.1l: (120.6dB  8278W 107.4dB) @  50Hz
                1.1    8.7l: (121.3dB  9846W 107.4dB) @  53Hz
                1.1    8.7l: (118.5dB  5103W 107.4dB) @  45Hz ( 1377uF)

-------------
Aura_NS12_513_4A
      85.0dB                            200W
Rpre   Spl      qtc    Vb     SplMech Pmech SplEle      f3

0.20  87.6dB:   0.5  227.4l: (116.2dB  1993W 106.2dB) @  42Hz
                0.6  102.9l: (115.2dB  1579W 106.2dB) @  39Hz
                0.7   62.5l: (115.3dB  1598W 106.2dB) @  40Hz
                0.8   43.0l: (116.7dB  2210W 106.2dB) @  43Hz
                0.9   31.8l: (117.1dB  2471W 106.2dB) @  44Hz
                1.0   24.6l: (117.7dB  2810W 106.2dB) @  46Hz
                1.1   19.7l: (118.5dB  3342W 106.2dB) @  48Hz
                1.1   19.7l: (115.6dB  1732W 106.2dB) @  40Hz ( 1889uF)

0.60  87.1dB:   0.5  526.7l: (114.2dB  1416W 105.7dB) @  37Hz
                0.6  163.4l: (113.2dB  1122W 105.7dB) @  35Hz
                0.7   90.0l: (113.2dB  1135W 105.7dB) @  35Hz
                0.8   59.3l: (114.7dB  1571W 105.7dB) @  38Hz
                0.9   42.8l: (115.1dB  1756W 105.7dB) @  39Hz
                1.0   32.6l: (115.7dB  1996W 105.7dB) @  41Hz
                1.1   25.8l: (116.4dB  2375W 105.7dB) @  42Hz
                1.1   25.8l: (113.6dB  1231W 105.7dB) @  36Hz ( 2121uF)

1.00  86.6dB:   0.6  281.3l: (111.4dB   829W 105.2dB) @  32Hz
                0.7  131.3l: (111.5dB   839W 105.2dB) @  32Hz
                0.8   81.3l: (112.9dB  1161W 105.2dB) @  34Hz
                0.9   56.8l: (113.4dB  1297W 105.2dB) @  35Hz
                1.0   42.5l: (113.9dB  1475W 105.2dB) @  37Hz
                1.1   33.2l: (114.7dB  1755W 105.2dB) @  38Hz
                1.1   33.2l: (111.8dB   909W 105.2dB) @  32Hz ( 2351uF)

-------------
Aura_NS12_794_4A
      84.0dB                            400W
Rpre   Spl      qtc    Vb     SplMech Pmech SplEle      f3

0.20  86.9dB:   0.5  302.7l: (121.9dB  7257W 109.4dB) @  44Hz
                0.6   96.2l: (120.9dB  5749W 109.4dB) @  41Hz
                0.7   53.2l: (121.0dB  5817W 109.4dB) @  42Hz
                0.8   35.1l: (122.4dB  8048W 109.4dB) @  45Hz
                0.9   25.4l: (122.9dB  8996W 109.4dB) @  46Hz
                1.0   19.4l: (123.4dB 10230W 109.4dB) @  48Hz
                1.1   15.3l: (124.2dB 12168W 109.4dB) @  50Hz
                1.1   15.3l: (121.3dB  6306W 109.4dB) @  42Hz ( 1491uF)

0.60  86.5dB:   0.6  157.6l: (119.3dB  4341W 108.9dB) @  38Hz
                0.7   75.4l: (119.3dB  4392W 108.9dB) @  38Hz
                0.8   47.0l: (120.7dB  6077W 108.9dB) @  41Hz
                0.9   33.0l: (121.2dB  6793W 108.9dB) @  42Hz
                1.0   24.7l: (121.8dB  7725W 108.9dB) @  43Hz
                1.1   19.4l: (122.5dB  9188W 108.9dB) @  45Hz
                1.1   19.4l: (119.7dB  4762W 108.9dB) @  39Hz ( 1641uF)

1.00  86.1dB:   0.6  302.5l: (117.8dB  3373W 108.5dB) @  35Hz
                0.7  109.5l: (117.8dB  3413W 108.5dB) @  35Hz
                0.8   63.1l: (119.2dB  4721W 108.5dB) @  38Hz
                0.9   42.6l: (119.7dB  5277W 108.5dB) @  39Hz
                1.0   31.3l: (120.3dB  6002W 108.5dB) @  40Hz
                1.1   24.2l: (121.0dB  7138W 108.5dB) @  42Hz
                1.1   24.2l: (118.2dB  3700W 108.5dB) @  35Hz ( 1789uF)

-------------
Aura_NS15_992_4A
      86.0dB                            800W
Rpre   Spl      qtc    Vb     SplMech Pmech SplEle      f3

0.20  86.9dB:   0.5  312.8l: (125.3dB 16972W 112.1dB) @  36Hz
                0.6  138.8l: (124.3dB 13446W 112.1dB) @  34Hz
                0.7   83.7l: (124.4dB 13604W 112.1dB) @  34Hz
                0.8   57.4l: (125.8dB 18822W 112.1dB) @  37Hz
                0.9   42.4l: (126.3dB 21039W 112.1dB) @  38Hz
                1.0   32.7l: (126.8dB 23927W 112.1dB) @  39Hz
                1.1   26.2l: (127.6dB 28457W 112.1dB) @  41Hz
                1.1   26.2l: (124.7dB 14749W 112.1dB) @  35Hz ( 1929uF)

0.60  86.4dB:   0.5  663.2l: (123.5dB 12552W 111.6dB) @  32Hz
                0.6  209.4l: (122.5dB  9944W 111.6dB) @  31Hz
                0.7  115.8l: (122.6dB 10061W 111.6dB) @  31Hz
                0.8   76.4l: (124.0dB 13920W 111.6dB) @  33Hz
                0.9   55.1l: (124.5dB 15560W 111.6dB) @  34Hz
                1.0   42.0l: (125.0dB 17695W 111.6dB) @  35Hz
                1.1   33.3l: (125.8dB 21046W 111.6dB) @  37Hz
                1.1   33.3l: (122.9dB 10908W 111.6dB) @  31Hz ( 2137uF)

1.00  86.0dB:   0.6  335.7l: (120.9dB  7591W 111.2dB) @  28Hz
                0.7  161.5l: (121.0dB  7680W 111.2dB) @  28Hz
                0.8  101.0l: (122.4dB 10625W 111.2dB) @  30Hz
                0.9   70.9l: (122.9dB 11877W 111.2dB) @  31Hz
                1.0   53.2l: (123.4dB 13507W 111.2dB) @  32Hz
                1.1   41.7l: (124.2dB 16065W 111.2dB) @  34Hz
                1.1   41.7l: (121.3dB  8326W 111.2dB) @  29Hz ( 2343uF)

-------------
Aura_NS18_992_4A
      86.0dB                            800W
Rpre   Spl      qtc    Vb     SplMech Pmech SplEle      f3

0.20  88.7dB:   0.6  711.6l: (124.5dB  9817W 113.6dB) @  27Hz
                0.7  329.6l: (124.5dB  9932W 113.6dB) @  28Hz
                0.8  203.5l: (125.9dB 13742W 113.6dB) @  30Hz
                0.9  142.0l: (126.4dB 15361W 113.6dB) @  31Hz
                1.0  106.1l: (127.0dB 17469W 113.6dB) @  32Hz
                1.1   82.9l: (127.7dB 20777W 113.6dB) @  33Hz
                1.1   82.9l: (124.9dB 10768W 113.6dB) @  28Hz ( 2537uF)

0.60  88.2dB:   0.7  539.0l: (122.7dB  7270W 113.1dB) @  25Hz
                0.8  296.4l: (124.1dB 10059W 113.1dB) @  27Hz
                0.9  196.3l: (124.6dB 11244W 113.1dB) @  28Hz
                1.0  142.5l: (125.1dB 12787W 113.1dB) @  29Hz
                1.1  109.4l: (125.9dB 15208W 113.1dB) @  30Hz
                1.1  109.4l: (123.0dB  7882W 113.1dB) @  25Hz ( 2823uF)

1.00  87.7dB:   0.8  443.7l: (122.4dB  7625W 112.7dB) @  24Hz
                0.9  271.9l: (122.9dB  8523W 112.7dB) @  25Hz
                1.0  189.8l: (123.5dB  9693W 112.7dB) @  26Hz
                1.1  142.3l: (124.2dB 11529W 112.7dB) @  27Hz
                1.1  142.3l: (121.4dB  5975W 112.7dB) @  23Hz ( 3104uF)

