-------------
B&C 15PS76                             99.0dB  550W                     2x100mm
Rpre   Spl         Vb      fb         SplMech Pmech  SplEle     f3       dv       lv

0.20  96.7dB:    42.5l @  58.5Hz  =>  132.4dB 5715W 122.3dB @  74.6Hz   2x100mm   655 mm 
                 47.6l @  56.4Hz  =>  131.5dB 4556W 122.3dB @  70.5Hz   2x100mm   574 mm 
                 53.3l @  54.4Hz  =>  130.5dB 3632W 122.3dB @  66.6Hz   2x100mm   501 mm 
             *   59.7l @  52.5Hz  =>  129.5dB 2895W 122.3dB @  63.0Hz   2x100mm   436 mm 
                 66.9l @  50.6Hz  =>  128.5dB 2308W 122.3dB @  59.5Hz   2x100mm   379 mm 
                 74.9l @  48.8Hz  =>  127.5dB 1840W 122.3dB @  56.2Hz   2x100mm   327 mm 
                 83.9l @  47.1Hz  =>  126.5dB 1467W 122.3dB @  53.1Hz   2x100mm   281 mm 
                 94.0l @  45.4Hz  =>  125.6dB 1169W 122.3dB @  50.2Hz   2x100mm   240 mm 
                105.3l @  43.8Hz  =>  124.6dB  932W 122.3dB @  47.4Hz   2x100mm   203 mm 
                117.9l @  42.2Hz  =>  123.6dB  743W 122.3dB @  44.8Hz   2x100mm   170 mm 
                132.1l @  40.7Hz  =>  122.6dB  592W 122.3dB @  42.3Hz   2x100mm   141 mm 
                147.9l @  39.3Hz  =>  121.6dB  472W 122.3dB @  40.0Hz   2x100mm   115 mm 
                165.7l @  37.9Hz  =>  120.6dB  376W 122.3dB @  37.8Hz   2x100mm    91 mm 
                185.5l @  36.5Hz  =>  119.6dB  300W 122.3dB @  35.7Hz   2x100mm    71 mm 
                207.8l @  35.2Hz  =>  118.7dB  239W 122.3dB @  33.8Hz   2x100mm    52 mm 
                232.7l @  34.0Hz  =>  117.7dB  191W 122.3dB @  31.9Hz   2x100mm    35 mm 
                260.7l @  32.8Hz  =>  116.7dB  152W 122.3dB @  30.1Hz   2x100mm    21 mm 
                291.9l @  31.6Hz  =>  115.7dB  121W 122.3dB @  28.5Hz + 3x100mm    40 mm 
                327.0l @  30.5Hz  =>  114.7dB   97W 122.3dB @  26.9Hz + 3x100mm    22 mm 
                366.2l @  29.4Hz  =>  113.7dB   77W 122.3dB @  25.4Hz + 4x100mm    31 mm 
                410.2l @  28.3Hz  =>  112.8dB   61W 122.3dB @  24.0Hz + 5x100mm    35 mm 
                459.4l @  27.3Hz  =>  111.8dB   49W 122.3dB @  22.7Hz + 6x100mm    33 mm 

0.60  96.4dB:    51.6l @  55.0Hz  =>  130.8dB 4165W 122.0dB @  67.7Hz   2x100mm   521 mm 
                 57.8l @  53.1Hz  =>  129.8dB 3321W 122.0dB @  64.0Hz   2x100mm   454 mm 
                 64.7l @  51.2Hz  =>  128.8dB 2647W 122.0dB @  60.5Hz   2x100mm   395 mm 
             *   72.5l @  49.3Hz  =>  127.8dB 2110W 122.0dB @  57.1Hz   2x100mm   341 mm 
                 81.2l @  47.6Hz  =>  126.8dB 1682W 122.0dB @  54.0Hz   2x100mm   294 mm 
                 91.0l @  45.9Hz  =>  125.8dB 1341W 122.0dB @  51.0Hz   2x100mm   251 mm 
                101.9l @  44.3Hz  =>  124.9dB 1069W 122.0dB @  48.2Hz   2x100mm   213 mm 

1.00  96.1dB:    61.8l @  51.9Hz  =>  129.2dB 3105W 121.7dB @  61.9Hz   2x100mm   418 mm 
                 69.2l @  50.1Hz  =>  128.2dB 2475W 121.7dB @  58.5Hz   2x100mm   362 mm 
                 77.5l @  48.3Hz  =>  127.2dB 1973W 121.7dB @  55.3Hz   2x100mm   313 mm 
             *   86.8l @  46.6Hz  =>  126.2dB 1573W 121.7dB @  52.2Hz   2x100mm   268 mm 
                 97.3l @  44.9Hz  =>  125.3dB 1254W 121.7dB @  49.3Hz   2x100mm   228 mm 
                108.9l @  43.3Hz  =>  124.3dB 1000W 121.7dB @  46.6Hz   2x100mm   193 mm 
                122.0l @  41.8Hz  =>  123.3dB  797W 121.7dB @  44.1Hz   2x100mm   161 mm 

-------------
TF1525                                 99.0dB  550W                     2x100mm
Rpre   Spl         Vb      fb         SplMech Pmech  SplEle     f3       dv       lv




-------------
TF1525                                 99.0dB  550W                     2x100mm
Rpre   Spl         Vb      fb         SplMech Pmech  SplEle     f3       dv       lv




