-------------
8cx21
            94.0dB           200W       1x70mm
   fu     fc      fo      SplMech  Vb1     Vb2       d         l        C
 28.4 Hz  74 Hz  193 Hz   96.4 dB   oo l +   4 l    1x70mm    483 mm  1022 µF
 29.0 Hz  75 Hz  194 Hz   96.7 dB  567 l +   4 l    1x70mm    469 mm   996 µF
 30.0 Hz  77 Hz  196 Hz   97.3 dB  203 l +   4 l    1x70mm    445 mm   952 µF

-------------
15PS76
            99.0dB           550W      2x100mm
   fu     fc      fo      SplMech  Vb1     Vb2       d         l        C
 12.6 Hz  38 Hz  114 Hz   97.6 dB   oo l +  22 l  - 1x100mm   651 mm  2665 µF
 13.0 Hz  39 Hz  116 Hz   98.1 dB 4087 l +  22 l  - 1x100mm   623 mm  2562 µF
 14.0 Hz  41 Hz  118 Hz   99.4 dB 1107 l +  22 l  - 1x100mm   557 mm  2321 µF
 15.0 Hz  43 Hz  121 Hz  100.6 dB  634 l +  22 l  - 1x100mm   501 mm  2117 µF
 16.0 Hz  45 Hz  124 Hz  101.7 dB  441 l +  22 l  - 1x100mm   453 mm  1942 µF
 17.0 Hz  46 Hz  126 Hz  102.7 dB  336 l +  22 l  - 1x100mm   411 mm  1792 µF
 18.0 Hz  48 Hz  129 Hz  103.7 dB  271 l +  22 l    2x100mm   792 mm  1660 µF
 19.0 Hz  50 Hz  131 Hz  104.7 dB  226 l +  22 l    2x100mm   729 mm  1545 µF
 20.0 Hz  52 Hz  133 Hz  105.6 dB  194 l +  22 l    2x100mm   674 mm  1443 µF
 21.0 Hz  53 Hz  136 Hz  106.4 dB  169 l +  22 l    2x100mm   624 mm  1352 µF
 22.0 Hz  55 Hz  138 Hz  107.2 dB  149 l +  22 l    2x100mm   580 mm  1270 µF
 23.0 Hz  57 Hz  140 Hz  108.0 dB  134 l +  22 l    2x100mm   540 mm  1197 µF
 24.0 Hz  58 Hz  142 Hz  108.7 dB  121 l +  22 l    2x100mm   504 mm  1131 µF
 25.0 Hz  60 Hz  144 Hz  109.4 dB  110 l +  22 l    2x100mm   471 mm  1071 µF
 26.0 Hz  62 Hz  146 Hz  110.1 dB  101 l +  22 l    2x100mm   442 mm  1017 µF
 27.0 Hz  63 Hz  147 Hz  110.8 dB   93 l +  22 l    2x100mm   414 mm   967 µF
 28.0 Hz  65 Hz  149 Hz  111.4 dB   87 l +  22 l    2x100mm   389 mm   921 µF
 29.0 Hz  66 Hz  151 Hz  112.0 dB   81 l +  22 l    2x100mm   366 mm   879 µF
 30.0 Hz  68 Hz  153 Hz  112.6 dB   76 l +  22 l    2x100mm   345 mm   840 µF

-------------
18PS76
            99.0dB           600W      3x100mm
   fu     fc      fo      SplMech  Vb1     Vb2       d         l        C
 13.2 Hz  39 Hz  115 Hz  100.8 dB   oo l +  30 l  * 1x100mm   430 mm  2446 µF
 14.0 Hz  41 Hz  117 Hz  101.8 dB 2607 l +  30 l  * 1x100mm   430 mm  2266 µF
 15.0 Hz  42 Hz  120 Hz  103.0 dB 1129 l +  30 l  - 2x100mm   744 mm  2067 µF
 16.0 Hz  44 Hz  123 Hz  104.1 dB  714 l +  30 l  - 2x100mm   673 mm  1896 µF
 17.0 Hz  46 Hz  125 Hz  105.2 dB  520 l +  30 l  - 2x100mm   612 mm  1749 µF
 18.0 Hz  48 Hz  128 Hz  106.2 dB  407 l +  30 l  - 2x100mm   559 mm  1621 µF
 19.0 Hz  50 Hz  130 Hz  107.1 dB  333 l +  30 l  - 2x100mm   512 mm  1508 µF
 20.0 Hz  51 Hz  132 Hz  108.0 dB  281 l +  30 l    3x100mm   740 mm  1408 µF
 21.0 Hz  53 Hz  134 Hz  108.8 dB  243 l +  30 l    3x100mm   685 mm  1320 µF
 22.0 Hz  55 Hz  136 Hz  109.6 dB  213 l +  30 l    3x100mm   635 mm  1240 µF
 23.0 Hz  56 Hz  138 Hz  110.4 dB  189 l +  30 l    3x100mm   591 mm  1169 µF
 24.0 Hz  58 Hz  140 Hz  111.2 dB  170 l +  30 l    3x100mm   550 mm  1104 µF
 25.0 Hz  60 Hz  142 Hz  111.9 dB  155 l +  30 l    3x100mm   514 mm  1046 µF
 26.0 Hz  61 Hz  144 Hz  112.5 dB  141 l +  30 l    3x100mm   481 mm   993 µF
 27.0 Hz  63 Hz  146 Hz  113.2 dB  130 l +  30 l    3x100mm   450 mm   944 µF
 28.0 Hz  64 Hz  148 Hz  113.8 dB  120 l +  30 l    3x100mm   423 mm   899 µF
 29.0 Hz  66 Hz  149 Hz  114.4 dB  112 l +  30 l    3x100mm   397 mm   858 µF
 30.0 Hz  67 Hz  151 Hz  115.0 dB  104 l +  30 l    3x100mm   373 mm   820 µF

-------------
18PS100
            96.0dB           700W      3x100mm
   fu     fc      fo      SplMech  Vb1     Vb2       d         l        C
 11.9 Hz  30 Hz   76 Hz  100.1 dB   oo l +  75 l  - 2x100mm   581 mm  2342 µF
 12.0 Hz  30 Hz   76 Hz  100.3 dB 14527 l +  75 l  - 2x100mm   569 mm  2303 µF
 13.0 Hz  32 Hz   78 Hz  101.7 dB 1865 l +  75 l    3x100mm   784 mm  2070 µF
 14.0 Hz  34 Hz   80 Hz  102.9 dB  984 l +  75 l    3x100mm   698 mm  1875 µF
 15.0 Hz  35 Hz   82 Hz  104.1 dB  664 l +  75 l    3x100mm   624 mm  1710 µF
 16.0 Hz  37 Hz   84 Hz  105.3 dB  498 l +  75 l    3x100mm   561 mm  1569 µF
 17.0 Hz  38 Hz   86 Hz  106.3 dB  396 l +  75 l    3x100mm   507 mm  1447 µF
 18.0 Hz  40 Hz   87 Hz  107.3 dB  328 l +  75 l    3x100mm   460 mm  1341 µF
 19.0 Hz  41 Hz   89 Hz  108.3 dB  280 l +  75 l    3x100mm   418 mm  1248 µF
 20.0 Hz  43 Hz   90 Hz  109.1 dB  243 l +  75 l    3x100mm   381 mm  1165 µF
 21.0 Hz  44 Hz   92 Hz  110.0 dB  214 l +  75 l    3x100mm   348 mm  1092 µF
 22.0 Hz  45 Hz   93 Hz  110.8 dB  191 l +  75 l    3x100mm   319 mm  1026 µF
 23.0 Hz  47 Hz   95 Hz  111.6 dB  172 l +  75 l    3x100mm   293 mm   967 µF
 24.0 Hz  48 Hz   96 Hz  112.3 dB  157 l +  75 l    3x100mm   269 mm   914 µF
 25.0 Hz  49 Hz   97 Hz  113.0 dB  144 l +  75 l    3x100mm   247 mm   865 µF
 26.0 Hz  51 Hz   99 Hz  113.7 dB  132 l +  75 l    3x100mm   228 mm   821 µF
 27.0 Hz  52 Hz  100 Hz  114.4 dB  123 l +  75 l    3x100mm   210 mm   781 µF
 28.0 Hz  53 Hz  101 Hz  115.0 dB  114 l +  75 l    3x100mm   193 mm   744 µF
 29.0 Hz  54 Hz  102 Hz  115.6 dB  107 l +  75 l    3x100mm   178 mm   710 µF
 30.0 Hz  56 Hz  104 Hz  116.2 dB  100 l +  75 l    3x100mm   164 mm   679 µF

-------------
18PZB100
            97.0dB           700W      3x100mm
   fu     fc      fo      SplMech  Vb1     Vb2       d         l        C
  9.5 Hz  30 Hz   94 Hz   95.7 dB   oo l +  34 l  * 1x100mm   680 mm  3619 µF
 10.0 Hz  31 Hz   96 Hz   96.5 dB 4507 l +  34 l  * 1x100mm   680 mm  3395 µF
 11.0 Hz  33 Hz   99 Hz   98.2 dB 1412 l +  34 l  * 1x100mm   680 mm  2990 µF
 12.0 Hz  35 Hz  102 Hz   99.7 dB  827 l +  34 l  * 1x100mm   680 mm  2662 µF
 13.0 Hz  37 Hz  105 Hz  101.1 dB  580 l +  34 l  * 1x100mm   680 mm  2393 µF
 14.0 Hz  39 Hz  107 Hz  102.4 dB  444 l +  34 l  - 2x100mm   792 mm  2168 µF
 15.0 Hz  41 Hz  110 Hz  103.6 dB  358 l +  34 l  - 2x100mm   713 mm  1977 µF
 16.0 Hz  42 Hz  112 Hz  104.7 dB  299 l +  34 l  - 2x100mm   645 mm  1814 µF
 17.0 Hz  44 Hz  114 Hz  105.8 dB  255 l +  34 l  - 2x100mm   586 mm  1673 µF
 18.0 Hz  46 Hz  117 Hz  106.7 dB  223 l +  34 l  - 2x100mm   535 mm  1551 µF
 19.0 Hz  48 Hz  119 Hz  107.7 dB  197 l +  34 l    3x100mm   768 mm  1443 µF
 20.0 Hz  49 Hz  121 Hz  108.6 dB  176 l +  34 l    3x100mm   708 mm  1347 µF
 21.0 Hz  51 Hz  123 Hz  109.4 dB  159 l +  34 l    3x100mm   655 mm  1262 µF
 22.0 Hz  52 Hz  125 Hz  110.2 dB  145 l +  34 l    3x100mm   607 mm  1187 µF
 23.0 Hz  54 Hz  127 Hz  111.0 dB  133 l +  34 l    3x100mm   564 mm  1118 µF
 24.0 Hz  56 Hz  128 Hz  111.7 dB  122 l +  34 l    3x100mm   526 mm  1057 µF
 25.0 Hz  57 Hz  130 Hz  112.5 dB  114 l +  34 l    3x100mm   490 mm  1001 µF
 26.0 Hz  59 Hz  132 Hz  113.1 dB  106 l +  34 l    3x100mm   458 mm   950 µF
 27.0 Hz  60 Hz  134 Hz  113.8 dB   99 l +  34 l    3x100mm   429 mm   903 µF
 28.0 Hz  62 Hz  135 Hz  114.4 dB   93 l +  34 l    3x100mm   402 mm   860 µF
 29.0 Hz  63 Hz  137 Hz  115.0 dB   87 l +  34 l    3x100mm   378 mm   821 µF
 30.0 Hz  64 Hz  138 Hz  115.6 dB   82 l +  34 l    3x100mm   355 mm   785 µF

