-------------
6NDL38
      92.0dB                            150W
Rpre   Spl      qtc    Vb     SplMech Pmech SplEle      f3

0.20  89.4dB:   0.5   23.8l: (118.3dB  1205W 109.3dB) @ 119Hz
                0.6    8.1l: (117.3dB   955W 109.3dB) @ 112Hz
                0.7    4.6l: (117.4dB   966W 109.3dB) @ 112Hz
                0.8    3.0l: (118.8dB  1337W 109.3dB) @ 122Hz
                0.9    2.2l: (119.3dB  1494W 109.3dB) @ 125Hz
                1.0    1.7l: (119.8dB  1699W 109.3dB) @ 129Hz
                1.1    1.3l: (120.6dB  2021W 109.3dB) @ 135Hz
                1.1    1.3l: (117.7dB  1048W 109.3dB) @ 115Hz (  371uF)

0.60  89.1dB:   0.5   54.5l: (117.2dB   984W 109.0dB) @ 111Hz
                0.6   11.2l: (116.1dB   780W 109.0dB) @ 105Hz
                0.7    5.8l: (116.2dB   789W 109.0dB) @ 105Hz
                0.8    3.7l: (117.6dB  1091W 109.0dB) @ 114Hz
                0.9    2.6l: (118.1dB  1220W 109.0dB) @ 117Hz
                1.0    2.0l: (118.6dB  1387W 109.0dB) @ 121Hz
                1.1    1.6l: (119.4dB  1650W 109.0dB) @ 126Hz
                1.1    1.6l: (116.5dB   855W 109.0dB) @ 107Hz (  397uF)

1.00  88.8dB:   0.6   16.3l: (115.0dB   645W 108.7dB) @  98Hz
                0.7    7.4l: (115.1dB   653W 108.7dB) @  98Hz
                0.8    4.5l: (116.5dB   903W 108.7dB) @ 107Hz
                0.9    3.2l: (117.0dB  1010W 108.7dB) @ 110Hz
                1.0    2.4l: (117.5dB  1148W 108.7dB) @ 113Hz
                1.1    1.8l: (118.3dB  1366W 108.7dB) @ 118Hz
                1.1    1.8l: (115.4dB   708W 108.7dB) @ 100Hz (  423uF)

-------------
8PS21
      94.0dB                            200W
Rpre   Spl      qtc    Vb     SplMech Pmech SplEle      f3

0.20  93.5dB:   0.5   12.4l: (125.8dB  2503W 114.8dB) @ 154Hz
                0.6    6.8l: (124.7dB  1983W 114.8dB) @ 146Hz
                0.7    4.4l: (124.8dB  2007W 114.8dB) @ 146Hz
                0.8    3.1l: (126.2dB  2776W 114.8dB) @ 158Hz
                0.9    2.4l: (126.7dB  3103W 114.8dB) @ 163Hz
                1.0    1.9l: (127.2dB  3529W 114.8dB) @ 168Hz
                1.1    1.5l: (128.0dB  4198W 114.8dB) @ 176Hz
                1.1    1.5l: (125.1dB  2176W 114.8dB) @ 149Hz (  275uF)

0.60  93.2dB:   0.5   16.0l: (124.7dB  2083W 114.5dB) @ 145Hz
                0.6    8.2l: (123.6dB  1651W 114.5dB) @ 137Hz
                0.7    5.2l: (123.7dB  1670W 114.5dB) @ 137Hz
                0.8    3.7l: (125.1dB  2310W 114.5dB) @ 149Hz
                0.9    2.8l: (125.6dB  2583W 114.5dB) @ 153Hz
                1.0    2.2l: (126.1dB  2937W 114.5dB) @ 158Hz
                1.1    1.7l: (126.9dB  3493W 114.5dB) @ 165Hz
                1.1    1.7l: (124.0dB  1810W 114.5dB) @ 140Hz (  293uF)

1.00  92.9dB:   0.5   21.0l: (123.6dB  1757W 114.2dB) @ 137Hz
                0.6   10.0l: (122.6dB  1392W 114.2dB) @ 129Hz
                0.7    6.2l: (122.7dB  1408W 114.2dB) @ 129Hz
                0.8    4.3l: (124.1dB  1948W 114.2dB) @ 140Hz
                0.9    3.2l: (124.6dB  2178W 114.2dB) @ 144Hz
                1.0    2.5l: (125.1dB  2477W 114.2dB) @ 149Hz
                1.1    2.0l: (125.9dB  2946W 114.2dB) @ 155Hz
                1.1    2.0l: (123.0dB  1527W 114.2dB) @ 132Hz (  310uF)

-------------
8NW51
      97.0dB                            200W
Rpre   Spl      qtc    Vb     SplMech Pmech SplEle      f3

0.20  95.4dB:   0.5    1.7l: (138.4dB 30859W 116.5dB) @ 292Hz
                0.6    1.1l: (137.4dB 24449W 116.5dB) @ 275Hz
                0.7    0.8l: (137.4dB 24736W 116.5dB) @ 276Hz
                0.8    0.6l: (138.8dB 34224W 116.5dB) @ 299Hz
                0.9    0.5l: (139.3dB 38254W 116.5dB) @ 308Hz
                1.0    0.4l: (139.9dB 43505W 116.5dB) @ 318Hz
                1.1    0.3l: (140.6dB 51743W 116.5dB) @ 332Hz
                1.1    0.3l: (137.8dB 26818W 116.5dB) @ 282Hz (  151uF)

0.60  95.1dB:   0.5    2.0l: (137.2dB 25411W 116.2dB) @ 273Hz
                0.6    1.3l: (136.2dB 20132W 116.2dB) @ 258Hz
                0.7    0.9l: (136.3dB 20369W 116.2dB) @ 258Hz
                0.8    0.7l: (137.7dB 28182W 116.2dB) @ 280Hz
                0.9    0.6l: (138.2dB 31501W 116.2dB) @ 288Hz
                1.0    0.4l: (138.7dB 35825W 116.2dB) @ 298Hz
                1.1    0.4l: (139.5dB 42608W 116.2dB) @ 311Hz
                1.1    0.4l: (136.6dB 22083W 116.2dB) @ 264Hz (  161uF)

1.00  94.8dB:   0.5    2.3l: (136.2dB 21224W 115.9dB) @ 257Hz
                0.6    1.5l: (135.2dB 16815W 115.9dB) @ 242Hz
                0.7    1.1l: (135.2dB 17013W 115.9dB) @ 243Hz
                0.8    0.8l: (136.6dB 23538W 115.9dB) @ 263Hz
                0.9    0.6l: (137.1dB 26310W 115.9dB) @ 271Hz
                1.0    0.5l: (137.7dB 29922W 115.9dB) @ 280Hz
                1.1    0.4l: (138.4dB 35587W 115.9dB) @ 292Hz
                1.1    0.4l: (135.6dB 18445W 115.9dB) @ 248Hz (  172uF)

-------------
8NDL51
      94.0dB                            200W
Rpre   Spl      qtc    Vb     SplMech Pmech SplEle      f3

0.20  91.6dB:   0.5   19.3l: (125.1dB  3396W 112.8dB) @ 126Hz
                0.6    9.4l: (124.1dB  2690W 112.8dB) @ 119Hz
                0.7    5.9l: (124.2dB  2722W 112.8dB) @ 119Hz
                0.8    4.1l: (125.6dB  3766W 112.8dB) @ 129Hz
                0.9    3.0l: (126.0dB  4210W 112.8dB) @ 133Hz
                1.0    2.4l: (126.6dB  4787W 112.8dB) @ 137Hz
                1.1    1.9l: (127.4dB  5694W 112.8dB) @ 143Hz
                1.1    1.9l: (124.5dB  2951W 112.8dB) @ 121Hz (  344uF)

0.60  91.3dB:   0.5   26.7l: (124.0dB  2836W 112.5dB) @ 118Hz
                0.6   11.7l: (123.0dB  2247W 112.5dB) @ 111Hz
                0.7    7.0l: (123.1dB  2274W 112.5dB) @ 112Hz
                0.8    4.8l: (124.5dB  3146W 112.5dB) @ 121Hz
                0.9    3.6l: (125.0dB  3516W 112.5dB) @ 125Hz
                1.0    2.7l: (125.5dB  3999W 112.5dB) @ 129Hz
                1.1    2.2l: (126.3dB  4756W 112.5dB) @ 134Hz
                1.1    2.2l: (123.4dB  2465W 112.5dB) @ 114Hz (  366uF)

1.00  91.0dB:   0.5   39.2l: (123.0dB  2402W 112.2dB) @ 111Hz
                0.6   14.7l: (122.0dB  1903W 112.2dB) @ 105Hz
                0.7    8.4l: (122.1dB  1925W 112.2dB) @ 105Hz
                0.8    5.7l: (123.5dB  2663W 112.2dB) @ 114Hz
                0.9    4.1l: (124.0dB  2977W 112.2dB) @ 118Hz
                1.0    3.2l: (124.5dB  3386W 112.2dB) @ 121Hz
                1.1    2.5l: (125.3dB  4027W 112.2dB) @ 127Hz
                1.1    2.5l: (122.4dB  2087W 112.2dB) @ 108Hz (  388uF)

-------------
8cx21
      94.0dB                            200W
Rpre   Spl      qtc    Vb     SplMech Pmech SplEle      f3

0.20  93.6dB:   0.5   17.9l: (124.7dB  1998W 114.7dB) @ 146Hz
                0.6    9.1l: (123.7dB  1583W 114.7dB) @ 137Hz
                0.7    5.8l: (123.8dB  1601W 114.7dB) @ 138Hz
                0.8    4.0l: (125.2dB  2215W 114.7dB) @ 149Hz
                0.9    3.0l: (125.7dB  2476W 114.7dB) @ 154Hz
                1.0    2.4l: (126.2dB  2816W 114.7dB) @ 159Hz
                1.1    1.9l: (127.0dB  3349W 114.7dB) @ 166Hz
                1.1    1.9l: (124.1dB  1736W 114.7dB) @ 141Hz (  303uF)

0.60  93.3dB:   0.5   24.3l: (123.6dB  1656W 114.4dB) @ 136Hz
                0.6   11.3l: (122.6dB  1312W 114.4dB) @ 129Hz
                0.7    6.9l: (122.6dB  1327W 114.4dB) @ 129Hz
                0.8    4.8l: (124.1dB  1836W 114.4dB) @ 140Hz
                0.9    3.5l: (124.5dB  2052W 114.4dB) @ 144Hz
                1.0    2.7l: (125.1dB  2334W 114.4dB) @ 149Hz
                1.1    2.2l: (125.9dB  2776W 114.4dB) @ 155Hz
                1.1    2.2l: (123.0dB  1439W 114.4dB) @ 132Hz (  323uF)

1.00  93.0dB:   0.5   34.6l: (122.6dB  1392W 114.1dB) @ 128Hz
                0.6   14.1l: (121.6dB  1102W 114.1dB) @ 121Hz
                0.7    8.3l: (121.6dB  1115W 114.1dB) @ 122Hz
                0.8    5.6l: (123.0dB  1543W 114.1dB) @ 132Hz
                0.9    4.1l: (123.5dB  1725W 114.1dB) @ 136Hz
                1.0    3.2l: (124.1dB  1962W 114.1dB) @ 140Hz
                1.1    2.5l: (124.8dB  2333W 114.1dB) @ 146Hz
                1.1    2.5l: (122.0dB  1209W 114.1dB) @ 124Hz (  343uF)

-------------
15PS76
      99.0dB                            550W
Rpre   Spl      qtc    Vb     SplMech Pmech SplEle      f3

0.20  96.7dB:   0.5   71.4l: (133.5dB  7348W 122.3dB) @ 100Hz
                0.6   43.8l: (132.5dB  5822W 122.3dB) @  94Hz
                0.7   30.0l: (132.6dB  5890W 122.3dB) @  95Hz
                0.8   22.0l: (134.0dB  8149W 122.3dB) @ 103Hz
                0.9   16.9l: (134.5dB  9109W 122.3dB) @ 106Hz
                1.0   13.5l: (135.0dB 10359W 122.3dB) @ 109Hz
                1.1   11.0l: (135.8dB 12321W 122.3dB) @ 114Hz
                1.1   11.0l: (132.9dB  6386W 122.3dB) @  97Hz (  440uF)

0.60  96.4dB:   0.5   87.2l: (132.4dB  6024W 122.0dB) @  94Hz
                0.6   52.1l: (131.3dB  4773W 122.0dB) @  88Hz
                0.7   35.3l: (131.4dB  4829W 122.0dB) @  88Hz
                0.8   25.7l: (132.8dB  6681W 122.0dB) @  96Hz
                0.9   19.7l: (133.3dB  7467W 122.0dB) @  99Hz
                1.0   15.6l: (133.9dB  8492W 122.0dB) @ 102Hz
                1.1   12.7l: (134.6dB 10100W 122.0dB) @ 106Hz
                1.1   12.7l: (131.8dB  5235W 122.0dB) @  90Hz (  471uF)

1.00  96.1dB:   0.5  106.5l: (131.3dB  5009W 121.7dB) @  88Hz
                0.6   61.7l: (130.3dB  3969W 121.7dB) @  83Hz
                0.7   41.2l: (130.3dB  4015W 121.7dB) @  83Hz
                0.8   29.8l: (131.7dB  5555W 121.7dB) @  90Hz
                0.9   22.7l: (132.2dB  6209W 121.7dB) @  93Hz
                1.0   17.9l: (132.8dB  7062W 121.7dB) @  96Hz
                1.1   14.5l: (133.5dB  8399W 121.7dB) @ 100Hz
                1.1   14.5l: (130.7dB  4353W 121.7dB) @  85Hz (  502uF)

-------------
18PS76
      99.0dB                            600W
Rpre   Spl      qtc    Vb     SplMech Pmech SplEle      f3

0.20  97.9dB:   0.5  101.5l: (135.7dB  8997W 123.9dB) @  99Hz
                0.6   61.3l: (134.7dB  7128W 123.9dB) @  93Hz
                0.7   41.8l: (134.7dB  7212W 123.9dB) @  93Hz
                0.8   30.5l: (136.1dB  9978W 123.9dB) @ 101Hz
                0.9   23.4l: (136.6dB 11153W 123.9dB) @ 104Hz
                1.0   18.6l: (137.2dB 12684W 123.9dB) @ 107Hz
                1.1   15.1l: (137.9dB 15086W 123.9dB) @ 112Hz
                1.1   15.1l: (135.1dB  7819W 123.9dB) @  95Hz (  438uF)

0.60  97.6dB:   0.5  124.7l: (134.5dB  7389W 123.6dB) @  92Hz
                0.6   73.2l: (133.5dB  5854W 123.6dB) @  87Hz
                0.7   49.1l: (133.6dB  5922W 123.6dB) @  87Hz
                0.8   35.6l: (135.0dB  8194W 123.6dB) @  95Hz
                0.9   27.2l: (135.5dB  9159W 123.6dB) @  97Hz
                1.0   21.5l: (136.0dB 10416W 123.6dB) @ 100Hz
                1.1   17.4l: (136.8dB 12389W 123.6dB) @ 105Hz
                1.1   17.4l: (133.9dB  6421W 123.6dB) @  89Hz (  469uF)

1.00  97.4dB:   0.5  153.5l: (133.5dB  6152W 123.3dB) @  87Hz
                0.6   86.9l: (132.4dB  4874W 123.3dB) @  82Hz
                0.7   57.5l: (132.5dB  4931W 123.3dB) @  82Hz
                0.8   41.3l: (133.9dB  6823W 123.3dB) @  89Hz
                0.9   31.3l: (134.4dB  7626W 123.3dB) @  91Hz
                1.0   24.7l: (134.9dB  8673W 123.3dB) @  94Hz
                1.1   20.0l: (135.7dB 10315W 123.3dB) @  99Hz
                1.1   20.0l: (132.8dB  5346W 123.3dB) @  84Hz (  499uF)

-------------
18PS100
      96.0dB                            700W
Rpre   Spl      qtc    Vb     SplMech Pmech SplEle      f3

0.20  93.8dB:   0.5  377.9l: (127.0dB  3175W 120.4dB) @  56Hz
                0.6  178.4l: (126.0dB  2516W 120.4dB) @  53Hz
                0.7  109.8l: (126.0dB  2545W 120.4dB) @  53Hz
                0.8   76.1l: (127.4dB  3522W 120.4dB) @  57Hz
                0.9   56.4l: (127.9dB  3936W 120.4dB) @  59Hz
                1.0   43.8l: (128.5dB  4477W 120.4dB) @  61Hz
                1.1   35.1l: (129.2dB  5324W 120.4dB) @  64Hz
                1.1   35.1l: (126.4dB  2760W 120.4dB) @  54Hz (  774uF)

0.60  93.5dB:   0.5  544.4l: (125.9dB  2636W 120.1dB) @  52Hz
                0.6  225.2l: (124.9dB  2089W 120.1dB) @  49Hz
                0.7  133.0l: (124.9dB  2113W 120.1dB) @  50Hz
                0.8   90.3l: (126.3dB  2924W 120.1dB) @  54Hz
                0.9   66.2l: (126.8dB  3268W 120.1dB) @  55Hz
                1.0   51.0l: (127.4dB  3717W 120.1dB) @  57Hz
                1.1   40.7l: (128.1dB  4420W 120.1dB) @  60Hz
                1.1   40.7l: (125.3dB  2291W 120.1dB) @  51Hz (  825uF)

1.00  93.2dB:   0.5  852.5l: (124.8dB  2219W 119.8dB) @  49Hz
                0.6  286.9l: (123.8dB  1758W 119.8dB) @  47Hz
                0.7  160.8l: (123.9dB  1779W 119.8dB) @  47Hz
                0.8  106.7l: (125.3dB  2461W 119.8dB) @  51Hz
                0.9   77.3l: (125.8dB  2751W 119.8dB) @  52Hz
                1.0   59.0l: (126.3dB  3128W 119.8dB) @  54Hz
                1.1   46.8l: (127.1dB  3720W 119.8dB) @  56Hz
                1.1   46.8l: (124.2dB  1928W 119.8dB) @  48Hz (  876uF)

-------------
18PZB100
      97.0dB                            700W
Rpre   Spl      qtc    Vb     SplMech Pmech SplEle      f3

0.20  96.7dB:   0.5  101.1l: (134.0dB  8002W 123.4dB) @  86Hz
                0.6   63.6l: (133.0dB  6340W 123.4dB) @  81Hz
                0.7   44.2l: (133.0dB  6414W 123.4dB) @  82Hz
                0.8   32.7l: (134.4dB  8874W 123.4dB) @  89Hz
                0.9   25.3l: (134.9dB  9920W 123.4dB) @  91Hz
                1.0   20.1l: (135.5dB 11281W 123.4dB) @  94Hz
                1.1   16.5l: (136.2dB 13417W 123.4dB) @  98Hz
                1.1   16.5l: (133.4dB  6954W 123.4dB) @  83Hz (  501uF)

0.60  96.4dB:   0.5  122.0l: (132.8dB  6537W 123.1dB) @  81Hz
                0.6   75.3l: (131.8dB  5179W 123.1dB) @  76Hz
                0.7   51.8l: (131.8dB  5240W 123.1dB) @  76Hz
                0.8   38.1l: (133.2dB  7249W 123.1dB) @  83Hz
                0.9   29.3l: (133.7dB  8103W 123.1dB) @  85Hz
                1.0   23.3l: (134.3dB  9215W 123.1dB) @  88Hz
                1.1   19.0l: (135.0dB 10960W 123.1dB) @  92Hz
                1.1   19.0l: (132.2dB  5680W 123.1dB) @  78Hz (  536uF)

1.00  96.2dB:   0.5  146.6l: (131.7dB  5414W 122.8dB) @  76Hz
                0.6   88.5l: (130.7dB  4289W 122.8dB) @  71Hz
                0.7   60.2l: (130.7dB  4339W 122.8dB) @  72Hz
                0.8   44.0l: (132.1dB  6004W 122.8dB) @  78Hz
                0.9   33.7l: (132.6dB  6711W 122.8dB) @  80Hz
                1.0   26.8l: (133.2dB  7632W 122.8dB) @  82Hz
                1.1   21.8l: (133.9dB  9077W 122.8dB) @  86Hz
                1.1   21.8l: (131.1dB  4705W 122.8dB) @  73Hz (  571uF)

-------------
12HCX76
      99.0dB                            350W
Rpre   Spl      qtc    Vb     SplMech Pmech SplEle      f3

0.20  98.1dB:   0.5   23.6l: (130.8dB  2980W 121.5dB) @ 150Hz
                0.6   15.5l: (129.8dB  2361W 121.5dB) @ 142Hz
                0.7   11.0l: (129.9dB  2389W 121.5dB) @ 142Hz
                0.8    8.2l: (131.3dB  3305W 121.5dB) @ 154Hz
                0.9    6.4l: (131.8dB  3695W 121.5dB) @ 158Hz
                1.0    5.1l: (132.3dB  4202W 121.5dB) @ 164Hz
                1.1    4.2l: (133.1dB  4997W 121.5dB) @ 171Hz
                1.1    4.2l: (130.2dB  2590W 121.5dB) @ 145Hz (  305uF)

0.60  97.8dB:   0.5   28.1l: (129.6dB  2405W 121.2dB) @ 140Hz
                0.6   18.2l: (128.6dB  1905W 121.2dB) @ 132Hz
                0.7   12.9l: (128.6dB  1928W 121.2dB) @ 132Hz
                0.8    9.6l: (130.0dB  2667W 121.2dB) @ 143Hz
                0.9    7.5l: (130.5dB  2981W 121.2dB) @ 147Hz
                1.0    6.0l: (131.1dB  3390W 121.2dB) @ 152Hz
                1.1    4.9l: (131.8dB  4032W 121.2dB) @ 159Hz
                1.1    4.9l: (129.0dB  2090W 121.2dB) @ 135Hz (  328uF)

1.00  97.5dB:   0.5   33.3l: (128.4dB  1971W 120.9dB) @ 131Hz
                0.6   21.3l: (127.4dB  1561W 120.9dB) @ 123Hz
                0.7   15.0l: (127.5dB  1580W 120.9dB) @ 124Hz
                0.8   11.1l: (128.9dB  2185W 120.9dB) @ 134Hz
                0.9    8.6l: (129.4dB  2443W 120.9dB) @ 138Hz
                1.0    6.9l: (129.9dB  2778W 120.9dB) @ 142Hz
                1.1    5.6l: (130.7dB  3304W 120.9dB) @ 149Hz
                1.1    5.6l: (127.8dB  1712W 120.9dB) @ 126Hz (  351uF)

-------------
15HCX76
      99.0dB                            400W
Rpre   Spl      qtc    Vb     SplMech Pmech SplEle      f3

0.20  98.2dB:   0.5  132.5l: (127.8dB  1447W 122.3dB) @  93Hz
                0.6   79.0l: (126.8dB  1146W 122.3dB) @  88Hz
                0.7   53.5l: (126.9dB  1160W 122.3dB) @  88Hz
                0.8   39.0l: (128.3dB  1605W 122.3dB) @  96Hz
                0.9   29.8l: (128.8dB  1794W 122.3dB) @  98Hz
                1.0   23.6l: (129.3dB  2040W 122.3dB) @ 101Hz
                1.1   19.2l: (130.1dB  2426W 122.3dB) @ 106Hz
                1.1   19.2l: (127.2dB  1257W 122.3dB) @  90Hz (  482uF)

0.60  97.9dB:   0.5  165.3l: (126.7dB  1181W 121.9dB) @  87Hz
                0.6   95.2l: (125.6dB   936W 121.9dB) @  82Hz
                0.7   63.4l: (125.7dB   947W 121.9dB) @  82Hz
                0.8   45.8l: (127.1dB  1310W 121.9dB) @  89Hz
                0.9   34.8l: (127.6dB  1464W 121.9dB) @  92Hz
                1.0   27.5l: (128.1dB  1665W 121.9dB) @  95Hz
                1.1   22.3l: (128.9dB  1980W 121.9dB) @  99Hz
                1.1   22.3l: (126.0dB  1026W 121.9dB) @  84Hz (  517uF)

1.00  97.6dB:   0.5  206.8l: (125.5dB   979W 121.7dB) @  82Hz
                0.6  114.3l: (124.5dB   775W 121.7dB) @  77Hz
                0.7   74.7l: (124.6dB   784W 121.7dB) @  77Hz
                0.8   53.4l: (126.0dB  1085W 121.7dB) @  84Hz
                0.9   40.4l: (126.5dB  1213W 121.7dB) @  86Hz
                1.0   31.7l: (127.0dB  1380W 121.7dB) @  89Hz
                1.1   25.6l: (127.8dB  1641W 121.7dB) @  93Hz
                1.1   25.6l: (124.9dB   850W 121.7dB) @  79Hz (  551uF)

