-------------
6cx200nd
      92.0dB                            200W
Rpre   Spl      qtc    Vb     SplMech Pmech SplEle      f3

0.20  89.9dB:   0.5    5.8l: (121.5dB  2155W 111.1dB) @ 147Hz
                0.6    3.3l: (120.4dB  1707W 111.1dB) @ 138Hz
                0.7    2.2l: (120.5dB  1728W 111.1dB) @ 139Hz
                0.8    1.6l: (121.9dB  2390W 111.1dB) @ 151Hz
                0.9    1.2l: (122.4dB  2672W 111.1dB) @ 155Hz
                1.0    0.9l: (123.0dB  3038W 111.1dB) @ 160Hz
                1.1    0.8l: (123.7dB  3614W 111.1dB) @ 167Hz
                1.1    0.8l: (120.8dB  1873W 111.1dB) @ 142Hz (  295uF)

0.60  89.6dB:   0.5    7.3l: (120.4dB  1792W 110.8dB) @ 138Hz
                0.6    4.0l: (119.3dB  1420W 110.8dB) @ 130Hz
                0.7    2.6l: (119.4dB  1436W 110.8dB) @ 130Hz
                0.8    1.8l: (120.8dB  1987W 110.8dB) @ 141Hz
                0.9    1.4l: (121.3dB  2221W 110.8dB) @ 145Hz
                1.0    1.1l: (121.8dB  2526W 110.8dB) @ 150Hz
                1.1    0.9l: (122.6dB  3005W 110.8dB) @ 157Hz
                1.1    0.9l: (119.7dB  1557W 110.8dB) @ 133Hz (  314uF)

1.00  89.3dB:   0.5    9.2l: (119.3dB  1510W 110.5dB) @ 130Hz
                0.6    4.8l: (118.3dB  1197W 110.5dB) @ 122Hz
                0.7    3.0l: (118.4dB  1211W 110.5dB) @ 123Hz
                0.8    2.1l: (119.8dB  1675W 110.5dB) @ 133Hz
                0.9    1.6l: (120.3dB  1872W 110.5dB) @ 137Hz
                1.0    1.3l: (120.8dB  2129W 110.5dB) @ 141Hz
                1.1    1.0l: (121.6dB  2532W 110.5dB) @ 148Hz
                1.1    1.0l: (118.7dB  1313W 110.5dB) @ 125Hz (  333uF)

-------------
6P200ND
      92.0dB                            200W
Rpre   Spl      qtc    Vb     SplMech Pmech SplEle      f3

0.20  89.8dB:   0.5    7.0l: (119.8dB  1496W 111.0dB) @ 133Hz
                0.6    4.1l: (118.8dB  1186W 111.0dB) @ 126Hz
                0.7    2.8l: (118.8dB  1199W 111.0dB) @ 126Hz
                0.8    2.0l: (120.2dB  1660W 111.0dB) @ 137Hz
                0.9    1.5l: (120.7dB  1855W 111.0dB) @ 141Hz
                1.0    1.2l: (121.3dB  2110W 111.0dB) @ 145Hz
                1.1    1.0l: (122.0dB  2509W 111.0dB) @ 152Hz
                1.1    1.0l: (119.2dB  1300W 111.0dB) @ 129Hz (  324uF)

0.60  89.5dB:   0.5    8.7l: (118.7dB  1242W 110.7dB) @ 125Hz
                0.6    4.9l: (117.7dB   984W 110.7dB) @ 118Hz
                0.7    3.3l: (117.7dB   995W 110.7dB) @ 118Hz
                0.8    2.3l: (119.1dB  1377W 110.7dB) @ 128Hz
                0.9    1.8l: (119.6dB  1539W 110.7dB) @ 132Hz
                1.0    1.4l: (120.2dB  1750W 110.7dB) @ 136Hz
                1.1    1.1l: (120.9dB  2082W 110.7dB) @ 142Hz
                1.1    1.1l: (118.1dB  1079W 110.7dB) @ 121Hz (  346uF)

1.00  89.2dB:   0.5   10.8l: (117.6dB  1044W 110.5dB) @ 118Hz
                0.6    5.9l: (116.6dB   827W 110.5dB) @ 111Hz
                0.7    3.8l: (116.7dB   837W 110.5dB) @ 111Hz
                0.8    2.7l: (118.1dB  1158W 110.5dB) @ 121Hz
                0.9    2.0l: (118.6dB  1295W 110.5dB) @ 124Hz
                1.0    1.6l: (119.1dB  1472W 110.5dB) @ 128Hz
                1.1    1.3l: (119.9dB  1751W 110.5dB) @ 134Hz
                1.1    1.3l: (117.0dB   908W 110.5dB) @ 114Hz (  367uF)

