-------------
5cn140
      91.0dB            120W
Rpre   Spl     SplMech Pmech SplEle      f3

0.20  86.7dB: (111.2dB   185W 109.3dB) @ 138Hz
              (114.2dB   370W 109.3dB) @ 164Hz
              (117.2dB   740W 109.3dB) @ 195Hz
0.60  86.6dB: (110.8dB   173W 109.2dB) @ 134Hz
              (113.8dB   346W 109.2dB) @ 160Hz
              (116.8dB   691W 109.2dB) @ 190Hz
1.00  86.4dB: (110.3dB   162W 109.0dB) @ 131Hz
              (113.4dB   324W 109.0dB) @ 156Hz
              (116.4dB   647W 109.0dB) @ 185Hz
-------------
8cn552
      95.5dB            200W
Rpre   Spl     SplMech Pmech SplEle      f3

0.20  95.2dB: (128.2dB  2964W 116.5dB) @ 209Hz
0.60  94.9dB: (127.1dB  2448W 116.2dB) @ 196Hz
1.00  94.6dB: (126.0dB  2050W 115.9dB) @ 184Hz
-------------
8c250
      93.0dB            200W
Rpre   Spl     SplMech Pmech SplEle      f3

0.20  90.9dB: (115.8dB   467W 112.2dB) @  99Hz
              (118.8dB   934W 112.2dB) @ 118Hz
              (121.9dB  1867W 112.2dB) @ 140Hz
0.60  90.6dB: (114.8dB   392W 111.9dB) @  93Hz
              (117.8dB   784W 111.9dB) @ 111Hz
              (120.8dB  1569W 111.9dB) @ 132Hz
1.00  90.3dB: (113.8dB   334W 111.6dB) @  88Hz
              (116.8dB   668W 111.6dB) @ 105Hz
              (119.8dB  1335W 111.6dB) @ 124Hz
-------------
12cn860
      97.0dB            800W
Rpre   Spl     SplMech Pmech SplEle      f3

0.20  95.9dB: (132.9dB  7075W 123.4dB) @ 172Hz
0.60  95.6dB: (131.8dB  5871W 123.2dB) @ 161Hz
1.00  95.3dB: (130.8dB  4931W 122.9dB) @ 152Hz
-------------
15cn860
      98.0dB           1000W
Rpre   Spl     SplMech Pmech SplEle      f3

0.20  96.9dB: (133.2dB  5954W 125.4dB) @ 113Hz
0.60  96.6dB: (132.1dB  5000W 125.1dB) @ 106Hz
              (135.1dB  9999W 125.1dB) @ 126Hz
1.00  96.3dB: (131.1dB  4249W 124.9dB) @ 101Hz
              (134.2dB  8497W 124.9dB) @ 120Hz
-------------
18S430v2
      96.0dB           1200W
Rpre   Spl     SplMech Pmech SplEle      f3

0.20  95.0dB: (132.9dB 10209W 123.6dB) @  61Hz
0.60  94.7dB: (131.6dB  8258W 123.3dB) @  57Hz
1.00  94.4dB: (130.5dB  6790W 122.9dB) @  54Hz
-------------
18S450
      95.0dB           1200W
Rpre   Spl     SplMech Pmech SplEle      f3

0.20  95.0dB: (132.9dB  8984W 124.2dB) @  64Hz
0.60  94.7dB: (131.8dB  7421W 123.9dB) @  60Hz
1.00  94.4dB: (130.7dB  6209W 123.6dB) @  56Hz
