-------------
18S450
            95.0dB          1200W      3x100mm
   fu     fc      fo      SplMech  Vb1     Vb2       d         l        C
 10.3 Hz  29 Hz   81 Hz  101.2 dB   oo l +  54 l  * 1x100mm   435 mm  2867 µF
 11.0 Hz  30 Hz   83 Hz  102.3 dB 3253 l +  54 l  * 1x100mm   435 mm  2639 µF
 12.0 Hz  32 Hz   86 Hz  103.8 dB 1277 l +  54 l  - 2x100mm   727 mm  2350 µF
 13.0 Hz  34 Hz   88 Hz  105.2 dB  786 l +  54 l  - 2x100mm   642 mm  2112 µF
 14.0 Hz  35 Hz   90 Hz  106.5 dB  564 l +  54 l  - 2x100mm   571 mm  1913 µF
 15.0 Hz  37 Hz   92 Hz  107.7 dB  437 l +  54 l  - 2x100mm   511 mm  1745 µF
 16.0 Hz  39 Hz   94 Hz  108.8 dB  356 l +  54 l    3x100mm   723 mm  1601 µF
 17.0 Hz  40 Hz   96 Hz  109.9 dB  299 l +  54 l    3x100mm   656 mm  1477 µF
 18.0 Hz  42 Hz   98 Hz  110.9 dB  257 l +  54 l    3x100mm   598 mm  1368 µF
 19.0 Hz  44 Hz  100 Hz  111.8 dB  225 l +  54 l    3x100mm   546 mm  1273 µF
 20.0 Hz  45 Hz  101 Hz  112.7 dB  199 l +  54 l    3x100mm   501 mm  1189 µF
 21.0 Hz  47 Hz  103 Hz  113.5 dB  179 l +  54 l    3x100mm   461 mm  1114 µF
 22.0 Hz  48 Hz  105 Hz  114.3 dB  162 l +  54 l    3x100mm   425 mm  1047 µF
 23.0 Hz  49 Hz  106 Hz  115.1 dB  148 l +  54 l    3x100mm   392 mm   987 µF
 24.0 Hz  51 Hz  108 Hz  115.9 dB  135 l +  54 l    3x100mm   363 mm   932 µF
 25.0 Hz  52 Hz  109 Hz  116.6 dB  125 l +  54 l    3x100mm   337 mm   883 µF
 26.0 Hz  54 Hz  111 Hz  117.2 dB  116 l +  54 l    3x100mm   312 mm   838 µF
 27.0 Hz  55 Hz  112 Hz  117.9 dB  108 l +  54 l    3x100mm   290 mm   797 µF
 28.0 Hz  56 Hz  113 Hz  118.5 dB  101 l +  54 l    3x100mm   270 mm   759 µF
 29.0 Hz  58 Hz  115 Hz  119.1 dB   95 l +  54 l    3x100mm   251 mm   725 µF
 30.0 Hz  59 Hz  116 Hz  119.7 dB   90 l +  54 l    3x100mm   234 mm   692 µF

