-------------
5cn140
      91.0dB                            120W
Rpre   Spl      qtc    Vb     SplMech Pmech SplEle      f3

0.20  86.7dB:   0.8    3.4l: (112.3dB   236W 109.3dB) @ 146Hz
                0.9    1.6l: (112.7dB   264W 109.3dB) @ 150Hz
                1.0    1.0l: (113.3dB   300W 109.3dB) @ 155Hz
                1.1    0.7l: (114.1dB   357W 109.3dB) @ 162Hz
                1.1    0.7l: (111.2dB   185W 109.3dB) @ 138Hz (  132uF)

0.60  86.6dB:   0.8    4.4l: (111.8dB   221W 109.2dB) @ 143Hz
                0.9    1.8l: (112.3dB   247W 109.2dB) @ 147Hz
                1.0    1.1l: (112.9dB   280W 109.2dB) @ 152Hz
                1.1    0.8l: (113.6dB   333W 109.2dB) @ 158Hz
                1.1    0.8l: (110.8dB   173W 109.2dB) @ 134Hz (  135uF)

1.00  86.4dB:   0.8    5.8l: (111.4dB   206W 109.0dB) @ 139Hz
                0.9    2.1l: (111.9dB   231W 109.0dB) @ 143Hz
                1.0    1.2l: (112.4dB   262W 109.0dB) @ 148Hz
                1.1    0.8l: (113.2dB   312W 109.0dB) @ 154Hz
                1.1    0.8l: (110.3dB   162W 109.0dB) @ 131Hz (  138uF)

-------------
8cn552
      95.5dB                            200W
Rpre   Spl      qtc    Vb     SplMech Pmech SplEle      f3

0.20  95.2dB:   0.5    5.3l: (128.8dB  3411W 116.5dB) @ 216Hz
                0.6    3.2l: (127.8dB  2702W 116.5dB) @ 204Hz
                0.7    2.2l: (127.9dB  2734W 116.5dB) @ 205Hz
                0.8    1.6l: (129.3dB  3783W 116.5dB) @ 222Hz
                0.9    1.2l: (129.8dB  4228W 116.5dB) @ 228Hz
                1.0    1.0l: (130.3dB  4808W 116.5dB) @ 236Hz
                1.1    0.8l: (131.1dB  5719W 116.5dB) @ 246Hz
                1.1    0.8l: (128.2dB  2964W 116.5dB) @ 209Hz (  196uF)

0.60  94.9dB:   0.5    6.5l: (127.7dB  2817W 116.2dB) @ 203Hz
                0.6    3.8l: (126.7dB  2232W 116.2dB) @ 191Hz
                0.7    2.5l: (126.7dB  2258W 116.2dB) @ 192Hz
                0.8    1.8l: (128.2dB  3125W 116.2dB) @ 208Hz
                0.9    1.4l: (128.6dB  3493W 116.2dB) @ 214Hz
                1.0    1.1l: (129.2dB  3972W 116.2dB) @ 221Hz
                1.1    0.9l: (130.0dB  4724W 116.2dB) @ 230Hz
                1.1    0.9l: (127.1dB  2448W 116.2dB) @ 196Hz (  209uF)

1.00  94.6dB:   0.5    8.0l: (126.7dB  2358W 115.9dB) @ 191Hz
                0.6    4.5l: (125.6dB  1869W 115.9dB) @ 180Hz
                0.7    3.0l: (125.7dB  1890W 115.9dB) @ 180Hz
                0.8    2.1l: (127.1dB  2616W 115.9dB) @ 196Hz
                0.9    1.6l: (127.6dB  2924W 115.9dB) @ 201Hz
                1.0    1.3l: (128.1dB  3325W 115.9dB) @ 208Hz
                1.1    1.0l: (128.9dB  3955W 115.9dB) @ 217Hz
                1.1    1.0l: (126.0dB  2050W 115.9dB) @ 184Hz (  223uF)

-------------
8c250
      93.0dB                            200W
Rpre   Spl      qtc    Vb     SplMech Pmech SplEle      f3

0.20  90.9dB:   0.6   68.1l: (115.4dB   426W 112.2dB) @  97Hz
                0.7   18.0l: (115.5dB   431W 112.2dB) @  97Hz
                0.8    9.8l: (116.9dB   596W 112.2dB) @ 105Hz
                0.9    6.4l: (117.4dB   666W 112.2dB) @ 108Hz
                1.0    4.6l: (117.9dB   757W 112.2dB) @ 112Hz
                1.1    3.6l: (118.7dB   901W 112.2dB) @ 117Hz
                1.1    3.6l: (115.8dB   467W 112.2dB) @  99Hz (  414uF)

0.60  90.6dB:   0.6  565.7l: (114.4dB   358W 111.9dB) @  91Hz
                0.7   26.4l: (114.4dB   362W 111.9dB) @  91Hz
                0.8   12.6l: (115.8dB   501W 111.9dB) @  99Hz
                0.9    7.9l: (116.3dB   559W 111.9dB) @ 102Hz
                1.0    5.6l: (116.9dB   636W 111.9dB) @ 105Hz
                1.1    4.2l: (117.6dB   757W 111.9dB) @ 110Hz
                1.1    4.2l: (114.8dB   392W 111.9dB) @  93Hz (  440uF)

1.00  90.3dB:   0.7   42.8l: (113.4dB   308W 111.6dB) @  86Hz
                0.8   16.5l: (114.9dB   426W 111.6dB) @  94Hz
                0.9    9.7l: (115.3dB   476W 111.6dB) @  96Hz
                1.0    6.7l: (115.9dB   542W 111.6dB) @  99Hz
                1.1    4.9l: (116.7dB   644W 111.6dB) @ 104Hz
                1.1    4.9l: (113.8dB   334W 111.6dB) @  88Hz (  465uF)

-------------
12cn860
      97.0dB                            800W
Rpre   Spl      qtc    Vb     SplMech Pmech SplEle      f3

0.20  95.9dB:   0.5    8.0l: (133.5dB  8142W 123.4dB) @ 178Hz
                0.6    5.4l: (132.5dB  6450W 123.4dB) @ 168Hz
                0.7    3.9l: (132.6dB  6526W 123.4dB) @ 169Hz
                0.8    2.9l: (134.0dB  9029W 123.4dB) @ 183Hz
                0.9    2.3l: (134.5dB 10093W 123.4dB) @ 188Hz
                1.0    1.8l: (135.0dB 11478W 123.4dB) @ 194Hz
                1.1    1.5l: (135.8dB 13651W 123.4dB) @ 203Hz
                1.1    1.5l: (132.9dB  7075W 123.4dB) @ 172Hz (  226uF)

0.60  95.6dB:   0.5    9.3l: (132.4dB  6756W 123.2dB) @ 167Hz
                0.6    6.2l: (131.4dB  5352W 123.2dB) @ 158Hz
                0.7    4.4l: (131.5dB  5415W 123.2dB) @ 158Hz
                0.8    3.3l: (132.9dB  7492W 123.2dB) @ 172Hz
                0.9    2.6l: (133.4dB  8375W 123.2dB) @ 176Hz
                1.0    2.1l: (133.9dB  9524W 123.2dB) @ 182Hz
                1.1    1.7l: (134.7dB 11328W 123.2dB) @ 190Hz
                1.1    1.7l: (131.8dB  5871W 123.2dB) @ 161Hz (  240uF)

1.00  95.3dB:   0.5   10.7l: (131.4dB  5674W 122.9dB) @ 158Hz
                0.6    7.0l: (130.4dB  4495W 122.9dB) @ 149Hz
                0.7    5.0l: (130.4dB  4548W 122.9dB) @ 149Hz
                0.8    3.8l: (131.8dB  6293W 122.9dB) @ 162Hz
                0.9    2.9l: (132.3dB  7034W 122.9dB) @ 166Hz
                1.0    2.4l: (132.9dB  7999W 122.9dB) @ 172Hz
                1.1    1.9l: (133.6dB  9514W 122.9dB) @ 179Hz
                1.1    1.9l: (130.8dB  4931W 122.9dB) @ 152Hz (  255uF)

-------------
15cn860
      98.0dB                           1000W
Rpre   Spl      qtc    Vb     SplMech Pmech SplEle      f3

0.20  96.9dB:   0.5   49.2l: (133.8dB  6851W 125.4dB) @ 117Hz
                0.6   29.8l: (132.8dB  5428W 125.4dB) @ 110Hz
                0.7   20.3l: (132.8dB  5492W 125.4dB) @ 111Hz
                0.8   14.9l: (134.2dB  7598W 125.4dB) @ 120Hz
                0.9   11.4l: (134.7dB  8493W 125.4dB) @ 123Hz
                1.0    9.0l: (135.3dB  9659W 125.4dB) @ 127Hz
                1.1    7.4l: (136.0dB 11488W 125.4dB) @ 133Hz
                1.1    7.4l: (133.2dB  5954W 125.4dB) @ 113Hz (  344uF)

0.60  96.6dB:   0.5   59.1l: (132.7dB  5753W 125.1dB) @ 110Hz
                0.6   34.9l: (131.7dB  4558W 125.1dB) @ 104Hz
                0.7   23.5l: (131.8dB  4611W 125.1dB) @ 104Hz
                0.8   17.1l: (133.2dB  6380W 125.1dB) @ 113Hz
                0.9   13.0l: (133.7dB  7131W 125.1dB) @ 116Hz
                1.0   10.3l: (134.2dB  8110W 125.1dB) @ 120Hz
                1.1    8.4l: (135.0dB  9646W 125.1dB) @ 125Hz
                1.1    8.4l: (132.1dB  5000W 125.1dB) @ 106Hz (  365uF)

1.00  96.3dB:   0.5   71.0l: (131.8dB  4889W 124.9dB) @ 104Hz
                0.6   40.7l: (130.7dB  3873W 124.9dB) @  98Hz
                0.7   27.0l: (130.8dB  3919W 124.9dB) @  99Hz
                0.8   19.5l: (132.2dB  5422W 124.9dB) @ 107Hz
                0.9   14.8l: (132.7dB  6060W 124.9dB) @ 110Hz
                1.0   11.7l: (133.2dB  6892W 124.9dB) @ 113Hz
                1.1    9.5l: (134.0dB  8197W 124.9dB) @ 118Hz
                1.1    9.5l: (131.1dB  4249W 124.9dB) @ 101Hz (  386uF)

