-------------
blackbass10
-------------
 86.0dB             5.8l (1.1)               350W
SplMech  Pmech SplEle     f3

            5W  75.1dB @  20Hz 
            7W  76.1dB @  20Hz 
            9W  77.1dB @  20Hz 
           11W  78.1dB @  20Hz 
           14W  79.1dB @  20Hz 
           17W  80.1dB @  20Hz 
           22W  81.1dB @  20Hz 
           28W  82.1dB @  20Hz 
           35W  83.1dB @  20Hz 
           44W  84.1dB @  20Hz 
           55W  85.1dB @  20Hz 
           69W  86.1dB @  20Hz 
           87W  87.1dB @  20Hz 
          110W  88.1dB @  20Hz 
          139W  89.1dB @  20Hz 
          175W  90.1dB @  20Hz 
          220W  91.1dB @  20Hz 
          278W  92.1dB @  20Hz 
          350W  93.1dB @  20Hz 
103.2dB  3552W  93.1dB @  20Hz   17
            5W  80.3dB @  27Hz 
            7W  81.3dB @  27Hz 
            9W  82.3dB @  27Hz 
           11W  83.3dB @  27Hz 
           14W  84.3dB @  27Hz 
           17W  85.3dB @  27Hz 
           22W  86.3dB @  27Hz 
           28W  87.3dB @  27Hz 
           35W  88.3dB @  27Hz 
           44W  89.3dB @  27Hz 
           55W  90.3dB @  27Hz 
           69W  91.3dB @  27Hz 
           87W  92.3dB @  27Hz 
          110W  93.3dB @  27Hz 
          139W  94.3dB @  27Hz 
          175W  95.3dB @  27Hz 
          220W  96.3dB @  27Hz 
          278W  97.3dB @  27Hz 
          350W  98.3dB @  27Hz 
108.4dB  3567W  98.3dB @  27Hz   12
112.4dB  3578W 102.3dB @  34Hz    8
115.7dB  3587W 105.5dB @  41Hz    4
118.4dB  3595W 108.3dB @  48Hz    2
120.8dB  3601W 110.6dB @  55Hz   -1
122.8dB  3607W 112.7dB @  62Hz   -3
124.7dB  3613W 114.6dB @  69Hz   -5
126.4dB  3617W 116.2dB @  76Hz   -6
-------------
blackbass12
-------------
 87.0dB            15.5l (1.1)               400W
SplMech  Pmech SplEle     f3

            6W  80.6dB @  20Hz 
            8W  81.6dB @  20Hz 
           10W  82.6dB @  20Hz 
           12W  83.6dB @  20Hz 
           16W  84.6dB @  20Hz 
           20W  85.6dB @  20Hz 
           25W  86.6dB @  20Hz 
           31W  87.6dB @  20Hz 
           40W  88.6dB @  20Hz 
           50W  89.6dB @  20Hz 
           63W  90.6dB @  20Hz 
           79W  91.6dB @  20Hz 
          100W  92.6dB @  20Hz 
          126W  93.6dB @  20Hz 
          159W  94.6dB @  20Hz 
          200W  95.6dB @  20Hz 
          252W  96.6dB @  20Hz 
          317W  97.6dB @  20Hz 
          400W  98.6dB @  20Hz 
106.8dB  2588W  98.6dB @  20Hz   13
            6W  85.8dB @  27Hz 
            8W  86.8dB @  27Hz 
           10W  87.8dB @  27Hz 
           12W  88.8dB @  27Hz 
           16W  89.8dB @  27Hz 
           20W  90.8dB @  27Hz 
           25W  91.8dB @  27Hz 
           31W  92.8dB @  27Hz 
           40W  93.8dB @  27Hz 
           50W  94.8dB @  27Hz 
           63W  95.8dB @  27Hz 
           79W  96.8dB @  27Hz 
          100W  97.8dB @  27Hz 
          126W  98.8dB @  27Hz 
          159W  99.8dB @  27Hz 
          200W 100.8dB @  27Hz 
          252W 101.8dB @  27Hz 
          317W 102.8dB @  27Hz 
          400W 103.8dB @  27Hz 
112.0dB  2599W 103.8dB @  27Hz    8
116.0dB  2607W 107.8dB @  34Hz    4
119.2dB  2614W 111.1dB @  41Hz    1
122.0dB  2619W 113.8dB @  48Hz   -2
124.3dB  2624W 116.2dB @  55Hz   -4
126.4dB  2628W 118.2dB @  62Hz   -6
128.3dB  2632W 120.1dB @  69Hz   -8
129.9dB  2636W 121.8dB @  76Hz  -10
-------------
blackbass-300
-------------
 88.0dB             9.3l (1.1)               400W
SplMech  Pmech SplEle     f3

            6W  77.3dB @  20Hz 
            8W  78.3dB @  20Hz 
           10W  79.3dB @  20Hz 
           12W  80.3dB @  20Hz 
           16W  81.3dB @  20Hz 
           20W  82.3dB @  20Hz 
           25W  83.3dB @  20Hz 
           31W  84.3dB @  20Hz 
           40W  85.3dB @  20Hz 
           50W  86.3dB @  20Hz 
           63W  87.3dB @  20Hz 
           79W  88.3dB @  20Hz 
          100W  89.3dB @  20Hz 
          126W  90.3dB @  20Hz 
          159W  91.3dB @  20Hz 
          200W  92.3dB @  20Hz 
          252W  93.3dB @  20Hz 
          317W  94.4dB @  20Hz 
          400W  95.4dB @  20Hz 
103.6dB  2656W  95.4dB @  20Hz   19
            6W  82.5dB @  27Hz 
            8W  83.5dB @  27Hz 
           10W  84.5dB @  27Hz 
           12W  85.5dB @  27Hz 
           16W  86.5dB @  27Hz 
           20W  87.5dB @  27Hz 
           25W  88.5dB @  27Hz 
           31W  89.5dB @  27Hz 
           40W  90.5dB @  27Hz 
           50W  91.5dB @  27Hz 
           63W  92.5dB @  27Hz 
           79W  93.5dB @  27Hz 
          100W  94.5dB @  27Hz 
          126W  95.5dB @  27Hz 
          159W  96.5dB @  27Hz 
          200W  97.5dB @  27Hz 
          252W  98.5dB @  27Hz 
          317W  99.5dB @  27Hz 
          400W 100.5dB @  27Hz 
108.8dB  2667W 100.5dB @  27Hz   14
112.8dB  2675W 104.5dB @  34Hz   10
116.0dB  2682W 107.8dB @  41Hz    6
118.8dB  2688W 110.5dB @  48Hz    4
121.2dB  2693W 112.9dB @  55Hz    1
123.2dB  2697W 114.9dB @  62Hz   -1
125.1dB  2701W 116.8dB @  69Hz   -3
126.8dB  2705W 118.5dB @  76Hz   -4
-------------
crb10tc
-------------
 86.0dB            12.0l (1.1)               200W
SplMech  Pmech SplEle     f3

            3W  76.1dB @  20Hz 
            4W  77.1dB @  20Hz 
            5W  78.1dB @  20Hz 
            6W  79.1dB @  20Hz 
            8W  80.1dB @  20Hz 
           10W  81.2dB @  20Hz 
           12W  82.2dB @  20Hz 
           16W  83.2dB @  20Hz 
           20W  84.2dB @  20Hz 
           25W  85.2dB @  20Hz 
           31W  86.2dB @  20Hz 
           40W  87.2dB @  20Hz 
           50W  88.2dB @  20Hz 
           63W  89.2dB @  20Hz 
           79W  90.2dB @  20Hz 
          100W  91.2dB @  20Hz 
          126W  92.2dB @  20Hz 
          159W  93.2dB @  20Hz 
          200W  94.2dB @  20Hz 
 99.8dB   726W  94.2dB @  20Hz   15
            3W  81.3dB @  27Hz 
            4W  82.3dB @  27Hz 
            5W  83.3dB @  27Hz 
            6W  84.3dB @  27Hz 
            8W  85.3dB @  27Hz 
           10W  86.3dB @  27Hz 
           12W  87.3dB @  27Hz 
           16W  88.4dB @  27Hz 
           20W  89.4dB @  27Hz 
           25W  90.4dB @  27Hz 
           31W  91.4dB @  27Hz 
           40W  92.4dB @  27Hz 
           50W  93.4dB @  27Hz 
           63W  94.4dB @  27Hz 
           79W  95.4dB @  27Hz 
          100W  96.4dB @  27Hz 
          126W  97.4dB @  27Hz 
          159W  98.4dB @  27Hz 
          200W  99.4dB @  27Hz 
105.0dB   729W  99.4dB @  27Hz    9
109.0dB   732W 103.4dB @  34Hz    5
112.3dB   733W 106.6dB @  41Hz    2
115.0dB   735W 109.4dB @  48Hz   -1
117.4dB   736W 111.7dB @  55Hz   -3
119.5dB   738W 113.8dB @  62Hz   -5
121.3dB   739W 115.6dB @  69Hz   -7
123.0dB   740W 117.3dB @  76Hz   -9
-------------
crb12tc
-------------
 86.0dB            35.9l (1.1)               200W
SplMech  Pmech SplEle     f3

            3W  81.4dB @  20Hz 
            4W  82.4dB @  20Hz 
            5W  83.4dB @  20Hz 
            6W  84.4dB @  20Hz 
            8W  85.4dB @  20Hz 
           10W  86.4dB @  20Hz 
           12W  87.4dB @  20Hz 
           16W  88.4dB @  20Hz 
           20W  89.4dB @  20Hz 
           25W  90.5dB @  20Hz 
           31W  91.5dB @  20Hz 
           40W  92.5dB @  20Hz 
           50W  93.5dB @  20Hz 
           63W  94.5dB @  20Hz 
           79W  95.5dB @  20Hz 
          100W  96.5dB @  20Hz 
          126W  97.5dB @  20Hz 
          159W  98.5dB @  20Hz 
          200W  99.5dB @  20Hz 
103.5dB   499W  99.5dB @  20Hz   10
            3W  86.6dB @  27Hz 
            4W  87.6dB @  27Hz 
            5W  88.6dB @  27Hz 
            6W  89.6dB @  27Hz 
            8W  90.6dB @  27Hz 
           10W  91.6dB @  27Hz 
           12W  92.6dB @  27Hz 
           16W  93.6dB @  27Hz 
           20W  94.6dB @  27Hz 
           25W  95.6dB @  27Hz 
           31W  96.7dB @  27Hz 
           40W  97.7dB @  27Hz 
           50W  98.7dB @  27Hz 
           63W  99.7dB @  27Hz 
           79W 100.7dB @  27Hz 
          100W 101.7dB @  27Hz 
          126W 102.7dB @  27Hz 
          159W 103.7dB @  27Hz 
          200W 104.7dB @  27Hz 
108.7dB   501W 104.7dB @  27Hz    5
112.7dB   503W 108.7dB @  34Hz    1
115.9dB   504W 111.9dB @  41Hz   -2
118.7dB   505W 114.6dB @  48Hz   -5
121.0dB   506W 117.0dB @  55Hz   -7
123.1dB   507W 119.1dB @  62Hz   -9
125.0dB   508W 120.9dB @  69Hz  -11
126.6dB   508W 122.6dB @  76Hz  -13
-------------
predator10
-------------
 87.0dB             4.4l (1.1)               400W
SplMech  Pmech SplEle     f3

            6W  70.2dB @  20Hz 
            8W  71.2dB @  20Hz 
           10W  72.2dB @  20Hz 
           12W  73.2dB @  20Hz 
           16W  74.2dB @  20Hz 
           20W  75.2dB @  20Hz 
           25W  76.2dB @  20Hz 
           31W  77.2dB @  20Hz 
           40W  78.2dB @  20Hz 
           50W  79.2dB @  20Hz 
           63W  80.2dB @  20Hz 
           79W  81.2dB @  20Hz 
          100W  82.2dB @  20Hz 
          126W  83.2dB @  20Hz 
          159W  84.2dB @  20Hz 
          200W  85.2dB @  20Hz 
          252W  86.2dB @  20Hz 
          317W  87.2dB @  20Hz 
          400W  88.2dB @  20Hz 
101.6dB  8764W  88.2dB @  20Hz   20
            6W  75.4dB @  27Hz 
            8W  76.4dB @  27Hz 
           10W  77.4dB @  27Hz 
           12W  78.4dB @  27Hz 
           16W  79.4dB @  27Hz 
           20W  80.4dB @  27Hz 
           25W  81.4dB @  27Hz 
           31W  82.4dB @  27Hz 
           40W  83.4dB @  27Hz 
           50W  84.4dB @  27Hz 
           63W  85.4dB @  27Hz 
           79W  86.4dB @  27Hz 
          100W  87.4dB @  27Hz 
          126W  88.4dB @  27Hz 
          159W  89.4dB @  27Hz 
          200W  90.4dB @  27Hz 
          252W  91.4dB @  27Hz 
          317W  92.4dB @  27Hz 
          400W  93.4dB @  27Hz 
106.9dB  8800W  93.4dB @  27Hz   15
110.9dB  8828W  97.4dB @  34Hz   11
114.1dB  8850W 100.7dB @  41Hz    7
116.8dB  8869W 103.4dB @  48Hz    5
119.2dB  8886W 105.7dB @  55Hz    2
121.3dB  8901W 107.8dB @  62Hz    0
123.2dB  8914W 109.7dB @  69Hz   -2
124.8dB  8925W 111.3dB @  76Hz   -3
-------------
pulsar-300
-------------
 89.0dB            22.8l (1.1)               225W
SplMech  Pmech SplEle     f3

            4W  76.1dB @  20Hz 
            4W  77.1dB @  20Hz 
            6W  78.1dB @  20Hz 
            7W  79.1dB @  20Hz 
            9W  80.1dB @  20Hz 
           11W  81.1dB @  20Hz 
           14W  82.1dB @  20Hz 
           18W  83.1dB @  20Hz 
           22W  84.1dB @  20Hz 
           28W  85.1dB @  20Hz 
           35W  86.1dB @  20Hz 
           45W  87.1dB @  20Hz 
           56W  88.1dB @  20Hz 
           71W  89.1dB @  20Hz 
           89W  90.1dB @  20Hz 
          112W  91.1dB @  20Hz 
          142W  92.1dB @  20Hz 
          179W  93.1dB @  20Hz 
          225W  94.2dB @  20Hz 
101.6dB  1261W  94.2dB @  20Hz   14
            4W  81.3dB @  27Hz 
            4W  82.3dB @  27Hz 
            6W  83.3dB @  27Hz 
            7W  84.3dB @  27Hz 
            9W  85.3dB @  27Hz 
           11W  86.3dB @  27Hz 
           14W  87.3dB @  27Hz 
           18W  88.3dB @  27Hz 
           22W  89.3dB @  27Hz 
           28W  90.3dB @  27Hz 
           35W  91.3dB @  27Hz 
           45W  92.3dB @  27Hz 
           56W  93.3dB @  27Hz 
           71W  94.3dB @  27Hz 
           89W  95.3dB @  27Hz 
          112W  96.3dB @  27Hz 
          142W  97.3dB @  27Hz 
          179W  98.3dB @  27Hz 
          225W  99.3dB @  27Hz 
106.9dB  1267W  99.3dB @  27Hz    9
110.9dB  1271W 103.3dB @  34Hz    5
114.1dB  1274W 106.6dB @  41Hz    2
116.8dB  1277W 109.3dB @  48Hz   -1
119.2dB  1279W 111.7dB @  55Hz   -4
121.3dB  1281W 113.7dB @  62Hz   -6
123.2dB  1283W 115.6dB @  69Hz   -7
124.8dB  1285W 117.3dB @  76Hz   -9
-------------
raptor12
-------------
 87.0dB             8.3l (1.1)              1000W
SplMech  Pmech SplEle     f3

           16W  77.0dB @  20Hz 
           20W  78.0dB @  20Hz 
           25W  79.0dB @  20Hz 
           31W  80.0dB @  20Hz 
           39W  81.0dB @  20Hz 
           50W  82.0dB @  20Hz 
           62W  83.0dB @  20Hz 
           79W  84.0dB @  20Hz 
           99W  85.0dB @  20Hz 
          125W  86.0dB @  20Hz 
          157W  87.0dB @  20Hz 
          198W  88.0dB @  20Hz 
          250W  89.0dB @  20Hz 
          315W  90.0dB @  20Hz 
          397W  91.0dB @  20Hz 
          500W  92.0dB @  20Hz 
          630W  93.0dB @  20Hz 
          793W  94.0dB @  20Hz 
         1000W  95.0dB @  20Hz 
105.5dB 11026W  95.0dB @  20Hz   17
           16W  82.2dB @  27Hz 
           20W  83.2dB @  27Hz 
           25W  84.2dB @  27Hz 
           31W  85.2dB @  27Hz 
           39W  86.2dB @  27Hz 
           50W  87.2dB @  27Hz 
           62W  88.2dB @  27Hz 
           79W  89.2dB @  27Hz 
           99W  90.2dB @  27Hz 
          125W  91.2dB @  27Hz 
          157W  92.2dB @  27Hz 
          198W  93.2dB @  27Hz 
          250W  94.2dB @  27Hz 
          315W  95.2dB @  27Hz 
          397W  96.2dB @  27Hz 
          500W  97.2dB @  27Hz 
          630W  98.2dB @  27Hz 
          793W  99.2dB @  27Hz 
         1000W 100.2dB @  27Hz 
110.7dB 11071W 100.2dB @  27Hz   12
114.7dB 11106W 104.2dB @  34Hz    8
117.9dB 11135W 107.5dB @  41Hz    5
120.7dB 11159W 110.2dB @  48Hz    2
123.0dB 11180W 112.6dB @  55Hz   -0
125.1dB 11198W 114.6dB @  62Hz   -2
127.0dB 11214W 116.5dB @  69Hz   -4
128.7dB 11229W 118.2dB @  76Hz   -6
-------------
raptor15
-------------
 89.0dB            44.6l (1.1)              1000W
SplMech  Pmech SplEle     f3

           16W  84.5dB @  20Hz 
           20W  85.5dB @  20Hz 
           25W  86.5dB @  20Hz 
           31W  87.5dB @  20Hz 
           39W  88.5dB @  20Hz 
           50W  89.6dB @  20Hz 
           62W  90.6dB @  20Hz 
           79W  91.6dB @  20Hz 
           99W  92.6dB @  20Hz 
          125W  93.6dB @  20Hz 
          157W  94.6dB @  20Hz 
          198W  95.6dB @  20Hz 
          250W  96.6dB @  20Hz 
          315W  97.6dB @  20Hz 
          397W  98.6dB @  20Hz 
          500W  99.6dB @  20Hz 
          630W 100.6dB @  20Hz 
          793W 101.6dB @  20Hz 
         1000W 102.6dB @  20Hz 
110.2dB  5762W 102.6dB @  20Hz   12
           16W  89.7dB @  27Hz 
           20W  90.7dB @  27Hz 
           25W  91.7dB @  27Hz 
           31W  92.7dB @  27Hz 
           39W  93.7dB @  27Hz 
           50W  94.7dB @  27Hz 
           62W  95.8dB @  27Hz 
           79W  96.8dB @  27Hz 
           99W  97.8dB @  27Hz 
          125W  98.8dB @  27Hz 
          157W  99.8dB @  27Hz 
          198W 100.8dB @  27Hz 
          250W 101.8dB @  27Hz 
          315W 102.8dB @  27Hz 
          397W 103.8dB @  27Hz 
          500W 104.8dB @  27Hz 
          630W 105.8dB @  27Hz 
          793W 106.8dB @  27Hz 
         1000W 107.8dB @  27Hz 
115.4dB  5786W 107.8dB @  27Hz    6
119.4dB  5804W 111.8dB @  34Hz    2
122.7dB  5819W 115.0dB @  41Hz   -1
125.4dB  5831W 117.8dB @  48Hz   -4
127.8dB  5842W 120.1dB @  55Hz   -6
129.9dB  5852W 122.2dB @  62Hz   -8
131.7dB  5860W 124.0dB @  69Hz  -10
133.4dB  5868W 125.7dB @  76Hz  -11
-------------
silver10
-------------
 88.0dB             3.3l (1.1)               200W
SplMech  Pmech SplEle     f3

            3W  71.2dB @  27Hz 
            4W  72.2dB @  27Hz 
            5W  73.2dB @  27Hz 
            6W  74.2dB @  27Hz 
            8W  75.2dB @  27Hz 
           10W  76.2dB @  27Hz 
           12W  77.2dB @  27Hz 
           16W  78.2dB @  27Hz 
           20W  79.3dB @  27Hz 
           25W  80.3dB @  27Hz 
           31W  81.3dB @  27Hz 
           40W  82.3dB @  27Hz 
           50W  83.3dB @  27Hz 
           63W  84.3dB @  27Hz 
           79W  85.3dB @  27Hz 
          100W  86.3dB @  27Hz 
          126W  87.3dB @  27Hz 
          159W  88.3dB @  27Hz 
          200W  89.3dB @  27Hz 
 98.6dB  1691W  89.3dB @  27Hz   16
102.6dB  1696W  93.3dB @  34Hz   12
105.8dB  1701W  96.5dB @  41Hz    9
108.6dB  1704W  99.2dB @  48Hz    6
110.9dB  1708W 101.6dB @  55Hz    4
113.0dB  1710W 103.7dB @  62Hz    2
114.9dB  1713W 105.5dB @  69Hz    0
116.5dB  1715W 107.2dB @  76Hz   -1
-------------
silver12
-------------
 89.0dB             9.3l (1.1)               200W
SplMech  Pmech SplEle     f3

            3W  70.8dB @  20Hz 
            4W  71.8dB @  20Hz 
            5W  72.8dB @  20Hz 
            6W  73.8dB @  20Hz 
            8W  74.8dB @  20Hz 
           10W  75.8dB @  20Hz 
           12W  76.8dB @  20Hz 
           16W  77.8dB @  20Hz 
           20W  78.8dB @  20Hz 
           25W  79.8dB @  20Hz 
           31W  80.8dB @  20Hz 
           40W  81.8dB @  20Hz 
           50W  82.8dB @  20Hz 
           63W  83.8dB @  20Hz 
           79W  84.9dB @  20Hz 
          100W  85.9dB @  20Hz 
          126W  86.9dB @  20Hz 
          159W  87.9dB @  20Hz 
          200W  88.9dB @  20Hz 
 97.2dB  1366W  88.9dB @  20Hz   19
            3W  76.0dB @  27Hz 
            4W  77.0dB @  27Hz 
            5W  78.0dB @  27Hz 
            6W  79.0dB @  27Hz 
            8W  80.0dB @  27Hz 
           10W  81.0dB @  27Hz 
           12W  82.0dB @  27Hz 
           16W  83.0dB @  27Hz 
           20W  84.0dB @  27Hz 
           25W  85.0dB @  27Hz 
           31W  86.0dB @  27Hz 
           40W  87.0dB @  27Hz 
           50W  88.0dB @  27Hz 
           63W  89.0dB @  27Hz 
           79W  90.0dB @  27Hz 
          100W  91.0dB @  27Hz 
          126W  92.1dB @  27Hz 
          159W  93.1dB @  27Hz 
          200W  94.1dB @  27Hz 
102.4dB  1372W  94.1dB @  27Hz   14
106.4dB  1376W  98.1dB @  34Hz   10
109.7dB  1379W 101.3dB @  41Hz    7
112.4dB  1382W 104.0dB @  48Hz    4
114.8dB  1385W 106.4dB @  55Hz    2
116.9dB  1387W 108.5dB @  62Hz   -0
118.7dB  1389W 110.3dB @  69Hz   -2
120.4dB  1391W 112.0dB @  76Hz   -4
-------------
sonic10
-------------
 84.0dB             7.0l (1.1)               600W
SplMech  Pmech SplEle     f3

            9W  75.9dB @  20Hz 
           12W  76.9dB @  20Hz 
           15W  77.9dB @  20Hz 
           19W  78.9dB @  20Hz 
           24W  79.9dB @  20Hz 
           30W  80.9dB @  20Hz 
           37W  81.9dB @  20Hz 
           47W  82.9dB @  20Hz 
           60W  83.9dB @  20Hz 
           75W  84.9dB @  20Hz 
           94W  85.9dB @  20Hz 
          119W  86.9dB @  20Hz 
          150W  87.9dB @  20Hz 
          189W  88.9dB @  20Hz 
          238W  89.9dB @  20Hz 
          300W  91.0dB @  20Hz 
          378W  92.0dB @  20Hz 
          476W  93.0dB @  20Hz 
          600W  94.0dB @  20Hz 
108.2dB 15796W  94.0dB @  20Hz   13
            9W  81.1dB @  27Hz 
           12W  82.1dB @  27Hz 
           15W  83.1dB @  27Hz 
           19W  84.1dB @  27Hz 
           24W  85.1dB @  27Hz 
           30W  86.1dB @  27Hz 
           37W  87.1dB @  27Hz 
           47W  88.1dB @  27Hz 
           60W  89.1dB @  27Hz 
           75W  90.1dB @  27Hz 
           94W  91.1dB @  27Hz 
          119W  92.1dB @  27Hz 
          150W  93.1dB @  27Hz 
          189W  94.1dB @  27Hz 
          238W  95.1dB @  27Hz 
          300W  96.1dB @  27Hz 
          378W  97.1dB @  27Hz 
          476W  98.2dB @  27Hz 
          600W  99.2dB @  27Hz 
113.4dB 15861W  99.2dB @  27Hz    8
117.4dB 15912W 103.1dB @  34Hz    4
120.6dB 15952W 106.4dB @  41Hz    1
123.4dB 15987W 109.1dB @  48Hz   -2
125.7dB 16017W 111.5dB @  55Hz   -4
127.8dB 16043W 113.5dB @  62Hz   -6
129.7dB 16066W 115.4dB @  69Hz   -8
131.4dB 16088W 117.1dB @  76Hz  -10
-------------
sonic10mk2
-------------
 84.0dB             5.7l (1.1)               600W
SplMech  Pmech SplEle     f3

            9W  74.7dB @  20Hz 
           12W  75.7dB @  20Hz 
           15W  76.7dB @  20Hz 
           19W  77.7dB @  20Hz 
           24W  78.7dB @  20Hz 
           30W  79.7dB @  20Hz 
           37W  80.7dB @  20Hz 
           47W  81.7dB @  20Hz 
           60W  82.7dB @  20Hz 
           75W  83.8dB @  20Hz 
           94W  84.8dB @  20Hz 
          119W  85.8dB @  20Hz 
          150W  86.8dB @  20Hz 
          189W  87.8dB @  20Hz 
          238W  88.8dB @  20Hz 
          300W  89.8dB @  20Hz 
          378W  90.8dB @  20Hz 
          476W  91.8dB @  20Hz 
          600W  92.8dB @  20Hz 
108.2dB 20728W  92.8dB @  20Hz   15
            9W  79.9dB @  27Hz 
           12W  80.9dB @  27Hz 
           15W  81.9dB @  27Hz 
           19W  82.9dB @  27Hz 
           24W  83.9dB @  27Hz 
           30W  84.9dB @  27Hz 
           37W  85.9dB @  27Hz 
           47W  86.9dB @  27Hz 
           60W  87.9dB @  27Hz 
           75W  88.9dB @  27Hz 
           94W  89.9dB @  27Hz 
          119W  91.0dB @  27Hz 
          150W  92.0dB @  27Hz 
          189W  93.0dB @  27Hz 
          238W  94.0dB @  27Hz 
          300W  95.0dB @  27Hz 
          378W  96.0dB @  27Hz 
          476W  97.0dB @  27Hz 
          600W  98.0dB @  27Hz 
113.4dB 20814W  98.0dB @  27Hz   10
117.4dB 20880W 102.0dB @  34Hz    6
120.6dB 20933W 105.2dB @  41Hz    2
123.4dB 20978W 107.9dB @  48Hz   -0
125.7dB 21017W 110.3dB @  55Hz   -3
127.8dB 21052W 112.4dB @  62Hz   -5
129.7dB 21083W 114.2dB @  69Hz   -7
131.4dB 21111W 115.9dB @  76Hz   -8
-------------
sonic12
-------------
 85.0dB            12.8l (1.1)               700W
SplMech  Pmech SplEle     f3

           11W  79.8dB @  20Hz 
           14W  80.8dB @  20Hz 
           17W  81.8dB @  20Hz 
           22W  82.8dB @  20Hz 
           28W  83.8dB @  20Hz 
           35W  84.8dB @  20Hz 
           44W  85.8dB @  20Hz 
           55W  86.8dB @  20Hz 
           69W  87.8dB @  20Hz 
           87W  88.8dB @  20Hz 
          110W  89.8dB @  20Hz 
          139W  90.8dB @  20Hz 
          175W  91.8dB @  20Hz 
          220W  92.8dB @  20Hz 
          278W  93.8dB @  20Hz 
          350W  94.8dB @  20Hz 
          441W  95.8dB @  20Hz 
          555W  96.8dB @  20Hz 
          700W  97.8dB @  20Hz 
111.6dB 16515W  97.8dB @  20Hz   12
           11W  85.0dB @  27Hz 
           14W  86.0dB @  27Hz 
           17W  87.0dB @  27Hz 
           22W  88.0dB @  27Hz 
           28W  89.0dB @  27Hz 
           35W  90.0dB @  27Hz 
           44W  91.0dB @  27Hz 
           55W  92.0dB @  27Hz 
           69W  93.0dB @  27Hz 
           87W  94.0dB @  27Hz 
          110W  95.0dB @  27Hz 
          139W  96.0dB @  27Hz 
          175W  97.0dB @  27Hz 
          220W  98.0dB @  27Hz 
          278W  99.0dB @  27Hz 
          350W 100.0dB @  27Hz 
          441W 101.0dB @  27Hz 
          555W 102.0dB @  27Hz 
          700W 103.0dB @  27Hz 
116.8dB 16582W 103.0dB @  27Hz    7
120.8dB 16635W 107.0dB @  34Hz    3
124.0dB 16678W 110.3dB @  41Hz   -0
126.8dB 16714W 113.0dB @  48Hz   -3
129.1dB 16745W 115.3dB @  55Hz   -5
131.2dB 16772W 117.4dB @  62Hz   -7
133.1dB 16797W 119.3dB @  69Hz   -9
134.7dB 16819W 120.9dB @  76Hz  -11
-------------
sonic15
-------------
 88.0dB            36.5l (1.1)               800W
SplMech  Pmech SplEle     f3

           12W  85.3dB @  20Hz 
           16W  86.3dB @  20Hz 
           20W  87.3dB @  20Hz 
           25W  88.3dB @  20Hz 
           31W  89.3dB @  20Hz 
           40W  90.3dB @  20Hz 
           50W  91.3dB @  20Hz 
           63W  92.3dB @  20Hz 
           79W  93.4dB @  20Hz 
          100W  94.4dB @  20Hz 
          126W  95.4dB @  20Hz 
          159W  96.4dB @  20Hz 
          200W  97.4dB @  20Hz 
          252W  98.4dB @  20Hz 
          317W  99.4dB @  20Hz 
          400W 100.4dB @  20Hz 
          504W 101.4dB @  20Hz 
          635W 102.4dB @  20Hz 
          800W 103.4dB @  20Hz 
115.8dB 13838W 103.4dB @  20Hz   10
           12W  90.5dB @  27Hz 
           16W  91.5dB @  27Hz 
           20W  92.5dB @  27Hz 
           25W  93.5dB @  27Hz 
           31W  94.5dB @  27Hz 
           40W  95.5dB @  27Hz 
           50W  96.5dB @  27Hz 
           63W  97.5dB @  27Hz 
           79W  98.5dB @  27Hz 
          100W  99.6dB @  27Hz 
          126W 100.6dB @  27Hz 
          159W 101.6dB @  27Hz 
          200W 102.6dB @  27Hz 
          252W 103.6dB @  27Hz 
          317W 104.6dB @  27Hz 
          400W 105.6dB @  27Hz 
          504W 106.6dB @  27Hz 
          635W 107.6dB @  27Hz 
          800W 108.6dB @  27Hz 
121.0dB 13895W 108.6dB @  27Hz    5
125.0dB 13939W 112.6dB @  34Hz    1
128.2dB 13975W 115.8dB @  41Hz   -3
131.0dB 14005W 118.5dB @  48Hz   -5
133.3dB 14031W 120.9dB @  55Hz   -8
135.4dB 14054W 123.0dB @  62Hz  -10
137.3dB 14075W 124.8dB @  69Hz  -12
139.0dB 14094W 126.5dB @  76Hz  -13
-------------
sp-302c
-------------
 93.0dB            77.5l (1.1)               150W
SplMech  Pmech SplEle     f3

            5W  82.7dB @  20Hz 
            6W  83.7dB @  20Hz 
            7W  84.7dB @  20Hz 
            9W  85.7dB @  20Hz 
           12W  86.7dB @  20Hz 
           15W  87.7dB @  20Hz 
           19W  88.7dB @  20Hz 
           24W  89.7dB @  20Hz 
           30W  90.7dB @  20Hz 
           37W  91.7dB @  20Hz 
           47W  92.7dB @  20Hz 
           60W  93.7dB @  20Hz 
           75W  94.8dB @  20Hz 
           94W  95.8dB @  20Hz 
          119W  96.8dB @  20Hz 
          150W  97.8dB @  20Hz 
 97.9dB   155W  97.8dB @  20Hz   11
            5W  87.9dB @  27Hz 
            6W  88.9dB @  27Hz 
            7W  89.9dB @  27Hz 
            9W  90.9dB @  27Hz 
           12W  91.9dB @  27Hz 
           15W  92.9dB @  27Hz 
           19W  93.9dB @  27Hz 
           24W  94.9dB @  27Hz 
           30W  95.9dB @  27Hz 
           37W  96.9dB @  27Hz 
           47W  97.9dB @  27Hz 
           60W  98.9dB @  27Hz 
           75W  99.9dB @  27Hz 
           94W 101.0dB @  27Hz 
          119W 102.0dB @  27Hz 
          150W 103.0dB @  27Hz 
103.1dB   156W 103.0dB @  27Hz    6
107.1dB   156W 106.9dB @  34Hz    2
110.4dB   157W 110.2dB @  41Hz   -1
113.1dB   157W 112.9dB @  48Hz   -4
115.5dB   157W 115.3dB @  55Hz   -6
117.6dB   157W 117.4dB @  62Hz   -8
119.4dB   158W 119.2dB @  69Hz  -10
121.1dB   158W 120.9dB @  76Hz  -12
