*****************************************************************************
blackbass10 ||    0.0Ohm  0.30  86.0dB  262W 1x100 mm
 fu     fc      fo      SplMech  Vb1     Vb2       d         l        C
 11.1 Hz  32 Hz   92 Hz   92.9 dB   oo l +   5 l  * 1x50 mm  1023 mm  2103 uF
 14.0 Hz  37 Hz  100 Hz   97.0 dB   82 l +   5 l  * 1x50 mm   738 mm  1540 uF
 15.0 Hz  39 Hz  102 Hz   98.2 dB   60 l +   5 l  * 1x50 mm   670 mm  1404 uF
 16.0 Hz  41 Hz  104 Hz   99.3 dB   47 l +   5 l  * 1x50 mm   611 mm  1288 uF
 17.0 Hz  43 Hz  107 Hz  100.4 dB   39 l +   5 l  * 1x50 mm   561 mm  1188 uF
 18.0 Hz  44 Hz  109 Hz  101.4 dB   33 l +   5 l  * 1x50 mm   517 mm  1101 uF

blackbass10 ||    2.7Ohm  0.35  86.0dB  262W 1x100 mm
 fu     fc      fo      SplMech  Vb1     Vb2       d         l        C
 11.9 Hz  32 Hz   86 Hz   94.2 dB   oo l +   7 l  * 1x50 mm   747 mm  1809 uF
 12.0 Hz  32 Hz   86 Hz   94.3 dB 4930 l +   7 l  * 1x50 mm   742 mm  1799 uF
 13.0 Hz  34 Hz   88 Hz   95.7 dB  251 l +   7 l  * 1x50 mm   663 mm  1616 uF
 14.0 Hz  36 Hz   90 Hz   97.0 dB  127 l +   7 l  * 1x50 mm   597 mm  1464 uF
 15.0 Hz  37 Hz   92 Hz   98.2 dB   85 l +   7 l  * 1x50 mm   541 mm  1336 uF
 16.0 Hz  39 Hz   94 Hz   99.3 dB   63 l +   7 l  * 1x50 mm   493 mm  1226 uF
 17.0 Hz  40 Hz   96 Hz  100.4 dB   50 l +   7 l  * 1x50 mm   452 mm  1130 uF
 18.0 Hz  42 Hz   98 Hz  101.4 dB   41 l +   7 l  * 1x50 mm   416 mm  1047 uF

blackbass10 ||    6.8Ohm  0.38  86.0dB  262W 1x100 mm
 fu     fc      fo      SplMech  Vb1     Vb2       d         l        C
 12.5 Hz  32 Hz   82 Hz   95.0 dB   oo l +   9 l  * 1x50 mm   619 mm  1655 uF
 13.0 Hz  33 Hz   83 Hz   95.7 dB  546 l +   9 l  * 1x50 mm   584 mm  1569 uF
 14.0 Hz  35 Hz   85 Hz   97.0 dB  182 l +   9 l  * 1x50 mm   526 mm  1422 uF
 15.0 Hz  36 Hz   87 Hz   98.2 dB  108 l +   9 l  * 1x50 mm   476 mm  1297 uF
 16.0 Hz  38 Hz   89 Hz   99.3 dB   77 l +   9 l  * 1x50 mm   433 mm  1190 uF
 17.0 Hz  39 Hz   91 Hz  100.4 dB   59 l +   9 l  - 1x70 mm   800 mm  1097 uF
 18.0 Hz  41 Hz   93 Hz  101.4 dB   48 l +   9 l  - 1x70 mm   737 mm  1017 uF

blackbass10 || 100000.0Ohm  0.44  86.0dB  262W 1x100 mm
 fu     fc      fo      SplMech  Vb1     Vb2       d         l        C
 13.5 Hz  32 Hz   76 Hz   96.3 dB   oo l +  12 l  * 1x50 mm   444 mm  1419 uF
 14.0 Hz  33 Hz   77 Hz   97.0 dB  593 l +  12 l  * 1x50 mm   420 mm  1350 uF
 15.0 Hz  34 Hz   79 Hz   98.2 dB  198 l +  12 l  - 1x70 mm   767 mm  1232 uF
 16.0 Hz  36 Hz   80 Hz   99.3 dB  117 l +  12 l  - 1x70 mm   699 mm  1130 uF
 17.0 Hz  37 Hz   82 Hz  100.4 dB   83 l +  12 l  - 1x70 mm   641 mm  1042 uF
 18.0 Hz  39 Hz   84 Hz  101.4 dB   64 l +  12 l  - 1x70 mm   590 mm   966 uF

*****************************************************************************
blackbass12 ||    0.0Ohm  0.33  87.0dB  300W 1x100 mm
 fu     fc      fo      SplMech  Vb1     Vb2       d         l        C
 10.6 Hz  29 Hz   79 Hz   95.7 dB   oo l +  14 l  * 1x50 mm   474 mm  2085 uF
 11.0 Hz  30 Hz   80 Hz   96.4 dB 1189 l +  14 l  * 1x50 mm   449 mm  1983 uF
 12.0 Hz  32 Hz   83 Hz   97.9 dB  338 l +  14 l  - 1x70 mm   797 mm  1766 uF
 13.0 Hz  33 Hz   85 Hz   99.3 dB  195 l +  14 l  - 1x70 mm   711 mm  1587 uF
 14.0 Hz  35 Hz   87 Hz  100.6 dB  136 l +  14 l  - 1x70 mm   638 mm  1438 uF
 15.0 Hz  37 Hz   89 Hz  101.8 dB  103 l +  14 l  - 1x70 mm   577 mm  1311 uF
 16.0 Hz  38 Hz   91 Hz  102.9 dB   83 l +  14 l  - 1x70 mm   525 mm  1203 uF
 17.0 Hz  40 Hz   93 Hz  103.9 dB   69 l +  14 l  - 1x70 mm   480 mm  1110 uF
 18.0 Hz  41 Hz   95 Hz  104.9 dB   59 l +  14 l  - 1x70 mm   441 mm  1028 uF

blackbass12 ||    2.7Ohm  0.39  87.0dB  300W 1x100 mm
 fu     fc      fo      SplMech  Vb1     Vb2       d         l        C
 11.4 Hz  29 Hz   74 Hz   97.0 dB   oo l +  18 l  - 1x70 mm   689 mm  1793 uF
 12.0 Hz  30 Hz   75 Hz   97.9 dB  901 l +  18 l  - 1x70 mm   642 mm  1679 uF
 13.0 Hz  32 Hz   77 Hz   99.3 dB  324 l +  18 l  - 1x70 mm   571 mm  1509 uF
 14.0 Hz  33 Hz   79 Hz  100.6 dB  196 l +  18 l  - 1x70 mm   512 mm  1367 uF
 15.0 Hz  35 Hz   81 Hz  101.8 dB  139 l +  18 l  - 1x70 mm   462 mm  1247 uF
 16.0 Hz  36 Hz   82 Hz  102.9 dB  108 l +  18 l  - 1x70 mm   419 mm  1144 uF
 17.0 Hz  38 Hz   84 Hz  103.9 dB   87 l +  18 l  - 1x70 mm   382 mm  1055 uF
 18.0 Hz  39 Hz   86 Hz  104.9 dB   73 l +  18 l    1x100 mm  749 mm   978 uF

blackbass12 ||    6.8Ohm  0.42  87.0dB  300W 1x100 mm
 fu     fc      fo      SplMech  Vb1     Vb2       d         l        C
 11.9 Hz  29 Hz   70 Hz   97.8 dB   oo l +  22 l  - 1x70 mm   567 mm  1639 uF
 12.0 Hz  29 Hz   70 Hz   97.9 dB 10288 l +  22 l  - 1x70 mm   563 mm  1630 uF
 13.0 Hz  31 Hz   72 Hz   99.3 dB  512 l +  22 l  - 1x70 mm   500 mm  1465 uF
 14.0 Hz  32 Hz   74 Hz  100.6 dB  259 l +  22 l  - 1x70 mm   448 mm  1327 uF
 15.0 Hz  34 Hz   76 Hz  101.8 dB  172 l +  22 l  - 1x70 mm   404 mm  1210 uF
 16.0 Hz  35 Hz   78 Hz  102.9 dB  128 l +  22 l    1x100 mm  781 mm  1111 uF
 17.0 Hz  37 Hz   79 Hz  103.9 dB  102 l +  22 l    1x100 mm  714 mm  1024 uF
 18.0 Hz  38 Hz   81 Hz  104.9 dB   84 l +  22 l    1x100 mm  656 mm   949 uF

blackbass12 || 100000.0Ohm  0.49  87.0dB  300W 1x100 mm
 fu     fc      fo      SplMech  Vb1     Vb2       d         l        C
 12.9 Hz  29 Hz   65 Hz   99.1 dB   oo l +  30 l  - 1x70 mm   401 mm  1404 uF
 13.0 Hz  29 Hz   65 Hz   99.3 dB 6611 l +  30 l  - 1x70 mm   396 mm  1391 uF
 14.0 Hz  31 Hz   67 Hz  100.6 dB  535 l +  30 l    1x100 mm  757 mm  1260 uF
 15.0 Hz  32 Hz   68 Hz  101.8 dB  276 l +  30 l    1x100 mm  683 mm  1149 uF
 16.0 Hz  33 Hz   70 Hz  102.9 dB  184 l +  30 l    1x100 mm  620 mm  1055 uF
 17.0 Hz  35 Hz   71 Hz  103.9 dB  138 l +  30 l    1x100 mm  566 mm   973 uF
 18.0 Hz  36 Hz   73 Hz  104.9 dB  109 l +  30 l    1x100 mm  518 mm   901 uF

*****************************************************************************
blackbass-300 ||    0.0Ohm  0.25  88.0dB  300W 2x100 mm
 fu     fc      fo      SplMech  Vb1     Vb2       d         l        C
  9.1 Hz  29 Hz   92 Hz   89.9 dB   oo l +   9 l  * 1x70 mm  1386 mm  2821 uF
 14.0 Hz  39 Hz  107 Hz   97.4 dB  101 l +   9 l  * 1x70 mm   757 mm  1590 uF
 15.0 Hz  40 Hz  109 Hz   98.6 dB   83 l +   9 l  * 1x70 mm   686 mm  1450 uF
 16.0 Hz  42 Hz  111 Hz   99.7 dB   70 l +   9 l  * 1x70 mm   624 mm  1331 uF
 17.0 Hz  44 Hz  114 Hz  100.8 dB   60 l +   9 l  * 1x70 mm   572 mm  1227 uF
 18.0 Hz  46 Hz  116 Hz  101.7 dB   53 l +   9 l  * 1x70 mm   526 mm  1137 uF

blackbass-300 ||    2.7Ohm  0.28  88.0dB  300W 2x100 mm
 fu     fc      fo      SplMech  Vb1     Vb2       d         l        C
  9.8 Hz  29 Hz   86 Hz   91.2 dB   oo l +  13 l  * 1x70 mm  1023 mm  2440 uF
 12.0 Hz  33 Hz   92 Hz   94.7 dB  251 l +  13 l  * 1x70 mm   767 mm  1861 uF
 13.0 Hz  35 Hz   94 Hz   96.1 dB  170 l +  13 l  * 1x70 mm   683 mm  1672 uF
 14.0 Hz  37 Hz   97 Hz   97.4 dB  128 l +  13 l  * 1x70 mm   614 mm  1515 uF
 15.0 Hz  39 Hz   99 Hz   98.6 dB  102 l +  13 l  * 1x70 mm   555 mm  1382 uF
 16.0 Hz  40 Hz  101 Hz   99.7 dB   84 l +  13 l  * 1x70 mm   505 mm  1268 uF
 17.0 Hz  42 Hz  103 Hz  100.8 dB   72 l +  13 l  * 1x70 mm   461 mm  1169 uF
 18.0 Hz  44 Hz  105 Hz  101.7 dB   62 l +  13 l  * 1x70 mm   423 mm  1084 uF

blackbass-300 ||    6.8Ohm  0.31  88.0dB  300W 2x100 mm
 fu     fc      fo      SplMech  Vb1     Vb2       d         l        C
 10.2 Hz  29 Hz   82 Hz   91.9 dB   oo l +  15 l  * 1x70 mm   853 mm  2239 uF
 11.0 Hz  30 Hz   84 Hz   93.2 dB  760 l +  15 l  * 1x70 mm   768 mm  2031 uF
 12.0 Hz  32 Hz   87 Hz   94.7 dB  327 l +  15 l  * 1x70 mm   678 mm  1808 uF
 13.0 Hz  34 Hz   89 Hz   96.1 dB  206 l +  15 l  * 1x70 mm   603 mm  1625 uF
 14.0 Hz  36 Hz   91 Hz   97.4 dB  150 l +  15 l  * 1x70 mm   541 mm  1472 uF
 15.0 Hz  37 Hz   93 Hz   98.6 dB  117 l +  15 l  * 1x70 mm   489 mm  1343 uF
 16.0 Hz  39 Hz   96 Hz   99.7 dB   95 l +  15 l  * 1x70 mm   444 mm  1232 uF
 17.0 Hz  41 Hz   97 Hz  100.8 dB   80 l +  15 l  * 1x70 mm   405 mm  1136 uF
 18.0 Hz  42 Hz   99 Hz  101.7 dB   69 l +  15 l  - 1x100 mm  792 mm  1053 uF

blackbass-300 || 100000.0Ohm  0.36  88.0dB  300W 2x100 mm
 fu     fc      fo      SplMech  Vb1     Vb2       d         l        C
 11.0 Hz  29 Hz   76 Hz   93.2 dB   oo l +  20 l  * 1x70 mm   620 mm  1931 uF
 12.0 Hz  31 Hz   79 Hz   94.7 dB  640 l +  20 l  * 1x70 mm   546 mm  1721 uF
 13.0 Hz  32 Hz   81 Hz   96.1 dB  314 l +  20 l  * 1x70 mm   485 mm  1547 uF
 14.0 Hz  34 Hz   83 Hz   97.4 dB  206 l +  20 l  * 1x70 mm   434 mm  1401 uF
 15.0 Hz  36 Hz   85 Hz   98.6 dB  153 l +  20 l  * 1x70 mm   391 mm  1278 uF
 16.0 Hz  37 Hz   87 Hz   99.7 dB  121 l +  20 l  - 1x100 mm  758 mm  1173 uF
 17.0 Hz  39 Hz   88 Hz  100.8 dB   99 l +  20 l  - 1x100 mm  693 mm  1082 uF
 18.0 Hz  40 Hz   90 Hz  101.7 dB   84 l +  20 l  - 1x100 mm  636 mm  1002 uF

*****************************************************************************
crb10tc ||    0.0Ohm  0.37  86.0dB  150W 1x100 mm
 fu     fc      fo      SplMech  Vb1     Vb2       d         l        C
 13.1 Hz  34 Hz   89 Hz   92.4 dB   oo l +  10 l  * 1x50 mm   451 mm  1485 uF
 14.0 Hz  36 Hz   91 Hz   93.6 dB  391 l +  10 l  * 1x50 mm   408 mm  1353 uF
 15.0 Hz  37 Hz   93 Hz   94.8 dB  187 l +  10 l  - 1x70 mm   744 mm  1234 uF
 16.0 Hz  39 Hz   95 Hz   95.9 dB  122 l +  10 l  - 1x70 mm   678 mm  1133 uF
 17.0 Hz  41 Hz   97 Hz   97.0 dB   90 l +  10 l  - 1x70 mm   621 mm  1045 uF
 18.0 Hz  42 Hz   99 Hz   98.0 dB   71 l +  10 l  - 1x70 mm   571 mm   968 uF

crb10tc ||    2.7Ohm  0.42  86.0dB  150W 1x100 mm
 fu     fc      fo      SplMech  Vb1     Vb2       d         l        C
 14.0 Hz  34 Hz   83 Hz   93.6 dB   oo l +  14 l  - 1x70 mm   673 mm  1292 uF
 15.0 Hz  36 Hz   84 Hz   94.8 dB  395 l +  14 l  - 1x70 mm   609 mm  1178 uF
 16.0 Hz  37 Hz   86 Hz   95.9 dB  195 l +  14 l  - 1x70 mm   554 mm  1081 uF
 17.0 Hz  39 Hz   88 Hz   97.0 dB  129 l +  14 l  - 1x70 mm   506 mm   997 uF
 18.0 Hz  40 Hz   90 Hz   98.0 dB   95 l +  14 l  - 1x70 mm   465 mm   924 uF

crb10tc ||    6.8Ohm  0.46  86.0dB  150W 1x100 mm
 fu     fc      fo      SplMech  Vb1     Vb2       d         l        C
 14.6 Hz  34 Hz   79 Hz   94.3 dB   oo l +  16 l  - 1x70 mm   557 mm  1185 uF
 15.0 Hz  35 Hz   80 Hz   94.8 dB 1084 l +  16 l  - 1x70 mm   536 mm  1145 uF
 16.0 Hz  36 Hz   82 Hz   95.9 dB  297 l +  16 l  - 1x70 mm   488 mm  1051 uF
 17.0 Hz  38 Hz   83 Hz   97.0 dB  170 l +  16 l  - 1x70 mm   445 mm   969 uF
 18.0 Hz  39 Hz   85 Hz   98.0 dB  119 l +  16 l  - 1x70 mm   409 mm   898 uF

crb10tc || 100000.0Ohm  0.54  86.0dB  150W 1x100 mm
 fu     fc      fo      SplMech  Vb1     Vb2       d         l        C
 15.8 Hz  34 Hz   73 Hz   95.7 dB   oo l +  22 l  - 1x70 mm   392 mm  1013 uF
 16.0 Hz  34 Hz   73 Hz   95.9 dB 2339 l +  22 l  - 1x70 mm   385 mm   997 uF
 17.0 Hz  36 Hz   75 Hz   97.0 dB  373 l +  22 l    1x100 mm  750 mm   920 uF
 18.0 Hz  37 Hz   76 Hz   98.0 dB  201 l +  22 l    1x100 mm  690 mm   852 uF

*****************************************************************************
crb12tc ||    0.0Ohm  0.43  86.0dB  150W 2x100 mm
 fu     fc      fo      SplMech  Vb1     Vb2       d         l        C
 12.8 Hz  31 Hz   75 Hz   95.7 dB   oo l +  27 l  * 1x70 mm   381 mm  1406 uF
 13.0 Hz  31 Hz   75 Hz   96.0 dB 3899 l +  27 l  - 1x100 mm  795 mm  1379 uF
 14.0 Hz  33 Hz   77 Hz   97.3 dB  600 l +  27 l  - 1x100 mm  713 mm  1250 uF
 15.0 Hz  34 Hz   79 Hz   98.5 dB  321 l +  27 l  - 1x100 mm  643 mm  1140 uF
 16.0 Hz  36 Hz   81 Hz   99.6 dB  218 l +  27 l  - 1x100 mm  584 mm  1046 uF
 17.0 Hz  37 Hz   82 Hz  100.6 dB  164 l +  27 l  - 1x100 mm  532 mm   965 uF
 18.0 Hz  39 Hz   84 Hz  101.6 dB  131 l +  27 l  - 1x100 mm  487 mm   894 uF

crb12tc ||    2.7Ohm  0.49  86.0dB  150W 2x100 mm
 fu     fc      fo      SplMech  Vb1     Vb2       d         l        C
 13.7 Hz  31 Hz   70 Hz   96.9 dB   oo l +  36 l  - 1x100 mm  595 mm  1223 uF
 14.0 Hz  31 Hz   70 Hz   97.3 dB 2981 l +  36 l  - 1x100 mm  578 mm  1193 uF
 15.0 Hz  33 Hz   72 Hz   98.5 dB  605 l +  36 l  - 1x100 mm  521 mm  1088 uF
 16.0 Hz  34 Hz   74 Hz   99.6 dB  333 l +  36 l  - 1x100 mm  471 mm   998 uF
 17.0 Hz  36 Hz   75 Hz  100.6 dB  229 l +  36 l  - 1x100 mm  428 mm   921 uF
 18.0 Hz  37 Hz   77 Hz  101.6 dB  173 l +  36 l  - 1x100 mm  391 mm   853 uF

crb12tc ||    6.8Ohm  0.53  86.0dB  150W 2x100 mm
 fu     fc      fo      SplMech  Vb1     Vb2       d         l        C
 14.3 Hz  31 Hz   67 Hz   97.7 dB   oo l +  43 l  - 1x100 mm  488 mm  1121 uF
 15.0 Hz  32 Hz   68 Hz   98.5 dB 1230 l +  43 l  - 1x100 mm  455 mm  1057 uF
 16.0 Hz  33 Hz   69 Hz   99.6 dB  480 l +  43 l  - 1x100 mm  411 mm   970 uF
 17.0 Hz  35 Hz   71 Hz  100.6 dB  296 l +  43 l    2x100 mm  788 mm   895 uF
 18.0 Hz  36 Hz   72 Hz  101.6 dB  213 l +  43 l    2x100 mm  721 mm   829 uF

crb12tc || 100000.0Ohm  0.63  86.0dB  150W 2x100 mm
 fu     fc      fo      SplMech  Vb1     Vb2       d         l        C
 15.5 Hz  31 Hz   62 Hz   99.1 dB   oo l +  59 l    2x100 mm  711 mm   958 uF
 16.0 Hz  32 Hz   63 Hz   99.6 dB 1817 l +  59 l    2x100 mm  679 mm   920 uF
 17.0 Hz  33 Hz   64 Hz  100.6 dB  582 l +  59 l    2x100 mm  617 mm   849 uF
 18.0 Hz  34 Hz   65 Hz  101.6 dB  343 l +  59 l    2x100 mm  564 mm   787 uF

*****************************************************************************
predator10 ||    0.0Ohm  0.31  87.0dB  300W 1x100 mm
 fu     fc      fo      SplMech  Vb1     Vb2       d         l        C
 13.7 Hz  39 Hz  111 Hz   95.1 dB   oo l +   4 l  * 1x50 mm   916 mm  3534 uF
 16.0 Hz  43 Hz  117 Hz   97.8 dB   93 l +   4 l  * 1x50 mm   740 mm  2882 uF
 17.0 Hz  45 Hz  119 Hz   98.8 dB   64 l +   4 l  * 1x50 mm   679 mm  2658 uF
 18.0 Hz  47 Hz  121 Hz   99.8 dB   48 l +   4 l  * 1x50 mm   627 mm  2463 uF

predator10 ||    2.7Ohm  0.39  87.0dB  300W 1x100 mm
 fu     fc      fo      SplMech  Vb1     Vb2       d         l        C
 15.3 Hz  39 Hz   99 Hz   97.0 dB   oo l +   6 l  * 1x50 mm   575 mm  2835 uF
 16.0 Hz  40 Hz  101 Hz   97.8 dB  359 l +   6 l  * 1x50 mm   541 mm  2678 uF
 17.0 Hz  42 Hz  103 Hz   98.8 dB  142 l +   6 l  * 1x50 mm   496 mm  2470 uF
 18.0 Hz  43 Hz  105 Hz   99.8 dB   88 l +   6 l  * 1x50 mm   457 mm  2289 uF

predator10 ||    6.8Ohm  0.42  87.0dB  300W 1x100 mm
 fu     fc      fo      SplMech  Vb1     Vb2       d         l        C
 15.9 Hz  39 Hz   95 Hz   97.7 dB   oo l +   7 l  * 1x50 mm   487 mm  2622 uF
 16.0 Hz  39 Hz   96 Hz   97.8 dB 4247 l +   7 l  * 1x50 mm   484 mm  2610 uF
 17.0 Hz  41 Hz   97 Hz   98.8 dB  235 l +   7 l  * 1x50 mm   443 mm  2407 uF
 18.0 Hz  42 Hz   99 Hz   99.8 dB  119 l +   7 l  * 1x50 mm   408 mm  2230 uF

predator10 || 100000.0Ohm  0.46  87.0dB  300W 1x100 mm
 fu     fc      fo      SplMech  Vb1     Vb2       d         l        C
 16.7 Hz  39 Hz   91 Hz   98.5 dB   oo l +   9 l  * 1x50 mm   399 mm  2395 uF
 17.0 Hz  39 Hz   92 Hz   98.8 dB  823 l +   9 l  - 1x70 mm   783 mm  2335 uF
 18.0 Hz  41 Hz   94 Hz   99.8 dB  197 l +   9 l  - 1x70 mm   722 mm  2164 uF

*****************************************************************************
sonic10 ||    0.0Ohm  0.35  84.0dB  450W 1x100 mm
 fu     fc      fo      SplMech  Vb1     Vb2       d         l        C
 11.6 Hz  31 Hz   83 Hz   98.7 dB   oo l +   6 l  * 1x50 mm   996 mm  3518 uF
 14.0 Hz  35 Hz   88 Hz  102.0 dB   85 l +   6 l  * 1x50 mm   767 mm  2740 uF
 15.0 Hz  37 Hz   90 Hz  103.2 dB   59 l +   6 l  * 1x50 mm   696 mm  2499 uF
 16.0 Hz  38 Hz   92 Hz  104.3 dB   45 l +   6 l  * 1x50 mm   635 mm  2293 uF
 17.0 Hz  40 Hz   94 Hz  105.3 dB   36 l +   6 l  * 1x50 mm   583 mm  2115 uF
 18.0 Hz  42 Hz   96 Hz  106.3 dB   30 l +   6 l  * 1x50 mm   537 mm  1960 uF

sonic10 ||    2.7Ohm  0.43  84.0dB  450W 1x100 mm
 fu     fc      fo      SplMech  Vb1     Vb2       d         l        C
 12.9 Hz  31 Hz   74 Hz  100.6 dB   oo l +   9 l  * 1x50 mm   633 mm  2836 uF
 13.0 Hz  31 Hz   74 Hz  100.7 dB 3188 l +   9 l  * 1x50 mm   628 mm  2815 uF
 14.0 Hz  33 Hz   76 Hz  102.0 dB  214 l +   9 l  * 1x50 mm   565 mm  2550 uF
 15.0 Hz  34 Hz   78 Hz  103.2 dB  109 l +   9 l  * 1x50 mm   512 mm  2326 uF
 16.0 Hz  36 Hz   80 Hz  104.3 dB   73 l +   9 l  * 1x50 mm   467 mm  2134 uF
 17.0 Hz  37 Hz   81 Hz  105.3 dB   54 l +   9 l  * 1x50 mm   427 mm  1968 uF
 18.0 Hz  39 Hz   83 Hz  106.3 dB   43 l +   9 l  - 1x70 mm   793 mm  1824 uF

sonic10 ||    6.8Ohm  0.47  84.0dB  450W 1x100 mm
 fu     fc      fo      SplMech  Vb1     Vb2       d         l        C
 13.5 Hz  31 Hz   71 Hz  101.3 dB   oo l +  11 l  * 1x50 mm   530 mm  2610 uF
 14.0 Hz  32 Hz   72 Hz  102.0 dB  459 l +  11 l  * 1x50 mm   502 mm  2480 uF
 15.0 Hz  33 Hz   74 Hz  103.2 dB  156 l +  11 l  * 1x50 mm   454 mm  2262 uF
 16.0 Hz  35 Hz   76 Hz  104.3 dB   93 l +  11 l  * 1x50 mm   414 mm  2076 uF
 17.0 Hz  36 Hz   77 Hz  105.3 dB   66 l +  11 l  - 1x70 mm   764 mm  1915 uF
 18.0 Hz  38 Hz   79 Hz  106.3 dB   51 l +  11 l  - 1x70 mm   704 mm  1774 uF

sonic10 || 100000.0Ohm  0.52  84.0dB  450W 1x100 mm
 fu     fc      fo      SplMech  Vb1     Vb2       d         l        C
 14.2 Hz  31 Hz   68 Hz  102.2 dB   oo l +  13 l  * 1x50 mm   425 mm  2356 uF
 15.0 Hz  32 Hz   69 Hz  103.2 dB  309 l +  13 l  - 1x70 mm   789 mm  2187 uF
 16.0 Hz  34 Hz   71 Hz  104.3 dB  138 l +  13 l  - 1x70 mm   720 mm  2006 uF
 17.0 Hz  35 Hz   72 Hz  105.3 dB   88 l +  13 l  - 1x70 mm   659 mm  1851 uF
 18.0 Hz  36 Hz   73 Hz  106.3 dB   64 l +  13 l  - 1x70 mm   607 mm  1715 uF

*****************************************************************************
sonic10mk2 ||    0.0Ohm  0.35  84.0dB  450W 1x100 mm
 fu     fc      fo      SplMech  Vb1     Vb2       d         l        C
 12.3 Hz  33 Hz   88 Hz   99.8 dB   oo l +   5 l  * 1x50 mm  1067 mm  3320 uF
 16.0 Hz  39 Hz   96 Hz  104.3 dB   48 l +   5 l  * 1x50 mm   742 mm  2345 uF
 17.0 Hz  41 Hz   98 Hz  105.3 dB   37 l +   5 l  * 1x50 mm   681 mm  2163 uF
 18.0 Hz  42 Hz  100 Hz  106.3 dB   30 l +   5 l  * 1x50 mm   628 mm  2004 uF

sonic10mk2 ||    2.7Ohm  0.43  84.0dB  450W 1x100 mm
 fu     fc      fo      SplMech  Vb1     Vb2       d         l        C
 13.7 Hz  33 Hz   79 Hz  101.6 dB   oo l +   7 l  * 1x50 mm   681 mm  2680 uF
 14.0 Hz  33 Hz   80 Hz  102.0 dB  736 l +   7 l  * 1x50 mm   662 mm  2609 uF
 15.0 Hz  35 Hz   82 Hz  103.2 dB  159 l +   7 l  * 1x50 mm   600 mm  2379 uF
 16.0 Hz  37 Hz   84 Hz  104.3 dB   88 l +   7 l  * 1x50 mm   548 mm  2183 uF
 17.0 Hz  38 Hz   85 Hz  105.3 dB   60 l +   7 l  * 1x50 mm   502 mm  2014 uF
 18.0 Hz  40 Hz   87 Hz  106.3 dB   46 l +   7 l  * 1x50 mm   462 mm  1866 uF

sonic10mk2 ||    6.8Ohm  0.47  84.0dB  450W 1x100 mm
 fu     fc      fo      SplMech  Vb1     Vb2       d         l        C
 14.3 Hz  33 Hz   76 Hz  102.3 dB   oo l +   9 l  * 1x50 mm   571 mm  2467 uF
 15.0 Hz  34 Hz   77 Hz  103.2 dB  304 l +   9 l  * 1x50 mm   534 mm  2315 uF
 16.0 Hz  36 Hz   79 Hz  104.3 dB  124 l +   9 l  * 1x50 mm   486 mm  2124 uF
 17.0 Hz  37 Hz   81 Hz  105.3 dB   77 l +   9 l  * 1x50 mm   446 mm  1959 uF
 18.0 Hz  38 Hz   82 Hz  106.3 dB   56 l +   9 l  * 1x50 mm   410 mm  1815 uF

sonic10mk2 || 100000.0Ohm  0.52  84.0dB  450W 1x100 mm
 fu     fc      fo      SplMech  Vb1     Vb2       d         l        C
 15.0 Hz  33 Hz   72 Hz  103.2 dB   oo l +  11 l  * 1x50 mm   459 mm  2229 uF
 16.0 Hz  34 Hz   74 Hz  104.3 dB  234 l +  11 l  * 1x50 mm   420 mm  2053 uF
 17.0 Hz  36 Hz   75 Hz  105.3 dB  113 l +  11 l  - 1x70 mm   775 mm  1894 uF
 18.0 Hz  37 Hz   77 Hz  106.3 dB   74 l +  11 l  - 1x70 mm   714 mm  1755 uF

*****************************************************************************
sonic12 ||    0.0Ohm  0.33  85.0dB  525W 2x100 mm
 fu     fc      fo      SplMech  Vb1     Vb2       d         l        C
  9.8 Hz  27 Hz   74 Hz   99.1 dB   oo l +  11 l  * 1x70 mm  1379 mm  4311 uF
 15.0 Hz  36 Hz   86 Hz  106.6 dB   66 l +  11 l  * 1x70 mm   756 mm  2439 uF
 16.0 Hz  37 Hz   88 Hz  107.7 dB   55 l +  11 l  * 1x70 mm   689 mm  2238 uF
 17.0 Hz  39 Hz   90 Hz  108.7 dB   47 l +  11 l  * 1x70 mm   631 mm  2064 uF
 18.0 Hz  41 Hz   91 Hz  109.7 dB   41 l +  11 l  * 1x70 mm   581 mm  1913 uF

sonic12 ||    2.7Ohm  0.41  85.0dB  525W 2x100 mm
 fu     fc      fo      SplMech  Vb1     Vb2       d         l        C
 10.9 Hz  27 Hz   67 Hz  101.0 dB   oo l +  17 l  * 1x70 mm   870 mm  3464 uF
 12.0 Hz  29 Hz   69 Hz  102.7 dB  379 l +  17 l  * 1x70 mm   761 mm  3053 uF
 13.0 Hz  30 Hz   71 Hz  104.1 dB  194 l +  17 l  * 1x70 mm   678 mm  2744 uF
 14.0 Hz  32 Hz   73 Hz  105.4 dB  130 l +  17 l  * 1x70 mm   609 mm  2486 uF
 15.0 Hz  33 Hz   74 Hz  106.6 dB   97 l +  17 l  * 1x70 mm   550 mm  2268 uF
 16.0 Hz  35 Hz   76 Hz  107.7 dB   77 l +  17 l  * 1x70 mm   500 mm  2081 uF
 17.0 Hz  36 Hz   77 Hz  108.7 dB   63 l +  17 l  * 1x70 mm   457 mm  1919 uF
 18.0 Hz  38 Hz   79 Hz  109.7 dB   54 l +  17 l  * 1x70 mm   420 mm  1778 uF

sonic12 ||    6.8Ohm  0.44  85.0dB  525W 2x100 mm
 fu     fc      fo      SplMech  Vb1     Vb2       d         l        C
 11.4 Hz  27 Hz   64 Hz  101.8 dB   oo l +  20 l  * 1x70 mm   726 mm  3183 uF
 12.0 Hz  28 Hz   65 Hz  102.7 dB  704 l +  20 l  * 1x70 mm   674 mm  2968 uF
 13.0 Hz  29 Hz   67 Hz  104.1 dB  264 l +  20 l  * 1x70 mm   600 mm  2668 uF
 14.0 Hz  31 Hz   69 Hz  105.4 dB  161 l +  20 l  * 1x70 mm   538 mm  2417 uF
 15.0 Hz  32 Hz   70 Hz  106.6 dB  115 l +  20 l  * 1x70 mm   486 mm  2205 uF
 16.0 Hz  34 Hz   72 Hz  107.7 dB   89 l +  20 l  * 1x70 mm   441 mm  2023 uF
 17.0 Hz  35 Hz   73 Hz  108.7 dB   72 l +  20 l  * 1x70 mm   403 mm  1866 uF
 18.0 Hz  37 Hz   75 Hz  109.7 dB   61 l +  20 l  - 1x100 mm  787 mm  1729 uF

sonic12 || 100000.0Ohm  0.49  85.0dB  525W 2x100 mm
 fu     fc      fo      SplMech  Vb1     Vb2       d         l        C
 12.0 Hz  27 Hz   61 Hz  102.7 dB   oo l +  25 l  * 1x70 mm   579 mm  2868 uF
 13.0 Hz  28 Hz   62 Hz  104.1 dB  451 l +  25 l  * 1x70 mm   515 mm  2577 uF
 14.0 Hz  30 Hz   64 Hz  105.4 dB  223 l +  25 l  * 1x70 mm   461 mm  2335 uF
 15.0 Hz  31 Hz   65 Hz  106.6 dB  147 l +  25 l  * 1x70 mm   416 mm  2129 uF
 16.0 Hz  33 Hz   67 Hz  107.7 dB  109 l +  25 l  * 1x70 mm   377 mm  1954 uF
 17.0 Hz  34 Hz   68 Hz  108.7 dB   86 l +  25 l  - 1x100 mm  734 mm  1802 uF
 18.0 Hz  35 Hz   70 Hz  109.7 dB   71 l +  25 l  - 1x100 mm  675 mm  1670 uF

*****************************************************************************
sonic15 ||    0.0Ohm  0.35  88.0dB  600W 2x100 mm
 fu     fc      fo      SplMech  Vb1     Vb2       d         l        C
  9.3 Hz  25 Hz   67 Hz  102.5 dB   oo l +  30 l  * 1x70 mm   548 mm  4395 uF
 10.0 Hz  26 Hz   69 Hz  103.7 dB 1291 l +  30 l  * 1x70 mm   494 mm  4004 uF
 11.0 Hz  28 Hz   71 Hz  105.4 dB  512 l +  30 l  * 1x70 mm   428 mm  3526 uF
 12.0 Hz  30 Hz   73 Hz  106.9 dB  315 l +  30 l  * 1x70 mm   375 mm  3140 uF
 13.0 Hz  31 Hz   75 Hz  108.3 dB  226 l +  30 l  - 1x100 mm  711 mm  2822 uF
 14.0 Hz  33 Hz   77 Hz  109.6 dB  175 l +  30 l  - 1x100 mm  637 mm  2557 uF
 15.0 Hz  34 Hz   79 Hz  110.8 dB  142 l +  30 l  - 1x100 mm  574 mm  2332 uF
 16.0 Hz  36 Hz   80 Hz  111.9 dB  120 l +  30 l  - 1x100 mm  520 mm  2140 uF
 17.0 Hz  37 Hz   82 Hz  112.9 dB  103 l +  30 l  - 1x100 mm  473 mm  1974 uF
 18.0 Hz  39 Hz   83 Hz  113.9 dB   90 l +  30 l  - 1x100 mm  433 mm  1829 uF

sonic15 ||    2.7Ohm  0.43  88.0dB  600W 2x100 mm
 fu     fc      fo      SplMech  Vb1     Vb2       d         l        C
 10.4 Hz  25 Hz   60 Hz  104.4 dB   oo l +  47 l  - 1x100 mm  716 mm  3533 uF
 11.0 Hz  26 Hz   61 Hz  105.4 dB 1624 l +  47 l  - 1x100 mm  659 mm  3279 uF
 12.0 Hz  28 Hz   63 Hz  106.9 dB  600 l +  47 l  - 1x100 mm  578 mm  2920 uF
 13.0 Hz  29 Hz   65 Hz  108.3 dB  364 l +  47 l  - 1x100 mm  511 mm  2624 uF
 14.0 Hz  30 Hz   66 Hz  109.6 dB  259 l +  47 l  - 1x100 mm  456 mm  2377 uF
 15.0 Hz  32 Hz   68 Hz  110.8 dB  200 l +  47 l  - 1x100 mm  409 mm  2168 uF
 16.0 Hz  33 Hz   69 Hz  111.9 dB  162 l +  47 l    2x100 mm  779 mm  1990 uF
 17.0 Hz  35 Hz   71 Hz  112.9 dB  136 l +  47 l    2x100 mm  709 mm  1835 uF
 18.0 Hz  36 Hz   72 Hz  113.9 dB  117 l +  47 l    2x100 mm  649 mm  1700 uF

sonic15 ||    6.8Ohm  0.47  88.0dB  600W 2x100 mm
 fu     fc      fo      SplMech  Vb1     Vb2       d         l        C
 10.8 Hz  25 Hz   58 Hz  105.1 dB   oo l +  56 l  - 1x100 mm  593 mm  3248 uF
 11.0 Hz  25 Hz   58 Hz  105.4 dB 6739 l +  56 l  - 1x100 mm  580 mm  3188 uF
 12.0 Hz  27 Hz   60 Hz  106.9 dB  875 l +  56 l  - 1x100 mm  508 mm  2839 uF
 13.0 Hz  28 Hz   61 Hz  108.3 dB  462 l +  56 l  - 1x100 mm  448 mm  2552 uF
 14.0 Hz  30 Hz   63 Hz  109.6 dB  311 l +  56 l  - 1x100 mm  399 mm  2311 uF
 15.0 Hz  31 Hz   64 Hz  110.8 dB  233 l +  56 l    2x100 mm  755 mm  2108 uF
 16.0 Hz  32 Hz   66 Hz  111.9 dB  186 l +  56 l    2x100 mm  684 mm  1934 uF
 17.0 Hz  34 Hz   67 Hz  112.9 dB  154 l +  56 l    2x100 mm  622 mm  1784 uF
 18.0 Hz  35 Hz   68 Hz  113.9 dB  131 l +  56 l    2x100 mm  568 mm  1653 uF

sonic15 || 100000.0Ohm  0.52  88.0dB  600W 2x100 mm
 fu     fc      fo      SplMech  Vb1     Vb2       d         l        C
 11.4 Hz  25 Hz   55 Hz  106.0 dB   oo l +  69 l  - 1x100 mm  466 mm  2927 uF
 12.0 Hz  26 Hz   56 Hz  106.9 dB 1868 l +  69 l  - 1x100 mm  432 mm  2742 uF
 13.0 Hz  27 Hz   57 Hz  108.3 dB  671 l +  69 l  - 1x100 mm  380 mm  2465 uF
 14.0 Hz  29 Hz   59 Hz  109.6 dB  405 l +  69 l    2x100 mm  716 mm  2233 uF
 15.0 Hz  30 Hz   60 Hz  110.8 dB  288 l +  69 l    2x100 mm  643 mm  2037 uF
 16.0 Hz  31 Hz   61 Hz  111.9 dB  222 l +  69 l    2x100 mm  581 mm  1869 uF
 17.0 Hz  33 Hz   62 Hz  112.9 dB  180 l +  69 l    2x100 mm  527 mm  1724 uF
 18.0 Hz  34 Hz   64 Hz  113.9 dB  151 l +  69 l    2x100 mm  480 mm  1597 uF

