-------------
blackbass10
      86.0dB                            350W
Rpre   Spl      qtc    Vb     SplMech Pmech SplEle      f3

0.20  85.0dB:   0.5  111.0l: (119.9dB  3408W 110.0dB) @  52Hz
                0.6   36.2l: (118.9dB  2700W 110.0dB) @  49Hz
                0.7   20.1l: (118.9dB  2732W 110.0dB) @  49Hz
                0.8   13.3l: (120.3dB  3779W 110.0dB) @  54Hz
                0.9    9.6l: (120.8dB  4224W 110.0dB) @  55Hz
                1.0    7.4l: (121.4dB  4804W 110.0dB) @  57Hz
                1.1    5.8l: (122.1dB  5714W 110.0dB) @  60Hz
                1.1    5.8l: (119.3dB  2961W 110.0dB) @  50Hz (  608uF)

0.60  84.8dB:   0.5  198.8l: (119.0dB  2949W 109.8dB) @  50Hz
                0.6   45.6l: (118.0dB  2336W 109.8dB) @  47Hz
                0.7   23.9l: (118.1dB  2364W 109.8dB) @  47Hz
                0.8   15.4l: (119.5dB  3270W 109.8dB) @  51Hz
                0.9   11.0l: (120.0dB  3656W 109.8dB) @  53Hz
                1.0    8.3l: (120.5dB  4157W 109.8dB) @  54Hz
                1.1    6.6l: (121.3dB  4944W 109.8dB) @  57Hz
                1.1    6.6l: (118.4dB  2563W 109.8dB) @  48Hz (  639uF)

1.00  84.6dB:   0.5  621.6l: (118.2dB  2572W 109.6dB) @  48Hz
                0.6   58.9l: (117.2dB  2038W 109.6dB) @  45Hz
                0.7   28.4l: (117.3dB  2062W 109.6dB) @  45Hz
                0.8   17.8l: (118.7dB  2852W 109.6dB) @  49Hz
                0.9   12.5l: (119.1dB  3188W 109.6dB) @  50Hz
                1.0    9.4l: (119.7dB  3626W 109.6dB) @  52Hz
                1.1    7.4l: (120.5dB  4312W 109.6dB) @  54Hz
                1.1    7.4l: (117.6dB  2235W 109.6dB) @  46Hz (  670uF)

-------------
blackbass12
      87.0dB                            400W
Rpre   Spl      qtc    Vb     SplMech Pmech SplEle      f3

0.20  86.4dB:   0.6  129.5l: (118.8dB  1962W 111.9dB) @  40Hz
                0.7   60.9l: (118.9dB  1985W 111.9dB) @  40Hz
                0.8   37.8l: (120.3dB  2746W 111.9dB) @  44Hz
                0.9   26.4l: (120.8dB  3069W 111.9dB) @  45Hz
                1.0   19.8l: (121.3dB  3490W 111.9dB) @  46Hz
                1.1   15.5l: (122.1dB  4151W 111.9dB) @  48Hz
                1.1   15.5l: (119.2dB  2152W 111.9dB) @  41Hz (  749uF)

0.60  86.1dB:   0.6  183.7l: (118.0dB  1695W 111.7dB) @  38Hz
                0.7   75.0l: (118.0dB  1715W 111.7dB) @  38Hz
                0.8   44.6l: (119.4dB  2373W 111.7dB) @  42Hz
                0.9   30.5l: (119.9dB  2653W 111.7dB) @  43Hz
                1.0   22.6l: (120.5dB  3017W 111.7dB) @  44Hz
                1.1   17.5l: (121.2dB  3588W 111.7dB) @  46Hz
                1.1   17.5l: (118.4dB  1860W 111.7dB) @  39Hz (  787uF)

1.00  85.9dB:   0.6  286.9l: (117.2dB  1477W 111.5dB) @  36Hz
                0.7   93.8l: (117.2dB  1494W 111.5dB) @  37Hz
                0.8   52.8l: (118.6dB  2067W 111.5dB) @  40Hz
                0.9   35.3l: (119.1dB  2311W 111.5dB) @  41Hz
                1.0   25.8l: (119.7dB  2628W 111.5dB) @  42Hz
                1.1   19.8l: (120.4dB  3126W 111.5dB) @  44Hz
                1.1   19.8l: (117.6dB  1620W 111.5dB) @  37Hz (  825uF)

-------------
crb10tc
      86.0dB                            200W
Rpre   Spl      qtc    Vb     SplMech Pmech SplEle      f3

0.20  85.8dB:   0.6  160.5l: (113.1dB   551W 108.7dB) @  43Hz
                0.7   55.6l: (113.2dB   557W 108.7dB) @  43Hz
                0.8   31.7l: (114.6dB   771W 108.7dB) @  47Hz
                0.9   21.3l: (115.1dB   862W 108.7dB) @  48Hz
                1.0   15.6l: (115.6dB   980W 108.7dB) @  50Hz
                1.1   12.0l: (116.4dB  1166W 108.7dB) @  52Hz
                1.1   12.0l: (113.5dB   604W 108.7dB) @  44Hz (  643uF)

0.60  85.6dB:   0.6  287.5l: (112.4dB   485W 108.5dB) @  41Hz
                0.7   70.2l: (112.4dB   491W 108.5dB) @  41Hz
                0.8   37.5l: (113.8dB   679W 108.5dB) @  45Hz
                0.9   24.6l: (114.3dB   759W 108.5dB) @  46Hz
                1.0   17.7l: (114.9dB   863W 108.5dB) @  48Hz
                1.1   13.5l: (115.6dB  1026W 108.5dB) @  50Hz
                1.1   13.5l: (112.8dB   532W 108.5dB) @  42Hz (  672uF)

1.00  85.4dB:   0.6  923.1l: (111.6dB   430W 108.3dB) @  40Hz
                0.7   91.1l: (111.7dB   435W 108.3dB) @  40Hz
                0.8   44.7l: (113.1dB   601W 108.3dB) @  43Hz
                0.9   28.3l: (113.6dB   672W 108.3dB) @  44Hz
                1.0   20.1l: (114.1dB   764W 108.3dB) @  46Hz
                1.1   15.2l: (114.9dB   909W 108.3dB) @  48Hz
                1.1   15.2l: (112.0dB   471W 108.3dB) @  40Hz (  701uF)

-------------
crb12tc
      86.0dB                            200W
Rpre   Spl      qtc    Vb     SplMech Pmech SplEle      f3

0.20  87.0dB:   0.7  298.3l: (112.7dB   382W 109.9dB) @  34Hz
                0.8  118.2l: (114.1dB   529W 109.9dB) @  37Hz
                0.9   70.2l: (114.6dB   591W 109.9dB) @  38Hz
                1.0   48.3l: (115.1dB   672W 109.9dB) @  39Hz
                1.1   35.9l: (115.9dB   799W 109.9dB) @  41Hz
                1.1   35.9l: (113.0dB   414W 109.9dB) @  35Hz (  818uF)

0.60  86.7dB:   0.7  516.5l: (111.9dB   336W 109.6dB) @  33Hz
                0.8  151.3l: (113.3dB   465W 109.6dB) @  35Hz
                0.9   84.0l: (113.8dB   520W 109.6dB) @  36Hz
                1.0   56.1l: (114.3dB   591W 109.6dB) @  37Hz
                1.1   41.0l: (115.1dB   703W 109.6dB) @  39Hz
                1.1   41.0l: (112.2dB   364W 109.6dB) @  33Hz (  855uF)

1.00  86.5dB:   0.8  200.0l: (112.6dB   411W 109.4dB) @  34Hz
                0.9  101.3l: (113.1dB   460W 109.4dB) @  35Hz
                1.0   65.3l: (113.6dB   523W 109.4dB) @  36Hz
                1.1   46.9l: (114.4dB   622W 109.4dB) @  37Hz
                1.1   46.9l: (111.5dB   322W 109.4dB) @  32Hz (  892uF)

-------------
predator10
      87.0dB                            400W
Rpre   Spl      qtc    Vb     SplMech Pmech SplEle      f3

0.20  85.7dB:   0.5  105.6l: (121.3dB  8427W 108.0dB) @  62Hz
                0.6   28.9l: (120.3dB  6677W 108.0dB) @  58Hz
                0.7   15.6l: (120.3dB  6755W 108.0dB) @  59Hz
                0.8   10.1l: (121.7dB  9346W 108.0dB) @  64Hz
                0.9    7.3l: (122.2dB 10447W 108.0dB) @  65Hz
                1.0    5.5l: (122.8dB 11881W 108.0dB) @  67Hz
                1.1    4.4l: (123.5dB 14130W 108.0dB) @  70Hz
                1.1    4.4l: (120.7dB  7324W 108.0dB) @  60Hz ( 1088uF)

0.60  85.3dB:   0.6   48.8l: (118.6dB  5091W 107.6dB) @  53Hz
                0.7   22.2l: (118.7dB  5150W 107.6dB) @  53Hz
                0.8   13.6l: (120.1dB  7126W 107.6dB) @  58Hz
                0.9    9.5l: (120.6dB  7965W 107.6dB) @  59Hz
                1.0    7.1l: (121.1dB  9058W 107.6dB) @  61Hz
                1.1    5.5l: (121.9dB 10774W 107.6dB) @  64Hz
                1.1    5.5l: (119.0dB  5584W 107.6dB) @  54Hz ( 1196uF)

1.00  84.9dB:   0.6  100.8l: (117.2dB  3998W 107.2dB) @  49Hz
                0.7   32.6l: (117.2dB  4045W 107.2dB) @  49Hz
                0.8   18.3l: (118.6dB  5597W 107.2dB) @  53Hz
                0.9   12.2l: (119.1dB  6256W 107.2dB) @  55Hz
                1.0    8.9l: (119.7dB  7114W 107.2dB) @  56Hz
                1.1    6.9l: (120.4dB  8461W 107.2dB) @  59Hz
                1.1    6.9l: (117.6dB  4386W 107.2dB) @  50Hz ( 1301uF)

-------------
raptor12
      87.0dB                           1000W
Rpre   Spl      qtc    Vb     SplMech Pmech SplEle      f3

0.20  86.4dB:   0.6  256.3l: (121.8dB  8385W 112.5dB) @  51Hz
                0.7   46.0l: (121.8dB  8483W 112.5dB) @  51Hz
                0.8   23.6l: (123.2dB 11737W 112.5dB) @  56Hz
                0.9   15.2l: (123.7dB 13119W 112.5dB) @  57Hz
                1.0   10.9l: (124.3dB 14920W 112.5dB) @  59Hz
                1.1    8.3l: (125.0dB 17745W 112.5dB) @  62Hz
                1.1    8.3l: (122.2dB  9197W 112.5dB) @  52Hz ( 1282uF)

0.60  85.9dB:   0.7  105.9l: (120.1dB  6313W 112.1dB) @  46Hz
                0.8   38.1l: (121.5dB  8734W 112.1dB) @  50Hz
                0.9   22.1l: (122.0dB  9763W 112.1dB) @  52Hz
                1.0   15.0l: (122.5dB 11103W 112.1dB) @  53Hz
                1.1   11.1l: (123.3dB 13205W 112.1dB) @  56Hz
                1.1   11.1l: (120.4dB  6844W 112.1dB) @  47Hz ( 1418uF)

1.00  85.5dB:   0.8   69.5l: (119.9dB  6708W 111.6dB) @  46Hz
                0.9   33.0l: (120.4dB  7498W 111.6dB) @  47Hz
                1.0   20.8l: (120.9dB  8527W 111.6dB) @  49Hz
                1.1   14.8l: (121.7dB 10141W 111.6dB) @  51Hz
                1.1   14.8l: (118.8dB  5256W 111.6dB) @  43Hz ( 1553uF)

-------------
raptor15
      89.0dB                           1000W
Rpre   Spl      qtc    Vb     SplMech Pmech SplEle      f3

0.20  87.9dB:   0.8  289.8l: (122.1dB  6105W 114.2dB) @  40Hz
                0.9  109.8l: (122.6dB  6824W 114.2dB) @  41Hz
                1.0   64.8l: (123.1dB  7761W 114.2dB) @  42Hz
                1.1   44.6l: (123.9dB  9230W 114.2dB) @  44Hz
                1.1   44.6l: (121.0dB  4784W 114.2dB) @  37Hz ( 1745uF)

0.60  87.5dB:   0.9  223.1l: (120.9dB  5204W 113.8dB) @  37Hz
                1.0  102.8l: (121.5dB  5918W 113.8dB) @  38Hz
                1.1   64.5l: (122.2dB  7038W 113.8dB) @  40Hz
                1.1   64.5l: (119.4dB  3648W 113.8dB) @  34Hz ( 1918uF)

1.00  87.1dB:   0.9  979.5l: (119.5dB  4087W 113.3dB) @  34Hz
                1.0  183.5l: (120.0dB  4648W 113.3dB) @  35Hz
                1.1   96.7l: (120.8dB  5528W 113.3dB) @  37Hz
                1.1   96.7l: (117.9dB  2865W 113.3dB) @  31Hz ( 2086uF)

-------------
silver10
      88.0dB                            200W
Rpre   Spl      qtc    Vb     SplMech Pmech SplEle      f3

0.20  86.7dB:   0.5   21.4l: (114.8dB  1622W 105.7dB) @  69Hz
                0.6   13.1l: (113.8dB  1285W 105.7dB) @  65Hz
                0.7    9.0l: (113.9dB  1300W 105.7dB) @  65Hz
                0.8    6.6l: (115.3dB  1799W 105.7dB) @  71Hz
                0.9    5.1l: (115.8dB  2011W 105.7dB) @  73Hz
                1.0    4.1l: (116.3dB  2287W 105.7dB) @  75Hz
                1.1    3.3l: (117.1dB  2719W 105.7dB) @  78Hz
                1.1    3.3l: (114.2dB  1409W 105.7dB) @  66Hz ( 1040uF)

0.60  86.2dB:   0.5   29.4l: (113.0dB  1187W 105.2dB) @  62Hz
                0.6   17.3l: (112.0dB   940W 105.2dB) @  58Hz
                0.7   11.7l: (112.0dB   951W 105.2dB) @  59Hz
                0.8    8.5l: (113.4dB  1316W 105.2dB) @  64Hz
                0.9    6.5l: (113.9dB  1471W 105.2dB) @  65Hz
                1.0    5.1l: (114.5dB  1673W 105.2dB) @  67Hz
                1.1    4.1l: (115.2dB  1990W 105.2dB) @  70Hz
                1.1    4.1l: (112.4dB  1031W 105.2dB) @  60Hz ( 1156uF)

1.00  85.8dB:   0.5   40.6l: (111.3dB   898W 104.8dB) @  56Hz
                0.6   22.6l: (110.3dB   711W 104.8dB) @  53Hz
                0.7   14.8l: (110.4dB   720W 104.8dB) @  53Hz
                0.8   10.6l: (111.8dB   996W 104.8dB) @  58Hz
                0.9    8.0l: (112.3dB  1113W 104.8dB) @  59Hz
                1.0    6.3l: (112.8dB  1266W 104.8dB) @  61Hz
                1.1    5.1l: (113.6dB  1506W 104.8dB) @  64Hz
                1.1    5.1l: (110.7dB   780W 104.8dB) @  54Hz ( 1271uF)

-------------
silver12
      89.0dB                            200W
Rpre   Spl      qtc    Vb     SplMech Pmech SplEle      f3

0.20  89.2dB:   0.5   78.3l: (116.4dB  1313W 108.2dB) @  60Hz
                0.6   42.2l: (115.4dB  1040W 108.2dB) @  57Hz
                0.7   27.3l: (115.4dB  1053W 108.2dB) @  57Hz
                0.8   19.4l: (116.8dB  1456W 108.2dB) @  62Hz
                0.9   14.6l: (117.3dB  1628W 108.2dB) @  64Hz
                1.0   11.5l: (117.9dB  1851W 108.2dB) @  66Hz
                1.1    9.3l: (118.6dB  2202W 108.2dB) @  69Hz
                1.1    9.3l: (115.8dB  1141W 108.2dB) @  58Hz ( 1186uF)

0.60  88.7dB:   0.5  123.1l: (114.6dB   969W 107.7dB) @  54Hz
                0.6   58.8l: (113.6dB   768W 107.7dB) @  51Hz
                0.7   36.4l: (113.6dB   777W 107.7dB) @  51Hz
                0.8   25.3l: (115.0dB  1074W 107.7dB) @  56Hz
                0.9   18.8l: (115.5dB  1201W 107.7dB) @  57Hz
                1.0   14.6l: (116.1dB  1366W 107.7dB) @  59Hz
                1.1   11.7l: (116.8dB  1625W 107.7dB) @  62Hz
                1.1   11.7l: (114.0dB   842W 107.7dB) @  53Hz ( 1316uF)

1.00  88.3dB:   0.5  212.4l: (113.0dB   739W 107.3dB) @  50Hz
                0.6   82.8l: (112.0dB   586W 107.3dB) @  47Hz
                0.7   48.1l: (112.0dB   592W 107.3dB) @  47Hz
                0.8   32.4l: (113.4dB   820W 107.3dB) @  51Hz
                0.9   23.7l: (113.9dB   916W 107.3dB) @  52Hz
                1.0   18.2l: (114.5dB  1042W 107.3dB) @  54Hz
                1.1   14.5l: (115.2dB  1239W 107.3dB) @  56Hz
                1.1   14.5l: (112.4dB   642W 107.3dB) @  48Hz ( 1444uF)

-------------
sonic10
      84.0dB                            600W
Rpre   Spl      qtc    Vb     SplMech Pmech SplEle      f3

0.20  82.9dB:   0.6   75.1l: (120.5dB 11975W 107.5dB) @  41Hz
                0.7   30.2l: (120.5dB 12116W 107.5dB) @  41Hz
                0.8   17.8l: (121.9dB 16762W 107.5dB) @  44Hz
                0.9   12.2l: (122.4dB 18737W 107.5dB) @  45Hz
                1.0    9.0l: (123.0dB 21309W 107.5dB) @  47Hz
                1.1    7.0l: (123.7dB 25343W 107.5dB) @  49Hz
                1.1    7.0l: (120.9dB 13135W 107.5dB) @  42Hz ( 1401uF)

0.60  82.5dB:   0.6  230.0l: (118.9dB  9228W 107.0dB) @  37Hz
                0.7   47.7l: (119.0dB  9337W 107.0dB) @  37Hz
                0.8   24.9l: (120.4dB 12918W 107.0dB) @  40Hz
                0.9   16.2l: (120.9dB 14439W 107.0dB) @  42Hz
                1.0   11.6l: (121.4dB 16421W 107.0dB) @  43Hz
                1.1    8.9l: (122.2dB 19531W 107.0dB) @  45Hz
                1.1    8.9l: (119.3dB 10123W 107.0dB) @  38Hz ( 1532uF)

1.00  82.1dB:   0.7   86.0l: (117.6dB  7375W 106.7dB) @  34Hz
                0.8   35.8l: (119.0dB 10204W 106.7dB) @  37Hz
                0.9   21.5l: (119.5dB 11406W 106.7dB) @  38Hz
                1.0   14.9l: (120.0dB 12972W 106.7dB) @  40Hz
                1.1   11.1l: (120.8dB 15428W 106.7dB) @  41Hz
                1.1   11.1l: (117.9dB  7996W 106.7dB) @  35Hz ( 1660uF)

-------------
sonic12
      85.0dB                            700W
Rpre   Spl      qtc    Vb     SplMech Pmech SplEle      f3

0.20  84.7dB:   0.6  105.6l: (122.5dB 12506W 109.9dB) @  37Hz
                0.7   50.1l: (122.5dB 12652W 109.9dB) @  38Hz
                0.8   31.2l: (123.9dB 17505W 109.9dB) @  41Hz
                0.9   21.8l: (124.4dB 19567W 109.9dB) @  42Hz
                1.0   16.3l: (125.0dB 22253W 109.9dB) @  43Hz
                1.1   12.8l: (125.7dB 26466W 109.9dB) @  45Hz
                1.1   12.8l: (122.9dB 13717W 109.9dB) @  38Hz ( 1517uF)

0.60  84.3dB:   0.6  215.5l: (120.9dB  9565W 109.5dB) @  34Hz
                0.7   74.6l: (120.9dB  9677W 109.5dB) @  34Hz
                0.8   42.6l: (122.3dB 13389W 109.5dB) @  37Hz
                0.9   28.6l: (122.8dB 14966W 109.5dB) @  38Hz
                1.0   20.9l: (123.4dB 17020W 109.5dB) @  40Hz
                1.1   16.2l: (124.1dB 20243W 109.5dB) @  41Hz
                1.1   16.2l: (121.3dB 10492W 109.5dB) @  35Hz ( 1662uF)

1.00  83.9dB:   0.7  119.4l: (119.5dB  7588W 109.2dB) @  32Hz
                0.8   59.0l: (120.9dB 10498W 109.2dB) @  34Hz
                0.9   37.5l: (121.4dB 11735W 109.2dB) @  35Hz
                1.0   26.7l: (122.0dB 13345W 109.2dB) @  36Hz
                1.1   20.2l: (122.7dB 15872W 109.2dB) @  38Hz
                1.1   20.2l: (119.9dB  8227W 109.2dB) @  32Hz ( 1805uF)

-------------
sonic15
      88.0dB                            800W
Rpre   Spl      qtc    Vb     SplMech Pmech SplEle      f3

0.20  87.4dB:   0.6  388.8l: (124.4dB 10460W 113.2dB) @  33Hz
                0.7  157.1l: (124.4dB 10583W 113.2dB) @  33Hz
                0.8   93.1l: (125.8dB 14642W 113.2dB) @  36Hz
                0.9   63.7l: (126.3dB 16366W 113.2dB) @  37Hz
                1.0   47.0l: (126.9dB 18613W 113.2dB) @  38Hz
                1.1   36.5l: (127.6dB 22137W 113.2dB) @  40Hz
                1.1   36.5l: (124.8dB 11473W 113.2dB) @  34Hz ( 1734uF)

0.60  87.0dB:   0.7  250.2l: (122.8dB  8103W 112.8dB) @  30Hz
                0.8  130.7l: (124.2dB 11211W 112.8dB) @  33Hz
                0.9   84.8l: (124.7dB 12531W 112.8dB) @  34Hz
                1.0   60.9l: (125.3dB 14251W 112.8dB) @  35Hz
                1.1   46.4l: (126.0dB 16949W 112.8dB) @  36Hz
                1.1   46.4l: (123.2dB  8785W 112.8dB) @  31Hz ( 1899uF)

1.00  86.6dB:   0.7  457.5l: (121.4dB  6360W 112.4dB) @  28Hz
                0.8  189.2l: (122.8dB  8799W 112.4dB) @  30Hz
                0.9  113.7l: (123.3dB  9836W 112.4dB) @  31Hz
                1.0   78.6l: (123.9dB 11186W 112.4dB) @  32Hz
                1.1   58.6l: (124.6dB 13304W 112.4dB) @  33Hz
                1.1   58.6l: (121.8dB  6895W 112.4dB) @  28Hz ( 2062uF)

