-------------
blackbass10
      86.0dB            350W
Rpre   Spl     SplMech Pmech SplEle      f3

0.20  85.0dB: (119.3dB  2961W 110.0dB) @  50Hz
0.60  84.8dB: (118.4dB  2563W 109.8dB) @  48Hz
1.00  84.6dB: (117.6dB  2235W 109.6dB) @  46Hz
-------------
blackbass12
      87.0dB            400W
Rpre   Spl     SplMech Pmech SplEle      f3

0.20  86.4dB: (119.2dB  2152W 111.9dB) @  41Hz
0.60  86.1dB: (118.4dB  1860W 111.7dB) @  39Hz
              (121.4dB  3719W 111.7dB) @  46Hz
1.00  85.9dB: (117.6dB  1620W 111.5dB) @  37Hz
              (120.6dB  3240W 111.5dB) @  44Hz
-------------
blackbass-300
      88.0dB            400W
Rpre   Spl     SplMech Pmech SplEle      f3

0.20  88.6dB: (121.6dB  2218W 114.2dB) @  56Hz
0.60  88.4dB: (120.8dB  1936W 113.9dB) @  54Hz
              (123.8dB  3872W 113.9dB) @  64Hz
1.00  88.2dB: (120.0dB  1704W 113.7dB) @  52Hz
              (123.0dB  3407W 113.7dB) @  61Hz
-------------
crb10tc
      86.0dB            200W
Rpre   Spl     SplMech Pmech SplEle      f3

0.20  85.8dB: (113.5dB   604W 108.7dB) @  44Hz
              (116.5dB  1209W 108.7dB) @  52Hz
0.60  85.6dB: (112.8dB   532W 108.5dB) @  42Hz
              (115.8dB  1064W 108.5dB) @  50Hz
1.00  85.4dB: (112.0dB   471W 108.3dB) @  40Hz
              (115.1dB   942W 108.3dB) @  48Hz
              (118.1dB  1885W 108.3dB) @  57Hz
-------------
crb12tc
      86.0dB            200W
Rpre   Spl     SplMech Pmech SplEle      f3

0.20  87.0dB: (113.0dB   414W 109.9dB) @  35Hz
              (116.0dB   828W 109.9dB) @  41Hz
              (119.0dB  1657W 109.9dB) @  49Hz
0.60  86.7dB: (112.2dB   364W 109.6dB) @  33Hz
              (115.3dB   728W 109.6dB) @  39Hz
              (118.3dB  1457W 109.6dB) @  47Hz
1.00  86.5dB: (111.5dB   322W 109.4dB) @  32Hz
              (114.5dB   645W 109.4dB) @  38Hz
              (117.5dB  1290W 109.4dB) @  45Hz
-------------
predator10
      87.0dB            400W
Rpre   Spl     SplMech Pmech SplEle      f3

0.20  85.7dB: (120.7dB  7324W 108.0dB) @  60Hz
0.60  85.3dB: (119.0dB  5584W 107.6dB) @  54Hz
1.00  84.9dB: (117.6dB  4386W 107.2dB) @  50Hz
-------------
pulsar-300
      89.0dB            225W
Rpre   Spl     SplMech Pmech SplEle      f3

0.20  88.3dB: (114.8dB  1049W 108.1dB) @  43Hz
              (117.8dB  2099W 108.1dB) @  51Hz
0.60  87.9dB: (113.0dB   779W 107.7dB) @  39Hz
              (116.1dB  1559W 107.7dB) @  46Hz
1.00  87.4dB: (111.5dB   596W 107.2dB) @  35Hz
              (114.5dB  1193W 107.2dB) @  42Hz
-------------
raptor12
      87.0dB           1000W
Rpre   Spl     SplMech Pmech SplEle      f3

0.20  86.4dB: (122.2dB  9197W 112.5dB) @  52Hz
0.60  85.9dB: (120.4dB  6844W 112.1dB) @  47Hz
1.00  85.5dB: (118.8dB  5256W 111.6dB) @  43Hz
-------------
raptor15
      89.0dB           1000W
Rpre   Spl     SplMech Pmech SplEle      f3

0.20  87.9dB: (121.0dB  4784W 114.2dB) @  37Hz
              (124.0dB  9568W 114.2dB) @  44Hz
0.60  87.5dB: (119.4dB  3648W 113.8dB) @  34Hz
              (122.4dB  7296W 113.8dB) @  40Hz
1.00  87.1dB: (117.9dB  2865W 113.3dB) @  31Hz
              (120.9dB  5730W 113.3dB) @  37Hz
-------------
silver10
      88.0dB            200W
Rpre   Spl     SplMech Pmech SplEle      f3

0.20  86.7dB: (114.2dB  1409W 105.7dB) @  66Hz
0.60  86.2dB: (112.4dB  1031W 105.2dB) @  60Hz
1.00  85.8dB: (110.7dB   780W 104.8dB) @  54Hz
              (113.7dB  1561W 104.8dB) @  65Hz
-------------
silver12
      89.0dB            200W
Rpre   Spl     SplMech Pmech SplEle      f3

0.20  89.2dB: (115.8dB  1141W 108.2dB) @  58Hz
0.60  88.7dB: (114.0dB   842W 107.7dB) @  53Hz
              (117.0dB  1684W 107.7dB) @  62Hz
1.00  88.3dB: (112.4dB   642W 107.3dB) @  48Hz
              (115.4dB  1284W 107.3dB) @  57Hz
-------------
sonic10
      84.0dB            600W
Rpre   Spl     SplMech Pmech SplEle      f3

0.20  82.9dB: (120.9dB 13135W 107.5dB) @  42Hz
0.60  82.5dB: (119.3dB 10123W 107.0dB) @  38Hz
1.00  82.1dB: (117.9dB  7996W 106.7dB) @  35Hz
-------------
sonic10mk2
      84.0dB            600W
Rpre   Spl     SplMech Pmech SplEle      f3

0.20  82.9dB: (122.1dB 17253W 107.5dB) @  45Hz
0.60  82.5dB: (120.5dB 13330W 107.1dB) @  41Hz
1.00  82.1dB: (119.1dB 10557W 106.7dB) @  38Hz
-------------
sonic12
      85.0dB            700W
Rpre   Spl     SplMech Pmech SplEle      f3

0.20  84.7dB: (122.9dB 13717W 109.9dB) @  38Hz
0.60  84.3dB: (121.3dB 10492W 109.5dB) @  35Hz
1.00  83.9dB: (119.9dB  8227W 109.2dB) @  32Hz
-------------
sonic15
      88.0dB            800W
Rpre   Spl     SplMech Pmech SplEle      f3

0.20  87.4dB: (124.8dB 11473W 113.2dB) @  34Hz
0.60  87.0dB: (123.2dB  8785W 112.8dB) @  31Hz
1.00  86.6dB: (121.8dB  6895W 112.4dB) @  28Hz
-------------
sp-302c
      93.0dB            150W
Rpre   Spl     SplMech Pmech SplEle      f3

0.20  90.6dB: (108.3dB   129W 109.0dB) @  36Hz
              (111.3dB   257W 109.0dB) @  43Hz
              (114.3dB   515W 109.0dB) @  51Hz
              (117.3dB  1030W 109.0dB) @  61Hz
0.60  90.1dB: (106.9dB   102W 108.5dB) @  34Hz
              (109.9dB   204W 108.5dB) @  40Hz
              (112.9dB   409W 108.5dB) @  47Hz
              (115.9dB   817W 108.5dB) @  56Hz
1.00  89.7dB: (105.6dB    83W 108.2dB) @  31Hz
              (108.6dB   166W 108.2dB) @  37Hz
              (111.6dB   332W 108.2dB) @  44Hz
              (114.6dB   665W 108.2dB) @  52Hz
              (117.6dB  1330W 108.2dB) @  62Hz
