-------------
raptor12
            87.0dB          1000W      1x100mm
   fu     fb      fo      SplMech  Vb1     Vb2       d         l        C
 16.2Hz  34Hz   70Hz  101.8dB  -57l +  14l  * 1x50mm   3637mm
 17.8Hz  36Hz   72Hz  103.4dB  -70l +  14l  * 1x50mm   3242mm
 19.5Hz  38Hz   73Hz  105.0dB  -96l +  14l  * 1x50mm   2889mm
 21.3Hz  40Hz   75Hz  106.6dB -163l +  14l  * 1x50mm   2575mm
 23.3Hz  42Hz   77Hz  108.1dB -760l +  14l  * 1x50mm   2295mm
 25.4Hz  45Hz   79Hz  109.6dB  246l +  14l  * 1x50mm   2045mm
 27.7Hz  48Hz   82Hz  111.1dB   99l +  14l  * 1x50mm   1823mm
 30.2Hz  50Hz   84Hz  112.6dB   59l +  14l  * 1x50mm   1625mm
 32.8Hz  53Hz   87Hz  114.1dB   41l +  14l  * 1x50mm   1448mm
 35.7Hz  57Hz   89Hz  115.5dB   30l +  14l  * 1x50mm   1291mm
 38.7Hz  60Hz   93Hz  116.9dB   23l +  14l  * 1x50mm   1150mm
 42.0Hz  63Hz   96Hz  118.3dB   19l +  14l  * 1x50mm   1025mm
 45.4Hz  66Hz   99Hz  119.7dB   17l +  14l  * 1x50mm    960mm
 49.1Hz  71Hz  103Hz  121.1dB   13l +  14l  * 1x50mm    814mm
 53.1Hz  75Hz  107Hz  122.4dB   11l +  14l  * 1x50mm    726mm
 57.3Hz  80Hz  111Hz  123.8dB    9l +  14l  * 1x50mm    647mm
 61.8Hz  85Hz  116Hz  125.1dB    8l +  14l  * 1x50mm    576mm
 16.2Hz  39Hz   70Hz  101.8dB -132l +  11l  * 1x50mm   3637mm
 17.8Hz  42Hz   72Hz  103.4dB -343l +  11l  * 1x50mm   3241mm
 19.5Hz  44Hz   73Hz  105.0dB  440l +  11l  * 1x50mm   2889mm
 21.3Hz  47Hz   75Hz  106.6dB  124l +  11l  * 1x50mm   2575mm
 23.3Hz  49Hz   77Hz  108.1dB   68l +  11l  * 1x50mm   2295mm
 25.4Hz  52Hz   79Hz  109.6dB   46l +  11l  * 1x50mm   2045mm
 27.7Hz  55Hz   82Hz  111.1dB   33l +  11l  * 1x50mm   1823mm
 30.2Hz  59Hz   84Hz  112.6dB   25l +  11l  * 1x50mm   1625mm
 32.8Hz  62Hz   87Hz  114.1dB   20l +  11l  * 1x50mm   1448mm
 35.7Hz  66Hz   89Hz  115.5dB   16l +  11l  * 1x50mm   1291mm
 38.7Hz  70Hz   93Hz  116.9dB   13l +  11l  * 1x50mm   1150mm
 42.0Hz  63Hz   96Hz  118.3dB   19l +  11l  * 1x50mm   1395mm
 45.4Hz  66Hz   99Hz  119.7dB   17l +  11l  * 1x50mm   1307mm
 49.1Hz  71Hz  103Hz  121.1dB   13l +  11l  * 1x50mm   1108mm
 45.6Hz  75Hz  107Hz  119.8dB   11l +  11l  * 1x50mm    988mm
 49.8Hz  80Hz  111Hz  121.3dB    9l +  11l  * 1x50mm    880mm
 61.8Hz  85Hz  116Hz  125.1dB    8l +  11l  * 1x50mm    785mm
 19.4Hz  47Hz  114Hz  105.0dB  109l +   7l  * 1x50mm   3637mm
 21.4Hz  50Hz  116Hz  106.7dB   63l +   7l  * 1x50mm   3242mm
 23.6Hz  53Hz  119Hz  108.3dB   43l +   7l  * 1x50mm   2890mm
 25.9Hz  56Hz  121Hz  110.0dB   32l +   7l  * 1x50mm   2575mm
 28.5Hz  59Hz  123Hz  111.6dB   24l +   7l  * 1x50mm   2295mm
 31.3Hz  63Hz  126Hz  113.2dB   19l +   7l  * 1x50mm   2045mm
 34.3Hz  67Hz  129Hz  114.8dB   16l +   7l  * 1x50mm   1823mm
 37.5Hz  71Hz  132Hz  116.4dB   13l +   7l  * 1x50mm   1625mm
 41.0Hz  75Hz  136Hz  118.0dB   11l +   7l  * 1x50mm   1448mm
 44.8Hz  79Hz  140Hz  119.5dB    9l +   7l  * 1x50mm   1290mm
 48.8Hz  84Hz  144Hz  121.0dB    8l +   7l  * 1x50mm   1150mm
 53.2Hz  89Hz  148Hz  122.5dB    7l +   7l  * 1x50mm   1025mm
 57.9Hz  94Hz  153Hz  123.9dB    6l +   7l  * 1x50mm    914mm
 62.9Hz 100Hz  158Hz  125.4dB    5l +   7l  * 1x50mm    814mm
 68.2Hz 105Hz  163Hz  126.8dB    4l +   7l  * 1x50mm    726mm
 73.9Hz 112Hz  169Hz  128.2dB    4l +   7l  * 1x50mm    647mm
 80.1Hz 118Hz  175Hz  129.6dB    3l +   7l  * 1x50mm    576mm
-------------
raptor15
            89.0dB          1000W      2x100mm
   fu     fb      fo      SplMech  Vb1     Vb2       d         l        C
 11.5Hz  24Hz   50Hz  100.6dB  -90l +  59l  * 1x70mm   3405mm
 12.7Hz  25Hz   51Hz  102.3dB  -97l +  59l  * 1x70mm   3034mm
 13.9Hz  27Hz   52Hz  103.9dB -107l +  59l  * 1x70mm   2704mm
 15.2Hz  29Hz   54Hz  105.4dB -120l +  59l  * 1x70mm   2411mm
 16.6Hz  30Hz   55Hz  107.0dB -140l +  59l  * 1x70mm   2148mm
 18.1Hz  32Hz   57Hz  108.5dB -171l +  59l  * 1x70mm   1915mm
 19.8Hz  34Hz   58Hz  110.0dB -229l +  59l  * 1x70mm   1706mm
 21.5Hz  36Hz   60Hz  111.5dB -368l +  59l  * 1x70mm   1521mm
 23.4Hz  38Hz   62Hz  112.9dB -1149l +  59l  * 1x70mm   1355mm
 25.4Hz  40Hz   64Hz  114.4dB  832l +  59l  * 1x70mm   1208mm
 27.6Hz  43Hz   66Hz  115.8dB  284l +  59l  * 1x70mm   1077mm
 29.9Hz  45Hz   68Hz  117.2dB  163l +  59l  * 1x70mm    960mm
 32.4Hz  47Hz   71Hz  118.6dB  129l +  59l  * 1x70mm    899mm
 35.0Hz  51Hz   73Hz  119.9dB   81l +  59l  * 1x70mm    762mm
 37.9Hz  54Hz   76Hz  121.3dB   62l +  59l  * 1x70mm    679mm
 40.9Hz  57Hz   79Hz  122.6dB   50l +  59l  * 1x70mm    606mm
 44.1Hz  60Hz   82Hz  123.9dB   40l +  59l  * 1x70mm    540mm
 11.5Hz  28Hz   50Hz  100.6dB -116l +  43l  * 1x70mm   3405mm
 12.7Hz  30Hz   51Hz  102.3dB -133l +  43l  * 1x70mm   3034mm
 13.9Hz  31Hz   52Hz  103.9dB -160l +  43l  * 1x70mm   2704mm
 15.2Hz  33Hz   54Hz  105.4dB -206l +  43l  * 1x70mm   2411mm
 16.6Hz  35Hz   55Hz  107.0dB -306l +  43l  * 1x70mm   2149mm
 18.1Hz  37Hz   57Hz  108.5dB -672l +  43l  * 1x70mm   1914mm
 19.8Hz  40Hz   58Hz  110.0dB 1970l +  43l  * 1x70mm   1706mm
 21.5Hz  42Hz   60Hz  111.5dB  364l +  43l  * 1x70mm   1521mm
 23.4Hz  44Hz   62Hz  112.9dB  190l +  43l  * 1x70mm   1356mm
 25.4Hz  47Hz   64Hz  114.4dB  124l +  43l  * 1x70mm   1208mm
 27.6Hz  50Hz   66Hz  115.8dB   89l +  43l  * 1x70mm   1077mm
 29.9Hz  45Hz   68Hz  117.2dB  163l +  43l  * 1x70mm   1306mm
 32.4Hz  47Hz   71Hz  118.6dB  129l +  43l  * 1x70mm   1223mm
 35.0Hz  51Hz   73Hz  119.9dB   81l +  43l  * 1x70mm   1038mm
 32.5Hz  54Hz   76Hz  118.7dB   62l +  43l  * 1x70mm    925mm
 35.5Hz  57Hz   79Hz  120.2dB   50l +  43l  * 1x70mm    824mm
 44.1Hz  60Hz   82Hz  123.9dB   40l +  43l  * 1x70mm    734mm
 13.8Hz  34Hz   82Hz  103.8dB -217l +  30l  * 1x70mm   3404mm
 15.3Hz  36Hz   83Hz  105.5dB -335l +  30l  * 1x70mm   3035mm
 16.8Hz  38Hz   85Hz  107.2dB -852l +  30l  * 1x70mm   2705mm
 18.5Hz  40Hz   86Hz  108.8dB 1156l +  30l  * 1x70mm   2410mm
 20.3Hz  42Hz   88Hz  110.5dB  318l +  30l  * 1x70mm   2148mm
 22.3Hz  45Hz   90Hz  112.1dB  175l +  30l  * 1x70mm   1915mm
 24.4Hz  47Hz   92Hz  113.7dB  116l +  30l  * 1x70mm   1706mm
 26.8Hz  50Hz   94Hz  115.3dB   85l +  30l  * 1x70mm   1521mm
 29.3Hz  53Hz   97Hz  116.8dB   65l +  30l  * 1x70mm   1355mm
 31.9Hz  56Hz  100Hz  118.3dB   51l +  30l  * 1x70mm   1208mm
 34.8Hz  60Hz  103Hz  119.8dB   42l +  30l  * 1x70mm   1077mm
 37.9Hz  63Hz  106Hz  121.3dB   34l +  30l  * 1x70mm    960mm
 41.3Hz  67Hz  109Hz  122.8dB   29l +  30l  * 1x70mm    855mm
 44.8Hz  71Hz  113Hz  124.2dB   24l +  30l  * 1x70mm    762mm
 48.6Hz  75Hz  116Hz  125.6dB   21l +  30l  * 1x70mm    679mm
 52.7Hz  80Hz  120Hz  127.0dB   18l +  30l  * 1x70mm    605mm
 57.1Hz  84Hz  125Hz  128.4dB   15l +  30l  * 1x70mm    540mm
-------------
silver10
            88.0dB           200W      1x100mm
   fu     fb      fo      SplMech  Vb1     Vb2       d         l        C
 20.6Hz  43Hz   89Hz   93.8dB   29l +   7l  * 1x50mm   4377mm
 22.6Hz  45Hz   91Hz   95.5dB   25l +   7l  * 1x50mm   3901mm
 24.7Hz  48Hz   93Hz   97.0dB   21l +   7l  * 1x50mm   3477mm
 27.1Hz  51Hz   96Hz   98.6dB   18l +   7l  * 1x50mm   3100mm
 29.6Hz  54Hz   98Hz  100.2dB   15l +   7l  * 1x50mm   2762mm
 32.3Hz  57Hz  101Hz  101.7dB   13l +   7l  * 1x50mm   2462mm
 35.3Hz  60Hz  104Hz  103.2dB   11l +   7l  * 1x50mm   2194mm
 38.4Hz  64Hz  107Hz  104.7dB   10l +   7l  * 1x50mm   1956mm
 41.8Hz  68Hz  110Hz  106.1dB    9l +   7l  * 1x50mm   1743mm
 45.4Hz  72Hz  114Hz  107.6dB    8l +   7l  * 1x50mm   1553mm
 49.2Hz  76Hz  118Hz  109.0dB    7l +   7l  * 1x50mm   1384mm
 53.4Hz  81Hz  122Hz  110.4dB    6l +   7l  * 1x50mm   1234mm
 57.8Hz  83Hz  126Hz  111.8dB    5l +   7l  * 1x50mm   1156mm
 62.5Hz  90Hz  131Hz  113.1dB    5l +   7l  * 1x50mm    980mm
 67.5Hz  96Hz  136Hz  114.5dB    4l +   7l  * 1x50mm    873mm
 72.9Hz 101Hz  141Hz  115.8dB    4l +   7l  * 1x50mm    779mm
 78.6Hz 108Hz  147Hz  117.1dB    3l +   7l  * 1x50mm    694mm
 20.6Hz  50Hz   89Hz   93.8dB   19l +   5l  * 1x50mm   4378mm
 22.6Hz  53Hz   91Hz   95.5dB   16l +   5l  * 1x50mm   3901mm
 24.7Hz  56Hz   93Hz   97.0dB   14l +   5l  * 1x50mm   3477mm
 27.1Hz  59Hz   96Hz   98.6dB   12l +   5l  * 1x50mm   3099mm
 29.6Hz  63Hz   98Hz  100.2dB   10l +   5l  * 1x50mm   2762mm
 32.3Hz  67Hz  101Hz  101.7dB    9l +   5l  * 1x50mm   2461mm
 35.3Hz  71Hz  104Hz  103.2dB    8l +   5l  * 1x50mm   2194mm
 38.4Hz  75Hz  107Hz  104.7dB    7l +   5l  * 1x50mm   1955mm
 41.8Hz  79Hz  110Hz  106.1dB    6l +   5l  * 1x50mm   1743mm
 45.4Hz  84Hz  114Hz  107.6dB    5l +   5l  * 1x50mm   1553mm
 49.2Hz  89Hz  118Hz  109.0dB    5l +   5l  * 1x50mm   1384mm
 53.4Hz  81Hz  122Hz  110.4dB    6l +   5l  * 1x50mm   1679mm
 57.8Hz  83Hz  126Hz  111.8dB    5l +   5l  * 1x50mm   1573mm
 62.5Hz  90Hz  131Hz  113.1dB    5l +   5l  * 1x50mm   1334mm
 58.0Hz  96Hz  136Hz  111.8dB    4l +   5l  * 1x50mm   1189mm
 63.4Hz 101Hz  141Hz  113.4dB    4l +   5l  * 1x50mm   1060mm
 78.6Hz 108Hz  147Hz  117.1dB    3l +   5l  * 1x50mm    944mm
 24.7Hz  60Hz  145Hz   97.0dB   12l +   4l  * 1x50mm   4377mm
 27.2Hz  63Hz  148Hz   98.7dB   10l +   4l  * 1x50mm   3902mm
 30.0Hz  67Hz  151Hz  100.4dB    9l +   4l  * 1x50mm   3478mm
 33.0Hz  71Hz  154Hz  102.0dB    8l +   4l  * 1x50mm   3099mm
 36.2Hz  75Hz  157Hz  103.7dB    7l +   4l  * 1x50mm   2762mm
 39.8Hz  80Hz  160Hz  105.3dB    6l +   4l  * 1x50mm   2462mm
 43.6Hz  85Hz  164Hz  106.9dB    5l +   4l  * 1x50mm   2194mm
 47.7Hz  90Hz  168Hz  108.5dB    5l +   4l  * 1x50mm   1955mm
 52.2Hz  95Hz  173Hz  110.0dB    4l +   4l  * 1x50mm   1743mm
 57.0Hz 101Hz  178Hz  111.5dB    4l +   4l  * 1x50mm   1553mm
 62.1Hz 107Hz  183Hz  113.0dB    3l +   4l  * 1x50mm   1384mm
 67.6Hz 113Hz  188Hz  114.5dB    3l +   4l  * 1x50mm   1234mm
 73.6Hz 120Hz  194Hz  116.0dB    2l +   4l  * 1x50mm   1100mm
 79.9Hz 127Hz  201Hz  117.4dB    2l +   4l  * 1x50mm    980mm
 86.7Hz 134Hz  207Hz  118.8dB    2l +   4l  * 1x50mm    873mm
 94.0Hz 142Hz  215Hz  120.2dB    2l +   4l  * 1x50mm    778mm
101.8Hz 151Hz  223Hz  121.6dB    2l +   4l  * 1x50mm    694mm
-------------
silver12
            89.0dB           200W      1x100mm
   fu     fb      fo      SplMech  Vb1     Vb2       d         l        C
 18.0Hz  38Hz   78Hz   95.4dB  123l +  20l  * 1x50mm   2120mm
 19.8Hz  40Hz   80Hz   97.0dB   94l +  20l  * 1x50mm   1889mm
 21.7Hz  42Hz   82Hz   98.6dB   75l +  20l  * 1x50mm   1684mm
 23.7Hz  45Hz   84Hz  100.2dB   61l +  20l  * 1x50mm   1501mm
 26.0Hz  47Hz   86Hz  101.7dB   50l +  20l  * 1x50mm   1337mm
 28.3Hz  50Hz   88Hz  103.3dB   42l +  20l  * 1x50mm   1192mm
 30.9Hz  53Hz   91Hz  104.8dB   35l +  20l  * 1x50mm   1062mm
 33.7Hz  56Hz   94Hz  106.3dB   30l +  20l  * 1x50mm    947mm
 36.6Hz  59Hz   97Hz  107.7dB   26l +  20l  * 1x50mm    844mm
 39.8Hz  63Hz  100Hz  109.2dB   22l +  20l  * 1x50mm    752mm
 43.2Hz  67Hz  103Hz  110.6dB   19l +  20l  * 1x50mm    670mm
 46.8Hz  71Hz  107Hz  112.0dB   17l +  20l  * 1x50mm    597mm
 50.7Hz  73Hz  111Hz  113.4dB   16l +  20l  * 1x50mm    560mm
 54.8Hz  79Hz  115Hz  114.7dB   13l +  20l  * 1x50mm    475mm
 59.2Hz  84Hz  119Hz  116.1dB   11l +  20l  * 1x50mm    423mm
 63.9Hz  89Hz  124Hz  117.4dB   10l +  20l  - 1x70mm    739mm
 68.9Hz  94Hz  129Hz  118.7dB    9l +  20l  - 1x70mm    658mm
 18.0Hz  44Hz   78Hz   95.4dB   65l +  15l  * 1x50mm   2120mm
 19.8Hz  46Hz   80Hz   97.0dB   53l +  15l  * 1x50mm   1889mm
 21.7Hz  49Hz   82Hz   98.6dB   44l +  15l  * 1x50mm   1683mm
 23.7Hz  52Hz   84Hz  100.2dB   37l +  15l  * 1x50mm   1501mm
 26.0Hz  55Hz   86Hz  101.7dB   32l +  15l  * 1x50mm   1338mm
 28.3Hz  58Hz   88Hz  103.3dB   27l +  15l  * 1x50mm   1192mm
 30.9Hz  62Hz   91Hz  104.8dB   23l +  15l  * 1x50mm   1062mm
 33.7Hz  65Hz   94Hz  106.3dB   20l +  15l  * 1x50mm    947mm
 36.6Hz  69Hz   97Hz  107.7dB   18l +  15l  * 1x50mm    844mm
 39.8Hz  73Hz  100Hz  109.2dB   15l +  15l  * 1x50mm    752mm
 43.2Hz  78Hz  103Hz  110.6dB   13l +  15l  * 1x50mm    670mm
 46.8Hz  71Hz  107Hz  112.0dB   17l +  15l  * 1x50mm    813mm
 50.7Hz  73Hz  111Hz  113.4dB   16l +  15l  * 1x50mm    762mm
 54.8Hz  79Hz  115Hz  114.7dB   13l +  15l  * 1x50mm    646mm
 50.9Hz  84Hz  119Hz  113.4dB   11l +  15l  * 1x50mm    576mm
 55.6Hz  89Hz  124Hz  115.0dB   10l +  15l  * 1x50mm    513mm
 68.9Hz  94Hz  129Hz  118.7dB    9l +  15l  * 1x50mm    457mm
 21.6Hz  53Hz  127Hz   98.6dB   36l +  10l  * 1x50mm   2119mm
 23.9Hz  56Hz  130Hz  100.3dB   31l +  10l  * 1x50mm   1889mm
 26.3Hz  59Hz  132Hz  102.0dB   27l +  10l  * 1x50mm   1684mm
 28.9Hz  62Hz  135Hz  103.6dB   23l +  10l  * 1x50mm   1501mm
 31.8Hz  66Hz  138Hz  105.3dB   20l +  10l  * 1x50mm   1338mm
 34.9Hz  70Hz  141Hz  106.9dB   17l +  10l  * 1x50mm   1192mm
 38.2Hz  74Hz  144Hz  108.5dB   15l +  10l  * 1x50mm   1062mm
 41.8Hz  79Hz  148Hz  110.0dB   13l +  10l  * 1x50mm    947mm
 45.7Hz  83Hz  152Hz  111.6dB   11l +  10l  * 1x50mm    844mm
 49.9Hz  88Hz  156Hz  113.1dB   10l +  10l  * 1x50mm    752mm
 54.4Hz  93Hz  160Hz  114.6dB    9l +  10l  * 1x50mm    670mm
 59.3Hz  99Hz  165Hz  116.1dB    8l +  10l  * 1x50mm    597mm
 64.5Hz 105Hz  170Hz  117.5dB    7l +  10l  * 1x50mm    532mm
 70.1Hz 111Hz  176Hz  119.0dB    6l +  10l  * 1x50mm    475mm
 76.0Hz 118Hz  182Hz  120.4dB    5l +  10l  * 1x50mm    423mm
 82.4Hz 125Hz  188Hz  121.8dB    5l +  10l  - 1x70mm    739mm
 89.3Hz 132Hz  195Hz  123.2dB    4l +  10l  - 1x70mm    658mm
