-------------
blackbass10
                    86.0dB           262W
  R||    qts   f3   Spl     SplMech Pmech  SplEle  
   1.5  0.52  46Hz  81.9dB  117.8dB 3900W  106.1dB
   2.2  0.54  43Hz  81.9dB  116.6dB 2931W  106.1dB
   3.3  0.58  40Hz  81.9dB  115.1dB 2086W  106.1dB
   4.7  0.61  36Hz  81.9dB  113.6dB 1490W  106.1dB
   6.8  0.65  36Hz  81.9dB  113.6dB 1490W  106.1dB
  10.0  0.69  34Hz  81.9dB  112.2dB 1072W  106.1dB
  15.0  0.73  31Hz  81.9dB  111.0dB  814W  106.1dB
  22.0  0.76  30Hz  81.9dB  110.1dB  660W  106.1dB
  33.0  0.78  30Hz  81.9dB  110.1dB  660W  106.1dB
  47.0  0.80  28Hz  81.9dB  109.1dB  529W  106.1dB
  68.0  0.82  28Hz  81.9dB  109.1dB  529W  106.1dB
 100.0  0.83  28Hz  81.9dB  109.1dB  529W  106.1dB
 150.0  0.84  28Hz  81.9dB  109.1dB  529W  106.1dB
9999.0  0.86  27Hz  81.9dB  108.5dB  461W  106.1dB
-------------
blackbass12
                    87.0dB           300W
  R||    qts   f3   Spl     SplMech Pmech  SplEle  
   1.0  0.55  37Hz  83.2dB  117.6dB 2745W  108.0dB
   1.5  0.58  36Hz  83.2dB  116.9dB 2343W  108.0dB
   2.2  0.61  33Hz  83.2dB  115.5dB 1674W  108.0dB
   3.3  0.64  33Hz  83.2dB  115.5dB 1674W  108.0dB
   4.7  0.68  30Hz  83.2dB  114.1dB 1205W  108.0dB
   6.8  0.72  28Hz  83.2dB  112.9dB  914W  108.0dB
  10.0  0.77  27Hz  83.2dB  111.9dB  741W  108.0dB
  15.0  0.81  26Hz  83.2dB  111.0dB  594W  108.0dB
  22.0  0.85  26Hz  83.2dB  111.0dB  594W  108.0dB
  33.0  0.88  25Hz  83.2dB  110.4dB  517W  108.0dB
  47.0  0.90  25Hz  83.2dB  110.4dB  517W  108.0dB
  68.0  0.92  23Hz  83.2dB  109.5dB  427W  108.0dB
 100.0  0.93  23Hz  83.2dB  109.5dB  427W  108.0dB
 150.0  0.94  23Hz  83.2dB  109.5dB  427W  108.0dB
9999.0  0.96  23Hz  83.2dB  109.1dB  386W  108.0dB
-------------
blackbass-300
                    88.0dB           300W
  R||    qts   f3   Spl     SplMech Pmech  SplEle  
   6.8  0.51  42Hz  85.5dB  116.5dB 1261W  110.2dB
  10.0  0.54  39Hz  85.5dB  115.2dB  948W  110.2dB
  15.0  0.57  37Hz  85.5dB  114.5dB  790W  110.2dB
  22.0  0.60  36Hz  85.5dB  113.8dB  675W  110.2dB
  33.0  0.61  33Hz  85.5dB  112.3dB  482W  110.2dB
  47.0  0.63  33Hz  85.5dB  112.3dB  482W  110.2dB
  68.0  0.64  33Hz  85.5dB  112.3dB  482W  110.2dB
 100.0  0.65  33Hz  85.5dB  112.3dB  482W  110.2dB
 150.0  0.65  30Hz  85.5dB  110.9dB  347W  110.2dB
9999.0  0.67  30Hz  85.5dB  110.9dB  347W  110.2dB
-------------
crb10tc
                    86.0dB           150W
  R||    qts   f3   Spl     SplMech Pmech  SplEle  
   0.0  0.54  46Hz  82.7dB  114.2dB 1415W  104.5dB
   1.0  0.60  42Hz  82.7dB  112.8dB 1007W  104.5dB
   1.5  0.62  39Hz  82.7dB  111.3dB  719W  104.5dB
   2.2  0.65  39Hz  82.7dB  111.3dB  719W  104.5dB
   3.3  0.69  36Hz  82.7dB  109.9dB  518W  104.5dB
   4.7  0.72  33Hz  82.7dB  108.7dB  393W  104.5dB
   6.8  0.77  32Hz  82.7dB  107.8dB  319W  104.5dB
  10.0  0.81  30Hz  82.7dB  106.8dB  255W  104.5dB
  15.0  0.85  29Hz  82.7dB  106.2dB  222W  104.5dB
  22.0  0.89  29Hz  82.7dB  106.2dB  222W  104.5dB
  33.0  0.92  28Hz  82.7dB  105.4dB  183W  104.5dB
  47.0  0.94  28Hz  82.7dB  105.4dB  183W  104.5dB
  68.0  0.96  27Hz  82.7dB  104.9dB  166W  104.5dB
 100.0  0.98  27Hz  82.7dB  104.9dB  166W  104.5dB
 150.0  0.99  27Hz  82.7dB  104.9dB  166W  104.5dB
9999.0  1.01  26Hz  82.7dB  104.5dB  150W  104.5dB
-------------
crb12tc
                    86.0dB           150W
  R||    qts   f3   Spl     SplMech Pmech  SplEle  
   0.0  0.63  35Hz  83.8dB  113.3dB  892W  105.6dB
   1.0  0.69  33Hz  83.8dB  111.9dB  642W  105.6dB
   1.5  0.72  30Hz  83.8dB  110.7dB  487W  105.6dB
   2.2  0.75  29Hz  83.8dB  109.8dB  395W  105.6dB
   3.3  0.80  29Hz  83.8dB  109.8dB  395W  105.6dB
   4.7  0.84  27Hz  83.8dB  108.8dB  317W  105.6dB
   6.8  0.89  26Hz  83.8dB  108.2dB  276W  105.6dB
  10.0  0.94  25Hz  83.8dB  107.4dB  227W  105.6dB
  15.0  0.99  24Hz  83.8dB  107.0dB  206W  105.6dB
  22.0  1.04  24Hz  83.8dB  106.5dB  186W  105.6dB
  33.0  1.07  23Hz  83.8dB  106.1dB  167W  105.6dB
  47.0  1.10  23Hz  83.8dB  106.1dB  167W  105.6dB
  68.0  1.12  23Hz  83.8dB  106.1dB  167W  105.6dB
 100.0  1.14  23Hz  83.8dB  106.1dB  167W  105.6dB
 150.0  1.15  23Hz  83.8dB  106.1dB  167W  105.6dB
9999.0  1.17  23Hz  83.8dB  106.1dB  167W  105.6dB
-------------
predator10
                    87.0dB           300W
  R||    qts   f3   Spl     SplMech Pmech  SplEle  
   1.0  0.55  50Hz  82.5dB  117.7dB 3292W  107.3dB
   1.5  0.59  48Hz  82.5dB  117.0dB 2811W  107.3dB
   2.2  0.62  44Hz  82.5dB  115.5dB 2008W  107.3dB
   3.3  0.66  41Hz  82.5dB  114.1dB 1445W  107.3dB
   4.7  0.70  41Hz  82.5dB  114.1dB 1445W  107.3dB
   6.8  0.73  38Hz  82.5dB  112.9dB 1097W  107.3dB
  10.0  0.77  36Hz  82.5dB  112.0dB  889W  107.3dB
  15.0  0.79  36Hz  82.5dB  112.0dB  889W  107.3dB
  22.0  0.81  34Hz  82.5dB  111.0dB  713W  107.3dB
  33.0  0.83  34Hz  82.5dB  111.0dB  713W  107.3dB
  47.0  0.84  34Hz  82.5dB  111.0dB  713W  107.3dB
  68.0  0.85  34Hz  82.5dB  111.0dB  713W  107.3dB
 100.0  0.85  33Hz  82.5dB  110.4dB  621W  107.3dB
 150.0  0.86  33Hz  82.5dB  110.4dB  621W  107.3dB
9999.0  0.87  33Hz  82.5dB  110.4dB  621W  107.3dB
-------------
raptor15
                    89.0dB          1000W
         qts   f3   Spl     SplMech Pmech  SplEle  
        0.73  38Hz  87.9dB  121.5dB 2244W  117.9dB
-------------
sonic10
                    84.0dB           450W
  R||    qts   f3   Spl     SplMech Pmech  SplEle  
   0.0  0.52  45Hz  79.7dB  122.2dB 17940W  106.2dB
   1.0  0.63  35Hz  79.7dB  118.1dB 6854W  106.2dB
   1.5  0.67  33Hz  79.7dB  116.6dB 4933W  106.2dB
   2.2  0.71  30Hz  79.7dB  115.4dB 3743W  106.2dB
   3.3  0.76  29Hz  79.7dB  114.5dB 3036W  106.2dB
   4.7  0.80  27Hz  79.7dB  113.6dB 2434W  106.2dB
   6.8  0.85  27Hz  79.7dB  113.6dB 2434W  106.2dB
  10.0  0.89  26Hz  79.7dB  113.0dB 2118W  106.2dB
  15.0  0.92  25Hz  79.7dB  112.1dB 1747W  106.2dB
  22.0  0.95  24Hz  79.7dB  111.7dB 1581W  106.2dB
  33.0  0.97  24Hz  79.7dB  111.7dB 1581W  106.2dB
  47.0  0.99  24Hz  79.7dB  111.7dB 1581W  106.2dB
  68.0  1.00  24Hz  79.7dB  111.7dB 1581W  106.2dB
 100.0  1.01  24Hz  79.7dB  111.2dB 1427W  106.2dB
 150.0  1.01  24Hz  79.7dB  111.2dB 1427W  106.2dB
9999.0  1.02  24Hz  79.7dB  111.2dB 1427W  106.2dB
-------------
sonic10mk2
                    84.0dB           450W
  R||    qts   f3   Spl     SplMech Pmech  SplEle  
   0.0  0.52  48Hz  79.7dB  123.3dB 22916W  106.3dB
   1.0  0.62  38Hz  79.7dB  119.1dB 8756W  106.3dB
   1.5  0.66  35Hz  79.7dB  117.7dB 6301W  106.3dB
   2.2  0.70  32Hz  79.7dB  116.5dB 4782W  106.3dB
   3.3  0.75  32Hz  79.7dB  116.5dB 4782W  106.3dB
   4.7  0.79  31Hz  79.7dB  115.6dB 3878W  106.3dB
   6.8  0.84  29Hz  79.7dB  114.6dB 3109W  106.3dB
  10.0  0.88  28Hz  79.7dB  114.0dB 2706W  106.3dB
  15.0  0.91  27Hz  79.7dB  113.2dB 2232W  106.3dB
  22.0  0.94  27Hz  79.7dB  113.2dB 2232W  106.3dB
  33.0  0.96  26Hz  79.7dB  112.8dB 2019W  106.3dB
  47.0  0.98  26Hz  79.7dB  112.8dB 2019W  106.3dB
  68.0  0.99  26Hz  79.7dB  112.8dB 2019W  106.3dB
 100.0  0.99  26Hz  79.7dB  112.8dB 2019W  106.3dB
 150.0  1.00  26Hz  79.7dB  112.8dB 2019W  106.3dB
9999.0  1.01  25Hz  79.7dB  112.3dB 1822W  106.3dB
-------------
sonic12
                    85.0dB           525W
  R||    qts   f3   Spl     SplMech Pmech  SplEle  
   1.0  0.59  33Hz  81.5dB  120.5dB 7930W  108.7dB
   1.5  0.63  31Hz  81.5dB  119.0dB 5665W  108.7dB
   2.2  0.67  28Hz  81.5dB  117.6dB 4077W  108.7dB
   3.3  0.72  26Hz  81.5dB  116.4dB 3094W  108.7dB
   4.7  0.76  25Hz  81.5dB  115.5dB 2509W  108.7dB
   6.8  0.81  24Hz  81.5dB  114.5dB 2012W  108.7dB
  10.0  0.85  24Hz  81.5dB  114.5dB 2012W  108.7dB
  15.0  0.89  23Hz  81.5dB  113.9dB 1751W  108.7dB
  22.0  0.91  22Hz  81.5dB  113.1dB 1444W  108.7dB
  33.0  0.93  22Hz  81.5dB  113.1dB 1444W  108.7dB
  47.0  0.95  22Hz  81.5dB  113.1dB 1444W  108.7dB
  68.0  0.96  21Hz  81.5dB  112.7dB 1306W  108.7dB
 100.0  0.97  21Hz  81.5dB  112.7dB 1306W  108.7dB
 150.0  0.97  21Hz  81.5dB  112.7dB 1306W  108.7dB
9999.0  0.99  21Hz  81.5dB  112.7dB 1306W  108.7dB
-------------
sonic15
                    88.0dB           600W
  R||    qts   f3   Spl     SplMech Pmech  SplEle  
   0.0  0.52  36Hz  84.2dB  126.1dB 15558W  112.0dB
   1.0  0.63  28Hz  84.2dB  121.9dB 5944W  112.0dB
   1.5  0.67  26Hz  84.2dB  120.5dB 4278W  112.0dB
   2.2  0.71  24Hz  84.2dB  119.3dB 3246W  112.0dB
   3.3  0.76  23Hz  84.2dB  118.4dB 2633W  112.0dB
   4.7  0.81  22Hz  84.2dB  117.4dB 2111W  112.0dB
   6.8  0.85  21Hz  84.2dB  116.8dB 1837W  112.0dB
  10.0  0.90  21Hz  84.2dB  116.8dB 1837W  112.0dB
  15.0  0.94  20Hz  84.2dB  116.0dB 1515W  112.0dB
  22.0  0.96  20Hz  84.2dB  115.5dB 1371W  112.0dB
  33.0  0.99  20Hz  84.2dB  115.5dB 1371W  112.0dB
  47.0  1.00  19Hz  84.2dB  115.1dB 1237W  112.0dB
  68.0  1.01  19Hz  84.2dB  115.1dB 1237W  112.0dB
 100.0  1.02  19Hz  84.2dB  115.1dB 1237W  112.0dB
 150.0  1.03  19Hz  84.2dB  115.1dB 1237W  112.0dB
9999.0  1.04  19Hz  84.2dB  115.1dB 1237W  112.0dB
-------------
sp-302c
                    93.0dB           150W
         qts   f3   Spl     SplMech Pmech  SplEle  
        0.63  38Hz  90.6dB  108.9dB   68W  112.3dB
