-------------
1020
     100.0dB                            150W
SplMech  Pmech SplEle     f3

 82.8dB   248W  80.6dB @  16Hz   38
 84.8dB   248W  82.6dB @  18Hz   36
 86.6dB   249W  84.4dB @  20Hz   34
 88.3dB   249W  86.1dB @  22Hz   32
 89.8dB   249W  87.6dB @  24Hz   31
 91.2dB   250W  89.0dB @  26Hz   30
 92.5dB   250W  90.3dB @  28Hz   28
 93.7dB   250W  91.5dB @  30Hz   27
 94.8dB   250W  92.6dB @  32Hz   26
 95.9dB   251W  93.6dB @  34Hz   25
 96.9dB   251W  94.6dB @  36Hz   24
 97.8dB   251W  95.6dB @  38Hz   23
 98.7dB   251W  96.4dB @  40Hz   22
 99.5dB   251W  97.3dB @  42Hz   21
100.3dB   251W  98.1dB @  44Hz   20
101.1dB   252W  98.9dB @  46Hz   20
101.9dB   252W  99.6dB @  48Hz   19
-------------
ntr21-5010jd
      98.0dB                           1600W
SplMech  Pmech SplEle     f3

109.0dB 11669W 100.4dB @  16Hz   26
111.1dB 11688W 102.5dB @  18Hz   24
112.9dB 11705W 104.3dB @  20Hz   23
114.6dB 11720W 105.9dB @  22Hz   21
116.1dB 11734W 107.4dB @  24Hz   19
117.5dB 11747W 108.8dB @  26Hz   18
118.8dB 11759W 110.1dB @  28Hz   17
120.0dB 11770W 111.3dB @  30Hz   16
121.1dB 11780W 112.4dB @  32Hz   14
122.1dB 11790W 113.5dB @  34Hz   13
123.1dB 11799W 114.5dB @  36Hz   12
124.1dB 11808W 115.4dB @  38Hz   11
125.0dB 11816W 116.3dB @  40Hz   11
125.8dB 11824W 117.1dB @  42Hz   10
126.6dB 11832W 117.9dB @  44Hz    9
127.4dB 11839W 118.7dB @  46Hz    8
128.1dB 11846W 119.4dB @  48Hz    7
-------------
tf0510
      91.0dB                             30W
SplMech  Pmech SplEle     f3

 64.6dB    29W  64.7dB @  16Hz   40
 66.7dB    29W  66.8dB @  18Hz   38
 68.5dB    29W  68.6dB @  20Hz   36
 70.1dB    29W  70.2dB @  22Hz   35
 71.6dB    29W  71.7dB @  24Hz   33
 73.0dB    29W  73.1dB @  26Hz   32
 74.3dB    29W  74.4dB @  28Hz   30
 75.5dB    29W  75.6dB @  30Hz   29
 76.6dB    29W  76.7dB @  32Hz   28
 77.7dB    29W  77.8dB @  34Hz   27
 78.7dB    30W  78.8dB @  36Hz   26
 79.6dB    30W  79.7dB @  38Hz   25
 80.5dB    30W  80.6dB @  40Hz   24
 81.4dB    30W  81.4dB @  42Hz   23
 82.2dB    30W  82.2dB @  44Hz   23
 83.0dB    30W  83.0dB @  46Hz   22
 83.7dB    30W  83.7dB @  48Hz   21
-------------
tf0818
      94.0dB                            100W
SplMech  Pmech SplEle     f3

 83.6dB   730W  74.9dB @  16Hz   39
 85.6dB   731W  77.0dB @  18Hz   37
 87.4dB   732W  78.8dB @  20Hz   35
 89.1dB   733W  80.4dB @  22Hz   34
 90.6dB   734W  81.9dB @  24Hz   32
 92.0dB   735W  83.3dB @  26Hz   31
 93.3dB   736W  84.6dB @  28Hz   29
 94.5dB   736W  85.8dB @  30Hz   28
 95.6dB   737W  86.9dB @  32Hz   27
 96.6dB   738W  88.0dB @  34Hz   26
 97.6dB   738W  89.0dB @  36Hz   25
 98.6dB   739W  89.9dB @  38Hz   24
 99.5dB   739W  90.8dB @  40Hz   23
100.3dB   740W  91.6dB @  42Hz   22
101.1dB   740W  92.4dB @  44Hz   22
101.9dB   741W  93.2dB @  46Hz   21
102.6dB   741W  93.9dB @  48Hz   20
-------------
tf1225
      97.0dB                            250W
SplMech  Pmech SplEle     f3

 88.0dB   254W  87.9dB @  16Hz   30
 90.1dB   254W  90.0dB @  18Hz   28
 91.9dB   255W  91.8dB @  20Hz   26
 93.5dB   255W  93.5dB @  22Hz   24
 95.1dB   255W  95.0dB @  24Hz   23
 96.4dB   255W  96.4dB @  26Hz   21
 97.7dB   256W  97.6dB @  28Hz   20
 98.9dB   256W  98.8dB @  30Hz   19
100.1dB   256W  99.9dB @  32Hz   18
101.1dB   256W 101.0dB @  34Hz   17
102.1dB   257W 102.0dB @  36Hz   16
103.0dB   257W 102.9dB @  38Hz   15
103.9dB   257W 103.8dB @  40Hz   14
104.8dB   257W 104.7dB @  42Hz   13
105.6dB   257W 105.5dB @  44Hz   12
106.4dB   257W 106.2dB @  46Hz   12
107.1dB   258W 107.0dB @  48Hz   11
-------------
tf1225cx
      97.0dB                            250W
SplMech  Pmech SplEle     f3

 88.0dB   612W  84.1dB @  16Hz   35
 90.1dB   613W  86.2dB @  18Hz   33
 91.9dB   614W  88.0dB @  20Hz   31
 93.5dB   615W  89.6dB @  22Hz   29
 95.1dB   615W  91.1dB @  24Hz   28
 96.4dB   616W  92.5dB @  26Hz   26
 97.7dB   617W  93.8dB @  28Hz   25
 98.9dB   617W  95.0dB @  30Hz   24
100.1dB   618W  96.1dB @  32Hz   23
101.1dB   618W  97.2dB @  34Hz   22
102.1dB   619W  98.2dB @  36Hz   21
103.0dB   619W  99.1dB @  38Hz   20
103.9dB   620W 100.0dB @  40Hz   19
104.8dB   620W 100.8dB @  42Hz   18
105.6dB   620W 101.6dB @  44Hz   17
106.4dB   621W 102.4dB @  46Hz   16
107.1dB   621W 103.1dB @  48Hz   16
-------------
tf1525
      98.0dB                            250W
SplMech  Pmech SplEle     f3

 92.1dB   107W  95.8dB @  16Hz   22
 94.2dB   107W  97.9dB @  18Hz   20
 96.0dB   108W  99.7dB @  20Hz   18
 97.7dB   108W 101.3dB @  22Hz   16
 99.2dB   108W 102.8dB @  24Hz   15
100.6dB   108W 104.2dB @  26Hz   13
101.9dB   108W 105.5dB @  28Hz   12
103.1dB   108W 106.7dB @  30Hz   11
104.2dB   108W 107.8dB @  32Hz   10
105.2dB   108W 108.9dB @  34Hz    9
106.2dB   109W 109.9dB @  36Hz    8
107.2dB   109W 110.8dB @  38Hz    7
108.1dB   109W 111.7dB @  40Hz    6
108.9dB   109W 112.5dB @  42Hz    5
109.7dB   109W 113.3dB @  44Hz    4
110.5dB   109W 114.1dB @  46Hz    3
111.2dB   109W 114.8dB @  48Hz    3
-------------
ftr18-4080hdx
      97.0dB                           1000W
SplMech  Pmech SplEle     f3

104.9dB  3337W  99.7dB @  16Hz   22
107.0dB  3343W 101.7dB @  18Hz   20
108.8dB  3348W 103.6dB @  20Hz   19
110.5dB  3352W 105.2dB @  22Hz   17
112.0dB  3356W 106.7dB @  24Hz   15
113.4dB  3360W 108.1dB @  26Hz   14
114.7dB  3363W 109.4dB @  28Hz   13
115.9dB  3366W 110.6dB @  30Hz   12
117.0dB  3369W 111.7dB @  32Hz   10
118.0dB  3372W 112.7dB @  34Hz    9
119.0dB  3375W 113.7dB @  36Hz    8
120.0dB  3377W 114.7dB @  38Hz    7
120.8dB  3380W 115.6dB @  40Hz    7
121.7dB  3382W 116.4dB @  42Hz    6
122.5dB  3384W 117.2dB @  44Hz    5
123.3dB  3386W 118.0dB @  46Hz    4
124.0dB  3388W 118.7dB @  48Hz    3
-------------
ftr18-4080fd
      97.0dB                           1000W
SplMech  Pmech SplEle     f3

102.7dB  2497W  98.7dB @  16Hz   25
104.7dB  2501W 100.8dB @  18Hz   23
106.6dB  2504W 102.6dB @  20Hz   21
108.2dB  2507W 104.2dB @  22Hz   20
109.7dB  2510W 105.7dB @  24Hz   18
111.1dB  2513W 107.1dB @  26Hz   17
112.4dB  2516W 108.4dB @  28Hz   15
113.6dB  2518W 109.6dB @  30Hz   14
114.7dB  2520W 110.7dB @  32Hz   13
115.8dB  2522W 111.8dB @  34Hz   12
116.8dB  2524W 112.8dB @  36Hz   11
117.7dB  2526W 113.7dB @  38Hz   10
118.6dB  2528W 114.6dB @  40Hz    9
119.5dB  2530W 115.4dB @  42Hz    8
120.3dB  2531W 116.2dB @  44Hz    8
121.0dB  2533W 117.0dB @  46Hz    7
121.8dB  2534W 117.7dB @  48Hz    6
-------------
CF18VJD
      97.0dB                           1600W
SplMech  Pmech SplEle     f3

106.2dB  9357W  98.5dB @  16Hz   26
108.3dB  9372W 100.6dB @  18Hz   24
110.1dB  9386W 102.4dB @  20Hz   22
111.8dB  9398W 104.1dB @  22Hz   21
113.3dB  9409W 105.6dB @  24Hz   19
114.7dB  9420W 107.0dB @  26Hz   18
115.9dB  9429W 108.2dB @  28Hz   17
117.1dB  9438W 109.4dB @  30Hz   15
118.3dB  9446W 110.5dB @  32Hz   14
119.3dB  9454W 111.6dB @  34Hz   13
120.3dB  9462W 112.6dB @  36Hz   12
121.2dB  9469W 113.5dB @  38Hz   11
122.1dB  9475W 114.4dB @  40Hz   10
123.0dB  9482W 115.3dB @  42Hz    9
123.8dB  9488W 116.1dB @  44Hz    9
124.6dB  9493W 116.8dB @  46Hz    8
125.3dB  9499W 117.6dB @  48Hz    7
