-------------
1020
           100.0dB           150W      1x100mm
   fu     fb      fo      SplMech  Vb1     Vb2       d         l        C
 42.3Hz  88Hz  183Hz   99.7dB  122l +  13l  * 1x50mm    572mm
 46.4Hz  93Hz  187Hz  101.3dB   84l +  13l  * 1x50mm    510mm
 50.9Hz  99Hz  192Hz  102.9dB   63l +  13l  * 1x50mm    454mm
 55.7Hz 105Hz  196Hz  104.4dB   49l +  13l  - 1x70mm    794mm
 60.9Hz 111Hz  202Hz  106.0dB   39l +  13l  - 1x70mm    707mm
 66.5Hz 117Hz  207Hz  107.5dB   32l +  13l  - 1x70mm    630mm
 72.5Hz 124Hz  213Hz  109.0dB   26l +  13l  - 1x70mm    562mm
 78.9Hz 132Hz  220Hz  110.5dB   22l +  13l  - 1x70mm    501mm
 42.3Hz 103Hz  183Hz   99.7dB   53l +  10l  * 1x50mm    572mm
 46.4Hz 109Hz  187Hz  101.3dB   42l +  10l  * 1x50mm    510mm
 50.9Hz 115Hz  192Hz  102.9dB   34l +  10l  * 1x50mm    454mm
 55.7Hz 122Hz  196Hz  104.4dB   28l +  10l  - 1x70mm    793mm
 60.9Hz 129Hz  202Hz  106.0dB   23l +  10l  - 1x70mm    707mm
 66.5Hz 137Hz  207Hz  107.5dB   20l +  10l  - 1x70mm    630mm
 72.5Hz 145Hz  213Hz  109.0dB   17l +  10l  - 1x70mm    562mm
 78.9Hz 154Hz  220Hz  110.5dB   14l +  10l  - 1x70mm    501mm
 50.8Hz 123Hz  299Hz  102.8dB   27l +   7l  * 1x50mm    572mm
 56.0Hz 130Hz  304Hz  104.5dB   23l +   7l  * 1x50mm    510mm
 61.7Hz 138Hz  310Hz  106.2dB   19l +   7l  * 1x50mm    454mm
 67.8Hz 146Hz  316Hz  107.9dB   16l +   7l  - 1x70mm    793mm
 74.5Hz 155Hz  323Hz  109.5dB   14l +   7l  - 1x70mm    707mm
 81.8Hz 164Hz  330Hz  111.1dB   12l +   7l  - 1x70mm    630mm
-------------
ntr21-5010jd
            98.0dB          1600W      4x100mm
   fu     fb      fo      SplMech  Vb1     Vb2       d         l        C
 21.7Hz  45Hz   94Hz  114.3dB  278l +  61l  * 2x100mm  3778mm
 23.8Hz  48Hz   96Hz  115.9dB  228l +  61l  * 2x100mm  3368mm
 26.1Hz  51Hz   98Hz  117.5dB  189l +  61l  * 2x100mm  3001mm
 28.5Hz  54Hz  101Hz  119.1dB  159l +  61l  * 2x100mm  2675mm
 31.2Hz  57Hz  103Hz  120.6dB  135l +  61l  * 2x100mm  2384mm
 34.0Hz  60Hz  106Hz  122.2dB  115l +  61l  * 2x100mm  2125mm
 37.1Hz  64Hz  109Hz  123.7dB   99l +  61l  * 2x100mm  1894mm
 40.4Hz  67Hz  112Hz  125.1dB   86l +  61l  * 2x100mm  1688mm
 44.0Hz  71Hz  116Hz  126.6dB   74l +  61l  * 2x100mm  1504mm
 47.8Hz  76Hz  120Hz  128.0dB   65l +  61l  * 2x100mm  1341mm
 51.8Hz  80Hz  124Hz  129.5dB   57l +  61l  * 2x100mm  1195mm
 56.2Hz  85Hz  128Hz  130.9dB   49l +  61l  * 2x100mm  1065mm
 60.8Hz  88Hz  133Hz  132.2dB   46l +  61l  * 2x100mm   997mm
 65.8Hz  95Hz  138Hz  133.6dB   38l +  61l  * 2x100mm   846mm
 71.1Hz 101Hz  143Hz  135.0dB   34l +  61l  * 2x100mm   754mm
 76.7Hz 107Hz  149Hz  136.3dB   30l +  61l  * 2x100mm   672mm
 82.8Hz 113Hz  155Hz  137.6dB   26l +  61l  * 2x100mm   599mm
 21.7Hz  53Hz   94Hz  114.3dB  168l +  45l  * 2x100mm  3779mm
 23.8Hz  56Hz   96Hz  115.9dB  142l +  45l  * 2x100mm  3367mm
 26.1Hz  59Hz   98Hz  117.5dB  121l +  45l  * 2x100mm  3001mm
 28.5Hz  62Hz  101Hz  119.1dB  104l +  45l  * 2x100mm  2675mm
 31.2Hz  66Hz  103Hz  120.6dB   90l +  45l  * 2x100mm  2384mm
 34.0Hz  70Hz  106Hz  122.2dB   78l +  45l  * 2x100mm  2125mm
 37.1Hz  74Hz  109Hz  123.7dB   68l +  45l  * 2x100mm  1894mm
 40.4Hz  79Hz  112Hz  125.1dB   59l +  45l  * 2x100mm  1688mm
 44.0Hz  83Hz  116Hz  126.6dB   52l +  45l  * 2x100mm  1504mm
 47.8Hz  88Hz  120Hz  128.0dB   45l +  45l  * 2x100mm  1341mm
 51.8Hz  93Hz  124Hz  129.5dB   40l +  45l  * 2x100mm  1195mm
 56.2Hz  85Hz  128Hz  130.9dB   49l +  45l  * 2x100mm  1450mm
 60.8Hz  88Hz  133Hz  132.2dB   46l +  45l  * 2x100mm  1358mm
 65.8Hz  95Hz  138Hz  133.6dB   38l +  45l  * 2x100mm  1151mm
 61.1Hz 101Hz  143Hz  132.3dB   34l +  45l  * 2x100mm  1026mm
 66.7Hz 107Hz  149Hz  133.9dB   30l +  45l  * 2x100mm   915mm
 82.8Hz 113Hz  155Hz  137.6dB   26l +  45l  * 2x100mm   815mm
 26.0Hz  63Hz  153Hz  117.5dB  101l +  31l  * 2x100mm  3778mm
 28.7Hz  67Hz  156Hz  119.2dB   88l +  31l  * 2x100mm  3368mm
 31.6Hz  71Hz  159Hz  120.9dB   76l +  31l  * 2x100mm  3002mm
 34.7Hz  75Hz  162Hz  122.5dB   66l +  31l  * 2x100mm  2675mm
 38.2Hz  79Hz  165Hz  124.1dB   58l +  31l  * 2x100mm  2384mm
 41.9Hz  84Hz  169Hz  125.8dB   50l +  31l  * 2x100mm  2125mm
 45.9Hz  89Hz  173Hz  127.4dB   44l +  31l  * 2x100mm  1894mm
 50.2Hz  94Hz  177Hz  128.9dB   39l +  31l  * 2x100mm  1688mm
 54.9Hz 100Hz  182Hz  130.5dB   34l +  31l  * 2x100mm  1504mm
 60.0Hz 106Hz  187Hz  132.0dB   30l +  31l  * 2x100mm  1341mm
 65.4Hz 112Hz  192Hz  133.5dB   27l +  31l  * 2x100mm  1195mm
 71.2Hz 119Hz  198Hz  135.0dB   24l +  31l  * 2x100mm  1065mm
 77.5Hz 126Hz  205Hz  136.4dB   21l +  31l  * 2x100mm   949mm
 84.2Hz 133Hz  211Hz  137.9dB   18l +  31l  * 2x100mm   846mm
-------------
tf0510
            91.0dB            30W       1x40mm
   fu     fb      fo      SplMech  Vb1     Vb2       d         l        C
 57.7Hz 112Hz  217Hz   86.9dB   36l +   2l    1x40mm   1594mm
 63.1Hz 119Hz  223Hz   88.5dB   17l +   2l    1x40mm   1421mm
 69.0Hz 126Hz  229Hz   90.0dB   10l +   2l    1x40mm   1266mm
 75.4Hz 133Hz  235Hz   91.5dB    7l +   2l    1x40mm   1128mm
 82.2Hz 141Hz  242Hz   93.0dB    5l +   2l    1x40mm   1006mm
 48.0Hz 116Hz  208Hz   83.7dB   20l +   1l    1x40mm   2007mm
 52.7Hz 123Hz  212Hz   85.3dB   12l +   1l    1x40mm   1788mm
 57.7Hz 131Hz  217Hz   86.9dB    8l +   1l    1x40mm   1594mm
 63.1Hz 138Hz  223Hz   88.5dB    6l +   1l    1x40mm   1421mm
 69.0Hz 147Hz  229Hz   90.0dB    5l +   1l    1x40mm   1266mm
 75.4Hz 155Hz  235Hz   91.5dB    4l +   1l    1x40mm   1128mm
 82.2Hz 164Hz  242Hz   93.0dB    3l +   1l    1x40mm   1006mm
-------------
tf0818
            94.0dB           100W       1x70mm
   fu     fb      fo      SplMech  Vb1     Vb2       d         l        C
 49.7Hz 100Hz  200Hz  103.2dB  122l +   5l  * 1x40mm    742mm
 54.5Hz 106Hz  205Hz  104.8dB   53l +   5l  * 1x40mm    661mm
 59.6Hz 112Hz  210Hz  106.4dB   32l +   5l  * 1x40mm    590mm
 65.2Hz 119Hz  216Hz  108.0dB   23l +   5l  * 1x40mm    525mm
 71.2Hz 126Hz  222Hz  109.5dB   17l +   5l  - 1x50mm    732mm
 77.6Hz 133Hz  228Hz  111.0dB   13l +   5l  - 1x50mm    652mm
 84.5Hz 141Hz  235Hz  112.5dB   10l +   5l  - 1x50mm    581mm
 45.3Hz 110Hz  196Hz  101.6dB   37l +   4l  * 1x40mm    833mm
 49.7Hz 116Hz  200Hz  103.2dB   25l +   4l  * 1x40mm    742mm
 54.5Hz 123Hz  205Hz  104.8dB   18l +   4l  * 1x40mm    661mm
 59.6Hz 131Hz  210Hz  106.4dB   14l +   4l  * 1x40mm    590mm
 65.2Hz 138Hz  216Hz  108.0dB   11l +   4l  * 1x40mm    525mm
 71.2Hz 147Hz  222Hz  109.5dB    9l +   4l  - 1x50mm    732mm
 77.6Hz 155Hz  228Hz  111.0dB    8l +   4l  - 1x50mm    652mm
 84.5Hz 164Hz  235Hz  112.5dB    6l +   4l  - 1x50mm    581mm
 54.4Hz 132Hz  320Hz  104.8dB   14l +   3l  * 1x40mm    833mm
 59.9Hz 140Hz  326Hz  106.5dB   11l +   3l  * 1x40mm    742mm
 66.0Hz 148Hz  332Hz  108.2dB    9l +   3l  * 1x40mm    662mm
 72.6Hz 157Hz  338Hz  109.8dB    7l +   3l  * 1x40mm    590mm
 79.8Hz 166Hz  346Hz  111.5dB    6l +   3l  * 1x40mm    525mm
-------------
tf1225
            97.0dB           250W      2x100mm
   fu     fb      fo      SplMech  Vb1     Vb2       d         l        C
 34.7Hz  65Hz  122Hz  101.5dB  775l +  29l  * 1x70mm    949mm
 37.9Hz  69Hz  126Hz  103.0dB  271l +  29l  * 1x70mm    846mm
 41.4Hz  73Hz  129Hz  104.5dB  157l +  29l  * 1x70mm    754mm
 45.2Hz  77Hz  133Hz  106.0dB  106l +  29l  * 1x70mm    672mm
 49.2Hz  82Hz  137Hz  107.5dB   78l +  29l  * 1x70mm    599mm
 53.5Hz  87Hz  141Hz  109.0dB   60l +  29l  * 1x70mm    534mm
 58.1Hz  92Hz  146Hz  110.4dB   48l +  29l  * 1x70mm    476mm
 63.1Hz  98Hz  151Hz  111.8dB   39l +  29l  * 1x70mm    424mm
 68.4Hz 103Hz  156Hz  113.2dB   32l +  29l  - 1x100mm   771mm
 74.0Hz 107Hz  162Hz  114.6dB   29l +  29l  - 1x100mm   722mm
 80.1Hz 116Hz  168Hz  116.0dB   23l +  29l  - 1x100mm   613mm
 26.4Hz  64Hz  114Hz   96.7dB 1728l +  21l  * 1x70mm   1341mm
 28.9Hz  68Hz  117Hz   98.3dB  346l +  21l  * 1x70mm   1195mm
 31.7Hz  72Hz  119Hz   99.9dB  182l +  21l  * 1x70mm   1065mm
 34.7Hz  76Hz  122Hz  101.5dB  119l +  21l  * 1x70mm    949mm
 37.9Hz  81Hz  126Hz  103.0dB   86l +  21l  * 1x70mm    846mm
 41.4Hz  85Hz  129Hz  104.5dB   65l +  21l  * 1x70mm    754mm
 45.2Hz  90Hz  133Hz  106.0dB   52l +  21l  * 1x70mm    672mm
 49.2Hz  96Hz  137Hz  107.5dB   42l +  21l  * 1x70mm    599mm
 53.5Hz 101Hz  141Hz  109.0dB   34l +  21l  * 1x70mm    534mm
 58.1Hz 107Hz  146Hz  110.4dB   29l +  21l  * 1x70mm    476mm
 63.1Hz 114Hz  151Hz  111.8dB   24l +  21l  * 1x70mm    424mm
 68.4Hz 103Hz  156Hz  113.2dB   32l +  21l  * 1x70mm    514mm
 74.0Hz 107Hz  162Hz  114.6dB   29l +  21l  * 1x70mm    482mm
 80.1Hz 116Hz  168Hz  116.0dB   23l +  21l  * 1x70mm    409mm
 74.4Hz 123Hz  174Hz  114.7dB   19l +  21l  - 1x100mm   743mm
 81.2Hz 130Hz  181Hz  116.2dB   17l +  21l  - 1x100mm   662mm
 31.6Hz  77Hz  186Hz   99.9dB  112l +  15l  * 1x70mm   1341mm
 34.9Hz  81Hz  190Hz  101.6dB   82l +  15l  * 1x70mm   1195mm
 38.4Hz  86Hz  193Hz  103.2dB   63l +  15l  * 1x70mm   1065mm
 42.3Hz  91Hz  197Hz  104.9dB   50l +  15l  * 1x70mm    949mm
 46.4Hz  97Hz  201Hz  106.5dB   40l +  15l  * 1x70mm    846mm
 51.0Hz 102Hz  206Hz  108.1dB   33l +  15l  * 1x70mm    754mm
 55.9Hz 108Hz  211Hz  109.7dB   28l +  15l  * 1x70mm    672mm
 61.2Hz 115Hz  216Hz  111.3dB   23l +  15l  * 1x70mm    599mm
 66.8Hz 122Hz  222Hz  112.8dB   20l +  15l  * 1x70mm    534mm
 73.0Hz 129Hz  228Hz  114.4dB   17l +  15l  * 1x70mm    476mm
 79.6Hz 137Hz  234Hz  115.9dB   15l +  15l  * 1x70mm    424mm
-------------
tf1225cx
            97.0dB           250W      2x100mm
   fu     fb      fo      SplMech  Vb1     Vb2       d         l        C
 35.2Hz  73Hz  152Hz  101.7dB  812l +  15l  * 1x70mm   1425mm
 38.6Hz  77Hz  156Hz  103.3dB  225l +  15l  * 1x70mm   1270mm
 42.3Hz  82Hz  159Hz  104.9dB  124l +  15l  * 1x70mm   1132mm
 46.3Hz  87Hz  163Hz  106.5dB   83l +  15l  * 1x70mm   1009mm
 50.6Hz  92Hz  168Hz  108.0dB   60l +  15l  * 1x70mm    899mm
 55.2Hz  98Hz  172Hz  109.5dB   46l +  15l  * 1x70mm    802mm
 60.2Hz 103Hz  177Hz  111.0dB   37l +  15l  * 1x70mm    714mm
 65.6Hz 109Hz  183Hz  112.5dB   30l +  15l  * 1x70mm    637mm
 71.3Hz 116Hz  188Hz  114.0dB   24l +  15l  * 1x70mm    567mm
 77.5Hz 123Hz  194Hz  115.4dB   20l +  15l  * 1x70mm    506mm
 84.1Hz 130Hz  201Hz  116.8dB   17l +  15l  * 1x70mm    451mm
 35.2Hz  85Hz  152Hz  101.7dB   93l +  11l  * 1x70mm   1425mm
 38.6Hz  90Hz  156Hz  103.3dB   66l +  11l  * 1x70mm   1270mm
 42.3Hz  96Hz  159Hz  104.9dB   50l +  11l  * 1x70mm   1132mm
 46.3Hz 101Hz  163Hz  106.5dB   39l +  11l  * 1x70mm   1009mm
 50.6Hz 107Hz  168Hz  108.0dB   32l +  11l  * 1x70mm    899mm
 55.2Hz 114Hz  172Hz  109.5dB   26l +  11l  * 1x70mm    801mm
 60.2Hz 121Hz  177Hz  111.0dB   22l +  11l  * 1x70mm    714mm
 65.6Hz 128Hz  183Hz  112.5dB   18l +  11l  * 1x70mm    637mm
 71.3Hz 135Hz  188Hz  114.0dB   15l +  11l  * 1x70mm    567mm
 77.5Hz 143Hz  194Hz  115.4dB   13l +  11l  * 1x70mm    506mm
 84.1Hz 152Hz  201Hz  116.8dB   11l +  11l  * 1x70mm    451mm
 42.2Hz 102Hz  248Hz  104.9dB   38l +   8l  * 1x70mm   1425mm
 46.5Hz 108Hz  253Hz  106.6dB   31l +   8l  * 1x70mm   1271mm
 51.2Hz 115Hz  258Hz  108.2dB   25l +   8l  * 1x70mm   1132mm
 56.4Hz 122Hz  263Hz  109.9dB   21l +   8l  * 1x70mm   1009mm
 61.9Hz 129Hz  268Hz  111.5dB   18l +   8l  * 1x70mm    899mm
 68.0Hz 137Hz  274Hz  113.1dB   15l +   8l  * 1x70mm    802mm
 74.5Hz 145Hz  281Hz  114.7dB   13l +   8l  * 1x70mm    714mm
 81.5Hz 153Hz  288Hz  116.3dB   11l +   8l  * 1x70mm    637mm
-------------
tf1525
            98.0dB           250W      2x100mm
   fu     fb      fo      SplMech  Vb1     Vb2       d         l        C
 28.4Hz  49Hz   84Hz  102.1dB 2035l + 113l  * 1x70mm    431mm
 30.9Hz  52Hz   86Hz  103.6dB  740l + 113l  - 1x100mm   785mm
 33.7Hz  55Hz   89Hz  105.1dB  432l + 113l  - 1x100mm   699mm
 36.6Hz  58Hz   92Hz  106.5dB  294l + 113l  - 1x100mm   623mm
 39.7Hz  61Hz   95Hz  107.9dB  217l + 113l  - 1x100mm   556mm
 43.0Hz  65Hz   98Hz  109.3dB  167l + 113l  - 1x100mm   495mm
 46.6Hz  67Hz  102Hz  110.7dB  146l + 113l  - 1x100mm   464mm
 50.4Hz  73Hz  106Hz  112.1dB  108l + 113l    2x100mm   782mm
 54.4Hz  77Hz  110Hz  113.4dB   90l + 113l    2x100mm   697mm
 58.7Hz  82Hz  114Hz  114.7dB   75l + 113l    2x100mm   621mm
 63.4Hz  87Hz  119Hz  116.1dB   64l + 113l    2x100mm   554mm
 21.8Hz  48Hz   77Hz   97.5dB 4263l +  83l  * 1x70mm    609mm
 23.9Hz  51Hz   79Hz   99.1dB  941l +  83l  * 1x70mm    543mm
 26.1Hz  54Hz   81Hz  100.6dB  501l +  83l  * 1x70mm    484mm
 28.4Hz  57Hz   84Hz  102.1dB  329l +  83l  * 1x70mm    431mm
 30.9Hz  60Hz   86Hz  103.6dB  238l +  83l  - 1x100mm   785mm
 33.7Hz  64Hz   89Hz  105.1dB  181l +  83l  - 1x100mm   699mm
 36.6Hz  68Hz   92Hz  106.5dB  143l +  83l  - 1x100mm   623mm
 39.7Hz  72Hz   95Hz  107.9dB  116l +  83l  - 1x100mm   556mm
 43.0Hz  65Hz   98Hz  109.3dB  167l +  83l  - 1x100mm   674mm
 46.6Hz  67Hz  102Hz  110.7dB  146l +  83l  - 1x100mm   631mm
 50.4Hz  73Hz  106Hz  112.1dB  108l +  83l  - 1x100mm   535mm
 46.8Hz  77Hz  110Hz  110.8dB   90l +  83l  - 1x100mm   477mm
 51.1Hz  82Hz  114Hz  112.3dB   75l +  83l  - 1x100mm   425mm
 63.4Hz  87Hz  119Hz  116.1dB   64l +  83l    2x100mm   753mm
 19.9Hz  48Hz  117Hz   95.9dB 2719l +  57l  * 1x70mm    861mm
 21.9Hz  51Hz  119Hz   97.6dB  826l +  57l  * 1x70mm    767mm
 24.2Hz  54Hz  121Hz   99.3dB  463l +  57l  * 1x70mm    684mm
 26.6Hz  57Hz  124Hz  101.0dB  310l +  57l  * 1x70mm    609mm
 29.2Hz  61Hz  127Hz  102.6dB  226l +  57l  * 1x70mm    543mm
 32.1Hz  64Hz  129Hz  104.2dB  174l +  57l  * 1x70mm    484mm
 35.1Hz  68Hz  132Hz  105.8dB  138l +  57l  * 1x70mm    431mm
 38.5Hz  72Hz  136Hz  107.4dB  112l +  57l  - 1x100mm   785mm
 42.0Hz  77Hz  139Hz  108.9dB   92l +  57l  - 1x100mm   699mm
 45.9Hz  81Hz  143Hz  110.5dB   77l +  57l  - 1x100mm   623mm
 50.1Hz  86Hz  147Hz  112.0dB   65l +  57l  - 1x100mm   556mm
 54.5Hz  91Hz  152Hz  113.4dB   56l +  57l  - 1x100mm   495mm
 59.3Hz  96Hz  157Hz  114.9dB   48l +  57l  - 1x100mm   441mm
 64.4Hz 102Hz  162Hz  116.3dB   41l +  57l    2x100mm   782mm
 69.9Hz 108Hz  167Hz  117.8dB   36l +  57l    2x100mm   697mm
 75.8Hz 115Hz  173Hz  119.2dB   31l +  57l    2x100mm   621mm
 82.1Hz 121Hz  179Hz  120.5dB   27l +  57l    2x100mm   554mm
-------------
ftr18-4080hdx
            97.0dB          1000W      3x100mm
   fu     fb      fo      SplMech  Vb1     Vb2       d         l        C
 17.2Hz  36Hz   74Hz  106.2dB 4291l +  71l  * 1x100mm  2611mm
 18.9Hz  38Hz   76Hz  107.8dB 1086l +  71l  * 1x100mm  2327mm
 20.7Hz  40Hz   78Hz  109.4dB  591l +  71l  * 1x100mm  2074mm
 22.6Hz  42Hz   80Hz  110.9dB  391l +  71l  * 1x100mm  1849mm
 24.7Hz  45Hz   82Hz  112.5dB  283l +  71l  * 1x100mm  1648mm
 27.0Hz  48Hz   84Hz  114.0dB  216l +  71l  * 1x100mm  1469mm
 29.4Hz  50Hz   87Hz  115.5dB  171l +  71l  * 1x100mm  1309mm
 32.1Hz  53Hz   89Hz  117.0dB  139l +  71l  * 1x100mm  1167mm
 34.9Hz  57Hz   92Hz  118.5dB  114l +  71l  * 1x100mm  1040mm
 37.9Hz  60Hz   95Hz  119.9dB   95l +  71l  * 1x100mm   927mm
 41.1Hz  64Hz   98Hz  121.3dB   81l +  71l  * 1x100mm   826mm
 44.6Hz  67Hz  102Hz  122.7dB   69l +  71l  * 1x100mm   736mm
 48.3Hz  70Hz  105Hz  124.1dB   63l +  71l  * 1x100mm   689mm
 52.2Hz  76Hz  109Hz  125.5dB   51l +  71l  * 1x100mm   585mm
 56.4Hz  80Hz  114Hz  126.8dB   44l +  71l  * 1x100mm   521mm
 60.9Hz  85Hz  118Hz  128.1dB   38l +  71l  * 1x100mm   464mm
 65.6Hz  90Hz  123Hz  129.5dB   33l +  71l  * 1x100mm   414mm
 17.2Hz  42Hz   74Hz  106.2dB  441l +  52l  * 1x100mm  2612mm
 18.9Hz  44Hz   76Hz  107.8dB  312l +  52l  * 1x100mm  2327mm
 20.7Hz  47Hz   78Hz  109.4dB  235l +  52l  * 1x100mm  2074mm
 22.6Hz  50Hz   80Hz  110.9dB  184l +  52l  * 1x100mm  1849mm
 24.7Hz  52Hz   82Hz  112.5dB  148l +  52l  * 1x100mm  1648mm
 27.0Hz  56Hz   84Hz  114.0dB  121l +  52l  * 1x100mm  1468mm
 29.4Hz  59Hz   87Hz  115.5dB  101l +  52l  * 1x100mm  1309mm
 32.1Hz  62Hz   89Hz  117.0dB   85l +  52l  * 1x100mm  1167mm
 34.9Hz  66Hz   92Hz  118.5dB   72l +  52l  * 1x100mm  1040mm
 37.9Hz  70Hz   95Hz  119.9dB   62l +  52l  * 1x100mm   927mm
 41.1Hz  74Hz   98Hz  121.3dB   53l +  52l  * 1x100mm   826mm
 44.6Hz  67Hz  102Hz  122.7dB   69l +  52l  * 1x100mm  1002mm
 48.3Hz  70Hz  105Hz  124.1dB   63l +  52l  * 1x100mm   938mm
 52.2Hz  76Hz  109Hz  125.5dB   51l +  52l  * 1x100mm   796mm
 48.5Hz  80Hz  114Hz  124.2dB   44l +  52l  * 1x100mm   709mm
 52.9Hz  85Hz  118Hz  125.7dB   38l +  52l  * 1x100mm   632mm
 65.6Hz  90Hz  123Hz  129.5dB   33l +  52l  * 1x100mm   563mm
 20.6Hz  50Hz  121Hz  109.3dB  177l +  36l  * 1x100mm  2611mm
 22.7Hz  53Hz  124Hz  111.0dB  143l +  36l  * 1x100mm  2328mm
 25.0Hz  56Hz  126Hz  112.7dB  118l +  36l  * 1x100mm  2075mm
 27.6Hz  59Hz  128Hz  114.4dB   98l +  36l  * 1x100mm  1849mm
 30.3Hz  63Hz  131Hz  116.0dB   83l +  36l  * 1x100mm  1648mm
 33.2Hz  67Hz  134Hz  117.6dB   70l +  36l  * 1x100mm  1469mm
 36.4Hz  71Hz  137Hz  119.2dB   60l +  36l  * 1x100mm  1309mm
 39.9Hz  75Hz  141Hz  120.8dB   52l +  36l  * 1x100mm  1166mm
 43.6Hz  79Hz  144Hz  122.3dB   45l +  36l  * 1x100mm  1040mm
 47.6Hz  84Hz  148Hz  123.9dB   39l +  36l  * 1x100mm   927mm
 51.9Hz  89Hz  153Hz  125.4dB   34l +  36l  * 1x100mm   826mm
 56.5Hz  94Hz  157Hz  126.8dB   30l +  36l  * 1x100mm   736mm
 61.4Hz 100Hz  162Hz  128.3dB   26l +  36l  * 1x100mm   656mm
 66.8Hz 106Hz  168Hz  129.7dB   23l +  36l  * 1x100mm   585mm
 72.4Hz 112Hz  173Hz  131.2dB   20l +  36l  * 1x100mm   521mm
 78.5Hz 119Hz  179Hz  132.6dB   18l +  36l  * 1x100mm   464mm
-------------
ftr18-4080fd
            97.0dB          1000W      3x100mm
   fu     fb      fo      SplMech  Vb1     Vb2       d         l        C
 20.0Hz  42Hz   87Hz  106.6dB  252l +  61l  * 1x100mm  2213mm
 22.0Hz  44Hz   89Hz  108.2dB  210l +  61l  * 1x100mm  1973mm
 24.1Hz  47Hz   91Hz  109.8dB  177l +  61l  * 1x100mm  1758mm
 26.4Hz  50Hz   93Hz  111.4dB  151l +  61l  * 1x100mm  1567mm
 28.8Hz  52Hz   95Hz  112.9dB  129l +  61l  * 1x100mm  1396mm
 31.5Hz  56Hz   98Hz  114.4dB  111l +  61l  * 1x100mm  1245mm
 34.3Hz  59Hz  101Hz  116.0dB   96l +  61l  * 1x100mm  1109mm
 37.4Hz  62Hz  104Hz  117.4dB   83l +  61l  * 1x100mm   989mm
 40.7Hz  66Hz  107Hz  118.9dB   73l +  61l  * 1x100mm   881mm
 44.2Hz  70Hz  111Hz  120.3dB   63l +  61l  * 1x100mm   785mm
 47.9Hz  74Hz  115Hz  121.8dB   56l +  61l  * 1x100mm   700mm
 51.9Hz  78Hz  119Hz  123.2dB   49l +  61l  * 1x100mm   624mm
 56.2Hz  81Hz  123Hz  124.5dB   45l +  61l  * 1x100mm   584mm
 60.8Hz  88Hz  127Hz  125.9dB   38l +  61l  * 1x100mm   496mm
 65.7Hz  93Hz  132Hz  127.2dB   33l +  61l  * 1x100mm   442mm
 71.0Hz  99Hz  138Hz  128.6dB   29l +  61l  - 2x100mm   783mm
 76.5Hz 105Hz  143Hz  129.9dB   26l +  61l  - 2x100mm   697mm
 20.0Hz  49Hz   87Hz  106.6dB  158l +  45l  * 1x100mm  2213mm
 22.0Hz  51Hz   89Hz  108.2dB  135l +  45l  * 1x100mm  1972mm
 24.1Hz  55Hz   91Hz  109.8dB  116l +  45l  * 1x100mm  1758mm
 26.4Hz  58Hz   93Hz  111.4dB  100l +  45l  * 1x100mm  1567mm
 28.8Hz  61Hz   95Hz  112.9dB   87l +  45l  * 1x100mm  1397mm
 31.5Hz  65Hz   98Hz  114.4dB   76l +  45l  * 1x100mm  1245mm
 34.3Hz  69Hz  101Hz  116.0dB   66l +  45l  * 1x100mm  1109mm
 37.4Hz  73Hz  104Hz  117.4dB   58l +  45l  * 1x100mm   989mm
 40.7Hz  77Hz  107Hz  118.9dB   51l +  45l  * 1x100mm   881mm
 44.2Hz  82Hz  111Hz  120.3dB   45l +  45l  * 1x100mm   785mm
 47.9Hz  86Hz  115Hz  121.8dB   39l +  45l  * 1x100mm   700mm
 51.9Hz  78Hz  119Hz  123.2dB   49l +  45l  * 1x100mm   849mm
 56.2Hz  81Hz  123Hz  124.5dB   45l +  45l  * 1x100mm   795mm
 60.8Hz  88Hz  127Hz  125.9dB   38l +  45l  * 1x100mm   674mm
 56.5Hz  93Hz  132Hz  124.6dB   33l +  45l  * 1x100mm   601mm
 61.7Hz  99Hz  138Hz  126.1dB   29l +  45l  * 1x100mm   536mm
 76.5Hz 105Hz  143Hz  129.9dB   26l +  45l  * 1x100mm   477mm
 24.0Hz  58Hz  142Hz  109.8dB   98l +  31l  * 1x100mm  2213mm
 26.5Hz  62Hz  144Hz  111.5dB   85l +  31l  * 1x100mm  1973mm
 29.2Hz  65Hz  147Hz  113.1dB   74l +  31l  * 1x100mm  1758mm
 32.1Hz  69Hz  150Hz  114.8dB   65l +  31l  * 1x100mm  1567mm
 35.3Hz  73Hz  153Hz  116.4dB   57l +  31l  * 1x100mm  1397mm
 38.7Hz  78Hz  156Hz  118.1dB   50l +  31l  * 1x100mm  1245mm
 42.4Hz  82Hz  160Hz  119.6dB   44l +  31l  * 1x100mm  1109mm
 46.5Hz  87Hz  164Hz  121.2dB   39l +  31l  * 1x100mm   989mm
 50.8Hz  92Hz  168Hz  122.8dB   34l +  31l  * 1x100mm   881mm
 55.4Hz  98Hz  173Hz  124.3dB   30l +  31l  * 1x100mm   785mm
 60.5Hz 104Hz  178Hz  125.8dB   27l +  31l  * 1x100mm   700mm
 65.8Hz 110Hz  183Hz  127.3dB   23l +  31l  * 1x100mm   624mm
 71.6Hz 116Hz  189Hz  128.7dB   21l +  31l  * 1x100mm   556mm
 77.8Hz 123Hz  195Hz  130.2dB   18l +  31l  * 1x100mm   496mm
 84.4Hz 131Hz  202Hz  131.6dB   16l +  31l  * 1x100mm   442mm
-------------
CF18VJD
            97.0dB          1600W      3x100mm
   fu     fb      fo      SplMech  Vb1     Vb2       d         l        C
 21.4Hz  45Hz   93Hz  111.3dB  219l +  36l  * 1x100mm  3341mm
 23.5Hz  47Hz   95Hz  112.9dB  169l +  36l  * 1x100mm  2977mm
 25.8Hz  50Hz   97Hz  114.5dB  134l +  36l  * 1x100mm  2653mm
 28.2Hz  53Hz   99Hz  116.1dB  109l +  36l  * 1x100mm  2365mm
 30.8Hz  56Hz  102Hz  117.6dB   90l +  36l  * 1x100mm  2108mm
 33.6Hz  59Hz  105Hz  119.1dB   75l +  36l  * 1x100mm  1879mm
 36.7Hz  63Hz  108Hz  120.6dB   64l +  36l  * 1x100mm  1674mm
 40.0Hz  67Hz  111Hz  122.1dB   54l +  36l  * 1x100mm  1492mm
 43.5Hz  71Hz  115Hz  123.6dB   47l +  36l  * 1x100mm  1330mm
 47.2Hz  75Hz  118Hz  125.0dB   40l +  36l  * 1x100mm  1185mm
 51.2Hz  79Hz  122Hz  126.4dB   35l +  36l  * 1x100mm  1057mm
 55.5Hz  84Hz  127Hz  127.8dB   30l +  36l  * 1x100mm   942mm
 60.1Hz  87Hz  131Hz  129.2dB   28l +  36l  * 1x100mm   882mm
 65.1Hz  94Hz  136Hz  130.6dB   23l +  36l  * 1x100mm   748mm
 70.3Hz 100Hz  142Hz  131.9dB   20l +  36l  * 1x100mm   667mm
 75.9Hz 106Hz  147Hz  133.3dB   18l +  36l  * 1x100mm   594mm
 81.8Hz 112Hz  153Hz  134.6dB   16l +  36l  * 1x100mm   529mm
 21.4Hz  52Hz   93Hz  111.3dB  116l +  26l  * 1x100mm  3341mm
 23.5Hz  55Hz   95Hz  112.9dB   95l +  26l  * 1x100mm  2977mm
 25.8Hz  58Hz   97Hz  114.5dB   80l +  26l  * 1x100mm  2653mm
 28.2Hz  62Hz   99Hz  116.1dB   67l +  26l  * 1x100mm  2365mm
 30.8Hz  65Hz  102Hz  117.6dB   57l +  26l  * 1x100mm  2108mm
 33.6Hz  69Hz  105Hz  119.1dB   49l +  26l  * 1x100mm  1878mm
 36.7Hz  73Hz  108Hz  120.6dB   42l +  26l  * 1x100mm  1674mm
 40.0Hz  78Hz  111Hz  122.1dB   36l +  26l  * 1x100mm  1492mm
 43.5Hz  82Hz  115Hz  123.6dB   32l +  26l  * 1x100mm  1330mm
 47.2Hz  87Hz  118Hz  125.0dB   28l +  26l  * 1x100mm  1185mm
 51.2Hz  92Hz  122Hz  126.4dB   24l +  26l  * 1x100mm  1057mm
 55.5Hz  84Hz  127Hz  127.8dB   30l +  26l  * 1x100mm  1282mm
 60.1Hz  87Hz  131Hz  129.2dB   28l +  26l  * 1x100mm  1200mm
 65.1Hz  94Hz  136Hz  130.6dB   23l +  26l  * 1x100mm  1018mm
 60.4Hz 100Hz  142Hz  129.3dB   20l +  26l  * 1x100mm   907mm
 66.0Hz 106Hz  147Hz  130.8dB   18l +  26l  * 1x100mm   809mm
 81.8Hz 112Hz  153Hz  134.6dB   16l +  26l  * 1x100mm   721mm
 25.7Hz  62Hz  151Hz  114.5dB   65l +  18l  * 1x100mm  3340mm
 28.3Hz  66Hz  154Hz  116.1dB   56l +  18l  * 1x100mm  2978mm
 31.2Hz  70Hz  157Hz  117.8dB   48l +  18l  * 1x100mm  2654mm
 34.3Hz  74Hz  160Hz  119.5dB   41l +  18l  * 1x100mm  2365mm
 37.7Hz  79Hz  163Hz  121.1dB   36l +  18l  * 1x100mm  2108mm
 41.4Hz  83Hz  167Hz  122.7dB   31l +  18l  * 1x100mm  1879mm
 45.4Hz  88Hz  171Hz  124.3dB   27l +  18l  * 1x100mm  1674mm
 49.7Hz  93Hz  175Hz  125.9dB   24l +  18l  * 1x100mm  1492mm
 54.3Hz  99Hz  180Hz  127.4dB   21l +  18l  * 1x100mm  1330mm
 59.3Hz 105Hz  185Hz  129.0dB   18l +  18l  * 1x100mm  1185mm
 64.6Hz 111Hz  190Hz  130.5dB   16l +  18l  * 1x100mm  1057mm
 70.4Hz 117Hz  196Hz  132.0dB   14l +  18l  * 1x100mm   942mm
 76.6Hz 124Hz  202Hz  133.4dB   12l +  18l  * 1x100mm   839mm
 83.2Hz 132Hz  209Hz  134.9dB   11l +  18l  * 1x100mm   748mm
-------------
FTR08-2011D
            93.0dB           200W       1x70mm
   fu     fb      fo      SplMech  Vb1     Vb2       d         l        C
 75.4Hz 157Hz  326Hz  110.5dB    4l +   1l  * 1x40mm   1382mm
 82.8Hz 166Hz  334Hz  112.1dB    3l +   1l  * 1x40mm   1231mm
