-------------
1020                                  100.0dB  150W                     1x100mm
Rpre   Spl         Vb      fb         SplMech Pmech  SplEle     f3       dv       lv

0.20  98.4dB:    31.0l @  85.1Hz  =>  117.0dB  105W 118.6dB @  91.4Hz   1x100mm    61 mm 
                 34.7l @  82.1Hz  =>  116.1dB   84W 118.6dB @  86.3Hz   1x100mm    47 mm 
                 38.9l @  79.1Hz  =>  115.1dB   67W 118.6dB @  81.6Hz   1x100mm    34 mm 
             *   43.5l @  76.3Hz  =>  114.1dB   53W 118.6dB @  77.1Hz   1x100mm    22 mm 
                 48.8l @  73.6Hz  =>  113.1dB   43W 118.6dB @  72.8Hz + 2x100mm    67 mm 
                 54.6l @  71.0Hz  =>  112.1dB   34W 118.6dB @  68.8Hz + 2x100mm    48 mm 
                 61.2l @  68.5Hz  =>  111.1dB   27W 118.6dB @  65.0Hz + 2x100mm    32 mm 

0.60  98.1dB:    36.9l @  80.5Hz  =>  115.5dB   79W 118.3dB @  83.7Hz   1x100mm    40 mm 
                 41.4l @  77.6Hz  =>  114.5dB   63W 118.3dB @  79.1Hz   1x100mm    27 mm 
                 46.3l @  74.8Hz  =>  113.5dB   50W 118.3dB @  74.7Hz + 2x100mm    75 mm 
             *   51.9l @  72.2Hz  =>  112.6dB   40W 118.3dB @  70.6Hz + 2x100mm    56 mm 
                 58.1l @  69.6Hz  =>  111.6dB   32W 118.3dB @  66.7Hz + 2x100mm    39 mm 
                 65.1l @  67.1Hz  =>  110.6dB   26W 118.3dB @  63.0Hz + 2x100mm    24 mm 
                 72.9l @  64.7Hz  =>  109.6dB   20W 118.3dB @  59.6Hz + 3x100mm    44 mm 

1.00  97.9dB:    43.5l @  76.4Hz  =>  114.1dB   61W 118.0dB @  77.1Hz   1x100mm    23 mm 
                 48.7l @  73.6Hz  =>  113.1dB   49W 118.0dB @  72.9Hz + 2x100mm    67 mm 
                 54.5l @  71.0Hz  =>  112.1dB   39W 118.0dB @  68.9Hz + 2x100mm    49 mm 
             *   61.1l @  68.5Hz  =>  111.1dB   31W 118.0dB @  65.1Hz + 2x100mm    32 mm 
                 68.4l @  66.1Hz  =>  110.2dB   25W 118.0dB @  61.5Hz + 3x100mm    56 mm 
                 76.6l @  63.7Hz  =>  109.2dB   20W 118.0dB @  58.1Hz + 3x100mm    36 mm 
                 85.8l @  61.4Hz  =>  108.2dB   16W 118.0dB @  54.9Hz + 4x100mm    48 mm 

-------------
ntr21-5010jd                           98.0dB 1600W                     4x100mm
Rpre   Spl         Vb      fb         SplMech Pmech  SplEle     f3       dv       lv

0.20  96.5dB:   115.4l @  42.7Hz  =>  133.5dB 7470W 126.8dB @  51.9Hz - 3x100mm   539 mm 
                129.2l @  41.2Hz  =>  132.5dB 5955W 126.8dB @  49.1Hz   4x100mm   648 mm 
                144.8l @  39.7Hz  =>  131.5dB 4747W 126.8dB @  46.4Hz   4x100mm   563 mm 
             *  162.1l @  38.3Hz  =>  130.6dB 3784W 126.8dB @  43.8Hz   4x100mm   487 mm 
                181.6l @  37.0Hz  =>  129.6dB 3017W 126.8dB @  41.4Hz   4x100mm   419 mm 
                203.4l @  35.6Hz  =>  128.6dB 2405W 126.8dB @  39.1Hz   4x100mm   359 mm 
                227.8l @  34.4Hz  =>  127.6dB 1917W 126.8dB @  37.0Hz   4x100mm   304 mm 
                255.1l @  33.2Hz  =>  126.6dB 1528W 126.8dB @  34.9Hz   4x100mm   256 mm 
                285.7l @  32.0Hz  =>  125.6dB 1218W 126.8dB @  33.0Hz   4x100mm   213 mm 
                320.0l @  30.8Hz  =>  124.6dB  971W 126.8dB @  31.2Hz   4x100mm   175 mm 
                358.4l @  29.7Hz  =>  123.7dB  774W 126.8dB @  29.5Hz   4x100mm   140 mm 
                401.4l @  28.7Hz  =>  122.7dB  617W 126.8dB @  27.9Hz   4x100mm   109 mm 
                449.6l @  27.7Hz  =>  121.7dB  492W 126.8dB @  26.3Hz   4x100mm    82 mm 
                503.5l @  26.7Hz  =>  120.7dB  392W 126.8dB @  24.9Hz   4x100mm    58 mm 
                564.0l @  25.7Hz  =>  119.7dB  313W 126.8dB @  23.5Hz   4x100mm    36 mm 
                631.7l @  24.8Hz  =>  118.7dB  249W 126.8dB @  22.2Hz + 5x100mm    40 mm 
                707.4l @  23.9Hz  =>  117.8dB  199W 126.8dB @  21.0Hz + 6x100mm    39 mm 

0.60  96.2dB:   139.2l @  40.2Hz  =>  131.9dB 5503W 126.5dB @  47.3Hz   4x100mm   591 mm 
                155.9l @  38.8Hz  =>  130.9dB 4387W 126.5dB @  44.7Hz   4x100mm   512 mm 
                174.6l @  37.4Hz  =>  129.9dB 3497W 126.5dB @  42.2Hz   4x100mm   442 mm 
             *  195.6l @  36.1Hz  =>  128.9dB 2788W 126.5dB @  39.9Hz   4x100mm   379 mm 
                219.0l @  34.8Hz  =>  127.9dB 2223W 126.5dB @  37.7Hz   4x100mm   322 mm 
                245.3l @  33.6Hz  =>  127.0dB 1772W 126.5dB @  35.6Hz   4x100mm   272 mm 
                274.8l @  32.4Hz  =>  126.0dB 1413W 126.5dB @  33.7Hz   4x100mm   227 mm 

1.00  95.9dB:   165.7l @  38.1Hz  =>  130.4dB 4142W 126.2dB @  43.3Hz   4x100mm   473 mm 
                185.6l @  36.7Hz  =>  129.4dB 3302W 126.2dB @  41.0Hz   4x100mm   407 mm 
                207.9l @  35.4Hz  =>  128.4dB 2632W 126.2dB @  38.7Hz   4x100mm   347 mm 
             *  232.9l @  34.1Hz  =>  127.4dB 2098W 126.2dB @  36.6Hz   4x100mm   295 mm 
                260.8l @  32.9Hz  =>  126.4dB 1673W 126.2dB @  34.6Hz   4x100mm   247 mm 
                292.1l @  31.7Hz  =>  125.4dB 1334W 126.2dB @  32.7Hz   4x100mm   205 mm 
                327.2l @  30.6Hz  =>  124.5dB 1063W 126.2dB @  30.9Hz   4x100mm   168 mm 

-------------
tf0510                                 91.0dB   30W                      1x40mm
Rpre   Spl         Vb      fb         SplMech Pmech  SplEle     f3       dv       lv

0.20  91.1dB:     5.3l @  98.2Hz  =>   99.4dB    8W 104.9dB @  94.1Hz   1x40mm     33 mm 
                  6.0l @  94.7Hz  =>   98.4dB    7W 104.9dB @  89.0Hz   1x40mm     27 mm 
                  6.7l @  91.4Hz  =>   97.4dB    5W 104.9dB @  84.1Hz   1x40mm     21 mm 
             *    7.5l @  88.1Hz  =>   96.4dB    4W 104.9dB @  79.4Hz + 1x50mm     33 mm 
                  8.4l @  85.0Hz  =>   95.5dB    3W 104.9dB @  75.0Hz + 1x50mm     26 mm 
                  9.4l @  82.0Hz  =>   94.5dB    3W 104.9dB @  70.9Hz + 1x70mm     58 mm 
                 10.5l @  79.0Hz  =>   93.5dB    2W 104.9dB @  67.0Hz + 1x70mm     46 mm 

0.60  90.8dB:     6.1l @  94.1Hz  =>   98.2dB    7W 104.6dB @  88.0Hz   1x40mm     26 mm 
                  6.8l @  90.8Hz  =>   97.2dB    5W 104.6dB @  83.2Hz + 1x50mm     40 mm 
                  7.6l @  87.5Hz  =>   96.3dB    4W 104.6dB @  78.6Hz + 1x50mm     32 mm 
             *    8.6l @  84.4Hz  =>   95.3dB    3W 104.6dB @  74.3Hz + 1x50mm     24 mm 
                  9.6l @  81.4Hz  =>   94.3dB    3W 104.6dB @  70.2Hz + 1x70mm     55 mm 
                 10.7l @  78.5Hz  =>   93.3dB    2W 104.6dB @  66.3Hz + 1x70mm     44 mm 
                 12.0l @  75.7Hz  =>   92.3dB    2W 104.6dB @  62.7Hz + 1x70mm     34 mm 

1.00  90.6dB:     6.9l @  90.4Hz  =>   97.1dB    6W 104.4dB @  82.7Hz + 1x50mm     39 mm 
                  7.7l @  87.2Hz  =>   96.2dB    5W 104.4dB @  78.2Hz + 1x50mm     31 mm 
                  8.7l @  84.1Hz  =>   95.2dB    4W 104.4dB @  73.9Hz + 1x50mm     24 mm 
             *    9.7l @  81.1Hz  =>   94.2dB    3W 104.4dB @  69.8Hz + 1x70mm     54 mm 
                 10.9l @  78.2Hz  =>   93.2dB    2W 104.4dB @  65.9Hz + 1x70mm     43 mm 
                 12.2l @  75.4Hz  =>   92.2dB    2W 104.4dB @  62.3Hz + 1x70mm     33 mm 
                 13.6l @  72.8Hz  =>   91.2dB    1W 104.4dB @  58.9Hz + 1x70mm     24 mm 

-------------
tf0818                                 94.0dB  100W                      1x70mm
Rpre   Spl         Vb      fb         SplMech Pmech  SplEle     f3       dv       lv

0.20  95.1dB:    13.8l @  92.4Hz  =>  117.7dB  232W 114.1dB @  90.9Hz   1x70mm     41 mm 
                 15.4l @  89.1Hz  =>  116.7dB  185W 114.1dB @  85.9Hz   1x70mm     31 mm 
                 17.3l @  85.9Hz  =>  115.8dB  147W 114.1dB @  81.2Hz   1x70mm     22 mm 
             *   19.3l @  82.8Hz  =>  114.8dB  117W 114.1dB @  76.7Hz + 1x100mm    61 mm 
                 21.6l @  79.9Hz  =>  113.8dB   94W 114.1dB @  72.5Hz + 1x100mm    47 mm 
                 24.2l @  77.0Hz  =>  112.8dB   75W 114.1dB @  68.5Hz + 1x100mm    34 mm 
                 27.2l @  74.3Hz  =>  111.8dB   60W 114.1dB @  64.7Hz + 1x100mm    22 mm 

0.60  94.8dB:    16.0l @  88.1Hz  =>  116.4dB  183W 113.8dB @  84.4Hz   1x70mm     28 mm 
                 17.9l @  84.9Hz  =>  115.5dB  146W 113.8dB @  79.8Hz + 1x100mm    72 mm 
                 20.0l @  81.9Hz  =>  114.5dB  116W 113.8dB @  75.4Hz + 1x100mm    56 mm 
             *   22.4l @  79.0Hz  =>  113.5dB   93W 113.8dB @  71.2Hz + 1x100mm    43 mm 
                 25.1l @  76.2Hz  =>  112.5dB   74W 113.8dB @  67.3Hz + 1x100mm    30 mm 
                 28.1l @  73.5Hz  =>  111.5dB   59W 113.8dB @  63.6Hz + 2x100mm    80 mm 
                 31.5l @  70.9Hz  =>  110.5dB   47W 113.8dB @  60.1Hz + 2x100mm    61 mm 

1.00  94.6dB:    18.3l @  84.3Hz  =>  115.2dB  146W 113.6dB @  78.7Hz + 1x100mm    68 mm 
                 20.5l @  81.3Hz  =>  114.3dB  117W 113.6dB @  74.4Hz + 1x100mm    53 mm 
                 23.0l @  78.4Hz  =>  113.3dB   93W 113.6dB @  70.3Hz + 1x100mm    40 mm 
             *   25.8l @  75.6Hz  =>  112.3dB   74W 113.6dB @  66.4Hz + 1x100mm    28 mm 
                 28.9l @  72.9Hz  =>  111.3dB   59W 113.6dB @  62.8Hz + 2x100mm    76 mm 
                 32.3l @  70.3Hz  =>  110.3dB   47W 113.6dB @  59.3Hz + 2x100mm    56 mm 
                 36.2l @  67.8Hz  =>  109.3dB   38W 113.6dB @  56.1Hz + 2x100mm    39 mm 

-------------
tf1225                                 97.0dB  250W                     2x100mm
Rpre   Spl         Vb      fb         SplMech Pmech  SplEle     f3       dv       lv

0.20  95.7dB:    86.5l @  54.3Hz  =>  111.8dB   64W 117.7dB @  50.0Hz   2x100mm    32 mm 
                 96.9l @  52.4Hz  =>  110.8dB   51W 117.7dB @  47.3Hz + 3x100mm    56 mm 
                108.5l @  50.5Hz  =>  109.8dB   41W 117.7dB @  44.7Hz + 3x100mm    36 mm 
             *  121.5l @  48.7Hz  =>  108.9dB   32W 117.7dB @  42.2Hz + 4x100mm    48 mm 
                136.1l @  47.0Hz  =>  107.9dB   26W 117.7dB @  39.9Hz + 4x100mm    27 mm 
                152.4l @  45.3Hz  =>  106.9dB   21W 117.7dB @  37.7Hz + 5x100mm    30 mm 
                170.7l @  43.7Hz  =>  105.9dB   16W 117.7dB @  35.6Hz + 6x100mm    28 mm 

0.60  95.4dB:   104.7l @  51.1Hz  =>  110.1dB   47W 117.4dB @  45.5Hz + 3x100mm    42 mm 
                117.3l @  49.3Hz  =>  109.2dB   37W 117.4dB @  42.9Hz + 3x100mm    24 mm 
                131.3l @  47.5Hz  =>  108.2dB   30W 117.4dB @  40.6Hz + 4x100mm    33 mm 
             *  147.1l @  45.9Hz  =>  107.2dB   24W 117.4dB @  38.3Hz + 5x100mm    37 mm 
                164.8l @  44.2Hz  =>  106.2dB   19W 117.4dB @  36.2Hz + 6x100mm    36 mm 

1.00  95.1dB:   125.0l @  48.3Hz  =>  108.6dB   35W 117.1dB @  41.6Hz + 4x100mm    42 mm 
                140.0l @  46.6Hz  =>  107.6dB   28W 117.1dB @  39.3Hz + 4x100mm    22 mm 
                156.8l @  44.9Hz  =>  106.6dB   22W 117.1dB @  37.1Hz + 5x100mm    25 mm 
             *  175.6l @  43.3Hz  =>  105.7dB   18W 117.1dB @  35.1Hz + 6x100mm    22 mm 

-------------
tf1525                                 98.0dB  250W                     2x100mm
Rpre   Spl         Vb      fb         SplMech Pmech  SplEle     f3       dv       lv




