-------------
CS330
                    91.0dB           750W
  R||    qts   f3   Spl     SplMech Pmech  SplEle  
   3.3  0.54  54Hz  85.8dB  121.3dB 3597W  114.5dB
   4.7  0.57  52Hz  85.8dB  120.5dB 2999W  114.5dB
   6.8  0.60  46Hz  85.8dB  118.4dB 1829W  114.5dB
  10.0  0.63  46Hz  85.8dB  118.4dB 1829W  114.5dB
  15.0  0.66  42Hz  85.8dB  116.9dB 1316W  114.5dB
  22.0  0.68  42Hz  85.8dB  116.9dB 1316W  114.5dB
  33.0  0.69  42Hz  85.8dB  116.9dB 1316W  114.5dB
  47.0  0.70  39Hz  85.8dB  115.7dB  999W  114.5dB
  68.0  0.71  39Hz  85.8dB  115.7dB  999W  114.5dB
 100.0  0.72  39Hz  85.8dB  115.7dB  999W  114.5dB
 150.0  0.72  39Hz  85.8dB  115.7dB  999W  114.5dB
9999.0  0.73  39Hz  85.8dB  115.7dB  999W  114.5dB
-------------
CS392
                    92.0dB           750W
  R||    qts   f3   Spl     SplMech Pmech  SplEle  
   0.0  0.52  54Hz  86.5dB  125.7dB 8351W  115.2dB
   1.0  0.58  46Hz  86.5dB  123.0dB 4466W  115.2dB
   1.5  0.61  42Hz  86.5dB  121.5dB 3191W  115.2dB
   2.2  0.64  42Hz  86.5dB  121.5dB 3191W  115.2dB
   3.3  0.69  39Hz  86.5dB  120.1dB 2296W  115.2dB
   4.7  0.73  36Hz  86.5dB  118.9dB 1742W  115.2dB
   6.8  0.77  34Hz  86.5dB  118.0dB 1413W  115.2dB
  10.0  0.82  33Hz  86.5dB  117.0dB 1133W  115.2dB
  15.0  0.87  31Hz  86.5dB  116.4dB  986W  115.2dB
  22.0  0.91  30Hz  86.5dB  115.6dB  813W  115.2dB
  33.0  0.94  30Hz  86.5dB  115.6dB  813W  115.2dB
  47.0  0.96  29Hz  86.5dB  115.1dB  736W  115.2dB
  68.0  0.98  29Hz  86.5dB  115.1dB  736W  115.2dB
 100.0  0.99  29Hz  86.5dB  115.1dB  736W  115.2dB
 150.0  1.00  28Hz  86.5dB  114.7dB  664W  115.2dB
9999.0  1.02  28Hz  86.5dB  114.7dB  664W  115.2dB
-------------
CS393
                    92.0dB           750W
  R||    qts   f3   Spl     SplMech Pmech  SplEle  
   1.5  0.52  51Hz  87.2dB  124.7dB 5602W  116.0dB
   2.2  0.55  45Hz  87.2dB  122.7dB 3509W  116.0dB
   3.3  0.59  43Hz  87.2dB  122.0dB 2996W  116.0dB
   4.7  0.63  40Hz  87.2dB  120.5dB 2140W  116.0dB
   6.8  0.66  37Hz  87.2dB  119.1dB 1540W  116.0dB
  10.0  0.70  37Hz  87.2dB  119.1dB 1540W  116.0dB
  15.0  0.73  34Hz  87.2dB  117.9dB 1169W  116.0dB
  22.0  0.75  34Hz  87.2dB  117.9dB 1169W  116.0dB
  33.0  0.77  33Hz  87.2dB  117.0dB  948W  116.0dB
  47.0  0.78  33Hz  87.2dB  117.0dB  948W  116.0dB
  68.0  0.79  33Hz  87.2dB  117.0dB  948W  116.0dB
 100.0  0.79  33Hz  87.2dB  117.0dB  948W  116.0dB
 150.0  0.80  33Hz  87.2dB  117.0dB  948W  116.0dB
9999.0  0.81  31Hz  87.2dB  116.0dB  760W  116.0dB
-------------
CS450
                    94.0dB           750W
  R||    qts   f3   Spl     SplMech Pmech  SplEle  
   0.0  0.58  43Hz  86.6dB  125.6dB 7822W  115.4dB
   1.0  0.72  34Hz  86.6dB  121.5dB 3052W  115.4dB
   1.5  0.76  32Hz  86.6dB  120.6dB 2475W  115.4dB
   2.2  0.81  31Hz  86.6dB  119.6dB 1984W  115.4dB
   3.3  0.87  30Hz  86.6dB  119.0dB 1727W  115.4dB
   4.7  0.92  28Hz  86.6dB  118.2dB 1424W  115.4dB
   6.8  0.97  27Hz  86.6dB  117.7dB 1289W  115.4dB
  10.0  1.01  27Hz  86.6dB  117.3dB 1163W  115.4dB
  15.0  1.05  26Hz  86.6dB  116.8dB 1047W  115.4dB
  22.0  1.08  26Hz  86.6dB  116.8dB 1047W  115.4dB
  33.0  1.11  26Hz  86.6dB  116.8dB 1047W  115.4dB
  47.0  1.12  26Hz  86.6dB  116.8dB 1047W  115.4dB
  68.0  1.13  26Hz  86.6dB  116.8dB 1047W  115.4dB
 100.0  1.14  26Hz  86.6dB  116.8dB 1047W  115.4dB
 150.0  1.15  26Hz  86.6dB  116.8dB 1047W  115.4dB
9999.0  1.16  26Hz  86.6dB  116.8dB 1047W  115.4dB
-------------
CSW4000
                    92.0dB          1500W
  R||    qts   f3   Spl     SplMech Pmech  SplEle  
   2.2  0.51  45Hz  84.6dB  127.6dB 19991W  116.4dB
   3.3  0.53  41Hz  84.6dB  126.4dB 15021W  116.4dB
   4.7  0.56  40Hz  84.6dB  125.6dB 12523W  116.4dB
   6.8  0.60  38Hz  84.6dB  124.9dB 10692W  116.4dB
  10.0  0.64  35Hz  84.6dB  123.4dB 7638W  116.4dB
  15.0  0.68  32Hz  84.6dB  122.0dB 5497W  116.4dB
  22.0  0.71  30Hz  84.6dB  120.8dB 4171W  116.4dB
  33.0  0.75  30Hz  84.6dB  120.8dB 4171W  116.4dB
  47.0  0.77  29Hz  84.6dB  119.9dB 3383W  116.4dB
  68.0  0.79  29Hz  84.6dB  119.9dB 3383W  116.4dB
 100.0  0.81  27Hz  84.6dB  118.9dB 2712W  116.4dB
 150.0  0.82  27Hz  84.6dB  118.9dB 2712W  116.4dB
9999.0  0.85  26Hz  84.6dB  118.3dB 2361W  116.4dB
-------------
HX132
                     0.0dB            10W
         qts   f3   Spl     SplMech Pmech  SplEle  
        0.54 117Hz  93.0dB  105.7dB   19W  103.0dB
