*****************************************************************************
CS330 ||    0.0Ohm  0.24  91.0dB  750W 1x100 mm
 fu     fc      fo      SplMech  Vb1     Vb2       d         l        C
 12.3 Hz  40 Hz  130 Hz   95.7 dB   oo l +   3 l  * 1x50 mm  1044 mm  4369 uF
 15.0 Hz  46 Hz  139 Hz   99.1 dB  100 l +   3 l  * 1x50 mm   795 mm  3363 uF
 16.0 Hz  48 Hz  142 Hz  100.2 dB   72 l +   3 l  * 1x50 mm   726 mm  3086 uF
 17.0 Hz  50 Hz  144 Hz  101.2 dB   56 l +   3 l  * 1x50 mm   666 mm  2846 uF
 18.0 Hz  51 Hz  147 Hz  102.2 dB   46 l +   3 l  * 1x50 mm   615 mm  2637 uF

CS330 ||    2.7Ohm  0.30  91.0dB  750W 1x100 mm
 fu     fc      fo      SplMech  Vb1     Vb2       d         l        C
 13.8 Hz  40 Hz  116 Hz   97.7 dB   oo l +   5 l  * 1x50 mm   644 mm  3471 uF
 14.0 Hz  40 Hz  116 Hz   97.9 dB 1836 l +   5 l  * 1x50 mm   633 mm  3415 uF
 15.0 Hz  42 Hz  119 Hz   99.1 dB  263 l +   5 l  * 1x50 mm   574 mm  3115 uF
 16.0 Hz  44 Hz  121 Hz  100.2 dB  140 l +   5 l  * 1x50 mm   524 mm  2858 uF
 17.0 Hz  46 Hz  124 Hz  101.2 dB   95 l +   5 l  * 1x50 mm   480 mm  2636 uF
 18.0 Hz  48 Hz  126 Hz  102.2 dB   71 l +   5 l  * 1x50 mm   442 mm  2443 uF

CS330 ||    6.8Ohm  0.32  91.0dB  750W 1x100 mm
 fu     fc      fo      SplMech  Vb1     Vb2       d         l        C
 14.4 Hz  40 Hz  111 Hz   98.4 dB   oo l +   6 l  * 1x50 mm   539 mm  3192 uF
 15.0 Hz  41 Hz  112 Hz   99.1 dB  558 l +   6 l  * 1x50 mm   509 mm  3029 uF
 16.0 Hz  43 Hz  115 Hz  100.2 dB  202 l +   6 l  * 1x50 mm   464 mm  2779 uF
 17.0 Hz  45 Hz  117 Hz  101.2 dB  122 l +   6 l  * 1x50 mm   425 mm  2564 uF
 18.0 Hz  46 Hz  119 Hz  102.2 dB   87 l +   6 l  - 1x70 mm   788 mm  2375 uF

CS330 || 100000.0Ohm  0.36  91.0dB  750W 1x100 mm
 fu     fc      fo      SplMech  Vb1     Vb2       d         l        C
 15.2 Hz  40 Hz  106 Hz   99.2 dB   oo l +   8 l  * 1x50 mm   434 mm  2889 uF
 16.0 Hz  41 Hz  107 Hz  100.2 dB  402 l +   8 l  * 1x50 mm   401 mm  2689 uF
 17.0 Hz  43 Hz  110 Hz  101.2 dB  182 l +   8 l  - 1x70 mm   742 mm  2480 uF
 18.0 Hz  45 Hz  112 Hz  102.2 dB  117 l +   8 l  - 1x70 mm   683 mm  2298 uF

*****************************************************************************
CS392 ||    0.0Ohm  0.35  92.0dB  750W 2x100 mm
 fu     fc      fo      SplMech  Vb1     Vb2       d         l        C
 13.8 Hz  37 Hz  100 Hz  102.0 dB   oo l +  15 l  * 1x70 mm   502 mm  1721 uF
 14.0 Hz  37 Hz  100 Hz  102.3 dB 2669 l +  15 l  * 1x70 mm   489 mm  1681 uF
 15.0 Hz  39 Hz  102 Hz  103.5 dB  515 l +  15 l  * 1x70 mm   441 mm  1533 uF
 16.0 Hz  41 Hz  105 Hz  104.7 dB  282 l +  15 l  * 1x70 mm   400 mm  1407 uF
 17.0 Hz  43 Hz  107 Hz  105.7 dB  193 l +  15 l  - 1x100 mm  779 mm  1298 uF
 18.0 Hz  44 Hz  109 Hz  106.7 dB  146 l +  15 l  - 1x100 mm  716 mm  1202 uF

CS392 ||    2.7Ohm  0.41  92.0dB  750W 2x100 mm
 fu     fc      fo      SplMech  Vb1     Vb2       d         l        C
 14.9 Hz  37 Hz   92 Hz  103.4 dB   oo l +  21 l  - 1x100 mm  745 mm  1464 uF
 15.0 Hz  37 Hz   92 Hz  103.5 dB 8344 l +  21 l  - 1x100 mm  738 mm  1453 uF
 16.0 Hz  39 Hz   94 Hz  104.7 dB  642 l +  21 l  - 1x100 mm  671 mm  1333 uF
 17.0 Hz  40 Hz   96 Hz  105.7 dB  331 l +  21 l  - 1x100 mm  613 mm  1230 uF
 18.0 Hz  42 Hz   98 Hz  106.7 dB  221 l +  21 l  - 1x100 mm  562 mm  1139 uF

CS392 ||    6.8Ohm  0.44  92.0dB  750W 2x100 mm
 fu     fc      fo      SplMech  Vb1     Vb2       d         l        C
 15.6 Hz  37 Hz   88 Hz  104.2 dB   oo l +  25 l  - 1x100 mm  607 mm  1336 uF
 16.0 Hz  38 Hz   88 Hz  104.7 dB 1887 l +  25 l  - 1x100 mm  585 mm  1293 uF
 17.0 Hz  39 Hz   90 Hz  105.7 dB  523 l +  25 l  - 1x100 mm  533 mm  1193 uF
 18.0 Hz  41 Hz   92 Hz  106.7 dB  301 l +  25 l  - 1x100 mm  488 mm  1105 uF

CS392 || 100000.0Ohm  0.52  92.0dB  750W 2x100 mm
 fu     fc      fo      SplMech  Vb1     Vb2       d         l        C
 16.8 Hz  37 Hz   81 Hz  105.5 dB   oo l +  34 l  - 1x100 mm  429 mm  1150 uF
 17.0 Hz  37 Hz   82 Hz  105.7 dB 4650 l +  34 l  - 1x100 mm  422 mm  1135 uF
 18.0 Hz  39 Hz   83 Hz  106.7 dB  672 l +  34 l  - 1x100 mm  385 mm  1051 uF

*****************************************************************************
CS393 ||    0.0Ohm  0.26  92.0dB  750W 2x100 mm
 fu     fc      fo      SplMech  Vb1     Vb2       d         l        C
 11.4 Hz  35 Hz  108 Hz   98.7 dB   oo l +  10 l  * 1x70 mm   909 mm  4496 uF
 13.0 Hz  38 Hz  113 Hz  101.0 dB  357 l +  10 l  * 1x70 mm   751 mm  3759 uF
 14.0 Hz  40 Hz  116 Hz  102.3 dB  219 l +  10 l  * 1x70 mm   675 mm  3406 uF
 15.0 Hz  42 Hz  118 Hz  103.5 dB  156 l +  10 l  * 1x70 mm   610 mm  3106 uF
 16.0 Hz  44 Hz  121 Hz  104.7 dB  121 l +  10 l  * 1x70 mm   556 mm  2850 uF
 17.0 Hz  46 Hz  123 Hz  105.7 dB   99 l +  10 l  * 1x70 mm   508 mm  2629 uF
 18.0 Hz  48 Hz  126 Hz  106.7 dB   83 l +  10 l  * 1x70 mm   467 mm  2436 uF

CS393 ||    2.7Ohm  0.33  92.0dB  750W 2x100 mm
 fu     fc      fo      SplMech  Vb1     Vb2       d         l        C
 12.7 Hz  35 Hz   96 Hz  100.7 dB   oo l +  15 l  * 1x70 mm   554 mm  3575 uF
 13.0 Hz  35 Hz   97 Hz  101.0 dB 2637 l +  15 l  * 1x70 mm   538 mm  3483 uF
 14.0 Hz  37 Hz   99 Hz  102.3 dB  526 l +  15 l  * 1x70 mm   482 mm  3155 uF
 15.0 Hz  39 Hz  101 Hz  103.5 dB  289 l +  15 l  * 1x70 mm   435 mm  2878 uF
 16.0 Hz  41 Hz  104 Hz  104.7 dB  198 l +  15 l  * 1x70 mm   395 mm  2641 uF
 17.0 Hz  42 Hz  106 Hz  105.7 dB  150 l +  15 l  - 1x100 mm  768 mm  2436 uF
 18.0 Hz  44 Hz  108 Hz  106.7 dB  120 l +  15 l  - 1x100 mm  706 mm  2257 uF

CS393 ||    6.8Ohm  0.36  92.0dB  750W 2x100 mm
 fu     fc      fo      SplMech  Vb1     Vb2       d         l        C
 13.3 Hz  35 Hz   92 Hz  101.4 dB   oo l +  18 l  * 1x70 mm   460 mm  3289 uF
 14.0 Hz  36 Hz   94 Hz  102.3 dB  974 l +  18 l  * 1x70 mm   426 mm  3069 uF
 15.0 Hz  38 Hz   96 Hz  103.5 dB  400 l +  18 l  * 1x70 mm   383 mm  2799 uF
 16.0 Hz  40 Hz   98 Hz  104.7 dB  249 l +  18 l  - 1x100 mm  743 mm  2568 uF
 17.0 Hz  41 Hz  100 Hz  105.7 dB  180 l +  18 l  - 1x100 mm  679 mm  2369 uF
 18.0 Hz  43 Hz  102 Hz  106.7 dB  140 l +  18 l  - 1x100 mm  623 mm  2195 uF

CS393 || 100000.0Ohm  0.40  92.0dB  750W 2x100 mm
 fu     fc      fo      SplMech  Vb1     Vb2       d         l        C
 14.0 Hz  35 Hz   88 Hz  102.3 dB   oo l +  22 l  - 1x100 mm  784 mm  2979 uF
 14.0 Hz  35 Hz   88 Hz  102.3 dB 21351 l +  22 l  - 1x100 mm  781 mm  2969 uF
 15.0 Hz  37 Hz   90 Hz  103.5 dB  700 l +  22 l  - 1x100 mm  706 mm  2708 uF
 16.0 Hz  38 Hz   92 Hz  104.7 dB  352 l +  22 l  - 1x100 mm  641 mm  2485 uF
 17.0 Hz  40 Hz   94 Hz  105.7 dB  234 l +  22 l  - 1x100 mm  585 mm  2292 uF
 18.0 Hz  41 Hz   95 Hz  106.7 dB  174 l +  22 l  - 1x100 mm  536 mm  2124 uF

*****************************************************************************
CS450 ||    0.0Ohm  0.39  94.0dB  750W 3x100 mm
 fu     fc      fo      SplMech  Vb1     Vb2       d         l        C
 13.8 Hz  35 Hz   88 Hz  105.7 dB   oo l +  29 l  * 1x100 mm  589 mm  3128 uF
 14.0 Hz  35 Hz   88 Hz  106.0 dB 4587 l +  29 l  * 1x100 mm  576 mm  3065 uF
 15.0 Hz  37 Hz   90 Hz  107.2 dB  791 l +  29 l  * 1x100 mm  518 mm  2795 uF
 16.0 Hz  38 Hz   92 Hz  108.3 dB  429 l +  29 l  * 1x100 mm  469 mm  2565 uF
 17.0 Hz  40 Hz   94 Hz  109.4 dB  292 l +  29 l  * 1x100 mm  426 mm  2366 uF
 18.0 Hz  42 Hz   96 Hz  110.4 dB  220 l +  29 l  * 1x100 mm  389 mm  2192 uF

CS450 ||    2.7Ohm  0.49  94.0dB  750W 3x100 mm
 fu     fc      fo      SplMech  Vb1     Vb2       d         l        C
 15.5 Hz  35 Hz   78 Hz  107.7 dB   oo l +  46 l  - 2x100 mm  731 mm  2490 uF
 16.0 Hz  36 Hz   79 Hz  108.3 dB 1979 l +  46 l  - 2x100 mm  693 mm  2377 uF
 17.0 Hz  37 Hz   81 Hz  109.4 dB  693 l +  46 l  - 2x100 mm  630 mm  2193 uF
 18.0 Hz  39 Hz   82 Hz  110.4 dB  417 l +  46 l  - 2x100 mm  576 mm  2032 uF

CS450 ||    6.8Ohm  0.53  94.0dB  750W 3x100 mm
 fu     fc      fo      SplMech  Vb1     Vb2       d         l        C
 16.1 Hz  35 Hz   75 Hz  108.4 dB   oo l +  54 l  - 2x100 mm  605 mm  2297 uF
 17.0 Hz  36 Hz   77 Hz  109.4 dB 1236 l +  54 l  - 2x100 mm  554 mm  2134 uF
 18.0 Hz  38 Hz   78 Hz  110.4 dB  583 l +  54 l    3x100 mm  792 mm  1978 uF

CS450 || 100000.0Ohm  0.59  94.0dB  750W 3x100 mm
 fu     fc      fo      SplMech  Vb1     Vb2       d         l        C
 16.9 Hz  35 Hz   72 Hz  109.2 dB   oo l +  65 l    3x100 mm  755 mm  2089 uF
 17.0 Hz  35 Hz   72 Hz  109.4 dB 9244 l +  65 l    3x100 mm  746 mm  2068 uF
 18.0 Hz  36 Hz   73 Hz  110.4 dB 1043 l +  65 l    3x100 mm  681 mm  1916 uF

*****************************************************************************
CSW4000 ||    0.0Ohm  0.30  92.0dB 1500W 2x100 mm
 fu     fc      fo      SplMech  Vb1     Vb2       d         l        C
 10.7 Hz  31 Hz   88 Hz  102.9 dB   oo l +  11 l  * 1x70 mm  1022 mm  5546 uF
 13.0 Hz  35 Hz   94 Hz  106.2 dB  208 l +  11 l  * 1x70 mm   777 mm  4287 uF
 14.0 Hz  37 Hz   96 Hz  107.5 dB  143 l +  11 l  * 1x70 mm   699 mm  3884 uF
 15.0 Hz  38 Hz   98 Hz  108.7 dB  108 l +  11 l  * 1x70 mm   632 mm  3542 uF
 16.0 Hz  40 Hz  101 Hz  109.8 dB   86 l +  11 l  * 1x70 mm   576 mm  3250 uF
 17.0 Hz  42 Hz  103 Hz  110.9 dB   72 l +  11 l  * 1x70 mm   527 mm  2998 uF
 18.0 Hz  43 Hz  105 Hz  111.9 dB   61 l +  11 l  * 1x70 mm   484 mm  2778 uF

CSW4000 ||    2.7Ohm  0.34  92.0dB 1500W 2x100 mm
 fu     fc      fo      SplMech  Vb1     Vb2       d         l        C
 11.4 Hz  31 Hz   83 Hz  103.9 dB   oo l +  14 l  * 1x70 mm   798 mm  4936 uF
 12.0 Hz  32 Hz   85 Hz  104.8 dB  804 l +  14 l  * 1x70 mm   738 mm  4588 uF
 13.0 Hz  34 Hz   87 Hz  106.2 dB  310 l +  14 l  * 1x70 mm   657 mm  4124 uF
 14.0 Hz  35 Hz   89 Hz  107.5 dB  190 l +  14 l  * 1x70 mm   590 mm  3736 uF
 15.0 Hz  37 Hz   91 Hz  108.7 dB  136 l +  14 l  * 1x70 mm   533 mm  3407 uF
 16.0 Hz  39 Hz   93 Hz  109.8 dB  105 l +  14 l  * 1x70 mm   485 mm  3126 uF
 17.0 Hz  40 Hz   95 Hz  110.9 dB   86 l +  14 l  * 1x70 mm   443 mm  2884 uF
 18.0 Hz  42 Hz   97 Hz  111.9 dB   72 l +  14 l  * 1x70 mm   406 mm  2672 uF

CSW4000 ||    6.8Ohm  0.37  92.0dB 1500W 2x100 mm
 fu     fc      fo      SplMech  Vb1     Vb2       d         l        C
 11.9 Hz  31 Hz   79 Hz  104.7 dB   oo l +  17 l  * 1x70 mm   659 mm  4518 uF
 12.0 Hz  31 Hz   80 Hz  104.8 dB 4284 l +  17 l  * 1x70 mm   649 mm  4455 uF
 13.0 Hz  33 Hz   82 Hz  106.2 dB  475 l +  17 l  * 1x70 mm   578 mm  4004 uF
 14.0 Hz  34 Hz   84 Hz  107.5 dB  248 l +  17 l  * 1x70 mm   518 mm  3627 uF
 15.0 Hz  36 Hz   86 Hz  108.7 dB  167 l +  17 l  * 1x70 mm   468 mm  3308 uF
 16.0 Hz  37 Hz   88 Hz  109.8 dB  125 l +  17 l  * 1x70 mm   425 mm  3036 uF
 17.0 Hz  39 Hz   89 Hz  110.9 dB   99 l +  17 l  * 1x70 mm   387 mm  2800 uF
 18.0 Hz  41 Hz   91 Hz  111.9 dB   82 l +  17 l  - 1x100 mm  758 mm  2594 uF

CSW4000 || 100000.0Ohm  0.46  92.0dB 1500W 2x100 mm
 fu     fc      fo      SplMech  Vb1     Vb2       d         l        C
 13.2 Hz  31 Hz   72 Hz  106.5 dB   oo l +  26 l  * 1x70 mm   417 mm  3672 uF
 14.0 Hz  32 Hz   73 Hz  107.5 dB  719 l +  26 l  * 1x70 mm   380 mm  3385 uF
 15.0 Hz  33 Hz   75 Hz  108.7 dB  322 l +  26 l  - 1x100 mm  731 mm  3087 uF
 16.0 Hz  35 Hz   76 Hz  109.8 dB  206 l +  26 l  - 1x100 mm  664 mm  2833 uF
 17.0 Hz  36 Hz   78 Hz  110.9 dB  150 l +  26 l  - 1x100 mm  606 mm  2613 uF
 18.0 Hz  38 Hz   79 Hz  111.9 dB  118 l +  26 l  - 1x100 mm  556 mm  2421 uF

