-------------
CS330
      91.0dB                           1000W
Rpre   Spl      qtc    Vb     SplMech Pmech SplEle      f3

0.20  89.0dB:   0.5   31.7l: (128.3dB 19660W 115.4dB) @  81Hz
                0.6   16.7l: (127.3dB 15576W 115.4dB) @  76Hz
                0.7   10.7l: (127.4dB 15759W 115.4dB) @  77Hz
                0.8    7.5l: (128.8dB 21803W 115.4dB) @  83Hz
                0.9    5.7l: (129.3dB 24371W 115.4dB) @  85Hz
                1.0    4.4l: (129.8dB 27716W 115.4dB) @  88Hz
                1.1    3.6l: (130.6dB 32964W 115.4dB) @  92Hz
                1.1    3.6l: (127.7dB 17085W 115.4dB) @  78Hz (  809uF)

0.60  88.5dB:   0.5   50.4l: (126.6dB 14644W 115.0dB) @  73Hz
                0.6   23.1l: (125.6dB 11602W 115.0dB) @  69Hz
                0.7   14.1l: (125.6dB 11738W 115.0dB) @  69Hz
                0.8    9.7l: (127.1dB 16240W 115.0dB) @  75Hz
                0.9    7.2l: (127.5dB 18153W 115.0dB) @  77Hz
                1.0    5.6l: (128.1dB 20645W 115.0dB) @  80Hz
                1.1    4.5l: (128.9dB 24554W 115.0dB) @  83Hz
                1.1    4.5l: (126.0dB 12726W 115.0dB) @  71Hz (  894uF)

1.00  88.1dB:   0.5   90.2l: (125.0dB 11225W 114.5dB) @  67Hz
                0.6   32.6l: (124.0dB  8893W 114.5dB) @  63Hz
                0.7   18.6l: (124.1dB  8997W 114.5dB) @  63Hz
                0.8   12.4l: (125.5dB 12448W 114.5dB) @  69Hz
                0.9    9.0l: (126.0dB 13915W 114.5dB) @  71Hz
                1.0    6.9l: (126.5dB 15825W 114.5dB) @  73Hz
                1.1    5.5l: (127.3dB 18821W 114.5dB) @  76Hz
                1.1    5.5l: (124.4dB  9755W 114.5dB) @  65Hz (  978uF)

-------------
CS392
      92.0dB                           1000W
Rpre   Spl      qtc    Vb     SplMech Pmech SplEle      f3

0.20  89.6dB:   0.6  179.9l: (124.1dB  3428W 118.8dB) @  49Hz
                0.7   75.2l: (124.2dB  3468W 118.8dB) @  49Hz
                0.8   45.0l: (125.6dB  4798W 118.8dB) @  53Hz
                0.9   30.9l: (126.0dB  5364W 118.8dB) @  55Hz
                1.0   22.9l: (126.6dB  6100W 118.8dB) @  57Hz
                1.1   17.8l: (127.4dB  7255W 118.8dB) @  59Hz
                1.1   17.8l: (124.5dB  3760W 118.8dB) @  50Hz (  668uF)

0.60  89.3dB:   0.6  300.8l: (123.1dB  2912W 118.5dB) @  46Hz
                0.7   97.5l: (123.2dB  2947W 118.5dB) @  47Hz
                0.8   54.8l: (124.6dB  4077W 118.5dB) @  50Hz
                0.9   36.6l: (125.1dB  4557W 118.5dB) @  52Hz
                1.0   26.7l: (125.6dB  5183W 118.5dB) @  54Hz
                1.1   20.6l: (126.4dB  6164W 118.5dB) @  56Hz
                1.1   20.6l: (123.5dB  3195W 118.5dB) @  47Hz (  706uF)

1.00  89.1dB:   0.6  699.4l: (122.2dB  2497W 118.3dB) @  44Hz
                0.7  130.2l: (122.3dB  2527W 118.3dB) @  44Hz
                0.8   67.2l: (123.7dB  3496W 118.3dB) @  48Hz
                0.9   43.4l: (124.2dB  3908W 118.3dB) @  49Hz
                1.0   31.1l: (124.7dB  4444W 118.3dB) @  51Hz
                1.1   23.6l: (125.5dB  5286W 118.3dB) @  53Hz
                1.1   23.6l: (122.6dB  2739W 118.3dB) @  45Hz (  744uF)

-------------
CS393
      92.0dB                           1000W
Rpre   Spl      qtc    Vb     SplMech Pmech SplEle      f3

0.20  90.5dB:   0.5  120.1l: (128.7dB 15239W 116.9dB) @  64Hz
                0.6   54.7l: (127.7dB 12073W 116.9dB) @  60Hz
                0.7   33.3l: (127.7dB 12215W 116.9dB) @  60Hz
                0.8   22.9l: (129.1dB 16900W 116.9dB) @  66Hz
                0.9   17.0l: (129.6dB 18891W 116.9dB) @  67Hz
                1.0   13.1l: (130.2dB 21484W 116.9dB) @  70Hz
                1.1   10.5l: (130.9dB 25551W 116.9dB) @  73Hz
                1.1   10.5l: (128.1dB 13243W 116.9dB) @  62Hz ( 1025uF)

0.60  90.0dB:   0.5  233.8l: (127.0dB 11376W 116.4dB) @  58Hz
                0.6   80.4l: (126.0dB  9013W 116.4dB) @  55Hz
                0.7   45.3l: (126.0dB  9118W 116.4dB) @  55Hz
                0.8   30.1l: (127.4dB 12616W 116.4dB) @  59Hz
                0.9   21.8l: (127.9dB 14102W 116.4dB) @  61Hz
                1.0   16.7l: (128.5dB 16037W 116.4dB) @  63Hz
                1.1   13.2l: (129.2dB 19074W 116.4dB) @  66Hz
                1.1   13.2l: (126.4dB  9886W 116.4dB) @  56Hz ( 1132uF)

1.00  89.6dB:   0.5  804.4l: (125.4dB  8738W 116.0dB) @  53Hz
                0.6  123.8l: (124.4dB  6923W 116.0dB) @  50Hz
                0.7   61.9l: (124.5dB  7005W 116.0dB) @  50Hz
                0.8   39.3l: (125.9dB  9691W 116.0dB) @  54Hz
                0.9   27.8l: (126.4dB 10833W 116.0dB) @  56Hz
                1.0   20.9l: (126.9dB 12319W 116.0dB) @  58Hz
                1.1   16.4l: (127.7dB 14652W 116.0dB) @  60Hz
                1.1   16.4l: (124.8dB  7594W 116.0dB) @  51Hz ( 1237uF)

-------------
CS450
      94.0dB                           1000W
Rpre   Spl      qtc    Vb     SplMech Pmech SplEle      f3

0.20  89.9dB:   0.7  221.8l: (124.5dB  6902W 116.1dB) @  41Hz
                0.8  109.4l: (125.9dB  9550W 116.1dB) @  44Hz
                0.9   69.4l: (126.4dB 10674W 116.1dB) @  45Hz
                1.0   49.3l: (127.0dB 12140W 116.1dB) @  47Hz
                1.1   37.4l: (127.7dB 14438W 116.1dB) @  49Hz
                1.1   37.4l: (124.9dB  7483W 116.1dB) @  42Hz ( 1567uF)

0.60  89.4dB:   0.7  556.5l: (122.8dB  5169W 115.7dB) @  37Hz
                0.8  178.5l: (124.2dB  7152W 115.7dB) @  40Hz
                0.9  100.8l: (124.7dB  7994W 115.7dB) @  41Hz
                1.0   67.8l: (125.3dB  9092W 115.7dB) @  42Hz
                1.1   49.8l: (126.0dB 10813W 115.7dB) @  44Hz
                1.1   49.8l: (123.2dB  5604W 115.7dB) @  38Hz ( 1729uF)

1.00  89.0dB:   0.8  337.2l: (122.7dB  5519W 115.3dB) @  37Hz
                0.9  152.0l: (123.2dB  6170W 115.3dB) @  38Hz
                1.0   94.2l: (123.7dB  7016W 115.3dB) @  39Hz
                1.1   66.3l: (124.5dB  8345W 115.3dB) @  41Hz
                1.1   66.3l: (121.6dB  4325W 115.3dB) @  34Hz ( 1889uF)

-------------
CSW4000
      92.0dB                           2000W
Rpre   Spl      qtc    Vb     SplMech Pmech SplEle      f3

0.20  87.5dB:   0.5  330.5l: (129.1dB 41501W 115.9dB) @  48Hz
                0.6   86.4l: (128.1dB 32880W 115.9dB) @  46Hz
                0.7   46.2l: (128.1dB 33266W 115.9dB) @  46Hz
                0.8   30.0l: (129.5dB 46025W 115.9dB) @  50Hz
                0.9   21.5l: (130.0dB 51446W 115.9dB) @  51Hz
                1.0   16.3l: (130.6dB 58507W 115.9dB) @  53Hz
                1.1   12.9l: (131.3dB 69585W 115.9dB) @  55Hz
                1.1   12.9l: (128.5dB 36066W 115.9dB) @  47Hz ( 1689uF)

0.60  86.9dB:   0.6  176.9l: (126.0dB 23160W 115.4dB) @  41Hz
                0.7   73.5l: (126.1dB 23432W 115.4dB) @  41Hz
                0.8   43.9l: (127.5dB 32420W 115.4dB) @  44Hz
                0.9   30.1l: (128.0dB 36238W 115.4dB) @  45Hz
                1.0   22.3l: (128.5dB 41212W 115.4dB) @  47Hz
                1.1   17.3l: (129.3dB 49016W 115.4dB) @  49Hz
                1.1   17.3l: (126.4dB 25405W 115.4dB) @  42Hz ( 1902uF)

1.00  86.4dB:   0.6  677.4l: (124.2dB 17008W 114.9dB) @  37Hz
                0.7  126.1l: (124.2dB 17208W 114.9dB) @  37Hz
                0.8   65.0l: (125.7dB 23808W 114.9dB) @  40Hz
                0.9   42.0l: (126.1dB 26612W 114.9dB) @  41Hz
                1.0   30.1l: (126.7dB 30265W 114.9dB) @  42Hz
                1.1   22.9l: (127.4dB 35995W 114.9dB) @  44Hz
                1.1   22.9l: (124.6dB 18656W 114.9dB) @  37Hz ( 2113uF)

-------------
CW330
      91.0dB                            750W
Rpre   Spl      qtc    Vb     SplMech Pmech SplEle      f3

0.20  89.2dB:   0.5   20.6l: (130.3dB 31377W 114.1dB) @  91Hz
                0.6   11.8l: (129.3dB 24859W 114.1dB) @  86Hz
                0.7    7.9l: (129.4dB 25151W 114.1dB) @  86Hz
                0.8    5.7l: (130.8dB 34798W 114.1dB) @  93Hz
                0.9    4.3l: (131.3dB 38896W 114.1dB) @  96Hz
                1.0    3.4l: (131.8dB 44236W 114.1dB) @  99Hz
                1.1    2.8l: (132.6dB 52611W 114.1dB) @ 103Hz
                1.1    2.8l: (129.7dB 27268W 114.1dB) @  88Hz (  764uF)

0.60  88.8dB:   0.5   29.5l: (128.6dB 23605W 113.7dB) @  82Hz
                0.6   15.8l: (127.6dB 18701W 113.7dB) @  78Hz
                0.7   10.2l: (127.7dB 18921W 113.7dB) @  78Hz
                0.8    7.2l: (129.1dB 26178W 113.7dB) @  85Hz
                0.9    5.4l: (129.6dB 29261W 113.7dB) @  87Hz
                1.0    4.2l: (130.1dB 33278W 113.7dB) @  90Hz
                1.1    3.4l: (130.9dB 39579W 113.7dB) @  94Hz
                1.1    3.4l: (128.0dB 20513W 113.7dB) @  80Hz (  843uF)

1.00  88.3dB:   0.5   43.4l: (127.1dB 18323W 113.2dB) @  75Hz
                0.6   20.9l: (126.1dB 14516W 113.2dB) @  71Hz
                0.7   13.0l: (126.2dB 14687W 113.2dB) @  71Hz
                0.8    9.0l: (127.6dB 20320W 113.2dB) @  77Hz
                0.9    6.7l: (128.1dB 22713W 113.2dB) @  80Hz
                1.0    5.2l: (128.6dB 25831W 113.2dB) @  82Hz
                1.1    4.2l: (129.4dB 30722W 113.2dB) @  86Hz
                1.1    4.2l: (126.5dB 15923W 113.2dB) @  73Hz (  920uF)

-------------
HW202
      88.0dB                            180W
Rpre   Spl      qtc    Vb     SplMech Pmech SplEle      f3

0.20  88.0dB:   0.5  407.2l: (105.4dB    72W 109.3dB) @  48Hz
                0.6  113.2l: (104.4dB    57W 109.3dB) @  45Hz
                0.7   61.1l: (104.4dB    58W 109.3dB) @  45Hz
                0.8   39.9l: (105.8dB    80W 109.3dB) @  49Hz
                0.9   28.6l: (106.3dB    89W 109.3dB) @  50Hz
                1.0   21.8l: (106.9dB   102W 109.3dB) @  52Hz
                1.1   17.2l: (107.6dB   121W 109.3dB) @  54Hz
                1.1   17.2l: (104.8dB    63W 109.3dB) @  46Hz (  800uF)

0.60  87.8dB:   0.5  997.0l: (104.4dB    62W 109.1dB) @  45Hz
                0.6  148.2l: (103.4dB    49W 109.1dB) @  43Hz
                0.7   73.9l: (103.5dB    50W 109.1dB) @  43Hz
                0.8   46.8l: (104.9dB    69W 109.1dB) @  46Hz
                0.9   33.1l: (105.4dB    77W 109.1dB) @  48Hz
                1.0   24.9l: (105.9dB    88W 109.1dB) @  49Hz
                1.1   19.6l: (106.7dB   104W 109.1dB) @  52Hz
                1.1   19.6l: (103.8dB    54W 109.1dB) @  44Hz (  843uF)

1.00  87.5dB:   0.6  200.6l: (102.6dB    43W 108.8dB) @  41Hz
                0.7   89.8l: (102.6dB    43W 108.8dB) @  41Hz
                0.8   54.8l: (104.0dB    60W 108.8dB) @  44Hz
                0.9   38.1l: (104.5dB    67W 108.8dB) @  45Hz
                1.0   28.4l: (105.1dB    76W 108.8dB) @  47Hz
                1.1   22.1l: (105.8dB    91W 108.8dB) @  49Hz
                1.1   22.1l: (103.0dB    47W 108.8dB) @  42Hz (  886uF)

-------------
HW203
      92.0dB                            180W
Rpre   Spl      qtc    Vb     SplMech Pmech SplEle      f3

0.20  90.5dB:   0.5   40.3l: (110.5dB   133W 111.8dB) @  83Hz
                0.6   22.9l: (109.5dB   105W 111.8dB) @  78Hz
                0.7   15.1l: (109.5dB   106W 111.8dB) @  78Hz
                0.8   10.9l: (110.9dB   147W 111.8dB) @  85Hz
                0.9    8.3l: (111.4dB   164W 111.8dB) @  87Hz
                1.0    6.5l: (112.0dB   187W 111.8dB) @  90Hz
                1.1    5.3l: (112.7dB   222W 111.8dB) @  94Hz
                1.1    5.3l: (109.9dB   115W 111.8dB) @  80Hz (  462uF)

0.60  90.2dB:   0.5   48.7l: (109.5dB   114W 111.5dB) @  78Hz
                0.6   26.7l: (108.5dB    91W 111.5dB) @  74Hz
                0.7   17.4l: (108.6dB    92W 111.5dB) @  74Hz
                0.8   12.4l: (110.0dB   127W 111.5dB) @  80Hz
                0.9    9.3l: (110.5dB   142W 111.5dB) @  83Hz
                1.0    7.3l: (111.0dB   161W 111.5dB) @  85Hz
                1.1    5.9l: (111.8dB   192W 111.5dB) @  89Hz
                1.1    5.9l: (108.9dB    99W 111.5dB) @  76Hz (  487uF)

1.00  90.0dB:   0.5   59.2l: (108.7dB   100W 111.3dB) @  75Hz
                0.6   31.0l: (107.7dB    79W 111.3dB) @  70Hz
                0.7   19.8l: (107.7dB    80W 111.3dB) @  71Hz
                0.8   14.0l: (109.1dB   110W 111.3dB) @  77Hz
                0.9   10.5l: (109.6dB   123W 111.3dB) @  79Hz
                1.0    8.2l: (110.2dB   140W 111.3dB) @  81Hz
                1.1    6.6l: (110.9dB   167W 111.3dB) @  85Hz
                1.1    6.6l: (108.1dB    87W 111.3dB) @  72Hz (  512uF)

-------------
HX132
       0.0dB                             10W
Rpre   Spl      qtc    Vb     SplMech Pmech SplEle      f3

0.20  93.0dB:   0.6   68.2l: (104.5dB    17W 102.3dB) @ 110Hz
                0.7   22.7l: (104.5dB    17W 102.3dB) @ 110Hz
                0.8   12.8l: (106.0dB    23W 102.3dB) @ 119Hz
                0.9    8.6l: (106.4dB    26W 102.3dB) @ 123Hz
                1.0    6.3l: (107.0dB    29W 102.3dB) @ 127Hz
                1.1    4.8l: (107.8dB    35W 102.3dB) @ 132Hz
                1.1    4.8l: (104.9dB    18W 102.3dB) @ 112Hz (  290uF)

0.60  92.8dB:   0.6  118.5l: (103.8dB    15W 102.1dB) @ 105Hz
                0.7   28.1l: (103.9dB    15W 102.1dB) @ 106Hz
                0.8   15.0l: (105.3dB    21W 102.1dB) @ 115Hz
                0.9    9.8l: (105.8dB    23W 102.1dB) @ 118Hz
                1.0    7.0l: (106.3dB    27W 102.1dB) @ 122Hz
                1.1    5.4l: (107.1dB    32W 102.1dB) @ 127Hz
                1.1    5.4l: (104.2dB    16W 102.1dB) @ 108Hz (  302uF)

1.00  92.6dB:   0.6  327.2l: (103.2dB    14W 101.8dB) @ 101Hz
                0.7   35.4l: (103.2dB    14W 101.8dB) @ 102Hz
                0.8   17.5l: (104.6dB    19W 101.8dB) @ 110Hz
                0.9   11.1l: (105.1dB    21W 101.8dB) @ 113Hz
                1.0    7.9l: (105.7dB    24W 101.8dB) @ 117Hz
                1.1    6.0l: (106.4dB    29W 101.8dB) @ 122Hz
                1.1    6.0l: (103.6dB    15W 101.8dB) @ 104Hz (  313uF)

-------------
HW321
      93.0dB                            150W
Rpre   Spl      qtc    Vb     SplMech Pmech SplEle      f3

0.20  92.1dB:   0.5  176.6l: (119.4dB   769W 112.4dB) @  58Hz
                0.6   97.1l: (118.4dB   609W 112.4dB) @  54Hz
                0.7   63.4l: (118.5dB   616W 112.4dB) @  54Hz
                0.8   45.2l: (119.9dB   853W 112.4dB) @  59Hz
                0.9   34.2l: (120.4dB   953W 112.4dB) @  61Hz
                1.0   26.8l: (120.9dB  1084W 112.4dB) @  63Hz
                1.1   21.7l: (121.7dB  1289W 112.4dB) @  65Hz
                1.1   21.7l: (118.8dB   668W 112.4dB) @  56Hz (  698uF)

0.60  91.8dB:   0.5  221.8l: (118.4dB   651W 112.1dB) @  54Hz
                0.6  115.8l: (117.4dB   516W 112.1dB) @  51Hz
                0.7   74.0l: (117.5dB   522W 112.1dB) @  51Hz
                0.8   52.2l: (118.9dB   722W 112.1dB) @  56Hz
                0.9   39.2l: (119.4dB   807W 112.1dB) @  57Hz
                1.0   30.6l: (119.9dB   918W 112.1dB) @  59Hz
                1.1   24.7l: (120.7dB  1091W 112.1dB) @  62Hz
                1.1   24.7l: (117.8dB   566W 112.1dB) @  52Hz (  740uF)

1.00  91.5dB:   0.5  282.0l: (117.5dB   558W 111.8dB) @  51Hz
                0.6  137.9l: (116.5dB   442W 111.8dB) @  49Hz
                0.7   86.0l: (116.5dB   447W 111.8dB) @  49Hz
                0.8   59.9l: (118.0dB   618W 111.8dB) @  53Hz
                0.9   44.6l: (118.4dB   691W 111.8dB) @  54Hz
                1.0   34.7l: (119.0dB   786W 111.8dB) @  56Hz
                1.1   27.9l: (119.7dB   935W 111.8dB) @  59Hz
                1.1   27.9l: (116.9dB   485W 111.8dB) @  50Hz (  781uF)

