-------------
HW203
            92.0dB           180W       1x70mm
   fu     fb      fo      SplMech  Vb1     Vb2       d         l        C
 24.7Hz  51Hz  107Hz   89.5dB   60l +  11l  * 1x40mm   1251mm
 27.1Hz  54Hz  109Hz   91.1dB   48l +  11l  * 1x40mm   1115mm
 29.7Hz  58Hz  112Hz   92.7dB   39l +  11l  * 1x40mm    993mm
 32.5Hz  61Hz  115Hz   94.3dB   32l +  11l  * 1x40mm    886mm
 35.5Hz  65Hz  118Hz   95.8dB   27l +  11l  * 1x40mm    789mm
 38.8Hz  69Hz  121Hz   97.3dB   23l +  11l  * 1x40mm    703mm
 42.3Hz  73Hz  124Hz   98.8dB   19l +  11l  * 1x40mm    627mm
 46.1Hz  77Hz  128Hz  100.3dB   17l +  11l  * 1x40mm    559mm
 50.1Hz  81Hz  132Hz  101.8dB   14l +  11l  - 1x50mm    778mm
 54.4Hz  86Hz  137Hz  103.2dB   12l +  11l  - 1x50mm    693mm
 59.1Hz  91Hz  141Hz  104.6dB   11l +  11l  - 1x50mm    618mm
 64.0Hz  97Hz  146Hz  106.0dB    9l +  11l  - 1x50mm    551mm
 69.3Hz 100Hz  151Hz  107.4dB    9l +  11l  - 1x50mm    516mm
 75.0Hz 109Hz  157Hz  108.8dB    7l +  11l  - 1x50mm    438mm
 81.1Hz 115Hz  163Hz  110.1dB    6l +  11l    1x70mm    764mm
 87.5Hz 122Hz  170Hz  111.5dB    6l +  11l    1x70mm    681mm
 94.3Hz 129Hz  176Hz  112.8dB    5l +  11l    1x70mm    607mm
 24.7Hz  60Hz  107Hz   89.5dB   34l +   8l  * 1x40mm   1251mm
 27.1Hz  63Hz  109Hz   91.1dB   28l +   8l  * 1x40mm   1115mm
 29.7Hz  67Hz  112Hz   92.7dB   24l +   8l  * 1x40mm    993mm
 32.5Hz  71Hz  115Hz   94.3dB   20l +   8l  * 1x40mm    886mm
 35.5Hz  75Hz  118Hz   95.8dB   18l +   8l  * 1x40mm    789mm
 38.8Hz  80Hz  121Hz   97.3dB   15l +   8l  * 1x40mm    703mm
 42.3Hz  85Hz  124Hz   98.8dB   13l +   8l  * 1x40mm    627mm
 46.1Hz  90Hz  128Hz  100.3dB   11l +   8l  * 1x40mm    559mm
 50.1Hz  95Hz  132Hz  101.8dB   10l +   8l  - 1x50mm    778mm
 54.4Hz 101Hz  137Hz  103.2dB    9l +   8l  - 1x50mm    693mm
 59.1Hz 107Hz  141Hz  104.6dB    8l +   8l  - 1x50mm    618mm
 64.0Hz  97Hz  146Hz  106.0dB    9l +   8l  - 1x50mm    750mm
 69.3Hz 100Hz  151Hz  107.4dB    9l +   8l  - 1x50mm    702mm
 75.0Hz 109Hz  157Hz  108.8dB    7l +   8l  - 1x50mm    596mm
 69.7Hz 115Hz  163Hz  107.5dB    6l +   8l  - 1x50mm    531mm
 76.1Hz 122Hz  170Hz  109.0dB    6l +   8l  - 1x50mm    473mm
 94.3Hz 129Hz  176Hz  112.8dB    5l +   8l  - 1x50mm    422mm
 29.6Hz  72Hz  175Hz   92.6dB   20l +   6l  * 1x40mm   1251mm
 32.7Hz  76Hz  178Hz   94.3dB   17l +   6l  * 1x40mm   1115mm
 36.0Hz  81Hz  181Hz   96.0dB   15l +   6l  * 1x40mm    994mm
 39.6Hz  85Hz  184Hz   97.7dB   13l +   6l  * 1x40mm    886mm
 43.5Hz  91Hz  188Hz   99.3dB   11l +   6l  * 1x40mm    789mm
 47.7Hz  96Hz  193Hz  100.9dB   10l +   6l  * 1x40mm    703mm
 52.3Hz 102Hz  197Hz  102.5dB    8l +   6l  * 1x40mm    627mm
 57.3Hz 108Hz  202Hz  104.1dB    7l +   6l  * 1x40mm    559mm
 62.6Hz 114Hz  207Hz  105.6dB    7l +   6l  - 1x50mm    778mm
 68.4Hz 121Hz  213Hz  107.2dB    6l +   6l  - 1x50mm    693mm
 74.5Hz 128Hz  219Hz  108.7dB    5l +   6l  - 1x50mm    618mm
 81.2Hz 135Hz  226Hz  110.2dB    4l +   6l  - 1x50mm    551mm
 88.3Hz 143Hz  233Hz  111.6dB    4l +   6l  - 1x50mm    491mm
 95.9Hz 152Hz  241Hz  113.1dB    3l +   6l  - 1x50mm    438mm
104.1Hz 161Hz  249Hz  114.5dB    3l +   6l    1x70mm    764mm
112.9Hz 171Hz  258Hz  115.9dB    3l +   6l    1x70mm    681mm
122.2Hz 181Hz  267Hz  117.3dB    2l +   6l    1x70mm    607mm
-------------
HW202
            88.0dB           180W       1x70mm
   fu     fb      fo      SplMech  Vb1     Vb2       d         l        C
 14.3Hz  30Hz   62Hz   84.4dB -3795l +  34l  * 1x40mm   1268mm
 15.7Hz  31Hz   63Hz   86.0dB  852l +  34l  * 1x40mm   1130mm
 17.2Hz  33Hz   65Hz   87.6dB  359l +  34l  * 1x40mm   1007mm
 18.8Hz  35Hz   66Hz   89.2dB  218l +  34l  * 1x40mm    898mm
 20.5Hz  37Hz   68Hz   90.7dB  151l +  34l  * 1x40mm    800mm
 22.4Hz  40Hz   70Hz   92.2dB  112l +  34l  * 1x40mm    713mm
 24.4Hz  42Hz   72Hz   93.7dB   87l +  34l  * 1x40mm    635mm
 26.6Hz  44Hz   74Hz   95.2dB   70l +  34l  * 1x40mm    566mm
 28.9Hz  47Hz   76Hz   96.7dB   57l +  34l  - 1x50mm    789mm
 31.4Hz  50Hz   79Hz   98.1dB   47l +  34l  - 1x50mm    703mm
 34.1Hz  53Hz   82Hz   99.5dB   40l +  34l  - 1x50mm    626mm
 37.0Hz  56Hz   84Hz  100.9dB   34l +  34l  - 1x50mm    558mm
 40.1Hz  58Hz   87Hz  102.3dB   31l +  34l  - 1x50mm    523mm
 43.3Hz  63Hz   91Hz  103.7dB   25l +  34l  - 1x50mm    443mm
 46.8Hz  66Hz   94Hz  105.0dB   21l +  34l    1x70mm    775mm
 50.5Hz  70Hz   98Hz  106.4dB   18l +  34l    1x70mm    690mm
 54.5Hz  75Hz  102Hz  107.7dB   16l +  34l    1x70mm    615mm
 14.3Hz  35Hz   62Hz   84.4dB  251l +  25l  * 1x40mm   1268mm
 15.7Hz  37Hz   63Hz   86.0dB  168l +  25l  * 1x40mm   1130mm
 17.2Hz  39Hz   65Hz   87.6dB  123l +  25l  * 1x40mm   1007mm
 18.8Hz  41Hz   66Hz   89.2dB   94l +  25l  * 1x40mm    897mm
 20.5Hz  44Hz   68Hz   90.7dB   75l +  25l  * 1x40mm    800mm
 22.4Hz  46Hz   70Hz   92.2dB   61l +  25l  * 1x40mm    713mm
 24.4Hz  49Hz   72Hz   93.7dB   50l +  25l  * 1x40mm    635mm
 26.6Hz  52Hz   74Hz   95.2dB   42l +  25l  * 1x40mm    566mm
 28.9Hz  55Hz   76Hz   96.7dB   35l +  25l  - 1x50mm    789mm
 31.4Hz  58Hz   79Hz   98.1dB   30l +  25l  - 1x50mm    703mm
 34.1Hz  62Hz   82Hz   99.5dB   26l +  25l  - 1x50mm    626mm
 37.0Hz  56Hz   84Hz  100.9dB   34l +  25l  - 1x50mm    760mm
 40.1Hz  58Hz   87Hz  102.3dB   31l +  25l  - 1x50mm    712mm
 43.3Hz  63Hz   91Hz  103.7dB   25l +  25l  - 1x50mm    604mm
 40.2Hz  66Hz   94Hz  102.4dB   21l +  25l  - 1x50mm    538mm
 43.9Hz  70Hz   98Hz  103.9dB   18l +  25l  - 1x50mm    479mm
 54.5Hz  75Hz  102Hz  107.7dB   16l +  25l  - 1x50mm    427mm
 17.1Hz  42Hz  101Hz   87.5dB   90l +  17l  * 1x40mm   1268mm
 18.9Hz  44Hz  103Hz   89.2dB   72l +  17l  * 1x40mm   1130mm
 20.8Hz  47Hz  104Hz   90.9dB   59l +  17l  * 1x40mm   1007mm
 22.9Hz  49Hz  107Hz   92.6dB   49l +  17l  * 1x40mm    897mm
 25.1Hz  52Hz  109Hz   94.2dB   41l +  17l  * 1x40mm    800mm
 27.6Hz  55Hz  111Hz   95.8dB   34l +  17l  * 1x40mm    713mm
 30.2Hz  59Hz  114Hz   97.4dB   29l +  17l  * 1x40mm    635mm
 33.1Hz  62Hz  117Hz   99.0dB   25l +  17l  * 1x40mm    566mm
 36.2Hz  66Hz  120Hz  100.5dB   22l +  17l  - 1x50mm    789mm
 39.5Hz  70Hz  123Hz  102.1dB   19l +  17l  - 1x50mm    703mm
 43.1Hz  74Hz  127Hz  103.6dB   16l +  17l  - 1x50mm    626mm
 46.9Hz  78Hz  131Hz  105.1dB   14l +  17l  - 1x50mm    558mm
 51.0Hz  83Hz  135Hz  106.5dB   13l +  17l  - 1x50mm    498mm
 55.4Hz  88Hz  139Hz  108.0dB   11l +  17l  - 1x50mm    443mm
 60.1Hz  93Hz  144Hz  109.4dB   10l +  17l    1x70mm    775mm
 65.2Hz  98Hz  149Hz  110.8dB    8l +  17l    1x70mm    690mm
 70.6Hz 104Hz  154Hz  112.2dB    7l +  17l    1x70mm    615mm
-------------
CW330
            91.0dB           750W      1x100mm
   fu     fb      fo      SplMech  Vb1     Vb2       d         l        C
 27.2Hz  56Hz  117Hz  109.4dB   30l +   6l  * 1x50mm   3082mm
 29.8Hz  60Hz  120Hz  111.0dB   24l +   6l  * 1x50mm   2747mm
 32.7Hz  63Hz  123Hz  112.6dB   20l +   6l  * 1x50mm   2448mm
 35.7Hz  67Hz  126Hz  114.1dB   17l +   6l  * 1x50mm   2183mm
 39.1Hz  71Hz  129Hz  115.7dB   14l +   6l  * 1x50mm   1945mm
 42.7Hz  75Hz  133Hz  117.2dB   12l +   6l  * 1x50mm   1733mm
 46.5Hz  80Hz  137Hz  118.7dB   10l +   6l  * 1x50mm   1545mm
 50.7Hz  84Hz  141Hz  120.2dB    9l +   6l  * 1x50mm   1377mm
 55.1Hz  90Hz  145Hz  121.7dB    7l +   6l  * 1x50mm   1227mm
 59.9Hz  95Hz  150Hz  123.1dB    6l +   6l  * 1x50mm   1094mm
 65.0Hz 100Hz  155Hz  124.5dB    6l +   6l  * 1x50mm    975mm
 70.4Hz 106Hz  161Hz  125.9dB    5l +   6l  * 1x50mm    869mm
 76.2Hz 110Hz  167Hz  127.3dB    5l +   6l  * 1x50mm    814mm
 82.5Hz 119Hz  173Hz  128.7dB    4l +   6l  * 1x50mm    690mm
 89.1Hz 126Hz  179Hz  130.0dB    3l +   6l  * 1x50mm    615mm
 96.2Hz 134Hz  186Hz  131.3dB    3l +   6l  * 1x50mm    548mm
103.7Hz 142Hz  194Hz  132.7dB    3l +   6l  * 1x50mm    489mm
 27.2Hz  66Hz  117Hz  109.4dB   18l +   4l  * 1x50mm   3083mm
 29.8Hz  70Hz  120Hz  111.0dB   15l +   4l  * 1x50mm   2747mm
 32.7Hz  74Hz  123Hz  112.6dB   12l +   4l  * 1x50mm   2448mm
 35.7Hz  78Hz  126Hz  114.1dB   11l +   4l  * 1x50mm   2182mm
 39.1Hz  83Hz  129Hz  115.7dB    9l +   4l  * 1x50mm   1945mm
 42.7Hz  88Hz  133Hz  117.2dB    8l +   4l  * 1x50mm   1733mm
 46.5Hz  93Hz  137Hz  118.7dB    7l +   4l  * 1x50mm   1545mm
 50.7Hz  99Hz  141Hz  120.2dB    6l +   4l  * 1x50mm   1377mm
 55.1Hz 104Hz  145Hz  121.7dB    5l +   4l  * 1x50mm   1227mm
 59.9Hz 111Hz  150Hz  123.1dB    5l +   4l  * 1x50mm   1094mm
 65.0Hz 117Hz  155Hz  124.5dB    4l +   4l  * 1x50mm    975mm
 70.4Hz 106Hz  161Hz  125.9dB    5l +   4l  * 1x50mm   1183mm
 76.2Hz 110Hz  167Hz  127.3dB    5l +   4l  * 1x50mm   1108mm
 82.5Hz 119Hz  173Hz  128.7dB    4l +   4l  * 1x50mm    939mm
 76.6Hz 126Hz  179Hz  127.4dB    3l +   4l  * 1x50mm    837mm
 83.6Hz 134Hz  186Hz  128.9dB    3l +   4l  * 1x50mm    746mm
103.7Hz 142Hz  194Hz  132.7dB    3l +   4l  * 1x50mm    665mm
 32.6Hz  79Hz  192Hz  112.5dB   10l +   3l  * 1x50mm   3082mm
 35.9Hz  84Hz  195Hz  114.2dB    9l +   3l  * 1x50mm   2748mm
 39.6Hz  89Hz  199Hz  115.9dB    8l +   3l  * 1x50mm   2449mm
 43.5Hz  94Hz  203Hz  117.6dB    7l +   3l  * 1x50mm   2182mm
 47.8Hz 100Hz  207Hz  119.2dB    6l +   3l  * 1x50mm   1945mm
 52.5Hz 105Hz  212Hz  120.8dB    5l +   3l  * 1x50mm   1733mm
 57.5Hz 112Hz  217Hz  122.4dB    4l +   3l  * 1x50mm   1545mm
 63.0Hz 118Hz  222Hz  124.0dB    4l +   3l  * 1x50mm   1377mm
 68.8Hz 125Hz  228Hz  125.5dB    3l +   3l  * 1x50mm   1227mm
 75.1Hz 133Hz  234Hz  127.1dB    3l +   3l  * 1x50mm   1094mm
 81.9Hz 141Hz  241Hz  128.6dB    3l +   3l  * 1x50mm    975mm
 89.2Hz 149Hz  249Hz  130.0dB    2l +   3l  * 1x50mm    869mm
 97.1Hz 158Hz  256Hz  131.5dB    2l +   3l  * 1x50mm    774mm
105.5Hz 167Hz  265Hz  132.9dB    2l +   3l  * 1x50mm    690mm
114.5Hz 177Hz  274Hz  134.4dB    2l +   3l  * 1x50mm    615mm
124.1Hz 187Hz  283Hz  135.8dB    1l +   3l  * 1x50mm    548mm
134.3Hz 199Hz  294Hz  137.1dB    1l +   3l  * 1x50mm    489mm
-------------
HX132
             0.0dB            10W       1x50mm
   fu     fb      fo      SplMech  Vb1     Vb2       d         l        C
 34.7Hz  72Hz  150Hz   84.5dB  -48l +   9l  + 1x40mm    834mm
 38.1Hz  76Hz  153Hz   86.1dB  -66l +   9l  - 1x40mm    743mm
 41.7Hz  81Hz  157Hz   87.7dB -113l +   9l  - 1x40mm    662mm
 45.7Hz  86Hz  161Hz   89.3dB -540l +   9l  - 1x40mm    591mm
 49.9Hz  91Hz  165Hz   90.9dB  165l +   9l  - 1x40mm    526mm
 54.5Hz  96Hz  170Hz   92.4dB   67l +   9l    1x50mm    733mm
 59.5Hz 102Hz  175Hz   93.9dB   40l +   9l    1x50mm    653mm
 64.8Hz 108Hz  180Hz   95.4dB   28l +   9l    1x50mm    582mm
 70.4Hz 114Hz  186Hz   96.8dB   21l +   9l    1x50mm    519mm
 76.5Hz 121Hz  192Hz   98.3dB   16l +   9l    1x50mm    462mm
 83.0Hz 128Hz  198Hz   99.7dB   13l +   9l    1x50mm    412mm
 90.0Hz 136Hz  205Hz  101.1dB   10l +   9l    1x50mm    367mm
 97.4Hz 140Hz  213Hz  102.5dB    9l +   9l    1x50mm    344mm
105.4Hz 153Hz  221Hz  103.8dB    7l +   9l    1x50mm    292mm
113.9Hz 162Hz  229Hz  105.2dB    6l +   9l    1x50mm    260mm
122.9Hz 171Hz  238Hz  106.5dB    5l +   9l    1x50mm    232mm
132.6Hz 181Hz  248Hz  107.8dB    4l +   9l    1x50mm    207mm
 34.7Hz  84Hz  150Hz   84.5dB -238l +   6l  + 1x40mm    834mm
 38.1Hz  89Hz  153Hz   86.1dB  292l +   6l  - 1x40mm    743mm
 41.7Hz  94Hz  157Hz   87.7dB   83l +   6l  - 1x40mm    662mm
 45.7Hz 100Hz  161Hz   89.3dB   46l +   6l  - 1x40mm    590mm
 49.9Hz 106Hz  165Hz   90.9dB   31l +   6l  - 1x40mm    526mm
 54.5Hz 112Hz  170Hz   92.4dB   23l +   6l    1x50mm    733mm
 59.5Hz 119Hz  175Hz   93.9dB   17l +   6l    1x50mm    653mm
 64.8Hz 126Hz  180Hz   95.4dB   14l +   6l    1x50mm    582mm
 70.4Hz 133Hz  186Hz   96.8dB   11l +   6l    1x50mm    519mm
 76.5Hz 141Hz  192Hz   98.3dB    9l +   6l    1x50mm    462mm
 83.0Hz 150Hz  198Hz   99.7dB    8l +   6l    1x50mm    412mm
 90.0Hz 136Hz  205Hz  101.1dB   10l +   6l    1x50mm    500mm
 97.4Hz 140Hz  213Hz  102.5dB    9l +   6l    1x50mm    468mm
105.4Hz 153Hz  221Hz  103.8dB    7l +   6l    1x50mm    397mm
 97.9Hz 162Hz  229Hz  102.5dB    6l +   6l    1x50mm    354mm
106.9Hz 171Hz  238Hz  104.1dB    5l +   6l    1x50mm    315mm
132.6Hz 181Hz  248Hz  107.8dB    4l +   6l    1x50mm    281mm
 41.6Hz 101Hz  245Hz   87.7dB   43l +   4l  + 1x40mm    834mm
 45.9Hz 107Hz  250Hz   89.4dB   29l +   4l  - 1x40mm    743mm
 50.6Hz 113Hz  254Hz   91.1dB   21l +   4l  - 1x40mm    663mm
 55.6Hz 120Hz  259Hz   92.7dB   17l +   4l  - 1x40mm    590mm
 61.1Hz 127Hz  265Hz   94.4dB   13l +   4l  - 1x40mm    526mm
 67.1Hz 135Hz  271Hz   96.0dB   11l +   4l    1x50mm    733mm
 73.5Hz 143Hz  277Hz   97.6dB    9l +   4l    1x50mm    653mm
 80.5Hz 151Hz  284Hz   99.1dB    7l +   4l    1x50mm    582mm
 88.0Hz 160Hz  292Hz  100.7dB    6l +   4l    1x50mm    519mm
 96.0Hz 170Hz  300Hz  102.2dB    5l +   4l    1x50mm    462mm
104.7Hz 180Hz  308Hz  103.7dB    5l +   4l    1x50mm    412mm
114.1Hz 190Hz  318Hz  105.2dB    4l +   4l    1x50mm    367mm
124.1Hz 202Hz  328Hz  106.7dB    3l +   4l    1x50mm    327mm
134.8Hz 214Hz  338Hz  108.1dB    3l +   4l    1x50mm    292mm
146.3Hz 226Hz  350Hz  109.5dB    3l +   4l    1x50mm    260mm
158.6Hz 240Hz  362Hz  110.9dB    2l +   4l    1x50mm    232mm
171.7Hz 254Hz  375Hz  112.3dB    2l +   4l    1x50mm    207mm
