-------------
CS330
      91.0dB           1000W
Rpre   Spl     SplMech Pmech SplEle      f3

0.20  89.0dB: (127.7dB 17085W 115.4dB) @  78Hz
0.60  88.5dB: (126.0dB 12726W 115.0dB) @  71Hz
1.00  88.1dB: (124.4dB  9755W 114.5dB) @  65Hz
-------------
CS392
      92.0dB           1000W
Rpre   Spl     SplMech Pmech SplEle      f3

0.20  89.6dB: (124.5dB  3760W 118.8dB) @  50Hz
              (127.5dB  7520W 118.8dB) @  60Hz
0.60  89.3dB: (123.5dB  3195W 118.5dB) @  47Hz
              (126.6dB  6389W 118.5dB) @  56Hz
1.00  89.1dB: (122.6dB  2739W 118.3dB) @  45Hz
              (125.7dB  5479W 118.3dB) @  54Hz
-------------
CS393
      92.0dB           1000W
Rpre   Spl     SplMech Pmech SplEle      f3

0.20  90.5dB: (128.1dB 13243W 116.9dB) @  62Hz
0.60  90.0dB: (126.4dB  9886W 116.4dB) @  56Hz
1.00  89.6dB: (124.8dB  7594W 116.0dB) @  51Hz
-------------
CS450
      94.0dB           1000W
Rpre   Spl     SplMech Pmech SplEle      f3

0.20  89.9dB: (124.9dB  7483W 116.1dB) @  42Hz
0.60  89.4dB: (123.2dB  5604W 115.7dB) @  38Hz
1.00  89.0dB: (121.6dB  4325W 115.3dB) @  34Hz
              (124.6dB  8650W 115.3dB) @  41Hz
-------------
CSW4000
      92.0dB           2000W
Rpre   Spl     SplMech Pmech SplEle      f3

0.20  87.5dB: (128.5dB 36066W 115.9dB) @  47Hz
0.60  86.9dB: (126.4dB 25405W 115.4dB) @  42Hz
1.00  86.4dB: (124.6dB 18656W 114.9dB) @  37Hz
-------------
CW330
      91.0dB            750W
Rpre   Spl     SplMech Pmech SplEle      f3

0.20  89.2dB: (129.7dB 27268W 114.1dB) @  88Hz
0.60  88.8dB: (128.0dB 20513W 113.7dB) @  80Hz
1.00  88.3dB: (126.5dB 15923W 113.2dB) @  73Hz
-------------
HW202
      88.0dB            180W
Rpre   Spl     SplMech Pmech SplEle      f3

0.20  88.0dB: (104.8dB    63W 109.3dB) @  46Hz
              (107.8dB   125W 109.3dB) @  55Hz
              (110.8dB   250W 109.3dB) @  65Hz
              (113.8dB   501W 109.3dB) @  77Hz
              (116.8dB  1001W 109.3dB) @  92Hz
0.60  87.8dB: (103.8dB    54W 109.1dB) @  44Hz
              (106.8dB   108W 109.1dB) @  52Hz
              (109.9dB   216W 109.1dB) @  62Hz
              (112.9dB   432W 109.1dB) @  74Hz
              (115.9dB   863W 109.1dB) @  87Hz
              (118.9dB  1726W 109.1dB) @ 104Hz
1.00  87.5dB: (103.0dB    47W 108.8dB) @  42Hz
              (106.0dB    94W 108.8dB) @  49Hz
              (109.0dB   188W 108.8dB) @  59Hz
              (112.0dB   376W 108.8dB) @  70Hz
              (115.0dB   752W 108.8dB) @  83Hz
              (118.0dB  1504W 108.8dB) @  99Hz
-------------
HW203
      92.0dB            180W
Rpre   Spl     SplMech Pmech SplEle      f3

0.20  90.5dB: (109.9dB   115W 111.8dB) @  80Hz
              (112.9dB   231W 111.8dB) @  95Hz
              (115.9dB   461W 111.8dB) @ 113Hz
              (118.9dB   922W 111.8dB) @ 134Hz
0.60  90.2dB: (108.9dB    99W 111.5dB) @  76Hz
              (111.9dB   199W 111.5dB) @  90Hz
              (115.0dB   397W 111.5dB) @ 107Hz
              (118.0dB   795W 111.5dB) @ 127Hz
              (121.0dB  1589W 111.5dB) @ 151Hz
1.00  90.0dB: (108.1dB    87W 111.3dB) @  72Hz
              (111.1dB   173W 111.3dB) @  86Hz
              (114.1dB   346W 111.3dB) @ 102Hz
              (117.1dB   692W 111.3dB) @ 121Hz
              (120.1dB  1384W 111.3dB) @ 144Hz
-------------
HX132
       0.0dB             10W
Rpre   Spl     SplMech Pmech SplEle      f3

0.20  93.0dB: (104.9dB    18W 102.3dB) @ 112Hz
              (107.9dB    36W 102.3dB) @ 133Hz
              (110.9dB    72W 102.3dB) @ 159Hz
0.60  92.8dB: (104.2dB    16W 102.1dB) @ 108Hz
              (107.2dB    33W 102.1dB) @ 128Hz
              (110.2dB    65W 102.1dB) @ 152Hz
1.00  92.6dB: (103.6dB    15W 101.8dB) @ 104Hz
              (106.6dB    30W 101.8dB) @ 123Hz
              (109.6dB    59W 101.8dB) @ 147Hz
-------------
HW321
      93.0dB            150W
Rpre   Spl     SplMech Pmech SplEle      f3

0.20  92.1dB: (118.8dB   668W 112.4dB) @  56Hz
              (121.8dB  1336W 112.4dB) @  66Hz
0.60  91.8dB: (117.8dB   566W 112.1dB) @  52Hz
              (120.8dB  1131W 112.1dB) @  62Hz
1.00  91.5dB: (116.9dB   485W 111.8dB) @  50Hz
              (119.9dB   969W 111.8dB) @  59Hz
