-------------
6/90 PCD  	
            97.0dB            90W       1x70mm
   fu     fb      fo      SplMech  Vb1     Vb2       d         l        C
 74.7Hz 155Hz  323Hz  101.5dB   -5l +   2l  * 1x40mm    896mm
 82.0Hz 165Hz  331Hz  103.1dB   -6l +   2l  * 1x40mm    798mm
 89.9Hz 174Hz  338Hz  104.7dB   -7l +   2l  * 1x40mm    712mm
 98.4Hz 185Hz  347Hz  106.2dB   -9l +   2l  * 1x40mm    634mm
107.5Hz 196Hz  356Hz  107.8dB  -15l +   2l  * 1x40mm    565mm
117.4Hz 207Hz  366Hz  109.3dB  -44l +   2l  - 1x50mm    787mm
128.0Hz 220Hz  377Hz  110.8dB   37l +   2l  - 1x50mm    702mm
139.4Hz 233Hz  388Hz  112.3dB   12l +   2l  - 1x50mm    625mm
151.6Hz 246Hz  400Hz  113.7dB    7l +   2l  - 1x50mm    557mm
164.7Hz 261Hz  413Hz  115.2dB    5l +   2l  - 1x50mm    497mm
178.8Hz 276Hz  427Hz  116.6dB    3l +   2l  - 1x50mm    443mm
193.8Hz 293Hz  442Hz  118.0dB    3l +   2l    1x70mm    773mm
209.8Hz 303Hz  458Hz  119.4dB    2l +   2l    1x70mm    724mm
227.0Hz 328Hz  475Hz  120.8dB    2l +   2l    1x70mm    614mm
245.2Hz 348Hz  494Hz  122.1dB    1l +   2l    1x70mm    547mm
264.7Hz 369Hz  513Hz  123.4dB    1l +   2l    1x70mm    488mm
285.5Hz 390Hz  534Hz  124.7dB    1l +   2l    1x70mm    435mm
 74.7Hz 181Hz  323Hz  101.5dB   -8l +   1l  * 1x40mm    896mm
 82.0Hz 192Hz  331Hz  103.1dB  -12l +   1l  * 1x40mm    798mm
 89.9Hz 203Hz  338Hz  104.7dB  -27l +   1l  * 1x40mm    711mm
 98.4Hz 216Hz  347Hz  106.2dB   98l +   1l  * 1x40mm    634mm
107.5Hz 228Hz  356Hz  107.8dB   16l +   1l  * 1x40mm    565mm
117.4Hz 242Hz  366Hz  109.3dB    8l +   1l  - 1x50mm    787mm
128.0Hz 256Hz  377Hz  110.8dB    5l +   1l  - 1x50mm    702mm
139.4Hz 271Hz  388Hz  112.3dB    4l +   1l  - 1x50mm    625mm
151.6Hz 287Hz  400Hz  113.7dB    3l +   1l  - 1x50mm    557mm
164.7Hz 304Hz  413Hz  115.2dB    2l +   1l  - 1x50mm    497mm
178.8Hz 322Hz  427Hz  116.6dB    2l +   1l  - 1x50mm    443mm
193.8Hz 293Hz  442Hz  118.0dB    3l +   1l  - 1x50mm    537mm
209.8Hz 303Hz  458Hz  119.4dB    2l +   1l  - 1x50mm    503mm
227.0Hz 328Hz  475Hz  120.8dB    2l +   1l  - 1x50mm    427mm
210.8Hz 348Hz  494Hz  119.5dB    1l +   1l    1x70mm    745mm
230.2Hz 369Hz  513Hz  121.0dB    1l +   1l    1x70mm    664mm
285.5Hz 390Hz  534Hz  124.7dB    1l +   1l    1x70mm    592mm
 89.7Hz 218Hz  528Hz  104.6dB   53l +   1l  * 1x40mm    896mm
 98.9Hz 230Hz  537Hz  106.3dB   14l +   1l  * 1x40mm    798mm
108.9Hz 244Hz  547Hz  108.0dB    7l +   1l  * 1x40mm    712mm
119.8Hz 259Hz  558Hz  109.7dB    5l +   1l  * 1x40mm    634mm
131.6Hz 274Hz  570Hz  111.3dB    4l +   1l  * 1x40mm    565mm
144.5Hz 290Hz  583Hz  112.9dB    3l +   1l  - 1x50mm    787mm
158.3Hz 307Hz  597Hz  114.5dB    2l +   1l  - 1x50mm    701mm
173.3Hz 326Hz  612Hz  116.1dB    2l +   1l  - 1x50mm    625mm
189.4Hz 345Hz  628Hz  117.6dB    1l +   1l  - 1x50mm    557mm
206.8Hz 365Hz  645Hz  119.1dB    1l +   1l  - 1x50mm    497mm
225.6Hz 387Hz  664Hz  120.6dB    1l +   1l  - 1x50mm    443mm
245.6Hz 410Hz  684Hz  122.1dB    1l +   1l    1x70mm    773mm
267.2Hz 434Hz  706Hz  123.6dB    1l +   1l    1x70mm    689mm
290.3Hz 460Hz  729Hz  125.0dB    1l +   1l    1x70mm    614mm
315.0Hz 487Hz  753Hz  126.4dB    1l +   1l    1x70mm    547mm
341.5Hz 516Hz  780Hz  127.8dB    0l +   1l    1x70mm    488mm
369.7Hz 547Hz  808Hz  129.2dB    0l +   1l    1x70mm    435mm
-------------
6/100 PCD 	
            99.0dB           100W       1x70mm
   fu     fb      fo      SplMech  Vb1     Vb2       d         l        C
 74.7Hz 155Hz  323Hz  101.5dB   25l +   2l  * 1x40mm    731mm
 82.0Hz 165Hz  330Hz  103.1dB   16l +   2l  * 1x40mm    652mm
 89.9Hz 174Hz  338Hz  104.7dB   11l +   2l  * 1x40mm    581mm
 98.3Hz 185Hz  347Hz  106.2dB    9l +   2l  * 1x40mm    518mm
107.5Hz 196Hz  356Hz  107.8dB    7l +   2l  - 1x50mm    721mm
117.4Hz 207Hz  366Hz  109.3dB    5l +   2l  - 1x50mm    643mm
128.0Hz 220Hz  376Hz  110.8dB    4l +   2l  - 1x50mm    573mm
139.4Hz 233Hz  388Hz  112.3dB    4l +   2l  - 1x50mm    510mm
151.6Hz 246Hz  400Hz  113.7dB    3l +   2l  - 1x50mm    455mm
164.7Hz 261Hz  413Hz  115.2dB    3l +   2l    1x70mm    795mm
178.8Hz 276Hz  427Hz  116.6dB    2l +   2l    1x70mm    708mm
193.8Hz 293Hz  442Hz  118.0dB    2l +   2l    1x70mm    631mm
209.8Hz 302Hz  458Hz  119.4dB    2l +   2l    1x70mm    591mm
226.9Hz 328Hz  475Hz  120.7dB    1l +   2l    1x70mm    501mm
245.2Hz 348Hz  494Hz  122.1dB    1l +   2l    1x70mm    447mm
264.7Hz 369Hz  513Hz  123.4dB    1l +   2l    1x70mm    398mm
285.4Hz 390Hz  534Hz  124.7dB    1l +   2l    1x70mm    355mm
 74.7Hz 181Hz  323Hz  101.5dB    9l +   2l  * 1x40mm    731mm
 82.0Hz 192Hz  330Hz  103.1dB    7l +   2l  * 1x40mm    652mm
 89.9Hz 203Hz  338Hz  104.7dB    6l +   2l  * 1x40mm    581mm
 98.3Hz 215Hz  347Hz  106.2dB    5l +   2l  * 1x40mm    518mm
107.5Hz 228Hz  356Hz  107.8dB    4l +   2l  - 1x50mm    721mm
117.4Hz 242Hz  366Hz  109.3dB    3l +   2l  - 1x50mm    642mm
128.0Hz 256Hz  376Hz  110.8dB    3l +   2l  - 1x50mm    573mm
139.4Hz 271Hz  388Hz  112.3dB    2l +   2l  - 1x50mm    510mm
151.6Hz 287Hz  400Hz  113.7dB    2l +   2l  - 1x50mm    455mm
164.7Hz 304Hz  413Hz  115.2dB    2l +   2l    1x70mm    795mm
178.8Hz 322Hz  427Hz  116.6dB    2l +   2l    1x70mm    708mm
193.8Hz 293Hz  442Hz  118.0dB    2l +   2l  - 1x50mm    438mm
209.8Hz 302Hz  458Hz  119.4dB    2l +   2l  - 1x50mm    411mm
226.9Hz 328Hz  475Hz  120.7dB    1l +   2l    1x70mm    682mm
210.7Hz 348Hz  494Hz  119.5dB    1l +   2l    1x70mm    608mm
230.2Hz 369Hz  513Hz  121.0dB    1l +   2l    1x70mm    542mm
285.4Hz 390Hz  534Hz  124.7dB    1l +   2l    1x70mm    483mm
 89.7Hz 218Hz  528Hz  104.6dB    5l +   1l  * 1x40mm    731mm
 98.9Hz 230Hz  537Hz  106.3dB    4l +   1l  * 1x40mm    652mm
108.9Hz 244Hz  547Hz  108.0dB    3l +   1l  * 1x40mm    581mm
119.8Hz 259Hz  558Hz  109.6dB    3l +   1l  * 1x40mm    518mm
131.6Hz 274Hz  570Hz  111.3dB    2l +   1l  - 1x50mm    721mm
144.4Hz 290Hz  583Hz  112.9dB    2l +   1l  - 1x50mm    643mm
158.3Hz 307Hz  597Hz  114.5dB    2l +   1l  - 1x50mm    573mm
173.3Hz 326Hz  612Hz  116.1dB    1l +   1l  - 1x50mm    510mm
189.4Hz 345Hz  628Hz  117.6dB    1l +   1l  - 1x50mm    455mm
206.8Hz 365Hz  645Hz  119.1dB    1l +   1l    1x70mm    795mm
225.5Hz 387Hz  664Hz  120.6dB    1l +   1l    1x70mm    708mm
245.6Hz 410Hz  684Hz  122.1dB    1l +   1l    1x70mm    631mm
267.1Hz 434Hz  705Hz  123.6dB    1l +   1l    1x70mm    563mm
290.2Hz 460Hz  729Hz  125.0dB    1l +   1l    1x70mm    501mm
315.0Hz 487Hz  753Hz  126.4dB    1l +   1l    1x70mm    447mm
341.4Hz 516Hz  780Hz  127.8dB    1l +   1l    1x70mm    398mm
369.7Hz 547Hz  808Hz  129.2dB    0l +   1l    1x70mm    355mm
-------------
8/100 SD 	
            97.0dB           100W       1x70mm
   fu     fb      fo      SplMech  Vb1     Vb2       d         l        C
 44.2Hz  92Hz  191Hz   96.8dB  -21l +  11l  - 1x50mm    620mm
 48.5Hz  97Hz  195Hz   98.4dB  -23l +  11l  - 1x50mm    553mm
 53.1Hz 103Hz  200Hz  100.0dB  -26l +  11l  - 1x50mm    493mm
 58.1Hz 109Hz  205Hz  101.6dB  -30l +  11l  - 1x50mm    439mm
 63.6Hz 116Hz  210Hz  103.1dB  -37l +  11l    1x70mm    767mm
 69.4Hz 123Hz  216Hz  104.7dB  -49l +  11l    1x70mm    684mm
 75.7Hz 130Hz  223Hz  106.2dB  -78l +  11l    1x70mm    609mm
 82.4Hz 137Hz  229Hz  107.7dB -242l +  11l    1x70mm    543mm
 89.6Hz 146Hz  237Hz  109.1dB  180l +  11l    1x70mm    484mm
 97.4Hz 154Hz  244Hz  110.5dB   61l +  11l    1x70mm    431mm
105.7Hz 163Hz  253Hz  112.0dB   35l +  11l    1x70mm    384mm
114.5Hz 173Hz  261Hz  113.4dB   24l +  11l    1x70mm    343mm
124.0Hz 179Hz  271Hz  114.7dB   20l +  11l    1x70mm    321mm
134.2Hz 194Hz  281Hz  116.1dB   13l +  11l    1x70mm    272mm
145.0Hz 206Hz  292Hz  117.5dB   11l +  11l    1x70mm    243mm
156.5Hz 218Hz  303Hz  118.8dB    9l +  11l    1x70mm    216mm
168.7Hz 231Hz  316Hz  120.1dB    7l +  11l    1x70mm    193mm
 44.2Hz 107Hz  191Hz   96.8dB  -28l +   8l  - 1x50mm    620mm
 48.5Hz 114Hz  195Hz   98.4dB  -34l +   8l  - 1x50mm    553mm
 53.1Hz 120Hz  200Hz  100.0dB  -44l +   8l  - 1x50mm    493mm
 58.1Hz 127Hz  205Hz  101.6dB  -65l +   8l  - 1x50mm    439mm
 63.6Hz 135Hz  210Hz  103.1dB -142l +   8l    1x70mm    767mm
 69.4Hz 143Hz  216Hz  104.7dB  433l +   8l    1x70mm    684mm
 75.7Hz 151Hz  223Hz  106.2dB   78l +   8l    1x70mm    609mm
 82.4Hz 160Hz  229Hz  107.7dB   41l +   8l    1x70mm    543mm
 89.6Hz 170Hz  237Hz  109.1dB   27l +   8l    1x70mm    484mm
 97.4Hz 180Hz  244Hz  110.5dB   19l +   8l    1x70mm    431mm
105.7Hz 191Hz  253Hz  112.0dB   15l +   8l    1x70mm    384mm
114.5Hz 173Hz  261Hz  113.4dB   24l +   8l    1x70mm    466mm
124.0Hz 179Hz  271Hz  114.7dB   20l +   8l    1x70mm    437mm
134.2Hz 194Hz  281Hz  116.1dB   13l +   8l    1x70mm    370mm
124.6Hz 206Hz  292Hz  114.8dB   11l +   8l    1x70mm    330mm
136.1Hz 218Hz  303Hz  116.4dB    9l +   8l    1x70mm    294mm
168.7Hz 231Hz  316Hz  120.1dB    7l +   8l    1x70mm    262mm
 53.0Hz 129Hz  312Hz  100.0dB  -72l +   6l  - 1x50mm    620mm
 58.4Hz 136Hz  318Hz  101.7dB -181l +   6l  - 1x50mm    553mm
 64.4Hz 144Hz  324Hz  103.4dB  253l +   6l  - 1x50mm    493mm
 70.8Hz 153Hz  330Hz  105.0dB   68l +   6l  - 1x50mm    439mm
 77.8Hz 162Hz  337Hz  106.7dB   38l +   6l    1x70mm    767mm
 85.4Hz 172Hz  345Hz  108.3dB   25l +   6l    1x70mm    684mm
 93.6Hz 182Hz  353Hz  109.9dB   18l +   6l    1x70mm    609mm
102.4Hz 192Hz  362Hz  111.4dB   14l +   6l    1x70mm    543mm
112.0Hz 204Hz  371Hz  113.0dB   11l +   6l    1x70mm    484mm
122.3Hz 216Hz  381Hz  114.5dB    9l +   6l    1x70mm    431mm
133.3Hz 229Hz  392Hz  116.0dB    7l +   6l    1x70mm    384mm
145.2Hz 242Hz  404Hz  117.5dB    6l +   6l    1x70mm    343mm
157.9Hz 257Hz  417Hz  118.9dB    5l +   6l    1x70mm    305mm
171.6Hz 272Hz  431Hz  120.4dB    4l +   6l    1x70mm    272mm
186.2Hz 288Hz  445Hz  121.8dB    4l +   6l    1x70mm    243mm
201.8Hz 305Hz  461Hz  123.2dB    3l +   6l    1x70mm    216mm
218.5Hz 323Hz  478Hz  124.6dB    3l +   6l    1x70mm    193mm
-------------
8/150 SD 	
            99.0dB           150W       1x70mm
   fu     fb      fo      SplMech  Vb1     Vb2       d         l        C
 58.3Hz 121Hz  252Hz  101.6dB   31l +   6l  - 1x50mm    692mm
 64.0Hz 129Hz  258Hz  103.3dB   25l +   6l  - 1x50mm    617mm
 70.1Hz 136Hz  264Hz  104.8dB   20l +   6l  - 1x50mm    549mm
 76.8Hz 144Hz  271Hz  106.4dB   17l +   6l  - 1x50mm    490mm
 83.9Hz 153Hz  278Hz  108.0dB   14l +   6l  - 1x50mm    436mm
 91.6Hz 162Hz  286Hz  109.5dB   12l +   6l    1x70mm    763mm
 99.9Hz 171Hz  294Hz  111.0dB   10l +   6l    1x70mm    680mm
108.8Hz 182Hz  303Hz  112.5dB    9l +   6l    1x70mm    606mm
118.4Hz 192Hz  312Hz  113.9dB    7l +   6l    1x70mm    540mm
128.6Hz 204Hz  323Hz  115.4dB    6l +   6l    1x70mm    481mm
139.5Hz 216Hz  334Hz  116.8dB    6l +   6l    1x70mm    429mm
151.2Hz 229Hz  345Hz  118.2dB    5l +   6l    1x70mm    382mm
163.8Hz 236Hz  358Hz  119.6dB    4l +   6l    1x70mm    358mm
177.1Hz 256Hz  371Hz  120.9dB    4l +   6l    1x70mm    304mm
191.4Hz 272Hz  385Hz  122.3dB    3l +   6l    1x70mm    271mm
206.6Hz 288Hz  401Hz  123.6dB    3l +   6l    1x70mm    241mm
222.8Hz 305Hz  417Hz  124.9dB    3l +   6l    1x70mm    215mm
 58.3Hz 142Hz  252Hz  101.6dB   18l +   4l  - 1x50mm    692mm
 64.0Hz 150Hz  258Hz  103.3dB   15l +   4l  - 1x50mm    617mm
 70.1Hz 159Hz  264Hz  104.8dB   12l +   4l  - 1x50mm    549mm
 76.8Hz 168Hz  271Hz  106.4dB   10l +   4l  - 1x50mm    490mm
 83.9Hz 178Hz  278Hz  108.0dB    9l +   4l  - 1x50mm    437mm
 91.6Hz 189Hz  286Hz  109.5dB    8l +   4l    1x70mm    762mm
 99.9Hz 200Hz  294Hz  111.0dB    7l +   4l    1x70mm    680mm
108.8Hz 212Hz  303Hz  112.5dB    6l +   4l    1x70mm    606mm
118.4Hz 224Hz  312Hz  113.9dB    5l +   4l    1x70mm    540mm
128.6Hz 238Hz  323Hz  115.4dB    4l +   4l    1x70mm    481mm
139.5Hz 252Hz  334Hz  116.8dB    4l +   4l    1x70mm    429mm
151.2Hz 229Hz  345Hz  118.2dB    5l +   4l    1x70mm    520mm
163.8Hz 236Hz  358Hz  119.6dB    4l +   4l    1x70mm    487mm
177.1Hz 256Hz  371Hz  120.9dB    4l +   4l    1x70mm    413mm
164.5Hz 272Hz  385Hz  119.7dB    3l +   4l    1x70mm    368mm
179.7Hz 288Hz  401Hz  121.2dB    3l +   4l    1x70mm    328mm
222.8Hz 305Hz  417Hz  124.9dB    3l +   4l    1x70mm    293mm
 70.0Hz 170Hz  412Hz  104.8dB   10l +   3l  - 1x50mm    692mm
 77.2Hz 180Hz  419Hz  106.5dB    9l +   3l  - 1x50mm    617mm
 85.0Hz 191Hz  427Hz  108.2dB    8l +   3l  - 1x50mm    550mm
 93.5Hz 202Hz  436Hz  109.8dB    7l +   3l  - 1x50mm    490mm
102.7Hz 214Hz  445Hz  111.5dB    6l +   3l  - 1x50mm    437mm
112.8Hz 226Hz  455Hz  113.1dB    5l +   3l    1x70mm    763mm
123.6Hz 240Hz  466Hz  114.7dB    4l +   3l    1x70mm    680mm
135.3Hz 254Hz  477Hz  116.3dB    4l +   3l    1x70mm    606mm
147.9Hz 269Hz  490Hz  117.8dB    3l +   3l    1x70mm    540mm
161.4Hz 285Hz  504Hz  119.3dB    3l +   3l    1x70mm    481mm
176.0Hz 302Hz  518Hz  120.8dB    3l +   3l    1x70mm    429mm
191.7Hz 320Hz  534Hz  122.3dB    2l +   3l    1x70mm    382mm
208.5Hz 339Hz  551Hz  123.8dB    2l +   3l    1x70mm    341mm
226.6Hz 359Hz  569Hz  125.2dB    2l +   3l    1x70mm    304mm
245.9Hz 380Hz  588Hz  126.6dB    2l +   3l    1x70mm    271mm
266.5Hz 403Hz  609Hz  128.0dB    1l +   3l    1x70mm    241mm
288.6Hz 427Hz  631Hz  129.4dB    1l +   3l    1x70mm    215mm
-------------
8/250 PCD 	
            99.0dB           250W       1x70mm
   fu     fb      fo      SplMech  Vb1     Vb2       d         l        C
 64.8Hz 135Hz  280Hz  103.5dB   18l +   4l  * 1x40mm    592mm
 71.1Hz 143Hz  286Hz  105.1dB   15l +   4l  * 1x40mm    528mm
 77.9Hz 151Hz  293Hz  106.7dB   12l +   4l  - 1x50mm    735mm
 85.3Hz 160Hz  301Hz  108.2dB   10l +   4l  - 1x50mm    655mm
 93.2Hz 170Hz  309Hz  109.8dB    8l +   4l  - 1x50mm    584mm
101.8Hz 180Hz  317Hz  111.3dB    7l +   4l  - 1x50mm    520mm
111.0Hz 190Hz  326Hz  112.8dB    6l +   4l  - 1x50mm    464mm
120.9Hz 202Hz  336Hz  114.3dB    5l +   4l  - 1x50mm    413mm
131.4Hz 214Hz  347Hz  115.8dB    4l +   4l    1x70mm    722mm
142.8Hz 226Hz  358Hz  117.2dB    4l +   4l    1x70mm    643mm
155.0Hz 240Hz  370Hz  118.6dB    3l +   4l    1x70mm    573mm
168.0Hz 254Hz  383Hz  120.0dB    3l +   4l    1x70mm    511mm
181.9Hz 262Hz  397Hz  121.4dB    3l +   4l    1x70mm    479mm
196.7Hz 285Hz  412Hz  122.8dB    2l +   4l    1x70mm    406mm
212.6Hz 302Hz  428Hz  124.1dB    2l +   4l    1x70mm    362mm
229.4Hz 319Hz  445Hz  125.4dB    2l +   4l    1x70mm    322mm
247.4Hz 338Hz  463Hz  126.7dB    2l +   4l    1x70mm    287mm
 64.8Hz 157Hz  280Hz  103.5dB   10l +   3l  * 1x40mm    592mm
 71.1Hz 167Hz  286Hz  105.1dB    9l +   3l  * 1x40mm    528mm
 77.9Hz 176Hz  293Hz  106.7dB    7l +   3l  - 1x50mm    735mm
 85.3Hz 187Hz  301Hz  108.2dB    6l +   3l  - 1x50mm    655mm
 93.2Hz 198Hz  309Hz  109.8dB    5l +   3l  - 1x50mm    584mm
101.8Hz 210Hz  317Hz  111.3dB    5l +   3l  - 1x50mm    520mm
111.0Hz 222Hz  326Hz  112.8dB    4l +   3l  - 1x50mm    464mm
120.9Hz 235Hz  336Hz  114.3dB    3l +   3l  - 1x50mm    413mm
131.4Hz 249Hz  347Hz  115.8dB    3l +   3l    1x70mm    722mm
142.8Hz 264Hz  358Hz  117.2dB    3l +   3l    1x70mm    643mm
155.0Hz 280Hz  370Hz  118.6dB    2l +   3l    1x70mm    573mm
168.0Hz 254Hz  383Hz  120.0dB    3l +   3l    1x70mm    696mm
181.9Hz 262Hz  397Hz  121.4dB    3l +   3l    1x70mm    651mm
196.7Hz 285Hz  412Hz  122.8dB    2l +   3l    1x70mm    552mm
182.7Hz 302Hz  428Hz  121.5dB    2l +   3l    1x70mm    492mm
199.5Hz 319Hz  445Hz  123.0dB    2l +   3l    1x70mm    439mm
247.4Hz 338Hz  463Hz  126.7dB    2l +   3l    1x70mm    391mm
 77.7Hz 189Hz  458Hz  106.6dB    6l +   2l  * 1x40mm    592mm
 85.7Hz 200Hz  466Hz  108.3dB    5l +   2l  * 1x40mm    528mm
 94.4Hz 212Hz  474Hz  110.0dB    5l +   2l  - 1x50mm    735mm
103.8Hz 224Hz  484Hz  111.7dB    4l +   2l  - 1x50mm    655mm
114.1Hz 237Hz  494Hz  113.3dB    3l +   2l  - 1x50mm    584mm
125.2Hz 252Hz  505Hz  114.9dB    3l +   2l  - 1x50mm    520mm
137.2Hz 266Hz  517Hz  116.5dB    3l +   2l  - 1x50mm    464mm
150.2Hz 282Hz  530Hz  118.1dB    2l +   2l  - 1x50mm    413mm
164.2Hz 299Hz  544Hz  119.6dB    2l +   2l    1x70mm    722mm
179.3Hz 317Hz  559Hz  121.1dB    2l +   2l    1x70mm    643mm
195.5Hz 335Hz  575Hz  122.7dB    2l +   2l    1x70mm    573mm
212.9Hz 355Hz  593Hz  124.1dB    1l +   2l    1x70mm    511mm
231.6Hz 376Hz  612Hz  125.6dB    1l +   2l    1x70mm    455mm
251.6Hz 399Hz  632Hz  127.0dB    1l +   2l    1x70mm    406mm
273.0Hz 422Hz  653Hz  128.5dB    1l +   2l    1x70mm    362mm
296.0Hz 447Hz  676Hz  129.9dB    1l +   2l    1x70mm    322mm
320.5Hz 474Hz  700Hz  131.2dB    1l +   2l    1x70mm    287mm
-------------
10/100 SD 	
            96.0dB           100W      1x100mm
   fu     fb      fo      SplMech  Vb1     Vb2       d         l        C
 20.8Hz  43Hz   90Hz   89.0dB  -86l +  50l  * 1x50mm    627mm
 22.9Hz  46Hz   92Hz   90.6dB  -94l +  50l  * 1x50mm    559mm
 25.1Hz  49Hz   94Hz   92.2dB -104l +  50l  * 1x50mm    498mm
 27.4Hz  51Hz   97Hz   93.7dB -120l +  50l  * 1x50mm    444mm
 30.0Hz  55Hz   99Hz   95.3dB -143l +  50l  - 1x70mm    776mm
 32.7Hz  58Hz  102Hz   96.8dB -184l +  50l  - 1x70mm    692mm
 35.7Hz  61Hz  105Hz   98.3dB -269l +  50l  - 1x70mm    616mm
 38.9Hz  65Hz  108Hz   99.8dB -560l +  50l  - 1x70mm    549mm
 42.3Hz  69Hz  112Hz  101.3dB 2548l +  50l  - 1x70mm    490mm
 45.9Hz  73Hz  115Hz  102.7dB  353l +  50l  - 1x70mm    436mm
 49.8Hz  77Hz  119Hz  104.1dB  180l +  50l    1x100mm   794mm
 54.0Hz  82Hz  123Hz  105.5dB  116l +  50l    1x100mm   707mm
 58.5Hz  84Hz  128Hz  106.9dB   95l +  50l    1x100mm   662mm
 63.3Hz  92Hz  133Hz  108.3dB   63l +  50l    1x100mm   562mm
 68.4Hz  97Hz  138Hz  109.6dB   49l +  50l    1x100mm   501mm
 73.8Hz 103Hz  143Hz  110.9dB   40l +  50l    1x100mm   446mm
 79.6Hz 109Hz  149Hz  112.3dB   33l +  50l    1x100mm   398mm
 20.8Hz  51Hz   90Hz   89.0dB -114l +  37l  * 1x50mm    627mm
 22.9Hz  54Hz   92Hz   90.6dB -134l +  37l  * 1x50mm    559mm
 25.1Hz  57Hz   94Hz   92.2dB -168l +  37l  * 1x50mm    498mm
 27.4Hz  60Hz   97Hz   93.7dB -233l +  37l  * 1x50mm    444mm
 30.0Hz  64Hz   99Hz   95.3dB -411l +  37l  - 1x70mm    776mm
 32.7Hz  67Hz  102Hz   96.8dB -2990l +  37l  - 1x70mm    691mm
 35.7Hz  71Hz  105Hz   98.3dB  496l +  37l  - 1x70mm    616mm
 38.9Hz  76Hz  108Hz   99.8dB  215l +  37l  - 1x70mm    549mm
 42.3Hz  80Hz  112Hz  101.3dB  131l +  37l  - 1x70mm    490mm
 45.9Hz  85Hz  115Hz  102.7dB   91l +  37l  - 1x70mm    436mm
 49.8Hz  90Hz  119Hz  104.1dB   68l +  37l    1x100mm   794mm
 54.0Hz  82Hz  123Hz  105.5dB  116l +  37l  - 1x70mm    472mm
 58.5Hz  84Hz  128Hz  106.9dB   95l +  37l  - 1x70mm    442mm
 63.3Hz  92Hz  133Hz  108.3dB   63l +  37l    1x100mm   765mm
 58.8Hz  97Hz  138Hz  107.0dB   49l +  37l    1x100mm   682mm
 64.2Hz 103Hz  143Hz  108.5dB   40l +  37l    1x100mm   608mm
 79.6Hz 109Hz  149Hz  112.3dB   33l +  37l    1x100mm   541mm
 25.0Hz  61Hz  147Hz   92.1dB -250l +  26l  * 1x50mm    627mm
 27.6Hz  64Hz  150Hz   93.8dB -476l +  26l  * 1x50mm    559mm
 30.4Hz  68Hz  153Hz   95.5dB 28035l +  26l  * 1x50mm    498mm
 33.4Hz  72Hz  156Hz   97.2dB  411l +  26l  * 1x50mm    444mm
 36.7Hz  76Hz  159Hz   98.8dB  195l +  26l  - 1x70mm    776mm
 40.3Hz  81Hz  162Hz  100.4dB  123l +  26l  - 1x70mm    692mm
 44.1Hz  86Hz  166Hz  102.0dB   87l +  26l  - 1x70mm    616mm
 48.3Hz  91Hz  171Hz  103.6dB   65l +  26l  - 1x70mm    549mm
 52.8Hz  96Hz  175Hz  105.1dB   51l +  26l  - 1x70mm    490mm
 57.7Hz 102Hz  180Hz  106.7dB   41l +  26l  - 1x70mm    436mm
 62.9Hz 108Hz  185Hz  108.2dB   34l +  26l    1x100mm   794mm
 68.5Hz 114Hz  191Hz  109.6dB   28l +  26l    1x100mm   707mm
 74.5Hz 121Hz  197Hz  111.1dB   24l +  26l    1x100mm   630mm
 80.9Hz 128Hz  203Hz  112.5dB   20l +  26l    1x100mm   562mm
 87.8Hz 136Hz  210Hz  114.0dB   17l +  26l    1x100mm   501mm
 95.2Hz 144Hz  217Hz  115.4dB   15l +  26l    1x100mm   446mm
103.1Hz 152Hz  225Hz  116.7dB   13l +  26l    1x100mm   398mm
-------------
10/150 SD 	
            98.0dB           150W      1x100mm
   fu     fb      fo      SplMech  Vb1     Vb2       d         l        C
 31.4Hz  65Hz  136Hz   96.1dB -120l +  26l  * 1x50mm    537mm
 34.5Hz  69Hz  139Hz   97.7dB -156l +  26l  * 1x50mm    479mm
 37.8Hz  73Hz  142Hz   99.3dB -233l +  26l  * 1x50mm    426mm
 41.4Hz  78Hz  146Hz  100.9dB -524l +  26l  - 1x70mm    745mm
 45.2Hz  82Hz  150Hz  102.4dB 1299l +  26l  - 1x70mm    664mm
 49.4Hz  87Hz  154Hz  104.0dB  265l +  26l  - 1x70mm    592mm
 53.8Hz  92Hz  158Hz  105.5dB  140l +  26l  - 1x70mm    527mm
 58.6Hz  98Hz  163Hz  107.0dB   92l +  26l  - 1x70mm    470mm
 63.8Hz 104Hz  168Hz  108.4dB   66l +  26l  - 1x70mm    419mm
 69.3Hz 110Hz  174Hz  109.9dB   50l +  26l    1x100mm   762mm
 75.2Hz 116Hz  180Hz  111.3dB   40l +  26l    1x100mm   679mm
 81.5Hz 123Hz  186Hz  112.7dB   32l +  26l    1x100mm   605mm
 88.2Hz 127Hz  193Hz  114.1dB   29l +  26l    1x100mm   567mm
 95.5Hz 138Hz  200Hz  115.4dB   22l +  26l    1x100mm   481mm
103.1Hz 146Hz  208Hz  116.8dB   19l +  26l    1x100mm   429mm
111.3Hz 155Hz  216Hz  118.1dB   16l +  26l    1x100mm   382mm
120.1Hz 164Hz  225Hz  119.4dB   14l +  26l    1x100mm   340mm
 31.4Hz  76Hz  136Hz   96.1dB -370l +  19l  * 1x50mm    537mm
 34.5Hz  81Hz  139Hz   97.7dB -8131l +  19l  * 1x50mm    478mm
 37.8Hz  86Hz  142Hz   99.3dB  361l +  19l  * 1x50mm    426mm
 41.4Hz  91Hz  146Hz  100.9dB  167l +  19l  - 1x70mm    745mm
 45.2Hz  96Hz  150Hz  102.4dB  104l +  19l  - 1x70mm    664mm
 49.4Hz 102Hz  154Hz  104.0dB   73l +  19l  - 1x70mm    592mm
 53.8Hz 108Hz  158Hz  105.5dB   55l +  19l  - 1x70mm    527mm
 58.6Hz 114Hz  163Hz  107.0dB   43l +  19l  - 1x70mm    470mm
 63.8Hz 121Hz  168Hz  108.4dB   34l +  19l  - 1x70mm    419mm
 69.3Hz 128Hz  174Hz  109.9dB   28l +  19l    1x100mm   762mm
 75.2Hz 136Hz  180Hz  111.3dB   23l +  19l    1x100mm   679mm
 81.5Hz 123Hz  186Hz  112.7dB   32l +  19l  - 1x70mm    404mm
 88.2Hz 127Hz  193Hz  114.1dB   29l +  19l    1x100mm   772mm
 95.5Hz 138Hz  200Hz  115.4dB   22l +  19l    1x100mm   654mm
 88.6Hz 146Hz  208Hz  114.1dB   19l +  19l    1x100mm   583mm
 96.8Hz 155Hz  216Hz  115.7dB   16l +  19l    1x100mm   520mm
120.1Hz 164Hz  225Hz  119.4dB   14l +  19l    1x100mm   463mm
 37.7Hz  92Hz  222Hz   99.3dB  152l +  13l  * 1x50mm    537mm
 41.6Hz  97Hz  226Hz  101.0dB   97l +  13l  * 1x50mm    479mm
 45.8Hz 103Hz  230Hz  102.7dB   69l +  13l  * 1x50mm    427mm
 50.4Hz 109Hz  235Hz  104.3dB   52l +  13l  - 1x70mm    745mm
 55.4Hz 115Hz  240Hz  106.0dB   41l +  13l  - 1x70mm    664mm
 60.8Hz 122Hz  245Hz  107.6dB   33l +  13l  - 1x70mm    592mm
 66.6Hz 129Hz  251Hz  109.2dB   27l +  13l  - 1x70mm    527mm
 72.9Hz 137Hz  257Hz  110.7dB   23l +  13l  - 1x70mm    470mm
 79.7Hz 145Hz  264Hz  112.3dB   19l +  13l  - 1x70mm    419mm
 87.0Hz 154Hz  271Hz  113.8dB   16l +  13l    1x100mm   762mm
 94.9Hz 163Hz  279Hz  115.3dB   14l +  13l    1x100mm   679mm
103.3Hz 172Hz  288Hz  116.8dB   12l +  13l    1x100mm   605mm
112.4Hz 183Hz  297Hz  118.3dB   10l +  13l    1x100mm   540mm
122.1Hz 193Hz  306Hz  119.7dB    9l +  13l    1x100mm   481mm
132.5Hz 205Hz  317Hz  121.1dB    8l +  13l    1x100mm   429mm
143.6Hz 217Hz  328Hz  122.5dB    7l +  13l    1x100mm   382mm
155.5Hz 230Hz  340Hz  123.9dB    6l +  13l    1x100mm   340mm
-------------
10/150 HF-SD 	
            97.0dB           150W      1x100mm
   fu     fb      fo      SplMech  Vb1     Vb2       d         l        C
 24.0Hz  50Hz  104Hz   97.7dB  345l +  40l  * 1x50mm    591mm
 26.3Hz  53Hz  106Hz   99.3dB  244l +  40l  * 1x50mm    526mm
 28.8Hz  56Hz  109Hz  100.9dB  183l +  40l  * 1x50mm    469mm
 31.6Hz  59Hz  111Hz  102.5dB  143l +  40l  * 1x50mm    418mm
 34.5Hz  63Hz  114Hz  104.0dB  115l +  40l  - 1x70mm    730mm
 37.7Hz  67Hz  117Hz  105.5dB   94l +  40l  - 1x70mm    651mm
 41.1Hz  70Hz  121Hz  107.0dB   78l +  40l  - 1x70mm    580mm
 44.8Hz  75Hz  125Hz  108.5dB   66l +  40l  - 1x70mm    517mm
 48.7Hz  79Hz  128Hz  110.0dB   56l +  40l  - 1x70mm    461mm
 52.9Hz  84Hz  133Hz  111.4dB   48l +  40l  - 1x70mm    411mm
 57.4Hz  89Hz  137Hz  112.8dB   41l +  40l    1x100mm   747mm
 62.2Hz  94Hz  142Hz  114.2dB   35l +  40l    1x100mm   666mm
 67.3Hz  97Hz  147Hz  115.6dB   33l +  40l    1x100mm   624mm
 72.8Hz 105Hz  153Hz  117.0dB   27l +  40l    1x100mm   529mm
 78.7Hz 112Hz  158Hz  118.3dB   23l +  40l    1x100mm   471mm
 85.0Hz 118Hz  165Hz  119.7dB   20l +  40l    1x100mm   420mm
 91.6Hz 125Hz  171Hz  121.0dB   18l +  40l    1x100mm   374mm
 24.0Hz  58Hz  104Hz   97.7dB  154l +  29l  * 1x50mm    591mm
 26.3Hz  62Hz  106Hz   99.3dB  123l +  29l  * 1x50mm    526mm
 28.8Hz  65Hz  109Hz  100.9dB  100l +  29l  * 1x50mm    469mm
 31.6Hz  69Hz  111Hz  102.5dB   83l +  29l  * 1x50mm    418mm
 34.5Hz  73Hz  114Hz  104.0dB   69l +  29l  - 1x70mm    731mm
 37.7Hz  78Hz  117Hz  105.5dB   59l +  29l  - 1x70mm    651mm
 41.1Hz  82Hz  121Hz  107.0dB   50l +  29l  - 1x70mm    580mm
 44.8Hz  87Hz  125Hz  108.5dB   43l +  29l  - 1x70mm    517mm
 48.7Hz  92Hz  128Hz  110.0dB   37l +  29l  - 1x70mm    461mm
 52.9Hz  98Hz  133Hz  111.4dB   32l +  29l  - 1x70mm    411mm
 57.4Hz 103Hz  137Hz  112.8dB   28l +  29l    1x100mm   747mm
 62.2Hz  94Hz  142Hz  114.2dB   35l +  29l  - 1x70mm    444mm
 67.3Hz  97Hz  147Hz  115.6dB   33l +  29l  - 1x70mm    416mm
 72.8Hz 105Hz  153Hz  117.0dB   27l +  29l    1x100mm   720mm
 67.6Hz 112Hz  158Hz  115.7dB   23l +  29l    1x100mm   642mm
 73.9Hz 118Hz  165Hz  117.2dB   20l +  29l    1x100mm   572mm
 91.6Hz 125Hz  171Hz  121.0dB   18l +  29l    1x100mm   510mm
 28.8Hz  70Hz  169Hz  100.9dB   80l +  20l  * 1x50mm    591mm
 31.7Hz  74Hz  172Hz  102.6dB   68l +  20l  * 1x50mm    527mm
 35.0Hz  78Hz  176Hz  104.2dB   57l +  20l  * 1x50mm    469mm
 38.5Hz  83Hz  179Hz  105.9dB   49l +  20l  * 1x50mm    418mm
 42.3Hz  88Hz  183Hz  107.5dB   42l +  20l  - 1x70mm    731mm
 46.4Hz  93Hz  187Hz  109.1dB   36l +  20l  - 1x70mm    651mm
 50.8Hz  99Hz  192Hz  110.7dB   31l +  20l  - 1x70mm    580mm
 55.6Hz 105Hz  196Hz  112.3dB   27l +  20l  - 1x70mm    517mm
 60.8Hz 111Hz  202Hz  113.8dB   24l +  20l  - 1x70mm    461mm
 66.4Hz 117Hz  207Hz  115.4dB   21l +  20l  - 1x70mm    411mm
 72.4Hz 124Hz  213Hz  116.9dB   18l +  20l    1x100mm   747mm
 78.8Hz 132Hz  220Hz  118.4dB   16l +  20l    1x100mm   666mm
 85.8Hz 139Hz  226Hz  119.8dB   14l +  20l    1x100mm   594mm
 93.2Hz 148Hz  234Hz  121.3dB   13l +  20l    1x100mm   529mm
101.1Hz 156Hz  242Hz  122.7dB   11l +  20l    1x100mm   471mm
109.6Hz 166Hz  250Hz  124.1dB   10l +  20l    1x100mm   420mm
118.7Hz 175Hz  259Hz  125.5dB    9l +  20l    1x100mm   374mm
-------------
10/200 SD 	
            99.0dB           150W      1x100mm
   fu     fb      fo      SplMech  Vb1     Vb2       d         l        C
 37.8Hz  79Hz  164Hz  101.2dB  138l +  17l  * 1x50mm    547mm
 41.5Hz  83Hz  167Hz  102.8dB  100l +  17l  * 1x50mm    488mm
 45.5Hz  88Hz  171Hz  104.4dB   76l +  17l  * 1x50mm    435mm
 49.8Hz  93Hz  176Hz  105.9dB   60l +  17l  - 1x70mm    759mm
 54.4Hz  99Hz  180Hz  107.5dB   48l +  17l  - 1x70mm    677mm
 59.4Hz 105Hz  185Hz  109.0dB   40l +  17l  - 1x70mm    603mm
 64.8Hz 111Hz  191Hz  110.5dB   33l +  17l  - 1x70mm    538mm
 70.5Hz 118Hz  196Hz  112.0dB   28l +  17l  - 1x70mm    479mm
 76.7Hz 125Hz  202Hz  113.5dB   24l +  17l  - 1x70mm    427mm
 83.4Hz 132Hz  209Hz  114.9dB   20l +  17l    1x100mm   777mm
 90.5Hz 140Hz  216Hz  116.3dB   18l +  17l    1x100mm   692mm
 98.1Hz 148Hz  224Hz  117.7dB   15l +  17l    1x100mm   617mm
106.2Hz 153Hz  232Hz  119.1dB   14l +  17l    1x100mm   578mm
114.8Hz 166Hz  241Hz  120.5dB   12l +  17l    1x100mm   490mm
124.1Hz 176Hz  250Hz  121.8dB   10l +  17l    1x100mm   437mm
133.9Hz 186Hz  260Hz  123.1dB    9l +  17l    1x100mm   389mm
144.4Hz 198Hz  270Hz  124.4dB    8l +  17l    1x100mm   347mm
 37.8Hz  92Hz  164Hz  101.2dB   64l +  13l  * 1x50mm    547mm
 41.5Hz  97Hz  167Hz  102.8dB   52l +  13l  * 1x50mm    488mm
 45.5Hz 103Hz  171Hz  104.4dB   42l +  13l  * 1x50mm    435mm
 49.8Hz 109Hz  176Hz  105.9dB   35l +  13l  - 1x70mm    759mm
 54.4Hz 115Hz  180Hz  107.5dB   30l +  13l  - 1x70mm    677mm
 59.4Hz 122Hz  185Hz  109.0dB   25l +  13l  - 1x70mm    603mm
 64.8Hz 130Hz  191Hz  110.5dB   22l +  13l  - 1x70mm    538mm
 70.5Hz 137Hz  196Hz  112.0dB   18l +  13l  - 1x70mm    479mm
 76.7Hz 145Hz  202Hz  113.5dB   16l +  13l  - 1x70mm    427mm
 83.4Hz 154Hz  209Hz  114.9dB   14l +  13l    1x100mm   777mm
 90.5Hz 163Hz  216Hz  116.3dB   12l +  13l    1x100mm   692mm
 98.1Hz 148Hz  224Hz  117.7dB   15l +  13l  - 1x70mm    411mm
106.2Hz 153Hz  232Hz  119.1dB   14l +  13l    1x100mm   786mm
114.8Hz 166Hz  241Hz  120.5dB   12l +  13l    1x100mm   667mm
106.6Hz 176Hz  250Hz  119.2dB   10l +  13l    1x100mm   594mm
116.5Hz 186Hz  260Hz  120.7dB    9l +  13l    1x100mm   530mm
144.4Hz 198Hz  270Hz  124.4dB    8l +  13l    1x100mm   472mm
 45.4Hz 110Hz  267Hz  104.3dB   34l +   9l  * 1x50mm    547mm
 50.0Hz 117Hz  272Hz  106.0dB   29l +   9l  * 1x50mm    488mm
 55.1Hz 124Hz  277Hz  107.7dB   25l +   9l  * 1x50mm    435mm
 60.6Hz 131Hz  282Hz  109.4dB   21l +   9l  - 1x70mm    759mm
 66.6Hz 139Hz  288Hz  111.0dB   18l +   9l  - 1x70mm    677mm
 73.1Hz 147Hz  295Hz  112.6dB   16l +   9l  - 1x70mm    603mm
 80.1Hz 156Hz  302Hz  114.2dB   14l +   9l  - 1x70mm    537mm
 87.7Hz 165Hz  309Hz  115.8dB   12l +   9l  - 1x70mm    479mm
 95.9Hz 174Hz  318Hz  117.3dB   10l +   9l  - 1x70mm    427mm
104.6Hz 185Hz  326Hz  118.8dB    9l +   9l    1x100mm   777mm
114.1Hz 196Hz  336Hz  120.3dB    8l +   9l    1x100mm   692mm
124.3Hz 207Hz  346Hz  121.8dB    7l +   9l    1x100mm   617mm
135.2Hz 220Hz  357Hz  123.3dB    6l +   9l    1x100mm   550mm
146.9Hz 233Hz  369Hz  124.7dB    5l +   9l    1x100mm   490mm
159.4Hz 246Hz  381Hz  126.2dB    5l +   9l    1x100mm   437mm
172.8Hz 261Hz  395Hz  127.6dB    4l +   9l    1x100mm   389mm
187.1Hz 277Hz  409Hz  128.9dB    4l +   9l    1x100mm   347mm
-------------
10/250 HF-AL 	
            98.0dB           250W      1x100mm
   fu     fb      fo      SplMech  Vb1     Vb2       d         l        C
 40.5Hz  84Hz  175Hz  103.4dB   40l +  12l  * 1x50mm    699mm
 44.4Hz  89Hz  179Hz  105.1dB   34l +  12l  * 1x50mm    623mm
 48.7Hz  94Hz  183Hz  106.6dB   30l +  12l  * 1x50mm    555mm
 53.3Hz 100Hz  188Hz  108.2dB   26l +  12l  * 1x50mm    495mm
 58.3Hz 106Hz  193Hz  109.8dB   22l +  12l  * 1x50mm    441mm
 63.6Hz 112Hz  198Hz  111.3dB   20l +  12l  - 1x70mm    770mm
 69.3Hz 119Hz  204Hz  112.8dB   17l +  12l  - 1x70mm    687mm
 75.5Hz 126Hz  210Hz  114.3dB   15l +  12l  - 1x70mm    612mm
 82.1Hz 133Hz  217Hz  115.7dB   13l +  12l  - 1x70mm    545mm
 89.2Hz 141Hz  224Hz  117.2dB   12l +  12l  - 1x70mm    486mm
 96.8Hz 150Hz  231Hz  118.6dB   10l +  12l  - 1x70mm    433mm
105.0Hz 159Hz  240Hz  120.0dB    9l +  12l    1x100mm   788mm
113.7Hz 164Hz  248Hz  121.4dB    8l +  12l    1x100mm   738mm
122.9Hz 178Hz  258Hz  122.7dB    7l +  12l    1x100mm   626mm
132.8Hz 189Hz  267Hz  124.1dB    6l +  12l    1x100mm   558mm
143.4Hz 200Hz  278Hz  125.4dB    6l +  12l    1x100mm   497mm
154.6Hz 211Hz  289Hz  126.7dB    5l +  12l    1x100mm   443mm
 40.5Hz  98Hz  175Hz  103.4dB   27l +   9l  * 1x50mm    699mm
 44.4Hz 104Hz  179Hz  105.1dB   23l +   9l  * 1x50mm    623mm
 48.7Hz 110Hz  183Hz  106.6dB   20l +   9l  * 1x50mm    555mm
 53.3Hz 117Hz  188Hz  108.2dB   18l +   9l  * 1x50mm    495mm
 58.3Hz 124Hz  193Hz  109.8dB   16l +   9l  * 1x50mm    441mm
 63.6Hz 131Hz  198Hz  111.3dB   14l +   9l  - 1x70mm    770mm
 69.3Hz 139Hz  204Hz  112.8dB   12l +   9l  - 1x70mm    687mm
 75.5Hz 147Hz  210Hz  114.3dB   11l +   9l  - 1x70mm    612mm
 82.1Hz 156Hz  217Hz  115.7dB    9l +   9l  - 1x70mm    545mm
 89.2Hz 165Hz  224Hz  117.2dB    8l +   9l  - 1x70mm    486mm
 96.8Hz 175Hz  231Hz  118.6dB    7l +   9l  - 1x70mm    433mm
105.0Hz 159Hz  240Hz  120.0dB    9l +   9l  - 1x70mm    526mm
113.7Hz 164Hz  248Hz  121.4dB    8l +   9l  - 1x70mm    492mm
122.9Hz 178Hz  258Hz  122.7dB    7l +   9l  - 1x70mm    417mm
114.2Hz 189Hz  267Hz  121.4dB    6l +   9l    1x100mm   759mm
124.7Hz 200Hz  278Hz  123.0dB    6l +   9l    1x100mm   677mm
154.6Hz 211Hz  289Hz  126.7dB    5l +   9l    1x100mm   603mm
 48.6Hz 118Hz  286Hz  106.6dB   17l +   6l  * 1x50mm    699mm
 53.6Hz 125Hz  291Hz  108.3dB   15l +   6l  * 1x50mm    623mm
 59.0Hz 132Hz  296Hz  110.0dB   13l +   6l  * 1x50mm    555mm
 64.9Hz 140Hz  302Hz  111.6dB   12l +   6l  * 1x50mm    495mm
 71.3Hz 148Hz  309Hz  113.3dB   10l +   6l  * 1x50mm    441mm
 78.3Hz 157Hz  316Hz  114.9dB    9l +   6l  - 1x70mm    770mm
 85.8Hz 167Hz  323Hz  116.5dB    8l +   6l  - 1x70mm    687mm
 93.9Hz 176Hz  331Hz  118.0dB    7l +   6l  - 1x70mm    612mm
102.6Hz 187Hz  340Hz  119.6dB    6l +   6l  - 1x70mm    545mm
112.0Hz 198Hz  350Hz  121.1dB    6l +   6l  - 1x70mm    486mm
122.2Hz 210Hz  360Hz  122.6dB    5l +   6l  - 1x70mm    433mm
133.1Hz 222Hz  371Hz  124.1dB    4l +   6l    1x100mm   788mm
144.7Hz 235Hz  382Hz  125.6dB    4l +   6l    1x100mm   702mm
157.2Hz 249Hz  395Hz  127.0dB    4l +   6l    1x100mm   626mm
170.6Hz 264Hz  408Hz  128.4dB    3l +   6l    1x100mm   558mm
185.0Hz 280Hz  422Hz  129.8dB    3l +   6l    1x100mm   497mm
200.3Hz 296Hz  438Hz  131.2dB    2l +   6l    1x100mm   443mm
-------------
10/300 LC 	
           100.0dB           300W      1x100mm
   fu     fb      fo      SplMech  Vb1     Vb2       d         l        C
 73.6Hz 153Hz  318Hz  113.2dB   11l +   4l  * 1x50mm    674mm
 80.7Hz 162Hz  325Hz  114.8dB   10l +   4l  * 1x50mm    601mm
 88.5Hz 172Hz  333Hz  116.4dB    9l +   4l  * 1x50mm    535mm
 96.8Hz 182Hz  342Hz  118.0dB    7l +   4l  * 1x50mm    477mm
105.9Hz 193Hz  351Hz  119.5dB    7l +   4l  * 1x50mm    425mm
115.6Hz 204Hz  360Hz  121.0dB    6l +   4l  - 1x70mm    743mm
126.0Hz 216Hz  371Hz  122.5dB    5l +   4l  - 1x70mm    662mm
137.3Hz 229Hz  382Hz  124.0dB    5l +   4l  - 1x70mm    590mm
149.3Hz 243Hz  394Hz  125.5dB    4l +   4l  - 1x70mm    526mm
162.2Hz 257Hz  407Hz  126.9dB    4l +   4l  - 1x70mm    469mm
176.0Hz 272Hz  421Hz  128.3dB    3l +   4l  - 1x70mm    418mm
190.8Hz 288Hz  435Hz  129.7dB    3l +   4l    1x100mm   760mm
206.6Hz 298Hz  451Hz  131.1dB    3l +   4l    1x100mm   712mm
223.5Hz 323Hz  468Hz  132.5dB    2l +   4l    1x100mm   604mm
241.5Hz 343Hz  486Hz  133.8dB    2l +   4l    1x100mm   538mm
260.6Hz 363Hz  505Hz  135.2dB    2l +   4l    1x100mm   479mm
281.0Hz 384Hz  526Hz  136.5dB    2l +   4l    1x100mm   427mm
 73.6Hz 179Hz  318Hz  113.2dB    8l +   3l  * 1x50mm    674mm
 80.7Hz 189Hz  325Hz  114.8dB    7l +   3l  * 1x50mm    601mm
 88.5Hz 200Hz  333Hz  116.4dB    6l +   3l  * 1x50mm    535mm
 96.8Hz 212Hz  342Hz  118.0dB    5l +   3l  * 1x50mm    477mm
105.9Hz 225Hz  351Hz  119.5dB    5l +   3l  * 1x50mm    425mm
115.6Hz 238Hz  360Hz  121.0dB    4l +   3l  - 1x70mm    743mm
126.0Hz 252Hz  371Hz  122.5dB    4l +   3l  - 1x70mm    662mm
137.3Hz 267Hz  382Hz  124.0dB    3l +   3l  - 1x70mm    590mm
149.3Hz 283Hz  394Hz  125.5dB    3l +   3l  - 1x70mm    526mm
162.2Hz 300Hz  407Hz  126.9dB    3l +   3l  - 1x70mm    469mm
176.0Hz 317Hz  421Hz  128.3dB    2l +   3l  - 1x70mm    418mm
190.8Hz 288Hz  435Hz  129.7dB    3l +   3l  - 1x70mm    507mm
206.6Hz 298Hz  451Hz  131.1dB    3l +   3l  - 1x70mm    475mm
223.5Hz 323Hz  468Hz  132.5dB    2l +   3l  - 1x70mm    403mm
207.5Hz 343Hz  486Hz  131.2dB    2l +   3l    1x100mm   732mm
226.6Hz 363Hz  505Hz  132.7dB    2l +   3l    1x100mm   653mm
281.0Hz 384Hz  526Hz  136.5dB    2l +   3l    1x100mm   582mm
 88.3Hz 214Hz  520Hz  116.4dB    5l +   2l  * 1x50mm    674mm
 97.3Hz 227Hz  529Hz  118.1dB    5l +   2l  * 1x50mm    601mm
107.2Hz 240Hz  539Hz  119.7dB    4l +   2l  * 1x50mm    535mm
118.0Hz 255Hz  550Hz  121.4dB    4l +   2l  * 1x50mm    477mm
129.6Hz 270Hz  561Hz  123.0dB    3l +   2l  * 1x50mm    425mm
142.2Hz 286Hz  574Hz  124.6dB    3l +   2l  - 1x70mm    743mm
155.9Hz 303Hz  587Hz  126.2dB    2l +   2l  - 1x70mm    662mm
170.6Hz 321Hz  602Hz  127.8dB    2l +   2l  - 1x70mm    590mm
186.5Hz 340Hz  618Hz  129.4dB    2l +   2l  - 1x70mm    526mm
203.6Hz 360Hz  635Hz  130.9dB    2l +   2l  - 1x70mm    469mm
222.1Hz 381Hz  654Hz  132.4dB    2l +   2l  - 1x70mm    418mm
241.8Hz 404Hz  673Hz  133.9dB    1l +   2l    1x100mm   760mm
263.0Hz 427Hz  695Hz  135.3dB    1l +   2l    1x100mm   677mm
285.8Hz 453Hz  717Hz  136.8dB    1l +   2l    1x100mm   604mm
310.1Hz 480Hz  742Hz  138.2dB    1l +   2l    1x100mm   538mm
336.2Hz 508Hz  768Hz  139.6dB    1l +   2l    1x100mm   479mm
364.0Hz 538Hz  796Hz  141.0dB    1l +   2l    1x100mm   427mm
-------------
12/150 SD 	
            99.0dB           150W      2x100mm
   fu     fb      fo      SplMech  Vb1     Vb2       d         l        C
 26.2Hz  54Hz  113Hz   96.5dB -707l +  72l  * 1x70mm    541mm
 28.7Hz  58Hz  116Hz   98.2dB -1350l +  72l  * 1x70mm    482mm
 31.5Hz  61Hz  118Hz   99.7dB 61104l +  72l  * 1x70mm    430mm
 34.4Hz  65Hz  121Hz  101.3dB 1158l +  72l  - 1x100mm   782mm
 37.7Hz  69Hz  125Hz  102.9dB  550l +  72l  - 1x100mm   697mm
 41.1Hz  73Hz  128Hz  104.4dB  346l +  72l  - 1x100mm   621mm
 44.8Hz  77Hz  132Hz  105.9dB  245l +  72l  - 1x100mm   554mm
 48.8Hz  81Hz  136Hz  107.4dB  184l +  72l  - 1x100mm   493mm
 53.1Hz  86Hz  140Hz  108.8dB  144l +  72l  - 1x100mm   440mm
 57.7Hz  91Hz  145Hz  110.3dB  116l +  72l    2x100mm   779mm
 62.6Hz  97Hz  150Hz  111.7dB   95l +  72l    2x100mm   695mm
 67.9Hz 103Hz  155Hz  113.1dB   79l +  72l    2x100mm   619mm
 73.5Hz 106Hz  160Hz  114.5dB   71l +  72l    2x100mm   580mm
 79.5Hz 115Hz  167Hz  115.8dB   56l +  72l    2x100mm   492mm
 85.9Hz 122Hz  173Hz  117.2dB   48l +  72l    2x100mm   438mm
 92.7Hz 129Hz  180Hz  118.5dB   41l +  72l    2x100mm   391mm
100.0Hz 137Hz  187Hz  119.8dB   36l +  72l    2x100mm   348mm
 26.2Hz  63Hz  113Hz   96.5dB 1722l +  53l  * 1x70mm    541mm
 28.7Hz  67Hz  116Hz   98.2dB  667l +  53l  * 1x70mm    482mm
 31.5Hz  71Hz  118Hz   99.7dB  395l +  53l  * 1x70mm    430mm
 34.4Hz  75Hz  121Hz  101.3dB  271l +  53l  - 1x100mm   782mm
 37.7Hz  80Hz  125Hz  102.9dB  201l +  53l  - 1x100mm   697mm
 41.1Hz  85Hz  128Hz  104.4dB  155l +  53l  - 1x100mm   621mm
 44.8Hz  90Hz  132Hz  105.9dB  124l +  53l  - 1x100mm   554mm
 48.8Hz  95Hz  136Hz  107.4dB  101l +  53l  - 1x100mm   493mm
 53.1Hz 101Hz  140Hz  108.8dB   84l +  53l  - 1x100mm   440mm
 57.7Hz 107Hz  145Hz  110.3dB   70l +  53l    2x100mm   779mm
 62.6Hz 113Hz  150Hz  111.7dB   59l +  53l    2x100mm   694mm
 67.9Hz 103Hz  155Hz  113.1dB   79l +  53l  - 1x100mm   424mm
 73.5Hz 106Hz  160Hz  114.5dB   71l +  53l    2x100mm   789mm
 79.5Hz 115Hz  167Hz  115.8dB   56l +  53l    2x100mm   669mm
 73.8Hz 122Hz  173Hz  114.6dB   48l +  53l    2x100mm   596mm
 80.6Hz 129Hz  180Hz  116.1dB   41l +  53l    2x100mm   532mm
100.0Hz 137Hz  187Hz  119.8dB   36l +  53l    2x100mm   474mm
 31.4Hz  76Hz  185Hz   99.7dB  257l +  37l  * 1x70mm    541mm
 34.6Hz  81Hz  188Hz  101.4dB  192l +  37l  * 1x70mm    482mm
 38.1Hz  85Hz  192Hz  103.1dB  149l +  37l  * 1x70mm    430mm
 42.0Hz  91Hz  195Hz  104.7dB  120l +  37l  - 1x100mm   782mm
 46.1Hz  96Hz  200Hz  106.4dB   98l +  37l  - 1x100mm   697mm
 50.6Hz 102Hz  204Hz  108.0dB   81l +  37l  - 1x100mm   621mm
 55.4Hz 108Hz  209Hz  109.6dB   68l +  37l  - 1x100mm   554mm
 60.7Hz 114Hz  214Hz  111.2dB   58l +  37l  - 1x100mm   493mm
 66.3Hz 121Hz  220Hz  112.7dB   49l +  37l  - 1x100mm   440mm
 72.4Hz 128Hz  226Hz  114.2dB   42l +  37l    2x100mm   779mm
 79.0Hz 136Hz  232Hz  115.7dB   37l +  37l    2x100mm   694mm
 86.0Hz 144Hz  240Hz  117.2dB   32l +  37l    2x100mm   619mm
 93.6Hz 152Hz  247Hz  118.7dB   28l +  37l    2x100mm   552mm
101.6Hz 161Hz  255Hz  120.1dB   24l +  37l    2x100mm   492mm
110.3Hz 171Hz  264Hz  121.5dB   21l +  37l    2x100mm   438mm
119.6Hz 181Hz  273Hz  122.9dB   19l +  37l    2x100mm   391mm
129.5Hz 191Hz  283Hz  124.3dB   16l +  37l    2x100mm   348mm
-------------
12/200 SD 	
            98.0dB           200W      2x100mm
   fu     fb      fo      SplMech  Vb1     Vb2       d         l        C
 29.8Hz  62Hz  129Hz   98.8dB 1333l +  32l  * 1x70mm    948mm
 32.7Hz  66Hz  132Hz  100.4dB  439l +  32l  * 1x70mm    845mm
 35.8Hz  69Hz  135Hz  102.0dB  251l +  32l  * 1x70mm    753mm
 39.2Hz  74Hz  138Hz  103.5dB  169l +  32l  * 1x70mm    671mm
 42.8Hz  78Hz  142Hz  105.1dB  124l +  32l  * 1x70mm    598mm
 46.7Hz  83Hz  146Hz  106.6dB   95l +  32l  * 1x70mm    533mm
 51.0Hz  87Hz  150Hz  108.1dB   76l +  32l  * 1x70mm    475mm
 55.5Hz  93Hz  154Hz  109.6dB   62l +  32l  * 1x70mm    423mm
 60.4Hz  98Hz  159Hz  111.1dB   51l +  32l  - 1x100mm   770mm
 65.6Hz 104Hz  165Hz  112.5dB   43l +  32l  - 1x100mm   686mm
 71.2Hz 110Hz  170Hz  113.9dB   36l +  32l  - 1x100mm   612mm
 77.2Hz 117Hz  176Hz  115.3dB   31l +  32l  - 1x100mm   545mm
 83.5Hz 120Hz  182Hz  116.7dB   28l +  32l  - 1x100mm   511mm
 90.4Hz 131Hz  189Hz  118.1dB   23l +  32l  - 1x100mm   433mm
 97.6Hz 139Hz  197Hz  119.4dB   20l +  32l    2x100mm   767mm
105.4Hz 147Hz  204Hz  120.7dB   17l +  32l    2x100mm   684mm
113.6Hz 155Hz  213Hz  122.1dB   15l +  32l    2x100mm   609mm
 29.8Hz  72Hz  129Hz   98.8dB  190l +  23l  * 1x70mm    948mm
 32.7Hz  76Hz  132Hz  100.4dB  136l +  23l  * 1x70mm    845mm
 35.8Hz  81Hz  135Hz  102.0dB  103l +  23l  * 1x70mm    753mm
 39.2Hz  86Hz  138Hz  103.5dB   81l +  23l  * 1x70mm    671mm
 42.8Hz  91Hz  142Hz  105.1dB   66l +  23l  * 1x70mm    598mm
 46.7Hz  96Hz  146Hz  106.6dB   54l +  23l  * 1x70mm    533mm
 51.0Hz 102Hz  150Hz  108.1dB   45l +  23l  * 1x70mm    475mm
 55.5Hz 108Hz  154Hz  109.6dB   38l +  23l  * 1x70mm    423mm
 60.4Hz 114Hz  159Hz  111.1dB   32l +  23l  - 1x100mm   770mm
 65.6Hz 121Hz  165Hz  112.5dB   28l +  23l  - 1x100mm   686mm
 71.2Hz 128Hz  170Hz  113.9dB   24l +  23l  - 1x100mm   612mm
 77.2Hz 117Hz  176Hz  115.3dB   31l +  23l  - 1x100mm   742mm
 83.5Hz 120Hz  182Hz  116.7dB   28l +  23l  - 1x100mm   695mm
 90.4Hz 131Hz  189Hz  118.1dB   23l +  23l  - 1x100mm   589mm
 83.9Hz 139Hz  197Hz  116.8dB   20l +  23l  - 1x100mm   525mm
 91.7Hz 147Hz  204Hz  118.3dB   17l +  23l  - 1x100mm   468mm
113.6Hz 155Hz  213Hz  122.1dB   15l +  23l  - 1x100mm   417mm
 35.7Hz  87Hz  210Hz  101.9dB   78l +  16l  * 1x70mm    948mm
 39.4Hz  92Hz  214Hz  103.6dB   63l +  16l  * 1x70mm    845mm
 43.4Hz  97Hz  218Hz  105.3dB   52l +  16l  * 1x70mm    753mm
 47.7Hz 103Hz  222Hz  107.0dB   44l +  16l  * 1x70mm    671mm
 52.4Hz 109Hz  227Hz  108.6dB   37l +  16l  * 1x70mm    598mm
 57.5Hz 116Hz  232Hz  110.2dB   31l +  16l  * 1x70mm    533mm
 63.0Hz 122Hz  238Hz  111.8dB   27l +  16l  * 1x70mm    475mm
 69.0Hz 130Hz  244Hz  113.4dB   23l +  16l  * 1x70mm    423mm
 75.4Hz 137Hz  250Hz  114.9dB   20l +  16l  - 1x100mm   770mm
 82.3Hz 145Hz  257Hz  116.5dB   17l +  16l  - 1x100mm   686mm
 89.8Hz 154Hz  264Hz  118.0dB   15l +  16l  - 1x100mm   612mm
 97.8Hz 163Hz  272Hz  119.4dB   13l +  16l  - 1x100mm   545mm
106.4Hz 173Hz  281Hz  120.9dB   12l +  16l  - 1x100mm   486mm
115.6Hz 183Hz  290Hz  122.3dB   10l +  16l  - 1x100mm   433mm
125.4Hz 194Hz  300Hz  123.8dB    9l +  16l    2x100mm   767mm
135.9Hz 205Hz  310Hz  125.2dB    8l +  16l    2x100mm   684mm
147.2Hz 218Hz  322Hz  126.5dB    7l +  16l    2x100mm   609mm
-------------
12/250 SD 	
           100.0dB           250W      2x100mm
   fu     fb      fo      SplMech  Vb1     Vb2       d         l        C
 38.9Hz  81Hz  168Hz  103.4dB   87l +  24l  * 1x70mm    749mm
 42.7Hz  86Hz  172Hz  105.0dB   74l +  24l  * 1x70mm    667mm
 46.8Hz  91Hz  176Hz  106.6dB   63l +  24l  * 1x70mm    595mm
 51.2Hz  96Hz  181Hz  108.2dB   54l +  24l  * 1x70mm    530mm
 56.0Hz 102Hz  185Hz  109.7dB   47l +  24l  * 1x70mm    473mm
 61.1Hz 108Hz  190Hz  111.3dB   41l +  24l  * 1x70mm    421mm
 66.6Hz 114Hz  196Hz  112.8dB   35l +  24l  - 1x100mm   766mm
 72.6Hz 121Hz  202Hz  114.3dB   31l +  24l  - 1x100mm   683mm
 78.9Hz 128Hz  208Hz  115.7dB   27l +  24l  - 1x100mm   608mm
 85.8Hz 136Hz  215Hz  117.2dB   24l +  24l  - 1x100mm   542mm
 93.1Hz 144Hz  222Hz  118.6dB   21l +  24l  - 1x100mm   483mm
100.9Hz 152Hz  230Hz  120.0dB   18l +  24l  - 1x100mm   431mm
109.2Hz 157Hz  239Hz  121.4dB   17l +  24l  - 1x100mm   403mm
118.1Hz 171Hz  248Hz  122.7dB   14l +  24l    2x100mm   680mm
127.7Hz 181Hz  257Hz  124.1dB   13l +  24l    2x100mm   606mm
137.8Hz 192Hz  267Hz  125.4dB   11l +  24l    2x100mm   540mm
148.6Hz 203Hz  278Hz  126.7dB   10l +  24l    2x100mm   482mm
 38.9Hz  94Hz  168Hz  103.4dB   57l +  17l  * 1x70mm    749mm
 42.7Hz 100Hz  172Hz  105.0dB   49l +  17l  * 1x70mm    667mm
 46.8Hz 106Hz  176Hz  106.6dB   43l +  17l  * 1x70mm    595mm
 51.2Hz 112Hz  181Hz  108.2dB   37l +  17l  * 1x70mm    530mm
 56.0Hz 119Hz  185Hz  109.7dB   32l +  17l  * 1x70mm    473mm
 61.1Hz 126Hz  190Hz  111.3dB   28l +  17l  * 1x70mm    421mm
 66.6Hz 133Hz  196Hz  112.8dB   25l +  17l  - 1x100mm   766mm
 72.6Hz 141Hz  202Hz  114.3dB   22l +  17l  - 1x100mm   683mm
 78.9Hz 150Hz  208Hz  115.7dB   19l +  17l  - 1x100mm   609mm
 85.8Hz 158Hz  215Hz  117.2dB   17l +  17l  - 1x100mm   542mm
 93.1Hz 168Hz  222Hz  118.6dB   15l +  17l  - 1x100mm   483mm
100.9Hz 152Hz  230Hz  120.0dB   18l +  17l  - 1x100mm   586mm
109.2Hz 157Hz  239Hz  121.4dB   17l +  17l  - 1x100mm   549mm
118.1Hz 171Hz  248Hz  122.7dB   14l +  17l  - 1x100mm   466mm
109.7Hz 181Hz  257Hz  121.4dB   13l +  17l  - 1x100mm   415mm
119.8Hz 192Hz  267Hz  123.0dB   11l +  17l    2x100mm   736mm
148.6Hz 203Hz  278Hz  126.7dB   10l +  17l    2x100mm   655mm
 46.7Hz 113Hz  275Hz  106.6dB   36l +  12l  * 1x70mm    749mm
 51.5Hz 120Hz  280Hz  108.3dB   32l +  12l  * 1x70mm    668mm
 56.7Hz 127Hz  285Hz  110.0dB   28l +  12l  * 1x70mm    595mm
 62.4Hz 135Hz  291Hz  111.6dB   24l +  12l  * 1x70mm    530mm
 68.5Hz 143Hz  297Hz  113.3dB   21l +  12l  * 1x70mm    473mm
 75.2Hz 151Hz  303Hz  114.9dB   19l +  12l  * 1x70mm    421mm
 82.4Hz 160Hz  311Hz  116.5dB   16l +  12l  - 1x100mm   766mm
 90.2Hz 169Hz  318Hz  118.0dB   15l +  12l  - 1x100mm   683mm
 98.6Hz 180Hz  327Hz  119.6dB   13l +  12l  - 1x100mm   608mm
107.7Hz 190Hz  336Hz  121.1dB   11l +  12l  - 1x100mm   542mm
117.4Hz 201Hz  346Hz  122.6dB   10l +  12l  - 1x100mm   483mm
127.9Hz 213Hz  356Hz  124.1dB    9l +  12l  - 1x100mm   431mm
139.1Hz 226Hz  367Hz  125.6dB    8l +  12l    2x100mm   763mm
151.1Hz 239Hz  379Hz  127.0dB    7l +  12l    2x100mm   680mm
164.0Hz 254Hz  392Hz  128.4dB    6l +  12l    2x100mm   606mm
177.7Hz 269Hz  406Hz  129.8dB    6l +  12l    2x100mm   540mm
192.4Hz 285Hz  421Hz  131.2dB    5l +  12l    2x100mm   482mm
-------------
12/300 LC 	
           101.0dB           300W      2x100mm
   fu     fb      fo      SplMech  Vb1     Vb2       d         l        C
 68.8Hz 143Hz  298Hz  113.3dB   16l +   6l  * 1x70mm    945mm
 75.5Hz 152Hz  304Hz  115.0dB   14l +   6l  * 1x70mm    842mm
 82.8Hz 161Hz  312Hz  116.5dB   13l +   6l  * 1x70mm    750mm
 90.6Hz 170Hz  320Hz  118.1dB   11l +   6l  * 1x70mm    669mm
 99.1Hz 180Hz  328Hz  119.7dB   10l +   6l  * 1x70mm    596mm
108.1Hz 191Hz  337Hz  121.2dB    9l +   6l  * 1x70mm    531mm
117.9Hz 202Hz  347Hz  122.7dB    8l +   6l  * 1x70mm    474mm
128.4Hz 214Hz  357Hz  124.2dB    7l +   6l  * 1x70mm    422mm
139.7Hz 227Hz  369Hz  125.6dB    6l +   6l  - 1x100mm   768mm
151.8Hz 240Hz  381Hz  127.1dB    5l +   6l  - 1x100mm   684mm
164.7Hz 255Hz  394Hz  128.5dB    5l +   6l  - 1x100mm   610mm
178.5Hz 270Hz  407Hz  129.9dB    4l +   6l  - 1x100mm   543mm
193.3Hz 279Hz  422Hz  131.3dB    4l +   6l  - 1x100mm   509mm
209.1Hz 303Hz  438Hz  132.6dB    3l +   6l  - 1x100mm   432mm
225.9Hz 321Hz  455Hz  134.0dB    3l +   6l    2x100mm   765mm
243.8Hz 340Hz  473Hz  135.3dB    3l +   6l    2x100mm   682mm
263.0Hz 360Hz  492Hz  136.6dB    2l +   6l    2x100mm   608mm
 68.8Hz 167Hz  298Hz  113.3dB   12l +   4l  * 1x70mm    945mm
 75.5Hz 177Hz  304Hz  115.0dB   10l +   4l  * 1x70mm    842mm
 82.8Hz 187Hz  312Hz  116.5dB    9l +   4l  * 1x70mm    750mm
 90.6Hz 199Hz  320Hz  118.1dB    8l +   4l  * 1x70mm    669mm
 99.1Hz 210Hz  328Hz  119.7dB    7l +   4l  * 1x70mm    596mm
108.1Hz 223Hz  337Hz  121.2dB    6l +   4l  * 1x70mm    531mm
117.9Hz 236Hz  347Hz  122.7dB    6l +   4l  * 1x70mm    474mm
128.4Hz 250Hz  357Hz  124.2dB    5l +   4l  * 1x70mm    422mm
139.7Hz 265Hz  369Hz  125.6dB    4l +   4l  - 1x100mm   768mm
151.8Hz 280Hz  381Hz  127.1dB    4l +   4l  - 1x100mm   684mm
164.7Hz 297Hz  394Hz  128.5dB    4l +   4l  - 1x100mm   610mm
178.5Hz 270Hz  407Hz  129.9dB    4l +   4l  - 1x100mm   740mm
193.3Hz 279Hz  422Hz  131.3dB    4l +   4l  - 1x100mm   693mm
209.1Hz 303Hz  438Hz  132.6dB    3l +   4l  - 1x100mm   588mm
194.1Hz 321Hz  455Hz  131.4dB    3l +   4l  - 1x100mm   524mm
212.1Hz 340Hz  473Hz  132.9dB    3l +   4l  - 1x100mm   467mm
263.0Hz 360Hz  492Hz  136.6dB    2l +   4l  - 1x100mm   416mm
 82.6Hz 200Hz  486Hz  116.5dB    8l +   3l  * 1x70mm    945mm
 91.1Hz 212Hz  495Hz  118.2dB    7l +   3l  * 1x70mm    842mm
100.3Hz 225Hz  504Hz  119.9dB    6l +   3l  * 1x70mm    751mm
110.4Hz 238Hz  514Hz  121.5dB    6l +   3l  * 1x70mm    669mm
121.3Hz 252Hz  525Hz  123.2dB    5l +   3l  * 1x70mm    596mm
133.1Hz 267Hz  537Hz  124.8dB    4l +   3l  * 1x70mm    531mm
145.9Hz 283Hz  550Hz  126.4dB    4l +   3l  * 1x70mm    473mm
159.6Hz 300Hz  563Hz  128.0dB    3l +   3l  * 1x70mm    422mm
174.5Hz 318Hz  578Hz  129.5dB    3l +   3l  - 1x100mm   768mm
190.5Hz 337Hz  594Hz  131.0dB    3l +   3l  - 1x100mm   684mm
207.8Hz 356Hz  612Hz  132.5dB    2l +   3l  - 1x100mm   610mm
226.3Hz 378Hz  630Hz  134.0dB    2l +   3l  - 1x100mm   543mm
246.1Hz 400Hz  650Hz  135.5dB    2l +   3l  - 1x100mm   484mm
267.4Hz 424Hz  671Hz  136.9dB    2l +   3l  - 1x100mm   432mm
290.2Hz 449Hz  694Hz  138.3dB    2l +   3l    2x100mm   765mm
314.6Hz 475Hz  718Hz  139.7dB    1l +   3l    2x100mm   682mm
340.6Hz 504Hz  744Hz  141.1dB    1l +   3l    2x100mm   608mm
-------------
15/200 SD 	
            98.0dB           200W      2x100mm
   fu     fb      fo      SplMech  Vb1     Vb2       d         l        C
 18.2Hz  38Hz   79Hz   94.6dB -342l + 194l  * 1x70mm    414mm
 20.0Hz  40Hz   80Hz   96.3dB -374l + 194l  - 1x100mm   754mm
 21.9Hz  42Hz   82Hz   97.8dB -417l + 194l  - 1x100mm   672mm
 24.0Hz  45Hz   84Hz   99.4dB -480l + 194l  - 1x100mm   599mm
 26.2Hz  48Hz   87Hz  101.0dB -578l + 194l  - 1x100mm   534mm
 28.6Hz  50Hz   89Hz  102.5dB -750l + 194l  - 1x100mm   476mm
 31.2Hz  53Hz   92Hz  104.0dB -1125l + 194l  - 1x100mm   424mm
 34.0Hz  57Hz   94Hz  105.5dB -2560l + 194l    2x100mm   751mm
 36.9Hz  60Hz   97Hz  106.9dB 5904l + 194l    2x100mm   669mm
 40.1Hz  64Hz  101Hz  108.4dB 1255l + 194l    2x100mm   597mm
 43.5Hz  67Hz  104Hz  109.8dB  666l + 194l    2x100mm   532mm
 47.2Hz  71Hz  108Hz  111.2dB  437l + 194l    2x100mm   474mm
 51.1Hz  74Hz  112Hz  112.6dB  359l + 194l    2x100mm   444mm
 55.3Hz  80Hz  116Hz  113.9dB  240l + 194l    2x100mm   376mm
 59.7Hz  85Hz  120Hz  115.3dB  189l + 194l    2x100mm   336mm
 64.5Hz  90Hz  125Hz  116.6dB  153l + 194l    2x100mm   299mm
 69.5Hz  95Hz  130Hz  117.9dB  126l + 194l    2x100mm   267mm
 18.2Hz  44Hz   79Hz   94.6dB -457l + 143l  * 1x70mm    414mm
 20.0Hz  47Hz   80Hz   96.3dB -541l + 143l  - 1x100mm   754mm
 21.9Hz  50Hz   82Hz   97.8dB -682l + 143l  - 1x100mm   672mm
 24.0Hz  52Hz   84Hz   99.4dB -964l + 143l  - 1x100mm   599mm
 26.2Hz  56Hz   87Hz  101.0dB -1793l + 143l  - 1x100mm   534mm
 28.6Hz  59Hz   89Hz  102.5dB -56847l + 143l  - 1x100mm   476mm
 31.2Hz  62Hz   92Hz  104.0dB 1705l + 143l  - 1x100mm   424mm
 34.0Hz  66Hz   94Hz  105.5dB  790l + 143l    2x100mm   751mm
 36.9Hz  70Hz   97Hz  106.9dB  494l + 143l    2x100mm   670mm
 40.1Hz  74Hz  101Hz  108.4dB  347l + 143l    2x100mm   597mm
 43.5Hz  79Hz  104Hz  109.8dB  260l + 143l    2x100mm   532mm
 47.2Hz  71Hz  108Hz  111.2dB  437l + 143l    2x100mm   645mm
 51.1Hz  74Hz  112Hz  112.6dB  359l + 143l    2x100mm   604mm
 55.3Hz  80Hz  116Hz  113.9dB  240l + 143l    2x100mm   512mm
 51.3Hz  85Hz  120Hz  112.6dB  189l + 143l    2x100mm   457mm
 56.1Hz  90Hz  125Hz  114.2dB  153l + 143l    2x100mm   407mm
 69.5Hz  95Hz  130Hz  117.9dB  126l + 143l    2x100mm   363mm
 21.8Hz  53Hz  129Hz   97.8dB -1041l +  99l  * 1x70mm    414mm
 24.1Hz  56Hz  131Hz   99.5dB -2119l +  99l  - 1x100mm   754mm
 26.5Hz  59Hz  133Hz  101.2dB 12887l +  99l  - 1x100mm   672mm
 29.2Hz  63Hz  136Hz  102.8dB 1439l +  99l  - 1x100mm   599mm
 32.1Hz  67Hz  139Hz  104.5dB  721l +  99l  - 1x100mm   534mm
 35.2Hz  71Hz  142Hz  106.1dB  462l +  99l  - 1x100mm   476mm
 38.6Hz  75Hz  145Hz  107.7dB  330l +  99l  - 1x100mm   424mm
 42.2Hz  79Hz  149Hz  109.2dB  249l +  99l    2x100mm   751mm
 46.1Hz  84Hz  153Hz  110.8dB  196l +  99l    2x100mm   669mm
 50.4Hz  89Hz  157Hz  112.3dB  158l +  99l    2x100mm   597mm
 54.9Hz  94Hz  162Hz  113.8dB  130l +  99l    2x100mm   532mm
 59.8Hz 100Hz  167Hz  115.3dB  108l +  99l    2x100mm   474mm
 65.1Hz 106Hz  172Hz  116.8dB   91l +  99l    2x100mm   422mm
 70.7Hz 112Hz  177Hz  118.2dB   77l +  99l    2x100mm   376mm
 76.7Hz 119Hz  183Hz  119.6dB   66l +  99l    2x100mm   336mm
 83.2Hz 126Hz  190Hz  121.0dB   57l +  99l    2x100mm   299mm
 90.0Hz 133Hz  197Hz  122.4dB   49l +  99l    2x100mm   267mm
-------------
15/300 SD 	
            99.0dB           300W      2x100mm
   fu     fb      fo      SplMech  Vb1     Vb2       d         l        C
 23.8Hz  50Hz  103Hz  100.9dB  576l +  72l  * 1x70mm    651mm
 26.1Hz  52Hz  105Hz  102.5dB  415l +  72l  * 1x70mm    580mm
 28.6Hz  56Hz  108Hz  104.1dB  316l +  72l  * 1x70mm    517mm
 31.4Hz  59Hz  111Hz  105.7dB  249l +  72l  * 1x70mm    461mm
 34.3Hz  62Hz  113Hz  107.2dB  202l +  72l  * 1x70mm    411mm
 37.4Hz  66Hz  117Hz  108.7dB  166l +  72l  - 1x100mm   747mm
 40.8Hz  70Hz  120Hz  110.2dB  139l +  72l  - 1x100mm   666mm
 44.4Hz  74Hz  124Hz  111.7dB  117l +  72l  - 1x100mm   594mm
 48.3Hz  79Hz  128Hz  113.2dB   99l +  72l  - 1x100mm   529mm
 52.5Hz  83Hz  132Hz  114.6dB   85l +  72l  - 1x100mm   471mm
 57.0Hz  88Hz  136Hz  116.0dB   73l +  72l  - 1x100mm   420mm
 61.8Hz  93Hz  141Hz  117.4dB   63l +  72l    2x100mm   745mm
 66.9Hz  96Hz  146Hz  118.8dB   58l +  72l    2x100mm   697mm
 72.3Hz 105Hz  152Hz  120.2dB   48l +  72l    2x100mm   591mm
 78.2Hz 111Hz  157Hz  121.5dB   42l +  72l    2x100mm   527mm
 84.4Hz 117Hz  164Hz  122.9dB   37l +  72l    2x100mm   470mm
 91.0Hz 124Hz  170Hz  124.2dB   32l +  72l    2x100mm   419mm
 23.8Hz  58Hz  103Hz  100.9dB  268l +  53l  * 1x70mm    651mm
 26.1Hz  61Hz  105Hz  102.5dB  215l +  53l  * 1x70mm    580mm
 28.6Hz  65Hz  108Hz  104.1dB  176l +  53l  * 1x70mm    517mm
 31.4Hz  69Hz  111Hz  105.7dB  147l +  53l  * 1x70mm    461mm
 34.3Hz  73Hz  113Hz  107.2dB  123l +  53l  * 1x70mm    411mm
 37.4Hz  77Hz  117Hz  108.7dB  105l +  53l  - 1x100mm   747mm
 40.8Hz  82Hz  120Hz  110.2dB   89l +  53l  - 1x100mm   666mm
 44.4Hz  86Hz  124Hz  111.7dB   77l +  53l  - 1x100mm   593mm
 48.3Hz  92Hz  128Hz  113.2dB   66l +  53l  - 1x100mm   529mm
 52.5Hz  97Hz  132Hz  114.6dB   58l +  53l  - 1x100mm   471mm
 57.0Hz 103Hz  136Hz  116.0dB   50l +  53l  - 1x100mm   420mm
 61.8Hz  93Hz  141Hz  117.4dB   63l +  53l  - 1x100mm   510mm
 66.9Hz  96Hz  146Hz  118.8dB   58l +  53l  - 1x100mm   477mm
 72.3Hz 105Hz  152Hz  120.2dB   48l +  53l  - 1x100mm   405mm
 67.2Hz 111Hz  157Hz  118.9dB   42l +  53l    2x100mm   717mm
 73.4Hz 117Hz  164Hz  120.4dB   37l +  53l    2x100mm   639mm
 91.0Hz 124Hz  170Hz  124.2dB   32l +  53l    2x100mm   570mm
 28.6Hz  69Hz  168Hz  104.1dB  142l +  37l  * 1x70mm    651mm
 31.5Hz  73Hz  171Hz  105.8dB  120l +  37l  * 1x70mm    580mm
 34.7Hz  78Hz  174Hz  107.4dB  102l +  37l  * 1x70mm    517mm
 38.2Hz  82Hz  178Hz  109.1dB   87l +  37l  * 1x70mm    461mm
 42.0Hz  87Hz  182Hz  110.7dB   75l +  37l  * 1x70mm    411mm
 46.0Hz  92Hz  186Hz  112.3dB   65l +  37l  - 1x100mm   747mm
 50.5Hz  98Hz  190Hz  113.9dB   56l +  37l  - 1x100mm   666mm
 55.2Hz 104Hz  195Hz  115.5dB   49l +  37l  - 1x100mm   593mm
 60.4Hz 110Hz  200Hz  117.1dB   43l +  37l  - 1x100mm   529mm
 65.9Hz 116Hz  206Hz  118.6dB   38l +  37l  - 1x100mm   471mm
 71.9Hz 123Hz  212Hz  120.1dB   33l +  37l  - 1x100mm   420mm
 78.3Hz 131Hz  218Hz  121.6dB   29l +  37l    2x100mm   744mm
 85.2Hz 138Hz  225Hz  123.0dB   25l +  37l    2x100mm   664mm
 92.5Hz 147Hz  232Hz  124.5dB   22l +  37l    2x100mm   591mm
100.4Hz 155Hz  240Hz  125.9dB   20l +  37l    2x100mm   527mm
108.8Hz 164Hz  249Hz  127.3dB   18l +  37l    2x100mm   470mm
117.8Hz 174Hz  258Hz  128.7dB   16l +  37l    2x100mm   419mm
-------------
15/400 LC 	
           101.0dB           400W      2x100mm
   fu     fb      fo      SplMech  Vb1     Vb2       d         l        C
 36.0Hz  75Hz  156Hz  108.1dB  122l +  34l  * 1x70mm    605mm
 39.5Hz  79Hz  159Hz  109.7dB  104l +  34l  * 1x70mm    539mm
 43.2Hz  84Hz  163Hz  111.3dB   89l +  34l  * 1x70mm    481mm
 47.3Hz  89Hz  167Hz  112.8dB   77l +  34l  * 1x70mm    429mm
 51.7Hz  94Hz  171Hz  114.4dB   67l +  34l  - 1x100mm   779mm
 56.5Hz 100Hz  176Hz  115.9dB   58l +  34l  - 1x100mm   695mm
 61.6Hz 106Hz  181Hz  117.4dB   51l +  34l  - 1x100mm   619mm
 67.1Hz 112Hz  187Hz  118.9dB   44l +  34l  - 1x100mm   552mm
 73.0Hz 119Hz  193Hz  120.3dB   39l +  34l  - 1x100mm   492mm
 79.3Hz 126Hz  199Hz  121.8dB   34l +  34l  - 1x100mm   438mm
 86.0Hz 133Hz  206Hz  123.2dB   30l +  34l    2x100mm   777mm
 93.2Hz 141Hz  213Hz  124.6dB   26l +  34l    2x100mm   692mm
101.0Hz 146Hz  221Hz  126.0dB   25l +  34l    2x100mm   648mm
109.2Hz 158Hz  229Hz  127.3dB   21l +  34l    2x100mm   550mm
118.0Hz 167Hz  238Hz  128.7dB   18l +  34l    2x100mm   490mm
127.4Hz 177Hz  247Hz  130.0dB   16l +  34l    2x100mm   437mm
137.4Hz 188Hz  257Hz  131.3dB   14l +  34l    2x100mm   389mm
 36.0Hz  87Hz  156Hz  108.1dB   81l +  25l  * 1x70mm    605mm
 39.5Hz  92Hz  159Hz  109.7dB   70l +  25l  * 1x70mm    539mm
 43.2Hz  98Hz  163Hz  111.3dB   61l +  25l  * 1x70mm    481mm
 47.3Hz 104Hz  167Hz  112.8dB   53l +  25l  * 1x70mm    429mm
 51.7Hz 110Hz  171Hz  114.4dB   46l +  25l  - 1x100mm   780mm
 56.5Hz 116Hz  176Hz  115.9dB   40l +  25l  - 1x100mm   695mm
 61.6Hz 123Hz  181Hz  117.4dB   35l +  25l  - 1x100mm   619mm
 67.1Hz 131Hz  187Hz  118.9dB   31l +  25l  - 1x100mm   552mm
 73.0Hz 138Hz  193Hz  120.3dB   27l +  25l  - 1x100mm   492mm
 79.3Hz 146Hz  199Hz  121.8dB   24l +  25l  - 1x100mm   438mm
 86.0Hz 155Hz  206Hz  123.2dB   21l +  25l    2x100mm   777mm
 93.2Hz 141Hz  213Hz  124.6dB   26l +  25l  - 1x100mm   474mm
101.0Hz 146Hz  221Hz  126.0dB   25l +  25l  - 1x100mm   444mm
109.2Hz 158Hz  229Hz  127.3dB   21l +  25l    2x100mm   748mm
101.4Hz 167Hz  238Hz  126.1dB   18l +  25l    2x100mm   667mm
110.8Hz 177Hz  247Hz  127.6dB   16l +  25l    2x100mm   595mm
137.4Hz 188Hz  257Hz  131.3dB   14l +  25l    2x100mm   530mm
 43.1Hz 105Hz  254Hz  111.2dB   52l +  17l  * 1x70mm    605mm
 47.6Hz 111Hz  259Hz  112.9dB   45l +  17l  * 1x70mm    540mm
 52.4Hz 117Hz  263Hz  114.6dB   40l +  17l  * 1x70mm    481mm
 57.7Hz 124Hz  269Hz  116.2dB   35l +  17l  * 1x70mm    429mm
 63.3Hz 132Hz  274Hz  117.9dB   31l +  17l  - 1x100mm   780mm
 69.5Hz 140Hz  280Hz  119.5dB   27l +  17l  - 1x100mm   695mm
 76.2Hz 148Hz  287Hz  121.1dB   24l +  17l  - 1x100mm   619mm
 83.4Hz 157Hz  294Hz  122.7dB   21l +  17l  - 1x100mm   552mm
 91.2Hz 166Hz  302Hz  124.2dB   19l +  17l  - 1x100mm   492mm
 99.5Hz 176Hz  310Hz  125.7dB   16l +  17l  - 1x100mm   438mm
108.5Hz 186Hz  319Hz  127.2dB   15l +  17l    2x100mm   777mm
118.2Hz 197Hz  329Hz  128.7dB   13l +  17l    2x100mm   692mm
128.6Hz 209Hz  339Hz  130.2dB   11l +  17l    2x100mm   617mm
139.7Hz 221Hz  351Hz  131.6dB   10l +  17l    2x100mm   550mm
151.6Hz 234Hz  363Hz  133.0dB    9l +  17l    2x100mm   490mm
164.3Hz 248Hz  375Hz  134.4dB    8l +  17l    2x100mm   437mm
177.9Hz 263Hz  389Hz  135.8dB    7l +  17l    2x100mm   389mm
-------------
15 XR 600 	
            99.0dB           600W      2x100mm
   fu     fb      fo      SplMech  Vb1     Vb2       d         l        C
 29.1Hz  61Hz  126Hz  108.8dB  397l +  41l  * 1x70mm    761mm
 31.9Hz  64Hz  129Hz  110.4dB  271l +  41l  * 1x70mm    678mm
 35.0Hz  68Hz  132Hz  112.0dB  200l +  41l  * 1x70mm    604mm
 38.3Hz  72Hz  135Hz  113.6dB  154l +  41l  * 1x70mm    539mm
 41.9Hz  76Hz  139Hz  115.1dB  123l +  41l  * 1x70mm    480mm
 45.7Hz  81Hz  143Hz  116.7dB  100l +  41l  * 1x70mm    428mm
 49.9Hz  86Hz  147Hz  118.2dB   83l +  41l  - 1x100mm   778mm
 54.3Hz  91Hz  151Hz  119.6dB   69l +  41l  - 1x100mm   693mm
 59.1Hz  96Hz  156Hz  121.1dB   59l +  41l  - 1x100mm   618mm
 64.2Hz 102Hz  161Hz  122.5dB   50l +  41l  - 1x100mm   551mm
 69.6Hz 108Hz  166Hz  124.0dB   43l +  41l  - 1x100mm   491mm
 75.5Hz 114Hz  172Hz  125.4dB   37l +  41l  - 1x100mm   438mm
 81.7Hz 118Hz  179Hz  126.7dB   34l +  41l  - 1x100mm   410mm
 88.4Hz 128Hz  185Hz  128.1dB   28l +  41l    2x100mm   691mm
 95.5Hz 136Hz  192Hz  129.5dB   24l +  41l    2x100mm   616mm
103.1Hz 144Hz  200Hz  130.8dB   21l +  41l    2x100mm   549mm
111.2Hz 152Hz  208Hz  132.1dB   19l +  41l    2x100mm   489mm
 29.1Hz  71Hz  126Hz  108.8dB  167l +  30l  * 1x70mm    761mm
 31.9Hz  75Hz  129Hz  110.4dB  132l +  30l  * 1x70mm    678mm
 35.0Hz  79Hz  132Hz  112.0dB  107l +  30l  * 1x70mm    604mm
 38.3Hz  84Hz  135Hz  113.6dB   88l +  30l  * 1x70mm    539mm
 41.9Hz  89Hz  139Hz  115.1dB   73l +  30l  * 1x70mm    480mm
 45.7Hz  94Hz  143Hz  116.7dB   62l +  30l  * 1x70mm    428mm
 49.9Hz 100Hz  147Hz  118.2dB   53l +  30l  - 1x100mm   778mm
 54.3Hz 106Hz  151Hz  119.6dB   45l +  30l  - 1x100mm   693mm
 59.1Hz 112Hz  156Hz  121.1dB   39l +  30l  - 1x100mm   618mm
 64.2Hz 119Hz  161Hz  122.5dB   34l +  30l  - 1x100mm   551mm
 69.6Hz 126Hz  166Hz  124.0dB   29l +  30l  - 1x100mm   491mm
 75.5Hz 114Hz  172Hz  125.4dB   37l +  30l  - 1x100mm   596mm
 81.7Hz 118Hz  179Hz  126.7dB   34l +  30l  - 1x100mm   558mm
 88.4Hz 128Hz  185Hz  128.1dB   28l +  30l  - 1x100mm   473mm
 82.1Hz 136Hz  192Hz  126.8dB   24l +  30l  - 1x100mm   422mm
 89.7Hz 144Hz  200Hz  128.4dB   21l +  30l    2x100mm   747mm
111.2Hz 152Hz  208Hz  132.1dB   19l +  30l    2x100mm   666mm
 34.9Hz  85Hz  206Hz  112.0dB   85l +  21l  * 1x70mm    761mm
 38.5Hz  90Hz  209Hz  113.7dB   71l +  21l  * 1x70mm    678mm
 42.4Hz  95Hz  213Hz  115.4dB   60l +  21l  * 1x70mm    604mm
 46.7Hz 101Hz  217Hz  117.0dB   51l +  21l  * 1x70mm    538mm
 51.3Hz 107Hz  222Hz  118.6dB   44l +  21l  * 1x70mm    480mm
 56.3Hz 113Hz  227Hz  120.3dB   38l +  21l  * 1x70mm    428mm
 61.7Hz 120Hz  232Hz  121.9dB   33l +  21l  - 1x100mm   778mm
 67.5Hz 127Hz  238Hz  123.4dB   28l +  21l  - 1x100mm   693mm
 73.8Hz 134Hz  245Hz  125.0dB   25l +  21l  - 1x100mm   618mm
 80.6Hz 142Hz  251Hz  126.5dB   22l +  21l  - 1x100mm   551mm
 87.9Hz 151Hz  259Hz  128.0dB   19l +  21l  - 1x100mm   491mm
 95.7Hz 160Hz  266Hz  129.5dB   17l +  21l  - 1x100mm   438mm
104.1Hz 169Hz  275Hz  130.9dB   15l +  21l    2x100mm   775mm
113.1Hz 179Hz  284Hz  132.4dB   13l +  21l    2x100mm   691mm
122.7Hz 190Hz  293Hz  133.8dB   11l +  21l    2x100mm   616mm
133.0Hz 201Hz  304Hz  135.2dB   10l +  21l    2x100mm   549mm
144.0Hz 213Hz  315Hz  136.6dB    9l +  21l    2x100mm   489mm
-------------
15 XR 800 	
            98.0dB           800W      2x100mm
   fu     fb      fo      SplMech  Vb1     Vb2       d         l        C
 30.8Hz  64Hz  133Hz  109.8dB  152l +  28l  * 1x70mm   1002mm
 33.8Hz  68Hz  136Hz  111.4dB  121l +  28l  * 1x70mm    893mm
 37.1Hz  72Hz  140Hz  113.0dB   98l +  28l  * 1x70mm    796mm
 40.6Hz  76Hz  143Hz  114.6dB   81l +  28l  * 1x70mm    710mm
 44.3Hz  81Hz  147Hz  116.1dB   67l +  28l  * 1x70mm    632mm
 48.4Hz  85Hz  151Hz  117.7dB   57l +  28l  * 1x70mm    564mm
 52.8Hz  91Hz  155Hz  119.2dB   48l +  28l  * 1x70mm    502mm
 57.5Hz  96Hz  160Hz  120.6dB   41l +  28l  * 1x70mm    448mm
 62.5Hz 102Hz  165Hz  122.1dB   36l +  28l  * 1x70mm    399mm
 67.9Hz 108Hz  170Hz  123.5dB   31l +  28l  - 1x100mm   726mm
 73.7Hz 114Hz  176Hz  125.0dB   27l +  28l  - 1x100mm   647mm
 79.9Hz 121Hz  182Hz  126.4dB   23l +  28l  - 1x100mm   576mm
 86.5Hz 125Hz  189Hz  127.7dB   22l +  28l  - 1x100mm   540mm
 93.6Hz 135Hz  196Hz  129.1dB   18l +  28l  - 1x100mm   458mm
101.1Hz 144Hz  204Hz  130.5dB   16l +  28l  - 1x100mm   408mm
109.2Hz 152Hz  212Hz  131.8dB   14l +  28l    2x100mm   723mm
117.7Hz 161Hz  220Hz  133.1dB   12l +  28l    2x100mm   644mm
 30.8Hz  75Hz  133Hz  109.8dB   86l +  21l  * 1x70mm   1002mm
 33.8Hz  79Hz  136Hz  111.4dB   71l +  21l  * 1x70mm    893mm
 37.1Hz  84Hz  140Hz  113.0dB   60l +  21l  * 1x70mm    796mm
 40.6Hz  89Hz  143Hz  114.6dB   51l +  21l  * 1x70mm    710mm
 44.3Hz  94Hz  147Hz  116.1dB   43l +  21l  * 1x70mm    632mm
 48.4Hz 100Hz  151Hz  117.7dB   37l +  21l  * 1x70mm    564mm
 52.8Hz 106Hz  155Hz  119.2dB   32l +  21l  * 1x70mm    502mm
 57.5Hz 112Hz  160Hz  120.6dB   28l +  21l  * 1x70mm    448mm
 62.5Hz 119Hz  165Hz  122.1dB   24l +  21l  * 1x70mm    399mm
 67.9Hz 126Hz  170Hz  123.5dB   21l +  21l  - 1x100mm   726mm
 73.7Hz 133Hz  176Hz  125.0dB   19l +  21l  - 1x100mm   647mm
 79.9Hz 121Hz  182Hz  126.4dB   23l +  21l  - 1x100mm   785mm
 86.5Hz 125Hz  189Hz  127.7dB   22l +  21l  - 1x100mm   735mm
 93.6Hz 135Hz  196Hz  129.1dB   18l +  21l  - 1x100mm   623mm
 86.9Hz 144Hz  204Hz  127.8dB   16l +  21l  - 1x100mm   555mm
 94.9Hz 152Hz  212Hz  129.4dB   14l +  21l  - 1x100mm   495mm
117.7Hz 161Hz  220Hz  133.1dB   12l +  21l  - 1x100mm   441mm
 37.0Hz  90Hz  218Hz  113.0dB   50l +  14l  * 1x70mm   1002mm
 40.8Hz  95Hz  222Hz  114.7dB   42l +  14l  * 1x70mm    893mm
 44.9Hz 101Hz  226Hz  116.3dB   37l +  14l  * 1x70mm    796mm
 49.4Hz 107Hz  230Hz  118.0dB   32l +  14l  * 1x70mm    709mm
 54.3Hz 113Hz  235Hz  119.6dB   27l +  14l  * 1x70mm    632mm
 59.6Hz 120Hz  240Hz  121.3dB   24l +  14l  * 1x70mm    564mm
 65.3Hz 127Hz  246Hz  122.8dB   21l +  14l  * 1x70mm    502mm
 71.5Hz 134Hz  252Hz  124.4dB   18l +  14l  * 1x70mm    448mm
 78.1Hz 142Hz  259Hz  126.0dB   16l +  14l  * 1x70mm    399mm
 85.3Hz 151Hz  266Hz  127.5dB   14l +  14l  - 1x100mm   726mm
 93.0Hz 160Hz  274Hz  129.0dB   12l +  14l  - 1x100mm   647mm
101.3Hz 169Hz  282Hz  130.5dB   11l +  14l  - 1x100mm   576mm
110.2Hz 179Hz  291Hz  131.9dB   10l +  14l  - 1x100mm   514mm
119.7Hz 190Hz  300Hz  133.4dB    9l +  14l  - 1x100mm   458mm
129.9Hz 201Hz  311Hz  134.8dB    8l +  14l  - 1x100mm   408mm
140.8Hz 213Hz  322Hz  136.2dB    7l +  14l    2x100mm   723mm
152.5Hz 225Hz  333Hz  137.6dB    6l +  14l    2x100mm   644mm
-------------
18 XR 600 	
           101.0dB           600W      3x100mm
   fu     fb      fo      SplMech  Vb1     Vb2       d         l        C
 26.0Hz  54Hz  112Hz  109.9dB 1354l +  96l  * 1x100mm   844mm
 28.5Hz  57Hz  115Hz  111.5dB  802l +  96l  * 1x100mm   752mm
 31.2Hz  61Hz  118Hz  113.1dB  550l +  96l  * 1x100mm   670mm
 34.2Hz  64Hz  121Hz  114.7dB  407l +  96l  * 1x100mm   598mm
 37.4Hz  68Hz  124Hz  116.2dB  315l +  96l  * 1x100mm   533mm
 40.8Hz  72Hz  127Hz  117.7dB  251l +  96l  * 1x100mm   475mm
 44.5Hz  76Hz  131Hz  119.2dB  205l +  96l  * 1x100mm   423mm
 48.5Hz  81Hz  135Hz  120.7dB  170l +  96l  - 2x100mm   750mm
 52.7Hz  86Hz  139Hz  122.2dB  142l +  96l  - 2x100mm   668mm
 57.3Hz  91Hz  144Hz  123.6dB  120l +  96l  - 2x100mm   596mm
 62.1Hz  96Hz  149Hz  125.0dB  103l +  96l    3x100mm   799mm
 67.4Hz 102Hz  154Hz  126.4dB   88l +  96l    3x100mm   712mm
 72.9Hz 105Hz  159Hz  127.8dB   81l +  96l    3x100mm   667mm
 78.9Hz 114Hz  165Hz  129.2dB   66l +  96l    3x100mm   566mm
 85.2Hz 121Hz  172Hz  130.5dB   57l +  96l    3x100mm   504mm
 92.0Hz 128Hz  178Hz  131.9dB   50l +  96l    3x100mm   449mm
 99.2Hz 136Hz  186Hz  133.2dB   44l +  96l    3x100mm   400mm
 26.0Hz  63Hz  112Hz  109.9dB  446l +  70l  * 1x100mm   844mm
 28.5Hz  67Hz  115Hz  111.5dB  341l +  70l  * 1x100mm   752mm
 31.2Hz  71Hz  118Hz  113.1dB  270l +  70l  * 1x100mm   670mm
 34.2Hz  75Hz  121Hz  114.7dB  218l +  70l  * 1x100mm   598mm
 37.4Hz  79Hz  124Hz  116.2dB  180l +  70l  * 1x100mm   533mm
 40.8Hz  84Hz  127Hz  117.7dB  150l +  70l  * 1x100mm   475mm
 44.5Hz  89Hz  131Hz  119.2dB  127l +  70l  * 1x100mm   423mm
 48.5Hz  94Hz  135Hz  120.7dB  108l +  70l  - 2x100mm   750mm
 52.7Hz 100Hz  139Hz  122.2dB   93l +  70l  - 2x100mm   668mm
 57.3Hz 106Hz  144Hz  123.6dB   80l +  70l  - 2x100mm   596mm
 62.1Hz 112Hz  149Hz  125.0dB   69l +  70l    3x100mm   799mm
 67.4Hz 102Hz  154Hz  126.4dB   88l +  70l  - 2x100mm   644mm
 72.9Hz 105Hz  159Hz  127.8dB   81l +  70l  - 2x100mm   603mm
 78.9Hz 114Hz  165Hz  129.2dB   66l +  70l    3x100mm   770mm
 73.3Hz 121Hz  172Hz  127.9dB   57l +  70l    3x100mm   686mm
 80.0Hz 128Hz  178Hz  129.4dB   50l +  70l    3x100mm   612mm
 99.2Hz 136Hz  186Hz  133.2dB   44l +  70l    3x100mm   545mm
 31.2Hz  76Hz  184Hz  113.0dB  211l +  49l  * 1x100mm   844mm
 34.4Hz  80Hz  187Hz  114.7dB  175l +  49l  * 1x100mm   752mm
 37.9Hz  85Hz  190Hz  116.4dB  146l +  49l  * 1x100mm   671mm
 41.6Hz  90Hz  194Hz  118.1dB  123l +  49l  * 1x100mm   598mm
 45.8Hz  95Hz  198Hz  119.7dB  105l +  49l  * 1x100mm   533mm
 50.2Hz 101Hz  203Hz  121.3dB   90l +  49l  * 1x100mm   475mm
 55.0Hz 107Hz  207Hz  122.9dB   78l +  49l  * 1x100mm   423mm
 60.2Hz 113Hz  213Hz  124.5dB   67l +  49l  - 2x100mm   750mm
 65.8Hz 120Hz  218Hz  126.0dB   59l +  49l  - 2x100mm   668mm
 71.9Hz 127Hz  224Hz  127.6dB   51l +  49l  - 2x100mm   595mm
 78.4Hz 134Hz  231Hz  129.1dB   45l +  49l    3x100mm   799mm
 85.4Hz 142Hz  238Hz  130.6dB   39l +  49l    3x100mm   712mm
 92.9Hz 151Hz  245Hz  132.0dB   34l +  49l    3x100mm   635mm
100.9Hz 160Hz  253Hz  133.5dB   30l +  49l    3x100mm   566mm
109.5Hz 169Hz  262Hz  134.9dB   27l +  49l    3x100mm   504mm
118.7Hz 179Hz  271Hz  136.3dB   24l +  49l    3x100mm   449mm
128.5Hz 190Hz  281Hz  137.7dB   21l +  49l    3x100mm   400mm
-------------
18 XR 800 	
           101.0dB           800W      3x100mm
   fu     fb      fo      SplMech  Vb1     Vb2       d         l        C
 29.6Hz  62Hz  128Hz  112.4dB  910l +  73l  * 1x100mm   851mm
 32.5Hz  65Hz  131Hz  114.0dB  567l +  73l  * 1x100mm   758mm
 35.6Hz  69Hz  134Hz  115.6dB  398l +  73l  * 1x100mm   676mm
 39.0Hz  73Hz  137Hz  117.2dB  299l +  73l  * 1x100mm   602mm
 42.6Hz  78Hz  141Hz  118.7dB  233l +  73l  * 1x100mm   537mm
 46.5Hz  82Hz  145Hz  120.3dB  187l +  73l  * 1x100mm   478mm
 50.7Hz  87Hz  149Hz  121.8dB  153l +  73l  * 1x100mm   426mm
 55.2Hz  92Hz  154Hz  123.3dB  127l +  73l  - 2x100mm   756mm
 60.1Hz  98Hz  158Hz  124.7dB  107l +  73l  - 2x100mm   673mm
 65.2Hz 103Hz  164Hz  126.2dB   91l +  73l  - 2x100mm   600mm
 70.8Hz 109Hz  169Hz  127.6dB   78l +  73l  - 2x100mm   535mm
 76.8Hz 116Hz  175Hz  129.0dB   67l +  73l    3x100mm   718mm
 83.1Hz 120Hz  182Hz  130.4dB   61l +  73l    3x100mm   672mm
 89.9Hz 130Hz  188Hz  131.7dB   50l +  73l    3x100mm   570mm
 97.1Hz 138Hz  196Hz  133.1dB   44l +  73l    3x100mm   508mm
104.8Hz 146Hz  203Hz  134.4dB   38l +  73l    3x100mm   453mm
113.1Hz 155Hz  211Hz  135.7dB   33l +  73l    3x100mm   403mm
 29.6Hz  72Hz  128Hz  112.4dB  326l +  54l  * 1x100mm   851mm
 32.5Hz  76Hz  131Hz  114.0dB  252l +  54l  * 1x100mm   758mm
 35.6Hz  81Hz  134Hz  115.6dB  201l +  54l  * 1x100mm   676mm
 39.0Hz  85Hz  137Hz  117.2dB  163l +  54l  * 1x100mm   602mm
 42.6Hz  90Hz  141Hz  118.7dB  135l +  54l  * 1x100mm   537mm
 46.5Hz  96Hz  145Hz  120.3dB  113l +  54l  * 1x100mm   478mm
 50.7Hz 101Hz  149Hz  121.8dB   96l +  54l  * 1x100mm   426mm
 55.2Hz 107Hz  154Hz  123.3dB   82l +  54l  - 2x100mm   755mm
 60.1Hz 114Hz  158Hz  124.7dB   70l +  54l  - 2x100mm   673mm
 65.2Hz 121Hz  164Hz  126.2dB   60l +  54l  - 2x100mm   600mm
 70.8Hz 128Hz  169Hz  127.6dB   52l +  54l  - 2x100mm   535mm
 76.8Hz 116Hz  175Hz  129.0dB   67l +  54l  - 2x100mm   649mm
 83.1Hz 120Hz  182Hz  130.4dB   61l +  54l  - 2x100mm   608mm
 89.9Hz 130Hz  188Hz  131.7dB   50l +  54l    3x100mm   776mm
 83.5Hz 138Hz  196Hz  130.4dB   44l +  54l    3x100mm   691mm
 91.2Hz 146Hz  203Hz  132.0dB   38l +  54l    3x100mm   616mm
113.1Hz 155Hz  211Hz  135.7dB   33l +  54l    3x100mm   549mm
 35.5Hz  86Hz  209Hz  115.6dB  158l +  37l  * 1x100mm   851mm
 39.2Hz  91Hz  213Hz  117.3dB  131l +  37l  * 1x100mm   758mm
 43.1Hz  97Hz  217Hz  119.0dB  110l +  37l  * 1x100mm   676mm
 47.5Hz 102Hz  221Hz  120.6dB   93l +  37l  * 1x100mm   602mm
 52.1Hz 108Hz  226Hz  122.3dB   80l +  37l  * 1x100mm   537mm
 57.2Hz 115Hz  231Hz  123.9dB   68l +  37l  * 1x100mm   478mm
 62.7Hz 122Hz  236Hz  125.5dB   59l +  37l  * 1x100mm   426mm
 68.6Hz 129Hz  242Hz  127.0dB   51l +  37l  - 2x100mm   755mm
 75.0Hz 137Hz  249Hz  128.6dB   45l +  37l  - 2x100mm   673mm
 81.9Hz 145Hz  256Hz  130.1dB   39l +  37l  - 2x100mm   600mm
 89.3Hz 153Hz  263Hz  131.6dB   34l +  37l  - 2x100mm   535mm
 97.3Hz 162Hz  271Hz  133.1dB   30l +  37l    3x100mm   718mm
105.8Hz 172Hz  279Hz  134.6dB   26l +  37l    3x100mm   640mm
115.0Hz 182Hz  289Hz  136.0dB   23l +  37l    3x100mm   570mm
124.8Hz 193Hz  298Hz  137.4dB   20l +  37l    3x100mm   508mm
135.2Hz 204Hz  309Hz  138.8dB   18l +  37l    3x100mm   453mm
146.4Hz 216Hz  320Hz  140.2dB   16l +  37l    3x100mm   404mm
