-------------
6/90 PCD  	
      97.0dB             90W
Rpre   Spl     SplMech Pmech SplEle      f3

0.20  97.3dB: (121.8dB   447W 114.9dB) @ 241Hz
              (124.8dB   895W 114.9dB) @ 287Hz
0.60  97.0dB: (120.6dB   364W 114.5dB) @ 225Hz
              (123.6dB   729W 114.5dB) @ 268Hz
1.00  96.7dB: (119.5dB   301W 114.2dB) @ 211Hz
              (122.5dB   602W 114.2dB) @ 251Hz
-------------
6/100 PCD 	
      99.0dB            100W
Rpre   Spl     SplMech Pmech SplEle      f3

0.20  98.2dB: (121.8dB   349W 116.4dB) @ 241Hz
              (124.8dB   699W 116.4dB) @ 287Hz
0.60  97.9dB: (120.6dB   286W 116.1dB) @ 226Hz
              (123.7dB   572W 116.1dB) @ 268Hz
1.00  97.6dB: (119.6dB   237W 115.8dB) @ 212Hz
              (122.6dB   475W 115.8dB) @ 252Hz
              (125.6dB   949W 115.8dB) @ 300Hz
-------------
8/100 SD 	
      97.0dB            100W
Rpre   Spl     SplMech Pmech SplEle      f3

0.20  96.8dB: (117.2dB   164W 115.0dB) @ 143Hz
              (120.2dB   329W 115.0dB) @ 170Hz
              (123.2dB   658W 115.0dB) @ 202Hz
0.60  96.5dB: (116.4dB   147W 114.7dB) @ 136Hz
              (119.4dB   295W 114.7dB) @ 162Hz
              (122.4dB   590W 114.7dB) @ 193Hz
1.00  96.2dB: (115.7dB   134W 114.4dB) @ 131Hz
              (118.7dB   267W 114.4dB) @ 156Hz
              (121.7dB   535W 114.4dB) @ 185Hz
-------------
8/150 SD 	
      99.0dB            150W
Rpre   Spl     SplMech Pmech SplEle      f3

0.20  98.8dB: (122.0dB   300W 119.0dB) @ 188Hz
              (125.0dB   599W 119.0dB) @ 224Hz
              (128.0dB  1199W 119.0dB) @ 266Hz
0.60  98.5dB: (121.0dB   255W 118.7dB) @ 178Hz
              (124.0dB   510W 118.7dB) @ 212Hz
              (127.0dB  1019W 118.7dB) @ 252Hz
1.00  98.2dB: (120.1dB   219W 118.4dB) @ 169Hz
              (123.1dB   438W 118.4dB) @ 201Hz
              (126.1dB   877W 118.4dB) @ 239Hz
-------------
8/250 PCD 	
      99.0dB            250W
Rpre   Spl     SplMech Pmech SplEle      f3

0.20  98.0dB: (123.8dB   565W 120.3dB) @ 209Hz
              (126.8dB  1130W 120.3dB) @ 249Hz
              (129.9dB  2260W 120.3dB) @ 296Hz
0.60  97.7dB: (122.8dB   477W 120.0dB) @ 197Hz
              (125.8dB   954W 120.0dB) @ 234Hz
              (128.8dB  1907W 120.0dB) @ 279Hz
1.00  97.4dB: (121.8dB   408W 119.7dB) @ 187Hz
              (124.8dB   815W 119.7dB) @ 222Hz
              (127.9dB  1630W 119.7dB) @ 264Hz
-------------
10/100 SD 	
      96.0dB            100W
Rpre   Spl     SplMech Pmech SplEle      f3

0.20  94.9dB: (109.3dB    39W 113.4dB) @  67Hz
              (112.4dB    79W 113.4dB) @  80Hz
              (115.4dB   157W 113.4dB) @  95Hz
              (118.4dB   315W 113.4dB) @ 113Hz
              (121.4dB   629W 113.4dB) @ 135Hz
0.60  94.6dB: (108.3dB    33W 113.1dB) @  64Hz
              (111.3dB    67W 113.1dB) @  76Hz
              (114.4dB   133W 113.1dB) @  90Hz
              (117.4dB   266W 113.1dB) @ 107Hz
              (120.4dB   533W 113.1dB) @ 127Hz
1.00  94.3dB: (107.4dB    29W 112.8dB) @  60Hz
              (110.4dB    57W 112.8dB) @  72Hz
              (113.4dB   114W 112.8dB) @  85Hz
              (116.4dB   228W 112.8dB) @ 101Hz
              (119.4dB   456W 112.8dB) @ 120Hz
              (122.5dB   913W 112.8dB) @ 143Hz
-------------
10/150 SD 	
      98.0dB            150W
Rpre   Spl     SplMech Pmech SplEle      f3

0.20  97.4dB: (116.5dB   128W 117.2dB) @ 102Hz
              (119.5dB   256W 117.2dB) @ 121Hz
              (122.5dB   512W 117.2dB) @ 144Hz
              (125.5dB  1023W 117.2dB) @ 171Hz
0.60  97.1dB: (115.4dB   106W 116.9dB) @  95Hz
              (118.4dB   212W 116.9dB) @ 113Hz
              (121.4dB   424W 116.9dB) @ 135Hz
              (124.4dB   849W 116.9dB) @ 160Hz
1.00  96.8dB: (114.3dB    89W 116.6dB) @  90Hz
              (117.3dB   179W 116.6dB) @ 107Hz
              (120.3dB   357W 116.6dB) @ 127Hz
              (123.3dB   715W 116.6dB) @ 151Hz
              (126.4dB  1429W 116.6dB) @ 179Hz
-------------
10/150 HF-SD 	
      97.0dB            150W
Rpre   Spl     SplMech Pmech SplEle      f3

0.20  96.1dB: (118.1dB   356W 114.3dB) @  77Hz
              (121.1dB   712W 114.3dB) @  92Hz
              (124.1dB  1425W 114.3dB) @ 110Hz
0.60  95.7dB: (116.3dB   265W 113.9dB) @  70Hz
              (119.3dB   530W 113.9dB) @  83Hz
              (122.4dB  1061W 113.9dB) @  99Hz
1.00  95.3dB: (114.8dB   203W 113.5dB) @  64Hz
              (117.8dB   406W 113.5dB) @  76Hz
              (120.8dB   813W 113.5dB) @  91Hz
-------------
10/200 SD 	
      99.0dB            150W
Rpre   Spl     SplMech Pmech SplEle      f3

0.20  98.3dB: (121.5dB   282W 118.8dB) @ 122Hz
              (124.5dB   565W 118.8dB) @ 145Hz
              (127.5dB  1129W 118.8dB) @ 173Hz
0.60  98.1dB: (120.5dB   237W 118.5dB) @ 115Hz
              (123.5dB   473W 118.5dB) @ 137Hz
              (126.5dB   946W 118.5dB) @ 163Hz
1.00  97.8dB: (119.5dB   200W 118.2dB) @ 109Hz
              (122.5dB   401W 118.2dB) @ 129Hz
              (125.5dB   802W 118.2dB) @ 154Hz
-------------
10/250 HF-AL 	
      98.0dB            250W
Rpre   Spl     SplMech Pmech SplEle      f3

0.20  97.6dB: (123.8dB  1018W 117.7dB) @ 131Hz
              (126.8dB  2036W 117.7dB) @ 156Hz
0.60  97.2dB: (122.0dB   745W 117.2dB) @ 118Hz
              (125.0dB  1491W 117.2dB) @ 140Hz
1.00  96.7dB: (120.3dB   564W 116.8dB) @ 107Hz
              (123.3dB  1128W 116.8dB) @ 127Hz
              (126.4dB  2255W 116.8dB) @ 151Hz
-------------
10/300 LC 	
     100.0dB            300W
Rpre   Spl     SplMech Pmech SplEle      f3

0.20 100.4dB: (133.6dB  3015W 123.5dB) @ 238Hz
0.60 100.1dB: (132.4dB  2486W 123.2dB) @ 223Hz
1.00  99.8dB: (131.4dB  2076W 123.0dB) @ 210Hz
-------------
12/150 SD 	
      99.0dB            150W
Rpre   Spl     SplMech Pmech SplEle      f3

0.20  99.7dB: (116.9dB    72W 120.1dB) @  85Hz
              (119.9dB   144W 120.1dB) @ 101Hz
              (122.9dB   287W 120.1dB) @ 120Hz
              (125.9dB   574W 120.1dB) @ 142Hz
              (129.0dB  1148W 120.1dB) @ 169Hz
0.60  99.4dB: (115.9dB    60W 119.8dB) @  80Hz
              (118.9dB   121W 119.8dB) @  95Hz
              (121.9dB   241W 119.8dB) @ 113Hz
              (124.9dB   482W 119.8dB) @ 134Hz
              (127.9dB   964W 119.8dB) @ 159Hz
1.00  99.1dB: (114.9dB    51W 119.6dB) @  75Hz
              (117.9dB   102W 119.6dB) @  90Hz
              (120.9dB   205W 119.6dB) @ 107Hz
              (123.9dB   409W 119.6dB) @ 127Hz
              (126.9dB   819W 119.6dB) @ 151Hz
-------------
12/200 SD 	
      98.0dB            200W
Rpre   Spl     SplMech Pmech SplEle      f3

0.20  97.3dB: (119.1dB   221W 118.7dB) @  96Hz
              (122.2dB   442W 118.7dB) @ 114Hz
              (125.2dB   884W 118.7dB) @ 136Hz
              (128.2dB  1767W 118.7dB) @ 162Hz
0.60  97.0dB: (118.2dB   190W 118.4dB) @  91Hz
              (121.2dB   379W 118.4dB) @ 108Hz
              (124.2dB   759W 118.4dB) @ 129Hz
              (127.2dB  1517W 118.4dB) @ 153Hz
1.00  96.7dB: (117.3dB   165W 118.1dB) @  86Hz
              (120.3dB   330W 118.1dB) @ 103Hz
              (123.3dB   659W 118.1dB) @ 122Hz
              (126.3dB  1318W 118.1dB) @ 145Hz
-------------
12/250 SD 	
     100.0dB            250W
Rpre   Spl     SplMech Pmech SplEle      f3

0.20 100.0dB: (123.8dB   333W 122.6dB) @ 126Hz
              (126.8dB   666W 122.6dB) @ 149Hz
              (129.8dB  1332W 122.6dB) @ 178Hz
0.60  99.8dB: (122.7dB   277W 122.3dB) @ 118Hz
              (125.7dB   554W 122.3dB) @ 140Hz
              (128.7dB  1109W 122.3dB) @ 167Hz
              (131.7dB  2217W 122.3dB) @ 199Hz
1.00  99.5dB: (121.7dB   233W 122.0dB) @ 111Hz
              (124.7dB   467W 122.0dB) @ 132Hz
              (127.7dB   934W 122.0dB) @ 158Hz
              (130.7dB  1867W 122.0dB) @ 187Hz
-------------
12/300 LC 	
     101.0dB            300W
Rpre   Spl     SplMech Pmech SplEle      f3

0.20 101.6dB: (133.7dB  2342W 124.8dB) @ 222Hz
0.60 101.4dB: (132.6dB  1921W 124.5dB) @ 208Hz
1.00 101.1dB: (131.5dB  1596W 124.2dB) @ 196Hz
-------------
15/200 SD 	
      98.0dB            200W
Rpre   Spl     SplMech Pmech SplEle      f3

0.20  98.3dB: (115.0dB    69W 119.6dB) @  59Hz
              (118.0dB   137W 119.6dB) @  70Hz
              (121.0dB   275W 119.6dB) @  83Hz
              (124.0dB   550W 119.6dB) @  99Hz
              (127.0dB  1100W 119.6dB) @ 118Hz
0.60  98.0dB: (114.1dB    60W 119.3dB) @  56Hz
              (117.1dB   120W 119.3dB) @  66Hz
              (120.1dB   239W 119.3dB) @  79Hz
              (123.1dB   478W 119.3dB) @  94Hz
              (126.1dB   957W 119.3dB) @ 112Hz
              (129.2dB  1913W 119.3dB) @ 133Hz
1.00  97.8dB: (113.3dB    53W 119.1dB) @  53Hz
              (116.3dB   105W 119.1dB) @  63Hz
              (119.3dB   211W 119.1dB) @  75Hz
              (122.3dB   421W 119.1dB) @  89Hz
              (125.3dB   843W 119.1dB) @ 106Hz
              (128.3dB  1685W 119.1dB) @ 127Hz
-------------
15/150+150 SD 	
      99.0dB              2W
Rpre   Spl     SplMech Pmech SplEle      f3

0.20  98.4dB: (121.4dB   223W 100.9dB) @  72Hz
0.60  98.2dB: (120.5dB   192W 100.7dB) @  68Hz
1.00  98.0dB: (119.7dB   167W 100.5dB) @  65Hz
-------------
15/250+250 	
      99.0dB              2W
Rpre   Spl     SplMech Pmech SplEle      f3

0.20  99.2dB: (117.4dB    69W 102.1dB) @  62Hz
0.60  99.0dB: (116.7dB    60W 101.9dB) @  59Hz
1.00  98.8dB: (115.9dB    53W 101.6dB) @  56Hz
-------------
15/300 SD 	
      99.0dB            300W
Rpre   Spl     SplMech Pmech SplEle      f3

0.20  98.4dB: (121.3dB   282W 121.5dB) @  77Hz
              (124.3dB   564W 121.5dB) @  92Hz
              (127.3dB  1129W 121.5dB) @ 109Hz
              (130.3dB  2258W 121.5dB) @ 129Hz
0.60  98.1dB: (120.2dB   235W 121.2dB) @  72Hz
              (123.2dB   471W 121.2dB) @  86Hz
              (126.2dB   941W 121.2dB) @ 102Hz
              (129.2dB  1882W 121.2dB) @ 122Hz
1.00  97.8dB: (119.2dB   199W 121.0dB) @  68Hz
              (122.2dB   397W 121.0dB) @  81Hz
              (125.2dB   795W 121.0dB) @  96Hz
              (128.2dB  1590W 121.0dB) @ 115Hz
-------------
15/400 LC 	
     101.0dB            400W
Rpre   Spl     SplMech Pmech SplEle      f3

0.20 100.6dB: (128.4dB   926W 124.8dB) @ 116Hz
              (131.4dB  1852W 124.8dB) @ 138Hz
              (134.4dB  3704W 124.8dB) @ 164Hz
0.60 100.3dB: (127.2dB   758W 124.5dB) @ 109Hz
              (130.3dB  1516W 124.5dB) @ 129Hz
              (133.3dB  3032W 124.5dB) @ 153Hz
1.00 100.0dB: (126.1dB   630W 124.2dB) @ 102Hz
              (129.2dB  1259W 124.2dB) @ 121Hz
              (132.2dB  2518W 124.2dB) @ 144Hz
-------------
15/400+400 	
      98.0dB              2W
Rpre   Spl     SplMech Pmech SplEle      f3

0.20  97.8dB: (126.1dB   821W 100.0dB) @  79Hz
0.60  97.6dB: (125.2dB   696W  99.8dB) @  75Hz
1.00  97.4dB: (124.3dB   597W  99.5dB) @  71Hz
-------------
15 XR 600 	
      99.0dB            600W
Rpre   Spl     SplMech Pmech SplEle      f3

0.20  98.5dB: (129.2dB  1574W 125.0dB) @  94Hz
              (132.2dB  3149W 125.0dB) @ 112Hz
0.60  98.3dB: (128.2dB  1331W 124.7dB) @  89Hz
              (131.2dB  2662W 124.7dB) @ 106Hz
              (134.2dB  5324W 124.7dB) @ 126Hz
1.00  98.0dB: (127.2dB  1138W 124.5dB) @  84Hz
              (130.3dB  2276W 124.5dB) @ 100Hz
              (133.3dB  4553W 124.5dB) @ 119Hz
-------------
15 XR 800 	
      98.0dB            800W
Rpre   Spl     SplMech Pmech SplEle      f3

0.20  97.8dB: (130.2dB  2406W 125.4dB) @ 100Hz
              (133.2dB  4811W 125.4dB) @ 118Hz
0.60  97.6dB: (129.1dB  1993W 125.1dB) @  93Hz
              (132.1dB  3987W 125.1dB) @ 111Hz
              (135.1dB  7973W 125.1dB) @ 132Hz
1.00  97.3dB: (128.0dB  1672W 124.8dB) @  88Hz
              (131.1dB  3344W 124.8dB) @ 105Hz
              (134.1dB  6687W 124.8dB) @ 125Hz
-------------
18/300+300 	
      98.0dB              2W
Rpre   Spl     SplMech Pmech SplEle      f3

0.20  99.4dB: (121.8dB   181W 102.2dB) @  58Hz
0.60  99.2dB: (121.0dB   158W 102.0dB) @  55Hz
1.00  99.0dB: (120.2dB   139W 101.8dB) @  53Hz
-------------
18/400+400 	
     100.0dB              2W
Rpre   Spl     SplMech Pmech SplEle      f3

0.20  99.8dB: (124.1dB   322W 102.0dB) @  59Hz
0.60  99.5dB: (123.2dB   276W 101.8dB) @  56Hz
1.00  99.3dB: (122.4dB   239W 101.6dB) @  53Hz
-------------
18 XR 600 	
     101.0dB            600W
Rpre   Spl     SplMech Pmech SplEle      f3

0.20 100.8dB: (130.3dB  1414W 126.5dB) @  84Hz
              (133.3dB  2827W 126.5dB) @ 100Hz
              (136.3dB  5654W 126.5dB) @ 119Hz
0.60 100.5dB: (129.1dB  1154W 126.2dB) @  78Hz
              (132.1dB  2309W 126.2dB) @  93Hz
              (135.1dB  4617W 126.2dB) @ 111Hz
1.00 100.2dB: (127.9dB   957W 125.9dB) @  73Hz
              (130.9dB  1914W 125.9dB) @  87Hz
              (134.0dB  3828W 125.9dB) @ 104Hz
-------------
18 XR 800 	
     101.0dB            800W
Rpre   Spl     SplMech Pmech SplEle      f3

0.20 101.2dB: (132.8dB  2074W 128.7dB) @  96Hz
              (135.8dB  4149W 128.7dB) @ 114Hz
0.60 100.9dB: (131.8dB  1744W 128.4dB) @  90Hz
              (134.8dB  3487W 128.4dB) @ 107Hz
              (137.8dB  6974W 128.4dB) @ 127Hz
1.00 100.6dB: (130.8dB  1484W 128.1dB) @  85Hz
              (133.8dB  2967W 128.1dB) @ 101Hz
              (136.8dB  5935W 128.1dB) @ 120Hz
