-------------
6/90 PCD  	
      97.0dB                             90W
Rpre   Spl      qtc    Vb     SplMech Pmech SplEle      f3

0.20  97.3dB:   0.7    8.2l: (121.5dB   413W 114.9dB) @ 237Hz
                0.8    3.4l: (122.9dB   571W 114.9dB) @ 257Hz
                0.9    2.1l: (123.4dB   638W 114.9dB) @ 264Hz
                1.0    1.4l: (123.9dB   726W 114.9dB) @ 272Hz
                1.1    1.1l: (124.7dB   863W 114.9dB) @ 285Hz
                1.1    1.1l: (121.8dB   447W 114.9dB) @ 241Hz (  180uF)

0.60  97.0dB:   0.7   19.8l: (120.3dB   336W 114.5dB) @ 221Hz
                0.8    5.1l: (121.7dB   465W 114.5dB) @ 239Hz
                0.9    2.7l: (122.2dB   520W 114.5dB) @ 246Hz
                1.0    1.8l: (122.7dB   591W 114.5dB) @ 254Hz
                1.1    1.3l: (123.5dB   703W 114.5dB) @ 265Hz
                1.1    1.3l: (120.6dB   364W 114.5dB) @ 225Hz (  193uF)

1.00  96.7dB:   0.8    8.2l: (120.5dB   384W 114.2dB) @ 224Hz
                0.9    3.7l: (121.0dB   429W 114.2dB) @ 231Hz
                1.0    2.3l: (121.6dB   488W 114.2dB) @ 238Hz
                1.1    1.6l: (122.3dB   581W 114.2dB) @ 249Hz
                1.1    1.6l: (119.5dB   301W 114.2dB) @ 211Hz (  205uF)

-------------
6/100 PCD 	
      99.0dB                            100W
Rpre   Spl      qtc    Vb     SplMech Pmech SplEle      f3

0.20  98.2dB:   0.5   12.1l: (122.4dB   402W 116.4dB) @ 250Hz
                0.6    5.4l: (121.4dB   318W 116.4dB) @ 236Hz
                0.7    3.3l: (121.5dB   322W 116.4dB) @ 237Hz
                0.8    2.3l: (122.9dB   446W 116.4dB) @ 257Hz
                0.9    1.7l: (123.4dB   498W 116.4dB) @ 264Hz
                1.0    1.3l: (123.9dB   567W 116.4dB) @ 272Hz
                1.1    1.0l: (124.7dB   674W 116.4dB) @ 284Hz
                1.1    1.0l: (121.8dB   349W 116.4dB) @ 241Hz (  173uF)

0.60  97.9dB:   0.5   18.7l: (121.3dB   329W 116.1dB) @ 234Hz
                0.6    7.1l: (120.2dB   261W 116.1dB) @ 220Hz
                0.7    4.1l: (120.3dB   264W 116.1dB) @ 221Hz
                0.8    2.7l: (121.7dB   365W 116.1dB) @ 240Hz
                0.9    2.0l: (122.2dB   408W 116.1dB) @ 247Hz
                1.0    1.5l: (122.7dB   464W 116.1dB) @ 255Hz
                1.1    1.2l: (123.5dB   552W 116.1dB) @ 266Hz
                1.1    1.2l: (120.6dB   286W 116.1dB) @ 226Hz (  185uF)

1.00  97.6dB:   0.5   33.6l: (120.2dB   273W 115.8dB) @ 219Hz
                0.6    9.3l: (119.1dB   216W 115.8dB) @ 207Hz
                0.7    5.0l: (119.2dB   219W 115.8dB) @ 208Hz
                0.8    3.3l: (120.6dB   303W 115.8dB) @ 225Hz
                0.9    2.3l: (121.1dB   339W 115.8dB) @ 232Hz
                1.0    1.8l: (121.7dB   385W 115.8dB) @ 239Hz
                1.1    1.4l: (122.4dB   458W 115.8dB) @ 250Hz
                1.1    1.4l: (119.6dB   237W 115.8dB) @ 212Hz (  197uF)

-------------
8/100 SD 	
      97.0dB                            100W
Rpre   Spl      qtc    Vb     SplMech Pmech SplEle      f3

0.20  96.8dB:   0.7  495.3l: (116.8dB   152W 115.0dB) @ 140Hz
                0.8   35.5l: (118.2dB   210W 115.0dB) @ 152Hz
                0.9   17.3l: (118.7dB   235W 115.0dB) @ 156Hz
                1.0   11.0l: (119.3dB   267W 115.0dB) @ 161Hz
                1.1    7.8l: (120.0dB   317W 115.0dB) @ 168Hz
                1.1    7.8l: (117.2dB   164W 115.0dB) @ 143Hz (  292uF)

0.60  96.5dB:   0.8   53.8l: (117.5dB   188W 114.7dB) @ 145Hz
                0.9   21.9l: (117.9dB   210W 114.7dB) @ 149Hz
                1.0   13.2l: (118.5dB   239W 114.7dB) @ 154Hz
                1.1    9.1l: (119.3dB   284W 114.7dB) @ 161Hz
                1.1    9.1l: (116.4dB   147W 114.7dB) @ 136Hz (  306uF)

1.00  96.2dB:   0.8   94.5l: (116.8dB   171W 114.4dB) @ 139Hz
                0.9   28.1l: (117.2dB   191W 114.4dB) @ 143Hz
                1.0   15.8l: (117.8dB   217W 114.4dB) @ 148Hz
                1.1   10.6l: (118.6dB   258W 114.4dB) @ 154Hz
                1.1   10.6l: (115.7dB   134W 114.4dB) @ 131Hz (  319uF)

-------------
8/150 SD 	
      99.0dB                            150W
Rpre   Spl      qtc    Vb     SplMech Pmech SplEle      f3

0.20  98.8dB:   0.5   21.0l: (122.6dB   345W 119.0dB) @ 195Hz
                0.6   11.8l: (121.6dB   273W 119.0dB) @ 184Hz
                0.7    7.8l: (121.7dB   276W 119.0dB) @ 185Hz
                0.8    5.6l: (123.1dB   382W 119.0dB) @ 200Hz
                0.9    4.2l: (123.6dB   428W 119.0dB) @ 206Hz
                1.0    3.3l: (124.1dB   486W 119.0dB) @ 213Hz
                1.1    2.7l: (124.9dB   578W 119.0dB) @ 222Hz
                1.1    2.7l: (122.0dB   300W 119.0dB) @ 188Hz (  210uF)

0.60  98.5dB:   0.5   26.0l: (121.6dB   293W 118.7dB) @ 184Hz
                0.6   13.9l: (120.6dB   232W 118.7dB) @ 174Hz
                0.7    9.0l: (120.7dB   235W 118.7dB) @ 174Hz
                0.8    6.4l: (122.1dB   325W 118.7dB) @ 189Hz
                0.9    4.8l: (122.6dB   363W 118.7dB) @ 194Hz
                1.0    3.8l: (123.1dB   413W 118.7dB) @ 201Hz
                1.1    3.0l: (123.9dB   492W 118.7dB) @ 210Hz
                1.1    3.0l: (121.0dB   255W 118.7dB) @ 178Hz (  222uF)

1.00  98.2dB:   0.5   32.4l: (120.7dB   252W 118.4dB) @ 175Hz
                0.6   16.5l: (119.7dB   200W 118.4dB) @ 165Hz
                0.7   10.4l: (119.7dB   202W 118.4dB) @ 165Hz
                0.8    7.3l: (121.2dB   280W 118.4dB) @ 179Hz
                0.9    5.5l: (121.6dB   313W 118.4dB) @ 184Hz
                1.0    4.3l: (122.2dB   356W 118.4dB) @ 190Hz
                1.1    3.4l: (123.0dB   423W 118.4dB) @ 199Hz
                1.1    3.4l: (120.1dB   219W 118.4dB) @ 169Hz (  234uF)

-------------
8/250 PCD 	
      99.0dB                            250W
Rpre   Spl      qtc    Vb     SplMech Pmech SplEle      f3

0.20  98.0dB:   0.5   12.4l: (124.4dB   650W 120.3dB) @ 217Hz
                0.6    7.0l: (123.4dB   515W 120.3dB) @ 204Hz
                0.7    4.7l: (123.5dB   521W 120.3dB) @ 205Hz
                0.8    3.3l: (124.9dB   721W 120.3dB) @ 222Hz
                0.9    2.5l: (125.4dB   806W 120.3dB) @ 229Hz
                1.0    2.0l: (125.9dB   917W 120.3dB) @ 236Hz
                1.1    1.6l: (126.7dB  1090W 120.3dB) @ 247Hz
                1.1    1.6l: (123.8dB   565W 120.3dB) @ 209Hz (  196uF)

0.60  97.7dB:   0.5   15.4l: (123.4dB   549W 120.0dB) @ 204Hz
                0.6    8.4l: (122.4dB   435W 120.0dB) @ 193Hz
                0.7    5.4l: (122.4dB   440W 120.0dB) @ 193Hz
                0.8    3.9l: (123.9dB   608W 120.0dB) @ 210Hz
                0.9    2.9l: (124.3dB   680W 120.0dB) @ 215Hz
                1.0    2.3l: (124.9dB   774W 120.0dB) @ 222Hz
                1.1    1.8l: (125.7dB   920W 120.0dB) @ 232Hz
                1.1    1.8l: (122.8dB   477W 120.0dB) @ 197Hz (  208uF)

1.00  97.4dB:   0.5   19.2l: (122.4dB   469W 119.7dB) @ 193Hz
                0.6    9.9l: (121.4dB   372W 119.7dB) @ 182Hz
                0.7    6.3l: (121.5dB   376W 119.7dB) @ 183Hz
                0.8    4.4l: (122.9dB   520W 119.7dB) @ 198Hz
                0.9    3.3l: (123.4dB   581W 119.7dB) @ 204Hz
                1.0    2.6l: (123.9dB   661W 119.7dB) @ 211Hz
                1.1    2.1l: (124.7dB   786W 119.7dB) @ 220Hz
                1.1    2.1l: (121.8dB   408W 119.7dB) @ 187Hz (  220uF)

-------------
10/100 SD 	
      96.0dB                            100W
Rpre   Spl      qtc    Vb     SplMech Pmech SplEle      f3

0.20  94.9dB:   0.8  182.5l: (110.4dB    50W 113.4dB) @  72Hz
                0.9   82.3l: (110.9dB    56W 113.4dB) @  74Hz
                1.0   51.0l: (111.4dB    64W 113.4dB) @  76Hz
                1.1   35.9l: (112.2dB    76W 113.4dB) @  79Hz
                1.1   35.9l: (109.3dB    39W 113.4dB) @  67Hz (  577uF)

0.60  94.6dB:   0.8  366.0l: (109.4dB    42W 113.1dB) @  68Hz
                0.9  115.4l: (109.9dB    47W 113.1dB) @  69Hz
                1.0   65.4l: (110.4dB    54W 113.1dB) @  72Hz
                1.1   44.2l: (111.2dB    64W 113.1dB) @  75Hz
                1.1   44.2l: (108.3dB    33W 113.1dB) @  64Hz (  611uF)

1.00  94.3dB:   0.9  173.3l: (108.9dB    41W 112.8dB) @  66Hz
                1.0   85.3l: (109.5dB    46W 112.8dB) @  68Hz
                1.1   54.6l: (110.3dB    55W 112.8dB) @  71Hz
                1.1   54.6l: (107.4dB    29W 112.8dB) @  60Hz (  645uF)

-------------
10/150 SD 	
      98.0dB                            150W
Rpre   Spl      qtc    Vb     SplMech Pmech SplEle      f3

0.20  97.4dB:   0.6  272.1l: (116.1dB   117W 117.2dB) @  99Hz
                0.7   73.5l: (116.1dB   118W 117.2dB) @ 100Hz
                0.8   39.9l: (117.5dB   163W 117.2dB) @ 108Hz
                0.9   26.3l: (118.0dB   182W 117.2dB) @ 111Hz
                1.0   19.0l: (118.6dB   208W 117.2dB) @ 115Hz
                1.1   14.6l: (119.3dB   247W 117.2dB) @ 120Hz
                1.1   14.6l: (116.5dB   128W 117.2dB) @ 102Hz (  427uF)

0.60  97.1dB:   0.7  110.5l: (115.0dB    98W 116.9dB) @  93Hz
                0.8   52.3l: (116.4dB   135W 116.9dB) @ 101Hz
                0.9   32.8l: (116.9dB   151W 116.9dB) @ 104Hz
                1.0   23.1l: (117.5dB   172W 116.9dB) @ 107Hz
                1.1   17.4l: (118.2dB   205W 116.9dB) @ 112Hz
                1.1   17.4l: (115.4dB   106W 116.9dB) @  95Hz (  456uF)

1.00  96.8dB:   0.7  187.7l: (114.0dB    82W 116.6dB) @  88Hz
                0.8   70.2l: (115.4dB   114W 116.6dB) @  95Hz
                0.9   41.1l: (115.9dB   127W 116.6dB) @  98Hz
                1.0   28.0l: (116.4dB   145W 116.6dB) @ 101Hz
                1.1   20.8l: (117.2dB   172W 116.6dB) @ 106Hz
                1.1   20.8l: (114.3dB    89W 116.6dB) @  90Hz (  484uF)

-------------
10/150 HF-SD 	
      97.0dB                            150W
Rpre   Spl      qtc    Vb     SplMech Pmech SplEle      f3

0.20  96.1dB:   0.5  192.8l: (118.7dB   410W 114.3dB) @  80Hz
                0.6   94.6l: (117.7dB   325W 114.3dB) @  76Hz
                0.7   59.1l: (117.7dB   329W 114.3dB) @  76Hz
                0.8   41.2l: (119.1dB   455W 114.3dB) @  82Hz
                0.9   30.7l: (119.6dB   508W 114.3dB) @  85Hz
                1.0   23.9l: (120.2dB   578W 114.3dB) @  87Hz
                1.1   19.2l: (120.9dB   687W 114.3dB) @  91Hz
                1.1   19.2l: (118.1dB   356W 114.3dB) @  77Hz (  816uF)

0.60  95.7dB:   0.5  335.3l: (116.9dB   305W 113.9dB) @  73Hz
                0.6  135.3l: (115.9dB   242W 113.9dB) @  69Hz
                0.7   79.3l: (116.0dB   245W 113.9dB) @  69Hz
                0.8   53.7l: (117.4dB   338W 113.9dB) @  75Hz
                0.9   39.3l: (117.9dB   378W 113.9dB) @  77Hz
                1.0   30.3l: (118.4dB   430W 113.9dB) @  79Hz
                1.1   24.1l: (119.2dB   512W 113.9dB) @  83Hz
                1.1   24.1l: (116.3dB   265W 113.9dB) @  70Hz (  901uF)

1.00  95.3dB:   0.5  750.2l: (115.4dB   234W 113.5dB) @  66Hz
                0.6  199.3l: (114.4dB   185W 113.5dB) @  63Hz
                0.7  106.7l: (114.4dB   187W 113.5dB) @  63Hz
                0.8   69.5l: (115.8dB   259W 113.5dB) @  68Hz
                0.9   49.8l: (116.3dB   290W 113.5dB) @  70Hz
                1.0   37.8l: (116.9dB   330W 113.5dB) @  72Hz
                1.1   29.9l: (117.6dB   392W 113.5dB) @  76Hz
                1.1   29.9l: (114.8dB   203W 113.5dB) @  64Hz (  986uF)

-------------
10/200 SD 	
      99.0dB                            150W
Rpre   Spl      qtc    Vb     SplMech Pmech SplEle      f3

0.20  98.3dB:   0.5   79.8l: (122.1dB   325W 118.8dB) @ 127Hz
                0.6   40.1l: (121.1dB   257W 118.8dB) @ 119Hz
                0.7   25.3l: (121.2dB   260W 118.8dB) @ 120Hz
                0.8   17.7l: (122.6dB   360W 118.8dB) @ 130Hz
                0.9   13.2l: (123.1dB   403W 118.8dB) @ 133Hz
                1.0   10.3l: (123.6dB   458W 118.8dB) @ 138Hz
                1.1    8.3l: (124.4dB   545W 118.8dB) @ 144Hz
                1.1    8.3l: (121.5dB   282W 118.8dB) @ 122Hz (  307uF)

0.60  98.1dB:   0.5  107.1l: (121.1dB   272W 118.5dB) @ 119Hz
                0.6   49.2l: (120.1dB   216W 118.5dB) @ 112Hz
                0.7   30.0l: (120.1dB   218W 118.5dB) @ 113Hz
                0.8   20.7l: (121.5dB   302W 118.5dB) @ 122Hz
                0.9   15.3l: (122.0dB   337W 118.5dB) @ 126Hz
                1.0   11.9l: (122.6dB   384W 118.5dB) @ 130Hz
                1.1    9.5l: (123.3dB   456W 118.5dB) @ 136Hz
                1.1    9.5l: (120.5dB   237W 118.5dB) @ 115Hz (  326uF)

1.00  97.8dB:   0.5  149.7l: (120.1dB   231W 118.2dB) @ 113Hz
                0.6   60.6l: (119.1dB   183W 118.2dB) @ 106Hz
                0.7   35.6l: (119.2dB   185W 118.2dB) @ 107Hz
                0.8   24.1l: (120.6dB   256W 118.2dB) @ 116Hz
                0.9   17.7l: (121.0dB   286W 118.2dB) @ 119Hz
                1.0   13.6l: (121.6dB   325W 118.2dB) @ 123Hz
                1.1   10.8l: (122.4dB   387W 118.2dB) @ 128Hz
                1.1   10.8l: (119.5dB   200W 118.2dB) @ 109Hz (  345uF)

-------------
10/250 HF-AL 	
      98.0dB                            250W
Rpre   Spl      qtc    Vb     SplMech Pmech SplEle      f3

0.20  97.6dB:   0.5   30.4l: (124.4dB  1172W 117.7dB) @ 135Hz
                0.6   19.6l: (123.4dB   928W 117.7dB) @ 128Hz
                0.7   13.8l: (123.5dB   939W 117.7dB) @ 128Hz
                0.8   10.3l: (124.9dB  1299W 117.7dB) @ 139Hz
                0.9    8.0l: (125.4dB  1452W 117.7dB) @ 143Hz
                1.0    6.4l: (125.9dB  1652W 117.7dB) @ 148Hz
                1.1    5.2l: (126.7dB  1965W 117.7dB) @ 154Hz
                1.1    5.2l: (123.8dB  1018W 117.7dB) @ 131Hz (  520uF)

0.60  97.2dB:   0.5   39.9l: (122.6dB   858W 117.2dB) @ 122Hz
                0.6   25.2l: (121.6dB   680W 117.2dB) @ 115Hz
                0.7   17.5l: (121.6dB   688W 117.2dB) @ 115Hz
                0.8   13.0l: (123.0dB   951W 117.2dB) @ 125Hz
                0.9   10.0l: (123.5dB  1063W 117.2dB) @ 129Hz
                1.0    8.0l: (124.1dB  1209W 117.2dB) @ 133Hz
                1.1    6.5l: (124.8dB  1438W 117.2dB) @ 139Hz
                1.1    6.5l: (122.0dB   745W 117.2dB) @ 118Hz (  578uF)

1.00  96.7dB:   0.5   51.8l: (120.9dB   649W 116.8dB) @ 111Hz
                0.6   31.8l: (119.9dB   514W 116.8dB) @ 105Hz
                0.7   21.8l: (120.0dB   520W 116.8dB) @ 105Hz
                0.8   16.0l: (121.4dB   719W 116.8dB) @ 114Hz
                0.9   12.3l: (121.9dB   804W 116.8dB) @ 117Hz
                1.0    9.8l: (122.4dB   915W 116.8dB) @ 121Hz
                1.1    8.0l: (123.2dB  1088W 116.8dB) @ 126Hz
                1.1    8.0l: (120.3dB   564W 116.8dB) @ 107Hz (  636uF)

-------------
10/300 LC 	
     100.0dB                            300W
Rpre   Spl      qtc    Vb     SplMech Pmech SplEle      f3

0.20 100.4dB:   0.5    8.7l: (134.2dB  3470W 123.5dB) @ 246Hz
                0.6    5.8l: (133.2dB  2749W 123.5dB) @ 232Hz
                0.7    4.2l: (133.2dB  2781W 123.5dB) @ 233Hz
                0.8    3.1l: (134.6dB  3848W 123.5dB) @ 253Hz
                0.9    2.4l: (135.1dB  4301W 123.5dB) @ 260Hz
                1.0    2.0l: (135.7dB  4892W 123.5dB) @ 268Hz
                1.1    1.6l: (136.4dB  5818W 123.5dB) @ 280Hz
                1.1    1.6l: (133.6dB  3015W 123.5dB) @ 238Hz (  169uF)

0.60 100.1dB:   0.5   10.2l: (133.0dB  2861W 123.2dB) @ 231Hz
                0.6    6.7l: (132.0dB  2266W 123.2dB) @ 218Hz
                0.7    4.8l: (132.1dB  2293W 123.2dB) @ 218Hz
                0.8    3.6l: (133.5dB  3172W 123.2dB) @ 237Hz
                0.9    2.8l: (134.0dB  3546W 123.2dB) @ 243Hz
                1.0    2.3l: (134.5dB  4033W 123.2dB) @ 251Hz
                1.1    1.8l: (135.3dB  4796W 123.2dB) @ 262Hz
                1.1    1.8l: (132.4dB  2486W 123.2dB) @ 223Hz (  181uF)

1.00  99.8dB:   0.5   11.8l: (132.0dB  2389W 123.0dB) @ 217Hz
                0.6    7.7l: (131.0dB  1893W 123.0dB) @ 205Hz
                0.7    5.5l: (131.0dB  1915W 123.0dB) @ 205Hz
                0.8    4.1l: (132.4dB  2649W 123.0dB) @ 223Hz
                0.9    3.2l: (132.9dB  2961W 123.0dB) @ 229Hz
                1.0    2.6l: (133.5dB  3368W 123.0dB) @ 236Hz
                1.1    2.1l: (134.2dB  4005W 123.0dB) @ 247Hz
                1.1    2.1l: (131.4dB  2076W 123.0dB) @ 210Hz (  192uF)

-------------
12/150 SD 	
      99.0dB                            150W
Rpre   Spl      qtc    Vb     SplMech Pmech SplEle      f3

0.20  99.7dB:   0.6  350.3l: (116.5dB    65W 120.1dB) @  83Hz
                0.7  156.4l: (116.6dB    66W 120.1dB) @  83Hz
                0.8   95.5l: (118.0dB    92W 120.1dB) @  90Hz
                0.9   66.2l: (118.5dB   102W 120.1dB) @  92Hz
                1.0   49.3l: (119.0dB   116W 120.1dB) @  95Hz
                1.1   38.5l: (119.8dB   138W 120.1dB) @ 100Hz
                1.1   38.5l: (116.9dB    72W 120.1dB) @  85Hz (  443uF)

0.60  99.4dB:   0.6  570.1l: (115.5dB    55W 119.8dB) @  78Hz
                0.7  204.3l: (115.5dB    56W 119.8dB) @  78Hz
                0.8  117.4l: (116.9dB    77W 119.8dB) @  85Hz
                0.9   79.2l: (117.4dB    86W 119.8dB) @  87Hz
                1.0   58.1l: (118.0dB    98W 119.8dB) @  90Hz
                1.1   44.9l: (118.7dB   116W 119.8dB) @  94Hz
                1.1   44.9l: (115.9dB    60W 119.8dB) @  80Hz (  471uF)

1.00  99.1dB:   0.7  274.3l: (114.6dB    47W 119.6dB) @  74Hz
                0.8  145.2l: (116.0dB    65W 119.6dB) @  80Hz
                0.9   94.7l: (116.4dB    73W 119.6dB) @  82Hz
                1.0   68.2l: (117.0dB    83W 119.6dB) @  85Hz
                1.1   52.1l: (117.8dB    99W 119.6dB) @  89Hz
                1.1   52.1l: (114.9dB    51W 119.6dB) @  75Hz (  498uF)

-------------
12/200 SD 	
      98.0dB                            200W
Rpre   Spl      qtc    Vb     SplMech Pmech SplEle      f3

0.20  97.3dB:   0.5  274.9l: (119.8dB   254W 118.7dB) @ 100Hz
                0.6   96.0l: (118.7dB   201W 118.7dB) @  94Hz
                0.7   54.3l: (118.8dB   204W 118.7dB) @  94Hz
                0.8   36.1l: (120.2dB   282W 118.7dB) @ 102Hz
                0.9   26.2l: (120.7dB   315W 118.7dB) @ 105Hz
                1.0   20.1l: (121.2dB   358W 118.7dB) @ 108Hz
                1.1   15.9l: (122.0dB   426W 118.7dB) @ 113Hz
                1.1   15.9l: (119.1dB   221W 118.7dB) @  96Hz (  411uF)

0.60  97.0dB:   0.5  490.8l: (118.8dB   218W 118.4dB) @  94Hz
                0.6  123.3l: (117.8dB   173W 118.4dB) @  89Hz
                0.7   65.4l: (117.8dB   175W 118.4dB) @  89Hz
                0.8   42.4l: (119.2dB   242W 118.4dB) @  97Hz
                0.9   30.3l: (119.7dB   271W 118.4dB) @  99Hz
                1.0   23.0l: (120.3dB   308W 118.4dB) @ 103Hz
                1.1   18.2l: (121.0dB   366W 118.4dB) @ 107Hz
                1.1   18.2l: (118.2dB   190W 118.4dB) @  91Hz (  434uF)

1.00  96.7dB:   0.6  161.6l: (116.9dB   150W 118.1dB) @  84Hz
                0.7   78.9l: (117.0dB   152W 118.1dB) @  85Hz
                0.8   49.6l: (118.4dB   210W 118.1dB) @  92Hz
                0.9   34.9l: (118.8dB   235W 118.1dB) @  95Hz
                1.0   26.2l: (119.4dB   267W 118.1dB) @  98Hz
                1.1   20.6l: (120.2dB   318W 118.1dB) @ 102Hz
                1.1   20.6l: (117.3dB   165W 118.1dB) @  86Hz (  457uF)

-------------
12/250 SD 	
     100.0dB                            250W
Rpre   Spl      qtc    Vb     SplMech Pmech SplEle      f3

0.20 100.0dB:   0.5   65.2l: (124.4dB   383W 122.6dB) @ 130Hz
                0.6   40.8l: (123.4dB   304W 122.6dB) @ 123Hz
                0.7   28.3l: (123.4dB   307W 122.6dB) @ 123Hz
                0.8   20.9l: (124.9dB   425W 122.6dB) @ 134Hz
                0.9   16.1l: (125.3dB   475W 122.6dB) @ 137Hz
                1.0   12.9l: (125.9dB   540W 122.6dB) @ 142Hz
                1.1   10.5l: (126.7dB   643W 122.6dB) @ 148Hz
                1.1   10.5l: (123.8dB   333W 122.6dB) @ 126Hz (  309uF)

0.60  99.8dB:   0.5   77.5l: (123.3dB   319W 122.3dB) @ 122Hz
                0.6   47.7l: (122.3dB   253W 122.3dB) @ 115Hz
                0.7   32.7l: (122.4dB   256W 122.3dB) @ 116Hz
                0.8   24.1l: (123.8dB   354W 122.3dB) @ 125Hz
                0.9   18.5l: (124.3dB   395W 122.3dB) @ 129Hz
                1.0   14.7l: (124.8dB   450W 122.3dB) @ 133Hz
                1.1   12.0l: (125.6dB   535W 122.3dB) @ 139Hz
                1.1   12.0l: (122.7dB   277W 122.3dB) @ 118Hz (  329uF)

1.00  99.5dB:   0.5   91.9l: (122.3dB   269W 122.0dB) @ 115Hz
                0.6   55.3l: (121.3dB   213W 122.0dB) @ 109Hz
                0.7   37.6l: (121.4dB   215W 122.0dB) @ 109Hz
                0.8   27.5l: (122.8dB   298W 122.0dB) @ 118Hz
                0.9   21.1l: (123.2dB   333W 122.0dB) @ 122Hz
                1.0   16.7l: (123.8dB   379W 122.0dB) @ 126Hz
                1.1   13.6l: (124.6dB   450W 122.0dB) @ 131Hz
                1.1   13.6l: (121.7dB   233W 122.0dB) @ 111Hz (  348uF)

-------------
12/300 LC 	
     101.0dB                            300W
Rpre   Spl      qtc    Vb     SplMech Pmech SplEle      f3

0.20 101.6dB:   0.5   13.1l: (134.3dB  2695W 124.8dB) @ 230Hz
                0.6    8.9l: (133.3dB  2135W 124.8dB) @ 217Hz
                0.7    6.4l: (133.4dB  2160W 124.8dB) @ 218Hz
                0.8    4.9l: (134.8dB  2989W 124.8dB) @ 236Hz
                0.9    3.8l: (135.3dB  3341W 124.8dB) @ 243Hz
                1.0    3.1l: (135.8dB  3800W 124.8dB) @ 251Hz
                1.1    2.6l: (136.6dB  4519W 124.8dB) @ 262Hz
                1.1    2.6l: (133.7dB  2342W 124.8dB) @ 222Hz (  181uF)

0.60 101.4dB:   0.5   15.1l: (133.2dB  2211W 124.5dB) @ 216Hz
                0.6   10.2l: (132.2dB  1751W 124.5dB) @ 203Hz
                0.7    7.4l: (132.2dB  1772W 124.5dB) @ 204Hz
                0.8    5.6l: (133.6dB  2452W 124.5dB) @ 221Hz
                0.9    4.4l: (134.1dB  2740W 124.5dB) @ 227Hz
                1.0    3.5l: (134.7dB  3117W 124.5dB) @ 235Hz
                1.1    2.9l: (135.4dB  3707W 124.5dB) @ 245Hz
                1.1    2.9l: (132.6dB  1921W 124.5dB) @ 208Hz (  193uF)

1.00 101.1dB:   0.5   17.3l: (132.1dB  1837W 124.2dB) @ 203Hz
                0.6   11.7l: (131.1dB  1455W 124.2dB) @ 191Hz
                0.7    8.4l: (131.1dB  1472W 124.2dB) @ 192Hz
                0.8    6.4l: (132.5dB  2037W 124.2dB) @ 208Hz
                0.9    5.0l: (133.0dB  2277W 124.2dB) @ 214Hz
                1.0    4.0l: (133.6dB  2589W 124.2dB) @ 221Hz
                1.1    3.3l: (134.3dB  3080W 124.2dB) @ 230Hz
                1.1    3.3l: (131.5dB  1596W 124.2dB) @ 196Hz (  206uF)

-------------
15/200 SD 	
      98.0dB                            200W
Rpre   Spl      qtc    Vb     SplMech Pmech SplEle      f3

0.20  98.3dB:   0.8  676.6l: (116.1dB    88W 119.6dB) @  62Hz
                0.9  313.3l: (116.5dB    98W 119.6dB) @  64Hz
                1.0  195.8l: (117.1dB   112W 119.6dB) @  66Hz
                1.1  138.4l: (117.9dB   133W 119.6dB) @  69Hz
                1.1  138.4l: (115.0dB    69W 119.6dB) @  59Hz (  697uF)

0.60  98.0dB:   0.9  419.4l: (115.6dB    85W 119.3dB) @  61Hz
                1.0  243.3l: (116.2dB    97W 119.3dB) @  63Hz
                1.1  166.2l: (117.0dB   115W 119.3dB) @  66Hz
                1.1  166.2l: (114.1dB    60W 119.3dB) @  56Hz (  734uF)

1.00  97.8dB:   0.9  584.1l: (114.8dB    75W 119.1dB) @  58Hz
                1.0  304.8l: (115.4dB    85W 119.1dB) @  60Hz
                1.1  199.4l: (116.1dB   102W 119.1dB) @  63Hz
                1.1  199.4l: (113.3dB    53W 119.1dB) @  53Hz (  770uF)

-------------
15/150+150 SD 	
      99.0dB                              2W
Rpre   Spl      qtc    Vb     SplMech Pmech SplEle      f3

0.20  98.4dB:   0.5  391.3l: (122.0dB   256W 100.9dB) @  74Hz
                0.6  198.2l: (121.0dB   203W 100.9dB) @  70Hz
                0.7  125.1l: (121.1dB   205W 100.9dB) @  70Hz
                0.8   87.8l: (122.5dB   284W 100.9dB) @  76Hz
                0.9   65.6l: (123.0dB   317W 100.9dB) @  78Hz
                1.0   51.2l: (123.5dB   361W 100.9dB) @  81Hz
                1.1   41.2l: (124.3dB   429W 100.9dB) @  85Hz
                1.1   41.2l: (121.4dB   223W 100.9dB) @  72Hz (  428uF)

0.60  98.2dB:   0.5  495.4l: (121.2dB   221W 100.7dB) @  71Hz
                0.6  234.0l: (120.1dB   175W 100.7dB) @  67Hz
                0.7  144.1l: (120.2dB   177W 100.7dB) @  67Hz
                0.8   99.9l: (121.6dB   245W 100.7dB) @  73Hz
                0.9   74.1l: (122.1dB   274W 100.7dB) @  75Hz
                1.0   57.5l: (122.6dB   312W 100.7dB) @  77Hz
                1.1   46.1l: (123.4dB   371W 100.7dB) @  81Hz
                1.1   46.1l: (120.5dB   192W 100.7dB) @  68Hz (  450uF)

1.00  98.0dB:   0.5  642.4l: (120.3dB   192W 100.5dB) @  68Hz
                0.6  277.2l: (119.3dB   152W 100.5dB) @  64Hz
                0.7  165.8l: (119.4dB   154W 100.5dB) @  64Hz
                0.8  113.3l: (120.8dB   213W 100.5dB) @  69Hz
                0.9   83.3l: (121.3dB   239W 100.5dB) @  71Hz
                1.0   64.3l: (121.8dB   271W 100.5dB) @  74Hz
                1.1   51.4l: (122.6dB   323W 100.5dB) @  77Hz
                1.1   51.4l: (119.7dB   167W 100.5dB) @  65Hz (  471uF)

-------------
15/250+250 	
      99.0dB                              2W
Rpre   Spl      qtc    Vb     SplMech Pmech SplEle      f3

0.20  99.2dB:   0.5  899.4l: (118.1dB    80W 102.1dB) @  64Hz
                0.6  411.3l: (117.0dB    63W 102.1dB) @  60Hz
                0.7  250.6l: (117.1dB    64W 102.1dB) @  61Hz
                0.8  172.7l: (118.5dB    88W 102.1dB) @  66Hz
                0.9  127.7l: (119.0dB    99W 102.1dB) @  68Hz
                1.0   98.9l: (119.5dB   112W 102.1dB) @  70Hz
                1.1   79.2l: (120.3dB   133W 102.1dB) @  73Hz
                1.1   79.2l: (117.4dB    69W 102.1dB) @  62Hz (  459uF)

0.60  99.0dB:   0.6  487.3l: (116.2dB    55W 101.9dB) @  58Hz
                0.7  287.8l: (116.3dB    56W 101.9dB) @  58Hz
                0.8  195.5l: (117.7dB    77W 101.9dB) @  63Hz
                0.9  143.4l: (118.2dB    86W 101.9dB) @  64Hz
                1.0  110.4l: (118.8dB    98W 101.9dB) @  67Hz
                1.1   88.1l: (119.5dB   117W 101.9dB) @  70Hz
                1.1   88.1l: (116.7dB    60W 101.9dB) @  59Hz (  481uF)

1.00  98.8dB:   0.6  580.6l: (115.5dB    48W 101.6dB) @  55Hz
                0.7  330.5l: (115.5dB    49W 101.6dB) @  55Hz
                0.8  220.8l: (117.0dB    68W 101.6dB) @  60Hz
                0.9  160.4l: (117.4dB    76W 101.6dB) @  62Hz
                1.0  122.9l: (118.0dB    86W 101.6dB) @  64Hz
                1.1   97.6l: (118.7dB   102W 101.6dB) @  67Hz
                1.1   97.6l: (115.9dB    53W 101.6dB) @  56Hz (  502uF)

-------------
15/300 SD 	
      99.0dB                            300W
Rpre   Spl      qtc    Vb     SplMech Pmech SplEle      f3

0.20  98.4dB:   0.5  332.4l: (121.9dB   325W 121.5dB) @  80Hz
                0.6  166.9l: (120.9dB   257W 121.5dB) @  75Hz
                0.7  105.1l: (120.9dB   260W 121.5dB) @  75Hz
                0.8   73.6l: (122.3dB   360W 121.5dB) @  82Hz
                0.9   54.9l: (122.8dB   403W 121.5dB) @  84Hz
                1.0   42.8l: (123.4dB   458W 121.5dB) @  87Hz
                1.1   34.4l: (124.1dB   545W 121.5dB) @  91Hz
                1.1   34.4l: (121.3dB   282W 121.5dB) @  77Hz (  523uF)

0.60  98.1dB:   0.5  452.0l: (120.8dB   271W 121.2dB) @  75Hz
                0.6  206.4l: (119.8dB   215W 121.2dB) @  71Hz
                0.7  125.6l: (119.8dB   217W 121.2dB) @  71Hz
                0.8   86.6l: (121.2dB   300W 121.2dB) @  77Hz
                0.9   64.0l: (121.7dB   336W 121.2dB) @  79Hz
                1.0   49.6l: (122.3dB   382W 121.2dB) @  82Hz
                1.1   39.7l: (123.0dB   454W 121.2dB) @  85Hz
                1.1   39.7l: (120.2dB   235W 121.2dB) @  72Hz (  556uF)

1.00  97.8dB:   0.5  643.0l: (119.8dB   229W 121.0dB) @  71Hz
                0.6  256.4l: (118.8dB   181W 121.0dB) @  67Hz
                0.7  149.9l: (118.8dB   183W 121.0dB) @  67Hz
                0.8  101.3l: (120.2dB   254W 121.0dB) @  72Hz
                0.9   74.1l: (120.7dB   283W 121.0dB) @  75Hz
                1.0   57.0l: (121.3dB   322W 121.0dB) @  77Hz
                1.1   45.4l: (122.0dB   383W 121.0dB) @  80Hz
                1.1   45.4l: (119.2dB   199W 121.0dB) @  68Hz (  590uF)

-------------
15/400 LC 	
     101.0dB                            400W
Rpre   Spl      qtc    Vb     SplMech Pmech SplEle      f3

0.20 100.6dB:   0.5   92.1l: (129.0dB  1065W 124.8dB) @ 120Hz
                0.6   58.2l: (128.0dB   844W 124.8dB) @ 114Hz
                0.7   40.6l: (128.1dB   854W 124.8dB) @ 114Hz
                0.8   30.0l: (129.5dB  1182W 124.8dB) @ 123Hz
                0.9   23.2l: (130.0dB  1321W 124.8dB) @ 127Hz
                1.0   18.5l: (130.5dB  1502W 124.8dB) @ 131Hz
                1.1   15.1l: (131.3dB  1787W 124.8dB) @ 137Hz
                1.1   15.1l: (128.4dB   926W 124.8dB) @ 116Hz (  366uF)

0.60 100.3dB:   0.5  110.6l: (127.8dB   872W 124.5dB) @ 112Hz
                0.6   68.7l: (126.8dB   691W 124.5dB) @ 106Hz
                0.7   47.4l: (126.9dB   699W 124.5dB) @ 106Hz
                0.8   35.0l: (128.3dB   967W 124.5dB) @ 115Hz
                0.9   26.9l: (128.8dB  1081W 124.5dB) @ 119Hz
                1.0   21.4l: (129.3dB  1230W 124.5dB) @ 122Hz
                1.1   17.5l: (130.1dB  1463W 124.5dB) @ 128Hz
                1.1   17.5l: (127.2dB   758W 124.5dB) @ 109Hz (  392uF)

1.00 100.0dB:   0.5  132.5l: (126.8dB   724W 124.2dB) @ 106Hz
                0.6   80.5l: (125.7dB   574W 124.2dB) @ 100Hz
                0.7   55.1l: (125.8dB   581W 124.2dB) @ 100Hz
                0.8   40.3l: (127.2dB   803W 124.2dB) @ 108Hz
                0.9   30.9l: (127.7dB   898W 124.2dB) @ 111Hz
                1.0   24.6l: (128.2dB  1021W 124.2dB) @ 115Hz
                1.1   20.0l: (129.0dB  1215W 124.2dB) @ 120Hz
                1.1   20.0l: (126.1dB   630W 124.2dB) @ 102Hz (  417uF)

-------------
15/400+400 	
      98.0dB                              2W
Rpre   Spl      qtc    Vb     SplMech Pmech SplEle      f3

0.20  97.8dB:   0.5  316.2l: (126.8dB   944W 100.0dB) @  82Hz
                0.6  142.9l: (125.7dB   748W 100.0dB) @  77Hz
                0.7   86.7l: (125.8dB   757W 100.0dB) @  77Hz
                0.8   59.7l: (127.2dB  1047W 100.0dB) @  84Hz
                0.9   44.1l: (127.7dB  1171W 100.0dB) @  86Hz
                1.0   34.1l: (128.2dB  1331W 100.0dB) @  89Hz
                1.1   27.3l: (129.0dB  1583W 100.0dB) @  93Hz
                1.1   27.3l: (126.1dB   821W 100.0dB) @  79Hz (  425uF)

0.60  97.6dB:   0.5  444.6l: (125.8dB   801W  99.8dB) @  77Hz
                0.6  176.0l: (124.8dB   635W  99.8dB) @  73Hz
                0.7  102.7l: (124.8dB   642W  99.8dB) @  73Hz
                0.8   69.3l: (126.2dB   889W  99.8dB) @  79Hz
                0.9   50.7l: (126.7dB   993W  99.8dB) @  82Hz
                1.0   39.0l: (127.3dB  1130W  99.8dB) @  84Hz
                1.1   31.0l: (128.0dB  1344W  99.8dB) @  88Hz
                1.1   31.0l: (125.2dB   696W  99.8dB) @  75Hz (  449uF)

1.00  97.4dB:   0.5  677.9l: (124.9dB   686W  99.5dB) @  73Hz
                0.6  218.9l: (123.9dB   544W  99.5dB) @  69Hz
                0.7  121.6l: (123.9dB   550W  99.5dB) @  69Hz
                0.8   80.4l: (125.3dB   761W  99.5dB) @  75Hz
                0.9   58.1l: (125.8dB   851W  99.5dB) @  77Hz
                1.0   44.3l: (126.4dB   968W  99.5dB) @  80Hz
                1.1   35.1l: (127.1dB  1151W  99.5dB) @  84Hz
                1.1   35.1l: (124.3dB   597W  99.5dB) @  71Hz (  473uF)

-------------
15 XR 600 	
      99.0dB                            600W
Rpre   Spl      qtc    Vb     SplMech Pmech SplEle      f3

0.20  98.5dB:   0.5  211.0l: (129.8dB  1812W 125.0dB) @  97Hz
                0.6  100.5l: (128.8dB  1435W 125.0dB) @  92Hz
                0.7   62.1l: (128.8dB  1452W 125.0dB) @  92Hz
                0.8   43.1l: (130.2dB  2009W 125.0dB) @ 100Hz
                0.9   32.0l: (130.7dB  2246W 125.0dB) @ 103Hz
                1.0   24.9l: (131.3dB  2554W 125.0dB) @ 106Hz
                1.1   19.9l: (132.0dB  3038W 125.0dB) @ 111Hz
                1.1   19.9l: (129.2dB  1574W 125.0dB) @  94Hz (  399uF)

0.60  98.3dB:   0.5  290.1l: (128.8dB  1532W 124.7dB) @  92Hz
                0.6  123.7l: (127.8dB  1214W 124.7dB) @  87Hz
                0.7   73.7l: (127.8dB  1228W 124.7dB) @  87Hz
                0.8   50.3l: (129.2dB  1699W 124.7dB) @  94Hz
                0.9   37.0l: (129.7dB  1899W 124.7dB) @  97Hz
                1.0   28.5l: (130.3dB  2160W 124.7dB) @ 100Hz
                1.1   22.8l: (131.0dB  2568W 124.7dB) @ 105Hz
                1.1   22.8l: (128.2dB  1331W 124.7dB) @  89Hz (  422uF)

1.00  98.0dB:   0.5  422.5l: (127.8dB  1310W 124.5dB) @  87Hz
                0.6  153.2l: (126.8dB  1038W 124.5dB) @  82Hz
                0.7   87.4l: (126.9dB  1050W 124.5dB) @  82Hz
                0.8   58.4l: (128.3dB  1453W 124.5dB) @  89Hz
                0.9   42.5l: (128.8dB  1624W 124.5dB) @  92Hz
                1.0   32.5l: (129.3dB  1847W 124.5dB) @  95Hz
                1.1   25.8l: (130.1dB  2196W 124.5dB) @  99Hz
                1.1   25.8l: (127.2dB  1138W 124.5dB) @  84Hz (  446uF)

-------------
15 XR 800 	
      98.0dB                            800W
Rpre   Spl      qtc    Vb     SplMech Pmech SplEle      f3

0.20  97.8dB:   0.5  101.6l: (130.8dB  2768W 125.4dB) @ 103Hz
                0.6   57.0l: (129.8dB  2193W 125.4dB) @  97Hz
                0.7   37.6l: (129.8dB  2219W 125.4dB) @  98Hz
                0.8   27.0l: (131.2dB  3070W 125.4dB) @ 106Hz
                0.9   20.4l: (131.7dB  3432W 125.4dB) @ 109Hz
                1.0   16.1l: (132.3dB  3903W 125.4dB) @ 112Hz
                1.1   13.0l: (133.0dB  4641W 125.4dB) @ 117Hz
                1.1   13.0l: (130.2dB  2406W 125.4dB) @ 100Hz (  390uF)

0.60  97.6dB:   0.5  128.8l: (129.7dB  2294W 125.1dB) @  97Hz
                0.6   68.8l: (128.7dB  1817W 125.1dB) @  91Hz
                0.7   44.4l: (128.7dB  1839W 125.1dB) @  92Hz
                0.8   31.5l: (130.1dB  2544W 125.1dB) @  99Hz
                0.9   23.7l: (130.6dB  2843W 125.1dB) @ 102Hz
                1.0   18.5l: (131.2dB  3234W 125.1dB) @ 105Hz
                1.1   15.0l: (131.9dB  3846W 125.1dB) @ 110Hz
                1.1   15.0l: (129.1dB  1993W 125.1dB) @  93Hz (  415uF)

1.00  97.3dB:   0.5  165.6l: (128.7dB  1924W 124.8dB) @  91Hz
                0.6   83.0l: (127.6dB  1524W 124.8dB) @  86Hz
                0.7   52.2l: (127.7dB  1542W 124.8dB) @  86Hz
                0.8   36.5l: (129.1dB  2134W 124.8dB) @  94Hz
                0.9   27.3l: (129.6dB  2385W 124.8dB) @  96Hz
                1.0   21.3l: (130.1dB  2712W 124.8dB) @  99Hz
                1.1   17.1l: (130.9dB  3226W 124.8dB) @ 104Hz
                1.1   17.1l: (128.0dB  1672W 124.8dB) @  88Hz (  441uF)

-------------
18/300+300 	
      98.0dB                              2W
Rpre   Spl      qtc    Vb     SplMech Pmech SplEle      f3

0.20  99.4dB:   0.6  898.7l: (121.4dB   165W 102.2dB) @  56Hz
                0.7  438.4l: (121.4dB   167W 102.2dB) @  56Hz
                0.8  275.5l: (122.8dB   231W 102.2dB) @  61Hz
                0.9  193.9l: (123.3dB   258W 102.2dB) @  63Hz
                1.0  145.7l: (123.9dB   293W 102.2dB) @  65Hz
                1.1  114.2l: (124.6dB   349W 102.2dB) @  68Hz
                1.1  114.2l: (121.8dB   181W 102.2dB) @  58Hz (  505uF)

0.60  99.2dB:   0.7  528.7l: (120.6dB   146W 102.0dB) @  54Hz
                0.8  320.5l: (122.0dB   201W 102.0dB) @  58Hz
                0.9  221.6l: (122.5dB   225W 102.0dB) @  60Hz
                1.0  164.8l: (123.1dB   256W 102.0dB) @  62Hz
                1.1  128.4l: (123.8dB   304W 102.0dB) @  65Hz
                1.1  128.4l: (121.0dB   158W 102.0dB) @  55Hz (  529uF)

1.00  99.0dB:   0.7  643.8l: (119.9dB   128W 101.8dB) @  52Hz
                0.8  373.3l: (121.3dB   177W 101.8dB) @  56Hz
                0.9  252.9l: (121.8dB   198W 101.8dB) @  58Hz
                1.0  185.9l: (122.3dB   225W 101.8dB) @  59Hz
                1.1  143.8l: (123.1dB   268W 101.8dB) @  62Hz
                1.1  143.8l: (120.2dB   139W 101.8dB) @  53Hz (  553uF)

-------------
18/400+400 	
     100.0dB                              2W
Rpre   Spl      qtc    Vb     SplMech Pmech SplEle      f3

0.20  99.8dB:   0.6  818.1l: (123.7dB   294W 102.0dB) @  58Hz
                0.7  415.8l: (123.8dB   297W 102.0dB) @  58Hz
                0.8  265.2l: (125.2dB   411W 102.0dB) @  63Hz
                0.9  188.1l: (125.7dB   459W 102.0dB) @  64Hz
                1.0  141.9l: (126.2dB   523W 102.0dB) @  67Hz
                1.1  111.7l: (127.0dB   621W 102.0dB) @  69Hz
                1.1  111.7l: (124.1dB   322W 102.0dB) @  59Hz (  552uF)

0.60  99.5dB:   0.7  509.5l: (122.9dB   255W 101.8dB) @  55Hz
                0.8  313.3l: (124.3dB   353W 101.8dB) @  59Hz
                0.9  218.1l: (124.8dB   394W 101.8dB) @  61Hz
                1.0  162.8l: (125.3dB   448W 101.8dB) @  63Hz
                1.1  127.2l: (126.1dB   533W 101.8dB) @  66Hz
                1.1  127.2l: (123.2dB   276W 101.8dB) @  56Hz (  581uF)

1.00  99.3dB:   0.7  630.7l: (122.0dB   220W 101.6dB) @  52Hz
                0.8  370.5l: (123.4dB   305W 101.6dB) @  57Hz
                0.9  252.4l: (123.9dB   341W 101.6dB) @  58Hz
                1.0  186.1l: (124.5dB   388W 101.6dB) @  60Hz
                1.1  144.3l: (125.2dB   461W 101.6dB) @  63Hz
                1.1  144.3l: (122.4dB   239W 101.6dB) @  53Hz (  611uF)

-------------
18 XR 600 	
     101.0dB                            600W
Rpre   Spl      qtc    Vb     SplMech Pmech SplEle      f3

0.20 100.8dB:   0.5  588.5l: (130.9dB  1627W 126.5dB) @  87Hz
                0.6  252.9l: (129.9dB  1289W 126.5dB) @  82Hz
                0.7  151.1l: (129.9dB  1304W 126.5dB) @  82Hz
                0.8  103.2l: (131.3dB  1804W 126.5dB) @  89Hz
                0.9   75.9l: (131.8dB  2016W 126.5dB) @  92Hz
                1.0   58.6l: (132.4dB  2293W 126.5dB) @  95Hz
                1.1   46.8l: (133.1dB  2727W 126.5dB) @  99Hz
                1.1   46.8l: (130.3dB  1414W 126.5dB) @  84Hz (  527uF)

0.60 100.5dB:   0.5  964.2l: (129.7dB  1328W 126.2dB) @  81Hz
                0.6  333.3l: (128.7dB  1052W 126.2dB) @  77Hz
                0.7  188.0l: (128.7dB  1065W 126.2dB) @  77Hz
                0.8  125.0l: (130.1dB  1473W 126.2dB) @  83Hz
                0.9   90.6l: (130.6dB  1647W 126.2dB) @  86Hz
                1.0   69.3l: (131.2dB  1873W 126.2dB) @  88Hz
                1.1   55.0l: (131.9dB  2227W 126.2dB) @  92Hz
                1.1   55.0l: (129.1dB  1154W 126.2dB) @  78Hz (  565uF)

1.00 100.2dB:   0.6  449.0l: (127.5dB   873W 125.9dB) @  72Hz
                0.7  234.3l: (127.6dB   883W 125.9dB) @  72Hz
                0.8  151.0l: (129.0dB  1221W 125.9dB) @  78Hz
                0.9  107.6l: (129.5dB  1365W 125.9dB) @  80Hz
                1.0   81.5l: (130.0dB  1553W 125.9dB) @  83Hz
                1.1   64.2l: (130.8dB  1847W 125.9dB) @  87Hz
                1.1   64.2l: (127.9dB   957W 125.9dB) @  73Hz (  602uF)

-------------
18 XR 800 	
     101.0dB                            800W
Rpre   Spl      qtc    Vb     SplMech Pmech SplEle      f3

0.20 101.2dB:   0.5  424.4l: (133.4dB  2387W 128.7dB) @  99Hz
                0.6  188.5l: (132.4dB  1891W 128.7dB) @  93Hz
                0.7  113.7l: (132.4dB  1913W 128.7dB) @  94Hz
                0.8   78.0l: (133.9dB  2647W 128.7dB) @ 102Hz
                0.9   57.6l: (134.3dB  2959W 128.7dB) @ 104Hz
                1.0   44.5l: (134.9dB  3365W 128.7dB) @ 108Hz
                1.1   35.6l: (135.7dB  4002W 128.7dB) @ 113Hz
                1.1   35.6l: (132.8dB  2074W 128.7dB) @  96Hz (  413uF)

0.60 100.9dB:   0.5  626.2l: (132.4dB  2006W 128.4dB) @  93Hz
                0.6  237.4l: (131.4dB  1590W 128.4dB) @  88Hz
                0.7  136.9l: (131.4dB  1608W 128.4dB) @  88Hz
                0.8   92.0l: (132.8dB  2225W 128.4dB) @  96Hz
                0.9   67.1l: (133.3dB  2487W 128.4dB) @  98Hz
                1.0   51.5l: (133.9dB  2828W 128.4dB) @ 102Hz
                1.1   40.9l: (134.6dB  3364W 128.4dB) @ 106Hz
                1.1   40.9l: (131.8dB  1744W 128.4dB) @  90Hz (  439uF)

1.00 100.6dB:   0.6  302.5l: (130.4dB  1353W 128.1dB) @  83Hz
                0.7  164.7l: (130.4dB  1369W 128.1dB) @  83Hz
                0.8  108.0l: (131.8dB  1893W 128.1dB) @  90Hz
                0.9   77.7l: (132.3dB  2116W 128.1dB) @  93Hz
                1.0   59.1l: (132.9dB  2407W 128.1dB) @  96Hz
                1.1   46.8l: (133.6dB  2863W 128.1dB) @ 100Hz
                1.1   46.8l: (130.8dB  1484W 128.1dB) @  85Hz (  464uF)

