*****************************************************************************
15/150+150 SD 	 ||    0.0Ohm  0.25  99.0dB    2W 2x100 mm
 fu     fc      fo      SplMech  Vb1     Vb2       d         l        C
 12.0 Hz  38 Hz  120 Hz   90.3 dB   oo l +  40 l    2x100 mm  694 mm  2128 uF
 13.0 Hz  40 Hz  124 Hz   91.7 dB 2867 l +  40 l    2x100 mm  613 mm  1913 uF
 14.0 Hz  42 Hz  127 Hz   93.0 dB 1413 l +  40 l    2x100 mm  544 mm  1733 uF
 15.0 Hz  44 Hz  130 Hz   94.2 dB  930 l +  40 l    2x100 mm  487 mm  1581 uF
 16.0 Hz  46 Hz  132 Hz   95.3 dB  689 l +  40 l    2x100 mm  437 mm  1451 uF
 17.0 Hz  48 Hz  135 Hz   96.4 dB  545 l +  40 l    2x100 mm  394 mm  1338 uF
 18.0 Hz  50 Hz  138 Hz   97.4 dB  449 l +  40 l    2x100 mm  357 mm  1240 uF

15/150+150 SD 	 ||    2.7Ohm  0.29  99.0dB    2W 2x100 mm
 fu     fc      fo      SplMech  Vb1     Vb2       d         l        C
 12.9 Hz  38 Hz  112 Hz   91.6 dB   oo l +  54 l    2x100 mm  483 mm  1830 uF
 13.0 Hz  38 Hz  112 Hz   91.7 dB 57442 l +  54 l    2x100 mm  480 mm  1819 uF
 14.0 Hz  40 Hz  114 Hz   93.0 dB 2926 l +  54 l    2x100 mm  424 mm  1648 uF
 15.0 Hz  42 Hz  117 Hz   94.2 dB 1484 l +  54 l    2x100 mm  377 mm  1503 uF
 16.0 Hz  44 Hz  120 Hz   95.3 dB  987 l +  54 l    2x100 mm  337 mm  1379 uF
 17.0 Hz  46 Hz  122 Hz   96.4 dB  735 l +  54 l    2x100 mm  302 mm  1272 uF
 18.0 Hz  47 Hz  124 Hz   97.4 dB  583 l +  54 l    2x100 mm  271 mm  1179 uF

15/150+150 SD 	 ||    6.8Ohm  0.32  99.0dB    2W 2x100 mm
 fu     fc      fo      SplMech  Vb1     Vb2       d         l        C
 13.5 Hz  38 Hz  107 Hz   92.4 dB   oo l +  65 l    2x100 mm  385 mm  1672 uF
 14.0 Hz  39 Hz  108 Hz   93.0 dB 7068 l +  65 l    2x100 mm  364 mm  1600 uF
 15.0 Hz  41 Hz  110 Hz   94.2 dB 2201 l +  65 l    2x100 mm  322 mm  1459 uF
 16.0 Hz  42 Hz  113 Hz   95.3 dB 1292 l +  65 l    2x100 mm  286 mm  1339 uF
 17.0 Hz  44 Hz  115 Hz   96.4 dB  908 l +  65 l    2x100 mm  255 mm  1235 uF
 18.0 Hz  46 Hz  117 Hz   97.4 dB  697 l +  65 l    2x100 mm  228 mm  1144 uF

15/150+150 SD 	 || 100000.0Ohm  0.37  99.0dB    2W 2x100 mm
 fu     fc      fo      SplMech  Vb1     Vb2       d         l        C
 14.6 Hz  38 Hz   99 Hz   93.8 dB   oo l +  88 l    2x100 mm  252 mm  1431 uF
 15.0 Hz  39 Hz   99 Hz   94.2 dB 9705 l +  88 l    2x100 mm  240 mm  1385 uF
 16.0 Hz  40 Hz  102 Hz   95.3 dB 2555 l +  88 l    2x100 mm  211 mm  1271 uF
 17.0 Hz  42 Hz  104 Hz   96.4 dB 1458 l +  88 l    2x100 mm  186 mm  1172 uF
 18.0 Hz  44 Hz  106 Hz   97.4 dB 1014 l +  88 l    2x100 mm  164 mm  1086 uF

*****************************************************************************
15/250+250 	 ||    0.0Ohm  0.27  99.0dB    2W 2x100 mm
 fu     fc      fo      SplMech  Vb1     Vb2       d         l        C
 11.5 Hz  35 Hz  107 Hz   88.2 dB   oo l +  76 l    2x100 mm  389 mm  1987 uF
 12.0 Hz  36 Hz  109 Hz   89.0 dB 8279 l +  76 l    2x100 mm  358 mm  1867 uF
 13.0 Hz  38 Hz  112 Hz   90.4 dB 2883 l +  76 l    2x100 mm  311 mm  1678 uF
 14.0 Hz  40 Hz  114 Hz   91.7 dB 1728 l +  76 l    2x100 mm  271 mm  1520 uF
 15.0 Hz  42 Hz  117 Hz   92.9 dB 1225 l +  76 l    2x100 mm  237 mm  1387 uF
 16.0 Hz  44 Hz  120 Hz   94.0 dB  944 l +  76 l    2x100 mm  208 mm  1272 uF
 17.0 Hz  46 Hz  122 Hz   95.0 dB  765 l +  76 l    2x100 mm  183 mm  1174 uF
 18.0 Hz  47 Hz  124 Hz   96.0 dB  641 l +  76 l    2x100 mm  162 mm  1088 uF

15/250+250 	 ||    2.7Ohm  0.31  99.0dB    2W 2x100 mm
 fu     fc      fo      SplMech  Vb1     Vb2       d         l        C
 12.3 Hz  35 Hz  100 Hz   89.4 dB   oo l + 101 l    2x100 mm  264 mm  1722 uF
 13.0 Hz  36 Hz  101 Hz   90.4 dB 6964 l + 101 l    2x100 mm  237 mm  1600 uF
 14.0 Hz  38 Hz  104 Hz   91.7 dB 2821 l + 101 l    2x100 mm  204 mm  1450 uF
 15.0 Hz  40 Hz  106 Hz   92.9 dB 1753 l + 101 l    2x100 mm  176 mm  1322 uF
 16.0 Hz  42 Hz  109 Hz   94.0 dB 1264 l + 101 l    2x100 mm  152 mm  1213 uF
 17.0 Hz  43 Hz  111 Hz   95.0 dB  984 l + 101 l    2x100 mm  132 mm  1119 uF
 18.0 Hz  45 Hz  113 Hz   96.0 dB  802 l + 101 l    2x100 mm  114 mm  1037 uF

15/250+250 	 ||    6.8Ohm  0.34  99.0dB    2W 2x100 mm
 fu     fc      fo      SplMech  Vb1     Vb2       d         l        C
 12.9 Hz  35 Hz   95 Hz   90.2 dB   oo l + 121 l    2x100 mm  202 mm  1575 uF
 13.0 Hz  35 Hz   96 Hz   90.4 dB 37591 l + 121 l    2x100 mm  198 mm  1553 uF
 14.0 Hz  37 Hz   98 Hz   91.7 dB 4438 l + 121 l    2x100 mm  169 mm  1407 uF
 15.0 Hz  39 Hz  100 Hz   92.9 dB 2332 l + 121 l    2x100 mm  144 mm  1284 uF
 16.0 Hz  40 Hz  102 Hz   94.0 dB 1570 l + 121 l    2x100 mm  123 mm  1178 uF
 17.0 Hz  42 Hz  104 Hz   95.0 dB 1177 l + 121 l    2x100 mm  105 mm  1086 uF
 18.0 Hz  44 Hz  107 Hz   96.0 dB  938 l + 121 l    2x100 mm   89 mm  1007 uF

15/250+250 	 || 100000.0Ohm  0.40  99.0dB    2W 2x100 mm
 fu     fc      fo      SplMech  Vb1     Vb2       d         l        C
 14.0 Hz  35 Hz   88 Hz   91.6 dB   oo l + 167 l    2x100 mm  115 mm  1339 uF
 14.0 Hz  35 Hz   88 Hz   91.7 dB 115516 l + 167 l    2x100 mm  114 mm  1333 uF
 15.0 Hz  37 Hz   90 Hz   92.9 dB 5228 l + 167 l    2x100 mm   94 mm  1216 uF
 16.0 Hz  38 Hz   92 Hz   94.0 dB 2645 l + 167 l    2x100 mm   77 mm  1116 uF
 17.0 Hz  40 Hz   94 Hz   95.0 dB 1758 l + 167 l    2x100 mm   62 mm  1029 uF
 18.0 Hz  41 Hz   96 Hz   96.0 dB 1310 l + 167 l    2x100 mm   49 mm   954 uF

*****************************************************************************
15/400+400 	 ||    0.0Ohm  0.27  98.0dB    2W 2x100 mm
 fu     fc      fo      SplMech  Vb1     Vb2       d         l        C
 14.7 Hz  45 Hz  138 Hz   96.9 dB   oo l +  26 l    2x100 mm  787 mm  1833 uF
 15.0 Hz  46 Hz  139 Hz   97.3 dB 6560 l +  26 l    2x100 mm  763 mm  1784 uF
 16.0 Hz  48 Hz  142 Hz   98.4 dB 1503 l +  26 l    2x100 mm  691 mm  1637 uF
 17.0 Hz  50 Hz  145 Hz   99.5 dB  841 l +  26 l    2x100 mm  628 mm  1510 uF
 18.0 Hz  52 Hz  147 Hz  100.5 dB  580 l +  26 l    2x100 mm  574 mm  1399 uF

15/400+400 	 ||    2.7Ohm  0.31  98.0dB    2W 2x100 mm
 fu     fc      fo      SplMech  Vb1     Vb2       d         l        C
 15.9 Hz  45 Hz  127 Hz   98.4 dB   oo l +  35 l    2x100 mm  538 mm  1559 uF
 16.0 Hz  45 Hz  127 Hz   98.4 dB 36347 l +  35 l    2x100 mm  535 mm  1551 uF
 17.0 Hz  47 Hz  130 Hz   99.5 dB 2010 l +  35 l    2x100 mm  484 mm  1431 uF
 18.0 Hz  49 Hz  132 Hz  100.5 dB 1024 l +  35 l    2x100 mm  440 mm  1326 uF

15/400+400 	 ||    6.8Ohm  0.34  98.0dB    2W 2x100 mm
 fu     fc      fo      SplMech  Vb1     Vb2       d         l        C
 16.7 Hz  45 Hz  121 Hz   99.1 dB   oo l +  42 l    2x100 mm  429 mm  1423 uF
 17.0 Hz  46 Hz  122 Hz   99.5 dB 7170 l +  42 l    2x100 mm  416 mm  1388 uF
 18.0 Hz  47 Hz  124 Hz  100.5 dB 1694 l +  42 l    2x100 mm  377 mm  1286 uF

15/400+400 	 || 100000.0Ohm  0.40  98.0dB    2W 2x100 mm
 fu     fc      fo      SplMech  Vb1     Vb2       d         l        C
 18.0 Hz  45 Hz  113 Hz  100.5 dB   oo l +  57 l    2x100 mm  288 mm  1223 uF
 19.0 Hz  47 Hz  115 Hz  101.4 dB 2396 l +  57 l    2x100 mm  260 mm  1138 uF

*****************************************************************************
18/300+300 	 ||    0.0Ohm  0.33  98.0dB    2W 3x100 mm
 fu     fc      fo      SplMech  Vb1     Vb2       d         l        C
 14.5 Hz  40 Hz  110 Hz   97.9 dB   oo l + 102 l    3x100 mm  290 mm  1449 uF
 15.0 Hz  41 Hz  111 Hz   98.4 dB 10775 l + 102 l    3x100 mm  272 mm  1388 uF
 16.0 Hz  43 Hz  114 Hz   99.5 dB 3425 l + 102 l    3x100 mm  239 mm  1274 uF
 17.0 Hz  44 Hz  116 Hz  100.6 dB 2019 l + 102 l    3x100 mm  209 mm  1175 uF
 18.0 Hz  46 Hz  118 Hz  101.6 dB 1423 l + 102 l    3x100 mm  184 mm  1089 uF

18/300+300 	 ||    2.7Ohm  0.38  98.0dB    2W 3x100 mm
 fu     fc      fo      SplMech  Vb1     Vb2       d         l        C
 15.6 Hz  40 Hz  102 Hz   99.1 dB   oo l + 136 l    3x100 mm  183 mm  1255 uF
 16.0 Hz  41 Hz  103 Hz   99.5 dB 14089 l + 136 l    3x100 mm  173 mm  1214 uF
 17.0 Hz  42 Hz  105 Hz  100.6 dB 3911 l + 136 l    3x100 mm  149 mm  1120 uF
 18.0 Hz  44 Hz  107 Hz  101.6 dB 2252 l + 136 l    3x100 mm  128 mm  1038 uF

18/300+300 	 ||    6.8Ohm  0.42  98.0dB    2W 3x100 mm
 fu     fc      fo      SplMech  Vb1     Vb2       d         l        C
 16.3 Hz  40 Hz   98 Hz   99.9 dB   oo l + 162 l    3x100 mm  131 mm  1149 uF
 17.0 Hz  41 Hz   99 Hz  100.6 dB 8326 l + 162 l    3x100 mm  117 mm  1088 uF
 18.0 Hz  43 Hz  101 Hz  101.6 dB 3359 l + 162 l    3x100 mm   98 mm  1008 uF

18/300+300 	 || 100000.0Ohm  0.49  98.0dB    2W 3x100 mm
 fu     fc      fo      SplMech  Vb1     Vb2       d         l        C
 17.7 Hz  40 Hz   91 Hz  101.2 dB   oo l + 222 l    3x100 mm   58 mm   981 uF
 18.0 Hz  41 Hz   91 Hz  101.6 dB 17800 l + 222 l    3x100 mm   53 mm   956 uF

*****************************************************************************
18/400+400 	 ||    0.0Ohm  0.32 100.0dB    2W 3x100 mm
 fu     fc      fo      SplMech  Vb1     Vb2       d         l        C
 14.3 Hz  40 Hz  112 Hz   99.5 dB   oo l + 100 l    3x100 mm  301 mm  1666 uF
 15.0 Hz  41 Hz  113 Hz  100.3 dB 7650 l + 100 l    3x100 mm  274 mm  1566 uF
 16.0 Hz  43 Hz  116 Hz  101.5 dB 3058 l + 100 l    3x100 mm  240 mm  1437 uF
 17.0 Hz  45 Hz  118 Hz  102.5 dB 1896 l + 100 l    3x100 mm  211 mm  1326 uF
 18.0 Hz  47 Hz  121 Hz  103.5 dB 1367 l + 100 l    3x100 mm  185 mm  1228 uF

18/400+400 	 ||    2.7Ohm  0.37 100.0dB    2W 3x100 mm
 fu     fc      fo      SplMech  Vb1     Vb2       d         l        C
 15.5 Hz  40 Hz  103 Hz  100.9 dB   oo l + 136 l    3x100 mm  183 mm  1425 uF
 16.0 Hz  41 Hz  104 Hz  101.5 dB 10899 l + 136 l    3x100 mm  169 mm  1364 uF
 17.0 Hz  43 Hz  107 Hz  102.5 dB 3672 l + 136 l    3x100 mm  145 mm  1258 uF
 18.0 Hz  44 Hz  109 Hz  103.5 dB 2190 l + 136 l    3x100 mm  124 mm  1166 uF

18/400+400 	 ||    6.8Ohm  0.41 100.0dB    2W 3x100 mm
 fu     fc      fo      SplMech  Vb1     Vb2       d         l        C
 16.2 Hz  40 Hz   99 Hz  101.7 dB   oo l + 163 l    3x100 mm  130 mm  1304 uF
 17.0 Hz  41 Hz  100 Hz  102.5 dB 7256 l + 163 l    3x100 mm  113 mm  1222 uF
 18.0 Hz  43 Hz  102 Hz  103.5 dB 3212 l + 163 l    3x100 mm   95 mm  1132 uF

18/400+400 	 || 100000.0Ohm  0.48 100.0dB    2W 3x100 mm
 fu     fc      fo      SplMech  Vb1     Vb2       d         l        C
 17.5 Hz  40 Hz   92 Hz  103.0 dB   oo l + 220 l    3x100 mm   61 mm  1122 uF
 18.0 Hz  41 Hz   93 Hz  103.5 dB 11542 l + 220 l    3x100 mm   53 mm  1077 uF

