-------------
15/150+150 SD 	
                    99.0dB             2W
  R||    qts   f3   Spl     SplMech Pmech  SplEle  
   4.7  0.51  55Hz  95.3dB  116.8dB  142W   97.0dB
   6.8  0.54  51Hz  95.3dB  115.6dB  107W   97.0dB
  10.0  0.58  47Hz  95.3dB  114.1dB   76W   97.0dB
  15.0  0.61  43Hz  95.3dB  112.6dB   54W   97.0dB
  22.0  0.64  43Hz  95.3dB  112.6dB   54W   97.0dB
  33.0  0.66  40Hz  95.3dB  111.2dB   39W   97.0dB
  47.0  0.68  40Hz  95.3dB  111.2dB   39W   97.0dB
  68.0  0.69  40Hz  95.3dB  111.2dB   39W   97.0dB
 100.0  0.70  40Hz  95.3dB  111.2dB   39W   97.0dB
 150.0  0.71  37Hz  95.3dB  110.0dB   30W   97.0dB
9999.0  0.72  37Hz  95.3dB  110.0dB   30W   97.0dB
-------------
15/250+250 	
                    99.0dB             2W
  R||    qts   f3   Spl     SplMech Pmech  SplEle  
   3.3  0.51  51Hz  96.1dB  114.0dB   63W   97.8dB
   4.7  0.54  47Hz  96.1dB  112.8dB   47W   97.8dB
   6.8  0.57  45Hz  96.1dB  112.0dB   39W   97.8dB
  10.0  0.61  40Hz  96.1dB  109.9dB   24W   97.8dB
  15.0  0.64  40Hz  96.1dB  109.9dB   24W   97.8dB
  22.0  0.67  37Hz  96.1dB  108.4dB   17W   97.8dB
  33.0  0.70  37Hz  96.1dB  108.4dB   17W   97.8dB
  47.0  0.72  34Hz  96.1dB  107.2dB   13W   97.8dB
  68.0  0.73  34Hz  96.1dB  107.2dB   13W   97.8dB
 100.0  0.74  34Hz  96.1dB  107.2dB   13W   97.8dB
 150.0  0.75  34Hz  96.1dB  107.2dB   13W   97.8dB
9999.0  0.77  33Hz  96.1dB  106.3dB   11W   97.8dB
-------------
15/400+400 	
                    98.0dB             2W
  R||    qts   f3   Spl     SplMech Pmech  SplEle  
   3.3  0.53  61Hz  94.7dB  121.6dB  489W   96.5dB
   4.7  0.56  58Hz  94.7dB  120.8dB  408W   96.5dB
   6.8  0.60  51Hz  94.7dB  118.7dB  249W   96.5dB
  10.0  0.64  51Hz  94.7dB  118.7dB  249W   96.5dB
  15.0  0.67  47Hz  94.7dB  117.2dB  179W   96.5dB
  22.0  0.70  44Hz  94.7dB  116.0dB  136W   96.5dB
  33.0  0.73  44Hz  94.7dB  116.0dB  136W   96.5dB
  47.0  0.75  44Hz  94.7dB  116.0dB  136W   96.5dB
  68.0  0.76  42Hz  94.7dB  115.1dB  110W   96.5dB
 100.0  0.77  42Hz  94.7dB  115.1dB  110W   96.5dB
 150.0  0.78  42Hz  94.7dB  115.1dB  110W   96.5dB
9999.0  0.80  42Hz  94.7dB  115.1dB  110W   96.5dB
-------------
18/300+300 	
                    98.0dB             2W
  R||    qts   f3   Spl     SplMech Pmech  SplEle  
   1.0  0.54  54Hz  96.3dB  120.7dB  271W   98.1dB
   1.5  0.56  52Hz  96.3dB  119.9dB  226W   98.1dB
   2.2  0.59  50Hz  96.3dB  119.2dB  193W   98.1dB
   3.3  0.62  46Hz  96.3dB  117.7dB  138W   98.1dB
   4.7  0.66  42Hz  96.3dB  116.3dB   99W   98.1dB
   6.8  0.70  42Hz  96.3dB  116.3dB   99W   98.1dB
  10.0  0.74  39Hz  96.3dB  115.1dB   75W   98.1dB
  15.0  0.78  37Hz  96.3dB  114.2dB   61W   98.1dB
  22.0  0.82  35Hz  96.3dB  113.2dB   49W   98.1dB
  33.0  0.85  35Hz  96.3dB  113.2dB   49W   98.1dB
  47.0  0.87  34Hz  96.3dB  112.6dB   43W   98.1dB
  68.0  0.88  34Hz  96.3dB  112.6dB   43W   98.1dB
 100.0  0.90  34Hz  96.3dB  112.6dB   43W   98.1dB
 150.0  0.91  32Hz  96.3dB  111.8dB   35W   98.1dB
9999.0  0.93  32Hz  96.3dB  111.8dB   35W   98.1dB
-------------
18/400+400 	
                   100.0dB             2W
  R||    qts   f3   Spl     SplMech Pmech  SplEle  
   1.0  0.53  54Hz  96.6dB  122.6dB  396W   98.4dB
   1.5  0.56  52Hz  96.6dB  121.8dB  330W   98.4dB
   2.2  0.59  50Hz  96.6dB  121.1dB  282W   98.4dB
   3.3  0.62  46Hz  96.6dB  119.7dB  202W   98.4dB
   4.7  0.66  42Hz  96.6dB  118.2dB  145W   98.4dB
   6.8  0.70  39Hz  96.6dB  117.0dB  110W   98.4dB
  10.0  0.74  39Hz  96.6dB  117.0dB  110W   98.4dB
  15.0  0.78  37Hz  96.6dB  116.1dB   89W   98.4dB
  22.0  0.82  35Hz  96.6dB  115.2dB   72W   98.4dB
  33.0  0.85  35Hz  96.6dB  115.2dB   72W   98.4dB
  47.0  0.87  34Hz  96.6dB  114.6dB   62W   98.4dB
  68.0  0.88  34Hz  96.6dB  114.6dB   62W   98.4dB
 100.0  0.89  34Hz  96.6dB  114.6dB   62W   98.4dB
 150.0  0.90  32Hz  96.6dB  113.7dB   51W   98.4dB
9999.0  0.92  32Hz  96.6dB  113.7dB   51W   98.4dB
