-------------
6/90 PCD  	                            97.0dB   90W                      1x70mm
Rpre   Spl         Vb      fb         SplMech Pmech  SplEle     f3       dv       lv

0.20  97.3dB:     7.0l @ 149.7Hz  =>  114.1dB   75W 114.9dB @ 122.8Hz + 2x100mm    43 mm 
                  7.9l @ 144.0Hz  =>  113.0dB   59W 114.9dB @ 115.5Hz + 2x100mm    26 mm 
             *    9.0l @ 138.4Hz  =>  112.0dB   46W 114.9dB @ 108.7Hz + 3x100mm    46 mm 
                 10.1l @ 133.1Hz  =>  110.9dB   36W 114.9dB @ 102.2Hz + 3x100mm    26 mm 
                 11.4l @ 128.0Hz  =>  109.8dB   28W 114.9dB @  96.2Hz + 4x100mm    34 mm 

0.60  97.0dB:     8.6l @ 140.4Hz  =>  112.3dB   54W 114.5dB @ 111.1Hz + 3x100mm    54 mm 
                  9.7l @ 135.0Hz  =>  111.3dB   42W 114.5dB @ 104.5Hz + 3x100mm    33 mm 
             *   10.9l @ 129.9Hz  =>  110.2dB   33W 114.5dB @  98.3Hz + 4x100mm    42 mm 
                 12.4l @ 124.9Hz  =>  109.2dB   26W 114.5dB @  92.5Hz + 4x100mm    21 mm 
                 14.0l @ 120.1Hz  =>  108.1dB   20W 114.5dB @  87.0Hz + 5x100mm    22 mm 

1.00  96.7dB:    10.3l @ 132.3Hz  =>  110.7dB   40W 114.2dB @ 101.2Hz + 3x100mm    23 mm 
                 11.7l @ 127.3Hz  =>  109.7dB   31W 114.2dB @  95.2Hz + 4x100mm    31 mm 
             *   13.2l @ 122.4Hz  =>  108.6dB   25W 114.2dB @  89.6Hz + 5x100mm    33 mm 
                 14.9l @ 117.7Hz  =>  107.5dB   19W 114.2dB @  84.3Hz + 6x100mm    29 mm 

-------------
6/100 PCD 	                            99.0dB  100W                      1x70mm
Rpre   Spl         Vb      fb         SplMech Pmech  SplEle     f3       dv       lv

0.20  98.2dB:     5.9l @ 144.5Hz  =>  117.4dB  125W 116.4dB @ 148.3Hz   1x70mm     51 mm 
                  6.7l @ 138.9Hz  =>  116.3dB   98W 116.4dB @ 139.5Hz   1x70mm     39 mm 
             *    7.5l @ 133.6Hz  =>  115.2dB   77W 116.4dB @ 131.2Hz   1x70mm     29 mm 
                  8.5l @ 128.5Hz  =>  114.2dB   60W 116.4dB @ 123.4Hz + 1x100mm    71 mm 
                  9.6l @ 123.6Hz  =>  113.1dB   47W 116.4dB @ 116.1Hz + 1x100mm    55 mm 

0.60  97.9dB:     7.2l @ 135.8Hz  =>  115.7dB   91W 116.1dB @ 134.6Hz   1x70mm     33 mm 
                  8.1l @ 130.6Hz  =>  114.6dB   71W 116.1dB @ 126.6Hz   1x70mm     23 mm 
             *    9.1l @ 125.6Hz  =>  113.5dB   56W 116.1dB @ 119.1Hz + 1x100mm    61 mm 
                 10.3l @ 120.8Hz  =>  112.5dB   44W 116.1dB @ 112.0Hz + 1x100mm    46 mm 
                 11.7l @ 116.1Hz  =>  111.4dB   34W 116.1dB @ 105.4Hz + 1x100mm    32 mm 

1.00  97.6dB:     8.6l @ 128.2Hz  =>  114.1dB   68W 115.8dB @ 122.9Hz + 1x100mm    70 mm 
                  9.7l @ 123.2Hz  =>  113.0dB   53W 115.8dB @ 115.6Hz + 1x100mm    54 mm 
             *   10.9l @ 118.5Hz  =>  112.0dB   41W 115.8dB @ 108.8Hz + 1x100mm    39 mm 
                 12.4l @ 114.0Hz  =>  110.9dB   32W 115.8dB @ 102.3Hz + 1x100mm    26 mm 
                 14.0l @ 109.6Hz  =>  109.9dB   25W 115.8dB @  96.3Hz + 2x100mm    72 mm 

-------------
8/150 SD 	                             99.0dB  150W                      1x70mm
Rpre   Spl         Vb      fb         SplMech Pmech  SplEle     f3       dv       lv

0.20  98.8dB:    13.5l @ 111.0Hz  =>  119.0dB  149W 119.0dB @ 125.8Hz   1x70mm     56 mm 
                 15.3l @ 106.8Hz  =>  117.9dB  117W 119.0dB @ 118.3Hz   1x70mm     44 mm 
             *   17.3l @ 102.7Hz  =>  116.9dB   92W 119.0dB @ 111.3Hz   1x70mm     33 mm 
                 19.5l @  98.7Hz  =>  115.8dB   72W 119.0dB @ 104.7Hz   1x70mm     23 mm 
                 22.0l @  95.0Hz  =>  114.7dB   56W 119.0dB @  98.5Hz + 1x100mm    61 mm 

0.60  98.5dB:    15.9l @ 105.3Hz  =>  117.6dB  115W 118.7dB @ 115.8Hz   1x70mm     40 mm 
                 18.0l @ 101.3Hz  =>  116.5dB   90W 118.7dB @ 109.0Hz   1x70mm     29 mm 
             *   20.4l @  97.4Hz  =>  115.4dB   70W 118.7dB @ 102.5Hz + 1x100mm    72 mm 
                 23.0l @  93.7Hz  =>  114.4dB   55W 118.7dB @  96.4Hz + 1x100mm    55 mm 
                 26.0l @  90.1Hz  =>  113.3dB   43W 118.7dB @  90.7Hz + 1x100mm    41 mm 

1.00  98.2dB:    18.6l @ 100.3Hz  =>  116.2dB   90W 118.4dB @ 107.3Hz   1x70mm     27 mm 
                 21.0l @  96.5Hz  =>  115.2dB   71W 118.4dB @ 101.0Hz + 1x100mm    68 mm 
             *   23.7l @  92.8Hz  =>  114.1dB   55W 118.4dB @  95.0Hz + 1x100mm    52 mm 
                 26.8l @  89.2Hz  =>  113.1dB   43W 118.4dB @  89.3Hz + 1x100mm    37 mm 
                 30.3l @  85.8Hz  =>  112.0dB   34W 118.4dB @  84.0Hz + 1x100mm    24 mm 

-------------
8/250 PCD 	                            99.0dB  250W                      1x70mm
Rpre   Spl         Vb      fb         SplMech Pmech  SplEle     f3       dv       lv

0.20  98.0dB:     8.1l @ 123.1Hz  =>  121.0dB  291W 120.3dB @ 140.8Hz   1x70mm    100 mm 
                  9.1l @ 118.4Hz  =>  119.9dB  228W 120.3dB @ 132.5Hz   1x70mm     83 mm 
             *   10.3l @ 113.9Hz  =>  118.8dB  178W 120.3dB @ 124.6Hz   1x70mm     67 mm 
                 11.6l @ 109.5Hz  =>  117.8dB  140W 120.3dB @ 117.2Hz   1x70mm     54 mm 
                 13.2l @ 105.3Hz  =>  116.7dB  109W 120.3dB @ 110.3Hz   1x70mm     41 mm 

0.60  97.7dB:     9.6l @ 116.6Hz  =>  119.5dB  221W 120.0dB @ 129.2Hz   1x70mm     76 mm 
                 10.8l @ 112.1Hz  =>  118.4dB  173W 120.0dB @ 121.6Hz   1x70mm     61 mm 
             *   12.2l @ 107.8Hz  =>  117.3dB  136W 120.0dB @ 114.4Hz   1x70mm     49 mm 
                 13.8l @ 103.7Hz  =>  116.3dB  106W 120.0dB @ 107.6Hz   1x70mm     37 mm 
                 15.6l @  99.7Hz  =>  115.2dB   83W 120.0dB @ 101.2Hz   1x70mm     27 mm 

1.00  97.4dB:    11.2l @ 110.8Hz  =>  118.1dB  172W 119.7dB @ 119.4Hz   1x70mm     57 mm 
                 12.7l @ 106.5Hz  =>  117.0dB  135W 119.7dB @ 112.3Hz   1x70mm     45 mm 
             *   14.3l @ 102.4Hz  =>  116.0dB  105W 119.7dB @ 105.6Hz   1x70mm     34 mm 
                 16.2l @  98.5Hz  =>  114.9dB   83W 119.7dB @  99.4Hz   1x70mm     24 mm 
                 18.3l @  94.7Hz  =>  113.8dB   65W 119.7dB @  93.5Hz + 1x100mm    63 mm 

-------------
10/150 SD 	                            98.0dB  150W                     1x100mm
Rpre   Spl         Vb      fb         SplMech Pmech  SplEle     f3       dv       lv

0.20  97.4dB:    94.7l @  62.4Hz  =>  109.5dB   26W 117.2dB @  53.9Hz + 5x100mm    25 mm 
                107.0l @  60.1Hz  =>  108.4dB   20W 117.2dB @  50.8Hz + 6x100mm    21 mm 



-------------
10/150 HF-SD 	                         97.0dB  150W                     1x100mm
Rpre   Spl         Vb      fb         SplMech Pmech  SplEle     f3       dv       lv

0.20  96.1dB:   105.6l @  46.2Hz  =>  114.0dB  140W 114.3dB @  48.7Hz   1x100mm    53 mm 
                119.3l @  44.4Hz  =>  112.9dB  109W 114.3dB @  45.8Hz   1x100mm    38 mm 
             *  134.8l @  42.7Hz  =>  111.9dB   86W 114.3dB @  43.1Hz   1x100mm    25 mm 
                152.3l @  41.1Hz  =>  110.8dB   67W 114.3dB @  40.6Hz + 2x100mm    70 mm 
                172.1l @  39.5Hz  =>  109.7dB   53W 114.3dB @  38.1Hz + 2x100mm    50 mm 

0.60  95.7dB:   140.4l @  42.1Hz  =>  111.5dB   87W 113.9dB @  42.2Hz   1x100mm    21 mm 
                158.7l @  40.5Hz  =>  110.5dB   69W 113.9dB @  39.7Hz + 2x100mm    63 mm 
             *  179.3l @  39.0Hz  =>  109.4dB   54W 113.9dB @  37.4Hz + 2x100mm    44 mm 
                202.6l @  37.5Hz  =>  108.3dB   42W 113.9dB @  35.2Hz + 2x100mm    27 mm 
                229.0l @  36.0Hz  =>  107.3dB   33W 113.9dB @  33.1Hz + 3x100mm    47 mm 

1.00  95.3dB:   181.8l @  38.8Hz  =>  109.3dB   57W 113.5dB @  37.1Hz + 2x100mm    42 mm 
                205.4l @  37.3Hz  =>  108.2dB   45W 113.5dB @  34.9Hz + 2x100mm    25 mm 
             *  232.1l @  35.9Hz  =>  107.2dB   35W 113.5dB @  32.9Hz + 3x100mm    45 mm 
                262.2l @  34.5Hz  =>  106.1dB   28W 113.5dB @  30.9Hz + 3x100mm    25 mm 
                296.3l @  33.2Hz  =>  105.0dB   22W 113.5dB @  29.1Hz + 4x100mm    33 mm 

-------------
10/200 SD 	                            99.0dB  150W                     1x100mm
Rpre   Spl         Vb      fb         SplMech Pmech  SplEle     f3       dv       lv

0.20  98.3dB:    45.1l @  72.7Hz  =>  117.6dB  114W 118.8dB @  77.4Hz   1x100mm    50 mm 
                 51.0l @  69.9Hz  =>  116.5dB   90W 118.8dB @  72.8Hz   1x100mm    36 mm 
             *   57.6l @  67.2Hz  =>  115.5dB   70W 118.8dB @  68.5Hz   1x100mm    23 mm 
                 65.1l @  64.6Hz  =>  114.4dB   55W 118.8dB @  64.4Hz + 2x100mm    66 mm 
                 73.6l @  62.2Hz  =>  113.4dB   43W 118.8dB @  60.6Hz + 2x100mm    47 mm 

0.60  98.1dB:    53.6l @  68.8Hz  =>  116.1dB   86W 118.5dB @  71.0Hz   1x100mm    30 mm 
                 60.6l @  66.1Hz  =>  115.0dB   68W 118.5dB @  66.8Hz + 2x100mm    79 mm 
             *   68.5l @  63.6Hz  =>  114.0dB   53W 118.5dB @  62.8Hz + 2x100mm    58 mm 
                 77.4l @  61.2Hz  =>  112.9dB   41W 118.5dB @  59.1Hz + 2x100mm    39 mm 
                 87.4l @  58.8Hz  =>  111.9dB   32W 118.5dB @  55.6Hz + 2x100mm    23 mm 

1.00  97.8dB:    63.0l @  65.3Hz  =>  114.7dB   66W 118.2dB @  65.5Hz + 2x100mm    72 mm 
                 71.2l @  62.8Hz  =>  113.6dB   52W 118.2dB @  61.6Hz + 2x100mm    52 mm 
             *   80.5l @  60.4Hz  =>  112.6dB   41W 118.2dB @  58.0Hz + 2x100mm    34 mm 
                 91.0l @  58.1Hz  =>  111.5dB   32W 118.2dB @  54.5Hz + 3x100mm    56 mm 
                102.8l @  55.9Hz  =>  110.5dB   25W 118.2dB @  51.3Hz + 3x100mm    35 mm 

-------------
10/250 HF-AL 	                         98.0dB  250W                     1x100mm
Rpre   Spl         Vb      fb         SplMech Pmech  SplEle     f3       dv       lv

0.20  97.6dB:    19.9l @  74.7Hz  =>  123.7dB  993W 117.7dB @ 103.2Hz   1x100mm   595 mm 
                 22.4l @  71.8Hz  =>  122.6dB  778W 117.7dB @  97.1Hz   1x100mm   518 mm 
             *   25.4l @  69.1Hz  =>  121.6dB  609W 117.7dB @  91.3Hz   1x100mm   450 mm 
                 28.7l @  66.4Hz  =>  120.5dB  477W 117.7dB @  85.9Hz   1x100mm   390 mm 
                 32.4l @  63.9Hz  =>  119.5dB  373W 117.7dB @  80.8Hz   1x100mm   337 mm 

0.60  97.2dB:    26.9l @  67.8Hz  =>  121.1dB  605W 117.2dB @  88.7Hz   1x100mm   420 mm 
                 30.4l @  65.2Hz  =>  120.0dB  474W 117.2dB @  83.5Hz   1x100mm   364 mm 
             *   34.3l @  62.7Hz  =>  118.9dB  371W 117.2dB @  78.5Hz   1x100mm   313 mm 
                 38.8l @  60.3Hz  =>  117.9dB  291W 117.2dB @  73.9Hz   1x100mm   269 mm 
                 43.8l @  58.0Hz  =>  116.8dB  228W 117.2dB @  69.5Hz   1x100mm   230 mm 

1.00  96.7dB:    35.3l @  62.2Hz  =>  118.7dB  388W 116.8dB @  77.5Hz   1x100mm   303 mm 
                 39.8l @  59.8Hz  =>  117.7dB  304W 116.8dB @  72.9Hz   1x100mm   260 mm 
             *   45.0l @  57.5Hz  =>  116.6dB  238W 116.8dB @  68.6Hz   1x100mm   222 mm 
                 50.9l @  55.3Hz  =>  115.5dB  186W 116.8dB @  64.5Hz   1x100mm   188 mm 
                 57.5l @  53.2Hz  =>  114.5dB  146W 116.8dB @  60.7Hz   1x100mm   158 mm 

-------------
10/300 LC 	                           100.0dB  300W                     1x100mm
Rpre   Spl         Vb      fb         SplMech Pmech  SplEle     f3       dv       lv

0.20 100.4dB:     5.1l @ 133.3Hz  =>  135.1dB 4344W 123.5dB @ 206.8Hz - 1x70mm    549 mm 
                  5.8l @ 128.2Hz  =>  134.1dB 3402W 123.5dB @ 194.6Hz - 1x70mm    480 mm 
             *    6.6l @ 123.2Hz  =>  133.0dB 2664W 123.5dB @ 183.0Hz - 1x70mm    419 mm 
                  7.4l @ 118.5Hz  =>  132.0dB 2087W 123.5dB @ 172.2Hz - 1x70mm    365 mm 
                  8.4l @ 114.0Hz  =>  130.9dB 1634W 123.5dB @ 162.0Hz   1x100mm   679 mm 

0.60 100.1dB:     6.2l @ 125.5Hz  =>  133.5dB 3197W 123.2dB @ 188.4Hz - 1x70mm    447 mm 
                  7.0l @ 120.7Hz  =>  132.5dB 2504W 123.2dB @ 177.2Hz - 1x70mm    390 mm 
             *    7.9l @ 116.1Hz  =>  131.4dB 1961W 123.2dB @ 166.7Hz - 1x70mm    339 mm 
                  8.9l @ 111.6Hz  =>  130.3dB 1536W 123.2dB @ 156.8Hz   1x100mm   631 mm 
                 10.1l @ 107.3Hz  =>  129.3dB 1203W 123.2dB @ 147.5Hz   1x100mm   550 mm 

1.00  99.8dB:     7.4l @ 118.7Hz  =>  132.0dB 2401W 123.0dB @ 172.6Hz - 1x70mm    367 mm 
                  8.3l @ 114.1Hz  =>  130.9dB 1881W 123.0dB @ 162.4Hz   1x100mm   682 mm 
             *    9.4l @ 109.8Hz  =>  129.9dB 1473W 123.0dB @ 152.7Hz   1x100mm   595 mm 
                 10.6l @ 105.5Hz  =>  128.8dB 1153W 123.0dB @ 143.7Hz   1x100mm   518 mm 
                 12.0l @ 101.5Hz  =>  127.8dB  903W 123.0dB @ 135.2Hz   1x100mm   450 mm 

-------------
12/150 SD 	                            99.0dB  150W                     2x100mm
Rpre   Spl         Vb      fb         SplMech Pmech  SplEle     f3       dv       lv




-------------
12/200 SD 	                            98.0dB  200W                     2x100mm
Rpre   Spl         Vb      fb         SplMech Pmech  SplEle     f3       dv       lv

0.20  97.3dB:    94.8l @  57.9Hz  =>  114.0dB   68W 118.7dB @  56.8Hz   2x100mm    33 mm 
                107.1l @  55.7Hz  =>  112.9dB   53W 118.7dB @  53.5Hz + 3x100mm    55 mm 
             *  121.0l @  53.6Hz  =>  111.9dB   42W 118.7dB @  50.3Hz + 3x100mm    34 mm 
                136.8l @  51.5Hz  =>  110.8dB   33W 118.7dB @  47.3Hz + 4x100mm    44 mm 
                154.5l @  49.6Hz  =>  109.8dB   25W 118.7dB @  44.5Hz + 4x100mm    22 mm 
                174.6l @  47.7Hz  =>  108.7dB   20W 118.7dB @  41.9Hz + 5x100mm    23 mm 

0.60  97.0dB:   110.9l @  55.1Hz  =>  112.6dB   53W 118.4dB @  52.5Hz + 3x100mm    49 mm 
                125.4l @  53.0Hz  =>  111.6dB   41W 118.4dB @  49.4Hz + 3x100mm    29 mm 
             *  141.7l @  51.0Hz  =>  110.5dB   32W 118.4dB @  46.5Hz + 4x100mm    37 mm 
                160.1l @  49.0Hz  =>  109.5dB   25W 118.4dB @  43.7Hz + 5x100mm    40 mm 
                180.9l @  47.1Hz  =>  108.4dB   20W 118.4dB @  41.1Hz + 6x100mm    37 mm 

1.00  96.7dB:   128.4l @  52.6Hz  =>  111.4dB   42W 118.1dB @  48.8Hz + 3x100mm    25 mm 
                145.0l @  50.6Hz  =>  110.3dB   33W 118.1dB @  45.9Hz + 4x100mm    33 mm 
             *  163.9l @  48.6Hz  =>  109.3dB   26W 118.1dB @  43.2Hz + 5x100mm    35 mm 
                185.2l @  46.8Hz  =>  108.2dB   20W 118.1dB @  40.6Hz + 6x100mm    32 mm 

-------------
12/250 SD 	                           100.0dB  250W                     2x100mm
Rpre   Spl         Vb      fb         SplMech Pmech  SplEle     f3       dv       lv

0.20 100.0dB:    44.1l @  72.5Hz  =>  122.7dB  259W 122.6dB @  93.7Hz   2x100mm   396 mm 
                 49.8l @  69.7Hz  =>  121.6dB  203W 122.6dB @  88.2Hz   2x100mm   338 mm 
             *   56.3l @  67.1Hz  =>  120.6dB  159W 122.6dB @  82.9Hz   2x100mm   287 mm 
                 63.6l @  64.5Hz  =>  119.5dB  124W 122.6dB @  78.0Hz   2x100mm   243 mm 
                 71.9l @  62.0Hz  =>  118.5dB   97W 122.6dB @  73.4Hz   2x100mm   203 mm 
                 81.2l @  59.6Hz  =>  117.4dB   76W 122.6dB @  69.0Hz   2x100mm   168 mm 
                 91.8l @  57.4Hz  =>  116.3dB   60W 122.6dB @  64.9Hz   2x100mm   136 mm 
                103.7l @  55.2Hz  =>  115.3dB   47W 122.6dB @  61.1Hz   2x100mm   109 mm 
                117.2l @  53.0Hz  =>  114.2dB   37W 122.6dB @  57.5Hz   2x100mm    84 mm 
                132.5l @  51.0Hz  =>  113.1dB   29W 122.6dB @  54.1Hz   2x100mm    63 mm 
                149.7l @  49.1Hz  =>  112.1dB   22W 122.6dB @  50.9Hz   2x100mm    44 mm 
                169.2l @  47.2Hz  =>  111.0dB   18W 122.6dB @  47.8Hz   2x100mm    27 mm 
                191.1l @  45.4Hz  =>  110.0dB   14W 122.6dB @  45.0Hz + 3x100mm    47 mm 
                216.0l @  43.6Hz  =>  108.9dB   11W 122.6dB @  42.3Hz + 3x100mm    27 mm 
                244.1l @  42.0Hz  =>  107.8dB    8W 122.6dB @  39.8Hz + 4x100mm    35 mm 
                275.8l @  40.3Hz  =>  106.8dB    7W 122.6dB @  37.5Hz + 5x100mm    37 mm 
                311.7l @  38.8Hz  =>  105.7dB    5W 122.6dB @  35.2Hz + 6x100mm    34 mm 

0.60  99.8dB:    52.7l @  68.5Hz  =>  121.1dB  193W 122.3dB @  85.7Hz   2x100mm   314 mm 
                 59.6l @  65.9Hz  =>  120.1dB  151W 122.3dB @  80.6Hz   2x100mm   266 mm 
             *   67.3l @  63.3Hz  =>  119.0dB  118W 122.3dB @  75.8Hz   2x100mm   223 mm 
                 76.1l @  60.9Hz  =>  118.0dB   93W 122.3dB @  71.3Hz   2x100mm   186 mm 
                 86.0l @  58.6Hz  =>  116.9dB   73W 122.3dB @  67.1Hz   2x100mm   153 mm 

1.00  99.5dB:    62.4l @  64.9Hz  =>  119.7dB  147W 122.0dB @  78.8Hz   2x100mm   250 mm 
                 70.5l @  62.4Hz  =>  118.6dB  115W 122.0dB @  74.1Hz   2x100mm   209 mm 
             *   79.6l @  60.0Hz  =>  117.6dB   90W 122.0dB @  69.7Hz   2x100mm   173 mm 
                 90.0l @  57.7Hz  =>  116.5dB   71W 122.0dB @  65.6Hz   2x100mm   141 mm 
                101.7l @  55.5Hz  =>  115.4dB   55W 122.0dB @  61.7Hz   2x100mm   113 mm 

-------------
12/300 LC 	                           101.0dB  300W                     2x100mm
Rpre   Spl         Vb      fb         SplMech Pmech  SplEle     f3       dv       lv

0.20 101.6dB:    18.9l @  85.5Hz  =>  128.1dB  638W 124.8dB @ 127.6Hz - 1x100mm   631 mm 
                 21.3l @  82.2Hz  =>  127.0dB  499W 124.8dB @ 120.0Hz - 1x100mm   550 mm 
                 24.1l @  79.1Hz  =>  125.9dB  391W 124.8dB @ 112.9Hz - 1x100mm   478 mm 
                 27.2l @  76.1Hz  =>  124.9dB  306W 124.8dB @ 106.2Hz - 1x100mm   415 mm 
                 30.7l @  73.1Hz  =>  123.8dB  240W 124.8dB @  99.9Hz - 1x100mm   359 mm 
                 34.7l @  70.3Hz  =>  122.8dB  188W 124.8dB @  94.0Hz   2x100mm   656 mm 
                 39.3l @  67.6Hz  =>  121.7dB  147W 124.8dB @  88.4Hz   2x100mm   569 mm 
                 44.4l @  65.0Hz  =>  120.6dB  115W 124.8dB @  83.2Hz   2x100mm   492 mm 
                 50.1l @  62.5Hz  =>  119.6dB   90W 124.8dB @  78.3Hz   2x100mm   423 mm 
                 56.6l @  60.2Hz  =>  118.5dB   71W 124.8dB @  73.6Hz   2x100mm   363 mm 
                 64.0l @  57.8Hz  =>  117.4dB   55W 124.8dB @  69.3Hz   2x100mm   309 mm 
                 72.3l @  55.6Hz  =>  116.4dB   43W 124.8dB @  65.1Hz   2x100mm   262 mm 
                 81.7l @  53.5Hz  =>  115.3dB   34W 124.8dB @  61.3Hz   2x100mm   220 mm 
                 92.3l @  51.4Hz  =>  114.3dB   27W 124.8dB @  57.7Hz   2x100mm   183 mm 
                104.3l @  49.5Hz  =>  113.2dB   21W 124.8dB @  54.2Hz   2x100mm   150 mm 
                117.9l @  47.6Hz  =>  112.1dB   16W 124.8dB @  51.0Hz   2x100mm   121 mm 
                133.2l @  45.7Hz  =>  111.1dB   13W 124.8dB @  48.0Hz   2x100mm    95 mm 
                150.6l @  44.0Hz  =>  110.0dB   10W 124.8dB @  45.2Hz   2x100mm    72 mm 
                170.1l @  42.3Hz  =>  109.0dB    8W 124.8dB @  42.5Hz   2x100mm    52 mm 
                192.3l @  40.7Hz  =>  107.9dB    6W 124.8dB @  40.0Hz   2x100mm    34 mm 
                217.2l @  39.1Hz  =>  106.8dB    5W 124.8dB @  37.6Hz + 3x100mm    56 mm 
                245.5l @  37.6Hz  =>  105.8dB    4W 124.8dB @  35.4Hz + 3x100mm    35 mm 
                277.4l @  36.2Hz  =>  104.7dB    3W 124.8dB @  33.3Hz + 4x100mm    45 mm 
                313.5l @  34.8Hz  =>  103.6dB    2W 124.8dB @  31.3Hz + 4x100mm    23 mm 
                354.2l @  33.5Hz  =>  102.6dB    2W 124.8dB @  29.4Hz + 5x100mm    24 mm 



-------------
15/150+150 SD 	                        99.0dB    2W                     2x100mm
Rpre   Spl         Vb      fb         SplMech Pmech  SplEle     f3       dv       lv

0.20  98.4dB:   223.3l @  42.7Hz  =>  117.5dB   91W 100.9dB @  45.6Hz   2x100mm    41 mm 
                252.3l @  41.1Hz  =>  116.5dB   71W 100.9dB @  42.9Hz   2x100mm    25 mm 
             *  285.1l @  39.5Hz  =>  115.4dB   56W 100.9dB @  40.4Hz + 3x100mm    44 mm 
                322.2l @  38.0Hz  =>  114.3dB   44W 100.9dB @  38.0Hz + 3x100mm    24 mm 
                364.1l @  36.5Hz  =>  113.3dB   34W 100.9dB @  35.7Hz + 4x100mm    32 mm 
                411.4l @  35.1Hz  =>  112.2dB   27W 100.9dB @  33.6Hz + 5x100mm    34 mm 
                464.9l @  33.8Hz  =>  111.2dB   21W 100.9dB @  31.6Hz + 6x100mm    30 mm 

0.60  98.2dB:   257.6l @  40.8Hz  =>  116.3dB   72W 100.7dB @  42.5Hz   2x100mm    22 mm 
                291.1l @  39.2Hz  =>  115.2dB   56W 100.7dB @  40.0Hz + 3x100mm    40 mm 
             *  329.0l @  37.7Hz  =>  114.2dB   44W 100.7dB @  37.6Hz + 3x100mm    21 mm 
                371.7l @  36.3Hz  =>  113.1dB   35W 100.7dB @  35.4Hz + 4x100mm    28 mm 
                420.1l @  34.9Hz  =>  112.0dB   27W 100.7dB @  33.3Hz + 5x100mm    30 mm 

1.00  98.0dB:   295.0l @  39.1Hz  =>  115.1dB   58W 100.5dB @  39.7Hz + 3x100mm    38 mm 
                333.4l @  37.6Hz  =>  114.0dB   45W 100.5dB @  37.3Hz + 4x100mm    48 mm 
             *  376.7l @  36.1Hz  =>  113.0dB   35W 100.5dB @  35.1Hz + 4x100mm    26 mm 
                425.7l @  34.8Hz  =>  111.9dB   28W 100.5dB @  33.0Hz + 5x100mm    27 mm 
                481.0l @  33.4Hz  =>  110.9dB   22W 100.5dB @  31.1Hz + 6x100mm    23 mm 

-------------
15/250+250 	                           99.0dB    2W                     2x100mm
Rpre   Spl         Vb      fb         SplMech Pmech  SplEle     f3       dv       lv

0.20  99.2dB:   447.5l @  36.9Hz  =>  113.0dB   25W 102.1dB @  38.1Hz + 4x100mm    25 mm 
                505.7l @  35.5Hz  =>  112.0dB   20W 102.1dB @  35.8Hz + 5x100mm    26 mm 
             *  571.4l @  34.2Hz  =>  110.9dB   15W 102.1dB @  33.7Hz + 6x100mm    22 mm 

0.60  99.0dB:   510.6l @  35.4Hz  =>  111.9dB   20W 101.9dB @  35.7Hz + 5x100mm    24 mm 


-------------
15/300 SD 	                            99.0dB  300W                     2x100mm
Rpre   Spl         Vb      fb         SplMech Pmech  SplEle     f3       dv       lv

0.20  98.4dB:   187.6l @  45.8Hz  =>  117.3dB  114W 121.5dB @  48.7Hz   2x100mm    44 mm 
                211.9l @  44.0Hz  =>  116.3dB   89W 121.5dB @  45.8Hz   2x100mm    28 mm 
             *  239.5l @  42.3Hz  =>  115.2dB   70W 121.5dB @  43.1Hz + 3x100mm    48 mm 
                270.6l @  40.7Hz  =>  114.1dB   55W 121.5dB @  40.6Hz + 3x100mm    27 mm 
                305.8l @  39.2Hz  =>  113.1dB   43W 121.5dB @  38.2Hz + 4x100mm    36 mm 
                345.6l @  37.7Hz  =>  112.0dB   34W 121.5dB @  35.9Hz + 5x100mm    38 mm 
                390.5l @  36.2Hz  =>  111.0dB   26W 121.5dB @  33.8Hz + 6x100mm    35 mm 

0.60  98.1dB:   224.4l @  43.2Hz  =>  115.8dB   85W 121.2dB @  44.6Hz   2x100mm    20 mm 
                253.5l @  41.6Hz  =>  114.7dB   67W 121.2dB @  41.9Hz + 3x100mm    38 mm 
             *  286.5l @  40.0Hz  =>  113.7dB   52W 121.2dB @  39.4Hz + 4x100mm    48 mm 
                323.7l @  38.5Hz  =>  112.6dB   41W 121.2dB @  37.1Hz + 4x100mm    26 mm 
                365.8l @  37.0Hz  =>  111.5dB   32W 121.2dB @  34.9Hz + 5x100mm    27 mm 

1.00  97.8dB:   265.1l @  41.0Hz  =>  114.3dB   65W 121.0dB @  41.0Hz + 3x100mm    31 mm 
                299.6l @  39.4Hz  =>  113.3dB   51W 121.0dB @  38.6Hz + 4x100mm    40 mm 
             *  338.5l @  37.9Hz  =>  112.2dB   40W 121.0dB @  36.3Hz + 5x100mm    43 mm 
                382.5l @  36.5Hz  =>  111.1dB   31W 121.0dB @  34.1Hz + 6x100mm    39 mm 

-------------
15/400 LC 	                           101.0dB  400W                     2x100mm
Rpre   Spl         Vb      fb         SplMech Pmech  SplEle     f3       dv       lv

0.20 100.6dB:    61.9l @  66.8Hz  =>  127.6dB  766W 124.8dB @  88.0Hz   2x100mm   344 mm 
                 69.9l @  64.3Hz  =>  126.5dB  600W 124.8dB @  82.8Hz   2x100mm   293 mm 
             *   79.0l @  61.8Hz  =>  125.5dB  470W 124.8dB @  77.9Hz   2x100mm   247 mm 
                 89.3l @  59.4Hz  =>  124.4dB  368W 124.8dB @  73.3Hz   2x100mm   207 mm 
                100.9l @  57.2Hz  =>  123.4dB  288W 124.8dB @  68.9Hz   2x100mm   171 mm 
                114.0l @  55.0Hz  =>  122.3dB  226W 124.8dB @  64.8Hz   2x100mm   140 mm 
                128.8l @  52.9Hz  =>  121.2dB  177W 124.8dB @  61.0Hz   2x100mm   112 mm 
                145.5l @  50.8Hz  =>  120.2dB  138W 124.8dB @  57.4Hz   2x100mm    87 mm 
                164.4l @  48.9Hz  =>  119.1dB  108W 124.8dB @  54.0Hz   2x100mm    65 mm 
                185.8l @  47.0Hz  =>  118.0dB   85W 124.8dB @  50.8Hz   2x100mm    46 mm 
                210.0l @  45.2Hz  =>  117.0dB   66W 124.8dB @  47.8Hz   2x100mm    29 mm 
                237.3l @  43.5Hz  =>  115.9dB   52W 124.8dB @  44.9Hz + 3x100mm    49 mm 
                268.1l @  41.8Hz  =>  114.9dB   41W 124.8dB @  42.3Hz + 3x100mm    29 mm 
                303.0l @  40.2Hz  =>  113.8dB   32W 124.8dB @  39.8Hz + 4x100mm    38 mm 
                342.4l @  38.7Hz  =>  112.7dB   25W 124.8dB @  37.4Hz + 5x100mm    40 mm 
                386.9l @  37.2Hz  =>  111.7dB   20W 124.8dB @  35.2Hz + 6x100mm    37 mm 

0.60 100.3dB:    75.2l @  62.8Hz  =>  125.9dB  557W 124.5dB @  79.8Hz   2x100mm   265 mm 
                 84.9l @  60.4Hz  =>  124.8dB  437W 124.5dB @  75.1Hz   2x100mm   223 mm 
             *   96.0l @  58.1Hz  =>  123.8dB  342W 124.5dB @  70.7Hz   2x100mm   185 mm 
                108.5l @  55.9Hz  =>  122.7dB  268W 124.5dB @  66.5Hz   2x100mm   152 mm 
                122.5l @  53.7Hz  =>  121.7dB  210W 124.5dB @  62.5Hz   2x100mm   123 mm 

1.00 100.0dB:    90.1l @  59.3Hz  =>  124.3dB  415W 124.2dB @  72.9Hz   2x100mm   204 mm 
                101.8l @  57.0Hz  =>  123.3dB  325W 124.2dB @  68.6Hz   2x100mm   169 mm 
             *  115.0l @  54.8Hz  =>  122.2dB  254W 124.2dB @  64.5Hz   2x100mm   138 mm 
                130.0l @  52.7Hz  =>  121.1dB  199W 124.2dB @  60.7Hz   2x100mm   110 mm 
                146.9l @  50.7Hz  =>  120.1dB  156W 124.2dB @  57.1Hz   2x100mm    85 mm 

-------------
15/400+400 	                           98.0dB    2W                     2x100mm
Rpre   Spl         Vb      fb         SplMech Pmech  SplEle     f3       dv       lv

0.20  97.8dB:   154.8l @  47.2Hz  =>  121.7dB  295W 100.0dB @  48.5Hz   2x100mm    45 mm 
                174.9l @  45.4Hz  =>  120.6dB  231W 100.0dB @  45.7Hz   2x100mm    28 mm 
             *  197.6l @  43.7Hz  =>  119.6dB  181W 100.0dB @  42.9Hz + 3x100mm    49 mm 
                223.3l @  42.0Hz  =>  118.5dB  142W 100.0dB @  40.4Hz + 3x100mm    28 mm 
                252.4l @  40.4Hz  =>  117.4dB  111W 100.0dB @  38.0Hz + 4x100mm    37 mm 
                285.2l @  38.8Hz  =>  116.4dB   87W 100.0dB @  35.8Hz + 5x100mm    40 mm 
                322.2l @  37.3Hz  =>  115.3dB   68W 100.0dB @  33.6Hz + 6x100mm    36 mm 

0.60  97.6dB:   181.4l @  44.9Hz  =>  120.3dB  227W  99.8dB @  44.8Hz   2x100mm    24 mm 
                205.0l @  43.2Hz  =>  119.3dB  178W  99.8dB @  42.2Hz + 3x100mm    42 mm 
             *  231.6l @  41.5Hz  =>  118.2dB  139W  99.8dB @  39.7Hz + 3x100mm    23 mm 
                261.7l @  39.9Hz  =>  117.1dB  109W  99.8dB @  37.3Hz + 4x100mm    30 mm 
                295.8l @  38.4Hz  =>  116.1dB   85W  99.8dB @  35.1Hz + 5x100mm    32 mm 

1.00  97.4dB:   210.7l @  42.8Hz  =>  119.0dB  178W  99.5dB @  41.6Hz + 3x100mm    38 mm 
                238.1l @  41.1Hz  =>  118.0dB  139W  99.5dB @  39.1Hz + 4x100mm    48 mm 
             *  269.1l @  39.6Hz  =>  116.9dB  109W  99.5dB @  36.8Hz + 4x100mm    26 mm 
                304.1l @  38.0Hz  =>  115.8dB   85W  99.5dB @  34.6Hz + 5x100mm    27 mm 
                343.6l @  36.6Hz  =>  114.8dB   67W  99.5dB @  32.6Hz + 6x100mm    23 mm 

-------------
15 XR 600 	                            99.0dB  600W                     2x100mm
Rpre   Spl         Vb      fb         SplMech Pmech  SplEle     f3       dv       lv

0.20  98.5dB:   111.0l @  56.1Hz  =>  125.0dB  596W 125.0dB @  58.6Hz   2x100mm    52 mm 
                125.5l @  54.0Hz  =>  123.9dB  467W 125.0dB @  55.1Hz   2x100mm    34 mm 
             *  141.8l @  51.9Hz  =>  122.8dB  366W 125.0dB @  51.9Hz + 3x100mm    56 mm 
                160.2l @  49.9Hz  =>  121.8dB  286W 125.0dB @  48.8Hz + 3x100mm    35 mm 
                181.0l @  48.0Hz  =>  120.7dB  224W 125.0dB @  45.9Hz + 4x100mm    45 mm 
                204.6l @  46.2Hz  =>  119.7dB  176W 125.0dB @  43.2Hz + 4x100mm    23 mm 
                231.2l @  44.4Hz  =>  118.6dB  138W 125.0dB @  40.6Hz + 5x100mm    24 mm 

0.60  98.3dB:   131.1l @  53.2Hz  =>  123.5dB  456W 124.7dB @  53.9Hz   2x100mm    28 mm 
                148.1l @  51.2Hz  =>  122.5dB  357W 124.7dB @  50.7Hz + 3x100mm    48 mm 
             *  167.4l @  49.2Hz  =>  121.4dB  280W 124.7dB @  47.7Hz + 3x100mm    28 mm 
                189.1l @  47.3Hz  =>  120.3dB  219W 124.7dB @  44.9Hz + 4x100mm    37 mm 
                213.7l @  45.5Hz  =>  119.3dB  172W 124.7dB @  42.2Hz + 5x100mm    39 mm 

1.00  98.0dB:   153.1l @  50.6Hz  =>  122.2dB  355W 124.5dB @  49.9Hz + 3x100mm    43 mm 
                173.0l @  48.7Hz  =>  121.1dB  278W 124.5dB @  46.9Hz + 3x100mm    23 mm 
             *  195.5l @  46.8Hz  =>  120.1dB  218W 124.5dB @  44.2Hz + 4x100mm    31 mm 
                220.9l @  45.0Hz  =>  119.0dB  170W 124.5dB @  41.5Hz + 5x100mm    33 mm 
                249.6l @  43.3Hz  =>  117.9dB  133W 124.5dB @  39.1Hz + 6x100mm    29 mm 

-------------
15 XR 800 	                            98.0dB  800W                     2x100mm
Rpre   Spl         Vb      fb         SplMech Pmech  SplEle     f3       dv       lv

0.20  97.8dB:    65.5l @  58.7Hz  =>  127.2dB 1200W 125.4dB @  66.5Hz   2x100mm   218 mm 
                 74.0l @  56.4Hz  =>  126.1dB  940W 125.4dB @  62.5Hz   2x100mm   181 mm 
             *   83.7l @  54.3Hz  =>  125.0dB  736W 125.4dB @  58.8Hz   2x100mm   149 mm 
                 94.5l @  52.2Hz  =>  124.0dB  576W 125.4dB @  55.3Hz   2x100mm   120 mm 
                106.8l @  50.2Hz  =>  122.9dB  451W 125.4dB @  52.0Hz   2x100mm    94 mm 
                120.7l @  48.2Hz  =>  121.8dB  354W 125.4dB @  49.0Hz   2x100mm    71 mm 
                136.4l @  46.4Hz  =>  120.8dB  277W 125.4dB @  46.1Hz   2x100mm    51 mm 
                154.1l @  44.6Hz  =>  119.7dB  217W 125.4dB @  43.3Hz   2x100mm    34 mm 
                174.2l @  42.9Hz  =>  118.7dB  170W 125.4dB @  40.8Hz + 3x100mm    56 mm 
                196.8l @  41.3Hz  =>  117.6dB  133W 125.4dB @  38.3Hz + 3x100mm    35 mm 
                222.4l @  39.7Hz  =>  116.5dB  104W 125.4dB @  36.1Hz + 4x100mm    44 mm 
                251.3l @  38.2Hz  =>  115.5dB   82W 125.4dB @  33.9Hz + 4x100mm    22 mm 
                284.0l @  36.7Hz  =>  114.4dB   64W 125.4dB @  31.9Hz + 5x100mm    23 mm 

0.60  97.6dB:    78.6l @  55.4Hz  =>  125.6dB  891W 125.1dB @  60.7Hz   2x100mm   165 mm 
                 88.8l @  53.2Hz  =>  124.5dB  697W 125.1dB @  57.1Hz   2x100mm   134 mm 
             *  100.3l @  51.2Hz  =>  123.5dB  546W 125.1dB @  53.7Hz   2x100mm   107 mm 
                113.4l @  49.2Hz  =>  122.4dB  428W 125.1dB @  50.5Hz   2x100mm    83 mm 
                128.1l @  47.3Hz  =>  121.3dB  335W 125.1dB @  47.5Hz   2x100mm    61 mm 

1.00  97.3dB:    93.2l @  52.4Hz  =>  124.1dB  674W 124.8dB @  55.7Hz   2x100mm   123 mm 
                105.3l @  50.4Hz  =>  123.0dB  528W 124.8dB @  52.4Hz   2x100mm    97 mm 
             *  119.0l @  48.5Hz  =>  122.0dB  413W 124.8dB @  49.3Hz   2x100mm    74 mm 
                134.4l @  46.6Hz  =>  120.9dB  324W 124.8dB @  46.4Hz   2x100mm    54 mm 
                151.9l @  44.8Hz  =>  119.9dB  253W 124.8dB @  43.6Hz   2x100mm    36 mm 

-------------
18/300+300 	                           98.0dB    2W                     3x100mm
Rpre   Spl         Vb      fb         SplMech Pmech  SplEle     f3       dv       lv




-------------
18/400+400 	                          100.0dB    2W                     3x100mm
Rpre   Spl         Vb      fb         SplMech Pmech  SplEle     f3       dv       lv




-------------
18 XR 600 	                           101.0dB  600W                     3x100mm
Rpre   Spl         Vb      fb         SplMech Pmech  SplEle     f3       dv       lv

0.20 100.8dB:   268.8l @  50.3Hz  =>  125.6dB  487W 126.5dB @  51.1Hz + 6x100mm    39 mm 



-------------
18 XR 800 	                           101.0dB  800W                     3x100mm
Rpre   Spl         Vb      fb         SplMech Pmech  SplEle     f3       dv       lv

0.20 101.2dB:   202.8l @  57.3Hz  =>  128.3dB  734W 128.7dB @  58.6Hz + 5x100mm    28 mm 
                229.2l @  55.1Hz  =>  127.2dB  575W 128.7dB @  55.1Hz + 6x100mm    24 mm 



