-------------
W15D
      89.0dB                            450W
Rpre   Spl      qtc    Vb     SplMech Pmech SplEle      f3

0.20  88.3dB:   0.6  328.0l: (118.3dB   988W 114.8dB) @  31Hz
                0.7  176.1l: (118.3dB   999W 114.8dB) @  31Hz
                0.8  114.7l: (119.7dB  1382W 114.8dB) @  34Hz
                0.9   82.3l: (120.2dB  1545W 114.8dB) @  35Hz
                1.0   62.5l: (120.8dB  1757W 114.8dB) @  36Hz
                1.1   49.4l: (121.5dB  2090W 114.8dB) @  38Hz
                1.1   49.4l: (118.7dB  1083W 114.8dB) @  32Hz (  861uF)

0.60  88.1dB:   0.6  411.1l: (117.5dB   868W 114.6dB) @  30Hz
                0.7  206.6l: (117.5dB   878W 114.6dB) @  30Hz
                0.8  131.3l: (119.0dB  1215W 114.6dB) @  33Hz
                0.9   92.9l: (119.4dB  1358W 114.6dB) @  34Hz
                1.0   70.0l: (120.0dB  1544W 114.6dB) @  35Hz
                1.1   55.0l: (120.7dB  1837W 114.6dB) @  36Hz
                1.1   55.0l: (117.9dB   952W 114.6dB) @  31Hz (  899uF)

1.00  87.9dB:   0.6  527.8l: (116.8dB   768W 114.4dB) @  29Hz
                0.7  243.4l: (116.8dB   777W 114.4dB) @  29Hz
                0.8  150.1l: (118.2dB  1074W 114.4dB) @  31Hz
                0.9  104.6l: (118.7dB  1201W 114.4dB) @  32Hz
                1.0   78.2l: (119.3dB  1366W 114.4dB) @  33Hz
                1.1   61.1l: (120.0dB  1624W 114.4dB) @  35Hz
                1.1   61.1l: (117.2dB   842W 114.4dB) @  29Hz (  938uF)

