-------------
W15D                                   89.0dB  450W                     2x100mm
Rpre   Spl         Vb      fb         SplMech Pmech  SplEle     f3       dv       lv

0.20  88.3dB --------------------------------------------------------------
   262.8l @  20.3Hz  =>  114.3dB  401W 114.8dB @  19.9Hz   2x100mm   298 mm 
   294.3l @  19.6Hz  =>  113.4dB  319W 114.8dB @  18.8Hz   2x100mm   255 mm 
   329.7l @  18.9Hz  =>  112.4dB  255W 114.8dB @  17.8Hz   2x100mm   217 mm 
*  369.2l @  18.2Hz  =>  111.4dB  203W 114.8dB @  16.8Hz   2x100mm   183 mm 
   413.5l @  17.6Hz  =>  110.4dB  162W 114.8dB @  15.9Hz   2x100mm   152 mm 
   463.2l @  16.9Hz  =>  109.4dB  129W 114.8dB @  15.0Hz   2x100mm   125 mm 
   518.7l @  16.3Hz  =>  108.4dB  103W 114.8dB @  14.2Hz   2x100mm   100 mm 
   581.0l @  15.7Hz  =>  107.5dB   82W 114.8dB @  13.4Hz   2x100mm    79 mm 
   650.7l @  15.2Hz  =>  106.5dB   65W 114.8dB @  12.6Hz   2x100mm    59 mm 
   728.8l @  14.6Hz  =>  105.5dB   52W 114.8dB @  12.0Hz   2x100mm    42 mm 
   816.3l @  14.1Hz  =>  104.5dB   42W 114.8dB @  11.3Hz   2x100mm    26 mm 
   914.2l @  13.6Hz  =>  103.5dB   33W 114.8dB @  10.7Hz + 3x100mm    47 mm 
  1023.9l @  13.1Hz  =>  102.5dB   26W 114.8dB @  10.1Hz + 3x100mm    29 mm 
  1146.8l @  12.7Hz  =>  101.5dB   21W 114.8dB @   9.5Hz + 4x100mm    39 mm 
  1284.4l @  12.2Hz  =>  100.6dB   17W 114.8dB @   9.0Hz + 5x100mm    44 mm 
  1438.5l @  11.8Hz  =>   99.6dB   13W 114.8dB @   8.5Hz + 5x100mm    21 mm 
0.60  88.1dB --------------------------------------------------------------
   298.4l @  19.5Hz  =>  113.2dB  326W 114.6dB @  18.7Hz   2x100mm   251 mm 
   334.2l @  18.8Hz  =>  112.3dB  260W 114.6dB @  17.7Hz   2x100mm   213 mm 
   374.3l @  18.1Hz  =>  111.3dB  207W 114.6dB @  16.7Hz   2x100mm   179 mm 
*  419.2l @  17.5Hz  =>  110.3dB  165W 114.6dB @  15.8Hz   2x100mm   149 mm 
   469.5l @  16.9Hz  =>  109.3dB  132W 114.6dB @  14.9Hz   2x100mm   122 mm 
   525.8l @  16.3Hz  =>  108.3dB  105W 114.6dB @  14.1Hz   2x100mm    98 mm 
   588.9l @  15.7Hz  =>  107.3dB   84W 114.6dB @  13.3Hz   2x100mm    76 mm 
1.00  87.9dB --------------------------------------------------------------
   336.7l @  18.7Hz  =>  112.2dB  268W 114.4dB @  17.6Hz   2x100mm   210 mm 
   377.0l @  18.1Hz  =>  111.2dB  214W 114.4dB @  16.6Hz   2x100mm   177 mm 
   422.3l @  17.4Hz  =>  110.2dB  170W 114.4dB @  15.7Hz   2x100mm   147 mm 
*  473.0l @  16.8Hz  =>  109.2dB  136W 114.4dB @  14.8Hz   2x100mm   120 mm 
   529.7l @  16.2Hz  =>  108.3dB  108W 114.4dB @  14.0Hz   2x100mm    96 mm 
   593.3l @  15.6Hz  =>  107.3dB   86W 114.4dB @  13.2Hz   2x100mm    75 mm 
   664.5l @  15.1Hz  =>  106.3dB   69W 114.4dB @  12.5Hz   2x100mm    56 mm 
