-------------
WR125ST
            80.0dB            30W       1x40mm
   fu     fc      fo      SplMech  Vb1     Vb2       d         l        C
 37.9 Hz  68 Hz  121 Hz   90.1 dB   oo l +   5 l    1x40mm    124 mm   170 µF
 38.0 Hz  68 Hz  122 Hz   90.1 dB  853 l +   5 l    1x40mm    123 mm   169 µF

-------------
SDX10
            85.0dB           250W      1x100mm
   fu     fc      fo      SplMech  Vb1     Vb2       d         l        C
 10.9 Hz  26 Hz   62 Hz   94.6 dB   oo l +  19 l  * 1x50mm    423 mm  3605 µF
 11.0 Hz  26 Hz   62 Hz   94.7 dB 7346 l +  19 l  * 1x50mm    423 mm  3579 µF
 12.0 Hz  28 Hz   64 Hz   96.2 dB  404 l +  19 l  - 1x70mm    746 mm  3187 µF
 13.0 Hz  29 Hz   65 Hz   97.6 dB  205 l +  19 l  - 1x70mm    665 mm  2865 µF
 14.0 Hz  31 Hz   67 Hz   98.9 dB  136 l +  19 l  - 1x70mm    597 mm  2595 µF
 15.0 Hz  32 Hz   69 Hz  100.1 dB  101 l +  19 l  - 1x70mm    540 mm  2367 µF
 16.0 Hz  33 Hz   70 Hz  101.2 dB   80 l +  19 l  - 1x70mm    490 mm  2172 µF
 17.0 Hz  35 Hz   72 Hz  102.3 dB   66 l +  19 l  - 1x70mm    448 mm  2003 µF
 18.0 Hz  36 Hz   73 Hz  103.3 dB   56 l +  19 l  - 1x70mm    411 mm  1856 µF
 19.0 Hz  38 Hz   74 Hz  104.2 dB   49 l +  19 l  - 1x70mm    379 mm  1727 µF
 20.0 Hz  39 Hz   76 Hz  105.1 dB   43 l +  19 l    1x100mm   748 mm  1613 µF
 21.0 Hz  40 Hz   77 Hz  105.9 dB   38 l +  19 l    1x100mm   696 mm  1511 µF
 22.0 Hz  41 Hz   78 Hz  106.7 dB   34 l +  19 l    1x100mm   649 mm  1421 µF
 23.0 Hz  43 Hz   79 Hz  107.5 dB   31 l +  19 l    1x100mm   607 mm  1339 µF
 24.0 Hz  44 Hz   80 Hz  108.3 dB   29 l +  19 l    1x100mm   570 mm  1265 µF
 25.0 Hz  45 Hz   81 Hz  109.0 dB   26 l +  19 l    1x100mm   535 mm  1198 µF
 26.0 Hz  46 Hz   82 Hz  109.7 dB   24 l +  19 l    1x100mm   504 mm  1137 µF
 27.0 Hz  47 Hz   83 Hz  110.3 dB   23 l +  19 l    1x100mm   475 mm  1081 µF
 28.0 Hz  49 Hz   85 Hz  110.9 dB   21 l +  19 l    1x100mm   449 mm  1030 µF
 29.0 Hz  50 Hz   86 Hz  111.5 dB   20 l +  19 l    1x100mm   425 mm   983 µF
 30.0 Hz  51 Hz   86 Hz  112.1 dB   19 l +  19 l    1x100mm   402 mm   939 µF

-------------
SD12
            85.6dB           250W      1x100mm
   fu     fc      fo      SplMech  Vb1     Vb2       d         l        C
  9.4 Hz  23 Hz   58 Hz   95.9 dB   oo l +  25 l  - 1x70mm    777 mm  4242 µF
 10.0 Hz  24 Hz   59 Hz   97.0 dB  996 l +  25 l  - 1x70mm    713 mm  3914 µF
 11.0 Hz  26 Hz   61 Hz   98.6 dB  361 l +  25 l  - 1x70mm    621 mm  3447 µF
 12.0 Hz  27 Hz   63 Hz  100.2 dB  218 l +  25 l  - 1x70mm    547 mm  3069 µF
 13.0 Hz  29 Hz   64 Hz  101.5 dB  155 l +  25 l  - 1x70mm    486 mm  2759 µF
 14.0 Hz  30 Hz   66 Hz  102.8 dB  119 l +  25 l  - 1x70mm    435 mm  2499 µF
 15.0 Hz  32 Hz   67 Hz  104.0 dB   97 l +  25 l  - 1x70mm    392 mm  2280 µF
 16.0 Hz  33 Hz   69 Hz  105.2 dB   81 l +  25 l    1x100mm   759 mm  2092 µF
 17.0 Hz  35 Hz   70 Hz  106.2 dB   69 l +  25 l    1x100mm   694 mm  1929 µF
 18.0 Hz  36 Hz   72 Hz  107.2 dB   61 l +  25 l    1x100mm   637 mm  1788 µF
 19.0 Hz  37 Hz   73 Hz  108.1 dB   54 l +  25 l    1x100mm   587 mm  1663 µF
 20.0 Hz  39 Hz   74 Hz  109.0 dB   48 l +  25 l    1x100mm   543 mm  1553 µF
 21.0 Hz  40 Hz   75 Hz  109.9 dB   44 l +  25 l    1x100mm   504 mm  1456 µF
 22.0 Hz  41 Hz   77 Hz  110.7 dB   40 l +  25 l    1x100mm   469 mm  1368 µF
 23.0 Hz  42 Hz   78 Hz  111.5 dB   36 l +  25 l    1x100mm   437 mm  1289 µF
 24.0 Hz  43 Hz   79 Hz  112.2 dB   34 l +  25 l    1x100mm   408 mm  1218 µF
 25.0 Hz  45 Hz   80 Hz  112.9 dB   31 l +  25 l    1x100mm   383 mm  1154 µF
 26.0 Hz  46 Hz   81 Hz  113.6 dB   29 l +  25 l    1x100mm   359 mm  1095 µF
 27.0 Hz  47 Hz   82 Hz  114.2 dB   27 l +  25 l    1x100mm   338 mm  1041 µF
 28.0 Hz  48 Hz   83 Hz  114.9 dB   25 l +  25 l    1x100mm   318 mm   992 µF
 29.0 Hz  49 Hz   84 Hz  115.5 dB   24 l +  25 l    1x100mm   300 mm   946 µF
 30.0 Hz  50 Hz   85 Hz  116.1 dB   23 l +  25 l    1x100mm   283 mm   905 µF

