*****************************************************************************
SDX15 ||    0.0Ohm  0.28  87.3dB  225W 2x100 mm
 fu     fc      fo      SplMech  Vb1     Vb2       d         l        C
  6.4 Hz  19 Hz   57 Hz   97.2 dB   oo l +  34 l  * 1x70 mm   848 mm  7475 uF
  7.0 Hz  20 Hz   59 Hz   98.7 dB 1850 l +  34 l  * 1x70 mm   753 mm  6686 uF
  8.0 Hz  22 Hz   62 Hz  101.0 dB  650 l +  34 l  * 1x70 mm   621 mm  5596 uF
  9.0 Hz  24 Hz   64 Hz  103.0 dB  388 l +  34 l  * 1x70 mm   522 mm  4782 uF
 10.0 Hz  26 Hz   66 Hz  104.9 dB  273 l +  34 l  * 1x70 mm   447 mm  4156 uF
 11.0 Hz  27 Hz   68 Hz  106.5 dB  209 l +  34 l  * 1x70 mm   387 mm  3660 uF
 12.0 Hz  29 Hz   70 Hz  108.0 dB  169 l +  34 l  - 1x100 mm  724 mm  3259 uF
 13.0 Hz  31 Hz   72 Hz  109.4 dB  141 l +  34 l  - 1x100 mm  643 mm  2929 uF
 14.0 Hz  32 Hz   74 Hz  110.7 dB  120 l +  34 l  - 1x100 mm  575 mm  2653 uF
 15.0 Hz  34 Hz   76 Hz  111.9 dB  105 l +  34 l  - 1x100 mm  517 mm  2420 uF
 16.0 Hz  35 Hz   78 Hz  113.0 dB   92 l +  34 l  - 1x100 mm  468 mm  2221 uF
 17.0 Hz  37 Hz   79 Hz  114.1 dB   82 l +  34 l  - 1x100 mm  426 mm  2048 uF
 18.0 Hz  38 Hz   81 Hz  115.1 dB   74 l +  34 l  - 1x100 mm  389 mm  1898 uF

SDX15 ||    2.7Ohm  0.35  87.3dB  225W 2x100 mm
 fu     fc      fo      SplMech  Vb1     Vb2       d         l        C
  7.2 Hz  19 Hz   51 Hz   99.1 dB   oo l +  53 l  * 1x70 mm   535 mm  6045 uF
  8.0 Hz  21 Hz   53 Hz  101.0 dB 1369 l +  53 l  * 1x70 mm   454 mm  5213 uF
  9.0 Hz  22 Hz   56 Hz  103.0 dB  612 l +  53 l  * 1x70 mm   380 mm  4456 uF
 10.0 Hz  24 Hz   58 Hz  104.9 dB  389 l +  53 l  - 1x100 mm  693 mm  3872 uF
 11.0 Hz  26 Hz   59 Hz  106.5 dB  283 l +  53 l  - 1x100 mm  601 mm  3410 uF
 12.0 Hz  27 Hz   61 Hz  108.0 dB  220 l +  53 l  - 1x100 mm  526 mm  3036 uF
 13.0 Hz  29 Hz   63 Hz  109.4 dB  180 l +  53 l  - 1x100 mm  465 mm  2729 uF
 14.0 Hz  30 Hz   64 Hz  110.7 dB  151 l +  53 l  - 1x100 mm  413 mm  2472 uF
 15.0 Hz  31 Hz   66 Hz  111.9 dB  130 l +  53 l    2x100 mm  782 mm  2255 uF
 16.0 Hz  33 Hz   67 Hz  113.0 dB  114 l +  53 l    2x100 mm  708 mm  2069 uF
 17.0 Hz  34 Hz   69 Hz  114.1 dB  101 l +  53 l    2x100 mm  645 mm  1908 uF
 18.0 Hz  36 Hz   70 Hz  115.1 dB   90 l +  53 l    2x100 mm  589 mm  1768 uF

SDX15 ||    6.8Ohm  0.38  87.3dB  225W 2x100 mm
 fu     fc      fo      SplMech  Vb1     Vb2       d         l        C
  7.4 Hz  19 Hz   50 Hz   99.8 dB   oo l +  62 l  * 1x70 mm   450 mm  5590 uF
  8.0 Hz  20 Hz   51 Hz  101.0 dB 2169 l +  62 l  * 1x70 mm   403 mm  5079 uF
  9.0 Hz  22 Hz   53 Hz  103.0 dB  759 l +  62 l  - 1x100 mm  721 mm  4341 uF
 10.0 Hz  23 Hz   55 Hz  104.9 dB  453 l +  62 l  - 1x100 mm  616 mm  3772 uF
 11.0 Hz  25 Hz   56 Hz  106.5 dB  320 l +  62 l  - 1x100 mm  533 mm  3322 uF
 12.0 Hz  26 Hz   58 Hz  108.0 dB  245 l +  62 l  - 1x100 mm  466 mm  2958 uF
 13.0 Hz  28 Hz   60 Hz  109.4 dB  198 l +  62 l  - 1x100 mm  411 mm  2659 uF
 14.0 Hz  29 Hz   61 Hz  110.7 dB  165 l +  62 l    2x100 mm  771 mm  2408 uF
 15.0 Hz  31 Hz   63 Hz  111.9 dB  141 l +  62 l    2x100 mm  693 mm  2197 uF
 16.0 Hz  32 Hz   64 Hz  113.0 dB  123 l +  62 l    2x100 mm  627 mm  2016 uF
 17.0 Hz  33 Hz   65 Hz  114.1 dB  109 l +  62 l    2x100 mm  570 mm  1859 uF
 18.0 Hz  35 Hz   66 Hz  115.1 dB   97 l +  62 l    2x100 mm  519 mm  1723 uF

SDX15 || 100000.0Ohm  0.41  87.3dB  225W 2x100 mm
 fu     fc      fo      SplMech  Vb1     Vb2       d         l        C
  7.8 Hz  19 Hz   47 Hz  100.6 dB   oo l +  74 l  - 1x100 mm  776 mm  5092 uF
  8.0 Hz  20 Hz   48 Hz  101.0 dB 6390 l +  74 l  - 1x100 mm  748 mm  4923 uF
  9.0 Hz  21 Hz   50 Hz  103.0 dB 1040 l +  74 l  - 1x100 mm  627 mm  4208 uF
 10.0 Hz  23 Hz   51 Hz  104.9 dB  556 l +  74 l  - 1x100 mm  535 mm  3656 uF
 11.0 Hz  24 Hz   53 Hz  106.5 dB  376 l +  74 l  - 1x100 mm  461 mm  3220 uF
 12.0 Hz  26 Hz   55 Hz  108.0 dB  282 l +  74 l  - 1x100 mm  402 mm  2867 uF
 13.0 Hz  27 Hz   56 Hz  109.4 dB  224 l +  74 l    2x100 mm  749 mm  2577 uF
 14.0 Hz  28 Hz   57 Hz  110.7 dB  185 l +  74 l    2x100 mm  668 mm  2335 uF
 15.0 Hz  30 Hz   59 Hz  111.9 dB  157 l +  74 l    2x100 mm  599 mm  2129 uF
 16.0 Hz  31 Hz   60 Hz  113.0 dB  136 l +  74 l    2x100 mm  540 mm  1954 uF
 17.0 Hz  32 Hz   61 Hz  114.1 dB  120 l +  74 l    2x100 mm  490 mm  1802 uF
 18.0 Hz  34 Hz   62 Hz  115.1 dB  107 l +  74 l    2x100 mm  445 mm  1670 uF

