-------------
F180
      90.0dB                             30W
Rpre   Spl      qtc    Vb     SplMech Pmech SplEle      f3

0.20  88.3dB:   0.5  814.6l: (102.8dB    39W 101.7dB) @  59Hz
                0.6   78.0l: (101.8dB    31W 101.7dB) @  56Hz
                0.7   37.7l: (101.8dB    31W 101.7dB) @  56Hz
                0.8   23.6l: (103.2dB    43W 101.7dB) @  61Hz
                0.9   16.6l: (103.7dB    48W 101.7dB) @  62Hz
                1.0   12.5l: (104.3dB    55W 101.7dB) @  64Hz
                1.1    9.8l: (105.0dB    65W 101.7dB) @  67Hz
                1.1    9.8l: (102.2dB    34W 101.7dB) @  57Hz (  668uF)

0.60  88.0dB:   0.6  112.8l: (100.8dB    26W 101.4dB) @  53Hz
                0.7   47.3l: (100.8dB    27W 101.4dB) @  53Hz
                0.8   28.3l: (102.3dB    37W 101.4dB) @  57Hz
                0.9   19.5l: (102.7dB    41W 101.4dB) @  59Hz
                1.0   14.4l: (103.3dB    47W 101.4dB) @  61Hz
                1.1   11.2l: (104.1dB    56W 101.4dB) @  64Hz
                1.1   11.2l: (101.2dB    29W 101.4dB) @  54Hz (  706uF)

1.00  87.7dB:   0.6  180.3l: ( 99.9dB    23W 101.1dB) @  50Hz
                0.7   60.2l: (100.0dB    23W 101.1dB) @  50Hz
                0.8   34.0l: (101.4dB    32W 101.1dB) @  55Hz
                0.9   22.8l: (101.9dB    36W 101.1dB) @  56Hz
                1.0   16.6l: (102.4dB    40W 101.1dB) @  58Hz
                1.1   12.8l: (103.2dB    48W 101.1dB) @  60Hz
                1.1   12.8l: (100.3dB    25W 101.1dB) @  51Hz (  743uF)

-------------
F155
      90.0dB                             20W
Rpre   Spl      qtc    Vb     SplMech Pmech SplEle      f3

0.20  86.1dB:   0.5  120.0l: ( 97.8dB    20W  97.7dB) @  78Hz
                0.6   21.8l: ( 96.8dB    16W  97.7dB) @  73Hz
                0.7   11.1l: ( 96.9dB    16W  97.7dB) @  74Hz
                0.8    7.1l: ( 98.3dB    23W  97.7dB) @  80Hz
                0.9    5.0l: ( 98.8dB    25W  97.7dB) @  82Hz
                1.0    3.8l: ( 99.3dB    29W  97.7dB) @  85Hz
                1.1    3.0l: (100.1dB    34W  97.7dB) @  89Hz
                1.1    3.0l: ( 97.2dB    18W  97.7dB) @  75Hz (  507uF)

0.60  85.9dB:   0.6   28.8l: ( 96.0dB    14W  97.5dB) @  70Hz
                0.7   13.3l: ( 96.1dB    14W  97.5dB) @  70Hz
                0.8    8.2l: ( 97.5dB    20W  97.5dB) @  76Hz
                0.9    5.7l: ( 98.0dB    22W  97.5dB) @  78Hz
                1.0    4.3l: ( 98.5dB    25W  97.5dB) @  81Hz
                1.1    3.4l: ( 99.3dB    30W  97.5dB) @  84Hz
                1.1    3.4l: ( 96.4dB    16W  97.5dB) @  72Hz (  532uF)

1.00  85.6dB:   0.6   39.4l: ( 95.3dB    13W  97.2dB) @  67Hz
                0.7   16.0l: ( 95.3dB    13W  97.2dB) @  67Hz
                0.8    9.5l: ( 96.7dB    18W  97.2dB) @  73Hz
                0.9    6.5l: ( 97.2dB    20W  97.2dB) @  75Hz
                1.0    4.8l: ( 97.8dB    23W  97.2dB) @  77Hz
                1.1    3.7l: ( 98.5dB    27W  97.2dB) @  81Hz
                1.1    3.7l: ( 95.7dB    14W  97.2dB) @  69Hz (  556uF)

