-------------
F180
-------------
 90.0dB             9.8l (1.1)                30W
SplMech  Pmech SplEle     f3

            4W  73.6dB @  20Hz 
            5W  74.6dB @  20Hz 
            6W  75.6dB @  20Hz 
            7W  76.6dB @  20Hz 
            9W  77.6dB @  20Hz 
           12W  78.6dB @  20Hz 
           15W  79.6dB @  20Hz 
           19W  80.7dB @  20Hz 
           24W  81.7dB @  20Hz 
           30W  82.7dB @  20Hz 
 83.9dB    40W  82.7dB @  20Hz   19
 87.1dB    40W  85.8dB @  24Hz   16
 89.8dB    41W  88.5dB @  28Hz   13
            4W  81.8dB @  32Hz 
            5W  82.8dB @  32Hz 
            6W  83.8dB @  32Hz 
            7W  84.8dB @  32Hz 
            9W  85.8dB @  32Hz 
           12W  86.8dB @  32Hz 
           15W  87.8dB @  32Hz 
           19W  88.8dB @  32Hz 
           24W  89.8dB @  32Hz 
           30W  90.8dB @  32Hz 
 92.1dB    41W  90.8dB @  32Hz   11
 94.2dB    41W  92.8dB @  36Hz    9
 96.0dB    41W  94.7dB @  40Hz    7
 97.6dB    41W  96.3dB @  44Hz    5
 99.2dB    41W  97.8dB @  48Hz    4
100.5dB    41W  99.2dB @  52Hz    2
101.8dB    41W 100.5dB @  56Hz    1
103.0dB    41W 101.7dB @  60Hz   -0
104.2dB    41W 102.8dB @  64Hz   -1
105.2dB    41W 103.8dB @  68Hz   -2
106.2dB    41W 104.8dB @  72Hz   -3
107.1dB    41W 105.8dB @  76Hz   -4
            4W  97.6dB @  80Hz 
            5W  98.6dB @  80Hz 
            6W  99.6dB @  80Hz 
            7W 100.6dB @  80Hz 
            9W 101.6dB @  80Hz 
           12W 102.6dB @  80Hz 
           15W 103.6dB @  80Hz 
           19W 104.7dB @  80Hz 
           24W 105.7dB @  80Hz 
           30W 106.7dB @  80Hz 
108.0dB    41W 106.7dB @  80Hz   -5
-------------
F155
-------------
 90.0dB             3.0l (1.1)                20W
SplMech  Pmech SplEle     f3

 80.1dB    21W  79.8dB @  28Hz   18
            2W  73.1dB @  32Hz 
            3W  74.1dB @  32Hz 
            4W  75.1dB @  32Hz 
            5W  76.1dB @  32Hz 
            6W  77.1dB @  32Hz 
            8W  78.1dB @  32Hz 
           10W  79.1dB @  32Hz 
           13W  80.1dB @  32Hz 
           16W  81.1dB @  32Hz 
           20W  82.1dB @  32Hz 
 82.4dB    21W  82.1dB @  32Hz   16
 84.4dB    21W  84.2dB @  36Hz   14
 86.3dB    21W  86.0dB @  40Hz   12
 87.9dB    21W  87.6dB @  44Hz   10
 89.4dB    21W  89.1dB @  48Hz    9
 90.8dB    22W  90.5dB @  52Hz    7
 92.1dB    22W  91.8dB @  56Hz    6
 93.3dB    22W  93.0dB @  60Hz    5
 94.4dB    22W  94.1dB @  64Hz    4
 95.5dB    22W  95.2dB @  68Hz    3
 96.5dB    22W  96.2dB @  72Hz    2
 97.4dB    22W  97.1dB @  76Hz    1
            2W  88.9dB @  80Hz 
            3W  90.0dB @  80Hz 
            4W  91.0dB @  80Hz 
            5W  92.0dB @  80Hz 
            6W  93.0dB @  80Hz 
            8W  94.0dB @  80Hz 
           10W  95.0dB @  80Hz 
           13W  96.0dB @  80Hz 
           16W  97.0dB @  80Hz 
           20W  98.0dB @  80Hz 
 98.3dB    22W  98.0dB @  80Hz   -0
