-------------
F180                                   90.0dB   30W                      1x70mm
Rpre   Spl         Vb      fb         SplMech Pmech  SplEle     f3       dv       lv

0.20  88.3dB --------------------------------------------------------------
    53.4l @  36.2Hz  =>   97.3dB   11W 101.7dB @  34.4Hz   1x70mm     84 mm 
    59.8l @  34.9Hz  =>   96.4dB    9W 101.7dB @  32.5Hz   1x70mm     70 mm 
    67.0l @  33.7Hz  =>   95.4dB    7W 101.7dB @  30.7Hz   1x70mm     57 mm 
*   75.0l @  32.5Hz  =>   94.4dB    6W 101.7dB @  29.0Hz   1x70mm     45 mm 
    84.0l @  31.3Hz  =>   93.4dB    4W 101.7dB @  27.4Hz   1x70mm     35 mm 
    94.1l @  30.2Hz  =>   92.4dB    4W 101.7dB @  25.9Hz   1x70mm     26 mm 
   105.4l @  29.1Hz  =>   91.4dB    3W 101.7dB @  24.5Hz + 1x100mm    67 mm 
0.60  88.0dB --------------------------------------------------------------
    62.5l @  34.4Hz  =>   96.0dB    9W 101.4dB @  31.8Hz   1x70mm     65 mm 
    70.0l @  33.2Hz  =>   95.0dB    7W 101.4dB @  30.0Hz   1x70mm     52 mm 
    78.4l @  32.0Hz  =>   94.0dB    5W 101.4dB @  28.4Hz   1x70mm     41 mm 
*   87.9l @  30.9Hz  =>   93.0dB    4W 101.4dB @  26.8Hz   1x70mm     31 mm 
    98.4l @  29.8Hz  =>   92.0dB    3W 101.4dB @  25.3Hz   1x70mm     22 mm 
   110.2l @  28.7Hz  =>   91.1dB    3W 101.4dB @  23.9Hz + 1x100mm    61 mm 
   123.4l @  27.7Hz  =>   90.1dB    2W 101.4dB @  22.6Hz + 1x100mm    47 mm 
1.00  87.7dB --------------------------------------------------------------
    72.4l @  32.9Hz  =>   94.7dB    7W 101.1dB @  29.5Hz   1x70mm     49 mm 
    81.1l @  31.7Hz  =>   93.7dB    5W 101.1dB @  27.9Hz   1x70mm     38 mm 
    90.9l @  30.6Hz  =>   92.7dB    4W 101.1dB @  26.3Hz   1x70mm     28 mm 
*  101.8l @  29.5Hz  =>   91.7dB    3W 101.1dB @  24.9Hz + 1x100mm    72 mm 
   114.0l @  28.4Hz  =>   90.8dB    3W 101.1dB @  23.5Hz + 1x100mm    56 mm 
   127.7l @  27.4Hz  =>   89.8dB    2W 101.1dB @  22.2Hz + 1x100mm    43 mm 
   143.0l @  26.4Hz  =>   88.8dB    2W 101.1dB @  21.0Hz + 1x100mm    30 mm 
-------------
F155                                   90.0dB   20W                      1x50mm
Rpre   Spl         Vb      fb         SplMech Pmech  SplEle     f3       dv       lv

0.20  86.1dB --------------------------------------------------------------
    16.1l @  47.6Hz  =>   92.6dB    6W  97.7dB @  45.8Hz   1x50mm    103 mm 
    18.0l @  45.9Hz  =>   91.7dB    5W  97.7dB @  43.3Hz   1x50mm     88 mm 
    20.2l @  44.3Hz  =>   90.7dB    4W  97.7dB @  40.9Hz   1x50mm     75 mm 
*   22.6l @  42.7Hz  =>   89.7dB    3W  97.7dB @  38.7Hz   1x50mm     63 mm 
    25.3l @  41.2Hz  =>   88.7dB    2W  97.7dB @  36.5Hz   1x50mm     52 mm 
    28.4l @  39.7Hz  =>   87.7dB    2W  97.7dB @  34.5Hz   1x50mm     43 mm 
    31.8l @  38.3Hz  =>   86.7dB    2W  97.7dB @  32.6Hz   1x50mm     34 mm 
0.60  85.9dB --------------------------------------------------------------
    18.5l @  45.6Hz  =>   91.5dB    5W  97.5dB @  42.8Hz   1x50mm     85 mm 
    20.7l @  44.0Hz  =>   90.5dB    4W  97.5dB @  40.4Hz   1x50mm     72 mm 
    23.1l @  42.4Hz  =>   89.5dB    3W  97.5dB @  38.2Hz   1x50mm     61 mm 
*   25.9l @  40.9Hz  =>   88.5dB    3W  97.5dB @  36.1Hz   1x50mm     50 mm 
    29.0l @  39.4Hz  =>   87.5dB    2W  97.5dB @  34.1Hz   1x50mm     41 mm 
    32.5l @  38.0Hz  =>   86.5dB    2W  97.5dB @  32.2Hz   1x50mm     33 mm 
    36.4l @  36.7Hz  =>   85.5dB    1W  97.5dB @  30.5Hz   1x50mm     25 mm 
1.00  85.6dB --------------------------------------------------------------
    20.9l @  43.8Hz  =>   90.4dB    4W  97.2dB @  40.2Hz   1x50mm     71 mm 
    23.4l @  42.2Hz  =>   89.4dB    3W  97.2dB @  38.0Hz   1x50mm     59 mm 
    26.2l @  40.7Hz  =>   88.4dB    3W  97.2dB @  35.9Hz   1x50mm     49 mm 
*   29.4l @  39.3Hz  =>   87.4dB    2W  97.2dB @  33.9Hz   1x50mm     40 mm 
    32.9l @  37.9Hz  =>   86.4dB    2W  97.2dB @  32.0Hz   1x50mm     32 mm 
    36.9l @  36.5Hz  =>   85.4dB    1W  97.2dB @  30.3Hz   1x50mm     24 mm 
    41.3l @  35.2Hz  =>   84.5dB    1W  97.2dB @  28.6Hz + 1x70mm     56 mm 
