-------------
hed-8.2
      89.0dB                            200W
Rpre   Spl      qtc    Vb     SplMech Pmech SplEle      f3

0.20  83.6dB:   0.5  821.7l: (111.9dB  1515W 103.1dB) @  47Hz
                0.6   51.7l: (110.9dB  1200W 103.1dB) @  44Hz
                0.7   24.5l: (110.9dB  1214W 103.1dB) @  45Hz
                0.8   15.3l: (112.4dB  1680W 103.1dB) @  48Hz
                0.9   10.7l: (112.8dB  1877W 103.1dB) @  50Hz
                1.0    8.0l: (113.4dB  2135W 103.1dB) @  51Hz
                1.1    6.3l: (114.2dB  2539W 103.1dB) @  54Hz
                1.1    6.3l: (111.3dB  1316W 103.1dB) @  45Hz ( 1351uF)

0.60  83.1dB:   0.6  103.7l: (109.3dB   928W 102.7dB) @  41Hz
                0.7   36.3l: (109.4dB   939W 102.7dB) @  41Hz
                0.8   20.7l: (110.8dB  1299W 102.7dB) @  44Hz
                0.9   13.9l: (111.3dB  1452W 102.7dB) @  45Hz
                1.0   10.2l: (111.8dB  1651W 102.7dB) @  47Hz
                1.1    7.9l: (112.6dB  1963W 102.7dB) @  49Hz
                1.1    7.9l: (109.7dB  1018W 102.7dB) @  42Hz ( 1477uF)

1.00  82.8dB:   0.6  440.1l: (108.0dB   737W 102.3dB) @  38Hz
                0.7   57.0l: (108.0dB   745W 102.3dB) @  38Hz
                0.8   28.4l: (109.4dB  1031W 102.3dB) @  41Hz
                0.9   18.1l: (109.9dB  1153W 102.3dB) @  42Hz
                1.0   12.9l: (110.5dB  1311W 102.3dB) @  43Hz
                1.1    9.8l: (111.2dB  1559W 102.3dB) @  45Hz
                1.1    9.8l: (108.4dB   808W 102.3dB) @  38Hz ( 1601uF)

-------------
hed-8.4
      91.0dB                            200W
Rpre   Spl      qtc    Vb     SplMech Pmech SplEle      f3

0.20  83.6dB:   0.7  123.1l: (108.0dB   280W 106.5dB) @  38Hz
                0.8   43.8l: (109.4dB   388W 106.5dB) @  41Hz
                0.9   25.3l: (109.9dB   434W 106.5dB) @  42Hz
                1.0   17.2l: (110.5dB   493W 106.5dB) @  43Hz
                1.1   12.7l: (111.2dB   586W 106.5dB) @  45Hz
                1.1   12.7l: (108.4dB   304W 106.5dB) @  38Hz (  739uF)

0.60  83.4dB:   0.7  245.3l: (107.2dB   247W 106.3dB) @  36Hz
                0.8   56.9l: (108.7dB   342W 106.3dB) @  39Hz
                0.9   30.4l: (109.1dB   382W 106.3dB) @  40Hz
                1.0   20.0l: (109.7dB   434W 106.3dB) @  41Hz
                1.1   14.5l: (110.4dB   517W 106.3dB) @  43Hz
                1.1   14.5l: (107.6dB   268W 106.3dB) @  37Hz (  772uF)

1.00  83.2dB:   0.8   77.1l: (107.9dB   303W 106.1dB) @  37Hz
                0.9   37.0l: (108.4dB   339W 106.1dB) @  39Hz
                1.0   23.4l: (109.0dB   385W 106.1dB) @  40Hz
                1.1   16.6l: (109.7dB   458W 106.1dB) @  42Hz
                1.1   16.6l: (106.9dB   237W 106.1dB) @  35Hz (  805uF)

-------------
hed-10.2
      91.0dB                            200W
Rpre   Spl      qtc    Vb     SplMech Pmech SplEle      f3

0.20  83.0dB:   0.7  356.8l: (105.9dB   415W 102.8dB) @  26Hz
                0.8  110.7l: (107.3dB   574W 102.8dB) @  29Hz
                0.9   62.1l: (107.8dB   641W 102.8dB) @  29Hz
                1.0   41.7l: (108.4dB   729W 102.8dB) @  30Hz
                1.1   30.6l: (109.1dB   867W 102.8dB) @  32Hz
                1.1   30.6l: (106.3dB   450W 102.8dB) @  27Hz ( 2162uF)

0.60  82.6dB:   0.8  215.5l: (105.8dB   440W 102.3dB) @  26Hz
                0.9   95.0l: (106.2dB   492W 102.3dB) @  27Hz
                1.0   58.4l: (106.8dB   559W 102.3dB) @  28Hz
                1.1   41.0l: (107.6dB   665W 102.3dB) @  29Hz
                1.1   41.0l: (104.7dB   345W 102.3dB) @  25Hz ( 2366uF)

1.00  82.2dB:   0.8  779.9l: (104.3dB   346W 102.0dB) @  24Hz
                0.9  159.2l: (104.8dB   386W 102.0dB) @  25Hz
                1.0   84.2l: (105.4dB   439W 102.0dB) @  26Hz
                1.1   55.4l: (106.1dB   522W 102.0dB) @  27Hz
                1.1   55.4l: (103.3dB   271W 102.0dB) @  23Hz ( 2569uF)

-------------
hed-10.4
      89.0dB                            200W
Rpre   Spl      qtc    Vb     SplMech Pmech SplEle      f3

0.20  82.5dB:   0.7  404.5l: (105.8dB   217W 105.4dB) @  26Hz
                0.8  116.3l: (107.2dB   300W 105.4dB) @  28Hz
                0.9   64.3l: (107.7dB   335W 105.4dB) @  29Hz
                1.0   42.9l: (108.2dB   381W 105.4dB) @  30Hz
                1.1   31.4l: (109.0dB   454W 105.4dB) @  31Hz
                1.1   31.4l: (106.1dB   235W 105.4dB) @  27Hz ( 1062uF)

0.60  82.3dB:   0.8  154.0l: (106.5dB   266W 105.2dB) @  27Hz
                0.9   77.6l: (106.9dB   298W 105.2dB) @  28Hz
                1.0   50.0l: (107.5dB   339W 105.2dB) @  29Hz
                1.1   35.8l: (108.3dB   403W 105.2dB) @  30Hz
                1.1   35.8l: (105.4dB   209W 105.2dB) @  26Hz ( 1108uF)

1.00  82.1dB:   0.8  214.8l: (105.8dB   238W 105.0dB) @  26Hz
                0.9   94.8l: (106.3dB   266W 105.0dB) @  27Hz
                1.0   58.3l: (106.8dB   303W 105.0dB) @  28Hz
                1.1   40.9l: (107.6dB   360W 105.0dB) @  29Hz
                1.1   40.9l: (104.7dB   187W 105.0dB) @  25Hz ( 1152uF)

-------------
hed-12.2
      91.0dB                            300W
Rpre   Spl      qtc    Vb     SplMech Pmech SplEle      f3

0.20  87.0dB:   0.6  356.1l: (114.1dB  1102W 108.5dB) @  34Hz
                0.7  140.1l: (114.2dB  1115W 108.5dB) @  34Hz
                0.8   82.5l: (115.6dB  1542W 108.5dB) @  37Hz
                0.9   56.2l: (116.1dB  1724W 108.5dB) @  38Hz
                1.0   41.5l: (116.6dB  1960W 108.5dB) @  39Hz
                1.1   32.2l: (117.4dB  2332W 108.5dB) @  41Hz
                1.1   32.2l: (114.5dB  1208W 108.5dB) @  35Hz ( 1679uF)

0.60  86.5dB:   0.7  217.3l: (112.7dB   875W 108.1dB) @  31Hz
                0.8  113.4l: (114.1dB  1210W 108.1dB) @  34Hz
                0.9   73.5l: (114.6dB  1353W 108.1dB) @  35Hz
                1.0   52.8l: (115.2dB  1538W 108.1dB) @  36Hz
                1.1   40.3l: (115.9dB  1830W 108.1dB) @  38Hz
                1.1   40.3l: (113.1dB   948W 108.1dB) @  32Hz ( 1827uF)

1.00  86.2dB:   0.7  376.9l: (111.4dB   703W 107.7dB) @  29Hz
                0.8  159.4l: (112.8dB   973W 107.7dB) @  31Hz
                0.9   96.4l: (113.3dB  1088W 107.7dB) @  32Hz
                1.0   66.8l: (113.9dB  1237W 107.7dB) @  33Hz
                1.1   49.9l: (114.6dB  1471W 107.7dB) @  35Hz
                1.1   49.9l: (111.8dB   763W 107.7dB) @  30Hz ( 1972uF)

-------------
hed-12.4
      89.0dB                            300W
Rpre   Spl      qtc    Vb     SplMech Pmech SplEle      f3

0.20  87.3dB:   0.7  223.6l: (116.3dB   821W 112.0dB) @  33Hz
                0.8  114.2l: (117.7dB  1136W 112.0dB) @  36Hz
                0.9   73.5l: (118.2dB  1270W 112.0dB) @  37Hz
                1.0   52.5l: (118.8dB  1444W 112.0dB) @  38Hz
                1.1   39.9l: (119.5dB  1718W 112.0dB) @  40Hz
                1.1   39.9l: (116.7dB   890W 112.0dB) @  34Hz (  835uF)

0.60  87.1dB:   0.7  300.9l: (115.6dB   727W 111.7dB) @  32Hz
                0.8  137.8l: (117.0dB  1005W 111.7dB) @  35Hz
                0.9   85.4l: (117.5dB  1124W 111.7dB) @  36Hz
                1.0   59.9l: (118.0dB  1278W 111.7dB) @  37Hz
                1.1   45.0l: (118.8dB  1520W 111.7dB) @  38Hz
                1.1   45.0l: (115.9dB   788W 111.7dB) @  33Hz (  872uF)

1.00  86.9dB:   0.7  430.5l: (114.9dB   647W 111.5dB) @  31Hz
                0.8  168.1l: (116.3dB   895W 111.5dB) @  33Hz
                0.9   99.4l: (116.8dB  1001W 111.5dB) @  34Hz
                1.0   68.2l: (117.3dB  1138W 111.5dB) @  35Hz
                1.1   50.7l: (118.1dB  1354W 111.5dB) @  37Hz
                1.1   50.7l: (115.2dB   702W 111.5dB) @  31Hz (  908uF)

-------------
hed-15.2
      92.0dB                            300W
Rpre   Spl      qtc    Vb     SplMech Pmech SplEle      f3

0.20  87.3dB:   0.8  569.8l: (115.8dB  1700W 108.3dB) @  25Hz
                0.9  305.7l: (116.3dB  1901W 108.3dB) @  25Hz
                1.0  201.4l: (116.9dB  2161W 108.3dB) @  26Hz
                1.1  146.2l: (117.6dB  2571W 108.3dB) @  27Hz
                1.1  146.2l: (114.8dB  1332W 108.3dB) @  23Hz ( 2812uF)

0.60  86.8dB:   0.9  480.7l: (114.8dB  1473W 107.9dB) @  23Hz
                1.0  286.1l: (115.3dB  1675W 107.9dB) @  24Hz
                1.1  197.6l: (116.1dB  1992W 107.9dB) @  25Hz
                1.1  197.6l: (113.2dB  1033W 107.9dB) @  21Hz ( 3078uF)

1.00  86.4dB:   0.9  843.3l: (113.4dB  1175W 107.4dB) @  21Hz
                1.0  418.2l: (113.9dB  1337W 107.4dB) @  22Hz
                1.1  268.6l: (114.7dB  1590W 107.4dB) @  23Hz
                1.1  268.6l: (111.8dB   824W 107.4dB) @  20Hz ( 3335uF)

-------------
hed-15.4
      90.0dB                            300W
Rpre   Spl      qtc    Vb     SplMech Pmech SplEle      f3

0.20  87.4dB:   0.9  488.3l: (115.5dB   666W 112.0dB) @  24Hz
                1.0  289.4l: (116.1dB   758W 112.0dB) @  25Hz
                1.1  199.5l: (116.8dB   901W 112.0dB) @  26Hz
                1.1  199.5l: (113.9dB   467W 112.0dB) @  22Hz ( 1287uF)

0.60  87.2dB:   0.9  635.6l: (114.8dB   593W 111.8dB) @  23Hz
                1.0  348.5l: (115.3dB   675W 111.8dB) @  24Hz
                1.1  232.4l: (116.1dB   802W 111.8dB) @  25Hz
                1.1  232.4l: (113.2dB   416W 111.8dB) @  21Hz ( 1341uF)

1.00  87.0dB:   0.9  863.0l: (114.1dB   532W 111.6dB) @  22Hz
                1.0  424.1l: (114.7dB   605W 111.6dB) @  23Hz
                1.1  271.5l: (115.4dB   719W 111.6dB) @  24Hz
                1.1  271.5l: (112.6dB   373W 111.6dB) @  20Hz ( 1394uF)

