-------------
hed-8.2
-------------
 89.0dB             6.3l (1.1)               200W
SplMech  Pmech SplEle     f3

            3W  70.0dB @  20Hz 
            4W  71.0dB @  20Hz 
            5W  72.0dB @  20Hz 
            6W  73.0dB @  20Hz 
            8W  74.0dB @  20Hz 
           10W  75.0dB @  20Hz 
           12W  76.0dB @  20Hz 
           16W  77.0dB @  20Hz 
           20W  78.0dB @  20Hz 
           25W  79.0dB @  20Hz 
           31W  80.0dB @  20Hz 
           40W  81.0dB @  20Hz 
           50W  82.0dB @  20Hz 
           63W  83.0dB @  20Hz 
           79W  84.0dB @  20Hz 
          100W  85.0dB @  20Hz 
          126W  86.0dB @  20Hz 
          159W  87.0dB @  20Hz 
          200W  88.1dB @  20Hz 
 97.0dB  1581W  88.1dB @  20Hz   15
            3W  75.2dB @  27Hz 
            4W  76.2dB @  27Hz 
            5W  77.2dB @  27Hz 
            6W  78.2dB @  27Hz 
            8W  79.2dB @  27Hz 
           10W  80.2dB @  27Hz 
           12W  81.2dB @  27Hz 
           16W  82.2dB @  27Hz 
           20W  83.2dB @  27Hz 
           25W  84.2dB @  27Hz 
           31W  85.2dB @  27Hz 
           40W  86.2dB @  27Hz 
           50W  87.2dB @  27Hz 
           63W  88.2dB @  27Hz 
           79W  89.2dB @  27Hz 
          100W  90.2dB @  27Hz 
          126W  91.2dB @  27Hz 
          159W  92.2dB @  27Hz 
          200W  93.2dB @  27Hz 
102.2dB  1587W  93.2dB @  27Hz   10
106.2dB  1592W  97.2dB @  34Hz    6
109.5dB  1596W 100.5dB @  41Hz    3
112.2dB  1600W 103.2dB @  48Hz   -0
114.6dB  1603W 105.6dB @  55Hz   -2
116.7dB  1606W 107.6dB @  62Hz   -5
118.5dB  1608W 109.5dB @  69Hz   -6
120.2dB  1610W 111.2dB @  76Hz   -8
-------------
hed-8.4
-------------
 91.0dB            12.7l (1.1)               200W
SplMech  Pmech SplEle     f3

            3W  76.3dB @  20Hz 
            4W  77.3dB @  20Hz 
            5W  78.4dB @  20Hz 
            6W  79.4dB @  20Hz 
            8W  80.4dB @  20Hz 
           10W  81.4dB @  20Hz 
           12W  82.4dB @  20Hz 
           16W  83.4dB @  20Hz 
           20W  84.4dB @  20Hz 
           25W  85.4dB @  20Hz 
           31W  86.4dB @  20Hz 
           40W  87.4dB @  20Hz 
           50W  88.4dB @  20Hz 
           63W  89.4dB @  20Hz 
           79W  90.4dB @  20Hz 
          100W  91.4dB @  20Hz 
          126W  92.4dB @  20Hz 
          159W  93.4dB @  20Hz 
          200W  94.4dB @  20Hz 
 97.0dB   366W  94.4dB @  20Hz   12
            3W  81.5dB @  27Hz 
            4W  82.5dB @  27Hz 
            5W  83.5dB @  27Hz 
            6W  84.6dB @  27Hz 
            8W  85.6dB @  27Hz 
           10W  86.6dB @  27Hz 
           12W  87.6dB @  27Hz 
           16W  88.6dB @  27Hz 
           20W  89.6dB @  27Hz 
           25W  90.6dB @  27Hz 
           31W  91.6dB @  27Hz 
           40W  92.6dB @  27Hz 
           50W  93.6dB @  27Hz 
           63W  94.6dB @  27Hz 
           79W  95.6dB @  27Hz 
          100W  96.6dB @  27Hz 
          126W  97.6dB @  27Hz 
          159W  98.6dB @  27Hz 
          200W  99.6dB @  27Hz 
102.2dB   367W  99.6dB @  27Hz    7
106.2dB   369W 103.6dB @  34Hz    3
109.5dB   370W 106.8dB @  41Hz   -0
112.2dB   370W 109.6dB @  48Hz   -3
114.6dB   371W 111.9dB @  55Hz   -5
116.7dB   372W 114.0dB @  62Hz   -7
118.5dB   372W 115.8dB @  69Hz   -9
120.2dB   373W 117.5dB @  76Hz  -11
-------------
hed-10.2
-------------
 91.0dB            30.6l (1.1)               200W
SplMech  Pmech SplEle     f3

            3W  78.7dB @  20Hz 
            4W  79.7dB @  20Hz 
            5W  80.7dB @  20Hz 
            6W  81.7dB @  20Hz 
            8W  82.7dB @  20Hz 
           10W  83.7dB @  20Hz 
           12W  84.7dB @  20Hz 
           16W  85.7dB @  20Hz 
           20W  86.7dB @  20Hz 
           25W  87.7dB @  20Hz 
           31W  88.7dB @  20Hz 
           40W  89.7dB @  20Hz 
           50W  90.7dB @  20Hz 
           63W  91.7dB @  20Hz 
           79W  92.8dB @  20Hz 
          100W  93.8dB @  20Hz 
          126W  94.8dB @  20Hz 
          159W  95.8dB @  20Hz 
          200W  96.8dB @  20Hz 
101.1dB   544W  96.8dB @  20Hz    6
            3W  83.9dB @  27Hz 
            4W  84.9dB @  27Hz 
            5W  85.9dB @  27Hz 
            6W  86.9dB @  27Hz 
            8W  87.9dB @  27Hz 
           10W  88.9dB @  27Hz 
           12W  89.9dB @  27Hz 
           16W  90.9dB @  27Hz 
           20W  91.9dB @  27Hz 
           25W  92.9dB @  27Hz 
           31W  93.9dB @  27Hz 
           40W  94.9dB @  27Hz 
           50W  95.9dB @  27Hz 
           63W  96.9dB @  27Hz 
           79W  97.9dB @  27Hz 
          100W  99.0dB @  27Hz 
          126W 100.0dB @  27Hz 
          159W 101.0dB @  27Hz 
          200W 102.0dB @  27Hz 
106.3dB   546W 102.0dB @  27Hz    1
110.3dB   548W 106.0dB @  34Hz   -3
113.6dB   549W 109.2dB @  41Hz   -6
116.3dB   550W 111.9dB @  48Hz   -9
118.7dB   551W 114.3dB @  55Hz  -12
120.8dB   552W 116.4dB @  62Hz  -14
122.6dB   553W 118.2dB @  69Hz  -15
124.3dB   554W 119.9dB @  76Hz  -17
-------------
hed-10.4
-------------
 89.0dB            31.4l (1.1)               200W
SplMech  Pmech SplEle     f3

            3W  81.5dB @  20Hz 
            4W  82.5dB @  20Hz 
            5W  83.5dB @  20Hz 
            6W  84.5dB @  20Hz 
            8W  85.5dB @  20Hz 
           10W  86.5dB @  20Hz 
           12W  87.5dB @  20Hz 
           16W  88.5dB @  20Hz 
           20W  89.5dB @  20Hz 
           25W  90.6dB @  20Hz 
           31W  91.6dB @  20Hz 
           40W  92.6dB @  20Hz 
           50W  93.6dB @  20Hz 
           63W  94.6dB @  20Hz 
           79W  95.6dB @  20Hz 
          100W  96.6dB @  20Hz 
          126W  97.6dB @  20Hz 
          159W  98.6dB @  20Hz 
          200W  99.6dB @  20Hz 
101.1dB   284W  99.6dB @  20Hz    6
            3W  86.7dB @  27Hz 
            4W  87.7dB @  27Hz 
            5W  88.7dB @  27Hz 
            6W  89.7dB @  27Hz 
            8W  90.7dB @  27Hz 
           10W  91.7dB @  27Hz 
           12W  92.7dB @  27Hz 
           16W  93.7dB @  27Hz 
           20W  94.7dB @  27Hz 
           25W  95.7dB @  27Hz 
           31W  96.7dB @  27Hz 
           40W  97.8dB @  27Hz 
           50W  98.8dB @  27Hz 
           63W  99.8dB @  27Hz 
           79W 100.8dB @  27Hz 
          100W 101.8dB @  27Hz 
          126W 102.8dB @  27Hz 
          159W 103.8dB @  27Hz 
          200W 104.8dB @  27Hz 
106.3dB   286W 104.8dB @  27Hz    1
110.3dB   287W 108.8dB @  34Hz   -3
113.6dB   287W 112.0dB @  41Hz   -7
116.3dB   288W 114.7dB @  48Hz   -9
118.7dB   288W 117.1dB @  55Hz  -12
120.8dB   289W 119.2dB @  62Hz  -14
122.6dB   289W 121.0dB @  69Hz  -16
124.3dB   290W 122.7dB @  76Hz  -17
-------------
hed-12.2
-------------
 91.0dB            32.2l (1.1)               300W
SplMech  Pmech SplEle     f3

            5W  80.1dB @  20Hz 
            6W  81.1dB @  20Hz 
            7W  82.1dB @  20Hz 
            9W  83.1dB @  20Hz 
           12W  84.1dB @  20Hz 
           15W  85.1dB @  20Hz 
           19W  86.1dB @  20Hz 
           24W  87.1dB @  20Hz 
           30W  88.1dB @  20Hz 
           37W  89.1dB @  20Hz 
           47W  90.1dB @  20Hz 
           60W  91.1dB @  20Hz 
           75W  92.1dB @  20Hz 
           94W  93.1dB @  20Hz 
          119W  94.1dB @  20Hz 
          150W  95.1dB @  20Hz 
          189W  96.1dB @  20Hz 
          238W  97.1dB @  20Hz 
          300W  98.1dB @  20Hz 
105.0dB  1457W  98.1dB @  20Hz   10
            5W  85.3dB @  27Hz 
            6W  86.3dB @  27Hz 
            7W  87.3dB @  27Hz 
            9W  88.3dB @  27Hz 
           12W  89.3dB @  27Hz 
           15W  90.3dB @  27Hz 
           19W  91.3dB @  27Hz 
           24W  92.3dB @  27Hz 
           30W  93.3dB @  27Hz 
           37W  94.3dB @  27Hz 
           47W  95.3dB @  27Hz 
           60W  96.3dB @  27Hz 
           75W  97.3dB @  27Hz 
           94W  98.3dB @  27Hz 
          119W  99.3dB @  27Hz 
          150W 100.3dB @  27Hz 
          189W 101.3dB @  27Hz 
          238W 102.3dB @  27Hz 
          300W 103.3dB @  27Hz 
110.2dB  1463W 103.3dB @  27Hz    5
114.2dB  1468W 107.3dB @  34Hz    1
117.5dB  1471W 110.6dB @  41Hz   -2
120.2dB  1475W 113.3dB @  48Hz   -5
122.6dB  1477W 115.6dB @  55Hz   -7
124.6dB  1480W 117.7dB @  62Hz   -9
126.5dB  1482W 119.6dB @  69Hz  -11
128.2dB  1484W 121.2dB @  76Hz  -13
-------------
hed-12.4
-------------
 89.0dB            39.9l (1.1)               300W
SplMech  Pmech SplEle     f3

            5W  83.9dB @  20Hz 
            6W  84.9dB @  20Hz 
            7W  85.9dB @  20Hz 
            9W  86.9dB @  20Hz 
           12W  87.9dB @  20Hz 
           15W  88.9dB @  20Hz 
           19W  89.9dB @  20Hz 
           24W  90.9dB @  20Hz 
           30W  91.9dB @  20Hz 
           37W  92.9dB @  20Hz 
           47W  93.9dB @  20Hz 
           60W  94.9dB @  20Hz 
           75W  95.9dB @  20Hz 
           94W  96.9dB @  20Hz 
          119W  97.9dB @  20Hz 
          150W  98.9dB @  20Hz 
          189W  99.9dB @  20Hz 
          238W 100.9dB @  20Hz 
          300W 101.9dB @  20Hz 
107.5dB  1074W 101.9dB @  20Hz   10
            5W  89.1dB @  27Hz 
            6W  90.1dB @  27Hz 
            7W  91.1dB @  27Hz 
            9W  92.1dB @  27Hz 
           12W  93.1dB @  27Hz 
           15W  94.1dB @  27Hz 
           19W  95.1dB @  27Hz 
           24W  96.1dB @  27Hz 
           30W  97.1dB @  27Hz 
           37W  98.1dB @  27Hz 
           47W  99.1dB @  27Hz 
           60W 100.1dB @  27Hz 
           75W 101.1dB @  27Hz 
           94W 102.1dB @  27Hz 
          119W 103.1dB @  27Hz 
          150W 104.1dB @  27Hz 
          189W 105.1dB @  27Hz 
          238W 106.1dB @  27Hz 
          300W 107.1dB @  27Hz 
112.7dB  1078W 107.1dB @  27Hz    5
116.7dB  1081W 111.1dB @  34Hz    1
120.0dB  1084W 114.4dB @  41Hz   -2
122.7dB  1087W 117.1dB @  48Hz   -5
125.1dB  1089W 119.5dB @  55Hz   -8
127.1dB  1090W 121.5dB @  62Hz  -10
129.0dB  1092W 123.4dB @  69Hz  -11
130.7dB  1093W 125.1dB @  76Hz  -13
-------------
hed-15.2
-------------
 92.0dB           146.2l (1.1)               300W
SplMech  Pmech SplEle     f3

            5W  86.9dB @  20Hz 
            6W  87.9dB @  20Hz 
            7W  88.9dB @  20Hz 
            9W  89.9dB @  20Hz 
           12W  90.9dB @  20Hz 
           15W  91.9dB @  20Hz 
           19W  92.9dB @  20Hz 
           24W  93.9dB @  20Hz 
           30W  94.9dB @  20Hz 
           37W  95.9dB @  20Hz 
           47W  96.9dB @  20Hz 
           60W  97.9dB @  20Hz 
           75W  98.9dB @  20Hz 
           94W  99.9dB @  20Hz 
          119W 100.9dB @  20Hz 
          150W 101.9dB @  20Hz 
          189W 102.9dB @  20Hz 
          238W 103.9dB @  20Hz 
          300W 104.9dB @  20Hz 
112.3dB  1615W 104.9dB @  20Hz    3
            5W  92.1dB @  27Hz 
            6W  93.1dB @  27Hz 
            7W  94.1dB @  27Hz 
            9W  95.1dB @  27Hz 
           12W  96.1dB @  27Hz 
           15W  97.1dB @  27Hz 
           19W  98.1dB @  27Hz 
           24W  99.1dB @  27Hz 
           30W 100.1dB @  27Hz 
           37W 101.1dB @  27Hz 
           47W 102.1dB @  27Hz 
           60W 103.1dB @  27Hz 
           75W 104.1dB @  27Hz 
           94W 105.1dB @  27Hz 
          119W 106.1dB @  27Hz 
          150W 107.1dB @  27Hz 
          189W 108.1dB @  27Hz 
          238W 109.1dB @  27Hz 
          300W 110.1dB @  27Hz 
117.5dB  1622W 110.1dB @  27Hz   -2
121.5dB  1627W 114.1dB @  34Hz   -6
124.7dB  1631W 117.4dB @  41Hz   -9
127.5dB  1635W 120.1dB @  48Hz  -12
129.8dB  1638W 122.5dB @  55Hz  -14
131.9dB  1640W 124.5dB @  62Hz  -16
133.8dB  1643W 126.4dB @  69Hz  -18
135.5dB  1645W 128.1dB @  76Hz  -20
-------------
hed-15.4
-------------
 90.0dB           199.5l (1.1)               300W
SplMech  Pmech SplEle     f3

            5W  91.4dB @  20Hz 
            6W  92.4dB @  20Hz 
            7W  93.4dB @  20Hz 
            9W  94.4dB @  20Hz 
           12W  95.5dB @  20Hz 
           15W  96.5dB @  20Hz 
           19W  97.5dB @  20Hz 
           24W  98.5dB @  20Hz 
           30W  99.5dB @  20Hz 
           37W 100.5dB @  20Hz 
           47W 101.5dB @  20Hz 
           60W 102.5dB @  20Hz 
           75W 103.5dB @  20Hz 
           94W 104.5dB @  20Hz 
          119W 105.5dB @  20Hz 
          150W 106.5dB @  20Hz 
          189W 107.5dB @  20Hz 
          238W 108.5dB @  20Hz 
          300W 109.5dB @  20Hz 
112.3dB   567W 109.5dB @  20Hz    3
            5W  96.6dB @  27Hz 
            6W  97.6dB @  27Hz 
            7W  98.6dB @  27Hz 
            9W  99.6dB @  27Hz 
           12W 100.6dB @  27Hz 
           15W 101.7dB @  27Hz 
           19W 102.7dB @  27Hz 
           24W 103.7dB @  27Hz 
           30W 104.7dB @  27Hz 
           37W 105.7dB @  27Hz 
           47W 106.7dB @  27Hz 
           60W 107.7dB @  27Hz 
           75W 108.7dB @  27Hz 
           94W 109.7dB @  27Hz 
          119W 110.7dB @  27Hz 
          150W 111.7dB @  27Hz 
          189W 112.7dB @  27Hz 
          238W 113.7dB @  27Hz 
          300W 114.7dB @  27Hz 
117.5dB   569W 114.7dB @  27Hz   -3
121.5dB   571W 118.7dB @  34Hz   -7
124.7dB   572W 121.9dB @  41Hz  -10
127.5dB   573W 124.7dB @  48Hz  -13
129.8dB   574W 127.0dB @  55Hz  -15
131.9dB   575W 129.1dB @  62Hz  -17
133.8dB   576W 130.9dB @  69Hz  -19
135.5dB   577W 132.6dB @  76Hz  -21
