-------------
hed-8.2
                    89.0dB           150W
  R||    qts   f3   Spl     SplMech Pmech  SplEle  
   1.0  0.59  40Hz  80.3dB  108.9dB  722W  102.1dB
   1.5  0.63  36Hz  80.3dB  107.5dB  516W  102.1dB
   2.2  0.66  34Hz  80.3dB  106.0dB  371W  102.1dB
   3.3  0.71  31Hz  80.3dB  104.8dB  282W  102.1dB
   4.7  0.75  31Hz  80.3dB  104.8dB  282W  102.1dB
   6.8  0.78  30Hz  80.3dB  103.9dB  228W  102.1dB
  10.0  0.82  28Hz  80.3dB  103.0dB  183W  102.1dB
  15.0  0.85  28Hz  80.3dB  103.0dB  183W  102.1dB
  22.0  0.87  27Hz  80.3dB  102.4dB  159W  102.1dB
  33.0  0.89  27Hz  80.3dB  102.4dB  159W  102.1dB
  47.0  0.90  26Hz  80.3dB  101.5dB  131W  102.1dB
  68.0  0.91  26Hz  80.3dB  101.5dB  131W  102.1dB
 100.0  0.92  26Hz  80.3dB  101.5dB  131W  102.1dB
 150.0  0.92  26Hz  80.3dB  101.5dB  131W  102.1dB
9999.0  0.93  26Hz  80.3dB  101.5dB  131W  102.1dB
-------------
hed-8.4
                    91.0dB           150W
  R||    qts   f3   Spl     SplMech Pmech  SplEle  
   0.0  0.64  40Hz  80.5dB  109.0dB  708W  102.3dB
   1.0  0.70  34Hz  80.5dB  106.4dB  387W  102.3dB
   1.5  0.73  34Hz  80.5dB  106.4dB  387W  102.3dB
   2.2  0.77  33Hz  80.5dB  105.5dB  314W  102.3dB
   3.3  0.81  31Hz  80.5dB  104.5dB  251W  102.3dB
   4.7  0.85  30Hz  80.5dB  103.9dB  219W  102.3dB
   6.8  0.90  28Hz  80.5dB  103.1dB  180W  102.3dB
  10.0  0.96  28Hz  80.5dB  102.7dB  163W  102.3dB
  15.0  1.01  27Hz  80.5dB  102.2dB  147W  102.3dB
  22.0  1.05  26Hz  80.5dB  101.8dB  133W  102.3dB
  33.0  1.09  26Hz  80.5dB  101.8dB  133W  102.3dB
  47.0  1.11  26Hz  80.5dB  101.8dB  133W  102.3dB
  68.0  1.13  26Hz  80.5dB  101.8dB  133W  102.3dB
 100.0  1.15  26Hz  80.5dB  101.8dB  133W  102.3dB
 150.0  1.16  26Hz  80.5dB  101.8dB  133W  102.3dB
9999.0  1.19  26Hz  80.5dB  101.8dB  133W  102.3dB
-------------
hed-10.2
                    91.0dB           150W
  R||    qts   f3   Spl     SplMech Pmech  SplEle  
   0.0  0.65  28Hz  79.8dB  107.3dB  563W  101.5dB
   1.0  0.78  23Hz  79.8dB  103.7dB  249W  101.5dB
   1.5  0.83  22Hz  79.8dB  102.8dB  200W  101.5dB
   2.2  0.89  21Hz  79.8dB  102.2dB  174W  101.5dB
   3.3  0.95  20Hz  79.8dB  101.3dB  143W  101.5dB
   4.7  1.01  19Hz  79.8dB  100.4dB  117W  101.5dB
   6.8  1.06  19Hz  79.8dB  100.0dB  105W  101.5dB
  10.0  1.12  19Hz  79.8dB  100.0dB  105W  101.5dB
  15.0  1.16  19Hz  79.8dB  100.0dB  105W  101.5dB
  22.0  1.20  19Hz  79.8dB  100.0dB  105W  101.5dB
  33.0  1.23  19Hz  79.8dB  100.0dB  105W  101.5dB
  47.0  1.25  19Hz  79.8dB  100.0dB  105W  101.5dB
  68.0  1.26  19Hz  79.8dB  100.0dB  105W  101.5dB
 100.0  1.27  19Hz  79.8dB  100.0dB  105W  101.5dB
 150.0  1.28  19Hz  79.8dB  100.0dB  105W  101.5dB
9999.0  1.29  19Hz  79.8dB  100.0dB  105W  101.5dB
-------------
hed-10.4
                    89.0dB           150W
  R||    qts   f3   Spl     SplMech Pmech  SplEle  
   0.0  0.65  26Hz  79.4dB  105.8dB  438W  101.2dB
   1.0  0.72  24Hz  79.4dB  104.6dB  333W  101.2dB
   1.5  0.75  24Hz  79.4dB  104.6dB  333W  101.2dB
   2.2  0.78  23Hz  79.4dB  103.7dB  270W  101.2dB
   3.3  0.82  22Hz  79.4dB  102.8dB  216W  101.2dB
   4.7  0.86  21Hz  79.4dB  102.2dB  188W  101.2dB
   6.8  0.91  20Hz  79.4dB  101.3dB  155W  101.2dB
  10.0  0.96  20Hz  79.4dB  100.9dB  140W  101.2dB
  15.0  1.01  19Hz  79.4dB  100.4dB  127W  101.2dB
  22.0  1.05  19Hz  79.4dB  100.4dB  127W  101.2dB
  33.0  1.08  19Hz  79.4dB  100.0dB  114W  101.2dB
  47.0  1.11  19Hz  79.4dB  100.0dB  114W  101.2dB
  68.0  1.13  19Hz  79.4dB  100.0dB  114W  101.2dB
 100.0  1.14  19Hz  79.4dB  100.0dB  114W  101.2dB
 150.0  1.15  19Hz  79.4dB  100.0dB  114W  101.2dB
9999.0  1.17  19Hz  79.4dB  100.0dB  114W  101.2dB
-------------
hed-12.2
                    91.0dB           225W
  R||    qts   f3   Spl     SplMech Pmech  SplEle  
   0.0  0.52  38Hz  83.7dB  116.0dB 1684W  107.3dB
   1.0  0.62  30Hz  83.7dB  111.8dB  643W  107.3dB
   1.5  0.66  27Hz  83.7dB  110.4dB  463W  107.3dB
   2.2  0.70  27Hz  83.7dB  110.4dB  463W  107.3dB
   3.3  0.74  25Hz  83.7dB  109.2dB  351W  107.3dB
   4.7  0.79  24Hz  83.7dB  108.3dB  285W  107.3dB
   6.8  0.83  23Hz  83.7dB  107.3dB  228W  107.3dB
  10.0  0.86  22Hz  83.7dB  106.7dB  199W  107.3dB
  15.0  0.90  22Hz  83.7dB  106.7dB  199W  107.3dB
  22.0  0.92  21Hz  83.7dB  105.9dB  164W  107.3dB
  33.0  0.94  21Hz  83.7dB  105.9dB  164W  107.3dB
  47.0  0.95  21Hz  83.7dB  105.5dB  148W  107.3dB
  68.0  0.96  21Hz  83.7dB  105.5dB  148W  107.3dB
 100.0  0.97  21Hz  83.7dB  105.5dB  148W  107.3dB
 150.0  0.97  21Hz  83.7dB  105.5dB  148W  107.3dB
9999.0  0.98  21Hz  83.7dB  105.5dB  148W  107.3dB
-------------
hed-12.4
                    89.0dB           225W
  R||    qts   f3   Spl     SplMech Pmech  SplEle  
   0.0  0.58  35Hz  84.2dB  117.1dB 1946W  107.7dB
   1.0  0.64  32Hz  84.2dB  115.6dB 1390W  107.7dB
   1.5  0.66  29Hz  84.2dB  114.2dB 1001W  107.7dB
   2.2  0.69  29Hz  84.2dB  114.2dB 1001W  107.7dB
   3.3  0.73  27Hz  84.2dB  113.0dB  759W  107.7dB
   4.7  0.77  26Hz  84.2dB  112.1dB  616W  107.7dB
   6.8  0.81  25Hz  84.2dB  111.1dB  494W  107.7dB
  10.0  0.85  24Hz  84.2dB  110.5dB  430W  107.7dB
  15.0  0.90  24Hz  84.2dB  110.5dB  430W  107.7dB
  22.0  0.94  23Hz  84.2dB  109.7dB  354W  107.7dB
  33.0  0.97  22Hz  84.2dB  109.2dB  321W  107.7dB
  47.0  0.99  22Hz  84.2dB  109.2dB  321W  107.7dB
  68.0  1.01  22Hz  84.2dB  108.8dB  289W  107.7dB
 100.0  1.02  22Hz  84.2dB  108.8dB  289W  107.7dB
 150.0  1.03  22Hz  84.2dB  108.8dB  289W  107.7dB
9999.0  1.05  21Hz  84.2dB  108.3dB  260W  107.7dB
-------------
hed-15.2
                    92.0dB           225W
  R||    qts   f3   Spl     SplMech Pmech  SplEle  
   0.0  0.66  23Hz  84.0dB  114.8dB 1187W  107.5dB
   1.0  0.80  20Hz  84.0dB  112.7dB  731W  107.5dB
   1.5  0.84  19Hz  84.0dB  111.7dB  586W  107.5dB
   2.2  0.89  19Hz  84.0dB  111.1dB  510W  107.5dB
   3.3  0.95  18Hz  84.0dB  110.3dB  421W  107.5dB
   4.7  1.00  17Hz  84.0dB  109.8dB  381W  107.5dB
   6.8  1.04  17Hz  84.0dB  109.4dB  343W  107.5dB
  10.0  1.09  16Hz  84.0dB  108.9dB  309W  107.5dB
  15.0  1.12  16Hz  84.0dB  108.9dB  309W  107.5dB
  22.0  1.15  16Hz  84.0dB  108.9dB  309W  107.5dB
  33.0  1.17  16Hz  84.0dB  108.9dB  309W  107.5dB
  47.0  1.18  16Hz  84.0dB  108.9dB  309W  107.5dB
  68.0  1.19  16Hz  84.0dB  108.9dB  309W  107.5dB
 100.0  1.20  16Hz  84.0dB  108.9dB  309W  107.5dB
 150.0  1.21  16Hz  84.0dB  108.9dB  309W  107.5dB
9999.0  1.22  16Hz  84.0dB  108.9dB  309W  107.5dB
-------------
hed-15.4
                    90.0dB           225W
  R||    qts   f3   Spl     SplMech Pmech  SplEle  
   0.0  0.73  23Hz  84.3dB  114.3dB 1020W  107.8dB
   1.0  0.80  20Hz  84.3dB  112.5dB  663W  107.8dB
   1.5  0.83  20Hz  84.3dB  112.5dB  663W  107.8dB
   2.2  0.87  20Hz  84.3dB  111.9dB  577W  107.8dB
   3.3  0.91  19Hz  84.3dB  111.0dB  476W  107.8dB
   4.7  0.96  18Hz  84.3dB  110.6dB  431W  107.8dB
   6.8  1.01  18Hz  84.3dB  110.1dB  389W  107.8dB
  10.0  1.06  17Hz  84.3dB  109.7dB  350W  107.8dB
  15.0  1.11  17Hz  84.3dB  109.7dB  350W  107.8dB
  22.0  1.16  17Hz  84.3dB  109.7dB  350W  107.8dB
  33.0  1.19  17Hz  84.3dB  109.7dB  350W  107.8dB
  47.0  1.22  17Hz  84.3dB  109.7dB  350W  107.8dB
  68.0  1.24  17Hz  84.3dB  109.7dB  350W  107.8dB
 100.0  1.25  17Hz  84.3dB  109.7dB  350W  107.8dB
 150.0  1.27  17Hz  84.3dB  109.7dB  350W  107.8dB
9999.0  1.29  17Hz  84.3dB  109.7dB  350W  107.8dB
