-------------
hed-8.2
      89.0dB            200W
Rpre   Spl     SplMech Pmech SplEle      f3

0.20  83.6dB: (111.3dB  1316W 103.1dB) @  45Hz
0.60  83.1dB: (109.7dB  1018W 102.7dB) @  42Hz
1.00  82.8dB: (108.4dB   808W 102.3dB) @  38Hz
              (111.4dB  1616W 102.3dB) @  46Hz
-------------
hed-8.4
      91.0dB            200W
Rpre   Spl     SplMech Pmech SplEle      f3

0.20  83.6dB: (108.4dB   304W 106.5dB) @  38Hz
              (111.4dB   608W 106.5dB) @  46Hz
              (114.4dB  1216W 106.5dB) @  54Hz
0.60  83.4dB: (107.6dB   268W 106.3dB) @  37Hz
              (110.6dB   536W 106.3dB) @  44Hz
              (113.6dB  1071W 106.3dB) @  52Hz
1.00  83.2dB: (106.9dB   237W 106.1dB) @  35Hz
              (109.9dB   475W 106.1dB) @  42Hz
              (112.9dB   950W 106.1dB) @  50Hz
              (115.9dB  1900W 106.1dB) @  59Hz
-------------
hed-10.2
      91.0dB            200W
Rpre   Spl     SplMech Pmech SplEle      f3

0.20  83.0dB: (106.3dB   450W 102.8dB) @  27Hz
              (109.3dB   899W 102.8dB) @  32Hz
              (112.3dB  1798W 102.8dB) @  38Hz
0.60  82.6dB: (104.7dB   345W 102.3dB) @  25Hz
              (107.7dB   689W 102.3dB) @  29Hz
              (110.7dB  1378W 102.3dB) @  35Hz
1.00  82.2dB: (103.3dB   271W 102.0dB) @  23Hz
              (106.3dB   541W 102.0dB) @  27Hz
              (109.3dB  1083W 102.0dB) @  32Hz
-------------
hed-10.4
      89.0dB            200W
Rpre   Spl     SplMech Pmech SplEle      f3

0.20  82.5dB: (106.1dB   235W 105.4dB) @  27Hz
              (109.1dB   470W 105.4dB) @  32Hz
              (112.2dB   940W 105.4dB) @  38Hz
              (115.2dB  1881W 105.4dB) @  45Hz
0.60  82.3dB: (105.4dB   209W 105.2dB) @  26Hz
              (108.4dB   417W 105.2dB) @  30Hz
              (111.4dB   835W 105.2dB) @  36Hz
              (114.4dB  1670W 105.2dB) @  43Hz
1.00  82.1dB: (104.7dB   187W 105.0dB) @  25Hz
              (107.7dB   373W 105.0dB) @  29Hz
              (110.7dB   746W 105.0dB) @  35Hz
              (113.7dB  1492W 105.0dB) @  41Hz
-------------
hed-12.2
      91.0dB            300W
Rpre   Spl     SplMech Pmech SplEle      f3

0.20  87.0dB: (114.5dB  1208W 108.5dB) @  35Hz
              (117.6dB  2417W 108.5dB) @  41Hz
0.60  86.5dB: (113.1dB   948W 108.1dB) @  32Hz
              (116.1dB  1897W 108.1dB) @  38Hz
1.00  86.2dB: (111.8dB   763W 107.7dB) @  30Hz
              (114.8dB  1525W 107.7dB) @  35Hz
-------------
hed-12.4
      89.0dB            300W
Rpre   Spl     SplMech Pmech SplEle      f3

0.20  87.3dB: (116.7dB   890W 112.0dB) @  34Hz
              (119.7dB  1781W 112.0dB) @  40Hz
0.60  87.1dB: (115.9dB   788W 111.7dB) @  33Hz
              (118.9dB  1575W 111.7dB) @  39Hz
1.00  86.9dB: (115.2dB   702W 111.5dB) @  31Hz
              (118.2dB  1403W 111.5dB) @  37Hz
              (121.2dB  2807W 111.5dB) @  44Hz
-------------
hed-15.2
      92.0dB            300W
Rpre   Spl     SplMech Pmech SplEle      f3

0.20  87.3dB: (114.8dB  1332W 108.3dB) @  23Hz
              (117.8dB  2665W 108.3dB) @  28Hz
0.60  86.8dB: (113.2dB  1033W 107.9dB) @  21Hz
              (116.2dB  2065W 107.9dB) @  25Hz
1.00  86.4dB: (111.8dB   824W 107.4dB) @  20Hz
              (114.8dB  1648W 107.4dB) @  23Hz
-------------
hed-15.4
      90.0dB            300W
Rpre   Spl     SplMech Pmech SplEle      f3

0.20  87.4dB: (113.9dB   467W 112.0dB) @  22Hz
              (117.0dB   934W 112.0dB) @  26Hz
              (120.0dB  1868W 112.0dB) @  31Hz
0.60  87.2dB: (113.2dB   416W 111.8dB) @  21Hz
              (116.2dB   832W 111.8dB) @  25Hz
              (119.3dB  1663W 111.8dB) @  30Hz
1.00  87.0dB: (112.6dB   373W 111.6dB) @  20Hz
              (115.6dB   745W 111.6dB) @  24Hz
              (118.6dB  1491W 111.6dB) @  29Hz
              (121.6dB  2982W 111.6dB) @  34Hz
