-------------
dvc310-88
                    92.0dB           262W
  R||    qts   f3   Spl     SplMech Pmech  SplEle  
   3.3  0.53  30Hz  83.6dB  114.0dB 1088W  107.8dB
   4.7  0.56  28Hz  83.6dB  113.2dB  907W  107.8dB
   6.8  0.60  27Hz  83.6dB  112.5dB  774W  107.8dB
  10.0  0.63  25Hz  83.6dB  111.0dB  553W  107.8dB
  15.0  0.67  23Hz  83.6dB  109.6dB  398W  107.8dB
  22.0  0.69  23Hz  83.6dB  109.6dB  398W  107.8dB
  33.0  0.71  22Hz  83.6dB  108.4dB  302W  107.8dB
  47.0  0.73  22Hz  83.6dB  108.4dB  302W  107.8dB
  68.0  0.74  22Hz  83.6dB  108.4dB  302W  107.8dB
 100.0  0.75  22Hz  83.6dB  108.4dB  302W  107.8dB
 150.0  0.75  20Hz  83.6dB  107.5dB  245W  107.8dB
9999.0  0.77  20Hz  83.6dB  107.5dB  245W  107.8dB
-------------
ib385-8
                    88.0dB           350W
         qts   f3   Spl     SplMech Pmech  SplEle  
        0.68  22Hz  87.9dB  112.3dB  279W  113.3dB
-------------
rs225s-4
                    92.0dB            80W
         qts   f3   Spl     SplMech Pmech  SplEle  
        0.51  61Hz  87.1dB  110.4dB  212W  106.1dB
-------------
rs315hf-4
                    86.0dB           400W
         qts   f3   Spl     SplMech Pmech  SplEle  
        0.51  36Hz  85.2dB  117.1dB 1551W  111.2dB
-------------
rs315hfa-8
                    86.0dB           400W
         qts   f3   Spl     SplMech Pmech  SplEle  
        0.57  36Hz  85.6dB  115.3dB  949W  111.6dB
-------------
sd215-88
                    89.0dB            60W
  R||    qts   f3   Spl     SplMech Pmech  SplEle  
   4.7  0.52  41Hz  81.2dB  103.3dB  163W   99.0dB
   6.8  0.55  38Hz  81.2dB  102.1dB  123W   99.0dB
  10.0  0.58  35Hz  81.2dB  100.6dB   87W   99.0dB
  15.0  0.61  32Hz  81.2dB   99.1dB   62W   99.0dB
  22.0  0.64  32Hz  81.2dB   99.1dB   62W   99.0dB
  33.0  0.67  29Hz  81.2dB   97.7dB   45W   99.0dB
  47.0  0.69  29Hz  81.2dB   97.7dB   45W   99.0dB
  68.0  0.71  27Hz  81.2dB   96.5dB   34W   99.0dB
 100.0  0.72  27Hz  81.2dB   96.5dB   34W   99.0dB
 150.0  0.73  27Hz  81.2dB   96.5dB   34W   99.0dB
9999.0  0.76  26Hz  81.2dB   95.6dB   28W   99.0dB
-------------
sd215a-88
                    85.9dB            60W
  R||    qts   f3   Spl     SplMech Pmech  SplEle  
   6.8  0.52  45Hz  82.7dB  105.4dB  187W  100.5dB
  10.0  0.55  42Hz  82.7dB  104.2dB  141W  100.5dB
  15.0  0.58  38Hz  82.7dB  102.7dB  100W  100.5dB
  22.0  0.61  35Hz  82.7dB  101.3dB   71W  100.5dB
  33.0  0.63  35Hz  82.7dB  101.3dB   71W  100.5dB
  47.0  0.65  33Hz  82.7dB   99.8dB   51W  100.5dB
  68.0  0.67  33Hz  82.7dB   99.8dB   51W  100.5dB
 100.0  0.68  33Hz  82.7dB   99.8dB   51W  100.5dB
 150.0  0.69  33Hz  82.7dB   99.8dB   51W  100.5dB
9999.0  0.71  30Hz  82.7dB   98.6dB   39W  100.5dB
-------------
sd270-88
                    88.0dB            60W
  R||    qts   f3   Spl     SplMech Pmech  SplEle  
   6.8  0.50  36Hz  84.5dB  105.9dB  139W  102.3dB
  10.0  0.53  34Hz  84.5dB  104.7dB  105W  102.3dB
  15.0  0.56  32Hz  84.5dB  103.9dB   87W  102.3dB
  22.0  0.59  31Hz  84.5dB  103.2dB   75W  102.3dB
  33.0  0.62  28Hz  84.5dB  101.8dB   53W  102.3dB
  47.0  0.64  28Hz  84.5dB  101.8dB   53W  102.3dB
  68.0  0.65  26Hz  84.5dB  100.3dB   38W  102.3dB
 100.0  0.66  26Hz  84.5dB  100.3dB   38W  102.3dB
 150.0  0.67  26Hz  84.5dB  100.3dB   38W  102.3dB
9999.0  0.69  26Hz  84.5dB  100.3dB   38W  102.3dB
-------------
sd270a-88
                    92.7dB            60W
  R||    qts   f3   Spl     SplMech Pmech  SplEle  
   2.2  0.50  43Hz  86.3dB  109.4dB  205W  104.0dB
   3.3  0.53  40Hz  86.3dB  108.1dB  154W  104.0dB
   4.7  0.55  40Hz  86.3dB  108.1dB  154W  104.0dB
   6.8  0.58  37Hz  86.3dB  106.7dB  110W  104.0dB
  10.0  0.61  34Hz  86.3dB  105.2dB   78W  104.0dB
  15.0  0.65  34Hz  86.3dB  105.2dB   78W  104.0dB
  22.0  0.68  31Hz  86.3dB  103.8dB   56W  104.0dB
  33.0  0.71  29Hz  86.3dB  102.6dB   43W  104.0dB
  47.0  0.73  29Hz  86.3dB  102.6dB   43W  104.0dB
  68.0  0.74  29Hz  86.3dB  102.6dB   43W  104.0dB
 100.0  0.76  28Hz  86.3dB  101.7dB   35W  104.0dB
 150.0  0.77  28Hz  86.3dB  101.7dB   35W  104.0dB
9999.0  0.79  28Hz  86.3dB  101.7dB   35W  104.0dB
-------------
sd315a-88
                    94.0dB            90W
  R||    qts   f3   Spl     SplMech Pmech  SplEle  
  15.0  0.52  39Hz  86.7dB  112.3dB  365W  106.2dB
  22.0  0.54  36Hz  86.7dB  111.1dB  274W  106.2dB
  33.0  0.57  35Hz  86.7dB  110.3dB  229W  106.2dB
  47.0  0.58  33Hz  86.7dB  109.6dB  195W  106.2dB
  68.0  0.60  33Hz  86.7dB  109.6dB  195W  106.2dB
 100.0  0.61  31Hz  86.7dB  108.1dB  139W  106.2dB
 150.0  0.62  31Hz  86.7dB  108.1dB  139W  106.2dB
9999.0  0.64  31Hz  86.7dB  108.1dB  139W  106.2dB
-------------
st315-88
                    94.0dB            90W
  R||    qts   f3   Spl     SplMech Pmech  SplEle  
   6.8  0.53  34Hz  86.2dB  109.0dB  194W  105.7dB
  10.0  0.56  32Hz  86.2dB  108.3dB  162W  105.7dB
  15.0  0.58  31Hz  86.2dB  107.6dB  138W  105.7dB
  22.0  0.61  28Hz  86.2dB  106.1dB   99W  105.7dB
  33.0  0.63  28Hz  86.2dB  106.1dB   99W  105.7dB
  47.0  0.64  28Hz  86.2dB  106.1dB   99W  105.7dB
  68.0  0.65  28Hz  86.2dB  106.1dB   99W  105.7dB
 100.0  0.66  26Hz  86.2dB  104.7dB   71W  105.7dB
 150.0  0.66  26Hz  86.2dB  104.7dB   71W  105.7dB
9999.0  0.67  26Hz  86.2dB  104.7dB   71W  105.7dB
-------------
st385-88
                    90.0dB           262W
  R||    qts   f3   Spl     SplMech Pmech  SplEle  
   4.7  0.50  29Hz  86.3dB  117.6dB 1353W  110.4dB
   6.8  0.53  27Hz  86.3dB  116.3dB 1017W  110.4dB
  10.0  0.57  26Hz  86.3dB  115.5dB  848W  110.4dB
  15.0  0.61  23Hz  86.3dB  113.4dB  517W  110.4dB
  22.0  0.64  23Hz  86.3dB  113.4dB  517W  110.4dB
  33.0  0.67  21Hz  86.3dB  112.0dB  372W  110.4dB
  47.0  0.69  21Hz  86.3dB  112.0dB  372W  110.4dB
  68.0  0.71  20Hz  86.3dB  110.8dB  282W  110.4dB
 100.0  0.72  20Hz  86.3dB  110.8dB  282W  110.4dB
 150.0  0.73  20Hz  86.3dB  110.8dB  282W  110.4dB
9999.0  0.76  19Hz  86.3dB  109.9dB  229W  110.4dB
-------------
um10-22
                    83.4dB           375W
  R||    qts   f3   Spl     SplMech Pmech  SplEle  
   1.0  0.58  32Hz  79.0dB  113.7dB 2971W  104.8dB
   1.5  0.61  30Hz  79.0dB  112.3dB 2122W  104.8dB
   2.2  0.64  30Hz  79.0dB  112.3dB 2122W  104.8dB
   3.3  0.68  28Hz  79.0dB  110.9dB 1527W  104.8dB
   4.7  0.72  26Hz  79.0dB  109.7dB 1159W  104.8dB
   6.8  0.75  26Hz  79.0dB  109.7dB 1159W  104.8dB
  10.0  0.78  24Hz  79.0dB  108.7dB  940W  104.8dB
  15.0  0.80  23Hz  79.0dB  107.8dB  754W  104.8dB
  22.0  0.82  23Hz  79.0dB  107.8dB  754W  104.8dB
  33.0  0.83  23Hz  79.0dB  107.8dB  754W  104.8dB
  47.0  0.84  23Hz  79.0dB  107.8dB  754W  104.8dB
  68.0  0.85  23Hz  79.0dB  107.8dB  754W  104.8dB
 100.0  0.85  22Hz  79.0dB  107.2dB  656W  104.8dB
 150.0  0.86  22Hz  79.0dB  107.2dB  656W  104.8dB
9999.0  0.87  22Hz  79.0dB  107.2dB  656W  104.8dB
-------------
um12-22
                    84.0dB           450W
  R||    qts   f3   Spl     SplMech Pmech  SplEle  
   0.0  0.62  28Hz  80.3dB  114.9dB 2916W  106.8dB
   1.0  0.74  24Hz  80.3dB  112.3dB 1592W  106.8dB
   1.5  0.78  23Hz  80.3dB  111.4dB 1291W  106.8dB
   2.2  0.82  22Hz  80.3dB  110.4dB 1035W  106.8dB
   3.3  0.87  21Hz  80.3dB  109.8dB  901W  106.8dB
   4.7  0.91  20Hz  80.3dB  109.0dB  743W  106.8dB
   6.8  0.95  20Hz  80.3dB  109.0dB  743W  106.8dB
  10.0  0.98  20Hz  80.3dB  108.5dB  672W  106.8dB
  15.0  1.01  19Hz  80.3dB  108.1dB  607W  106.8dB
  22.0  1.03  19Hz  80.3dB  108.1dB  607W  106.8dB
  33.0  1.05  19Hz  80.3dB  107.6dB  546W  106.8dB
  47.0  1.06  19Hz  80.3dB  107.6dB  546W  106.8dB
  68.0  1.07  19Hz  80.3dB  107.6dB  546W  106.8dB
 100.0  1.08  19Hz  80.3dB  107.6dB  546W  106.8dB
 150.0  1.08  19Hz  80.3dB  107.6dB  546W  106.8dB
9999.0  1.09  19Hz  80.3dB  107.6dB  546W  106.8dB
-------------
um15-22
                    86.5dB           600W
  R||    qts   f3   Spl     SplMech Pmech  SplEle  
   1.0  0.59  24Hz  82.8dB  116.5dB 2330W  110.6dB
   1.5  0.62  22Hz  82.8dB  115.1dB 1665W  110.6dB
   2.2  0.65  22Hz  82.8dB  115.1dB 1665W  110.6dB
   3.3  0.68  20Hz  82.8dB  113.6dB 1198W  110.6dB
   4.7  0.71  19Hz  82.8dB  112.4dB  909W  110.6dB
   6.8  0.74  19Hz  82.8dB  112.4dB  909W  110.6dB
  10.0  0.77  18Hz  82.8dB  111.5dB  737W  110.6dB
  15.0  0.79  18Hz  82.8dB  111.5dB  737W  110.6dB
  22.0  0.81  17Hz  82.8dB  110.6dB  591W  110.6dB
  33.0  0.82  17Hz  82.8dB  110.6dB  591W  110.6dB
  47.0  0.83  17Hz  82.8dB  110.6dB  591W  110.6dB
  68.0  0.84  17Hz  82.8dB  110.6dB  591W  110.6dB
 100.0  0.84  17Hz  82.8dB  110.6dB  591W  110.6dB
 150.0  0.84  17Hz  82.8dB  110.6dB  591W  110.6dB
9999.0  0.85  17Hz  82.8dB  110.0dB  515W  110.6dB
