-------------
da175-8
      86.0dB                             50W
Rpre   Spl      qtc    Vb     SplMech Pmech SplEle      f3

0.20  84.2dB:   0.5   61.8l: (103.4dB   113W  99.8dB) @  60Hz
                0.6   22.1l: (102.4dB    90W  99.8dB) @  57Hz
                0.7   12.5l: (102.4dB    91W  99.8dB) @  57Hz
                0.8    8.4l: (103.8dB   126W  99.8dB) @  62Hz
                0.9    6.1l: (104.3dB   141W  99.8dB) @  63Hz
                1.0    4.7l: (104.9dB   160W  99.8dB) @  65Hz
                1.1    3.7l: (105.6dB   190W  99.8dB) @  68Hz
                1.1    3.7l: (102.8dB    99W  99.8dB) @  58Hz (  647uF)

0.60  83.9dB:   0.5  101.1l: (102.5dB    99W  99.5dB) @  57Hz
                0.6   27.6l: (101.5dB    78W  99.5dB) @  54Hz
                0.7   14.8l: (101.5dB    79W  99.5dB) @  54Hz
                0.8    9.7l: (103.0dB   110W  99.5dB) @  59Hz
                0.9    6.9l: (103.4dB   123W  99.5dB) @  60Hz
                1.0    5.3l: (104.0dB   140W  99.5dB) @  62Hz
                1.1    4.2l: (104.7dB   166W  99.5dB) @  65Hz
                1.1    4.2l: (101.9dB    86W  99.5dB) @  55Hz (  680uF)

1.00  83.6dB:   0.5  218.5l: (101.7dB    87W  99.3dB) @  55Hz
                0.6   35.0l: (100.7dB    69W  99.3dB) @  51Hz
                0.7   17.6l: (100.7dB    70W  99.3dB) @  52Hz
                0.8   11.1l: (102.1dB    97W  99.3dB) @  56Hz
                0.9    7.9l: (102.6dB   108W  99.3dB) @  58Hz
                1.0    5.9l: (103.2dB   123W  99.3dB) @  59Hz
                1.1    4.7l: (103.9dB   146W  99.3dB) @  62Hz
                1.1    4.7l: (101.1dB    76W  99.3dB) @  53Hz (  712uF)

-------------
dc200-8
      88.0dB                             60W
Rpre   Spl      qtc    Vb     SplMech Pmech SplEle      f3

0.20  86.6dB:   0.5   93.7l: (105.4dB    92W 103.6dB) @  53Hz
                0.6   42.8l: (104.4dB    73W 103.6dB) @  50Hz
                0.7   26.1l: (104.5dB    74W 103.6dB) @  50Hz
                0.8   18.0l: (105.9dB   102W 103.6dB) @  54Hz
                0.9   13.3l: (106.4dB   114W 103.6dB) @  56Hz
                1.0   10.3l: (106.9dB   130W 103.6dB) @  58Hz
                1.1    8.2l: (107.7dB   155W 103.6dB) @  60Hz
                1.1    8.2l: (104.8dB    80W 103.6dB) @  51Hz (  646uF)

0.60  86.3dB:   0.5  125.5l: (104.6dB    80W 103.3dB) @  50Hz
                0.6   51.4l: (103.6dB    64W 103.3dB) @  48Hz
                0.7   30.2l: (103.6dB    64W 103.3dB) @  48Hz
                0.8   20.5l: (105.0dB    89W 103.3dB) @  52Hz
                0.9   15.0l: (105.5dB    99W 103.3dB) @  53Hz
                1.0   11.6l: (106.1dB   113W 103.3dB) @  55Hz
                1.1    9.2l: (106.8dB   134W 103.3dB) @  57Hz
                1.1    9.2l: (104.0dB    70W 103.3dB) @  49Hz (  678uF)

1.00  86.1dB:   0.5  176.8l: (103.8dB    70W 103.1dB) @  48Hz
                0.6   61.9l: (102.8dB    56W 103.1dB) @  45Hz
                0.7   35.0l: (102.8dB    56W 103.1dB) @  46Hz
                0.8   23.3l: (104.2dB    78W 103.1dB) @  49Hz
                0.9   16.9l: (104.7dB    87W 103.1dB) @  51Hz
                1.0   13.0l: (105.3dB    99W 103.1dB) @  52Hz
                1.1   10.3l: (106.0dB   118W 103.1dB) @  55Hz
                1.1   10.3l: (103.2dB    61W 103.1dB) @  46Hz (  710uF)

-------------
dc300-8
      92.0dB                             80W
Rpre   Spl      qtc    Vb     SplMech Pmech SplEle      f3

0.20  90.4dB:   0.5  183.4l: (113.5dB   249W 108.5dB) @  54Hz
                0.6   91.0l: (112.5dB   197W 108.5dB) @  51Hz
                0.7   57.0l: (112.5dB   199W 108.5dB) @  51Hz
                0.8   39.8l: (113.9dB   276W 108.5dB) @  55Hz
                0.9   29.7l: (114.4dB   308W 108.5dB) @  57Hz
                1.0   23.1l: (115.0dB   351W 108.5dB) @  59Hz
                1.1   18.6l: (115.7dB   417W 108.5dB) @  61Hz
                1.1   18.6l: (112.9dB   216W 108.5dB) @  52Hz (  644uF)

0.60  90.1dB:   0.5  234.5l: (112.6dB   216W 108.3dB) @  51Hz
                0.6  107.7l: (111.6dB   171W 108.3dB) @  48Hz
                0.7   65.7l: (111.7dB   173W 108.3dB) @  49Hz
                0.8   45.3l: (113.1dB   240W 108.3dB) @  53Hz
                0.9   33.5l: (113.5dB   268W 108.3dB) @  54Hz
                1.0   26.0l: (114.1dB   305W 108.3dB) @  56Hz
                1.1   20.8l: (114.9dB   362W 108.3dB) @  58Hz
                1.1   20.8l: (112.0dB   188W 108.3dB) @  50Hz (  677uF)

1.00  89.9dB:   0.5  307.7l: (111.8dB   189W 108.1dB) @  49Hz
                0.6  127.8l: (110.8dB   150W 108.1dB) @  46Hz
                0.7   75.6l: (110.8dB   152W 108.1dB) @  46Hz
                0.8   51.4l: (112.3dB   210W 108.1dB) @  50Hz
                0.9   37.7l: (112.7dB   235W 108.1dB) @  52Hz
                1.0   29.0l: (113.3dB   267W 108.1dB) @  53Hz
                1.1   23.2l: (114.0dB   317W 108.1dB) @  56Hz
                1.1   23.2l: (111.2dB   165W 108.1dB) @  47Hz (  709uF)

-------------
dc380-4
      92.0dB                            250W
Rpre   Spl      qtc    Vb     SplMech Pmech SplEle      f3

0.20  87.9dB:   0.6  427.6l: (112.7dB   778W 107.8dB) @  29Hz
                0.7  221.2l: (112.8dB   787W 107.8dB) @  29Hz
                0.8  142.1l: (114.2dB  1089W 107.8dB) @  32Hz
                0.9  101.1l: (114.7dB  1217W 107.8dB) @  33Hz
                1.0   76.4l: (115.2dB  1384W 107.8dB) @  34Hz
                1.1   60.2l: (116.0dB  1646W 107.8dB) @  35Hz
                1.1   60.2l: (113.1dB   853W 107.8dB) @  30Hz ( 2394uF)

0.60  87.4dB:   0.6  806.1l: (111.0dB   584W 107.3dB) @  26Hz
                0.7  330.5l: (111.0dB   591W 107.3dB) @  26Hz
                0.8  196.6l: (112.4dB   818W 107.3dB) @  29Hz
                0.9  134.8l: (112.9dB   914W 107.3dB) @  29Hz
                1.0   99.7l: (113.5dB  1039W 107.3dB) @  30Hz
                1.1   77.4l: (114.2dB  1236W 107.3dB) @  32Hz
                1.1   77.4l: (111.4dB   641W 107.3dB) @  27Hz ( 2647uF)

1.00  87.0dB:   0.7  517.6l: (109.5dB   459W 106.8dB) @  24Hz
                0.8  273.4l: (110.9dB   635W 106.8dB) @  26Hz
                0.9  178.2l: (111.4dB   710W 106.8dB) @  27Hz
                1.0  128.2l: (111.9dB   808W 106.8dB) @  28Hz
                1.1   97.9l: (112.7dB   960W 106.8dB) @  29Hz
                1.1   97.9l: (109.8dB   498W 106.8dB) @  25Hz ( 2892uF)

-------------
dc380-8
      90.0dB                            350W
Rpre   Spl      qtc    Vb     SplMech Pmech SplEle      f3

0.20  91.6dB:   0.5  239.3l: (115.3dB   302W 115.9dB) @  47Hz
                0.6  140.5l: (114.2dB   239W 115.9dB) @  45Hz
                0.7   94.4l: (114.3dB   242W 115.9dB) @  45Hz
                0.8   68.5l: (115.7dB   335W 115.9dB) @  49Hz
                0.9   52.2l: (116.2dB   374W 115.9dB) @  50Hz
                1.0   41.3l: (116.7dB   425W 115.9dB) @  52Hz
                1.1   33.5l: (117.5dB   506W 115.9dB) @  54Hz
                1.1   33.5l: (114.6dB   262W 115.9dB) @  46Hz (  780uF)

0.60  91.3dB:   0.5  286.4l: (114.3dB   258W 115.6dB) @  45Hz
                0.6  163.2l: (113.3dB   204W 115.6dB) @  42Hz
                0.7  108.2l: (113.4dB   207W 115.6dB) @  42Hz
                0.8   77.9l: (114.8dB   286W 115.6dB) @  46Hz
                0.9   59.1l: (115.2dB   320W 115.6dB) @  47Hz
                1.0   46.6l: (115.8dB   364W 115.6dB) @  49Hz
                1.1   37.7l: (116.6dB   433W 115.6dB) @  51Hz
                1.1   37.7l: (113.7dB   224W 115.6dB) @  43Hz (  823uF)

1.00  91.1dB:   0.5  343.4l: (113.4dB   223W 115.4dB) @  43Hz
                0.6  188.9l: (112.4dB   177W 115.4dB) @  40Hz
                0.7  123.3l: (112.5dB   179W 115.4dB) @  40Hz
                0.8   88.1l: (113.9dB   247W 115.4dB) @  44Hz
                0.9   66.5l: (114.4dB   276W 115.4dB) @  45Hz
                1.0   52.2l: (114.9dB   314W 115.4dB) @  46Hz
                1.1   42.2l: (115.7dB   374W 115.4dB) @  49Hz
                1.1   42.2l: (112.8dB   194W 115.4dB) @  41Hz (  866uF)

-------------
dcs205-4
      87.0dB                            150W
Rpre   Spl      qtc    Vb     SplMech Pmech SplEle      f3

0.20  85.9dB:   0.5   31.7l: (114.8dB  1794W 104.1dB) @  63Hz
                0.6   17.1l: (113.8dB  1422W 104.1dB) @  59Hz
                0.7   11.1l: (113.9dB  1438W 104.1dB) @  60Hz
                0.8    7.9l: (115.3dB  1990W 104.1dB) @  65Hz
                0.9    5.9l: (115.8dB  2224W 104.1dB) @  66Hz
                1.0    4.7l: (116.3dB  2530W 104.1dB) @  69Hz
                1.1    3.8l: (117.1dB  3009W 104.1dB) @  72Hz
                1.1    3.8l: (114.2dB  1559W 104.1dB) @  61Hz ( 1031uF)

0.60  85.4dB:   0.5   47.8l: (113.2dB  1356W 103.6dB) @  57Hz
                0.6   23.2l: (112.2dB  1074W 103.6dB) @  54Hz
                0.7   14.4l: (112.2dB  1087W 103.6dB) @  54Hz
                0.8   10.0l: (113.6dB  1504W 103.6dB) @  59Hz
                0.9    7.5l: (114.1dB  1681W 103.6dB) @  60Hz
                1.0    5.8l: (114.7dB  1911W 103.6dB) @  62Hz
                1.1    4.7l: (115.4dB  2273W 103.6dB) @  65Hz
                1.1    4.7l: (112.6dB  1178W 103.6dB) @  55Hz ( 1135uF)

1.00  85.0dB:   0.5   77.4l: (111.7dB  1054W 103.2dB) @  52Hz
                0.6   31.6l: (110.7dB   835W 103.2dB) @  50Hz
                0.7   18.6l: (110.7dB   845W 103.2dB) @  50Hz
                0.8   12.6l: (112.1dB  1169W 103.2dB) @  54Hz
                0.9    9.2l: (112.6dB  1306W 103.2dB) @  55Hz
                1.0    7.1l: (113.2dB  1486W 103.2dB) @  57Hz
                1.1    5.7l: (113.9dB  1767W 103.2dB) @  60Hz
                1.1    5.7l: (111.1dB   916W 103.2dB) @  51Hz ( 1237uF)

-------------
dcs255-4
      89.0dB                            200W
Rpre   Spl      qtc    Vb     SplMech Pmech SplEle      f3

0.20  87.4dB:   0.5   54.8l: (118.1dB  3128W 106.1dB) @  61Hz
                0.6   28.2l: (117.1dB  2478W 106.1dB) @  58Hz
                0.7   17.9l: (117.1dB  2507W 106.1dB) @  58Hz
                0.8   12.6l: (118.5dB  3469W 106.1dB) @  63Hz
                0.9    9.4l: (119.0dB  3878W 106.1dB) @  65Hz
                1.0    7.4l: (119.6dB  4410W 106.1dB) @  67Hz
                1.1    5.9l: (120.3dB  5245W 106.1dB) @  70Hz
                1.1    5.9l: (117.5dB  2718W 106.1dB) @  59Hz ( 1245uF)

0.60  86.9dB:   0.5   94.1l: (116.2dB  2280W 105.6dB) @  55Hz
                0.6   40.8l: (115.2dB  1806W 105.6dB) @  52Hz
                0.7   24.5l: (115.2dB  1828W 105.6dB) @  52Hz
                0.8   16.7l: (116.6dB  2529W 105.6dB) @  56Hz
                0.9   12.3l: (117.1dB  2826W 105.6dB) @  58Hz
                1.0    9.5l: (117.7dB  3214W 105.6dB) @  60Hz
                1.1    7.6l: (118.4dB  3823W 105.6dB) @  63Hz
                1.1    7.6l: (115.6dB  1981W 105.6dB) @  53Hz ( 1388uF)

1.00  86.4dB:   0.5  195.6l: (114.5dB  1725W 105.2dB) @  50Hz
                0.6   60.4l: (113.5dB  1366W 105.2dB) @  47Hz
                0.7   33.3l: (113.6dB  1382W 105.2dB) @  47Hz
                0.8   21.9l: (115.0dB  1913W 105.2dB) @  51Hz
                0.9   15.8l: (115.4dB  2138W 105.2dB) @  53Hz
                1.0   12.0l: (116.0dB  2431W 105.2dB) @  54Hz
                1.1    9.5l: (116.8dB  2892W 105.2dB) @  57Hz
                1.1    9.5l: (113.9dB  1499W 105.2dB) @  48Hz ( 1528uF)

-------------
dcs305-4
      89.4dB                            250W
Rpre   Spl      qtc    Vb     SplMech Pmech SplEle      f3

0.20  86.6dB:   0.5  349.3l: (114.1dB  1493W 106.3dB) @  38Hz
                0.6  126.6l: (113.0dB  1183W 106.3dB) @  36Hz
                0.7   72.2l: (113.1dB  1197W 106.3dB) @  36Hz
                0.8   48.3l: (114.5dB  1656W 106.3dB) @  39Hz
                0.9   35.1l: (115.0dB  1851W 106.3dB) @  40Hz
                1.0   26.9l: (115.6dB  2105W 106.3dB) @  42Hz
                1.1   21.4l: (116.3dB  2504W 106.3dB) @  44Hz
                1.1   21.4l: (113.5dB  1298W 106.3dB) @  37Hz ( 1992uF)

0.60  86.1dB:   0.6  213.1l: (111.2dB   864W 105.8dB) @  32Hz
                0.7  105.4l: (111.2dB   874W 105.8dB) @  33Hz
                0.8   66.6l: (112.6dB  1209W 105.8dB) @  35Hz
                0.9   47.0l: (113.1dB  1351W 105.8dB) @  36Hz
                1.0   35.3l: (113.7dB  1537W 105.8dB) @  37Hz
                1.1   27.7l: (114.4dB  1828W 105.8dB) @  39Hz
                1.1   27.7l: (111.6dB   947W 105.8dB) @  33Hz ( 2219uF)

1.00  85.6dB:   0.6  420.5l: (109.5dB   654W 105.3dB) @  30Hz
                0.7  157.8l: (109.6dB   662W 105.3dB) @  30Hz
                0.8   91.7l: (111.0dB   915W 105.3dB) @  32Hz
                0.9   62.2l: (111.5dB  1023W 105.3dB) @  33Hz
                1.0   45.7l: (112.0dB  1164W 105.3dB) @  34Hz
                1.1   35.4l: (112.8dB  1384W 105.3dB) @  36Hz
                1.1   35.4l: (109.9dB   717W 105.3dB) @  30Hz ( 2442uF)

-------------
dcs450-4
      94.0dB                            300W
Rpre   Spl      qtc    Vb     SplMech Pmech SplEle      f3

0.20  90.8dB:   0.6  552.3l: (118.1dB  1333W 111.6dB) @  32Hz
                0.7  291.1l: (118.1dB  1348W 111.6dB) @  33Hz
                0.8  188.3l: (119.6dB  1866W 111.6dB) @  35Hz
                0.9  134.5l: (120.0dB  2085W 111.6dB) @  36Hz
                1.0  102.0l: (120.6dB  2372W 111.6dB) @  37Hz
                1.1   80.4l: (121.4dB  2821W 111.6dB) @  39Hz
                1.1   80.4l: (118.5dB  1462W 111.6dB) @  33Hz ( 2082uF)

0.60  90.4dB:   0.7  435.4l: (116.4dB   999W 111.1dB) @  29Hz
                0.8  261.6l: (117.8dB  1382W 111.1dB) @  32Hz
                0.9  180.1l: (118.3dB  1544W 111.1dB) @  33Hz
                1.0  133.6l: (118.8dB  1756W 111.1dB) @  34Hz
                1.1  103.9l: (119.6dB  2089W 111.1dB) @  35Hz
                1.1  103.9l: (116.7dB  1083W 111.1dB) @  30Hz ( 2307uF)

1.00  89.9dB:   0.7  684.8l: (114.8dB   765W 110.7dB) @  27Hz
                0.8  366.3l: (116.2dB  1058W 110.7dB) @  29Hz
                0.9  239.8l: (116.7dB  1182W 110.7dB) @  30Hz
                1.0  173.1l: (117.2dB  1345W 110.7dB) @  31Hz
                1.1  132.3l: (118.0dB  1599W 110.7dB) @  32Hz
                1.1  132.3l: (115.1dB   829W 110.7dB) @  27Hz ( 2529uF)

-------------
dvc310-88
      92.0dB                            350W
Rpre   Spl      qtc    Vb     SplMech Pmech SplEle      f3

0.20  86.8dB:   0.5  162.2l: (119.9dB  3028W 110.5dB) @  42Hz
                0.6   78.7l: (118.9dB  2399W 110.5dB) @  39Hz
                0.7   48.9l: (118.9dB  2427W 110.5dB) @  39Hz
                0.8   34.1l: (120.3dB  3358W 110.5dB) @  43Hz
                0.9   25.3l: (120.8dB  3753W 110.5dB) @  44Hz
                1.0   19.7l: (121.4dB  4268W 110.5dB) @  45Hz
                1.1   15.8l: (122.1dB  5077W 110.5dB) @  47Hz
                1.1   15.8l: (119.3dB  2631W 110.5dB) @  40Hz ( 1017uF)

0.60  86.5dB:   0.5  232.4l: (118.7dB  2482W 110.2dB) @  39Hz
                0.6   99.8l: (117.7dB  1967W 110.2dB) @  37Hz
                0.7   59.6l: (117.7dB  1990W 110.2dB) @  37Hz
                0.8   40.7l: (119.2dB  2753W 110.2dB) @  40Hz
                0.9   29.9l: (119.6dB  3077W 110.2dB) @  41Hz
                1.0   23.1l: (120.2dB  3500W 110.2dB) @  43Hz
                1.1   18.4l: (120.9dB  4162W 110.2dB) @  44Hz
                1.1   18.4l: (118.1dB  2157W 110.2dB) @  38Hz ( 1088uF)

1.00  86.2dB:   0.5  360.0l: (117.6dB  2063W 109.9dB) @  37Hz
                0.6  127.8l: (116.6dB  1634W 109.9dB) @  35Hz
                0.7   72.5l: (116.7dB  1653W 109.9dB) @  35Hz
                0.8   48.4l: (118.1dB  2287W 109.9dB) @  38Hz
                0.9   35.1l: (118.6dB  2557W 109.9dB) @  39Hz
                1.0   26.9l: (119.1dB  2908W 109.9dB) @  40Hz
                1.1   21.4l: (119.9dB  3458W 109.9dB) @  42Hz
                1.1   21.4l: (117.0dB  1793W 109.9dB) @  35Hz ( 1158uF)

-------------
ib385-8
      88.0dB                            350W
Rpre   Spl      qtc    Vb     SplMech Pmech SplEle      f3

0.20  87.9dB:   0.8  775.3l: (113.1dB   518W 111.4dB) @  23Hz
                0.9  401.7l: (113.6dB   579W 111.4dB) @  24Hz
                1.0  261.1l: (114.2dB   658W 111.4dB) @  25Hz
                1.1  188.3l: (114.9dB   783W 111.4dB) @  26Hz
                1.1  188.3l: (112.1dB   406W 111.4dB) @  22Hz ( 1957uF)

0.60  87.6dB:   0.9  565.1l: (112.4dB   475W 111.1dB) @  22Hz
                1.0  340.0l: (113.0dB   540W 111.1dB) @  23Hz
                1.1  236.0l: (113.8dB   642W 111.1dB) @  24Hz
                1.1  236.0l: (110.9dB   333W 111.1dB) @  20Hz ( 2093uF)

1.00  87.3dB:   0.9  845.9l: (111.4dB   395W 110.8dB) @  21Hz
                1.0  451.2l: (111.9dB   449W 110.8dB) @  22Hz
                1.1  297.7l: (112.7dB   535W 110.8dB) @  23Hz
                1.1  297.7l: (109.8dB   277W 110.8dB) @  19Hz ( 2228uF)

-------------
ps180-8
      94.7dB                             30W
Rpre   Spl      qtc    Vb     SplMech Pmech SplEle      f3

0.20  96.3dB:   0.5   16.9l: (120.2dB   312W 110.0dB) @ 150Hz
                0.6   10.8l: (119.2dB   247W 110.0dB) @ 142Hz
                0.7    7.6l: (119.2dB   250W 110.0dB) @ 142Hz
                0.8    5.6l: (120.6dB   346W 110.0dB) @ 154Hz
                0.9    4.4l: (121.1dB   386W 110.0dB) @ 158Hz
                1.0    3.5l: (121.7dB   439W 110.0dB) @ 164Hz
                1.1    2.9l: (122.4dB   523W 110.0dB) @ 171Hz
                1.1    2.9l: (119.6dB   271W 110.0dB) @ 145Hz (  241uF)

0.60  96.0dB:   0.5   19.5l: (119.2dB   265W 109.7dB) @ 142Hz
                0.6   12.4l: (118.2dB   210W 109.7dB) @ 134Hz
                0.7    8.6l: (118.2dB   212W 109.7dB) @ 134Hz
                0.8    6.4l: (119.6dB   293W 109.7dB) @ 146Hz
                0.9    4.9l: (120.1dB   328W 109.7dB) @ 150Hz
                1.0    3.9l: (120.7dB   373W 109.7dB) @ 155Hz
                1.1    3.2l: (121.4dB   444W 109.7dB) @ 162Hz
                1.1    3.2l: (118.6dB   230W 109.7dB) @ 137Hz (  255uF)

1.00  95.8dB:   0.5   22.5l: (118.3dB   227W 109.5dB) @ 135Hz
                0.6   14.0l: (117.3dB   180W 109.5dB) @ 127Hz
                0.7    9.7l: (117.3dB   182W 109.5dB) @ 128Hz
                0.8    7.2l: (118.7dB   252W 109.5dB) @ 138Hz
                0.9    5.5l: (119.2dB   281W 109.5dB) @ 142Hz
                1.0    4.4l: (119.8dB   320W 109.5dB) @ 147Hz
                1.1    3.6l: (120.5dB   380W 109.5dB) @ 153Hz
                1.1    3.6l: (117.7dB   197W 109.5dB) @ 130Hz (  269uF)

-------------
ps220-8
      95.6dB                             40W
Rpre   Spl      qtc    Vb     SplMech Pmech SplEle      f3

0.20  95.4dB:   0.5   45.8l: (119.2dB   324W 110.1dB) @ 109Hz
                0.6   27.0l: (118.2dB   257W 110.1dB) @ 103Hz
                0.7   18.2l: (118.2dB   260W 110.1dB) @ 103Hz
                0.8   13.2l: (119.6dB   359W 110.1dB) @ 112Hz
                0.9   10.1l: (120.1dB   402W 110.1dB) @ 115Hz
                1.0    8.0l: (120.7dB   457W 110.1dB) @ 119Hz
                1.1    6.5l: (121.4dB   543W 110.1dB) @ 124Hz
                1.1    6.5l: (118.6dB   282W 110.1dB) @ 105Hz (  352uF)

0.60  95.1dB:   0.5   55.3l: (118.2dB   274W 109.8dB) @ 103Hz
                0.6   31.6l: (117.2dB   217W 109.8dB) @  97Hz
                0.7   21.0l: (117.2dB   220W 109.8dB) @  97Hz
                0.8   15.1l: (118.6dB   304W 109.8dB) @ 106Hz
                0.9   11.5l: (119.1dB   340W 109.8dB) @ 108Hz
                1.0    9.1l: (119.7dB   387W 109.8dB) @ 112Hz
                1.1    7.3l: (120.4dB   460W 109.8dB) @ 117Hz
                1.1    7.3l: (117.6dB   238W 109.8dB) @  99Hz (  373uF)

1.00  94.8dB:   0.5   66.9l: (117.3dB   235W 109.6dB) @  97Hz
                0.6   36.9l: (116.3dB   186W 109.6dB) @  92Hz
                0.7   24.1l: (116.3dB   188W 109.6dB) @  92Hz
                0.8   17.2l: (117.7dB   260W 109.6dB) @ 100Hz
                0.9   13.0l: (118.2dB   291W 109.6dB) @ 103Hz
                1.0   10.2l: (118.8dB   331W 109.6dB) @ 106Hz
                1.1    8.3l: (119.5dB   394W 109.6dB) @ 111Hz
                1.1    8.3l: (116.7dB   204W 109.6dB) @  94Hz (  394uF)

-------------
qt210-4
      89.0dB                            150W
Rpre   Spl      qtc    Vb     SplMech Pmech SplEle      f3

0.20  85.5dB:   0.5   51.9l: (114.7dB  1721W 104.1dB) @  62Hz
                0.6   20.9l: (113.7dB  1364W 104.1dB) @  59Hz
                0.7   12.3l: (113.8dB  1380W 104.1dB) @  59Hz
                0.8    8.3l: (115.2dB  1909W 104.1dB) @  64Hz
                0.9    6.1l: (115.7dB  2134W 104.1dB) @  66Hz
                1.0    4.7l: (116.2dB  2427W 104.1dB) @  68Hz
                1.1    3.7l: (117.0dB  2886W 104.1dB) @  71Hz
                1.1    3.7l: (114.1dB  1496W 104.1dB) @  60Hz (  943uF)

0.60  85.1dB:   0.5  113.4l: (113.2dB  1328W 103.7dB) @  57Hz
                0.6   30.6l: (112.2dB  1052W 103.7dB) @  54Hz
                0.7   16.4l: (112.2dB  1064W 103.7dB) @  54Hz
                0.8   10.7l: (113.7dB  1473W 103.7dB) @  59Hz
                0.9    7.7l: (114.1dB  1646W 103.7dB) @  60Hz
                1.0    5.8l: (114.7dB  1872W 103.7dB) @  62Hz
                1.1    4.6l: (115.5dB  2227W 103.7dB) @  65Hz
                1.1    4.6l: (112.6dB  1154W 103.7dB) @  55Hz ( 1030uF)

1.00  84.7dB:   0.6   47.4l: (110.8dB   831W 103.4dB) @  50Hz
                0.7   22.1l: (110.9dB   841W 103.4dB) @  50Hz
                0.8   13.7l: (112.3dB  1164W 103.4dB) @  54Hz
                0.9    9.6l: (112.7dB  1301W 103.4dB) @  56Hz
                1.0    7.2l: (113.3dB  1479W 103.4dB) @  57Hz
                1.1    5.6l: (114.1dB  1759W 103.4dB) @  60Hz
                1.1    5.6l: (111.2dB   912W 103.4dB) @  51Hz ( 1116uF)

-------------
qt385-4
      92.0dB                            300W
Rpre   Spl      qtc    Vb     SplMech Pmech SplEle      f3

0.20  87.8dB:   0.5  549.6l: (117.5dB  2180W 108.9dB) @  35Hz
                0.6  202.6l: (116.5dB  1727W 108.9dB) @  33Hz
                0.7  116.0l: (116.5dB  1747W 108.9dB) @  33Hz
                0.8   77.7l: (117.9dB  2417W 108.9dB) @  36Hz
                0.9   56.5l: (118.4dB  2702W 108.9dB) @  37Hz
                1.0   43.4l: (119.0dB  3073W 108.9dB) @  38Hz
                1.1   34.5l: (119.7dB  3655W 108.9dB) @  40Hz
                1.1   34.5l: (116.9dB  1894W 108.9dB) @  34Hz ( 1908uF)

0.60  87.4dB:   0.6  327.4l: (114.7dB  1276W 108.4dB) @  30Hz
                0.7  165.1l: (114.7dB  1291W 108.4dB) @  30Hz
                0.8  105.0l: (116.2dB  1786W 108.4dB) @  33Hz
                0.9   74.3l: (116.6dB  1997W 108.4dB) @  34Hz
                1.0   56.0l: (117.2dB  2271W 108.4dB) @  35Hz
                1.1   44.1l: (118.0dB  2701W 108.4dB) @  36Hz
                1.1   44.1l: (115.1dB  1400W 108.4dB) @  31Hz ( 2112uF)

1.00  86.9dB:   0.6  603.1l: (113.1dB   972W 108.0dB) @  27Hz
                0.7  240.5l: (113.1dB   983W 108.0dB) @  28Hz
                0.8  142.0l: (114.6dB  1361W 108.0dB) @  30Hz
                0.9   97.0l: (115.0dB  1521W 108.0dB) @  31Hz
                1.0   71.6l: (115.6dB  1730W 108.0dB) @  32Hz
                1.1   55.6l: (116.4dB  2057W 108.0dB) @  33Hz
                1.1   55.6l: (113.5dB  1066W 108.0dB) @  28Hz ( 2316uF)

-------------
rs125-8
      86.5dB                             30W
Rpre   Spl      qtc    Vb     SplMech Pmech SplEle      f3

0.20  85.3dB:   0.5   14.8l: (108.0dB   236W  99.0dB) @ 116Hz
                0.6    4.4l: (106.9dB   187W  99.0dB) @ 109Hz
                0.7    2.4l: (107.0dB   189W  99.0dB) @ 110Hz
                0.8    1.6l: (108.4dB   262W  99.0dB) @ 119Hz
                0.9    1.1l: (108.9dB   292W  99.0dB) @ 122Hz
                1.0    0.9l: (109.5dB   333W  99.0dB) @ 126Hz
                1.1    0.7l: (110.2dB   396W  99.0dB) @ 132Hz
                1.1    0.7l: (107.4dB   205W  99.0dB) @ 112Hz (  319uF)

0.60  85.1dB:   0.5   30.3l: (107.1dB   206W  98.7dB) @ 110Hz
                0.6    5.6l: (106.1dB   163W  98.7dB) @ 104Hz
                0.7    2.8l: (106.2dB   165W  98.7dB) @ 104Hz
                0.8    1.8l: (107.6dB   229W  98.7dB) @ 113Hz
                0.9    1.3l: (108.0dB   256W  98.7dB) @ 116Hz
                1.0    1.0l: (108.6dB   291W  98.7dB) @ 120Hz
                1.1    0.8l: (109.4dB   346W  98.7dB) @ 125Hz
                1.1    0.8l: (106.5dB   179W  98.7dB) @ 106Hz (  335uF)

1.00  84.8dB:   0.5  253.4l: (106.3dB   182W  98.5dB) @ 105Hz
                0.6    7.2l: (105.3dB   144W  98.5dB) @  99Hz
                0.7    3.4l: (105.4dB   146W  98.5dB) @ 100Hz
                0.8    2.1l: (106.8dB   202W  98.5dB) @ 108Hz
                0.9    1.5l: (107.3dB   225W  98.5dB) @ 111Hz
                1.0    1.1l: (107.8dB   256W  98.5dB) @ 115Hz
                1.1    0.9l: (108.6dB   305W  98.5dB) @ 120Hz
                1.1    0.9l: (105.7dB   158W  98.5dB) @ 102Hz (  351uF)

-------------
rs150s-8
      88.0dB                             40W
Rpre   Spl      qtc    Vb     SplMech Pmech SplEle      f3

0.20  87.2dB:   0.5   21.9l: (106.1dB   102W 102.0dB) @  91Hz
                0.6   10.3l: (105.1dB    81W 102.0dB) @  86Hz
                0.7    6.3l: (105.1dB    82W 102.0dB) @  86Hz
                0.8    4.4l: (106.5dB   113W 102.0dB) @  94Hz
                0.9    3.2l: (107.0dB   126W 102.0dB) @  96Hz
                1.0    2.5l: (107.6dB   144W 102.0dB) @  99Hz
                1.1    2.0l: (108.3dB   171W 102.0dB) @ 104Hz
                1.1    2.0l: (105.5dB    88W 102.0dB) @  88Hz (  412uF)

0.60  86.9dB:   0.5   28.8l: (105.2dB    89W 101.8dB) @  87Hz
                0.6   12.3l: (104.2dB    70W 101.8dB) @  82Hz
                0.7    7.3l: (104.3dB    71W 101.8dB) @  82Hz
                0.8    5.0l: (105.7dB    99W 101.8dB) @  89Hz
                0.9    3.7l: (106.2dB   110W 101.8dB) @  92Hz
                1.0    2.8l: (106.7dB   125W 101.8dB) @  95Hz
                1.1    2.3l: (107.5dB   149W 101.8dB) @  99Hz
                1.1    2.3l: (104.6dB    77W 101.8dB) @  84Hz (  432uF)

1.00  86.7dB:   0.5   39.4l: (104.4dB    78W 101.5dB) @  83Hz
                0.6   14.7l: (103.4dB    62W 101.5dB) @  78Hz
                0.7    8.4l: (103.5dB    63W 101.5dB) @  79Hz
                0.8    5.7l: (104.9dB    87W 101.5dB) @  85Hz
                0.9    4.1l: (105.4dB    97W 101.5dB) @  88Hz
                1.0    3.2l: (105.9dB   111W 101.5dB) @  90Hz
                1.1    2.5l: (106.7dB   132W 101.5dB) @  94Hz
                1.1    2.5l: (103.8dB    68W 101.5dB) @  80Hz (  453uF)

-------------
rs180-8
      87.0dB                             60W
Rpre   Spl      qtc    Vb     SplMech Pmech SplEle      f3

0.20  86.8dB:   0.5   26.6l: (111.4dB   374W 103.5dB) @  82Hz
                0.6   13.3l: (110.4dB   296W 103.5dB) @  77Hz
                0.7    8.3l: (110.5dB   300W 103.5dB) @  78Hz
                0.8    5.8l: (111.9dB   415W 103.5dB) @  84Hz
                0.9    4.3l: (112.3dB   464W 103.5dB) @  87Hz
                1.0    3.4l: (112.9dB   527W 103.5dB) @  89Hz
                1.1    2.7l: (113.7dB   627W 103.5dB) @  93Hz
                1.1    2.7l: (110.8dB   325W 103.5dB) @  79Hz (  449uF)

0.60  86.5dB:   0.5   33.0l: (110.6dB   333W 103.2dB) @  78Hz
                0.6   15.4l: (109.6dB   264W 103.2dB) @  74Hz
                0.7    9.5l: (109.7dB   267W 103.2dB) @  74Hz
                0.8    6.5l: (111.1dB   369W 103.2dB) @  80Hz
                0.9    4.8l: (111.6dB   412W 103.2dB) @  83Hz
                1.0    3.8l: (112.1dB   469W 103.2dB) @  85Hz
                1.1    3.0l: (112.9dB   558W 103.2dB) @  89Hz
                1.1    3.0l: (110.0dB   289W 103.2dB) @  76Hz (  470uF)

1.00  86.3dB:   0.5   41.6l: (109.9dB   299W 103.0dB) @  75Hz
                0.6   17.9l: (108.9dB   237W 103.0dB) @  71Hz
                0.7   10.7l: (109.0dB   239W 103.0dB) @  71Hz
                0.8    7.3l: (110.4dB   331W 103.0dB) @  77Hz
                0.9    5.4l: (110.9dB   370W 103.0dB) @  79Hz
                1.0    4.1l: (111.4dB   421W 103.0dB) @  82Hz
                1.1    3.3l: (112.2dB   501W 103.0dB) @  86Hz
                1.1    3.3l: (109.3dB   259W 103.0dB) @  73Hz (  490uF)

-------------
rs180s-8
      88.0dB                             60W
Rpre   Spl      qtc    Vb     SplMech Pmech SplEle      f3

0.20  86.2dB:   0.5   37.4l: (109.2dB   250W 103.0dB) @  71Hz
                0.6   17.6l: (108.2dB   198W 103.0dB) @  67Hz
                0.7   10.8l: (108.2dB   200W 103.0dB) @  67Hz
                0.8    7.5l: (109.6dB   277W 103.0dB) @  72Hz
                0.9    5.6l: (110.1dB   310W 103.0dB) @  75Hz
                1.0    4.3l: (110.7dB   352W 103.0dB) @  77Hz
                1.1    3.5l: (111.4dB   419W 103.0dB) @  80Hz
                1.1    3.5l: (108.6dB   217W 103.0dB) @  68Hz (  507uF)

0.60  85.9dB:   0.5   48.5l: (108.4dB   219W 102.7dB) @  67Hz
                0.6   20.8l: (107.4dB   174W 102.7dB) @  64Hz
                0.7   12.4l: (107.4dB   176W 102.7dB) @  64Hz
                0.8    8.5l: (108.8dB   243W 102.7dB) @  69Hz
                0.9    6.2l: (109.3dB   272W 102.7dB) @  71Hz
                1.0    4.8l: (109.9dB   309W 102.7dB) @  73Hz
                1.1    3.8l: (110.6dB   368W 102.7dB) @  77Hz
                1.1    3.8l: (107.8dB   191W 102.7dB) @  65Hz (  531uF)

1.00  85.7dB:   0.5   65.0l: (107.6dB   195W 102.5dB) @  64Hz
                0.6   24.7l: (106.6dB   154W 102.5dB) @  61Hz
                0.7   14.3l: (106.6dB   156W 102.5dB) @  61Hz
                0.8    9.6l: (108.1dB   216W 102.5dB) @  66Hz
                0.9    7.0l: (108.5dB   241W 102.5dB) @  68Hz
                1.0    5.4l: (109.1dB   274W 102.5dB) @  70Hz
                1.1    4.3l: (109.8dB   326W 102.5dB) @  73Hz
                1.1    4.3l: (107.0dB   169W 102.5dB) @  62Hz (  555uF)

-------------
rs225s-4
      92.0dB                             80W
Rpre   Spl      qtc    Vb     SplMech Pmech SplEle      f3

0.20  87.1dB:   0.6   80.5l: (108.8dB   414W 101.7dB) @  56Hz
                0.7   34.1l: (108.9dB   419W 101.7dB) @  56Hz
                0.8   20.5l: (110.3dB   579W 101.7dB) @  61Hz
                0.9   14.1l: (110.8dB   647W 101.7dB) @  62Hz
                1.0   10.4l: (111.3dB   736W 101.7dB) @  64Hz
                1.1    8.1l: (112.1dB   876W 101.7dB) @  67Hz
                1.1    8.1l: (109.2dB   454W 101.7dB) @  57Hz ( 1335uF)

0.60  86.6dB:   0.6  237.3l: (107.2dB   318W 101.2dB) @  51Hz
                0.7   55.0l: (107.2dB   322W 101.2dB) @  51Hz
                0.8   29.1l: (108.6dB   445W 101.2dB) @  55Hz
                0.9   19.0l: (109.1dB   497W 101.2dB) @  57Hz
                1.0   13.7l: (109.7dB   566W 101.2dB) @  59Hz
                1.1   10.5l: (110.4dB   673W 101.2dB) @  61Hz
                1.1   10.5l: (107.6dB   349W 101.2dB) @  52Hz ( 1469uF)

1.00  86.1dB:   0.7   99.2l: (105.8dB   257W 100.7dB) @  47Hz
                0.8   42.2l: (107.2dB   355W 100.7dB) @  51Hz
                0.9   25.5l: (107.7dB   397W 100.7dB) @  52Hz
                1.0   17.7l: (108.2dB   451W 100.7dB) @  54Hz
                1.1   13.2l: (109.0dB   537W 100.7dB) @  56Hz
                1.1   13.2l: (106.1dB   278W 100.7dB) @  48Hz ( 1598uF)

-------------
rs225s-8
      88.0dB                             80W
Rpre   Spl      qtc    Vb     SplMech Pmech SplEle      f3

0.20  86.6dB:   0.5   91.7l: (109.2dB   224W 104.7dB) @  53Hz
                0.6   46.2l: (108.1dB   178W 104.7dB) @  50Hz
                0.7   29.1l: (108.2dB   180W 104.7dB) @  50Hz
                0.8   20.4l: (109.6dB   249W 104.7dB) @  54Hz
                0.9   15.2l: (110.1dB   278W 104.7dB) @  56Hz
                1.0   11.9l: (110.6dB   316W 104.7dB) @  57Hz
                1.1    9.6l: (111.4dB   376W 104.7dB) @  60Hz
                1.1    9.6l: (108.5dB   195W 104.7dB) @  51Hz (  680uF)

0.60  86.4dB:   0.5  113.6l: (108.4dB   199W 104.4dB) @  50Hz
                0.6   53.7l: (107.4dB   158W 104.4dB) @  47Hz
                0.7   33.1l: (107.4dB   159W 104.4dB) @  48Hz
                0.8   22.9l: (108.8dB   220W 104.4dB) @  52Hz
                0.9   17.0l: (109.3dB   246W 104.4dB) @  53Hz
                1.0   13.2l: (109.9dB   280W 104.4dB) @  55Hz
                1.1   10.6l: (110.6dB   333W 104.4dB) @  57Hz
                1.1   10.6l: (107.8dB   173W 104.4dB) @  49Hz (  711uF)

1.00  86.1dB:   0.5  142.5l: (107.6dB   178W 104.2dB) @  48Hz
                0.6   62.3l: (106.6dB   141W 104.2dB) @  46Hz
                0.7   37.4l: (106.7dB   143W 104.2dB) @  46Hz
                0.8   25.6l: (108.1dB   197W 104.2dB) @  50Hz
                0.9   18.9l: (108.6dB   220W 104.2dB) @  51Hz
                1.0   14.6l: (109.1dB   251W 104.2dB) @  53Hz
                1.1   11.6l: (109.9dB   298W 104.2dB) @  55Hz
                1.1   11.6l: (107.0dB   155W 104.2dB) @  47Hz (  742uF)

-------------
rs225-8
      86.2dB                             80W
Rpre   Spl      qtc    Vb     SplMech Pmech SplEle      f3

0.20  86.0dB:   0.5   73.4l: (110.2dB   328W 104.0dB) @  54Hz
                0.6   37.4l: (109.2dB   260W 104.0dB) @  51Hz
                0.7   23.7l: (109.2dB   263W 104.0dB) @  51Hz
                0.8   16.6l: (110.6dB   364W 104.0dB) @  56Hz
                0.9   12.4l: (111.1dB   407W 104.0dB) @  57Hz
                1.0    9.7l: (111.7dB   462W 104.0dB) @  59Hz
                1.1    7.8l: (112.4dB   550W 104.0dB) @  62Hz
                1.1    7.8l: (109.6dB   285W 104.0dB) @  52Hz (  665uF)

0.60  85.8dB:   0.5   90.0l: (109.4dB   292W 103.8dB) @  52Hz
                0.6   43.2l: (108.4dB   231W 103.8dB) @  49Hz
                0.7   26.8l: (108.5dB   234W 103.8dB) @  49Hz
                0.8   18.6l: (109.9dB   324W 103.8dB) @  53Hz
                0.9   13.8l: (110.3dB   362W 103.8dB) @  55Hz
                1.0   10.8l: (110.9dB   412W 103.8dB) @  57Hz
                1.1    8.6l: (111.7dB   490W 103.8dB) @  59Hz
                1.1    8.6l: (108.8dB   254W 103.8dB) @  50Hz (  695uF)

1.00  85.5dB:   0.5  111.4l: (108.7dB   262W 103.5dB) @  50Hz
                0.6   49.9l: (107.7dB   208W 103.5dB) @  47Hz
                0.7   30.2l: (107.7dB   210W 103.5dB) @  47Hz
                0.8   20.7l: (109.2dB   291W 103.5dB) @  51Hz
                0.9   15.3l: (109.6dB   325W 103.5dB) @  53Hz
                1.0   11.8l: (110.2dB   370W 103.5dB) @  54Hz
                1.1    9.5l: (111.0dB   440W 103.5dB) @  57Hz
                1.1    9.5l: (108.1dB   228W 103.5dB) @  48Hz (  724uF)

-------------
rs270-8
      87.5dB                            100W
Rpre   Spl      qtc    Vb     SplMech Pmech SplEle      f3

0.20  87.3dB:   0.5  247.1l: (110.3dB   239W 106.5dB) @  44Hz
                0.6  105.5l: (109.3dB   190W 106.5dB) @  42Hz
                0.7   62.9l: (109.4dB   192W 106.5dB) @  42Hz
                0.8   42.9l: (110.8dB   266W 106.5dB) @  45Hz
                0.9   31.5l: (111.3dB   297W 106.5dB) @  46Hz
                1.0   24.3l: (111.8dB   338W 106.5dB) @  48Hz
                1.1   19.4l: (112.6dB   402W 106.5dB) @  50Hz
                1.1   19.4l: (109.7dB   208W 106.5dB) @  43Hz (  767uF)

0.60  87.0dB:   0.5  328.6l: (109.6dB   214W 106.3dB) @  42Hz
                0.6  124.5l: (108.6dB   169W 106.3dB) @  40Hz
                0.7   71.8l: (108.6dB   171W 106.3dB) @  40Hz
                0.8   48.2l: (110.0dB   237W 106.3dB) @  43Hz
                0.9   35.1l: (110.5dB   265W 106.3dB) @  45Hz
                1.0   27.0l: (111.1dB   301W 106.3dB) @  46Hz
                1.1   21.5l: (111.8dB   358W 106.3dB) @  48Hz
                1.1   21.5l: (109.0dB   186W 106.3dB) @  41Hz (  801uF)

1.00  86.8dB:   0.5  458.8l: (108.9dB   192W 106.1dB) @  41Hz
                0.6  147.3l: (107.9dB   152W 106.1dB) @  38Hz
                0.7   81.7l: (107.9dB   154W 106.1dB) @  38Hz
                0.8   54.0l: (109.3dB   213W 106.1dB) @  42Hz
                0.9   39.0l: (109.8dB   238W 106.1dB) @  43Hz
                1.0   29.7l: (110.4dB   271W 106.1dB) @  44Hz
                1.1   23.6l: (111.1dB   322W 106.1dB) @  46Hz
                1.1   23.6l: (108.3dB   167W 106.1dB) @  39Hz (  833uF)

-------------
rs315hf-4
      86.0dB                            400W
Rpre   Spl      qtc    Vb     SplMech Pmech SplEle      f3

0.20  85.2dB:   0.6  234.1l: (115.6dB  2674W 107.4dB) @  33Hz
                0.7   99.4l: (115.7dB  2705W 107.4dB) @  33Hz
                0.8   59.8l: (117.1dB  3743W 107.4dB) @  36Hz
                0.9   41.2l: (117.6dB  4184W 107.4dB) @  37Hz
                1.0   30.5l: (118.1dB  4758W 107.4dB) @  38Hz
                1.1   23.8l: (118.9dB  5659W 107.4dB) @  40Hz
                1.1   23.8l: (116.0dB  2933W 107.4dB) @  34Hz ( 1968uF)

0.60  84.7dB:   0.6  608.5l: (114.1dB  2082W 106.9dB) @  30Hz
                0.7  154.3l: (114.1dB  2107W 106.9dB) @  31Hz
                0.8   82.9l: (115.5dB  2915W 106.9dB) @  33Hz
                0.9   54.4l: (116.0dB  3258W 106.9dB) @  34Hz
                1.0   39.3l: (116.6dB  3705W 106.9dB) @  35Hz
                1.1   30.1l: (117.3dB  4407W 106.9dB) @  37Hz
                1.1   30.1l: (114.5dB  2284W 106.9dB) @  31Hz ( 2153uF)

1.00  84.3dB:   0.7  262.8l: (112.7dB  1691W 106.5dB) @  28Hz
                0.8  116.7l: (114.1dB  2340W 106.5dB) @  31Hz
                0.9   71.6l: (114.6dB  2615W 106.5dB) @  31Hz
                1.0   50.0l: (115.2dB  2974W 106.5dB) @  32Hz
                1.1   37.5l: (115.9dB  3538W 106.5dB) @  34Hz
                1.1   37.5l: (113.1dB  1834W 106.5dB) @  29Hz ( 2330uF)

-------------
rs315hfa-8
      86.0dB                            400W
Rpre   Spl      qtc    Vb     SplMech Pmech SplEle      f3

0.20  85.6dB:   0.6  806.3l: (114.0dB   809W 110.9dB) @  33Hz
                0.7  158.6l: (114.0dB   818W 110.9dB) @  33Hz
                0.8   82.3l: (115.4dB  1132W 110.9dB) @  36Hz
                0.9   53.3l: (115.9dB  1266W 110.9dB) @  37Hz
                1.0   38.2l: (116.5dB  1439W 110.9dB) @  38Hz
                1.1   29.1l: (117.2dB  1712W 110.9dB) @  40Hz
                1.1   29.1l: (114.4dB   887W 110.9dB) @  34Hz (  951uF)

0.60  85.3dB:   0.7  213.9l: (113.3dB   723W 110.7dB) @  32Hz
                0.8   99.8l: (114.7dB  1000W 110.7dB) @  34Hz
                0.9   62.2l: (115.2dB  1118W 110.7dB) @  35Hz
                1.0   43.8l: (115.7dB  1272W 110.7dB) @  36Hz
                1.1   33.0l: (116.5dB  1513W 110.7dB) @  38Hz
                1.1   33.0l: (113.6dB   784W 110.7dB) @  32Hz (  994uF)

1.00  85.1dB:   0.7  305.7l: (112.5dB   644W 110.5dB) @  30Hz
                0.8  122.1l: (113.9dB   891W 110.5dB) @  33Hz
                0.9   72.7l: (114.4dB   996W 110.5dB) @  34Hz
                1.0   50.0l: (115.0dB  1133W 110.5dB) @  35Hz
                1.1   37.2l: (115.7dB  1347W 110.5dB) @  36Hz
                1.1   37.2l: (112.9dB   698W 110.5dB) @  31Hz ( 1036uF)

-------------
rss390hf4
      90.0dB                            500W
Rpre   Spl      qtc    Vb     SplMech Pmech SplEle      f3

0.20  86.7dB:   0.6  330.4l: (116.2dB  2162W 109.8dB) @  28Hz
                0.7  183.2l: (116.2dB  2187W 109.8dB) @  28Hz
                0.8  121.0l: (117.6dB  3026W 109.8dB) @  30Hz
                0.9   87.4l: (118.1dB  3382W 109.8dB) @  31Hz
                1.0   66.7l: (118.7dB  3847W 109.8dB) @  32Hz
                1.1   52.9l: (119.4dB  4575W 109.8dB) @  33Hz
                1.1   52.9l: (116.6dB  2371W 109.8dB) @  28Hz ( 2368uF)

0.60  86.2dB:   0.6  527.3l: (114.6dB  1668W 109.3dB) @  25Hz
                0.7  255.2l: (114.6dB  1687W 109.3dB) @  25Hz
                0.8  159.9l: (116.0dB  2334W 109.3dB) @  27Hz
                0.9  112.4l: (116.5dB  2609W 109.3dB) @  28Hz
                1.0   84.4l: (117.1dB  2967W 109.3dB) @  29Hz
                1.1   66.1l: (117.8dB  3529W 109.3dB) @  30Hz
                1.1   66.1l: (115.0dB  1829W 109.3dB) @  26Hz ( 2596uF)

1.00  85.8dB:   0.6  949.7l: (113.1dB  1326W 108.9dB) @  23Hz
                0.7  360.9l: (113.2dB  1342W 108.9dB) @  23Hz
                0.8  210.4l: (114.6dB  1857W 108.9dB) @  25Hz
                0.9  142.9l: (115.1dB  2075W 108.9dB) @  26Hz
                1.0  105.2l: (115.6dB  2360W 108.9dB) @  27Hz
                1.1   81.4l: (116.4dB  2807W 108.9dB) @  28Hz
                1.1   81.4l: (113.5dB  1455W 108.9dB) @  24Hz ( 2817uF)

-------------
rss390ho4
      90.0dB                            800W
Rpre   Spl      qtc    Vb     SplMech Pmech SplEle      f3

0.20  86.3dB:   0.5  210.6l: (120.7dB  6676W 111.4dB) @  39Hz
                0.6   97.8l: (119.6dB  5289W 111.4dB) @  37Hz
                0.7   59.9l: (119.7dB  5351W 111.4dB) @  37Hz
                0.8   41.4l: (121.1dB  7404W 111.4dB) @  40Hz
                0.9   30.7l: (121.6dB  8276W 111.4dB) @  41Hz
                1.0   23.8l: (122.1dB  9412W 111.4dB) @  42Hz
                1.1   19.0l: (122.9dB 11194W 111.4dB) @  44Hz
                1.1   19.0l: (120.0dB  5802W 111.4dB) @  37Hz ( 1793uF)

0.60  85.8dB:   0.5  392.3l: (119.0dB  5040W 111.0dB) @  35Hz
                0.6  141.7l: (118.0dB  3993W 111.0dB) @  33Hz
                0.7   80.8l: (118.0dB  4040W 111.0dB) @  33Hz
                0.8   54.0l: (119.4dB  5590W 111.0dB) @  36Hz
                0.9   39.2l: (119.9dB  6248W 111.0dB) @  37Hz
                1.0   30.1l: (120.5dB  7106W 111.0dB) @  38Hz
                1.1   23.9l: (121.2dB  8451W 111.0dB) @  40Hz
                1.1   23.9l: (118.4dB  4380W 111.0dB) @  34Hz ( 1976uF)

1.00  85.4dB:   0.6  212.6l: (116.4dB  3111W 110.5dB) @  30Hz
                0.7  108.9l: (116.5dB  3147W 110.5dB) @  30Hz
                0.8   69.7l: (117.9dB  4354W 110.5dB) @  33Hz
                0.9   49.5l: (118.4dB  4867W 110.5dB) @  34Hz
                1.0   37.4l: (119.0dB  5535W 110.5dB) @  35Hz
                1.1   29.4l: (119.7dB  6583W 110.5dB) @  37Hz
                1.1   29.4l: (116.8dB  3412W 110.5dB) @  31Hz ( 2155uF)

-------------
sd215-88
      89.0dB                             80W
Rpre   Spl      qtc    Vb     SplMech Pmech SplEle      f3

0.20  84.1dB:   0.5  122.7l: (105.7dB   386W  98.8dB) @  46Hz
                0.6   42.9l: (104.6dB   306W  98.8dB) @  44Hz
                0.7   24.3l: (104.7dB   309W  98.8dB) @  44Hz
                0.8   16.2l: (106.1dB   428W  98.8dB) @  48Hz
                0.9   11.7l: (106.6dB   478W  98.8dB) @  49Hz
                1.0    9.0l: (107.1dB   544W  98.8dB) @  51Hz
                1.1    7.1l: (107.9dB   647W  98.8dB) @  53Hz
                1.1    7.1l: (105.0dB   335W  98.8dB) @  45Hz ( 1644uF)

0.60  83.5dB:   0.5  556.4l: (103.9dB   289W  98.3dB) @  42Hz
                0.6   70.6l: (102.9dB   229W  98.3dB) @  40Hz
                0.7   34.7l: (102.9dB   232W  98.3dB) @  40Hz
                0.8   21.9l: (104.3dB   320W  98.3dB) @  43Hz
                0.9   15.4l: (104.8dB   358W  98.3dB) @  44Hz
                1.0   11.6l: (105.4dB   407W  98.3dB) @  46Hz
                1.1    9.1l: (106.1dB   484W  98.3dB) @  48Hz
                1.1    9.1l: (103.3dB   251W  98.3dB) @  41Hz ( 1820uF)

1.00  83.1dB:   0.6  133.0l: (101.3dB   178W  97.8dB) @  36Hz
                0.7   50.7l: (101.4dB   180W  97.8dB) @  36Hz
                0.8   29.6l: (102.8dB   249W  97.8dB) @  39Hz
                0.9   20.1l: (103.3dB   278W  97.8dB) @  40Hz
                1.0   14.8l: (103.8dB   316W  97.8dB) @  42Hz
                1.1   11.4l: (104.6dB   376W  97.8dB) @  44Hz
                1.1   11.4l: (101.7dB   195W  97.8dB) @  37Hz ( 1991uF)

-------------
sd215a-88
      85.9dB                             80W
Rpre   Spl      qtc    Vb     SplMech Pmech SplEle      f3

0.20  85.6dB:   0.5   83.6l: (108.7dB   512W 100.7dB) @  54Hz
                0.6   34.8l: (107.7dB   406W 100.7dB) @  51Hz
                0.7   20.6l: (107.8dB   410W 100.7dB) @  51Hz
                0.8   14.0l: (109.2dB   568W 100.7dB) @  56Hz
                0.9   10.3l: (109.6dB   635W 100.7dB) @  57Hz
                1.0    7.9l: (110.2dB   722W 100.7dB) @  59Hz
                1.1    6.3l: (111.0dB   859W 100.7dB) @  62Hz
                1.1    6.3l: (108.1dB   445W 100.7dB) @  52Hz ( 1320uF)

0.60  85.1dB:   0.5  187.9l: (107.1dB   390W 100.2dB) @  49Hz
                0.6   52.1l: (106.0dB   309W 100.2dB) @  47Hz
                0.7   28.1l: (106.1dB   313W 100.2dB) @  47Hz
                0.8   18.4l: (107.5dB   433W 100.2dB) @  51Hz
                0.9   13.2l: (108.0dB   484W 100.2dB) @  52Hz
                1.0   10.0l: (108.5dB   550W 100.2dB) @  54Hz
                1.1    7.9l: (109.3dB   655W 100.2dB) @  56Hz
                1.1    7.9l: (106.4dB   339W 100.2dB) @  48Hz ( 1452uF)

1.00  84.7dB:   0.6   82.6l: (104.6dB   244W  99.7dB) @  43Hz
                0.7   38.6l: (104.6dB   246W  99.7dB) @  43Hz
                0.8   23.9l: (106.0dB   341W  99.7dB) @  46Hz
                0.9   16.7l: (106.5dB   381W  99.7dB) @  48Hz
                1.0   12.5l: (107.1dB   433W  99.7dB) @  49Hz
                1.1    9.8l: (107.8dB   516W  99.7dB) @  52Hz
                1.1    9.8l: (105.0dB   267W  99.7dB) @  44Hz ( 1580uF)

-------------
sd270-88
      88.0dB                             80W
Rpre   Spl      qtc    Vb     SplMech Pmech SplEle      f3

0.20  87.4dB:   0.5  187.9l: (109.8dB   451W 102.3dB) @  45Hz
                0.6   84.3l: (108.8dB   357W 102.3dB) @  43Hz
                0.7   51.1l: (108.8dB   362W 102.3dB) @  43Hz
                0.8   35.1l: (110.3dB   500W 102.3dB) @  46Hz
                0.9   25.9l: (110.7dB   559W 102.3dB) @  48Hz
                1.0   20.1l: (111.3dB   636W 102.3dB) @  49Hz
                1.1   16.0l: (112.1dB   757W 102.3dB) @  52Hz
                1.1   16.0l: (109.2dB   392W 102.3dB) @  44Hz ( 1633uF)

0.60  86.9dB:   0.5  377.7l: (108.1dB   340W 101.8dB) @  41Hz
                0.6  125.0l: (107.1dB   269W 101.8dB) @  39Hz
                0.7   69.8l: (107.1dB   273W 101.8dB) @  39Hz
                0.8   46.2l: (108.5dB   377W 101.8dB) @  42Hz
                0.9   33.4l: (109.0dB   421W 101.8dB) @  43Hz
                1.0   25.5l: (109.6dB   479W 101.8dB) @  45Hz
                1.1   20.2l: (110.3dB   570W 101.8dB) @  47Hz
                1.1   20.2l: (107.5dB   295W 101.8dB) @  40Hz ( 1803uF)

1.00  86.4dB:   0.6  193.1l: (105.5dB   210W 101.4dB) @  35Hz
                0.7   95.3l: (105.6dB   213W 101.4dB) @  36Hz
                0.8   60.2l: (107.0dB   294W 101.4dB) @  39Hz
                0.9   42.4l: (107.5dB   329W 101.4dB) @  40Hz
                1.0   31.9l: (108.0dB   374W 101.4dB) @  41Hz
                1.1   25.1l: (108.8dB   445W 101.4dB) @  43Hz
                1.1   25.1l: (105.9dB   230W 101.4dB) @  36Hz ( 1969uF)

-------------
sd270a-88
      92.7dB                             80W
Rpre   Spl      qtc    Vb     SplMech Pmech SplEle      f3

0.20  89.1dB:   0.5  699.4l: (110.7dB   368W 104.0dB) @  46Hz
                0.6  167.2l: (109.7dB   291W 104.0dB) @  44Hz
                0.7   88.0l: (109.7dB   295W 104.0dB) @  44Hz
                0.8   56.9l: (111.1dB   408W 104.0dB) @  47Hz
                0.9   40.7l: (111.6dB   456W 104.0dB) @  49Hz
                1.0   30.8l: (112.2dB   518W 104.0dB) @  50Hz
                1.1   24.3l: (112.9dB   617W 104.0dB) @  53Hz
                1.1   24.3l: (110.1dB   320W 104.0dB) @  45Hz ( 1598uF)

0.60  88.6dB:   0.6  298.1l: (108.0dB   222W 103.5dB) @  40Hz
                0.7  128.5l: (108.0dB   224W 103.5dB) @  40Hz
                0.8   77.5l: (109.4dB   310W 103.5dB) @  43Hz
                0.9   53.5l: (109.9dB   347W 103.5dB) @  44Hz
                1.0   39.7l: (110.5dB   394W 103.5dB) @  46Hz
                1.1   30.9l: (111.2dB   469W 103.5dB) @  48Hz
                1.1   30.9l: (108.4dB   243W 103.5dB) @  41Hz ( 1761uF)

1.00  88.2dB:   0.6  701.3l: (106.5dB   174W 103.1dB) @  36Hz
                0.7  193.8l: (106.5dB   176W 103.1dB) @  36Hz
                0.8  105.6l: (107.9dB   244W 103.1dB) @  40Hz
                0.9   69.7l: (108.4dB   273W 103.1dB) @  41Hz
                1.0   50.5l: (109.0dB   310W 103.1dB) @  42Hz
                1.1   38.7l: (109.7dB   369W 103.1dB) @  44Hz
                1.1   38.7l: (106.9dB   191W 103.1dB) @  37Hz ( 1918uF)

-------------
sd315a-88
      94.0dB                            120W
Rpre   Spl      qtc    Vb     SplMech Pmech SplEle      f3

0.20  89.5dB:   0.5  136.2l: (117.9dB  1818W 106.1dB) @  54Hz
                0.6   70.7l: (116.9dB  1441W 106.1dB) @  51Hz
                0.7   45.0l: (116.9dB  1458W 106.1dB) @  51Hz
                0.8   31.8l: (118.3dB  2017W 106.1dB) @  55Hz
                0.9   23.8l: (118.8dB  2254W 106.1dB) @  57Hz
                1.0   18.6l: (119.4dB  2563W 106.1dB) @  59Hz
                1.1   15.0l: (120.1dB  3049W 106.1dB) @  61Hz
                1.1   15.0l: (117.3dB  1580W 106.1dB) @  52Hz ( 1420uF)

0.60  89.0dB:   0.5  226.5l: (116.1dB  1346W 105.6dB) @  48Hz
                0.6  100.6l: (115.0dB  1066W 105.6dB) @  46Hz
                0.7   60.7l: (115.1dB  1079W 105.6dB) @  46Hz
                0.8   41.7l: (116.5dB  1492W 105.6dB) @  50Hz
                0.9   30.7l: (117.0dB  1668W 105.6dB) @  51Hz
                1.0   23.8l: (117.6dB  1897W 105.6dB) @  53Hz
                1.1   19.0l: (118.3dB  2256W 105.6dB) @  55Hz
                1.1   19.0l: (115.5dB  1169W 105.6dB) @  47Hz ( 1577uF)

1.00  88.6dB:   0.5  435.7l: (114.5dB  1033W 105.1dB) @  44Hz
                0.6  145.2l: (113.4dB   818W 105.1dB) @  42Hz
                0.7   81.2l: (113.5dB   828W 105.1dB) @  42Hz
                0.8   53.8l: (114.9dB  1146W 105.1dB) @  45Hz
                0.9   38.9l: (115.4dB  1281W 105.1dB) @  47Hz
                1.0   29.8l: (115.9dB  1456W 105.1dB) @  48Hz
                1.1   23.6l: (116.7dB  1732W 105.1dB) @  50Hz
                1.1   23.6l: (113.8dB   898W 105.1dB) @  43Hz ( 1729uF)

-------------
st210-8
      91.0dB                            180W
Rpre   Spl      qtc    Vb     SplMech Pmech SplEle      f3

0.20  90.8dB:   0.5   72.4l: (115.6dB   327W 113.0dB) @  80Hz
                0.6   31.1l: (114.6dB   259W 113.0dB) @  75Hz
                0.7   18.6l: (114.7dB   262W 113.0dB) @  76Hz
                0.8   12.7l: (116.1dB   363W 113.0dB) @  82Hz
                0.9    9.3l: (116.5dB   405W 113.0dB) @  84Hz
                1.0    7.2l: (117.1dB   461W 113.0dB) @  87Hz
                1.1    5.8l: (117.9dB   548W 113.0dB) @  91Hz
                1.1    5.8l: (115.0dB   284W 113.0dB) @  77Hz (  383uF)

0.60  90.5dB:   0.5  100.8l: (114.8dB   283W 112.8dB) @  76Hz
                0.6   37.7l: (113.8dB   224W 112.8dB) @  72Hz
                0.7   21.7l: (113.8dB   226W 112.8dB) @  72Hz
                0.8   14.6l: (115.2dB   313W 112.8dB) @  78Hz
                0.9   10.6l: (115.7dB   350W 112.8dB) @  80Hz
                1.0    8.1l: (116.3dB   398W 112.8dB) @  83Hz
                1.1    6.5l: (117.0dB   474W 112.8dB) @  86Hz
                1.1    6.5l: (114.2dB   246W 112.8dB) @  73Hz (  402uF)

1.00  90.3dB:   0.5  152.5l: (114.0dB   246W 112.6dB) @  73Hz
                0.6   46.2l: (112.9dB   195W 112.6dB) @  68Hz
                0.7   25.3l: (113.0dB   197W 112.6dB) @  69Hz
                0.8   16.6l: (114.4dB   273W 112.6dB) @  74Hz
                0.9   12.0l: (114.9dB   305W 112.6dB) @  77Hz
                1.0    9.1l: (115.4dB   347W 112.6dB) @  79Hz
                1.1    7.2l: (116.2dB   412W 112.6dB) @  83Hz
                1.1    7.2l: (113.3dB   214W 112.6dB) @  70Hz (  421uF)

-------------
st305-8
      92.0dB                            275W
Rpre   Spl      qtc    Vb     SplMech Pmech SplEle      f3

0.20  91.0dB:   0.5  146.8l: (119.4dB   988W 113.9dB) @  56Hz
                0.6   78.5l: (118.4dB   782W 113.9dB) @  53Hz
                0.7   50.6l: (118.5dB   792W 113.9dB) @  53Hz
                0.8   35.9l: (119.9dB  1095W 113.9dB) @  57Hz
                0.9   27.0l: (120.4dB  1224W 113.9dB) @  59Hz
                1.0   21.2l: (120.9dB  1392W 113.9dB) @  61Hz
                1.1   17.1l: (121.7dB  1656W 113.9dB) @  63Hz
                1.1   17.1l: (118.8dB   858W 113.9dB) @  54Hz (  722uF)

0.60  90.7dB:   0.5  192.3l: (118.3dB   818W 113.6dB) @  52Hz
                0.6   96.0l: (117.3dB   648W 113.6dB) @  49Hz
                0.7   60.3l: (117.4dB   655W 113.6dB) @  49Hz
                0.8   42.2l: (118.8dB   907W 113.6dB) @  54Hz
                0.9   31.5l: (119.2dB  1014W 113.6dB) @  55Hz
                1.0   24.5l: (119.8dB  1153W 113.6dB) @  57Hz
                1.1   19.7l: (120.6dB  1371W 113.6dB) @  59Hz
                1.1   19.7l: (117.7dB   711W 113.6dB) @  50Hz (  769uF)

1.00  90.4dB:   0.5  258.6l: (117.3dB   685W 113.3dB) @  49Hz
                0.6  117.6l: (116.3dB   543W 113.3dB) @  46Hz
                0.7   71.5l: (116.3dB   549W 113.3dB) @  47Hz
                0.8   49.3l: (117.7dB   760W 113.3dB) @  51Hz
                0.9   36.4l: (118.2dB   849W 113.3dB) @  52Hz
                1.0   28.2l: (118.8dB   966W 113.3dB) @  54Hz
                1.1   22.6l: (119.5dB  1149W 113.3dB) @  56Hz
                1.1   22.6l: (116.7dB   595W 113.3dB) @  48Hz (  817uF)

-------------
st315-88
      94.0dB                            120W
Rpre   Spl      qtc    Vb     SplMech Pmech SplEle      f3

0.20  89.3dB:   0.5  146.0l: (116.1dB   621W 109.0dB) @  51Hz
                0.6   76.9l: (115.1dB   492W 109.0dB) @  48Hz
                0.7   49.3l: (115.2dB   498W 109.0dB) @  48Hz
                0.8   34.9l: (116.6dB   689W 109.0dB) @  52Hz
                0.9   26.2l: (117.1dB   770W 109.0dB) @  54Hz
                1.0   20.5l: (117.6dB   876W 109.0dB) @  55Hz
                1.1   16.5l: (118.4dB  1042W 109.0dB) @  58Hz
                1.1   16.5l: (115.5dB   540W 109.0dB) @  49Hz (  728uF)

0.60  89.0dB:   0.5  185.5l: (115.2dB   530W 108.7dB) @  48Hz
                0.6   91.7l: (114.2dB   420W 108.7dB) @  45Hz
                0.7   57.4l: (114.2dB   424W 108.7dB) @  45Hz
                0.8   40.1l: (115.6dB   587W 108.7dB) @  49Hz
                0.9   29.9l: (116.1dB   656W 108.7dB) @  51Hz
                1.0   23.3l: (116.7dB   747W 108.7dB) @  52Hz
                1.1   18.7l: (117.4dB   888W 108.7dB) @  55Hz
                1.1   18.7l: (114.6dB   460W 108.7dB) @  46Hz (  770uF)

1.00  88.8dB:   0.5  240.3l: (114.3dB   456W 108.5dB) @  46Hz
                0.6  109.5l: (113.3dB   361W 108.5dB) @  43Hz
                0.7   66.6l: (113.3dB   366W 108.5dB) @  43Hz
                0.8   45.9l: (114.7dB   506W 108.5dB) @  47Hz
                0.9   33.9l: (115.2dB   565W 108.5dB) @  48Hz
                1.0   26.3l: (115.8dB   643W 108.5dB) @  50Hz
                1.1   21.0l: (116.5dB   765W 108.5dB) @  52Hz
                1.1   21.0l: (113.7dB   396W 108.5dB) @  44Hz (  810uF)

-------------
st385-8
      90.0dB                            300W
Rpre   Spl      qtc    Vb     SplMech Pmech SplEle      f3

0.20  88.9dB:   0.5  255.2l: (118.0dB  1026W 112.7dB) @  40Hz
                0.6  137.5l: (117.0dB   813W 112.7dB) @  37Hz
                0.7   89.0l: (117.1dB   823W 112.7dB) @  37Hz
                0.8   63.2l: (118.5dB  1138W 112.7dB) @  41Hz
                0.9   47.6l: (118.9dB  1272W 112.7dB) @  42Hz
                1.0   37.3l: (119.5dB  1447W 112.7dB) @  43Hz
                1.1   30.1l: (120.3dB  1721W 112.7dB) @  45Hz
                1.1   30.1l: (117.4dB   892W 112.7dB) @  38Hz (  920uF)

0.60  88.7dB:   0.5  323.6l: (117.0dB   865W 112.4dB) @  37Hz
                0.6  164.5l: (116.0dB   686W 112.4dB) @  35Hz
                0.7  104.0l: (116.0dB   694W 112.4dB) @  35Hz
                0.8   73.1l: (117.5dB   960W 112.4dB) @  38Hz
                0.9   54.6l: (117.9dB  1073W 112.4dB) @  39Hz
                1.0   42.6l: (118.5dB  1220W 112.4dB) @  41Hz
                1.1   34.3l: (119.3dB  1451W 112.4dB) @  42Hz
                1.1   34.3l: (116.4dB   752W 112.4dB) @  36Hz (  975uF)

1.00  88.4dB:   0.5  418.1l: (116.1dB   737W 112.2dB) @  35Hz
                0.6  197.1l: (115.1dB   584W 112.2dB) @  33Hz
                0.7  121.3l: (115.1dB   591W 112.2dB) @  33Hz
                0.8   84.0l: (116.5dB   817W 112.2dB) @  36Hz
                0.9   62.3l: (117.0dB   914W 112.2dB) @  37Hz
                1.0   48.4l: (117.6dB  1039W 112.2dB) @  39Hz
                1.1   38.8l: (118.3dB  1236W 112.2dB) @  40Hz
                1.1   38.8l: (115.5dB   640W 112.2dB) @  34Hz ( 1029uF)

-------------
st385-88
      90.0dB                            350W
Rpre   Spl      qtc    Vb     SplMech Pmech SplEle      f3

0.20  89.1dB:   0.5  540.4l: (121.2dB  4982W 109.7dB) @  36Hz
                0.6  236.1l: (120.2dB  3947W 109.7dB) @  34Hz
                0.7  141.7l: (120.2dB  3993W 109.7dB) @  34Hz
                0.8   97.0l: (121.6dB  5525W 109.7dB) @  37Hz
                0.9   71.4l: (122.1dB  6175W 109.7dB) @  38Hz
                1.0   55.2l: (122.7dB  7023W 109.7dB) @  39Hz
                1.1   44.1l: (123.4dB  8353W 109.7dB) @  41Hz
                1.1   44.1l: (120.6dB  4329W 109.7dB) @  34Hz ( 2466uF)

0.60  88.5dB:   0.6  405.8l: (118.0dB  2696W 109.1dB) @  30Hz
                0.7  215.3l: (118.0dB  2727W 109.1dB) @  30Hz
                0.8  139.7l: (119.4dB  3773W 109.1dB) @  32Hz
                0.9   99.9l: (119.9dB  4218W 109.1dB) @  33Hz
                1.0   75.8l: (120.5dB  4797W 109.1dB) @  34Hz
                1.1   59.8l: (121.2dB  5705W 109.1dB) @  36Hz
                1.1   59.8l: (118.4dB  2957W 109.1dB) @  30Hz ( 2805uF)

1.00  88.0dB:   0.6  804.2l: (116.0dB  1930W 108.6dB) @  26Hz
                0.7  335.3l: (116.0dB  1952W 108.6dB) @  27Hz
                0.8  200.5l: (117.4dB  2701W 108.6dB) @  29Hz
                0.9  137.7l: (117.9dB  3020W 108.6dB) @  30Hz
                1.0  102.0l: (118.5dB  3434W 108.6dB) @  31Hz
                1.1   79.3l: (119.2dB  4084W 108.6dB) @  32Hz
                1.1   79.3l: (116.4dB  2117W 108.6dB) @  27Hz ( 3140uF)

-------------
tit400c
      92.0dB                            800W
Rpre   Spl      qtc    Vb     SplMech Pmech SplEle      f3

0.20  87.9dB:   0.5  406.0l: (124.3dB  9268W 113.6dB) @  36Hz
                0.6  180.3l: (123.2dB  7343W 113.6dB) @  34Hz
                0.7  108.8l: (123.3dB  7429W 113.6dB) @  34Hz
                0.8   74.6l: (124.7dB 10278W 113.6dB) @  37Hz
                0.9   55.1l: (125.2dB 11489W 113.6dB) @  38Hz
                1.0   42.6l: (125.7dB 13066W 113.6dB) @  39Hz
                1.1   34.0l: (126.5dB 15540W 113.6dB) @  41Hz
                1.1   34.0l: (123.6dB  8054W 113.6dB) @  35Hz ( 1719uF)

0.60  87.5dB:   0.5  768.8l: (122.7dB  7110W 113.2dB) @  33Hz
                0.6  258.2l: (121.7dB  5633W 113.2dB) @  31Hz
                0.7  144.7l: (121.7dB  5699W 113.2dB) @  31Hz
                0.8   96.0l: (123.1dB  7886W 113.2dB) @  34Hz
                0.9   69.5l: (123.6dB  8814W 113.2dB) @  35Hz
                1.0   53.1l: (124.2dB 10024W 113.2dB) @  36Hz
                1.1   42.1l: (124.9dB 11922W 113.2dB) @  37Hz
                1.1   42.1l: (122.1dB  6179W 113.2dB) @  32Hz ( 1883uF)

1.00  87.1dB:   0.6  384.7l: (120.2dB  4435W 112.8dB) @  29Hz
                0.7  193.1l: (120.3dB  4487W 112.8dB) @  29Hz
                0.8  122.6l: (121.7dB  6208W 112.8dB) @  31Hz
                0.9   86.7l: (122.2dB  6940W 112.8dB) @  32Hz
                1.0   65.4l: (122.7dB  7892W 112.8dB) @  33Hz
                1.1   51.4l: (123.5dB  9386W 112.8dB) @  34Hz
                1.1   51.4l: (120.6dB  4865W 112.8dB) @  29Hz ( 2044uF)

-------------
um10-22
      83.4dB                            500W
Rpre   Spl      qtc    Vb     SplMech Pmech SplEle      f3

0.20  82.3dB:   0.5  452.8l: (117.1dB  7403W 105.4dB) @  39Hz
                0.6   63.6l: (116.1dB  5865W 105.4dB) @  37Hz
                0.7   31.6l: (116.1dB  5934W 105.4dB) @  37Hz
                0.8   20.0l: (117.6dB  8210W 105.4dB) @  40Hz
                0.9   14.1l: (118.0dB  9177W 105.4dB) @  42Hz
                1.0   10.6l: (118.6dB 10437W 105.4dB) @  43Hz
                1.1    8.3l: (119.4dB 12413W 105.4dB) @  45Hz
                1.1    8.3l: (116.5dB  6434W 105.4dB) @  38Hz ( 1760uF)

0.60  81.8dB:   0.6  118.8l: (114.5dB  4556W 104.9dB) @  34Hz
                0.7   46.0l: (114.6dB  4610W 104.9dB) @  34Hz
                0.8   26.9l: (116.0dB  6378W 104.9dB) @  37Hz
                0.9   18.3l: (116.5dB  7129W 104.9dB) @  38Hz
                1.0   13.5l: (117.0dB  8107W 104.9dB) @  39Hz
                1.1   10.5l: (117.8dB  9642W 104.9dB) @  41Hz
                1.1   10.5l: (114.9dB  4998W 104.9dB) @  35Hz ( 1927uF)

1.00  81.4dB:   0.6  337.4l: (113.1dB  3648W 104.5dB) @  31Hz
                0.7   69.8l: (113.2dB  3691W 104.5dB) @  31Hz
                0.8   36.5l: (114.6dB  5107W 104.5dB) @  34Hz
                0.9   23.7l: (115.1dB  5709W 104.5dB) @  35Hz
                1.0   17.0l: (115.6dB  6492W 104.5dB) @  36Hz
                1.1   12.9l: (116.4dB  7721W 104.5dB) @  38Hz
                1.1   12.9l: (113.5dB  4002W 104.5dB) @  32Hz ( 2087uF)

-------------
um12-22
      84.0dB                            600W
Rpre   Spl      qtc    Vb     SplMech Pmech SplEle      f3

0.20  83.5dB:   0.7  253.4l: (114.4dB  3006W 107.4dB) @  28Hz
                0.8  106.1l: (115.8dB  4160W 107.4dB) @  30Hz
                0.9   63.9l: (116.3dB  4650W 107.4dB) @  31Hz
                1.0   44.3l: (116.9dB  5288W 107.4dB) @  32Hz
                1.1   33.0l: (117.6dB  6289W 107.4dB) @  33Hz
                1.1   33.0l: (114.8dB  3260W 107.4dB) @  28Hz ( 2377uF)

0.60  83.0dB:   0.7  946.5l: (112.9dB  2357W 107.0dB) @  25Hz
                0.8  176.8l: (114.3dB  3260W 107.0dB) @  27Hz
                0.9   92.0l: (114.8dB  3644W 107.0dB) @  28Hz
                1.0   59.9l: (115.4dB  4145W 107.0dB) @  29Hz
                1.1   43.2l: (116.1dB  4929W 107.0dB) @  30Hz
                1.1   43.2l: (113.3dB  2555W 107.0dB) @  26Hz ( 2596uF)

1.00  82.6dB:   0.8  353.5l: (113.0dB  2634W 106.5dB) @  25Hz
                0.9  137.2l: (113.5dB  2944W 106.5dB) @  26Hz
                1.0   81.5l: (114.0dB  3348W 106.5dB) @  27Hz
                1.1   56.2l: (114.8dB  3982W 106.5dB) @  28Hz
                1.1   56.2l: (111.9dB  2064W 106.5dB) @  24Hz ( 2806uF)

-------------
um15-22
      86.5dB                            800W
Rpre   Spl      qtc    Vb     SplMech Pmech SplEle      f3

0.20  86.1dB:   0.6  481.5l: (118.4dB  3988W 111.4dB) @  27Hz
                0.7  225.3l: (118.4dB  4035W 111.4dB) @  27Hz
                0.8  139.6l: (119.8dB  5582W 111.4dB) @  29Hz
                0.9   97.5l: (120.3dB  6240W 111.4dB) @  30Hz
                1.0   73.0l: (120.9dB  7096W 111.4dB) @  31Hz
                1.1   57.1l: (121.6dB  8440W 111.4dB) @  32Hz
                1.1   57.1l: (118.8dB  4374W 111.4dB) @  28Hz ( 2363uF)

0.60  85.6dB:   0.6  926.0l: (116.9dB  3183W 110.9dB) @  25Hz
                0.7  324.5l: (117.0dB  3221W 110.9dB) @  25Hz
                0.8  185.5l: (118.4dB  4456W 110.9dB) @  27Hz
                0.9  124.8l: (118.9dB  4981W 110.9dB) @  28Hz
                1.0   91.4l: (119.4dB  5665W 110.9dB) @  29Hz
                1.1   70.6l: (120.2dB  6737W 110.9dB) @  30Hz
                1.1   70.6l: (117.3dB  3492W 110.9dB) @  25Hz ( 2566uF)

1.00  85.2dB:   0.7  486.6l: (115.7dB  2644W 110.5dB) @  23Hz
                0.8  246.8l: (117.1dB  3659W 110.5dB) @  25Hz
                0.9  158.4l: (117.6dB  4090W 110.5dB) @  26Hz
                1.0  113.1l: (118.2dB  4651W 110.5dB) @  27Hz
                1.1   85.9l: (118.9dB  5532W 110.5dB) @  28Hz
                1.1   85.9l: (116.1dB  2867W 110.5dB) @  24Hz ( 2761uF)

