*****************************************************************************
dvc310-88 ||    0.0Ohm  0.25  92.0dB  262W 2x100 mm
 fu     fc      fo      SplMech  Vb1     Vb2       d         l        C
  7.0 Hz  22 Hz   69 Hz   88.9 dB   oo l +  15 l  * 1x70 mm  1535 mm  4797 uF
 12.0 Hz  31 Hz   82 Hz   98.2 dB  110 l +  15 l  * 1x70 mm   723 mm  2349 uF
 13.0 Hz  33 Hz   85 Hz   99.6 dB   90 l +  15 l  * 1x70 mm   644 mm  2111 uF
 14.0 Hz  35 Hz   87 Hz  100.9 dB   76 l +  15 l  * 1x70 mm   578 mm  1913 uF
 15.0 Hz  36 Hz   89 Hz  102.1 dB   66 l +  15 l  * 1x70 mm   523 mm  1744 uF
 16.0 Hz  38 Hz   91 Hz  103.2 dB   58 l +  15 l  * 1x70 mm   475 mm  1601 uF
 17.0 Hz  40 Hz   93 Hz  104.3 dB   51 l +  15 l  * 1x70 mm   434 mm  1476 uF
 18.0 Hz  41 Hz   94 Hz  105.3 dB   46 l +  15 l  * 1x70 mm   398 mm  1368 uF

dvc310-88 ||    2.7Ohm  0.31  92.0dB  262W 2x100 mm
 fu     fc      fo      SplMech  Vb1     Vb2       d         l        C
  7.7 Hz  22 Hz   63 Hz   90.5 dB   oo l +  21 l  * 1x70 mm  1047 mm  3994 uF
 10.0 Hz  26 Hz   69 Hz   95.1 dB  275 l +  21 l  * 1x70 mm   722 mm  2818 uF
 11.0 Hz  28 Hz   71 Hz   96.7 dB  189 l +  21 l  * 1x70 mm   629 mm  2482 uF
 12.0 Hz  30 Hz   73 Hz   98.2 dB  142 l +  21 l  * 1x70 mm   554 mm  2210 uF
 13.0 Hz  31 Hz   75 Hz   99.6 dB  114 l +  21 l  * 1x70 mm   492 mm  1986 uF
 14.0 Hz  33 Hz   77 Hz  100.9 dB   94 l +  21 l  * 1x70 mm   441 mm  1799 uF
 15.0 Hz  34 Hz   79 Hz  102.1 dB   80 l +  21 l  * 1x70 mm   397 mm  1641 uF
 16.0 Hz  36 Hz   80 Hz  103.2 dB   70 l +  21 l  - 1x100 mm  769 mm  1506 uF
 17.0 Hz  37 Hz   82 Hz  104.3 dB   61 l +  21 l  - 1x100 mm  703 mm  1389 uF
 18.0 Hz  39 Hz   83 Hz  105.3 dB   55 l +  21 l  - 1x100 mm  645 mm  1287 uF

dvc310-88 ||    6.8Ohm  0.33  92.0dB  262W 2x100 mm
 fu     fc      fo      SplMech  Vb1     Vb2       d         l        C
  8.1 Hz  22 Hz   60 Hz   91.3 dB   oo l +  26 l  * 1x70 mm   864 mm  3648 uF
  9.0 Hz  24 Hz   62 Hz   93.2 dB  722 l +  26 l  * 1x70 mm   737 mm  3146 uF
 10.0 Hz  25 Hz   65 Hz   95.1 dB  344 l +  26 l  * 1x70 mm   633 mm  2734 uF
 11.0 Hz  27 Hz   67 Hz   96.7 dB  223 l +  26 l  * 1x70 mm   551 mm  2408 uF
 12.0 Hz  29 Hz   69 Hz   98.2 dB  164 l +  26 l  * 1x70 mm   485 mm  2144 uF
 13.0 Hz  30 Hz   70 Hz   99.6 dB  129 l +  26 l  * 1x70 mm   430 mm  1927 uF
 14.0 Hz  32 Hz   72 Hz  100.9 dB  106 l +  26 l  * 1x70 mm   384 mm  1746 uF
 15.0 Hz  33 Hz   74 Hz  102.1 dB   89 l +  26 l  - 1x100 mm  739 mm  1592 uF
 16.0 Hz  35 Hz   76 Hz  103.2 dB   77 l +  26 l  - 1x100 mm  672 mm  1461 uF
 17.0 Hz  36 Hz   77 Hz  104.3 dB   67 l +  26 l  - 1x100 mm  614 mm  1347 uF
 18.0 Hz  38 Hz   79 Hz  105.3 dB   60 l +  26 l  - 1x100 mm  563 mm  1249 uF

dvc310-88 || 100000.0Ohm  0.38  92.0dB  262W 2x100 mm
 fu     fc      fo      SplMech  Vb1     Vb2       d         l        C
  8.6 Hz  22 Hz   56 Hz   92.5 dB   oo l +  34 l  * 1x70 mm   648 mm  3191 uF
  9.0 Hz  23 Hz   57 Hz   93.2 dB 1901 l +  34 l  * 1x70 mm   608 mm  3009 uF
 10.0 Hz  24 Hz   59 Hz   95.1 dB  522 l +  34 l  * 1x70 mm   521 mm  2615 uF
 11.0 Hz  26 Hz   61 Hz   96.7 dB  298 l +  34 l  * 1x70 mm   452 mm  2303 uF
 12.0 Hz  27 Hz   63 Hz   98.2 dB  207 l +  34 l  * 1x70 mm   396 mm  2050 uF
 13.0 Hz  29 Hz   64 Hz   99.6 dB  157 l +  34 l  - 1x100 mm  750 mm  1843 uF
 14.0 Hz  30 Hz   66 Hz  100.9 dB  126 l +  34 l  - 1x100 mm  672 mm  1670 uF
 15.0 Hz  32 Hz   68 Hz  102.1 dB  105 l +  34 l  - 1x100 mm  606 mm  1523 uF
 16.0 Hz  33 Hz   69 Hz  103.2 dB   90 l +  34 l  - 1x100 mm  549 mm  1397 uF
 17.0 Hz  35 Hz   70 Hz  104.3 dB   78 l +  34 l  - 1x100 mm  500 mm  1289 uF
 18.0 Hz  36 Hz   72 Hz  105.3 dB   69 l +  34 l  - 1x100 mm  458 mm  1194 uF

*****************************************************************************
sd215-88 ||    0.0Ohm  0.30  89.0dB   60W  1x70 mm
 fu     fc      fo      SplMech  Vb1     Vb2       d         l        C
  9.7 Hz  28 Hz   81 Hz   78.4 dB   oo l +   7 l  * 1x40 mm   674 mm  5787 uF
 10.0 Hz  29 Hz   82 Hz   79.0 dB  856 l +   7 l  * 1x40 mm   644 mm  5541 uF
 11.0 Hz  30 Hz   85 Hz   80.6 dB  204 l +   7 l  * 1x40 mm   564 mm  4880 uF
 12.0 Hz  32 Hz   87 Hz   82.1 dB  115 l +   7 l  - 1x50 mm   789 mm  4345 uF
 13.0 Hz  34 Hz   89 Hz   83.5 dB   79 l +   7 l  - 1x50 mm   705 mm  3906 uF
 14.0 Hz  36 Hz   92 Hz   84.8 dB   60 l +   7 l  - 1x50 mm   635 mm  3538 uF
 15.0 Hz  37 Hz   94 Hz   86.0 dB   48 l +   7 l  - 1x50 mm   575 mm  3227 uF
 16.0 Hz  39 Hz   96 Hz   87.1 dB   40 l +   7 l  - 1x50 mm   525 mm  2961 uF
 17.0 Hz  41 Hz   98 Hz   88.2 dB   34 l +   7 l  - 1x50 mm   481 mm  2731 uF
 18.0 Hz  42 Hz  100 Hz   89.2 dB   30 l +   7 l  - 1x50 mm   443 mm  2531 uF

sd215-88 ||    2.7Ohm  0.33  89.0dB   60W  1x70 mm
 fu     fc      fo      SplMech  Vb1     Vb2       d         l        C
 10.2 Hz  28 Hz   77 Hz   79.3 dB   oo l +   8 l  * 1x40 mm   542 mm  5217 uF
 11.0 Hz  29 Hz   79 Hz   80.6 dB  356 l +   8 l  - 1x50 mm   770 mm  4714 uF
 12.0 Hz  31 Hz   81 Hz   82.1 dB  156 l +   8 l  - 1x50 mm   682 mm  4198 uF
 13.0 Hz  33 Hz   83 Hz   83.5 dB   99 l +   8 l  - 1x50 mm   609 mm  3773 uF
 14.0 Hz  35 Hz   85 Hz   84.8 dB   72 l +   8 l  - 1x50 mm   548 mm  3418 uF
 15.0 Hz  36 Hz   87 Hz   86.0 dB   56 l +   8 l  - 1x50 mm   496 mm  3118 uF
 16.0 Hz  38 Hz   89 Hz   87.1 dB   46 l +   8 l  - 1x50 mm   452 mm  2861 uF
 17.0 Hz  39 Hz   91 Hz   88.2 dB   39 l +   8 l  - 1x50 mm   414 mm  2638 uF
 18.0 Hz  41 Hz   93 Hz   89.2 dB   34 l +   8 l    1x70 mm   768 mm  2445 uF

sd215-88 ||    6.8Ohm  0.36  89.0dB   60W  1x70 mm
 fu     fc      fo      SplMech  Vb1     Vb2       d         l        C
 10.6 Hz  28 Hz   74 Hz   80.0 dB   oo l +  10 l  - 1x50 mm   723 mm  4812 uF
 11.0 Hz  29 Hz   75 Hz   80.6 dB  782 l +  10 l  - 1x50 mm   688 mm  4589 uF
 12.0 Hz  30 Hz   77 Hz   82.1 dB  214 l +  10 l  - 1x50 mm   608 mm  4086 uF
 13.0 Hz  32 Hz   79 Hz   83.5 dB  123 l +  10 l  - 1x50 mm   542 mm  3672 uF
 14.0 Hz  34 Hz   81 Hz   84.8 dB   85 l +  10 l  - 1x50 mm   487 mm  3327 uF
 15.0 Hz  35 Hz   83 Hz   86.0 dB   65 l +  10 l  - 1x50 mm   441 mm  3035 uF
 16.0 Hz  37 Hz   85 Hz   87.1 dB   52 l +  10 l  - 1x50 mm   401 mm  2784 uF
 17.0 Hz  38 Hz   86 Hz   88.2 dB   43 l +  10 l    1x70 mm   742 mm  2568 uF
 18.0 Hz  40 Hz   88 Hz   89.2 dB   37 l +  10 l    1x70 mm   683 mm  2380 uF

sd215-88 || 100000.0Ohm  0.44  89.0dB   60W  1x70 mm
 fu     fc      fo      SplMech  Vb1     Vb2       d         l        C
 11.7 Hz  28 Hz   67 Hz   81.7 dB   oo l +  15 l  - 1x50 mm   474 mm  3951 uF
 12.0 Hz  28 Hz   67 Hz   82.1 dB 1166 l +  15 l  - 1x50 mm   458 mm  3826 uF
 13.0 Hz  30 Hz   69 Hz   83.5 dB  255 l +  15 l  - 1x50 mm   408 mm  3439 uF
 14.0 Hz  32 Hz   71 Hz   84.8 dB  142 l +  15 l    1x70 mm   739 mm  3115 uF
 15.0 Hz  33 Hz   73 Hz   86.0 dB   97 l +  15 l    1x70 mm   669 mm  2842 uF
 16.0 Hz  34 Hz   74 Hz   87.1 dB   74 l +  15 l    1x70 mm   609 mm  2607 uF
 17.0 Hz  36 Hz   76 Hz   88.2 dB   59 l +  15 l    1x70 mm   558 mm  2405 uF
 18.0 Hz  37 Hz   77 Hz   89.2 dB   49 l +  15 l    1x70 mm   513 mm  2228 uF

*****************************************************************************
sd215a-88 ||    0.0Ohm  0.28  85.9dB   60W  1x70 mm
 fu     fc      fo      SplMech  Vb1     Vb2       d         l        C
 10.5 Hz  31 Hz   92 Hz   80.1 dB   oo l +   6 l  * 1x40 mm   602 mm  5153 uF
 11.0 Hz  32 Hz   94 Hz   81.0 dB  541 l +   6 l  * 1x40 mm   560 mm  4813 uF
 12.0 Hz  34 Hz   96 Hz   82.5 dB  189 l +   6 l  - 1x50 mm   784 mm  4286 uF
 13.0 Hz  36 Hz   99 Hz   83.9 dB  113 l +   6 l  - 1x50 mm   700 mm  3852 uF
 14.0 Hz  38 Hz  101 Hz   85.2 dB   80 l +   6 l  - 1x50 mm   631 mm  3489 uF
 15.0 Hz  39 Hz  104 Hz   86.4 dB   62 l +   6 l  - 1x50 mm   572 mm  3183 uF
 16.0 Hz  41 Hz  106 Hz   87.5 dB   50 l +   6 l  - 1x50 mm   521 mm  2920 uF
 17.0 Hz  43 Hz  108 Hz   88.6 dB   42 l +   6 l  - 1x50 mm   478 mm  2693 uF
 18.0 Hz  45 Hz  110 Hz   89.5 dB   36 l +   6 l  - 1x50 mm   440 mm  2496 uF

sd215a-88 ||    2.7Ohm  0.31  85.9dB   60W  1x70 mm
 fu     fc      fo      SplMech  Vb1     Vb2       d         l        C
 11.0 Hz  31 Hz   88 Hz   81.0 dB   oo l +   7 l  - 1x50 mm   774 mm  4671 uF
 11.0 Hz  31 Hz   88 Hz   81.0 dB 13573 l +   7 l  - 1x50 mm   771 mm  4658 uF
 12.0 Hz  33 Hz   90 Hz   82.5 dB  303 l +   7 l  - 1x50 mm   682 mm  4148 uF
 13.0 Hz  35 Hz   93 Hz   83.9 dB  151 l +   7 l  - 1x50 mm   609 mm  3728 uF
 14.0 Hz  36 Hz   95 Hz   85.2 dB  100 l +   7 l  - 1x50 mm   548 mm  3377 uF
 15.0 Hz  38 Hz   97 Hz   86.4 dB   74 l +   7 l  - 1x50 mm   497 mm  3080 uF
 16.0 Hz  40 Hz   99 Hz   87.5 dB   59 l +   7 l  - 1x50 mm   452 mm  2826 uF
 17.0 Hz  41 Hz  101 Hz   88.6 dB   48 l +   7 l  - 1x50 mm   414 mm  2607 uF
 18.0 Hz  43 Hz  103 Hz   89.5 dB   41 l +   7 l    1x70 mm   769 mm  2415 uF

sd215a-88 ||    6.8Ohm  0.34  85.9dB   60W  1x70 mm
 fu     fc      fo      SplMech  Vb1     Vb2       d         l        C
 11.4 Hz  31 Hz   84 Hz   81.6 dB   oo l +   9 l  - 1x50 mm   655 mm  4316 uF
 12.0 Hz  32 Hz   86 Hz   82.5 dB  558 l +   9 l  - 1x50 mm   610 mm  4040 uF
 13.0 Hz  34 Hz   88 Hz   83.9 dB  202 l +   9 l  - 1x50 mm   544 mm  3631 uF
 14.0 Hz  36 Hz   90 Hz   85.2 dB  122 l +   9 l  - 1x50 mm   489 mm  3289 uF
 15.0 Hz  37 Hz   92 Hz   86.4 dB   87 l +   9 l  - 1x50 mm   443 mm  3000 uF
 16.0 Hz  39 Hz   94 Hz   87.5 dB   67 l +   9 l  - 1x50 mm   403 mm  2753 uF
 17.0 Hz  40 Hz   96 Hz   88.6 dB   55 l +   9 l    1x70 mm   745 mm  2539 uF
 18.0 Hz  42 Hz   98 Hz   89.5 dB   46 l +   9 l    1x70 mm   686 mm  2353 uF

sd215a-88 || 100000.0Ohm  0.41  85.9dB   60W  1x70 mm
 fu     fc      fo      SplMech  Vb1     Vb2       d         l        C
 12.6 Hz  31 Hz   76 Hz   83.4 dB   oo l +  13 l  - 1x50 mm   424 mm  3529 uF
 13.0 Hz  32 Hz   77 Hz   83.9 dB  970 l +  13 l  - 1x50 mm   407 mm  3395 uF
 14.0 Hz  33 Hz   79 Hz   85.2 dB  259 l +  13 l    1x70 mm   737 mm  3076 uF
 15.0 Hz  35 Hz   81 Hz   86.4 dB  148 l +  13 l    1x70 mm   668 mm  2805 uF
 16.0 Hz  36 Hz   82 Hz   87.5 dB  103 l +  13 l    1x70 mm   608 mm  2574 uF
 17.0 Hz  38 Hz   84 Hz   88.6 dB   79 l +  13 l    1x70 mm   556 mm  2374 uF
 18.0 Hz  39 Hz   86 Hz   89.5 dB   63 l +  13 l    1x70 mm   511 mm  2200 uF

*****************************************************************************
sd270-88 ||    0.0Ohm  0.27  88.0dB   60W 1x100 mm
 fu     fc      fo      SplMech  Vb1     Vb2       d         l        C
  8.3 Hz  25 Hz   76 Hz   80.3 dB   oo l +  16 l  * 1x50 mm   557 mm  6848 uF
  9.0 Hz  26 Hz   78 Hz   81.7 dB  882 l +  16 l  * 1x50 mm   493 mm  6119 uF
 10.0 Hz  28 Hz   80 Hz   83.6 dB  365 l +  16 l  * 1x50 mm   424 mm  5317 uF
 11.0 Hz  30 Hz   83 Hz   85.2 dB  227 l +  16 l  - 1x70 mm   744 mm  4682 uF
 12.0 Hz  32 Hz   86 Hz   86.7 dB  163 l +  16 l  - 1x70 mm   657 mm  4170 uF
 13.0 Hz  34 Hz   88 Hz   88.1 dB  127 l +  16 l  - 1x70 mm   584 mm  3747 uF
 14.0 Hz  36 Hz   90 Hz   89.4 dB  103 l +  16 l  - 1x70 mm   524 mm  3395 uF
 15.0 Hz  37 Hz   92 Hz   90.6 dB   87 l +  16 l  - 1x70 mm   473 mm  3096 uF
 16.0 Hz  39 Hz   94 Hz   91.7 dB   74 l +  16 l  - 1x70 mm   430 mm  2841 uF
 17.0 Hz  40 Hz   96 Hz   92.8 dB   65 l +  16 l  - 1x70 mm   392 mm  2621 uF
 18.0 Hz  42 Hz   98 Hz   93.8 dB   58 l +  16 l    1x100 mm  767 mm  2428 uF

sd270-88 ||    2.7Ohm  0.30  88.0dB   60W 1x100 mm
 fu     fc      fo      SplMech  Vb1     Vb2       d         l        C
  8.7 Hz  25 Hz   72 Hz   81.2 dB   oo l +  19 l  * 1x50 mm   447 mm  6188 uF
  9.0 Hz  26 Hz   73 Hz   81.7 dB 2283 l +  19 l  * 1x50 mm   426 mm  5916 uF
 10.0 Hz  27 Hz   75 Hz   83.6 dB  515 l +  19 l  - 1x70 mm   738 mm  5140 uF
 11.0 Hz  29 Hz   78 Hz   85.2 dB  286 l +  19 l  - 1x70 mm   643 mm  4527 uF
 12.0 Hz  31 Hz   80 Hz   86.7 dB  196 l +  19 l  - 1x70 mm   566 mm  4031 uF
 13.0 Hz  33 Hz   82 Hz   88.1 dB  148 l +  19 l  - 1x70 mm   503 mm  3623 uF
 14.0 Hz  34 Hz   84 Hz   89.4 dB  119 l +  19 l  - 1x70 mm   451 mm  3282 uF
 15.0 Hz  36 Hz   86 Hz   90.6 dB   98 l +  19 l  - 1x70 mm   406 mm  2994 uF
 16.0 Hz  38 Hz   88 Hz   91.7 dB   84 l +  19 l    1x100 mm  786 mm  2747 uF
 17.0 Hz  39 Hz   90 Hz   92.8 dB   73 l +  19 l    1x100 mm  718 mm  2534 uF
 18.0 Hz  41 Hz   92 Hz   93.8 dB   64 l +  19 l    1x100 mm  660 mm  2348 uF

sd270-88 ||    6.8Ohm  0.33  88.0dB   60W 1x100 mm
 fu     fc      fo      SplMech  Vb1     Vb2       d         l        C
  9.1 Hz  25 Hz   69 Hz   81.9 dB   oo l +  23 l  - 1x70 mm   758 mm  5710 uF
 10.0 Hz  27 Hz   71 Hz   83.6 dB  745 l +  23 l  - 1x70 mm   657 mm  5004 uF
 11.0 Hz  28 Hz   74 Hz   85.2 dB  355 l +  23 l  - 1x70 mm   572 mm  4407 uF
 12.0 Hz  30 Hz   76 Hz   86.7 dB  231 l +  23 l  - 1x70 mm   503 mm  3924 uF
 13.0 Hz  32 Hz   78 Hz   88.1 dB  170 l +  23 l  - 1x70 mm   447 mm  3527 uF
 14.0 Hz  33 Hz   80 Hz   89.4 dB  133 l +  23 l  - 1x70 mm   399 mm  3195 uF
 15.0 Hz  35 Hz   82 Hz   90.6 dB  109 l +  23 l    1x100 mm  768 mm  2914 uF
 16.0 Hz  37 Hz   83 Hz   91.7 dB   93 l +  23 l    1x100 mm  698 mm  2674 uF
 17.0 Hz  38 Hz   85 Hz   92.8 dB   80 l +  23 l    1x100 mm  637 mm  2467 uF
 18.0 Hz  40 Hz   87 Hz   93.8 dB   70 l +  23 l    1x100 mm  585 mm  2286 uF

sd270-88 || 100000.0Ohm  0.40  88.0dB   60W 1x100 mm
 fu     fc      fo      SplMech  Vb1     Vb2       d         l        C
 10.0 Hz  25 Hz   62 Hz   83.6 dB   oo l +  34 l  - 1x70 mm   489 mm  4672 uF
 11.0 Hz  27 Hz   64 Hz   85.2 dB  787 l +  34 l  - 1x70 mm   425 mm  4122 uF
 12.0 Hz  28 Hz   66 Hz   86.7 dB  385 l +  34 l    1x100 mm  793 mm  3671 uF
 13.0 Hz  30 Hz   68 Hz   88.1 dB  252 l +  34 l    1x100 mm  705 mm  3299 uF
 14.0 Hz  31 Hz   70 Hz   89.4 dB  186 l +  34 l    1x100 mm  631 mm  2989 uF
 15.0 Hz  33 Hz   71 Hz   90.6 dB  147 l +  34 l    1x100 mm  569 mm  2726 uF
 16.0 Hz  34 Hz   73 Hz   91.7 dB  121 l +  34 l    1x100 mm  515 mm  2501 uF
 17.0 Hz  36 Hz   74 Hz   92.8 dB  102 l +  34 l    1x100 mm  469 mm  2307 uF
 18.0 Hz  37 Hz   76 Hz   93.8 dB   89 l +  34 l    1x100 mm  429 mm  2138 uF

*****************************************************************************
sd270a-88 ||    0.0Ohm  0.32  92.7dB   60W 1x100 mm
 fu     fc      fo      SplMech  Vb1     Vb2       d         l        C
 10.6 Hz  30 Hz   83 Hz   85.0 dB   oo l +  23 l  - 1x70 mm   517 mm  4954 uF
 11.0 Hz  30 Hz   84 Hz   85.7 dB 2117 l +  23 l  - 1x70 mm   488 mm  4704 uF
 12.0 Hz  32 Hz   86 Hz   87.2 dB  615 l +  23 l  - 1x70 mm   429 mm  4189 uF
 13.0 Hz  34 Hz   89 Hz   88.6 dB  355 l +  23 l  - 1x70 mm   380 mm  3765 uF
 14.0 Hz  36 Hz   91 Hz   89.9 dB  248 l +  23 l    1x100 mm  725 mm  3411 uF
 15.0 Hz  37 Hz   93 Hz   91.1 dB  189 l +  23 l    1x100 mm  655 mm  3111 uF
 16.0 Hz  39 Hz   95 Hz   92.2 dB  153 l +  23 l    1x100 mm  594 mm  2855 uF
 17.0 Hz  41 Hz   97 Hz   93.3 dB  127 l +  23 l    1x100 mm  542 mm  2633 uF
 18.0 Hz  42 Hz   99 Hz   94.3 dB  109 l +  23 l    1x100 mm  496 mm  2440 uF

sd270a-88 ||    2.7Ohm  0.35  92.7dB   60W 1x100 mm
 fu     fc      fo      SplMech  Vb1     Vb2       d         l        C
 11.1 Hz  30 Hz   79 Hz   85.9 dB   oo l +  28 l  - 1x70 mm   414 mm  4484 uF
 12.0 Hz  31 Hz   81 Hz   87.2 dB 1053 l +  28 l    1x100 mm  786 mm  4052 uF
 13.0 Hz  33 Hz   83 Hz   88.6 dB  485 l +  28 l    1x100 mm  698 mm  3642 uF
 14.0 Hz  35 Hz   85 Hz   89.9 dB  313 l +  28 l    1x100 mm  625 mm  3299 uF
 15.0 Hz  36 Hz   87 Hz   91.1 dB  229 l +  28 l    1x100 mm  563 mm  3009 uF
 16.0 Hz  38 Hz   89 Hz   92.2 dB  180 l +  28 l    1x100 mm  510 mm  2761 uF
 17.0 Hz  39 Hz   91 Hz   93.3 dB  148 l +  28 l    1x100 mm  464 mm  2547 uF
 18.0 Hz  41 Hz   92 Hz   94.3 dB  125 l +  28 l    1x100 mm  424 mm  2360 uF

sd270a-88 ||    6.8Ohm  0.38  92.7dB   60W 1x100 mm
 fu     fc      fo      SplMech  Vb1     Vb2       d         l        C
 11.6 Hz  30 Hz   76 Hz   86.6 dB   oo l +  33 l    1x100 mm  738 mm  4143 uF
 12.0 Hz  30 Hz   77 Hz   87.2 dB 2254 l +  33 l    1x100 mm  699 mm  3947 uF
 13.0 Hz  32 Hz   79 Hz   88.6 dB  668 l +  33 l    1x100 mm  621 mm  3547 uF
 14.0 Hz  34 Hz   81 Hz   89.9 dB  388 l +  33 l    1x100 mm  555 mm  3214 uF
 15.0 Hz  35 Hz   83 Hz   91.1 dB  271 l +  33 l    1x100 mm  499 mm  2931 uF
 16.0 Hz  37 Hz   84 Hz   92.2 dB  208 l +  33 l    1x100 mm  451 mm  2689 uF
 17.0 Hz  38 Hz   86 Hz   93.3 dB  167 l +  33 l    1x100 mm  410 mm  2481 uF
 18.0 Hz  40 Hz   88 Hz   94.3 dB  140 l +  33 l    1x100 mm  374 mm  2299 uF

sd270a-88 || 100000.0Ohm  0.46  92.7dB   60W 1x100 mm
 fu     fc      fo      SplMech  Vb1     Vb2       d         l        C
 12.8 Hz  30 Hz   69 Hz   88.3 dB   oo l +  48 l    1x100 mm  472 mm  3405 uF
 13.0 Hz  30 Hz   69 Hz   88.6 dB 4547 l +  48 l    1x100 mm  459 mm  3323 uF
 14.0 Hz  31 Hz   71 Hz   89.9 dB  856 l +  48 l    1x100 mm  408 mm  3010 uF
 15.0 Hz  33 Hz   72 Hz   91.1 dB  467 l +  48 l    1x100 mm  366 mm  2745 uF
 16.0 Hz  34 Hz   74 Hz   92.2 dB  319 l +  48 l    1x100 mm  329 mm  2519 uF
 17.0 Hz  36 Hz   76 Hz   93.3 dB  241 l +  48 l    1x100 mm  297 mm  2323 uF
 18.0 Hz  37 Hz   77 Hz   94.3 dB  193 l +  48 l    1x100 mm  269 mm  2153 uF

*****************************************************************************
sd315a-88 ||    0.0Ohm  0.25  94.0dB   90W 2x100 mm
 fu     fc      fo      SplMech  Vb1     Vb2       d         l        C
  8.4 Hz  27 Hz   86 Hz   85.7 dB   oo l +  15 l  * 1x70 mm  1015 mm  7319 uF
 10.0 Hz  30 Hz   91 Hz   88.7 dB  483 l +  15 l  * 1x70 mm   797 mm  5835 uF
 11.0 Hz  32 Hz   94 Hz   90.3 dB  289 l +  15 l  * 1x70 mm   696 mm  5138 uF
 12.0 Hz  34 Hz   96 Hz   91.8 dB  205 l +  15 l  * 1x70 mm   613 mm  4575 uF
 13.0 Hz  36 Hz   99 Hz   93.2 dB  157 l +  15 l  * 1x70 mm   546 mm  4112 uF
 14.0 Hz  38 Hz  102 Hz   94.5 dB  127 l +  15 l  * 1x70 mm   489 mm  3725 uF
 15.0 Hz  39 Hz  104 Hz   95.7 dB  106 l +  15 l  * 1x70 mm   441 mm  3398 uF
 16.0 Hz  41 Hz  106 Hz   96.8 dB   91 l +  15 l  * 1x70 mm   400 mm  3118 uF
 17.0 Hz  43 Hz  108 Hz   97.9 dB   79 l +  15 l  - 1x100 mm  778 mm  2876 uF
 18.0 Hz  45 Hz  110 Hz   98.9 dB   70 l +  15 l  - 1x100 mm  715 mm  2665 uF

sd315a-88 ||    2.7Ohm  0.27  94.0dB   90W 2x100 mm
 fu     fc      fo      SplMech  Vb1     Vb2       d         l        C
  8.9 Hz  27 Hz   81 Hz   86.6 dB   oo l +  18 l  * 1x70 mm   811 mm  6586 uF
  9.0 Hz  27 Hz   82 Hz   86.8 dB 7698 l +  18 l  * 1x70 mm   797 mm  6482 uF
 10.0 Hz  29 Hz   85 Hz   88.7 dB  726 l +  18 l  * 1x70 mm   685 mm  5633 uF
 11.0 Hz  31 Hz   87 Hz   90.3 dB  375 l +  18 l  * 1x70 mm   597 mm  4960 uF
 12.0 Hz  33 Hz   90 Hz   91.8 dB  250 l +  18 l  * 1x70 mm   525 mm  4417 uF
 13.0 Hz  35 Hz   92 Hz   93.2 dB  186 l +  18 l  * 1x70 mm   466 mm  3970 uF
 14.0 Hz  36 Hz   95 Hz   94.5 dB  148 l +  18 l  * 1x70 mm   417 mm  3596 uF
 15.0 Hz  38 Hz   97 Hz   95.7 dB  122 l +  18 l  * 1x70 mm   376 mm  3280 uF
 16.0 Hz  40 Hz   99 Hz   96.8 dB  103 l +  18 l  - 1x100 mm  728 mm  3010 uF
 17.0 Hz  41 Hz  101 Hz   97.9 dB   89 l +  18 l  - 1x100 mm  666 mm  2776 uF
 18.0 Hz  43 Hz  103 Hz   98.9 dB   79 l +  18 l  - 1x100 mm  611 mm  2572 uF

sd315a-88 ||    6.8Ohm  0.30  94.0dB   90W 2x100 mm
 fu     fc      fo      SplMech  Vb1     Vb2       d         l        C
  9.3 Hz  27 Hz   78 Hz   87.3 dB   oo l +  22 l  * 1x70 mm   679 mm  6063 uF
 10.0 Hz  28 Hz   80 Hz   88.7 dB 1153 l +  22 l  * 1x70 mm   608 mm  5480 uF
 11.0 Hz  30 Hz   83 Hz   90.3 dB  479 l +  22 l  * 1x70 mm   529 mm  4826 uF
 12.0 Hz  32 Hz   85 Hz   91.8 dB  299 l +  22 l  * 1x70 mm   465 mm  4297 uF
 13.0 Hz  34 Hz   87 Hz   93.2 dB  215 l +  22 l  * 1x70 mm   412 mm  3862 uF
 14.0 Hz  35 Hz   90 Hz   94.5 dB  168 l +  22 l  - 1x100 mm  785 mm  3499 uF
 15.0 Hz  37 Hz   92 Hz   95.7 dB  136 l +  22 l  - 1x100 mm  709 mm  3191 uF
 16.0 Hz  39 Hz   94 Hz   96.8 dB  115 l +  22 l  - 1x100 mm  644 mm  2928 uF
 17.0 Hz  40 Hz   96 Hz   97.9 dB   99 l +  22 l  - 1x100 mm  588 mm  2701 uF
 18.0 Hz  42 Hz   97 Hz   98.9 dB   86 l +  22 l  - 1x100 mm  539 mm  2503 uF

sd315a-88 || 100000.0Ohm  0.36  94.0dB   90W 2x100 mm
 fu     fc      fo      SplMech  Vb1     Vb2       d         l        C
 10.3 Hz  27 Hz   71 Hz   89.1 dB   oo l +  32 l  * 1x70 mm   435 mm  4955 uF
 11.0 Hz  28 Hz   72 Hz   90.3 dB 1249 l +  32 l  * 1x70 mm   391 mm  4512 uF
 12.0 Hz  30 Hz   74 Hz   91.8 dB  526 l +  32 l  - 1x100 mm  732 mm  4018 uF
 13.0 Hz  32 Hz   76 Hz   93.2 dB  330 l +  32 l  - 1x100 mm  650 mm  3611 uF
 14.0 Hz  33 Hz   78 Hz   94.5 dB  239 l +  32 l  - 1x100 mm  581 mm  3271 uF
 15.0 Hz  35 Hz   80 Hz   95.7 dB  186 l +  32 l  - 1x100 mm  523 mm  2984 uF
 16.0 Hz  36 Hz   82 Hz   96.8 dB  152 l +  32 l  - 1x100 mm  473 mm  2738 uF
 17.0 Hz  38 Hz   84 Hz   97.9 dB  128 l +  32 l  - 1x100 mm  430 mm  2525 uF
 18.0 Hz  39 Hz   85 Hz   98.9 dB  110 l +  32 l  - 1x100 mm  393 mm  2340 uF

*****************************************************************************
st315-88 ||    0.0Ohm  0.24  94.0dB   90W 1x100 mm
 fu     fc      fo      SplMech  Vb1     Vb2       d         l        C
  7.8 Hz  25 Hz   80 Hz   83.6 dB   oo l +  17 l  * 1x50 mm   526 mm  3850 uF
  8.0 Hz  25 Hz   81 Hz   84.0 dB 4093 l +  17 l  * 1x50 mm   507 mm  3722 uF
  9.0 Hz  28 Hz   84 Hz   86.1 dB  666 l +  17 l  * 1x50 mm   428 mm  3181 uF
 10.0 Hz  30 Hz   87 Hz   87.9 dB  357 l +  17 l  - 1x70 mm   741 mm  2764 uF
 11.0 Hz  31 Hz   90 Hz   89.6 dB  241 l +  17 l  - 1x70 mm   646 mm  2434 uF
 12.0 Hz  33 Hz   92 Hz   91.1 dB  180 l +  17 l  - 1x70 mm   569 mm  2168 uF
 13.0 Hz  35 Hz   95 Hz   92.5 dB  143 l +  17 l  - 1x70 mm   506 mm  1948 uF
 14.0 Hz  37 Hz   97 Hz   93.8 dB  119 l +  17 l  - 1x70 mm   453 mm  1765 uF
 15.0 Hz  39 Hz  100 Hz   95.0 dB  101 l +  17 l  - 1x70 mm   408 mm  1610 uF
 16.0 Hz  40 Hz  102 Hz   96.1 dB   87 l +  17 l    1x100 mm  789 mm  1477 uF
 17.0 Hz  42 Hz  104 Hz   97.1 dB   77 l +  17 l    1x100 mm  721 mm  1362 uF
 18.0 Hz  44 Hz  106 Hz   98.1 dB   68 l +  17 l    1x100 mm  663 mm  1263 uF

st315-88 ||    2.7Ohm  0.29  94.0dB   90W 1x100 mm
 fu     fc      fo      SplMech  Vb1     Vb2       d         l        C
  8.5 Hz  25 Hz   74 Hz   85.0 dB   oo l +  23 l  - 1x70 mm   748 mm  3277 uF
  9.0 Hz  26 Hz   75 Hz   86.1 dB 1613 l +  23 l  - 1x70 mm   684 mm  3015 uF
 10.0 Hz  28 Hz   78 Hz   87.9 dB  558 l +  23 l  - 1x70 mm   587 mm  2620 uF
 11.0 Hz  30 Hz   81 Hz   89.6 dB  333 l +  23 l  - 1x70 mm   510 mm  2307 uF
 12.0 Hz  32 Hz   83 Hz   91.1 dB  235 l +  23 l  - 1x70 mm   448 mm  2054 uF
 13.0 Hz  33 Hz   85 Hz   92.5 dB  181 l +  23 l  - 1x70 mm   397 mm  1846 uF
 14.0 Hz  35 Hz   87 Hz   93.8 dB  146 l +  23 l    1x100 mm  757 mm  1673 uF
 15.0 Hz  37 Hz   89 Hz   95.0 dB  122 l +  23 l    1x100 mm  684 mm  1526 uF
 16.0 Hz  38 Hz   91 Hz   96.1 dB  104 l +  23 l    1x100 mm  621 mm  1400 uF
 17.0 Hz  40 Hz   93 Hz   97.1 dB   91 l +  23 l    1x100 mm  566 mm  1291 uF
 18.0 Hz  41 Hz   95 Hz   98.1 dB   81 l +  23 l    1x100 mm  519 mm  1196 uF

st315-88 ||    6.8Ohm  0.31  94.0dB   90W 1x100 mm
 fu     fc      fo      SplMech  Vb1     Vb2       d         l        C
  8.8 Hz  25 Hz   71 Hz   85.8 dB   oo l +  27 l  - 1x70 mm   620 mm  3004 uF
  9.0 Hz  25 Hz   71 Hz   86.1 dB 5451 l +  27 l  - 1x70 mm   603 mm  2929 uF
 10.0 Hz  27 Hz   74 Hz   87.9 dB  776 l +  27 l  - 1x70 mm   516 mm  2545 uF
 11.0 Hz  29 Hz   76 Hz   89.6 dB  411 l +  27 l  - 1x70 mm   448 mm  2241 uF
 12.0 Hz  31 Hz   78 Hz   91.1 dB  277 l +  27 l  - 1x70 mm   393 mm  1996 uF
 13.0 Hz  32 Hz   81 Hz   92.5 dB  207 l +  27 l    1x100 mm  743 mm  1794 uF
 14.0 Hz  34 Hz   83 Hz   93.8 dB  165 l +  27 l    1x100 mm  666 mm  1625 uF
 15.0 Hz  36 Hz   84 Hz   95.0 dB  136 l +  27 l    1x100 mm  600 mm  1482 uF
 16.0 Hz  37 Hz   86 Hz   96.1 dB  116 l +  27 l    1x100 mm  544 mm  1360 uF
 17.0 Hz  39 Hz   88 Hz   97.1 dB  100 l +  27 l    1x100 mm  496 mm  1254 uF
 18.0 Hz  40 Hz   90 Hz   98.1 dB   88 l +  27 l    1x100 mm  454 mm  1162 uF

st315-88 || 100000.0Ohm  0.36  94.0dB   90W 1x100 mm
 fu     fc      fo      SplMech  Vb1     Vb2       d         l        C
  9.5 Hz  25 Hz   66 Hz   86.9 dB   oo l +  36 l  - 1x70 mm   457 mm  2619 uF
 10.0 Hz  26 Hz   67 Hz   87.9 dB 1815 l +  36 l  - 1x70 mm   421 mm  2431 uF
 11.0 Hz  28 Hz   69 Hz   89.6 dB  628 l +  36 l    1x100 mm  777 mm  2141 uF
 12.0 Hz  29 Hz   72 Hz   91.1 dB  375 l +  36 l    1x100 mm  683 mm  1907 uF
 13.0 Hz  31 Hz   73 Hz   92.5 dB  265 l +  36 l    1x100 mm  606 mm  1714 uF
 14.0 Hz  32 Hz   75 Hz   93.8 dB  204 l +  36 l    1x100 mm  541 mm  1552 uF
 15.0 Hz  34 Hz   77 Hz   95.0 dB  165 l +  36 l    1x100 mm  487 mm  1416 uF
 16.0 Hz  35 Hz   79 Hz   96.1 dB  138 l +  36 l    1x100 mm  440 mm  1299 uF
 17.0 Hz  37 Hz   80 Hz   97.1 dB  118 l +  36 l    1x100 mm  399 mm  1198 uF
 18.0 Hz  38 Hz   82 Hz   98.1 dB  103 l +  36 l    1x100 mm  364 mm  1110 uF

*****************************************************************************
st385-88 ||    0.0Ohm  0.27  90.0dB  262W 2x100 mm
 fu     fc      fo      SplMech  Vb1     Vb2       d         l        C
  6.5 Hz  20 Hz   61 Hz   91.7 dB   oo l +  40 l  * 1x70 mm   662 mm 10447 uF
  7.0 Hz  21 Hz   63 Hz   92.9 dB 2955 l +  40 l  * 1x70 mm   600 mm  9542 uF
  8.0 Hz  23 Hz   65 Hz   95.2 dB  909 l +  40 l  * 1x70 mm   493 mm  7986 uF
  9.0 Hz  25 Hz   68 Hz   97.2 dB  528 l +  40 l  * 1x70 mm   413 mm  6825 uF
 10.0 Hz  27 Hz   70 Hz   99.1 dB  368 l +  40 l  - 1x100 mm  752 mm  5931 uF
 11.0 Hz  28 Hz   73 Hz  100.7 dB  280 l +  40 l  - 1x100 mm  653 mm  5223 uF
 12.0 Hz  30 Hz   75 Hz  102.2 dB  225 l +  40 l  - 1x100 mm  573 mm  4651 uF
 13.0 Hz  32 Hz   77 Hz  103.6 dB  187 l +  40 l  - 1x100 mm  507 mm  4180 uF
 14.0 Hz  33 Hz   79 Hz  104.9 dB  159 l +  40 l  - 1x100 mm  451 mm  3787 uF
 15.0 Hz  35 Hz   81 Hz  106.1 dB  138 l +  40 l  - 1x100 mm  405 mm  3454 uF
 16.0 Hz  36 Hz   82 Hz  107.2 dB  122 l +  40 l    2x100 mm  772 mm  3169 uF
 17.0 Hz  38 Hz   84 Hz  108.3 dB  109 l +  40 l    2x100 mm  703 mm  2923 uF
 18.0 Hz  39 Hz   86 Hz  109.3 dB   98 l +  40 l    2x100 mm  643 mm  2709 uF

st385-88 ||    2.7Ohm  0.30  90.0dB  262W 2x100 mm
 fu     fc      fo      SplMech  Vb1     Vb2       d         l        C
  7.0 Hz  20 Hz   57 Hz   92.8 dB   oo l +  51 l  * 1x70 mm   504 mm  9225 uF
  7.0 Hz  20 Hz   58 Hz   92.9 dB 36707 l +  51 l  * 1x70 mm   500 mm  9155 uF
  8.0 Hz  22 Hz   60 Hz   95.2 dB 1373 l +  51 l  * 1x70 mm   409 mm  7662 uF
  9.0 Hz  24 Hz   63 Hz   97.2 dB  685 l +  51 l  - 1x100 mm  732 mm  6548 uF
 10.0 Hz  25 Hz   65 Hz   99.1 dB  451 l +  51 l  - 1x100 mm  625 mm  5690 uF
 11.0 Hz  27 Hz   67 Hz  100.7 dB  333 l +  51 l  - 1x100 mm  541 mm  5011 uF
 12.0 Hz  29 Hz   69 Hz  102.2 dB  262 l +  51 l  - 1x100 mm  473 mm  4462 uF
 13.0 Hz  30 Hz   71 Hz  103.6 dB  215 l +  51 l  - 1x100 mm  417 mm  4010 uF
 14.0 Hz  32 Hz   73 Hz  104.9 dB  182 l +  51 l    2x100 mm  782 mm  3633 uF
 15.0 Hz  33 Hz   74 Hz  106.1 dB  157 l +  51 l    2x100 mm  704 mm  3314 uF
 16.0 Hz  35 Hz   76 Hz  107.2 dB  138 l +  51 l    2x100 mm  636 mm  3041 uF
 17.0 Hz  36 Hz   77 Hz  108.3 dB  122 l +  51 l    2x100 mm  578 mm  2804 uF
 18.0 Hz  38 Hz   79 Hz  109.3 dB  110 l +  51 l    2x100 mm  527 mm  2599 uF

st385-88 ||    6.8Ohm  0.33  90.0dB  262W 2x100 mm
 fu     fc      fo      SplMech  Vb1     Vb2       d         l        C
  7.3 Hz  20 Hz   55 Hz   93.6 dB   oo l +  61 l  * 1x70 mm   411 mm  8421 uF
  8.0 Hz  21 Hz   57 Hz   95.2 dB 2106 l +  61 l  - 1x100 mm  761 mm  7432 uF
  9.0 Hz  23 Hz   59 Hz   97.2 dB  860 l +  61 l  - 1x100 mm  639 mm  6352 uF
 10.0 Hz  25 Hz   61 Hz   99.1 dB  533 l +  61 l  - 1x100 mm  544 mm  5520 uF
 11.0 Hz  26 Hz   63 Hz  100.7 dB  382 l +  61 l  - 1x100 mm  470 mm  4861 uF
 12.0 Hz  28 Hz   65 Hz  102.2 dB  296 l +  61 l  - 1x100 mm  410 mm  4329 uF
 13.0 Hz  29 Hz   67 Hz  103.6 dB  240 l +  61 l    2x100 mm  762 mm  3890 uF
 14.0 Hz  31 Hz   68 Hz  104.9 dB  202 l +  61 l    2x100 mm  680 mm  3524 uF
 15.0 Hz  32 Hz   70 Hz  106.1 dB  173 l +  61 l    2x100 mm  610 mm  3215 uF
 16.0 Hz  34 Hz   71 Hz  107.2 dB  151 l +  61 l    2x100 mm  551 mm  2950 uF
 17.0 Hz  35 Hz   73 Hz  108.3 dB  134 l +  61 l    2x100 mm  499 mm  2721 uF
 18.0 Hz  37 Hz   74 Hz  109.3 dB  120 l +  61 l    2x100 mm  454 mm  2521 uF

st385-88 || 100000.0Ohm  0.41  90.0dB  262W 2x100 mm
 fu     fc      fo      SplMech  Vb1     Vb2       d         l        C
  8.1 Hz  20 Hz   50 Hz   95.3 dB   oo l +  92 l  - 1x100 mm  554 mm  6872 uF
  9.0 Hz  22 Hz   51 Hz   97.2 dB 1776 l +  92 l  - 1x100 mm  468 mm  5936 uF
 10.0 Hz  23 Hz   53 Hz   99.1 dB  843 l +  92 l  - 1x100 mm  396 mm  5158 uF
 11.0 Hz  25 Hz   55 Hz  100.7 dB  546 l +  92 l    2x100 mm  721 mm  4543 uF
 12.0 Hz  26 Hz   57 Hz  102.2 dB  401 l +  92 l    2x100 mm  630 mm  4045 uF
 13.0 Hz  27 Hz   58 Hz  103.6 dB  315 l +  92 l    2x100 mm  554 mm  3635 uF
 14.0 Hz  29 Hz   60 Hz  104.9 dB  258 l +  92 l    2x100 mm  492 mm  3293 uF
 15.0 Hz  30 Hz   61 Hz  106.1 dB  217 l +  92 l    2x100 mm  439 mm  3004 uF
 16.0 Hz  32 Hz   62 Hz  107.2 dB  188 l +  92 l    2x100 mm  393 mm  2756 uF
 17.0 Hz  33 Hz   64 Hz  108.3 dB  164 l +  92 l    2x100 mm  354 mm  2542 uF
 18.0 Hz  34 Hz   65 Hz  109.3 dB  146 l +  92 l    2x100 mm  320 mm  2356 uF

*****************************************************************************
um10-22 ||    0.0Ohm  0.33  83.4dB  375W 1x100 mm
 fu     fc      fo      SplMech  Vb1     Vb2       d         l        C
  9.6 Hz  26 Hz   72 Hz   92.5 dB   oo l +   8 l  * 1x50 mm  1054 mm  5035 uF
 12.0 Hz  30 Hz   77 Hz   96.4 dB  100 l +   8 l  * 1x50 mm   769 mm  3724 uF
 13.0 Hz  32 Hz   79 Hz   97.8 dB   70 l +   8 l  * 1x50 mm   687 mm  3347 uF
 14.0 Hz  34 Hz   81 Hz   99.1 dB   53 l +   8 l  * 1x50 mm   619 mm  3032 uF
 15.0 Hz  35 Hz   83 Hz  100.3 dB   43 l +   8 l  * 1x50 mm   561 mm  2766 uF
 16.0 Hz  37 Hz   85 Hz  101.4 dB   36 l +   8 l  * 1x50 mm   511 mm  2538 uF
 17.0 Hz  38 Hz   87 Hz  102.5 dB   30 l +   8 l  * 1x50 mm   469 mm  2341 uF
 18.0 Hz  40 Hz   89 Hz  103.5 dB   27 l +   8 l  * 1x50 mm   431 mm  2169 uF

um10-22 ||    2.7Ohm  0.41  83.4dB  375W 1x100 mm
 fu     fc      fo      SplMech  Vb1     Vb2       d         l        C
 10.6 Hz  26 Hz   64 Hz   94.4 dB   oo l +  12 l  * 1x50 mm   675 mm  4071 uF
 11.0 Hz  27 Hz   65 Hz   94.9 dB  784 l +  12 l  * 1x50 mm   645 mm  3896 uF
 12.0 Hz  28 Hz   67 Hz   96.4 dB  203 l +  12 l  * 1x50 mm   570 mm  3470 uF
 13.0 Hz  30 Hz   69 Hz   97.8 dB  115 l +  12 l  * 1x50 mm   508 mm  3118 uF
 14.0 Hz  31 Hz   71 Hz   99.1 dB   80 l +  12 l  * 1x50 mm   456 mm  2825 uF
 15.0 Hz  33 Hz   72 Hz  100.3 dB   61 l +  12 l  * 1x50 mm   413 mm  2577 uF
 16.0 Hz  34 Hz   74 Hz  101.4 dB   49 l +  12 l  - 1x70 mm   758 mm  2364 uF
 17.0 Hz  36 Hz   75 Hz  102.5 dB   40 l +  12 l  - 1x70 mm   695 mm  2181 uF
 18.0 Hz  37 Hz   77 Hz  103.5 dB   35 l +  12 l  - 1x70 mm   640 mm  2021 uF

um10-22 ||    6.8Ohm  0.44  83.4dB  375W 1x100 mm
 fu     fc      fo      SplMech  Vb1     Vb2       d         l        C
 11.0 Hz  26 Hz   62 Hz   95.0 dB   oo l +  14 l  * 1x50 mm   578 mm  3785 uF
 12.0 Hz  28 Hz   64 Hz   96.4 dB  298 l +  14 l  * 1x50 mm   513 mm  3386 uF
 13.0 Hz  29 Hz   66 Hz   97.8 dB  144 l +  14 l  * 1x50 mm   457 mm  3044 uF
 14.0 Hz  31 Hz   67 Hz   99.1 dB   94 l +  14 l  * 1x50 mm   410 mm  2757 uF
 15.0 Hz  32 Hz   69 Hz  100.3 dB   70 l +  14 l  - 1x70 mm   749 mm  2515 uF
 16.0 Hz  34 Hz   70 Hz  101.4 dB   55 l +  14 l  - 1x70 mm   683 mm  2308 uF
 17.0 Hz  35 Hz   72 Hz  102.5 dB   45 l +  14 l  - 1x70 mm   625 mm  2128 uF
 18.0 Hz  36 Hz   73 Hz  103.5 dB   38 l +  14 l  - 1x70 mm   575 mm  1972 uF

um10-22 || 100000.0Ohm  0.48  83.4dB  375W 1x100 mm
 fu     fc      fo      SplMech  Vb1     Vb2       d         l        C
 11.5 Hz  26 Hz   60 Hz   95.7 dB   oo l +  16 l  * 1x50 mm   483 mm  3482 uF
 12.0 Hz  27 Hz   60 Hz   96.4 dB  614 l +  16 l  * 1x50 mm   455 mm  3293 uF
 13.0 Hz  28 Hz   62 Hz   97.8 dB  199 l +  16 l  * 1x50 mm   405 mm  2960 uF
 14.0 Hz  30 Hz   64 Hz   99.1 dB  118 l +  16 l  - 1x70 mm   734 mm  2682 uF
 15.0 Hz  31 Hz   65 Hz  100.3 dB   83 l +  16 l  - 1x70 mm   664 mm  2446 uF
 16.0 Hz  33 Hz   67 Hz  101.4 dB   64 l +  16 l  - 1x70 mm   605 mm  2244 uF
 17.0 Hz  34 Hz   68 Hz  102.5 dB   51 l +  16 l  - 1x70 mm   554 mm  2070 uF
 18.0 Hz  35 Hz   69 Hz  103.5 dB   43 l +  16 l  - 1x70 mm   509 mm  1918 uF

*****************************************************************************
um12-22 ||    0.0Ohm  0.43  84.0dB  450W 1x100 mm
 fu     fc      fo      SplMech  Vb1     Vb2       d         l        C
 10.3 Hz  25 Hz   60 Hz   97.4 dB   oo l +  27 l  - 1x70 mm   640 mm  4098 uF
 11.0 Hz  26 Hz   61 Hz   98.4 dB  837 l +  27 l  - 1x70 mm   585 mm  3775 uF
 12.0 Hz  27 Hz   63 Hz   99.9 dB  327 l +  27 l  - 1x70 mm   515 mm  3361 uF
 13.0 Hz  29 Hz   65 Hz  101.3 dB  201 l +  27 l  - 1x70 mm   457 mm  3021 uF
 14.0 Hz  30 Hz   66 Hz  102.6 dB  144 l +  27 l  - 1x70 mm   409 mm  2737 uF
 15.0 Hz  32 Hz   68 Hz  103.8 dB  112 l +  27 l    1x100 mm  786 mm  2496 uF
 16.0 Hz  33 Hz   69 Hz  104.9 dB   91 l +  27 l    1x100 mm  714 mm  2290 uF
 17.0 Hz  35 Hz   71 Hz  106.0 dB   76 l +  27 l    1x100 mm  653 mm  2112 uF
 18.0 Hz  36 Hz   72 Hz  107.0 dB   65 l +  27 l    1x100 mm  599 mm  1957 uF

um12-22 ||    2.7Ohm  0.53  84.0dB  450W 1x100 mm
 fu     fc      fo      SplMech  Vb1     Vb2       d         l        C
 11.5 Hz  25 Hz   54 Hz   99.2 dB   oo l +  40 l  - 1x70 mm   403 mm  3326 uF
 12.0 Hz  26 Hz   55 Hz   99.9 dB 1176 l +  40 l  - 1x70 mm   377 mm  3135 uF
 13.0 Hz  27 Hz   56 Hz  101.3 dB  397 l +  40 l    1x100 mm  713 mm  2818 uF
 14.0 Hz  28 Hz   58 Hz  102.6 dB  236 l +  40 l    1x100 mm  639 mm  2553 uF
 15.0 Hz  30 Hz   59 Hz  103.8 dB  167 l +  40 l    1x100 mm  576 mm  2329 uF
 16.0 Hz  31 Hz   60 Hz  104.9 dB  129 l +  40 l    1x100 mm  521 mm  2137 uF
 17.0 Hz  32 Hz   62 Hz  106.0 dB  104 l +  40 l    1x100 mm  475 mm  1971 uF
 18.0 Hz  34 Hz   63 Hz  107.0 dB   87 l +  40 l    1x100 mm  434 mm  1826 uF

um12-22 ||    6.8Ohm  0.57  84.0dB  450W 1x100 mm
 fu     fc      fo      SplMech  Vb1     Vb2       d         l        C
 11.9 Hz  25 Hz   52 Hz   99.8 dB   oo l +  46 l    1x100 mm  732 mm  3098 uF
 12.0 Hz  25 Hz   52 Hz   99.9 dB 6142 l +  46 l    1x100 mm  723 mm  3062 uF
 13.0 Hz  26 Hz   54 Hz  101.3 dB  570 l +  46 l    1x100 mm  641 mm  2752 uF
 14.0 Hz  28 Hz   55 Hz  102.6 dB  295 l +  46 l    1x100 mm  574 mm  2493 uF
 15.0 Hz  29 Hz   56 Hz  103.8 dB  198 l +  46 l    1x100 mm  516 mm  2274 uF
 16.0 Hz  30 Hz   58 Hz  104.9 dB  148 l +  46 l    1x100 mm  467 mm  2086 uF
 17.0 Hz  32 Hz   59 Hz  106.0 dB  117 l +  46 l    1x100 mm  425 mm  1924 uF
 18.0 Hz  33 Hz   60 Hz  107.0 dB   97 l +  46 l    1x100 mm  387 mm  1783 uF

um12-22 || 100000.0Ohm  0.62  84.0dB  450W 1x100 mm
 fu     fc      fo      SplMech  Vb1     Vb2       d         l        C
 12.4 Hz  25 Hz   50 Hz  100.5 dB   oo l +  55 l    1x100 mm  610 mm  2855 uF
 13.0 Hz  26 Hz   51 Hz  101.3 dB 1084 l +  55 l    1x100 mm  567 mm  2678 uF
 14.0 Hz  27 Hz   52 Hz  102.6 dB  405 l +  55 l    1x100 mm  506 mm  2426 uF
 15.0 Hz  28 Hz   53 Hz  103.8 dB  247 l +  55 l    1x100 mm  455 mm  2213 uF
 16.0 Hz  30 Hz   54 Hz  104.9 dB  176 l +  55 l    1x100 mm  411 mm  2030 uF
 17.0 Hz  31 Hz   56 Hz  106.0 dB  137 l +  55 l    1x100 mm  373 mm  1873 uF
 18.0 Hz  32 Hz   57 Hz  107.0 dB  111 l +  55 l    1x100 mm  339 mm  1735 uF

*****************************************************************************
um15-22 ||    0.0Ohm  0.35  86.5dB  600W 2x100 mm
 fu     fc      fo      SplMech  Vb1     Vb2       d         l        C
  7.3 Hz  20 Hz   52 Hz   95.7 dB   oo l +  55 l  * 1x70 mm   496 mm  6266 uF
  8.0 Hz  21 Hz   54 Hz   97.3 dB 1704 l +  55 l  * 1x70 mm   432 mm  5538 uF
  9.0 Hz  22 Hz   56 Hz   99.3 dB  692 l +  55 l  - 1x100 mm  772 mm  4733 uF
 10.0 Hz  24 Hz   58 Hz  101.2 dB  428 l +  55 l  - 1x100 mm  660 mm  4113 uF
 11.0 Hz  26 Hz   60 Hz  102.8 dB  307 l +  55 l  - 1x100 mm  572 mm  3622 uF
 12.0 Hz  27 Hz   62 Hz  104.3 dB  238 l +  55 l  - 1x100 mm  500 mm  3225 uF
 13.0 Hz  29 Hz   63 Hz  105.7 dB  193 l +  55 l  - 1x100 mm  442 mm  2899 uF
 14.0 Hz  30 Hz   65 Hz  107.0 dB  162 l +  55 l  - 1x100 mm  392 mm  2626 uF
 15.0 Hz  32 Hz   66 Hz  108.2 dB  139 l +  55 l    2x100 mm  744 mm  2395 uF
 16.0 Hz  33 Hz   68 Hz  109.3 dB  121 l +  55 l    2x100 mm  673 mm  2198 uF
 17.0 Hz  34 Hz   69 Hz  110.4 dB  107 l +  55 l    2x100 mm  612 mm  2027 uF
 18.0 Hz  36 Hz   70 Hz  111.4 dB   96 l +  55 l    2x100 mm  559 mm  1878 uF

um15-22 ||    2.7Ohm  0.43  86.5dB  600W 2x100 mm
 fu     fc      fo      SplMech  Vb1     Vb2       d         l        C
  8.1 Hz  20 Hz   47 Hz   97.4 dB   oo l +  81 l  - 1x100 mm  675 mm  5128 uF
  9.0 Hz  21 Hz   49 Hz   99.3 dB 1415 l +  81 l  - 1x100 mm  572 mm  4427 uF
 10.0 Hz  23 Hz   51 Hz  101.2 dB  673 l +  81 l  - 1x100 mm  487 mm  3847 uF
 11.0 Hz  24 Hz   52 Hz  102.8 dB  436 l +  81 l  - 1x100 mm  419 mm  3388 uF
 12.0 Hz  25 Hz   54 Hz  104.3 dB  320 l +  81 l    2x100 mm  771 mm  3017 uF
 13.0 Hz  27 Hz   55 Hz  105.7 dB  251 l +  81 l    2x100 mm  681 mm  2711 uF
 14.0 Hz  28 Hz   57 Hz  107.0 dB  206 l +  81 l    2x100 mm  606 mm  2456 uF
 15.0 Hz  30 Hz   58 Hz  108.2 dB  174 l +  81 l    2x100 mm  543 mm  2240 uF
 16.0 Hz  31 Hz   59 Hz  109.3 dB  150 l +  81 l    2x100 mm  489 mm  2056 uF
 17.0 Hz  32 Hz   60 Hz  110.4 dB  131 l +  81 l    2x100 mm  442 mm  1896 uF
 18.0 Hz  33 Hz   62 Hz  111.4 dB  117 l +  81 l    2x100 mm  402 mm  1757 uF

um15-22 ||    6.8Ohm  0.46  86.5dB  600W 2x100 mm
 fu     fc      fo      SplMech  Vb1     Vb2       d         l        C
  8.3 Hz  20 Hz   46 Hz   98.0 dB   oo l +  94 l  - 1x100 mm  577 mm  4783 uF
  9.0 Hz  21 Hz   47 Hz   99.3 dB 2119 l +  94 l  - 1x100 mm  514 mm  4326 uF
 10.0 Hz  22 Hz   48 Hz  101.2 dB  822 l +  94 l  - 1x100 mm  436 mm  3759 uF
 11.0 Hz  23 Hz   50 Hz  102.8 dB  503 l +  94 l    2x100 mm  791 mm  3310 uF
 12.0 Hz  25 Hz   51 Hz  104.3 dB  360 l +  94 l    2x100 mm  692 mm  2947 uF
 13.0 Hz  26 Hz   53 Hz  105.7 dB  278 l +  94 l    2x100 mm  611 mm  2649 uF
 14.0 Hz  28 Hz   54 Hz  107.0 dB  226 l +  94 l    2x100 mm  543 mm  2400 uF
 15.0 Hz  29 Hz   55 Hz  108.2 dB  189 l +  94 l    2x100 mm  485 mm  2189 uF
 16.0 Hz  30 Hz   57 Hz  109.3 dB  162 l +  94 l    2x100 mm  436 mm  2008 uF
 17.0 Hz  31 Hz   58 Hz  110.4 dB  142 l +  94 l    2x100 mm  393 mm  1853 uF
 18.0 Hz  33 Hz   59 Hz  111.4 dB  125 l +  94 l    2x100 mm  356 mm  1717 uF

um15-22 || 100000.0Ohm  0.50  86.5dB  600W 2x100 mm
 fu     fc      fo      SplMech  Vb1     Vb2       d         l        C
  8.7 Hz  20 Hz   44 Hz   98.7 dB   oo l + 110 l  - 1x100 mm  479 mm  4412 uF
  9.0 Hz  20 Hz   44 Hz   99.3 dB 4682 l + 110 l  - 1x100 mm  454 mm  4211 uF
 10.0 Hz  21 Hz   46 Hz  101.2 dB 1088 l + 110 l  - 1x100 mm  384 mm  3659 uF
 11.0 Hz  23 Hz   47 Hz  102.8 dB  607 l + 110 l    2x100 mm  699 mm  3222 uF
 12.0 Hz  24 Hz   49 Hz  104.3 dB  417 l + 110 l    2x100 mm  610 mm  2869 uF
 13.0 Hz  26 Hz   50 Hz  105.7 dB  315 l + 110 l    2x100 mm  537 mm  2579 uF
 14.0 Hz  27 Hz   51 Hz  107.0 dB  252 l + 110 l    2x100 mm  476 mm  2336 uF
 15.0 Hz  28 Hz   52 Hz  108.2 dB  209 l + 110 l    2x100 mm  424 mm  2131 uF
 16.0 Hz  29 Hz   54 Hz  109.3 dB  178 l + 110 l    2x100 mm  380 mm  1955 uF
 17.0 Hz  31 Hz   55 Hz  110.4 dB  155 l + 110 l    2x100 mm  341 mm  1803 uF
 18.0 Hz  32 Hz   56 Hz  111.4 dB  137 l + 110 l    2x100 mm  308 mm  1671 uF

