-------------
da175-8
      86.0dB                             50W
SplMech  Pmech SplEle     f3

 80.4dB   118W  76.7dB @  16Hz   23
 82.4dB   118W  78.7dB @  18Hz   21
 84.3dB   118W  80.5dB @  20Hz   19
 85.9dB   118W  82.2dB @  22Hz   18
 87.4dB   118W  83.7dB @  24Hz   16
 88.8dB   118W  85.1dB @  26Hz   15
 90.1dB   119W  86.4dB @  28Hz   13
 91.3dB   119W  87.6dB @  30Hz   12
 92.4dB   119W  88.7dB @  32Hz   11
 93.5dB   119W  89.7dB @  34Hz   10
 94.5dB   119W  90.7dB @  36Hz    9
 95.4dB   119W  91.7dB @  38Hz    8
 96.3dB   119W  92.5dB @  40Hz    7
 97.2dB   119W  93.4dB @  42Hz    6
 98.0dB   119W  94.2dB @  44Hz    6
 98.7dB   119W  95.0dB @  46Hz    5
 99.5dB   119W  95.7dB @  48Hz    4
-------------
da175-8
      86.0dB                             50W
SplMech  Pmech SplEle     f3

 80.6dB    62W  79.6dB @  16Hz   19
 82.6dB    62W  81.7dB @  18Hz   17
 84.5dB    62W  83.5dB @  20Hz   15
 86.1dB    62W  85.2dB @  22Hz   14
 87.6dB    62W  86.7dB @  24Hz   12
 89.0dB    62W  88.1dB @  26Hz   11
 90.3dB    62W  89.3dB @  28Hz    9
 91.5dB    62W  90.5dB @  30Hz    8
 92.6dB    63W  91.6dB @  32Hz    7
 93.7dB    63W  92.7dB @  34Hz    6
 94.7dB    63W  93.7dB @  36Hz    5
 95.6dB    63W  94.6dB @  38Hz    4
 96.5dB    63W  95.5dB @  40Hz    3
 97.3dB    63W  96.4dB @  42Hz    2
 98.1dB    63W  97.2dB @  44Hz    2
 98.9dB    63W  97.9dB @  46Hz    1
 99.7dB    63W  98.7dB @  48Hz    0
-------------
dc200-8
      88.0dB                             60W
SplMech  Pmech SplEle     f3

 84.6dB    96W  82.6dB @  16Hz   21
 86.7dB    96W  84.6dB @  18Hz   19
 88.5dB    96W  86.5dB @  20Hz   17
 90.2dB    96W  88.1dB @  22Hz   15
 91.7dB    96W  89.6dB @  24Hz   14
 93.1dB    97W  91.0dB @  26Hz   13
 94.4dB    97W  92.3dB @  28Hz   11
 95.6dB    97W  93.5dB @  30Hz   10
 96.7dB    97W  94.6dB @  32Hz    9
 97.7dB    97W  95.6dB @  34Hz    8
 98.7dB    97W  96.6dB @  36Hz    7
 99.7dB    97W  97.6dB @  38Hz    6
100.6dB    97W  98.5dB @  40Hz    5
101.4dB    97W  99.3dB @  42Hz    4
102.2dB    97W 100.1dB @  44Hz    3
103.0dB    97W 100.9dB @  46Hz    3
103.7dB    97W 101.6dB @  48Hz    2
-------------
dc300-8
      92.0dB                             80W
SplMech  Pmech SplEle     f3

 92.4dB   258W  87.3dB @  16Hz   21
 94.4dB   259W  89.3dB @  18Hz   19
 96.2dB   259W  91.1dB @  20Hz   17
 97.9dB   260W  92.8dB @  22Hz   16
 99.4dB   260W  94.3dB @  24Hz   14
100.8dB   260W  95.7dB @  26Hz   13
102.1dB   260W  97.0dB @  28Hz   12
103.3dB   261W  98.2dB @  30Hz   10
104.4dB   261W  99.3dB @  32Hz    9
105.5dB   261W 100.3dB @  34Hz    8
106.5dB   261W 101.3dB @  36Hz    7
107.4dB   262W 102.3dB @  38Hz    6
108.3dB   262W 103.1dB @  40Hz    5
109.1dB   262W 104.0dB @  42Hz    5
109.9dB   262W 104.8dB @  44Hz    4
110.7dB   262W 105.6dB @  46Hz    3
111.5dB   262W 106.3dB @  48Hz    2
-------------
dc380-4
      92.0dB                            250W
SplMech  Pmech SplEle     f3

102.3dB  1028W  96.2dB @  16Hz   12
104.4dB  1029W  98.2dB @  18Hz   10
106.2dB  1031W 100.0dB @  20Hz    8
107.8dB  1032W 101.7dB @  22Hz    6
109.4dB  1033W 103.2dB @  24Hz    5
110.7dB  1035W 104.6dB @  26Hz    3
112.0dB  1036W 105.9dB @  28Hz    2
113.2dB  1037W 107.1dB @  30Hz    1
114.3dB  1038W 108.2dB @  32Hz   -0
115.4dB  1038W 109.2dB @  34Hz   -1
116.4dB  1039W 110.2dB @  36Hz   -2
117.3dB  1040W 111.1dB @  38Hz   -3
118.2dB  1041W 112.0dB @  40Hz   -4
119.1dB  1041W 112.9dB @  42Hz   -5
119.9dB  1042W 113.7dB @  44Hz   -6
120.7dB  1043W 114.5dB @  46Hz   -7
121.4dB  1043W 115.2dB @  48Hz   -7
-------------
dc380-8
      90.0dB                            350W
SplMech  Pmech SplEle     f3

 96.4dB   314W  96.9dB @  16Hz   19
 98.4dB   315W  98.9dB @  18Hz   17
100.3dB   315W 100.7dB @  20Hz   15
101.9dB   315W 102.4dB @  22Hz   14
103.4dB   316W 103.9dB @  24Hz   12
104.8dB   316W 105.3dB @  26Hz   11
106.1dB   316W 106.5dB @  28Hz    9
107.3dB   317W 107.7dB @  30Hz    8
108.4dB   317W 108.9dB @  32Hz    7
109.5dB   317W 109.9dB @  34Hz    6
110.5dB   318W 110.9dB @  36Hz    5
111.4dB   318W 111.8dB @  38Hz    4
112.3dB   318W 112.7dB @  40Hz    3
113.2dB   318W 113.6dB @  42Hz    2
114.0dB   318W 114.4dB @  44Hz    2
114.7dB   319W 115.1dB @  46Hz    1
115.5dB   319W 115.9dB @  48Hz    0
-------------
dcs205-4
      87.0dB                            150W
SplMech  Pmech SplEle     f3

 91.0dB  1860W  80.1dB @  16Hz   24
 93.1dB  1863W  82.1dB @  18Hz   22
 94.9dB  1866W  84.0dB @  20Hz   20
 96.6dB  1868W  85.6dB @  22Hz   18
 98.1dB  1870W  87.1dB @  24Hz   17
 99.5dB  1872W  88.5dB @  26Hz   16
100.8dB  1874W  89.8dB @  28Hz   14
102.0dB  1876W  91.0dB @  30Hz   13
103.1dB  1878W  92.1dB @  32Hz   12
104.1dB  1879W  93.2dB @  34Hz   11
105.1dB  1881W  94.1dB @  36Hz   10
106.1dB  1882W  95.1dB @  38Hz    9
107.0dB  1883W  96.0dB @  40Hz    8
107.8dB  1885W  96.8dB @  42Hz    7
108.6dB  1886W  97.6dB @  44Hz    6
109.4dB  1887W  98.4dB @  46Hz    6
110.1dB  1888W  99.1dB @  48Hz    5
-------------
dcs255-4
      89.0dB                            200W
SplMech  Pmech SplEle     f3

 94.7dB  3243W  82.6dB @  16Hz   24
 96.8dB  3249W  84.7dB @  18Hz   21
 98.6dB  3253W  86.5dB @  20Hz   20
100.3dB  3258W  88.1dB @  22Hz   18
101.8dB  3261W  89.6dB @  24Hz   16
103.2dB  3265W  91.0dB @  26Hz   15
104.4dB  3268W  92.3dB @  28Hz   14
105.6dB  3271W  93.5dB @  30Hz   13
106.8dB  3274W  94.6dB @  32Hz   12
107.8dB  3277W  95.7dB @  34Hz   10
108.8dB  3280W  96.7dB @  36Hz    9
109.7dB  3282W  97.6dB @  38Hz    9
110.6dB  3284W  98.5dB @  40Hz    8
111.5dB  3286W  99.3dB @  42Hz    7
112.3dB  3289W 100.1dB @  44Hz    6
113.1dB  3291W 100.9dB @  46Hz    5
113.8dB  3293W 101.6dB @  48Hz    4
-------------
dcs305-4
      89.4dB                            250W
SplMech  Pmech SplEle     f3

 98.9dB  1558W  90.9dB @  16Hz   15
100.9dB  1561W  93.0dB @  18Hz   13
102.8dB  1563W  94.8dB @  20Hz   12
104.4dB  1565W  96.4dB @  22Hz   10
105.9dB  1567W  98.0dB @  24Hz    8
107.3dB  1569W  99.3dB @  26Hz    7
108.6dB  1570W 100.6dB @  28Hz    6
109.8dB  1572W 101.8dB @  30Hz    4
110.9dB  1573W 102.9dB @  32Hz    3
112.0dB  1574W 104.0dB @  34Hz    2
113.0dB  1576W 105.0dB @  36Hz    1
113.9dB  1577W 105.9dB @  38Hz    0
114.8dB  1578W 106.8dB @  40Hz   -0
115.6dB  1579W 107.6dB @  42Hz   -1
116.5dB  1580W 108.4dB @  44Hz   -2
117.2dB  1581W 109.2dB @  46Hz   -3
118.0dB  1582W 110.0dB @  48Hz   -4
-------------
dcs380-4
      89.0dB                            250W
SplMech  Pmech SplEle     f3

102.3dB   977W  96.4dB @  16Hz   12
104.4dB   978W  98.4dB @  18Hz   10
106.2dB   980W 100.2dB @  20Hz    8
107.8dB   981W 101.9dB @  22Hz    6
109.3dB   982W 103.4dB @  24Hz    5
110.7dB   983W 104.8dB @  26Hz    3
112.0dB   984W 106.1dB @  28Hz    2
113.2dB   985W 107.3dB @  30Hz    1
114.3dB   986W 108.4dB @  32Hz   -0
115.4dB   987W 109.4dB @  34Hz   -1
116.4dB   988W 110.4dB @  36Hz   -2
117.3dB   988W 111.4dB @  38Hz   -3
118.2dB   989W 112.2dB @  40Hz   -4
119.1dB   990W 113.1dB @  42Hz   -5
119.9dB   990W 113.9dB @  44Hz   -6
120.7dB   991W 114.7dB @  46Hz   -6
121.4dB   992W 115.4dB @  48Hz   -7
-------------
dcs450-4
      94.0dB                            300W
SplMech  Pmech SplEle     f3

105.8dB  1758W  98.1dB @  16Hz   13
107.9dB  1761W 100.2dB @  18Hz   11
109.7dB  1764W 102.0dB @  20Hz   10
111.3dB  1766W 103.7dB @  22Hz    8
112.9dB  1768W 105.2dB @  24Hz    6
114.3dB  1770W 106.5dB @  26Hz    5
115.5dB  1772W 107.8dB @  28Hz    4
116.7dB  1773W 109.0dB @  30Hz    3
117.9dB  1775W 110.1dB @  32Hz    1
118.9dB  1776W 111.2dB @  34Hz    0
119.9dB  1778W 112.2dB @  36Hz   -1
120.8dB  1779W 113.1dB @  38Hz   -1
121.7dB  1780W 114.0dB @  40Hz   -2
122.6dB  1782W 114.8dB @  42Hz   -3
123.4dB  1783W 115.7dB @  44Hz   -4
124.2dB  1784W 116.4dB @  46Hz   -5
124.9dB  1785W 117.2dB @  48Hz   -6
-------------
dvc310-88
      92.0dB                            350W
SplMech  Pmech SplEle     f3

103.2dB  3156W  93.7dB @  16Hz   17
105.3dB  3161W  95.7dB @  18Hz   15
107.1dB  3166W  97.5dB @  20Hz   13
108.8dB  3170W  99.2dB @  22Hz   11
110.3dB  3174W 100.7dB @  24Hz   10
111.7dB  3177W 102.1dB @  26Hz    8
112.9dB  3180W 103.4dB @  28Hz    7
114.1dB  3183W 104.6dB @  30Hz    6
115.3dB  3186W 105.7dB @  32Hz    5
116.3dB  3189W 106.7dB @  34Hz    4
117.3dB  3191W 107.7dB @  36Hz    3
118.2dB  3194W 108.6dB @  38Hz    2
119.1dB  3196W 109.5dB @  40Hz    1
120.0dB  3198W 110.4dB @  42Hz    0
120.8dB  3200W 111.2dB @  44Hz   -1
121.6dB  3202W 112.0dB @  46Hz   -1
122.3dB  3204W 112.7dB @  48Hz   -2
-------------
ib385-8
      88.0dB                            350W
SplMech  Pmech SplEle     f3

106.7dB   491W 105.3dB @  16Hz    6
108.8dB   491W 107.3dB @  18Hz    4
110.6dB   492W 109.1dB @  20Hz    2
112.3dB   493W 110.8dB @  22Hz    1
113.8dB   493W 112.3dB @  24Hz   -1
115.2dB   494W 113.7dB @  26Hz   -2
116.5dB   494W 115.0dB @  28Hz   -4
117.7dB   495W 116.2dB @  30Hz   -5
118.8dB   495W 117.3dB @  32Hz   -6
119.8dB   496W 118.3dB @  34Hz   -7
120.8dB   496W 119.3dB @  36Hz   -8
121.8dB   496W 120.3dB @  38Hz   -9
122.7dB   497W 121.1dB @  40Hz  -10
123.5dB   497W 122.0dB @  42Hz  -11
124.3dB   497W 122.8dB @  44Hz  -11
125.1dB   498W 123.6dB @  46Hz  -12
125.8dB   498W 124.3dB @  48Hz  -13
-------------
pa465s-8
      96.0dB                           1000W
SplMech  Pmech SplEle     f3

101.3dB   976W 101.4dB @  16Hz   21
103.3dB   978W 103.4dB @  18Hz   19
105.2dB   979W 105.3dB @  20Hz   18
106.8dB   980W 106.9dB @  22Hz   16
108.3dB   982W 108.4dB @  24Hz   14
109.7dB   983W 109.8dB @  26Hz   13
111.0dB   984W 111.1dB @  28Hz   12
112.2dB   985W 112.3dB @  30Hz   11
113.3dB   985W 113.4dB @  32Hz    9
114.4dB   986W 114.4dB @  34Hz    8
115.4dB   987W 115.4dB @  36Hz    7
116.3dB   988W 116.4dB @  38Hz    6
117.2dB   989W 117.3dB @  40Hz    6
118.1dB   989W 118.1dB @  42Hz    5
118.9dB   990W 118.9dB @  44Hz    4
119.6dB   990W 119.7dB @  46Hz    3
120.4dB   991W 120.4dB @  48Hz    2
-------------
ps180-8
      94.7dB                             30W
SplMech  Pmech SplEle     f3

 81.3dB   319W  71.0dB @  16Hz   39
 83.3dB   320W  73.0dB @  18Hz   37
 85.1dB   320W  74.9dB @  20Hz   35
 86.8dB   321W  76.5dB @  22Hz   33
 88.3dB   321W  78.0dB @  24Hz   32
 89.7dB   321W  79.4dB @  26Hz   31
 91.0dB   322W  80.7dB @  28Hz   29
 92.2dB   322W  81.9dB @  30Hz   28
 93.3dB   322W  83.0dB @  32Hz   27
 94.4dB   322W  84.0dB @  34Hz   26
 95.3dB   323W  85.0dB @  36Hz   25
 96.3dB   323W  86.0dB @  38Hz   24
 97.2dB   323W  86.9dB @  40Hz   23
 98.0dB   323W  87.7dB @  42Hz   22
 98.8dB   324W  88.5dB @  44Hz   21
 99.6dB   324W  89.3dB @  46Hz   21
100.3dB   324W  90.0dB @  48Hz   20
-------------
ps220-8
      95.6dB                             40W
SplMech  Pmech SplEle     f3

 85.9dB   333W  76.7dB @  16Hz   33
 87.9dB   334W  78.7dB @  18Hz   31
 89.8dB   334W  80.5dB @  20Hz   30
 91.4dB   335W  82.2dB @  22Hz   28
 92.9dB   335W  83.7dB @  24Hz   26
 94.3dB   336W  85.1dB @  26Hz   25
 95.6dB   336W  86.4dB @  28Hz   24
 96.8dB   336W  87.6dB @  30Hz   23
 97.9dB   337W  88.7dB @  32Hz   21
 99.0dB   337W  89.7dB @  34Hz   20
100.0dB   337W  90.7dB @  36Hz   19
100.9dB   337W  91.6dB @  38Hz   18
101.8dB   338W  92.5dB @  40Hz   18
102.6dB   338W  93.4dB @  42Hz   17
103.5dB   338W  94.2dB @  44Hz   16
104.2dB   338W  95.0dB @  46Hz   15
105.0dB   338W  95.7dB @  48Hz   14
-------------
qt210-4
      89.0dB                            150W
SplMech  Pmech SplEle     f3

 91.1dB  1784W  80.4dB @  16Hz   24
 93.2dB  1787W  82.4dB @  18Hz   22
 95.0dB  1790W  84.2dB @  20Hz   20
 96.7dB  1792W  85.9dB @  22Hz   18
 98.2dB  1794W  87.4dB @  24Hz   17
 99.6dB  1796W  88.8dB @  26Hz   15
100.8dB  1798W  90.1dB @  28Hz   14
102.0dB  1800W  91.3dB @  30Hz   13
103.2dB  1801W  92.4dB @  32Hz   12
104.2dB  1803W  93.4dB @  34Hz   11
105.2dB  1804W  94.4dB @  36Hz   10
106.2dB  1806W  95.3dB @  38Hz    9
107.0dB  1807W  96.2dB @  40Hz    8
107.9dB  1808W  97.1dB @  42Hz    7
108.7dB  1809W  97.9dB @  44Hz    6
109.5dB  1810W  98.7dB @  46Hz    5
110.2dB  1811W  99.4dB @  48Hz    5
-------------
qt385-4
      92.0dB                            300W
SplMech  Pmech SplEle     f3

103.7dB  2277W  94.9dB @  16Hz   14
105.8dB  2281W  97.0dB @  18Hz   12
107.6dB  2284W  98.8dB @  20Hz   10
109.3dB  2287W 100.4dB @  22Hz    8
110.8dB  2290W 101.9dB @  24Hz    7
112.2dB  2292W 103.3dB @  26Hz    6
113.4dB  2295W 104.6dB @  28Hz    4
114.6dB  2297W 105.8dB @  30Hz    3
115.8dB  2299W 106.9dB @  32Hz    2
116.8dB  2301W 108.0dB @  34Hz    1
117.8dB  2303W 109.0dB @  36Hz   -0
118.7dB  2304W 109.9dB @  38Hz   -1
119.6dB  2306W 110.8dB @  40Hz   -2
120.5dB  2307W 111.6dB @  42Hz   -3
121.3dB  2309W 112.4dB @  44Hz   -4
122.1dB  2310W 113.2dB @  46Hz   -4
122.8dB  2312W 113.9dB @  48Hz   -5
-------------
rs125-8
      86.5dB                             30W
SplMech  Pmech SplEle     f3

 73.6dB   242W  64.5dB @  16Hz   35
 75.6dB   243W  66.5dB @  18Hz   32
 77.5dB   243W  68.4dB @  20Hz   31
 79.1dB   244W  70.0dB @  22Hz   29
 80.6dB   244W  71.5dB @  24Hz   27
 82.0dB   244W  72.9dB @  26Hz   26
 83.3dB   244W  74.2dB @  28Hz   25
 84.5dB   245W  75.4dB @  30Hz   24
 85.6dB   245W  76.5dB @  32Hz   23
 86.7dB   245W  77.6dB @  34Hz   21
 87.7dB   245W  78.5dB @  36Hz   20
 88.6dB   245W  79.5dB @  38Hz   20
 89.5dB   246W  80.4dB @  40Hz   19
 90.3dB   246W  81.2dB @  42Hz   18
 91.2dB   246W  82.0dB @  44Hz   17
 91.9dB   246W  82.8dB @  46Hz   16
 92.7dB   246W  83.5dB @  48Hz   15
-------------
rs150s-8
      88.0dB                             40W
SplMech  Pmech SplEle     f3

 75.8dB   105W  71.6dB @  16Hz   30
 77.9dB   105W  73.7dB @  18Hz   28
 79.7dB   105W  75.5dB @  20Hz   27
 81.4dB   105W  77.2dB @  22Hz   25
 82.9dB   106W  78.7dB @  24Hz   23
 84.3dB   106W  80.0dB @  26Hz   22
 85.6dB   106W  81.3dB @  28Hz   21
 86.8dB   106W  82.5dB @  30Hz   19
 87.9dB   106W  83.6dB @  32Hz   18
 88.9dB   106W  84.7dB @  34Hz   17
 89.9dB   106W  85.7dB @  36Hz   16
 90.9dB   106W  86.6dB @  38Hz   15
 91.8dB   106W  87.5dB @  40Hz   15
 92.6dB   106W  88.4dB @  42Hz   14
 93.4dB   106W  89.2dB @  44Hz   13
 94.2dB   107W  89.9dB @  46Hz   12
 94.9dB   107W  90.7dB @  48Hz   11
-------------
rs180-8
      87.0dB                             60W
SplMech  Pmech SplEle     f3

 83.0dB   386W  74.9dB @  16Hz   29
 85.1dB   387W  77.0dB @  18Hz   26
 86.9dB   387W  78.8dB @  20Hz   25
 88.6dB   388W  80.5dB @  22Hz   23
 90.1dB   388W  82.0dB @  24Hz   22
 91.5dB   389W  83.3dB @  26Hz   20
 92.8dB   389W  84.6dB @  28Hz   19
 93.9dB   390W  85.8dB @  30Hz   18
 95.1dB   390W  86.9dB @  32Hz   17
 96.1dB   390W  88.0dB @  34Hz   15
 97.1dB   391W  89.0dB @  36Hz   14
 98.1dB   391W  89.9dB @  38Hz   14
 98.9dB   391W  90.8dB @  40Hz   13
 99.8dB   391W  91.6dB @  42Hz   12
100.6dB   392W  92.5dB @  44Hz   11
101.4dB   392W  93.2dB @  46Hz   10
102.1dB   392W  94.0dB @  48Hz   10
-------------
rs180s-8
      88.0dB                             60W
SplMech  Pmech SplEle     f3

 83.4dB   258W  77.0dB @  16Hz   26
 85.4dB   259W  79.1dB @  18Hz   24
 87.3dB   259W  80.9dB @  20Hz   22
 88.9dB   260W  82.6dB @  22Hz   20
 90.4dB   260W  84.1dB @  24Hz   19
 91.8dB   260W  85.5dB @  26Hz   18
 93.1dB   260W  86.7dB @  28Hz   16
 94.3dB   261W  87.9dB @  30Hz   15
 95.4dB   261W  89.0dB @  32Hz   14
 96.5dB   261W  90.1dB @  34Hz   13
 97.5dB   261W  91.1dB @  36Hz   12
 98.4dB   262W  92.0dB @  38Hz   11
 99.3dB   262W  92.9dB @  40Hz   10
100.2dB   262W  93.8dB @  42Hz    9
101.0dB   262W  94.6dB @  44Hz    8
101.7dB   262W  95.3dB @  46Hz    8
102.5dB   262W  96.1dB @  48Hz    7
-------------
rs225-8
      86.2dB                             80W
SplMech  Pmech SplEle     f3

 88.9dB   341W  82.7dB @  16Hz   21
 91.0dB   341W  84.7dB @  18Hz   19
 92.8dB   342W  86.5dB @  20Hz   18
 94.5dB   342W  88.2dB @  22Hz   16
 96.0dB   343W  89.7dB @  24Hz   14
 97.4dB   343W  91.1dB @  26Hz   13
 98.7dB   343W  92.3dB @  28Hz   12
 99.9dB   344W  93.5dB @  30Hz   11
101.0dB   344W  94.7dB @  32Hz    9
102.0dB   344W  95.7dB @  34Hz    8
103.0dB   345W  96.7dB @  36Hz    7
104.0dB   345W  97.6dB @  38Hz    6
104.9dB   345W  98.5dB @  40Hz    6
105.7dB   345W  99.4dB @  42Hz    5
106.5dB   345W 100.2dB @  44Hz    4
107.3dB   346W 100.9dB @  46Hz    3
108.0dB   346W 101.7dB @  48Hz    2
-------------
rs225s-4
      92.0dB                             80W
SplMech  Pmech SplEle     f3

 87.1dB   542W  78.8dB @  16Hz   23
 89.2dB   543W  80.9dB @  18Hz   21
 91.0dB   543W  82.7dB @  20Hz   19
 92.7dB   544W  84.3dB @  22Hz   17
 94.2dB   545W  85.8dB @  24Hz   16
 95.6dB   545W  87.2dB @  26Hz   14
 96.9dB   546W  88.5dB @  28Hz   13
 98.1dB   546W  89.7dB @  30Hz   12
 99.2dB   547W  90.8dB @  32Hz   11
100.2dB   547W  91.9dB @  34Hz   10
101.2dB   548W  92.9dB @  36Hz    9
102.2dB   548W  93.8dB @  38Hz    8
103.1dB   549W  94.7dB @  40Hz    7
103.9dB   549W  95.5dB @  42Hz    6
104.7dB   549W  96.3dB @  44Hz    5
105.5dB   550W  97.1dB @  46Hz    5
106.2dB   550W  97.8dB @  48Hz    4
-------------
rs225s-8
      88.0dB                             80W
SplMech  Pmech SplEle     f3

 88.5dB   233W  83.8dB @  16Hz   21
 90.5dB   233W  85.9dB @  18Hz   19
 92.3dB   234W  87.7dB @  20Hz   17
 94.0dB   234W  89.3dB @  22Hz   15
 95.5dB   234W  90.8dB @  24Hz   14
 96.9dB   235W  92.2dB @  26Hz   12
 98.2dB   235W  93.5dB @  28Hz   11
 99.4dB   235W  94.7dB @  30Hz   10
100.5dB   235W  95.8dB @  32Hz    9
101.6dB   235W  96.9dB @  34Hz    8
102.6dB   236W  97.9dB @  36Hz    7
103.5dB   236W  98.8dB @  38Hz    6
104.4dB   236W  99.7dB @  40Hz    5
105.2dB   236W 100.5dB @  42Hz    4
106.0dB   236W 101.3dB @  44Hz    3
106.8dB   236W 102.1dB @  46Hz    3
107.6dB   237W 102.8dB @  48Hz    2
-------------
rs270-8
      87.5dB                            100W
SplMech  Pmech SplEle     f3

 92.7dB   249W  88.8dB @  16Hz   18
 94.8dB   250W  90.8dB @  18Hz   16
 96.6dB   250W  92.6dB @  20Hz   14
 98.3dB   251W  94.3dB @  22Hz   12
 99.8dB   251W  95.8dB @  24Hz   11
101.2dB   251W  97.2dB @  26Hz    9
102.5dB   251W  98.5dB @  28Hz    8
103.7dB   252W  99.6dB @  30Hz    7
104.8dB   252W 100.8dB @  32Hz    6
105.8dB   252W 101.8dB @  34Hz    5
106.8dB   252W 102.8dB @  36Hz    4
107.8dB   252W 103.7dB @  38Hz    3
108.6dB   253W 104.6dB @  40Hz    2
109.5dB   253W 105.5dB @  42Hz    1
110.3dB   253W 106.3dB @  44Hz    0
111.1dB   253W 107.0dB @  46Hz   -1
111.8dB   253W 107.8dB @  48Hz   -1
-------------
rs315hf-4
      86.0dB                            400W
SplMech  Pmech SplEle     f3

102.9dB  3526W  93.4dB @  16Hz   14
104.9dB  3532W  95.5dB @  18Hz   12
106.8dB  3537W  97.3dB @  20Hz   10
108.4dB  3541W  98.9dB @  22Hz    8
109.9dB  3546W 100.5dB @  24Hz    7
111.3dB  3549W 101.8dB @  26Hz    6
112.6dB  3553W 103.1dB @  28Hz    4
113.8dB  3556W 104.3dB @  30Hz    3
114.9dB  3560W 105.4dB @  32Hz    2
116.0dB  3562W 106.5dB @  34Hz    1
117.0dB  3565W 107.5dB @  36Hz   -0
117.9dB  3568W 108.4dB @  38Hz   -1
118.8dB  3570W 109.3dB @  40Hz   -2
119.7dB  3573W 110.1dB @  42Hz   -3
120.5dB  3575W 110.9dB @  44Hz   -4
121.2dB  3577W 111.7dB @  46Hz   -4
122.0dB  3579W 112.5dB @  48Hz   -5
-------------
rs315hfa-8
      86.0dB                            400W
SplMech  Pmech SplEle     f3

101.4dB  1067W  97.2dB @  16Hz   14
103.5dB  1068W  99.2dB @  18Hz   12
105.3dB  1070W 101.0dB @  20Hz   10
107.0dB  1071W 102.7dB @  22Hz    8
108.5dB  1073W 104.2dB @  24Hz    7
109.9dB  1074W 105.6dB @  26Hz    5
111.2dB  1075W 106.9dB @  28Hz    4
112.4dB  1076W 108.1dB @  30Hz    3
113.5dB  1077W 109.2dB @  32Hz    2
114.5dB  1078W 110.2dB @  34Hz    1
115.5dB  1079W 111.2dB @  36Hz   -0
116.5dB  1079W 112.1dB @  38Hz   -1
117.3dB  1080W 113.0dB @  40Hz   -2
118.2dB  1081W 113.9dB @  42Hz   -3
119.0dB  1082W 114.7dB @  44Hz   -4
119.8dB  1082W 115.5dB @  46Hz   -5
120.5dB  1083W 116.2dB @  48Hz   -5
-------------
rss210hf4
      83.0dB                            280W
SplMech  Pmech SplEle     f3

 91.4dB   703W  87.4dB @  16Hz   16
 93.5dB   704W  89.5dB @  18Hz   14
 95.3dB   705W  91.3dB @  20Hz   12
 97.0dB   706W  93.0dB @  22Hz   10
 98.5dB   707W  94.5dB @  24Hz    9
 99.9dB   708W  95.9dB @  26Hz    7
101.2dB   708W  97.1dB @  28Hz    6
102.4dB   709W  98.3dB @  30Hz    5
103.5dB   710W  99.4dB @  32Hz    4
104.5dB   710W 100.5dB @  34Hz    3
105.5dB   711W 101.5dB @  36Hz    2
106.5dB   711W 102.4dB @  38Hz    1
107.4dB   712W 103.3dB @  40Hz   -0
108.2dB   712W 104.2dB @  42Hz   -1
109.0dB   713W 105.0dB @  44Hz   -2
109.8dB   713W 105.7dB @  46Hz   -3
110.5dB   714W 106.5dB @  48Hz   -3
-------------
rss265hf-4
      84.0dB                            350W
SplMech  Pmech SplEle     f3

 99.5dB  4243W  88.7dB @  16Hz   17
101.6dB  4250W  90.7dB @  18Hz   14
103.4dB  4256W  92.5dB @  20Hz   13
105.0dB  4262W  94.2dB @  22Hz   11
106.6dB  4267W  95.7dB @  24Hz    9
107.9dB  4271W  97.1dB @  26Hz    8
109.2dB  4276W  98.4dB @  28Hz    7
110.4dB  4280W  99.6dB @  30Hz    6
111.5dB  4284W 100.7dB @  32Hz    5
112.6dB  4287W 101.7dB @  34Hz    3
113.6dB  4291W 102.7dB @  36Hz    2
114.5dB  4294W 103.6dB @  38Hz    2
115.4dB  4297W 104.5dB @  40Hz    1
116.3dB  4300W 105.4dB @  42Hz   -0
117.1dB  4302W 106.2dB @  44Hz   -1
117.9dB  4305W 107.0dB @  46Hz   -2
118.6dB  4307W 107.7dB @  48Hz   -3
-------------
rss390hf4
      90.0dB                            500W
SplMech  Pmech SplEle     f3

106.6dB  2858W  99.1dB @  16Hz   11
108.7dB  2862W 101.1dB @  18Hz    9
110.5dB  2867W 102.9dB @  20Hz    7
112.2dB  2870W 104.6dB @  22Hz    5
113.7dB  2874W 106.1dB @  24Hz    4
115.1dB  2877W 107.5dB @  26Hz    2
116.4dB  2880W 108.8dB @  28Hz    1
117.6dB  2883W 110.0dB @  30Hz   -0
118.7dB  2885W 111.1dB @  32Hz   -1
119.7dB  2887W 112.1dB @  34Hz   -2
120.7dB  2890W 113.1dB @  36Hz   -3
121.7dB  2892W 114.0dB @  38Hz   -4
122.6dB  2894W 114.9dB @  40Hz   -5
123.4dB  2896W 115.8dB @  42Hz   -6
124.2dB  2898W 116.6dB @  44Hz   -7
125.0dB  2899W 117.4dB @  46Hz   -8
125.7dB  2901W 118.1dB @  48Hz   -8
-------------
rss390ho4
      90.0dB                            800W
SplMech  Pmech SplEle     f3

105.3dB  6966W  95.9dB @  16Hz   16
107.3dB  6977W  97.9dB @  18Hz   14
109.2dB  6987W  99.8dB @  20Hz   12
110.8dB  6996W 101.4dB @  22Hz   10
112.3dB  7005W 102.9dB @  24Hz    9
113.7dB  7012W 104.3dB @  26Hz    7
115.0dB  7019W 105.6dB @  28Hz    6
116.2dB  7026W 106.8dB @  30Hz    5
117.3dB  7032W 107.9dB @  32Hz    4
118.4dB  7038W 109.0dB @  34Hz    2
119.4dB  7044W 109.9dB @  36Hz    2
120.3dB  7049W 110.9dB @  38Hz    1
121.2dB  7054W 111.8dB @  40Hz   -0
122.1dB  7058W 112.6dB @  42Hz   -1
122.9dB  7063W 113.4dB @  44Hz   -2
123.6dB  7067W 114.2dB @  46Hz   -3
124.4dB  7071W 114.9dB @  48Hz   -3
-------------
sd215-88
      89.0dB                             80W
SplMech  Pmech SplEle     f3

 87.1dB   402W  80.1dB @  16Hz   19
 89.2dB   402W  82.2dB @  18Hz   17
 91.0dB   403W  84.0dB @  20Hz   15
 92.7dB   403W  85.6dB @  22Hz   13
 94.2dB   404W  87.1dB @  24Hz   12
 95.6dB   404W  88.5dB @  26Hz   10
 96.9dB   405W  89.8dB @  28Hz    9
 98.1dB   405W  91.0dB @  30Hz    8
 99.2dB   405W  92.1dB @  32Hz    7
100.2dB   406W  93.2dB @  34Hz    6
101.2dB   406W  94.2dB @  36Hz    5
102.2dB   406W  95.1dB @  38Hz    4
103.1dB   407W  96.0dB @  40Hz    3
103.9dB   407W  96.8dB @  42Hz    2
104.7dB   407W  97.6dB @  44Hz    1
105.5dB   408W  98.4dB @  46Hz    0
106.2dB   408W  99.1dB @  48Hz   -0
-------------
sd215a-88
      85.9dB                             80W
SplMech  Pmech SplEle     f3

 87.5dB   532W  79.3dB @  16Hz   21
 89.5dB   533W  81.3dB @  18Hz   19
 91.4dB   534W  83.1dB @  20Hz   18
 93.0dB   534W  84.8dB @  22Hz   16
 94.5dB   535W  86.3dB @  24Hz   14
 95.9dB   535W  87.7dB @  26Hz   13
 97.2dB   536W  89.0dB @  28Hz   12
 98.4dB   536W  90.2dB @  30Hz   10
 99.5dB   537W  91.3dB @  32Hz    9
100.6dB   537W  92.3dB @  34Hz    8
101.6dB   538W  93.3dB @  36Hz    7
102.5dB   538W  94.3dB @  38Hz    6
103.4dB   539W  95.1dB @  40Hz    6
104.3dB   539W  96.0dB @  42Hz    5
105.1dB   539W  96.8dB @  44Hz    4
105.8dB   540W  97.6dB @  46Hz    3
106.6dB   540W  98.3dB @  48Hz    2
-------------
sd270-88
      88.0dB                             80W
SplMech  Pmech SplEle     f3

 91.7dB   470W  84.1dB @  16Hz   18
 93.8dB   471W  86.1dB @  18Hz   16
 95.6dB   471W  87.9dB @  20Hz   14
 97.3dB   472W  89.6dB @  22Hz   13
 98.8dB   472W  91.1dB @  24Hz   11
100.2dB   473W  92.5dB @  26Hz   10
101.5dB   473W  93.7dB @  28Hz    9
102.7dB   474W  94.9dB @  30Hz    7
103.8dB   474W  96.1dB @  32Hz    6
104.8dB   475W  97.1dB @  34Hz    5
105.8dB   475W  98.1dB @  36Hz    4
106.8dB   475W  99.0dB @  38Hz    3
107.7dB   476W  99.9dB @  40Hz    2
108.5dB   476W 100.8dB @  42Hz    2
109.3dB   476W 101.6dB @  44Hz    1
110.1dB   477W 102.3dB @  46Hz   -0
110.8dB   477W 103.1dB @  48Hz   -1
-------------
sd270a-88
      92.7dB                             80W
SplMech  Pmech SplEle     f3

 92.2dB   383W  85.4dB @  16Hz   19
 94.3dB   383W  87.5dB @  18Hz   17
 96.1dB   384W  89.3dB @  20Hz   15
 97.8dB   384W  90.9dB @  22Hz   13
 99.3dB   385W  92.5dB @  24Hz   12
100.7dB   385W  93.8dB @  26Hz   10
102.0dB   386W  95.1dB @  28Hz    9
103.2dB   386W  96.3dB @  30Hz    8
104.3dB   386W  97.4dB @  32Hz    7
105.3dB   387W  98.5dB @  34Hz    6
106.3dB   387W  99.5dB @  36Hz    5
107.3dB   387W 100.4dB @  38Hz    4
108.1dB   388W 101.3dB @  40Hz    3
109.0dB   388W 102.1dB @  42Hz    2
109.8dB   388W 102.9dB @  44Hz    1
110.6dB   388W 103.7dB @  46Hz    0
111.3dB   389W 104.5dB @  48Hz   -0
-------------
sd315a-88
      94.0dB                            120W
SplMech  Pmech SplEle     f3

 96.8dB  1889W  84.8dB @  16Hz   21
 98.9dB  1892W  86.9dB @  18Hz   19
100.7dB  1895W  88.7dB @  20Hz   17
102.4dB  1897W  90.4dB @  22Hz   16
103.9dB  1899W  91.9dB @  24Hz   14
105.3dB  1901W  93.3dB @  26Hz   13
106.5dB  1903W  94.5dB @  28Hz   12
107.7dB  1905W  95.7dB @  30Hz   10
108.9dB  1907W  96.8dB @  32Hz    9
109.9dB  1908W  97.9dB @  34Hz    8
110.9dB  1910W  98.9dB @  36Hz    7
111.8dB  1911W  99.8dB @  38Hz    6
112.7dB  1913W 100.7dB @  40Hz    5
113.6dB  1914W 101.6dB @  42Hz    5
114.4dB  1915W 102.4dB @  44Hz    4
115.2dB  1916W 103.1dB @  46Hz    3
115.9dB  1917W 103.9dB @  48Hz    2
-------------
st210-8
      91.0dB                            180W
SplMech  Pmech SplEle     f3

 87.7dB   338W  85.0dB @  16Hz   28
 89.7dB   338W  87.0dB @  18Hz   26
 91.6dB   339W  88.8dB @  20Hz   24
 93.2dB   339W  90.5dB @  22Hz   23
 94.7dB   340W  92.0dB @  24Hz   21
 96.1dB   340W  93.4dB @  26Hz   20
 97.4dB   340W  94.6dB @  28Hz   18
 98.6dB   341W  95.8dB @  30Hz   17
 99.7dB   341W  97.0dB @  32Hz   16
100.8dB   341W  98.0dB @  34Hz   15
101.8dB   341W  99.0dB @  36Hz   14
102.7dB   342W  99.9dB @  38Hz   13
103.6dB   342W 100.8dB @  40Hz   12
104.5dB   342W 101.7dB @  42Hz   11
105.3dB   342W 102.5dB @  44Hz   11
106.0dB   343W 103.2dB @  46Hz   10
106.8dB   343W 104.0dB @  48Hz    9
-------------
st305-8
      92.0dB                            275W
SplMech  Pmech SplEle     f3

 97.8dB  1025W  92.0dB @  16Hz   22
 99.8dB  1027W  94.1dB @  18Hz   20
101.6dB  1028W  95.9dB @  20Hz   18
103.3dB  1030W  97.6dB @  22Hz   16
104.8dB  1031W  99.1dB @  24Hz   15
106.2dB  1032W 100.5dB @  26Hz   13
107.5dB  1033W 101.7dB @  28Hz   12
108.7dB  1034W 102.9dB @  30Hz   11
109.8dB  1035W 104.0dB @  32Hz   10
110.9dB  1036W 105.1dB @  34Hz    9
111.8dB  1037W 106.1dB @  36Hz    8
112.8dB  1038W 107.0dB @  38Hz    7
113.7dB  1038W 107.9dB @  40Hz    6
114.5dB  1039W 108.8dB @  42Hz    5
115.3dB  1040W 109.6dB @  44Hz    4
116.1dB  1040W 110.3dB @  46Hz    4
116.8dB  1041W 111.1dB @  48Hz    3
-------------
st315-88
      94.0dB                            120W
SplMech  Pmech SplEle     f3

 96.1dB   646W  88.8dB @  16Hz   20
 98.1dB   647W  90.8dB @  18Hz   18
100.0dB   648W  92.6dB @  20Hz   16
101.6dB   649W  94.3dB @  22Hz   15
103.1dB   649W  95.8dB @  24Hz   13
104.5dB   650W  97.2dB @  26Hz   12
105.8dB   651W  98.5dB @  28Hz   11
107.0dB   651W  99.7dB @  30Hz    9
108.1dB   652W 100.8dB @  32Hz    8
109.2dB   652W 101.8dB @  34Hz    7
110.2dB   653W 102.8dB @  36Hz    6
111.1dB   653W 103.7dB @  38Hz    5
112.0dB   654W 104.6dB @  40Hz    4
112.8dB   654W 105.5dB @  42Hz    4
113.6dB   655W 106.3dB @  44Hz    3
114.4dB   655W 107.1dB @  46Hz    2
115.2dB   656W 107.8dB @  48Hz    1
-------------
st385-8
      90.0dB                            300W
SplMech  Pmech SplEle     f3

102.3dB  1070W  96.8dB @  16Hz   16
104.3dB  1072W  98.8dB @  18Hz   14
106.2dB  1074W 100.6dB @  20Hz   12
107.8dB  1075W 102.3dB @  22Hz   10
109.3dB  1076W 103.8dB @  24Hz    9
110.7dB  1078W 105.2dB @  26Hz    7
112.0dB  1079W 106.5dB @  28Hz    6
113.2dB  1080W 107.7dB @  30Hz    5
114.3dB  1081W 108.8dB @  32Hz    4
115.4dB  1082W 109.8dB @  34Hz    3
116.4dB  1082W 110.8dB @  36Hz    2
117.3dB  1083W 111.8dB @  38Hz    1
118.2dB  1084W 112.6dB @  40Hz    0
119.1dB  1085W 113.5dB @  42Hz   -1
119.9dB  1085W 114.3dB @  44Hz   -2
120.6dB  1086W 115.1dB @  46Hz   -2
121.4dB  1087W 115.8dB @  48Hz   -3
-------------
st385-88
      90.0dB                            350W
SplMech  Pmech SplEle     f3

107.2dB  5204W  95.5dB @  16Hz   14
109.3dB  5212W  97.6dB @  18Hz   12
111.1dB  5220W  99.4dB @  20Hz   10
112.8dB  5226W 101.0dB @  22Hz    9
114.3dB  5233W 102.5dB @  24Hz    7
115.7dB  5238W 103.9dB @  26Hz    6
117.0dB  5244W 105.2dB @  28Hz    4
118.2dB  5249W 106.4dB @  30Hz    3
119.3dB  5253W 107.5dB @  32Hz    2
120.3dB  5258W 108.6dB @  34Hz    1
121.3dB  5262W 109.6dB @  36Hz    0
122.3dB  5266W 110.5dB @  38Hz   -1
123.2dB  5269W 111.4dB @  40Hz   -2
124.0dB  5273W 112.2dB @  42Hz   -3
124.8dB  5276W 113.0dB @  44Hz   -3
125.6dB  5280W 113.8dB @  46Hz   -4
126.3dB  5283W 114.5dB @  48Hz   -5
-------------
tit400c
      92.0dB                            800W
SplMech  Pmech SplEle     f3

110.2dB  9680W  99.3dB @  16Hz   14
112.2dB  9696W 101.4dB @  18Hz   12
114.0dB  9710W 103.2dB @  20Hz   10
115.7dB  9722W 104.8dB @  22Hz    9
117.2dB  9734W 106.4dB @  24Hz    7
118.6dB  9745W 107.7dB @  26Hz    6
119.9dB  9755W 109.0dB @  28Hz    5
121.1dB  9764W 110.2dB @  30Hz    3
122.2dB  9772W 111.3dB @  32Hz    2
123.3dB  9780W 112.4dB @  34Hz    1
124.3dB  9788W 113.4dB @  36Hz    0
125.2dB  9795W 114.3dB @  38Hz   -1
126.1dB  9802W 115.2dB @  40Hz   -2
126.9dB  9809W 116.0dB @  42Hz   -2
127.7dB  9815W 116.8dB @  44Hz   -3
128.5dB  9821W 117.6dB @  46Hz   -4
129.2dB  9827W 118.4dB @  48Hz   -5
-------------
um10-22
      83.4dB                            500W
SplMech  Pmech SplEle     f3

101.4dB  7723W  89.5dB @  16Hz   16
103.5dB  7735W  91.6dB @  18Hz   14
105.3dB  7747W  93.4dB @  20Hz   12
107.0dB  7757W  95.1dB @  22Hz   10
108.5dB  7766W  96.6dB @  24Hz    9
109.9dB  7774W  98.0dB @  26Hz    7
111.2dB  7782W  99.2dB @  28Hz    6
112.4dB  7790W 100.4dB @  30Hz    5
113.5dB  7797W 101.5dB @  32Hz    4
114.5dB  7803W 102.6dB @  34Hz    3
115.5dB  7809W 103.6dB @  36Hz    2
116.5dB  7815W 104.5dB @  38Hz    1
117.4dB  7820W 105.4dB @  40Hz   -0
118.2dB  7826W 106.3dB @  42Hz   -1
119.0dB  7831W 107.1dB @  44Hz   -2
119.8dB  7835W 107.8dB @  46Hz   -2
120.5dB  7840W 108.6dB @  48Hz   -3
-------------
um12-22
      84.0dB                            600W
SplMech  Pmech SplEle     f3

104.9dB  3929W  96.8dB @  16Hz   11
107.0dB  3935W  98.8dB @  18Hz    9
108.8dB  3941W 100.6dB @  20Hz    7
110.5dB  3946W 102.3dB @  22Hz    5
112.0dB  3951W 103.8dB @  24Hz    4
113.4dB  3955W 105.2dB @  26Hz    2
114.7dB  3959W 106.5dB @  28Hz    1
115.9dB  3963W 107.7dB @  30Hz   -0
117.0dB  3966W 108.8dB @  32Hz   -1
118.0dB  3969W 109.8dB @  34Hz   -2
119.0dB  3973W 110.8dB @  36Hz   -3
120.0dB  3976W 111.8dB @  38Hz   -4
120.9dB  3978W 112.6dB @  40Hz   -5
121.7dB  3981W 113.5dB @  42Hz   -6
122.5dB  3984W 114.3dB @  44Hz   -7
123.3dB  3986W 115.1dB @  46Hz   -8
124.0dB  3988W 115.8dB @  48Hz   -8
-------------
um15-22
      86.5dB                            800W
SplMech  Pmech SplEle     f3

109.3dB  5274W 101.2dB @  16Hz   10
111.4dB  5283W 103.2dB @  18Hz    8
113.2dB  5290W 105.0dB @  20Hz    6
114.9dB  5297W 106.7dB @  22Hz    5
116.4dB  5304W 108.2dB @  24Hz    3
117.8dB  5309W 109.6dB @  26Hz    2
119.1dB  5315W 110.8dB @  28Hz    1
120.3dB  5320W 112.0dB @  30Hz   -1
121.4dB  5324W 113.2dB @  32Hz   -2
122.4dB  5329W 114.2dB @  34Hz   -3
123.4dB  5333W 115.2dB @  36Hz   -4
124.4dB  5337W 116.1dB @  38Hz   -5
125.3dB  5341W 117.0dB @  40Hz   -6
126.1dB  5344W 117.9dB @  42Hz   -6
126.9dB  5348W 118.7dB @  44Hz   -7
127.7dB  5351W 119.4dB @  46Hz   -8
128.4dB  5354W 120.2dB @  48Hz   -9
