-------------
DL18MT                                 94.0dB  400W                     3x100mm
Rpre   Spl         Vb      fb         SplMech Pmech  SplEle     f3       dv       lv

0.20  97.8dB:   263.1l @  38.7Hz  =>  123.4dB  453W 122.9dB @  42.4Hz   3x100mm   119 mm 
                294.7l @  37.3Hz  =>  122.4dB  361W 122.9dB @  40.0Hz   3x100mm    93 mm 
                330.1l @  36.0Hz  =>  121.4dB  288W 122.9dB @  37.8Hz   3x100mm    69 mm 
             *  369.7l @  34.7Hz  =>  120.5dB  229W 122.9dB @  35.8Hz   3x100mm    48 mm 
                414.0l @  33.5Hz  =>  119.5dB  183W 122.9dB @  33.8Hz   3x100mm    30 mm 
                463.7l @  32.3Hz  =>  118.5dB  146W 122.9dB @  31.9Hz + 4x100mm    40 mm 
                519.4l @  31.1Hz  =>  117.5dB  116W 122.9dB @  30.2Hz + 4x100mm    20 mm 
                581.7l @  30.0Hz  =>  116.5dB   93W 122.9dB @  28.5Hz + 5x100mm    22 mm 

0.60  97.6dB:   308.4l @  36.8Hz  =>  122.0dB  350W 122.6dB @  39.1Hz   3x100mm    83 mm 
                345.4l @  35.5Hz  =>  121.0dB  279W 122.6dB @  37.0Hz   3x100mm    61 mm 
                386.8l @  34.2Hz  =>  120.1dB  222W 122.6dB @  34.9Hz   3x100mm    41 mm 
             *  433.2l @  33.0Hz  =>  119.1dB  177W 122.6dB @  33.0Hz   3x100mm    23 mm 
                485.2l @  31.8Hz  =>  118.1dB  141W 122.6dB @  31.2Hz + 4x100mm    32 mm 
                543.4l @  30.7Hz  =>  117.1dB  113W 122.6dB @  29.5Hz + 5x100mm    36 mm 
                608.7l @  29.6Hz  =>  116.1dB   90W 122.6dB @  27.9Hz + 6x100mm    34 mm 

1.00  97.3dB:   358.0l @  35.1Hz  =>  120.7dB  274W 122.4dB @  36.3Hz   3x100mm    54 mm 
                401.0l @  33.8Hz  =>  119.7dB  219W 122.4dB @  34.3Hz   3x100mm    35 mm 
                449.1l @  32.6Hz  =>  118.8dB  174W 122.4dB @  32.4Hz + 4x100mm    46 mm 
             *  503.0l @  31.5Hz  =>  117.8dB  139W 122.4dB @  30.6Hz + 4x100mm    25 mm 
                563.3l @  30.3Hz  =>  116.8dB  111W 122.4dB @  29.0Hz + 5x100mm    28 mm 
                630.9l @  29.3Hz  =>  115.8dB   88W 122.4dB @  27.4Hz + 6x100mm    26 mm 

