-------------
DL18MT
      94.0dB                            400W
Rpre   Spl      qtc    Vb     SplMech Pmech SplEle      f3

0.20  97.8dB:   0.5  525.6l: (126.7dB   972W 122.9dB) @  65Hz
                0.6  266.7l: (125.7dB   770W 122.9dB) @  61Hz
                0.7  168.6l: (125.8dB   779W 122.9dB) @  61Hz
                0.8  118.3l: (127.2dB  1078W 122.9dB) @  66Hz
                0.9   88.5l: (127.7dB  1205W 122.9dB) @  68Hz
                1.0   69.0l: (128.2dB  1371W 122.9dB) @  70Hz
                1.1   55.5l: (129.0dB  1630W 122.9dB) @  73Hz
                1.1   55.5l: (126.1dB   845W 122.9dB) @  62Hz (  554uF)

0.60  97.6dB:   0.5  683.4l: (125.8dB   827W 122.6dB) @  61Hz
                0.6  320.8l: (124.8dB   655W 122.6dB) @  58Hz
                0.7  197.2l: (124.8dB   663W 122.6dB) @  58Hz
                0.8  136.5l: (126.2dB   917W 122.6dB) @  63Hz
                0.9  101.2l: (126.7dB  1025W 122.6dB) @  64Hz
                1.0   78.5l: (127.3dB  1166W 122.6dB) @  67Hz
                1.1   62.9l: (128.0dB  1386W 122.6dB) @  70Hz
                1.1   62.9l: (125.2dB   718W 122.6dB) @  59Hz (  586uF)

1.00  97.3dB:   0.5  915.8l: (124.9dB   710W 122.4dB) @  58Hz
                0.6  387.3l: (123.8dB   562W 122.4dB) @  55Hz
                0.7  230.2l: (123.9dB   569W 122.4dB) @  55Hz
                0.8  156.8l: (125.3dB   787W 122.4dB) @  60Hz
                0.9  115.2l: (125.8dB   880W 122.4dB) @  61Hz
                1.0   88.9l: (126.3dB  1001W 122.4dB) @  63Hz
                1.1   70.9l: (127.1dB  1190W 122.4dB) @  66Hz
                1.1   70.9l: (124.2dB   617W 122.4dB) @  56Hz (  617uF)

