-------------
Beta 8cx
      93.3dB                            250W
SplMech  Pmech SplEle     f3

 76.1dB     0W 115.8dB @  16Hz
 78.1dB     0W 115.8dB @  18Hz
 80.0dB     0W 115.8dB @  20Hz
 81.6dB     0W 115.8dB @  22Hz
 83.1dB     0W 115.8dB @  24Hz
 84.5dB     0W 115.8dB @  26Hz
 85.8dB     0W 115.8dB @  28Hz
 87.0dB     0W 115.8dB @  30Hz
 88.1dB     0W 115.8dB @  32Hz
 89.2dB     1W 115.8dB @  34Hz
 90.2dB     1W 115.8dB @  36Hz
 91.1dB     1W 115.8dB @  38Hz
 92.0dB     1W 115.8dB @  40Hz
 92.8dB     1W 115.8dB @  42Hz
 93.6dB     2W 115.8dB @  44Hz
 94.4dB     2W 115.8dB @  46Hz
 95.2dB     2W 115.8dB @  48Hz
-------------
Beta 10cx
      93.3dB                            250W
SplMech  Pmech SplEle     f3

 84.3dB     0W 116.5dB @  16Hz
 86.3dB     0W 116.5dB @  18Hz
 88.1dB     0W 116.5dB @  20Hz
 89.8dB     1W 116.5dB @  22Hz
 91.3dB     1W 116.5dB @  24Hz
 92.7dB     1W 116.5dB @  26Hz
 94.0dB     1W 116.5dB @  28Hz
 95.2dB     2W 116.5dB @  30Hz
 96.3dB     2W 116.5dB @  32Hz
 97.4dB     3W 116.5dB @  34Hz
 98.3dB     4W 116.5dB @  36Hz
 99.3dB     5W 116.5dB @  38Hz
100.2dB     6W 116.5dB @  40Hz
101.0dB     7W 116.5dB @  42Hz
101.8dB     9W 116.5dB @  44Hz
102.6dB    10W 116.5dB @  46Hz
103.3dB    12W 116.5dB @  48Hz
-------------
Beta 12cx
      95.1dB                            250W
SplMech  Pmech SplEle     f3

 84.7dB     0W 119.2dB @  16Hz
 86.7dB     0W 119.2dB @  18Hz
 88.6dB     0W 119.2dB @  20Hz
 90.2dB     0W 119.2dB @  22Hz
 91.7dB     0W 119.2dB @  24Hz
 93.1dB     1W 119.2dB @  26Hz
 94.4dB     1W 119.2dB @  28Hz
 95.6dB     1W 119.2dB @  30Hz
 96.7dB     1W 119.2dB @  32Hz
 97.8dB     2W 119.2dB @  34Hz
 98.8dB     2W 119.2dB @  36Hz
 99.7dB     3W 119.2dB @  38Hz
100.6dB     3W 119.2dB @  40Hz
101.4dB     4W 119.2dB @  42Hz
102.3dB     5W 119.2dB @  44Hz
103.0dB     6W 119.2dB @  46Hz
103.8dB     7W 119.2dB @  48Hz
-------------
Kappa15LFA
      99.0dB                            600W
SplMech  Pmech SplEle     f3

 99.0dB     3W 121.4dB @  16Hz
101.1dB     6W 121.4dB @  18Hz
102.9dB     9W 121.4dB @  20Hz
104.5dB    12W 121.4dB @  22Hz
106.1dB    18W 121.4dB @  24Hz
107.4dB    24W 121.4dB @  26Hz
108.7dB    33W 121.4dB @  28Hz
109.9dB    43W 121.4dB @  30Hz
111.1dB    56W 121.4dB @  32Hz
112.1dB    71W 121.4dB @  34Hz
113.1dB    89W 121.4dB @  36Hz
114.0dB   111W 121.4dB @  38Hz
114.9dB   136W 121.4dB @  40Hz
115.8dB   165W 121.4dB @  42Hz
116.6dB   199W 121.4dB @  44Hz
117.4dB   238W 121.4dB @  46Hz
118.1dB   282W 121.4dB @  48Hz
-------------
OmegaPro18C
      96.4dB                            800W
SplMech  Pmech SplEle     f3

100.5dB     9W 119.8dB @  16Hz
102.5dB    15W 119.8dB @  18Hz
104.3dB    23W 119.8dB @  20Hz
106.0dB    34W 119.8dB @  22Hz
107.5dB    47W 119.8dB @  24Hz
108.9dB    65W 119.8dB @  26Hz
110.2dB    88W 119.8dB @  28Hz
111.4dB   116W 119.8dB @  30Hz
112.5dB   150W 119.8dB @  32Hz
113.6dB   191W 119.8dB @  34Hz
114.5dB   240W 119.8dB @  36Hz
115.5dB   298W 119.8dB @  38Hz
116.4dB   366W 119.8dB @  40Hz
117.2dB   445W 119.8dB @  42Hz
118.0dB   537W 119.8dB @  44Hz
118.8dB   641W 119.8dB @  46Hz
119.5dB   760W 119.8dB @  48Hz
-------------
Sigma Pro 18-2
      95.0dB                            650W
SplMech  Pmech SplEle     f3

102.3dB     4W 123.9dB @  16Hz
104.3dB     7W 123.9dB @  18Hz
106.1dB    11W 123.9dB @  20Hz
107.8dB    16W 123.9dB @  22Hz
109.3dB    23W 123.9dB @  24Hz
110.7dB    31W 123.9dB @  26Hz
112.0dB    42W 123.9dB @  28Hz
113.2dB    55W 123.9dB @  30Hz
114.3dB    72W 123.9dB @  32Hz
115.3dB    91W 123.9dB @  34Hz
116.3dB   115W 123.9dB @  36Hz
117.3dB   142W 123.9dB @  38Hz
118.2dB   175W 123.9dB @  40Hz
119.0dB   212W 123.9dB @  42Hz
119.8dB   256W 123.9dB @  44Hz
120.6dB   306W 123.9dB @  46Hz
121.3dB   362W 123.9dB @  48Hz
-------------
LAB12
      89.2dB                            400W
SplMech  Pmech SplEle     f3

101.9dB    58W 110.3dB @  16Hz
104.0dB    93W 110.3dB @  18Hz
105.8dB   142W 110.3dB @  20Hz
107.5dB   208W 110.3dB @  22Hz
109.0dB   295W 110.3dB @  24Hz
110.4dB   406W 110.3dB @  26Hz
111.6dB   546W 110.3dB @  28Hz
112.8dB   720W 110.3dB @  30Hz
114.0dB   932W 110.3dB @  32Hz
115.0dB  1188W 110.3dB @  34Hz
116.0dB  1493W 110.3dB @  36Hz
116.9dB  1854W 110.3dB @  38Hz
117.8dB  2276W 110.3dB @  40Hz
118.7dB  2766W 110.3dB @  42Hz
119.5dB  3332W 110.3dB @  44Hz
120.3dB  3980W 110.3dB @  46Hz
121.0dB  4719W 110.3dB @  48Hz
-------------
LAB15
      88.5dB                            600W
SplMech  Pmech SplEle     f3

105.3dB    61W 115.2dB @  16Hz
107.3dB    98W 115.2dB @  18Hz
109.2dB   150W 115.2dB @  20Hz
110.8dB   220W 115.2dB @  22Hz
112.3dB   311W 115.2dB @  24Hz
113.7dB   428W 115.2dB @  26Hz
115.0dB   576W 115.2dB @  28Hz
116.2dB   759W 115.2dB @  30Hz
117.3dB   983W 115.2dB @  32Hz
118.4dB  1252W 115.2dB @  34Hz
119.4dB  1574W 115.2dB @  36Hz
120.3dB  1954W 115.2dB @  38Hz
121.2dB  2399W 115.2dB @  40Hz
122.1dB  2916W 115.2dB @  42Hz
122.9dB  3512W 115.2dB @  44Hz
123.6dB  4196W 115.2dB @  46Hz
124.4dB  4974W 115.2dB @  48Hz
