-------------
Beta 8cx
      93.3dB            250W
Rpre   Spl     SplMech Pmech SplEle      f3

0.20  93.4dB: (112.5dB   117W 115.8dB) @ 130Hz
              (115.5dB   235W 115.8dB) @ 155Hz
              (118.5dB   469W 115.8dB) @ 184Hz
              (121.5dB   938W 115.8dB) @ 219Hz
              (124.5dB  1876W 115.8dB) @ 260Hz
0.60  93.1dB: (111.4dB    97W 115.5dB) @ 122Hz
              (114.4dB   194W 115.5dB) @ 145Hz
              (117.4dB   388W 115.5dB) @ 173Hz
              (120.4dB   776W 115.5dB) @ 205Hz
              (123.4dB  1552W 115.5dB) @ 244Hz
1.00  92.8dB: (110.3dB    81W 115.2dB) @ 115Hz
              (113.4dB   163W 115.2dB) @ 137Hz
              (116.4dB   325W 115.2dB) @ 163Hz
              (119.4dB   650W 115.2dB) @ 193Hz
              (122.4dB  1301W 115.2dB) @ 230Hz
-------------
Beta 10cx
      93.3dB            250W
Rpre   Spl     SplMech Pmech SplEle      f3

0.20  94.1dB: (113.0dB   111W 116.5dB) @  84Hz
              (116.0dB   222W 116.5dB) @  99Hz
              (119.0dB   444W 116.5dB) @ 118Hz
              (122.0dB   888W 116.5dB) @ 141Hz
              (125.0dB  1776W 116.5dB) @ 167Hz
0.60  93.8dB: (111.9dB    93W 116.2dB) @  79Hz
              (114.9dB   185W 116.2dB) @  93Hz
              (117.9dB   371W 116.2dB) @ 111Hz
              (120.9dB   741W 116.2dB) @ 132Hz
              (123.9dB  1483W 116.2dB) @ 157Hz
1.00  93.6dB: (110.9dB    78W 115.9dB) @  74Hz
              (113.9dB   157W 115.9dB) @  88Hz
              (116.9dB   313W 115.9dB) @ 105Hz
              (119.9dB   627W 115.9dB) @ 125Hz
              (122.9dB  1254W 115.9dB) @ 148Hz
-------------
Beta 12cx
      95.1dB            250W
Rpre   Spl     SplMech Pmech SplEle      f3

0.20  96.8dB: (109.6dB    27W 119.2dB) @  67Hz
              (112.6dB    54W 119.2dB) @  80Hz
              (115.6dB   109W 119.2dB) @  95Hz
              (118.6dB   218W 119.2dB) @ 113Hz
              (121.7dB   435W 119.2dB) @ 134Hz
              (124.7dB   870W 119.2dB) @ 160Hz
              (127.7dB  1740W 119.2dB) @ 190Hz
0.60  96.6dB: (108.5dB    23W 119.0dB) @  63Hz
              (111.5dB    45W 119.0dB) @  75Hz
              (114.6dB    91W 119.0dB) @  89Hz
              (117.6dB   182W 119.0dB) @ 106Hz
              (120.6dB   363W 119.0dB) @ 126Hz
              (123.6dB   726W 119.0dB) @ 150Hz
              (126.6dB  1452W 119.0dB) @ 179Hz
1.00  96.3dB: (107.5dB    19W 118.7dB) @  60Hz
              (110.5dB    38W 118.7dB) @  71Hz
              (113.6dB    77W 118.7dB) @  84Hz
              (116.6dB   153W 118.7dB) @ 100Hz
              (119.6dB   307W 118.7dB) @ 119Hz
              (122.6dB   614W 118.7dB) @ 142Hz
              (125.6dB  1227W 118.7dB) @ 169Hz
              (128.6dB  2455W 118.7dB) @ 200Hz
-------------
Kappa15LFA
      99.0dB            600W
Rpre   Spl     SplMech Pmech SplEle      f3

0.20  95.3dB: (124.3dB  1184W 121.4dB) @  69Hz
              (127.3dB  2368W 121.4dB) @  82Hz
              (130.3dB  4735W 121.4dB) @  97Hz
0.60  95.0dB: (123.2dB   981W 121.1dB) @  64Hz
              (126.2dB  1961W 121.1dB) @  77Hz
              (129.2dB  3922W 121.1dB) @  91Hz
1.00  94.7dB: (122.2dB   823W 120.8dB) @  61Hz
              (125.2dB  1646W 120.8dB) @  72Hz
              (128.2dB  3292W 120.8dB) @  86Hz
-------------
OmegaPro18C
      96.4dB            800W
Rpre   Spl     SplMech Pmech SplEle      f3

0.20  95.8dB: (121.6dB  1210W 119.8dB) @  54Hz
              (124.6dB  2419W 119.8dB) @  64Hz
              (127.6dB  4839W 119.8dB) @  76Hz
0.60  95.2dB: (119.3dB   822W 119.2dB) @  47Hz
              (122.3dB  1643W 119.2dB) @  56Hz
              (125.3dB  3286W 119.2dB) @  67Hz
              (128.3dB  6572W 119.2dB) @  80Hz
1.00  94.7dB: (117.3dB   587W 118.6dB) @  42Hz
              (120.3dB  1173W 118.6dB) @  50Hz
              (123.3dB  2347W 118.6dB) @  60Hz
              (126.3dB  4693W 118.6dB) @  71Hz
-------------
LAB12
      89.2dB            400W
Rpre   Spl     SplMech Pmech SplEle      f3

0.20  87.0dB: (117.3dB  2032W 110.3dB) @  39Hz
0.60  86.6dB: (115.9dB  1590W 109.9dB) @  36Hz
              (118.9dB  3180W 109.9dB) @  43Hz
1.00  86.3dB: (114.6dB  1269W 109.6dB) @  33Hz
              (117.6dB  2538W 109.6dB) @  39Hz
