-------------
4-300/25s
      85.0dB             40W
Rpre   Spl     SplMech Pmech SplEle      f3

0.20  87.4dB: (103.0dB    48W 102.2dB) @ 131Hz
              (106.0dB    95W 102.2dB) @ 156Hz
              (109.0dB   191W 102.2dB) @ 186Hz
              (112.0dB   381W 102.2dB) @ 221Hz
0.60  87.1dB: (102.0dB    40W 101.9dB) @ 124Hz
              (105.0dB    81W 101.9dB) @ 148Hz
              (108.0dB   161W 101.9dB) @ 176Hz
              (111.0dB   323W 101.9dB) @ 209Hz
1.00  86.8dB: (101.0dB    34W 101.7dB) @ 118Hz
              (104.0dB    69W 101.7dB) @ 140Hz
              (107.1dB   138W 101.7dB) @ 166Hz
              (110.1dB   276W 101.7dB) @ 198Hz
-------------
4-300/25
      88.0dB             50W
Rpre   Spl     SplMech Pmech SplEle      f3

0.20  86.1dB: (102.5dB    59W 101.8dB) @ 128Hz
              (105.5dB   118W 101.8dB) @ 152Hz
              (108.5dB   237W 101.8dB) @ 181Hz
              (111.5dB   474W 101.8dB) @ 215Hz
0.60  85.8dB: (101.6dB    52W 101.5dB) @ 122Hz
              (104.7dB   103W 101.5dB) @ 145Hz
              (107.7dB   206W 101.5dB) @ 172Hz
              (110.7dB   413W 101.5dB) @ 205Hz
1.00  85.5dB: (100.8dB    45W 101.3dB) @ 116Hz
              (103.8dB    91W 101.3dB) @ 138Hz
              (106.9dB   182W 101.3dB) @ 165Hz
              (109.9dB   363W 101.3dB) @ 196Hz
-------------
5-880/25
      87.0dB             50W
Rpre   Spl     SplMech Pmech SplEle      f3

0.20  86.0dB: (103.9dB    75W 102.1dB) @  93Hz
              (106.9dB   151W 102.1dB) @ 110Hz
              (109.9dB   301W 102.1dB) @ 131Hz
0.60  85.7dB: (103.1dB    66W 101.9dB) @  88Hz
              (106.1dB   132W 101.9dB) @ 105Hz
              (109.1dB   264W 101.9dB) @ 125Hz
1.00  85.5dB: (102.3dB    58W 101.6dB) @  85Hz
              (105.3dB   117W 101.6dB) @ 101Hz
              (108.3dB   234W 101.6dB) @ 120Hz
              (111.3dB   467W 101.6dB) @ 142Hz
-------------
7-372/32
      88.0dB             80W
Rpre   Spl     SplMech Pmech SplEle      f3

0.20  88.7dB: (110.9dB   189W 107.1dB) @  81Hz
              (113.9dB   378W 107.1dB) @  96Hz
              (116.9dB   756W 107.1dB) @ 115Hz
0.60  88.4dB: (110.0dB   163W 106.9dB) @  77Hz
              (113.0dB   327W 106.9dB) @  92Hz
              (116.0dB   654W 106.9dB) @ 109Hz
1.00  88.2dB: (109.2dB   142W 106.7dB) @  74Hz
              (112.2dB   285W 106.7dB) @  87Hz
              (115.2dB   570W 106.7dB) @ 104Hz
-------------
7-375/32
      88.0dB             70W
Rpre   Spl     SplMech Pmech SplEle      f3

0.20  87.6dB: (113.3dB   444W 105.3dB) @  81Hz
0.60  87.3dB: (112.5dB   388W 105.1dB) @  77Hz
1.00  87.1dB: (111.7dB   342W 104.8dB) @  74Hz
              (114.7dB   684W 104.8dB) @  88Hz
-------------
7-360/37
      89.0dB            100W
Rpre   Spl     SplMech Pmech SplEle      f3

0.20  87.5dB: (105.8dB    98W 105.9dB) @  80Hz
              (108.8dB   196W 105.9dB) @  95Hz
              (111.8dB   392W 105.9dB) @ 113Hz
              (114.9dB   783W 105.9dB) @ 135Hz
0.60  87.2dB: (104.8dB    83W 105.6dB) @  76Hz
              (107.8dB   166W 105.6dB) @  90Hz
              (110.8dB   333W 105.6dB) @ 107Hz
              (113.9dB   666W 105.6dB) @ 127Hz
1.00  86.9dB: (103.9dB    72W 105.4dB) @  72Hz
              (106.9dB   143W 105.4dB) @  85Hz
              (109.9dB   286W 105.4dB) @ 102Hz
              (112.9dB   573W 105.4dB) @ 121Hz
-------------
8-472/32
      88.0dB             90W
Rpre   Spl     SplMech Pmech SplEle      f3

0.20  88.9dB: (108.5dB   104W 107.8dB) @  56Hz
              (111.5dB   208W 107.8dB) @  66Hz
              (114.5dB   416W 107.8dB) @  79Hz
              (117.5dB   833W 107.8dB) @  94Hz
0.60  88.6dB: (107.6dB    90W 107.6dB) @  53Hz
              (110.6dB   180W 107.6dB) @  63Hz
              (113.6dB   361W 107.6dB) @  75Hz
              (116.6dB   721W 107.6dB) @  89Hz
1.00  88.4dB: (106.8dB    79W 107.4dB) @  51Hz
              (109.8dB   158W 107.4dB) @  60Hz
              (112.8dB   315W 107.4dB) @  72Hz
              (115.8dB   630W 107.4dB) @  85Hz
-------------
8-800/37
      89.0dB            120W
Rpre   Spl     SplMech Pmech SplEle      f3

0.20  88.3dB: (106.4dB    94W 107.4dB) @  63Hz
              (109.4dB   188W 107.4dB) @  75Hz
              (112.4dB   376W 107.4dB) @  89Hz
              (115.4dB   751W 107.4dB) @ 106Hz
0.60  88.0dB: (105.4dB    80W 107.1dB) @  60Hz
              (108.4dB   160W 107.1dB) @  71Hz
              (111.4dB   321W 107.1dB) @  84Hz
              (114.4dB   641W 107.1dB) @ 100Hz
1.00  87.7dB: (104.5dB    69W 106.9dB) @  57Hz
              (107.5dB   139W 106.9dB) @  67Hz
              (110.5dB   277W 106.9dB) @  80Hz
              (113.5dB   555W 106.9dB) @  95Hz
              (116.5dB  1109W 106.9dB) @ 113Hz
-------------
11-581/50
      91.0dB            150W
Rpre   Spl     SplMech Pmech SplEle      f3

0.20  88.3dB: (109.8dB   220W 108.2dB) @  48Hz
              (112.8dB   441W 108.2dB) @  57Hz
              (115.9dB   882W 108.2dB) @  68Hz
0.60  88.0dB: (108.7dB   180W 107.9dB) @  45Hz
              (111.7dB   361W 107.9dB) @  53Hz
              (114.7dB   721W 107.9dB) @  63Hz
              (117.7dB  1443W 107.9dB) @  75Hz
1.00  87.7dB: (107.6dB   150W 107.6dB) @  42Hz
              (110.6dB   299W 107.6dB) @  50Hz
              (113.6dB   599W 107.6dB) @  59Hz
              (116.6dB  1197W 107.6dB) @  71Hz
