-------------
4-300/25s
      85.0dB                             40W
Rpre   Spl      qtc    Vb     SplMech Pmech SplEle      f3

0.20  87.4dB:   0.5    3.6l: (103.6dB    55W 102.2dB) @ 136Hz
                0.6    2.1l: (102.6dB    43W 102.2dB) @ 128Hz
                0.7    1.4l: (102.6dB    44W 102.2dB) @ 129Hz
                0.8    1.0l: (104.0dB    61W 102.2dB) @ 140Hz
                0.9    0.8l: (104.5dB    68W 102.2dB) @ 144Hz
                1.0    0.6l: (105.1dB    77W 102.2dB) @ 148Hz
                1.1    0.5l: (105.8dB    92W 102.2dB) @ 155Hz
                1.1    0.5l: (103.0dB    48W 102.2dB) @ 131Hz (  276uF)

0.60  87.1dB:   0.5    4.3l: (102.6dB    46W 101.9dB) @ 129Hz
                0.6    2.5l: (101.6dB    37W 101.9dB) @ 121Hz
                0.7    1.7l: (101.6dB    37W 101.9dB) @ 122Hz
                0.8    1.2l: (103.0dB    51W 101.9dB) @ 132Hz
                0.9    0.9l: (103.5dB    58W 101.9dB) @ 136Hz
                1.0    0.7l: (104.1dB    65W 101.9dB) @ 140Hz
                1.1    0.6l: (104.8dB    78W 101.9dB) @ 146Hz
                1.1    0.6l: (102.0dB    40W 101.9dB) @ 124Hz (  292uF)

1.00  86.8dB:   0.5    5.2l: (101.6dB    40W 101.7dB) @ 122Hz
                0.6    2.9l: (100.6dB    31W 101.7dB) @ 115Hz
                0.7    1.9l: (100.7dB    32W 101.7dB) @ 115Hz
                0.8    1.4l: (102.1dB    44W 101.7dB) @ 125Hz
                0.9    1.0l: (102.6dB    49W 101.7dB) @ 129Hz
                1.0    0.8l: (103.1dB    56W 101.7dB) @ 133Hz
                1.1    0.7l: (103.9dB    67W 101.7dB) @ 139Hz
                1.1    0.7l: (101.0dB    34W 101.7dB) @ 118Hz (  308uF)

-------------
4-300/25
      88.0dB                             50W
Rpre   Spl      qtc    Vb     SplMech Pmech SplEle      f3

0.20  86.1dB:   0.5    3.8l: (103.1dB    68W 101.8dB) @ 133Hz
                0.6    2.1l: (102.1dB    54W 101.8dB) @ 125Hz
                0.7    1.4l: (102.2dB    55W 101.8dB) @ 126Hz
                0.8    1.0l: (103.6dB    76W 101.8dB) @ 136Hz
                0.9    0.8l: (104.1dB    84W 101.8dB) @ 140Hz
                1.0    0.6l: (104.6dB    96W 101.8dB) @ 145Hz
                1.1    0.5l: (105.4dB   114W 101.8dB) @ 151Hz
                1.1    0.5l: (102.5dB    59W 101.8dB) @ 128Hz (  288uF)

0.60  85.8dB:   0.5    4.6l: (102.3dB    59W 101.5dB) @ 126Hz
                0.6    2.5l: (101.2dB    47W 101.5dB) @ 119Hz
                0.7    1.6l: (101.3dB    48W 101.5dB) @ 119Hz
                0.8    1.1l: (102.7dB    66W 101.5dB) @ 130Hz
                0.9    0.9l: (103.2dB    74W 101.5dB) @ 133Hz
                1.0    0.7l: (103.7dB    84W 101.5dB) @ 138Hz
                1.1    0.5l: (104.5dB   100W 101.5dB) @ 144Hz
                1.1    0.5l: (101.6dB    52W 101.5dB) @ 122Hz (  303uF)

1.00  85.5dB:   0.5    5.6l: (101.4dB    52W 101.3dB) @ 120Hz
                0.6    2.9l: (100.4dB    41W 101.3dB) @ 114Hz
                0.7    1.8l: (100.5dB    42W 101.3dB) @ 114Hz
                0.8    1.3l: (101.9dB    58W 101.3dB) @ 124Hz
                0.9    1.0l: (102.4dB    65W 101.3dB) @ 127Hz
                1.0    0.7l: (102.9dB    74W 101.3dB) @ 131Hz
                1.1    0.6l: (103.7dB    88W 101.3dB) @ 137Hz
                1.1    0.6l: (100.8dB    45W 101.3dB) @ 116Hz (  317uF)

-------------
5-880/25
      87.0dB                             50W
Rpre   Spl      qtc    Vb     SplMech Pmech SplEle      f3

0.20  86.0dB:   0.5   14.0l: (104.5dB    87W 102.1dB) @  96Hz
                0.6    6.5l: (103.5dB    69W 102.1dB) @  91Hz
                0.7    4.0l: (103.5dB    69W 102.1dB) @  91Hz
                0.8    2.8l: (104.9dB    96W 102.1dB) @  99Hz
                0.9    2.0l: (105.4dB   107W 102.1dB) @ 101Hz
                1.0    1.6l: (106.0dB   122W 102.1dB) @ 105Hz
                1.1    1.3l: (106.7dB   145W 102.1dB) @ 109Hz
                1.1    1.3l: (103.9dB    75W 102.1dB) @  93Hz (  362uF)

0.60  85.7dB:   0.5   18.3l: (103.7dB    76W 101.9dB) @  92Hz
                0.6    7.7l: (102.7dB    60W 101.9dB) @  86Hz
                0.7    4.6l: (102.7dB    61W 101.9dB) @  87Hz
                0.8    3.1l: (104.1dB    84W 101.9dB) @  94Hz
                0.9    2.3l: (104.6dB    94W 101.9dB) @  97Hz
                1.0    1.8l: (105.2dB   107W 101.9dB) @ 100Hz
                1.1    1.4l: (105.9dB   127W 101.9dB) @ 104Hz
                1.1    1.4l: (103.1dB    66W 101.9dB) @  88Hz (  379uF)

1.00  85.5dB:   0.5   24.8l: (102.9dB    67W 101.6dB) @  88Hz
                0.6    9.2l: (101.9dB    53W 101.6dB) @  83Hz
                0.7    5.3l: (102.0dB    54W 101.6dB) @  83Hz
                0.8    3.5l: (103.4dB    75W 101.6dB) @  90Hz
                0.9    2.6l: (103.8dB    83W 101.6dB) @  92Hz
                1.0    2.0l: (104.4dB    95W 101.6dB) @  95Hz
                1.1    1.6l: (105.2dB   113W 101.6dB) @ 100Hz
                1.1    1.6l: (102.3dB    58W 101.6dB) @  85Hz (  396uF)

-------------
5-302/C8/25
      88.0dB                             50W
Rpre   Spl      qtc    Vb     SplMech Pmech SplEle      f3

0.20  86.0dB:   0.5   18.1l: (105.4dB   133W 101.2dB) @  89Hz
                0.6    7.8l: (104.4dB   105W 101.2dB) @  84Hz
                0.7    4.7l: (104.4dB   107W 101.2dB) @  84Hz
                0.8    3.2l: (105.9dB   148W 101.2dB) @  91Hz
                0.9    2.3l: (106.3dB   165W 101.2dB) @  94Hz
                1.0    1.8l: (106.9dB   188W 101.2dB) @  97Hz
                1.1    1.4l: (107.7dB   223W 101.2dB) @ 101Hz
                1.1    1.4l: (104.8dB   116W 101.2dB) @  86Hz (  487uF)

0.60  85.7dB:   0.5   28.8l: (104.3dB   110W 100.9dB) @  83Hz
                0.6   10.1l: (103.3dB    87W 100.9dB) @  78Hz
                0.7    5.7l: (103.3dB    88W 100.9dB) @  79Hz
                0.8    3.8l: (104.7dB   122W 100.9dB) @  85Hz
                0.9    2.8l: (105.2dB   136W 100.9dB) @  88Hz
                1.0    2.1l: (105.8dB   155W 100.9dB) @  91Hz
                1.1    1.7l: (106.5dB   184W 100.9dB) @  95Hz
                1.1    1.7l: (103.7dB    95W 100.9dB) @  80Hz (  520uF)

1.00  85.4dB:   0.5   55.6l: (103.2dB    92W 100.6dB) @  78Hz
                0.6   13.4l: (102.2dB    73W 100.6dB) @  74Hz
                0.7    7.0l: (102.2dB    74W 100.6dB) @  74Hz
                0.8    4.6l: (103.7dB   102W 100.6dB) @  80Hz
                0.9    3.3l: (104.1dB   114W 100.6dB) @  82Hz
                1.0    2.5l: (104.7dB   129W 100.6dB) @  85Hz
                1.1    1.9l: (105.4dB   154W 100.6dB) @  89Hz
                1.1    1.9l: (102.6dB    80W 100.6dB) @  75Hz (  553uF)

-------------
7-372/32
      88.0dB                             80W
Rpre   Spl      qtc    Vb     SplMech Pmech SplEle      f3

0.20  88.7dB:   0.5   19.4l: (111.5dB   218W 107.1dB) @  84Hz
                0.6   11.9l: (110.5dB   172W 107.1dB) @  79Hz
                0.7    8.1l: (110.5dB   174W 107.1dB) @  79Hz
                0.8    6.0l: (111.9dB   241W 107.1dB) @  86Hz
                0.9    4.6l: (112.4dB   270W 107.1dB) @  89Hz
                1.0    3.6l: (113.0dB   307W 107.1dB) @  91Hz
                1.1    3.0l: (113.7dB   365W 107.1dB) @  95Hz
                1.1    3.0l: (110.9dB   189W 107.1dB) @  81Hz (  390uF)

0.60  88.4dB:   0.5   22.5l: (110.6dB   188W 106.9dB) @  80Hz
                0.6   13.5l: (109.6dB   149W 106.9dB) @  75Hz
                0.7    9.2l: (109.6dB   151W 106.9dB) @  76Hz
                0.8    6.7l: (111.1dB   209W 106.9dB) @  82Hz
                0.9    5.1l: (111.5dB   233W 106.9dB) @  84Hz
                1.0    4.1l: (112.1dB   265W 106.9dB) @  87Hz
                1.1    3.3l: (112.9dB   315W 106.9dB) @  91Hz
                1.1    3.3l: (110.0dB   163W 106.9dB) @  77Hz (  410uF)

1.00  88.2dB:   0.5   26.0l: (109.8dB   164W 106.7dB) @  76Hz
                0.6   15.3l: (108.8dB   130W 106.7dB) @  72Hz
                0.7   10.3l: (108.8dB   131W 106.7dB) @  72Hz
                0.8    7.5l: (110.2dB   182W 106.7dB) @  78Hz
                0.9    5.7l: (110.7dB   203W 106.7dB) @  80Hz
                1.0    4.5l: (111.3dB   231W 106.7dB) @  83Hz
                1.1    3.7l: (112.0dB   275W 106.7dB) @  87Hz
                1.1    3.7l: (109.2dB   142W 106.7dB) @  74Hz (  430uF)

-------------
7-375/32
      88.0dB                             70W
Rpre   Spl      qtc    Vb     SplMech Pmech SplEle      f3

0.20  87.6dB:   0.5   19.8l: (114.0dB   511W 105.3dB) @  84Hz
                0.6   11.2l: (112.9dB   405W 105.3dB) @  79Hz
                0.7    7.4l: (113.0dB   410W 105.3dB) @  79Hz
                0.8    5.3l: (114.4dB   567W 105.3dB) @  86Hz
                0.9    4.0l: (114.9dB   634W 105.3dB) @  88Hz
                1.0    3.1l: (115.4dB   721W 105.3dB) @  91Hz
                1.1    2.5l: (116.2dB   857W 105.3dB) @  95Hz
                1.1    2.5l: (113.3dB   444W 105.3dB) @  81Hz (  402uF)

0.60  87.3dB:   0.5   23.6l: (113.1dB   447W 105.1dB) @  80Hz
                0.6   12.8l: (112.1dB   354W 105.1dB) @  75Hz
                0.7    8.3l: (112.2dB   358W 105.1dB) @  76Hz
                0.8    5.9l: (113.6dB   495W 105.1dB) @  82Hz
                0.9    4.5l: (114.1dB   554W 105.1dB) @  84Hz
                1.0    3.5l: (114.6dB   630W 105.1dB) @  87Hz
                1.1    2.8l: (115.4dB   749W 105.1dB) @  91Hz
                1.1    2.8l: (112.5dB   388W 105.1dB) @  77Hz (  422uF)

1.00  87.1dB:   0.5   28.2l: (112.3dB   393W 104.8dB) @  76Hz
                0.6   14.7l: (111.3dB   312W 104.8dB) @  72Hz
                0.7    9.4l: (111.4dB   315W 104.8dB) @  72Hz
                0.8    6.6l: (112.8dB   436W 104.8dB) @  78Hz
                0.9    5.0l: (113.3dB   488W 104.8dB) @  81Hz
                1.0    3.9l: (113.8dB   555W 104.8dB) @  83Hz
                1.1    3.1l: (114.6dB   660W 104.8dB) @  87Hz
                1.1    3.1l: (111.7dB   342W 104.8dB) @  74Hz (  441uF)

-------------
7-360/37
      89.0dB                            100W
Rpre   Spl      qtc    Vb     SplMech Pmech SplEle      f3

0.20  87.5dB:   0.5   25.8l: (106.4dB   113W 105.9dB) @  83Hz
                0.6   12.9l: (105.4dB    89W 105.9dB) @  78Hz
                0.7    8.1l: (105.5dB    90W 105.9dB) @  79Hz
                0.8    5.6l: (106.9dB   125W 105.9dB) @  85Hz
                0.9    4.2l: (107.4dB   140W 105.9dB) @  88Hz
                1.0    3.3l: (107.9dB   159W 105.9dB) @  90Hz
                1.1    2.6l: (108.7dB   189W 105.9dB) @  94Hz
                1.1    2.6l: (105.8dB    98W 105.9dB) @  80Hz (  493uF)

0.60  87.2dB:   0.5   34.4l: (105.4dB    96W 105.6dB) @  78Hz
                0.6   15.6l: (104.4dB    76W 105.6dB) @  74Hz
                0.7    9.5l: (104.5dB    77W 105.6dB) @  74Hz
                0.8    6.6l: (105.9dB   106W 105.6dB) @  80Hz
                0.9    4.8l: (106.4dB   119W 105.6dB) @  83Hz
                1.0    3.8l: (106.9dB   135W 105.6dB) @  85Hz
                1.1    3.0l: (107.7dB   161W 105.6dB) @  89Hz
                1.1    3.0l: (104.8dB    83W 105.6dB) @  76Hz (  522uF)

1.00  86.9dB:   0.5   47.4l: (104.5dB    82W 105.4dB) @  74Hz
                0.6   19.1l: (103.5dB    65W 105.4dB) @  70Hz
                0.7   11.2l: (103.6dB    66W 105.4dB) @  70Hz
                0.8    7.6l: (105.0dB    91W 105.4dB) @  76Hz
                0.9    5.5l: (105.4dB   102W 105.4dB) @  78Hz
                1.0    4.3l: (106.0dB   116W 105.4dB) @  81Hz
                1.1    3.4l: (106.8dB   138W 105.4dB) @  85Hz
                1.1    3.4l: (103.9dB    72W 105.4dB) @  72Hz (  550uF)

-------------
8-472/32
      88.0dB                             90W
Rpre   Spl      qtc    Vb     SplMech Pmech SplEle      f3

0.20  88.9dB:   0.5   68.4l: (109.1dB   120W 107.8dB) @  58Hz
                0.6   40.4l: (108.1dB    95W 107.8dB) @  54Hz
                0.7   27.3l: (108.1dB    96W 107.8dB) @  55Hz
                0.8   19.8l: (109.5dB   133W 107.8dB) @  59Hz
                0.9   15.1l: (110.0dB   148W 107.8dB) @  61Hz
                1.0   12.0l: (110.6dB   169W 107.8dB) @  63Hz
                1.1    9.7l: (111.3dB   201W 107.8dB) @  66Hz
                1.1    9.7l: (108.5dB   104W 107.8dB) @  56Hz (  567uF)

0.60  88.6dB:   0.5   80.2l: (108.2dB   104W 107.6dB) @  55Hz
                0.6   46.2l: (107.2dB    82W 107.6dB) @  52Hz
                0.7   30.8l: (107.2dB    83W 107.6dB) @  52Hz
                0.8   22.3l: (108.7dB   115W 107.6dB) @  56Hz
                0.9   16.9l: (109.1dB   129W 107.6dB) @  58Hz
                1.0   13.4l: (109.7dB   146W 107.6dB) @  60Hz
                1.1   10.8l: (110.5dB   174W 107.6dB) @  63Hz
                1.1   10.8l: (107.6dB    90W 107.6dB) @  53Hz (  595uF)

1.00  88.4dB:   0.5   94.2l: (107.4dB    91W 107.4dB) @  52Hz
                0.6   52.8l: (106.4dB    72W 107.4dB) @  50Hz
                0.7   34.7l: (106.4dB    73W 107.4dB) @  50Hz
                0.8   24.9l: (107.8dB   101W 107.4dB) @  54Hz
                0.9   18.8l: (108.3dB   112W 107.4dB) @  55Hz
                1.0   14.8l: (108.9dB   128W 107.4dB) @  57Hz
                1.1   12.0l: (109.6dB   152W 107.4dB) @  60Hz
                1.1   12.0l: (106.8dB    79W 107.4dB) @  51Hz (  624uF)

-------------
8-800/37
      89.0dB                            120W
Rpre   Spl      qtc    Vb     SplMech Pmech SplEle      f3

0.20  88.3dB:   0.5   78.7l: (107.0dB   108W 107.4dB) @  65Hz
                0.6   35.6l: (106.0dB    86W 107.4dB) @  62Hz
                0.7   21.6l: (106.0dB    87W 107.4dB) @  62Hz
                0.8   14.9l: (107.4dB   120W 107.4dB) @  67Hz
                0.9   11.0l: (107.9dB   134W 107.4dB) @  69Hz
                1.0    8.5l: (108.5dB   152W 107.4dB) @  71Hz
                1.1    6.8l: (109.2dB   181W 107.4dB) @  74Hz
                1.1    6.8l: (106.4dB    94W 107.4dB) @  63Hz (  636uF)

0.60  88.0dB:   0.5  111.3l: (106.0dB    92W 107.1dB) @  62Hz
                0.6   44.0l: (105.0dB    73W 107.1dB) @  58Hz
                0.7   25.7l: (105.0dB    74W 107.1dB) @  59Hz
                0.8   17.3l: (106.5dB   102W 107.1dB) @  63Hz
                0.9   12.7l: (106.9dB   114W 107.1dB) @  65Hz
                1.0    9.7l: (107.5dB   130W 107.1dB) @  67Hz
                1.1    7.8l: (108.2dB   155W 107.1dB) @  70Hz
                1.1    7.8l: (105.4dB    80W 107.1dB) @  60Hz (  673uF)

1.00  87.7dB:   0.5  169.9l: (105.1dB    80W 106.9dB) @  59Hz
                0.6   54.8l: (104.1dB    63W 106.9dB) @  55Hz
                0.7   30.4l: (104.1dB    64W 106.9dB) @  56Hz
                0.8   20.1l: (105.5dB    88W 106.9dB) @  60Hz
                0.9   14.5l: (106.0dB    99W 106.9dB) @  62Hz
                1.0   11.1l: (106.6dB   112W 106.9dB) @  64Hz
                1.1    8.8l: (107.3dB   134W 106.9dB) @  67Hz
                1.1    8.8l: (104.5dB    69W 106.9dB) @  57Hz (  710uF)

-------------
11-581/50
      91.0dB                            150W
Rpre   Spl      qtc    Vb     SplMech Pmech SplEle      f3

0.20  88.3dB:   0.5   92.7l: (110.4dB   254W 108.2dB) @  50Hz
                0.6   54.3l: (109.4dB   201W 108.2dB) @  47Hz
                0.7   36.5l: (109.5dB   203W 108.2dB) @  47Hz
                0.8   26.4l: (110.9dB   281W 108.2dB) @  51Hz
                0.9   20.2l: (111.4dB   314W 108.2dB) @  52Hz
                1.0   15.9l: (111.9dB   358W 108.2dB) @  54Hz
                1.1   12.9l: (112.7dB   425W 108.2dB) @  56Hz
                1.1   12.9l: (109.8dB   220W 108.2dB) @  48Hz (  889uF)

0.60  88.0dB:   0.5  116.5l: (109.3dB   208W 107.9dB) @  46Hz
                0.6   65.6l: (108.2dB   164W 107.9dB) @  44Hz
                0.7   43.3l: (108.3dB   166W 107.9dB) @  44Hz
                0.8   31.1l: (109.7dB   230W 107.9dB) @  48Hz
                0.9   23.6l: (110.2dB   257W 107.9dB) @  49Hz
                1.0   18.5l: (110.8dB   293W 107.9dB) @  50Hz
                1.1   15.0l: (111.5dB   348W 107.9dB) @  53Hz
                1.1   15.0l: (108.7dB   180W 107.9dB) @  45Hz (  951uF)

1.00  87.7dB:   0.5  147.4l: (108.2dB   172W 107.6dB) @  43Hz
                0.6   79.1l: (107.2dB   136W 107.6dB) @  41Hz
                0.7   51.1l: (107.2dB   138W 107.6dB) @  41Hz
                0.8   36.3l: (108.6dB   191W 107.6dB) @  45Hz
                0.9   27.3l: (109.1dB   213W 107.6dB) @  46Hz
                1.0   21.4l: (109.7dB   243W 107.6dB) @  47Hz
                1.1   17.3l: (110.4dB   289W 107.6dB) @  49Hz
                1.1   17.3l: (107.6dB   150W 107.6dB) @  42Hz ( 1014uF)

