-------------
4-300/25s
      85.0dB                             40W
SplMech  Pmech SplEle     f3

 66.4dB     0W 102.2dB @  16Hz
 68.4dB     0W 102.2dB @  18Hz
 70.3dB     0W 102.2dB @  20Hz
 71.9dB     0W 102.2dB @  22Hz
 73.4dB     0W 102.2dB @  24Hz
 74.8dB     0W 102.2dB @  26Hz
 76.1dB     0W 102.2dB @  28Hz
 77.3dB     0W 102.2dB @  30Hz
 78.4dB     0W 102.2dB @  32Hz
 79.5dB     0W 102.2dB @  34Hz
 80.5dB     0W 102.2dB @  36Hz
 81.4dB     0W 102.2dB @  38Hz
 82.3dB     0W 102.2dB @  40Hz
 83.1dB     0W 102.2dB @  42Hz
 84.0dB     1W 102.2dB @  44Hz
 84.7dB     1W 102.2dB @  46Hz
 85.5dB     1W 102.2dB @  48Hz
-------------
4-300/25
      88.0dB                             50W
SplMech  Pmech SplEle     f3

 66.4dB     0W 101.8dB @  16Hz
 68.4dB     0W 101.8dB @  18Hz
 70.3dB     0W 101.8dB @  20Hz
 71.9dB     0W 101.8dB @  22Hz
 73.4dB     0W 101.8dB @  24Hz
 74.8dB     0W 101.8dB @  26Hz
 76.1dB     0W 101.8dB @  28Hz
 77.3dB     0W 101.8dB @  30Hz
 78.4dB     0W 101.8dB @  32Hz
 79.5dB     0W 101.8dB @  34Hz
 80.5dB     0W 101.8dB @  36Hz
 81.4dB     0W 101.8dB @  38Hz
 82.3dB     1W 101.8dB @  40Hz
 83.1dB     1W 101.8dB @  42Hz
 84.0dB     1W 101.8dB @  44Hz
 84.7dB     1W 101.8dB @  46Hz
 85.5dB     1W 101.8dB @  48Hz
-------------
5-880/25
      87.0dB                             50W
SplMech  Pmech SplEle     f3

 73.4dB     0W 102.1dB @  16Hz
 75.4dB     0W 102.1dB @  18Hz
 77.2dB     0W 102.1dB @  20Hz
 78.9dB     0W 102.1dB @  22Hz
 80.4dB     0W 102.1dB @  24Hz
 81.8dB     0W 102.1dB @  26Hz
 83.1dB     1W 102.1dB @  28Hz
 84.3dB     1W 102.1dB @  30Hz
 85.4dB     1W 102.1dB @  32Hz
 86.5dB     1W 102.1dB @  34Hz
 87.5dB     2W 102.1dB @  36Hz
 88.4dB     2W 102.1dB @  38Hz
 89.3dB     3W 102.1dB @  40Hz
 90.1dB     3W 102.1dB @  42Hz
 90.9dB     4W 102.1dB @  44Hz
 91.7dB     5W 102.1dB @  46Hz
 92.5dB     5W 102.1dB @  48Hz
-------------
5-302/C8/25
      88.0dB                             50W
SplMech  Pmech SplEle     f3

 75.7dB     0W 101.2dB @  16Hz
 77.7dB     0W 101.2dB @  18Hz
 79.5dB     0W 101.2dB @  20Hz
 81.2dB     1W 101.2dB @  22Hz
 82.7dB     1W 101.2dB @  24Hz
 84.1dB     1W 101.2dB @  26Hz
 85.4dB     1W 101.2dB @  28Hz
 86.6dB     2W 101.2dB @  30Hz
 87.7dB     2W 101.2dB @  32Hz
 88.7dB     3W 101.2dB @  34Hz
 89.7dB     4W 101.2dB @  36Hz
 90.7dB     4W 101.2dB @  38Hz
 91.6dB     6W 101.2dB @  40Hz
 92.4dB     7W 101.2dB @  42Hz
 93.2dB     8W 101.2dB @  44Hz
 94.0dB    10W 101.2dB @  46Hz
 94.7dB    11W 101.2dB @  48Hz
-------------
7-372/32
      88.0dB                             80W
SplMech  Pmech SplEle     f3

 82.7dB     0W 107.1dB @  16Hz
 84.7dB     0W 107.1dB @  18Hz
 86.6dB     1W 107.1dB @  20Hz
 88.2dB     1W 107.1dB @  22Hz
 89.7dB     1W 107.1dB @  24Hz
 91.1dB     2W 107.1dB @  26Hz
 92.4dB     3W 107.1dB @  28Hz
 93.6dB     4W 107.1dB @  30Hz
 94.7dB     5W 107.1dB @  32Hz
 95.8dB     6W 107.1dB @  34Hz
 96.8dB     7W 107.1dB @  36Hz
 97.7dB     9W 107.1dB @  38Hz
 98.6dB    11W 107.1dB @  40Hz
 99.5dB    14W 107.1dB @  42Hz
100.3dB    16W 107.1dB @  44Hz
101.0dB    20W 107.1dB @  46Hz
101.8dB    23W 107.1dB @  48Hz
-------------
7-375/32
      88.0dB                             70W
SplMech  Pmech SplEle     f3

 85.2dB     1W 105.3dB @  16Hz
 87.2dB     1W 105.3dB @  18Hz
 89.1dB     2W 105.3dB @  20Hz
 90.7dB     2W 105.3dB @  22Hz
 92.2dB     3W 105.3dB @  24Hz
 93.6dB     5W 105.3dB @  26Hz
 94.9dB     6W 105.3dB @  28Hz
 96.1dB     8W 105.3dB @  30Hz
 97.2dB    11W 105.3dB @  32Hz
 98.3dB    14W 105.3dB @  34Hz
 99.3dB    17W 105.3dB @  36Hz
100.2dB    22W 105.3dB @  38Hz
101.1dB    27W 105.3dB @  40Hz
102.0dB    32W 105.3dB @  42Hz
102.8dB    39W 105.3dB @  44Hz
103.5dB    46W 105.3dB @  46Hz
104.3dB    55W 105.3dB @  48Hz
-------------
7-360/37
      89.0dB                            100W
SplMech  Pmech SplEle     f3

 77.8dB     0W 105.9dB @  16Hz
 79.9dB     0W 105.9dB @  18Hz
 81.7dB     0W 105.9dB @  20Hz
 83.4dB     1W 105.9dB @  22Hz
 84.9dB     1W 105.9dB @  24Hz
 86.3dB     1W 105.9dB @  26Hz
 87.5dB     1W 105.9dB @  28Hz
 88.7dB     2W 105.9dB @  30Hz
 89.9dB     2W 105.9dB @  32Hz
 90.9dB     3W 105.9dB @  34Hz
 91.9dB     4W 105.9dB @  36Hz
 92.9dB     5W 105.9dB @  38Hz
 93.7dB     6W 105.9dB @  40Hz
 94.6dB     7W 105.9dB @  42Hz
 95.4dB     9W 105.9dB @  44Hz
 96.2dB    11W 105.9dB @  46Hz
 96.9dB    13W 105.9dB @  48Hz
-------------
8-472/32
      88.0dB                             90W
SplMech  Pmech SplEle     f3

 86.8dB     1W 107.8dB @  16Hz
 88.8dB     1W 107.8dB @  18Hz
 90.6dB     2W 107.8dB @  20Hz
 92.3dB     3W 107.8dB @  22Hz
 93.8dB     4W 107.8dB @  24Hz
 95.2dB     5W 107.8dB @  26Hz
 96.5dB     7W 107.8dB @  28Hz
 97.7dB     9W 107.8dB @  30Hz
 98.8dB    11W 107.8dB @  32Hz
 99.9dB    14W 107.8dB @  34Hz
100.8dB    18W 107.8dB @  36Hz
101.8dB    22W 107.8dB @  38Hz
102.7dB    28W 107.8dB @  40Hz
103.5dB    33W 107.8dB @  42Hz
104.3dB    40W 107.8dB @  44Hz
105.1dB    48W 107.8dB @  46Hz
105.8dB    57W 107.8dB @  48Hz
-------------
8-800/37
      89.0dB                            120W
SplMech  Pmech SplEle     f3

 82.5dB     0W 107.4dB @  16Hz
 84.6dB     1W 107.4dB @  18Hz
 86.4dB     1W 107.4dB @  20Hz
 88.0dB     1W 107.4dB @  22Hz
 89.6dB     2W 107.4dB @  24Hz
 90.9dB     3W 107.4dB @  26Hz
 92.2dB     4W 107.4dB @  28Hz
 93.4dB     5W 107.4dB @  30Hz
 94.6dB     6W 107.4dB @  32Hz
 95.6dB     8W 107.4dB @  34Hz
 96.6dB    10W 107.4dB @  36Hz
 97.5dB    12W 107.4dB @  38Hz
 98.4dB    15W 107.4dB @  40Hz
 99.3dB    18W 107.4dB @  42Hz
100.1dB    22W 107.4dB @  44Hz
100.9dB    26W 107.4dB @  46Hz
101.6dB    31W 107.4dB @  48Hz
-------------
11-581/50
      91.0dB                            150W
SplMech  Pmech SplEle     f3

 90.8dB     3W 108.2dB @  16Hz
 92.8dB     4W 108.2dB @  18Hz
 94.7dB     7W 108.2dB @  20Hz
 96.3dB    10W 108.2dB @  22Hz
 97.8dB    14W 108.2dB @  24Hz
 99.2dB    19W 108.2dB @  26Hz
100.5dB    26W 108.2dB @  28Hz
101.7dB    34W 108.2dB @  30Hz
102.8dB    44W 108.2dB @  32Hz
103.9dB    56W 108.2dB @  34Hz
104.9dB    71W 108.2dB @  36Hz
105.8dB    88W 108.2dB @  38Hz
106.7dB   108W 108.2dB @  40Hz
107.6dB   131W 108.2dB @  42Hz
108.4dB   157W 108.2dB @  44Hz
109.1dB   188W 108.2dB @  46Hz
109.9dB   223W 108.2dB @  48Hz
