-------------
m15ch002                               88.0dB   70W                      1x40mm
Rpre   Spl         Vb      fb         SplMech Pmech  SplEle     f3       dv       lv

0.20  87.1dB:     5.6l @  68.5Hz  =>  102.1dB   52W 103.4dB @  69.4Hz   1x40mm    120 mm 
                  6.3l @  65.9Hz  =>  101.0dB   41W 103.4dB @  65.3Hz   1x40mm    103 mm 
             *    7.1l @  63.4Hz  =>  100.0dB   32W 103.4dB @  61.4Hz   1x40mm     88 mm 
                  8.1l @  60.9Hz  =>   98.9dB   25W 103.4dB @  57.8Hz   1x40mm     74 mm 
                  9.1l @  58.6Hz  =>   97.8dB   19W 103.4dB @  54.3Hz   1x40mm     62 mm 

0.60  86.7dB:     6.6l @  65.0Hz  =>  100.7dB   40W 103.1dB @  64.0Hz   1x40mm     98 mm 
                  7.4l @  62.5Hz  =>   99.6dB   32W 103.1dB @  60.2Hz   1x40mm     83 mm 
             *    8.4l @  60.2Hz  =>   98.5dB   25W 103.1dB @  56.6Hz   1x40mm     70 mm 
                  9.5l @  57.8Hz  =>   97.5dB   19W 103.1dB @  53.3Hz   1x40mm     59 mm 
                 10.7l @  55.6Hz  =>   96.4dB   15W 103.1dB @  50.1Hz   1x40mm     48 mm 

1.00  86.4dB:     7.6l @  62.0Hz  =>   99.4dB   32W 102.8dB @  59.4Hz   1x40mm     80 mm 
                  8.6l @  59.6Hz  =>   98.3dB   25W 102.8dB @  55.9Hz   1x40mm     67 mm 
             *    9.8l @  57.4Hz  =>   97.3dB   20W 102.8dB @  52.6Hz   1x40mm     56 mm 
                 11.0l @  55.2Hz  =>   96.2dB   15W 102.8dB @  49.4Hz   1x40mm     46 mm 
                 12.5l @  53.0Hz  =>   95.1dB   12W 102.8dB @  46.5Hz   1x40mm     38 mm 

-------------
w11cy001                               86.0dB   75W                      1x40mm
Rpre   Spl         Vb      fb         SplMech Pmech  SplEle     f3       dv       lv

0.20  88.6dB:     4.4l @  76.9Hz  =>  102.0dB   31W 105.9dB @  84.6Hz   1x40mm    171 mm 
                  5.0l @  74.0Hz  =>  100.9dB   24W 105.9dB @  79.6Hz   1x40mm    148 mm 
             *    5.7l @  71.1Hz  =>   99.9dB   19W 105.9dB @  74.9Hz   1x40mm    127 mm 
                  6.4l @  68.4Hz  =>   98.8dB   15W 105.9dB @  70.4Hz   1x40mm    109 mm 
                  7.2l @  65.8Hz  =>   97.8dB   12W 105.9dB @  66.2Hz   1x40mm     93 mm 

0.60  88.3dB:     5.1l @  73.3Hz  =>  100.7dB   24W 105.6dB @  78.4Hz   1x40mm    143 mm 
                  5.8l @  70.5Hz  =>   99.6dB   19W 105.6dB @  73.8Hz   1x40mm    123 mm 
             *    6.6l @  67.8Hz  =>   98.6dB   15W 105.6dB @  69.4Hz   1x40mm    106 mm 
                  7.4l @  65.2Hz  =>   97.5dB   12W 105.6dB @  65.3Hz   1x40mm     90 mm 
                  8.4l @  62.7Hz  =>   96.4dB    9W 105.6dB @  61.4Hz   1x40mm     76 mm 

1.00  88.0dB:     5.9l @  70.1Hz  =>   99.5dB   20W 105.3dB @  73.2Hz   1x40mm    120 mm 
                  6.7l @  67.4Hz  =>   98.4dB   15W 105.3dB @  68.8Hz   1x40mm    103 mm 
             *    7.6l @  64.8Hz  =>   97.4dB   12W 105.3dB @  64.7Hz   1x40mm     88 mm 
                  8.5l @  62.3Hz  =>   96.3dB    9W 105.3dB @  60.9Hz   1x40mm     75 mm 
                  9.7l @  60.0Hz  =>   95.2dB    7W 105.3dB @  57.3Hz   1x40mm     63 mm 

-------------
w11cy002                               85.0dB   75W                      1x40mm
Rpre   Spl         Vb      fb         SplMech Pmech  SplEle     f3       dv       lv

0.20  83.5dB:     2.6l @  59.3Hz  =>   98.3dB   43W 100.7dB @  68.5Hz   1x40mm    647 mm 
                  3.0l @  57.1Hz  =>   97.3dB   34W 100.7dB @  64.4Hz   1x40mm    569 mm 
             *    3.3l @  54.9Hz  =>   96.2dB   26W 100.7dB @  60.6Hz   1x40mm    500 mm 
                  3.8l @  52.8Hz  =>   95.1dB   21W 100.7dB @  57.0Hz   1x40mm    439 mm 
                  4.3l @  50.7Hz  =>   94.1dB   16W 100.7dB @  53.6Hz   1x40mm    385 mm 

0.60  83.2dB:     3.1l @  56.4Hz  =>   96.9dB   34W 100.4dB @  63.2Hz   1x40mm    548 mm 
                  3.5l @  54.2Hz  =>   95.9dB   26W 100.4dB @  59.5Hz   1x40mm    481 mm 
             *    3.9l @  52.2Hz  =>   94.8dB   21W 100.4dB @  56.0Hz   1x40mm    423 mm 
                  4.4l @  50.2Hz  =>   93.8dB   16W 100.4dB @  52.7Hz   1x40mm    371 mm 
                  5.0l @  48.2Hz  =>   92.7dB   13W 100.4dB @  49.5Hz   1x40mm    325 mm 

1.00  83.0dB:     3.6l @  53.8Hz  =>   95.7dB   27W 100.2dB @  58.8Hz   1x40mm    469 mm 
                  4.0l @  51.7Hz  =>   94.6dB   21W 100.2dB @  55.3Hz   1x40mm    412 mm 
             *    4.5l @  49.8Hz  =>   93.6dB   16W 100.2dB @  52.0Hz   1x40mm    361 mm 
                  5.1l @  47.9Hz  =>   92.5dB   13W 100.2dB @  48.9Hz   1x40mm    316 mm 
                  5.8l @  46.0Hz  =>   91.4dB   10W 100.2dB @  46.0Hz   1x40mm    276 mm 

-------------
w12cy001                               85.0dB   70W                      1x40mm
Rpre   Spl         Vb      fb         SplMech Pmech  SplEle     f3       dv       lv

0.20  83.5dB:     2.8l @  58.1Hz  =>   97.7dB   38W 100.4dB @  66.2Hz   1x40mm    603 mm 
                  3.2l @  55.9Hz  =>   96.7dB   30W 100.4dB @  62.3Hz   1x40mm    530 mm 
             *    3.6l @  53.7Hz  =>   95.6dB   23W 100.4dB @  58.6Hz   1x40mm    466 mm 
                  4.0l @  51.7Hz  =>   94.6dB   18W 100.4dB @  55.1Hz   1x40mm    409 mm 
                  4.6l @  49.7Hz  =>   93.5dB   14W 100.4dB @  51.9Hz   1x40mm    359 mm 

0.60  83.2dB:     3.3l @  55.1Hz  =>   96.3dB   29W 100.1dB @  61.1Hz   1x40mm    508 mm 
                  3.7l @  53.0Hz  =>   95.3dB   23W 100.1dB @  57.4Hz   1x40mm    447 mm 
             *    4.2l @  51.0Hz  =>   94.2dB   18W 100.1dB @  54.0Hz   1x40mm    392 mm 
                  4.7l @  49.0Hz  =>   93.2dB   14W 100.1dB @  50.8Hz   1x40mm    343 mm 
                  5.4l @  47.2Hz  =>   92.1dB   11W 100.1dB @  47.8Hz   1x40mm    301 mm 

1.00  83.0dB:     3.8l @  52.6Hz  =>   95.0dB   23W  99.9dB @  56.6Hz   1x40mm    433 mm 
                  4.3l @  50.5Hz  =>   94.0dB   18W  99.9dB @  53.3Hz   1x40mm    380 mm 
             *    4.9l @  48.6Hz  =>   92.9dB   14W  99.9dB @  50.1Hz   1x40mm    333 mm 
                  5.5l @  46.7Hz  =>   91.8dB   11W  99.9dB @  47.1Hz   1x40mm    291 mm 
                  6.2l @  44.9Hz  =>   90.8dB    9W  99.9dB @  44.4Hz   1x40mm    254 mm 

-------------
w12cy003                               85.0dB   70W                      1x40mm
Rpre   Spl         Vb      fb         SplMech Pmech  SplEle     f3       dv       lv

0.20  84.6dB:     3.0l @  65.8Hz  =>   98.5dB   36W 101.4dB @  69.3Hz   1x40mm    318 mm 
                  3.4l @  63.3Hz  =>   97.5dB   28W 101.4dB @  65.2Hz   1x40mm    278 mm 
             *    3.8l @  60.8Hz  =>   96.4dB   22W 101.4dB @  61.3Hz   1x40mm    242 mm 
                  4.3l @  58.5Hz  =>   95.3dB   17W 101.4dB @  57.7Hz   1x40mm    211 mm 
                  4.9l @  56.3Hz  =>   94.3dB   13W 101.4dB @  54.3Hz   1x40mm    183 mm 

0.60  84.3dB:     3.5l @  62.5Hz  =>   97.1dB   28W 101.1dB @  63.9Hz   1x40mm    266 mm 
                  4.0l @  60.1Hz  =>   96.1dB   22W 101.1dB @  60.1Hz   1x40mm    232 mm 
             *    4.5l @  57.8Hz  =>   95.0dB   17W 101.1dB @  56.6Hz   1x40mm    202 mm 
                  5.1l @  55.6Hz  =>   93.9dB   13W 101.1dB @  53.2Hz   1x40mm    175 mm 
                  5.7l @  53.4Hz  =>   92.9dB   10W 101.1dB @  50.1Hz   1x40mm    152 mm 

1.00  84.0dB:     4.1l @  59.6Hz  =>   95.8dB   22W 100.9dB @  59.3Hz   1x40mm    225 mm 
                  4.6l @  57.3Hz  =>   94.8dB   17W 100.9dB @  55.8Hz   1x40mm    196 mm 
             *    5.2l @  55.1Hz  =>   93.7dB   13W 100.9dB @  52.5Hz   1x40mm    170 mm 
                  5.9l @  53.0Hz  =>   92.6dB   11W 100.9dB @  49.4Hz   1x40mm    147 mm 
                  6.7l @  50.9Hz  =>   91.6dB    8W 100.9dB @  46.4Hz   1x40mm    127 mm 

-------------
w14cy001                               87.0dB   75W                      1x40mm
Rpre   Spl         Vb      fb         SplMech Pmech  SplEle     f3       dv       lv

0.20  84.7dB:     7.3l @  49.1Hz  =>   97.4dB   28W 101.7dB @  52.9Hz   1x40mm    250 mm 
                  8.2l @  47.2Hz  =>   96.3dB   22W 101.7dB @  49.8Hz   1x40mm    218 mm 
             *    9.3l @  45.4Hz  =>   95.3dB   17W 101.7dB @  46.8Hz   1x40mm    189 mm 
                 10.5l @  43.7Hz  =>   94.2dB   13W 101.7dB @  44.1Hz   1x40mm    164 mm 
                 11.8l @  42.0Hz  =>   93.1dB   10W 101.7dB @  41.4Hz   1x40mm    142 mm 

0.60  84.4dB:     8.5l @  46.7Hz  =>   96.0dB   22W 101.4dB @  48.9Hz   1x40mm    209 mm 
                  9.6l @  44.9Hz  =>   95.0dB   17W 101.4dB @  46.0Hz   1x40mm    182 mm 
             *   10.8l @  43.2Hz  =>   93.9dB   13W 101.4dB @  43.3Hz   1x40mm    157 mm 
                 12.3l @  41.5Hz  =>   92.8dB   10W 101.4dB @  40.7Hz   1x40mm    136 mm 
                 13.8l @  39.9Hz  =>   91.8dB    8W 101.4dB @  38.3Hz   1x40mm    117 mm 

1.00  84.1dB:     9.8l @  44.6Hz  =>   94.8dB   17W 101.1dB @  45.5Hz   1x40mm    177 mm 
                 11.1l @  42.9Hz  =>   93.7dB   14W 101.1dB @  42.8Hz   1x40mm    153 mm 
             *   12.5l @  41.2Hz  =>   92.6dB   11W 101.1dB @  40.3Hz   1x40mm    132 mm 
                 14.2l @  39.7Hz  =>   91.6dB    8W 101.1dB @  37.9Hz   1x40mm    114 mm 
                 16.0l @  38.1Hz  =>   90.5dB    7W 101.1dB @  35.6Hz   1x40mm     97 mm 

-------------
w15ch001                               85.0dB   70W                      1x40mm
Rpre   Spl         Vb      fb         SplMech Pmech  SplEle     f3       dv       lv

0.20  83.6dB:    15.1l @  37.1Hz  =>   93.5dB   14W 100.4dB @  36.6Hz   1x40mm    142 mm 
                 17.1l @  35.7Hz  =>   92.4dB   11W 100.4dB @  34.4Hz   1x40mm    123 mm 
             *   19.3l @  34.3Hz  =>   91.3dB    9W 100.4dB @  32.4Hz   1x40mm    105 mm 
                 21.8l @  33.0Hz  =>   90.3dB    7W 100.4dB @  30.4Hz   1x40mm     90 mm 
                 24.6l @  31.7Hz  =>   89.2dB    5W 100.4dB @  28.6Hz   1x40mm     76 mm 

0.60  83.3dB:    17.8l @  35.2Hz  =>   92.1dB   11W 100.1dB @  33.7Hz   1x40mm    117 mm 
                 20.1l @  33.9Hz  =>   91.0dB    9W 100.1dB @  31.7Hz   1x40mm    100 mm 
             *   22.7l @  32.6Hz  =>   89.9dB    7W 100.1dB @  29.9Hz   1x40mm     85 mm 
                 25.6l @  31.3Hz  =>   88.9dB    5W 100.1dB @  28.1Hz   1x40mm     72 mm 
                 29.0l @  30.1Hz  =>   87.8dB    4W 100.1dB @  26.4Hz   1x40mm     60 mm 

1.00  83.0dB:    20.6l @  33.6Hz  =>   90.8dB    9W  99.8dB @  31.3Hz   1x40mm     97 mm 
                 23.3l @  32.3Hz  =>   89.7dB    7W  99.8dB @  29.5Hz   1x40mm     82 mm 
             *   26.3l @  31.0Hz  =>   88.6dB    5W  99.8dB @  27.7Hz   1x40mm     69 mm 
                 29.8l @  29.9Hz  =>   87.6dB    4W  99.8dB @  26.1Hz   1x40mm     58 mm 
                 33.6l @  28.7Hz  =>   86.5dB    3W  99.8dB @  24.5Hz   1x40mm     48 mm 

-------------
w15cy001                               85.0dB   70W                      1x40mm
Rpre   Spl         Vb      fb         SplMech Pmech  SplEle     f3       dv       lv

0.20  84.2dB:     9.7l @  42.7Hz  =>   97.3dB   30W 101.0dB @  45.6Hz   1x40mm    237 mm 
                 11.0l @  41.1Hz  =>   96.2dB   23W 101.0dB @  42.9Hz   1x40mm    207 mm 
             *   12.4l @  39.5Hz  =>   95.2dB   18W 101.0dB @  40.3Hz   1x40mm    180 mm 
                 14.0l @  38.0Hz  =>   94.1dB   14W 101.0dB @  38.0Hz   1x40mm    156 mm 
                 15.9l @  36.5Hz  =>   93.0dB   11W 101.0dB @  35.7Hz   1x40mm    134 mm 

0.60  83.9dB:    11.4l @  40.6Hz  =>   95.9dB   23W 100.7dB @  42.1Hz   1x40mm    198 mm 
                 12.9l @  39.0Hz  =>   94.8dB   18W 100.7dB @  39.6Hz   1x40mm    172 mm 
             *   14.6l @  37.5Hz  =>   93.8dB   14W 100.7dB @  37.2Hz   1x40mm    149 mm 
                 16.5l @  36.1Hz  =>   92.7dB   11W 100.7dB @  35.0Hz   1x40mm    128 mm 
                 18.6l @  34.7Hz  =>   91.6dB    9W 100.7dB @  32.9Hz   1x40mm    110 mm 

1.00  83.6dB:    13.3l @  38.7Hz  =>   94.6dB   18W 100.5dB @  39.0Hz   1x40mm    166 mm 
                 15.0l @  37.2Hz  =>   93.5dB   14W 100.5dB @  36.7Hz   1x40mm    144 mm 
             *   16.9l @  35.8Hz  =>   92.5dB   11W 100.5dB @  34.6Hz   1x40mm    124 mm 
                 19.1l @  34.4Hz  =>   91.4dB    9W 100.5dB @  32.5Hz   1x40mm    106 mm 
                 21.6l @  33.1Hz  =>   90.3dB    7W 100.5dB @  30.6Hz   1x40mm     91 mm 

-------------
w15ly001                               86.0dB   60W                      1x40mm
Rpre   Spl         Vb      fb         SplMech Pmech  SplEle     f3       dv       lv

0.20  85.7dB:    15.4l @  45.3Hz  =>   98.3dB   26W 102.0dB @  43.3Hz   1x40mm     72 mm 
                 17.4l @  43.5Hz  =>   97.3dB   20W 102.0dB @  40.7Hz   1x40mm     60 mm 
             *   19.6l @  41.8Hz  =>   96.2dB   16W 102.0dB @  38.3Hz   1x40mm     50 mm 
                 22.2l @  40.2Hz  =>   95.1dB   12W 102.0dB @  36.0Hz   1x40mm     41 mm 
                 25.1l @  38.7Hz  =>   94.1dB   10W 102.0dB @  33.9Hz   1x40mm     33 mm 

0.60  85.4dB:    17.8l @  43.2Hz  =>   97.0dB   20W 101.7dB @  40.2Hz   1x40mm     58 mm 
                 20.2l @  41.5Hz  =>   96.0dB   16W 101.7dB @  37.8Hz   1x40mm     48 mm 
             *   22.8l @  39.9Hz  =>   94.9dB   12W 101.7dB @  35.6Hz   1x40mm     39 mm 
                 25.7l @  38.4Hz  =>   93.8dB   10W 101.7dB @  33.5Hz   1x40mm     31 mm 
                 29.1l @  36.9Hz  =>   92.8dB    8W 101.7dB @  31.5Hz   1x40mm     24 mm 

1.00  85.2dB:    20.5l @  41.3Hz  =>   95.8dB   16W 101.5dB @  37.5Hz   1x40mm     47 mm 
                 23.1l @  39.7Hz  =>   94.8dB   13W 101.5dB @  35.3Hz   1x40mm     38 mm 
             *   26.1l @  38.2Hz  =>   93.7dB   10W 101.5dB @  33.2Hz   1x40mm     30 mm 
                 29.5l @  36.7Hz  =>   92.7dB    8W 101.5dB @  31.2Hz   1x40mm     24 mm 
                 33.4l @  35.3Hz  =>   91.6dB    6W 101.5dB @  29.4Hz + 1x50mm     37 mm 

-------------
c16n001/f                              84.1dB   80W                      1x50mm
Rpre   Spl         Vb      fb         SplMech Pmech  SplEle     f3       dv       lv

0.20  83.7dB:    22.3l @  35.1Hz  =>   97.7dB   64W  98.7dB @  31.4Hz   1x50mm    108 mm 
                 25.2l @  33.7Hz  =>   96.7dB   50W  98.7dB @  29.5Hz   1x50mm     92 mm 
             *   28.4l @  32.4Hz  =>   95.6dB   39W  98.7dB @  27.8Hz   1x50mm     77 mm 
                 32.1l @  31.2Hz  =>   94.5dB   31W  98.7dB @  26.1Hz   1x50mm     64 mm 
                 36.3l @  30.0Hz  =>   93.5dB   24W  98.7dB @  24.6Hz   1x50mm     52 mm 

0.60  83.2dB:    29.1l @  32.2Hz  =>   95.4dB   42W  98.2dB @  27.5Hz   1x50mm     74 mm 
                 32.9l @  30.9Hz  =>   94.3dB   33W  98.2dB @  25.9Hz   1x50mm     62 mm 
             *   37.1l @  29.8Hz  =>   93.3dB   26W  98.2dB @  24.3Hz   1x50mm     50 mm 
                 42.0l @  28.6Hz  =>   92.2dB   20W  98.2dB @  22.9Hz   1x50mm     40 mm 
                 47.4l @  27.5Hz  =>   91.2dB   16W  98.2dB @  21.5Hz   1x50mm     31 mm 

1.00  82.7dB:    36.8l @  29.8Hz  =>   93.4dB   29W  97.8dB @  24.4Hz   1x50mm     51 mm 
                 41.6l @  28.7Hz  =>   92.3dB   23W  97.8dB @  23.0Hz   1x50mm     41 mm 
             *   47.0l @  27.6Hz  =>   91.2dB   18W  97.8dB @  21.6Hz   1x50mm     32 mm 
                 53.1l @  26.5Hz  =>   90.2dB   14W  97.8dB @  20.3Hz   1x50mm     24 mm 
                 60.0l @  25.5Hz  =>   89.1dB   11W  97.8dB @  19.1Hz + 1x70mm     54 mm 

-------------
w17e002                                87.0dB  100W                      1x70mm
Rpre   Spl         Vb      fb         SplMech Pmech  SplEle     f3       dv       lv

0.20  86.6dB:    14.3l @  42.6Hz  =>  102.8dB   52W 105.6dB @  48.3Hz   1x70mm    640 mm 
                 16.2l @  41.0Hz  =>  101.7dB   41W 105.6dB @  45.5Hz   1x70mm    561 mm 
             *   18.3l @  39.4Hz  =>  100.7dB   32W 105.6dB @  42.8Hz   1x70mm    490 mm 
                 20.7l @  37.9Hz  =>   99.6dB   25W 105.6dB @  40.2Hz   1x70mm    428 mm 
                 23.4l @  36.4Hz  =>   98.6dB   20W 105.6dB @  37.9Hz   1x70mm    373 mm 

0.60  86.3dB:    16.6l @  40.7Hz  =>  101.5dB   42W 105.4dB @  45.0Hz   1x70mm    547 mm 
                 18.7l @  39.1Hz  =>  100.5dB   33W 105.4dB @  42.3Hz   1x70mm    478 mm 
             *   21.2l @  37.6Hz  =>   99.4dB   25W 105.4dB @  39.8Hz   1x70mm    417 mm 
                 23.9l @  36.2Hz  =>   98.4dB   20W 105.4dB @  37.4Hz   1x70mm    363 mm 
                 27.0l @  34.8Hz  =>   97.3dB   16W 105.4dB @  35.2Hz   1x70mm    316 mm 

1.00  86.1dB:    19.0l @  38.9Hz  =>  100.4dB   33W 105.1dB @  42.0Hz   1x70mm    471 mm 
                 21.5l @  37.4Hz  =>   99.3dB   26W 105.1dB @  39.5Hz   1x70mm    411 mm 
             *   24.3l @  36.0Hz  =>   98.2dB   21W 105.1dB @  37.2Hz   1x70mm    358 mm 
                 27.4l @  34.6Hz  =>   97.2dB   16W 105.1dB @  35.0Hz   1x70mm    311 mm 
                 31.0l @  33.3Hz  =>   96.1dB   13W 105.1dB @  32.9Hz   1x70mm    269 mm 

-------------
w17ex001                               89.0dB  100W                      1x70mm
Rpre   Spl         Vb      fb         SplMech Pmech  SplEle     f3       dv       lv

0.20  87.6dB:    13.1l @  46.7Hz  =>  104.7dB   68W 106.4dB @  53.2Hz   1x70mm    590 mm 
                 14.8l @  44.9Hz  =>  103.7dB   53W 106.4dB @  50.0Hz   1x70mm    516 mm 
             *   16.7l @  43.2Hz  =>  102.6dB   41W 106.4dB @  47.1Hz   1x70mm    451 mm 
                 18.9l @  41.5Hz  =>  101.5dB   32W 106.4dB @  44.3Hz   1x70mm    393 mm 
                 21.3l @  39.9Hz  =>  100.5dB   25W 106.4dB @  41.6Hz   1x70mm    342 mm 

0.60  87.4dB:    15.3l @  44.4Hz  =>  103.4dB   52W 106.2dB @  49.1Hz   1x70mm    495 mm 
                 17.3l @  42.6Hz  =>  102.3dB   41W 106.2dB @  46.2Hz   1x70mm    433 mm 
             *   19.6l @  41.0Hz  =>  101.2dB   32W 106.2dB @  43.5Hz   1x70mm    377 mm 
                 22.1l @  39.4Hz  =>  100.2dB   25W 106.2dB @  40.9Hz   1x70mm    328 mm 
                 25.0l @  37.9Hz  =>   99.1dB   20W 106.2dB @  38.5Hz   1x70mm    284 mm 

1.00  87.1dB:    17.8l @  42.3Hz  =>  102.1dB   41W 105.9dB @  45.6Hz   1x70mm    420 mm 
                 20.1l @  40.7Hz  =>  101.0dB   32W 105.9dB @  42.9Hz   1x70mm    366 mm 
             *   22.7l @  39.1Hz  =>   99.9dB   25W 105.9dB @  40.3Hz   1x70mm    318 mm 
                 25.7l @  37.6Hz  =>   98.9dB   20W 105.9dB @  37.9Hz   1x70mm    275 mm 
                 29.0l @  36.2Hz  =>   97.8dB   15W 105.9dB @  35.7Hz   1x70mm    238 mm 

-------------
w18e001                                86.0dB  100W                      1x70mm
Rpre   Spl         Vb      fb         SplMech Pmech  SplEle     f3       dv       lv

0.20  85.5dB:    32.1l @  33.3Hz  =>   98.0dB   23W 104.3dB @  32.9Hz   1x70mm    258 mm 
                 36.3l @  32.0Hz  =>   97.0dB   18W 104.3dB @  30.9Hz   1x70mm    222 mm 
             *   41.0l @  30.8Hz  =>   95.9dB   14W 104.3dB @  29.1Hz   1x70mm    191 mm 
                 46.4l @  29.6Hz  =>   94.9dB   11W 104.3dB @  27.4Hz   1x70mm    163 mm 
                 52.4l @  28.4Hz  =>   93.8dB    9W 104.3dB @  25.7Hz   1x70mm    138 mm 

0.60  85.2dB:    37.3l @  31.7Hz  =>   96.7dB   18W 104.1dB @  30.5Hz   1x70mm    215 mm 
                 42.2l @  30.5Hz  =>   95.7dB   14W 104.1dB @  28.7Hz   1x70mm    184 mm 
             *   47.7l @  29.3Hz  =>   94.6dB   11W 104.1dB @  27.0Hz   1x70mm    157 mm 
                 53.8l @  28.2Hz  =>   93.5dB    9W 104.1dB @  25.4Hz   1x70mm    133 mm 
                 60.8l @  27.1Hz  =>   92.5dB    7W 104.1dB @  23.9Hz   1x70mm    112 mm 

1.00  85.0dB:    42.9l @  30.3Hz  =>   95.5dB   15W 103.8dB @  28.4Hz   1x70mm    180 mm 
                 48.5l @  29.2Hz  =>   94.5dB   12W 103.8dB @  26.7Hz   1x70mm    153 mm 
             *   54.8l @  28.0Hz  =>   93.4dB    9W 103.8dB @  25.2Hz   1x70mm    130 mm 
                 61.9l @  27.0Hz  =>   92.3dB    7W 103.8dB @  23.7Hz   1x70mm    109 mm 
                 70.0l @  25.9Hz  =>   91.3dB    6W 103.8dB @  22.3Hz   1x70mm     91 mm 

-------------
w18e001tv                              86.0dB  100W                      1x70mm
Rpre   Spl         Vb      fb         SplMech Pmech  SplEle     f3       dv       lv

0.20  86.2dB:    21.3l @  37.0Hz  =>  101.8dB   48W 105.0dB @  40.9Hz   1x70mm    510 mm 
                 24.0l @  35.6Hz  =>  100.8dB   38W 105.0dB @  38.5Hz   1x70mm    445 mm 
             *   27.2l @  34.2Hz  =>   99.7dB   29W 105.0dB @  36.2Hz   1x70mm    388 mm 
                 30.7l @  32.9Hz  =>   98.7dB   23W 105.0dB @  34.0Hz   1x70mm    338 mm 
                 34.7l @  31.6Hz  =>   97.6dB   18W 105.0dB @  32.0Hz   1x70mm    293 mm 

0.60  85.9dB:    24.7l @  35.3Hz  =>  100.5dB   38W 104.8dB @  37.9Hz   1x70mm    431 mm 
                 28.0l @  33.9Hz  =>   99.5dB   29W 104.8dB @  35.7Hz   1x70mm    376 mm 
             *   31.6l @  32.6Hz  =>   98.4dB   23W 104.8dB @  33.5Hz   1x70mm    326 mm 
                 35.7l @  31.4Hz  =>   97.3dB   18W 104.8dB @  31.6Hz   1x70mm    283 mm 
                 40.4l @  30.2Hz  =>   96.3dB   14W 104.8dB @  29.7Hz   1x70mm    245 mm 

1.00  85.7dB:    28.5l @  33.7Hz  =>   99.3dB   30W 104.5dB @  35.3Hz   1x70mm    367 mm 
                 32.2l @  32.4Hz  =>   98.2dB   24W 104.5dB @  33.2Hz   1x70mm    319 mm 
             *   36.4l @  31.2Hz  =>   97.2dB   18W 104.5dB @  31.3Hz   1x70mm    277 mm 
                 41.1l @  30.0Hz  =>   96.1dB   14W 104.5dB @  29.4Hz   1x70mm    239 mm 
                 46.5l @  28.8Hz  =>   95.0dB   11W 104.5dB @  27.7Hz   1x70mm    206 mm 

-------------
w18ex001                               88.0dB  100W                      1x70mm
Rpre   Spl         Vb      fb         SplMech Pmech  SplEle     f3       dv       lv

0.20  87.8dB:     8.8l @  49.0Hz  =>  109.5dB  192W 106.6dB @  63.5Hz - 1x50mm    653 mm 
             *   10.0l @  47.2Hz  =>  108.4dB  151W 106.6dB @  59.7Hz - 1x50mm    574 mm 
                 11.3l @  45.3Hz  =>  107.3dB  118W 106.6dB @  56.2Hz - 1x50mm    503 mm 
                 12.7l @  43.6Hz  =>  106.3dB   92W 106.6dB @  52.8Hz - 1x50mm    441 mm 

0.60  87.5dB:     9.1l @  48.5Hz  =>  109.2dB  192W 106.4dB @  62.4Hz - 1x50mm    631 mm 
                 10.3l @  46.7Hz  =>  108.1dB  150W 106.4dB @  58.7Hz - 1x50mm    554 mm 
             *   11.6l @  44.9Hz  =>  107.1dB  118W 106.4dB @  55.3Hz - 1x50mm    486 mm 
                 13.2l @  43.2Hz  =>  106.0dB   92W 106.4dB @  52.0Hz - 1x50mm    426 mm 
                 14.9l @  41.5Hz  =>  104.9dB   72W 106.4dB @  48.9Hz - 1x50mm    373 mm 

1.00  87.3dB:    10.5l @  46.3Hz  =>  107.9dB  152W 106.1dB @  58.1Hz - 1x50mm    541 mm 
                 11.9l @  44.6Hz  =>  106.9dB  119W 106.1dB @  54.6Hz - 1x50mm    475 mm 
             *   13.5l @  42.9Hz  =>  105.8dB   93W 106.1dB @  51.4Hz - 1x50mm    416 mm 
                 15.2l @  41.2Hz  =>  104.8dB   73W 106.1dB @  48.4Hz - 1x50mm    364 mm 
                 17.2l @  39.6Hz  =>  103.7dB   57W 106.1dB @  45.5Hz   1x70mm    643 mm 

-------------
w18nx001                               87.0dB   80W                      1x70mm
Rpre   Spl         Vb      fb         SplMech Pmech  SplEle     f3       dv       lv

0.20  87.4dB:    14.4l @  47.1Hz  =>  108.8dB  174W 105.4dB @  51.6Hz   1x70mm    447 mm 
                 16.3l @  45.3Hz  =>  107.8dB  137W 105.4dB @  48.6Hz   1x70mm    389 mm 
             *   18.4l @  43.6Hz  =>  106.7dB  107W 105.4dB @  45.7Hz   1x70mm    339 mm 
                 20.8l @  41.9Hz  =>  105.6dB   84W 105.4dB @  43.0Hz   1x70mm    294 mm 
                 23.5l @  40.3Hz  =>  104.6dB   66W 105.4dB @  40.4Hz   1x70mm    254 mm 

0.60  87.2dB:    16.6l @  45.0Hz  =>  107.6dB  139W 105.2dB @  48.1Hz   1x70mm    381 mm 
                 18.8l @  43.3Hz  =>  106.5dB  109W 105.2dB @  45.3Hz   1x70mm    331 mm 
             *   21.2l @  41.6Hz  =>  105.5dB   85W 105.2dB @  42.6Hz   1x70mm    287 mm 
                 23.9l @  40.0Hz  =>  104.4dB   67W 105.2dB @  40.0Hz   1x70mm    248 mm 
                 27.1l @  38.5Hz  =>  103.3dB   52W 105.2dB @  37.7Hz   1x70mm    214 mm 

1.00  86.9dB:    18.9l @  43.1Hz  =>  106.4dB  113W 104.9dB @  45.0Hz   1x70mm    327 mm 
                 21.4l @  41.5Hz  =>  105.4dB   89W 104.9dB @  42.4Hz   1x70mm    284 mm 
             *   24.2l @  39.9Hz  =>  104.3dB   69W 104.9dB @  39.8Hz   1x70mm    245 mm 
                 27.3l @  38.4Hz  =>  103.2dB   54W 104.9dB @  37.5Hz   1x70mm    211 mm 
                 30.9l @  36.9Hz  =>  102.2dB   43W 104.9dB @  35.3Hz   1x70mm    181 mm 

-------------
w21e002                                89.0dB  120W                      1x70mm
Rpre   Spl         Vb      fb         SplMech Pmech  SplEle     f3       dv       lv

0.20  86.6dB:   101.8l @  25.6Hz  =>   95.4dB   10W 106.4dB @  23.9Hz   1x70mm     83 mm 
                115.1l @  24.6Hz  =>   94.3dB    7W 106.4dB @  22.5Hz   1x70mm     67 mm 
             *  130.0l @  23.7Hz  =>   93.3dB    6W 106.4dB @  21.1Hz   1x70mm     54 mm 
                146.9l @  22.8Hz  =>   92.2dB    5W 106.4dB @  19.9Hz   1x70mm     42 mm 
                166.0l @  21.9Hz  =>   91.1dB    4W 106.4dB @  18.7Hz   1x70mm     31 mm 

0.60  86.3dB:   117.5l @  24.5Hz  =>   94.2dB    8W 106.1dB @  22.2Hz   1x70mm     65 mm 
                132.7l @  23.5Hz  =>   93.1dB    6W 106.1dB @  20.9Hz   1x70mm     52 mm 
             *  150.0l @  22.6Hz  =>   92.0dB    5W 106.1dB @  19.7Hz   1x70mm     40 mm 
                169.5l @  21.8Hz  =>   91.0dB    4W 106.1dB @  18.5Hz   1x70mm     29 mm 
                191.5l @  20.9Hz  =>   89.9dB    3W 106.1dB @  17.4Hz   1x70mm     20 mm 

1.00  86.1dB:   134.2l @  23.4Hz  =>   93.0dB    6W 105.9dB @  20.8Hz   1x70mm     50 mm 
                151.7l @  22.5Hz  =>   91.9dB    5W 105.9dB @  19.6Hz   1x70mm     39 mm 
             *  171.4l @  21.7Hz  =>   90.9dB    4W 105.9dB @  18.4Hz   1x70mm     28 mm 
                193.7l @  20.8Hz  =>   89.8dB    3W 105.9dB @  17.3Hz + 1x100mm    71 mm 
                218.9l @  20.0Hz  =>   88.7dB    2W 105.9dB @  16.3Hz + 1x100mm    54 mm 

-------------
w21e002-4                              89.0dB  120W                      1x70mm
Rpre   Spl         Vb      fb         SplMech Pmech  SplEle     f3       dv       lv

0.20  87.9dB:   143.8l @  26.1Hz  =>   94.6dB   13W 104.2dB @  22.9Hz   1x70mm     22 mm 
                162.5l @  25.1Hz  =>   93.6dB   10W 104.2dB @  21.5Hz + 1x100mm    59 mm 
             *  183.7l @  24.1Hz  =>   92.5dB    8W 104.2dB @  20.2Hz + 1x100mm    44 mm 
                207.5l @  23.2Hz  =>   91.4dB    6W 104.2dB @  19.0Hz + 1x100mm    30 mm 
                234.5l @  22.3Hz  =>   90.4dB    5W 104.2dB @  17.9Hz + 2x100mm    79 mm 

0.60  87.3dB:   194.7l @  23.7Hz  =>   92.0dB    8W 103.7dB @  19.6Hz + 1x100mm    37 mm 
                220.1l @  22.8Hz  =>   90.9dB    6W 103.7dB @  18.5Hz + 1x100mm    25 mm 
             *  248.7l @  21.9Hz  =>   89.9dB    5W 103.7dB @  17.4Hz + 2x100mm    69 mm 
                281.0l @  21.1Hz  =>   88.8dB    4W 103.7dB @  16.4Hz + 2x100mm    49 mm 
                317.5l @  20.2Hz  =>   87.8dB    3W 103.7dB @  15.4Hz + 2x100mm    31 mm 

1.00  86.9dB:   254.1l @  21.7Hz  =>   89.7dB    5W 103.2dB @  17.2Hz + 2x100mm    65 mm 
                287.1l @  20.9Hz  =>   88.6dB    4W 103.2dB @  16.2Hz + 2x100mm    46 mm 
             *  324.4l @  20.1Hz  =>   87.6dB    3W 103.2dB @  15.2Hz + 2x100mm    29 mm 
                366.6l @  19.3Hz  =>   86.5dB    3W 103.2dB @  14.3Hz + 3x100mm    49 mm 
                414.2l @  18.6Hz  =>   85.4dB    2W 103.2dB @  13.5Hz + 3x100mm    29 mm 

-------------
w21ex002                               91.0dB  120W                      1x70mm
Rpre   Spl         Vb      fb         SplMech Pmech  SplEle     f3       dv       lv

0.20  87.4dB:    46.1l @  31.9Hz  =>  103.6dB   52W 107.2dB @  34.3Hz   1x70mm    266 mm 
                 52.1l @  30.6Hz  =>  102.5dB   41W 107.2dB @  32.2Hz   1x70mm    230 mm 
             *   58.9l @  29.5Hz  =>  101.5dB   32W 107.2dB @  30.3Hz   1x70mm    197 mm 
                 66.5l @  28.3Hz  =>  100.4dB   25W 107.2dB @  28.5Hz   1x70mm    169 mm 
                 75.2l @  27.2Hz  =>   99.4dB   20W 107.2dB @  26.8Hz   1x70mm    143 mm 

0.60  87.1dB:    53.3l @  30.4Hz  =>  102.3dB   42W 106.9dB @  31.9Hz   1x70mm    223 mm 
                 60.3l @  29.2Hz  =>  101.3dB   33W 106.9dB @  30.0Hz   1x70mm    192 mm 
             *   68.1l @  28.1Hz  =>  100.2dB   25W 106.9dB @  28.2Hz   1x70mm    164 mm 
                 76.9l @  27.0Hz  =>   99.2dB   20W 106.9dB @  26.5Hz   1x70mm    139 mm 
                 86.9l @  26.0Hz  =>   98.1dB   16W 106.9dB @  24.9Hz   1x70mm    117 mm 

1.00  86.9dB:    61.1l @  29.1Hz  =>  101.2dB   33W 106.7dB @  29.8Hz   1x70mm    188 mm 
                 69.0l @  28.0Hz  =>  100.1dB   26W 106.7dB @  28.0Hz   1x70mm    161 mm 
             *   78.0l @  26.9Hz  =>   99.0dB   21W 106.7dB @  26.3Hz   1x70mm    136 mm 
                 88.2l @  25.9Hz  =>   98.0dB   16W 106.7dB @  24.8Hz   1x70mm    115 mm 
                 99.6l @  24.9Hz  =>   96.9dB   13W 106.7dB @  23.3Hz   1x70mm     96 mm 

-------------
w22ex001                               88.0dB  120W                      1x70mm
Rpre   Spl         Vb      fb         SplMech Pmech  SplEle     f3       dv       lv

0.20  87.4dB:    58.9l @  29.4Hz  =>  102.5dB   43W 107.0dB @  32.2Hz   1x70mm    260 mm 
                 66.6l @  28.3Hz  =>  101.5dB   33W 107.0dB @  30.3Hz   1x70mm    224 mm 
             *   75.3l @  27.2Hz  =>  100.4dB   26W 107.0dB @  28.5Hz   1x70mm    193 mm 
                 85.0l @  26.2Hz  =>   99.4dB   21W 107.0dB @  26.8Hz   1x70mm    165 mm 
                 96.1l @  25.2Hz  =>   98.3dB   16W 107.0dB @  25.2Hz   1x70mm    140 mm 

0.60  87.2dB:    68.2l @  28.1Hz  =>  101.3dB   34W 106.8dB @  30.0Hz   1x70mm    218 mm 
                 77.1l @  27.0Hz  =>  100.2dB   27W 106.8dB @  28.2Hz   1x70mm    187 mm 
             *   87.1l @  26.0Hz  =>   99.2dB   21W 106.8dB @  26.5Hz   1x70mm    159 mm 
                 98.4l @  25.0Hz  =>   98.1dB   16W 106.8dB @  24.9Hz   1x70mm    135 mm 
                111.2l @  24.0Hz  =>   97.0dB   13W 106.8dB @  23.5Hz   1x70mm    114 mm 

1.00  86.9dB:    78.2l @  26.9Hz  =>  100.1dB   27W 106.5dB @  28.0Hz   1x70mm    184 mm 
                 88.3l @  25.8Hz  =>   99.0dB   21W 106.5dB @  26.3Hz   1x70mm    157 mm 
             *   99.8l @  24.9Hz  =>   98.0dB   17W 106.5dB @  24.8Hz   1x70mm    133 mm 
                112.8l @  23.9Hz  =>   96.9dB   13W 106.5dB @  23.3Hz   1x70mm    111 mm 
                127.5l @  23.0Hz  =>   95.8dB   10W 106.5dB @  21.9Hz   1x70mm     93 mm 

-------------
w22ny001                               91.8dB   80W                      1x70mm
Rpre   Spl         Vb      fb         SplMech Pmech  SplEle     f3       dv       lv

0.20  91.5dB:    26.4l @  49.1Hz  =>  111.1dB  115W 109.5dB @  59.5Hz   1x70mm    303 mm 
                 29.9l @  47.2Hz  =>  110.0dB   90W 109.5dB @  55.9Hz   1x70mm    262 mm 
             *   33.8l @  45.4Hz  =>  109.0dB   70W 109.5dB @  52.6Hz   1x70mm    226 mm 
                 38.1l @  43.7Hz  =>  107.9dB   55W 109.5dB @  49.5Hz   1x70mm    194 mm 
                 43.1l @  42.0Hz  =>  106.8dB   43W 109.5dB @  46.6Hz   1x70mm    166 mm 

0.60  91.3dB:    30.4l @  47.0Hz  =>  109.9dB   92W 109.3dB @  55.4Hz   1x70mm    256 mm 
                 34.4l @  45.2Hz  =>  108.8dB   72W 109.3dB @  52.1Hz   1x70mm    221 mm 
             *   38.9l @  43.4Hz  =>  107.7dB   56W 109.3dB @  49.0Hz   1x70mm    190 mm 
                 43.9l @  41.8Hz  =>  106.7dB   44W 109.3dB @  46.1Hz   1x70mm    162 mm 
                 49.6l @  40.2Hz  =>  105.6dB   34W 109.3dB @  43.4Hz   1x70mm    137 mm 

1.00  91.0dB:    34.7l @  45.0Hz  =>  108.7dB   74W 109.0dB @  51.9Hz   1x70mm    218 mm 
                 39.3l @  43.3Hz  =>  107.6dB   58W 109.0dB @  48.8Hz   1x70mm    187 mm 
             *   44.4l @  41.6Hz  =>  106.6dB   46W 109.0dB @  45.9Hz   1x70mm    160 mm 
                 50.1l @  40.0Hz  =>  105.5dB   36W 109.0dB @  43.2Hz   1x70mm    136 mm 
                 56.6l @  38.5Hz  =>  104.5dB   28W 109.0dB @  40.6Hz   1x70mm    114 mm 

-------------
w26fx001                               87.0dB  150W                     1x100mm
Rpre   Spl         Vb      fb         SplMech Pmech  SplEle     f3       dv       lv

0.20  86.7dB:   100.7l @  23.2Hz  =>  104.8dB   82W 107.4dB @  25.3Hz   1x100mm   508 mm 
                113.8l @  22.3Hz  =>  103.7dB   64W 107.4dB @  23.8Hz   1x100mm   441 mm 
             *  128.6l @  21.5Hz  =>  102.6dB   50W 107.4dB @  22.4Hz   1x100mm   382 mm 
                145.4l @  20.7Hz  =>  101.6dB   39W 107.4dB @  21.0Hz   1x100mm   329 mm 
                164.3l @  19.9Hz  =>  100.5dB   31W 107.4dB @  19.8Hz   1x100mm   283 mm 

0.60  86.4dB:   116.4l @  22.2Hz  =>  103.5dB   65W 107.1dB @  23.5Hz   1x100mm   430 mm 
                131.5l @  21.3Hz  =>  102.5dB   51W 107.1dB @  22.1Hz   1x100mm   372 mm 
             *  148.6l @  20.5Hz  =>  101.4dB   40W 107.1dB @  20.8Hz   1x100mm   321 mm 
                167.9l @  19.7Hz  =>  100.3dB   31W 107.1dB @  19.6Hz   1x100mm   275 mm 
                189.7l @  19.0Hz  =>   99.3dB   25W 107.1dB @  18.4Hz   1x100mm   235 mm 

1.00  86.2dB:   133.1l @  21.3Hz  =>  102.3dB   53W 106.9dB @  22.0Hz   1x100mm   366 mm 
                150.4l @  20.4Hz  =>  101.3dB   41W 106.9dB @  20.7Hz   1x100mm   316 mm 
             *  170.0l @  19.7Hz  =>  100.2dB   32W 106.9dB @  19.5Hz   1x100mm   271 mm 
                192.1l @  18.9Hz  =>   99.2dB   25W 106.9dB @  18.3Hz   1x100mm   231 mm 
                217.1l @  18.2Hz  =>   98.1dB   20W 106.9dB @  17.2Hz   1x100mm   196 mm 

-------------
w26fx002                               89.0dB  100W                     1x100mm
Rpre   Spl         Vb      fb         SplMech Pmech  SplEle     f3       dv       lv

0.20  89.1dB:    80.2l @  31.8Hz  =>  109.0dB  126W 108.0dB @  32.3Hz   1x100mm   231 mm 
                 90.6l @  30.6Hz  =>  108.0dB   99W 108.0dB @  30.4Hz   1x100mm   196 mm 
             *  102.4l @  29.4Hz  =>  106.9dB   78W 108.0dB @  28.6Hz   1x100mm   165 mm 
                115.7l @  28.3Hz  =>  105.8dB   61W 108.0dB @  26.9Hz   1x100mm   137 mm 
                130.7l @  27.2Hz  =>  104.8dB   48W 108.0dB @  25.3Hz   1x100mm   113 mm 

0.60  88.9dB:    92.7l @  30.4Hz  =>  107.8dB  100W 107.7dB @  30.0Hz   1x100mm   189 mm 
                104.8l @  29.2Hz  =>  106.7dB   79W 107.7dB @  28.2Hz   1x100mm   159 mm 
             *  118.4l @  28.1Hz  =>  105.6dB   62W 107.7dB @  26.6Hz   1x100mm   133 mm 
                133.8l @  27.0Hz  =>  104.6dB   48W 107.7dB @  25.0Hz   1x100mm   109 mm 
                151.2l @  26.0Hz  =>  103.5dB   38W 107.7dB @  23.5Hz   1x100mm    88 mm 

1.00  88.6dB:   106.3l @  29.1Hz  =>  106.6dB   81W 107.5dB @  28.0Hz   1x100mm   156 mm 
                120.1l @  28.0Hz  =>  105.5dB   63W 107.5dB @  26.4Hz   1x100mm   130 mm 
             *  135.7l @  26.9Hz  =>  104.4dB   50W 107.5dB @  24.8Hz   1x100mm   106 mm 
                153.4l @  25.9Hz  =>  103.4dB   39W 107.5dB @  23.3Hz   1x100mm    86 mm 
                173.3l @  24.9Hz  =>  102.3dB   30W 107.5dB @  22.0Hz   1x100mm    67 mm 

