-------------
w26fx001
            87.0dB           150W      1x100mm
   fu     fc      fo      SplMech  Vb1     Vb2       d         l        C
  7.6 Hz  20 Hz   53 Hz   79.8 dB   oo l +  39 l  - 1x70mm    671 mm  3221 µF
  8.0 Hz  21 Hz   54 Hz   80.8 dB 2091 l +  39 l  - 1x70mm    619 mm  2991 µF
  9.0 Hz  22 Hz   56 Hz   82.8 dB  619 l +  39 l  - 1x70mm    521 mm  2556 µF
 10.0 Hz  24 Hz   58 Hz   84.7 dB  358 l +  39 l  - 1x70mm    445 mm  2221 µF
 11.0 Hz  26 Hz   60 Hz   86.3 dB  249 l +  39 l  - 1x70mm    385 mm  1956 µF
 12.0 Hz  27 Hz   62 Hz   87.8 dB  190 l +  39 l    1x100mm   722 mm  1742 µF
 13.0 Hz  29 Hz   63 Hz   89.2 dB  152 l +  39 l    1x100mm   641 mm  1565 µF
 14.0 Hz  30 Hz   65 Hz   90.5 dB  127 l +  39 l    1x100mm   573 mm  1418 µF
 15.0 Hz  32 Hz   66 Hz   91.7 dB  108 l +  39 l    1x100mm   516 mm  1293 µF
 16.0 Hz  33 Hz   68 Hz   92.8 dB   94 l +  39 l    1x100mm   466 mm  1187 µF
 17.0 Hz  34 Hz   69 Hz   93.9 dB   83 l +  39 l    1x100mm   424 mm  1095 µF
 18.0 Hz  36 Hz   71 Hz   94.9 dB   74 l +  39 l    1x100mm   387 mm  1014 µF
 19.0 Hz  37 Hz   72 Hz   95.8 dB   67 l +  39 l    1x100mm   355 mm   944 µF
 20.0 Hz  38 Hz   73 Hz   96.7 dB   61 l +  39 l    1x100mm   326 mm   881 µF
 21.0 Hz  39 Hz   74 Hz   97.5 dB   56 l +  39 l    1x100mm   300 mm   826 µF
 22.0 Hz  41 Hz   75 Hz   98.4 dB   51 l +  39 l    1x100mm   277 mm   776 µF
 23.0 Hz  42 Hz   77 Hz   99.1 dB   47 l +  39 l    1x100mm   257 mm   732 µF
 24.0 Hz  43 Hz   78 Hz   99.9 dB   44 l +  39 l    1x100mm   238 mm   691 µF
 25.0 Hz  44 Hz   79 Hz  100.6 dB   41 l +  39 l    1x100mm   221 mm   655 µF
 26.0 Hz  46 Hz   80 Hz  101.3 dB   38 l +  39 l    1x100mm   206 mm   621 µF
 27.0 Hz  47 Hz   81 Hz  101.9 dB   36 l +  39 l    1x100mm   192 mm   591 µF
 28.0 Hz  48 Hz   82 Hz  102.5 dB   34 l +  39 l    1x100mm   179 mm   563 µF
 29.0 Hz  49 Hz   83 Hz  103.2 dB   32 l +  39 l    1x100mm   167 mm   537 µF
 30.0 Hz  50 Hz   84 Hz  103.7 dB   31 l +  39 l    1x100mm   156 mm   513 µF

-------------
w26fx002
            89.0dB           100W      1x100mm
   fu     fc      fo      SplMech  Vb1     Vb2       d         l        C
 12.5 Hz  31 Hz   77 Hz   88.6 dB   oo l +  28 l    1x100mm   795 mm  1845 µF
 13.0 Hz  32 Hz   78 Hz   89.2 dB 1796 l +  28 l    1x100mm   754 mm  1760 µF
 14.0 Hz  33 Hz   79 Hz   90.5 dB  553 l +  28 l    1x100mm   676 mm  1594 µF
 15.0 Hz  35 Hz   81 Hz   91.7 dB  324 l +  28 l    1x100mm   609 mm  1454 µF
 16.0 Hz  36 Hz   83 Hz   92.8 dB  227 l +  28 l    1x100mm   552 mm  1334 µF
 17.0 Hz  38 Hz   85 Hz   93.9 dB  174 l +  28 l    1x100mm   503 mm  1231 µF
 18.0 Hz  39 Hz   86 Hz   94.9 dB  141 l +  28 l    1x100mm   461 mm  1140 µF
 19.0 Hz  41 Hz   88 Hz   95.8 dB  118 l +  28 l    1x100mm   423 mm  1061 µF
 20.0 Hz  42 Hz   89 Hz   96.7 dB  101 l +  28 l    1x100mm   390 mm   991 µF
 21.0 Hz  44 Hz   91 Hz   97.5 dB   88 l +  28 l    1x100mm   360 mm   929 µF
 22.0 Hz  45 Hz   92 Hz   98.4 dB   78 l +  28 l    1x100mm   334 mm   873 µF
 23.0 Hz  46 Hz   94 Hz   99.1 dB   70 l +  28 l    1x100mm   310 mm   822 µF
 24.0 Hz  48 Hz   95 Hz   99.9 dB   63 l +  28 l    1x100mm   288 mm   777 µF
 25.0 Hz  49 Hz   96 Hz  100.6 dB   58 l +  28 l    1x100mm   269 mm   736 µF
 26.0 Hz  50 Hz   98 Hz  101.3 dB   53 l +  28 l    1x100mm   251 mm   698 µF
 27.0 Hz  52 Hz   99 Hz  101.9 dB   49 l +  28 l    1x100mm   235 mm   664 µF
 28.0 Hz  53 Hz  100 Hz  102.5 dB   45 l +  28 l    1x100mm   220 mm   633 µF
 29.0 Hz  54 Hz  101 Hz  103.2 dB   42 l +  28 l    1x100mm   206 mm   604 µF
 30.0 Hz  55 Hz  102 Hz  103.7 dB   40 l +  28 l    1x100mm   194 mm   577 µF

