-------------
c16n001/f
-------------
 85.0dB             4.3l (1.1)                80W
SplMech  Pmech SplEle     f3

 95.0dB   238W  90.3dB @  34Hz    8
 96.0dB   238W  91.3dB @  36Hz    7
 96.9dB   239W  92.2dB @  38Hz    6
 97.8dB   239W  93.1dB @  40Hz    5
 98.7dB   239W  93.9dB @  42Hz    4
 99.5dB   239W  94.7dB @  44Hz    3
100.3dB   239W  95.5dB @  46Hz    2
101.0dB   239W  96.2dB @  48Hz    2
-------------
w15ch001
-------------
 85.0dB             2.6l (1.1)                70W
SplMech  Pmech SplEle     f3

 90.1dB    55W  91.2dB @  38Hz    9
 91.0dB    55W  92.1dB @  40Hz    8
 91.9dB    55W  92.9dB @  42Hz    7
 92.7dB    55W  93.7dB @  44Hz    7
 93.4dB    55W  94.5dB @  46Hz    6
 94.2dB    55W  95.2dB @  48Hz    5
-------------
w15ly001
-------------
 86.0dB             2.5l (1.1)                60W
SplMech  Pmech SplEle     f3

 92.9dB   109W  90.3dB @  40Hz   12
 93.8dB   109W  91.2dB @  42Hz   11
 94.6dB   110W  92.0dB @  44Hz   10
 95.4dB   110W  92.8dB @  46Hz    9
 96.1dB   110W  93.5dB @  48Hz    9
-------------
c16n001/f
-------------
 84.1dB             3.5l (1.1)                80W
SplMech  Pmech SplEle     f3

 97.0dB   341W  90.7dB @  38Hz    8
 97.9dB   341W  91.6dB @  40Hz    7
 98.8dB   341W  92.5dB @  42Hz    6
 99.6dB   341W  93.3dB @  44Hz    5
100.4dB   342W  94.0dB @  46Hz    5
101.1dB   342W  94.8dB @  48Hz    4
-------------
w17e002
-------------
 87.0dB             2.9l (1.1)               100W
SplMech  Pmech SplEle     f3

 91.6dB   125W  90.7dB @  32Hz   15
 92.7dB   125W  91.7dB @  34Hz   14
 93.7dB   125W  92.7dB @  36Hz   13
 94.6dB   125W  93.6dB @  38Hz   12
 95.5dB   126W  94.5dB @  40Hz   11
 96.4dB   126W  95.4dB @  42Hz   10
 97.2dB   126W  96.2dB @  44Hz    9
 97.9dB   126W  96.9dB @  46Hz    9
 98.7dB   126W  97.7dB @  48Hz    8
-------------
w17ex001
-------------
 89.0dB             2.6l (1.1)               100W
SplMech  Pmech SplEle     f3

 93.0dB   159W  90.9dB @  34Hz   15
 94.0dB   160W  91.9dB @  36Hz   15
 94.9dB   160W  92.9dB @  38Hz   14
 95.8dB   160W  93.8dB @  40Hz   13
 96.6dB   160W  94.6dB @  42Hz   12
 97.4dB   160W  95.4dB @  44Hz   11
 98.2dB   160W  96.2dB @  46Hz   10
 99.0dB   160W  96.9dB @  48Hz   10
-------------
w18e001
-------------
 86.0dB             5.4l (1.1)               100W
SplMech  Pmech SplEle     f3

 91.3dB    90W  91.7dB @  28Hz   13
           63W  90.9dB @  30Hz 
           79W  91.9dB @  30Hz 
 92.5dB    90W  92.9dB @  30Hz   11
 93.6dB    90W  94.0dB @  32Hz   10
 94.6dB    90W  95.1dB @  34Hz    9
 95.6dB    90W  96.1dB @  36Hz    8
 96.6dB    90W  97.0dB @  38Hz    7
 97.5dB    90W  97.9dB @  40Hz    6
 98.3dB    90W  98.7dB @  42Hz    6
 99.1dB    90W  99.5dB @  44Hz    5
 99.9dB    90W 100.3dB @  46Hz    4
100.6dB    90W 101.1dB @  48Hz    3
-------------
w18e001tv
-------------
 86.0dB             4.1l (1.1)               100W
SplMech  Pmech SplEle     f3

 91.3dB   126W  90.3dB @  28Hz   15
           79W  90.5dB @  30Hz 
          100W  91.5dB @  30Hz 
 92.5dB   126W  91.5dB @  30Hz   14
 93.6dB   126W  92.6dB @  32Hz   12
 94.6dB   126W  93.6dB @  34Hz   11
 95.6dB   126W  94.6dB @  36Hz   10
 96.6dB   126W  95.6dB @  38Hz    9
 97.5dB   126W  96.4dB @  40Hz    9
 98.3dB   126W  97.3dB @  42Hz    8
 99.1dB   126W  98.1dB @  44Hz    7
 99.9dB   126W  98.9dB @  46Hz    6
100.6dB   126W  99.6dB @  48Hz    5
-------------
w18nx001
-------------
 87.0dB             2.7l (1.1)                80W
SplMech  Pmech SplEle     f3

 98.5dB   469W  90.9dB @  36Hz   15
 99.5dB   469W  91.8dB @  38Hz   14
100.4dB   470W  92.7dB @  40Hz   13
101.2dB   470W  93.5dB @  42Hz   12
102.0dB   470W  94.3dB @  44Hz   11
102.8dB   471W  95.1dB @  46Hz   10
103.5dB   471W  95.8dB @  48Hz   10
-------------
w21e002
-------------
 89.0dB            16.4l (1.1)               120W
SplMech  Pmech SplEle     f3

 91.5dB    44W  95.8dB @  24Hz   11
 92.9dB    45W  97.2dB @  26Hz    9
 94.2dB    45W  98.5dB @  28Hz    8
           15W  90.6dB @  30Hz 
           19W  91.6dB @  30Hz 
           24W  92.6dB @  30Hz 
           30W  93.6dB @  30Hz 
           38W  94.6dB @  30Hz 
 95.4dB    45W  99.7dB @  30Hz    7
 96.5dB    45W 100.8dB @  32Hz    6
 97.5dB    45W 101.8dB @  34Hz    5
 98.5dB    45W 102.8dB @  36Hz    4
 99.5dB    45W 103.7dB @  38Hz    3
100.4dB    45W 104.6dB @  40Hz    2
101.2dB    45W 105.5dB @  42Hz    1
102.0dB    45W 106.3dB @  44Hz    0
102.8dB    45W 107.1dB @  46Hz   -1
103.5dB    45W 107.8dB @  48Hz   -1
-------------
w21e002-4
-------------
 89.0dB            22.3l (1.1)               120W
SplMech  Pmech SplEle     f3

 91.5dB    75W  93.5dB @  24Hz   11
 92.9dB    76W  94.9dB @  26Hz    9
 94.2dB    76W  96.2dB @  28Hz    8
           24W  90.3dB @  30Hz 
           30W  91.3dB @  30Hz 
           38W  92.3dB @  30Hz 
           48W  93.3dB @  30Hz 
           60W  94.4dB @  30Hz 
           76W  95.4dB @  30Hz 
 95.4dB    76W  97.4dB @  30Hz    7
 96.5dB    76W  98.5dB @  32Hz    6
 97.5dB    76W  99.5dB @  34Hz    5
 98.5dB    76W 100.5dB @  36Hz    4
 99.5dB    76W 101.5dB @  38Hz    3
100.4dB    76W 102.3dB @  40Hz    2
101.2dB    76W 103.2dB @  42Hz    1
102.0dB    76W 104.0dB @  44Hz    0
102.8dB    76W 104.8dB @  46Hz   -1
103.5dB    76W 105.5dB @  48Hz   -1
-------------
w21ex002
-------------
 91.0dB             8.6l (1.1)               120W
SplMech  Pmech SplEle     f3

 91.9dB   150W  90.9dB @  22Hz   16
 93.4dB   150W  92.4dB @  24Hz   15
 94.8dB   151W  93.8dB @  26Hz   13
 96.1dB   151W  95.1dB @  28Hz   12
           30W  90.3dB @  30Hz 
           38W  91.3dB @  30Hz 
           48W  92.3dB @  30Hz 
           60W  93.3dB @  30Hz 
           76W  94.3dB @  30Hz 
           95W  95.3dB @  30Hz 
          120W  96.3dB @  30Hz 
 97.3dB   151W  96.3dB @  30Hz   11
 98.4dB   151W  97.4dB @  32Hz   10
 99.5dB   151W  98.5dB @  34Hz    9
100.5dB   151W  99.5dB @  36Hz    8
101.4dB   151W 100.4dB @  38Hz    7
102.3dB   151W 101.3dB @  40Hz    6
103.1dB   152W 102.1dB @  42Hz    5
104.0dB   152W 102.9dB @  44Hz    4
104.7dB   152W 103.7dB @  46Hz    3
105.5dB   152W 104.4dB @  48Hz    3
-------------
w22ex001
-------------
 88.0dB            11.2l (1.1)               120W
SplMech  Pmech SplEle     f3

 90.3dB   115W  90.4dB @  20Hz   17
 91.9dB   115W  92.1dB @  22Hz   15
 93.4dB   115W  93.6dB @  24Hz   13
 94.8dB   115W  95.0dB @  26Hz   12
 96.1dB   115W  96.3dB @  28Hz   11
           24W  90.4dB @  30Hz 
           30W  91.4dB @  30Hz 
           38W  92.4dB @  30Hz 
           48W  93.4dB @  30Hz 
           60W  94.5dB @  30Hz 
           76W  95.5dB @  30Hz 
           95W  96.5dB @  30Hz 
 97.3dB   116W  97.5dB @  30Hz   10
 98.4dB   116W  98.6dB @  32Hz    8
 99.5dB   116W  99.6dB @  34Hz    7
100.5dB   116W 100.6dB @  36Hz    6
101.4dB   116W 101.6dB @  38Hz    5
102.3dB   116W 102.4dB @  40Hz    5
103.1dB   116W 103.3dB @  42Hz    4
104.0dB   116W 104.1dB @  44Hz    3
104.7dB   116W 104.9dB @  46Hz    2
105.5dB   116W 105.6dB @  48Hz    1
-------------
w22ny001
-------------
 91.8dB             5.7l (1.1)                80W
SplMech  Pmech SplEle     f3

           80W  90.8dB @  30Hz 
 95.2dB   220W  90.8dB @  30Hz   19
 96.3dB   220W  91.9dB @  32Hz   18
 97.4dB   220W  93.0dB @  34Hz   17
 98.4dB   221W  94.0dB @  36Hz   16
 99.3dB   221W  94.9dB @  38Hz   15
100.2dB   221W  95.8dB @  40Hz   14
101.0dB   221W  96.6dB @  42Hz   13
101.9dB   221W  97.4dB @  44Hz   12
102.6dB   221W  98.2dB @  46Hz   11
103.4dB   222W  98.9dB @  48Hz   11
-------------
w26fx001
-------------
 87.0dB            19.0l (1.1)               150W
SplMech  Pmech SplEle     f3

 92.8dB   226W  91.0dB @  16Hz   16
 94.9dB   226W  93.1dB @  18Hz   14
           60W  90.9dB @  20Hz 
           75W  91.9dB @  20Hz 
           94W  92.9dB @  20Hz 
          119W  93.9dB @  20Hz 
          150W  94.9dB @  20Hz 
 96.7dB   227W  94.9dB @  20Hz   12
 98.4dB   227W  96.6dB @  22Hz   11
 99.9dB   227W  98.1dB @  24Hz    9
101.3dB   227W  99.4dB @  26Hz    8
102.5dB   228W 100.7dB @  28Hz    7
           12W  90.9dB @  30Hz 
           15W  91.9dB @  30Hz 
           19W  92.9dB @  30Hz 
           24W  93.9dB @  30Hz 
           30W  94.9dB @  30Hz 
           37W  95.9dB @  30Hz 
           47W  96.9dB @  30Hz 
           60W  97.9dB @  30Hz 
           75W  98.9dB @  30Hz 
           94W  99.9dB @  30Hz 
          119W 100.9dB @  30Hz 
          150W 101.9dB @  30Hz 
103.7dB   228W 101.9dB @  30Hz    5
104.9dB   228W 103.0dB @  32Hz    4
105.9dB   228W 104.1dB @  34Hz    3
106.9dB   228W 105.1dB @  36Hz    2
107.8dB   229W 106.0dB @  38Hz    1
108.7dB   229W 106.9dB @  40Hz    0
109.6dB   229W 107.8dB @  42Hz   -0
110.4dB   229W 108.6dB @  44Hz   -1
111.2dB   229W 109.3dB @  46Hz   -2
111.9dB   229W 110.1dB @  48Hz   -3
-------------
w26fx002
-------------
 89.0dB            13.9l (1.1)               100W
SplMech  Pmech SplEle     f3

          100W  90.3dB @  20Hz 
 96.7dB   440W  90.3dB @  20Hz   18
 98.4dB   440W  91.9dB @  22Hz   16
 99.9dB   441W  93.4dB @  24Hz   15
101.3dB   441W  94.8dB @  26Hz   13
102.5dB   442W  96.1dB @  28Hz   12
           20W  90.3dB @  30Hz 
           25W  91.3dB @  30Hz 
           31W  92.3dB @  30Hz 
           40W  93.3dB @  30Hz 
           50W  94.3dB @  30Hz 
           63W  95.3dB @  30Hz 
           79W  96.3dB @  30Hz 
          100W  97.3dB @  30Hz 
103.7dB   442W  97.3dB @  30Hz   11
104.9dB   443W  98.4dB @  32Hz   10
105.9dB   443W  99.5dB @  34Hz    9
106.9dB   443W 100.4dB @  36Hz    8
107.8dB   444W 101.4dB @  38Hz    7
108.7dB   444W 102.3dB @  40Hz    6
109.6dB   444W 103.1dB @  42Hz    5
110.4dB   445W 103.9dB @  44Hz    4
111.2dB   445W 104.7dB @  46Hz    3
111.9dB   445W 105.4dB @  48Hz    3
