-------------
SHX-8S4
-------------
 86.7dB             4.3l (1.1)               200W
SplMech  Pmech SplEle     f3

            3W  72.0dB @  27Hz 
            4W  73.0dB @  27Hz 
            5W  74.0dB @  27Hz 
            6W  75.0dB @  27Hz 
            8W  76.0dB @  27Hz 
           10W  77.0dB @  27Hz 
           12W  78.0dB @  27Hz 
           16W  79.0dB @  27Hz 
           20W  80.0dB @  27Hz 
           25W  81.0dB @  27Hz 
           31W  82.0dB @  27Hz 
           40W  83.0dB @  27Hz 
           50W  84.0dB @  27Hz 
           63W  85.0dB @  27Hz 
           79W  86.0dB @  27Hz 
          100W  87.0dB @  27Hz 
          126W  88.0dB @  27Hz 
          159W  89.0dB @  27Hz 
          200W  90.0dB @  27Hz 
 97.8dB  1202W  90.0dB @  27Hz   15
101.8dB  1206W  94.0dB @  34Hz   11
105.1dB  1209W  97.3dB @  41Hz    8
107.8dB  1212W 100.0dB @  48Hz    6
110.2dB  1214W 102.4dB @  55Hz    3
112.3dB  1216W 104.4dB @  62Hz    1
114.1dB  1218W 106.3dB @  69Hz   -1
115.8dB  1219W 107.9dB @  76Hz   -2
-------------
SHX-8D4
-------------
 86.8dB             4.2l (1.1)               200W
SplMech  Pmech SplEle     f3

            3W  74.6dB @  27Hz 
            4W  75.6dB @  27Hz 
            5W  76.6dB @  27Hz 
            6W  77.6dB @  27Hz 
            8W  78.6dB @  27Hz 
           10W  79.6dB @  27Hz 
           12W  80.6dB @  27Hz 
           16W  81.6dB @  27Hz 
           20W  82.6dB @  27Hz 
           25W  83.6dB @  27Hz 
           31W  84.6dB @  27Hz 
           40W  85.6dB @  27Hz 
           50W  86.6dB @  27Hz 
           63W  87.6dB @  27Hz 
           79W  88.7dB @  27Hz 
          100W  89.7dB @  27Hz 
          126W  90.7dB @  27Hz 
          159W  91.7dB @  27Hz 
          200W  92.7dB @  27Hz 
 97.8dB   656W  92.7dB @  27Hz   16
101.8dB   658W  96.7dB @  34Hz   12
105.1dB   659W  99.9dB @  41Hz    9
107.8dB   661W 102.6dB @  48Hz    6
110.2dB   662W 105.0dB @  55Hz    4
112.3dB   663W 107.1dB @  62Hz    2
114.1dB   664W 108.9dB @  69Hz    0
115.8dB   665W 110.6dB @  76Hz   -2
-------------
SHX-10S4
-------------
 85.7dB             6.4l (1.1)               300W
SplMech  Pmech SplEle     f3

            5W  71.0dB @  20Hz 
            6W  72.0dB @  20Hz 
            7W  73.0dB @  20Hz 
            9W  74.0dB @  20Hz 
           12W  75.0dB @  20Hz 
           15W  76.0dB @  20Hz 
           19W  77.0dB @  20Hz 
           24W  78.0dB @  20Hz 
           30W  79.0dB @  20Hz 
           37W  80.0dB @  20Hz 
           47W  81.1dB @  20Hz 
           60W  82.1dB @  20Hz 
           75W  83.1dB @  20Hz 
           94W  84.1dB @  20Hz 
          119W  85.1dB @  20Hz 
          150W  86.1dB @  20Hz 
          189W  87.1dB @  20Hz 
          238W  88.1dB @  20Hz 
          300W  89.1dB @  20Hz 
 98.9dB  2894W  89.1dB @  20Hz   17
            5W  76.2dB @  27Hz 
            6W  77.2dB @  27Hz 
            7W  78.2dB @  27Hz 
            9W  79.2dB @  27Hz 
           12W  80.2dB @  27Hz 
           15W  81.2dB @  27Hz 
           19W  82.2dB @  27Hz 
           24W  83.2dB @  27Hz 
           30W  84.2dB @  27Hz 
           37W  85.2dB @  27Hz 
           47W  86.2dB @  27Hz 
           60W  87.3dB @  27Hz 
           75W  88.3dB @  27Hz 
           94W  89.3dB @  27Hz 
          119W  90.3dB @  27Hz 
          150W  91.3dB @  27Hz 
          189W  92.3dB @  27Hz 
          238W  93.3dB @  27Hz 
          300W  94.3dB @  27Hz 
104.1dB  2906W  94.3dB @  27Hz   12
108.1dB  2915W  98.3dB @  34Hz    8
111.4dB  2923W 101.5dB @  41Hz    5
114.1dB  2929W 104.2dB @  48Hz    2
116.5dB  2934W 106.6dB @  55Hz   -0
118.6dB  2939W 108.7dB @  62Hz   -2
120.4dB  2944W 110.5dB @  69Hz   -4
122.1dB  2948W 112.2dB @  76Hz   -6
-------------
SHX-10D4
-------------
 85.0dB            10.5l (1.1)               300W
SplMech  Pmech SplEle     f3

            5W  76.6dB @  20Hz 
            6W  77.7dB @  20Hz 
            7W  78.7dB @  20Hz 
            9W  79.7dB @  20Hz 
           12W  80.7dB @  20Hz 
           15W  81.7dB @  20Hz 
           19W  82.7dB @  20Hz 
           24W  83.7dB @  20Hz 
           30W  84.7dB @  20Hz 
           37W  85.7dB @  20Hz 
           47W  86.7dB @  20Hz 
           60W  87.7dB @  20Hz 
           75W  88.7dB @  20Hz 
           94W  89.7dB @  20Hz 
          119W  90.7dB @  20Hz 
          150W  91.7dB @  20Hz 
          189W  92.7dB @  20Hz 
          238W  93.7dB @  20Hz 
          300W  94.7dB @  20Hz 
 98.9dB   791W  94.7dB @  20Hz   14
            5W  81.8dB @  27Hz 
            6W  82.8dB @  27Hz 
            7W  83.9dB @  27Hz 
            9W  84.9dB @  27Hz 
           12W  85.9dB @  27Hz 
           15W  86.9dB @  27Hz 
           19W  87.9dB @  27Hz 
           24W  88.9dB @  27Hz 
           30W  89.9dB @  27Hz 
           37W  90.9dB @  27Hz 
           47W  91.9dB @  27Hz 
           60W  92.9dB @  27Hz 
           75W  93.9dB @  27Hz 
           94W  94.9dB @  27Hz 
          119W  95.9dB @  27Hz 
          150W  96.9dB @  27Hz 
          189W  97.9dB @  27Hz 
          238W  98.9dB @  27Hz 
          300W  99.9dB @  27Hz 
104.1dB   795W  99.9dB @  27Hz    9
108.1dB   797W 103.9dB @  34Hz    5
111.4dB   799W 107.1dB @  41Hz    2
114.1dB   801W 109.9dB @  48Hz   -1
116.5dB   803W 112.2dB @  55Hz   -3
118.6dB   804W 114.3dB @  62Hz   -5
120.4dB   805W 116.1dB @  69Hz   -7
122.1dB   806W 117.8dB @  76Hz   -9
-------------
SHX-12S4
-------------
 88.2dB            15.9l (1.1)               400W
SplMech  Pmech SplEle     f3

            6W  76.7dB @  20Hz 
            8W  77.7dB @  20Hz 
           10W  78.7dB @  20Hz 
           12W  79.7dB @  20Hz 
           16W  80.7dB @  20Hz 
           20W  81.7dB @  20Hz 
           25W  82.7dB @  20Hz 
           31W  83.7dB @  20Hz 
           40W  84.7dB @  20Hz 
           50W  85.7dB @  20Hz 
           63W  86.7dB @  20Hz 
           79W  87.7dB @  20Hz 
          100W  88.7dB @  20Hz 
          126W  89.7dB @  20Hz 
          159W  90.7dB @  20Hz 
          200W  91.7dB @  20Hz 
          252W  92.7dB @  20Hz 
          317W  93.7dB @  20Hz 
          400W  94.8dB @  20Hz 
103.1dB  2762W  94.8dB @  20Hz   15
            6W  81.9dB @  27Hz 
            8W  82.9dB @  27Hz 
           10W  83.9dB @  27Hz 
           12W  84.9dB @  27Hz 
           16W  85.9dB @  27Hz 
           20W  86.9dB @  27Hz 
           25W  87.9dB @  27Hz 
           31W  88.9dB @  27Hz 
           40W  89.9dB @  27Hz 
           50W  90.9dB @  27Hz 
           63W  91.9dB @  27Hz 
           79W  92.9dB @  27Hz 
          100W  93.9dB @  27Hz 
          126W  94.9dB @  27Hz 
          159W  95.9dB @  27Hz 
          200W  96.9dB @  27Hz 
          252W  97.9dB @  27Hz 
          317W  98.9dB @  27Hz 
          400W  99.9dB @  27Hz 
108.4dB  2773W  99.9dB @  27Hz   10
112.4dB  2782W 103.9dB @  34Hz    6
115.6dB  2789W 107.2dB @  41Hz    3
118.4dB  2795W 109.9dB @  48Hz    0
120.7dB  2800W 112.3dB @  55Hz   -2
122.8dB  2805W 114.3dB @  62Hz   -4
124.7dB  2809W 116.2dB @  69Hz   -6
126.3dB  2813W 117.9dB @  76Hz   -8
-------------
SHX-15D2
-------------
 89.7dB            53.7l (1.1)               500W
SplMech  Pmech SplEle     f3

            8W  84.6dB @  20Hz 
           10W  85.6dB @  20Hz 
           12W  86.6dB @  20Hz 
           16W  87.6dB @  20Hz 
           20W  88.6dB @  20Hz 
           25W  89.6dB @  20Hz 
           31W  90.6dB @  20Hz 
           39W  91.6dB @  20Hz 
           50W  92.6dB @  20Hz 
           62W  93.6dB @  20Hz 
           79W  94.7dB @  20Hz 
           99W  95.7dB @  20Hz 
          125W  96.7dB @  20Hz 
          157W  97.7dB @  20Hz 
          198W  98.7dB @  20Hz 
          250W  99.7dB @  20Hz 
          315W 100.7dB @  20Hz 
          397W 101.7dB @  20Hz 
          500W 102.7dB @  20Hz 
109.4dB  2342W 102.7dB @  20Hz   11
            8W  89.8dB @  27Hz 
           10W  90.8dB @  27Hz 
           12W  91.8dB @  27Hz 
           16W  92.8dB @  27Hz 
           20W  93.8dB @  27Hz 
           25W  94.8dB @  27Hz 
           31W  95.8dB @  27Hz 
           39W  96.8dB @  27Hz 
           50W  97.8dB @  27Hz 
           62W  98.8dB @  27Hz 
           79W  99.8dB @  27Hz 
           99W 100.9dB @  27Hz 
          125W 101.9dB @  27Hz 
          157W 102.9dB @  27Hz 
          198W 103.9dB @  27Hz 
          250W 104.9dB @  27Hz 
          315W 105.9dB @  27Hz 
          397W 106.9dB @  27Hz 
          500W 107.9dB @  27Hz 
114.6dB  2352W 107.9dB @  27Hz    6
118.6dB  2360W 111.9dB @  34Hz    2
121.9dB  2366W 115.1dB @  41Hz   -2
124.6dB  2371W 117.8dB @  48Hz   -4
127.0dB  2375W 120.2dB @  55Hz   -7
129.0dB  2379W 122.3dB @  62Hz   -9
130.9dB  2383W 124.1dB @  69Hz  -11
132.6dB  2386W 125.8dB @  76Hz  -12
-------------
SHX-15D4
-------------
 88.7dB            63.3l (1.1)               500W
SplMech  Pmech SplEle     f3

            8W  87.5dB @  20Hz 
           10W  88.5dB @  20Hz 
           12W  89.5dB @  20Hz 
           16W  90.5dB @  20Hz 
           20W  91.5dB @  20Hz 
           25W  92.5dB @  20Hz 
           31W  93.5dB @  20Hz 
           39W  94.5dB @  20Hz 
           50W  95.5dB @  20Hz 
           62W  96.5dB @  20Hz 
           79W  97.5dB @  20Hz 
           99W  98.5dB @  20Hz 
          125W  99.5dB @  20Hz 
          157W 100.5dB @  20Hz 
          198W 101.5dB @  20Hz 
          250W 102.5dB @  20Hz 
          315W 103.5dB @  20Hz 
          397W 104.5dB @  20Hz 
          500W 105.5dB @  20Hz 
109.4dB  1214W 105.5dB @  20Hz    9
            8W  92.7dB @  27Hz 
           10W  93.7dB @  27Hz 
           12W  94.7dB @  27Hz 
           16W  95.7dB @  27Hz 
           20W  96.7dB @  27Hz 
           25W  97.7dB @  27Hz 
           31W  98.7dB @  27Hz 
           39W  99.7dB @  27Hz 
           50W 100.7dB @  27Hz 
           62W 101.7dB @  27Hz 
           79W 102.7dB @  27Hz 
           99W 103.7dB @  27Hz 
          125W 104.7dB @  27Hz 
          157W 105.7dB @  27Hz 
          198W 106.7dB @  27Hz 
          250W 107.7dB @  27Hz 
          315W 108.7dB @  27Hz 
          397W 109.7dB @  27Hz 
          500W 110.7dB @  27Hz 
114.6dB  1219W 110.7dB @  27Hz    4
118.6dB  1223W 114.7dB @  34Hz    0
121.9dB  1226W 118.0dB @  41Hz   -3
124.6dB  1229W 120.7dB @  48Hz   -6
127.0dB  1231W 123.0dB @  55Hz   -8
129.0dB  1233W 125.1dB @  62Hz  -10
130.9dB  1235W 127.0dB @  69Hz  -12
132.6dB  1237W 128.6dB @  76Hz  -14
