-------------
SHX-8S4
      86.7dB                            200W
Rpre   Spl      qtc    Vb     SplMech Pmech SplEle      f3

0.20  86.3dB:   0.5  111.9l: (113.1dB  1152W 105.5dB) @  65Hz
                0.6   29.0l: (112.1dB   913W 105.5dB) @  61Hz
                0.7   15.4l: (112.1dB   923W 105.5dB) @  62Hz
                0.8   10.0l: (113.6dB  1278W 105.5dB) @  67Hz
                0.9    7.2l: (114.0dB  1428W 105.5dB) @  69Hz
                1.0    5.4l: (114.6dB  1624W 105.5dB) @  71Hz
                1.1    4.3l: (115.4dB  1932W 105.5dB) @  74Hz
                1.1    4.3l: (112.5dB  1001W 105.5dB) @  63Hz ( 1067uF)

0.60  85.9dB:   0.6   50.8l: (110.4dB   688W 105.0dB) @  56Hz
                0.7   22.4l: (110.5dB   696W 105.0dB) @  56Hz
                0.8   13.6l: (111.9dB   963W 105.0dB) @  61Hz
                0.9    9.4l: (112.3dB  1077W 105.0dB) @  62Hz
                1.0    7.0l: (112.9dB  1224W 105.0dB) @  64Hz
                1.1    5.5l: (113.7dB  1456W 105.0dB) @  67Hz
                1.1    5.5l: (110.8dB   755W 105.0dB) @  57Hz ( 1176uF)

1.00  85.5dB:   0.6  115.8l: (108.9dB   535W 104.6dB) @  51Hz
                0.7   33.8l: (108.9dB   542W 104.6dB) @  51Hz
                0.8   18.6l: (110.3dB   749W 104.6dB) @  56Hz
                0.9   12.3l: (110.8dB   837W 104.6dB) @  57Hz
                1.0    9.0l: (111.4dB   952W 104.6dB) @  59Hz
                1.1    6.9l: (112.1dB  1133W 104.6dB) @  62Hz
                1.1    6.9l: (109.3dB   587W 104.6dB) @  52Hz ( 1283uF)

-------------
SHX-8D4
      86.8dB                            200W
Rpre   Spl      qtc    Vb     SplMech Pmech SplEle      f3

0.20  86.6dB:   0.5  198.1l: (113.9dB   629W 108.9dB) @  68Hz
                0.6   31.7l: (112.9dB   498W 108.9dB) @  64Hz
                0.7   15.9l: (113.0dB   504W 108.9dB) @  64Hz
                0.8   10.1l: (114.4dB   697W 108.9dB) @  70Hz
                0.9    7.1l: (114.8dB   779W 108.9dB) @  72Hz
                1.0    5.4l: (115.4dB   886W 108.9dB) @  74Hz
                1.1    4.2l: (116.2dB  1054W 108.9dB) @  78Hz
                1.1    4.2l: (113.3dB   546W 108.9dB) @  66Hz (  494uF)

0.60  86.4dB:   0.6   42.5l: (112.1dB   434W 108.7dB) @  61Hz
                0.7   19.2l: (112.1dB   439W 108.7dB) @  61Hz
                0.8   11.8l: (113.5dB   607W 108.7dB) @  67Hz
                0.9    8.2l: (114.0dB   679W 108.7dB) @  69Hz
                1.0    6.1l: (114.6dB   772W 108.7dB) @  71Hz
                1.1    4.8l: (115.3dB   918W 108.7dB) @  74Hz
                1.1    4.8l: (112.5dB   476W 108.7dB) @  63Hz (  519uF)

1.00  86.2dB:   0.6   59.9l: (111.3dB   381W 108.5dB) @  59Hz
                0.7   23.4l: (111.3dB   385W 108.5dB) @  59Hz
                0.8   13.8l: (112.7dB   533W 108.5dB) @  64Hz
                0.9    9.4l: (113.2dB   596W 108.5dB) @  65Hz
                1.0    6.9l: (113.8dB   678W 108.5dB) @  68Hz
                1.1    5.4l: (114.5dB   806W 108.5dB) @  71Hz
                1.1    5.4l: (111.7dB   418W 108.5dB) @  60Hz (  543uF)

-------------
SHX-10S4
      85.7dB                            300W
Rpre   Spl      qtc    Vb     SplMech Pmech SplEle      f3

0.20  85.4dB:   0.5  220.3l: (115.9dB  2777W 106.2dB) @  53Hz
                0.6   45.6l: (114.8dB  2200W 106.2dB) @  50Hz
                0.7   23.6l: (114.9dB  2226W 106.2dB) @  50Hz
                0.8   15.1l: (116.3dB  3080W 106.2dB) @  54Hz
                0.9   10.7l: (116.8dB  3443W 106.2dB) @  56Hz
                1.0    8.1l: (117.4dB  3915W 106.2dB) @  58Hz
                1.1    6.4l: (118.1dB  4657W 106.2dB) @  60Hz
                1.1    6.4l: (115.2dB  2413W 106.2dB) @  51Hz ( 1350uF)

0.60  84.9dB:   0.6   87.3l: (113.1dB  1637W 105.7dB) @  45Hz
                0.7   35.4l: (113.1dB  1657W 105.7dB) @  45Hz
                0.8   21.0l: (114.5dB  2292W 105.7dB) @  49Hz
                0.9   14.4l: (115.0dB  2562W 105.7dB) @  51Hz
                1.0   10.6l: (115.6dB  2913W 105.7dB) @  52Hz
                1.1    8.3l: (116.3dB  3465W 105.7dB) @  54Hz
                1.1    8.3l: (113.5dB  1796W 105.7dB) @  46Hz ( 1495uF)

1.00  84.5dB:   0.6  266.2l: (111.5dB  1259W 105.3dB) @  41Hz
                0.7   56.4l: (111.6dB  1274W 105.3dB) @  41Hz
                0.8   29.5l: (113.0dB  1763W 105.3dB) @  45Hz
                0.9   19.2l: (113.5dB  1970W 105.3dB) @  46Hz
                1.0   13.8l: (114.0dB  2241W 105.3dB) @  48Hz
                1.1   10.5l: (114.8dB  2665W 105.3dB) @  50Hz
                1.1   10.5l: (111.9dB  1381W 105.3dB) @  42Hz ( 1637uF)

-------------
SHX-10D4
      85.0dB                            300W
Rpre   Spl      qtc    Vb     SplMech Pmech SplEle      f3

0.20  84.8dB:   0.6  159.6l: (111.9dB   600W 108.9dB) @  42Hz
                0.7   50.2l: (111.9dB   607W 108.9dB) @  42Hz
                0.8   28.0l: (113.3dB   840W 108.9dB) @  46Hz
                0.9   18.7l: (113.8dB   939W 108.9dB) @  47Hz
                1.0   13.6l: (114.4dB  1068W 108.9dB) @  49Hz
                1.1   10.5l: (115.1dB  1271W 108.9dB) @  51Hz
                1.1   10.5l: (112.3dB   658W 108.9dB) @  43Hz (  754uF)

0.60  84.6dB:   0.6  368.4l: (111.0dB   521W 108.6dB) @  40Hz
                0.7   66.2l: (111.1dB   527W 108.6dB) @  40Hz
                0.8   34.0l: (112.5dB   730W 108.6dB) @  44Hz
                0.9   21.9l: (113.0dB   815W 108.6dB) @  45Hz
                1.0   15.7l: (113.5dB   927W 108.6dB) @  46Hz
                1.1   11.9l: (114.3dB  1103W 108.6dB) @  48Hz
                1.1   11.9l: (111.4dB   572W 108.6dB) @  41Hz (  792uF)

1.00  84.3dB:   0.7   91.2l: (110.3dB   462W 108.4dB) @  38Hz
                0.8   41.7l: (111.7dB   639W 108.4dB) @  42Hz
                0.9   25.8l: (112.2dB   714W 108.4dB) @  43Hz
                1.0   18.1l: (112.7dB   812W 108.4dB) @  44Hz
                1.1   13.6l: (113.5dB   966W 108.4dB) @  46Hz
                1.1   13.6l: (110.6dB   501W 108.4dB) @  39Hz (  829uF)

-------------
SHX-12S4
      88.2dB                            400W
Rpre   Spl      qtc    Vb     SplMech Pmech SplEle      f3

0.20  87.9dB:   0.5  473.8l: (118.2dB  2646W 110.0dB) @  48Hz
                0.6  110.2l: (117.2dB  2096W 110.0dB) @  45Hz
                0.7   57.8l: (117.2dB  2121W 110.0dB) @  45Hz
                0.8   37.3l: (118.6dB  2935W 110.0dB) @  49Hz
                0.9   26.6l: (119.1dB  3280W 110.0dB) @  50Hz
                1.0   20.2l: (119.7dB  3730W 110.0dB) @  52Hz
                1.1   15.9l: (120.4dB  4437W 110.0dB) @  54Hz
                1.1   15.9l: (117.6dB  2300W 110.0dB) @  46Hz ( 1507uF)

0.60  87.4dB:   0.6  204.2l: (115.4dB  1563W 109.5dB) @  41Hz
                0.7   86.1l: (115.5dB  1581W 109.5dB) @  41Hz
                0.8   51.6l: (116.9dB  2188W 109.5dB) @  44Hz
                0.9   35.5l: (117.3dB  2445W 109.5dB) @  45Hz
                1.0   26.3l: (117.9dB  2781W 109.5dB) @  47Hz
                1.1   20.5l: (118.7dB  3308W 109.5dB) @  49Hz
                1.1   20.5l: (115.8dB  1714W 109.5dB) @  41Hz ( 1668uF)

1.00  87.0dB:   0.6  547.8l: (113.8dB  1204W 109.0dB) @  37Hz
                0.7  134.4l: (113.9dB  1218W 109.0dB) @  37Hz
                0.8   71.9l: (115.3dB  1686W 109.0dB) @  40Hz
                0.9   47.0l: (115.8dB  1884W 109.0dB) @  41Hz
                1.0   33.9l: (116.3dB  2143W 109.0dB) @  43Hz
                1.1   26.0l: (117.1dB  2549W 109.0dB) @  45Hz
                1.1   26.0l: (114.2dB  1321W 109.0dB) @  38Hz ( 1825uF)

-------------
SHX-15D2
      89.7dB                            500W
Rpre   Spl      qtc    Vb     SplMech Pmech SplEle      f3

0.20  89.4dB:   0.6  751.9l: (118.9dB  1772W 113.4dB) @  35Hz
                0.7  251.6l: (118.9dB  1793W 113.4dB) @  35Hz
                0.8  142.3l: (120.3dB  2480W 113.4dB) @  38Hz
                0.9   95.4l: (120.8dB  2772W 113.4dB) @  39Hz
                1.0   69.7l: (121.4dB  3153W 113.4dB) @  40Hz
                1.1   53.7l: (122.1dB  3750W 113.4dB) @  42Hz
                1.1   53.7l: (119.3dB  1944W 113.4dB) @  35Hz ( 1565uF)

0.60  89.0dB:   0.7  404.6l: (117.5dB  1416W 113.0dB) @  32Hz
                0.8  197.5l: (118.9dB  1959W 113.0dB) @  35Hz
                0.9  125.0l: (119.4dB  2190W 113.0dB) @  36Hz
                1.0   88.6l: (120.0dB  2491W 113.0dB) @  37Hz
                1.1   67.1l: (120.7dB  2962W 113.0dB) @  38Hz
                1.1   67.1l: (117.9dB  1535W 113.0dB) @  33Hz ( 1698uF)

1.00  88.6dB:   0.7  766.5l: (116.2dB  1144W 112.6dB) @  30Hz
                0.8  282.6l: (117.6dB  1583W 112.6dB) @  32Hz
                0.9  164.7l: (118.1dB  1769W 112.6dB) @  33Hz
                1.0  112.4l: (118.7dB  2012W 112.6dB) @  34Hz
                1.1   83.1l: (119.4dB  2393W 112.6dB) @  36Hz
                1.1   83.1l: (116.6dB  1240W 112.6dB) @  30Hz ( 1829uF)

-------------
SHX-15D4
      88.7dB                            500W
Rpre   Spl      qtc    Vb     SplMech Pmech SplEle      f3

0.20  88.5dB:   0.7  504.5l: (117.5dB   928W 114.8dB) @  32Hz
                0.8  205.8l: (118.9dB  1284W 114.8dB) @  35Hz
                0.9  123.2l: (119.4dB  1436W 114.8dB) @  36Hz
                1.0   85.0l: (119.9dB  1633W 114.8dB) @  37Hz
                1.1   63.3l: (120.7dB  1942W 114.8dB) @  38Hz
                1.1   63.3l: (117.8dB  1007W 114.8dB) @  33Hz ( 1000uF)

0.60  88.3dB:   0.7  909.0l: (116.6dB   806W 114.6dB) @  30Hz
                0.8  269.7l: (118.0dB  1115W 114.6dB) @  33Hz
                0.9  150.1l: (118.5dB  1246W 114.6dB) @  34Hz
                1.0  100.4l: (119.1dB  1417W 114.6dB) @  35Hz
                1.1   73.5l: (119.8dB  1686W 114.6dB) @  36Hz
                1.1   73.5l: (117.0dB   874W 114.6dB) @  31Hz ( 1050uF)

1.00  88.1dB:   0.8  367.4l: (117.2dB   976W 114.3dB) @  31Hz
                0.9  184.7l: (117.7dB  1091W 114.3dB) @  32Hz
                1.0  118.7l: (118.3dB  1241W 114.3dB) @  33Hz
                1.1   85.1l: (119.0dB  1476W 114.3dB) @  35Hz
                1.1   85.1l: (116.2dB   765W 114.3dB) @  30Hz ( 1100uF)

