-------------
SHX-8D4
                    86.8dB           150W
  R||    qts   f3   Spl     SplMech Pmech  SplEle  
   1.0  0.53  61Hz  83.5dB  111.9dB  693W  105.3dB
   1.5  0.55  58Hz  83.5dB  111.1dB  578W  105.3dB
   2.2  0.58  56Hz  83.5dB  110.4dB  493W  105.3dB
   3.3  0.61  51Hz  83.5dB  109.0dB  352W  105.3dB
   4.7  0.65  51Hz  83.5dB  109.0dB  352W  105.3dB
   6.8  0.68  47Hz  83.5dB  107.5dB  253W  105.3dB
  10.0  0.72  44Hz  83.5dB  106.3dB  192W  105.3dB
  15.0  0.76  42Hz  83.5dB  105.4dB  156W  105.3dB
  22.0  0.78  42Hz  83.5dB  105.4dB  156W  105.3dB
  33.0  0.81  40Hz  83.5dB  104.5dB  125W  105.3dB
  47.0  0.82  40Hz  83.5dB  104.5dB  125W  105.3dB
  68.0  0.84  40Hz  83.5dB  104.5dB  125W  105.3dB
 100.0  0.85  40Hz  83.5dB  104.5dB  125W  105.3dB
 150.0  0.85  38Hz  83.5dB  103.9dB  109W  105.3dB
9999.0  0.87  38Hz  83.5dB  103.9dB  109W  105.3dB
-------------
SHX-10D4
                    85.0dB           225W
  R||    qts   f3   Spl     SplMech Pmech  SplEle  
   0.0  0.55  46Hz  81.7dB  113.3dB 1436W  105.2dB
   1.0  0.61  39Hz  81.7dB  110.3dB  730W  105.2dB
   1.5  0.64  39Hz  81.7dB  110.3dB  730W  105.2dB
   2.2  0.67  35Hz  81.7dB  108.9dB  526W  105.2dB
   3.3  0.71  33Hz  81.7dB  107.7dB  399W  105.2dB
   4.7  0.75  33Hz  81.7dB  107.7dB  399W  105.2dB
   6.8  0.79  31Hz  81.7dB  106.8dB  323W  105.2dB
  10.0  0.83  30Hz  81.7dB  105.8dB  259W  105.2dB
  15.0  0.87  29Hz  81.7dB  105.2dB  226W  105.2dB
  22.0  0.91  27Hz  81.7dB  104.4dB  186W  105.2dB
  33.0  0.94  27Hz  81.7dB  104.4dB  186W  105.2dB
  47.0  0.95  27Hz  81.7dB  103.9dB  168W  105.2dB
  68.0  0.97  27Hz  81.7dB  103.9dB  168W  105.2dB
 100.0  0.98  27Hz  81.7dB  103.9dB  168W  105.2dB
 150.0  0.99  27Hz  81.7dB  103.9dB  168W  105.2dB
9999.0  1.01  26Hz  81.7dB  103.5dB  152W  105.2dB
-------------
SHX-15D2
                    89.7dB           375W
  R||    qts   f3   Spl     SplMech Pmech  SplEle  
   0.0  0.54  37Hz  86.2dB  120.1dB 2442W  111.9dB
   1.0  0.64  31Hz  86.2dB  117.1dB 1242W  111.9dB
   1.5  0.68  29Hz  86.2dB  115.7dB  894W  111.9dB
   2.2  0.72  27Hz  86.2dB  114.5dB  678W  111.9dB
   3.3  0.77  25Hz  86.2dB  113.6dB  550W  111.9dB
   4.7  0.81  24Hz  86.2dB  112.6dB  441W  111.9dB
   6.8  0.85  23Hz  86.2dB  112.0dB  384W  111.9dB
  10.0  0.89  23Hz  86.2dB  112.0dB  384W  111.9dB
  15.0  0.93  22Hz  86.2dB  111.2dB  317W  111.9dB
  22.0  0.96  22Hz  86.2dB  110.8dB  286W  111.9dB
  33.0  0.98  22Hz  86.2dB  110.8dB  286W  111.9dB
  47.0  0.99  22Hz  86.2dB  110.8dB  286W  111.9dB
  68.0  1.00  21Hz  86.2dB  110.3dB  258W  111.9dB
 100.0  1.01  21Hz  86.2dB  110.3dB  258W  111.9dB
 150.0  1.02  21Hz  86.2dB  110.3dB  258W  111.9dB
9999.0  1.03  21Hz  86.2dB  110.3dB  258W  111.9dB
-------------
SHX-15D4
                    88.7dB           375W
  R||    qts   f3   Spl     SplMech Pmech  SplEle  
   0.0  0.62  33Hz  85.4dB  118.1dB 1849W  111.1dB
   1.0  0.69  30Hz  85.4dB  116.6dB 1331W  111.1dB
   1.5  0.72  28Hz  85.4dB  115.4dB 1010W  111.1dB
   2.2  0.76  27Hz  85.4dB  114.5dB  819W  111.1dB
   3.3  0.80  25Hz  85.4dB  113.6dB  656W  111.1dB
   4.7  0.85  25Hz  85.4dB  113.6dB  656W  111.1dB
   6.8  0.89  25Hz  85.4dB  113.0dB  571W  111.1dB
  10.0  0.94  23Hz  85.4dB  112.1dB  471W  111.1dB
  15.0  0.99  23Hz  85.4dB  111.7dB  426W  111.1dB
  22.0  1.03  22Hz  85.4dB  111.2dB  385W  111.1dB
  33.0  1.06  22Hz  85.4dB  110.8dB  346W  111.1dB
  47.0  1.08  22Hz  85.4dB  110.8dB  346W  111.1dB
  68.0  1.10  22Hz  85.4dB  110.8dB  346W  111.1dB
 100.0  1.11  22Hz  85.4dB  110.8dB  346W  111.1dB
 150.0  1.12  22Hz  85.4dB  110.8dB  346W  111.1dB
9999.0  1.15  22Hz  85.4dB  110.8dB  346W  111.1dB
