-------------
SHX-8S4
            86.7dB           200W       1x70mm
   fu     fb      fo      SplMech  Vb1     Vb2       d         l        C
 21.3Hz  43Hz   86Hz   93.7dB  264l +   8l  * 1x40mm   2437mm
 23.4Hz  45Hz   88Hz   95.3dB   97l +   8l  * 1x40mm   2172mm
 25.6Hz  48Hz   90Hz   96.9dB   57l +   8l  * 1x40mm   1936mm
 28.0Hz  51Hz   93Hz   98.5dB   39l +   8l  * 1x40mm   1725mm
 30.6Hz  54Hz   95Hz  100.0dB   29l +   8l  * 1x40mm   1538mm
 33.3Hz  57Hz   98Hz  101.5dB   22l +   8l  * 1x40mm   1371mm
 36.3Hz  61Hz  101Hz  103.0dB   18l +   8l  * 1x40mm   1222mm
 39.5Hz  64Hz  104Hz  104.4dB   14l +   8l  * 1x40mm   1089mm
 42.9Hz  68Hz  108Hz  105.9dB   12l +   8l  * 1x40mm    970mm
 46.5Hz  72Hz  111Hz  107.3dB   10l +   8l  * 1x40mm    865mm
 50.4Hz  76Hz  115Hz  108.7dB    8l +   8l  * 1x40mm    771mm
 54.6Hz  79Hz  119Hz  110.1dB    8l +   8l  * 1x40mm    722mm
 59.1Hz  86Hz  124Hz  111.4dB    6l +   8l  * 1x40mm    612mm
 63.8Hz  91Hz  129Hz  112.8dB    5l +   8l  * 1x40mm    546mm
 68.9Hz  96Hz  134Hz  114.1dB    5l +   8l  - 1x50mm    760mm
 74.3Hz 102Hz  139Hz  115.4dB    4l +   8l  - 1x50mm    677mm
 19.5Hz  47Hz   84Hz   92.1dB   66l +   6l  * 1x40mm   2735mm
 21.3Hz  50Hz   86Hz   93.7dB   44l +   6l  * 1x40mm   2437mm
 23.4Hz  53Hz   88Hz   95.3dB   31l +   6l  * 1x40mm   2172mm
 25.6Hz  56Hz   90Hz   96.9dB   24l +   6l  * 1x40mm   1936mm
 28.0Hz  59Hz   93Hz   98.5dB   19l +   6l  * 1x40mm   1726mm
 30.6Hz  63Hz   95Hz  100.0dB   15l +   6l  * 1x40mm   1538mm
 33.3Hz  67Hz   98Hz  101.5dB   13l +   6l  * 1x40mm   1371mm
 36.3Hz  71Hz  101Hz  103.0dB   11l +   6l  * 1x40mm   1222mm
 39.5Hz  75Hz  104Hz  104.4dB    9l +   6l  * 1x40mm   1089mm
 42.9Hz  79Hz  108Hz  105.9dB    8l +   6l  * 1x40mm    970mm
 46.5Hz  84Hz  111Hz  107.3dB    6l +   6l  * 1x40mm    865mm
 50.4Hz  76Hz  115Hz  108.7dB    8l +   6l  * 1x40mm   1049mm
 54.6Hz  79Hz  119Hz  110.1dB    8l +   6l  * 1x40mm    983mm
 59.1Hz  86Hz  124Hz  111.4dB    6l +   6l  * 1x40mm    833mm
 54.9Hz  91Hz  129Hz  110.1dB    5l +   6l  * 1x40mm    743mm
 59.9Hz  96Hz  134Hz  111.7dB    5l +   6l  * 1x40mm    662mm
 74.3Hz 102Hz  139Hz  115.4dB    4l +   6l  * 1x40mm    590mm
 23.3Hz  57Hz  137Hz   95.3dB   23l +   4l  * 1x40mm   2734mm
 25.7Hz  60Hz  140Hz   97.0dB   18l +   4l  * 1x40mm   2438mm
 28.4Hz  64Hz  142Hz   98.7dB   15l +   4l  * 1x40mm   2173mm
 31.2Hz  67Hz  145Hz  100.3dB   12l +   4l  * 1x40mm   1936mm
 34.3Hz  71Hz  148Hz  102.0dB   10l +   4l  * 1x40mm   1726mm
 37.6Hz  76Hz  152Hz  103.6dB    9l +   4l  * 1x40mm   1538mm
 41.2Hz  80Hz  155Hz  105.2dB    7l +   4l  * 1x40mm   1371mm
 45.1Hz  85Hz  159Hz  106.7dB    6l +   4l  * 1x40mm   1222mm
 49.3Hz  90Hz  163Hz  108.3dB    5l +   4l  * 1x40mm   1089mm
 53.8Hz  95Hz  168Hz  109.8dB    5l +   4l  * 1x40mm    970mm
 58.7Hz 101Hz  173Hz  111.3dB    4l +   4l  * 1x40mm    865mm
 63.9Hz 107Hz  178Hz  112.8dB    4l +   4l  * 1x40mm    771mm
 69.6Hz 113Hz  184Hz  114.3dB    3l +   4l  * 1x40mm    687mm
 75.6Hz 120Hz  190Hz  115.7dB    3l +   4l  * 1x40mm    612mm
 82.0Hz 127Hz  196Hz  117.1dB    2l +   4l  * 1x40mm    546mm
-------------
SHX-10S4
            85.7dB           300W      1x100mm
   fu     fb      fo      SplMech  Vb1     Vb2       d         l        C
 17.4Hz  35Hz   70Hz   96.5dB  954l +  12l  * 1x50mm   3896mm
 19.1Hz  37Hz   72Hz   98.1dB  184l +  12l  * 1x50mm   3472mm
 20.9Hz  39Hz   74Hz   99.7dB   96l +  12l  * 1x50mm   3096mm
 22.8Hz  41Hz   75Hz  101.2dB   63l +  12l  * 1x50mm   2758mm
 24.9Hz  44Hz   78Hz  102.7dB   45l +  12l  * 1x50mm   2458mm
 27.1Hz  47Hz   80Hz  104.2dB   34l +  12l  * 1x50mm   2191mm
 29.6Hz  49Hz   82Hz  105.7dB   27l +  12l  * 1x50mm   1953mm
 32.2Hz  52Hz   85Hz  107.2dB   22l +  12l  * 1x50mm   1740mm
 34.9Hz  55Hz   88Hz  108.6dB   18l +  12l  * 1x50mm   1551mm
 37.9Hz  59Hz   91Hz  110.0dB   15l +  12l  * 1x50mm   1383mm
 41.1Hz  62Hz   94Hz  111.4dB   13l +  12l  * 1x50mm   1232mm
 44.5Hz  64Hz   97Hz  112.8dB   12l +  12l  * 1x50mm   1154mm
 48.1Hz  70Hz  101Hz  114.2dB    9l +  12l  * 1x50mm    979mm
 52.0Hz  74Hz  105Hz  115.5dB    8l +  12l  * 1x50mm    872mm
 56.1Hz  78Hz  109Hz  116.8dB    7l +  12l  * 1x50mm    778mm
 60.5Hz  83Hz  113Hz  118.2dB    6l +  12l  * 1x50mm    693mm
 15.8Hz  38Hz   69Hz   94.9dB  115l +   9l  * 1x50mm   4372mm
 17.4Hz  41Hz   70Hz   96.5dB   71l +   9l  * 1x50mm   3896mm
 19.1Hz  43Hz   72Hz   98.1dB   50l +   9l  * 1x50mm   3472mm
 20.9Hz  46Hz   74Hz   99.7dB   37l +   9l  * 1x50mm   3095mm
 22.8Hz  48Hz   75Hz  101.2dB   29l +   9l  * 1x50mm   2759mm
 24.9Hz  51Hz   78Hz  102.7dB   23l +   9l  * 1x50mm   2458mm
 27.1Hz  54Hz   80Hz  104.2dB   19l +   9l  * 1x50mm   2191mm
 29.6Hz  58Hz   82Hz  105.7dB   16l +   9l  * 1x50mm   1953mm
 32.2Hz  61Hz   85Hz  107.2dB   13l +   9l  * 1x50mm   1741mm
 34.9Hz  65Hz   88Hz  108.6dB   11l +   9l  * 1x50mm   1551mm
 37.9Hz  68Hz   91Hz  110.0dB   10l +   9l  * 1x50mm   1383mm
 41.1Hz  62Hz   94Hz  111.4dB   13l +   9l  * 1x50mm   1677mm
 44.5Hz  64Hz   97Hz  112.8dB   12l +   9l  * 1x50mm   1571mm
 48.1Hz  70Hz  101Hz  114.2dB    9l +   9l  * 1x50mm   1332mm
 44.7Hz  74Hz  105Hz  112.9dB    8l +   9l  * 1x50mm   1187mm
 48.8Hz  78Hz  109Hz  114.4dB    7l +   9l  * 1x50mm   1058mm
 60.5Hz  83Hz  113Hz  118.2dB    6l +   9l  * 1x50mm    943mm
 19.0Hz  46Hz  112Hz   98.0dB   36l +   6l  * 1x50mm   4371mm
 21.0Hz  49Hz  114Hz   99.7dB   28l +   6l  * 1x50mm   3897mm
 23.1Hz  52Hz  116Hz  101.4dB   23l +   6l  * 1x50mm   3473mm
 25.4Hz  55Hz  118Hz  103.1dB   19l +   6l  * 1x50mm   3095mm
 27.9Hz  58Hz  121Hz  104.7dB   15l +   6l  * 1x50mm   2759mm
 30.6Hz  62Hz  124Hz  106.3dB   13l +   6l  * 1x50mm   2458mm
 33.6Hz  65Hz  127Hz  107.9dB   11l +   6l  * 1x50mm   2191mm
 36.7Hz  69Hz  130Hz  109.5dB    9l +   6l  * 1x50mm   1953mm
 40.2Hz  73Hz  133Hz  111.0dB    8l +   6l  * 1x50mm   1740mm
 43.9Hz  77Hz  137Hz  112.6dB    7l +   6l  * 1x50mm   1551mm
 47.8Hz  82Hz  141Hz  114.1dB    6l +   6l  * 1x50mm   1383mm
 52.1Hz  87Hz  145Hz  115.5dB    5l +   6l  * 1x50mm   1232mm
 56.7Hz  92Hz  150Hz  117.0dB    5l +   6l  * 1x50mm   1098mm
 61.6Hz  98Hz  155Hz  118.5dB    4l +   6l  * 1x50mm    979mm
 66.8Hz 103Hz  160Hz  119.9dB    4l +   6l  * 1x50mm    872mm
 72.4Hz 109Hz  165Hz  121.3dB    3l +   6l  * 1x50mm    777mm
 78.4Hz 116Hz  171Hz  122.7dB    3l +   6l  * 1x50mm    693mm
-------------
SHX-12S4
            88.2dB           400W      2x100mm
   fu     fb      fo      SplMech  Vb1     Vb2       d         l        C
 15.6Hz  31Hz   63Hz   98.8dB 1404l +  31l  * 1x70mm   3811mm
 17.1Hz  33Hz   64Hz  100.4dB  404l +  31l  * 1x70mm   3397mm
 18.7Hz  35Hz   66Hz  102.0dB  225l +  31l  * 1x70mm   3028mm
 20.4Hz  37Hz   68Hz  103.5dB  150l +  31l  * 1x70mm   2698mm
 22.3Hz  39Hz   70Hz  105.0dB  109l +  31l  * 1x70mm   2405mm
 24.3Hz  42Hz   72Hz  106.5dB   84l +  31l  * 1x70mm   2143mm
 26.5Hz  44Hz   74Hz  108.0dB   66l +  31l  * 1x70mm   1910mm
 28.8Hz  47Hz   76Hz  109.5dB   54l +  31l  * 1x70mm   1702mm
 31.3Hz  50Hz   79Hz  110.9dB   44l +  31l  * 1x70mm   1517mm
 34.0Hz  53Hz   81Hz  112.3dB   37l +  31l  * 1x70mm   1352mm
 36.8Hz  56Hz   84Hz  113.7dB   31l +  31l  * 1x70mm   1205mm
 39.9Hz  57Hz   87Hz  115.1dB   29l +  31l  * 1x70mm   1129mm
 43.1Hz  62Hz   90Hz  116.5dB   23l +  31l  * 1x70mm    957mm
 46.6Hz  66Hz   94Hz  117.8dB   20l +  31l  * 1x70mm    853mm
 50.3Hz  70Hz   98Hz  119.2dB   17l +  31l  * 1x70mm    761mm
 54.2Hz  74Hz  101Hz  120.5dB   15l +  31l  * 1x70mm    678mm
 14.2Hz  34Hz   61Hz   97.2dB  264l +  23l  * 1x70mm   4276mm
 15.6Hz  36Hz   63Hz   98.8dB  169l +  23l  * 1x70mm   3811mm
 17.1Hz  39Hz   64Hz  100.4dB  120l +  23l  * 1x70mm   3396mm
 18.7Hz  41Hz   66Hz  102.0dB   91l +  23l  * 1x70mm   3028mm
 20.4Hz  43Hz   68Hz  103.5dB   71l +  23l  * 1x70mm   2699mm
 22.3Hz  46Hz   70Hz  105.0dB   57l +  23l  * 1x70mm   2405mm
 24.3Hz  49Hz   72Hz  106.5dB   47l +  23l  * 1x70mm   2143mm
 26.5Hz  52Hz   74Hz  108.0dB   39l +  23l  * 1x70mm   1910mm
 28.8Hz  55Hz   76Hz  109.5dB   33l +  23l  * 1x70mm   1703mm
 31.3Hz  58Hz   79Hz  110.9dB   28l +  23l  * 1x70mm   1517mm
 34.0Hz  61Hz   81Hz  112.3dB   24l +  23l  * 1x70mm   1352mm
 36.8Hz  56Hz   84Hz  113.7dB   31l +  23l  * 1x70mm   1641mm
 39.9Hz  57Hz   87Hz  115.1dB   29l +  23l  * 1x70mm   1536mm
 43.1Hz  62Hz   90Hz  116.5dB   23l +  23l  * 1x70mm   1303mm
 40.0Hz  66Hz   94Hz  115.2dB   20l +  23l  * 1x70mm   1161mm
 43.7Hz  70Hz   98Hz  116.7dB   17l +  23l  * 1x70mm   1035mm
 54.2Hz  74Hz  101Hz  120.5dB   15l +  23l  * 1x70mm    922mm
 17.0Hz  41Hz  100Hz  100.4dB   87l +  16l  * 1x70mm   4276mm
 18.8Hz  44Hz  102Hz  102.1dB   69l +  16l  * 1x70mm   3812mm
 20.7Hz  46Hz  104Hz  103.7dB   56l +  16l  * 1x70mm   3397mm
 22.8Hz  49Hz  106Hz  105.4dB   46l +  16l  * 1x70mm   3027mm
 25.0Hz  52Hz  108Hz  107.0dB   38l +  16l  * 1x70mm   2698mm
 27.4Hz  55Hz  111Hz  108.6dB   32l +  16l  * 1x70mm   2405mm
 30.1Hz  58Hz  113Hz  110.2dB   27l +  16l  * 1x70mm   2143mm
 32.9Hz  62Hz  116Hz  111.8dB   23l +  16l  * 1x70mm   1910mm
 36.0Hz  66Hz  119Hz  113.4dB   20l +  16l  * 1x70mm   1702mm
 39.3Hz  69Hz  123Hz  114.9dB   17l +  16l  * 1x70mm   1517mm
 42.9Hz  74Hz  126Hz  116.4dB   15l +  16l  * 1x70mm   1352mm
 46.7Hz  78Hz  130Hz  117.9dB   13l +  16l  * 1x70mm   1205mm
 50.8Hz  82Hz  134Hz  119.3dB   12l +  16l  * 1x70mm   1074mm
 55.2Hz  87Hz  138Hz  120.8dB   10l +  16l  * 1x70mm    957mm
 59.9Hz  93Hz  143Hz  122.2dB    9l +  16l  * 1x70mm    853mm
 64.9Hz  98Hz  148Hz  123.6dB    8l +  16l  * 1x70mm    761mm
 70.2Hz 104Hz  154Hz  125.0dB    7l +  16l  * 1x70mm    678mm
