-------------
SHX-8S4                                86.7dB  200W                      1x70mm
Rpre   Spl         Vb      fb         SplMech Pmech  SplEle     f3       dv       lv

0.20  86.3dB:    23.0l @  39.7Hz  =>  108.1dB  367W 105.5dB @  38.8Hz   1x70mm    242 mm 
                 25.7l @  38.3Hz  =>  107.2dB  292W 105.5dB @  36.7Hz   1x70mm    210 mm 
                 28.8l @  36.9Hz  =>  106.2dB  233W 105.5dB @  34.7Hz   1x70mm    182 mm 
             *   32.2l @  35.6Hz  =>  105.2dB  186W 105.5dB @  32.8Hz   1x70mm    157 mm 
                 36.1l @  34.3Hz  =>  104.2dB  148W 105.5dB @  31.0Hz   1x70mm    135 mm 
                 40.5l @  33.1Hz  =>  103.2dB  118W 105.5dB @  29.3Hz   1x70mm    115 mm 
                 45.3l @  31.9Hz  =>  102.2dB   94W 105.5dB @  27.6Hz   1x70mm     97 mm 

0.60  85.9dB:    30.4l @  36.3Hz  =>  105.7dB  233W 105.0dB @  33.8Hz   1x70mm    170 mm 
                 34.0l @  35.0Hz  =>  104.7dB  186W 105.0dB @  31.9Hz   1x70mm    146 mm 
                 38.1l @  33.8Hz  =>  103.7dB  148W 105.0dB @  30.1Hz   1x70mm    125 mm 
             *   42.7l @  32.6Hz  =>  102.8dB  118W 105.0dB @  28.5Hz   1x70mm    106 mm 
                 47.8l @  31.4Hz  =>  101.8dB   94W 105.0dB @  26.9Hz   1x70mm     89 mm 
                 53.5l @  30.3Hz  =>  100.8dB   75W 105.0dB @  25.4Hz   1x70mm     74 mm 
                 60.0l @  29.2Hz  =>   99.8dB   60W 105.0dB @  24.0Hz   1x70mm     61 mm 

1.00  85.5dB:    39.0l @  33.5Hz  =>  103.5dB  156W 104.6dB @  29.8Hz   1x70mm    121 mm 
                 43.7l @  32.3Hz  =>  102.5dB  124W 104.6dB @  28.1Hz   1x70mm    103 mm 
                 48.9l @  31.2Hz  =>  101.6dB   99W 104.6dB @  26.6Hz   1x70mm     86 mm 
             *   54.8l @  30.1Hz  =>  100.6dB   79W 104.6dB @  25.1Hz   1x70mm     71 mm 
                 61.4l @  29.0Hz  =>   99.6dB   63W 104.6dB @  23.7Hz   1x70mm     58 mm 
                 68.8l @  27.9Hz  =>   98.6dB   50W 104.6dB @  22.4Hz   1x70mm     47 mm 
                 77.0l @  27.0Hz  =>   97.6dB   40W 104.6dB @  21.2Hz   1x70mm     36 mm 

-------------
SHX-8D4                                86.8dB  200W                      1x70mm
Rpre   Spl         Vb      fb         SplMech Pmech  SplEle     f3       dv       lv

0.20  86.6dB:    22.9l @  41.7Hz  =>  108.6dB  187W 108.9dB @  40.0Hz   1x70mm    196 mm 
                 25.7l @  40.2Hz  =>  107.7dB  149W 108.9dB @  37.8Hz   1x70mm    169 mm 
                 28.8l @  38.8Hz  =>  106.7dB  119W 108.9dB @  35.7Hz   1x70mm    146 mm 
             *   32.2l @  37.4Hz  =>  105.7dB   95W 108.9dB @  33.7Hz   1x70mm    125 mm 
                 36.1l @  36.1Hz  =>  104.7dB   75W 108.9dB @  31.9Hz   1x70mm    106 mm 
                 40.4l @  34.8Hz  =>  103.7dB   60W 108.9dB @  30.1Hz   1x70mm     89 mm 
                 45.3l @  33.6Hz  =>  102.7dB   48W 108.9dB @  28.5Hz   1x70mm     74 mm 

0.60  86.4dB:    26.4l @  39.9Hz  =>  107.4dB  150W 108.7dB @  37.3Hz   1x70mm    164 mm 
                 29.5l @  38.5Hz  =>  106.4dB  119W 108.7dB @  35.2Hz   1x70mm    141 mm 
                 33.1l @  37.1Hz  =>  105.5dB   95W 108.7dB @  33.3Hz   1x70mm    120 mm 
             *   37.0l @  35.8Hz  =>  104.5dB   76W 108.7dB @  31.5Hz   1x70mm    102 mm 
                 41.5l @  34.5Hz  =>  103.5dB   60W 108.7dB @  29.7Hz   1x70mm     85 mm 
                 46.4l @  33.3Hz  =>  102.5dB   48W 108.7dB @  28.1Hz   1x70mm     71 mm 
                 52.0l @  32.1Hz  =>  101.5dB   38W 108.7dB @  26.5Hz   1x70mm     58 mm 

1.00  86.2dB:    30.0l @  38.3Hz  =>  106.3dB  121W 108.5dB @  34.9Hz   1x70mm    137 mm 
                 33.6l @  36.9Hz  =>  105.3dB   97W 108.5dB @  33.0Hz   1x70mm    117 mm 
                 37.7l @  35.6Hz  =>  104.3dB   77W 108.5dB @  31.2Hz   1x70mm     99 mm 
             *   42.2l @  34.3Hz  =>  103.3dB   61W 108.5dB @  29.5Hz   1x70mm     83 mm 
                 47.3l @  33.1Hz  =>  102.4dB   49W 108.5dB @  27.8Hz   1x70mm     69 mm 
                 52.9l @  31.9Hz  =>  101.4dB   39W 108.5dB @  26.3Hz   1x70mm     56 mm 
                 59.3l @  30.8Hz  =>  100.4dB   31W 108.5dB @  24.9Hz   1x70mm     44 mm 

-------------
SHX-10S4                               85.7dB  300W                     1x100mm
Rpre   Spl         Vb      fb         SplMech Pmech  SplEle     f3       dv       lv

0.20  85.4dB:    34.5l @  32.4Hz  =>  110.7dB  851W 106.2dB @  31.3Hz   1x100mm   501 mm 
                 38.6l @  31.2Hz  =>  109.7dB  678W 106.2dB @  29.6Hz   1x100mm   439 mm 
                 43.2l @  30.1Hz  =>  108.8dB  541W 106.2dB @  28.0Hz   1x100mm   384 mm 
             *   48.4l @  29.1Hz  =>  107.8dB  431W 106.2dB @  26.4Hz   1x100mm   335 mm 
                 54.3l @  28.0Hz  =>  106.8dB  344W 106.2dB @  25.0Hz   1x100mm   291 mm 
                 60.8l @  27.0Hz  =>  105.8dB  274W 106.2dB @  23.6Hz   1x100mm   252 mm 
                 68.1l @  26.1Hz  =>  104.8dB  218W 106.2dB @  22.3Hz   1x100mm   218 mm 

0.60  84.9dB:    46.2l @  29.5Hz  =>  108.2dB  530W 105.7dB @  27.1Hz   1x100mm   355 mm 
                 51.7l @  28.5Hz  =>  107.2dB  423W 105.7dB @  25.6Hz   1x100mm   309 mm 
                 57.9l @  27.4Hz  =>  106.2dB  337W 105.7dB @  24.2Hz   1x100mm   268 mm 
             *   64.9l @  26.5Hz  =>  105.2dB  269W 105.7dB @  22.8Hz   1x100mm   232 mm 
                 72.6l @  25.5Hz  =>  104.2dB  214W 105.7dB @  21.6Hz   1x100mm   199 mm 
                 81.4l @  24.6Hz  =>  103.3dB  171W 105.7dB @  20.4Hz   1x100mm   170 mm 
                 91.1l @  23.7Hz  =>  102.3dB  136W 105.7dB @  19.3Hz   1x100mm   144 mm 

1.00  84.5dB:    59.9l @  27.2Hz  =>  105.9dB  348W 105.3dB @  23.8Hz   1x100mm   257 mm 
                 67.1l @  26.2Hz  =>  104.9dB  278W 105.3dB @  22.5Hz   1x100mm   222 mm 
                 75.1l @  25.3Hz  =>  104.0dB  221W 105.3dB @  21.2Hz   1x100mm   190 mm 
             *   84.1l @  24.4Hz  =>  103.0dB  177W 105.3dB @  20.1Hz   1x100mm   162 mm 
                 94.2l @  23.5Hz  =>  102.0dB  141W 105.3dB @  19.0Hz   1x100mm   137 mm 
                105.5l @  22.7Hz  =>  101.0dB  112W 105.3dB @  17.9Hz   1x100mm   114 mm 
                118.2l @  21.8Hz  =>  100.0dB   89W 105.3dB @  16.9Hz   1x100mm    94 mm 

-------------
SHX-10D4                               85.0dB  300W                     1x100mm
Rpre   Spl         Vb      fb         SplMech Pmech  SplEle     f3       dv       lv

0.20  84.8dB:    59.2l @  27.7Hz  =>  106.6dB  178W 108.9dB @  24.7Hz   1x100mm   273 mm 
                 66.3l @  26.7Hz  =>  105.6dB  142W 108.9dB @  23.4Hz   1x100mm   236 mm 
                 74.2l @  25.7Hz  =>  104.6dB  113W 108.9dB @  22.1Hz   1x100mm   203 mm 
             *   83.2l @  24.8Hz  =>  103.7dB   90W 108.9dB @  20.9Hz   1x100mm   173 mm 
                 93.1l @  23.9Hz  =>  102.7dB   72W 108.9dB @  19.7Hz   1x100mm   147 mm 
                104.3l @  23.1Hz  =>  101.7dB   57W 108.9dB @  18.6Hz   1x100mm   123 mm 
                116.8l @  22.3Hz  =>  100.7dB   46W 108.9dB @  17.6Hz   1x100mm   102 mm 

0.60  84.6dB:    68.2l @  26.4Hz  =>  105.4dB  142W 108.6dB @  23.0Hz   1x100mm   227 mm 
                 76.4l @  25.5Hz  =>  104.4dB  113W 108.6dB @  21.8Hz   1x100mm   195 mm 
                 85.5l @  24.6Hz  =>  103.4dB   90W 108.6dB @  20.6Hz   1x100mm   166 mm 
             *   95.8l @  23.7Hz  =>  102.4dB   72W 108.6dB @  19.4Hz   1x100mm   141 mm 
                107.3l @  22.9Hz  =>  101.4dB   57W 108.6dB @  18.4Hz   1x100mm   118 mm 
                120.1l @  22.1Hz  =>  100.5dB   46W 108.6dB @  17.4Hz   1x100mm    97 mm 
                134.6l @  21.3Hz  =>   99.5dB   36W 108.6dB @  16.4Hz   1x100mm    79 mm 

1.00  84.3dB:    77.9l @  25.3Hz  =>  104.2dB  115W 108.4dB @  21.6Hz   1x100mm   190 mm 
                 87.2l @  24.4Hz  =>  103.2dB   91W 108.4dB @  20.4Hz   1x100mm   162 mm 
                 97.7l @  23.6Hz  =>  102.3dB   73W 108.4dB @  19.2Hz   1x100mm   137 mm 
             *  109.4l @  22.7Hz  =>  101.3dB   58W 108.4dB @  18.2Hz   1x100mm   114 mm 
                122.5l @  21.9Hz  =>  100.3dB   46W 108.4dB @  17.2Hz   1x100mm    94 mm 
                137.2l @  21.1Hz  =>   99.3dB   37W 108.4dB @  16.2Hz   1x100mm    76 mm 
                153.7l @  20.4Hz  =>   98.3dB   29W 108.4dB @  15.3Hz   1x100mm    60 mm 

-------------
SHX-12S4                               88.2dB  400W                     2x100mm
Rpre   Spl         Vb      fb         SplMech Pmech  SplEle     f3       dv       lv

0.20  87.9dB:    85.3l @  29.0Hz  =>  113.1dB  826W 110.0dB @  28.2Hz   2x100mm   484 mm 
                 95.5l @  28.0Hz  =>  112.1dB  658W 110.0dB @  26.6Hz   2x100mm   421 mm 
                107.0l @  27.0Hz  =>  111.1dB  525W 110.0dB @  25.2Hz   2x100mm   365 mm 
             *  119.8l @  26.0Hz  =>  110.2dB  418W 110.0dB @  23.8Hz   2x100mm   314 mm 
                134.2l @  25.1Hz  =>  109.2dB  333W 110.0dB @  22.5Hz   2x100mm   270 mm 
                150.3l @  24.2Hz  =>  108.2dB  266W 110.0dB @  21.2Hz   2x100mm   230 mm 
                168.3l @  23.3Hz  =>  107.2dB  212W 110.0dB @  20.1Hz   2x100mm   194 mm 
                188.5l @  22.5Hz  =>  106.2dB  169W 110.0dB @  19.0Hz   2x100mm   162 mm 
                211.1l @  21.7Hz  =>  105.2dB  135W 110.0dB @  17.9Hz   2x100mm   134 mm 
                236.4l @  20.9Hz  =>  104.3dB  107W 110.0dB @  16.9Hz   2x100mm   108 mm 
                264.8l @  20.2Hz  =>  103.3dB   86W 110.0dB @  16.0Hz   2x100mm    86 mm 
                296.6l @  19.5Hz  =>  102.3dB   68W 110.0dB @  15.1Hz   2x100mm    66 mm 
                332.2l @  18.8Hz  =>  101.3dB   54W 110.0dB @  14.3Hz   2x100mm    47 mm 
                372.1l @  18.1Hz  =>  100.3dB   43W 110.0dB @  13.5Hz   2x100mm    31 mm 
                416.7l @  17.5Hz  =>   99.3dB   35W 110.0dB @  12.8Hz + 3x100mm    54 mm 
                466.7l @  16.8Hz  =>   98.3dB   28W 110.0dB @  12.1Hz + 3x100mm    35 mm 
                522.7l @  16.2Hz  =>   97.4dB   22W 110.0dB @  11.4Hz + 4x100mm    46 mm 
                585.4l @  15.7Hz  =>   96.4dB   18W 110.0dB @  10.8Hz + 4x100mm    26 mm 
                655.7l @  15.1Hz  =>   95.4dB   14W 110.0dB @  10.2Hz + 5x100mm    29 mm 
                734.4l @  14.6Hz  =>   94.4dB   11W 110.0dB @   9.6Hz + 6x100mm    27 mm 

0.60  87.4dB:   114.0l @  26.4Hz  =>  110.6dB  516W 109.5dB @  24.4Hz   2x100mm   336 mm 
                127.7l @  25.5Hz  =>  109.6dB  411W 109.5dB @  23.0Hz   2x100mm   289 mm 
                143.0l @  24.6Hz  =>  108.6dB  328W 109.5dB @  21.8Hz   2x100mm   247 mm 
             *  160.2l @  23.7Hz  =>  107.6dB  261W 109.5dB @  20.6Hz   2x100mm   209 mm 
                179.4l @  22.9Hz  =>  106.7dB  208W 109.5dB @  19.4Hz   2x100mm   176 mm 
                200.9l @  22.0Hz  =>  105.7dB  166W 109.5dB @  18.4Hz   2x100mm   146 mm 
                225.0l @  21.3Hz  =>  104.7dB  132W 109.5dB @  17.4Hz   2x100mm   119 mm 

1.00  87.0dB:   147.7l @  24.3Hz  =>  108.3dB  340W 109.0dB @  21.4Hz   2x100mm   236 mm 
                165.4l @  23.5Hz  =>  107.4dB  271W 109.0dB @  20.2Hz   2x100mm   199 mm 
                185.3l @  22.6Hz  =>  106.4dB  216W 109.0dB @  19.1Hz   2x100mm   167 mm 
             *  207.5l @  21.8Hz  =>  105.4dB  172W 109.0dB @  18.1Hz   2x100mm   138 mm 
                232.4l @  21.0Hz  =>  104.4dB  137W 109.0dB @  17.1Hz   2x100mm   112 mm 
                260.3l @  20.3Hz  =>  103.4dB  109W 109.0dB @  16.1Hz   2x100mm    89 mm 
                291.5l @  19.6Hz  =>  102.4dB   87W 109.0dB @  15.3Hz   2x100mm    69 mm 

