-------------
shiva-x
      84.4dB                            600W
Rpre   Spl      qtc    Vb     SplMech Pmech SplEle      f3

0.20  84.2dB:   0.6  253.7l: (117.6dB  4828W 108.6dB) @  28Hz
                0.7  121.2l: (117.7dB  4884W 108.6dB) @  28Hz
                0.8   75.6l: (119.1dB  6758W 108.6dB) @  30Hz
                0.9   53.0l: (119.6dB  7554W 108.6dB) @  31Hz
                1.0   39.7l: (120.1dB  8591W 108.6dB) @  32Hz
                1.1   31.1l: (120.9dB 10217W 108.6dB) @  34Hz
                1.1   31.1l: (118.0dB  5296W 108.6dB) @  29Hz ( 2126uF)

0.60  83.8dB:   0.6  473.0l: (116.2dB  3823W 108.1dB) @  26Hz
                0.7  173.4l: (116.2dB  3868W 108.1dB) @  26Hz
                0.8  100.2l: (117.6dB  5352W 108.1dB) @  28Hz
                0.9   67.8l: (118.1dB  5982W 108.1dB) @  29Hz
                1.0   49.8l: (118.7dB  6803W 108.1dB) @  30Hz
                1.1   38.5l: (119.4dB  8091W 108.1dB) @  31Hz
                1.1   38.5l: (116.6dB  4194W 108.1dB) @  26Hz ( 2310uF)

1.00  83.4dB:   0.7  258.8l: (114.9dB  3143W 107.8dB) @  24Hz
                0.8  133.4l: (116.4dB  4349W 107.8dB) @  26Hz
                0.9   86.1l: (116.8dB  4861W 107.8dB) @  27Hz
                1.0   61.7l: (117.4dB  5528W 107.8dB) @  27Hz
                1.1   47.0l: (118.2dB  6575W 107.8dB) @  29Hz
                1.1   47.0l: (115.3dB  3408W 107.8dB) @  24Hz ( 2488uF)

-------------
tempest-x
      87.2dB                            600W
Rpre   Spl      qtc    Vb     SplMech Pmech SplEle      f3

0.20  86.9dB:   0.7  450.6l: (119.0dB  3585W 111.3dB) @  24Hz
                0.8  260.2l: (120.4dB  4960W 111.3dB) @  26Hz
                0.9  175.9l: (120.9dB  5544W 111.3dB) @  27Hz
                1.0  129.2l: (121.5dB  6305W 111.3dB) @  27Hz
                1.1   99.8l: (122.2dB  7499W 111.3dB) @  29Hz
                1.1   99.8l: (119.4dB  3887W 111.3dB) @  24Hz ( 2533uF)

0.60  86.5dB:   0.7  713.4l: (117.6dB  2835W 110.8dB) @  22Hz
                0.8  360.3l: (119.0dB  3923W 110.8dB) @  24Hz
                0.9  230.8l: (119.5dB  4385W 110.8dB) @  24Hz
                1.0  164.7l: (120.0dB  4987W 110.8dB) @  25Hz
                1.1  125.1l: (120.8dB  5931W 110.8dB) @  26Hz
                1.1  125.1l: (117.9dB  3074W 110.8dB) @  22Hz ( 2754uF)

1.00  86.1dB:   0.8  510.0l: (117.7dB  3185W 110.4dB) @  22Hz
                0.9  302.9l: (118.2dB  3560W 110.4dB) @  23Hz
                1.0  208.3l: (118.7dB  4048W 110.4dB) @  23Hz
                1.1  154.9l: (119.5dB  4815W 110.4dB) @  24Hz
                1.1  154.9l: (116.6dB  2496W 110.4dB) @  21Hz ( 2968uF)

-------------
malstrom-x
      88.4dB                           1500W
Rpre   Spl      qtc    Vb     SplMech Pmech SplEle      f3

0.20  88.1dB:   0.6  401.3l: (126.6dB 18574W 115.7dB) @  27Hz
                0.7  230.7l: (126.7dB 18793W 115.7dB) @  27Hz
                0.8  154.8l: (128.1dB 26001W 115.7dB) @  30Hz
                0.9  112.7l: (128.6dB 29063W 115.7dB) @  30Hz
                1.0   86.5l: (129.1dB 33052W 115.7dB) @  31Hz
                1.1   68.8l: (129.9dB 39310W 115.7dB) @  33Hz
                1.1   68.8l: (127.0dB 20374W 115.7dB) @  28Hz ( 2558uF)

0.60  87.6dB:   0.6  662.3l: (124.8dB 13581W 115.2dB) @  24Hz
                0.7  333.6l: (124.8dB 13741W 115.2dB) @  25Hz
                0.8  212.1l: (126.2dB 19011W 115.2dB) @  27Hz
                0.9  150.1l: (126.7dB 21250W 115.2dB) @  27Hz
                1.0  113.2l: (127.3dB 24167W 115.2dB) @  28Hz
                1.1   89.0l: (128.0dB 28743W 115.2dB) @  30Hz
                1.1   89.0l: (125.2dB 14897W 115.2dB) @  25Hz ( 2847uF)

1.00  87.1dB:   0.7  493.7l: (123.2dB 10405W 114.8dB) @  22Hz
                0.8  290.3l: (124.6dB 14396W 114.8dB) @  24Hz
                0.9  197.9l: (125.1dB 16092W 114.8dB) @  25Hz
                1.0  146.0l: (125.6dB 18301W 114.8dB) @  26Hz
                1.1  113.1l: (126.4dB 21766W 114.8dB) @  27Hz
                1.1  113.1l: (123.5dB 11281W 114.8dB) @  23Hz ( 3131uF)

-------------
dpl-15
      85.0dB                            600W
Rpre   Spl      qtc    Vb     SplMech Pmech SplEle      f3

0.20  84.5dB:   0.8  641.9l: (115.2dB  1546W 111.1dB) @  21Hz
                0.9  320.9l: (115.7dB  1728W 111.1dB) @  21Hz
                1.0  205.8l: (116.2dB  1965W 111.1dB) @  22Hz
                1.1  147.4l: (117.0dB  2337W 111.1dB) @  23Hz
                1.1  147.4l: (114.1dB  1211W 111.1dB) @  19Hz ( 1869uF)

0.60  84.2dB:   0.8  983.2l: (114.3dB  1355W 110.8dB) @  20Hz
                0.9  411.1l: (114.8dB  1514W 110.8dB) @  20Hz
                1.0  249.1l: (115.4dB  1722W 110.8dB) @  21Hz
                1.1  173.6l: (116.1dB  2048W 110.8dB) @  22Hz
                1.1  173.6l: (113.3dB  1062W 110.8dB) @  18Hz ( 1962uF)

1.00  84.0dB:   0.9  539.8l: (114.0dB  1341W 110.6dB) @  19Hz
                1.0  303.2l: (114.6dB  1525W 110.6dB) @  20Hz
                1.1  204.2l: (115.4dB  1813W 110.6dB) @  21Hz
                1.1  204.2l: (112.5dB   940W 110.6dB) @  18Hz ( 2052uF)

