-------------
shiva-x
                    84.4dB           450W
  R||    qts   f3   Spl     SplMech Pmech  SplEle  
   1.0  0.50  29Hz  81.3dB  118.3dB 5035W  107.8dB
   1.5  0.51  29Hz  81.3dB  118.3dB 5035W  107.8dB
   2.2  0.53  27Hz  81.3dB  117.1dB 3783W  107.8dB
   3.3  0.55  27Hz  81.3dB  117.1dB 3783W  107.8dB
   4.7  0.57  26Hz  81.3dB  116.3dB 3154W  107.8dB
   6.8  0.60  25Hz  81.3dB  115.6dB 2693W  107.8dB
  10.0  0.63  23Hz  81.3dB  114.2dB 1924W  107.8dB
  15.0  0.67  21Hz  81.3dB  112.7dB 1384W  107.8dB
  22.0  0.70  20Hz  81.3dB  111.5dB 1051W  107.8dB
  33.0  0.73  20Hz  81.3dB  111.5dB 1051W  107.8dB
  47.0  0.76  19Hz  81.3dB  110.6dB  852W  107.8dB
  68.0  0.78  19Hz  81.3dB  110.6dB  852W  107.8dB
 100.0  0.79  19Hz  81.3dB  110.6dB  852W  107.8dB
 150.0  0.81  18Hz  81.3dB  109.7dB  683W  107.8dB
9999.0  0.83  18Hz  81.3dB  109.7dB  683W  107.8dB
-------------
tempest-x
                    87.2dB           450W
  R||    qts   f3   Spl     SplMech Pmech  SplEle  
   0.0  0.52  27Hz  84.1dB  121.1dB 5089W  110.6dB
   1.0  0.54  25Hz  84.1dB  119.9dB 3824W  110.6dB
   1.5  0.56  24Hz  84.1dB  119.1dB 3188W  110.6dB
   2.2  0.57  24Hz  84.1dB  119.1dB 3188W  110.6dB
   3.3  0.60  23Hz  84.1dB  118.4dB 2722W  110.6dB
   4.7  0.62  21Hz  84.1dB  116.9dB 1944W  110.6dB
   6.8  0.65  19Hz  84.1dB  115.5dB 1399W  110.6dB
  10.0  0.69  19Hz  84.1dB  115.5dB 1399W  110.6dB
  15.0  0.73  18Hz  84.1dB  114.3dB 1062W  110.6dB
  22.0  0.76  17Hz  84.1dB  113.4dB  861W  110.6dB
  33.0  0.80  17Hz  84.1dB  113.4dB  861W  110.6dB
  47.0  0.82  16Hz  84.1dB  112.4dB  690W  110.6dB
  68.0  0.84  16Hz  84.1dB  112.4dB  690W  110.6dB
 100.0  0.86  16Hz  84.1dB  111.8dB  601W  110.6dB
 150.0  0.87  16Hz  84.1dB  111.8dB  601W  110.6dB
9999.0  0.90  15Hz  84.1dB  111.0dB  496W  110.6dB
-------------
malstrom-x
                    88.4dB          1125W
  R||    qts   f3   Spl     SplMech Pmech  SplEle  
   4.7  0.52  25Hz  85.2dB  125.0dB 9554W  115.7dB
   6.8  0.55  23Hz  85.2dB  123.7dB 7179W  115.7dB
  10.0  0.58  21Hz  85.2dB  122.3dB 5110W  115.7dB
  15.0  0.62  19Hz  85.2dB  120.8dB 3651W  115.7dB
  22.0  0.65  18Hz  85.2dB  119.4dB 2627W  115.7dB
  33.0  0.69  18Hz  85.2dB  119.4dB 2627W  115.7dB
  47.0  0.71  17Hz  85.2dB  118.2dB 1994W  115.7dB
  68.0  0.73  17Hz  85.2dB  118.2dB 1994W  115.7dB
 100.0  0.75  17Hz  85.2dB  118.2dB 1994W  115.7dB
 150.0  0.76  16Hz  85.2dB  117.3dB 1617W  115.7dB
9999.0  0.79  16Hz  85.2dB  117.3dB 1617W  115.7dB
-------------
dpl-15
                    85.0dB           600W
         qts   f3   Spl     SplMech Pmech  SplEle  
        0.69  20Hz  84.5dB  114.6dB 1032W  112.3dB
