-------------
shiva-x
      84.4dB                            600W
SplMech  Pmech SplEle     f3

108.0dB  6382W  97.7dB @  16Hz   11
110.0dB  6392W  99.8dB @  18Hz    9
111.9dB  6401W 101.6dB @  20Hz    7
113.5dB  6410W 103.2dB @  22Hz    5
115.0dB  6417W 104.7dB @  24Hz    4
116.4dB  6424W 106.1dB @  26Hz    2
117.7dB  6431W 107.4dB @  28Hz    1
118.9dB  6437W 108.6dB @  30Hz   -0
120.0dB  6443W 109.7dB @  32Hz   -1
121.1dB  6448W 110.8dB @  34Hz   -2
122.1dB  6453W 111.8dB @  36Hz   -3
123.0dB  6458W 112.7dB @  38Hz   -4
123.9dB  6462W 113.6dB @  40Hz   -5
124.8dB  6467W 114.4dB @  42Hz   -6
125.6dB  6471W 115.2dB @  44Hz   -7
126.3dB  6475W 116.0dB @  46Hz   -7
127.1dB  6478W 116.7dB @  48Hz   -8
-------------
tempest-x
      87.2dB                            600W
SplMech  Pmech SplEle     f3

112.1dB  4695W 103.2dB @  16Hz    8
114.2dB  4702W 105.2dB @  18Hz    6
116.0dB  4709W 107.1dB @  20Hz    4
117.7dB  4715W 108.7dB @  22Hz    3
119.2dB  4721W 110.2dB @  24Hz    1
120.6dB  4726W 111.6dB @  26Hz   -0
121.9dB  4731W 112.9dB @  28Hz   -2
123.1dB  4735W 114.1dB @  30Hz   -3
124.2dB  4739W 115.2dB @  32Hz   -4
125.2dB  4743W 116.3dB @  34Hz   -5
126.2dB  4747W 117.2dB @  36Hz   -6
127.2dB  4750W 118.2dB @  38Hz   -7
128.1dB  4754W 119.1dB @  40Hz   -8
128.9dB  4757W 119.9dB @  42Hz   -9
129.7dB  4760W 120.7dB @  44Hz   -9
130.5dB  4763W 121.5dB @  46Hz  -10
131.2dB  4766W 122.2dB @  48Hz  -11
-------------
malstrom-x
      88.4dB                           1500W
SplMech  Pmech SplEle     f3

117.4dB 24561W 105.2dB @  16Hz   10
119.4dB 24601W 107.3dB @  18Hz    8
121.2dB 24636W 109.1dB @  20Hz    7
122.9dB 24668W 110.7dB @  22Hz    5
124.4dB 24698W 112.3dB @  24Hz    3
125.8dB 24725W 113.6dB @  26Hz    2
127.1dB 24750W 114.9dB @  28Hz    1
128.3dB 24773W 116.1dB @  30Hz   -0
129.4dB 24795W 117.2dB @  32Hz   -2
130.5dB 24816W 118.3dB @  34Hz   -3
131.5dB 24835W 119.3dB @  36Hz   -4
132.4dB 24854W 120.2dB @  38Hz   -5
133.3dB 24871W 121.1dB @  40Hz   -5
134.1dB 24888W 121.9dB @  42Hz   -6
134.9dB 24904W 122.7dB @  44Hz   -7
135.7dB 24919W 123.5dB @  46Hz   -8
136.5dB 24933W 124.3dB @  48Hz   -9
-------------
dpl-15
      85.0dB                            600W
SplMech  Pmech SplEle     f3

110.8dB  1467W 106.9dB @  16Hz    4
112.8dB  1470W 108.9dB @  18Hz    2
114.7dB  1472W 110.8dB @  20Hz    0
116.3dB  1474W 112.4dB @  22Hz   -1
117.8dB  1475W 113.9dB @  24Hz   -3
119.2dB  1477W 115.3dB @  26Hz   -4
120.5dB  1479W 116.6dB @  28Hz   -6
121.7dB  1480W 117.8dB @  30Hz   -7
122.8dB  1481W 118.9dB @  32Hz   -8
123.9dB  1483W 119.9dB @  34Hz   -9
124.9dB  1484W 120.9dB @  36Hz  -10
125.8dB  1485W 121.9dB @  38Hz  -11
126.7dB  1486W 122.8dB @  40Hz  -12
127.5dB  1487W 123.6dB @  42Hz  -13
128.4dB  1488W 124.4dB @  44Hz  -13
129.1dB  1489W 125.2dB @  46Hz  -14
129.9dB  1490W 125.9dB @  48Hz  -15
-------------
anarchy
      84.7dB                            125W
SplMech  Pmech SplEle     f3

 89.8dB  1822W  78.2dB @  16Hz   26
 91.9dB  1825W  80.2dB @  18Hz   24
 93.7dB  1828W  82.1dB @  20Hz   22
 95.4dB  1830W  83.7dB @  22Hz   21
 96.9dB  1832W  85.2dB @  24Hz   19
 98.3dB  1834W  86.6dB @  26Hz   18
 99.6dB  1836W  87.9dB @  28Hz   17
100.8dB  1838W  89.1dB @  30Hz   15
101.9dB  1839W  90.2dB @  32Hz   14
102.9dB  1841W  91.2dB @  34Hz   13
103.9dB  1842W  92.2dB @  36Hz   12
104.9dB  1844W  93.2dB @  38Hz   11
105.8dB  1845W  94.1dB @  40Hz   10
106.6dB  1846W  94.9dB @  42Hz   10
107.4dB  1848W  95.7dB @  44Hz    9
108.2dB  1849W  96.5dB @  46Hz    8
108.9dB  1850W  97.2dB @  48Hz    7
