-------------
18 HP 1030 A
      98.0dB                           1200W
Rpre   Spl      qtc    Vb     SplMech Pmech SplEle      f3

0.20  93.8dB:   0.5  465.4l: (127.8dB  4019W 122.5dB) @  59Hz
                0.6  172.2l: (126.7dB  3184W 122.5dB) @  56Hz
                0.7   98.7l: (126.8dB  3221W 122.5dB) @  56Hz
                0.8   66.1l: (128.2dB  4457W 122.5dB) @  60Hz
                0.9   48.1l: (128.7dB  4982W 122.5dB) @  62Hz
                1.0   36.9l: (129.2dB  5665W 122.5dB) @  64Hz
                1.1   29.3l: (130.0dB  6738W 122.5dB) @  67Hz
                1.1   29.3l: (127.1dB  3492W 122.5dB) @  57Hz (  778uF)

0.60  93.4dB:   0.5  957.9l: (126.5dB  3254W 122.2dB) @  55Hz
                0.6  237.1l: (125.5dB  2578W 122.2dB) @  52Hz
                0.7  125.5l: (125.6dB  2609W 122.2dB) @  52Hz
                0.8   81.3l: (127.0dB  3609W 122.2dB) @  56Hz
                0.9   58.1l: (127.4dB  4034W 122.2dB) @  58Hz
                1.0   44.1l: (128.0dB  4588W 122.2dB) @  60Hz
                1.1   34.8l: (128.8dB  5457W 122.2dB) @  62Hz
                1.1   34.8l: (125.9dB  2828W 122.2dB) @  53Hz (  835uF)

1.00  93.1dB:   0.6  341.2l: (124.4dB  2120W 121.9dB) @  48Hz
                0.7  160.9l: (124.4dB  2145W 121.9dB) @  49Hz
                0.8   99.9l: (125.8dB  2968W 121.9dB) @  53Hz
                0.9   69.9l: (126.3dB  3318W 121.9dB) @  54Hz
                1.0   52.3l: (126.9dB  3773W 121.9dB) @  56Hz
                1.1   41.0l: (127.6dB  4487W 121.9dB) @  58Hz
                1.1   41.0l: (124.8dB  2326W 121.9dB) @  50Hz (  892uF)

-------------
6FE100
      91.0dB                            100W
Rpre   Spl      qtc    Vb     SplMech Pmech SplEle      f3

0.20  89.0dB:   0.6  106.3l: (105.5dB    67W 107.2dB) @  74Hz
                0.7   26.0l: (105.6dB    68W 107.2dB) @  74Hz
                0.8   13.9l: (107.0dB    94W 107.2dB) @  81Hz
                0.9    9.1l: (107.4dB   105W 107.2dB) @  83Hz
                1.0    6.6l: (108.0dB   119W 107.2dB) @  85Hz
                1.1    5.0l: (108.8dB   142W 107.2dB) @  89Hz
                1.1    5.0l: (105.9dB    73W 107.2dB) @  76Hz (  541uF)

0.60  88.7dB:   0.7   39.0l: (104.5dB    57W 106.9dB) @  70Hz
                0.8   18.1l: (105.9dB    78W 106.9dB) @  76Hz
                0.9   11.3l: (106.4dB    88W 106.9dB) @  78Hz
                1.0    7.9l: (106.9dB   100W 106.9dB) @  80Hz
                1.1    6.0l: (107.7dB   118W 106.9dB) @  84Hz
                1.1    6.0l: (104.8dB    61W 106.9dB) @  71Hz (  576uF)

1.00  88.4dB:   0.7   66.4l: (103.5dB    48W 106.7dB) @  66Hz
                0.8   24.2l: (104.9dB    66W 106.7dB) @  71Hz
                0.9   14.0l: (105.4dB    74W 106.7dB) @  73Hz
                1.0    9.6l: (105.9dB    84W 106.7dB) @  76Hz
                1.1    7.1l: (106.7dB   100W 106.7dB) @  79Hz
                1.1    7.1l: (103.8dB    52W 106.7dB) @  67Hz (  610uF)

