-------------
18 HP 1030 A                           98.0dB 1200W                     3x100mm
Rpre   Spl
      Vb      fb         SplMech Pmech  SplEle     f3       dv       lv

0.20  93.8dB --------------------------------------------------------------
   151.6l @  35.8Hz  =>  123.3dB 1436W 122.5dB @  36.2Hz   3x100mm   251 mm 
   169.8l @  34.5Hz  =>  122.3dB 1145W 122.5dB @  34.2Hz   3x100mm   210 mm 
   190.2l @  33.3Hz  =>  121.3dB  912W 122.5dB @  32.3Hz   3x100mm   174 mm 
*  213.0l @  32.1Hz  =>  120.3dB  727W 122.5dB @  30.5Hz   3x100mm   142 mm 
   238.6l @  30.9Hz  =>  119.3dB  580W 122.5dB @  28.8Hz   3x100mm   113 mm 
   267.2l @  29.8Hz  =>  118.4dB  462W 122.5dB @  27.3Hz   3x100mm    88 mm 
   299.3l @  28.8Hz  =>  117.4dB  369W 122.5dB @  25.8Hz   3x100mm    65 mm 
   335.2l @  27.7Hz  =>  116.4dB  294W 122.5dB @  24.3Hz   3x100mm    44 mm 
   375.4l @  26.8Hz  =>  115.4dB  234W 122.5dB @  23.0Hz   3x100mm    26 mm 
   420.5l @  25.8Hz  =>  114.4dB  187W 122.5dB @  21.7Hz + 4x100mm    36 mm 
   470.9l @  24.9Hz  =>  113.4dB  149W 122.5dB @  20.5Hz + 5x100mm    40 mm 
   527.4l @  24.0Hz  =>  112.5dB  119W 122.5dB @  19.4Hz + 6x100mm    38 mm 
0.60  93.4dB --------------------------------------------------------------
   186.0l @  33.5Hz  =>  121.5dB 1027W 122.2dB @  32.7Hz   3x100mm   181 mm 
   208.4l @  32.3Hz  =>  120.5dB  819W 122.2dB @  30.9Hz   3x100mm   148 mm 
   233.4l @  31.1Hz  =>  119.5dB  653W 122.2dB @  29.2Hz   3x100mm   119 mm 
*  261.4l @  30.0Hz  =>  118.6dB  520W 122.2dB @  27.6Hz   3x100mm    92 mm 
   292.7l @  29.0Hz  =>  117.6dB  415W 122.2dB @  26.0Hz   3x100mm    69 mm 
   327.8l @  27.9Hz  =>  116.6dB  331W 122.2dB @  24.6Hz   3x100mm    48 mm 
   367.2l @  26.9Hz  =>  115.6dB  264W 122.2dB @  23.3Hz   3x100mm    29 mm 
1.00  93.1dB --------------------------------------------------------------
   224.9l @  31.5Hz  =>  119.9dB  753W 121.9dB @  29.7Hz   3x100mm   128 mm 
   251.9l @  30.4Hz  =>  118.9dB  600W 121.9dB @  28.1Hz   3x100mm   101 mm 
   282.1l @  29.3Hz  =>  117.9dB  478W 121.9dB @  26.5Hz   3x100mm    76 mm 
*  316.0l @  28.3Hz  =>  116.9dB  381W 121.9dB @  25.1Hz   3x100mm    54 mm 
   353.9l @  27.3Hz  =>  115.9dB  304W 121.9dB @  23.7Hz   3x100mm    35 mm 
   396.4l @  26.3Hz  =>  114.9dB  242W 121.9dB @  22.4Hz + 4x100mm    47 mm 
   444.0l @  25.4Hz  =>  113.9dB  193W 121.9dB @  21.1Hz + 4x100mm    26 mm 
-------------
6FE100                                 91.0dB  100W                      1x70mm
Rpre   Spl
      Vb      fb         SplMech Pmech  SplEle     f3       dv       lv

0.20  89.0dB --------------------------------------------------------------
    28.6l @  48.7Hz  =>  100.0dB   19W 107.2dB @  42.8Hz   1x70mm     57 mm 
    32.0l @  46.9Hz  =>   99.0dB   15W 107.2dB @  40.5Hz   1x70mm     45 mm 
    35.8l @  45.3Hz  =>   98.0dB   12W 107.2dB @  38.3Hz   1x70mm     35 mm 
*   40.2l @  43.6Hz  =>   97.1dB   10W 107.2dB @  36.1Hz   1x70mm     26 mm 
    45.0l @  42.1Hz  =>   96.1dB    8W 107.2dB @  34.2Hz + 1x100mm    67 mm 
    50.4l @  40.6Hz  =>   95.1dB    6W 107.2dB @  32.3Hz + 1x100mm    52 mm 
    56.4l @  39.1Hz  =>   94.1dB    5W 107.2dB @  30.5Hz + 1x100mm    38 mm 
0.60  88.7dB --------------------------------------------------------------
    34.2l @  46.0Hz  =>   98.5dB   14W 106.9dB @  39.2Hz   1x70mm     39 mm 
    38.3l @  44.3Hz  =>   97.5dB   11W 106.9dB @  37.0Hz   1x70mm     29 mm 
    42.9l @  42.7Hz  =>   96.5dB    9W 106.9dB @  35.0Hz   1x70mm     21 mm 
*   48.0l @  41.2Hz  =>   95.5dB    7W 106.9dB @  33.1Hz + 1x100mm    58 mm 
    53.8l @  39.7Hz  =>   94.5dB    6W 106.9dB @  31.2Hz + 1x100mm    44 mm 
    60.2l @  38.3Hz  =>   93.5dB    5W 106.9dB @  29.5Hz + 1x100mm    31 mm 
    67.5l @  37.0Hz  =>   92.5dB    4W 106.9dB @  27.9Hz + 1x100mm    20 mm 
1.00  88.4dB --------------------------------------------------------------
    40.4l @  43.6Hz  =>   97.0dB   11W 106.7dB @  36.1Hz   1x70mm     25 mm 
    45.2l @  42.0Hz  =>   96.0dB    9W 106.7dB @  34.1Hz + 1x100mm    66 mm 
    50.6l @  40.5Hz  =>   95.0dB    7W 106.7dB @  32.2Hz + 1x100mm    51 mm 
*   56.7l @  39.1Hz  =>   94.1dB    5W 106.7dB @  30.4Hz + 1x100mm    38 mm 
    63.5l @  37.7Hz  =>   93.1dB    4W 106.7dB @  28.7Hz + 1x100mm    26 mm 
    71.1l @  36.3Hz  =>   92.1dB    3W 106.7dB @  27.2Hz + 2x100mm    73 mm 
    79.6l @  35.1Hz  =>   91.1dB    3W 106.7dB @  25.7Hz + 2x100mm    54 mm 
