-------------
Sovereign 18-500
      96.0dB                            500W
Rpre   Spl      qtc    Vb     SplMech Pmech SplEle      f3

0.20  94.8dB:   0.7  785.0l: (118.4dB   339W 120.0dB) @  39Hz
                0.8  392.4l: (119.8dB   470W 120.0dB) @  42Hz
                0.9  250.4l: (120.3dB   525W 120.0dB) @  43Hz
                1.0  178.3l: (120.8dB   597W 120.0dB) @  45Hz
                1.1  135.3l: (121.6dB   710W 120.0dB) @  47Hz
                1.1  135.3l: (118.7dB   368W 120.0dB) @  40Hz ( 1054uF)

0.60  94.5dB:   0.8  531.9l: (118.6dB   387W 119.7dB) @  39Hz
                0.9  317.8l: (119.1dB   433W 119.7dB) @  41Hz
                1.0  219.2l: (119.7dB   493W 119.7dB) @  42Hz
                1.1  163.2l: (120.4dB   586W 119.7dB) @  44Hz
                1.1  163.2l: (117.6dB   304W 119.7dB) @  37Hz ( 1125uF)

1.00  94.3dB:   0.8  750.8l: (117.6dB   324W 119.5dB) @  37Hz
                0.9  407.6l: (118.1dB   362W 119.5dB) @  38Hz
                1.0  269.8l: (118.6dB   412W 119.5dB) @  39Hz
                1.1  196.4l: (119.4dB   490W 119.5dB) @  41Hz
                1.1  196.4l: (116.5dB   254W 119.5dB) @  35Hz ( 1196uF)

