-------------
Sovereign 18-500
      96.0dB                            500W
SplMech  Pmech SplEle     f3

103.0dB   441W 103.5dB @  16Hz   17
105.0dB   442W 105.5dB @  18Hz   14
106.8dB   443W 107.4dB @  20Hz   13
108.5dB   443W 109.0dB @  22Hz   11
110.0dB   444W 110.5dB @  24Hz   10
111.4dB   444W 111.9dB @  26Hz    8
112.7dB   445W 113.2dB @  28Hz    7
113.9dB   445W 114.4dB @  30Hz    6
115.0dB   446W 115.5dB @  32Hz    5
116.1dB   446W 116.6dB @  34Hz    3
117.0dB   446W 117.5dB @  36Hz    2
118.0dB   447W 118.5dB @  38Hz    2
118.9dB   447W 119.4dB @  40Hz    1
119.7dB   447W 120.2dB @  42Hz   -0
120.5dB   448W 121.0dB @  44Hz   -1
121.3dB   448W 121.8dB @  46Hz   -2
122.0dB   448W 122.5dB @  48Hz   -2
-------------
Colossus 18XB
      99.0dB                           1000W
SplMech  Pmech SplEle     f3

102.9dB  2434W  99.0dB @  16Hz   26
104.9dB  2438W 101.1dB @  18Hz   23
106.8dB  2442W 102.9dB @  20Hz   22
108.4dB  2445W 104.5dB @  22Hz   20
109.9dB  2448W 106.0dB @  24Hz   19
111.3dB  2450W 107.4dB @  26Hz   17
112.6dB  2453W 108.7dB @  28Hz   16
113.8dB  2455W 109.9dB @  30Hz   15
114.9dB  2457W 111.0dB @  32Hz   14
116.0dB  2459W 112.1dB @  34Hz   12
117.0dB  2461W 113.1dB @  36Hz   11
117.9dB  2463W 114.0dB @  38Hz   11
118.8dB  2465W 114.9dB @  40Hz   10
119.6dB  2466W 115.7dB @  42Hz    9
120.5dB  2468W 116.5dB @  44Hz    8
121.2dB  2470W 117.3dB @  46Hz    7
122.0dB  2471W 118.0dB @  48Hz    7
