-------------
Sovereign 18-500                       96.0dB  500W                     3x100mm
Rpre   Spl         Vb      fb         SplMech Pmech  SplEle     f3       dv       lv




-------------
Colossus 18XB                          99.0dB 1000W                     3x100mm
Rpre   Spl         Vb      fb         SplMech Pmech  SplEle     f3       dv       lv

0.20  95.5dB:   118.6l @  41.1Hz  =>  125.4dB 1224W 124.5dB @  46.5Hz   3x100mm   416 mm 
                132.9l @  39.7Hz  =>  124.4dB  976W 124.5dB @  44.0Hz   3x100mm   358 mm 
                148.8l @  38.2Hz  =>  123.5dB  778W 124.5dB @  41.6Hz   3x100mm   306 mm 
             *  166.7l @  36.9Hz  =>  122.5dB  620W 124.5dB @  39.3Hz   3x100mm   259 mm 
                186.7l @  35.6Hz  =>  121.5dB  494W 124.5dB @  37.1Hz   3x100mm   218 mm 
                209.1l @  34.3Hz  =>  120.5dB  394W 124.5dB @  35.1Hz   3x100mm   181 mm 
                234.2l @  33.1Hz  =>  119.5dB  314W 124.5dB @  33.1Hz   3x100mm   148 mm 
                262.3l @  31.9Hz  =>  118.5dB  250W 124.5dB @  31.3Hz   3x100mm   119 mm 
                293.8l @  30.8Hz  =>  117.6dB  200W 124.5dB @  29.6Hz   3x100mm    92 mm 
                329.0l @  29.7Hz  =>  116.6dB  159W 124.5dB @  27.9Hz   3x100mm    69 mm 
                368.5l @  28.6Hz  =>  115.6dB  127W 124.5dB @  26.4Hz   3x100mm    48 mm 
                412.7l @  27.6Hz  =>  114.6dB  101W 124.5dB @  25.0Hz   3x100mm    29 mm 
                462.2l @  26.6Hz  =>  113.6dB   81W 124.5dB @  23.6Hz + 4x100mm    40 mm 
                517.7l @  25.7Hz  =>  112.6dB   64W 124.5dB @  22.3Hz + 5x100mm    45 mm 
                579.8l @  24.8Hz  =>  111.6dB   51W 124.5dB @  21.1Hz + 5x100mm    22 mm 

0.60  95.2dB:   138.7l @  39.1Hz  =>  124.1dB  949W 124.3dB @  43.0Hz   3x100mm   337 mm 
                155.3l @  37.7Hz  =>  123.1dB  757W 124.3dB @  40.7Hz   3x100mm   288 mm 
                174.0l @  36.4Hz  =>  122.1dB  603W 124.3dB @  38.4Hz   3x100mm   243 mm 
             *  194.9l @  35.1Hz  =>  121.1dB  481W 124.3dB @  36.3Hz   3x100mm   204 mm 
                218.2l @  33.8Hz  =>  120.1dB  383W 124.3dB @  34.3Hz   3x100mm   168 mm 
                244.4l @  32.6Hz  =>  119.1dB  306W 124.3dB @  32.4Hz   3x100mm   137 mm 
                273.8l @  31.5Hz  =>  118.2dB  244W 124.3dB @  30.6Hz   3x100mm   108 mm 

1.00  95.0dB:   160.7l @  37.3Hz  =>  122.8dB  747W 124.1dB @  40.0Hz   3x100mm   274 mm 
                179.9l @  36.0Hz  =>  121.8dB  596W 124.1dB @  37.8Hz   3x100mm   231 mm 
                201.5l @  34.7Hz  =>  120.8dB  475W 124.1dB @  35.7Hz   3x100mm   193 mm 
             *  225.7l @  33.5Hz  =>  119.8dB  379W 124.1dB @  33.7Hz   3x100mm   158 mm 
                252.8l @  32.3Hz  =>  118.9dB  302W 124.1dB @  31.9Hz   3x100mm   128 mm 
                283.2l @  31.1Hz  =>  117.9dB  241W 124.1dB @  30.1Hz   3x100mm   101 mm 
                317.1l @  30.0Hz  =>  116.9dB  192W 124.1dB @  28.5Hz   3x100mm    76 mm 

