-------------
IB 18
            89.4dB           600W      3x100mm
   fu     fb      fo      SplMech  Vb1     Vb2       d         l        C
 14.3Hz  23Hz   38Hz  108.8dB 10737l + 368l  * 1x100mm  1179mm
 15.6Hz  25Hz   39Hz  110.3dB 2355l + 368l  * 1x100mm  1051mm
 16.9Hz  26Hz   40Hz  111.7dB 1256l + 368l  * 1x100mm   937mm
 18.3Hz  28Hz   42Hz  113.1dB  824l + 368l  * 1x100mm   835mm
 19.8Hz  29Hz   43Hz  114.5dB  678l + 368l  * 1x100mm   782mm
 21.5Hz  31Hz   45Hz  115.8dB  453l + 368l  * 1x100mm   663mm
 23.2Hz  33Hz   47Hz  117.2dB  357l + 368l  * 1x100mm   591mm
 25.0Hz  35Hz   49Hz  118.5dB  289l + 368l  * 1x100mm   527mm
 27.0Hz  37Hz   51Hz  119.8dB  238l + 368l  * 1x100mm   469mm
 12.1Hz  24Hz   36Hz  105.9dB 3189l + 270l  * 1x100mm  1485mm
 13.2Hz  26Hz   37Hz  107.4dB 1488l + 270l  * 1x100mm  1323mm
 14.3Hz  27Hz   38Hz  108.8dB  931l + 270l  * 1x100mm  1179mm
 15.6Hz  29Hz   39Hz  110.3dB  655l + 270l  * 1x100mm  1051mm
 16.9Hz  31Hz   40Hz  111.7dB  492l + 270l  * 1x100mm   937mm
 18.3Hz  28Hz   42Hz  113.1dB  824l + 270l  * 1x100mm  1136mm
 19.8Hz  29Hz   43Hz  114.5dB  678l + 270l  * 1x100mm  1064mm
 21.5Hz  31Hz   45Hz  115.8dB  453l + 270l  * 1x100mm   903mm
 19.9Hz  33Hz   47Hz  114.5dB  357l + 270l  * 1x100mm   804mm
 21.8Hz  35Hz   49Hz  116.1dB  289l + 270l  * 1x100mm   717mm
 27.0Hz  37Hz   51Hz  119.8dB  238l + 270l  * 1x100mm   639mm
 10.3Hz  23Hz   52Hz  103.1dB 22395l + 188l  * 1x100mm  2353mm
 11.3Hz  24Hz   53Hz  104.7dB 2697l + 188l  * 1x100mm  2097mm
 12.5Hz  26Hz   54Hz  106.4dB 1359l + 188l  * 1x100mm  1869mm
 13.7Hz  27Hz   55Hz  108.0dB  872l + 188l  * 1x100mm  1666mm
 15.0Hz  29Hz   56Hz  109.6dB  622l + 188l  * 1x100mm  1484mm
 16.4Hz  31Hz   58Hz  111.1dB  471l + 188l  * 1x100mm  1323mm
 17.9Hz  33Hz   59Hz  112.7dB  370l + 188l  * 1x100mm  1179mm
 19.6Hz  35Hz   61Hz  114.2dB  298l + 188l  * 1x100mm  1051mm
 21.3Hz  37Hz   63Hz  115.7dB  245l + 188l  * 1x100mm   937mm
 23.2Hz  39Hz   65Hz  117.2dB  204l + 188l  * 1x100mm   835mm
 25.3Hz  41Hz   67Hz  118.7dB  172l + 188l  * 1x100mm   744mm
 27.5Hz  44Hz   69Hz  120.1dB  146l + 188l  * 1x100mm   663mm
 29.8Hz  46Hz   71Hz  121.5dB  125l + 188l  * 1x100mm   591mm
 32.3Hz  49Hz   74Hz  122.9dB  108l + 188l  * 1x100mm   527mm
 35.0Hz  52Hz   76Hz  124.3dB   93l + 188l  * 1x100mm   469mm
-------------
IB 15
            90.0dB           250W      2x100mm
   fu     fb      fo      SplMech  Vb1     Vb2       d         l        C
 14.8Hz  25Hz   44Hz  103.2dB 3045l + 197l  * 1x70mm    906mm
 16.2Hz  27Hz   45Hz  104.7dB 1218l + 197l  * 1x70mm    807mm
 17.6Hz  29Hz   46Hz  106.2dB  728l + 197l  * 1x70mm    720mm
 19.1Hz  30Hz   48Hz  107.6dB  501l + 197l  * 1x70mm    641mm
 20.7Hz  32Hz   50Hz  109.0dB  372l + 197l  * 1x70mm    572mm
 22.5Hz  34Hz   51Hz  110.4dB  288l + 197l  * 1x70mm    509mm
 24.3Hz  35Hz   53Hz  111.8dB  253l + 197l  * 1x70mm    477mm
 26.3Hz  38Hz   55Hz  113.2dB  188l + 197l  * 1x70mm    405mm
 28.4Hz  40Hz   57Hz  114.5dB  155l + 197l  - 1x100mm   736mm
 30.7Hz  43Hz   60Hz  115.9dB  130l + 197l  - 1x100mm   656mm
 33.1Hz  45Hz   62Hz  117.2dB  110l + 197l  - 1x100mm   585mm
 11.4Hz  25Hz   40Hz   98.7dB 5515l + 144l  * 1x70mm   1280mm
 12.5Hz  26Hz   41Hz  100.2dB 1525l + 144l  * 1x70mm   1141mm
 13.6Hz  28Hz   42Hz  101.7dB  841l + 144l  * 1x70mm   1016mm
 14.8Hz  30Hz   44Hz  103.2dB  560l + 144l  * 1x70mm    906mm
 16.2Hz  31Hz   45Hz  104.7dB  407l + 144l  * 1x70mm    807mm
 17.6Hz  33Hz   46Hz  106.2dB  312l + 144l  * 1x70mm    720mm
 19.1Hz  35Hz   48Hz  107.6dB  247l + 144l  * 1x70mm    641mm
 20.7Hz  37Hz   50Hz  109.0dB  200l + 144l  * 1x70mm    572mm
 22.5Hz  34Hz   51Hz  110.4dB  288l + 144l  * 1x70mm    693mm
 24.3Hz  35Hz   53Hz  111.8dB  253l + 144l  * 1x70mm    649mm
 26.3Hz  38Hz   55Hz  113.2dB  188l + 144l  * 1x70mm    551mm
 24.4Hz  40Hz   57Hz  111.9dB  155l + 144l  * 1x70mm    491mm
 26.7Hz  43Hz   60Hz  113.4dB  130l + 144l  * 1x70mm    438mm
 33.1Hz  45Hz   62Hz  117.2dB  110l + 144l  - 1x100mm   796mm
 10.4Hz  25Hz   61Hz   97.1dB 3881l + 100l  * 1x70mm   1807mm
 11.5Hz  27Hz   62Hz   98.8dB 1350l + 100l  * 1x70mm   1611mm
 12.6Hz  28Hz   63Hz  100.4dB  779l + 100l  * 1x70mm   1436mm
 13.9Hz  30Hz   65Hz  102.1dB  528l + 100l  * 1x70mm   1280mm
 15.3Hz  32Hz   66Hz  103.7dB  388l + 100l  * 1x70mm   1141mm
 16.8Hz  34Hz   68Hz  105.3dB  299l + 100l  * 1x70mm   1016mm
 18.4Hz  36Hz   69Hz  106.9dB  238l + 100l  * 1x70mm    906mm
 20.1Hz  38Hz   71Hz  108.5dB  193l + 100l  * 1x70mm    807mm
 22.0Hz  40Hz   73Hz  110.1dB  160l + 100l  * 1x70mm    720mm
 24.0Hz  42Hz   75Hz  111.6dB  134l + 100l  * 1x70mm    641mm
 26.2Hz  45Hz   77Hz  113.1dB  113l + 100l  * 1x70mm    572mm
 28.5Hz  48Hz   79Hz  114.6dB   96l + 100l  * 1x70mm    509mm
 31.0Hz  50Hz   82Hz  116.0dB   83l + 100l  * 1x70mm    454mm
 33.7Hz  53Hz   84Hz  117.5dB   71l + 100l  * 1x70mm    405mm
 36.5Hz  56Hz   87Hz  118.9dB   62l + 100l  - 1x100mm   736mm
 39.6Hz  60Hz   90Hz  120.3dB   54l + 100l  - 1x100mm   656mm
 42.9Hz  63Hz   94Hz  121.7dB   47l + 100l  - 1x100mm   585mm
