-------------
13W7653
      90.6dB                            200W
Rpre   Spl      qtc    Vb     SplMech Pmech SplEle      f3

0.20  90.1dB:   0.5   66.7l: (121.2dB  3219W 109.1dB) @  81Hz
                0.6   27.9l: (120.2dB  2550W 109.1dB) @  76Hz
                0.7   16.5l: (120.3dB  2580W 109.1dB) @  76Hz
                0.8   11.3l: (121.7dB  3570W 109.1dB) @  83Hz
                0.9    8.3l: (122.1dB  3991W 109.1dB) @  85Hz
                1.0    6.4l: (122.7dB  4538W 109.1dB) @  88Hz
                1.1    5.1l: (123.5dB  5398W 109.1dB) @  92Hz
                1.1    5.1l: (120.6dB  2798W 109.1dB) @  78Hz (  888uF)

0.60  89.6dB:   0.5  161.2l: (119.4dB  2387W 108.7dB) @  73Hz
                0.6   43.1l: (118.4dB  1891W 108.7dB) @  69Hz
                0.7   23.1l: (118.5dB  1913W 108.7dB) @  69Hz
                0.8   15.1l: (119.9dB  2647W 108.7dB) @  75Hz
                0.9   10.8l: (120.4dB  2959W 108.7dB) @  77Hz
                1.0    8.2l: (120.9dB  3365W 108.7dB) @  79Hz
                1.1    6.5l: (121.7dB  4002W 108.7dB) @  83Hz
                1.1    6.5l: (118.8dB  2074W 108.7dB) @  70Hz (  983uF)

1.00  89.2dB:   0.6   72.0l: (116.8dB  1449W 108.2dB) @  63Hz
                0.7   32.7l: (116.9dB  1466W 108.2dB) @  63Hz
                0.8   20.1l: (118.3dB  2029W 108.2dB) @  68Hz
                0.9   13.9l: (118.8dB  2268W 108.2dB) @  70Hz
                1.0   10.4l: (119.3dB  2579W 108.2dB) @  72Hz
                1.1    8.1l: (120.1dB  3067W 108.2dB) @  76Hz
                1.1    8.1l: (117.2dB  1590W 108.2dB) @  64Hz ( 1078uF)

