-------------
5W3211B                                87.2dB   50W                      1x50mm
Rpre   Spl         Vb      fb         SplMech Pmech  SplEle     f3       dv       lv

0.20  87.1dB:     8.9l @  52.8Hz  =>  101.2dB   31W 103.2dB @  56.7Hz   1x50mm    266 mm 
                 10.1l @  50.8Hz  =>  100.1dB   24W 103.2dB @  53.3Hz   1x50mm    231 mm 
             *   11.4l @  48.9Hz  =>   99.0dB   19W 103.2dB @  50.2Hz   1x50mm    200 mm 
                 12.9l @  47.0Hz  =>   98.0dB   15W 103.2dB @  47.2Hz   1x50mm    173 mm 
                 14.5l @  45.2Hz  =>   96.9dB   12W 103.2dB @  44.4Hz   1x50mm    149 mm 

0.60  86.8dB:    10.4l @  50.4Hz  =>   99.9dB   25W 103.0dB @  52.6Hz   1x50mm    224 mm 
                 11.7l @  48.4Hz  =>   98.8dB   19W 103.0dB @  49.5Hz   1x50mm    194 mm 
             *   13.2l @  46.6Hz  =>   97.7dB   15W 103.0dB @  46.6Hz   1x50mm    167 mm 
                 14.9l @  44.8Hz  =>   96.7dB   12W 103.0dB @  43.8Hz   1x50mm    144 mm 
                 16.9l @  43.1Hz  =>   95.6dB    9W 103.0dB @  41.2Hz   1x50mm    123 mm 

1.00  86.6dB:    11.9l @  48.1Hz  =>   98.6dB   20W 102.7dB @  49.0Hz   1x50mm    190 mm 
                 13.5l @  46.3Hz  =>   97.6dB   15W 102.7dB @  46.1Hz   1x50mm    164 mm 
             *   15.2l @  44.5Hz  =>   96.5dB   12W 102.7dB @  43.4Hz   1x50mm    141 mm 
                 17.2l @  42.8Hz  =>   95.5dB    9W 102.7dB @  40.8Hz   1x50mm    120 mm 
                 19.4l @  41.2Hz  =>   94.4dB    7W 102.7dB @  38.4Hz   1x50mm    102 mm 

-------------
6W4311B                                87.8dB   90W                      1x70mm
Rpre   Spl         Vb      fb         SplMech Pmech  SplEle     f3       dv       lv

0.20  88.9dB:    29.0l @  45.4Hz  =>  103.0dB   25W 108.5dB @  41.9Hz   1x70mm     93 mm 
                 32.8l @  43.6Hz  =>  101.9dB   19W 108.5dB @  39.4Hz   1x70mm     77 mm 
             *   37.1l @  41.9Hz  =>  100.8dB   15W 108.5dB @  37.0Hz   1x70mm     62 mm 
                 41.9l @  40.3Hz  =>   99.8dB   12W 108.5dB @  34.8Hz   1x70mm     49 mm 
                 47.3l @  38.8Hz  =>   98.7dB    9W 108.5dB @  32.8Hz   1x70mm     37 mm 

0.60  88.7dB:    32.9l @  43.6Hz  =>  101.9dB   20W 108.3dB @  39.3Hz   1x70mm     76 mm 
                 37.2l @  41.9Hz  =>  100.8dB   16W 108.3dB @  37.0Hz   1x70mm     62 mm 
             *   42.0l @  40.3Hz  =>   99.7dB   12W 108.3dB @  34.8Hz   1x70mm     49 mm 
                 47.5l @  38.7Hz  =>   98.7dB   10W 108.3dB @  32.7Hz   1x70mm     37 mm 
                 53.7l @  37.3Hz  =>   97.6dB    8W 108.3dB @  30.8Hz   1x70mm     27 mm 

1.00  88.5dB:    37.1l @  41.9Hz  =>  100.8dB   17W 108.1dB @  37.0Hz   1x70mm     62 mm 
                 41.9l @  40.3Hz  =>   99.8dB   13W 108.1dB @  34.8Hz   1x70mm     49 mm 
             *   47.4l @  38.8Hz  =>   98.7dB   10W 108.1dB @  32.8Hz   1x70mm     37 mm 
                 53.5l @  37.3Hz  =>   97.6dB    8W 108.1dB @  30.8Hz   1x70mm     27 mm 
                 60.5l @  35.9Hz  =>   96.6dB    6W 108.1dB @  29.0Hz + 1x100mm    68 mm 

-------------
7W4411                                 88.0dB   90W                      1x70mm
Rpre   Spl         Vb      fb         SplMech Pmech  SplEle     f3       dv       lv

0.20  89.0dB:    25.0l @  43.5Hz  =>  107.1dB   65W 108.4dB @  46.0Hz   1x70mm    243 mm 
                 28.3l @  41.9Hz  =>  106.0dB   51W 108.4dB @  43.3Hz   1x70mm    209 mm 
             *   31.9l @  40.3Hz  =>  104.9dB   40W 108.4dB @  40.7Hz   1x70mm    179 mm 
                 36.1l @  38.7Hz  =>  103.9dB   31W 108.4dB @  38.3Hz   1x70mm    153 mm 
                 40.8l @  37.2Hz  =>  102.8dB   25W 108.4dB @  36.0Hz   1x70mm    129 mm 

0.60  88.8dB:    28.5l @  41.7Hz  =>  105.9dB   53W 108.2dB @  43.0Hz   1x70mm    206 mm 
                 32.3l @  40.1Hz  =>  104.8dB   41W 108.2dB @  40.5Hz   1x70mm    177 mm 
             *   36.4l @  38.6Hz  =>  103.8dB   32W 108.2dB @  38.1Hz   1x70mm    151 mm 
                 41.2l @  37.1Hz  =>  102.7dB   25W 108.2dB @  35.8Hz   1x70mm    127 mm 
                 46.5l @  35.7Hz  =>  101.7dB   20W 108.2dB @  33.7Hz   1x70mm    107 mm 

1.00  88.6dB:    32.4l @  40.1Hz  =>  104.8dB   43W 108.0dB @  40.4Hz   1x70mm    176 mm 
                 36.6l @  38.6Hz  =>  103.8dB   34W 108.0dB @  38.0Hz   1x70mm    150 mm 
             *   41.3l @  37.1Hz  =>  102.7dB   26W 108.0dB @  35.8Hz   1x70mm    127 mm 
                 46.7l @  35.7Hz  =>  101.6dB   21W 108.0dB @  33.7Hz   1x70mm    106 mm 
                 52.8l @  34.3Hz  =>  100.6dB   16W 108.0dB @  31.7Hz   1x70mm     88 mm 

-------------
11V7512D                               89.4dB  225W                     1x100mm
Rpre   Spl         Vb      fb         SplMech Pmech  SplEle     f3       dv       lv

0.20  89.3dB:    50.6l @  33.6Hz  =>  114.4dB  450W 111.4dB @  40.1Hz   1x100mm   700 mm 
                 57.2l @  32.3Hz  =>  113.3dB  352W 111.4dB @  37.8Hz   1x100mm   611 mm 
             *   64.6l @  31.1Hz  =>  112.3dB  276W 111.4dB @  35.5Hz   1x100mm   532 mm 
                 73.0l @  29.9Hz  =>  111.2dB  216W 111.4dB @  33.4Hz   1x100mm   462 mm 
                 82.5l @  28.7Hz  =>  110.1dB  169W 111.4dB @  31.4Hz   1x100mm   401 mm 

0.60  89.0dB:    58.9l @  32.0Hz  =>  113.1dB  354W 111.1dB @  37.2Hz   1x100mm   591 mm 
                 66.6l @  30.8Hz  =>  112.0dB  278W 111.1dB @  35.0Hz   1x100mm   515 mm 
             *   75.2l @  29.6Hz  =>  110.9dB  217W 111.1dB @  32.9Hz   1x100mm   447 mm 
                 85.0l @  28.5Hz  =>  109.9dB  170W 111.1dB @  31.0Hz   1x100mm   387 mm 
                 96.0l @  27.4Hz  =>  108.8dB  133W 111.1dB @  29.1Hz   1x100mm   334 mm 

1.00  88.7dB:    67.8l @  30.6Hz  =>  111.8dB  284W 110.8dB @  34.7Hz   1x100mm   504 mm 
                 76.6l @  29.4Hz  =>  110.8dB  223W 110.8dB @  32.6Hz   1x100mm   437 mm 
             *   86.6l @  28.3Hz  =>  109.7dB  174W 110.8dB @  30.7Hz   1x100mm   379 mm 
                 97.8l @  27.2Hz  =>  108.7dB  136W 110.8dB @  28.9Hz   1x100mm   327 mm 
                110.6l @  26.2Hz  =>  107.6dB  107W 110.8dB @  27.2Hz   1x100mm   281 mm 

-------------
13V7512D                               90.9dB  250W                     2x100mm
Rpre   Spl         Vb      fb         SplMech Pmech  SplEle     f3       dv       lv

0.20  90.7dB:   176.1l @  25.1Hz  =>  113.1dB  236W 113.3dB @  29.5Hz   2x100mm   637 mm 
                199.0l @  24.2Hz  =>  112.0dB  184W 113.3dB @  27.7Hz   2x100mm   552 mm 
             *  224.8l @  23.2Hz  =>  110.9dB  144W 113.3dB @  26.1Hz   2x100mm   476 mm 
                254.1l @  22.3Hz  =>  109.9dB  113W 113.3dB @  24.5Hz   2x100mm   410 mm 
                287.1l @  21.5Hz  =>  108.8dB   89W 113.3dB @  23.1Hz   2x100mm   351 mm 
                324.4l @  20.7Hz  =>  107.8dB   69W 113.3dB @  21.7Hz   2x100mm   298 mm 
                366.6l @  19.9Hz  =>  106.7dB   54W 113.3dB @  20.4Hz   2x100mm   252 mm 
                414.3l @  19.1Hz  =>  105.6dB   43W 113.3dB @  19.2Hz   2x100mm   211 mm 
                468.1l @  18.4Hz  =>  104.6dB   33W 113.3dB @  18.1Hz   2x100mm   175 mm 
                529.0l @  17.7Hz  =>  103.5dB   26W 113.3dB @  17.0Hz   2x100mm   143 mm 
                597.7l @  17.0Hz  =>  102.4dB   20W 113.3dB @  16.0Hz   2x100mm   115 mm 
                675.5l @  16.3Hz  =>  101.4dB   16W 113.3dB @  15.1Hz   2x100mm    90 mm 
                763.3l @  15.7Hz  =>  100.3dB   13W 113.3dB @  14.2Hz   2x100mm    68 mm 
                862.5l @  15.1Hz  =>   99.3dB   10W 113.3dB @  13.3Hz   2x100mm    48 mm 
                974.6l @  14.5Hz  =>   98.2dB    8W 113.3dB @  12.5Hz   2x100mm    31 mm 
               1101.3l @  14.0Hz  =>   97.1dB    6W 113.3dB @  11.8Hz + 3x100mm    52 mm 
               1244.5l @  13.4Hz  =>   96.1dB    5W 113.3dB @  11.1Hz + 3x100mm    31 mm 
               1406.3l @  12.9Hz  =>   95.0dB    4W 113.3dB @  10.4Hz + 4x100mm    40 mm 
               1589.1l @  12.4Hz  =>   94.0dB    3W 113.3dB @   9.8Hz + 5x100mm    43 mm 
               1795.7l @  12.0Hz  =>   92.9dB    2W 113.3dB @   9.2Hz + 6x100mm    40 mm 

0.60  90.5dB:   205.1l @  23.9Hz  =>  111.7dB  185W 113.0dB @  27.3Hz   2x100mm   532 mm 
                231.8l @  23.0Hz  =>  110.7dB  145W 113.0dB @  25.7Hz   2x100mm   459 mm 
             *  261.9l @  22.1Hz  =>  109.6dB  114W 113.0dB @  24.2Hz   2x100mm   394 mm 
                296.0l @  21.3Hz  =>  108.6dB   89W 113.0dB @  22.7Hz   2x100mm   337 mm 
                334.4l @  20.5Hz  =>  107.5dB   70W 113.0dB @  21.4Hz   2x100mm   286 mm 

1.00  90.2dB:   236.4l @  22.9Hz  =>  110.5dB  148W 112.8dB @  25.5Hz   2x100mm   448 mm 
                267.1l @  22.0Hz  =>  109.4dB  116W 112.8dB @  23.9Hz   2x100mm   385 mm 
             *  301.8l @  21.1Hz  =>  108.4dB   91W 112.8dB @  22.5Hz   2x100mm   329 mm 
                341.0l @  20.3Hz  =>  107.3dB   71W 112.8dB @  21.2Hz   2x100mm   279 mm 
                385.4l @  19.6Hz  =>  106.3dB   56W 112.8dB @  19.9Hz   2x100mm   235 mm 

-------------
13WX                                   90.9dB  175W                     2x100mm
Rpre   Spl         Vb      fb         SplMech Pmech  SplEle     f3       dv       lv

0.20  90.8dB:    64.4l @  37.3Hz  =>  115.6dB  395W 112.1dB @  39.5Hz   2x100mm   537 mm 
                 72.8l @  35.8Hz  =>  114.6dB  309W 112.1dB @  37.2Hz   2x100mm   463 mm 
             *   82.2l @  34.5Hz  =>  113.5dB  242W 112.1dB @  35.0Hz   2x100mm   398 mm 
                 92.9l @  33.1Hz  =>  112.5dB  190W 112.1dB @  32.9Hz   2x100mm   340 mm 
                105.0l @  31.9Hz  =>  111.4dB  148W 112.1dB @  30.9Hz   2x100mm   289 mm 
                118.7l @  30.6Hz  =>  110.3dB  116W 112.1dB @  29.1Hz   2x100mm   244 mm 
                134.1l @  29.5Hz  =>  109.3dB   91W 112.1dB @  27.4Hz   2x100mm   204 mm 
                151.5l @  28.3Hz  =>  108.2dB   71W 112.1dB @  25.8Hz   2x100mm   169 mm 
                171.2l @  27.3Hz  =>  107.1dB   56W 112.1dB @  24.2Hz   2x100mm   138 mm 
                193.5l @  26.2Hz  =>  106.1dB   44W 112.1dB @  22.8Hz   2x100mm   110 mm 
                218.6l @  25.2Hz  =>  105.0dB   34W 112.1dB @  21.4Hz   2x100mm    85 mm 
                247.1l @  24.2Hz  =>  104.0dB   27W 112.1dB @  20.2Hz   2x100mm    64 mm 
                279.2l @  23.3Hz  =>  102.9dB   21W 112.1dB @  19.0Hz   2x100mm    45 mm 
                315.5l @  22.4Hz  =>  101.8dB   16W 112.1dB @  17.8Hz   2x100mm    28 mm 
                356.5l @  21.6Hz  =>  100.8dB   13W 112.1dB @  16.8Hz + 3x100mm    48 mm 
                402.8l @  20.7Hz  =>   99.7dB   10W 112.1dB @  15.8Hz + 3x100mm    28 mm 
                455.2l @  19.9Hz  =>   98.7dB    8W 112.1dB @  14.9Hz + 4x100mm    36 mm 
                514.4l @  19.2Hz  =>   97.6dB    6W 112.1dB @  14.0Hz + 5x100mm    38 mm 
                581.2l @  18.4Hz  =>   96.5dB    5W 112.1dB @  13.1Hz + 6x100mm    35 mm 

0.60  90.5dB:    74.8l @  35.5Hz  =>  114.3dB  311W 111.8dB @  36.7Hz   2x100mm   448 mm 
                 84.5l @  34.2Hz  =>  113.3dB  244W 111.8dB @  34.5Hz   2x100mm   385 mm 
             *   95.5l @  32.9Hz  =>  112.2dB  191W 111.8dB @  32.4Hz   2x100mm   329 mm 
                107.9l @  31.6Hz  =>  111.2dB  149W 111.8dB @  30.5Hz   2x100mm   279 mm 
                121.9l @  30.4Hz  =>  110.1dB  117W 111.8dB @  28.7Hz   2x100mm   235 mm 

1.00  90.2dB:    86.0l @  34.0Hz  =>  113.1dB  249W 111.6dB @  34.2Hz   2x100mm   376 mm 
                 97.1l @  32.7Hz  =>  112.1dB  195W 111.6dB @  32.2Hz   2x100mm   321 mm 
             *  109.8l @  31.4Hz  =>  111.0dB  153W 111.6dB @  30.3Hz   2x100mm   272 mm 
                124.0l @  30.2Hz  =>  109.9dB  120W 111.6dB @  28.5Hz   2x100mm   229 mm 
                140.2l @  29.1Hz  =>  108.9dB   94W 111.6dB @  26.8Hz   2x100mm   191 mm 

-------------
15WX                                   92.4dB  225W                     2x100mm
Rpre   Spl         Vb      fb         SplMech Pmech  SplEle     f3       dv       lv

0.20  92.2dB:   208.1l @  28.0Hz  =>  114.8dB  227W 114.8dB @  30.2Hz   2x100mm   273 mm 
                235.1l @  26.9Hz  =>  113.7dB  178W 114.8dB @  28.4Hz   2x100mm   229 mm 
             *  265.7l @  25.9Hz  =>  112.7dB  139W 114.8dB @  26.7Hz   2x100mm   191 mm 
                300.2l @  24.9Hz  =>  111.6dB  109W 114.8dB @  25.1Hz   2x100mm   157 mm 
                339.3l @  23.9Hz  =>  110.5dB   85W 114.8dB @  23.7Hz   2x100mm   127 mm 
                383.4l @  23.0Hz  =>  109.5dB   67W 114.8dB @  22.3Hz   2x100mm   101 mm 
                433.2l @  22.1Hz  =>  108.4dB   52W 114.8dB @  20.9Hz   2x100mm    77 mm 
                489.5l @  21.3Hz  =>  107.4dB   41W 114.8dB @  19.7Hz   2x100mm    57 mm 
                553.2l @  20.5Hz  =>  106.3dB   32W 114.8dB @  18.5Hz   2x100mm    38 mm 
                625.1l @  19.7Hz  =>  105.2dB   25W 114.8dB @  17.4Hz   2x100mm    22 mm 
                706.3l @  18.9Hz  =>  104.2dB   20W 114.8dB @  16.4Hz + 3x100mm    40 mm 
                798.1l @  18.2Hz  =>  103.1dB   15W 114.8dB @  15.4Hz + 3x100mm    21 mm 
                901.9l @  17.5Hz  =>  102.1dB   12W 114.8dB @  14.5Hz + 4x100mm    28 mm 
               1019.1l @  16.8Hz  =>  101.0dB    9W 114.8dB @  13.6Hz + 5x100mm    30 mm 
               1151.6l @  16.2Hz  =>   99.9dB    7W 114.8dB @  12.8Hz + 6x100mm    26 mm 

0.60  92.0dB:   240.6l @  26.7Hz  =>  113.5dB  180W 114.5dB @  28.1Hz   2x100mm   222 mm 
                271.9l @  25.7Hz  =>  112.5dB  141W 114.5dB @  26.4Hz   2x100mm   184 mm 
             *  307.2l @  24.7Hz  =>  111.4dB  111W 114.5dB @  24.9Hz   2x100mm   151 mm 
                347.2l @  23.7Hz  =>  110.3dB   87W 114.5dB @  23.4Hz   2x100mm   122 mm 
                392.3l @  22.8Hz  =>  109.3dB   68W 114.5dB @  22.0Hz   2x100mm    96 mm 

1.00  91.7dB:   275.6l @  25.6Hz  =>  112.4dB  145W 114.2dB @  26.2Hz   2x100mm   180 mm 
                311.4l @  24.6Hz  =>  111.3dB  114W 114.2dB @  24.7Hz   2x100mm   148 mm 
             *  351.9l @  23.6Hz  =>  110.2dB   89W 114.2dB @  23.2Hz   2x100mm   119 mm 
                397.7l @  22.7Hz  =>  109.2dB   70W 114.2dB @  21.8Hz   2x100mm    93 mm 
                449.4l @  21.9Hz  =>  108.1dB   55W 114.2dB @  20.6Hz   2x100mm    71 mm 

