-------------
fe126e
            93.0dB            15W       1x40mm
   fu     fb      fo      SplMech  Vb1     Vb2       d         l        C
 53.8Hz 112Hz  233Hz   73.6dB    8l +   1l    1x40mm   2789mm
 59.0Hz 118Hz  238Hz   75.2dB    6l +   1l    1x40mm   2486mm
 64.7Hz 125Hz  243Hz   76.8dB    5l +   1l    1x40mm   2215mm
 70.8Hz 133Hz  250Hz   78.4dB    4l +   1l    1x40mm   1975mm
 77.4Hz 141Hz  256Hz   79.9dB    3l +   1l    1x40mm   1760mm
 84.4Hz 149Hz  263Hz   81.5dB    2l +   1l    1x40mm   1568mm
 92.1Hz 158Hz  271Hz   83.0dB    2l +   1l    1x40mm   1398mm
100.3Hz 167Hz  279Hz   84.4dB    2l +   1l    1x40mm   1246mm
109.1Hz 177Hz  288Hz   85.9dB    1l +   1l    1x40mm   1110mm
118.5Hz 188Hz  297Hz   87.3dB    1l +   1l    1x40mm    990mm
128.6Hz 199Hz  307Hz   88.8dB    1l +   1l    1x40mm    882mm
139.4Hz 211Hz  318Hz   90.2dB    1l +   1l    1x40mm    786mm
150.9Hz 218Hz  330Hz   91.5dB    1l +   1l    1x40mm    736mm
163.3Hz 236Hz  342Hz   92.9dB    1l +   1l    1x40mm    624mm
176.4Hz 250Hz  355Hz   94.3dB    1l +   1l    1x40mm    556mm
190.4Hz 265Hz  369Hz   95.6dB    1l +   1l    1x40mm    496mm
205.3Hz 281Hz  384Hz   96.9dB    0l +   1l    1x40mm    442mm
 53.8Hz 130Hz  233Hz   73.6dB    4l +   1l    1x40mm   2789mm
 59.0Hz 138Hz  238Hz   75.2dB    3l +   1l    1x40mm   2485mm
 64.7Hz 146Hz  243Hz   76.8dB    3l +   1l    1x40mm   2215mm
 70.8Hz 155Hz  250Hz   78.4dB    2l +   1l    1x40mm   1975mm
 77.4Hz 164Hz  256Hz   79.9dB    2l +   1l    1x40mm   1760mm
 84.4Hz 174Hz  263Hz   81.5dB    2l +   1l    1x40mm   1568mm
 92.1Hz 184Hz  271Hz   83.0dB    1l +   1l    1x40mm   1398mm
100.3Hz 195Hz  279Hz   84.4dB    1l +   1l    1x40mm   1246mm
109.1Hz 207Hz  288Hz   85.9dB    1l +   1l    1x40mm   1110mm
118.5Hz 219Hz  297Hz   87.3dB    1l +   1l    1x40mm    990mm
128.6Hz 232Hz  307Hz   88.8dB    1l +   1l    1x40mm    882mm
139.4Hz 211Hz  318Hz   90.2dB    1l +   1l    1x40mm   1070mm
150.9Hz 218Hz  330Hz   91.5dB    1l +   1l    1x40mm   1002mm
163.3Hz 236Hz  342Hz   92.9dB    1l +   1l    1x40mm    850mm
151.6Hz 250Hz  355Hz   91.6dB    1l +   1l    1x40mm    757mm
165.6Hz 265Hz  369Hz   93.2dB    1l +   1l    1x40mm    675mm
205.3Hz 281Hz  384Hz   96.9dB    0l +   1l    1x40mm    602mm
 64.5Hz 157Hz  380Hz   76.8dB    2l +   1l    1x40mm   2789mm
 71.1Hz 166Hz  386Hz   78.5dB    2l +   1l    1x40mm   2486mm
 78.3Hz 176Hz  394Hz   80.2dB    2l +   1l    1x40mm   2216mm
 86.2Hz 186Hz  402Hz   81.8dB    1l +   1l    1x40mm   1975mm
 94.7Hz 197Hz  410Hz   83.4dB    1l +   1l    1x40mm   1760mm
103.9Hz 209Hz  419Hz   85.1dB    1l +   1l    1x40mm   1568mm
113.9Hz 221Hz  429Hz   86.6dB    1l +   1l    1x40mm   1398mm
124.7Hz 234Hz  440Hz   88.2dB    1l +   1l    1x40mm   1246mm
136.3Hz 248Hz  452Hz   89.8dB    1l +   1l    1x40mm   1110mm
148.8Hz 263Hz  464Hz   91.3dB    1l +   1l    1x40mm    990mm
162.2Hz 278Hz  478Hz   92.8dB    0l +   1l    1x40mm    882mm
176.7Hz 295Hz  492Hz   94.3dB    0l +   1l    1x40mm    786mm
192.2Hz 312Hz  508Hz   95.7dB    0l +   1l    1x40mm    701mm
208.8Hz 331Hz  524Hz   97.2dB    0l +   1l    1x40mm    624mm
226.6Hz 350Hz  542Hz   98.6dB    0l +   1l    1x40mm    557mm
245.6Hz 371Hz  561Hz  100.0dB    0l +   1l    1x40mm    496mm
265.9Hz 393Hz  581Hz  101.4dB    0l +   1l    1x40mm    442mm
-------------
FE103En
            89.0dB             5W       1x40mm
   fu     fb      fo      SplMech  Vb1     Vb2       d         l        C
 53.0Hz 110Hz  229Hz   75.9dB    8l +   1l    1x40mm   2310mm
 58.2Hz 117Hz  234Hz   77.5dB    6l +   1l    1x40mm   2059mm
 63.8Hz 124Hz  240Hz   79.1dB    5l +   1l    1x40mm   1835mm
 69.8Hz 131Hz  246Hz   80.7dB    4l +   1l    1x40mm   1636mm
 76.3Hz 139Hz  253Hz   82.2dB    3l +   1l    1x40mm   1458mm
 83.3Hz 147Hz  260Hz   83.7dB    3l +   1l    1x40mm   1299mm
 90.8Hz 156Hz  267Hz   85.3dB    2l +   1l    1x40mm   1158mm
 98.9Hz 165Hz  275Hz   86.7dB    2l +   1l    1x40mm   1032mm
107.6Hz 175Hz  284Hz   88.2dB    2l +   1l    1x40mm    920mm
116.9Hz 185Hz  293Hz   89.6dB    1l +   1l    1x40mm    820mm
126.8Hz 196Hz  303Hz   91.1dB    1l +   1l    1x40mm    731mm
137.5Hz 208Hz  314Hz   92.5dB    1l +   1l    1x40mm    651mm
148.8Hz 215Hz  325Hz   93.8dB    1l +   1l    1x40mm    610mm
161.0Hz 233Hz  337Hz   95.2dB    1l +   1l    1x40mm    517mm
174.0Hz 247Hz  350Hz   96.5dB    1l +   1l    1x40mm    461mm
187.8Hz 261Hz  364Hz   97.9dB    1l +   1l    1x40mm    411mm
202.5Hz 277Hz  379Hz   99.2dB    1l +   1l    1x40mm    366mm
 53.0Hz 129Hz  229Hz   75.9dB    4l +   1l    1x40mm   2310mm
 58.2Hz 136Hz  234Hz   77.5dB    4l +   1l    1x40mm   2059mm
 63.8Hz 144Hz  240Hz   79.1dB    3l +   1l    1x40mm   1835mm
 69.8Hz 153Hz  246Hz   80.7dB    2l +   1l    1x40mm   1636mm
 76.3Hz 162Hz  253Hz   82.2dB    2l +   1l    1x40mm   1458mm
 83.3Hz 172Hz  260Hz   83.7dB    2l +   1l    1x40mm   1299mm
 90.8Hz 182Hz  267Hz   85.3dB    2l +   1l    1x40mm   1158mm
 98.9Hz 192Hz  275Hz   86.7dB    1l +   1l    1x40mm   1032mm
107.6Hz 204Hz  284Hz   88.2dB    1l +   1l    1x40mm    920mm
116.9Hz 216Hz  293Hz   89.6dB    1l +   1l    1x40mm    820mm
126.8Hz 229Hz  303Hz   91.1dB    1l +   1l    1x40mm    731mm
137.5Hz 208Hz  314Hz   92.5dB    1l +   1l    1x40mm    886mm
148.8Hz 215Hz  325Hz   93.8dB    1l +   1l    1x40mm    830mm
161.0Hz 233Hz  337Hz   95.2dB    1l +   1l    1x40mm    704mm
149.5Hz 247Hz  350Hz   93.9dB    1l +   1l    1x40mm    627mm
163.3Hz 261Hz  364Hz   95.4dB    1l +   1l    1x40mm    559mm
202.5Hz 277Hz  379Hz   99.2dB    1l +   1l    1x40mm    498mm
 63.6Hz 154Hz  375Hz   79.1dB    2l +   1l    1x40mm   2310mm
 70.1Hz 164Hz  381Hz   80.8dB    2l +   1l    1x40mm   2059mm
 77.3Hz 173Hz  388Hz   82.4dB    2l +   1l    1x40mm   1835mm
 85.0Hz 183Hz  396Hz   84.1dB    2l +   1l    1x40mm   1636mm
 93.4Hz 194Hz  404Hz   85.7dB    1l +   1l    1x40mm   1458mm
102.5Hz 206Hz  413Hz   87.4dB    1l +   1l    1x40mm   1299mm
112.3Hz 218Hz  423Hz   88.9dB    1l +   1l    1x40mm   1158mm
122.9Hz 231Hz  434Hz   90.5dB    1l +   1l    1x40mm   1032mm
134.4Hz 245Hz  445Hz   92.1dB    1l +   1l    1x40mm    920mm
146.7Hz 259Hz  458Hz   93.6dB    1l +   1l    1x40mm    820mm
160.0Hz 275Hz  471Hz   95.1dB    1l +   1l    1x40mm    731mm
174.2Hz 291Hz  485Hz   96.6dB    1l +   1l    1x40mm    651mm
189.5Hz 308Hz  501Hz   98.0dB    0l +   1l    1x40mm    580mm
205.9Hz 326Hz  517Hz   99.5dB    0l +   1l    1x40mm    517mm
223.5Hz 346Hz  534Hz  100.9dB    0l +   1l    1x40mm    461mm
242.2Hz 366Hz  553Hz  102.3dB    0l +   1l    1x40mm    411mm
262.3Hz 388Hz  573Hz  103.7dB    0l +   1l    1x40mm    366mm
-------------
fw208n
            90.0dB            34W       1x70mm
   fu     fb      fo      SplMech  Vb1     Vb2       d         l        C
 29.4Hz  61Hz  127Hz   82.4dB   13l +   4l  * 1x40mm   2593mm
 32.3Hz  65Hz  130Hz   84.0dB   11l +   4l  * 1x40mm   2311mm
 35.4Hz  69Hz  133Hz   85.6dB    9l +   4l  * 1x40mm   2060mm
 38.7Hz  73Hz  136Hz   87.2dB    8l +   4l  * 1x40mm   1836mm
 42.3Hz  77Hz  140Hz   88.7dB    7l +   4l  * 1x40mm   1636mm
 46.2Hz  82Hz  144Hz   90.2dB    6l +   4l  * 1x40mm   1458mm
 50.4Hz  86Hz  148Hz   91.7dB    6l +   4l  * 1x40mm   1300mm
 54.9Hz  91Hz  153Hz   93.2dB    5l +   4l  * 1x40mm   1158mm
 59.7Hz  97Hz  157Hz   94.7dB    4l +   4l  * 1x40mm   1032mm
 64.8Hz 103Hz  163Hz   96.1dB    4l +   4l  * 1x40mm    920mm
 70.3Hz 109Hz  168Hz   97.6dB    3l +   4l  * 1x40mm    820mm
 76.2Hz 115Hz  174Hz   99.0dB    3l +   4l  * 1x40mm    731mm
 82.6Hz 119Hz  180Hz  100.3dB    3l +   4l  * 1x40mm    684mm
 89.3Hz 129Hz  187Hz  101.7dB    2l +   4l  * 1x40mm    581mm
 96.5Hz 137Hz  194Hz  103.0dB    2l +   4l  * 1x40mm    517mm
104.1Hz 145Hz  202Hz  104.4dB    2l +   4l  - 1x50mm    721mm
112.3Hz 154Hz  210Hz  105.7dB    2l +   4l  - 1x50mm    642mm
 29.4Hz  71Hz  127Hz   82.4dB    9l +   3l  * 1x40mm   2593mm
 32.3Hz  76Hz  130Hz   84.0dB    7l +   3l  * 1x40mm   2311mm
 35.4Hz  80Hz  133Hz   85.6dB    7l +   3l  * 1x40mm   2059mm
 38.7Hz  85Hz  136Hz   87.2dB    6l +   3l  * 1x40mm   1836mm
 42.3Hz  90Hz  140Hz   88.7dB    5l +   3l  * 1x40mm   1636mm
 46.2Hz  95Hz  144Hz   90.2dB    4l +   3l  * 1x40mm   1458mm
 50.4Hz 101Hz  148Hz   91.7dB    4l +   3l  * 1x40mm   1300mm
 54.9Hz 107Hz  153Hz   93.2dB    3l +   3l  * 1x40mm   1158mm
 59.7Hz 113Hz  157Hz   94.7dB    3l +   3l  * 1x40mm   1032mm
 64.8Hz 120Hz  163Hz   96.1dB    3l +   3l  * 1x40mm    920mm
 70.3Hz 127Hz  168Hz   97.6dB    2l +   3l  * 1x40mm    820mm
 76.2Hz 115Hz  174Hz   99.0dB    3l +   3l  * 1x40mm    995mm
 82.6Hz 119Hz  180Hz  100.3dB    3l +   3l  * 1x40mm    932mm
 89.3Hz 129Hz  187Hz  101.7dB    2l +   3l  * 1x40mm    790mm
 82.9Hz 137Hz  194Hz  100.4dB    2l +   3l  * 1x40mm    704mm
 90.6Hz 145Hz  202Hz  101.9dB    2l +   3l  * 1x40mm    628mm
112.3Hz 154Hz  210Hz  105.7dB    2l +   3l  * 1x40mm    559mm
 35.3Hz  86Hz  208Hz   85.6dB    6l +   2l  * 1x40mm   2593mm
 38.9Hz  91Hz  211Hz   87.3dB    5l +   2l  * 1x40mm   2311mm
 42.9Hz  96Hz  215Hz   88.9dB    4l +   2l  * 1x40mm   2060mm
 47.1Hz 102Hz  220Hz   90.6dB    4l +   2l  * 1x40mm   1836mm
 51.8Hz 108Hz  224Hz   92.2dB    3l +   2l  * 1x40mm   1636mm
 56.8Hz 114Hz  229Hz   93.8dB    3l +   2l  * 1x40mm   1458mm
 62.3Hz 121Hz  235Hz   95.4dB    3l +   2l  * 1x40mm   1299mm
 68.2Hz 128Hz  241Hz   97.0dB    2l +   2l  * 1x40mm   1158mm
 74.5Hz 136Hz  247Hz   98.6dB    2l +   2l  * 1x40mm   1032mm
 81.4Hz 144Hz  254Hz  100.1dB    2l +   2l  * 1x40mm    920mm
 88.7Hz 152Hz  261Hz  101.6dB    2l +   2l  * 1x40mm    820mm
 96.6Hz 161Hz  269Hz  103.1dB    1l +   2l  * 1x40mm    731mm
105.1Hz 171Hz  278Hz  104.5dB    1l +   2l  * 1x40mm    651mm
114.2Hz 181Hz  287Hz  106.0dB    1l +   2l  * 1x40mm    581mm
123.9Hz 192Hz  296Hz  107.4dB    1l +   2l  * 1x40mm    517mm
134.3Hz 203Hz  307Hz  108.8dB    1l +   2l  - 1x50mm    721mm
145.5Hz 215Hz  318Hz  110.2dB    1l +   2l  - 1x50mm    642mm
-------------
FE108ES
            90.0dB             8W       1x40mm
   fu     fb      fo      SplMech  Vb1     Vb2       d         l        C
 52.8Hz 110Hz  228Hz   69.2dB    6l +   1l    1x40mm   2802mm
 57.9Hz 116Hz  233Hz   70.8dB    4l +   1l    1x40mm   2497mm
 63.5Hz 123Hz  239Hz   72.4dB    4l +   1l    1x40mm   2226mm
 69.5Hz 130Hz  245Hz   74.0dB    3l +   1l    1x40mm   1984mm
 76.0Hz 138Hz  252Hz   75.5dB    3l +   1l    1x40mm   1768mm
 82.9Hz 146Hz  258Hz   77.1dB    2l +   1l    1x40mm   1576mm
 90.4Hz 155Hz  266Hz   78.6dB    2l +   1l    1x40mm   1404mm
 98.5Hz 164Hz  274Hz   80.0dB    2l +   1l    1x40mm   1252mm
107.1Hz 174Hz  283Hz   81.5dB    1l +   1l    1x40mm   1115mm
116.4Hz 184Hz  292Hz   82.9dB    1l +   1l    1x40mm    994mm
126.3Hz 195Hz  302Hz   84.4dB    1l +   1l    1x40mm    886mm
136.9Hz 207Hz  312Hz   85.8dB    1l +   1l    1x40mm    790mm
148.2Hz 214Hz  324Hz   87.1dB    1l +   1l    1x40mm    740mm
160.3Hz 232Hz  336Hz   88.5dB    1l +   1l    1x40mm    627mm
173.2Hz 246Hz  349Hz   89.9dB    1l +   1l    1x40mm    559mm
187.0Hz 260Hz  363Hz   91.2dB    1l +   1l    1x40mm    498mm
201.7Hz 276Hz  377Hz   92.5dB    0l +   1l    1x40mm    444mm
 52.8Hz 128Hz  228Hz   69.2dB    3l +   1l    1x40mm   2802mm
 57.9Hz 136Hz  233Hz   70.8dB    3l +   1l    1x40mm   2497mm
 63.5Hz 144Hz  239Hz   72.4dB    2l +   1l    1x40mm   2225mm
 69.5Hz 152Hz  245Hz   74.0dB    2l +   1l    1x40mm   1984mm
 76.0Hz 161Hz  252Hz   75.5dB    2l +   1l    1x40mm   1768mm
 82.9Hz 171Hz  258Hz   77.1dB    1l +   1l    1x40mm   1576mm
 90.4Hz 181Hz  266Hz   78.6dB    1l +   1l    1x40mm   1404mm
 98.5Hz 192Hz  274Hz   80.0dB    1l +   1l    1x40mm   1252mm
107.1Hz 203Hz  283Hz   81.5dB    1l +   1l    1x40mm   1116mm
116.4Hz 215Hz  292Hz   82.9dB    1l +   1l    1x40mm    994mm
126.3Hz 228Hz  302Hz   84.4dB    1l +   1l    1x40mm    886mm
136.9Hz 207Hz  312Hz   85.8dB    1l +   1l    1x40mm   1075mm
148.2Hz 214Hz  324Hz   87.1dB    1l +   1l    1x40mm   1007mm
160.3Hz 232Hz  336Hz   88.5dB    1l +   1l    1x40mm    854mm
148.9Hz 246Hz  349Hz   87.2dB    1l +   1l    1x40mm    761mm
162.6Hz 260Hz  363Hz   88.8dB    1l +   1l    1x40mm    678mm
201.7Hz 276Hz  377Hz   92.5dB    0l +   1l    1x40mm    604mm
 63.3Hz 154Hz  373Hz   72.4dB    2l +   1l    1x40mm   2802mm
 69.9Hz 163Hz  380Hz   74.1dB    2l +   1l    1x40mm   2498mm
 76.9Hz 172Hz  387Hz   75.8dB    1l +   1l    1x40mm   2226mm
 84.6Hz 183Hz  394Hz   77.4dB    1l +   1l    1x40mm   1984mm
 93.0Hz 194Hz  403Hz   79.0dB    1l +   1l    1x40mm   1768mm
102.1Hz 205Hz  412Hz   80.7dB    1l +   1l    1x40mm   1576mm
111.9Hz 217Hz  422Hz   82.3dB    1l +   1l    1x40mm   1404mm
122.4Hz 230Hz  432Hz   83.8dB    1l +   1l    1x40mm   1252mm
133.8Hz 244Hz  444Hz   85.4dB    1l +   1l    1x40mm   1116mm
146.1Hz 258Hz  456Hz   86.9dB    1l +   1l    1x40mm    994mm
159.3Hz 273Hz  469Hz   88.4dB    0l +   1l    1x40mm    886mm
173.5Hz 290Hz  483Hz   89.9dB    0l +   1l    1x40mm    790mm
188.7Hz 307Hz  498Hz   91.3dB    0l +   1l    1x40mm    704mm
205.1Hz 325Hz  515Hz   92.8dB    0l +   1l    1x40mm    627mm
222.5Hz 344Hz  532Hz   94.2dB    0l +   1l    1x40mm    559mm
241.2Hz 365Hz  551Hz   95.6dB    0l +   1l    1x40mm    498mm
261.2Hz 386Hz  571Hz   97.0dB    0l +   1l    1x40mm    444mm
-------------
FE126E
            93.0dB            15W       1x40mm
   fu     fb      fo      SplMech  Vb1     Vb2       d         l        C
 53.8Hz 112Hz  233Hz   73.6dB    8l +   1l    1x40mm   2789mm
 59.0Hz 118Hz  238Hz   75.2dB    6l +   1l    1x40mm   2486mm
 64.7Hz 125Hz  243Hz   76.8dB    5l +   1l    1x40mm   2215mm
 70.8Hz 133Hz  250Hz   78.4dB    4l +   1l    1x40mm   1975mm
 77.4Hz 141Hz  256Hz   79.9dB    3l +   1l    1x40mm   1760mm
 84.4Hz 149Hz  263Hz   81.5dB    2l +   1l    1x40mm   1568mm
 92.1Hz 158Hz  271Hz   83.0dB    2l +   1l    1x40mm   1398mm
100.3Hz 167Hz  279Hz   84.4dB    2l +   1l    1x40mm   1246mm
109.1Hz 177Hz  288Hz   85.9dB    1l +   1l    1x40mm   1110mm
118.5Hz 188Hz  297Hz   87.3dB    1l +   1l    1x40mm    990mm
128.6Hz 199Hz  307Hz   88.8dB    1l +   1l    1x40mm    882mm
139.4Hz 211Hz  318Hz   90.2dB    1l +   1l    1x40mm    786mm
150.9Hz 218Hz  330Hz   91.5dB    1l +   1l    1x40mm    736mm
163.3Hz 236Hz  342Hz   92.9dB    1l +   1l    1x40mm    624mm
176.4Hz 250Hz  355Hz   94.3dB    1l +   1l    1x40mm    556mm
190.4Hz 265Hz  369Hz   95.6dB    1l +   1l    1x40mm    496mm
205.3Hz 281Hz  384Hz   96.9dB    0l +   1l    1x40mm    442mm
 53.8Hz 130Hz  233Hz   73.6dB    4l +   1l    1x40mm   2789mm
 59.0Hz 138Hz  238Hz   75.2dB    3l +   1l    1x40mm   2485mm
 64.7Hz 146Hz  243Hz   76.8dB    3l +   1l    1x40mm   2215mm
 70.8Hz 155Hz  250Hz   78.4dB    2l +   1l    1x40mm   1975mm
 77.4Hz 164Hz  256Hz   79.9dB    2l +   1l    1x40mm   1760mm
 84.4Hz 174Hz  263Hz   81.5dB    2l +   1l    1x40mm   1568mm
 92.1Hz 184Hz  271Hz   83.0dB    1l +   1l    1x40mm   1398mm
100.3Hz 195Hz  279Hz   84.4dB    1l +   1l    1x40mm   1246mm
109.1Hz 207Hz  288Hz   85.9dB    1l +   1l    1x40mm   1110mm
118.5Hz 219Hz  297Hz   87.3dB    1l +   1l    1x40mm    990mm
128.6Hz 232Hz  307Hz   88.8dB    1l +   1l    1x40mm    882mm
139.4Hz 211Hz  318Hz   90.2dB    1l +   1l    1x40mm   1070mm
150.9Hz 218Hz  330Hz   91.5dB    1l +   1l    1x40mm   1002mm
163.3Hz 236Hz  342Hz   92.9dB    1l +   1l    1x40mm    850mm
151.6Hz 250Hz  355Hz   91.6dB    1l +   1l    1x40mm    757mm
165.6Hz 265Hz  369Hz   93.2dB    1l +   1l    1x40mm    675mm
205.3Hz 281Hz  384Hz   96.9dB    0l +   1l    1x40mm    602mm
 64.5Hz 157Hz  380Hz   76.8dB    2l +   1l    1x40mm   2789mm
 71.1Hz 166Hz  386Hz   78.5dB    2l +   1l    1x40mm   2486mm
 78.3Hz 176Hz  394Hz   80.2dB    2l +   1l    1x40mm   2216mm
 86.2Hz 186Hz  402Hz   81.8dB    1l +   1l    1x40mm   1975mm
 94.7Hz 197Hz  410Hz   83.4dB    1l +   1l    1x40mm   1760mm
103.9Hz 209Hz  419Hz   85.1dB    1l +   1l    1x40mm   1568mm
113.9Hz 221Hz  429Hz   86.6dB    1l +   1l    1x40mm   1398mm
124.7Hz 234Hz  440Hz   88.2dB    1l +   1l    1x40mm   1246mm
136.3Hz 248Hz  452Hz   89.8dB    1l +   1l    1x40mm   1110mm
148.8Hz 263Hz  464Hz   91.3dB    1l +   1l    1x40mm    990mm
162.2Hz 278Hz  478Hz   92.8dB    0l +   1l    1x40mm    882mm
176.7Hz 295Hz  492Hz   94.3dB    0l +   1l    1x40mm    786mm
192.2Hz 312Hz  508Hz   95.7dB    0l +   1l    1x40mm    701mm
208.8Hz 331Hz  524Hz   97.2dB    0l +   1l    1x40mm    624mm
226.6Hz 350Hz  542Hz   98.6dB    0l +   1l    1x40mm    557mm
245.6Hz 371Hz  561Hz  100.0dB    0l +   1l    1x40mm    496mm
265.9Hz 393Hz  581Hz  101.4dB    0l +   1l    1x40mm    442mm
-------------
FE126En
            93.0dB            15W       1x40mm
   fu     fb      fo      SplMech  Vb1     Vb2       d         l        C
 56.8Hz 118Hz  246Hz   74.7dB    8l +   2l    1x40mm   1617mm
 62.3Hz 125Hz  251Hz   76.3dB    7l +   2l    1x40mm   1441mm
 68.3Hz 132Hz  257Hz   77.9dB    5l +   2l    1x40mm   1284mm
 74.7Hz 140Hz  264Hz   79.5dB    5l +   2l    1x40mm   1145mm
 81.7Hz 149Hz  270Hz   81.0dB    4l +   2l    1x40mm   1020mm
 89.2Hz 157Hz  278Hz   82.5dB    3l +   2l    1x40mm    909mm
 97.3Hz 167Hz  286Hz   84.0dB    3l +   2l    1x40mm    811mm
105.9Hz 177Hz  295Hz   85.5dB    2l +   2l    1x40mm    722mm
115.2Hz 187Hz  304Hz   87.0dB    2l +   2l    1x40mm    644mm
125.2Hz 198Hz  314Hz   88.4dB    2l +   2l    1x40mm    574mm
135.8Hz 210Hz  325Hz   89.8dB    2l +   2l    1x40mm    511mm
147.2Hz 222Hz  336Hz   91.2dB    1l +   2l    1x40mm    456mm
159.4Hz 230Hz  348Hz   92.6dB    1l +   2l    1x40mm    427mm
172.4Hz 250Hz  361Hz   94.0dB    1l +   2l    1x40mm    362mm
186.3Hz 264Hz  375Hz   95.3dB    1l +   2l    1x40mm    323mm
201.1Hz 280Hz  390Hz   96.7dB    1l +   2l    1x40mm    288mm
216.9Hz 297Hz  406Hz   98.0dB    1l +   2l    1x40mm    256mm
 56.8Hz 138Hz  246Hz   74.7dB    5l +   1l    1x40mm   1617mm
 62.3Hz 146Hz  251Hz   76.3dB    4l +   1l    1x40mm   1441mm
 68.3Hz 155Hz  257Hz   77.9dB    3l +   1l    1x40mm   1284mm
 74.7Hz 164Hz  264Hz   79.5dB    3l +   1l    1x40mm   1145mm
 81.7Hz 173Hz  270Hz   81.0dB    3l +   1l    1x40mm   1020mm
 89.2Hz 184Hz  278Hz   82.5dB    2l +   1l    1x40mm    909mm
 97.3Hz 195Hz  286Hz   84.0dB    2l +   1l    1x40mm    811mm
105.9Hz 206Hz  295Hz   85.5dB    2l +   1l    1x40mm    722mm
115.2Hz 218Hz  304Hz   87.0dB    1l +   1l    1x40mm    644mm
125.2Hz 231Hz  314Hz   88.4dB    1l +   1l    1x40mm    574mm
135.8Hz 245Hz  325Hz   89.8dB    1l +   1l    1x40mm    511mm
147.2Hz 222Hz  336Hz   91.2dB    1l +   1l    1x40mm    620mm
159.4Hz 230Hz  348Hz   92.6dB    1l +   1l    1x40mm    581mm
172.4Hz 250Hz  361Hz   94.0dB    1l +   1l    1x40mm    493mm
160.1Hz 264Hz  375Hz   92.7dB    1l +   1l    1x40mm    439mm
174.9Hz 280Hz  390Hz   94.2dB    1l +   1l    1x40mm    391mm
216.9Hz 297Hz  406Hz   98.0dB    1l +   1l    1x40mm    349mm
 68.1Hz 165Hz  401Hz   77.9dB    3l +   1l    1x40mm   1617mm
 75.1Hz 175Hz  408Hz   79.6dB    2l +   1l    1x40mm   1441mm
 82.7Hz 185Hz  416Hz   81.2dB    2l +   1l    1x40mm   1285mm
 91.0Hz 196Hz  424Hz   82.9dB    2l +   1l    1x40mm   1145mm
100.0Hz 208Hz  433Hz   84.5dB    2l +   1l    1x40mm   1020mm
109.8Hz 220Hz  443Hz   86.1dB    1l +   1l    1x40mm    909mm
120.3Hz 234Hz  453Hz   87.7dB    1l +   1l    1x40mm    810mm
131.7Hz 247Hz  465Hz   89.3dB    1l +   1l    1x40mm    722mm
143.9Hz 262Hz  477Hz   90.8dB    1l +   1l    1x40mm    644mm
157.1Hz 278Hz  490Hz   92.4dB    1l +   1l    1x40mm    574mm
171.4Hz 294Hz  504Hz   93.9dB    1l +   1l    1x40mm    511mm
186.6Hz 311Hz  520Hz   95.4dB    1l +   1l    1x40mm    456mm
203.0Hz 330Hz  536Hz   96.8dB    1l +   1l    1x40mm    406mm
220.5Hz 349Hz  554Hz   98.3dB    1l +   1l    1x40mm    362mm
239.3Hz 370Hz  572Hz   99.7dB    0l +   1l    1x40mm    323mm
259.4Hz 392Hz  592Hz  101.1dB    0l +   1l    1x40mm    288mm
280.9Hz 415Hz  614Hz  102.5dB    0l +   1l    1x40mm    256mm
-------------
FE166En
            94.0dB            22W       1x70mm
   fu     fb      fo      SplMech  Vb1     Vb2       d         l        C
 45.4Hz  94Hz  196Hz   86.1dB   17l +   5l  * 1x40mm    911mm
 49.8Hz 100Hz  201Hz   87.7dB   14l +   5l  * 1x40mm    812mm
 54.6Hz 106Hz  205Hz   89.3dB   12l +   5l  * 1x40mm    723mm
 59.7Hz 112Hz  211Hz   90.9dB   11l +   5l  * 1x40mm    645mm
 65.3Hz 119Hz  216Hz   92.5dB    9l +   5l  * 1x40mm    575mm
 71.3Hz 126Hz  222Hz   94.0dB    8l +   5l  * 1x40mm    512mm
 77.7Hz 133Hz  229Hz   95.5dB    7l +   5l  - 1x50mm    713mm
 84.6Hz 141Hz  235Hz   97.0dB    6l +   5l  - 1x50mm    636mm
 92.0Hz 150Hz  243Hz   98.4dB    5l +   5l  - 1x50mm    566mm
100.0Hz 158Hz  251Hz   99.9dB    5l +   5l  - 1x50mm    505mm
108.5Hz 168Hz  259Hz  101.3dB    4l +   5l  - 1x50mm    450mm
117.6Hz 178Hz  268Hz  102.7dB    4l +   5l    1x70mm    786mm
127.4Hz 184Hz  278Hz  104.1dB    3l +   5l    1x70mm    736mm
137.8Hz 199Hz  289Hz  105.4dB    3l +   5l    1x70mm    624mm
148.9Hz 211Hz  300Hz  106.8dB    2l +   5l    1x70mm    556mm
160.7Hz 224Hz  312Hz  108.1dB    2l +   5l    1x70mm    496mm
173.3Hz 237Hz  324Hz  109.4dB    2l +   5l    1x70mm    442mm
 45.4Hz 110Hz  196Hz   86.1dB   11l +   3l  * 1x40mm    911mm
 49.8Hz 117Hz  201Hz   87.7dB   10l +   3l  * 1x40mm    811mm
 54.6Hz 124Hz  205Hz   89.3dB    8l +   3l  * 1x40mm    723mm
 59.7Hz 131Hz  211Hz   90.9dB    7l +   3l  * 1x40mm    645mm
 65.3Hz 139Hz  216Hz   92.5dB    6l +   3l  * 1x40mm    575mm
 71.3Hz 147Hz  222Hz   94.0dB    6l +   3l  * 1x40mm    512mm
 77.7Hz 155Hz  229Hz   95.5dB    5l +   3l  - 1x50mm    713mm
 84.6Hz 165Hz  235Hz   97.0dB    4l +   3l  - 1x50mm    636mm
 92.0Hz 174Hz  243Hz   98.4dB    4l +   3l  - 1x50mm    566mm
100.0Hz 185Hz  251Hz   99.9dB    3l +   3l  - 1x50mm    505mm
108.5Hz 196Hz  259Hz  101.3dB    3l +   3l  - 1x50mm    450mm
117.6Hz 178Hz  268Hz  102.7dB    4l +   3l  - 1x50mm    546mm
127.4Hz 184Hz  278Hz  104.1dB    3l +   3l  - 1x50mm    511mm
137.8Hz 199Hz  289Hz  105.4dB    3l +   3l  - 1x50mm    434mm
127.9Hz 211Hz  300Hz  104.1dB    2l +   3l    1x70mm    757mm
139.7Hz 224Hz  312Hz  105.7dB    2l +   3l    1x70mm    675mm
173.3Hz 237Hz  324Hz  109.4dB    2l +   3l    1x70mm    602mm
 54.4Hz 132Hz  321Hz   89.3dB    7l +   2l  * 1x40mm    911mm
 60.0Hz 140Hz  326Hz   91.0dB    6l +   2l  * 1x40mm    812mm
 66.1Hz 148Hz  332Hz   92.7dB    5l +   2l  * 1x40mm    723mm
 72.7Hz 157Hz  339Hz   94.3dB    5l +   2l  * 1x40mm    645mm
 79.9Hz 166Hz  346Hz   96.0dB    4l +   2l  * 1x40mm    575mm
 87.7Hz 176Hz  354Hz   97.6dB    4l +   2l  * 1x40mm    512mm
 96.1Hz 187Hz  362Hz   99.2dB    3l +   2l  - 1x50mm    713mm
105.2Hz 198Hz  371Hz  100.7dB    3l +   2l  - 1x50mm    636mm
115.0Hz 209Hz  381Hz  102.3dB    3l +   2l  - 1x50mm    566mm
125.5Hz 222Hz  392Hz  103.8dB    2l +   2l  - 1x50mm    505mm
136.9Hz 235Hz  403Hz  105.3dB    2l +   2l  - 1x50mm    450mm
149.1Hz 249Hz  415Hz  106.8dB    2l +   2l    1x70mm    786mm
162.2Hz 264Hz  428Hz  108.3dB    2l +   2l    1x70mm    701mm
176.2Hz 279Hz  442Hz  109.7dB    1l +   2l    1x70mm    624mm
191.2Hz 296Hz  457Hz  111.1dB    1l +   2l    1x70mm    556mm
207.3Hz 313Hz  473Hz  112.5dB    1l +   2l    1x70mm    496mm
224.4Hz 332Hz  490Hz  113.9dB    1l +   2l    1x70mm    442mm
-------------
FE206En
            96.0dB            30W       1x70mm
   fu     fb      fo      SplMech  Vb1     Vb2       d         l        C
 51.0Hz 106Hz  220Hz   90.0dB   16l +   5l  * 1x40mm    659mm
 55.9Hz 112Hz  225Hz   91.6dB   14l +   5l  * 1x40mm    587mm
 61.3Hz 119Hz  231Hz   93.2dB   12l +   5l  * 1x40mm    523mm
 67.1Hz 126Hz  237Hz   94.8dB   10l +   5l  - 1x50mm    729mm
 73.3Hz 133Hz  243Hz   96.3dB    9l +   5l  - 1x50mm    649mm
 80.1Hz 141Hz  250Hz   97.9dB    8l +   5l  - 1x50mm    579mm
 87.3Hz 150Hz  257Hz   99.4dB    7l +   5l  - 1x50mm    516mm
 95.1Hz 159Hz  265Hz  100.8dB    6l +   5l  - 1x50mm    460mm
103.4Hz 168Hz  273Hz  102.3dB    5l +   5l  - 1x50mm    410mm
112.3Hz 178Hz  282Hz  103.7dB    5l +   5l    1x70mm    716mm
121.9Hz 188Hz  291Hz  105.2dB    4l +   5l    1x70mm    638mm
132.1Hz 200Hz  302Hz  106.6dB    4l +   5l    1x70mm    569mm
143.1Hz 206Hz  313Hz  107.9dB    4l +   5l    1x70mm    533mm
154.8Hz 224Hz  324Hz  109.3dB    3l +   5l    1x70mm    452mm
167.2Hz 237Hz  337Hz  110.7dB    3l +   5l    1x70mm    402mm
180.5Hz 251Hz  350Hz  112.0dB    2l +   5l    1x70mm    359mm
194.7Hz 266Hz  364Hz  113.3dB    2l +   5l    1x70mm    320mm
 51.0Hz 124Hz  220Hz   90.0dB   11l +   4l  * 1x40mm    659mm
 55.9Hz 131Hz  225Hz   91.6dB    9l +   4l  * 1x40mm    587mm
 61.3Hz 139Hz  231Hz   93.2dB    8l +   4l  * 1x40mm    523mm
 67.1Hz 147Hz  237Hz   94.8dB    7l +   4l  - 1x50mm    729mm
 73.3Hz 156Hz  243Hz   96.3dB    6l +   4l  - 1x50mm    650mm
 80.1Hz 165Hz  250Hz   97.9dB    6l +   4l  - 1x50mm    579mm
 87.3Hz 175Hz  257Hz   99.4dB    5l +   4l  - 1x50mm    516mm
 95.1Hz 185Hz  265Hz  100.8dB    4l +   4l  - 1x50mm    460mm
103.4Hz 196Hz  273Hz  102.3dB    4l +   4l  - 1x50mm    410mm
112.3Hz 208Hz  282Hz  103.7dB    4l +   4l    1x70mm    716mm
121.9Hz 220Hz  291Hz  105.2dB    3l +   4l    1x70mm    638mm
132.1Hz 200Hz  302Hz  106.6dB    4l +   4l    1x70mm    774mm
143.1Hz 206Hz  313Hz  107.9dB    4l +   4l    1x70mm    725mm
154.8Hz 224Hz  324Hz  109.3dB    3l +   4l    1x70mm    615mm
143.7Hz 237Hz  337Hz  108.0dB    3l +   4l    1x70mm    548mm
157.0Hz 251Hz  350Hz  109.6dB    2l +   4l    1x70mm    488mm
194.7Hz 266Hz  364Hz  113.3dB    2l +   4l    1x70mm    435mm
 61.1Hz 148Hz  360Hz   93.2dB    7l +   3l  * 1x40mm    659mm
 67.4Hz 157Hz  366Hz   94.9dB    6l +   3l  * 1x40mm    587mm
 74.3Hz 166Hz  373Hz   96.6dB    6l +   3l  * 1x40mm    523mm
 81.7Hz 176Hz  381Hz   98.2dB    5l +   3l  - 1x50mm    729mm
 89.8Hz 187Hz  389Hz   99.8dB    4l +   3l  - 1x50mm    649mm
 98.5Hz 198Hz  397Hz  101.5dB    4l +   3l  - 1x50mm    579mm
108.0Hz 210Hz  407Hz  103.1dB    3l +   3l  - 1x50mm    516mm
118.2Hz 222Hz  417Hz  104.6dB    3l +   3l  - 1x50mm    460mm
129.2Hz 235Hz  428Hz  106.2dB    3l +   3l  - 1x50mm    410mm
141.0Hz 249Hz  440Hz  107.7dB    2l +   3l    1x70mm    716mm
153.8Hz 264Hz  453Hz  109.2dB    2l +   3l    1x70mm    638mm
167.5Hz 280Hz  466Hz  110.7dB    2l +   3l    1x70mm    569mm
182.2Hz 296Hz  481Hz  112.1dB    2l +   3l    1x70mm    507mm
197.9Hz 314Hz  497Hz  113.6dB    1l +   3l    1x70mm    452mm
214.8Hz 332Hz  514Hz  115.0dB    1l +   3l    1x70mm    403mm
232.8Hz 352Hz  532Hz  116.4dB    1l +   3l    1x70mm    359mm
252.1Hz 373Hz  551Hz  117.8dB    1l +   3l    1x70mm    320mm
-------------
FE83En
            88.0dB             5W       1x40mm
   fu     fb      fo      SplMech  Vb1     Vb2       d         l        C
 41.8Hz  87Hz  181Hz   54.8dB   -1l +   1l    1x40mm   4969mm
 45.8Hz  92Hz  185Hz   56.4dB   -1l +   1l    1x40mm   4428mm
 50.2Hz  97Hz  189Hz   58.0dB   -1l +   1l    1x40mm   3947mm
 55.0Hz 103Hz  194Hz   59.5dB   -1l +   1l    1x40mm   3518mm
 60.1Hz 109Hz  199Hz   61.1dB   -1l +   1l    1x40mm   3135mm
 65.6Hz 116Hz  204Hz   62.6dB   -1l +   1l    1x40mm   2794mm
 71.5Hz 123Hz  210Hz   64.1dB   -2l +   1l    1x40mm   2490mm
 77.9Hz 130Hz  217Hz   65.6dB   -2l +   1l    1x40mm   2220mm
 84.7Hz 138Hz  224Hz   67.1dB   -2l +   1l    1x40mm   1978mm
 92.0Hz 146Hz  231Hz   68.5dB   -3l +   1l    1x40mm   1763mm
 99.9Hz 154Hz  239Hz   69.9dB   -6l +   1l    1x40mm   1571mm
108.3Hz 164Hz  247Hz   71.3dB  -41l +   1l    1x40mm   1401mm
117.2Hz 169Hz  256Hz   72.7dB   14l +   1l    1x40mm   1312mm
126.8Hz 184Hz  266Hz   74.1dB    3l +   1l    1x40mm   1112mm
137.0Hz 194Hz  276Hz   75.4dB    2l +   1l    1x40mm    991mm
147.9Hz 206Hz  287Hz   76.7dB    1l +   1l    1x40mm    884mm
159.5Hz 218Hz  298Hz   78.1dB    1l +   1l    1x40mm    787mm
 41.8Hz 101Hz  181Hz   54.8dB   -1l +   1l    1x40mm   4969mm
 45.8Hz 107Hz  185Hz   56.4dB   -1l +   1l    1x40mm   4428mm
 50.2Hz 114Hz  189Hz   58.0dB   -1l +   1l    1x40mm   3946mm
 55.0Hz 120Hz  194Hz   59.5dB   -1l +   1l    1x40mm   3518mm
 60.1Hz 128Hz  199Hz   61.1dB   -2l +   1l    1x40mm   3136mm
 65.6Hz 135Hz  204Hz   62.6dB   -2l +   1l    1x40mm   2794mm
 71.5Hz 143Hz  210Hz   64.1dB   -3l +   1l    1x40mm   2490mm
 77.9Hz 152Hz  217Hz   65.6dB   -4l +   1l    1x40mm   2220mm
 84.7Hz 161Hz  224Hz   67.1dB  -13l +   1l    1x40mm   1978mm
 92.0Hz 170Hz  231Hz   68.5dB   11l +   1l    1x40mm   1763mm
 99.9Hz 180Hz  239Hz   69.9dB    4l +   1l    1x40mm   1571mm
108.3Hz 164Hz  247Hz   71.3dB  -41l +   1l    1x40mm   1906mm
117.2Hz 169Hz  256Hz   72.7dB   14l +   1l    1x40mm   1785mm
126.8Hz 184Hz  266Hz   74.1dB    3l +   1l    1x40mm   1514mm
117.8Hz 194Hz  276Hz   72.8dB    2l +   1l    1x40mm   1349mm
128.6Hz 206Hz  287Hz   74.3dB    1l +   1l    1x40mm   1203mm
159.5Hz 218Hz  298Hz   78.1dB    1l +   1l    1x40mm   1072mm
 50.1Hz 122Hz  295Hz   57.9dB   -2l +   1l    1x40mm   4968mm
 55.2Hz 129Hz  300Hz   59.6dB   -2l +   1l    1x40mm   4429mm
 60.9Hz 136Hz  306Hz   61.3dB   -2l +   1l    1x40mm   3948mm
 66.9Hz 144Hz  312Hz   63.0dB   -3l +   1l    1x40mm   3518mm
 73.5Hz 153Hz  318Hz   64.6dB   -5l +   1l    1x40mm   3135mm
 80.7Hz 162Hz  326Hz   66.2dB  -20l +   1l    1x40mm   2794mm
 88.5Hz 172Hz  333Hz   67.8dB    8l +   1l    1x40mm   2490mm
 96.8Hz 182Hz  342Hz   69.4dB    3l +   1l    1x40mm   2219mm
105.8Hz 193Hz  351Hz   70.9dB    2l +   1l    1x40mm   1978mm
115.6Hz 204Hz  360Hz   72.5dB    1l +   1l    1x40mm   1763mm
126.0Hz 216Hz  371Hz   74.0dB    1l +   1l    1x40mm   1571mm
137.2Hz 229Hz  382Hz   75.4dB    1l +   1l    1x40mm   1400mm
149.3Hz 243Hz  394Hz   76.9dB    1l +   1l    1x40mm   1248mm
162.2Hz 257Hz  407Hz   78.3dB    0l +   1l    1x40mm   1112mm
176.0Hz 272Hz  421Hz   79.8dB    0l +   1l    1x40mm    991mm
190.8Hz 288Hz  436Hz   81.2dB    0l +   1l    1x40mm    884mm
206.6Hz 305Hz  451Hz   82.5dB    0l +   1l    1x40mm    788mm
