-------------
fe126e
      93.0dB             15W
Rpre   Spl     SplMech Pmech SplEle      f3

0.20  90.7dB: ( 94.0dB     2W 101.9dB) @ 174Hz
              ( 97.0dB     5W 101.9dB) @ 207Hz
              (100.0dB    10W 101.9dB) @ 246Hz
              (103.0dB    19W 101.9dB) @ 292Hz
              (106.0dB    38W 101.9dB) @ 347Hz
              (109.0dB    77W 101.9dB) @ 413Hz
0.60  90.5dB: ( 93.1dB     2W 101.7dB) @ 165Hz
              ( 96.1dB     4W 101.7dB) @ 197Hz
              ( 99.2dB     8W 101.7dB) @ 234Hz
              (102.2dB    17W 101.7dB) @ 278Hz
              (105.2dB    33W 101.7dB) @ 331Hz
              (108.2dB    67W 101.7dB) @ 393Hz
              (111.2dB   133W 101.7dB) @ 468Hz
1.00  90.3dB: ( 92.3dB     2W 101.5dB) @ 158Hz
              ( 95.3dB     4W 101.5dB) @ 188Hz
              ( 98.3dB     7W 101.5dB) @ 223Hz
              (101.4dB    15W 101.5dB) @ 266Hz
              (104.4dB    29W 101.5dB) @ 316Hz
              (107.4dB    58W 101.5dB) @ 376Hz
              (110.4dB   117W 101.5dB) @ 447Hz
