-------------
FW168
      87.3dB                             50W
Rpre   Spl      qtc    Vb     SplMech Pmech SplEle      f3

0.20  86.9dB:   0.5   32.1l: (108.3dB   153W 103.5dB) @  80Hz
                0.6   14.0l: (107.3dB   121W 103.5dB) @  76Hz
                0.7    8.4l: (107.4dB   123W 103.5dB) @  76Hz
                0.8    5.7l: (108.8dB   170W 103.5dB) @  82Hz
                0.9    4.2l: (109.3dB   190W 103.5dB) @  85Hz
                1.0    3.3l: (109.8dB   216W 103.5dB) @  87Hz
                1.1    2.6l: (110.6dB   257W 103.5dB) @  91Hz
                1.1    2.6l: (107.7dB   133W 103.5dB) @  78Hz (  396uF)

0.60  86.7dB:   0.5   43.3l: (107.5dB   134W 103.2dB) @  77Hz
                0.6   16.7l: (106.5dB   107W 103.2dB) @  72Hz
                0.7    9.7l: (106.6dB   108W 103.2dB) @  73Hz
                0.8    6.5l: (108.0dB   149W 103.2dB) @  79Hz
                0.9    4.7l: (108.5dB   167W 103.2dB) @  81Hz
                1.0    3.6l: (109.0dB   190W 103.2dB) @  84Hz
                1.1    2.9l: (109.8dB   226W 103.2dB) @  87Hz
                1.1    2.9l: (106.9dB   117W 103.2dB) @  74Hz (  415uF)

1.00  86.5dB:   0.5   61.9l: (106.8dB   119W 103.0dB) @  73Hz
                0.6   20.0l: (105.8dB    94W 103.0dB) @  69Hz
                0.7   11.1l: (105.8dB    95W 103.0dB) @  69Hz
                0.8    7.4l: (107.2dB   132W 103.0dB) @  75Hz
                0.9    5.3l: (107.7dB   147W 103.0dB) @  77Hz
                1.0    4.1l: (108.3dB   168W 103.0dB) @  80Hz
                1.1    3.2l: (109.0dB   199W 103.0dB) @  84Hz
                1.1    3.2l: (106.2dB   103W 103.0dB) @  71Hz (  433uF)

-------------
FW146
      86.1dB                             35W
Rpre   Spl      qtc    Vb     SplMech Pmech SplEle      f3

0.20  86.0dB:   0.5   21.8l: (103.9dB    83W 100.2dB) @  87Hz
                0.6    9.0l: (102.9dB    66W 100.2dB) @  82Hz
                0.7    5.3l: (103.0dB    67W 100.2dB) @  83Hz
                0.8    3.6l: (104.4dB    92W 100.2dB) @  90Hz
                0.9    2.7l: (104.9dB   103W 100.2dB) @  92Hz
                1.0    2.0l: (105.4dB   117W 100.2dB) @  95Hz
                1.1    1.6l: (106.2dB   140W 100.2dB) @  99Hz
                1.1    1.6l: (103.3dB    72W 100.2dB) @  84Hz (  438uF)

0.60  85.7dB:   0.5   32.9l: (103.0dB    71W  99.9dB) @  83Hz
                0.6   11.3l: (102.0dB    56W  99.9dB) @  78Hz
                0.7    6.3l: (102.0dB    57W  99.9dB) @  78Hz
                0.8    4.2l: (103.4dB    79W  99.9dB) @  85Hz
                0.9    3.1l: (103.9dB    88W  99.9dB) @  87Hz
                1.0    2.3l: (104.5dB   100W  99.9dB) @  90Hz
                1.1    1.9l: (105.2dB   119W  99.9dB) @  94Hz
                1.1    1.9l: (102.4dB    62W  99.9dB) @  80Hz (  462uF)

1.00  85.5dB:   0.5   57.1l: (102.1dB    62W  99.6dB) @  78Hz
                0.6   14.3l: (101.1dB    49W  99.6dB) @  74Hz
                0.7    7.6l: (101.1dB    49W  99.6dB) @  74Hz
                0.8    4.9l: (102.5dB    68W  99.6dB) @  81Hz
                0.9    3.5l: (103.0dB    76W  99.6dB) @  83Hz
                1.0    2.7l: (103.6dB    87W  99.6dB) @  86Hz
                1.1    2.1l: (104.3dB   103W  99.6dB) @  89Hz
                1.1    2.1l: (101.5dB    53W  99.6dB) @  76Hz (  487uF)

