-------------
m10
            92.1dB           200W      1x100mm
   fu     fb      fo      SplMech  Vb1     Vb2       d         l        C
 17.2Hz  36Hz   74Hz   92.0dB  209l +  19l  * 1x50mm   2375mm
 18.9Hz  38Hz   76Hz   93.7dB  137l +  19l  * 1x50mm   2116mm
 20.7Hz  40Hz   78Hz   95.2dB   99l +  19l  * 1x50mm   1886mm
 22.6Hz  42Hz   80Hz   96.8dB   75l +  19l  * 1x50mm   1681mm
 24.7Hz  45Hz   82Hz   98.4dB   60l +  19l  * 1x50mm   1498mm
 27.0Hz  48Hz   84Hz   99.9dB   48l +  19l  * 1x50mm   1335mm
 29.4Hz  50Hz   87Hz  101.4dB   40l +  19l  * 1x50mm   1190mm
 32.1Hz  53Hz   89Hz  102.9dB   33l +  19l  * 1x50mm   1061mm
 34.9Hz  57Hz   92Hz  104.3dB   28l +  19l  * 1x50mm    945mm
 37.9Hz  60Hz   95Hz  105.8dB   24l +  19l  * 1x50mm    843mm
 41.1Hz  64Hz   98Hz  107.2dB   20l +  19l  * 1x50mm    751mm
 44.6Hz  67Hz  102Hz  108.6dB   18l +  19l  * 1x50mm    669mm
 48.3Hz  70Hz  105Hz  110.0dB   16l +  19l  * 1x50mm    627mm
 52.2Hz  76Hz  109Hz  111.3dB   13l +  19l  * 1x50mm    532mm
 56.4Hz  80Hz  114Hz  112.7dB   11l +  19l  * 1x50mm    474mm
 60.9Hz  85Hz  118Hz  114.0dB   10l +  19l  * 1x50mm    422mm
 65.7Hz  90Hz  123Hz  115.3dB    9l +  19l  - 1x70mm    738mm
 17.2Hz  42Hz   74Hz   92.0dB   82l +  14l  * 1x50mm   2375mm
 18.9Hz  44Hz   76Hz   93.7dB   64l +  14l  * 1x50mm   2116mm
 20.7Hz  47Hz   78Hz   95.2dB   51l +  14l  * 1x50mm   1886mm
 22.6Hz  50Hz   80Hz   96.8dB   42l +  14l  * 1x50mm   1681mm
 24.7Hz  53Hz   82Hz   98.4dB   35l +  14l  * 1x50mm   1499mm
 27.0Hz  56Hz   84Hz   99.9dB   29l +  14l  * 1x50mm   1335mm
 29.4Hz  59Hz   87Hz  101.4dB   25l +  14l  * 1x50mm   1190mm
 32.1Hz  62Hz   89Hz  102.9dB   21l +  14l  * 1x50mm   1061mm
 34.9Hz  66Hz   92Hz  104.3dB   18l +  14l  * 1x50mm    945mm
 37.9Hz  70Hz   95Hz  105.8dB   16l +  14l  * 1x50mm    843mm
 41.1Hz  74Hz   98Hz  107.2dB   14l +  14l  * 1x50mm    751mm
 44.6Hz  67Hz  102Hz  108.6dB   18l +  14l  * 1x50mm    911mm
 48.3Hz  70Hz  105Hz  110.0dB   16l +  14l  * 1x50mm    853mm
 52.2Hz  76Hz  109Hz  111.3dB   13l +  14l  * 1x50mm    724mm
 48.5Hz  80Hz  114Hz  110.1dB   11l +  14l  * 1x50mm    645mm
 53.0Hz  85Hz  118Hz  111.6dB   10l +  14l  * 1x50mm    575mm
 65.7Hz  90Hz  123Hz  115.3dB    9l +  14l  * 1x50mm    512mm
 20.6Hz  50Hz  121Hz   95.2dB   41l +  10l  * 1x50mm   2374mm
 22.7Hz  53Hz  124Hz   96.9dB   34l +  10l  * 1x50mm   2117mm
 25.1Hz  56Hz  126Hz   98.6dB   29l +  10l  * 1x50mm   1887mm
 27.6Hz  59Hz  128Hz  100.2dB   24l +  10l  * 1x50mm   1681mm
 30.3Hz  63Hz  131Hz  101.9dB   21l +  10l  * 1x50mm   1498mm
 33.2Hz  67Hz  134Hz  103.5dB   18l +  10l  * 1x50mm   1335mm
 36.4Hz  71Hz  137Hz  105.1dB   16l +  10l  * 1x50mm   1190mm
 39.9Hz  75Hz  141Hz  106.7dB   13l +  10l  * 1x50mm   1061mm
 43.6Hz  79Hz  144Hz  108.2dB   12l +  10l  * 1x50mm    945mm
 47.6Hz  84Hz  148Hz  109.7dB   10l +  10l  * 1x50mm    842mm
 51.9Hz  89Hz  153Hz  111.2dB    9l +  10l  * 1x50mm    751mm
 56.5Hz  94Hz  157Hz  112.7dB    8l +  10l  * 1x50mm    669mm
 61.5Hz 100Hz  162Hz  114.2dB    7l +  10l  * 1x50mm    597mm
 66.8Hz 106Hz  168Hz  115.6dB    6l +  10l  * 1x50mm    532mm
 72.5Hz 112Hz  173Hz  117.0dB    5l +  10l  * 1x50mm    474mm
 78.5Hz 119Hz  179Hz  118.4dB    5l +  10l  * 1x50mm    422mm
 85.0Hz 126Hz  186Hz  119.8dB    4l +  10l  - 1x70mm    738mm
-------------
m12
            92.2dB           300W      1x100mm
   fu     fb      fo      SplMech  Vb1     Vb2       d         l        C
 16.0Hz  33Hz   69Hz   93.3dB  377l +  34l  * 1x50mm   1548mm
 17.5Hz  35Hz   71Hz   94.9dB  246l +  34l  * 1x50mm   1380mm
 19.2Hz  37Hz   72Hz   96.5dB  177l +  34l  * 1x50mm   1230mm
 21.0Hz  40Hz   74Hz   98.1dB  135l +  34l  * 1x50mm   1096mm
 23.0Hz  42Hz   76Hz   99.6dB  106l +  34l  * 1x50mm    977mm
 25.1Hz  44Hz   78Hz  101.2dB   86l +  34l  * 1x50mm    871mm
 27.4Hz  47Hz   81Hz  102.7dB   71l +  34l  * 1x50mm    776mm
 29.8Hz  50Hz   83Hz  104.2dB   59l +  34l  * 1x50mm    692mm
 32.4Hz  53Hz   86Hz  105.6dB   50l +  34l  * 1x50mm    616mm
 35.2Hz  56Hz   88Hz  107.1dB   42l +  34l  * 1x50mm    549mm
 38.3Hz  59Hz   91Hz  108.5dB   36l +  34l  * 1x50mm    490mm
 41.5Hz  63Hz   95Hz  109.9dB   31l +  34l  * 1x50mm    436mm
 44.9Hz  65Hz   98Hz  111.3dB   29l +  34l  * 1x50mm    409mm
 48.6Hz  70Hz  102Hz  112.6dB   23l +  34l  - 1x70mm    679mm
 52.5Hz  74Hz  106Hz  114.0dB   20l +  34l  - 1x70mm    605mm
 56.6Hz  79Hz  110Hz  115.3dB   18l +  34l  - 1x70mm    540mm
 61.1Hz  84Hz  114Hz  116.6dB   16l +  34l  - 1x70mm    481mm
 16.0Hz  39Hz   69Hz   93.3dB  146l +  25l  * 1x50mm   1548mm
 17.5Hz  41Hz   71Hz   94.9dB  114l +  25l  * 1x50mm   1379mm
 19.2Hz  44Hz   72Hz   96.5dB   92l +  25l  * 1x50mm   1229mm
 21.0Hz  46Hz   74Hz   98.1dB   75l +  25l  * 1x50mm   1096mm
 23.0Hz  49Hz   76Hz   99.6dB   62l +  25l  * 1x50mm    977mm
 25.1Hz  52Hz   78Hz  101.2dB   52l +  25l  * 1x50mm    870mm
 27.4Hz  55Hz   81Hz  102.7dB   44l +  25l  * 1x50mm    776mm
 29.8Hz  58Hz   83Hz  104.2dB   38l +  25l  * 1x50mm    692mm
 32.4Hz  61Hz   86Hz  105.6dB   33l +  25l  * 1x50mm    616mm
 35.2Hz  65Hz   88Hz  107.1dB   28l +  25l  * 1x50mm    549mm
 38.3Hz  69Hz   91Hz  108.5dB   24l +  25l  * 1x50mm    490mm
 41.5Hz  63Hz   95Hz  109.9dB   31l +  25l  * 1x50mm    594mm
 44.9Hz  65Hz   98Hz  111.3dB   29l +  25l  * 1x50mm    556mm
 48.6Hz  70Hz  102Hz  112.6dB   23l +  25l  * 1x50mm    472mm
 45.1Hz  74Hz  106Hz  111.3dB   20l +  25l  * 1x50mm    420mm
 49.3Hz  79Hz  110Hz  112.9dB   18l +  25l  - 1x70mm    734mm
 61.1Hz  84Hz  114Hz  116.6dB   16l +  25l  - 1x70mm    654mm
 19.2Hz  47Hz  113Hz   96.5dB   73l +  18l  * 1x50mm   1548mm
 21.2Hz  49Hz  115Hz   98.2dB   61l +  18l  * 1x50mm   1380mm
 23.3Hz  52Hz  117Hz   99.9dB   51l +  18l  * 1x50mm   1230mm
 25.6Hz  55Hz  119Hz  101.5dB   43l +  18l  * 1x50mm   1096mm
 28.2Hz  59Hz  122Hz  103.2dB   37l +  18l  * 1x50mm    977mm
 30.9Hz  62Hz  125Hz  104.8dB   32l +  18l  * 1x50mm    871mm
 33.9Hz  66Hz  128Hz  106.4dB   28l +  18l  * 1x50mm    776mm
 37.1Hz  70Hz  131Hz  107.9dB   24l +  18l  * 1x50mm    691mm
 40.5Hz  74Hz  134Hz  109.5dB   21l +  18l  * 1x50mm    616mm
 44.3Hz  78Hz  138Hz  111.0dB   18l +  18l  * 1x50mm    549mm
 48.3Hz  83Hz  142Hz  112.5dB   16l +  18l  * 1x50mm    490mm
 52.6Hz  88Hz  146Hz  114.0dB   14l +  18l  * 1x50mm    436mm
 57.2Hz  93Hz  151Hz  115.5dB   12l +  18l  - 1x70mm    762mm
 62.1Hz  98Hz  156Hz  116.9dB   11l +  18l  - 1x70mm    679mm
 67.4Hz 104Hz  161Hz  118.3dB   10l +  18l  - 1x70mm    605mm
 73.1Hz 110Hz  167Hz  119.7dB    8l +  18l  - 1x70mm    540mm
 79.1Hz 117Hz  173Hz  121.1dB    7l +  18l  - 1x70mm    481mm
-------------
m15
            93.3dB           400W      2x100mm
   fu     fb      fo      SplMech  Vb1     Vb2       d         l        C
 11.7Hz  24Hz   51Hz   98.5dB -813l +  91l  * 1x70mm   2129mm
 12.9Hz  26Hz   52Hz  100.1dB -1432l +  91l  * 1x70mm   1898mm
 14.1Hz  27Hz   53Hz  101.7dB -9910l +  91l  * 1x70mm   1691mm
 15.4Hz  29Hz   54Hz  103.3dB 1761l +  91l  * 1x70mm   1508mm
 16.9Hz  31Hz   56Hz  104.8dB  757l +  91l  * 1x70mm   1343mm
 18.4Hz  33Hz   57Hz  106.4dB  462l +  91l  * 1x70mm   1197mm
 20.1Hz  34Hz   59Hz  107.9dB  322l +  91l  * 1x70mm   1067mm
 21.9Hz  36Hz   61Hz  109.4dB  240l +  91l  * 1x70mm    951mm
 23.8Hz  39Hz   63Hz  110.8dB  186l +  91l  * 1x70mm    848mm
 25.8Hz  41Hz   65Hz  112.3dB  149l +  91l  * 1x70mm    755mm
 28.0Hz  43Hz   67Hz  113.7dB  122l +  91l  * 1x70mm    673mm
 30.4Hz  46Hz   69Hz  115.1dB  101l +  91l  * 1x70mm    600mm
 32.9Hz  47Hz   72Hz  116.5dB   91l +  91l  * 1x70mm    562mm
 35.6Hz  52Hz   75Hz  117.8dB   72l +  91l  * 1x70mm    477mm
 38.5Hz  55Hz   77Hz  119.2dB   61l +  91l  * 1x70mm    425mm
 41.5Hz  58Hz   80Hz  120.5dB   53l +  91l  - 1x100mm   773mm
 44.8Hz  61Hz   84Hz  121.8dB   46l +  91l  - 1x100mm   689mm
 11.7Hz  28Hz   51Hz   98.5dB 2904l +  67l  * 1x70mm   2129mm
 12.9Hz  30Hz   52Hz  100.1dB  935l +  67l  * 1x70mm   1897mm
 14.1Hz  32Hz   53Hz  101.7dB  531l +  67l  * 1x70mm   1691mm
 15.4Hz  34Hz   54Hz  103.3dB  358l +  67l  * 1x70mm   1507mm
 16.9Hz  36Hz   56Hz  104.8dB  262l +  67l  * 1x70mm   1344mm
 18.4Hz  38Hz   57Hz  106.4dB  201l +  67l  * 1x70mm   1197mm
 20.1Hz  40Hz   59Hz  107.9dB  160l +  67l  * 1x70mm   1067mm
 21.9Hz  43Hz   61Hz  109.4dB  130l +  67l  * 1x70mm    951mm
 23.8Hz  45Hz   63Hz  110.8dB  107l +  67l  * 1x70mm    848mm
 25.8Hz  48Hz   65Hz  112.3dB   90l +  67l  * 1x70mm    755mm
 28.0Hz  51Hz   67Hz  113.7dB   76l +  67l  * 1x70mm    673mm
 30.4Hz  46Hz   69Hz  115.1dB  101l +  67l  * 1x70mm    817mm
 32.9Hz  47Hz   72Hz  116.5dB   91l +  67l  * 1x70mm    765mm
 35.6Hz  52Hz   75Hz  117.8dB   72l +  67l  * 1x70mm    649mm
 33.1Hz  55Hz   77Hz  116.5dB   61l +  67l  * 1x70mm    578mm
 36.1Hz  58Hz   80Hz  118.1dB   53l +  67l  * 1x70mm    515mm
 44.8Hz  61Hz   84Hz  121.8dB   46l +  67l  * 1x70mm    459mm
 14.1Hz  34Hz   83Hz  101.7dB  338l +  47l  * 1x70mm   2129mm
 15.5Hz  36Hz   84Hz  103.4dB  250l +  47l  * 1x70mm   1898mm
 17.1Hz  38Hz   86Hz  105.1dB  193l +  47l  * 1x70mm   1692mm
 18.8Hz  41Hz   88Hz  106.7dB  154l +  47l  * 1x70mm   1507mm
 20.6Hz  43Hz   89Hz  108.4dB  126l +  47l  * 1x70mm   1344mm
 22.7Hz  46Hz   91Hz  110.0dB  104l +  47l  * 1x70mm   1197mm
 24.8Hz  48Hz   94Hz  111.6dB   87l +  47l  * 1x70mm   1067mm
 27.2Hz  51Hz   96Hz  113.1dB   74l +  47l  * 1x70mm    951mm
 29.7Hz  54Hz   98Hz  114.7dB   63l +  47l  * 1x70mm    848mm
 32.4Hz  57Hz  101Hz  116.2dB   54l +  47l  * 1x70mm    755mm
 35.4Hz  61Hz  104Hz  117.7dB   47l +  47l  * 1x70mm    673mm
 38.5Hz  64Hz  107Hz  119.2dB   40l +  47l  * 1x70mm    600mm
 41.9Hz  68Hz  111Hz  120.7dB   35l +  47l  * 1x70mm    535mm
 45.5Hz  72Hz  114Hz  122.1dB   31l +  47l  * 1x70mm    477mm
 49.4Hz  76Hz  118Hz  123.5dB   27l +  47l  * 1x70mm    425mm
 53.5Hz  81Hz  122Hz  124.9dB   24l +  47l  - 1x100mm   773mm
 58.0Hz  86Hz  127Hz  126.3dB   21l +  47l  - 1x100mm   689mm
