-------------
m15
      93.3dB                            400W
Rpre   Spl      qtc    Vb     SplMech Pmech SplEle      f3

0.20  90.1dB:   0.6  467.7l: ( 98.5dB    14W 112.9dB) @  37Hz
                0.7  202.8l: ( 98.5dB    15W 112.9dB) @  37Hz
                0.8  122.7l: (100.0dB    20W 112.9dB) @  40Hz
                0.9   84.7l: (100.4dB    22W 112.9dB) @  41Hz
                1.0   63.0l: (101.0dB    26W 112.9dB) @  43Hz
                1.1   49.0l: (101.7dB    30W 112.9dB) @  45Hz
                1.1   49.0l: ( 98.9dB    16W 112.9dB) @  38Hz ( 1498uF)

0.60  89.6dB:   0.7  301.6l: ( 97.1dB    11W 112.5dB) @  34Hz
                0.8  165.5l: ( 98.5dB    16W 112.5dB) @  37Hz
                0.9  109.5l: ( 99.0dB    18W 112.5dB) @  38Hz
                1.0   79.4l: ( 99.5dB    20W 112.5dB) @  39Hz
                1.1   61.0l: (100.3dB    24W 112.5dB) @  41Hz
                1.1   61.0l: ( 97.4dB    12W 112.5dB) @  35Hz ( 1628uF)

1.00  89.3dB:   0.7  483.6l: ( 95.8dB     9W 112.2dB) @  32Hz
                0.8  226.6l: ( 97.2dB    13W 112.2dB) @  34Hz
                0.9  141.4l: ( 97.7dB    14W 112.2dB) @  35Hz
                1.0   99.6l: ( 98.2dB    16W 112.2dB) @  36Hz
                1.1   75.0l: ( 99.0dB    19W 112.2dB) @  38Hz
                1.1   75.0l: ( 96.1dB    10W 112.2dB) @  32Hz ( 1756uF)

