-------------
sw-12-04
            88.4dB           200W      1x100mm
   fu     fb      fo      SplMech  Vb1     Vb2       d         l        C
 15.6Hz  32Hz   67Hz  103.0dB  104l +  24l  * 1x50mm   2380mm
 17.1Hz  34Hz   69Hz  104.6dB   86l +  24l  * 1x50mm   2122mm
 18.8Hz  36Hz   71Hz  106.2dB   71l +  24l  * 1x50mm   1891mm
 20.5Hz  39Hz   72Hz  107.8dB   60l +  24l  * 1x50mm   1686mm
 22.4Hz  41Hz   74Hz  109.3dB   51l +  24l  * 1x50mm   1502mm
 24.5Hz  43Hz   76Hz  110.8dB   44l +  24l  * 1x50mm   1339mm
 26.7Hz  46Hz   79Hz  112.3dB   38l +  24l  * 1x50mm   1193mm
 29.1Hz  49Hz   81Hz  113.8dB   33l +  24l  * 1x50mm   1063mm
 31.6Hz  51Hz   83Hz  115.3dB   28l +  24l  * 1x50mm    948mm
 34.4Hz  54Hz   86Hz  116.7dB   25l +  24l  * 1x50mm    845mm
 37.3Hz  58Hz   89Hz  118.1dB   22l +  24l  * 1x50mm    753mm
 40.4Hz  61Hz   92Hz  119.5dB   19l +  24l  * 1x50mm    671mm
 43.8Hz  63Hz   96Hz  120.9dB   18l +  24l  * 1x50mm    628mm
 47.4Hz  69Hz   99Hz  122.3dB   15l +  24l  * 1x50mm    533mm
 51.2Hz  73Hz  103Hz  123.6dB   13l +  24l  * 1x50mm    475mm
 55.2Hz  77Hz  107Hz  125.0dB   11l +  24l  * 1x50mm    423mm
 59.6Hz  81Hz  111Hz  126.3dB   10l +  24l  - 1x70mm    739mm
 15.6Hz  38Hz   67Hz  103.0dB   64l +  17l  * 1x50mm   2381mm
 17.1Hz  40Hz   69Hz  104.6dB   54l +  17l  * 1x50mm   2121mm
 18.8Hz  42Hz   71Hz  106.2dB   46l +  17l  * 1x50mm   1891mm
 20.5Hz  45Hz   72Hz  107.8dB   40l +  17l  * 1x50mm   1685mm
 22.4Hz  48Hz   74Hz  109.3dB   34l +  17l  * 1x50mm   1502mm
 24.5Hz  50Hz   76Hz  110.8dB   30l +  17l  * 1x50mm   1339mm
 26.7Hz  53Hz   79Hz  112.3dB   26l +  17l  * 1x50mm   1193mm
 29.1Hz  57Hz   81Hz  113.8dB   23l +  17l  * 1x50mm   1063mm
 31.6Hz  60Hz   83Hz  115.3dB   20l +  17l  * 1x50mm    948mm
 34.4Hz  64Hz   86Hz  116.7dB   17l +  17l  * 1x50mm    845mm
 37.3Hz  67Hz   89Hz  118.1dB   15l +  17l  * 1x50mm    753mm
 40.4Hz  61Hz   92Hz  119.5dB   19l +  17l  * 1x50mm    913mm
 43.8Hz  63Hz   96Hz  120.9dB   18l +  17l  * 1x50mm    855mm
 47.4Hz  69Hz   99Hz  122.3dB   15l +  17l  * 1x50mm    725mm
 44.0Hz  73Hz  103Hz  121.0dB   13l +  17l  * 1x50mm    646mm
 48.0Hz  77Hz  107Hz  122.5dB   11l +  17l  * 1x50mm    576mm
 59.6Hz  81Hz  111Hz  126.3dB   10l +  17l  * 1x50mm    513mm
 18.7Hz  45Hz  110Hz  106.2dB   39l +  12l  * 1x50mm   2380mm
 20.6Hz  48Hz  112Hz  107.9dB   33l +  12l  * 1x50mm   2122mm
 22.7Hz  51Hz  114Hz  109.5dB   29l +  12l  * 1x50mm   1891mm
 25.0Hz  54Hz  116Hz  111.2dB   25l +  12l  * 1x50mm   1685mm
 27.5Hz  57Hz  119Hz  112.8dB   22l +  12l  * 1x50mm   1502mm
 30.1Hz  61Hz  122Hz  114.4dB   19l +  12l  * 1x50mm   1339mm
 33.0Hz  64Hz  124Hz  116.0dB   17l +  12l  * 1x50mm   1193mm
 36.2Hz  68Hz  128Hz  117.6dB   15l +  12l  * 1x50mm   1063mm
 39.5Hz  72Hz  131Hz  119.1dB   13l +  12l  * 1x50mm    948mm
 43.2Hz  76Hz  135Hz  120.7dB   12l +  12l  * 1x50mm    845mm
 47.1Hz  81Hz  139Hz  122.2dB   10l +  12l  * 1x50mm    753mm
 51.2Hz  86Hz  143Hz  123.7dB    9l +  12l  * 1x50mm    671mm
 55.7Hz  91Hz  147Hz  125.1dB    8l +  12l  * 1x50mm    598mm
 60.6Hz  96Hz  152Hz  126.6dB    7l +  12l  * 1x50mm    533mm
 65.7Hz 102Hz  157Hz  128.0dB    6l +  12l  * 1x50mm    475mm
 71.2Hz 108Hz  163Hz  129.4dB    6l +  12l  * 1x50mm    423mm
 77.1Hz 114Hz  169Hz  130.8dB    5l +  12l  - 1x70mm    739mm
-------------
sw-12-08
            87.7dB           200W      1x100mm
   fu     fb      fo      SplMech  Vb1     Vb2       d         l        C
 14.3Hz  30Hz   62Hz  101.5dB  174l +  28l  * 1x50mm   2390mm
 15.7Hz  32Hz   63Hz  103.1dB  134l +  28l  * 1x50mm   2130mm
 17.2Hz  33Hz   65Hz  104.7dB  106l +  28l  * 1x50mm   1899mm
 18.9Hz  35Hz   67Hz  106.3dB   86l +  28l  * 1x50mm   1693mm
 20.6Hz  38Hz   68Hz  107.8dB   71l +  28l  * 1x50mm   1508mm
 22.5Hz  40Hz   70Hz  109.4dB   59l +  28l  * 1x50mm   1344mm
 24.5Hz  42Hz   72Hz  110.9dB   50l +  28l  * 1x50mm   1198mm
 26.7Hz  45Hz   74Hz  112.4dB   43l +  28l  * 1x50mm   1068mm
 29.1Hz  47Hz   77Hz  113.8dB   36l +  28l  * 1x50mm    952mm
 31.6Hz  50Hz   79Hz  115.3dB   31l +  28l  * 1x50mm    848mm
 34.3Hz  53Hz   82Hz  116.7dB   27l +  28l  * 1x50mm    756mm
 37.2Hz  56Hz   85Hz  118.1dB   24l +  28l  * 1x50mm    674mm
 40.2Hz  58Hz   88Hz  119.5dB   22l +  28l  * 1x50mm    631mm
 43.5Hz  63Hz   91Hz  120.8dB   18l +  28l  * 1x50mm    535mm
 47.0Hz  67Hz   95Hz  122.2dB   16l +  28l  * 1x50mm    477mm
 50.8Hz  71Hz   98Hz  123.5dB   14l +  28l  * 1x50mm    425mm
 54.7Hz  75Hz  102Hz  124.8dB   12l +  28l  - 1x70mm    743mm
 14.3Hz  35Hz   62Hz  101.5dB   92l +  20l  * 1x50mm   2390mm
 15.7Hz  37Hz   63Hz  103.1dB   75l +  20l  * 1x50mm   2130mm
 17.2Hz  39Hz   65Hz  104.7dB   63l +  20l  * 1x50mm   1898mm
 18.9Hz  41Hz   67Hz  106.3dB   53l +  20l  * 1x50mm   1692mm
 20.6Hz  44Hz   68Hz  107.8dB   45l +  20l  * 1x50mm   1508mm
 22.5Hz  46Hz   70Hz  109.4dB   38l +  20l  * 1x50mm   1344mm
 24.5Hz  49Hz   72Hz  110.9dB   33l +  20l  * 1x50mm   1198mm
 26.7Hz  52Hz   74Hz  112.4dB   28l +  20l  * 1x50mm   1068mm
 29.1Hz  55Hz   77Hz  113.8dB   25l +  20l  * 1x50mm    952mm
 31.6Hz  58Hz   79Hz  115.3dB   22l +  20l  * 1x50mm    848mm
 34.3Hz  62Hz   82Hz  116.7dB   19l +  20l  * 1x50mm    756mm
 37.2Hz  56Hz   85Hz  118.1dB   24l +  20l  * 1x50mm    917mm
 40.2Hz  58Hz   88Hz  119.5dB   22l +  20l  * 1x50mm    859mm
 43.5Hz  63Hz   91Hz  120.8dB   18l +  20l  * 1x50mm    728mm
 40.4Hz  67Hz   95Hz  119.5dB   16l +  20l  * 1x50mm    649mm
 44.1Hz  71Hz   98Hz  121.1dB   14l +  20l  * 1x50mm    579mm
 54.7Hz  75Hz  102Hz  124.8dB   12l +  20l  * 1x50mm    516mm
 17.2Hz  42Hz  101Hz  104.7dB   51l +  14l  * 1x50mm   2390mm
 19.0Hz  44Hz  103Hz  106.4dB   44l +  14l  * 1x50mm   2131mm
 20.9Hz  47Hz  105Hz  108.1dB   37l +  14l  * 1x50mm   1899mm
 23.0Hz  50Hz  107Hz  109.7dB   32l +  14l  * 1x50mm   1692mm
 25.2Hz  53Hz  109Hz  111.4dB   28l +  14l  * 1x50mm   1508mm
 27.7Hz  56Hz  112Hz  113.0dB   24l +  14l  * 1x50mm   1344mm
 30.4Hz  59Hz  114Hz  114.6dB   21l +  14l  * 1x50mm   1198mm
 33.2Hz  62Hz  117Hz  116.1dB   18l +  14l  * 1x50mm   1068mm
 36.3Hz  66Hz  120Hz  117.7dB   16l +  14l  * 1x50mm    952mm
 39.7Hz  70Hz  124Hz  119.2dB   14l +  14l  * 1x50mm    848mm
 43.3Hz  74Hz  127Hz  120.7dB   12l +  14l  * 1x50mm    756mm
 47.1Hz  79Hz  131Hz  122.2dB   11l +  14l  * 1x50mm    674mm
 51.2Hz  83Hz  135Hz  123.7dB   10l +  14l  * 1x50mm    600mm
 55.7Hz  88Hz  140Hz  125.1dB    9l +  14l  * 1x50mm    535mm
 60.4Hz  93Hz  144Hz  126.5dB    8l +  14l  * 1x50mm    477mm
 65.5Hz  99Hz  150Hz  127.9dB    7l +  14l  * 1x50mm    425mm
 70.9Hz 105Hz  155Hz  129.3dB    6l +  14l  - 1x70mm    743mm
-------------
sw-12-16FR
            84.7dB           200W      1x100mm
   fu     fb      fo      SplMech  Vb1     Vb2       d         l        C
 15.0Hz  24Hz   38Hz  102.4dB 66018l + 163l  * 1x50mm    635mm
 16.3Hz  25Hz   39Hz  103.8dB 1174l + 163l  * 1x50mm    566mm
 17.7Hz  27Hz   40Hz  105.2dB  558l + 163l  * 1x50mm    504mm
 19.2Hz  28Hz   42Hz  106.6dB  421l + 163l  * 1x50mm    472mm
 20.7Hz  30Hz   43Hz  107.9dB  248l + 163l  - 1x70mm    785mm
 22.4Hz  32Hz   45Hz  109.3dB  187l + 163l  - 1x70mm    700mm
 24.2Hz  34Hz   47Hz  110.6dB  146l + 163l  - 1x70mm    624mm
 26.1Hz  36Hz   49Hz  111.9dB  117l + 163l  - 1x70mm    556mm
 12.7Hz  25Hz   35Hz   99.5dB 1748l + 120l  * 1x50mm    799mm
 13.8Hz  26Hz   37Hz  100.9dB  677l + 120l  * 1x50mm    712mm
 15.0Hz  28Hz   38Hz  102.4dB  401l + 120l  * 1x50mm    635mm
 16.3Hz  29Hz   39Hz  103.8dB  275l + 120l  * 1x50mm    566mm
 17.7Hz  27Hz   40Hz  105.2dB  558l + 120l  * 1x50mm    686mm
 19.2Hz  28Hz   42Hz  106.6dB  421l + 120l  * 1x50mm    643mm
 20.7Hz  30Hz   43Hz  107.9dB  248l + 120l  * 1x50mm    545mm
 19.2Hz  32Hz   45Hz  106.6dB  187l + 120l  * 1x50mm    486mm
 21.0Hz  34Hz   47Hz  108.2dB  146l + 120l  * 1x50mm    433mm
 26.1Hz  36Hz   49Hz  111.9dB  117l + 120l  - 1x70mm    756mm
 12.0Hz  25Hz   52Hz   98.5dB 1396l +  83l  * 1x50mm   1129mm
 13.2Hz  26Hz   53Hz  100.1dB  610l +  83l  * 1x50mm   1006mm
 14.5Hz  28Hz   54Hz  101.7dB  374l +  83l  * 1x50mm    897mm
 15.8Hz  30Hz   56Hz  103.2dB  260l +  83l  * 1x50mm    799mm
 17.3Hz  31Hz   57Hz  104.8dB  194l +  83l  * 1x50mm    712mm
 18.9Hz  33Hz   59Hz  106.3dB  151l +  83l  * 1x50mm    635mm
 20.6Hz  35Hz   61Hz  107.8dB  121l +  83l  * 1x50mm    566mm
 22.4Hz  37Hz   62Hz  109.3dB   99l +  83l  * 1x50mm    504mm
 24.4Hz  40Hz   64Hz  110.8dB   82l +  83l  * 1x50mm    449mm
 26.5Hz  42Hz   67Hz  112.2dB   69l +  83l  - 1x70mm    785mm
 28.8Hz  44Hz   69Hz  113.6dB   59l +  83l  - 1x70mm    700mm
 31.2Hz  47Hz   71Hz  115.0dB   50l +  83l  - 1x70mm    624mm
 33.8Hz  50Hz   74Hz  116.4dB   43l +  83l  - 1x70mm    556mm
