-------------
sw-12-04                               88.4dB  200W                     1x100mm
Rpre   Spl         Vb      fb         SplMech Pmech  SplEle     f3       dv       lv

0.20  88.0dB:    50.0l @  29.4Hz  =>  121.2dB 5490W 106.8dB @  35.3Hz - 1x70mm    455 mm 
                 56.5l @  28.3Hz  =>  120.1dB 4300W 106.8dB @  33.2Hz - 1x70mm    397 mm 
             *   63.8l @  27.2Hz  =>  119.0dB 3367W 106.8dB @  31.2Hz - 1x70mm    345 mm 
                 72.1l @  26.2Hz  =>  118.0dB 2637W 106.8dB @  29.4Hz   1x100mm   643 mm 
                 81.5l @  25.2Hz  =>  116.9dB 2065W 106.8dB @  27.6Hz   1x100mm   560 mm 
                 92.0l @  24.2Hz  =>  115.9dB 1617W 106.8dB @  26.0Hz   1x100mm   487 mm 
                104.0l @  23.3Hz  =>  114.8dB 1267W 106.8dB @  24.4Hz   1x100mm   423 mm 
                117.5l @  22.4Hz  =>  113.7dB  992W 106.8dB @  23.0Hz   1x100mm   366 mm 
                132.8l @  21.5Hz  =>  112.7dB  777W 106.8dB @  21.6Hz   1x100mm   315 mm 
                150.1l @  20.7Hz  =>  111.6dB  608W 106.8dB @  20.4Hz   1x100mm   271 mm 
                169.6l @  19.9Hz  =>  110.6dB  476W 106.8dB @  19.1Hz   1x100mm   231 mm 
                191.6l @  19.1Hz  =>  109.5dB  373W 106.8dB @  18.0Hz   1x100mm   196 mm 
                216.5l @  18.4Hz  =>  108.4dB  292W 106.8dB @  16.9Hz   1x100mm   165 mm 
                244.7l @  17.7Hz  =>  107.4dB  229W 106.8dB @  15.9Hz   1x100mm   138 mm 
                276.5l @  17.0Hz  =>  106.3dB  179W 106.8dB @  15.0Hz   1x100mm   113 mm 
                312.5l @  16.4Hz  =>  105.2dB  140W 106.8dB @  14.1Hz   1x100mm    92 mm 
                353.1l @  15.7Hz  =>  104.2dB  110W 106.8dB @  13.3Hz   1x100mm    73 mm 
                399.0l @  15.1Hz  =>  103.1dB   86W 106.8dB @  12.5Hz   1x100mm    56 mm 
                450.8l @  14.5Hz  =>  102.1dB   67W 106.8dB @  11.7Hz   1x100mm    41 mm 
                509.5l @  14.0Hz  =>  101.0dB   53W 106.8dB @  11.0Hz   1x100mm    28 mm 
                575.7l @  13.5Hz  =>   99.9dB   41W 106.8dB @  10.4Hz + 2x100mm    75 mm 
                650.5l @  12.9Hz  =>   98.9dB   32W 106.8dB @   9.8Hz + 2x100mm    55 mm 
                735.1l @  12.4Hz  =>   97.8dB   25W 106.8dB @   9.2Hz + 2x100mm    36 mm 
                830.6l @  12.0Hz  =>   96.8dB   20W 106.8dB @   8.7Hz + 2x100mm    20 mm 
                938.6l @  11.5Hz  =>   95.7dB   16W 106.8dB @   8.1Hz + 3x100mm    38 mm 
               1060.7l @  11.1Hz  =>   94.6dB   12W 106.8dB @   7.7Hz + 4x100mm    48 mm 
               1198.5l @  10.6Hz  =>   93.6dB   10W 106.8dB @   7.2Hz + 4x100mm    26 mm 

0.60  87.5dB:    68.4l @  26.6Hz  =>  118.4dB 3300W 106.3dB @  30.2Hz   1x100mm   682 mm 
                 77.2l @  25.6Hz  =>  117.4dB 2584W 106.3dB @  28.4Hz   1x100mm   595 mm 
             *   87.3l @  24.6Hz  =>  116.3dB 2024W 106.3dB @  26.7Hz   1x100mm   518 mm 
                 98.6l @  23.7Hz  =>  115.3dB 1585W 106.3dB @  25.1Hz   1x100mm   450 mm 
                111.4l @  22.8Hz  =>  114.2dB 1241W 106.3dB @  23.6Hz   1x100mm   390 mm 

1.00  87.1dB:    90.3l @  24.3Hz  =>  116.0dB 2102W 105.8dB @  26.2Hz   1x100mm   498 mm 
                102.0l @  23.4Hz  =>  115.0dB 1646W 105.8dB @  24.7Hz   1x100mm   433 mm 
             *  115.3l @  22.5Hz  =>  113.9dB 1289W 105.8dB @  23.2Hz   1x100mm   374 mm 
                130.2l @  21.6Hz  =>  112.8dB 1010W 105.8dB @  21.8Hz   1x100mm   323 mm 
                147.2l @  20.8Hz  =>  111.8dB  791W 105.8dB @  20.6Hz   1x100mm   277 mm 

-------------
sw-12-08                               87.7dB  200W                     1x100mm
Rpre   Spl         Vb      fb         SplMech Pmech  SplEle     f3       dv       lv

0.20  87.6dB:    68.0l @  27.4Hz  =>  118.5dB 1636W 109.3dB @  30.2Hz   1x100mm   572 mm 
                 76.8l @  26.4Hz  =>  117.4dB 1281W 109.3dB @  28.4Hz   1x100mm   498 mm 
             *   86.8l @  25.3Hz  =>  116.3dB 1004W 109.3dB @  26.7Hz   1x100mm   432 mm 
                 98.1l @  24.4Hz  =>  115.3dB  786W 109.3dB @  25.1Hz   1x100mm   374 mm 
                110.9l @  23.4Hz  =>  114.2dB  616W 109.3dB @  23.6Hz   1x100mm   322 mm 
                125.3l @  22.5Hz  =>  113.1dB  482W 109.3dB @  22.2Hz   1x100mm   277 mm 
                141.6l @  21.7Hz  =>  112.1dB  378W 109.3dB @  20.9Hz   1x100mm   237 mm 
                160.0l @  20.8Hz  =>  111.0dB  296W 109.3dB @  19.7Hz   1x100mm   201 mm 
                180.8l @  20.0Hz  =>  110.0dB  232W 109.3dB @  18.5Hz   1x100mm   170 mm 
                204.3l @  19.3Hz  =>  108.9dB  181W 109.3dB @  17.4Hz   1x100mm   142 mm 
                230.8l @  18.5Hz  =>  107.8dB  142W 109.3dB @  16.4Hz   1x100mm   117 mm 
                260.9l @  17.8Hz  =>  106.8dB  111W 109.3dB @  15.4Hz   1x100mm    95 mm 
                294.8l @  17.1Hz  =>  105.7dB   87W 109.3dB @  14.5Hz   1x100mm    76 mm 
                333.1l @  16.5Hz  =>  104.7dB   68W 109.3dB @  13.6Hz   1x100mm    59 mm 
                376.4l @  15.9Hz  =>  103.6dB   53W 109.3dB @  12.8Hz   1x100mm    43 mm 
                425.3l @  15.2Hz  =>  102.5dB   42W 109.3dB @  12.1Hz   1x100mm    30 mm 
                480.6l @  14.7Hz  =>  101.5dB   33W 109.3dB @  11.3Hz + 2x100mm    78 mm 
                543.1l @  14.1Hz  =>  100.4dB   26W 109.3dB @  10.7Hz + 2x100mm    57 mm 
                613.7l @  13.6Hz  =>   99.3dB   20W 109.3dB @  10.0Hz + 2x100mm    39 mm 
                693.5l @  13.0Hz  =>   98.3dB   16W 109.3dB @   9.4Hz + 2x100mm    23 mm 
                783.6l @  12.5Hz  =>   97.2dB   12W 109.3dB @   8.9Hz + 3x100mm    41 mm 
                885.5l @  12.1Hz  =>   96.2dB   10W 109.3dB @   8.4Hz + 3x100mm    22 mm 
               1000.6l @  11.6Hz  =>   95.1dB    8W 109.3dB @   7.9Hz + 4x100mm    29 mm 
               1130.7l @  11.1Hz  =>   94.0dB    6W 109.3dB @   7.4Hz + 5x100mm    31 mm 
               1277.7l @  10.7Hz  =>   93.0dB    5W 109.3dB @   7.0Hz + 6x100mm    27 mm 

0.60  87.3dB:    80.1l @  26.0Hz  =>  117.0dB 1256W 109.1dB @  27.8Hz   1x100mm   475 mm 
                 90.5l @  25.0Hz  =>  116.0dB  984W 109.1dB @  26.2Hz   1x100mm   412 mm 
             *  102.3l @  24.1Hz  =>  114.9dB  770W 109.1dB @  24.6Hz   1x100mm   356 mm 
                115.6l @  23.1Hz  =>  113.8dB  603W 109.1dB @  23.1Hz   1x100mm   306 mm 
                130.6l @  22.2Hz  =>  112.8dB  473W 109.1dB @  21.8Hz   1x100mm   263 mm 

1.00  87.0dB:    93.3l @  24.8Hz  =>  115.7dB  981W 108.8dB @  25.8Hz   1x100mm   397 mm 
                105.5l @  23.8Hz  =>  114.6dB  768W 108.8dB @  24.2Hz   1x100mm   343 mm 
             *  119.2l @  22.9Hz  =>  113.6dB  602W 108.8dB @  22.8Hz   1x100mm   295 mm 
                134.7l @  22.0Hz  =>  112.5dB  471W 108.8dB @  21.4Hz   1x100mm   253 mm 
                152.2l @  21.2Hz  =>  111.5dB  369W 108.8dB @  20.2Hz   1x100mm   215 mm 

