-------------
sw-12-04
      88.4dB                            200W
Rpre   Spl      qtc    Vb     SplMech Pmech SplEle      f3

0.20  88.0dB:   0.5   73.9l: (124.0dB 10457W 106.8dB) @  52Hz
                0.6   44.1l: (123.0dB  8285W 106.8dB) @  49Hz
                0.7   29.8l: (123.0dB  8382W 106.8dB) @  49Hz
                0.8   21.7l: (124.4dB 11597W 106.8dB) @  54Hz
                0.9   16.6l: (124.9dB 12963W 106.8dB) @  55Hz
                1.0   13.2l: (125.5dB 14743W 106.8dB) @  57Hz
                1.1   10.7l: (126.2dB 17534W 106.8dB) @  59Hz
                1.1   10.7l: (123.4dB  9088W 106.8dB) @  50Hz ( 1464uF)

0.60  87.5dB:   0.5  106.0l: (122.1dB  7600W 106.3dB) @  47Hz
                0.6   59.5l: (121.1dB  6021W 106.3dB) @  44Hz
                0.7   39.2l: (121.1dB  6092W 106.3dB) @  44Hz
                0.8   28.1l: (122.5dB  8429W 106.3dB) @  48Hz
                0.9   21.3l: (123.0dB  9421W 106.3dB) @  49Hz
                1.0   16.8l: (123.6dB 10715W 106.3dB) @  51Hz
                1.1   13.6l: (124.3dB 12743W 106.3dB) @  53Hz
                1.1   13.6l: (121.5dB  6605W 106.3dB) @  45Hz ( 1633uF)

1.00  87.1dB:   0.5  154.1l: (120.4dB  5732W 105.8dB) @  42Hz
                0.6   79.6l: (119.4dB  4541W 105.8dB) @  40Hz
                0.7   50.7l: (119.4dB  4594W 105.8dB) @  40Hz
                0.8   35.7l: (120.8dB  6356W 105.8dB) @  44Hz
                0.9   26.8l: (121.3dB  7105W 105.8dB) @  45Hz
                1.0   20.9l: (121.9dB  8080W 105.8dB) @  46Hz
                1.1   16.8l: (122.6dB  9610W 105.8dB) @  48Hz
                1.1   16.8l: (119.8dB  4981W 105.8dB) @  41Hz ( 1799uF)

-------------
sw-12-08
      87.7dB                            200W
Rpre   Spl      qtc    Vb     SplMech Pmech SplEle      f3

0.20  87.6dB:   0.5  110.6l: (122.5dB  4156W 109.3dB) @  48Hz
                0.6   59.5l: (121.5dB  3293W 109.3dB) @  45Hz
                0.7   38.5l: (121.5dB  3332W 109.3dB) @  45Hz
                0.8   27.3l: (123.0dB  4609W 109.3dB) @  49Hz
                0.9   20.6l: (123.4dB  5152W 109.3dB) @  51Hz
                1.0   16.1l: (124.0dB  5859W 109.3dB) @  52Hz
                1.1   13.0l: (124.7dB  6969W 109.3dB) @  55Hz
                1.1   13.0l: (121.9dB  3612W 109.3dB) @  46Hz (  796uF)

0.60  87.3dB:   0.5  140.0l: (121.5dB  3523W 109.1dB) @  45Hz
                0.6   71.0l: (120.5dB  2791W 109.1dB) @  43Hz
                0.7   44.9l: (120.6dB  2824W 109.1dB) @  43Hz
                0.8   31.5l: (122.0dB  3907W 109.1dB) @  46Hz
                0.9   23.6l: (122.4dB  4367W 109.1dB) @  48Hz
                1.0   18.4l: (123.0dB  4967W 109.1dB) @  49Hz
                1.1   14.8l: (123.8dB  5907W 109.1dB) @  52Hz
                1.1   14.8l: (120.9dB  3062W 109.1dB) @  44Hz (  843uF)

1.00  87.0dB:   0.5  180.2l: (120.6dB  3019W 108.8dB) @  43Hz
                0.6   84.9l: (119.6dB  2392W 108.8dB) @  41Hz
                0.7   52.2l: (119.6dB  2420W 108.8dB) @  41Hz
                0.8   36.2l: (121.0dB  3348W 108.8dB) @  44Hz
                0.9   26.8l: (121.5dB  3742W 108.8dB) @  45Hz
                1.0   20.8l: (122.1dB  4256W 108.8dB) @  47Hz
                1.1   16.7l: (122.8dB  5062W 108.8dB) @  49Hz
                1.1   16.7l: (120.0dB  2624W 108.8dB) @  41Hz (  889uF)

-------------
sw-12-16FR
      84.7dB                            200W
Rpre   Spl      qtc    Vb     SplMech Pmech SplEle      f3

0.20  84.6dB:   0.9  349.2l: (110.5dB   223W 110.1dB) @  24Hz
                1.0  194.5l: (111.1dB   254W 110.1dB) @  25Hz
                1.1  130.5l: (111.9dB   302W 110.1dB) @  26Hz
                1.1  130.5l: (109.0dB   157W 110.1dB) @  22Hz (  717uF)

0.60  84.5dB:   0.9  403.3l: (110.2dB   212W 109.9dB) @  24Hz
                1.0  214.2l: (110.8dB   241W 109.9dB) @  24Hz
                1.1  141.1l: (111.5dB   286W 109.9dB) @  25Hz
                1.1  141.1l: (108.7dB   148W 109.9dB) @  22Hz (  731uF)

1.00  84.4dB:   0.9  471.2l: (109.9dB   201W 109.8dB) @  23Hz
                1.0  236.6l: (110.4dB   229W 109.8dB) @  24Hz
                1.1  152.6l: (111.2dB   272W 109.8dB) @  25Hz
                1.1  152.6l: (108.3dB   141W 109.8dB) @  21Hz (  746uF)

