-------------
ax5
      89.3dB                             10W
Rpre   Spl      qtc    Vb     SplMech Pmech SplEle      f3

0.20  89.0dB:   0.6  112.7l: ( 97.4dB     9W  97.8dB) @  81Hz
                0.7   21.8l: ( 97.5dB     9W  97.8dB) @  81Hz
                0.8   11.3l: ( 98.9dB    13W  97.8dB) @  88Hz
                0.9    7.3l: ( 99.4dB    14W  97.8dB) @  91Hz
                1.0    5.2l: ( 99.9dB    16W  97.8dB) @  94Hz
                1.1    4.0l: (100.7dB    20W  97.8dB) @  98Hz
                1.1    4.0l: ( 97.8dB    10W  97.8dB) @  83Hz (  444uF)

0.60  88.8dB:   0.7   32.1l: ( 96.5dB     8W  97.5dB) @  77Hz
                0.8   14.4l: ( 97.9dB    11W  97.5dB) @  83Hz
                0.9    8.9l: ( 98.4dB    12W  97.5dB) @  86Hz
                1.0    6.2l: ( 99.0dB    14W  97.5dB) @  89Hz
                1.1    4.7l: ( 99.7dB    17W  97.5dB) @  93Hz
                1.1    4.7l: ( 96.9dB     9W  97.5dB) @  79Hz (  470uF)

1.00  88.5dB:   0.7   53.2l: ( 95.6dB     7W  97.3dB) @  73Hz
                0.8   18.8l: ( 97.0dB     9W  97.3dB) @  79Hz
                0.9   10.9l: ( 97.5dB    11W  97.3dB) @  81Hz
                1.0    7.4l: ( 98.1dB    12W  97.3dB) @  84Hz
                1.1    5.4l: ( 98.8dB    14W  97.3dB) @  88Hz
                1.1    5.4l: ( 96.0dB     7W  97.3dB) @  75Hz (  495uF)

-------------
ax6
      91.6dB                             10W
Rpre   Spl      qtc    Vb     SplMech Pmech SplEle      f3

0.20  91.3dB:   0.5  225.8l: (105.3dB    34W 100.0dB) @  83Hz
                0.6   45.6l: (104.3dB    27W 100.0dB) @  78Hz
                0.7   23.5l: (104.3dB    27W 100.0dB) @  79Hz
                0.8   15.0l: (105.7dB    38W 100.0dB) @  85Hz
                0.9   10.7l: (106.2dB    42W 100.0dB) @  88Hz
                1.0    8.1l: (106.8dB    48W 100.0dB) @  91Hz
                1.1    6.4l: (107.5dB    57W 100.0dB) @  95Hz
                1.1    6.4l: (104.7dB    30W 100.0dB) @  80Hz (  467uF)

0.60  91.0dB:   0.6   64.3l: (103.2dB    23W  99.7dB) @  74Hz
                0.7   29.5l: (103.3dB    23W  99.7dB) @  74Hz
                0.8   18.1l: (104.7dB    32W  99.7dB) @  80Hz
                0.9   12.6l: (105.2dB    35W  99.7dB) @  83Hz
                1.0    9.4l: (105.7dB    40W  99.7dB) @  85Hz
                1.1    7.4l: (106.5dB    48W  99.7dB) @  89Hz
                1.1    7.4l: (103.6dB    25W  99.7dB) @  76Hz (  496uF)

1.00  90.7dB:   0.6   97.7l: (102.3dB    19W  99.4dB) @  70Hz
                0.7   37.5l: (102.3dB    19W  99.4dB) @  70Hz
                0.8   21.9l: (103.7dB    27W  99.4dB) @  76Hz
                0.9   14.9l: (104.2dB    30W  99.4dB) @  78Hz
                1.0   11.0l: (104.8dB    34W  99.4dB) @  81Hz
                1.1    8.5l: (105.5dB    41W  99.4dB) @  84Hz
                1.1    8.5l: (102.7dB    21W  99.4dB) @  72Hz (  524uF)

-------------
ax8
      91.7dB                             10W
Rpre   Spl      qtc    Vb     SplMech Pmech SplEle      f3

0.20  91.1dB:   0.6  297.2l: (100.7dB    12W 100.1dB) @  49Hz
                0.7  117.4l: (100.8dB    12W 100.1dB) @  49Hz
                0.8   69.1l: (102.2dB    16W 100.1dB) @  53Hz
                0.9   47.2l: (102.7dB    18W 100.1dB) @  55Hz
                1.0   34.8l: (103.2dB    21W 100.1dB) @  57Hz
                1.1   27.0l: (104.0dB    25W 100.1dB) @  59Hz
                1.1   27.0l: (101.1dB    13W 100.1dB) @  50Hz (  700uF)

0.60  90.8dB:   0.6  525.7l: ( 99.8dB    10W  99.8dB) @  46Hz
                0.7  153.2l: ( 99.8dB    10W  99.8dB) @  47Hz
                0.8   84.3l: (101.3dB    14W  99.8dB) @  51Hz
                0.9   55.8l: (101.7dB    16W  99.8dB) @  52Hz
                1.0   40.5l: (102.3dB    18W  99.8dB) @  54Hz
                1.1   31.1l: (103.1dB    21W  99.8dB) @  56Hz
                1.1   31.1l: (100.2dB    11W  99.8dB) @  48Hz (  739uF)

1.00  90.6dB:   0.7  206.4l: ( 99.0dB     9W  99.6dB) @  44Hz
                0.8  103.4l: (100.4dB    12W  99.6dB) @  48Hz
                0.9   66.1l: (100.9dB    14W  99.6dB) @  49Hz
                1.0   47.1l: (101.4dB    15W  99.6dB) @  51Hz
                1.1   35.7l: (102.2dB    18W  99.6dB) @  53Hz
                1.1   35.7l: ( 99.3dB     9W  99.6dB) @  45Hz (  777uF)

-------------
axp06
      93.5dB                             50W
Rpre   Spl      qtc    Vb     SplMech Pmech SplEle      f3

0.20  93.1dB:   0.5   20.2l: (116.6dB   264W 109.3dB) @ 125Hz
                0.6   11.3l: (115.6dB   209W 109.3dB) @ 118Hz
                0.7    7.5l: (115.6dB   212W 109.3dB) @ 119Hz
                0.8    5.4l: (117.0dB   293W 109.3dB) @ 129Hz
                0.9    4.1l: (117.5dB   327W 109.3dB) @ 132Hz
                1.0    3.2l: (118.1dB   372W 109.3dB) @ 137Hz
                1.1    2.6l: (118.8dB   443W 109.3dB) @ 143Hz
                1.1    2.6l: (116.0dB   230W 109.3dB) @ 121Hz (  273uF)

0.60  92.9dB:   0.5   24.4l: (115.7dB   227W 109.1dB) @ 119Hz
                0.6   13.2l: (114.7dB   180W 109.1dB) @ 112Hz
                0.7    8.5l: (114.7dB   182W 109.1dB) @ 113Hz
                0.8    6.1l: (116.1dB   252W 109.1dB) @ 122Hz
                0.9    4.6l: (116.6dB   282W 109.1dB) @ 126Hz
                1.0    3.6l: (117.2dB   321W 109.1dB) @ 130Hz
                1.1    2.9l: (117.9dB   381W 109.1dB) @ 135Hz
                1.1    2.9l: (115.1dB   198W 109.1dB) @ 115Hz (  287uF)

1.00  92.7dB:   0.5   29.7l: (114.8dB   198W 108.9dB) @ 113Hz
                0.6   15.3l: (113.8dB   157W 108.9dB) @ 107Hz
                0.7    9.7l: (113.9dB   158W 108.9dB) @ 107Hz
                0.8    6.9l: (115.3dB   219W 108.9dB) @ 116Hz
                0.9    5.1l: (115.8dB   245W 108.9dB) @ 120Hz
                1.0    4.0l: (116.3dB   279W 108.9dB) @ 124Hz
                1.1    3.2l: (117.1dB   331W 108.9dB) @ 129Hz
                1.1    3.2l: (114.2dB   172W 108.9dB) @ 110Hz (  301uF)

-------------
axp08
      93.2dB                             50W
Rpre   Spl      qtc    Vb     SplMech Pmech SplEle      f3

0.20  93.0dB:   0.5  177.9l: (115.0dB   192W 109.1dB) @  85Hz
                0.6   57.0l: (114.0dB   152W 109.1dB) @  80Hz
                0.7   31.6l: (114.0dB   154W 109.1dB) @  80Hz
                0.8   20.9l: (115.4dB   213W 109.1dB) @  87Hz
                0.9   15.1l: (115.9dB   238W 109.1dB) @  89Hz
                1.0   11.5l: (116.5dB   271W 109.1dB) @  92Hz
                1.1    9.1l: (117.2dB   322W 109.1dB) @  96Hz
                1.1    9.1l: (114.4dB   167W 109.1dB) @  82Hz (  410uF)

0.60  92.7dB:   0.5  329.6l: (114.1dB   166W 108.9dB) @  81Hz
                0.6   72.4l: (113.1dB   132W 108.9dB) @  76Hz
                0.7   37.7l: (113.1dB   133W 108.9dB) @  76Hz
                0.8   24.2l: (114.5dB   184W 108.9dB) @  83Hz
                0.9   17.3l: (115.0dB   206W 108.9dB) @  85Hz
                1.0   13.1l: (115.6dB   234W 108.9dB) @  88Hz
                1.1   10.3l: (116.3dB   279W 108.9dB) @  92Hz
                1.1   10.3l: (113.5dB   145W 108.9dB) @  78Hz (  431uF)

1.00  92.5dB:   0.6   94.0l: (112.3dB   115W 108.6dB) @  72Hz
                0.7   45.0l: (112.3dB   116W 108.6dB) @  73Hz
                0.8   28.1l: (113.7dB   161W 108.6dB) @  79Hz
                0.9   19.7l: (114.2dB   180W 108.6dB) @  81Hz
                1.0   14.8l: (114.8dB   205W 108.6dB) @  84Hz
                1.1   11.6l: (115.5dB   244W 108.6dB) @  87Hz
                1.1   11.6l: (112.7dB   126W 108.6dB) @  74Hz (  452uF)

-------------
axp10
      94.6dB                            100W
Rpre   Spl      qtc    Vb     SplMech Pmech SplEle      f3

0.20  94.3dB:   0.5   43.6l: (126.6dB  2019W 113.6dB) @ 114Hz
                0.6   22.3l: (125.6dB  1599W 113.6dB) @ 107Hz
                0.7   14.1l: (125.7dB  1618W 113.6dB) @ 107Hz
                0.8    9.9l: (127.1dB  2239W 113.6dB) @ 117Hz
                0.9    7.4l: (127.6dB  2503W 113.6dB) @ 120Hz
                1.0    5.8l: (128.1dB  2846W 113.6dB) @ 124Hz
                1.1    4.7l: (128.9dB  3385W 113.6dB) @ 129Hz
                1.1    4.7l: (126.0dB  1754W 113.6dB) @ 110Hz (  297uF)

0.60  94.1dB:   0.5   55.2l: (125.8dB  1742W 113.3dB) @ 108Hz
                0.6   26.3l: (124.7dB  1380W 113.3dB) @ 102Hz
                0.7   16.3l: (124.8dB  1396W 113.3dB) @ 102Hz
                0.8   11.3l: (126.2dB  1932W 113.3dB) @ 111Hz
                0.9    8.4l: (126.7dB  2159W 113.3dB) @ 114Hz
                1.0    6.5l: (127.2dB  2456W 113.3dB) @ 118Hz
                1.1    5.2l: (128.0dB  2921W 113.3dB) @ 123Hz
                1.1    5.2l: (125.1dB  1514W 113.3dB) @ 104Hz (  312uF)

1.00  93.8dB:   0.5   71.4l: (124.9dB  1516W 113.1dB) @ 103Hz
                0.6   31.2l: (123.9dB  1201W 113.1dB) @  97Hz
                0.7   18.7l: (124.0dB  1215W 113.1dB) @  97Hz
                0.8   12.8l: (125.4dB  1681W 113.1dB) @ 106Hz
                0.9    9.4l: (125.9dB  1879W 113.1dB) @ 109Hz
                1.0    7.3l: (126.4dB  2137W 113.1dB) @ 112Hz
                1.1    5.8l: (127.2dB  2542W 113.1dB) @ 117Hz
                1.1    5.8l: (124.3dB  1318W 113.1dB) @  99Hz (  327uF)

-------------
axp12
      95.8dB                            100W
Rpre   Spl      qtc    Vb     SplMech Pmech SplEle      f3

0.20  95.4dB:   0.5  166.5l: (124.2dB   871W 114.8dB) @  83Hz
                0.6   78.8l: (123.2dB   690W 114.8dB) @  78Hz
                0.7   48.6l: (123.2dB   698W 114.8dB) @  79Hz
                0.8   33.7l: (124.6dB   966W 114.8dB) @  85Hz
                0.9   25.0l: (125.1dB  1080W 114.8dB) @  88Hz
                1.0   19.4l: (125.7dB  1228W 114.8dB) @  90Hz
                1.1   15.5l: (126.4dB  1461W 114.8dB) @  94Hz
                1.1   15.5l: (123.6dB   757W 114.8dB) @  80Hz (  400uF)

0.60  95.2dB:   0.5  219.7l: (123.3dB   752W 114.5dB) @  79Hz
                0.6   94.4l: (122.3dB   596W 114.5dB) @  74Hz
                0.7   56.4l: (122.3dB   603W 114.5dB) @  75Hz
                0.8   38.5l: (123.7dB   834W 114.5dB) @  81Hz
                0.9   28.3l: (124.2dB   932W 114.5dB) @  83Hz
                1.0   21.9l: (124.8dB  1060W 114.5dB) @  86Hz
                1.1   17.5l: (125.5dB  1261W 114.5dB) @  90Hz
                1.1   17.5l: (122.7dB   654W 114.5dB) @  76Hz (  421uF)

1.00  94.9dB:   0.5  302.6l: (122.5dB   655W 114.3dB) @  75Hz
                0.6  113.6l: (121.5dB   519W 114.3dB) @  71Hz
                0.7   65.4l: (121.5dB   525W 114.3dB) @  71Hz
                0.8   43.9l: (122.9dB   726W 114.3dB) @  77Hz
                0.9   32.0l: (123.4dB   812W 114.3dB) @  79Hz
                1.0   24.5l: (124.0dB   923W 114.3dB) @  82Hz
                1.1   19.5l: (124.7dB  1098W 114.3dB) @  86Hz
                1.1   19.5l: (121.9dB   569W 114.3dB) @  73Hz (  441uF)

-------------
axt04
      86.6dB                             10W
Rpre   Spl      qtc    Vb     SplMech Pmech SplEle      f3

0.20  86.2dB:   0.6    5.9l: (104.1dB   167W  91.9dB) @ 119Hz
                0.7    2.6l: (104.2dB   169W  91.9dB) @ 120Hz
                0.8    1.6l: (105.6dB   233W  91.9dB) @ 130Hz
                0.9    1.1l: (106.1dB   261W  91.9dB) @ 134Hz
                1.0    0.8l: (106.6dB   296W  91.9dB) @ 138Hz
                1.1    0.6l: (107.4dB   353W  91.9dB) @ 144Hz
                1.1    0.6l: (104.5dB   183W  91.9dB) @ 122Hz (  603uF)

0.60  85.6dB:   0.6   16.9l: (102.4dB   126W  91.4dB) @ 108Hz
                0.7    4.2l: (102.4dB   127W  91.4dB) @ 108Hz
                0.8    2.2l: (103.8dB   176W  91.4dB) @ 118Hz
                0.9    1.5l: (104.3dB   197W  91.4dB) @ 121Hz
                1.0    1.1l: (104.9dB   224W  91.4dB) @ 125Hz
                1.1    0.8l: (105.6dB   266W  91.4dB) @ 130Hz
                1.1    0.8l: (102.8dB   138W  91.4dB) @ 111Hz (  666uF)

1.00  85.2dB:   0.7    7.7l: (100.9dB   100W  90.9dB) @  99Hz
                0.8    3.3l: (102.3dB   138W  90.9dB) @ 108Hz
                0.9    2.0l: (102.8dB   154W  90.9dB) @ 111Hz
                1.0    1.4l: (103.4dB   175W  90.9dB) @ 114Hz
                1.1    1.0l: (104.1dB   208W  90.9dB) @ 119Hz
                1.1    1.0l: (101.3dB   108W  90.9dB) @ 101Hz (  727uF)

-------------
axt05
      89.7dB                             10W
Rpre   Spl      qtc    Vb     SplMech Pmech SplEle      f3

0.20  89.4dB:   0.5   18.7l: (109.2dB   123W  98.3dB) @ 121Hz
                0.6    7.2l: (108.1dB    97W  98.3dB) @ 114Hz
                0.7    4.2l: (108.2dB    98W  98.3dB) @ 115Hz
                0.8    2.8l: (109.6dB   136W  98.3dB) @ 124Hz
                0.9    2.1l: (110.1dB   152W  98.3dB) @ 128Hz
                1.0    1.6l: (110.6dB   173W  98.3dB) @ 132Hz
                1.1    1.3l: (111.4dB   206W  98.3dB) @ 138Hz
                1.1    1.3l: (108.5dB   107W  98.3dB) @ 117Hz (  305uF)

0.60  89.1dB:   0.5   30.3l: (108.2dB   104W  98.0dB) @ 115Hz
                0.6    9.2l: (107.2dB    82W  98.0dB) @ 108Hz
                0.7    5.1l: (107.2dB    83W  98.0dB) @ 108Hz
                0.8    3.3l: (108.6dB   115W  98.0dB) @ 118Hz
                0.9    2.4l: (109.1dB   129W  98.0dB) @ 121Hz
                1.0    1.8l: (109.7dB   147W  98.0dB) @ 125Hz
                1.1    1.4l: (110.4dB   174W  98.0dB) @ 130Hz
                1.1    1.4l: (107.6dB    90W  98.0dB) @ 111Hz (  323uF)

1.00  88.9dB:   0.5   63.9l: (107.2dB    89W  97.8dB) @ 109Hz
                0.6   12.0l: (106.2dB    71W  97.8dB) @ 102Hz
                0.7    6.1l: (106.3dB    71W  97.8dB) @ 103Hz
                0.8    3.9l: (107.7dB    99W  97.8dB) @ 111Hz
                0.9    2.8l: (108.2dB   110W  97.8dB) @ 115Hz
                1.0    2.1l: (108.7dB   125W  97.8dB) @ 118Hz
                1.1    1.6l: (109.5dB   149W  97.8dB) @ 124Hz
                1.1    1.6l: (106.6dB    77W  97.8dB) @ 105Hz (  340uF)

-------------
axt06
      89.6dB                             10W
Rpre   Spl      qtc    Vb     SplMech Pmech SplEle      f3

0.20  89.2dB:   0.5   15.8l: (111.4dB   195W  98.5dB) @ 100Hz
                0.6    8.8l: (110.4dB   155W  98.5dB) @  95Hz
                0.7    5.8l: (110.5dB   157W  98.5dB) @  95Hz
                0.8    4.1l: (111.9dB   217W  98.5dB) @ 103Hz
                0.9    3.1l: (112.4dB   242W  98.5dB) @ 106Hz
                1.0    2.5l: (112.9dB   275W  98.5dB) @ 109Hz
                1.1    2.0l: (113.7dB   328W  98.5dB) @ 114Hz
                1.1    2.0l: (110.8dB   170W  98.5dB) @  97Hz (  336uF)

0.60  89.0dB:   0.5   19.2l: (110.5dB   167W  98.3dB) @  95Hz
                0.6   10.3l: (109.5dB   133W  98.3dB) @  90Hz
                0.7    6.6l: (109.6dB   134W  98.3dB) @  90Hz
                0.8    4.7l: (111.0dB   185W  98.3dB) @  98Hz
                0.9    3.6l: (111.5dB   207W  98.3dB) @ 100Hz
                1.0    2.8l: (112.0dB   236W  98.3dB) @ 104Hz
                1.1    2.2l: (112.8dB   280W  98.3dB) @ 108Hz
                1.1    2.2l: (109.9dB   145W  98.3dB) @  92Hz (  355uF)

1.00  88.8dB:   0.5   23.7l: (109.7dB   144W  98.1dB) @  90Hz
                0.6   12.0l: (108.7dB   114W  98.1dB) @  85Hz
                0.7    7.6l: (108.7dB   116W  98.1dB) @  86Hz
                0.8    5.3l: (110.1dB   160W  98.1dB) @  93Hz
                0.9    4.0l: (110.6dB   179W  98.1dB) @  95Hz
                1.0    3.1l: (111.2dB   204W  98.1dB) @  99Hz
                1.1    2.5l: (111.9dB   242W  98.1dB) @ 103Hz
                1.1    2.5l: (109.1dB   126W  98.1dB) @  87Hz (  373uF)

-------------
axt08
      91.6dB                             10W
Rpre   Spl      qtc    Vb     SplMech Pmech SplEle      f3

0.20  91.2dB:   0.5   34.6l: (115.3dB   301W 100.5dB) @  87Hz
                0.6   20.0l: (114.3dB   238W 100.5dB) @  82Hz
                0.7   13.3l: (114.3dB   241W 100.5dB) @  83Hz
                0.8    9.6l: (115.8dB   333W 100.5dB) @  90Hz
                0.9    7.3l: (116.2dB   373W 100.5dB) @  92Hz
                1.0    5.8l: (116.8dB   424W 100.5dB) @  95Hz
                1.1    4.7l: (117.5dB   504W 100.5dB) @  99Hz
                1.1    4.7l: (114.7dB   261W 100.5dB) @  84Hz (  386uF)

0.60  91.0dB:   0.5   41.6l: (114.4dB   257W 100.3dB) @  83Hz
                0.6   23.3l: (113.4dB   203W 100.3dB) @  78Hz
                0.7   15.3l: (113.4dB   206W 100.3dB) @  78Hz
                0.8   10.9l: (114.8dB   285W 100.3dB) @  85Hz
                0.9    8.3l: (115.3dB   318W 100.3dB) @  87Hz
                1.0    6.5l: (115.9dB   362W 100.3dB) @  90Hz
                1.1    5.3l: (116.6dB   431W 100.3dB) @  94Hz
                1.1    5.3l: (113.8dB   223W 100.3dB) @  80Hz (  407uF)

1.00  90.8dB:   0.5   50.3l: (113.5dB   221W 100.1dB) @  79Hz
                0.6   27.0l: (112.5dB   175W 100.1dB) @  74Hz
                0.7   17.4l: (112.5dB   177W 100.1dB) @  74Hz
                0.8   12.4l: (114.0dB   245W 100.1dB) @  81Hz
                0.9    9.3l: (114.4dB   274W 100.1dB) @  83Hz
                1.0    7.3l: (115.0dB   312W 100.1dB) @  86Hz
                1.1    5.9l: (115.7dB   371W 100.1dB) @  90Hz
                1.1    5.9l: (112.9dB   192W 100.1dB) @  76Hz (  428uF)

-------------
axt10
      92.9dB                            100W
Rpre   Spl      qtc    Vb     SplMech Pmech SplEle      f3

0.20  92.5dB:   0.5   62.8l: (119.8dB   703W 111.4dB) @  77Hz
                0.6   37.5l: (118.8dB   557W 111.4dB) @  72Hz
                0.7   25.4l: (118.9dB   564W 111.4dB) @  73Hz
                0.8   18.6l: (120.3dB   780W 111.4dB) @  79Hz
                0.9   14.2l: (120.8dB   872W 111.4dB) @  81Hz
                1.0   11.2l: (121.3dB   992W 111.4dB) @  84Hz
                1.1    9.1l: (122.1dB  1179W 111.4dB) @  87Hz
                1.1    9.1l: (119.2dB   611W 111.4dB) @  74Hz (  481uF)

0.60  92.2dB:   0.5   75.2l: (118.8dB   594W 111.1dB) @  72Hz
                0.6   43.8l: (117.8dB   471W 111.1dB) @  68Hz
                0.7   29.3l: (117.9dB   476W 111.1dB) @  69Hz
                0.8   21.2l: (119.3dB   659W 111.1dB) @  74Hz
                0.9   16.2l: (119.8dB   736W 111.1dB) @  76Hz
                1.0   12.8l: (120.3dB   837W 111.1dB) @  79Hz
                1.1   10.4l: (121.1dB   996W 111.1dB) @  82Hz
                1.1   10.4l: (118.2dB   516W 111.1dB) @  70Hz (  510uF)

1.00  92.0dB:   0.5   90.3l: (117.9dB   507W 110.8dB) @  69Hz
                0.6   50.9l: (116.9dB   402W 110.8dB) @  65Hz
                0.7   33.6l: (116.9dB   406W 110.8dB) @  65Hz
                0.8   24.1l: (118.3dB   562W 110.8dB) @  70Hz
                0.9   18.3l: (118.8dB   628W 110.8dB) @  72Hz
                1.0   14.4l: (119.4dB   715W 110.8dB) @  75Hz
                1.1   11.6l: (120.1dB   850W 110.8dB) @  78Hz
                1.1   11.6l: (117.3dB   440W 110.8dB) @  66Hz (  538uF)

-------------
axt12
      92.9dB                            100W
Rpre   Spl      qtc    Vb     SplMech Pmech SplEle      f3

0.20  92.6dB:   0.5   87.4l: (120.3dB   740W 111.6dB) @  66Hz
                0.6   54.8l: (119.3dB   586W 111.6dB) @  63Hz
                0.7   38.0l: (119.3dB   593W 111.6dB) @  63Hz
                0.8   28.1l: (120.7dB   820W 111.6dB) @  68Hz
                0.9   21.7l: (121.2dB   917W 111.6dB) @  70Hz
                1.0   17.3l: (121.8dB  1043W 111.6dB) @  72Hz
                1.1   14.1l: (122.5dB  1240W 111.6dB) @  76Hz
                1.1   14.1l: (119.7dB   643W 111.6dB) @  64Hz (  539uF)

0.60  92.3dB:   0.5  102.1l: (119.3dB   627W 111.3dB) @  63Hz
                0.6   62.9l: (118.3dB   497W 111.3dB) @  59Hz
                0.7   43.3l: (118.3dB   503W 111.3dB) @  59Hz
                0.8   31.9l: (119.8dB   695W 111.3dB) @  64Hz
                0.9   24.5l: (120.2dB   777W 111.3dB) @  66Hz
                1.0   19.5l: (120.8dB   884W 111.3dB) @  68Hz
                1.1   15.9l: (121.5dB  1051W 111.3dB) @  71Hz
                1.1   15.9l: (118.7dB   545W 111.3dB) @  61Hz (  571uF)

1.00  92.1dB:   0.5  118.9l: (118.4dB   537W 111.1dB) @  60Hz
                0.6   72.0l: (117.4dB   425W 111.1dB) @  56Hz
                0.7   49.1l: (117.4dB   430W 111.1dB) @  56Hz
                0.8   35.9l: (118.8dB   595W 111.1dB) @  61Hz
                0.9   27.5l: (119.3dB   665W 111.1dB) @  63Hz
                1.0   21.8l: (119.9dB   757W 111.1dB) @  65Hz
                1.1   17.8l: (120.6dB   900W 111.1dB) @  68Hz
                1.1   17.8l: (117.8dB   466W 111.1dB) @  57Hz (  601uF)

-------------
W160al
      87.0dB                             80W
Rpre   Spl      qtc    Vb     SplMech Pmech SplEle      f3

0.20  86.7dB:   0.6   54.9l: (100.3dB    29W 104.7dB) @  61Hz
                0.7   24.3l: (100.4dB    30W 104.7dB) @  61Hz
                0.8   14.8l: (101.8dB    41W 104.7dB) @  66Hz
                0.9   10.2l: (102.3dB    46W 104.7dB) @  68Hz
                1.0    7.6l: (102.8dB    52W 104.7dB) @  70Hz
                1.1    5.9l: (103.6dB    62W 104.7dB) @  73Hz
                1.1    5.9l: (100.7dB    32W 104.7dB) @  62Hz (  571uF)

0.60  86.5dB:   0.6   79.7l: ( 99.5dB    26W 104.4dB) @  58Hz
                0.7   29.9l: ( 99.6dB    26W 104.4dB) @  58Hz
                0.8   17.3l: (101.0dB    36W 104.4dB) @  63Hz
                0.9   11.8l: (101.5dB    41W 104.4dB) @  65Hz
                1.0    8.6l: (102.0dB    46W 104.4dB) @  67Hz
                1.1    6.7l: (102.8dB    55W 104.4dB) @  70Hz
                1.1    6.7l: ( 99.9dB    29W 104.4dB) @  59Hz (  599uF)

1.00  86.2dB:   0.6  129.6l: ( 98.8dB    23W 104.2dB) @  55Hz
                0.7   37.2l: ( 98.8dB    23W 104.2dB) @  56Hz
                0.8   20.4l: (100.2dB    32W 104.2dB) @  60Hz
                0.9   13.5l: (100.7dB    36W 104.2dB) @  62Hz
                1.0    9.8l: (101.3dB    41W 104.2dB) @  64Hz
                1.1    7.5l: (102.0dB    49W 104.2dB) @  67Hz
                1.1    7.5l: ( 99.2dB    25W 104.2dB) @  57Hz (  625uF)

