-------------
ax5
-------------
 89.3dB             4.0l (1.1)                10W
SplMech  Pmech SplEle     f3

-------------
ax6
-------------
 91.6dB             6.4l (1.1)                10W
SplMech  Pmech SplEle     f3

 95.7dB    36W  90.2dB @  48Hz   10
-------------
ax8
-------------
 91.7dB            27.0l (1.1)                10W
SplMech  Pmech SplEle     f3

           10W  90.3dB @  30Hz 
 92.2dB    15W  90.3dB @  30Hz   10
 93.3dB    15W  91.4dB @  32Hz    9
 94.4dB    15W  92.5dB @  34Hz    8
 95.4dB    16W  93.5dB @  36Hz    7
 96.3dB    16W  94.4dB @  38Hz    6
 97.2dB    16W  95.3dB @  40Hz    5
 98.0dB    16W  96.1dB @  42Hz    4
 98.9dB    16W  96.9dB @  44Hz    3
 99.6dB    16W  97.7dB @  46Hz    2
100.4dB    16W  98.4dB @  48Hz    2
-------------
axp06
-------------
 93.5dB             2.6l (1.1)                50W
SplMech  Pmech SplEle     f3

 97.6dB   275W  90.2dB @  42Hz   19
 98.4dB   275W  91.0dB @  44Hz   18
 99.2dB   275W  91.8dB @  46Hz   18
 99.9dB   275W  92.5dB @  48Hz   17
-------------
axp08
-------------
 93.2dB             9.1l (1.1)                50W
SplMech  Pmech SplEle     f3

           50W  90.9dB @  30Hz 
 96.9dB   200W  90.9dB @  30Hz   18
 98.1dB   200W  92.0dB @  32Hz   17
 99.1dB   200W  93.1dB @  34Hz   16
100.1dB   200W  94.1dB @  36Hz   15
101.0dB   201W  95.0dB @  38Hz   14
101.9dB   201W  95.9dB @  40Hz   13
102.8dB   201W  96.7dB @  42Hz   12
103.6dB   201W  97.5dB @  44Hz   12
104.4dB   201W  98.3dB @  46Hz   11
105.1dB   201W  99.1dB @  48Hz   10
-------------
axp10
-------------
 94.6dB             4.7l (1.1)               100W
SplMech  Pmech SplEle     f3

          100W  90.3dB @  30Hz 
103.5dB  2094W  90.3dB @  30Hz   23
104.6dB  2096W  91.4dB @  32Hz   22
105.7dB  2097W  92.5dB @  34Hz   21
106.7dB  2099W  93.5dB @  36Hz   20
107.6dB  2100W  94.4dB @  38Hz   19
108.5dB  2102W  95.3dB @  40Hz   18
109.4dB  2103W  96.1dB @  42Hz   17
110.2dB  2105W  96.9dB @  44Hz   17
110.9dB  2106W  97.7dB @  46Hz   16
111.7dB  2107W  98.4dB @  48Hz   15
-------------
axp12
-------------
 95.8dB            15.5l (1.1)               100W
SplMech  Pmech SplEle     f3

101.1dB   903W  91.5dB @  22Hz   23
102.6dB   905W  93.0dB @  24Hz   22
104.0dB   906W  94.4dB @  26Hz   20
105.3dB   906W  95.7dB @  28Hz   19
           25W  90.9dB @  30Hz 
           31W  91.9dB @  30Hz 
           40W  92.9dB @  30Hz 
           50W  93.9dB @  30Hz 
           63W  94.9dB @  30Hz 
           79W  95.9dB @  30Hz 
          100W  96.9dB @  30Hz 
106.5dB   907W  96.9dB @  30Hz   18
107.6dB   908W  98.0dB @  32Hz   17
108.7dB   909W  99.1dB @  34Hz   16
109.7dB   910W 100.1dB @  36Hz   15
110.6dB   910W 101.0dB @  38Hz   14
111.5dB   911W 101.9dB @  40Hz   13
112.3dB   911W 102.7dB @  42Hz   12
113.1dB   912W 103.5dB @  44Hz   11
113.9dB   913W 104.3dB @  46Hz   10
114.7dB   913W 105.0dB @  48Hz   10
-------------
axt08
-------------
 91.6dB             4.7l (1.1)                10W
SplMech  Pmech SplEle     f3

-------------
axt10
-------------
 92.9dB             9.1l (1.1)               100W
SplMech  Pmech SplEle     f3

 99.6dB   731W  91.0dB @  24Hz   20
101.0dB   732W  92.4dB @  26Hz   19
102.3dB   733W  93.7dB @  28Hz   18
           40W  90.8dB @  30Hz 
           50W  91.8dB @  30Hz 
           63W  92.9dB @  30Hz 
           79W  93.9dB @  30Hz 
          100W  94.9dB @  30Hz 
103.5dB   733W  94.9dB @  30Hz   16
104.6dB   734W  96.0dB @  32Hz   15
105.7dB   735W  97.0dB @  34Hz   14
106.7dB   735W  98.0dB @  36Hz   13
107.6dB   736W  99.0dB @  38Hz   12
108.5dB   736W  99.8dB @  40Hz   12
109.4dB   737W 100.7dB @  42Hz   11
110.2dB   737W 101.5dB @  44Hz   10
110.9dB   738W 102.3dB @  46Hz    9
111.7dB   738W 103.0dB @  48Hz    8
-------------
axt12
-------------
 92.9dB            14.1l (1.1)               100W
SplMech  Pmech SplEle     f3

          100W  90.6dB @  20Hz 
 99.4dB   769W  90.6dB @  20Hz   21
101.1dB   770W  92.2dB @  22Hz   19
102.6dB   771W  93.7dB @  24Hz   18
104.0dB   771W  95.1dB @  26Hz   16
105.3dB   772W  96.4dB @  28Hz   15
           20W  90.6dB @  30Hz 
           25W  91.6dB @  30Hz 
           31W  92.6dB @  30Hz 
           40W  93.6dB @  30Hz 
           50W  94.6dB @  30Hz 
           63W  95.6dB @  30Hz 
           79W  96.6dB @  30Hz 
          100W  97.6dB @  30Hz 
106.5dB   773W  97.6dB @  30Hz   14
107.6dB   774W  98.7dB @  32Hz   13
108.7dB   774W  99.8dB @  34Hz   12
109.7dB   775W 100.8dB @  36Hz   11
110.6dB   775W 101.7dB @  38Hz   10
111.5dB   776W 102.6dB @  40Hz    9
112.3dB   776W 103.4dB @  42Hz    8
113.1dB   777W 104.2dB @  44Hz    7
113.9dB   777W 105.0dB @  46Hz    7
114.7dB   778W 105.7dB @  48Hz    6
-------------
W160al
-------------
 87.0dB             5.9l (1.1)                80W
SplMech  Pmech SplEle     f3

 90.3dB    39W  93.4dB @  34Hz   11
 91.3dB    39W  94.4dB @  36Hz   10
 92.2dB    39W  95.3dB @  38Hz    9
 93.1dB    39W  96.2dB @  40Hz    8
 93.9dB    39W  97.0dB @  42Hz    8
 94.7dB    39W  97.8dB @  44Hz    7
 95.5dB    39W  98.6dB @  46Hz    6
 96.3dB    39W  99.4dB @  48Hz    5
