-------------
axt10
            92.9dB           100W      1x100mm
   fu     fc      fo      SplMech  Vb1     Vb2       d         l        C
 10.7 Hz  31 Hz   91 Hz   85.6 dB   oo l +  19 l  - 1x70mm    579 mm  2560 µF
 11.0 Hz  32 Hz   92 Hz   86.1 dB 2873 l +  19 l  - 1x70mm    554 mm  2458 µF
 12.0 Hz  34 Hz   94 Hz   87.6 dB  702 l +  19 l  - 1x70mm    487 mm  2189 µF
 13.0 Hz  35 Hz   97 Hz   89.0 dB  395 l +  19 l  - 1x70mm    432 mm  1967 µF
 14.0 Hz  37 Hz   99 Hz   90.3 dB  273 l +  19 l  - 1x70mm    386 mm  1782 µF
 15.0 Hz  39 Hz  102 Hz   91.5 dB  207 l +  19 l    1x100mm   743 mm  1625 µF
 16.0 Hz  41 Hz  104 Hz   92.6 dB  166 l +  19 l    1x100mm   675 mm  1491 µF
 17.0 Hz  42 Hz  106 Hz   93.6 dB  138 l +  19 l    1x100mm   617 mm  1376 µF
 18.0 Hz  44 Hz  108 Hz   94.6 dB  118 l +  19 l    1x100mm   566 mm  1275 µF
 19.0 Hz  46 Hz  110 Hz   95.6 dB  103 l +  19 l    1x100mm   521 mm  1186 µF
 20.0 Hz  47 Hz  112 Hz   96.5 dB   91 l +  19 l    1x100mm   481 mm  1108 µF
 21.0 Hz  49 Hz  114 Hz   97.3 dB   81 l +  19 l    1x100mm   446 mm  1038 µF
 22.0 Hz  50 Hz  115 Hz   98.1 dB   73 l +  19 l    1x100mm   414 mm   975 µF
 23.0 Hz  52 Hz  117 Hz   98.9 dB   67 l +  19 l    1x100mm   386 mm   919 µF
 24.0 Hz  53 Hz  119 Hz   99.6 dB   61 l +  19 l    1x100mm   360 mm   869 µF
 25.0 Hz  55 Hz  120 Hz  100.3 dB   56 l +  19 l    1x100mm   337 mm   823 µF
 26.0 Hz  56 Hz  122 Hz  101.0 dB   52 l +  19 l    1x100mm   315 mm   781 µF
 27.0 Hz  58 Hz  124 Hz  101.7 dB   49 l +  19 l    1x100mm   296 mm   742 µF
 28.0 Hz  59 Hz  125 Hz  102.3 dB   45 l +  19 l    1x100mm   278 mm   707 µF
 29.0 Hz  61 Hz  126 Hz  102.9 dB   43 l +  19 l    1x100mm   262 mm   675 µF
 30.0 Hz  62 Hz  128 Hz  103.5 dB   40 l +  19 l    1x100mm   247 mm   645 µF

-------------
axt12
            92.9dB           100W      2x100mm
   fu     fc      fo      SplMech  Vb1     Vb2       d         l        C
  7.5 Hz  23 Hz   73 Hz   82.4 dB   oo l +  31 l  * 1x70mm    622 mm  3787 µF
  8.0 Hz  24 Hz   75 Hz   83.5 dB 2686 l +  31 l  * 1x70mm    622 mm  3468 µF
  9.0 Hz  26 Hz   78 Hz   85.6 dB  890 l +  31 l  * 1x70mm    622 mm  2964 µF
 10.0 Hz  28 Hz   81 Hz   87.4 dB  525 l +  31 l  * 1x70mm    622 mm  2576 µF
 11.0 Hz  30 Hz   83 Hz   89.1 dB  369 l +  31 l  - 1x100mm   749 mm  2268 µF
 12.0 Hz  32 Hz   86 Hz   90.6 dB  282 l +  31 l  - 1x100mm   658 mm  2020 µF
 13.0 Hz  34 Hz   88 Hz   92.0 dB  227 l +  31 l  - 1x100mm   583 mm  1815 µF
 14.0 Hz  36 Hz   90 Hz   93.2 dB  190 l +  31 l  - 1x100mm   521 mm  1645 µF
 15.0 Hz  37 Hz   92 Hz   94.4 dB  162 l +  31 l  - 1x100mm   468 mm  1500 µF
 16.0 Hz  39 Hz   94 Hz   95.6 dB  141 l +  31 l  - 1x100mm   423 mm  1376 µF
 17.0 Hz  40 Hz   96 Hz   96.6 dB  125 l +  31 l  - 1x100mm   384 mm  1269 µF
 18.0 Hz  42 Hz   98 Hz   97.6 dB  111 l +  31 l    2x100mm   742 mm  1176 µF
 19.0 Hz  44 Hz  100 Hz   98.6 dB  100 l +  31 l    2x100mm   682 mm  1094 µF
 20.0 Hz  45 Hz  101 Hz   99.4 dB   91 l +  31 l    2x100mm   630 mm  1022 µF
 21.0 Hz  47 Hz  103 Hz  100.3 dB   84 l +  31 l    2x100mm   583 mm   958 µF
 22.0 Hz  48 Hz  105 Hz  101.1 dB   77 l +  31 l    2x100mm   541 mm   900 µF
 23.0 Hz  49 Hz  106 Hz  101.9 dB   71 l +  31 l    2x100mm   504 mm   848 µF
 24.0 Hz  51 Hz  108 Hz  102.6 dB   66 l +  31 l    2x100mm   470 mm   802 µF
 25.0 Hz  52 Hz  109 Hz  103.3 dB   62 l +  31 l    2x100mm   439 mm   759 µF
 26.0 Hz  54 Hz  111 Hz  104.0 dB   58 l +  31 l    2x100mm   411 mm   720 µF
 27.0 Hz  55 Hz  112 Hz  104.7 dB   55 l +  31 l    2x100mm   385 mm   685 µF
 28.0 Hz  56 Hz  113 Hz  105.3 dB   51 l +  31 l    2x100mm   361 mm   653 µF
 29.0 Hz  58 Hz  115 Hz  105.9 dB   49 l +  31 l    2x100mm   340 mm   623 µF
 30.0 Hz  59 Hz  116 Hz  106.5 dB   46 l +  31 l    2x100mm   320 mm   595 µF

-------------
W160al
            87.0dB            80W       1x70mm
   fu     fc      fo      SplMech  Vb1     Vb2       d         l        C
 20.3 Hz  45 Hz  100 Hz   81.3 dB   oo l +  11 l    1x70mm    459 mm  1020 µF
 21.0 Hz  46 Hz  101 Hz   81.9 dB  462 l +  11 l    1x70mm    435 mm   974 µF
 22.0 Hz  48 Hz  103 Hz   82.7 dB  192 l +  11 l    1x70mm    406 mm   915 µF
 23.0 Hz  49 Hz  104 Hz   83.5 dB  120 l +  11 l    1x70mm    379 mm   863 µF
 24.0 Hz  50 Hz  106 Hz   84.2 dB   87 l +  11 l    1x70mm    355 mm   815 µF
 25.0 Hz  52 Hz  107 Hz   84.9 dB   68 l +  11 l    1x70mm    333 mm   772 µF
 26.0 Hz  53 Hz  108 Hz   85.6 dB   56 l +  11 l    1x70mm    314 mm   733 µF
 27.0 Hz  54 Hz  110 Hz   86.3 dB   47 l +  11 l    1x70mm    295 mm   697 µF
 28.0 Hz  56 Hz  111 Hz   86.9 dB   41 l +  11 l    1x70mm    279 mm   664 µF
 29.0 Hz  57 Hz  112 Hz   87.5 dB   36 l +  11 l    1x70mm    264 mm   633 µF
 30.0 Hz  58 Hz  114 Hz   88.1 dB   32 l +  11 l    1x70mm    249 mm   605 µF

