-------------
GZTW10MK2
                    85.2dB           300W
         qts   f3   Spl     SplMech Pmech  SplEle  
        0.63  38Hz  85.0dB  113.3dB  687W  109.7dB
-------------
GZTW12MK2
                    86.7dB           400W
         qts   f3   Spl     SplMech Pmech  SplEle  
        0.51  33Hz  86.5dB  113.9dB  550W  112.5dB
-------------
GZRW 12D-AL 
                    91.3dB           375W
  R||    qts   f3   Spl     SplMech Pmech  SplEle  
   1.0  0.50  38Hz  84.8dB  118.6dB 2419W  110.5dB
   1.5  0.52  38Hz  84.8dB  118.6dB 2419W  110.5dB
   2.2  0.55  35Hz  84.8dB  117.4dB 1817W  110.5dB
   3.3  0.58  32Hz  84.8dB  115.9dB 1294W  110.5dB
   4.7  0.62  30Hz  84.8dB  114.4dB  924W  110.5dB
   6.8  0.66  27Hz  84.8dB  113.0dB  665W  110.5dB
  10.0  0.70  25Hz  84.8dB  111.8dB  505W  110.5dB
  15.0  0.74  25Hz  84.8dB  111.8dB  505W  110.5dB
  22.0  0.78  24Hz  84.8dB  110.9dB  409W  110.5dB
  33.0  0.81  23Hz  84.8dB  109.9dB  328W  110.5dB
  47.0  0.83  23Hz  84.8dB  109.9dB  328W  110.5dB
  68.0  0.85  23Hz  84.8dB  109.9dB  328W  110.5dB
 100.0  0.86  22Hz  84.8dB  109.3dB  286W  110.5dB
 150.0  0.87  22Hz  84.8dB  109.3dB  286W  110.5dB
9999.0  0.89  22Hz  84.8dB  109.3dB  286W  110.5dB
-------------
GZPW15SPL
                    93.4dB          3750W
  R||    qts   f3   Spl     SplMech Pmech  SplEle  
   4.7  0.51  44Hz  86.0dB  126.2dB 10522W  121.7dB
   6.8  0.53  41Hz  86.0dB  125.0dB 7906W  121.7dB
  10.0  0.55  41Hz  86.0dB  125.0dB 7906W  121.7dB
  15.0  0.56  39Hz  86.0dB  124.2dB 6592W  121.7dB
  22.0  0.57  37Hz  86.0dB  123.5dB 5628W  121.7dB
  33.0  0.58  37Hz  86.0dB  123.5dB 5628W  121.7dB
  47.0  0.59  37Hz  86.0dB  123.5dB 5628W  121.7dB
  68.0  0.59  37Hz  86.0dB  123.5dB 5628W  121.7dB
 100.0  0.59  37Hz  86.0dB  123.5dB 5628W  121.7dB
 150.0  0.60  37Hz  86.0dB  123.5dB 5628W  121.7dB
9999.0  0.60  37Hz  86.0dB  123.5dB 5628W  121.7dB
-------------
GZPW15XQ
                    91.5dB          3750W
  R||    qts   f3   Spl     SplMech Pmech  SplEle  
  15.0  0.50  44Hz  84.9dB  126.1dB 13297W  120.6dB
  22.0  0.52  44Hz  84.9dB  126.1dB 13297W  120.6dB
  33.0  0.53  40Hz  84.9dB  124.9dB 9991W  120.6dB
  47.0  0.54  40Hz  84.9dB  124.9dB 9991W  120.6dB
  68.0  0.54  40Hz  84.9dB  124.9dB 9991W  120.6dB
 100.0  0.55  40Hz  84.9dB  124.9dB 9991W  120.6dB
 150.0  0.55  40Hz  84.9dB  124.9dB 9991W  120.6dB
9999.0  0.56  39Hz  84.9dB  124.1dB 8330W  120.6dB
