-------------
GZTW10MK2
-------------
 85.2dB            18.8l (1.1)               300W
SplMech  Pmech SplEle     f3

            5W  77.2dB @  20Hz 
            6W  78.2dB @  20Hz 
            7W  79.2dB @  20Hz 
            9W  80.2dB @  20Hz 
           12W  81.2dB @  20Hz 
           15W  82.2dB @  20Hz 
           19W  83.2dB @  20Hz 
           24W  84.2dB @  20Hz 
           30W  85.2dB @  20Hz 
           37W  86.2dB @  20Hz 
           47W  87.2dB @  20Hz 
           60W  88.2dB @  20Hz 
           75W  89.2dB @  20Hz 
           94W  90.2dB @  20Hz 
          119W  91.2dB @  20Hz 
          150W  92.2dB @  20Hz 
          189W  93.2dB @  20Hz 
          238W  94.2dB @  20Hz 
          300W  95.2dB @  20Hz 
102.3dB  1539W  95.2dB @  20Hz   12
            5W  82.3dB @  27Hz 
            6W  83.4dB @  27Hz 
            7W  84.4dB @  27Hz 
            9W  85.4dB @  27Hz 
           12W  86.4dB @  27Hz 
           15W  87.4dB @  27Hz 
           19W  88.4dB @  27Hz 
           24W  89.4dB @  27Hz 
           30W  90.4dB @  27Hz 
           37W  91.4dB @  27Hz 
           47W  92.4dB @  27Hz 
           60W  93.4dB @  27Hz 
           75W  94.4dB @  27Hz 
           94W  95.4dB @  27Hz 
          119W  96.4dB @  27Hz 
          150W  97.4dB @  27Hz 
          189W  98.4dB @  27Hz 
          238W  99.4dB @  27Hz 
          300W 100.4dB @  27Hz 
107.5dB  1545W 100.4dB @  27Hz    6
111.5dB  1550W 104.4dB @  34Hz    2
114.8dB  1554W 107.6dB @  41Hz   -1
117.5dB  1558W 110.4dB @  48Hz   -4
119.9dB  1561W 112.7dB @  55Hz   -6
122.0dB  1563W 114.8dB @  62Hz   -8
123.8dB  1565W 116.7dB @  69Hz  -10
125.5dB  1568W 118.3dB @  76Hz  -12
-------------
GZTW12MK2
-------------
 86.7dB            39.7l (1.1)               400W
SplMech  Pmech SplEle     f3

            6W  82.9dB @  20Hz 
            8W  83.9dB @  20Hz 
           10W  84.9dB @  20Hz 
           12W  85.9dB @  20Hz 
           16W  86.9dB @  20Hz 
           20W  87.9dB @  20Hz 
           25W  88.9dB @  20Hz 
           31W  90.0dB @  20Hz 
           40W  91.0dB @  20Hz 
           50W  92.0dB @  20Hz 
           63W  93.0dB @  20Hz 
           79W  94.0dB @  20Hz 
          100W  95.0dB @  20Hz 
          126W  96.0dB @  20Hz 
          159W  97.0dB @  20Hz 
          200W  98.0dB @  20Hz 
          252W  99.0dB @  20Hz 
          317W 100.0dB @  20Hz 
          400W 101.0dB @  20Hz 
105.4dB  1108W 101.0dB @  20Hz    9
            6W  88.1dB @  27Hz 
            8W  89.1dB @  27Hz 
           10W  90.1dB @  27Hz 
           12W  91.1dB @  27Hz 
           16W  92.1dB @  27Hz 
           20W  93.1dB @  27Hz 
           25W  94.1dB @  27Hz 
           31W  95.1dB @  27Hz 
           40W  96.1dB @  27Hz 
           50W  97.2dB @  27Hz 
           63W  98.2dB @  27Hz 
           79W  99.2dB @  27Hz 
          100W 100.2dB @  27Hz 
          126W 101.2dB @  27Hz 
          159W 102.2dB @  27Hz 
          200W 103.2dB @  27Hz 
          252W 104.2dB @  27Hz 
          317W 105.2dB @  27Hz 
          400W 106.2dB @  27Hz 
110.6dB  1112W 106.2dB @  27Hz    3
114.6dB  1116W 110.2dB @  34Hz   -1
117.9dB  1119W 113.4dB @  41Hz   -4
120.6dB  1121W 116.1dB @  48Hz   -7
123.0dB  1123W 118.5dB @  55Hz   -9
125.1dB  1125W 120.6dB @  62Hz  -11
126.9dB  1127W 122.4dB @  69Hz  -13
128.6dB  1128W 124.1dB @  76Hz  -15
-------------
GZRW 10     
-------------
 89.4dB             6.6l (1.1)               400W
SplMech  Pmech SplEle     f3

            6W  73.5dB @  20Hz 
            8W  74.5dB @  20Hz 
           10W  75.5dB @  20Hz 
           12W  76.6dB @  20Hz 
           16W  77.6dB @  20Hz 
           20W  78.6dB @  20Hz 
           25W  79.6dB @  20Hz 
           31W  80.6dB @  20Hz 
           40W  81.6dB @  20Hz 
           50W  82.6dB @  20Hz 
           63W  83.6dB @  20Hz 
           79W  84.6dB @  20Hz 
          100W  85.6dB @  20Hz 
          126W  86.6dB @  20Hz 
          159W  87.6dB @  20Hz 
          200W  88.6dB @  20Hz 
          252W  89.6dB @  20Hz 
          317W  90.6dB @  20Hz 
          400W  91.6dB @  20Hz 
104.5dB  7788W  91.6dB @  20Hz   17
            6W  78.7dB @  27Hz 
            8W  79.7dB @  27Hz 
           10W  80.7dB @  27Hz 
           12W  81.7dB @  27Hz 
           16W  82.8dB @  27Hz 
           20W  83.8dB @  27Hz 
           25W  84.8dB @  27Hz 
           31W  85.8dB @  27Hz 
           40W  86.8dB @  27Hz 
           50W  87.8dB @  27Hz 
           63W  88.8dB @  27Hz 
           79W  89.8dB @  27Hz 
          100W  90.8dB @  27Hz 
          126W  91.8dB @  27Hz 
          159W  92.8dB @  27Hz 
          200W  93.8dB @  27Hz 
          252W  94.8dB @  27Hz 
          317W  95.8dB @  27Hz 
          400W  96.8dB @  27Hz 
109.7dB  7820W  96.8dB @  27Hz   12
113.7dB  7845W 100.8dB @  34Hz    8
117.0dB  7865W 104.0dB @  41Hz    4
119.7dB  7882W 106.8dB @  48Hz    2
122.1dB  7897W 109.1dB @  55Hz   -1
124.2dB  7910W 111.2dB @  62Hz   -3
126.0dB  7921W 113.0dB @  69Hz   -5
127.7dB  7932W 114.7dB @  76Hz   -6
-------------
GZRW 12	    
-------------
 91.0dB            22.6l (1.1)               500W
SplMech  Pmech SplEle     f3

            8W  80.7dB @  20Hz 
           10W  81.7dB @  20Hz 
           12W  82.7dB @  20Hz 
           16W  83.7dB @  20Hz 
           20W  84.7dB @  20Hz 
           25W  85.7dB @  20Hz 
           31W  86.7dB @  20Hz 
           39W  87.7dB @  20Hz 
           50W  88.7dB @  20Hz 
           62W  89.7dB @  20Hz 
           79W  90.7dB @  20Hz 
           99W  91.7dB @  20Hz 
          125W  92.8dB @  20Hz 
          157W  93.8dB @  20Hz 
          198W  94.8dB @  20Hz 
          250W  95.8dB @  20Hz 
          315W  96.8dB @  20Hz 
          397W  97.8dB @  20Hz 
          500W  98.8dB @  20Hz 
107.6dB  3811W  98.8dB @  20Hz   13
            8W  85.9dB @  27Hz 
           10W  86.9dB @  27Hz 
           12W  87.9dB @  27Hz 
           16W  88.9dB @  27Hz 
           20W  89.9dB @  27Hz 
           25W  90.9dB @  27Hz 
           31W  91.9dB @  27Hz 
           39W  92.9dB @  27Hz 
           50W  93.9dB @  27Hz 
           62W  94.9dB @  27Hz 
           79W  95.9dB @  27Hz 
           99W  96.9dB @  27Hz 
          125W  97.9dB @  27Hz 
          157W  99.0dB @  27Hz 
          198W 100.0dB @  27Hz 
          250W 101.0dB @  27Hz 
          315W 102.0dB @  27Hz 
          397W 103.0dB @  27Hz 
          500W 104.0dB @  27Hz 
112.8dB  3827W 104.0dB @  27Hz    7
116.8dB  3839W 108.0dB @  34Hz    3
120.1dB  3849W 111.2dB @  41Hz    0
122.8dB  3857W 113.9dB @  48Hz   -2
125.2dB  3864W 116.3dB @  55Hz   -5
127.3dB  3871W 118.4dB @  62Hz   -7
129.1dB  3876W 120.2dB @  69Hz   -9
130.8dB  3882W 121.9dB @  76Hz  -10
-------------
GZRW 15	    
-------------
 92.5dB            68.8l (1.1)               600W
SplMech  Pmech SplEle     f3

            9W  86.8dB @  20Hz 
           12W  87.8dB @  20Hz 
           15W  88.8dB @  20Hz 
           19W  89.8dB @  20Hz 
           24W  90.8dB @  20Hz 
           30W  91.8dB @  20Hz 
           37W  92.8dB @  20Hz 
           47W  93.8dB @  20Hz 
           60W  94.8dB @  20Hz 
           75W  95.9dB @  20Hz 
           94W  96.9dB @  20Hz 
          119W  97.9dB @  20Hz 
          150W  98.9dB @  20Hz 
          189W  99.9dB @  20Hz 
          238W 100.9dB @  20Hz 
          300W 101.9dB @  20Hz 
          378W 102.9dB @  20Hz 
          476W 103.9dB @  20Hz 
          600W 104.9dB @  20Hz 
112.1dB  3153W 104.9dB @  20Hz   10
            9W  92.0dB @  27Hz 
           12W  93.0dB @  27Hz 
           15W  94.0dB @  27Hz 
           19W  95.0dB @  27Hz 
           24W  96.0dB @  27Hz 
           30W  97.0dB @  27Hz 
           37W  98.0dB @  27Hz 
           47W  99.0dB @  27Hz 
           60W 100.0dB @  27Hz 
           75W 101.0dB @  27Hz 
           94W 102.1dB @  27Hz 
          119W 103.1dB @  27Hz 
          150W 104.1dB @  27Hz 
          189W 105.1dB @  27Hz 
          238W 106.1dB @  27Hz 
          300W 107.1dB @  27Hz 
          378W 108.1dB @  27Hz 
          476W 109.1dB @  27Hz 
          600W 110.1dB @  27Hz 
117.3dB  3166W 110.1dB @  27Hz    5
121.3dB  3176W 114.1dB @  34Hz    1
124.6dB  3184W 117.3dB @  41Hz   -2
127.3dB  3191W 120.0dB @  48Hz   -5
129.7dB  3197W 122.4dB @  55Hz   -8
131.7dB  3202W 124.5dB @  62Hz  -10
133.6dB  3207W 126.3dB @  69Hz  -11
135.3dB  3211W 128.0dB @  76Hz  -13
-------------
GZRW 12S-AL 
-------------
 91.4dB            21.1l (1.1)               500W
SplMech  Pmech SplEle     f3

            8W  80.3dB @  20Hz 
           10W  81.3dB @  20Hz 
           12W  82.3dB @  20Hz 
           16W  83.3dB @  20Hz 
           20W  84.3dB @  20Hz 
           25W  85.3dB @  20Hz 
           31W  86.3dB @  20Hz 
           39W  87.3dB @  20Hz 
           50W  88.3dB @  20Hz 
           62W  89.3dB @  20Hz 
           79W  90.3dB @  20Hz 
           99W  91.3dB @  20Hz 
          125W  92.3dB @  20Hz 
          157W  93.3dB @  20Hz 
          198W  94.3dB @  20Hz 
          250W  95.3dB @  20Hz 
          315W  96.3dB @  20Hz 
          397W  97.3dB @  20Hz 
          500W  98.3dB @  20Hz 
107.6dB  4234W  98.3dB @  20Hz   13
            8W  85.5dB @  27Hz 
           10W  86.5dB @  27Hz 
           12W  87.5dB @  27Hz 
           16W  88.5dB @  27Hz 
           20W  89.5dB @  27Hz 
           25W  90.5dB @  27Hz 
           31W  91.5dB @  27Hz 
           39W  92.5dB @  27Hz 
           50W  93.5dB @  27Hz 
           62W  94.5dB @  27Hz 
           79W  95.5dB @  27Hz 
           99W  96.5dB @  27Hz 
          125W  97.5dB @  27Hz 
          157W  98.5dB @  27Hz 
          198W  99.5dB @  27Hz 
          250W 100.5dB @  27Hz 
          315W 101.5dB @  27Hz 
          397W 102.5dB @  27Hz 
          500W 103.5dB @  27Hz 
112.8dB  4251W 103.5dB @  27Hz    8
116.8dB  4265W 107.5dB @  34Hz    4
120.1dB  4276W 110.7dB @  41Hz    1
122.8dB  4285W 113.5dB @  48Hz   -2
125.2dB  4293W 115.8dB @  55Hz   -4
127.3dB  4300W 117.9dB @  62Hz   -6
129.1dB  4306W 119.8dB @  69Hz   -8
130.8dB  4312W 121.4dB @  76Hz  -10
-------------
GZRW 12D-AL 
-------------
 91.3dB            21.1l (1.1)               500W
SplMech  Pmech SplEle     f3

            8W  83.4dB @  20Hz 
           10W  84.4dB @  20Hz 
           12W  85.4dB @  20Hz 
           16W  86.4dB @  20Hz 
           20W  87.4dB @  20Hz 
           25W  88.4dB @  20Hz 
           31W  89.4dB @  20Hz 
           39W  90.4dB @  20Hz 
           50W  91.4dB @  20Hz 
           62W  92.4dB @  20Hz 
           79W  93.4dB @  20Hz 
           99W  94.4dB @  20Hz 
          125W  95.4dB @  20Hz 
          157W  96.4dB @  20Hz 
          198W  97.4dB @  20Hz 
          250W  98.4dB @  20Hz 
          315W  99.4dB @  20Hz 
          397W 100.4dB @  20Hz 
          500W 101.4dB @  20Hz 
107.6dB  2073W 101.4dB @  20Hz   13
            8W  88.6dB @  27Hz 
           10W  89.6dB @  27Hz 
           12W  90.6dB @  27Hz 
           16W  91.6dB @  27Hz 
           20W  92.6dB @  27Hz 
           25W  93.6dB @  27Hz 
           31W  94.6dB @  27Hz 
           39W  95.6dB @  27Hz 
           50W  96.6dB @  27Hz 
           62W  97.6dB @  27Hz 
           79W  98.6dB @  27Hz 
           99W  99.6dB @  27Hz 
          125W 100.6dB @  27Hz 
          157W 101.6dB @  27Hz 
          198W 102.6dB @  27Hz 
          250W 103.6dB @  27Hz 
          315W 104.6dB @  27Hz 
          397W 105.6dB @  27Hz 
          500W 106.6dB @  27Hz 
112.8dB  2081W 106.6dB @  27Hz    8
116.8dB  2088W 110.6dB @  34Hz    4
120.1dB  2093W 113.8dB @  41Hz    1
122.8dB  2098W 116.6dB @  48Hz   -2
125.2dB  2101W 118.9dB @  55Hz   -4
127.3dB  2105W 121.0dB @  62Hz   -6
129.1dB  2108W 122.9dB @  69Hz   -8
130.8dB  2111W 124.5dB @  76Hz  -10
-------------
GZHW 10     
-------------
 86.0dB             7.2l (1.1)               600W
SplMech  Pmech SplEle     f3

            9W  75.9dB @  20Hz 
           12W  76.9dB @  20Hz 
           15W  77.9dB @  20Hz 
           19W  78.9dB @  20Hz 
           24W  79.9dB @  20Hz 
           30W  80.9dB @  20Hz 
           37W  81.9dB @  20Hz 
           47W  82.9dB @  20Hz 
           60W  83.9dB @  20Hz 
           75W  85.0dB @  20Hz 
           94W  86.0dB @  20Hz 
          119W  87.0dB @  20Hz 
          150W  88.0dB @  20Hz 
          189W  89.0dB @  20Hz 
          238W  90.0dB @  20Hz 
          300W  91.0dB @  20Hz 
          378W  92.0dB @  20Hz 
          476W  93.0dB @  20Hz 
          600W  94.0dB @  20Hz 
114.5dB 66946W  94.0dB @  20Hz   16
            9W  81.1dB @  27Hz 
           12W  82.1dB @  27Hz 
           15W  83.1dB @  27Hz 
           19W  84.1dB @  27Hz 
           24W  85.1dB @  27Hz 
           30W  86.1dB @  27Hz 
           37W  87.1dB @  27Hz 
           47W  88.1dB @  27Hz 
           60W  89.1dB @  27Hz 
           75W  90.1dB @  27Hz 
           94W  91.2dB @  27Hz 
          119W  92.2dB @  27Hz 
          150W  93.2dB @  27Hz 
          189W  94.2dB @  27Hz 
          238W  95.2dB @  27Hz 
          300W  96.2dB @  27Hz 
          378W  97.2dB @  27Hz 
          476W  98.2dB @  27Hz 
          600W  99.2dB @  27Hz 
119.7dB 67222W  99.2dB @  27Hz   11
123.7dB 67434W 103.2dB @  34Hz    7
126.9dB 67607W 106.4dB @  41Hz    4
129.7dB 67753W 109.1dB @  48Hz    1
132.0dB 67880W 111.5dB @  55Hz   -1
134.1dB 67991W 113.6dB @  62Hz   -3
136.0dB 68091W 115.4dB @  69Hz   -5
137.6dB 68181W 117.1dB @  76Hz   -7
-------------
GZHW 12	    
-------------
 86.4dB            17.3l (1.1)               800W
SplMech  Pmech SplEle     f3

           12W  81.5dB @  20Hz 
           16W  82.5dB @  20Hz 
           20W  83.5dB @  20Hz 
           25W  84.5dB @  20Hz 
           31W  85.5dB @  20Hz 
           40W  86.5dB @  20Hz 
           50W  87.5dB @  20Hz 
           63W  88.5dB @  20Hz 
           79W  89.5dB @  20Hz 
          100W  90.5dB @  20Hz 
          126W  91.5dB @  20Hz 
          159W  92.5dB @  20Hz 
          200W  93.5dB @  20Hz 
          252W  94.5dB @  20Hz 
          317W  95.5dB @  20Hz 
          400W  96.5dB @  20Hz 
          504W  97.5dB @  20Hz 
          635W  98.6dB @  20Hz 
          800W  99.6dB @  20Hz 
117.6dB 50693W  99.6dB @  20Hz   12
           12W  86.7dB @  27Hz 
           16W  87.7dB @  27Hz 
           20W  88.7dB @  27Hz 
           25W  89.7dB @  27Hz 
           31W  90.7dB @  27Hz 
           40W  91.7dB @  27Hz 
           50W  92.7dB @  27Hz 
           63W  93.7dB @  27Hz 
           79W  94.7dB @  27Hz 
          100W  95.7dB @  27Hz 
          126W  96.7dB @  27Hz 
          159W  97.7dB @  27Hz 
          200W  98.7dB @  27Hz 
          252W  99.7dB @  27Hz 
          317W 100.7dB @  27Hz 
          400W 101.7dB @  27Hz 
          504W 102.7dB @  27Hz 
          635W 103.7dB @  27Hz 
          800W 104.7dB @  27Hz 
122.8dB 50902W 104.7dB @  27Hz    7
126.8dB 51063W 108.7dB @  34Hz    3
130.0dB 51194W 112.0dB @  41Hz   -0
132.8dB 51304W 114.7dB @  48Hz   -3
135.1dB 51400W 117.1dB @  55Hz   -5
137.2dB 51484W 119.1dB @  62Hz   -8
139.1dB 51560W 121.0dB @  69Hz   -9
140.8dB 51628W 122.7dB @  76Hz  -11
-------------
GZHW 15	    
-------------
 90.0dB            35.5l (1.1)              1000W
SplMech  Pmech SplEle     f3

           16W  85.5dB @  20Hz 
           20W  86.5dB @  20Hz 
           25W  87.5dB @  20Hz 
           31W  88.5dB @  20Hz 
           39W  89.5dB @  20Hz 
           50W  90.5dB @  20Hz 
           62W  91.5dB @  20Hz 
           79W  92.5dB @  20Hz 
           99W  93.5dB @  20Hz 
          125W  94.6dB @  20Hz 
          157W  95.6dB @  20Hz 
          198W  96.6dB @  20Hz 
          250W  97.6dB @  20Hz 
          315W  98.6dB @  20Hz 
          397W  99.6dB @  20Hz 
          500W 100.6dB @  20Hz 
          630W 101.6dB @  20Hz 
          793W 102.6dB @  20Hz 
         1000W 103.6dB @  20Hz 
121.9dB 68368W 103.6dB @  20Hz   13
           16W  90.7dB @  27Hz 
           20W  91.7dB @  27Hz 
           25W  92.7dB @  27Hz 
           31W  93.7dB @  27Hz 
           39W  94.7dB @  27Hz 
           50W  95.7dB @  27Hz 
           62W  96.7dB @  27Hz 
           79W  97.7dB @  27Hz 
           99W  98.7dB @  27Hz 
          125W  99.7dB @  27Hz 
          157W 100.8dB @  27Hz 
          198W 101.8dB @  27Hz 
          250W 102.8dB @  27Hz 
          315W 103.8dB @  27Hz 
          397W 104.8dB @  27Hz 
          500W 105.8dB @  27Hz 
          630W 106.8dB @  27Hz 
          793W 107.8dB @  27Hz 
         1000W 108.8dB @  27Hz 
127.1dB 68649W 108.8dB @  27Hz    8
131.2dB 68866W 112.8dB @  34Hz    4
134.4dB 69043W 116.0dB @  41Hz    0
137.1dB 69192W 118.7dB @  48Hz   -2
139.5dB 69321W 121.1dB @  55Hz   -5
141.6dB 69435W 123.2dB @  62Hz   -7
143.4dB 69537W 125.0dB @  69Hz   -9
145.1dB 69629W 126.7dB @  76Hz  -10
-------------
GZPW15SPL
-------------
 93.4dB             5.6l (1.1)              5000W
SplMech  Pmech SplEle     f3

           78W  85.0dB @  27Hz 
           98W  86.0dB @  27Hz 
          124W  87.0dB @  27Hz 
          156W  88.0dB @  27Hz 
          197W  89.0dB @  27Hz 
          248W  90.0dB @  27Hz 
          312W  91.0dB @  27Hz 
          394W  92.0dB @  27Hz 
          496W  93.0dB @  27Hz 
          625W  94.0dB @  27Hz 
          787W  95.0dB @  27Hz 
          992W  96.0dB @  27Hz 
         1250W  97.0dB @  27Hz 
         1575W  98.0dB @  27Hz 
         1984W  99.0dB @  27Hz 
         2499W 100.0dB @  27Hz 
         3149W 101.0dB @  27Hz 
         3967W 102.0dB @  27Hz 
         4998W 103.0dB @  27Hz 
117.8dB 150614W 103.0dB @  27Hz   17
121.8dB 151090W 107.0dB @  34Hz   13
125.1dB 151478W 110.3dB @  41Hz   10
127.8dB 151805W 113.0dB @  48Hz    7
130.2dB 152088W 115.3dB @  55Hz    5
132.3dB 152338W 117.4dB @  62Hz    3
134.1dB 152561W 119.3dB @  69Hz    1
135.8dB 152763W 120.9dB @  76Hz   -1
-------------
GZPW18SPL
-------------
 98.1dB             3.6l (1.1)              5000W
SplMech  Pmech SplEle     f3

128.1dB 785385W 106.1dB @  41Hz   20
130.8dB 787081W 108.8dB @  48Hz   17
133.2dB 788549W 111.2dB @  55Hz   15
135.3dB 789843W 113.3dB @  62Hz   12
137.1dB 791000W 115.1dB @  69Hz   11
138.8dB 792047W 116.8dB @  76Hz    9
-------------
GZPW15XQ
-------------
 91.5dB             3.6l (1.1)              5000W
SplMech  Pmech SplEle     f3

           78W  86.0dB @  27Hz 
           98W  87.0dB @  27Hz 
          124W  88.0dB @  27Hz 
          156W  89.0dB @  27Hz 
          197W  90.0dB @  27Hz 
          248W  91.0dB @  27Hz 
          312W  92.0dB @  27Hz 
          394W  93.0dB @  27Hz 
          496W  94.0dB @  27Hz 
          625W  95.0dB @  27Hz 
          787W  96.0dB @  27Hz 
          992W  97.0dB @  27Hz 
         1250W  98.0dB @  27Hz 
         1575W  99.0dB @  27Hz 
         1984W 100.0dB @  27Hz 
         2499W 101.1dB @  27Hz 
         3149W 102.1dB @  27Hz 
         3967W 103.1dB @  27Hz 
         4998W 104.1dB @  27Hz 
117.8dB 118575W 104.1dB @  27Hz   18
121.8dB 118949W 108.1dB @  34Hz   14
125.1dB 119254W 111.3dB @  41Hz   11
127.8dB 119512W 114.0dB @  48Hz    8
130.2dB 119735W 116.4dB @  55Hz    6
132.3dB 119931W 118.5dB @  62Hz    4
134.1dB 120107W 120.3dB @  69Hz    2
135.8dB 120266W 122.0dB @  76Hz    0
