-------------
GZTW10MK2
            85.2dB           300W      1x100mm
   fu     fb      fo      SplMech  Vb1     Vb2       d         l        C
 11.5Hz  24Hz   50Hz   92.7dB  -82l +  30l  * 1x50mm   3436mm
 12.6Hz  25Hz   51Hz   94.3dB  -94l +  30l  * 1x50mm   3063mm
 13.8Hz  27Hz   52Hz   95.9dB -113l +  30l  * 1x50mm   2729mm
 15.1Hz  28Hz   53Hz   97.4dB -147l +  30l  * 1x50mm   2433mm
 16.5Hz  30Hz   55Hz   99.0dB -222l +  30l  * 1x50mm   2168mm
 18.0Hz  32Hz   56Hz  100.5dB -512l +  30l  * 1x50mm   1932mm
 19.6Hz  34Hz   58Hz  102.0dB 1096l +  30l  * 1x50mm   1722mm
 21.4Hz  36Hz   60Hz  103.5dB  242l +  30l  * 1x50mm   1535mm
 23.3Hz  38Hz   61Hz  104.9dB  129l +  30l  * 1x50mm   1368mm
 25.3Hz  40Hz   63Hz  106.4dB   85l +  30l  * 1x50mm   1219mm
 27.4Hz  42Hz   66Hz  107.8dB   61l +  30l  * 1x50mm   1087mm
 29.7Hz  45Hz   68Hz  109.2dB   47l +  30l  * 1x50mm    969mm
 32.2Hz  46Hz   70Hz  110.6dB   41l +  30l  * 1x50mm    907mm
 34.8Hz  50Hz   73Hz  111.9dB   30l +  30l  * 1x50mm    769mm
 37.6Hz  53Hz   76Hz  113.3dB   25l +  30l  * 1x50mm    686mm
 40.6Hz  57Hz   79Hz  114.6dB   20l +  30l  * 1x50mm    611mm
 43.8Hz  60Hz   82Hz  115.9dB   17l +  30l  * 1x50mm    545mm
 11.5Hz  28Hz   50Hz   92.7dB -134l +  22l  * 1x50mm   3436mm
 12.6Hz  29Hz   51Hz   94.3dB -190l +  22l  * 1x50mm   3062mm
 13.8Hz  31Hz   52Hz   95.9dB -356l +  22l  * 1x50mm   2729mm
 15.1Hz  33Hz   53Hz   97.4dB -21095l +  22l  * 1x50mm   2433mm
 16.5Hz  35Hz   55Hz   99.0dB  328l +  22l  * 1x50mm   2168mm
 18.0Hz  37Hz   56Hz  100.5dB  153l +  22l  * 1x50mm   1932mm
 19.6Hz  39Hz   58Hz  102.0dB   96l +  22l  * 1x50mm   1722mm
 21.4Hz  42Hz   60Hz  103.5dB   68l +  22l  * 1x50mm   1535mm
 23.3Hz  44Hz   61Hz  104.9dB   51l +  22l  * 1x50mm   1368mm
 25.3Hz  47Hz   63Hz  106.4dB   40l +  22l  * 1x50mm   1219mm
 27.4Hz  49Hz   66Hz  107.8dB   32l +  22l  * 1x50mm   1087mm
 29.7Hz  45Hz   68Hz  109.2dB   47l +  22l  * 1x50mm   1318mm
 32.2Hz  46Hz   70Hz  110.6dB   41l +  22l  * 1x50mm   1235mm
 34.8Hz  50Hz   73Hz  111.9dB   30l +  22l  * 1x50mm   1047mm
 32.3Hz  53Hz   76Hz  110.7dB   25l +  22l  * 1x50mm    933mm
 35.3Hz  57Hz   79Hz  112.2dB   20l +  22l  * 1x50mm    832mm
 43.8Hz  60Hz   82Hz  115.9dB   17l +  22l  * 1x50mm    741mm
 13.8Hz  33Hz   81Hz   95.8dB 2218l +  15l  * 1x50mm   3436mm
 15.2Hz  35Hz   82Hz   97.5dB  278l +  15l  * 1x50mm   3063mm
 16.7Hz  37Hz   84Hz   99.2dB  140l +  15l  * 1x50mm   2730mm
 18.4Hz  40Hz   86Hz  100.9dB   90l +  15l  * 1x50mm   2433mm
 20.2Hz  42Hz   87Hz  102.5dB   64l +  15l  * 1x50mm   2168mm
 22.2Hz  45Hz   89Hz  104.1dB   49l +  15l  * 1x50mm   1932mm
 24.3Hz  47Hz   92Hz  105.7dB   38l +  15l  * 1x50mm   1722mm
 26.6Hz  50Hz   94Hz  107.3dB   31l +  15l  * 1x50mm   1535mm
 29.1Hz  53Hz   96Hz  108.8dB   25l +  15l  * 1x50mm   1368mm
 31.7Hz  56Hz   99Hz  110.3dB   21l +  15l  * 1x50mm   1219mm
 34.6Hz  59Hz  102Hz  111.8dB   18l +  15l  * 1x50mm   1087mm
 37.7Hz  63Hz  105Hz  113.3dB   15l +  15l  * 1x50mm    969mm
 41.0Hz  67Hz  108Hz  114.8dB   13l +  15l  * 1x50mm    863mm
 44.5Hz  71Hz  112Hz  116.2dB   11l +  15l  * 1x50mm    769mm
 48.3Hz  75Hz  116Hz  117.6dB   10l +  15l  * 1x50mm    686mm
 52.4Hz  79Hz  120Hz  119.0dB    8l +  15l  * 1x50mm    611mm
 56.7Hz  84Hz  124Hz  120.4dB    7l +  15l  * 1x50mm    545mm
-------------
GZTW12MK2
            86.7dB           400W      1x100mm
   fu     fb      fo      SplMech  Vb1     Vb2       d         l        C
  9.6Hz  20Hz   42Hz   92.8dB -727l +  74l  * 1x50mm   1967mm
 10.6Hz  21Hz   43Hz   94.4dB -1385l +  74l  * 1x50mm   1753mm
 11.6Hz  23Hz   44Hz   96.0dB 87969l +  74l  * 1x50mm   1562mm
 12.7Hz  24Hz   45Hz   97.5dB 1202l +  74l  * 1x50mm   1393mm
 13.9Hz  25Hz   46Hz   99.1dB  569l +  74l  * 1x50mm   1241mm
 15.2Hz  27Hz   47Hz  100.6dB  358l +  74l  * 1x50mm   1106mm
 16.5Hz  28Hz   49Hz  102.1dB  253l +  74l  * 1x50mm    986mm
 18.0Hz  30Hz   50Hz  103.6dB  190l +  74l  * 1x50mm    879mm
 19.6Hz  32Hz   52Hz  105.0dB  149l +  74l  * 1x50mm    783mm
 21.3Hz  34Hz   53Hz  106.5dB  120l +  74l  * 1x50mm    698mm
 23.1Hz  36Hz   55Hz  107.9dB   98l +  74l  * 1x50mm    622mm
 25.0Hz  38Hz   57Hz  109.3dB   82l +  74l  * 1x50mm    554mm
 27.1Hz  39Hz   59Hz  110.7dB   74l +  74l  * 1x50mm    519mm
 29.3Hz  42Hz   61Hz  112.0dB   58l +  74l  * 1x50mm    440mm
 31.7Hz  45Hz   64Hz  113.4dB   50l +  74l  - 1x70mm    769mm
 34.2Hz  48Hz   66Hz  114.7dB   43l +  74l  - 1x70mm    686mm
 36.9Hz  50Hz   69Hz  116.0dB   37l +  74l  - 1x70mm    611mm
  9.6Hz  23Hz   42Hz   92.8dB 1793l +  55l  * 1x50mm   1967mm
 10.6Hz  25Hz   43Hz   94.4dB  690l +  55l  * 1x50mm   1753mm
 11.6Hz  26Hz   44Hz   96.0dB  409l +  55l  * 1x50mm   1562mm
 12.7Hz  28Hz   45Hz   97.5dB  281l +  55l  * 1x50mm   1392mm
 13.9Hz  29Hz   46Hz   99.1dB  208l +  55l  * 1x50mm   1241mm
 15.2Hz  31Hz   47Hz  100.6dB  160l +  55l  * 1x50mm   1106mm
 16.5Hz  33Hz   49Hz  102.1dB  128l +  55l  * 1x50mm    986mm
 18.0Hz  35Hz   50Hz  103.6dB  104l +  55l  * 1x50mm    879mm
 19.6Hz  37Hz   52Hz  105.0dB   86l +  55l  * 1x50mm    783mm
 21.3Hz  39Hz   53Hz  106.5dB   72l +  55l  * 1x50mm    698mm
 23.1Hz  42Hz   55Hz  107.9dB   61l +  55l  * 1x50mm    622mm
 25.0Hz  38Hz   57Hz  109.3dB   82l +  55l  * 1x50mm    755mm
 27.1Hz  39Hz   59Hz  110.7dB   74l +  55l  * 1x50mm    707mm
 29.3Hz  42Hz   61Hz  112.0dB   58l +  55l  * 1x50mm    599mm
 27.2Hz  45Hz   64Hz  110.8dB   50l +  55l  * 1x50mm    534mm
 29.7Hz  48Hz   66Hz  112.3dB   43l +  55l  * 1x50mm    476mm
 36.9Hz  50Hz   69Hz  116.0dB   37l +  55l  * 1x50mm    424mm
 11.6Hz  28Hz   68Hz   95.9dB  266l +  38l  * 1x50mm   1967mm
 12.8Hz  30Hz   69Hz   97.6dB  198l +  38l  * 1x50mm   1753mm
 14.1Hz  32Hz   71Hz   99.3dB  154l +  38l  * 1x50mm   1563mm
 15.5Hz  33Hz   72Hz  101.0dB  124l +  38l  * 1x50mm   1392mm
 17.0Hz  35Hz   74Hz  102.6dB  101l +  38l  * 1x50mm   1241mm
 18.7Hz  37Hz   75Hz  104.2dB   84l +  38l  * 1x50mm   1106mm
 20.4Hz  40Hz   77Hz  105.8dB   70l +  38l  * 1x50mm    986mm
 22.4Hz  42Hz   79Hz  107.4dB   60l +  38l  * 1x50mm    878mm
 24.5Hz  45Hz   81Hz  108.9dB   51l +  38l  * 1x50mm    783mm
 26.7Hz  47Hz   83Hz  110.4dB   44l +  38l  * 1x50mm    698mm
 29.1Hz  50Hz   86Hz  111.9dB   38l +  38l  * 1x50mm    622mm
 31.7Hz  53Hz   88Hz  113.4dB   33l +  38l  * 1x50mm    554mm
 34.5Hz  56Hz   91Hz  114.9dB   29l +  38l  * 1x50mm    494mm
 37.5Hz  59Hz   94Hz  116.3dB   25l +  38l  * 1x50mm    440mm
 40.7Hz  63Hz   97Hz  117.7dB   22l +  38l  - 1x70mm    769mm
 44.1Hz  67Hz  101Hz  119.1dB   19l +  38l  - 1x70mm    686mm
 47.7Hz  71Hz  104Hz  120.5dB   17l +  38l  - 1x70mm    611mm
-------------
GZRW 10     
            89.4dB           400W      1x100mm
   fu     fb      fo      SplMech  Vb1     Vb2       d         l        C
 15.6Hz  33Hz   68Hz  100.2dB  191l +  13l  * 1x50mm   4147mm
 17.2Hz  34Hz   69Hz  101.8dB  113l +  13l  * 1x50mm   3696mm
 18.8Hz  36Hz   71Hz  103.4dB   78l +  13l  * 1x50mm   3294mm
 20.6Hz  39Hz   73Hz  105.0dB   57l +  13l  * 1x50mm   2936mm
 22.5Hz  41Hz   74Hz  106.5dB   44l +  13l  * 1x50mm   2616mm
 24.6Hz  43Hz   77Hz  108.1dB   35l +  13l  * 1x50mm   2332mm
 26.8Hz  46Hz   79Hz  109.6dB   29l +  13l  * 1x50mm   2078mm
 29.2Hz  49Hz   81Hz  111.0dB   24l +  13l  * 1x50mm   1853mm
 31.7Hz  52Hz   84Hz  112.5dB   20l +  13l  * 1x50mm   1651mm
 34.5Hz  55Hz   86Hz  113.9dB   17l +  13l  * 1x50mm   1471mm
 37.4Hz  58Hz   89Hz  115.4dB   14l +  13l  * 1x50mm   1312mm
 40.5Hz  61Hz   93Hz  116.8dB   12l +  13l  * 1x50mm   1169mm
 43.9Hz  63Hz   96Hz  118.1dB   11l +  13l  * 1x50mm   1095mm
 47.5Hz  69Hz   99Hz  119.5dB    9l +  13l  * 1x50mm    928mm
 51.3Hz  73Hz  103Hz  120.9dB    8l +  13l  * 1x50mm    827mm
 55.4Hz  77Hz  107Hz  122.2dB    7l +  13l  * 1x50mm    737mm
 59.7Hz  82Hz  112Hz  123.5dB    6l +  13l  * 1x50mm    657mm
 15.6Hz  38Hz   68Hz  100.2dB   63l +  10l  * 1x50mm   4147mm
 17.2Hz  40Hz   69Hz  101.8dB   48l +  10l  * 1x50mm   3695mm
 18.8Hz  43Hz   71Hz  103.4dB   38l +  10l  * 1x50mm   3294mm
 20.6Hz  45Hz   73Hz  105.0dB   31l +  10l  * 1x50mm   2936mm
 22.5Hz  48Hz   74Hz  106.5dB   25l +  10l  * 1x50mm   2617mm
 24.6Hz  51Hz   77Hz  108.1dB   21l +  10l  * 1x50mm   2332mm
 26.8Hz  54Hz   79Hz  109.6dB   18l +  10l  * 1x50mm   2078mm
 29.2Hz  57Hz   81Hz  111.0dB   15l +  10l  * 1x50mm   1852mm
 31.7Hz  60Hz   84Hz  112.5dB   13l +  10l  * 1x50mm   1651mm
 34.5Hz  64Hz   86Hz  113.9dB   11l +  10l  * 1x50mm   1471mm
 37.4Hz  67Hz   89Hz  115.4dB   10l +  10l  * 1x50mm   1311mm
 40.5Hz  61Hz   93Hz  116.8dB   12l +  10l  * 1x50mm   1591mm
 43.9Hz  63Hz   96Hz  118.1dB   11l +  10l  * 1x50mm   1490mm
 47.5Hz  69Hz   99Hz  119.5dB    9l +  10l  * 1x50mm   1264mm
 44.1Hz  73Hz  103Hz  118.2dB    8l +  10l  * 1x50mm   1126mm
 48.1Hz  77Hz  107Hz  119.8dB    7l +  10l  * 1x50mm   1004mm
 59.7Hz  82Hz  112Hz  123.5dB    6l +  10l  * 1x50mm    895mm
 18.8Hz  46Hz  110Hz  103.4dB   30l +   7l  * 1x50mm   4146mm
 20.7Hz  48Hz  112Hz  105.1dB   25l +   7l  * 1x50mm   3696mm
 22.8Hz  51Hz  114Hz  106.8dB   21l +   7l  * 1x50mm   3294mm
 25.1Hz  54Hz  117Hz  108.4dB   17l +   7l  * 1x50mm   2936mm
 27.5Hz  57Hz  119Hz  110.0dB   15l +   7l  * 1x50mm   2617mm
 30.2Hz  61Hz  122Hz  111.7dB   13l +   7l  * 1x50mm   2332mm
 33.1Hz  64Hz  125Hz  113.3dB   11l +   7l  * 1x50mm   2078mm
 36.2Hz  68Hz  128Hz  114.8dB    9l +   7l  * 1x50mm   1852mm
 39.6Hz  72Hz  131Hz  116.4dB    8l +   7l  * 1x50mm   1651mm
 43.3Hz  76Hz  135Hz  117.9dB    7l +   7l  * 1x50mm   1471mm
 47.2Hz  81Hz  139Hz  119.4dB    6l +   7l  * 1x50mm   1311mm
 51.4Hz  86Hz  143Hz  120.9dB    6l +   7l  * 1x50mm   1169mm
 55.9Hz  91Hz  148Hz  122.3dB    5l +   7l  * 1x50mm   1042mm
 60.7Hz  96Hz  152Hz  123.8dB    4l +   7l  * 1x50mm    928mm
 65.9Hz 102Hz  158Hz  125.2dB    4l +   7l  * 1x50mm    827mm
 71.4Hz 108Hz  163Hz  126.6dB    3l +   7l  * 1x50mm    737mm
 77.3Hz 114Hz  169Hz  128.0dB    3l +   7l  * 1x50mm    657mm
-------------
GZRW 12	    
            91.0dB           500W      1x100mm
   fu     fb      fo      SplMech  Vb1     Vb2       d         l        C
 12.3Hz  26Hz   53Hz   99.1dB -2908l +  44l  * 1x50mm   2045mm
 13.5Hz  27Hz   54Hz  100.7dB 1326l +  44l  * 1x50mm   1823mm
 14.8Hz  29Hz   56Hz  102.3dB  503l +  44l  * 1x50mm   1625mm
 16.1Hz  30Hz   57Hz  103.9dB  297l +  44l  * 1x50mm   1448mm
 17.7Hz  32Hz   58Hz  105.4dB  203l +  44l  * 1x50mm   1291mm
 19.3Hz  34Hz   60Hz  107.0dB  150l +  44l  * 1x50mm   1150mm
 21.0Hz  36Hz   62Hz  108.5dB  116l +  44l  * 1x50mm   1025mm
 22.9Hz  38Hz   64Hz  109.9dB   93l +  44l  * 1x50mm    914mm
 24.9Hz  40Hz   66Hz  111.4dB   75l +  44l  * 1x50mm    814mm
 27.0Hz  43Hz   68Hz  112.8dB   62l +  44l  * 1x50mm    726mm
 29.4Hz  45Hz   70Hz  114.3dB   52l +  44l  * 1x50mm    647mm
 31.8Hz  48Hz   73Hz  115.7dB   44l +  44l  * 1x50mm    577mm
 34.4Hz  50Hz   75Hz  117.0dB   40l +  44l  * 1x50mm    540mm
 37.3Hz  54Hz   78Hz  118.4dB   32l +  44l  * 1x50mm    458mm
 40.3Hz  57Hz   81Hz  119.7dB   28l +  44l  - 1x70mm    800mm
 43.5Hz  61Hz   84Hz  121.1dB   24l +  44l  - 1x70mm    713mm
 46.9Hz  64Hz   88Hz  122.4dB   21l +  44l  - 1x70mm    635mm
 12.3Hz  30Hz   53Hz   99.1dB  344l +  32l  * 1x50mm   2046mm
 13.5Hz  32Hz   54Hz  100.7dB  227l +  32l  * 1x50mm   1823mm
 14.8Hz  33Hz   56Hz  102.3dB  164l +  32l  * 1x50mm   1625mm
 16.1Hz  35Hz   57Hz  103.9dB  126l +  32l  * 1x50mm   1448mm
 17.7Hz  37Hz   58Hz  105.4dB   99l +  32l  * 1x50mm   1291mm
 19.3Hz  40Hz   60Hz  107.0dB   80l +  32l  * 1x50mm   1150mm
 21.0Hz  42Hz   62Hz  108.5dB   66l +  32l  * 1x50mm   1025mm
 22.9Hz  45Hz   64Hz  109.9dB   55l +  32l  * 1x50mm    914mm
 24.9Hz  47Hz   66Hz  111.4dB   47l +  32l  * 1x50mm    814mm
 27.0Hz  50Hz   68Hz  112.8dB   40l +  32l  * 1x50mm    726mm
 29.4Hz  53Hz   70Hz  114.3dB   34l +  32l  * 1x50mm    647mm
 31.8Hz  48Hz   73Hz  115.7dB   44l +  32l  * 1x50mm    785mm
 34.4Hz  50Hz   75Hz  117.0dB   40l +  32l  * 1x50mm    735mm
 37.3Hz  54Hz   78Hz  118.4dB   32l +  32l  * 1x50mm    623mm
 34.6Hz  57Hz   81Hz  117.1dB   28l +  32l  * 1x50mm    555mm
 37.8Hz  61Hz   84Hz  118.7dB   24l +  32l  * 1x50mm    495mm
 46.9Hz  64Hz   88Hz  122.4dB   21l +  32l  * 1x50mm    441mm
 14.7Hz  36Hz   87Hz  102.3dB  120l +  23l  * 1x50mm   2045mm
 16.2Hz  38Hz   88Hz  104.0dB   96l +  23l  * 1x50mm   1823mm
 17.9Hz  40Hz   90Hz  105.6dB   78l +  23l  * 1x50mm   1625mm
 19.7Hz  42Hz   92Hz  107.3dB   64l +  23l  * 1x50mm   1448mm
 21.6Hz  45Hz   94Hz  108.9dB   54l +  23l  * 1x50mm   1291mm
 23.7Hz  48Hz   96Hz  110.6dB   45l +  23l  * 1x50mm   1150mm
 26.0Hz  50Hz   98Hz  112.1dB   39l +  23l  * 1x50mm   1025mm
 28.4Hz  53Hz  100Hz  113.7dB   33l +  23l  * 1x50mm    914mm
 31.1Hz  57Hz  103Hz  115.3dB   29l +  23l  * 1x50mm    814mm
 34.0Hz  60Hz  106Hz  116.8dB   25l +  23l  * 1x50mm    726mm
 37.0Hz  64Hz  109Hz  118.3dB   22l +  23l  * 1x50mm    647mm
 40.3Hz  67Hz  112Hz  119.8dB   19l +  23l  * 1x50mm    577mm
 43.9Hz  71Hz  116Hz  121.2dB   16l +  23l  * 1x50mm    514mm
 47.7Hz  75Hz  120Hz  122.7dB   14l +  23l  * 1x50mm    458mm
 51.7Hz  80Hz  124Hz  124.1dB   13l +  23l  * 1x50mm    408mm
 56.1Hz  85Hz  128Hz  125.5dB   11l +  23l  - 1x70mm    713mm
 60.7Hz  90Hz  133Hz  126.9dB   10l +  23l  - 1x70mm    635mm
-------------
GZRW 15	    
            92.5dB           600W      2x100mm
   fu     fb      fo      SplMech  Vb1     Vb2       d         l        C
 10.5Hz  22Hz   45Hz  100.9dB -1556l + 130l  * 1x70mm   1865mm
 11.5Hz  23Hz   46Hz  102.5dB -3712l + 130l  * 1x70mm   1662mm
 12.6Hz  24Hz   47Hz  104.1dB 6673l + 130l  * 1x70mm   1481mm
 13.8Hz  26Hz   49Hz  105.7dB 1615l + 130l  * 1x70mm   1320mm
 15.1Hz  27Hz   50Hz  107.2dB  871l + 130l  * 1x70mm   1176mm
 16.5Hz  29Hz   51Hz  108.7dB  575l + 130l  * 1x70mm   1049mm
 18.0Hz  31Hz   53Hz  110.2dB  416l + 130l  * 1x70mm    935mm
 19.6Hz  33Hz   54Hz  111.7dB  318l + 130l  * 1x70mm    833mm
 21.3Hz  35Hz   56Hz  113.2dB  251l + 130l  * 1x70mm    742mm
 23.1Hz  37Hz   58Hz  114.6dB  203l + 130l  * 1x70mm    662mm
 25.1Hz  39Hz   60Hz  116.0dB  167l + 130l  * 1x70mm    590mm
 27.2Hz  41Hz   62Hz  117.4dB  140l + 130l  * 1x70mm    526mm
 29.5Hz  42Hz   64Hz  118.8dB  127l + 130l  * 1x70mm    492mm
 31.9Hz  46Hz   67Hz  120.2dB  100l + 130l  * 1x70mm    417mm
 34.4Hz  49Hz   69Hz  121.5dB   86l + 130l  - 1x100mm   759mm
 37.2Hz  52Hz   72Hz  122.8dB   74l + 130l  - 1x100mm   677mm
 40.1Hz  55Hz   75Hz  124.2dB   64l + 130l  - 1x100mm   603mm
 10.5Hz  25Hz   45Hz  100.9dB 2163l +  96l  * 1x70mm   1865mm
 11.5Hz  27Hz   46Hz  102.5dB 1029l +  96l  * 1x70mm   1662mm
 12.6Hz  29Hz   47Hz  104.1dB  649l +  96l  * 1x70mm   1481mm
 13.8Hz  30Hz   49Hz  105.7dB  459l +  96l  * 1x70mm   1320mm
 15.1Hz  32Hz   50Hz  107.2dB  345l +  96l  * 1x70mm   1177mm
 16.5Hz  34Hz   51Hz  108.7dB  270l +  96l  * 1x70mm   1049mm
 18.0Hz  36Hz   53Hz  110.2dB  217l +  96l  * 1x70mm    935mm
 19.6Hz  38Hz   54Hz  111.7dB  178l +  96l  * 1x70mm    833mm
 21.3Hz  40Hz   56Hz  113.2dB  148l +  96l  * 1x70mm    742mm
 23.1Hz  43Hz   58Hz  114.6dB  124l +  96l  * 1x70mm    662mm
 25.1Hz  45Hz   60Hz  116.0dB  106l +  96l  * 1x70mm    590mm
 27.2Hz  41Hz   62Hz  117.4dB  140l +  96l  * 1x70mm    715mm
 29.5Hz  42Hz   64Hz  118.8dB  127l +  96l  * 1x70mm    670mm
 31.9Hz  46Hz   67Hz  120.2dB  100l +  96l  * 1x70mm    568mm
 29.6Hz  49Hz   69Hz  118.9dB   86l +  96l  * 1x70mm    506mm
 32.3Hz  52Hz   72Hz  120.4dB   74l +  96l  * 1x70mm    451mm
 40.1Hz  55Hz   75Hz  124.2dB   64l +  96l  * 1x70mm    402mm
 12.6Hz  31Hz   74Hz  104.0dB  436l +  66l  * 1x70mm   1865mm
 13.9Hz  32Hz   75Hz  105.7dB  330l +  66l  * 1x70mm   1662mm
 15.3Hz  34Hz   77Hz  107.4dB  260l +  66l  * 1x70mm   1481mm
 16.8Hz  36Hz   78Hz  109.1dB  210l +  66l  * 1x70mm   1320mm
 18.5Hz  38Hz   80Hz  110.7dB  172l +  66l  * 1x70mm   1177mm
 20.3Hz  41Hz   82Hz  112.3dB  144l +  66l  * 1x70mm   1049mm
 22.2Hz  43Hz   84Hz  113.9dB  121l +  66l  * 1x70mm    934mm
 24.3Hz  46Hz   86Hz  115.5dB  103l +  66l  * 1x70mm    833mm
 26.6Hz  48Hz   88Hz  117.0dB   88l +  66l  * 1x70mm    742mm
 29.0Hz  51Hz   91Hz  118.6dB   76l +  66l  * 1x70mm    662mm
 31.7Hz  54Hz   93Hz  120.1dB   66l +  66l  * 1x70mm    590mm
 34.5Hz  58Hz   96Hz  121.6dB   57l +  66l  * 1x70mm    526mm
 37.5Hz  61Hz   99Hz  123.0dB   50l +  66l  * 1x70mm    468mm
 40.7Hz  65Hz  102Hz  124.5dB   43l +  66l  * 1x70mm    417mm
 44.2Hz  68Hz  106Hz  125.9dB   38l +  66l  - 1x100mm   759mm
 47.9Hz  72Hz  109Hz  127.3dB   33l +  66l  - 1x100mm   677mm
 51.9Hz  77Hz  113Hz  128.7dB   29l +  66l  - 1x100mm   603mm
-------------
GZRW 12S-AL 
            91.4dB           500W      1x100mm
   fu     fb      fo      SplMech  Vb1     Vb2       d         l        C
 12.7Hz  27Hz   55Hz   99.8dB -2727l +  41l  * 1x50mm   2030mm
 14.0Hz  28Hz   56Hz  101.4dB 1237l +  41l  * 1x50mm   1809mm
 15.3Hz  30Hz   58Hz  103.0dB  470l +  41l  * 1x50mm   1612mm
 16.8Hz  31Hz   59Hz  104.5dB  277l +  41l  * 1x50mm   1437mm
 18.3Hz  33Hz   61Hz  106.1dB  190l +  41l  * 1x50mm   1281mm
 20.0Hz  35Hz   62Hz  107.6dB  140l +  41l  * 1x50mm   1141mm
 21.8Hz  37Hz   64Hz  109.1dB  108l +  41l  * 1x50mm   1017mm
 23.8Hz  40Hz   66Hz  110.6dB   86l +  41l  * 1x50mm    907mm
 25.9Hz  42Hz   68Hz  112.1dB   70l +  41l  * 1x50mm    808mm
 28.1Hz  44Hz   70Hz  113.5dB   58l +  41l  * 1x50mm    720mm
 30.5Hz  47Hz   73Hz  114.9dB   49l +  41l  * 1x50mm    642mm
 33.0Hz  50Hz   75Hz  116.3dB   41l +  41l  * 1x50mm    572mm
 35.8Hz  52Hz   78Hz  117.7dB   38l +  41l  * 1x50mm    536mm
 38.7Hz  56Hz   81Hz  119.1dB   30l +  41l  * 1x50mm    454mm
 41.8Hz  59Hz   84Hz  120.4dB   26l +  41l  - 1x70mm    794mm
 45.1Hz  63Hz   87Hz  121.7dB   23l +  41l  - 1x70mm    707mm
 48.7Hz  67Hz   91Hz  123.0dB   20l +  41l  - 1x70mm    630mm
 12.7Hz  31Hz   55Hz   99.8dB  321l +  30l  * 1x50mm   2030mm
 14.0Hz  33Hz   56Hz  101.4dB  212l +  30l  * 1x50mm   1809mm
 15.3Hz  35Hz   58Hz  103.0dB  154l +  30l  * 1x50mm   1612mm
 16.8Hz  37Hz   59Hz  104.5dB  117l +  30l  * 1x50mm   1437mm
 18.3Hz  39Hz   61Hz  106.1dB   93l +  30l  * 1x50mm   1281mm
 20.0Hz  41Hz   62Hz  107.6dB   75l +  30l  * 1x50mm   1141mm
 21.8Hz  44Hz   64Hz  109.1dB   62l +  30l  * 1x50mm   1017mm
 23.8Hz  46Hz   66Hz  110.6dB   52l +  30l  * 1x50mm    907mm
 25.9Hz  49Hz   68Hz  112.1dB   44l +  30l  * 1x50mm    808mm
 28.1Hz  52Hz   70Hz  113.5dB   37l +  30l  * 1x50mm    720mm
 30.5Hz  55Hz   73Hz  114.9dB   32l +  30l  * 1x50mm    642mm
 33.0Hz  50Hz   75Hz  116.3dB   41l +  30l  * 1x50mm    779mm
 35.8Hz  52Hz   78Hz  117.7dB   38l +  30l  * 1x50mm    729mm
 38.7Hz  56Hz   81Hz  119.1dB   30l +  30l  * 1x50mm    618mm
 35.9Hz  59Hz   84Hz  117.8dB   26l +  30l  * 1x50mm    551mm
 39.2Hz  63Hz   87Hz  119.3dB   23l +  30l  * 1x50mm    491mm
 48.7Hz  67Hz   91Hz  123.0dB   20l +  30l  * 1x50mm    438mm
 15.3Hz  37Hz   90Hz  102.9dB  113l +  21l  * 1x50mm   2029mm
 16.9Hz  39Hz   92Hz  104.6dB   89l +  21l  * 1x50mm   1809mm
 18.6Hz  42Hz   93Hz  106.3dB   73l +  21l  * 1x50mm   1612mm
 20.4Hz  44Hz   95Hz  108.0dB   60l +  21l  * 1x50mm   1437mm
 22.4Hz  47Hz   97Hz  109.6dB   50l +  21l  * 1x50mm   1281mm
 24.6Hz  49Hz   99Hz  111.2dB   42l +  21l  * 1x50mm   1141mm
 27.0Hz  52Hz  102Hz  112.8dB   36l +  21l  * 1x50mm   1017mm
 29.5Hz  56Hz  104Hz  114.4dB   31l +  21l  * 1x50mm    907mm
 32.3Hz  59Hz  107Hz  115.9dB   27l +  21l  * 1x50mm    808mm
 35.3Hz  62Hz  110Hz  117.4dB   23l +  21l  * 1x50mm    720mm
 38.5Hz  66Hz  113Hz  119.0dB   20l +  21l  * 1x50mm    642mm
 41.9Hz  70Hz  117Hz  120.4dB   18l +  21l  * 1x50mm    572mm
 45.6Hz  74Hz  120Hz  121.9dB   15l +  21l  * 1x50mm    510mm
 49.5Hz  78Hz  124Hz  123.3dB   13l +  21l  * 1x50mm    454mm
 53.7Hz  83Hz  128Hz  124.8dB   12l +  21l  - 1x70mm    794mm
 58.2Hz  88Hz  133Hz  126.2dB   10l +  21l  - 1x70mm    707mm
 63.0Hz  93Hz  138Hz  127.5dB    9l +  21l  - 1x70mm    630mm
-------------
GZHW 10     
            86.0dB           600W      1x100mm
   fu     fb      fo      SplMech  Vb1     Vb2       d         l        C
 15.0Hz  31Hz   65Hz  109.5dB  101l +  15l  * 1x50mm   3943mm
 16.5Hz  33Hz   66Hz  111.1dB   76l +  15l  * 1x50mm   3515mm
 18.1Hz  35Hz   68Hz  112.7dB   60l +  15l  * 1x50mm   3132mm
 19.8Hz  37Hz   70Hz  114.3dB   48l +  15l  * 1x50mm   2792mm
 21.6Hz  39Hz   72Hz  115.8dB   40l +  15l  * 1x50mm   2488mm
 23.6Hz  42Hz   74Hz  117.3dB   33l +  15l  * 1x50mm   2218mm
 25.7Hz  44Hz   76Hz  118.8dB   28l +  15l  * 1x50mm   1977mm
 28.0Hz  47Hz   78Hz  120.3dB   24l +  15l  * 1x50mm   1762mm
 30.5Hz  50Hz   80Hz  121.8dB   20l +  15l  * 1x50mm   1570mm
 33.1Hz  52Hz   83Hz  123.2dB   17l +  15l  * 1x50mm   1399mm
 35.9Hz  56Hz   86Hz  124.6dB   15l +  15l  * 1x50mm   1247mm
 39.0Hz  59Hz   89Hz  126.0dB   13l +  15l  * 1x50mm   1112mm
 42.2Hz  61Hz   92Hz  127.4dB   12l +  15l  * 1x50mm   1041mm
 45.6Hz  66Hz   96Hz  128.8dB   10l +  15l  * 1x50mm    883mm
 49.3Hz  70Hz   99Hz  130.1dB    9l +  15l  * 1x50mm    787mm
 53.2Hz  74Hz  103Hz  131.5dB    8l +  15l  * 1x50mm    701mm
 57.4Hz  79Hz  107Hz  132.8dB    7l +  15l  * 1x50mm    625mm
 15.0Hz  36Hz   65Hz  109.5dB   52l +  11l  * 1x50mm   3944mm
 16.5Hz  39Hz   66Hz  111.1dB   42l +  11l  * 1x50mm   3514mm
 18.1Hz  41Hz   68Hz  112.7dB   35l +  11l  * 1x50mm   3132mm
 19.8Hz  43Hz   70Hz  114.3dB   29l +  11l  * 1x50mm   2792mm
 21.6Hz  46Hz   72Hz  115.8dB   25l +  11l  * 1x50mm   2489mm
 23.6Hz  49Hz   74Hz  117.3dB   21l +  11l  * 1x50mm   2217mm
 25.7Hz  52Hz   76Hz  118.8dB   18l +  11l  * 1x50mm   1977mm
 28.0Hz  55Hz   78Hz  120.3dB   16l +  11l  * 1x50mm   1762mm
 30.5Hz  58Hz   80Hz  121.8dB   14l +  11l  * 1x50mm   1570mm
 33.1Hz  61Hz   83Hz  123.2dB   12l +  11l  * 1x50mm   1399mm
 35.9Hz  65Hz   86Hz  124.6dB   10l +  11l  * 1x50mm   1247mm
 39.0Hz  59Hz   89Hz  126.0dB   13l +  11l  * 1x50mm   1513mm
 42.2Hz  61Hz   92Hz  127.4dB   12l +  11l  * 1x50mm   1417mm
 45.6Hz  66Hz   96Hz  128.8dB   10l +  11l  * 1x50mm   1202mm
 42.4Hz  70Hz   99Hz  127.5dB    9l +  11l  * 1x50mm   1071mm
 46.3Hz  74Hz  103Hz  129.0dB    8l +  11l  * 1x50mm    955mm
 57.4Hz  79Hz  107Hz  132.8dB    7l +  11l  * 1x50mm    851mm
 18.0Hz  44Hz  106Hz  112.7dB   29l +   8l  * 1x50mm   3943mm
 19.9Hz  46Hz  108Hz  114.4dB   24l +   8l  * 1x50mm   3515mm
 21.9Hz  49Hz  110Hz  116.0dB   21l +   8l  * 1x50mm   3133mm
 24.1Hz  52Hz  112Hz  117.7dB   18l +   8l  * 1x50mm   2792mm
 26.5Hz  55Hz  115Hz  119.3dB   15l +   8l  * 1x50mm   2488mm
 29.0Hz  58Hz  117Hz  120.9dB   13l +   8l  * 1x50mm   2218mm
 31.8Hz  62Hz  120Hz  122.5dB   12l +   8l  * 1x50mm   1976mm
 34.8Hz  65Hz  123Hz  124.1dB   10l +   8l  * 1x50mm   1761mm
 38.1Hz  69Hz  126Hz  125.6dB    9l +   8l  * 1x50mm   1570mm
 41.6Hz  73Hz  130Hz  127.2dB    8l +   8l  * 1x50mm   1399mm
 45.3Hz  78Hz  133Hz  128.7dB    7l +   8l  * 1x50mm   1247mm
 49.4Hz  82Hz  138Hz  130.2dB    6l +   8l  * 1x50mm   1111mm
 53.7Hz  87Hz  142Hz  131.6dB    5l +   8l  * 1x50mm    991mm
 58.4Hz  92Hz  147Hz  133.1dB    5l +   8l  * 1x50mm    883mm
 63.3Hz  98Hz  151Hz  134.5dB    4l +   8l  * 1x50mm    787mm
 68.7Hz 104Hz  157Hz  135.9dB    4l +   8l  * 1x50mm    701mm
 74.3Hz 110Hz  162Hz  137.3dB    3l +   8l  * 1x50mm    625mm
-------------
GZHW 12	    
            86.4dB           800W      2x100mm
   fu     fb      fo      SplMech  Vb1     Vb2       d         l        C
 11.8Hz  25Hz   51Hz  108.5dB -728l +  33l  * 1x70mm   5720mm
 13.0Hz  26Hz   52Hz  110.1dB 11760l +  33l  * 1x70mm   5098mm
 14.2Hz  28Hz   54Hz  111.7dB  580l +  33l  * 1x70mm   4543mm
 15.6Hz  29Hz   55Hz  113.2dB  281l +  33l  * 1x70mm   4050mm
 17.0Hz  31Hz   56Hz  114.8dB  178l +  33l  * 1x70mm   3609mm
 18.6Hz  33Hz   58Hz  116.3dB  126l +  33l  * 1x70mm   3217mm
 20.3Hz  35Hz   60Hz  117.8dB   95l +  33l  * 1x70mm   2867mm
 22.1Hz  37Hz   61Hz  119.3dB   74l +  33l  * 1x70mm   2555mm
 24.0Hz  39Hz   63Hz  120.8dB   60l +  33l  * 1x70mm   2277mm
 26.1Hz  41Hz   65Hz  122.2dB   49l +  33l  * 1x70mm   2030mm
 28.3Hz  44Hz   68Hz  123.6dB   41l +  33l  * 1x70mm   1809mm
 30.7Hz  46Hz   70Hz  125.0dB   34l +  33l  * 1x70mm   1612mm
 33.2Hz  48Hz   73Hz  126.4dB   31l +  33l  * 1x70mm   1510mm
 36.0Hz  52Hz   75Hz  127.8dB   25l +  33l  * 1x70mm   1281mm
 38.9Hz  55Hz   78Hz  129.1dB   21l +  33l  * 1x70mm   1141mm
 41.9Hz  58Hz   81Hz  130.4dB   19l +  33l  * 1x70mm   1017mm
 45.2Hz  62Hz   85Hz  131.7dB   16l +  33l  * 1x70mm    907mm
 11.8Hz  29Hz   51Hz  108.5dB  340l +  24l  * 1x70mm   5720mm
 13.0Hz  30Hz   52Hz  110.1dB  203l +  24l  * 1x70mm   5097mm
 14.2Hz  32Hz   54Hz  111.7dB  140l +  24l  * 1x70mm   4543mm
 15.6Hz  34Hz   55Hz  113.2dB  104l +  24l  * 1x70mm   4050mm
 17.0Hz  36Hz   56Hz  114.8dB   80l +  24l  * 1x70mm   3610mm
 18.6Hz  38Hz   58Hz  116.3dB   64l +  24l  * 1x70mm   3216mm
 20.3Hz  41Hz   60Hz  117.8dB   52l +  24l  * 1x70mm   2867mm
 22.1Hz  43Hz   61Hz  119.3dB   43l +  24l  * 1x70mm   2555mm
 24.0Hz  46Hz   63Hz  120.8dB   36l +  24l  * 1x70mm   2277mm
 26.1Hz  48Hz   65Hz  122.2dB   31l +  24l  * 1x70mm   2030mm
 28.3Hz  51Hz   68Hz  123.6dB   26l +  24l  * 1x70mm   1809mm
 30.7Hz  46Hz   70Hz  125.0dB   34l +  24l  * 1x70mm   2194mm
 33.2Hz  48Hz   73Hz  126.4dB   31l +  24l  * 1x70mm   2055mm
 36.0Hz  52Hz   75Hz  127.8dB   25l +  24l  * 1x70mm   1743mm
 33.4Hz  55Hz   78Hz  126.5dB   21l +  24l  * 1x70mm   1553mm
 36.5Hz  58Hz   81Hz  128.0dB   19l +  24l  * 1x70mm   1385mm
 45.2Hz  62Hz   85Hz  131.7dB   16l +  24l  * 1x70mm   1234mm
 14.2Hz  34Hz   84Hz  111.6dB   99l +  17l  * 1x70mm   5719mm
 15.7Hz  37Hz   85Hz  113.3dB   77l +  17l  * 1x70mm   5099mm
 17.3Hz  39Hz   87Hz  115.0dB   62l +  17l  * 1x70mm   4544mm
 19.0Hz  41Hz   88Hz  116.7dB   51l +  17l  * 1x70mm   4049mm
 20.9Hz  43Hz   90Hz  118.3dB   42l +  17l  * 1x70mm   3609mm
 22.9Hz  46Hz   92Hz  119.9dB   35l +  17l  * 1x70mm   3217mm
 25.1Hz  49Hz   95Hz  121.5dB   30l +  17l  * 1x70mm   2867mm
 27.5Hz  52Hz   97Hz  123.1dB   26l +  17l  * 1x70mm   2555mm
 30.0Hz  55Hz   99Hz  124.6dB   22l +  17l  * 1x70mm   2277mm
 32.8Hz  58Hz  102Hz  126.1dB   19l +  17l  * 1x70mm   2029mm
 35.7Hz  61Hz  105Hz  127.7dB   16l +  17l  * 1x70mm   1809mm
 38.9Hz  65Hz  108Hz  129.1dB   14l +  17l  * 1x70mm   1612mm
 42.3Hz  69Hz  112Hz  130.6dB   13l +  17l  * 1x70mm   1437mm
 46.0Hz  73Hz  115Hz  132.0dB   11l +  17l  * 1x70mm   1281mm
 49.9Hz  77Hz  119Hz  133.5dB   10l +  17l  * 1x70mm   1141mm
 54.1Hz  82Hz  124Hz  134.9dB    8l +  17l  * 1x70mm   1017mm
 58.6Hz  87Hz  128Hz  136.2dB    7l +  17l  * 1x70mm    907mm
-------------
GZHW 15	    
            90.0dB          1000W      2x100mm
   fu     fb      fo      SplMech  Vb1     Vb2       d         l        C
 12.3Hz  26Hz   53Hz  113.5dB -6075l +  70l  * 1x70mm   2523mm
 13.5Hz  27Hz   55Hz  115.1dB 1876l +  70l  * 1x70mm   2249mm
 14.8Hz  29Hz   56Hz  116.7dB  760l +  70l  * 1x70mm   2004mm
 16.2Hz  30Hz   57Hz  118.3dB  456l +  70l  * 1x70mm   1787mm
 17.7Hz  32Hz   59Hz  119.8dB  314l +  70l  * 1x70mm   1592mm
 19.4Hz  34Hz   60Hz  121.4dB  233l +  70l  * 1x70mm   1419mm
 21.1Hz  36Hz   62Hz  122.9dB  181l +  70l  * 1x70mm   1265mm
 23.0Hz  38Hz   64Hz  124.4dB  145l +  70l  * 1x70mm   1127mm
 25.0Hz  41Hz   66Hz  125.8dB  118l +  70l  * 1x70mm   1005mm
 27.2Hz  43Hz   68Hz  127.3dB   98l +  70l  * 1x70mm    895mm
 29.5Hz  46Hz   70Hz  128.7dB   82l +  70l  * 1x70mm    798mm
 32.0Hz  48Hz   73Hz  130.1dB   69l +  70l  * 1x70mm    711mm
 34.6Hz  50Hz   76Hz  131.5dB   63l +  70l  * 1x70mm    666mm
 37.4Hz  54Hz   78Hz  132.8dB   51l +  70l  * 1x70mm    565mm
 40.4Hz  57Hz   81Hz  134.2dB   44l +  70l  * 1x70mm    503mm
 43.7Hz  61Hz   85Hz  135.5dB   38l +  70l  * 1x70mm    449mm
 47.1Hz  64Hz   88Hz  136.8dB   33l +  70l  * 1x70mm    400mm
 12.3Hz  30Hz   53Hz  113.5dB  526l +  51l  * 1x70mm   2524mm
 13.5Hz  32Hz   55Hz  115.1dB  351l +  51l  * 1x70mm   2249mm
 14.8Hz  34Hz   56Hz  116.7dB  255l +  51l  * 1x70mm   2004mm
 16.2Hz  36Hz   57Hz  118.3dB  196l +  51l  * 1x70mm   1787mm
 17.7Hz  38Hz   59Hz  119.8dB  155l +  51l  * 1x70mm   1592mm
 19.4Hz  40Hz   60Hz  121.4dB  126l +  51l  * 1x70mm   1419mm
 21.1Hz  42Hz   62Hz  122.9dB  104l +  51l  * 1x70mm   1265mm
 23.0Hz  45Hz   64Hz  124.4dB   87l +  51l  * 1x70mm   1127mm
 25.0Hz  47Hz   66Hz  125.8dB   73l +  51l  * 1x70mm   1005mm
 27.2Hz  50Hz   68Hz  127.3dB   62l +  51l  * 1x70mm    895mm
 29.5Hz  53Hz   70Hz  128.7dB   53l +  51l  * 1x70mm    798mm
 32.0Hz  48Hz   73Hz  130.1dB   69l +  51l  * 1x70mm    968mm
 34.6Hz  50Hz   76Hz  131.5dB   63l +  51l  * 1x70mm    907mm
 37.4Hz  54Hz   78Hz  132.8dB   51l +  51l  * 1x70mm    769mm
 34.8Hz  57Hz   81Hz  131.5dB   44l +  51l  * 1x70mm    685mm
 38.0Hz  61Hz   85Hz  133.1dB   38l +  51l  * 1x70mm    611mm
 47.1Hz  64Hz   88Hz  136.8dB   33l +  51l  * 1x70mm    544mm
 14.8Hz  36Hz   87Hz  116.7dB  188l +  36l  * 1x70mm   2523mm
 16.3Hz  38Hz   89Hz  118.4dB  149l +  36l  * 1x70mm   2249mm
 18.0Hz  40Hz   90Hz  120.1dB  122l +  36l  * 1x70mm   2005mm
 19.8Hz  43Hz   92Hz  121.7dB  101l +  36l  * 1x70mm   1787mm
 21.7Hz  45Hz   94Hz  123.4dB   84l +  36l  * 1x70mm   1592mm
 23.8Hz  48Hz   96Hz  125.0dB   71l +  36l  * 1x70mm   1419mm
 26.1Hz  51Hz   98Hz  126.6dB   61l +  36l  * 1x70mm   1265mm
 28.6Hz  54Hz  101Hz  128.1dB   52l +  36l  * 1x70mm   1127mm
 31.2Hz  57Hz  104Hz  129.7dB   45l +  36l  * 1x70mm   1005mm
 34.1Hz  60Hz  106Hz  131.2dB   39l +  36l  * 1x70mm    895mm
 37.2Hz  64Hz  109Hz  132.7dB   34l +  36l  * 1x70mm    798mm
 40.5Hz  68Hz  113Hz  134.2dB   30l +  36l  * 1x70mm    711mm
 44.1Hz  72Hz  116Hz  135.7dB   26l +  36l  * 1x70mm    634mm
 47.9Hz  76Hz  120Hz  137.1dB   23l +  36l  * 1x70mm    565mm
 51.9Hz  80Hz  124Hz  138.5dB   20l +  36l  * 1x70mm    504mm
 56.3Hz  85Hz  129Hz  139.9dB   18l +  36l  * 1x70mm    449mm
 61.0Hz  90Hz  133Hz  141.3dB   15l +  36l  * 1x70mm    400mm
