-------------
GZTW10MK2                              85.2dB  300W                     1x100mm
Rpre   Spl         Vb      fb         SplMech Pmech  SplEle     f3       dv       lv

0.20  85.0dB:   122.7l @  23.0Hz  =>  105.2dB  210W 106.7dB @  18.7Hz   1x100mm   101 mm 
                138.6l @  22.1Hz  =>  104.1dB  164W 106.7dB @  17.6Hz   1x100mm    81 mm 
             *  156.6l @  21.3Hz  =>  103.1dB  129W 106.7dB @  16.6Hz   1x100mm    63 mm 
                177.0l @  20.4Hz  =>  102.0dB  101W 106.7dB @  15.6Hz   1x100mm    48 mm 
                200.0l @  19.7Hz  =>  100.9dB   79W 106.7dB @  14.7Hz   1x100mm    34 mm 

0.60  84.6dB:   155.1l @  21.3Hz  =>  103.1dB  144W 106.3dB @  16.7Hz   1x100mm    65 mm 
                175.3l @  20.5Hz  =>  102.1dB  113W 106.3dB @  15.7Hz   1x100mm    49 mm 
             *  198.0l @  19.7Hz  =>  101.0dB   88W 106.3dB @  14.7Hz   1x100mm    35 mm 
                223.8l @  19.0Hz  =>  100.0dB   69W 106.3dB @  13.9Hz   1x100mm    22 mm 
                252.9l @  18.2Hz  =>   98.9dB   54W 106.3dB @  13.0Hz + 2x100mm    65 mm 

1.00  84.2dB:   191.9l @  19.9Hz  =>  101.3dB  102W 106.0dB @  15.0Hz   1x100mm    38 mm 
                216.9l @  19.2Hz  =>  100.2dB   80W 106.0dB @  14.1Hz   1x100mm    25 mm 
             *  245.1l @  18.4Hz  =>   99.2dB   63W 106.0dB @  13.3Hz + 2x100mm    70 mm 
                276.9l @  17.7Hz  =>   98.1dB   49W 106.0dB @  12.5Hz + 2x100mm    50 mm 
                312.9l @  17.0Hz  =>   97.0dB   38W 106.0dB @  11.7Hz + 2x100mm    33 mm 

-------------
GZTW12MK2                              86.7dB  400W                     1x100mm
Rpre   Spl         Vb      fb         SplMech Pmech  SplEle     f3       dv       lv

0.20  86.5dB:   251.4l @  19.0Hz  =>  106.9dB  219W 109.5dB @  17.3Hz   1x100mm   111 mm 
                284.1l @  18.3Hz  =>  105.8dB  171W 109.5dB @  16.3Hz   1x100mm    90 mm 
             *  321.0l @  17.6Hz  =>  104.8dB  134W 109.5dB @  15.3Hz   1x100mm    71 mm 
                362.7l @  16.9Hz  =>  103.7dB  105W 109.5dB @  14.4Hz   1x100mm    54 mm 
                409.9l @  16.3Hz  =>  102.6dB   82W 109.5dB @  13.5Hz   1x100mm    40 mm 
                463.1l @  15.6Hz  =>  101.6dB   64W 109.5dB @  12.7Hz   1x100mm    27 mm 
                523.3l @  15.0Hz  =>  100.5dB   50W 109.5dB @  12.0Hz + 2x100mm    73 mm 
                591.4l @  14.5Hz  =>   99.5dB   39W 109.5dB @  11.3Hz + 2x100mm    52 mm 
                668.3l @  13.9Hz  =>   98.4dB   31W 109.5dB @  10.6Hz + 2x100mm    34 mm 
                755.1l @  13.4Hz  =>   97.3dB   24W 109.5dB @  10.0Hz + 3x100mm    57 mm 
                853.3l @  12.9Hz  =>   96.3dB   19W 109.5dB @   9.4Hz + 3x100mm    36 mm 
                964.2l @  12.4Hz  =>   95.2dB   15W 109.5dB @   8.8Hz + 4x100mm    46 mm 
               1089.6l @  11.9Hz  =>   94.2dB   12W 109.5dB @   8.3Hz + 4x100mm    23 mm 
               1231.2l @  11.4Hz  =>   93.1dB    9W 109.5dB @   7.8Hz + 5x100mm    25 mm 
               1391.3l @  11.0Hz  =>   92.0dB    7W 109.5dB @   7.4Hz + 6x100mm    20 mm 

0.60  86.1dB:   315.5l @  17.7Hz  =>  104.9dB  152W 109.1dB @  15.4Hz   1x100mm    73 mm 
                356.5l @  17.0Hz  =>  103.9dB  119W 109.1dB @  14.5Hz   1x100mm    57 mm 
             *  402.8l @  16.4Hz  =>  102.8dB   93W 109.1dB @  13.7Hz   1x100mm    42 mm 
                455.2l @  15.7Hz  =>  101.7dB   73W 109.1dB @  12.9Hz   1x100mm    28 mm 
                514.4l @  15.1Hz  =>  100.7dB   57W 109.1dB @  12.1Hz + 2x100mm    76 mm 

1.00  85.8dB:   387.5l @  16.6Hz  =>  103.1dB  110W 108.8dB @  13.9Hz   1x100mm    46 mm 
                437.9l @  15.9Hz  =>  102.1dB   86W 108.8dB @  13.1Hz   1x100mm    32 mm 
             *  494.8l @  15.3Hz  =>  101.0dB   67W 108.8dB @  12.3Hz   1x100mm    20 mm 
                559.2l @  14.7Hz  =>   99.9dB   53W 108.8dB @  11.6Hz + 2x100mm    61 mm 
                631.8l @  14.2Hz  =>   98.9dB   41W 108.8dB @  10.9Hz + 2x100mm    42 mm 

-------------
GZRW 10                                89.4dB  400W                     1x100mm
Rpre   Spl         Vb      fb         SplMech Pmech  SplEle     f3       dv       lv

0.20  85.8dB:    37.8l @  30.3Hz  =>  116.0dB 2235W 108.5dB @  30.7Hz   1x100mm   638 mm 
                 42.7l @  29.1Hz  =>  114.9dB 1751W 108.5dB @  28.9Hz   1x100mm   556 mm 
             *   48.3l @  28.0Hz  =>  113.8dB 1371W 108.5dB @  27.2Hz   1x100mm   484 mm 
                 54.5l @  26.9Hz  =>  112.8dB 1074W 108.5dB @  25.6Hz   1x100mm   420 mm 
                 61.6l @  25.9Hz  =>  111.7dB  841W 108.5dB @  24.1Hz   1x100mm   363 mm 

0.60  85.4dB:    49.6l @  27.8Hz  =>  113.6dB 1432W 108.1dB @  26.8Hz   1x100mm   469 mm 
                 56.0l @  26.7Hz  =>  112.5dB 1122W 108.1dB @  25.2Hz   1x100mm   407 mm 
             *   63.3l @  25.7Hz  =>  111.5dB  878W 108.1dB @  23.7Hz   1x100mm   352 mm 
                 71.6l @  24.7Hz  =>  110.4dB  688W 108.1dB @  22.3Hz   1x100mm   303 mm 
                 80.9l @  23.7Hz  =>  109.4dB  539W 108.1dB @  21.0Hz   1x100mm   259 mm 

1.00  85.0dB:    63.5l @  25.7Hz  =>  111.5dB  956W 107.7dB @  23.7Hz   1x100mm   351 mm 
                 71.7l @  24.7Hz  =>  110.4dB  749W 107.7dB @  22.3Hz   1x100mm   302 mm 
             *   81.0l @  23.7Hz  =>  109.3dB  586W 107.7dB @  21.0Hz   1x100mm   259 mm 
                 91.6l @  22.8Hz  =>  108.3dB  459W 107.7dB @  19.7Hz   1x100mm   221 mm 
                103.5l @  21.9Hz  =>  107.2dB  360W 107.7dB @  18.6Hz   1x100mm   187 mm 

-------------
GZRW 12	                               91.0dB  500W                     1x100mm
Rpre   Spl         Vb      fb         SplMech Pmech  SplEle     f3       dv       lv

0.20  87.8dB:   137.6l @  24.0Hz  =>  114.0dB  891W 111.5dB @  22.9Hz   1x100mm   179 mm 
                155.5l @  23.1Hz  =>  112.9dB  698W 111.5dB @  21.6Hz   1x100mm   150 mm 
             *  175.7l @  22.2Hz  =>  111.8dB  547W 111.5dB @  20.3Hz   1x100mm   124 mm 
                198.5l @  21.3Hz  =>  110.8dB  428W 111.5dB @  19.1Hz   1x100mm   101 mm 
                224.3l @  20.5Hz  =>  109.7dB  335W 111.5dB @  18.0Hz   1x100mm    81 mm 
                253.5l @  19.7Hz  =>  108.7dB  263W 111.5dB @  16.9Hz   1x100mm    63 mm 
                286.5l @  19.0Hz  =>  107.6dB  206W 111.5dB @  15.9Hz   1x100mm    48 mm 
                323.7l @  18.2Hz  =>  106.5dB  161W 111.5dB @  14.9Hz   1x100mm    34 mm 
                365.8l @  17.5Hz  =>  105.5dB  126W 111.5dB @  14.1Hz   1x100mm    22 mm 
                413.3l @  16.9Hz  =>  104.4dB   99W 111.5dB @  13.2Hz + 2x100mm    63 mm 
                467.1l @  16.2Hz  =>  103.4dB   77W 111.5dB @  12.4Hz + 2x100mm    44 mm 
                527.8l @  15.6Hz  =>  102.3dB   61W 111.5dB @  11.7Hz + 2x100mm    27 mm 
                596.4l @  15.0Hz  =>  101.2dB   47W 111.5dB @  11.0Hz + 3x100mm    47 mm 
                673.9l @  14.4Hz  =>  100.2dB   37W 111.5dB @  10.4Hz + 3x100mm    27 mm 
                761.5l @  13.9Hz  =>   99.1dB   29W 111.5dB @   9.7Hz + 4x100mm    36 mm 
                860.5l @  13.3Hz  =>   98.0dB   23W 111.5dB @   9.2Hz + 5x100mm    38 mm 
                972.4l @  12.8Hz  =>   97.0dB   18W 111.5dB @   8.6Hz + 6x100mm    35 mm 

0.60  87.4dB:   180.4l @  22.0Hz  =>  111.6dB  572W 111.0dB @  20.0Hz   1x100mm   119 mm 
                203.8l @  21.2Hz  =>  110.6dB  448W 111.0dB @  18.8Hz   1x100mm    97 mm 
             *  230.3l @  20.3Hz  =>  109.5dB  351W 111.0dB @  17.7Hz   1x100mm    77 mm 
                260.3l @  19.6Hz  =>  108.4dB  275W 111.0dB @  16.7Hz   1x100mm    60 mm 
                294.1l @  18.8Hz  =>  107.4dB  215W 111.0dB @  15.7Hz   1x100mm    45 mm 

1.00  87.0dB:   230.7l @  20.3Hz  =>  109.5dB  382W 110.6dB @  17.7Hz   1x100mm    77 mm 
                260.7l @  19.6Hz  =>  108.4dB  299W 110.6dB @  16.7Hz   1x100mm    60 mm 
             *  294.6l @  18.8Hz  =>  107.4dB  234W 110.6dB @  15.7Hz   1x100mm    44 mm 
                332.9l @  18.1Hz  =>  106.3dB  183W 110.6dB @  14.7Hz   1x100mm    31 mm 
                376.1l @  17.4Hz  =>  105.2dB  144W 110.6dB @  13.9Hz + 2x100mm    80 mm 

-------------
GZRW 15	                               92.5dB  600W                     2x100mm
Rpre   Spl         Vb      fb         SplMech Pmech  SplEle     f3       dv       lv

0.20  90.4dB:   432.5l @  20.6Hz  =>  115.2dB  644W 114.9dB @  19.0Hz   2x100mm    84 mm 
                488.7l @  19.8Hz  =>  114.1dB  504W 114.9dB @  17.8Hz   2x100mm    62 mm 
             *  552.3l @  19.1Hz  =>  113.0dB  395W 114.9dB @  16.8Hz   2x100mm    43 mm 
                624.1l @  18.4Hz  =>  112.0dB  309W 114.9dB @  15.8Hz   2x100mm    26 mm 
                705.2l @  17.7Hz  =>  110.9dB  242W 114.9dB @  14.9Hz + 3x100mm    46 mm 
                796.9l @  17.0Hz  =>  109.9dB  190W 114.9dB @  14.0Hz + 3x100mm    26 mm 
                900.5l @  16.3Hz  =>  108.8dB  149W 114.9dB @  13.1Hz + 4x100mm    34 mm 
               1017.5l @  15.7Hz  =>  107.7dB  116W 114.9dB @  12.4Hz + 5x100mm    37 mm 
               1149.8l @  15.1Hz  =>  106.7dB   91W 114.9dB @  11.6Hz + 6x100mm    33 mm 

0.60  90.0dB:   565.7l @  18.9Hz  =>  112.8dB  415W 114.4dB @  16.6Hz   2x100mm    40 mm 
                639.2l @  18.2Hz  =>  111.8dB  325W 114.4dB @  15.6Hz   2x100mm    23 mm 
             *  722.3l @  17.5Hz  =>  110.7dB  255W 114.4dB @  14.7Hz + 3x100mm    42 mm 
                816.2l @  16.8Hz  =>  109.6dB  199W 114.4dB @  13.8Hz + 3x100mm    23 mm 
                922.3l @  16.2Hz  =>  108.6dB  156W 114.4dB @  13.0Hz + 4x100mm    30 mm 

1.00  89.6dB:   721.7l @  17.5Hz  =>  110.7dB  279W 114.0dB @  14.7Hz + 3x100mm    42 mm 
                815.5l @  16.8Hz  =>  109.7dB  218W 114.0dB @  13.8Hz + 3x100mm    23 mm 
             *  921.5l @  16.2Hz  =>  108.6dB  171W 114.0dB @  13.0Hz + 4x100mm    30 mm 
               1041.3l @  15.6Hz  =>  107.5dB  134W 114.0dB @  12.2Hz + 5x100mm    32 mm 
               1176.7l @  15.0Hz  =>  106.5dB  105W 114.0dB @  11.5Hz + 6x100mm    28 mm 

-------------
GZRW 12S-AL                            91.4dB  500W                     1x100mm
Rpre   Spl         Vb      fb         SplMech Pmech  SplEle     f3       dv       lv

0.20  88.0dB:   128.6l @  24.9Hz  =>  114.6dB  991W 111.7dB @  23.8Hz   1x100mm   177 mm 
                145.3l @  24.0Hz  =>  113.6dB  776W 111.7dB @  22.4Hz   1x100mm   148 mm 
             *  164.2l @  23.0Hz  =>  112.5dB  608W 111.7dB @  21.1Hz   1x100mm   122 mm 
                185.5l @  22.2Hz  =>  111.4dB  476W 111.7dB @  19.8Hz   1x100mm   100 mm 
                209.6l @  21.3Hz  =>  110.4dB  373W 111.7dB @  18.6Hz   1x100mm    80 mm 
                236.9l @  20.5Hz  =>  109.3dB  292W 111.7dB @  17.5Hz   1x100mm    62 mm 
                267.7l @  19.7Hz  =>  108.3dB  229W 111.7dB @  16.5Hz   1x100mm    47 mm 
                302.5l @  18.9Hz  =>  107.2dB  179W 111.7dB @  15.5Hz   1x100mm    33 mm 
                341.8l @  18.2Hz  =>  106.1dB  140W 111.7dB @  14.6Hz   1x100mm    21 mm 
                386.2l @  17.5Hz  =>  105.1dB  110W 111.7dB @  13.7Hz + 2x100mm    62 mm 
                436.4l @  16.8Hz  =>  104.0dB   86W 111.7dB @  12.9Hz + 2x100mm    43 mm 
                493.2l @  16.2Hz  =>  102.9dB   67W 111.7dB @  12.2Hz + 2x100mm    26 mm 
                557.3l @  15.6Hz  =>  101.9dB   53W 111.7dB @  11.4Hz + 3x100mm    46 mm 
                629.7l @  15.0Hz  =>  100.8dB   41W 111.7dB @  10.8Hz + 3x100mm    26 mm 
                711.6l @  14.4Hz  =>   99.8dB   32W 111.7dB @  10.1Hz + 4x100mm    34 mm 
                804.1l @  13.9Hz  =>   98.7dB   25W 111.7dB @   9.5Hz + 5x100mm    37 mm 
                908.6l @  13.3Hz  =>   97.6dB   20W 111.7dB @   9.0Hz + 6x100mm    33 mm 

0.60  87.6dB:   168.6l @  22.8Hz  =>  112.3dB  635W 111.2dB @  20.8Hz   1x100mm   117 mm 
                190.5l @  22.0Hz  =>  111.2dB  498W 111.2dB @  19.6Hz   1x100mm    95 mm 
             *  215.2l @  21.1Hz  =>  110.2dB  390W 111.2dB @  18.4Hz   1x100mm    76 mm 
                243.2l @  20.3Hz  =>  109.1dB  305W 111.2dB @  17.3Hz   1x100mm    59 mm 
                274.8l @  19.5Hz  =>  108.0dB  239W 111.2dB @  16.3Hz   1x100mm    44 mm 

1.00  87.2dB:   215.6l @  21.1Hz  =>  110.1dB  425W 110.8dB @  18.4Hz   1x100mm    76 mm 
                243.6l @  20.3Hz  =>  109.1dB  333W 110.8dB @  17.3Hz   1x100mm    59 mm 
             *  275.2l @  19.5Hz  =>  108.0dB  260W 110.8dB @  16.3Hz   1x100mm    44 mm 
                311.0l @  18.8Hz  =>  107.0dB  204W 110.8dB @  15.3Hz   1x100mm    30 mm 
                351.5l @  18.1Hz  =>  105.9dB  160W 110.8dB @  14.4Hz + 2x100mm    79 mm 

-------------
GZRW 12D-AL                            91.3dB  500W                     1x100mm
Rpre   Spl         Vb      fb         SplMech Pmech  SplEle     f3       dv       lv

0.20  87.9dB:   126.8l @  24.6Hz  =>  114.6dB  507W 114.5dB @  23.8Hz   1x100mm   200 mm 
                143.3l @  23.6Hz  =>  113.5dB  397W 114.5dB @  22.4Hz   1x100mm   169 mm 
             *  161.9l @  22.7Hz  =>  112.5dB  311W 114.5dB @  21.0Hz   1x100mm   141 mm 
                182.9l @  21.8Hz  =>  111.4dB  243W 114.5dB @  19.8Hz   1x100mm   116 mm 
                206.7l @  21.0Hz  =>  110.4dB  191W 114.5dB @  18.6Hz   1x100mm    94 mm 
                233.6l @  20.2Hz  =>  109.3dB  149W 114.5dB @  17.5Hz   1x100mm    75 mm 
                264.0l @  19.4Hz  =>  108.2dB  117W 114.5dB @  16.5Hz   1x100mm    58 mm 
                298.3l @  18.7Hz  =>  107.2dB   92W 114.5dB @  15.5Hz   1x100mm    43 mm 
                337.1l @  18.0Hz  =>  106.1dB   72W 114.5dB @  14.6Hz   1x100mm    30 mm 
                380.9l @  17.3Hz  =>  105.0dB   56W 114.5dB @  13.7Hz + 2x100mm    78 mm 
                430.4l @  16.6Hz  =>  104.0dB   44W 114.5dB @  12.9Hz + 2x100mm    57 mm 
                486.3l @  16.0Hz  =>  102.9dB   34W 114.5dB @  12.1Hz + 2x100mm    38 mm 
                549.6l @  15.4Hz  =>  101.9dB   27W 114.5dB @  11.4Hz + 2x100mm    22 mm 
                621.0l @  14.8Hz  =>  100.8dB   21W 114.5dB @  10.7Hz + 3x100mm    40 mm 
                701.7l @  14.2Hz  =>   99.7dB   17W 114.5dB @  10.1Hz + 3x100mm    21 mm 
                793.0l @  13.7Hz  =>   98.7dB   13W 114.5dB @   9.5Hz + 4x100mm    28 mm 
                896.0l @  13.1Hz  =>   97.6dB   10W 114.5dB @   8.9Hz + 5x100mm    30 mm 
               1012.5l @  12.6Hz  =>   96.6dB    8W 114.5dB @   8.4Hz + 6x100mm    26 mm 

0.60  87.7dB:   146.2l @  23.5Hz  =>  113.4dB  401W 114.3dB @  22.1Hz   1x100mm   164 mm 
                165.2l @  22.6Hz  =>  112.3dB  314W 114.3dB @  20.8Hz   1x100mm   136 mm 
             *  186.7l @  21.7Hz  =>  111.2dB  246W 114.3dB @  19.6Hz   1x100mm   112 mm 
                211.0l @  20.9Hz  =>  110.2dB  193W 114.3dB @  18.4Hz   1x100mm    91 mm 
                238.4l @  20.1Hz  =>  109.1dB  151W 114.3dB @  17.3Hz   1x100mm    72 mm 

1.00  87.5dB:   167.4l @  22.5Hz  =>  112.2dB  321W 114.1dB @  20.7Hz   1x100mm   134 mm 
                189.2l @  21.6Hz  =>  111.1dB  252W 114.1dB @  19.5Hz   1x100mm   110 mm 
             *  213.7l @  20.8Hz  =>  110.1dB  197W 114.1dB @  18.3Hz   1x100mm    89 mm 
                241.5l @  20.0Hz  =>  109.0dB  154W 114.1dB @  17.2Hz   1x100mm    70 mm 
                272.9l @  19.2Hz  =>  107.9dB  121W 114.1dB @  16.2Hz   1x100mm    54 mm 

-------------
GZHW 10                                86.0dB  600W                     1x100mm
Rpre   Spl         Vb      fb         SplMech Pmech  SplEle     f3       dv       lv

0.20  85.7dB:    38.0l @  28.8Hz  =>  126.3dB 24597W 110.2dB @  31.4Hz - 1x70mm    447 mm 
                 43.0l @  27.7Hz  =>  125.2dB 19263W 110.2dB @  29.6Hz - 1x70mm    390 mm 
             *   48.5l @  26.6Hz  =>  124.2dB 15086W 110.2dB @  27.8Hz - 1x70mm    339 mm 
                 54.8l @  25.6Hz  =>  123.1dB 11814W 110.2dB @  26.2Hz   1x100mm   632 mm 
                 62.0l @  24.6Hz  =>  122.1dB 9252W 110.2dB @  24.6Hz   1x100mm   551 mm 

0.60  85.3dB:    49.5l @  26.4Hz  =>  124.0dB 15988W 109.8dB @  27.5Hz - 1x70mm    332 mm 
                 55.9l @  25.4Hz  =>  122.9dB 12521W 109.8dB @  25.9Hz   1x100mm   618 mm 
             *   63.2l @  24.4Hz  =>  121.9dB 9806W 109.8dB @  24.4Hz   1x100mm   539 mm 
                 71.4l @  23.5Hz  =>  120.8dB 7680W 109.8dB @  22.9Hz   1x100mm   468 mm 
                 80.7l @  22.6Hz  =>  119.8dB 6014W 109.8dB @  21.6Hz   1x100mm   406 mm 

1.00  84.9dB:    62.9l @  24.5Hz  =>  121.9dB 10828W 109.4dB @  24.4Hz   1x100mm   542 mm 
                 71.1l @  23.5Hz  =>  120.9dB 8480W 109.4dB @  23.0Hz   1x100mm   471 mm 
             *   80.3l @  22.6Hz  =>  119.8dB 6641W 109.4dB @  21.6Hz   1x100mm   409 mm 
                 90.7l @  21.8Hz  =>  118.7dB 5201W 109.4dB @  20.3Hz   1x100mm   353 mm 
                102.5l @  20.9Hz  =>  117.7dB 4073W 109.4dB @  19.1Hz   1x100mm   304 mm 

-------------
GZHW 12	                               86.4dB  800W                     2x100mm
Rpre   Spl         Vb      fb         SplMech Pmech  SplEle     f3       dv       lv

0.20  85.9dB:   106.8l @  23.2Hz  =>  123.1dB 11136W 111.6dB @  21.8Hz   2x100mm   541 mm 
                120.7l @  22.3Hz  =>  122.0dB 8721W 111.6dB @  20.5Hz   2x100mm   467 mm 
             *  136.4l @  21.5Hz  =>  120.9dB 6830W 111.6dB @  19.3Hz   2x100mm   402 mm 
                154.1l @  20.6Hz  =>  119.9dB 5349W 111.6dB @  18.1Hz   2x100mm   343 mm 
                174.2l @  19.9Hz  =>  118.8dB 4189W 111.6dB @  17.1Hz   2x100mm   292 mm 
                196.8l @  19.1Hz  =>  117.8dB 3281W 111.6dB @  16.0Hz   2x100mm   247 mm 
                222.4l @  18.4Hz  =>  116.7dB 2569W 111.6dB @  15.1Hz   2x100mm   206 mm 
                251.3l @  17.7Hz  =>  115.6dB 2012W 111.6dB @  14.2Hz   2x100mm   171 mm 
                284.0l @  17.0Hz  =>  114.6dB 1576W 111.6dB @  13.4Hz   2x100mm   139 mm 
                320.9l @  16.3Hz  =>  113.5dB 1234W 111.6dB @  12.6Hz   2x100mm   111 mm 
                362.6l @  15.7Hz  =>  112.4dB  966W 111.6dB @  11.8Hz   2x100mm    87 mm 
                409.8l @  15.1Hz  =>  111.4dB  757W 111.6dB @  11.1Hz   2x100mm    65 mm 
                463.0l @  14.5Hz  =>  110.3dB  593W 111.6dB @  10.5Hz   2x100mm    46 mm 
                523.2l @  14.0Hz  =>  109.3dB  464W 111.6dB @   9.8Hz   2x100mm    28 mm 
                591.3l @  13.4Hz  =>  108.2dB  364W 111.6dB @   9.3Hz + 3x100mm    49 mm 
                668.1l @  12.9Hz  =>  107.1dB  285W 111.6dB @   8.7Hz + 3x100mm    29 mm 
                755.0l @  12.4Hz  =>  106.1dB  223W 111.6dB @   8.2Hz + 4x100mm    37 mm 
                853.1l @  11.9Hz  =>  105.0dB  175W 111.6dB @   7.7Hz + 5x100mm    40 mm 
                964.0l @  11.5Hz  =>  104.0dB  137W 111.6dB @   7.3Hz + 6x100mm    36 mm 

0.60  85.5dB:   138.5l @  21.4Hz  =>  120.8dB 7308W 111.2dB @  19.1Hz   2x100mm   394 mm 
                156.5l @  20.5Hz  =>  119.7dB 5724W 111.2dB @  18.0Hz   2x100mm   337 mm 
             *  176.8l @  19.8Hz  =>  118.7dB 4482W 111.2dB @  16.9Hz   2x100mm   286 mm 
                199.8l @  19.0Hz  =>  117.6dB 3510W 111.2dB @  15.9Hz   2x100mm   241 mm 
                225.8l @  18.3Hz  =>  116.6dB 2749W 111.2dB @  15.0Hz   2x100mm   202 mm 

1.00  85.1dB:   175.1l @  19.8Hz  =>  118.8dB 4997W 110.8dB @  17.0Hz   2x100mm   290 mm 
                197.8l @  19.1Hz  =>  117.7dB 3913W 110.8dB @  16.0Hz   2x100mm   245 mm 
             *  223.5l @  18.3Hz  =>  116.6dB 3065W 110.8dB @  15.1Hz   2x100mm   205 mm 
                252.6l @  17.6Hz  =>  115.6dB 2400W 110.8dB @  14.2Hz   2x100mm   169 mm 
                285.4l @  17.0Hz  =>  114.5dB 1880W 110.8dB @  13.3Hz   2x100mm   138 mm 

-------------
GZHW 15	                               90.0dB 1000W                     2x100mm
Rpre   Spl         Vb      fb         SplMech Pmech  SplEle     f3       dv       lv

0.20  89.7dB:   215.8l @  24.1Hz  =>  128.4dB 16115W 116.3dB @  23.1Hz   2x100mm   216 mm 
                243.8l @  23.2Hz  =>  127.4dB 12621W 116.3dB @  21.7Hz   2x100mm   179 mm 
             *  275.5l @  22.3Hz  =>  126.3dB 9884W 116.3dB @  20.4Hz   2x100mm   147 mm 
                311.3l @  21.4Hz  =>  125.2dB 7740W 116.3dB @  19.2Hz   2x100mm   118 mm 
                351.8l @  20.6Hz  =>  124.2dB 6062W 116.3dB @  18.1Hz   2x100mm    93 mm 
                397.5l @  19.8Hz  =>  123.1dB 4747W 116.3dB @  17.0Hz   2x100mm    70 mm 
                449.2l @  19.1Hz  =>  122.0dB 3718W 116.3dB @  16.0Hz   2x100mm    50 mm 
                507.6l @  18.3Hz  =>  121.0dB 2912W 116.3dB @  15.0Hz   2x100mm    33 mm 
                573.6l @  17.6Hz  =>  119.9dB 2280W 116.3dB @  14.2Hz + 3x100mm    54 mm 
                648.2l @  16.9Hz  =>  118.9dB 1786W 116.3dB @  13.3Hz + 3x100mm    33 mm 
                732.4l @  16.3Hz  =>  117.8dB 1399W 116.3dB @  12.5Hz + 4x100mm    43 mm 
                827.6l @  15.7Hz  =>  116.7dB 1095W 116.3dB @  11.8Hz + 4x100mm    21 mm 
                935.2l @  15.1Hz  =>  115.7dB  858W 116.3dB @  11.1Hz + 5x100mm    22 mm 

0.60  89.3dB:   280.1l @  22.2Hz  =>  126.2dB 10541W 115.9dB @  20.3Hz   2x100mm   143 mm 
                316.5l @  21.3Hz  =>  125.1dB 8255W 115.9dB @  19.1Hz   2x100mm   114 mm 
             *  357.7l @  20.5Hz  =>  124.0dB 6465W 115.9dB @  17.9Hz   2x100mm    89 mm 
                404.2l @  19.7Hz  =>  123.0dB 5063W 115.9dB @  16.9Hz   2x100mm    67 mm 
                456.7l @  19.0Hz  =>  121.9dB 3965W 115.9dB @  15.9Hz   2x100mm    48 mm 

1.00  88.9dB:   354.8l @  20.5Hz  =>  124.1dB 7183W 115.5dB @  18.0Hz   2x100mm    91 mm 
                400.9l @  19.8Hz  =>  123.0dB 5625W 115.5dB @  16.9Hz   2x100mm    69 mm 
             *  453.0l @  19.0Hz  =>  122.0dB 4406W 115.5dB @  15.9Hz   2x100mm    49 mm 
                511.9l @  18.3Hz  =>  120.9dB 3450W 115.5dB @  15.0Hz   2x100mm    31 mm 
                578.5l @  17.6Hz  =>  119.9dB 2702W 115.5dB @  14.1Hz + 3x100mm    53 mm 

-------------
GZPW15SPL                              93.4dB 5000W                     2x100mm
Rpre   Spl         Vb      fb         SplMech Pmech  SplEle     f3       dv       lv

0.20  89.4dB:*   33.6l @  37.8Hz  =>  129.9dB 44880W 120.3dB @  42.9Hz - 1x100mm   690 mm 
                 38.0l @  36.4Hz  =>  128.8dB 35147W 120.3dB @  40.4Hz - 1x100mm   602 mm 
                 42.9l @  35.0Hz  =>  127.8dB 27526W 120.3dB @  38.0Hz - 1x100mm   525 mm 
                 48.5l @  33.6Hz  =>  126.7dB 21557W 120.3dB @  35.8Hz - 1x100mm   456 mm 
                 54.8l @  32.4Hz  =>  125.6dB 16882W 120.3dB @  33.6Hz - 1x100mm   395 mm 
                 62.0l @  31.1Hz  =>  124.6dB 13221W 120.3dB @  31.6Hz - 1x100mm   341 mm 
                 70.0l @  29.9Hz  =>  123.5dB 10354W 120.3dB @  29.8Hz   2x100mm   626 mm 
                 79.1l @  28.8Hz  =>  122.4dB 8109W 120.3dB @  28.0Hz   2x100mm   542 mm 
                 89.4l @  27.7Hz  =>  121.4dB 6350W 120.3dB @  26.3Hz   2x100mm   468 mm 
                101.0l @  26.6Hz  =>  120.3dB 4973W 120.3dB @  24.8Hz   2x100mm   402 mm 
                114.1l @  25.6Hz  =>  119.3dB 3895W 120.3dB @  23.3Hz   2x100mm   344 mm 
                129.0l @  24.6Hz  =>  118.2dB 3050W 120.3dB @  21.9Hz   2x100mm   292 mm 
                145.7l @  23.7Hz  =>  117.1dB 2389W 120.3dB @  20.6Hz   2x100mm   247 mm 
                164.7l @  22.8Hz  =>  116.1dB 1871W 120.3dB @  19.4Hz   2x100mm   207 mm 
                186.1l @  21.9Hz  =>  115.0dB 1465W 120.3dB @  18.3Hz   2x100mm   171 mm 
                210.3l @  21.0Hz  =>  114.0dB 1147W 120.3dB @  17.2Hz   2x100mm   140 mm 
                237.6l @  20.2Hz  =>  112.9dB  899W 120.3dB @  16.2Hz   2x100mm   112 mm 
                268.5l @  19.5Hz  =>  111.8dB  704W 120.3dB @  15.2Hz   2x100mm    87 mm 
                303.4l @  18.7Hz  =>  110.8dB  551W 120.3dB @  14.3Hz   2x100mm    65 mm 
                342.9l @  18.0Hz  =>  109.7dB  432W 120.3dB @  13.4Hz   2x100mm    46 mm 
                387.5l @  17.3Hz  =>  108.6dB  338W 120.3dB @  12.7Hz   2x100mm    29 mm 
                437.8l @  16.6Hz  =>  107.6dB  265W 120.3dB @  11.9Hz + 3x100mm    49 mm 
                494.8l @  16.0Hz  =>  106.5dB  207W 120.3dB @  11.2Hz + 3x100mm    29 mm 
                559.1l @  15.4Hz  =>  105.5dB  162W 120.3dB @  10.5Hz + 4x100mm    37 mm 
                631.8l @  14.8Hz  =>  104.4dB  127W 120.3dB @   9.9Hz + 5x100mm    40 mm 
                713.9l @  14.2Hz  =>  103.3dB  100W 120.3dB @   9.3Hz + 6x100mm    37 mm 

0.60  88.7dB:    40.7l @  35.6Hz  =>  128.2dB 36161W 119.6dB @  39.0Hz - 1x100mm   557 mm 
                 46.0l @  34.2Hz  =>  127.2dB 28320W 119.6dB @  36.7Hz - 1x100mm   485 mm 
             *   52.0l @  32.9Hz  =>  126.1dB 22178W 119.6dB @  34.5Hz - 1x100mm   420 mm 
                 58.8l @  31.6Hz  =>  125.0dB 17369W 119.6dB @  32.5Hz - 1x100mm   364 mm 
                 66.4l @  30.4Hz  =>  124.0dB 13602W 119.6dB @  30.6Hz   2x100mm   665 mm 

1.00  88.0dB:    58.8l @  31.6Hz  =>  125.0dB 19993W 119.0dB @  32.5Hz - 1x100mm   363 mm 
                 66.5l @  30.4Hz  =>  124.0dB 15657W 119.0dB @  30.5Hz   2x100mm   664 mm 
             *   75.1l @  29.3Hz  =>  122.9dB 12262W 119.0dB @  28.7Hz   2x100mm   576 mm 
                 84.9l @  28.1Hz  =>  121.8dB 9603W 119.0dB @  27.0Hz   2x100mm   498 mm 
                 95.9l @  27.1Hz  =>  120.8dB 7520W 119.0dB @  25.4Hz   2x100mm   429 mm 

-------------
GZPW18SPL                              98.1dB 5000W                     3x100mm
Rpre   Spl         Vb      fb         SplMech Pmech  SplEle     f3       dv       lv

0.20  94.7dB:    49.1l @  44.7Hz  =>  135.7dB 49786W 125.7dB @  50.5Hz - 2x100mm   628 mm 
                 55.5l @  43.0Hz  =>  134.6dB 38990W 125.7dB @  47.5Hz - 2x100mm   544 mm 
                 62.7l @  41.3Hz  =>  133.6dB 30535W 125.7dB @  44.7Hz - 2x100mm   470 mm 
                 70.8l @  39.8Hz  =>  132.5dB 23913W 125.7dB @  42.0Hz   3x100mm   637 mm 
                 80.0l @  38.2Hz  =>  131.4dB 18728W 125.7dB @  39.6Hz   3x100mm   549 mm 
                 90.4l @  36.8Hz  =>  130.4dB 14666W 125.7dB @  37.2Hz   3x100mm   471 mm 
                102.2l @  35.4Hz  =>  129.3dB 11486W 125.7dB @  35.0Hz   3x100mm   402 mm 
                115.5l @  34.0Hz  =>  128.3dB 8995W 125.7dB @  32.9Hz   3x100mm   342 mm 
                130.5l @  32.7Hz  =>  127.2dB 7045W 125.7dB @  31.0Hz   3x100mm   288 mm 
                147.4l @  31.4Hz  =>  126.1dB 5517W 125.7dB @  29.1Hz   3x100mm   240 mm 
                166.6l @  30.2Hz  =>  125.1dB 4321W 125.7dB @  27.4Hz   3x100mm   198 mm 
                188.3l @  29.1Hz  =>  124.0dB 3384W 125.7dB @  25.8Hz   3x100mm   161 mm 
                212.7l @  28.0Hz  =>  123.0dB 2650W 125.7dB @  24.3Hz   3x100mm   128 mm 
                240.4l @  26.9Hz  =>  121.9dB 2075W 125.7dB @  22.8Hz   3x100mm    98 mm 
                271.7l @  25.9Hz  =>  120.8dB 1625W 125.7dB @  21.5Hz   3x100mm    72 mm 
                307.0l @  24.9Hz  =>  119.8dB 1273W 125.7dB @  20.2Hz   3x100mm    50 mm 
                346.9l @  23.9Hz  =>  118.7dB  997W 125.7dB @  19.0Hz   3x100mm    29 mm 
                392.0l @  23.0Hz  =>  117.6dB  781W 125.7dB @  17.9Hz + 4x100mm    38 mm 
                442.9l @  22.1Hz  =>  116.6dB  611W 125.7dB @  16.8Hz + 5x100mm    41 mm 
                500.5l @  21.3Hz  =>  115.5dB  479W 125.7dB @  15.8Hz + 6x100mm    37 mm 


1.00  93.4dB:    45.9l @  45.7Hz  =>  136.3dB 77689W 124.4dB @  52.2Hz - 2x100mm   679 mm 

-------------
GZPW15XQ                               91.5dB 5000W                     2x100mm
Rpre   Spl         Vb      fb         SplMech Pmech  SplEle     f3       dv       lv

0.20  88.1dB:    34.7l @  33.5Hz  =>  126.6dB 14381W 122.0dB @  35.6Hz - 1x100mm   676 mm 
                 39.2l @  32.2Hz  =>  125.6dB 11262W 122.0dB @  33.5Hz - 1x100mm   590 mm 
                 44.3l @  31.0Hz  =>  124.5dB 8820W 122.0dB @  31.5Hz - 1x100mm   513 mm 
                 50.1l @  29.8Hz  =>  123.5dB 6907W 122.0dB @  29.7Hz - 1x100mm   446 mm 
                 56.6l @  28.6Hz  =>  122.4dB 5409W 122.0dB @  27.9Hz - 1x100mm   386 mm 
                 64.0l @  27.5Hz  =>  121.3dB 4236W 122.0dB @  26.3Hz - 1x100mm   333 mm 
                 72.3l @  26.5Hz  =>  120.3dB 3318W 122.0dB @  24.7Hz   2x100mm   612 mm 
                 81.7l @  25.5Hz  =>  119.2dB 2598W 122.0dB @  23.2Hz   2x100mm   530 mm 
                 92.3l @  24.5Hz  =>  118.1dB 2035W 122.0dB @  21.9Hz   2x100mm   457 mm 
                104.3l @  23.6Hz  =>  117.1dB 1594W 122.0dB @  20.6Hz   2x100mm   393 mm 
                117.9l @  22.7Hz  =>  116.0dB 1248W 122.0dB @  19.3Hz   2x100mm   336 mm 
                133.2l @  21.8Hz  =>  115.0dB  977W 122.0dB @  18.2Hz   2x100mm   285 mm 
                150.5l @  20.9Hz  =>  113.9dB  765W 122.0dB @  17.1Hz   2x100mm   240 mm 
                170.1l @  20.1Hz  =>  112.8dB  599W 122.0dB @  16.1Hz   2x100mm   201 mm 
                192.2l @  19.4Hz  =>  111.8dB  469W 122.0dB @  15.1Hz   2x100mm   166 mm 
                217.2l @  18.6Hz  =>  110.7dB  368W 122.0dB @  14.3Hz   2x100mm   135 mm 
                245.4l @  17.9Hz  =>  109.7dB  288W 122.0dB @  13.4Hz   2x100mm   108 mm 
                277.3l @  17.2Hz  =>  108.6dB  225W 122.0dB @  12.6Hz   2x100mm    83 mm 
                313.3l @  16.6Hz  =>  107.5dB  177W 122.0dB @  11.9Hz   2x100mm    62 mm 
                354.1l @  15.9Hz  =>  106.5dB  138W 122.0dB @  11.2Hz   2x100mm    43 mm 
                400.1l @  15.3Hz  =>  105.4dB  108W 122.0dB @  10.5Hz   2x100mm    26 mm 
                452.1l @  14.7Hz  =>  104.3dB   85W 122.0dB @   9.9Hz + 3x100mm    46 mm 
                510.9l @  14.2Hz  =>  103.3dB   66W 122.0dB @   9.3Hz + 3x100mm    26 mm 
                577.3l @  13.6Hz  =>  102.2dB   52W 122.0dB @   8.7Hz + 4x100mm    34 mm 
                652.3l @  13.1Hz  =>  101.2dB   41W 122.0dB @   8.2Hz + 5x100mm    36 mm 
                737.1l @  12.6Hz  =>  100.1dB   32W 122.0dB @   7.7Hz + 6x100mm    33 mm 

0.60  87.7dB:    34.5l @  33.6Hz  =>  126.7dB 15935W 121.7dB @  35.7Hz - 1x100mm   680 mm 

1.00  87.3dB:    38.0l @  32.6Hz  =>  125.9dB 14329W 121.3dB @  34.1Hz - 1x100mm   612 mm 
                 42.9l @  31.3Hz  =>  124.8dB 11222W 121.3dB @  32.1Hz - 1x100mm   533 mm 

