-------------
GZTW10MK2
      85.2dB            300W
Rpre   Spl     SplMech Pmech SplEle      f3

0.20  85.0dB: (113.0dB  1278W 106.7dB) @  37Hz
              (116.0dB  2556W 106.7dB) @  44Hz
0.60  84.6dB: (111.6dB  1009W 106.3dB) @  34Hz
              (114.6dB  2018W 106.3dB) @  41Hz
1.00  84.2dB: (110.3dB   815W 106.0dB) @  32Hz
              (113.3dB  1630W 106.0dB) @  38Hz
-------------
GZTW12MK2
      86.7dB            400W
Rpre   Spl     SplMech Pmech SplEle      f3

0.20  86.5dB: (113.1dB   917W 109.5dB) @  31Hz
              (116.1dB  1835W 109.5dB) @  37Hz
              (119.1dB  3670W 109.5dB) @  44Hz
0.60  86.1dB: (111.7dB   732W 109.1dB) @  29Hz
              (114.8dB  1464W 109.1dB) @  34Hz
              (117.8dB  2929W 109.1dB) @  41Hz
1.00  85.8dB: (110.5dB   597W 108.8dB) @  27Hz
              (113.5dB  1195W 108.8dB) @  32Hz
              (116.5dB  2390W 108.8dB) @  38Hz
-------------
GZRW 10     
      89.4dB            400W
Rpre   Spl     SplMech Pmech SplEle      f3

0.20  85.8dB: (120.6dB  6493W 108.5dB) @  50Hz
0.60  85.4dB: (118.9dB  4904W 108.1dB) @  46Hz
1.00  85.0dB: (117.5dB  3802W 107.7dB) @  42Hz
-------------
GZRW 12	    
      91.0dB            500W
Rpre   Spl     SplMech Pmech SplEle      f3

0.20  87.8dB: (119.5dB  3167W 111.5dB) @  40Hz
0.60  87.4dB: (117.8dB  2394W 111.0dB) @  36Hz
              (120.8dB  4788W 111.0dB) @  43Hz
1.00  87.0dB: (116.3dB  1857W 110.6dB) @  33Hz
              (119.4dB  3714W 110.6dB) @  39Hz
-------------
GZRW 15	    
      92.5dB            600W
Rpre   Spl     SplMech Pmech SplEle      f3

0.20  90.4dB: (121.3dB  2614W 114.9dB) @  34Hz
              (124.3dB  5229W 114.9dB) @  40Hz
0.60  90.0dB: (119.6dB  1983W 114.4dB) @  31Hz
              (122.6dB  3966W 114.4dB) @  37Hz
1.00  89.6dB: (118.2dB  1544W 114.0dB) @  28Hz
              (121.2dB  3087W 114.0dB) @  34Hz
-------------
GZRW 12S-AL 
      91.4dB            500W
Rpre   Spl     SplMech Pmech SplEle      f3

0.20  88.0dB: (120.1dB  3520W 111.7dB) @  41Hz
0.60  87.6dB: (118.5dB  2661W 111.2dB) @  37Hz
1.00  87.2dB: (117.0dB  2064W 110.8dB) @  34Hz
              (120.0dB  4129W 110.8dB) @  41Hz
-------------
GZRW 12D-AL 
      91.3dB            500W
Rpre   Spl     SplMech Pmech SplEle      f3

0.20  87.9dB: (119.9dB  1723W 114.5dB) @  41Hz
              (122.9dB  3446W 114.5dB) @  48Hz
0.60  87.7dB: (119.1dB  1487W 114.3dB) @  39Hz
              (122.1dB  2974W 114.3dB) @  46Hz
1.00  87.5dB: (118.2dB  1293W 114.1dB) @  37Hz
              (121.2dB  2586W 114.1dB) @  44Hz
-------------
GZHW 10     
      86.0dB            600W
Rpre   Spl     SplMech Pmech SplEle      f3

0.20  85.7dB: (129.9dB 55787W 110.2dB) @  49Hz
0.60  85.3dB: (128.3dB 42561W 109.8dB) @  44Hz
1.00  84.9dB: (126.8dB 33325W 109.4dB) @  41Hz
-------------
GZHW 12	    
      86.4dB            800W
Rpre   Spl     SplMech Pmech SplEle      f3

0.20  85.9dB: (128.8dB 42105W 111.6dB) @  38Hz
0.60  85.5dB: (127.3dB 32339W 111.2dB) @  35Hz
1.00  85.1dB: (125.8dB 25490W 110.8dB) @  32Hz
-------------
GZHW 15	    
      90.0dB           1000W
Rpre   Spl     SplMech Pmech SplEle      f3

0.20  89.7dB: (133.9dB 56817W 116.3dB) @  40Hz
0.60  89.3dB: (132.3dB 43538W 115.9dB) @  36Hz
1.00  88.9dB: (130.9dB 34237W 115.5dB) @  33Hz
-------------
GZPW15SPL
      93.4dB           5000W
Rpre   Spl     SplMech Pmech SplEle      f3

0.20  89.4dB: (134.3dB 125619W 120.3dB) @  70Hz
0.60  88.7dB: (131.7dB 80858W 119.6dB) @  60Hz
1.00  88.0dB: (129.5dB 55874W 119.0dB) @  53Hz
-------------
GZPW18SPL
      98.1dB           5000W
Rpre   Spl     SplMech Pmech SplEle      f3

0.20  94.7dB: (146.9dB 656229W 125.7dB) @ 121Hz
0.60  94.0dB: (144.3dB 427127W 125.0dB) @ 104Hz
1.00  93.4dB: (142.1dB 298345W 124.4dB) @  92Hz
-------------
GZPW15XQ
      91.5dB           5000W
Rpre   Spl     SplMech Pmech SplEle      f3

0.20  88.1dB: (135.0dB 98949W 122.0dB) @  73Hz
0.60  87.7dB: (133.6dB 77713W 121.7dB) @  67Hz
1.00  87.3dB: (132.3dB 62425W 121.3dB) @  62Hz
