-------------
13 wxp-mg
      84.0dB             60W
Rpre   Spl     SplMech Pmech SplEle      f3

0.20  86.5dB: (103.2dB   119W 100.3dB) @  88Hz
              (106.2dB   237W 100.3dB) @ 104Hz
              (109.3dB   475W 100.3dB) @ 124Hz
0.60  86.0dB: (101.6dB    91W  99.8dB) @  80Hz
              (104.6dB   181W  99.8dB) @  95Hz
              (107.6dB   362W  99.8dB) @ 113Hz
1.00  85.6dB: (100.1dB    71W  99.4dB) @  73Hz
              (103.1dB   143W  99.4dB) @  87Hz
              (106.1dB   286W  99.4dB) @ 104Hz
              (109.1dB   572W  99.4dB) @ 123Hz
-------------
17 wxp-mg
      87.0dB             80W
Rpre   Spl     SplMech Pmech SplEle      f3

0.20  88.0dB: (106.3dB   168W 103.1dB) @  85Hz
              (109.3dB   337W 103.1dB) @ 101Hz
              (112.3dB   674W 103.1dB) @ 120Hz
0.60  87.6dB: (104.6dB   126W 102.6dB) @  77Hz
              (107.6dB   252W 102.6dB) @  91Hz
              (110.6dB   505W 102.6dB) @ 109Hz
1.00  87.1dB: (103.0dB    98W 102.2dB) @  70Hz
              (106.0dB   195W 102.2dB) @  84Hz
              (109.1dB   391W 102.2dB) @ 100Hz
              (112.1dB   782W 102.2dB) @ 118Hz
-------------
18 wxp kegel
      87.0dB             80W
Rpre   Spl     SplMech Pmech SplEle      f3

0.20  86.9dB: (100.0dB    42W 102.8dB) @  61Hz
              (103.1dB    84W 102.8dB) @  72Hz
              (106.1dB   168W 102.8dB) @  86Hz
              (109.1dB   336W 102.8dB) @ 102Hz
              (112.1dB   672W 102.8dB) @ 121Hz
0.60  86.5dB: ( 98.6dB    33W 102.4dB) @  56Hz
              (101.6dB    66W 102.4dB) @  66Hz
              (104.6dB   133W 102.4dB) @  79Hz
              (107.6dB   265W 102.4dB) @  94Hz
              (110.7dB   530W 102.4dB) @ 112Hz
1.00  86.2dB: ( 97.3dB    27W 102.1dB) @  52Hz
              (100.3dB    54W 102.1dB) @  62Hz
              (103.3dB   107W 102.1dB) @  73Hz
              (106.3dB   214W 102.1dB) @  87Hz
              (109.4dB   428W 102.1dB) @ 104Hz
-------------
TM 130 MK II
      80.5dB             60W
Rpre   Spl     SplMech Pmech SplEle      f3

0.20  85.8dB: ( 96.4dB    13W 103.2dB) @  53Hz
              ( 99.4dB    25W 103.2dB) @  63Hz
              (102.4dB    50W 103.2dB) @  74Hz
              (105.4dB   100W 103.2dB) @  88Hz
              (108.4dB   201W 103.2dB) @ 105Hz
              (111.4dB   402W 103.2dB) @ 125Hz
0.60  85.6dB: ( 95.6dB    11W 103.0dB) @  50Hz
              ( 98.6dB    22W 103.0dB) @  60Hz
              (101.6dB    44W 103.0dB) @  71Hz
              (104.6dB    88W 103.0dB) @  85Hz
              (107.6dB   176W 103.0dB) @ 101Hz
              (110.7dB   353W 103.0dB) @ 120Hz
1.00  85.4dB: ( 94.9dB    10W 102.7dB) @  48Hz
              ( 97.9dB    20W 102.7dB) @  57Hz
              (100.9dB    39W 102.7dB) @  68Hz
              (103.9dB    78W 102.7dB) @  81Hz
              (106.9dB   156W 102.7dB) @  96Hz
              (109.9dB   313W 102.7dB) @ 115Hz
-------------
TM 130/25 F1
      87.0dB             60W
Rpre   Spl     SplMech Pmech SplEle      f3

0.20  86.4dB: (102.2dB    42W 103.7dB) @  61Hz
              (105.2dB    85W 103.7dB) @  72Hz
              (108.2dB   170W 103.7dB) @  86Hz
              (111.3dB   340W 103.7dB) @ 102Hz
0.60  86.2dB: (101.4dB    37W 103.5dB) @  58Hz
              (104.4dB    74W 103.5dB) @  69Hz
              (107.4dB   148W 103.5dB) @  82Hz
              (110.4dB   297W 103.5dB) @  97Hz
              (113.5dB   593W 103.5dB) @ 116Hz
1.00  86.0dB: (100.6dB    33W 103.3dB) @  55Hz
              (103.7dB    65W 103.3dB) @  66Hz
              (106.7dB   131W 103.3dB) @  78Hz
              (109.7dB   261W 103.3dB) @  93Hz
              (112.7dB   522W 103.3dB) @ 111Hz
