-------------
e250 esprit
      89.0dB            300W
Rpre   Spl     SplMech Pmech SplEle      f3

0.20  86.7dB: (111.3dB   321W 111.0dB) @  58Hz
              (114.3dB   641W 111.0dB) @  69Hz
              (117.3dB  1282W 111.0dB) @  82Hz
              (120.3dB  2564W 111.0dB) @  97Hz
0.60  86.5dB: (110.6dB   286W 110.8dB) @  55Hz
              (113.6dB   572W 110.8dB) @  66Hz
              (116.6dB  1143W 110.8dB) @  78Hz
              (119.6dB  2286W 110.8dB) @  93Hz
1.00  86.3dB: (109.9dB   257W 110.6dB) @  53Hz
              (112.9dB   513W 110.6dB) @  63Hz
              (115.9dB  1027W 110.6dB) @  75Hz
              (118.9dB  2054W 110.6dB) @  89Hz
-------------
e300 esprit
      88.0dB            400W
Rpre   Spl     SplMech Pmech SplEle      f3

0.20  86.5dB: (108.4dB   175W 112.0dB) @  41Hz
              (111.5dB   350W 112.0dB) @  49Hz
              (114.5dB   700W 112.0dB) @  58Hz
              (117.5dB  1400W 112.0dB) @  69Hz
              (120.5dB  2800W 112.0dB) @  82Hz
0.60  86.2dB: (107.7dB   156W 111.8dB) @  39Hz
              (110.7dB   311W 111.8dB) @  47Hz
              (113.7dB   623W 111.8dB) @  55Hz
              (116.7dB  1245W 111.8dB) @  66Hz
              (119.7dB  2491W 111.8dB) @  78Hz
1.00  86.0dB: (107.0dB   140W 111.6dB) @  38Hz
              (110.0dB   279W 111.6dB) @  45Hz
              (113.0dB   558W 111.6dB) @  53Hz
              (116.0dB  1116W 111.6dB) @  63Hz
              (119.1dB  2232W 111.6dB) @  75Hz
