-------------
e300 esprit
-------------
 88.0dB            21.2l (1.1)               400W
SplMech  Pmech SplEle     f3

            6W  80.8dB @  20Hz 
            8W  81.8dB @  20Hz 
           10W  82.8dB @  20Hz 
           12W  83.8dB @  20Hz 
           16W  84.8dB @  20Hz 
           20W  85.8dB @  20Hz 
           25W  86.8dB @  20Hz 
           31W  87.8dB @  20Hz 
           40W  88.8dB @  20Hz 
           50W  89.8dB @  20Hz 
           63W  90.8dB @  20Hz 
           79W  91.8dB @  20Hz 
          100W  92.8dB @  20Hz 
          126W  93.8dB @  20Hz 
          159W  94.8dB @  20Hz 
          200W  95.8dB @  20Hz 
 96.0dB   211W  98.8dB @  20Hz   13
            6W  85.9dB @  27Hz 
            8W  86.9dB @  27Hz 
           10W  88.0dB @  27Hz 
           12W  89.0dB @  27Hz 
           16W  90.0dB @  27Hz 
           20W  91.0dB @  27Hz 
           25W  92.0dB @  27Hz 
           31W  93.0dB @  27Hz 
           40W  94.0dB @  27Hz 
           50W  95.0dB @  27Hz 
           63W  96.0dB @  27Hz 
           79W  97.0dB @  27Hz 
          100W  98.0dB @  27Hz 
          126W  99.0dB @  27Hz 
          159W 100.0dB @  27Hz 
          200W 101.0dB @  27Hz 
101.2dB   211W 104.0dB @  27Hz    8
105.2dB   212W 108.0dB @  34Hz    4
108.5dB   213W 111.2dB @  41Hz    1
111.2dB   213W 114.0dB @  48Hz   -2
113.6dB   213W 116.3dB @  55Hz   -4
115.7dB   214W 118.4dB @  62Hz   -6
117.5dB   214W 120.3dB @  69Hz   -8
119.2dB   214W 121.9dB @  76Hz  -10
