-------------
fr810hq
            94.0dB            45W      1x100mm
   fu     fc      fo      SplMech  Vb1     Vb2       d         l        C
 18.6 Hz  45 Hz  109 Hz   81.6 dB   oo l +  30 l    1x100mm   311 mm  1215 µF
 19.0 Hz  46 Hz  109 Hz   81.9 dB 3316 l +  30 l    1x100mm   300 mm  1183 µF
 20.0 Hz  47 Hz  111 Hz   82.8 dB  887 l +  30 l    1x100mm   275 mm  1105 µF
 21.0 Hz  49 Hz  113 Hz   83.7 dB  508 l +  30 l    1x100mm   253 mm  1036 µF
 22.0 Hz  50 Hz  115 Hz   84.5 dB  355 l +  30 l    1x100mm   233 mm   973 µF
 23.0 Hz  52 Hz  117 Hz   85.2 dB  271 l +  30 l    1x100mm   215 mm   917 µF
 24.0 Hz  53 Hz  118 Hz   86.0 dB  219 l +  30 l    1x100mm   199 mm   867 µF
 25.0 Hz  55 Hz  120 Hz   86.7 dB  183 l +  30 l    1x100mm   184 mm   821 µF
 26.0 Hz  56 Hz  121 Hz   87.4 dB  157 l +  30 l    1x100mm   170 mm   779 µF
 27.0 Hz  58 Hz  123 Hz   88.0 dB  137 l +  30 l    1x100mm   158 mm   741 µF
 28.0 Hz  59 Hz  125 Hz   88.7 dB  122 l +  30 l    1x100mm   147 mm   706 µF
 29.0 Hz  60 Hz  126 Hz   89.3 dB  109 l +  30 l    1x100mm   137 mm   673 µF
 30.0 Hz  62 Hz  127 Hz   89.9 dB   99 l +  30 l    1x100mm   127 mm   644 µF

-------------
tsuzureko
            96.0dB          1000W      4x100mm
   fu     fc      fo      SplMech  Vb1     Vb2       d         l        C
  6.9 Hz  18 Hz   47 Hz   98.9 dB   oo l + 204 l  * 2x100mm   590 mm  6114 µF
  7.0 Hz  18 Hz   47 Hz   99.2 dB 37953 l + 204 l  * 2x100mm   590 mm  5989 µF
  8.0 Hz  20 Hz   49 Hz  101.5 dB 3587 l + 204 l  - 3x100mm   729 mm  5013 µF
  9.0 Hz  22 Hz   51 Hz  103.6 dB 1845 l + 204 l  - 3x100mm   603 mm  4284 µF
 10.0 Hz  23 Hz   53 Hz  105.4 dB 1227 l + 204 l    4x100mm   701 mm  3723 µF
 11.0 Hz  25 Hz   55 Hz  107.1 dB  911 l + 204 l    4x100mm   598 mm  3278 µF
 12.0 Hz  26 Hz   57 Hz  108.6 dB  720 l + 204 l    4x100mm   515 mm  2919 µF
 13.0 Hz  27 Hz   58 Hz  110.0 dB  592 l + 204 l    4x100mm   447 mm  2624 µF
 14.0 Hz  29 Hz   60 Hz  111.3 dB  501 l + 204 l    4x100mm   390 mm  2377 µF
 15.0 Hz  30 Hz   61 Hz  112.5 dB  433 l + 204 l    4x100mm   342 mm  2168 µF
 16.0 Hz  32 Hz   62 Hz  113.6 dB  380 l + 204 l    4x100mm   300 mm  1989 µF
 17.0 Hz  33 Hz   64 Hz  114.6 dB  338 l + 204 l    4x100mm   264 mm  1835 µF
 18.0 Hz  34 Hz   65 Hz  115.6 dB  304 l + 204 l    4x100mm   233 mm  1700 µF
 19.0 Hz  35 Hz   66 Hz  116.6 dB  275 l + 204 l    4x100mm   206 mm  1582 µF
 20.0 Hz  37 Hz   67 Hz  117.5 dB  251 l + 204 l    4x100mm   182 mm  1477 µF
 21.0 Hz  38 Hz   68 Hz  118.3 dB  231 l + 204 l    4x100mm   160 mm  1384 µF
 22.0 Hz  39 Hz   69 Hz  119.1 dB  213 l + 204 l    4x100mm   141 mm  1301 µF
 23.0 Hz  40 Hz   70 Hz  119.9 dB  198 l + 204 l    4x100mm   124 mm  1226 µF
 24.0 Hz  41 Hz   71 Hz  120.6 dB  184 l + 204 l    4x100mm   108 mm  1158 µF
 25.0 Hz  42 Hz   72 Hz  121.3 dB  172 l + 204 l    4x100mm    94 mm  1097 µF
 26.0 Hz  44 Hz   73 Hz  122.0 dB  162 l + 204 l    4x100mm    81 mm  1041 µF
 27.0 Hz  45 Hz   74 Hz  122.7 dB  152 l + 204 l    4x100mm    69 mm   990 µF
 28.0 Hz  46 Hz   75 Hz  123.3 dB  144 l + 204 l    4x100mm    58 mm   943 µF
 29.0 Hz  47 Hz   76 Hz  123.9 dB  136 l + 204 l    4x100mm    48 mm   900 µF
 30.0 Hz  48 Hz   77 Hz  124.5 dB  129 l + 204 l    4x100mm    39 mm   860 µF

