-------------
M5N
-------------
 82.0dB             1.9l (1.1)                35W
SplMech  Pmech SplEle     f3

 85.7dB    42W  84.9dB @  34Hz   17
 88.9dB    42W  88.2dB @  41Hz   14
 91.7dB    42W  90.9dB @  48Hz   11
 94.0dB    42W  93.3dB @  55Hz    9
 96.1dB    42W  95.3dB @  62Hz    7
 98.0dB    42W  97.2dB @  69Hz    5
 99.7dB    42W  98.9dB @  76Hz    3
-------------
M8N
-------------
 86.0dB            11.8l (1.1)                80W
SplMech  Pmech SplEle     f3

            2W  74.7dB @  20Hz 
            3W  75.7dB @  20Hz 
            4W  76.7dB @  20Hz 
            5W  77.7dB @  20Hz 
            6W  78.7dB @  20Hz 
            8W  79.7dB @  20Hz 
           10W  80.7dB @  20Hz 
           13W  81.7dB @  20Hz 
           16W  82.7dB @  20Hz 
           20W  83.7dB @  20Hz 
           25W  84.7dB @  20Hz 
           32W  85.7dB @  20Hz 
           40W  86.7dB @  20Hz 
           50W  87.7dB @  20Hz 
           63W  88.7dB @  20Hz 
           80W  89.7dB @  20Hz 
 91.3dB   115W  89.7dB @  20Hz   14
            2W  79.9dB @  27Hz 
            3W  80.9dB @  27Hz 
            4W  81.9dB @  27Hz 
            5W  82.9dB @  27Hz 
            6W  83.9dB @  27Hz 
            8W  84.9dB @  27Hz 
           10W  85.9dB @  27Hz 
           13W  86.9dB @  27Hz 
           16W  87.9dB @  27Hz 
           20W  88.9dB @  27Hz 
           25W  89.9dB @  27Hz 
           32W  90.9dB @  27Hz 
           40W  91.9dB @  27Hz 
           50W  92.9dB @  27Hz 
           63W  93.9dB @  27Hz 
           80W  94.9dB @  27Hz 
 96.5dB   115W  94.9dB @  27Hz    9
100.5dB   116W  98.9dB @  34Hz    5
103.8dB   116W 102.2dB @  41Hz    2
106.5dB   116W 104.9dB @  48Hz   -1
108.9dB   117W 107.2dB @  55Hz   -3
111.0dB   117W 109.3dB @  62Hz   -5
112.8dB   117W 111.2dB @  69Hz   -7
114.5dB   117W 112.8dB @  76Hz   -9
-------------
F5
-------------
 86.0dB             1.6l (1.1)                35W
SplMech  Pmech SplEle     f3

 85.7dB    54W  83.8dB @  34Hz   17
 88.9dB    54W  87.0dB @  41Hz   14
 91.7dB    54W  89.8dB @  48Hz   11
 94.0dB    54W  92.1dB @  55Hz    9
 96.1dB    54W  94.2dB @  62Hz    6
 98.0dB    54W  96.1dB @  69Hz    5
 99.7dB    55W  97.7dB @  76Hz    3
-------------
D8G
-------------
 86.0dB             6.4l (1.1)               150W
SplMech  Pmech SplEle     f3

            5W  73.3dB @  20Hz 
            6W  74.3dB @  20Hz 
            7W  75.3dB @  20Hz 
            9W  76.3dB @  20Hz 
           12W  77.3dB @  20Hz 
           15W  78.3dB @  20Hz 
           19W  79.3dB @  20Hz 
           24W  80.3dB @  20Hz 
           30W  81.3dB @  20Hz 
           37W  82.3dB @  20Hz 
           47W  83.3dB @  20Hz 
           60W  84.3dB @  20Hz 
           75W  85.3dB @  20Hz 
           94W  86.3dB @  20Hz 
          119W  87.3dB @  20Hz 
          150W  88.3dB @  20Hz 
 94.7dB   641W  88.3dB @  20Hz   18
            5W  78.5dB @  27Hz 
            6W  79.5dB @  27Hz 
            7W  80.5dB @  27Hz 
            9W  81.5dB @  27Hz 
           12W  82.5dB @  27Hz 
           15W  83.5dB @  27Hz 
           19W  84.5dB @  27Hz 
           24W  85.5dB @  27Hz 
           30W  86.5dB @  27Hz 
           37W  87.5dB @  27Hz 
           47W  88.5dB @  27Hz 
           60W  89.5dB @  27Hz 
           75W  90.5dB @  27Hz 
           94W  91.5dB @  27Hz 
          119W  92.5dB @  27Hz 
          150W  93.5dB @  27Hz 
 99.9dB   643W  93.5dB @  27Hz   13
103.9dB   645W  97.5dB @  34Hz    9
107.1dB   647W 100.8dB @  41Hz    5
109.9dB   648W 103.5dB @  48Hz    3
112.2dB   650W 105.9dB @  55Hz    0
114.3dB   651W 107.9dB @  62Hz   -2
116.2dB   652W 109.8dB @  69Hz   -4
117.8dB   652W 111.5dB @  76Hz   -5
-------------
M8A
-------------
 88.0dB             8.7l (1.1)                80W
SplMech  Pmech SplEle     f3

            2W  72.7dB @  20Hz 
            3W  73.7dB @  20Hz 
            4W  74.7dB @  20Hz 
            5W  75.7dB @  20Hz 
            6W  76.7dB @  20Hz 
            8W  77.7dB @  20Hz 
           10W  78.7dB @  20Hz 
           13W  79.8dB @  20Hz 
           16W  80.8dB @  20Hz 
           20W  81.8dB @  20Hz 
           25W  82.8dB @  20Hz 
           32W  83.8dB @  20Hz 
           40W  84.8dB @  20Hz 
           50W  85.8dB @  20Hz 
           63W  86.8dB @  20Hz 
           80W  87.8dB @  20Hz 
 91.3dB   180W  87.8dB @  20Hz   17
            2W  77.9dB @  27Hz 
            3W  78.9dB @  27Hz 
            4W  79.9dB @  27Hz 
            5W  80.9dB @  27Hz 
            6W  81.9dB @  27Hz 
            8W  82.9dB @  27Hz 
           10W  83.9dB @  27Hz 
           13W  84.9dB @  27Hz 
           16W  85.9dB @  27Hz 
           20W  87.0dB @  27Hz 
           25W  88.0dB @  27Hz 
           32W  89.0dB @  27Hz 
           40W  90.0dB @  27Hz 
           50W  91.0dB @  27Hz 
           63W  92.0dB @  27Hz 
           80W  93.0dB @  27Hz 
 96.5dB   181W  93.0dB @  27Hz   12
100.5dB   181W  97.0dB @  34Hz    8
103.8dB   182W 100.2dB @  41Hz    5
106.5dB   182W 102.9dB @  48Hz    2
108.9dB   183W 105.3dB @  55Hz   -1
111.0dB   183W 107.4dB @  62Hz   -3
112.8dB   183W 109.2dB @  69Hz   -4
114.5dB   183W 110.9dB @  76Hz   -6
