-------------
HSB21
      94.9dB                            500W
Rpre   Spl      qtc    Vb     SplMech Pmech SplEle      f3

0.20  94.1dB:   0.6  681.8l: (121.7dB   645W 120.5dB) @  35Hz
                0.7  405.7l: (121.7dB   653W 120.5dB) @  35Hz
                0.8  276.5l: (123.1dB   903W 120.5dB) @  38Hz
                0.9  203.2l: (123.6dB  1009W 120.5dB) @  39Hz
                1.0  156.7l: (124.2dB  1148W 120.5dB) @  41Hz
                1.1  125.1l: (124.9dB  1365W 120.5dB) @  42Hz
                1.1  125.1l: (122.1dB   708W 120.5dB) @  36Hz (  874uF)

0.60  93.9dB:   0.6  835.8l: (120.8dB   554W 120.3dB) @  33Hz
                0.7  476.9l: (120.8dB   561W 120.3dB) @  33Hz
                0.8  318.9l: (122.2dB   776W 120.3dB) @  36Hz
                0.9  231.8l: (122.7dB   867W 120.3dB) @  37Hz
                1.0  177.6l: (123.3dB   986W 120.3dB) @  39Hz
                1.1  141.2l: (124.0dB  1173W 120.3dB) @  40Hz
                1.1  141.2l: (121.2dB   608W 120.3dB) @  34Hz (  920uF)

1.00  93.7dB:   0.7  561.2l: (120.0dB   486W 120.1dB) @  32Hz
                0.8  367.1l: (121.4dB   672W 120.1dB) @  35Hz
                0.9  263.7l: (121.9dB   751W 120.1dB) @  36Hz
                1.0  200.5l: (122.4dB   854W 120.1dB) @  37Hz
                1.1  158.6l: (123.2dB  1016W 120.1dB) @  38Hz
                1.1  158.6l: (120.3dB   526W 120.1dB) @  33Hz (  966uF)

