-------------
HSB21                                  94.9dB  500W                     4x100mm
Rpre   Spl
      Vb      fb         SplMech Pmech  SplEle     f3       dv       lv

0.20  94.1dB --------------------------------------------------------------
   631.0l @  22.5Hz  =>  118.5dB  315W 120.5dB @  23.3Hz   4x100mm   186 mm 
   706.8l @  21.7Hz  =>  117.6dB  251W 120.5dB @  22.1Hz   4x100mm   151 mm 
   791.6l @  20.9Hz  =>  116.6dB  200W 120.5dB @  20.8Hz   4x100mm   119 mm 
*  886.6l @  20.2Hz  =>  115.6dB  160W 120.5dB @  19.7Hz   4x100mm    91 mm 
   993.0l @  19.5Hz  =>  114.6dB  127W 120.5dB @  18.6Hz   4x100mm    65 mm 
  1112.1l @  18.8Hz  =>  113.6dB  102W 120.5dB @  17.6Hz   4x100mm    43 mm 
  1245.6l @  18.1Hz  =>  112.6dB   81W 120.5dB @  16.6Hz   4x100mm    22 mm 
  1395.0l @  17.5Hz  =>  111.7dB   65W 120.5dB @  15.7Hz + 5x100mm    25 mm 
  1562.4l @  16.8Hz  =>  110.7dB   51W 120.5dB @  14.8Hz + 6x100mm    22 mm 
0.60  93.9dB --------------------------------------------------------------
   731.5l @  21.5Hz  =>  117.3dB  248W 120.3dB @  21.7Hz   4x100mm   141 mm 
   819.2l @  20.7Hz  =>  116.3dB  197W 120.3dB @  20.5Hz   4x100mm   110 mm 
   917.6l @  20.0Hz  =>  115.3dB  157W 120.3dB @  19.4Hz   4x100mm    83 mm 
* 1027.7l @  19.3Hz  =>  114.3dB  126W 120.3dB @  18.3Hz   4x100mm    58 mm 
  1151.0l @  18.6Hz  =>  113.3dB  100W 120.3dB @  17.3Hz   4x100mm    36 mm 
  1289.1l @  17.9Hz  =>  112.3dB   80W 120.3dB @  16.3Hz + 5x100mm    40 mm 
  1443.8l @  17.3Hz  =>  111.4dB   64W 120.3dB @  15.4Hz + 6x100mm    39 mm 
1.00  93.7dB --------------------------------------------------------------
   841.2l @  20.5Hz  =>  116.1dB  197W 120.1dB @  20.2Hz   4x100mm   103 mm 
   942.2l @  19.8Hz  =>  115.1dB  157W 120.1dB @  19.1Hz   4x100mm    77 mm 
  1055.2l @  19.1Hz  =>  114.1dB  125W 120.1dB @  18.1Hz   4x100mm    53 mm 
* 1181.9l @  18.4Hz  =>  113.1dB  100W 120.1dB @  17.1Hz   4x100mm    31 mm 
  1323.7l @  17.8Hz  =>  112.1dB   80W 120.1dB @  16.1Hz + 5x100mm    35 mm 
  1482.5l @  17.1Hz  =>  111.1dB   63W 120.1dB @  15.2Hz + 6x100mm    33 mm 
