-------------
HSB21
      94.9dB                            500W
SplMech  Pmech SplEle     f3

108.0dB    28W 120.5dB @  16Hz
110.0dB    44W 120.5dB @  18Hz
111.9dB    68W 120.5dB @  20Hz
113.5dB    99W 120.5dB @  22Hz
115.0dB   140W 120.5dB @  24Hz
116.4dB   193W 120.5dB @  26Hz
117.7dB   260W 120.5dB @  28Hz
118.9dB   343W 120.5dB @  30Hz
120.0dB   443W 120.5dB @  32Hz
121.1dB   565W 120.5dB @  34Hz
122.1dB   710W 120.5dB @  36Hz
123.0dB   882W 120.5dB @  38Hz
123.9dB  1083W 120.5dB @  40Hz
124.8dB  1316W 120.5dB @  42Hz
125.6dB  1585W 120.5dB @  44Hz
126.3dB  1893W 120.5dB @  46Hz
127.1dB  2245W 120.5dB @  48Hz
