-------------
XTR-10
-------------
 85.0dB             5.4l (1.1)               350W
SplMech  Pmech SplEle     f3

103.8dB  6315W  91.3dB @  18Hz   19
          175W  90.1dB @  20Hz 
          220W  91.1dB @  20Hz 
          278W  92.1dB @  20Hz 
          350W  93.1dB @  20Hz 
105.7dB  6324W  93.1dB @  20Hz   17
107.3dB  6332W  94.7dB @  22Hz   16
108.8dB  6340W  96.2dB @  24Hz   14
110.2dB  6347W  97.6dB @  26Hz   13
111.5dB  6353W  98.9dB @  28Hz   12
           35W  90.1dB @  30Hz 
           44W  91.1dB @  30Hz 
           55W  92.1dB @  30Hz 
           69W  93.1dB @  30Hz 
           87W  94.1dB @  30Hz 
          110W  95.1dB @  30Hz 
          139W  96.1dB @  30Hz 
          175W  97.1dB @  30Hz 
          220W  98.1dB @  30Hz 
          278W  99.1dB @  30Hz 
          350W 100.1dB @  30Hz 
112.7dB  6359W 100.1dB @  30Hz   10
113.8dB  6365W 101.2dB @  32Hz    9
114.9dB  6370W 102.3dB @  34Hz    8
115.9dB  6375W 103.3dB @  36Hz    7
116.8dB  6380W 104.2dB @  38Hz    6
117.7dB  6384W 105.1dB @  40Hz    5
118.5dB  6389W 105.9dB @  42Hz    5
119.4dB  6393W 106.7dB @  44Hz    4
120.1dB  6397W 107.5dB @  46Hz    3
120.9dB  6400W 108.2dB @  48Hz    2
