-------------
XTR-08
      85.0dB            250W
Rpre   Spl     SplMech Pmech SplEle      f3

0.20  85.9dB: (126.2dB 11912W 109.4dB) @  83Hz
0.60  85.6dB: (125.3dB 10290W 109.2dB) @  79Hz
1.00  85.4dB: (124.5dB  8960W 108.9dB) @  76Hz
-------------
XTR-10
      85.0dB            350W
Rpre   Spl     SplMech Pmech SplEle      f3

0.20  85.6dB: (122.3dB  5275W 110.6dB) @  52Hz
0.60  85.3dB: (121.5dB  4555W 110.3dB) @  50Hz
1.00  85.1dB: (120.7dB  3965W 110.1dB) @  47Hz
-------------
XTR-12
      85.0dB            250W
Rpre   Spl     SplMech Pmech SplEle      f3

0.20  85.9dB: (126.2dB 11912W 109.4dB) @  83Hz
0.60  85.6dB: (125.3dB 10290W 109.2dB) @  79Hz
1.00  85.4dB: (124.5dB  8960W 108.9dB) @  76Hz
