-------------
JA5006
      85.0dB            100W
Rpre   Spl     SplMech Pmech SplEle      f3

0.20  84.5dB: (106.0dB   232W 102.4dB) @  80Hz
              (109.1dB   465W 102.4dB) @  95Hz
              (112.1dB   930W 102.4dB) @ 113Hz
0.60  84.2dB: (105.0dB   199W 102.1dB) @  75Hz
              (108.1dB   398W 102.1dB) @  90Hz
              (111.1dB   797W 102.1dB) @ 107Hz
1.00  83.9dB: (104.1dB   173W 101.8dB) @  72Hz
              (107.1dB   346W 101.8dB) @  85Hz
              (110.2dB   693W 101.8dB) @ 101Hz
-------------
JA6006
      85.6dB            100W
Rpre   Spl     SplMech Pmech SplEle      f3

0.20  85.2dB: (105.9dB   187W 103.2dB) @  61Hz
              (109.0dB   374W 103.2dB) @  73Hz
              (112.0dB   747W 103.2dB) @  87Hz
0.60  84.9dB: (105.0dB   161W 102.9dB) @  58Hz
              (108.0dB   323W 102.9dB) @  69Hz
              (111.0dB   646W 102.9dB) @  82Hz
1.00  84.6dB: (104.1dB   141W 102.6dB) @  55Hz
              (107.1dB   283W 102.6dB) @  66Hz
              (110.1dB   566W 102.6dB) @  78Hz
-------------
JA6012
      85.9dB            100W
Rpre   Spl     SplMech Pmech SplEle      f3

0.20  85.6dB: (106.4dB    93W 106.7dB) @  63Hz
              (109.4dB   186W 106.7dB) @  75Hz
              (112.4dB   372W 106.7dB) @  89Hz
              (115.4dB   744W 106.7dB) @ 106Hz
0.60  85.4dB: (105.9dB    87W 106.5dB) @  61Hz
              (108.9dB   174W 106.5dB) @  73Hz
              (112.0dB   348W 106.5dB) @  87Hz
              (115.0dB   695W 106.5dB) @ 103Hz
1.00  85.3dB: (105.5dB    81W 106.4dB) @  60Hz
              (108.5dB   163W 106.4dB) @  71Hz
              (111.5dB   326W 106.4dB) @  84Hz
              (114.5dB   652W 106.4dB) @ 100Hz
-------------
JA8008
      94.0dB            100W
Rpre   Spl     SplMech Pmech SplEle      f3

0.20  92.8dB: (117.0dB   354W 111.5dB) @ 119Hz
              (120.0dB   708W 111.5dB) @ 141Hz
0.60  92.5dB: (116.1dB   304W 111.2dB) @ 112Hz
              (119.1dB   609W 111.2dB) @ 134Hz
1.00  92.2dB: (115.2dB   264W 111.0dB) @ 107Hz
              (118.2dB   529W 111.0dB) @ 127Hz
