-------------
JA5006
      85.0dB                            100W
Rpre   Spl      qtc    Vb     SplMech Pmech SplEle      f3

0.20  84.5dB:   0.6   25.1l: (105.6dB   212W 102.4dB) @  78Hz
                0.7    8.3l: (105.7dB   214W 102.4dB) @  78Hz
                0.8    4.7l: (107.1dB   297W 102.4dB) @  85Hz
                0.9    3.2l: (107.6dB   332W 102.4dB) @  87Hz
                1.0    2.3l: (108.1dB   377W 102.4dB) @  90Hz
                1.1    1.8l: (108.9dB   449W 102.4dB) @  94Hz
                1.1    1.8l: (106.0dB   232W 102.4dB) @  80Hz (  565uF)

0.60  84.2dB:   0.6   63.3l: (104.6dB   182W 102.1dB) @  74Hz
                0.7   11.5l: (104.7dB   184W 102.1dB) @  74Hz
                0.8    5.9l: (106.1dB   254W 102.1dB) @  80Hz
                0.9    3.8l: (106.6dB   284W 102.1dB) @  82Hz
                1.0    2.7l: (107.2dB   323W 102.1dB) @  85Hz
                1.1    2.1l: (107.9dB   384W 102.1dB) @  89Hz
                1.1    2.1l: (105.0dB   199W 102.1dB) @  75Hz (  599uF)

1.00  83.9dB:   0.7   16.6l: (103.8dB   160W 101.8dB) @  70Hz
                0.8    7.4l: (105.2dB   221W 101.8dB) @  76Hz
                0.9    4.6l: (105.7dB   247W 101.8dB) @  78Hz
                1.0    3.2l: (106.2dB   281W 101.8dB) @  81Hz
                1.1    2.4l: (107.0dB   334W 101.8dB) @  84Hz
                1.1    2.4l: (104.1dB   173W 101.8dB) @  72Hz (  631uF)

-------------
JA6006
      85.6dB                            100W
Rpre   Spl      qtc    Vb     SplMech Pmech SplEle      f3

0.20  85.2dB:   0.6  129.0l: (105.5dB   170W 103.2dB) @  60Hz
                0.7   26.5l: (105.6dB   172W 103.2dB) @  60Hz
                0.8   13.8l: (107.0dB   238W 103.2dB) @  65Hz
                0.9    9.0l: (107.5dB   266W 103.2dB) @  67Hz
                1.0    6.4l: (108.0dB   303W 103.2dB) @  69Hz
                1.1    4.9l: (108.8dB   360W 103.2dB) @  72Hz
                1.1    4.9l: (105.9dB   187W 103.2dB) @  61Hz (  716uF)

0.60  84.9dB:   0.7   38.5l: (104.6dB   149W 102.9dB) @  57Hz
                0.8   17.6l: (106.1dB   206W 102.9dB) @  62Hz
                0.9   10.9l: (106.5dB   230W 102.9dB) @  63Hz
                1.0    7.6l: (107.1dB   262W 102.9dB) @  65Hz
                1.1    5.7l: (107.8dB   311W 102.9dB) @  68Hz
                1.1    5.7l: (105.0dB   161W 102.9dB) @  58Hz (  757uF)

1.00  84.6dB:   0.7   61.3l: (103.8dB   130W 102.6dB) @  54Hz
                0.8   22.6l: (105.2dB   180W 102.6dB) @  59Hz
                0.9   13.1l: (105.7dB   202W 102.6dB) @  60Hz
                1.0    9.0l: (106.2dB   229W 102.6dB) @  62Hz
                1.1    6.6l: (107.0dB   273W 102.6dB) @  65Hz
                1.1    6.6l: (104.1dB   141W 102.6dB) @  55Hz (  796uF)

-------------
JA6012
      85.9dB                            100W
Rpre   Spl      qtc    Vb     SplMech Pmech SplEle      f3

0.20  85.6dB:   0.7   36.1l: (106.0dB    86W 106.7dB) @  62Hz
                0.8   16.6l: (107.4dB   119W 106.7dB) @  67Hz
                0.9   10.3l: (107.9dB   133W 106.7dB) @  69Hz
                1.0    7.3l: (108.5dB   151W 106.7dB) @  71Hz
                1.1    5.5l: (109.2dB   180W 106.7dB) @  74Hz
                1.1    5.5l: (106.4dB    93W 106.7dB) @  63Hz (  342uF)

0.60  85.4dB:   0.7   44.9l: (105.6dB    80W 106.5dB) @  60Hz
                0.8   18.9l: (107.0dB   111W 106.5dB) @  65Hz
                0.9   11.4l: (107.5dB   124W 106.5dB) @  67Hz
                1.0    7.9l: (108.0dB   141W 106.5dB) @  69Hz
                1.1    5.9l: (108.8dB   168W 106.5dB) @  72Hz
                1.1    5.9l: (105.9dB    87W 106.5dB) @  61Hz (  351uF)

1.00  85.3dB:   0.7   57.8l: (105.1dB    75W 106.4dB) @  58Hz
                0.8   21.5l: (106.6dB   104W 106.4dB) @  63Hz
                0.9   12.6l: (107.0dB   116W 106.4dB) @  65Hz
                1.0    8.6l: (107.6dB   132W 106.4dB) @  67Hz
                1.1    6.3l: (108.3dB   157W 106.4dB) @  70Hz
                1.1    6.3l: (105.5dB    81W 106.4dB) @  60Hz (  360uF)

-------------
JA8008
      94.0dB                            100W
Rpre   Spl      qtc    Vb     SplMech Pmech SplEle      f3

0.20  92.8dB:   0.5   15.8l: (117.6dB   407W 111.5dB) @ 123Hz
                0.6   10.0l: (116.6dB   323W 111.5dB) @ 116Hz
                0.7    6.9l: (116.6dB   326W 111.5dB) @ 116Hz
                0.8    5.1l: (118.1dB   452W 111.5dB) @ 126Hz
                0.9    4.0l: (118.5dB   505W 111.5dB) @ 130Hz
                1.0    3.2l: (119.1dB   574W 111.5dB) @ 134Hz
                1.1    2.6l: (119.9dB   683W 111.5dB) @ 140Hz
                1.1    2.6l: (117.0dB   354W 111.5dB) @ 119Hz (  311uF)

0.60  92.5dB:   0.5   18.2l: (116.7dB   350W 111.2dB) @ 116Hz
                0.6   11.3l: (115.7dB   277W 111.2dB) @ 110Hz
                0.7    7.8l: (115.7dB   281W 111.2dB) @ 110Hz
                0.8    5.8l: (117.1dB   388W 111.2dB) @ 119Hz
                0.9    4.5l: (117.6dB   434W 111.2dB) @ 123Hz
                1.0    3.6l: (118.2dB   494W 111.2dB) @ 127Hz
                1.1    2.9l: (118.9dB   587W 111.2dB) @ 132Hz
                1.1    2.9l: (116.1dB   304W 111.2dB) @ 112Hz (  328uF)

1.00  92.2dB:   0.5   21.0l: (115.8dB   304W 111.0dB) @ 111Hz
                0.6   12.8l: (114.8dB   241W 111.0dB) @ 104Hz
                0.7    8.8l: (114.9dB   244W 111.0dB) @ 105Hz
                0.8    6.5l: (116.3dB   337W 111.0dB) @ 114Hz
                0.9    5.0l: (116.7dB   377W 111.0dB) @ 117Hz
                1.0    4.0l: (117.3dB   429W 111.0dB) @ 121Hz
                1.1    3.2l: (118.1dB   510W 111.0dB) @ 126Hz
                1.1    3.2l: (115.2dB   264W 111.0dB) @ 107Hz (  345uF)

