-------------
2118H
            97.0dB           100W       1x70mm
   fu     fb      fo      SplMech  Vb1     Vb2       d         l        C
 52.1Hz 108Hz  225Hz  102.4dB   22l +   3l  * 1x40mm    936mm
 57.2Hz 115Hz  230Hz  104.0dB   17l +   3l  * 1x40mm    834mm
 62.7Hz 122Hz  236Hz  105.6dB   13l +   3l  * 1x40mm    744mm
 68.6Hz 129Hz  242Hz  107.1dB   11l +   3l  * 1x40mm    663mm
 75.0Hz 136Hz  248Hz  108.7dB    9l +   3l  * 1x40mm    591mm
 81.9Hz 145Hz  255Hz  110.2dB    7l +   3l  * 1x40mm    526mm
 89.3Hz 153Hz  263Hz  111.7dB    6l +   3l  - 1x50mm    733mm
 97.2Hz 162Hz  270Hz  113.2dB    5l +   3l  - 1x50mm    653mm
105.7Hz 172Hz  279Hz  114.7dB    5l +   3l  - 1x50mm    582mm
114.9Hz 182Hz  288Hz  116.1dB    4l +   3l  - 1x50mm    519mm
124.7Hz 193Hz  298Hz  117.5dB    3l +   3l  - 1x50mm    463mm
135.1Hz 204Hz  308Hz  118.9dB    3l +   3l  - 1x50mm    412mm
146.3Hz 211Hz  320Hz  120.3dB    3l +   3l    1x70mm    757mm
158.2Hz 229Hz  332Hz  121.7dB    2l +   3l    1x70mm    642mm
171.0Hz 243Hz  344Hz  123.0dB    2l +   3l    1x70mm    572mm
184.6Hz 257Hz  358Hz  124.3dB    2l +   3l    1x70mm    510mm
199.0Hz 272Hz  372Hz  125.7dB    2l +   3l    1x70mm    454mm
 52.1Hz 126Hz  225Hz  102.4dB   12l +   3l  * 1x40mm    936mm
 57.2Hz 134Hz  230Hz  104.0dB    9l +   3l  * 1x40mm    834mm
 62.7Hz 142Hz  236Hz  105.6dB    8l +   3l  * 1x40mm    744mm
 68.6Hz 150Hz  242Hz  107.1dB    7l +   3l  * 1x40mm    663mm
 75.0Hz 159Hz  248Hz  108.7dB    6l +   3l  * 1x40mm    591mm
 81.9Hz 169Hz  255Hz  110.2dB    5l +   3l  * 1x40mm    526mm
 89.3Hz 179Hz  263Hz  111.7dB    4l +   3l  - 1x50mm    733mm
 97.2Hz 189Hz  270Hz  113.2dB    4l +   3l  - 1x50mm    653mm
105.7Hz 200Hz  279Hz  114.7dB    3l +   3l  - 1x50mm    582mm
114.9Hz 212Hz  288Hz  116.1dB    3l +   3l  - 1x50mm    519mm
124.7Hz 225Hz  298Hz  117.5dB    2l +   3l  - 1x50mm    463mm
135.1Hz 204Hz  308Hz  118.9dB    3l +   3l  - 1x50mm    561mm
146.3Hz 211Hz  320Hz  120.3dB    3l +   3l  - 1x50mm    526mm
158.2Hz 229Hz  332Hz  121.7dB    2l +   3l  - 1x50mm    446mm
146.9Hz 243Hz  344Hz  120.4dB    2l +   3l    1x70mm    779mm
160.5Hz 257Hz  358Hz  121.9dB    2l +   3l    1x70mm    694mm
199.0Hz 272Hz  372Hz  125.7dB    2l +   3l    1x70mm    618mm
 62.5Hz 152Hz  368Hz  105.5dB    6l +   2l  * 1x40mm    936mm
 68.9Hz 161Hz  375Hz  107.2dB    5l +   2l  * 1x40mm    834mm
 75.9Hz 170Hz  382Hz  108.9dB    5l +   2l  * 1x40mm    744mm
 83.5Hz 180Hz  389Hz  110.6dB    4l +   2l  * 1x40mm    663mm
 91.8Hz 191Hz  397Hz  112.2dB    3l +   2l  * 1x40mm    591mm
100.7Hz 202Hz  406Hz  113.8dB    3l +   2l  * 1x40mm    526mm
110.4Hz 214Hz  416Hz  115.4dB    3l +   2l  - 1x50mm    733mm
120.8Hz 227Hz  426Hz  117.0dB    2l +   2l  - 1x50mm    653mm
132.1Hz 240Hz  438Hz  118.5dB    2l +   2l  - 1x50mm    582mm
144.2Hz 255Hz  450Hz  120.1dB    2l +   2l  - 1x50mm    519mm
157.3Hz 270Hz  463Hz  121.6dB    2l +   2l  - 1x50mm    463mm
171.3Hz 286Hz  477Hz  123.0dB    1l +   2l  - 1x50mm    412mm
186.3Hz 303Hz  492Hz  124.5dB    1l +   2l    1x70mm    720mm
202.4Hz 321Hz  508Hz  125.9dB    1l +   2l    1x70mm    642mm
219.6Hz 340Hz  525Hz  127.4dB    1l +   2l    1x70mm    572mm
238.1Hz 360Hz  544Hz  128.8dB    1l +   2l    1x70mm    510mm
257.8Hz 381Hz  563Hz  130.1dB    1l +   2l    1x70mm    454mm
-------------
2118J
            97.0dB           100W       1x70mm
   fu     fb      fo      SplMech  Vb1     Vb2       d         l        C
 52.8Hz 110Hz  229Hz  102.6dB   21l +   3l  * 1x40mm    936mm
 58.0Hz 116Hz  234Hz  104.2dB   16l +   3l  * 1x40mm    834mm
 63.6Hz 123Hz  239Hz  105.8dB   13l +   3l  * 1x40mm    744mm
 69.6Hz 131Hz  245Hz  107.4dB   10l +   3l  * 1x40mm    663mm
 76.0Hz 138Hz  252Hz  108.9dB    8l +   3l  * 1x40mm    591mm
 83.0Hz 147Hz  259Hz  110.5dB    7l +   3l  * 1x40mm    526mm
 90.5Hz 155Hz  266Hz  112.0dB    6l +   3l  - 1x50mm    733mm
 98.6Hz 164Hz  274Hz  113.5dB    5l +   3l  - 1x50mm    653mm
107.2Hz 174Hz  283Hz  114.9dB    4l +   3l  - 1x50mm    582mm
116.5Hz 185Hz  292Hz  116.3dB    4l +   3l  - 1x50mm    519mm
126.4Hz 195Hz  302Hz  117.8dB    3l +   3l  - 1x50mm    463mm
137.0Hz 207Hz  313Hz  119.2dB    3l +   3l  - 1x50mm    412mm
148.4Hz 214Hz  324Hz  120.6dB    3l +   3l    1x70mm    757mm
160.5Hz 232Hz  336Hz  121.9dB    2l +   3l    1x70mm    642mm
173.4Hz 246Hz  349Hz  123.3dB    2l +   3l    1x70mm    572mm
187.2Hz 261Hz  363Hz  124.6dB    2l +   3l    1x70mm    510mm
201.9Hz 276Hz  378Hz  125.9dB    1l +   3l    1x70mm    454mm
 52.8Hz 128Hz  229Hz  102.6dB   11l +   2l  * 1x40mm    936mm
 58.0Hz 136Hz  234Hz  104.2dB    9l +   2l  * 1x40mm    834mm
 63.6Hz 144Hz  239Hz  105.8dB    8l +   2l  * 1x40mm    744mm
 69.6Hz 152Hz  245Hz  107.4dB    6l +   2l  * 1x40mm    663mm
 76.0Hz 161Hz  252Hz  108.9dB    5l +   2l  * 1x40mm    591mm
 83.0Hz 171Hz  259Hz  110.5dB    5l +   2l  * 1x40mm    526mm
 90.5Hz 181Hz  266Hz  112.0dB    4l +   2l  - 1x50mm    733mm
 98.6Hz 192Hz  274Hz  113.5dB    3l +   2l  - 1x50mm    653mm
107.2Hz 203Hz  283Hz  114.9dB    3l +   2l  - 1x50mm    582mm
116.5Hz 215Hz  292Hz  116.3dB    3l +   2l  - 1x50mm    519mm
126.4Hz 228Hz  302Hz  117.8dB    2l +   2l  - 1x50mm    463mm
137.0Hz 207Hz  313Hz  119.2dB    3l +   2l  - 1x50mm    561mm
148.4Hz 214Hz  324Hz  120.6dB    3l +   2l  - 1x50mm    526mm
160.5Hz 232Hz  336Hz  121.9dB    2l +   2l  - 1x50mm    446mm
149.0Hz 246Hz  349Hz  120.6dB    2l +   2l    1x70mm    779mm
162.8Hz 261Hz  363Hz  122.2dB    2l +   2l    1x70mm    694mm
201.9Hz 276Hz  378Hz  125.9dB    1l +   2l    1x70mm    618mm
 63.4Hz 154Hz  373Hz  105.8dB    6l +   2l  * 1x40mm    936mm
 69.9Hz 163Hz  380Hz  107.5dB    5l +   2l  * 1x40mm    834mm
 77.0Hz 173Hz  387Hz  109.2dB    4l +   2l  * 1x40mm    744mm
 84.7Hz 183Hz  395Hz  110.8dB    4l +   2l  * 1x40mm    663mm
 93.1Hz 194Hz  403Hz  112.5dB    3l +   2l  * 1x40mm    591mm
102.2Hz 205Hz  412Hz  114.1dB    3l +   2l  * 1x40mm    526mm
112.0Hz 217Hz  422Hz  115.7dB    3l +   2l  - 1x50mm    733mm
122.5Hz 230Hz  433Hz  117.2dB    2l +   2l  - 1x50mm    653mm
134.0Hz 244Hz  444Hz  118.8dB    2l +   2l  - 1x50mm    582mm
146.2Hz 258Hz  456Hz  120.3dB    2l +   2l  - 1x50mm    519mm
159.5Hz 274Hz  469Hz  121.8dB    1l +   2l  - 1x50mm    463mm
173.7Hz 290Hz  484Hz  123.3dB    1l +   2l  - 1x50mm    412mm
188.9Hz 307Hz  499Hz  124.7dB    1l +   2l    1x70mm    720mm
205.3Hz 325Hz  515Hz  126.2dB    1l +   2l    1x70mm    642mm
222.7Hz 344Hz  533Hz  127.6dB    1l +   2l    1x70mm    572mm
241.5Hz 365Hz  551Hz  129.0dB    1l +   2l    1x70mm    510mm
261.4Hz 387Hz  571Hz  130.4dB    1l +   2l    1x70mm    454mm
