-------------
2118H                                  97.0dB  100W                      1x70mm
Rpre   Spl
      Vb      fb         SplMech Pmech  SplEle     f3       dv       lv

0.20  95.0dB --------------------------------------------------------------
     7.4l @ 104.1Hz  =>  120.4dB  501W 113.4dB @ 116.7Hz   1x70mm    162 mm 
     8.3l @ 100.4Hz  =>  119.4dB  399W 113.4dB @ 110.2Hz   1x70mm    139 mm 
     9.3l @  96.8Hz  =>  118.4dB  318W 113.4dB @ 104.2Hz   1x70mm    119 mm 
*   10.4l @  93.4Hz  =>  117.4dB  254W 113.4dB @  98.4Hz   1x70mm    101 mm 
    11.7l @  90.0Hz  =>  116.4dB  202W 113.4dB @  93.0Hz   1x70mm     85 mm 
    13.1l @  86.8Hz  =>  115.5dB  161W 113.4dB @  87.9Hz   1x70mm     70 mm 
    14.7l @  83.7Hz  =>  114.5dB  129W 113.4dB @  83.0Hz   1x70mm     57 mm 
0.60  94.7dB --------------------------------------------------------------
     8.8l @  98.7Hz  =>  118.9dB  385W 113.1dB @ 107.4Hz   1x70mm    130 mm 
     9.8l @  95.2Hz  =>  118.0dB  307W 113.1dB @ 101.5Hz   1x70mm    110 mm 
    11.0l @  91.8Hz  =>  117.0dB  245W 113.1dB @  95.9Hz   1x70mm     93 mm 
*   12.3l @  88.6Hz  =>  116.0dB  195W 113.1dB @  90.6Hz   1x70mm     78 mm 
    13.8l @  85.4Hz  =>  115.0dB  156W 113.1dB @  85.6Hz   1x70mm     64 mm 
    15.5l @  82.4Hz  =>  114.0dB  124W 113.1dB @  80.9Hz   1x70mm     52 mm 
    17.3l @  79.4Hz  =>  113.0dB   99W 113.1dB @  76.5Hz   1x70mm     41 mm 
1.00  94.4dB --------------------------------------------------------------
    10.2l @  94.0Hz  =>  117.6dB  302W 112.8dB @  99.5Hz   1x70mm    104 mm 
    11.4l @  90.7Hz  =>  116.6dB  241W 112.8dB @  94.0Hz   1x70mm     88 mm 
    12.8l @  87.4Hz  =>  115.6dB  192W 112.8dB @  88.8Hz   1x70mm     73 mm 
*   14.4l @  84.3Hz  =>  114.7dB  153W 112.8dB @  83.9Hz   1x70mm     59 mm 
    16.1l @  81.3Hz  =>  113.7dB  122W 112.8dB @  79.3Hz   1x70mm     48 mm 
    18.0l @  78.4Hz  =>  112.7dB   97W 112.8dB @  74.9Hz   1x70mm     37 mm 
    20.2l @  75.6Hz  =>  111.7dB   78W 112.8dB @  70.8Hz   1x70mm     28 mm 
-------------
2118J                                  97.0dB  100W                      1x70mm
Rpre   Spl
      Vb      fb         SplMech Pmech  SplEle     f3       dv       lv

0.20  95.1dB --------------------------------------------------------------
     7.1l @ 105.4Hz  =>  120.7dB  285W 116.2dB @ 119.0Hz   1x70mm    171 mm 
     8.0l @ 101.7Hz  =>  119.7dB  227W 116.2dB @ 112.5Hz   1x70mm    147 mm 
     9.0l @  98.1Hz  =>  118.8dB  181W 116.2dB @ 106.3Hz   1x70mm    126 mm 
*   10.0l @  94.6Hz  =>  117.8dB  144W 116.2dB @ 100.4Hz   1x70mm    107 mm 
    11.2l @  91.2Hz  =>  116.8dB  115W 116.2dB @  94.9Hz   1x70mm     90 mm 
    12.6l @  88.0Hz  =>  115.8dB   92W 116.2dB @  89.7Hz   1x70mm     75 mm 
    14.1l @  84.8Hz  =>  114.8dB   73W 116.2dB @  84.7Hz   1x70mm     61 mm 
0.60  94.9dB --------------------------------------------------------------
     7.8l @ 102.4Hz  =>  119.9dB  246W 116.0dB @ 113.7Hz   1x70mm    152 mm 
     8.8l @  98.8Hz  =>  118.9dB  197W 116.0dB @ 107.5Hz   1x70mm    130 mm 
     9.8l @  95.2Hz  =>  118.0dB  157W 116.0dB @ 101.5Hz   1x70mm    111 mm 
*   11.0l @  91.8Hz  =>  117.0dB  125W 116.0dB @  95.9Hz   1x70mm     93 mm 
    12.3l @  88.6Hz  =>  116.0dB  100W 116.0dB @  90.7Hz   1x70mm     78 mm 
    13.8l @  85.4Hz  =>  115.0dB   79W 116.0dB @  85.7Hz   1x70mm     64 mm 
    15.4l @  82.4Hz  =>  114.0dB   63W 116.0dB @  80.9Hz   1x70mm     52 mm 
1.00  94.8dB --------------------------------------------------------------
     8.5l @  99.6Hz  =>  119.2dB  214W 115.9dB @ 108.8Hz   1x70mm    135 mm 
     9.6l @  96.0Hz  =>  118.2dB  171W 115.9dB @ 102.8Hz   1x70mm    115 mm 
    10.7l @  92.6Hz  =>  117.2dB  136W 115.9dB @  97.2Hz   1x70mm     97 mm 
*   12.0l @  89.3Hz  =>  116.2dB  109W 115.9dB @  91.8Hz   1x70mm     81 mm 
    13.4l @  86.1Hz  =>  115.2dB   87W 115.9dB @  86.8Hz   1x70mm     67 mm 
    15.0l @  83.1Hz  =>  114.2dB   69W 115.9dB @  82.0Hz   1x70mm     54 mm 
    16.9l @  80.1Hz  =>  113.3dB   55W 115.9dB @  77.5Hz   1x70mm     43 mm 
