-------------
2118H
      97.0dB                            100W
SplMech  Pmech SplEle     f3

 81.9dB  1016W  71.8dB @  16Hz   42
 83.9dB  1018W  73.8dB @  18Hz   40
 85.7dB  1019W  75.7dB @  20Hz   38
 87.4dB  1021W  77.3dB @  22Hz   36
 88.9dB  1022W  78.8dB @  24Hz   35
 90.3dB  1023W  80.2dB @  26Hz   33
 91.6dB  1024W  81.5dB @  28Hz   32
 92.8dB  1025W  82.7dB @  30Hz   31
 93.9dB  1026W  83.8dB @  32Hz   30
 95.0dB  1027W  84.8dB @  34Hz   29
 95.9dB  1028W  85.8dB @  36Hz   28
 96.9dB  1028W  86.8dB @  38Hz   27
 97.8dB  1029W  87.7dB @  40Hz   26
 98.6dB  1030W  88.5dB @  42Hz   25
 99.4dB  1030W  89.3dB @  44Hz   24
100.2dB  1031W  90.1dB @  46Hz   23
100.9dB  1032W  90.8dB @  48Hz   23
-------------
2118J
      97.0dB                            100W
SplMech  Pmech SplEle     f3

 81.9dB   565W  74.3dB @  16Hz   42
 83.9dB   565W  76.4dB @  18Hz   40
 85.7dB   566W  78.2dB @  20Hz   38
 87.4dB   567W  79.9dB @  22Hz   36
 88.9dB   568W  81.4dB @  24Hz   35
 90.3dB   568W  82.7dB @  26Hz   33
 91.6dB   569W  84.0dB @  28Hz   32
 92.8dB   569W  85.2dB @  30Hz   31
 93.9dB   570W  86.3dB @  32Hz   30
 95.0dB   570W  87.4dB @  34Hz   29
 95.9dB   571W  88.4dB @  36Hz   28
 96.9dB   571W  89.3dB @  38Hz   27
 97.8dB   572W  90.2dB @  40Hz   26
 98.6dB   572W  91.1dB @  42Hz   25
 99.4dB   572W  91.9dB @  44Hz   24
100.2dB   573W  92.6dB @  46Hz   24
100.9dB   573W  93.4dB @  48Hz   23
