-------------
2118H
      97.0dB                            100W
Rpre   Spl      qtc    Vb     SplMech Pmech SplEle      f3

0.20  95.0dB:   0.5   14.0l: (123.4dB   994W 113.4dB) @ 174Hz
                0.6    7.4l: (122.3dB   788W 113.4dB) @ 164Hz
                0.7    4.8l: (122.4dB   797W 113.4dB) @ 165Hz
                0.8    3.4l: (123.8dB  1103W 113.4dB) @ 179Hz
                0.9    2.6l: (124.3dB  1232W 113.4dB) @ 184Hz
                1.0    2.0l: (124.8dB  1402W 113.4dB) @ 190Hz
                1.1    1.6l: (125.6dB  1667W 113.4dB) @ 198Hz
                1.1    1.6l: (122.7dB   864W 113.4dB) @ 168Hz (  239uF)

0.60  94.7dB:   0.5   17.9l: (122.4dB   845W 113.1dB) @ 165Hz
                0.6    8.9l: (121.3dB   670W 113.1dB) @ 155Hz
                0.7    5.6l: (121.4dB   677W 113.1dB) @ 156Hz
                0.8    3.9l: (122.8dB   937W 113.1dB) @ 169Hz
                0.9    2.9l: (123.3dB  1048W 113.1dB) @ 174Hz
                1.0    2.3l: (123.8dB  1192W 113.1dB) @ 179Hz
                1.1    1.8l: (124.6dB  1417W 113.1dB) @ 187Hz
                1.1    1.8l: (121.7dB   735W 113.1dB) @ 159Hz (  253uF)

1.00  94.4dB:   0.5   23.2l: (121.4dB   728W 112.8dB) @ 156Hz
                0.6   10.7l: (120.4dB   576W 112.8dB) @ 147Hz
                0.7    6.5l: (120.5dB   583W 112.8dB) @ 148Hz
                0.8    4.5l: (121.9dB   807W 112.8dB) @ 160Hz
                0.9    3.3l: (122.4dB   902W 112.8dB) @ 165Hz
                1.0    2.6l: (122.9dB  1026W 112.8dB) @ 170Hz
                1.1    2.1l: (123.7dB  1220W 112.8dB) @ 178Hz
                1.1    2.1l: (120.8dB   632W 112.8dB) @ 151Hz (  267uF)

-------------
2118J
      97.0dB                            100W
Rpre   Spl      qtc    Vb     SplMech Pmech SplEle      f3

0.20  95.1dB:   0.5   13.2l: (123.6dB   552W 116.2dB) @ 177Hz
                0.6    7.1l: (122.6dB   438W 116.2dB) @ 167Hz
                0.7    4.6l: (122.6dB   443W 116.2dB) @ 167Hz
                0.8    3.3l: (124.0dB   613W 116.2dB) @ 181Hz
                0.9    2.5l: (124.5dB   685W 116.2dB) @ 187Hz
                1.0    1.9l: (125.1dB   779W 116.2dB) @ 193Hz
                1.1    1.6l: (125.8dB   926W 116.2dB) @ 201Hz
                1.1    1.6l: (123.0dB   480W 116.2dB) @ 171Hz (  126uF)

0.60  94.9dB:   0.5   15.0l: (123.0dB   505W 116.0dB) @ 171Hz
                0.6    7.9l: (122.0dB   400W 116.0dB) @ 162Hz
                0.7    5.0l: (122.1dB   405W 116.0dB) @ 162Hz
                0.8    3.6l: (123.5dB   560W 116.0dB) @ 176Hz
                0.9    2.7l: (124.0dB   626W 116.0dB) @ 181Hz
                1.0    2.1l: (124.5dB   712W 116.0dB) @ 187Hz
                1.1    1.7l: (125.3dB   846W 116.0dB) @ 195Hz
                1.1    1.7l: (122.4dB   439W 116.0dB) @ 165Hz (  130uF)

1.00  94.8dB:   0.5   17.1l: (122.5dB   463W 115.9dB) @ 166Hz
                0.6    8.7l: (121.5dB   367W 115.9dB) @ 157Hz
                0.7    5.5l: (121.6dB   371W 115.9dB) @ 157Hz
                0.8    3.8l: (123.0dB   514W 115.9dB) @ 170Hz
                0.9    2.9l: (123.4dB   574W 115.9dB) @ 175Hz
                1.0    2.2l: (124.0dB   653W 115.9dB) @ 181Hz
                1.1    1.8l: (124.8dB   777W 115.9dB) @ 189Hz
                1.1    1.8l: (121.9dB   403W 115.9dB) @ 160Hz (  134uF)

