-------------
C104   
            87.0dB           150W      1x100mm
   fu     fb      fo      SplMech  Vb1     Vb2       d         l        C
 13.6Hz  28Hz   59Hz   94.1dB -821l +  28l  * 1x50mm   2658mm
 14.9Hz  30Hz   60Hz   95.7dB 1895l +  28l  * 1x50mm   2369mm
 16.3Hz  32Hz   61Hz   97.3dB  402l +  28l  * 1x50mm   2111mm
 17.9Hz  34Hz   63Hz   98.8dB  214l +  28l  * 1x50mm   1882mm
 19.5Hz  36Hz   65Hz  100.4dB  140l +  28l  * 1x50mm   1677mm
 21.3Hz  38Hz   66Hz  101.9dB  101l +  28l  * 1x50mm   1495mm
 23.2Hz  40Hz   68Hz  103.4dB   77l +  28l  * 1x50mm   1332mm
 25.3Hz  42Hz   70Hz  104.9dB   61l +  28l  * 1x50mm   1187mm
 27.5Hz  45Hz   73Hz  106.3dB   49l +  28l  * 1x50mm   1058mm
 29.9Hz  47Hz   75Hz  107.8dB   40l +  28l  * 1x50mm    943mm
 32.5Hz  50Hz   78Hz  109.2dB   34l +  28l  * 1x50mm    841mm
 35.2Hz  53Hz   80Hz  110.6dB   28l +  28l  * 1x50mm    749mm
 38.1Hz  55Hz   83Hz  112.0dB   26l +  28l  * 1x50mm    702mm
 41.2Hz  60Hz   86Hz  113.3dB   21l +  28l  * 1x50mm    595mm
 44.5Hz  63Hz   90Hz  114.7dB   18l +  28l  * 1x50mm    530mm
 48.1Hz  67Hz   93Hz  116.0dB   15l +  28l  * 1x50mm    473mm
 51.8Hz  71Hz   97Hz  117.3dB   13l +  28l  * 1x50mm    421mm
 13.6Hz  33Hz   59Hz   94.1dB  253l +  20l  * 1x50mm   2658mm
 14.9Hz  35Hz   60Hz   95.7dB  158l +  20l  * 1x50mm   2369mm
 16.3Hz  37Hz   61Hz   97.3dB  111l +  20l  * 1x50mm   2111mm
 17.9Hz  39Hz   63Hz   98.8dB   83l +  20l  * 1x50mm   1882mm
 19.5Hz  41Hz   65Hz  100.4dB   65l +  20l  * 1x50mm   1677mm
 21.3Hz  44Hz   66Hz  101.9dB   52l +  20l  * 1x50mm   1495mm
 23.2Hz  47Hz   68Hz  103.4dB   43l +  20l  * 1x50mm   1332mm
 25.3Hz  49Hz   70Hz  104.9dB   36l +  20l  * 1x50mm   1187mm
 27.5Hz  52Hz   73Hz  106.3dB   30l +  20l  * 1x50mm   1058mm
 29.9Hz  55Hz   75Hz  107.8dB   25l +  20l  * 1x50mm    943mm
 32.5Hz  59Hz   78Hz  109.2dB   22l +  20l  * 1x50mm    841mm
 35.2Hz  53Hz   80Hz  110.6dB   28l +  20l  * 1x50mm   1020mm
 38.1Hz  55Hz   83Hz  112.0dB   26l +  20l  * 1x50mm    955mm
 41.2Hz  60Hz   86Hz  113.3dB   21l +  20l  * 1x50mm    810mm
 38.3Hz  63Hz   90Hz  112.1dB   18l +  20l  * 1x50mm    722mm
 41.8Hz  67Hz   93Hz  113.6dB   15l +  20l  * 1x50mm    643mm
 51.8Hz  71Hz   97Hz  117.3dB   13l +  20l  * 1x50mm    573mm
 16.3Hz  40Hz   96Hz   97.2dB   80l +  14l  * 1x50mm   2658mm
 18.0Hz  42Hz   98Hz   98.9dB   63l +  14l  * 1x50mm   2369mm
 19.8Hz  44Hz   99Hz  100.6dB   51l +  14l  * 1x50mm   2112mm
 21.8Hz  47Hz  101Hz  102.3dB   42l +  14l  * 1x50mm   1882mm
 23.9Hz  50Hz  104Hz  103.9dB   35l +  14l  * 1x50mm   1677mm
 26.2Hz  53Hz  106Hz  105.5dB   29l +  14l  * 1x50mm   1495mm
 28.7Hz  56Hz  108Hz  107.1dB   25l +  14l  * 1x50mm   1332mm
 31.5Hz  59Hz  111Hz  108.7dB   21l +  14l  * 1x50mm   1187mm
 34.4Hz  63Hz  114Hz  110.2dB   18l +  14l  * 1x50mm   1058mm
 37.6Hz  66Hz  117Hz  111.7dB   16l +  14l  * 1x50mm    943mm
 41.0Hz  70Hz  121Hz  113.2dB   14l +  14l  * 1x50mm    841mm
 44.6Hz  74Hz  124Hz  114.7dB   12l +  14l  * 1x50mm    749mm
 48.5Hz  79Hz  128Hz  116.2dB   10l +  14l  * 1x50mm    668mm
 52.7Hz  84Hz  132Hz  117.6dB    9l +  14l  * 1x50mm    595mm
 57.2Hz  88Hz  137Hz  119.0dB    8l +  14l  * 1x50mm    530mm
 62.0Hz  94Hz  142Hz  120.4dB    7l +  14l  * 1x50mm    473mm
 67.1Hz  99Hz  147Hz  121.8dB    6l +  14l  * 1x50mm    421mm
-------------
C108   
            87.0dB           150W      1x100mm
   fu     fb      fo      SplMech  Vb1     Vb2       d         l        C
 13.9Hz  29Hz   60Hz   94.5dB -1831l +  27l  * 1x50mm   2658mm
 15.2Hz  31Hz   61Hz   96.1dB  780l +  27l  * 1x50mm   2369mm
 16.7Hz  32Hz   63Hz   97.7dB  300l +  27l  * 1x50mm   2111mm
 18.3Hz  34Hz   64Hz   99.2dB  178l +  27l  * 1x50mm   1882mm
 20.0Hz  36Hz   66Hz  100.8dB  122l +  27l  * 1x50mm   1677mm
 21.8Hz  39Hz   68Hz  102.3dB   90l +  27l  * 1x50mm   1495mm
 23.8Hz  41Hz   70Hz  103.8dB   70l +  27l  * 1x50mm   1332mm
 25.9Hz  43Hz   72Hz  105.3dB   56l +  27l  * 1x50mm   1187mm
 28.2Hz  46Hz   74Hz  106.7dB   45l +  27l  * 1x50mm   1058mm
 30.6Hz  48Hz   77Hz  108.2dB   37l +  27l  * 1x50mm    943mm
 33.2Hz  51Hz   79Hz  109.6dB   31l +  27l  * 1x50mm    841mm
 36.0Hz  54Hz   82Hz  111.0dB   27l +  27l  * 1x50mm    749mm
 39.0Hz  56Hz   85Hz  112.4dB   24l +  27l  * 1x50mm    702mm
 42.2Hz  61Hz   88Hz  113.7dB   19l +  27l  * 1x50mm    595mm
 45.6Hz  65Hz   92Hz  115.1dB   17l +  27l  * 1x50mm    530mm
 49.2Hz  68Hz   95Hz  116.4dB   15l +  27l  * 1x50mm    473mm
 53.0Hz  73Hz   99Hz  117.7dB   13l +  27l  * 1x50mm    421mm
 13.9Hz  34Hz   60Hz   94.5dB  206l +  20l  * 1x50mm   2658mm
 15.2Hz  36Hz   61Hz   96.1dB  136l +  20l  * 1x50mm   2369mm
 16.7Hz  38Hz   63Hz   97.7dB   99l +  20l  * 1x50mm   2111mm
 18.3Hz  40Hz   64Hz   99.2dB   75l +  20l  * 1x50mm   1882mm
 20.0Hz  42Hz   66Hz  100.8dB   60l +  20l  * 1x50mm   1677mm
 21.8Hz  45Hz   68Hz  102.3dB   48l +  20l  * 1x50mm   1495mm
 23.8Hz  48Hz   70Hz  103.8dB   40l +  20l  * 1x50mm   1332mm
 25.9Hz  50Hz   72Hz  105.3dB   33l +  20l  * 1x50mm   1187mm
 28.2Hz  53Hz   74Hz  106.7dB   28l +  20l  * 1x50mm   1058mm
 30.6Hz  57Hz   77Hz  108.2dB   24l +  20l  * 1x50mm    943mm
 33.2Hz  60Hz   79Hz  109.6dB   20l +  20l  * 1x50mm    841mm
 36.0Hz  54Hz   82Hz  111.0dB   27l +  20l  * 1x50mm   1020mm
 39.0Hz  56Hz   85Hz  112.4dB   24l +  20l  * 1x50mm    955mm
 42.2Hz  61Hz   88Hz  113.7dB   19l +  20l  * 1x50mm    810mm
 39.2Hz  65Hz   92Hz  112.5dB   17l +  20l  * 1x50mm    722mm
 42.8Hz  68Hz   95Hz  114.0dB   15l +  20l  * 1x50mm    643mm
 53.0Hz  73Hz   99Hz  117.7dB   13l +  20l  * 1x50mm    573mm
 16.7Hz  40Hz   98Hz   97.6dB   72l +  14l  * 1x50mm   2658mm
 18.4Hz  43Hz  100Hz   99.3dB   57l +  14l  * 1x50mm   2369mm
 20.2Hz  45Hz  102Hz  101.0dB   47l +  14l  * 1x50mm   2112mm
 22.3Hz  48Hz  104Hz  102.6dB   39l +  14l  * 1x50mm   1882mm
 24.5Hz  51Hz  106Hz  104.3dB   32l +  14l  * 1x50mm   1677mm
 26.8Hz  54Hz  108Hz  105.9dB   27l +  14l  * 1x50mm   1495mm
 29.4Hz  57Hz  111Hz  107.5dB   23l +  14l  * 1x50mm   1332mm
 32.2Hz  60Hz  114Hz  109.1dB   20l +  14l  * 1x50mm   1187mm
 35.2Hz  64Hz  117Hz  110.6dB   17l +  14l  * 1x50mm   1058mm
 38.4Hz  68Hz  120Hz  112.1dB   15l +  14l  * 1x50mm    943mm
 41.9Hz  72Hz  123Hz  113.6dB   13l +  14l  * 1x50mm    841mm
 45.6Hz  76Hz  127Hz  115.1dB   11l +  14l  * 1x50mm    749mm
 49.6Hz  81Hz  131Hz  116.6dB   10l +  14l  * 1x50mm    668mm
 53.9Hz  85Hz  135Hz  118.0dB    9l +  14l  * 1x50mm    595mm
 58.5Hz  91Hz  140Hz  119.4dB    8l +  14l  * 1x50mm    530mm
 63.4Hz  96Hz  145Hz  120.8dB    7l +  14l  * 1x50mm    473mm
 68.7Hz 102Hz  150Hz  122.2dB    6l +  14l  * 1x50mm    421mm
-------------
C124   
            89.0dB           150W      2x100mm
   fu     fb      fo      SplMech  Vb1     Vb2       d         l        C
 12.8Hz  27Hz   55Hz   96.1dB 84013l +  51l  * 1x70mm   3226mm
 14.0Hz  28Hz   56Hz   97.7dB 1035l +  51l  * 1x70mm   2875mm
 15.3Hz  30Hz   58Hz   99.3dB  491l +  51l  * 1x70mm   2563mm
 16.8Hz  32Hz   59Hz  100.9dB  309l +  51l  * 1x70mm   2284mm
 18.3Hz  33Hz   61Hz  102.4dB  218l +  51l  * 1x70mm   2036mm
 20.0Hz  35Hz   62Hz  104.0dB  164l +  51l  * 1x70mm   1814mm
 21.8Hz  37Hz   64Hz  105.5dB  128l +  51l  * 1x70mm   1617mm
 23.8Hz  40Hz   66Hz  106.9dB  103l +  51l  * 1x70mm   1441mm
 25.9Hz  42Hz   68Hz  108.4dB   84l +  51l  * 1x70mm   1284mm
 28.1Hz  45Hz   71Hz  109.8dB   70l +  51l  * 1x70mm   1145mm
 30.5Hz  47Hz   73Hz  111.3dB   59l +  51l  * 1x70mm   1020mm
 33.1Hz  50Hz   75Hz  112.7dB   50l +  51l  * 1x70mm    909mm
 35.8Hz  52Hz   78Hz  114.0dB   46l +  51l  * 1x70mm    852mm
 38.7Hz  56Hz   81Hz  115.4dB   37l +  51l  * 1x70mm    722mm
 41.8Hz  59Hz   84Hz  116.8dB   32l +  51l  * 1x70mm    644mm
 45.2Hz  63Hz   88Hz  118.1dB   28l +  51l  * 1x70mm    574mm
 48.7Hz  67Hz   91Hz  119.4dB   24l +  51l  * 1x70mm    511mm
 12.8Hz  31Hz   55Hz   96.1dB  353l +  37l  * 1x70mm   3226mm
 14.0Hz  33Hz   56Hz   97.7dB  242l +  37l  * 1x70mm   2875mm
 15.3Hz  35Hz   58Hz   99.3dB  179l +  37l  * 1x70mm   2562mm
 16.8Hz  37Hz   59Hz  100.9dB  138l +  37l  * 1x70mm   2284mm
 18.3Hz  39Hz   61Hz  102.4dB  110l +  37l  * 1x70mm   2036mm
 20.0Hz  41Hz   62Hz  104.0dB   90l +  37l  * 1x70mm   1814mm
 21.8Hz  44Hz   64Hz  105.5dB   74l +  37l  * 1x70mm   1617mm
 23.8Hz  46Hz   66Hz  106.9dB   62l +  37l  * 1x70mm   1441mm
 25.9Hz  49Hz   68Hz  108.4dB   53l +  37l  * 1x70mm   1285mm
 28.1Hz  52Hz   71Hz  109.8dB   45l +  37l  * 1x70mm   1145mm
 30.5Hz  55Hz   73Hz  111.3dB   39l +  37l  * 1x70mm   1020mm
 33.1Hz  50Hz   75Hz  112.7dB   50l +  37l  * 1x70mm   1238mm
 35.8Hz  52Hz   78Hz  114.0dB   46l +  37l  * 1x70mm   1159mm
 38.7Hz  56Hz   81Hz  115.4dB   37l +  37l  * 1x70mm    983mm
 36.0Hz  59Hz   84Hz  114.1dB   32l +  37l  * 1x70mm    876mm
 39.3Hz  63Hz   88Hz  115.7dB   28l +  37l  * 1x70mm    781mm
 48.7Hz  67Hz   91Hz  119.4dB   24l +  37l  * 1x70mm    696mm
 15.3Hz  37Hz   90Hz   99.3dB  133l +  26l  * 1x70mm   3226mm
 16.9Hz  39Hz   92Hz  101.0dB  106l +  26l  * 1x70mm   2876mm
 18.6Hz  42Hz   93Hz  102.7dB   87l +  26l  * 1x70mm   2563mm
 20.4Hz  44Hz   95Hz  104.3dB   72l +  26l  * 1x70mm   2284mm
 22.5Hz  47Hz   97Hz  105.9dB   61l +  26l  * 1x70mm   2036mm
 24.6Hz  50Hz   99Hz  107.6dB   51l +  26l  * 1x70mm   1814mm
 27.0Hz  52Hz  102Hz  109.2dB   44l +  26l  * 1x70mm   1617mm
 29.6Hz  56Hz  104Hz  110.7dB   38l +  26l  * 1x70mm   1441mm
 32.3Hz  59Hz  107Hz  112.3dB   33l +  26l  * 1x70mm   1284mm
 35.3Hz  62Hz  110Hz  113.8dB   28l +  26l  * 1x70mm   1145mm
 38.5Hz  66Hz  113Hz  115.3dB   25l +  26l  * 1x70mm   1020mm
 41.9Hz  70Hz  117Hz  116.8dB   21l +  26l  * 1x70mm    909mm
 45.6Hz  74Hz  120Hz  118.2dB   19l +  26l  * 1x70mm    810mm
 49.5Hz  78Hz  124Hz  119.7dB   16l +  26l  * 1x70mm    722mm
 53.7Hz  83Hz  129Hz  121.1dB   14l +  26l  * 1x70mm    644mm
 58.3Hz  88Hz  133Hz  122.5dB   13l +  26l  * 1x70mm    574mm
 63.1Hz  93Hz  138Hz  123.9dB   11l +  26l  * 1x70mm    511mm
-------------
C128   
            89.0dB           150W      2x100mm
   fu     fb      fo      SplMech  Vb1     Vb2       d         l        C
 13.0Hz  27Hz   56Hz   96.5dB 2632l +  49l  * 1x70mm   3226mm
 14.3Hz  29Hz   58Hz   98.1dB  725l +  49l  * 1x70mm   2875mm
 15.7Hz  30Hz   59Hz   99.7dB  400l +  49l  * 1x70mm   2563mm
 17.2Hz  32Hz   61Hz  101.3dB  266l +  49l  * 1x70mm   2284mm
 18.8Hz  34Hz   62Hz  102.8dB  193l +  49l  * 1x70mm   2036mm
 20.5Hz  36Hz   64Hz  104.4dB  148l +  49l  * 1x70mm   1814mm
 22.3Hz  38Hz   66Hz  105.9dB  117l +  49l  * 1x70mm   1617mm
 24.3Hz  41Hz   68Hz  107.3dB   95l +  49l  * 1x70mm   1441mm
 26.5Hz  43Hz   70Hz  108.8dB   78l +  49l  * 1x70mm   1284mm
 28.8Hz  46Hz   72Hz  110.2dB   65l +  49l  * 1x70mm   1145mm
 31.2Hz  48Hz   75Hz  111.7dB   55l +  49l  * 1x70mm   1020mm
 33.8Hz  51Hz   77Hz  113.1dB   47l +  49l  * 1x70mm    909mm
 36.6Hz  53Hz   80Hz  114.4dB   43l +  49l  * 1x70mm    852mm
 39.6Hz  57Hz   83Hz  115.8dB   35l +  49l  * 1x70mm    722mm
 42.8Hz  61Hz   86Hz  117.2dB   30l +  49l  * 1x70mm    644mm
 46.2Hz  64Hz   90Hz  118.5dB   26l +  49l  * 1x70mm    574mm
 49.8Hz  68Hz   93Hz  119.8dB   23l +  49l  * 1x70mm    511mm
 13.0Hz  32Hz   56Hz   96.5dB  300l +  36l  * 1x70mm   3226mm
 14.3Hz  34Hz   58Hz   98.1dB  213l +  36l  * 1x70mm   2875mm
 15.7Hz  36Hz   59Hz   99.7dB  161l +  36l  * 1x70mm   2562mm
 17.2Hz  38Hz   61Hz  101.3dB  126l +  36l  * 1x70mm   2284mm
 18.8Hz  40Hz   62Hz  102.8dB  101l +  36l  * 1x70mm   2036mm
 20.5Hz  42Hz   64Hz  104.4dB   83l +  36l  * 1x70mm   1814mm
 22.3Hz  45Hz   66Hz  105.9dB   69l +  36l  * 1x70mm   1617mm
 24.3Hz  47Hz   68Hz  107.3dB   58l +  36l  * 1x70mm   1441mm
 26.5Hz  50Hz   70Hz  108.8dB   50l +  36l  * 1x70mm   1285mm
 28.8Hz  53Hz   72Hz  110.2dB   42l +  36l  * 1x70mm   1145mm
 31.2Hz  56Hz   75Hz  111.7dB   36l +  36l  * 1x70mm   1020mm
 33.8Hz  51Hz   77Hz  113.1dB   47l +  36l  * 1x70mm   1238mm
 36.6Hz  53Hz   80Hz  114.4dB   43l +  36l  * 1x70mm   1159mm
 39.6Hz  57Hz   83Hz  115.8dB   35l +  36l  * 1x70mm    983mm
 36.8Hz  61Hz   86Hz  114.5dB   30l +  36l  * 1x70mm    876mm
 40.2Hz  64Hz   90Hz  116.1dB   26l +  36l  * 1x70mm    781mm
 49.8Hz  68Hz   93Hz  119.8dB   23l +  36l  * 1x70mm    696mm
 15.7Hz  38Hz   92Hz   99.7dB  121l +  25l  * 1x70mm   3226mm
 17.3Hz  40Hz   94Hz  101.4dB   98l +  25l  * 1x70mm   2876mm
 19.0Hz  43Hz   96Hz  103.0dB   81l +  25l  * 1x70mm   2563mm
 20.9Hz  45Hz   97Hz  104.7dB   67l +  25l  * 1x70mm   2284mm
 23.0Hz  48Hz  100Hz  106.3dB   57l +  25l  * 1x70mm   2036mm
 25.2Hz  51Hz  102Hz  108.0dB   48l +  25l  * 1x70mm   1814mm
 27.6Hz  54Hz  104Hz  109.5dB   41l +  25l  * 1x70mm   1617mm
 30.3Hz  57Hz  107Hz  111.1dB   36l +  25l  * 1x70mm   1441mm
 33.1Hz  60Hz  110Hz  112.7dB   31l +  25l  * 1x70mm   1284mm
 36.1Hz  64Hz  113Hz  114.2dB   27l +  25l  * 1x70mm   1145mm
 39.4Hz  68Hz  116Hz  115.7dB   23l +  25l  * 1x70mm   1020mm
 42.9Hz  72Hz  119Hz  117.2dB   20l +  25l  * 1x70mm    909mm
 46.6Hz  76Hz  123Hz  118.6dB   18l +  25l  * 1x70mm    810mm
 50.7Hz  80Hz  127Hz  120.1dB   16l +  25l  * 1x70mm    722mm
 55.0Hz  85Hz  132Hz  121.5dB   14l +  25l  * 1x70mm    644mm
 59.6Hz  90Hz  136Hz  122.9dB   12l +  25l  * 1x70mm    574mm
 64.5Hz  95Hz  141Hz  124.3dB   11l +  25l  * 1x70mm    511mm
-------------
C154   
            90.0dB           250W      2x100mm
   fu     fb      fo      SplMech  Vb1     Vb2       d         l        C
 11.6Hz  24Hz   50Hz  100.2dB 1136l +  87l  * 1x70mm   2264mm
 12.7Hz  26Hz   51Hz  101.8dB  696l +  87l  * 1x70mm   2018mm
 14.0Hz  27Hz   53Hz  103.4dB  485l +  87l  * 1x70mm   1798mm
 15.3Hz  29Hz   54Hz  105.0dB  362l +  87l  * 1x70mm   1603mm
 16.7Hz  30Hz   55Hz  106.5dB  282l +  87l  * 1x70mm   1429mm
 18.2Hz  32Hz   57Hz  108.1dB  226l +  87l  * 1x70mm   1273mm
 19.9Hz  34Hz   59Hz  109.6dB  185l +  87l  * 1x70mm   1135mm
 21.7Hz  36Hz   60Hz  111.1dB  153l +  87l  * 1x70mm   1011mm
 23.6Hz  38Hz   62Hz  112.5dB  129l +  87l  * 1x70mm    901mm
 25.6Hz  41Hz   64Hz  114.0dB  109l +  87l  * 1x70mm    803mm
 27.8Hz  43Hz   66Hz  115.4dB   93l +  87l  * 1x70mm    716mm
 30.1Hz  46Hz   69Hz  116.8dB   80l +  87l  * 1x70mm    638mm
 32.6Hz  47Hz   71Hz  118.2dB   74l +  87l  * 1x70mm    598mm
 35.3Hz  51Hz   74Hz  119.5dB   60l +  87l  * 1x70mm    507mm
 38.1Hz  54Hz   77Hz  120.9dB   52l +  87l  * 1x70mm    452mm
 41.1Hz  57Hz   80Hz  122.2dB   46l +  87l  * 1x70mm    403mm
 44.4Hz  61Hz   83Hz  123.5dB   40l +  87l  - 1x100mm   732mm
 11.6Hz  28Hz   50Hz  100.2dB  396l +  64l  * 1x70mm   2264mm
 12.7Hz  30Hz   51Hz  101.8dB  305l +  64l  * 1x70mm   2018mm
 14.0Hz  32Hz   53Hz  103.4dB  242l +  64l  * 1x70mm   1798mm
 15.3Hz  33Hz   54Hz  105.0dB  197l +  64l  * 1x70mm   1603mm
 16.7Hz  35Hz   55Hz  106.5dB  163l +  64l  * 1x70mm   1429mm
 18.2Hz  38Hz   57Hz  108.1dB  136l +  64l  * 1x70mm   1273mm
 19.9Hz  40Hz   59Hz  109.6dB  115l +  64l  * 1x70mm   1135mm
 21.7Hz  42Hz   60Hz  111.1dB   98l +  64l  * 1x70mm   1011mm
 23.6Hz  45Hz   62Hz  112.5dB   84l +  64l  * 1x70mm    901mm
 25.6Hz  47Hz   64Hz  114.0dB   72l +  64l  * 1x70mm    803mm
 27.8Hz  50Hz   66Hz  115.4dB   63l +  64l  * 1x70mm    716mm
 30.1Hz  46Hz   69Hz  116.8dB   80l +  64l  * 1x70mm    869mm
 32.6Hz  47Hz   71Hz  118.2dB   74l +  64l  * 1x70mm    814mm
 35.3Hz  51Hz   74Hz  119.5dB   60l +  64l  * 1x70mm    690mm
 32.8Hz  54Hz   77Hz  118.2dB   52l +  64l  * 1x70mm    615mm
 35.8Hz  57Hz   80Hz  119.8dB   46l +  64l  * 1x70mm    548mm
 44.4Hz  61Hz   83Hz  123.5dB   40l +  64l  * 1x70mm    488mm
 13.9Hz  34Hz   82Hz  103.4dB  190l +  45l  * 1x70mm   2264mm
 15.4Hz  36Hz   84Hz  105.1dB  158l +  45l  * 1x70mm   2018mm
 16.9Hz  38Hz   85Hz  106.8dB  132l +  45l  * 1x70mm   1799mm
 18.6Hz  40Hz   87Hz  108.4dB  112l +  45l  * 1x70mm   1603mm
 20.5Hz  43Hz   89Hz  110.1dB   95l +  45l  * 1x70mm   1429mm
 22.5Hz  45Hz   91Hz  111.7dB   82l +  45l  * 1x70mm   1273mm
 24.6Hz  48Hz   93Hz  113.3dB   71l +  45l  * 1x70mm   1135mm
 26.9Hz  51Hz   95Hz  114.8dB   61l +  45l  * 1x70mm   1011mm
 29.4Hz  54Hz   98Hz  116.4dB   53l +  45l  * 1x70mm    901mm
 32.1Hz  57Hz  100Hz  117.9dB   47l +  45l  * 1x70mm    803mm
 35.1Hz  60Hz  103Hz  119.4dB   41l +  45l  * 1x70mm    716mm
 38.2Hz  64Hz  106Hz  120.9dB   36l +  45l  * 1x70mm    638mm
 41.5Hz  67Hz  110Hz  122.4dB   31l +  45l  * 1x70mm    569mm
 45.1Hz  71Hz  113Hz  123.8dB   28l +  45l  * 1x70mm    507mm
 49.0Hz  76Hz  117Hz  125.2dB   24l +  45l  * 1x70mm    452mm
 53.1Hz  80Hz  121Hz  126.6dB   21l +  45l  * 1x70mm    403mm
 57.5Hz  85Hz  126Hz  128.0dB   19l +  45l  - 1x100mm   732mm
-------------
C158   
            90.0dB           250W      2x100mm
   fu     fb      fo      SplMech  Vb1     Vb2       d         l        C
 11.9Hz  25Hz   51Hz  100.6dB  911l +  83l  * 1x70mm   2264mm
 13.0Hz  26Hz   53Hz  102.2dB  595l +  83l  * 1x70mm   2018mm
 14.3Hz  28Hz   54Hz  103.8dB  429l +  83l  * 1x70mm   1798mm
 15.6Hz  29Hz   55Hz  105.4dB  326l +  83l  * 1x70mm   1603mm
 17.1Hz  31Hz   57Hz  106.9dB  257l +  83l  * 1x70mm   1429mm
 18.7Hz  33Hz   58Hz  108.5dB  208l +  83l  * 1x70mm   1273mm
 20.4Hz  35Hz   60Hz  110.0dB  171l +  83l  * 1x70mm   1135mm
 22.2Hz  37Hz   62Hz  111.5dB  143l +  83l  * 1x70mm   1011mm
 24.1Hz  39Hz   64Hz  112.9dB  120l +  83l  * 1x70mm    901mm
 26.2Hz  42Hz   66Hz  114.4dB  102l +  83l  * 1x70mm    803mm
 28.4Hz  44Hz   68Hz  115.8dB   88l +  83l  * 1x70mm    716mm
 30.8Hz  47Hz   70Hz  117.2dB   75l +  83l  * 1x70mm    638mm
 33.4Hz  48Hz   73Hz  118.6dB   69l +  83l  * 1x70mm    598mm
 36.1Hz  52Hz   76Hz  119.9dB   57l +  83l  * 1x70mm    507mm
 39.0Hz  55Hz   79Hz  121.3dB   49l +  83l  * 1x70mm    452mm
 42.1Hz  59Hz   82Hz  122.6dB   43l +  83l  * 1x70mm    403mm
 45.4Hz  62Hz   85Hz  123.9dB   38l +  83l  - 1x100mm   732mm
 11.9Hz  29Hz   51Hz  100.6dB  355l +  61l  * 1x70mm   2264mm
 13.0Hz  31Hz   53Hz  102.2dB  277l +  61l  * 1x70mm   2018mm
 14.3Hz  32Hz   54Hz  103.8dB  222l +  61l  * 1x70mm   1798mm
 15.6Hz  34Hz   55Hz  105.4dB  182l +  61l  * 1x70mm   1603mm
 17.1Hz  36Hz   57Hz  106.9dB  151l +  61l  * 1x70mm   1429mm
 18.7Hz  38Hz   58Hz  108.5dB  127l +  61l  * 1x70mm   1273mm
 20.4Hz  41Hz   60Hz  110.0dB  108l +  61l  * 1x70mm   1135mm
 22.2Hz  43Hz   62Hz  111.5dB   92l +  61l  * 1x70mm   1011mm
 24.1Hz  46Hz   64Hz  112.9dB   79l +  61l  * 1x70mm    901mm
 26.2Hz  48Hz   66Hz  114.4dB   68l +  61l  * 1x70mm    803mm
 28.4Hz  51Hz   68Hz  115.8dB   59l +  61l  * 1x70mm    716mm
 30.8Hz  47Hz   70Hz  117.2dB   75l +  61l  * 1x70mm    869mm
 33.4Hz  48Hz   73Hz  118.6dB   69l +  61l  * 1x70mm    814mm
 36.1Hz  52Hz   76Hz  119.9dB   57l +  61l  * 1x70mm    690mm
 33.5Hz  55Hz   79Hz  118.6dB   49l +  61l  * 1x70mm    615mm
 36.6Hz  59Hz   82Hz  120.2dB   43l +  61l  * 1x70mm    548mm
 45.4Hz  62Hz   85Hz  123.9dB   38l +  61l  * 1x70mm    488mm
 14.3Hz  35Hz   84Hz  103.8dB  176l +  43l  * 1x70mm   2264mm
 15.7Hz  37Hz   85Hz  105.5dB  147l +  43l  * 1x70mm   2018mm
 17.3Hz  39Hz   87Hz  107.2dB  123l +  43l  * 1x70mm   1799mm
 19.1Hz  41Hz   89Hz  108.8dB  105l +  43l  * 1x70mm   1603mm
 20.9Hz  44Hz   91Hz  110.5dB   90l +  43l  * 1x70mm   1429mm
 23.0Hz  46Hz   93Hz  112.1dB   77l +  43l  * 1x70mm   1273mm
 25.2Hz  49Hz   95Hz  113.7dB   67l +  43l  * 1x70mm   1135mm
 27.6Hz  52Hz   97Hz  115.2dB   58l +  43l  * 1x70mm   1011mm
 30.1Hz  55Hz  100Hz  116.8dB   50l +  43l  * 1x70mm    901mm
 32.9Hz  58Hz  103Hz  118.3dB   44l +  43l  * 1x70mm    803mm
 35.9Hz  62Hz  106Hz  119.8dB   39l +  43l  * 1x70mm    716mm
 39.1Hz  65Hz  109Hz  121.3dB   34l +  43l  * 1x70mm    638mm
 42.5Hz  69Hz  112Hz  122.8dB   30l +  43l  * 1x70mm    569mm
 46.2Hz  73Hz  116Hz  124.2dB   26l +  43l  * 1x70mm    507mm
 50.1Hz  77Hz  120Hz  125.6dB   23l +  43l  * 1x70mm    452mm
 54.3Hz  82Hz  124Hz  127.0dB   20l +  43l  * 1x70mm    403mm
 58.8Hz  87Hz  129Hz  128.4dB   18l +  43l  - 1x100mm   732mm
-------------
C84    
            86.0dB           100W       1x70mm
   fu     fb      fo      SplMech  Vb1     Vb2       d         l        C
 16.2Hz  34Hz   70Hz   91.2dB  -66l +  11l  * 1x40mm   3005mm
 17.8Hz  36Hz   72Hz   92.8dB  -94l +  11l  * 1x40mm   2678mm
 19.5Hz  38Hz   74Hz   94.4dB -174l +  11l  * 1x40mm   2387mm
 21.4Hz  40Hz   75Hz   95.9dB -5364l +  11l  * 1x40mm   2128mm
 23.4Hz  43Hz   77Hz   97.5dB  165l +  11l  * 1x40mm   1896mm
 25.5Hz  45Hz   79Hz   99.0dB   77l +  11l  * 1x40mm   1690mm
 27.8Hz  48Hz   82Hz  100.5dB   48l +  11l  * 1x40mm   1506mm
 30.3Hz  51Hz   84Hz  102.0dB   34l +  11l  * 1x40mm   1342mm
 32.9Hz  54Hz   87Hz  103.5dB   25l +  11l  * 1x40mm   1196mm
 35.8Hz  57Hz   90Hz  104.9dB   20l +  11l  * 1x40mm   1066mm
 38.8Hz  60Hz   93Hz  106.3dB   16l +  11l  * 1x40mm    950mm
 42.1Hz  64Hz   96Hz  107.7dB   13l +  11l  * 1x40mm    847mm
 45.6Hz  66Hz  100Hz  109.1dB   12l +  11l  * 1x40mm    793mm
 49.3Hz  71Hz  103Hz  110.5dB    9l +  11l  * 1x40mm    673mm
 53.3Hz  76Hz  107Hz  111.8dB    8l +  11l  * 1x40mm    600mm
 57.5Hz  80Hz  111Hz  113.1dB    7l +  11l  * 1x40mm    534mm
 62.0Hz  85Hz  116Hz  114.4dB    6l +  11l  - 1x50mm    744mm
 16.2Hz  39Hz   70Hz   91.2dB -490l +   8l  * 1x40mm   3005mm
 17.8Hz  42Hz   72Hz   92.8dB  251l +   8l  * 1x40mm   2678mm
 19.5Hz  44Hz   74Hz   94.4dB   93l +   8l  * 1x40mm   2387mm
 21.4Hz  47Hz   75Hz   95.9dB   55l +   8l  * 1x40mm   2127mm
 23.4Hz  50Hz   77Hz   97.5dB   37l +   8l  * 1x40mm   1896mm
 25.5Hz  53Hz   79Hz   99.0dB   28l +   8l  * 1x40mm   1690mm
 27.8Hz  56Hz   82Hz  100.5dB   21l +   8l  * 1x40mm   1506mm
 30.3Hz  59Hz   84Hz  102.0dB   17l +   8l  * 1x40mm   1342mm
 32.9Hz  62Hz   87Hz  103.5dB   14l +   8l  * 1x40mm   1196mm
 35.8Hz  66Hz   90Hz  104.9dB   11l +   8l  * 1x40mm   1066mm
 38.8Hz  70Hz   93Hz  106.3dB   10l +   8l  * 1x40mm    950mm
 42.1Hz  64Hz   96Hz  107.7dB   13l +   8l  * 1x40mm   1153mm
 45.6Hz  66Hz  100Hz  109.1dB   12l +   8l  * 1x40mm   1080mm
 49.3Hz  71Hz  103Hz  110.5dB    9l +   8l  * 1x40mm    916mm
 45.8Hz  76Hz  107Hz  109.2dB    8l +   8l  * 1x40mm    816mm
 50.0Hz  80Hz  111Hz  110.7dB    7l +   8l  * 1x40mm    727mm
 62.0Hz  85Hz  116Hz  114.4dB    6l +   8l  * 1x40mm    648mm
 19.5Hz  47Hz  115Hz   94.3dB   51l +   6l  * 1x40mm   3005mm
 21.5Hz  50Hz  117Hz   96.0dB   35l +   6l  * 1x40mm   2679mm
 23.7Hz  53Hz  119Hz   97.7dB   26l +   6l  * 1x40mm   2387mm
 26.0Hz  56Hz  121Hz   99.4dB   20l +   6l  * 1x40mm   2127mm
 28.6Hz  60Hz  124Hz  101.0dB   16l +   6l  * 1x40mm   1896mm
 31.4Hz  63Hz  127Hz  102.6dB   13l +   6l  * 1x40mm   1690mm
 34.4Hz  67Hz  130Hz  104.2dB   11l +   6l  * 1x40mm   1506mm
 37.6Hz  71Hz  133Hz  105.8dB    9l +   6l  * 1x40mm   1342mm
 41.2Hz  75Hz  136Hz  107.3dB    8l +   6l  * 1x40mm   1196mm
 44.9Hz  79Hz  140Hz  108.8dB    7l +   6l  * 1x40mm   1066mm
 49.0Hz  84Hz  144Hz  110.4dB    6l +   6l  * 1x40mm    950mm
 53.4Hz  89Hz  149Hz  111.8dB    5l +   6l  * 1x40mm    847mm
 58.0Hz  94Hz  153Hz  113.3dB    4l +   6l  * 1x40mm    755mm
 63.1Hz 100Hz  158Hz  114.7dB    4l +   6l  * 1x40mm    673mm
 68.4Hz 106Hz  164Hz  116.2dB    3l +   6l  * 1x40mm    600mm
 74.2Hz 112Hz  169Hz  117.6dB    3l +   6l  * 1x40mm    534mm
 80.3Hz 119Hz  176Hz  118.9dB    3l +   6l  - 1x50mm    744mm
-------------
C88    
            86.0dB           100W       1x70mm
   fu     fb      fo      SplMech  Vb1     Vb2       d         l        C
 16.6Hz  35Hz   72Hz   91.6dB  -75l +  11l  * 1x40mm   3005mm
 18.2Hz  37Hz   73Hz   93.2dB -114l +  11l  * 1x40mm   2678mm
 20.0Hz  39Hz   75Hz   94.8dB -277l +  11l  * 1x40mm   2387mm
 21.9Hz  41Hz   77Hz   96.3dB  455l +  11l  * 1x40mm   2128mm
 23.9Hz  43Hz   79Hz   97.9dB  114l +  11l  * 1x40mm   1896mm
 26.1Hz  46Hz   81Hz   99.4dB   62l +  11l  * 1x40mm   1690mm
 28.5Hz  49Hz   84Hz  100.9dB   41l +  11l  * 1x40mm   1506mm
 31.0Hz  52Hz   86Hz  102.4dB   30l +  11l  * 1x40mm   1342mm
 33.7Hz  55Hz   89Hz  103.9dB   23l +  11l  * 1x40mm   1196mm
 36.6Hz  58Hz   92Hz  105.3dB   18l +  11l  * 1x40mm   1066mm
 39.7Hz  61Hz   95Hz  106.7dB   15l +  11l  * 1x40mm    950mm
 43.1Hz  65Hz   98Hz  108.1dB   12l +  11l  * 1x40mm    847mm
 46.6Hz  67Hz  102Hz  109.5dB   11l +  11l  * 1x40mm    793mm
 50.4Hz  73Hz  106Hz  110.9dB    8l +  11l  * 1x40mm    673mm
 54.5Hz  77Hz  110Hz  112.2dB    7l +  11l  * 1x40mm    600mm
 58.8Hz  82Hz  114Hz  113.5dB    6l +  11l  * 1x40mm    534mm
 63.4Hz  87Hz  119Hz  114.8dB    5l +  11l  - 1x50mm    744mm
 16.6Hz  40Hz   72Hz   91.6dB 3842l +   8l  * 1x40mm   3005mm
 18.2Hz  43Hz   73Hz   93.2dB  152l +   8l  * 1x40mm   2678mm
 20.0Hz  45Hz   75Hz   94.8dB   73l +   8l  * 1x40mm   2387mm
 21.9Hz  48Hz   77Hz   96.3dB   46l +   8l  * 1x40mm   2127mm
 23.9Hz  51Hz   79Hz   97.9dB   33l +   8l  * 1x40mm   1896mm
 26.1Hz  54Hz   81Hz   99.4dB   25l +   8l  * 1x40mm   1690mm
 28.5Hz  57Hz   84Hz  100.9dB   19l +   8l  * 1x40mm   1506mm
 31.0Hz  60Hz   86Hz  102.4dB   16l +   8l  * 1x40mm   1342mm
 33.7Hz  64Hz   89Hz  103.9dB   13l +   8l  * 1x40mm   1196mm
 36.6Hz  68Hz   92Hz  105.3dB   11l +   8l  * 1x40mm   1066mm
 39.7Hz  72Hz   95Hz  106.7dB    9l +   8l  * 1x40mm    950mm
 43.1Hz  65Hz   98Hz  108.1dB   12l +   8l  * 1x40mm   1153mm
 46.6Hz  67Hz  102Hz  109.5dB   11l +   8l  * 1x40mm   1080mm
 50.4Hz  73Hz  106Hz  110.9dB    8l +   8l  * 1x40mm    916mm
 46.8Hz  77Hz  110Hz  109.6dB    7l +   8l  * 1x40mm    816mm
 51.2Hz  82Hz  114Hz  111.1dB    6l +   8l  * 1x40mm    727mm
 63.4Hz  87Hz  119Hz  114.8dB    5l +   8l  * 1x40mm    648mm
 19.9Hz  48Hz  117Hz   94.7dB   44l +   5l  * 1x40mm   3005mm
 22.0Hz  51Hz  119Hz   96.4dB   31l +   5l  * 1x40mm   2679mm
 24.2Hz  54Hz  122Hz   98.1dB   24l +   5l  * 1x40mm   2387mm
 26.6Hz  57Hz  124Hz   99.8dB   19l +   5l  * 1x40mm   2127mm
 29.3Hz  61Hz  127Hz  101.4dB   15l +   5l  * 1x40mm   1896mm
 32.1Hz  64Hz  130Hz  103.0dB   12l +   5l  * 1x40mm   1690mm
 35.2Hz  68Hz  133Hz  104.6dB   10l +   5l  * 1x40mm   1506mm
 38.5Hz  72Hz  136Hz  106.2dB    9l +   5l  * 1x40mm   1342mm
 42.1Hz  77Hz  140Hz  107.7dB    7l +   5l  * 1x40mm   1196mm
 46.0Hz  81Hz  143Hz  109.2dB    6l +   5l  * 1x40mm   1066mm
 50.1Hz  86Hz  148Hz  110.8dB    5l +   5l  * 1x40mm    950mm
 54.6Hz  91Hz  152Hz  112.2dB    5l +   5l  * 1x40mm    847mm
 59.4Hz  96Hz  157Hz  113.7dB    4l +   5l  * 1x40mm    755mm
 64.5Hz 102Hz  162Hz  115.1dB    4l +   5l  * 1x40mm    673mm
 70.0Hz 108Hz  167Hz  116.6dB    3l +   5l  * 1x40mm    600mm
 75.9Hz 115Hz  173Hz  118.0dB    3l +   5l  * 1x40mm    534mm
 82.2Hz 121Hz  180Hz  119.3dB    2l +   5l  - 1x50mm    744mm
-------------
CVT102 
            87.0dB           400W      1x100mm
   fu     fb      fo      SplMech  Vb1     Vb2       d         l        C
 14.7Hz  31Hz   64Hz   98.0dB -308l +  17l  * 1x50mm   3730mm
 16.2Hz  32Hz   65Hz   99.6dB -2827l +  17l  * 1x50mm   3324mm
 17.7Hz  34Hz   67Hz  101.2dB  346l +  17l  * 1x50mm   2962mm
 19.4Hz  36Hz   68Hz  102.8dB  153l +  17l  * 1x50mm   2641mm
 21.2Hz  39Hz   70Hz  104.3dB   94l +  17l  * 1x50mm   2353mm
 23.2Hz  41Hz   72Hz  105.8dB   66l +  17l  * 1x50mm   2097mm
 25.3Hz  43Hz   74Hz  107.3dB   49l +  17l  * 1x50mm   1869mm
 27.5Hz  46Hz   77Hz  108.8dB   38l +  17l  * 1x50mm   1666mm
 29.9Hz  49Hz   79Hz  110.3dB   31l +  17l  * 1x50mm   1485mm
 32.5Hz  51Hz   82Hz  111.7dB   25l +  17l  * 1x50mm   1323mm
 35.3Hz  55Hz   84Hz  113.1dB   21l +  17l  * 1x50mm   1180mm
 38.2Hz  58Hz   87Hz  114.5dB   17l +  17l  * 1x50mm   1051mm
 41.4Hz  60Hz   90Hz  115.9dB   16l +  17l  * 1x50mm    985mm
 44.8Hz  65Hz   94Hz  117.3dB   13l +  17l  * 1x50mm    835mm
 48.4Hz  69Hz   97Hz  118.6dB   11l +  17l  * 1x50mm    744mm
 52.2Hz  73Hz  101Hz  120.0dB    9l +  17l  * 1x50mm    663mm
 56.3Hz  77Hz  105Hz  121.3dB    8l +  17l  * 1x50mm    591mm
 14.7Hz  36Hz   64Hz   98.0dB  188l +  12l  * 1x50mm   3730mm
 16.2Hz  38Hz   65Hz   99.6dB  108l +  12l  * 1x50mm   3324mm
 17.7Hz  40Hz   67Hz  101.2dB   73l +  12l  * 1x50mm   2962mm
 19.4Hz  43Hz   68Hz  102.8dB   54l +  12l  * 1x50mm   2641mm
 21.2Hz  45Hz   70Hz  104.3dB   41l +  12l  * 1x50mm   2354mm
 23.2Hz  48Hz   72Hz  105.8dB   33l +  12l  * 1x50mm   2097mm
 25.3Hz  51Hz   74Hz  107.3dB   27l +  12l  * 1x50mm   1869mm
 27.5Hz  54Hz   77Hz  108.8dB   22l +  12l  * 1x50mm   1666mm
 29.9Hz  57Hz   79Hz  110.3dB   18l +  12l  * 1x50mm   1485mm
 32.5Hz  60Hz   82Hz  111.7dB   16l +  12l  * 1x50mm   1323mm
 35.3Hz  64Hz   84Hz  113.1dB   13l +  12l  * 1x50mm   1179mm
 38.2Hz  58Hz   87Hz  114.5dB   17l +  12l  * 1x50mm   1431mm
 41.4Hz  60Hz   90Hz  115.9dB   16l +  12l  * 1x50mm   1340mm
 44.8Hz  65Hz   94Hz  117.3dB   13l +  12l  * 1x50mm   1137mm
 41.6Hz  69Hz   97Hz  116.0dB   11l +  12l  * 1x50mm   1013mm
 45.4Hz  73Hz  101Hz  117.5dB    9l +  12l  * 1x50mm    903mm
 56.3Hz  77Hz  105Hz  121.3dB    8l +  12l  * 1x50mm    805mm
 17.7Hz  43Hz  104Hz  101.1dB   51l +   9l  * 1x50mm   3729mm
 19.5Hz  45Hz  106Hz  102.8dB   40l +   9l  * 1x50mm   3325mm
 21.5Hz  48Hz  108Hz  104.5dB   32l +   9l  * 1x50mm   2963mm
 23.6Hz  51Hz  110Hz  106.2dB   26l +   9l  * 1x50mm   2640mm
 26.0Hz  54Hz  112Hz  107.8dB   21l +   9l  * 1x50mm   2353mm
 28.5Hz  57Hz  115Hz  109.4dB   18l +   9l  * 1x50mm   2097mm
 31.2Hz  61Hz  118Hz  111.0dB   15l +   9l  * 1x50mm   1869mm
 34.2Hz  64Hz  121Hz  112.6dB   13l +   9l  * 1x50mm   1666mm
 37.4Hz  68Hz  124Hz  114.1dB   11l +   9l  * 1x50mm   1485mm
 40.8Hz  72Hz  127Hz  115.7dB   10l +   9l  * 1x50mm   1323mm
 44.5Hz  76Hz  131Hz  117.2dB    8l +   9l  * 1x50mm   1179mm
 48.5Hz  81Hz  135Hz  118.7dB    7l +   9l  * 1x50mm   1051mm
 52.7Hz  86Hz  139Hz  120.1dB    6l +   9l  * 1x50mm    937mm
 57.3Hz  91Hz  144Hz  121.6dB    6l +   9l  * 1x50mm    835mm
 62.2Hz  96Hz  149Hz  123.0dB    5l +   9l  * 1x50mm    744mm
 67.4Hz 102Hz  154Hz  124.4dB    4l +   9l  * 1x50mm    663mm
 72.9Hz 108Hz  159Hz  125.8dB    4l +   9l  * 1x50mm    591mm
-------------
CVT104 
            87.0dB           400W      1x100mm
   fu     fb      fo      SplMech  Vb1     Vb2       d         l        C
 15.4Hz  32Hz   67Hz   98.8dB -950l +  15l  * 1x50mm   3730mm
 16.9Hz  34Hz   68Hz  100.4dB  475l +  15l  * 1x50mm   3324mm
 18.5Hz  36Hz   70Hz  102.0dB  177l +  15l  * 1x50mm   2962mm
 20.3Hz  38Hz   72Hz  103.5dB  104l +  15l  * 1x50mm   2641mm
 22.2Hz  40Hz   73Hz  105.1dB   71l +  15l  * 1x50mm   2353mm
 24.2Hz  43Hz   75Hz  106.6dB   52l +  15l  * 1x50mm   2097mm
 26.4Hz  45Hz   78Hz  108.1dB   40l +  15l  * 1x50mm   1869mm
 28.8Hz  48Hz   80Hz  109.6dB   32l +  15l  * 1x50mm   1666mm
 31.3Hz  51Hz   83Hz  111.0dB   26l +  15l  * 1x50mm   1485mm
 34.0Hz  54Hz   85Hz  112.5dB   22l +  15l  * 1x50mm   1323mm
 36.9Hz  57Hz   88Hz  113.9dB   18l +  15l  * 1x50mm   1180mm
 40.0Hz  60Hz   91Hz  115.3dB   15l +  15l  * 1x50mm   1051mm
 43.3Hz  62Hz   95Hz  116.7dB   14l +  15l  * 1x50mm    985mm
 46.8Hz  68Hz   98Hz  118.0dB   11l +  15l  * 1x50mm    835mm
 50.6Hz  72Hz  102Hz  119.4dB   10l +  15l  * 1x50mm    744mm
 54.6Hz  76Hz  106Hz  120.7dB    8l +  15l  * 1x50mm    663mm
 58.9Hz  81Hz  110Hz  122.0dB    7l +  15l  * 1x50mm    591mm
 15.4Hz  37Hz   67Hz   98.8dB  121l +  11l  * 1x50mm   3730mm
 16.9Hz  40Hz   68Hz  100.4dB   79l +  11l  * 1x50mm   3324mm
 18.5Hz  42Hz   70Hz  102.0dB   57l +  11l  * 1x50mm   2962mm
 20.3Hz  44Hz   72Hz  103.5dB   44l +  11l  * 1x50mm   2641mm
 22.2Hz  47Hz   73Hz  105.1dB   35l +  11l  * 1x50mm   2354mm
 24.2Hz  50Hz   75Hz  106.6dB   28l +  11l  * 1x50mm   2097mm
 26.4Hz  53Hz   78Hz  108.1dB   23l +  11l  * 1x50mm   1869mm
 28.8Hz  56Hz   80Hz  109.6dB   19l +  11l  * 1x50mm   1666mm
 31.3Hz  59Hz   83Hz  111.0dB   16l +  11l  * 1x50mm   1485mm
 34.0Hz  63Hz   85Hz  112.5dB   14l +  11l  * 1x50mm   1323mm
 36.9Hz  66Hz   88Hz  113.9dB   12l +  11l  * 1x50mm   1179mm
 40.0Hz  60Hz   91Hz  115.3dB   15l +  11l  * 1x50mm   1431mm
 43.3Hz  62Hz   95Hz  116.7dB   14l +  11l  * 1x50mm   1340mm
 46.8Hz  68Hz   98Hz  118.0dB   11l +  11l  * 1x50mm   1137mm
 43.5Hz  72Hz  102Hz  116.8dB   10l +  11l  * 1x50mm   1013mm
 47.5Hz  76Hz  106Hz  118.3dB    8l +  11l  * 1x50mm    903mm
 58.9Hz  81Hz  110Hz  122.0dB    7l +  11l  * 1x50mm    805mm
 18.5Hz  45Hz  109Hz  101.9dB   42l +   8l  * 1x50mm   3729mm
 20.4Hz  48Hz  111Hz  103.6dB   33l +   8l  * 1x50mm   3325mm
 22.5Hz  50Hz  113Hz  105.3dB   27l +   8l  * 1x50mm   2963mm
 24.7Hz  53Hz  115Hz  106.9dB   22l +   8l  * 1x50mm   2640mm
 27.1Hz  56Hz  118Hz  108.6dB   19l +   8l  * 1x50mm   2353mm
 29.8Hz  60Hz  120Hz  110.2dB   16l +   8l  * 1x50mm   2097mm
 32.7Hz  63Hz  123Hz  111.8dB   13l +   8l  * 1x50mm   1869mm
 35.7Hz  67Hz  126Hz  113.4dB   12l +   8l  * 1x50mm   1666mm
 39.1Hz  71Hz  129Hz  114.9dB   10l +   8l  * 1x50mm   1485mm
 42.7Hz  75Hz  133Hz  116.4dB    9l +   8l  * 1x50mm   1323mm
 46.5Hz  80Hz  137Hz  117.9dB    7l +   8l  * 1x50mm   1179mm
 50.7Hz  85Hz  141Hz  119.4dB    7l +   8l  * 1x50mm   1051mm
 55.1Hz  90Hz  146Hz  120.9dB    6l +   8l  * 1x50mm    937mm
 59.9Hz  95Hz  150Hz  122.3dB    5l +   8l  * 1x50mm    835mm
 65.0Hz 100Hz  155Hz  123.7dB    4l +   8l  * 1x50mm    744mm
 70.4Hz 106Hz  161Hz  125.1dB    4l +   8l  * 1x50mm    663mm
 76.2Hz 113Hz  167Hz  126.5dB    3l +   8l  * 1x50mm    591mm
-------------
CVT122 
            87.0dB           400W      2x100mm
   fu     fb      fo      SplMech  Vb1     Vb2       d         l        C
 12.3Hz  25Hz   53Hz   97.7dB -162l +  39l  * 1x70mm   4557mm
 13.5Hz  27Hz   54Hz   99.3dB -203l +  39l  * 1x70mm   4061mm
 14.7Hz  29Hz   56Hz  100.9dB -283l +  39l  * 1x70mm   3619mm
 16.1Hz  30Hz   57Hz  102.5dB -508l +  39l  * 1x70mm   3227mm
 17.6Hz  32Hz   58Hz  104.0dB -4855l +  39l  * 1x70mm   2875mm
 19.3Hz  34Hz   60Hz  105.6dB  566l +  39l  * 1x70mm   2563mm
 21.0Hz  36Hz   62Hz  107.1dB  251l +  39l  * 1x70mm   2284mm
 22.9Hz  38Hz   64Hz  108.6dB  155l +  39l  * 1x70mm   2036mm
 24.9Hz  40Hz   66Hz  110.0dB  108l +  39l  * 1x70mm   1814mm
 27.0Hz  43Hz   68Hz  111.5dB   81l +  39l  * 1x70mm   1617mm
 29.3Hz  45Hz   70Hz  112.9dB   63l +  39l  * 1x70mm   1441mm
 31.8Hz  48Hz   73Hz  114.3dB   50l +  39l  * 1x70mm   1284mm
 34.4Hz  50Hz   75Hz  115.7dB   45l +  39l  * 1x70mm   1203mm
 37.2Hz  54Hz   78Hz  117.0dB   34l +  39l  * 1x70mm   1020mm
 40.2Hz  57Hz   81Hz  118.4dB   29l +  39l  * 1x70mm    909mm
 43.4Hz  60Hz   84Hz  119.7dB   24l +  39l  * 1x70mm    810mm
 46.8Hz  64Hz   88Hz  121.0dB   21l +  39l  * 1x70mm    722mm
 12.3Hz  30Hz   53Hz   97.7dB -401l +  29l  * 1x70mm   4557mm
 13.5Hz  32Hz   54Hz   99.3dB -1260l +  29l  * 1x70mm   4061mm
 14.7Hz  33Hz   56Hz  100.9dB  902l +  29l  * 1x70mm   3619mm
 16.1Hz  35Hz   57Hz  102.5dB  309l +  29l  * 1x70mm   3226mm
 17.6Hz  37Hz   58Hz  104.0dB  177l +  29l  * 1x70mm   2876mm
 19.3Hz  40Hz   60Hz  105.6dB  120l +  29l  * 1x70mm   2562mm
 21.0Hz  42Hz   62Hz  107.1dB   88l +  29l  * 1x70mm   2284mm
 22.9Hz  45Hz   64Hz  108.6dB   68l +  29l  * 1x70mm   2036mm
 24.9Hz  47Hz   66Hz  110.0dB   54l +  29l  * 1x70mm   1814mm
 27.0Hz  50Hz   68Hz  111.5dB   44l +  29l  * 1x70mm   1617mm
 29.3Hz  53Hz   70Hz  112.9dB   36l +  29l  * 1x70mm   1441mm
 31.8Hz  48Hz   73Hz  114.3dB   50l +  29l  * 1x70mm   1748mm
 34.4Hz  50Hz   75Hz  115.7dB   45l +  29l  * 1x70mm   1637mm
 37.2Hz  54Hz   78Hz  117.0dB   34l +  29l  * 1x70mm   1389mm
 34.6Hz  57Hz   81Hz  115.7dB   29l +  29l  * 1x70mm   1237mm
 37.8Hz  60Hz   84Hz  117.3dB   24l +  29l  * 1x70mm   1103mm
 46.8Hz  64Hz   88Hz  121.0dB   21l +  29l  * 1x70mm    983mm
 14.7Hz  36Hz   87Hz  100.9dB  276l +  20l  * 1x70mm   4556mm
 16.2Hz  38Hz   88Hz  102.6dB  165l +  20l  * 1x70mm   4062mm
 17.9Hz  40Hz   90Hz  104.3dB  114l +  20l  * 1x70mm   3620mm
 19.7Hz  42Hz   92Hz  105.9dB   84l +  20l  * 1x70mm   3226mm
 21.6Hz  45Hz   93Hz  107.6dB   65l +  20l  * 1x70mm   2875mm
 23.7Hz  48Hz   96Hz  109.2dB   52l +  20l  * 1x70mm   2563mm
 26.0Hz  50Hz   98Hz  110.8dB   42l +  20l  * 1x70mm   2284mm
 28.4Hz  53Hz  100Hz  112.3dB   35l +  20l  * 1x70mm   2035mm
 31.1Hz  57Hz  103Hz  113.9dB   30l +  20l  * 1x70mm   1814mm
 33.9Hz  60Hz  106Hz  115.4dB   25l +  20l  * 1x70mm   1617mm
 37.0Hz  63Hz  109Hz  116.9dB   21l +  20l  * 1x70mm   1441mm
 40.3Hz  67Hz  112Hz  118.4dB   18l +  20l  * 1x70mm   1284mm
 43.8Hz  71Hz  116Hz  119.8dB   16l +  20l  * 1x70mm   1145mm
 47.6Hz  75Hz  120Hz  121.3dB   14l +  20l  * 1x70mm   1020mm
 51.7Hz  80Hz  124Hz  122.7dB   12l +  20l  * 1x70mm    909mm
 56.0Hz  85Hz  128Hz  124.1dB   10l +  20l  * 1x70mm    810mm
 60.6Hz  90Hz  133Hz  125.5dB    9l +  20l  * 1x70mm    722mm
-------------
CVT124 
            87.0dB           400W      2x100mm
   fu     fb      fo      SplMech  Vb1     Vb2       d         l        C
 12.8Hz  27Hz   55Hz   98.5dB -191l +  36l  * 1x70mm   4557mm
 14.1Hz  28Hz   57Hz  100.1dB -258l +  36l  * 1x70mm   4061mm
 15.4Hz  30Hz   58Hz  101.7dB -425l +  36l  * 1x70mm   3619mm
 16.9Hz  32Hz   59Hz  103.3dB -1553l +  36l  * 1x70mm   3227mm
 18.4Hz  34Hz   61Hz  104.8dB  780l +  36l  * 1x70mm   2875mm
 20.1Hz  36Hz   63Hz  106.3dB  291l +  36l  * 1x70mm   2563mm
 21.9Hz  38Hz   65Hz  107.8dB  171l +  36l  * 1x70mm   2284mm
 23.9Hz  40Hz   66Hz  109.3dB  117l +  36l  * 1x70mm   2036mm
 26.0Hz  42Hz   69Hz  110.8dB   86l +  36l  * 1x70mm   1814mm
 28.2Hz  45Hz   71Hz  112.2dB   67l +  36l  * 1x70mm   1617mm
 30.6Hz  47Hz   73Hz  113.6dB   53l +  36l  * 1x70mm   1441mm
 33.2Hz  50Hz   76Hz  115.0dB   43l +  36l  * 1x70mm   1284mm
 36.0Hz  52Hz   79Hz  116.4dB   39l +  36l  * 1x70mm   1203mm
 38.9Hz  56Hz   81Hz  117.8dB   30l +  36l  * 1x70mm   1020mm
 42.0Hz  60Hz   85Hz  119.1dB   25l +  36l  * 1x70mm    909mm
 45.4Hz  63Hz   88Hz  120.5dB   22l +  36l  * 1x70mm    810mm
 48.9Hz  67Hz   92Hz  121.8dB   19l +  36l  * 1x70mm    722mm
 12.8Hz  31Hz   55Hz   98.5dB -823l +  26l  * 1x70mm   4557mm
 14.1Hz  33Hz   57Hz  100.1dB 1563l +  26l  * 1x70mm   4061mm
 15.4Hz  35Hz   58Hz  101.7dB  368l +  26l  * 1x70mm   3619mm
 16.9Hz  37Hz   59Hz  103.3dB  198l +  26l  * 1x70mm   3226mm
 18.4Hz  39Hz   61Hz  104.8dB  131l +  26l  * 1x70mm   2876mm
 20.1Hz  41Hz   63Hz  106.3dB   94l +  26l  * 1x70mm   2562mm
 21.9Hz  44Hz   65Hz  107.8dB   72l +  26l  * 1x70mm   2284mm
 23.9Hz  47Hz   66Hz  109.3dB   57l +  26l  * 1x70mm   2036mm
 26.0Hz  49Hz   69Hz  110.8dB   46l +  26l  * 1x70mm   1814mm
 28.2Hz  52Hz   71Hz  112.2dB   38l +  26l  * 1x70mm   1617mm
 30.6Hz  55Hz   73Hz  113.6dB   32l +  26l  * 1x70mm   1441mm
 33.2Hz  50Hz   76Hz  115.0dB   43l +  26l  * 1x70mm   1748mm
 36.0Hz  52Hz   79Hz  116.4dB   39l +  26l  * 1x70mm   1637mm
 38.9Hz  56Hz   81Hz  117.8dB   30l +  26l  * 1x70mm   1389mm
 36.1Hz  60Hz   85Hz  116.5dB   25l +  26l  * 1x70mm   1237mm
 39.5Hz  63Hz   88Hz  118.0dB   22l +  26l  * 1x70mm   1103mm
 48.9Hz  67Hz   92Hz  121.8dB   19l +  26l  * 1x70mm    983mm
 15.4Hz  37Hz   91Hz  101.6dB  183l +  18l  * 1x70mm   4556mm
 16.9Hz  40Hz   92Hz  103.3dB  123l +  18l  * 1x70mm   4062mm
 18.7Hz  42Hz   94Hz  105.0dB   90l +  18l  * 1x70mm   3620mm
 20.5Hz  44Hz   96Hz  106.7dB   69l +  18l  * 1x70mm   3226mm
 22.6Hz  47Hz   98Hz  108.3dB   55l +  18l  * 1x70mm   2875mm
 24.8Hz  50Hz  100Hz  109.9dB   44l +  18l  * 1x70mm   2563mm
 27.1Hz  53Hz  102Hz  111.5dB   37l +  18l  * 1x70mm   2284mm
 29.7Hz  56Hz  105Hz  113.1dB   31l +  18l  * 1x70mm   2035mm
 32.5Hz  59Hz  108Hz  114.6dB   26l +  18l  * 1x70mm   1814mm
 35.4Hz  63Hz  111Hz  116.2dB   22l +  18l  * 1x70mm   1617mm
 38.7Hz  66Hz  114Hz  117.7dB   19l +  18l  * 1x70mm   1441mm
 42.1Hz  70Hz  117Hz  119.2dB   16l +  18l  * 1x70mm   1284mm
 45.8Hz  74Hz  121Hz  120.6dB   14l +  18l  * 1x70mm   1145mm
 49.8Hz  79Hz  125Hz  122.1dB   12l +  18l  * 1x70mm   1020mm
 54.0Hz  83Hz  129Hz  123.5dB   11l +  18l  * 1x70mm    909mm
 58.5Hz  88Hz  134Hz  124.9dB    9l +  18l  * 1x70mm    810mm
 63.4Hz  94Hz  139Hz  126.3dB    8l +  18l  * 1x70mm    722mm
-------------
CVT652 
            85.0dB           150W       1x70mm
   fu     fb      fo      SplMech  Vb1     Vb2       d         l        C
 16.0Hz  33Hz   69Hz   82.0dB  -15l +  10l  * 1x40mm   3505mm
 17.5Hz  35Hz   71Hz   83.6dB  -16l +  10l  * 1x40mm   3124mm
 19.2Hz  37Hz   72Hz   85.2dB  -18l +  10l  * 1x40mm   2784mm
 21.0Hz  40Hz   74Hz   86.8dB  -20l +  10l  * 1x40mm   2482mm
 23.0Hz  42Hz   76Hz   88.3dB  -23l +  10l  * 1x40mm   2211mm
 25.1Hz  44Hz   78Hz   89.8dB  -29l +  10l  * 1x40mm   1971mm
 27.4Hz  47Hz   81Hz   91.3dB  -39l +  10l  * 1x40mm   1757mm
 29.8Hz  50Hz   83Hz   92.8dB  -63l +  10l  * 1x40mm   1566mm
 32.4Hz  53Hz   86Hz   94.3dB -210l +  10l  * 1x40mm   1395mm
 35.2Hz  56Hz   88Hz   95.7dB  129l +  10l  * 1x40mm   1244mm
 38.2Hz  59Hz   91Hz   97.1dB   46l +  10l  * 1x40mm   1108mm
 41.5Hz  63Hz   95Hz   98.5dB   27l +  10l  * 1x40mm    988mm
 44.9Hz  65Hz   98Hz   99.9dB   21l +  10l  * 1x40mm    925mm
 48.5Hz  70Hz  102Hz  101.3dB   13l +  10l  * 1x40mm    785mm
 52.5Hz  74Hz  106Hz  102.6dB   10l +  10l  * 1x40mm    699mm
 56.6Hz  79Hz  110Hz  104.0dB    8l +  10l  * 1x40mm    623mm
 61.1Hz  84Hz  114Hz  105.3dB    7l +  10l  * 1x40mm    555mm
 16.0Hz  39Hz   69Hz   82.0dB  -19l +   7l  * 1x40mm   3505mm
 17.5Hz  41Hz   71Hz   83.6dB  -22l +   7l  * 1x40mm   3123mm
 19.2Hz  44Hz   72Hz   85.2dB  -27l +   7l  * 1x40mm   2784mm
 21.0Hz  46Hz   74Hz   86.8dB  -35l +   7l  * 1x40mm   2481mm
 23.0Hz  49Hz   76Hz   88.3dB  -52l +   7l  * 1x40mm   2212mm
 25.1Hz  52Hz   78Hz   89.8dB -118l +   7l  * 1x40mm   1971mm
 27.4Hz  55Hz   81Hz   91.3dB  279l +   7l  * 1x40mm   1757mm
 29.8Hz  58Hz   83Hz   92.8dB   58l +   7l  * 1x40mm   1566mm
 32.4Hz  61Hz   86Hz   94.3dB   31l +   7l  * 1x40mm   1395mm
 35.2Hz  65Hz   88Hz   95.7dB   20l +   7l  * 1x40mm   1244mm
 38.2Hz  69Hz   91Hz   97.1dB   15l +   7l  * 1x40mm   1108mm
 41.5Hz  63Hz   95Hz   98.5dB   27l +   7l  * 1x40mm   1345mm
 44.9Hz  65Hz   98Hz   99.9dB   21l +   7l  * 1x40mm   1259mm
 48.5Hz  70Hz  102Hz  101.3dB   13l +   7l  * 1x40mm   1068mm
 45.1Hz  74Hz  106Hz  100.0dB   10l +   7l  * 1x40mm    952mm
 49.2Hz  79Hz  110Hz  101.5dB    8l +   7l  * 1x40mm    848mm
 61.1Hz  84Hz  114Hz  105.3dB    7l +   7l  * 1x40mm    756mm
 19.2Hz  47Hz  113Hz   85.2dB  -37l +   5l  * 1x40mm   3504mm
 21.2Hz  49Hz  115Hz   86.9dB  -57l +   5l  * 1x40mm   3124mm
 23.3Hz  52Hz  117Hz   88.5dB -152l +   5l  * 1x40mm   2784mm
 25.6Hz  55Hz  119Hz   90.2dB  174l +   5l  * 1x40mm   2481mm
 28.2Hz  59Hz  122Hz   91.8dB   51l +   5l  * 1x40mm   2212mm
 30.9Hz  62Hz  125Hz   93.4dB   29l +   5l  * 1x40mm   1971mm
 33.9Hz  66Hz  128Hz   95.0dB   19l +   5l  * 1x40mm   1756mm
 37.1Hz  70Hz  131Hz   96.6dB   14l +   5l  * 1x40mm   1565mm
 40.5Hz  74Hz  134Hz   98.1dB   11l +   5l  * 1x40mm   1395mm
 44.2Hz  78Hz  138Hz   99.7dB    8l +   5l  * 1x40mm   1243mm
 48.2Hz  83Hz  142Hz  101.2dB    7l +   5l  * 1x40mm   1108mm
 52.5Hz  88Hz  146Hz  102.7dB    6l +   5l  * 1x40mm    988mm
 57.2Hz  93Hz  151Hz  104.1dB    5l +   5l  * 1x40mm    880mm
 62.1Hz  98Hz  156Hz  105.6dB    4l +   5l  * 1x40mm    785mm
 67.4Hz 104Hz  161Hz  107.0dB    3l +   5l  * 1x40mm    699mm
 73.0Hz 110Hz  167Hz  108.4dB    3l +   5l  * 1x40mm    623mm
 79.1Hz 117Hz  173Hz  109.8dB    3l +   5l  * 1x40mm    555mm
-------------
CVT654 
            85.0dB           150W       1x70mm
   fu     fb      fo      SplMech  Vb1     Vb2       d         l        C
 16.7Hz  35Hz   72Hz   82.7dB  -16l +   9l  * 1x40mm   3505mm
 18.3Hz  37Hz   74Hz   84.4dB  -17l +   9l  * 1x40mm   3124mm
 20.1Hz  39Hz   76Hz   85.9dB  -19l +   9l  * 1x40mm   2784mm
 22.0Hz  41Hz   77Hz   87.5dB  -22l +   9l  * 1x40mm   2482mm
 24.0Hz  44Hz   80Hz   89.1dB  -27l +   9l  * 1x40mm   2211mm
 26.2Hz  46Hz   82Hz   90.6dB  -35l +   9l  * 1x40mm   1971mm
 28.6Hz  49Hz   84Hz   92.1dB  -54l +   9l  * 1x40mm   1757mm
 31.1Hz  52Hz   87Hz   93.6dB -130l +   9l  * 1x40mm   1566mm
 33.9Hz  55Hz   89Hz   95.0dB  224l +   9l  * 1x40mm   1395mm
 36.8Hz  58Hz   92Hz   96.5dB   55l +   9l  * 1x40mm   1244mm
 39.9Hz  62Hz   95Hz   97.9dB   30l +   9l  * 1x40mm   1108mm
 43.3Hz  65Hz   99Hz   99.3dB   20l +   9l  * 1x40mm    988mm
 46.9Hz  68Hz  102Hz  100.7dB   16l +   9l  * 1x40mm    925mm
 50.7Hz  73Hz  106Hz  102.0dB   11l +   9l  * 1x40mm    785mm
 54.8Hz  78Hz  110Hz  103.4dB    9l +   9l  * 1x40mm    699mm
 59.1Hz  82Hz  115Hz  104.7dB    7l +   9l  * 1x40mm    623mm
 63.7Hz  87Hz  119Hz  106.0dB    6l +   9l  * 1x40mm    555mm
 16.7Hz  40Hz   72Hz   82.7dB  -21l +   7l  * 1x40mm   3505mm
 18.3Hz  43Hz   74Hz   84.4dB  -25l +   7l  * 1x40mm   3123mm
 20.1Hz  45Hz   76Hz   85.9dB  -32l +   7l  * 1x40mm   2784mm
 22.0Hz  48Hz   77Hz   87.5dB  -46l +   7l  * 1x40mm   2481mm
 24.0Hz  51Hz   80Hz   89.1dB  -88l +   7l  * 1x40mm   2212mm
 26.2Hz  54Hz   82Hz   90.6dB 2482l +   7l  * 1x40mm   1971mm
 28.6Hz  57Hz   84Hz   92.1dB   74l +   7l  * 1x40mm   1757mm
 31.1Hz  61Hz   87Hz   93.6dB   35l +   7l  * 1x40mm   1566mm
 33.9Hz  64Hz   89Hz   95.0dB   22l +   7l  * 1x40mm   1395mm
 36.8Hz  68Hz   92Hz   96.5dB   16l +   7l  * 1x40mm   1244mm
 39.9Hz  72Hz   95Hz   97.9dB   12l +   7l  * 1x40mm   1108mm
 43.3Hz  65Hz   99Hz   99.3dB   20l +   7l  * 1x40mm   1345mm
 46.9Hz  68Hz  102Hz  100.7dB   16l +   7l  * 1x40mm   1259mm
 50.7Hz  73Hz  106Hz  102.0dB   11l +   7l  * 1x40mm   1068mm
 47.1Hz  78Hz  110Hz  100.7dB    9l +   7l  * 1x40mm    952mm
 51.4Hz  82Hz  115Hz  102.3dB    7l +   7l  * 1x40mm    848mm
 63.7Hz  87Hz  119Hz  106.0dB    6l +   7l  * 1x40mm    756mm
 20.0Hz  49Hz  118Hz   85.9dB  -50l +   5l  * 1x40mm   3504mm
 22.1Hz  51Hz  120Hz   87.6dB -105l +   5l  * 1x40mm   3124mm
 24.3Hz  55Hz  122Hz   89.3dB  404l +   5l  * 1x40mm   2784mm
 26.8Hz  58Hz  125Hz   90.9dB   63l +   5l  * 1x40mm   2481mm
 29.4Hz  61Hz  127Hz   92.6dB   32l +   5l  * 1x40mm   2212mm
 32.3Hz  65Hz  130Hz   94.2dB   21l +   5l  * 1x40mm   1971mm
 35.4Hz  69Hz  133Hz   95.8dB   15l +   5l  * 1x40mm   1756mm
 38.7Hz  73Hz  137Hz   97.3dB   11l +   5l  * 1x40mm   1565mm
 42.3Hz  77Hz  140Hz   98.9dB    9l +   5l  * 1x40mm   1395mm
 46.2Hz  82Hz  144Hz  100.4dB    7l +   5l  * 1x40mm   1243mm
 50.4Hz  86Hz  148Hz  101.9dB    6l +   5l  * 1x40mm   1108mm
 54.8Hz  92Hz  153Hz  103.4dB    5l +   5l  * 1x40mm    988mm
 59.7Hz  97Hz  158Hz  104.9dB    4l +   5l  * 1x40mm    880mm
 64.8Hz 103Hz  163Hz  106.3dB    4l +   5l  * 1x40mm    785mm
 70.3Hz 109Hz  168Hz  107.7dB    3l +   5l  * 1x40mm    699mm
 76.2Hz 115Hz  174Hz  109.1dB    3l +   5l  * 1x40mm    623mm
 82.6Hz 122Hz  180Hz  110.5dB    2l +   5l  * 1x40mm    555mm
-------------
CVT82  
            85.0dB           200W       1x70mm
   fu     fb      fo      SplMech  Vb1     Vb2       d         l        C
 17.2Hz  36Hz   74Hz   88.6dB  -22l +   8l  * 1x40mm   3798mm
 18.8Hz  38Hz   76Hz   90.2dB  -25l +   8l  * 1x40mm   3385mm
 20.6Hz  40Hz   78Hz   91.8dB  -30l +   8l  * 1x40mm   3017mm
 22.6Hz  42Hz   80Hz   93.4dB  -40l +   8l  * 1x40mm   2689mm
 24.7Hz  45Hz   82Hz   94.9dB  -62l +   8l  * 1x40mm   2396mm
 26.9Hz  48Hz   84Hz   96.4dB -159l +   8l  * 1x40mm   2136mm
 29.4Hz  50Hz   86Hz   98.0dB  209l +   8l  * 1x40mm   1904mm
 32.0Hz  53Hz   89Hz   99.4dB   58l +   8l  * 1x40mm   1697mm
 34.8Hz  57Hz   92Hz  100.9dB   32l +   8l  * 1x40mm   1512mm
 37.8Hz  60Hz   95Hz  102.3dB   21l +   8l  * 1x40mm   1348mm
 41.0Hz  63Hz   98Hz  103.8dB   16l +   8l  * 1x40mm   1201mm
 44.5Hz  67Hz  102Hz  105.2dB   12l +   8l  * 1x40mm   1071mm
 48.2Hz  69Hz  105Hz  106.5dB   10l +   8l  * 1x40mm   1003mm
 52.1Hz  75Hz  109Hz  107.9dB    8l +   8l  * 1x40mm    850mm
 56.3Hz  80Hz  113Hz  109.2dB    6l +   8l  * 1x40mm    758mm
 60.8Hz  85Hz  118Hz  110.6dB    5l +   8l  * 1x40mm    675mm
 65.5Hz  90Hz  123Hz  111.9dB    4l +   8l  * 1x40mm    602mm
 17.2Hz  42Hz   74Hz   88.6dB  -36l +   6l  * 1x40mm   3798mm
 18.8Hz  44Hz   76Hz   90.2dB  -52l +   6l  * 1x40mm   3384mm
 20.6Hz  47Hz   78Hz   91.8dB -104l +   6l  * 1x40mm   3016mm
 22.6Hz  49Hz   80Hz   93.4dB  925l +   6l  * 1x40mm   2689mm
 24.7Hz  52Hz   82Hz   94.9dB   77l +   6l  * 1x40mm   2397mm
 26.9Hz  56Hz   84Hz   96.4dB   38l +   6l  * 1x40mm   2136mm
 29.4Hz  59Hz   86Hz   98.0dB   24l +   6l  * 1x40mm   1904mm
 32.0Hz  62Hz   89Hz   99.4dB   17l +   6l  * 1x40mm   1697mm
 34.8Hz  66Hz   92Hz  100.9dB   13l +   6l  * 1x40mm   1512mm
 37.8Hz  70Hz   95Hz  102.3dB   10l +   6l  * 1x40mm   1348mm
 41.0Hz  74Hz   98Hz  103.8dB    8l +   6l  * 1x40mm   1201mm
 44.5Hz  67Hz  102Hz  105.2dB   12l +   6l  * 1x40mm   1457mm
 48.2Hz  69Hz  105Hz  106.5dB   10l +   6l  * 1x40mm   1365mm
 52.1Hz  75Hz  109Hz  107.9dB    8l +   6l  * 1x40mm   1157mm
 48.4Hz  80Hz  113Hz  106.6dB    6l +   6l  * 1x40mm   1031mm
 52.8Hz  85Hz  118Hz  108.1dB    5l +   6l  * 1x40mm    919mm
 65.5Hz  90Hz  123Hz  111.9dB    4l +   6l  * 1x40mm    819mm
 20.6Hz  50Hz  121Hz   91.8dB  333l +   4l  * 1x40mm   3798mm
 22.7Hz  53Hz  123Hz   93.5dB   66l +   4l  * 1x40mm   3385mm
 25.0Hz  56Hz  126Hz   95.1dB   35l +   4l  * 1x40mm   3017mm
 27.5Hz  59Hz  128Hz   96.8dB   23l +   4l  * 1x40mm   2689mm
 30.2Hz  63Hz  131Hz   98.4dB   16l +   4l  * 1x40mm   2397mm
 33.2Hz  67Hz  134Hz  100.1dB   12l +   4l  * 1x40mm   2136mm
 36.3Hz  71Hz  137Hz  101.6dB   10l +   4l  * 1x40mm   1903mm
 39.8Hz  75Hz  140Hz  103.2dB    8l +   4l  * 1x40mm   1696mm
 43.5Hz  79Hz  144Hz  104.8dB    6l +   4l  * 1x40mm   1512mm
 47.5Hz  84Hz  148Hz  106.3dB    5l +   4l  * 1x40mm   1347mm
 51.8Hz  89Hz  152Hz  107.8dB    5l +   4l  * 1x40mm   1201mm
 56.4Hz  94Hz  157Hz  109.3dB    4l +   4l  * 1x40mm   1070mm
 61.3Hz 100Hz  162Hz  110.7dB    3l +   4l  * 1x40mm    954mm
 66.6Hz 106Hz  167Hz  112.2dB    3l +   4l  * 1x40mm    850mm
 72.3Hz 112Hz  173Hz  113.6dB    2l +   4l  * 1x40mm    758mm
 78.4Hz 118Hz  179Hz  115.0dB    2l +   4l  * 1x40mm    675mm
 84.9Hz 125Hz  186Hz  116.4dB    2l +   4l  * 1x40mm    602mm
-------------
CVT84  
            85.0dB           200W       1x70mm
   fu     fb      fo      SplMech  Vb1     Vb2       d         l        C
 17.9Hz  37Hz   78Hz   89.4dB  -24l +   7l  * 1x40mm   3798mm
 19.7Hz  39Hz   79Hz   91.0dB  -29l +   7l  * 1x40mm   3385mm
 21.6Hz  42Hz   81Hz   92.6dB  -37l +   7l  * 1x40mm   3017mm
 23.6Hz  44Hz   83Hz   94.1dB  -54l +   7l  * 1x40mm   2689mm
 25.8Hz  47Hz   85Hz   95.7dB -114l +   7l  * 1x40mm   2396mm
 28.2Hz  50Hz   88Hz   97.2dB  490l +   7l  * 1x40mm   2136mm
 30.7Hz  53Hz   90Hz   98.7dB   71l +   7l  * 1x40mm   1904mm
 33.4Hz  56Hz   93Hz  100.2dB   36l +   7l  * 1x40mm   1697mm
 36.4Hz  59Hz   96Hz  101.7dB   23l +   7l  * 1x40mm   1512mm
 39.5Hz  63Hz   99Hz  103.1dB   17l +   7l  * 1x40mm   1348mm
 42.9Hz  66Hz  102Hz  104.5dB   13l +   7l  * 1x40mm   1201mm
 46.5Hz  70Hz  106Hz  105.9dB   10l +   7l  * 1x40mm   1071mm
 50.3Hz  73Hz  110Hz  107.3dB    9l +   7l  * 1x40mm   1003mm
 54.4Hz  79Hz  114Hz  108.7dB    7l +   7l  * 1x40mm    850mm
 58.8Hz  83Hz  118Hz  110.0dB    5l +   7l  * 1x40mm    758mm
 63.5Hz  88Hz  123Hz  111.3dB    5l +   7l  * 1x40mm    675mm
 68.5Hz  94Hz  128Hz  112.6dB    4l +   7l  * 1x40mm    602mm
 17.9Hz  43Hz   78Hz   89.4dB  -47l +   5l  * 1x40mm   3798mm
 19.7Hz  46Hz   79Hz   91.0dB  -84l +   5l  * 1x40mm   3384mm
 21.6Hz  49Hz   81Hz   92.6dB -643l +   5l  * 1x40mm   3016mm
 23.6Hz  52Hz   83Hz   94.1dB   99l +   5l  * 1x40mm   2689mm
 25.8Hz  55Hz   85Hz   95.7dB   43l +   5l  * 1x40mm   2397mm
 28.2Hz  58Hz   88Hz   97.2dB   26l +   5l  * 1x40mm   2136mm
 30.7Hz  61Hz   90Hz   98.7dB   18l +   5l  * 1x40mm   1904mm
 33.4Hz  65Hz   93Hz  100.2dB   14l +   5l  * 1x40mm   1697mm
 36.4Hz  69Hz   96Hz  101.7dB   11l +   5l  * 1x40mm   1512mm
 39.5Hz  73Hz   99Hz  103.1dB    9l +   5l  * 1x40mm   1348mm
 42.9Hz  77Hz  102Hz  104.5dB    7l +   5l  * 1x40mm   1201mm
 46.5Hz  70Hz  106Hz  105.9dB   10l +   5l  * 1x40mm   1457mm
 50.3Hz  73Hz  110Hz  107.3dB    9l +   5l  * 1x40mm   1365mm
 54.4Hz  79Hz  114Hz  108.7dB    7l +   5l  * 1x40mm   1157mm
 50.5Hz  83Hz  118Hz  107.4dB    5l +   5l  * 1x40mm   1031mm
 55.2Hz  88Hz  123Hz  108.9dB    5l +   5l  * 1x40mm    919mm
 68.5Hz  94Hz  128Hz  112.6dB    4l +   5l  * 1x40mm    819mm
 21.5Hz  52Hz  127Hz   92.5dB   82l +   4l  * 1x40mm   3798mm
 23.7Hz  55Hz  129Hz   94.2dB   39l +   4l  * 1x40mm   3385mm
 26.1Hz  59Hz  131Hz   95.9dB   25l +   4l  * 1x40mm   3017mm
 28.7Hz  62Hz  134Hz   97.6dB   17l +   4l  * 1x40mm   2689mm
 31.6Hz  66Hz  137Hz   99.2dB   13l +   4l  * 1x40mm   2397mm
 34.7Hz  70Hz  140Hz  100.8dB   10l +   4l  * 1x40mm   2136mm
 38.0Hz  74Hz  143Hz  102.4dB    8l +   4l  * 1x40mm   1903mm
 41.6Hz  78Hz  147Hz  104.0dB    7l +   4l  * 1x40mm   1696mm
 45.4Hz  83Hz  151Hz  105.5dB    6l +   4l  * 1x40mm   1512mm
 49.6Hz  88Hz  155Hz  107.0dB    5l +   4l  * 1x40mm   1347mm
 54.1Hz  93Hz  159Hz  108.6dB    4l +   4l  * 1x40mm   1201mm
 58.9Hz  98Hz  164Hz  110.0dB    3l +   4l  * 1x40mm   1070mm
 64.1Hz 104Hz  169Hz  111.5dB    3l +   4l  * 1x40mm    954mm
 69.6Hz 110Hz  175Hz  112.9dB    3l +   4l  * 1x40mm    850mm
 75.6Hz 117Hz  181Hz  114.4dB    2l +   4l  * 1x40mm    758mm
 81.9Hz 124Hz  187Hz  115.8dB    2l +   4l  * 1x40mm    675mm
 88.7Hz 131Hz  194Hz  117.1dB    2l +   4l  * 1x40mm    602mm
-------------
S10L3  
            85.3dB           400W      1x100mm
   fu     fb      fo      SplMech  Vb1     Vb2       d         l        C
 11.1Hz  23Hz   48Hz   72.0dB  -80l +  33l  * 1x50mm   3350mm
 12.2Hz  24Hz   49Hz   73.6dB  -91l +  33l  * 1x50mm   2986mm
 13.3Hz  26Hz   50Hz   75.2dB -106l +  33l  * 1x50mm   2661mm
 14.6Hz  27Hz   51Hz   76.8dB -132l +  33l  * 1x50mm   2372mm
 15.9Hz  29Hz   53Hz   78.3dB -183l +  33l  * 1x50mm   2114mm
 17.4Hz  31Hz   54Hz   79.9dB -317l +  33l  * 1x50mm   1884mm
 19.0Hz  33Hz   56Hz   81.4dB -1820l +  33l  * 1x50mm   1679mm
 20.7Hz  34Hz   57Hz   82.9dB  422l +  33l  * 1x50mm   1497mm
 22.5Hz  36Hz   59Hz   84.3dB  177l +  33l  * 1x50mm   1334mm
 24.4Hz  39Hz   61Hz   85.8dB  107l +  33l  * 1x50mm   1189mm
 26.5Hz  41Hz   63Hz   87.2dB   74l +  33l  * 1x50mm   1060mm
 28.7Hz  43Hz   66Hz   88.6dB   55l +  33l  * 1x50mm    944mm
 31.1Hz  45Hz   68Hz   90.0dB   48l +  33l  * 1x50mm    884mm
 33.6Hz  49Hz   70Hz   91.3dB   34l +  33l  * 1x50mm    750mm
 36.3Hz  52Hz   73Hz   92.7dB   28l +  33l  * 1x50mm    668mm
 39.2Hz  55Hz   76Hz   94.0dB   23l +  33l  * 1x50mm    596mm
 42.3Hz  58Hz   79Hz   95.3dB   20l +  33l  * 1x50mm    531mm
 11.1Hz  27Hz   48Hz   72.0dB -122l +  24l  * 1x50mm   3350mm
 12.2Hz  28Hz   49Hz   73.6dB -162l +  24l  * 1x50mm   2986mm
 13.3Hz  30Hz   50Hz   75.2dB -255l +  24l  * 1x50mm   2661mm
 14.6Hz  32Hz   51Hz   76.8dB -703l +  24l  * 1x50mm   2372mm
 15.9Hz  34Hz   53Hz   78.3dB  718l +  24l  * 1x50mm   2114mm
 17.4Hz  36Hz   54Hz   79.9dB  219l +  24l  * 1x50mm   1884mm
 19.0Hz  38Hz   56Hz   81.4dB  123l +  24l  * 1x50mm   1679mm
 20.7Hz  40Hz   57Hz   82.9dB   83l +  24l  * 1x50mm   1497mm
 22.5Hz  43Hz   59Hz   84.3dB   60l +  24l  * 1x50mm   1334mm
 24.4Hz  45Hz   61Hz   85.8dB   46l +  24l  * 1x50mm   1189mm
 26.5Hz  48Hz   63Hz   87.2dB   37l +  24l  * 1x50mm   1060mm
 28.7Hz  43Hz   66Hz   88.6dB   55l +  24l  * 1x50mm   1285mm
 31.1Hz  45Hz   68Hz   90.0dB   48l +  24l  * 1x50mm   1204mm
 33.6Hz  49Hz   70Hz   91.3dB   34l +  24l  * 1x50mm   1021mm
 31.2Hz  52Hz   73Hz   90.0dB   28l +  24l  * 1x50mm    910mm
 34.1Hz  55Hz   76Hz   91.6dB   23l +  24l  * 1x50mm    811mm
 42.3Hz  58Hz   79Hz   95.3dB   20l +  24l  * 1x50mm    723mm
 13.3Hz  32Hz   78Hz   75.2dB -1032l +  17l  * 1x50mm   3350mm
 14.6Hz  34Hz   80Hz   76.9dB  527l +  17l  * 1x50mm   2986mm
 16.1Hz  36Hz   81Hz   78.6dB  195l +  17l  * 1x50mm   2662mm
 17.8Hz  38Hz   83Hz   80.2dB  114l +  17l  * 1x50mm   2372mm
 19.5Hz  41Hz   84Hz   81.9dB   78l +  17l  * 1x50mm   2114mm
 21.4Hz  43Hz   86Hz   83.5dB   58l +  17l  * 1x50mm   1884mm
 23.5Hz  46Hz   88Hz   85.1dB   45l +  17l  * 1x50mm   1679mm
 25.7Hz  48Hz   91Hz   86.6dB   35l +  17l  * 1x50mm   1496mm
 28.1Hz  51Hz   93Hz   88.2dB   29l +  17l  * 1x50mm   1334mm
 30.6Hz  54Hz   96Hz   89.7dB   24l +  17l  * 1x50mm   1189mm
 33.4Hz  57Hz   98Hz   91.2dB   20l +  17l  * 1x50mm   1060mm
 36.4Hz  61Hz  101Hz   92.7dB   17l +  17l  * 1x50mm    944mm
 39.6Hz  64Hz  105Hz   94.2dB   14l +  17l  * 1x50mm    842mm
 43.0Hz  68Hz  108Hz   95.6dB   12l +  17l  * 1x50mm    750mm
 46.7Hz  72Hz  112Hz   97.0dB   11l +  17l  * 1x50mm    669mm
 50.6Hz  76Hz  116Hz   98.4dB    9l +  17l  * 1x50mm    596mm
 54.8Hz  81Hz  120Hz   99.8dB    8l +  17l  * 1x50mm    531mm
-------------
S12L3  
            86.3dB           400W      2x100mm
   fu     fb      fo      SplMech  Vb1     Vb2       d         l        C
  8.9Hz  19Hz   39Hz   71.6dB -110l +  81l  * 1x70mm   4137mm
  9.8Hz  20Hz   40Hz   73.2dB -117l +  81l  * 1x70mm   3687mm
 10.8Hz  21Hz   40Hz   74.8dB -127l +  81l  * 1x70mm   3286mm
 11.8Hz  22Hz   42Hz   76.3dB -141l +  81l  * 1x70mm   2929mm
 12.9Hz  23Hz   43Hz   77.9dB -160l +  81l  * 1x70mm   2610mm
 14.0Hz  25Hz   44Hz   79.4dB -189l +  81l  * 1x70mm   2326mm
 15.3Hz  26Hz   45Hz   80.9dB -237l +  81l  * 1x70mm   2073mm
 16.7Hz  28Hz   46Hz   82.4dB -331l +  81l  * 1x70mm   1848mm
 18.1Hz  29Hz   48Hz   83.9dB -600l +  81l  * 1x70mm   1647mm
 19.7Hz  31Hz   49Hz   85.3dB -6417l +  81l  * 1x70mm   1468mm
 21.4Hz  33Hz   51Hz   86.7dB  649l +  81l  * 1x70mm   1308mm
 23.2Hz  35Hz   53Hz   88.1dB  290l +  81l  * 1x70mm   1166mm
 25.1Hz  36Hz   55Hz   89.5dB  216l +  81l  * 1x70mm   1092mm
 27.2Hz  39Hz   57Hz   90.9dB  125l +  81l  * 1x70mm    926mm
 29.3Hz  42Hz   59Hz   92.2dB   94l +  81l  * 1x70mm    825mm
 31.7Hz  44Hz   61Hz   93.5dB   73l +  81l  * 1x70mm    736mm
 34.2Hz  47Hz   64Hz   94.8dB   59l +  81l  * 1x70mm    656mm
  8.9Hz  22Hz   39Hz   71.6dB -136l +  59l  * 1x70mm   4137mm
  9.8Hz  23Hz   40Hz   73.2dB -153l +  59l  * 1x70mm   3686mm
 10.8Hz  24Hz   40Hz   74.8dB -178l +  59l  * 1x70mm   3286mm
 11.8Hz  26Hz   42Hz   76.3dB -219l +  59l  * 1x70mm   2929mm
 12.9Hz  27Hz   43Hz   77.9dB -292l +  59l  * 1x70mm   2611mm
 14.0Hz  29Hz   44Hz   79.4dB -472l +  59l  * 1x70mm   2326mm
 15.3Hz  31Hz   45Hz   80.9dB -1510l +  59l  * 1x70mm   2073mm
 16.7Hz  32Hz   46Hz   82.4dB 1028l +  59l  * 1x70mm   1848mm
 18.1Hz  34Hz   48Hz   83.9dB  356l +  59l  * 1x70mm   1647mm
 19.7Hz  36Hz   49Hz   85.3dB  205l +  59l  * 1x70mm   1468mm
 21.4Hz  39Hz   51Hz   86.7dB  139l +  59l  * 1x70mm   1308mm
 23.2Hz  35Hz   53Hz   88.1dB  290l +  59l  * 1x70mm   1587mm
 25.1Hz  36Hz   55Hz   89.5dB  216l +  59l  * 1x70mm   1486mm
 27.2Hz  39Hz   57Hz   90.9dB  125l +  59l  * 1x70mm   1261mm
 25.2Hz  42Hz   59Hz   89.6dB   94l +  59l  * 1x70mm   1123mm
 27.5Hz  44Hz   61Hz   91.1dB   73l +  59l  * 1x70mm   1001mm
 34.2Hz  47Hz   64Hz   94.8dB   59l +  59l  * 1x70mm    892mm
 10.7Hz  26Hz   63Hz   74.7dB -228l +  41l  * 1x70mm   4136mm
 11.8Hz  28Hz   64Hz   76.4dB -311l +  41l  * 1x70mm   3688mm
 13.0Hz  29Hz   65Hz   78.1dB -529l +  41l  * 1x70mm   3287mm
 14.3Hz  31Hz   67Hz   79.8dB -2493l +  41l  * 1x70mm   2929mm
 15.8Hz  33Hz   68Hz   81.4dB  791l +  41l  * 1x70mm   2610mm
 17.3Hz  35Hz   70Hz   83.0dB  319l +  41l  * 1x70mm   2326mm
 18.9Hz  37Hz   71Hz   84.6dB  191l +  41l  * 1x70mm   2073mm
 20.7Hz  39Hz   73Hz   86.2dB  132l +  41l  * 1x70mm   1848mm
 22.7Hz  41Hz   75Hz   87.7dB   98l +  41l  * 1x70mm   1647mm
 24.8Hz  44Hz   77Hz   89.3dB   76l +  41l  * 1x70mm   1468mm
 27.0Hz  46Hz   79Hz   90.8dB   61l +  41l  * 1x70mm   1308mm
 29.4Hz  49Hz   82Hz   92.2dB   49l +  41l  * 1x70mm   1166mm
 32.0Hz  52Hz   84Hz   93.7dB   41l +  41l  * 1x70mm   1039mm
 34.7Hz  55Hz   87Hz   95.1dB   34l +  41l  * 1x70mm    926mm
 37.7Hz  58Hz   90Hz   96.6dB   29l +  41l  * 1x70mm    825mm
 40.9Hz  62Hz   93Hz   98.0dB   25l +  41l  * 1x70mm    736mm
 44.2Hz  65Hz   97Hz   99.3dB   21l +  41l  * 1x70mm    656mm
-------------
S15L3  
            90.3dB           500W      3x100mm
   fu     fb      fo      SplMech  Vb1     Vb2       d         l        C
 12.1Hz  25Hz   52Hz   80.7dB 4791l +  78l  * 1x100mm  4773mm
 13.3Hz  27Hz   53Hz   82.3dB 1205l +  78l  * 1x100mm  4254mm
 14.5Hz  28Hz   55Hz   83.9dB  655l +  78l  * 1x100mm  3791mm
 15.9Hz  30Hz   56Hz   85.4dB  434l +  78l  * 1x100mm  3380mm
 17.4Hz  32Hz   58Hz   87.0dB  314l +  78l  * 1x100mm  3011mm
 19.0Hz  33Hz   59Hz   88.5dB  240l +  78l  * 1x100mm  2684mm
 20.7Hz  35Hz   61Hz   90.0dB  190l +  78l  * 1x100mm  2392mm
 22.5Hz  38Hz   63Hz   91.5dB  154l +  78l  * 1x100mm  2132mm
 24.5Hz  40Hz   65Hz   93.0dB  127l +  78l  * 1x100mm  1900mm
 26.6Hz  42Hz   67Hz   94.4dB  106l +  78l  * 1x100mm  1694mm
 28.9Hz  45Hz   69Hz   95.8dB   89l +  78l  * 1x100mm  1510mm
 31.3Hz  47Hz   71Hz   97.2dB   76l +  78l  * 1x100mm  1345mm
 33.9Hz  49Hz   74Hz   98.6dB   69l +  78l  * 1x100mm  1260mm
 36.7Hz  53Hz   77Hz  100.0dB   56l +  78l  * 1x100mm  1069mm
 39.6Hz  56Hz   80Hz  101.3dB   48l +  78l  * 1x100mm   952mm
 42.8Hz  60Hz   83Hz  102.6dB   42l +  78l  * 1x100mm   849mm
 46.1Hz  63Hz   86Hz  103.9dB   37l +  78l  * 1x100mm   756mm
 12.1Hz  29Hz   52Hz   80.7dB  489l +  57l  * 1x100mm  4773mm
 13.3Hz  31Hz   53Hz   82.3dB  346l +  57l  * 1x100mm  4253mm
 14.5Hz  33Hz   55Hz   83.9dB  260l +  57l  * 1x100mm  3791mm
 15.9Hz  35Hz   56Hz   85.4dB  204l +  57l  * 1x100mm  3379mm
 17.4Hz  37Hz   58Hz   87.0dB  164l +  57l  * 1x100mm  3012mm
 19.0Hz  39Hz   59Hz   88.5dB  134l +  57l  * 1x100mm  2684mm
 20.7Hz  41Hz   61Hz   90.0dB  112l +  57l  * 1x100mm  2392mm
 22.5Hz  44Hz   63Hz   91.5dB   94l +  57l  * 1x100mm  2132mm
 24.5Hz  46Hz   65Hz   93.0dB   80l +  57l  * 1x100mm  1900mm
 26.6Hz  49Hz   67Hz   94.4dB   68l +  57l  * 1x100mm  1694mm
 28.9Hz  52Hz   69Hz   95.8dB   59l +  57l  * 1x100mm  1509mm
 31.3Hz  47Hz   71Hz   97.2dB   76l +  57l  * 1x100mm  1831mm
 33.9Hz  49Hz   74Hz   98.6dB   69l +  57l  * 1x100mm  1715mm
 36.7Hz  53Hz   77Hz  100.0dB   56l +  57l  * 1x100mm  1454mm
 34.1Hz  56Hz   80Hz   98.7dB   48l +  57l  * 1x100mm  1296mm
 37.2Hz  60Hz   83Hz  100.2dB   42l +  57l  * 1x100mm  1155mm
 46.1Hz  63Hz   86Hz  103.9dB   37l +  57l  * 1x100mm  1030mm
 14.5Hz  35Hz   85Hz   83.8dB  196l +  40l  * 1x100mm  4772mm
 16.0Hz  37Hz   87Hz   85.5dB  159l +  40l  * 1x100mm  4255mm
 17.6Hz  39Hz   88Hz   87.2dB  130l +  40l  * 1x100mm  3792mm
 19.4Hz  42Hz   90Hz   88.9dB  109l +  40l  * 1x100mm  3379mm
 21.3Hz  44Hz   92Hz   90.5dB   92l +  40l  * 1x100mm  3012mm
 23.3Hz  47Hz   94Hz   92.1dB   78l +  40l  * 1x100mm  2684mm
 25.6Hz  50Hz   96Hz   93.7dB   67l +  40l  * 1x100mm  2392mm
 28.0Hz  53Hz   99Hz   95.3dB   57l +  40l  * 1x100mm  2132mm
 30.6Hz  56Hz  101Hz   96.8dB   50l +  40l  * 1x100mm  1900mm
 33.4Hz  59Hz  104Hz   98.3dB   43l +  40l  * 1x100mm  1693mm
 36.5Hz  63Hz  107Hz   99.9dB   38l +  40l  * 1x100mm  1509mm
 39.7Hz  66Hz  111Hz  101.3dB   33l +  40l  * 1x100mm  1345mm
 43.2Hz  70Hz  114Hz  102.8dB   29l +  40l  * 1x100mm  1199mm
 46.9Hz  74Hz  118Hz  104.2dB   25l +  40l  * 1x100mm  1069mm
 50.9Hz  79Hz  122Hz  105.7dB   22l +  40l  * 1x100mm   952mm
 55.2Hz  83Hz  126Hz  107.1dB   20l +  40l  * 1x100mm   849mm
 59.7Hz  88Hz  131Hz  108.4dB   17l +  40l  * 1x100mm   756mm
