-------------
CVT122 
                    87.0dB           400W
         qts   f3   Spl     SplMech Pmech  SplEle  
        0.57  42Hz  87.2dB  119.0dB 1521W  113.2dB
-------------
CVT124 
                    87.0dB           400W
         qts   f3   Spl     SplMech Pmech  SplEle  
        0.55  44Hz  87.4dB  119.8dB 1741W  113.4dB
-------------
S10L3  
                    85.3dB           400W
         qts   f3   Spl     SplMech Pmech  SplEle  
        0.64  38Hz  85.1dB   93.2dB    7W  111.1dB
-------------
S12L3  
                    86.3dB           400W
         qts   f3   Spl     SplMech Pmech  SplEle  
        0.76  29Hz  86.1dB   92.1dB    4W  112.1dB
