-------------
C104   
      87.0dB                            150W
SplMech  Pmech SplEle     f3

 96.9dB  1310W  87.5dB @  16Hz   18
 99.0dB  1313W  89.5dB @  18Hz   16
100.8dB  1314W  91.4dB @  20Hz   14
102.4dB  1316W  93.0dB @  22Hz   13
104.0dB  1318W  94.5dB @  24Hz   11
105.3dB  1319W  95.9dB @  26Hz   10
106.6dB  1321W  97.2dB @  28Hz    9
107.8dB  1322W  98.4dB @  30Hz    7
109.0dB  1323W  99.5dB @  32Hz    6
110.0dB  1324W 100.5dB @  34Hz    5
111.0dB  1325W 101.5dB @  36Hz    4
111.9dB  1326W 102.5dB @  38Hz    3
112.8dB  1327W 103.4dB @  40Hz    2
113.7dB  1328W 104.2dB @  42Hz    2
114.5dB  1329W 105.0dB @  44Hz    1
115.3dB  1330W 105.8dB @  46Hz    0
116.0dB  1330W 106.5dB @  48Hz   -1
-------------
C108   
      87.0dB                            150W
SplMech  Pmech SplEle     f3

 96.9dB   701W  90.2dB @  16Hz   19
 99.0dB   702W  92.3dB @  18Hz   17
100.8dB   703W  94.1dB @  20Hz   15
102.4dB   704W  95.7dB @  22Hz   13
104.0dB   705W  97.2dB @  24Hz   12
105.3dB   706W  98.6dB @  26Hz   10
106.6dB   706W  99.9dB @  28Hz    9
107.8dB   707W 101.1dB @  30Hz    8
109.0dB   708W 102.2dB @  32Hz    7
110.0dB   708W 103.3dB @  34Hz    6
111.0dB   709W 104.3dB @  36Hz    5
111.9dB   709W 105.2dB @  38Hz    4
112.8dB   710W 106.1dB @  40Hz    3
113.7dB   710W 106.9dB @  42Hz    2
114.5dB   711W 107.7dB @  44Hz    1
115.3dB   711W 108.5dB @  46Hz    0
116.0dB   711W 109.2dB @  48Hz   -0
-------------
C124   
      89.0dB                            150W
SplMech  Pmech SplEle     f3

100.1dB  1385W  90.4dB @  16Hz   17
102.1dB  1388W  92.4dB @  18Hz   15
103.9dB  1390W  94.3dB @  20Hz   13
105.6dB  1391W  95.9dB @  22Hz   12
107.1dB  1393W  97.4dB @  24Hz   10
108.5dB  1395W  98.8dB @  26Hz    9
109.8dB  1396W 100.1dB @  28Hz    8
111.0dB  1397W 101.3dB @  30Hz    6
112.1dB  1398W 102.4dB @  32Hz    5
113.1dB  1400W 103.4dB @  34Hz    4
114.1dB  1401W 104.4dB @  36Hz    3
115.1dB  1402W 105.4dB @  38Hz    2
116.0dB  1403W 106.3dB @  40Hz    1
116.8dB  1404W 107.1dB @  42Hz    1
117.6dB  1405W 107.9dB @  44Hz   -0
118.4dB  1405W 108.7dB @  46Hz   -1
119.1dB  1406W 109.4dB @  48Hz   -2
-------------
C128   
      89.0dB                            150W
SplMech  Pmech SplEle     f3

100.1dB   741W  93.1dB @  16Hz   18
102.1dB   742W  95.2dB @  18Hz   16
103.9dB   743W  97.0dB @  20Hz   14
105.6dB   744W  98.6dB @  22Hz   12
107.1dB   745W 100.1dB @  24Hz   11
108.5dB   746W 101.5dB @  26Hz    9
109.8dB   747W 102.8dB @  28Hz    8
111.0dB   747W 104.0dB @  30Hz    7
112.1dB   748W 105.1dB @  32Hz    6
113.1dB   749W 106.2dB @  34Hz    5
114.1dB   749W 107.2dB @  36Hz    4
115.1dB   750W 108.1dB @  38Hz    3
116.0dB   750W 109.0dB @  40Hz    2
116.8dB   751W 109.8dB @  42Hz    1
117.6dB   751W 110.6dB @  44Hz    0
118.4dB   752W 111.4dB @  46Hz   -1
119.1dB   752W 112.1dB @  48Hz   -1
-------------
C154   
      90.0dB                            250W
SplMech  Pmech SplEle     f3

105.8dB  2723W  95.4dB @  16Hz   16
107.8dB  2728W  97.5dB @  18Hz   14
109.7dB  2732W  99.3dB @  20Hz   12
111.3dB  2735W 100.9dB @  22Hz   10
112.8dB  2738W 102.4dB @  24Hz    9
114.2dB  2741W 103.8dB @  26Hz    7
115.5dB  2744W 105.1dB @  28Hz    6
116.7dB  2747W 106.3dB @  30Hz    5
117.8dB  2749W 107.4dB @  32Hz    4
118.9dB  2752W 108.5dB @  34Hz    3
119.9dB  2754W 109.5dB @  36Hz    2
120.8dB  2756W 110.4dB @  38Hz    1
121.7dB  2758W 111.3dB @  40Hz   -0
122.5dB  2760W 112.1dB @  42Hz   -1
123.4dB  2761W 112.9dB @  44Hz   -2
124.1dB  2763W 113.7dB @  46Hz   -3
124.9dB  2765W 114.4dB @  48Hz   -3
-------------
C158   
      90.0dB                            250W
SplMech  Pmech SplEle     f3

105.8dB  1458W  98.1dB @  16Hz   16
107.8dB  1461W 100.2dB @  18Hz   14
109.7dB  1463W 102.0dB @  20Hz   12
111.3dB  1465W 103.6dB @  22Hz   10
112.8dB  1466W 105.1dB @  24Hz    9
114.2dB  1468W 106.5dB @  26Hz    8
115.5dB  1469W 107.8dB @  28Hz    6
116.7dB  1471W 109.0dB @  30Hz    5
117.8dB  1472W 110.1dB @  32Hz    4
118.9dB  1473W 111.2dB @  34Hz    3
119.9dB  1475W 112.2dB @  36Hz    2
120.8dB  1476W 113.1dB @  38Hz    1
121.7dB  1477W 114.0dB @  40Hz    0
122.5dB  1478W 114.8dB @  42Hz   -1
123.4dB  1479W 115.6dB @  44Hz   -2
124.1dB  1479W 116.4dB @  46Hz   -2
124.9dB  1480W 117.1dB @  48Hz   -3
-------------
C84    
      86.0dB                            100W
SplMech  Pmech SplEle     f3

 90.9dB   998W  80.9dB @  16Hz   21
 93.0dB  1000W  83.0dB @  18Hz   19
 94.8dB  1001W  84.8dB @  20Hz   18
 96.4dB  1002W  86.4dB @  22Hz   16
 98.0dB  1004W  87.9dB @  24Hz   14
 99.3dB  1005W  89.3dB @  26Hz   13
100.6dB  1006W  90.6dB @  28Hz   12
101.8dB  1007W  91.8dB @  30Hz   11
103.0dB  1008W  92.9dB @  32Hz    9
104.0dB  1008W  94.0dB @  34Hz    8
105.0dB  1009W  95.0dB @  36Hz    7
105.9dB  1010W  95.9dB @  38Hz    6
106.8dB  1011W  96.8dB @  40Hz    6
107.7dB  1011W  97.6dB @  42Hz    5
108.5dB  1012W  98.4dB @  44Hz    4
109.3dB  1013W  99.2dB @  46Hz    3
110.0dB  1013W  99.9dB @  48Hz    2
-------------
C88    
      86.0dB                            100W
SplMech  Pmech SplEle     f3

 90.9dB   534W  83.6dB @  16Hz   22
 93.0dB   534W  85.7dB @  18Hz   20
 94.8dB   535W  87.5dB @  20Hz   18
 96.4dB   536W  89.2dB @  22Hz   16
 98.0dB   537W  90.7dB @  24Hz   15
 99.3dB   537W  92.0dB @  26Hz   13
100.6dB   538W  93.3dB @  28Hz   12
101.8dB   538W  94.5dB @  30Hz   11
103.0dB   539W  95.6dB @  32Hz   10
104.0dB   539W  96.7dB @  34Hz    9
105.0dB   540W  97.7dB @  36Hz    8
105.9dB   540W  98.6dB @  38Hz    7
106.8dB   540W  99.5dB @  40Hz    6
107.7dB   541W 100.3dB @  42Hz    5
108.5dB   541W 101.2dB @  44Hz    4
109.3dB   541W 101.9dB @  46Hz    4
110.0dB   542W 102.7dB @  48Hz    3
-------------
CVR102 
      86.0dB                            400W
SplMech  Pmech SplEle     f3

 99.4dB  1827W  92.8dB @  16Hz   15
101.4dB  1830W  94.8dB @  18Hz   13
103.3dB  1833W  96.7dB @  20Hz   12
104.9dB  1835W  98.3dB @  22Hz   10
106.4dB  1837W  99.8dB @  24Hz    8
107.8dB  1839W 101.2dB @  26Hz    7
109.1dB  1841W 102.5dB @  28Hz    6
110.3dB  1843W 103.7dB @  30Hz    5
111.4dB  1844W 104.8dB @  32Hz    3
112.5dB  1846W 105.9dB @  34Hz    2
113.5dB  1847W 106.8dB @  36Hz    1
114.4dB  1849W 107.8dB @  38Hz    0
115.3dB  1850W 108.7dB @  40Hz   -0
116.2dB  1851W 109.5dB @  42Hz   -1
117.0dB  1853W 110.3dB @  44Hz   -2
117.7dB  1854W 111.1dB @  46Hz   -3
118.5dB  1855W 111.8dB @  48Hz   -4
-------------
CVR104 
      86.0dB                            400W
SplMech  Pmech SplEle     f3

 99.4dB   975W  95.5dB @  16Hz   16
101.4dB   977W  97.6dB @  18Hz   14
103.3dB   978W  99.4dB @  20Hz   12
104.9dB   979W 101.0dB @  22Hz   10
106.4dB   981W 102.6dB @  24Hz    9
107.8dB   982W 103.9dB @  26Hz    7
109.1dB   983W 105.2dB @  28Hz    6
110.3dB   984W 106.4dB @  30Hz    5
111.4dB   984W 107.5dB @  32Hz    4
112.5dB   985W 108.6dB @  34Hz    3
113.5dB   986W 109.6dB @  36Hz    2
114.4dB   987W 110.5dB @  38Hz    1
115.3dB   988W 111.4dB @  40Hz   -0
116.2dB   988W 112.2dB @  42Hz   -1
117.0dB   989W 113.0dB @  44Hz   -2
117.7dB   989W 113.8dB @  46Hz   -2
118.5dB   990W 114.6dB @  48Hz   -3
-------------
CVR122 
      87.0dB                            400W
SplMech  Pmech SplEle     f3

102.3dB  1671W  96.1dB @  16Hz   13
104.4dB  1673W  98.2dB @  18Hz   11
106.2dB  1676W 100.0dB @  20Hz    9
107.9dB  1678W 101.6dB @  22Hz    8
109.4dB  1680W 103.1dB @  24Hz    6
110.8dB  1682W 104.5dB @  26Hz    5
112.1dB  1683W 105.8dB @  28Hz    4
113.3dB  1685W 107.0dB @  30Hz    2
114.4dB  1686W 108.1dB @  32Hz    1
115.4dB  1688W 109.2dB @  34Hz    0
116.4dB  1689W 110.2dB @  36Hz   -1
117.4dB  1690W 111.1dB @  38Hz   -2
118.2dB  1692W 112.0dB @  40Hz   -3
119.1dB  1693W 112.8dB @  42Hz   -3
119.9dB  1694W 113.6dB @  44Hz   -4
120.7dB  1695W 114.4dB @  46Hz   -5
121.4dB  1696W 115.1dB @  48Hz   -6
-------------
CVR124 
      87.0dB                            400W
SplMech  Pmech SplEle     f3

102.3dB   893W  98.8dB @  16Hz   14
104.4dB   894W 100.9dB @  18Hz   12
106.2dB   896W 102.7dB @  20Hz   10
107.9dB   897W 104.4dB @  22Hz    8
109.4dB   898W 105.9dB @  24Hz    7
110.8dB   899W 107.2dB @  26Hz    5
112.1dB   900W 108.5dB @  28Hz    4
113.3dB   901W 109.7dB @  30Hz    3
114.4dB   901W 110.8dB @  32Hz    2
115.4dB   902W 111.9dB @  34Hz    1
116.4dB   903W 112.9dB @  36Hz   -0
117.4dB   904W 113.8dB @  38Hz   -1
118.2dB   904W 114.7dB @  40Hz   -2
119.1dB   905W 115.6dB @  42Hz   -3
119.9dB   905W 116.4dB @  44Hz   -4
120.7dB   906W 117.1dB @  46Hz   -5
121.4dB   906W 117.9dB @  48Hz   -5
-------------
CVR152 
      89.0dB                            500W
SplMech  Pmech SplEle     f3

106.7dB  2598W  99.6dB @  16Hz   13
108.8dB  2602W 101.6dB @  18Hz   11
110.6dB  2606W 103.4dB @  20Hz    9
112.3dB  2609W 105.1dB @  22Hz    8
113.8dB  2612W 106.6dB @  24Hz    6
115.2dB  2615W 108.0dB @  26Hz    5
116.4dB  2618W 109.3dB @  28Hz    4
117.6dB  2620W 110.5dB @  30Hz    2
118.8dB  2622W 111.6dB @  32Hz    1
119.8dB  2625W 112.6dB @  34Hz    0
120.8dB  2627W 113.6dB @  36Hz   -1
121.8dB  2629W 114.5dB @  38Hz   -2
122.6dB  2630W 115.4dB @  40Hz   -3
123.5dB  2632W 116.3dB @  42Hz   -3
124.3dB  2634W 117.1dB @  44Hz   -4
125.1dB  2635W 117.9dB @  46Hz   -5
125.8dB  2637W 118.6dB @  48Hz   -6
-------------
CVR154 
      89.0dB                            500W
SplMech  Pmech SplEle     f3

106.7dB  1390W 102.3dB @  16Hz   14
108.8dB  1393W 104.3dB @  18Hz   12
110.6dB  1395W 106.1dB @  20Hz   10
112.3dB  1396W 107.8dB @  22Hz    8
113.8dB  1398W 109.3dB @  24Hz    7
115.2dB  1400W 110.7dB @  26Hz    5
116.4dB  1401W 112.0dB @  28Hz    4
117.6dB  1402W 113.2dB @  30Hz    3
118.8dB  1404W 114.3dB @  32Hz    2
119.8dB  1405W 115.3dB @  34Hz    1
120.8dB  1406W 116.3dB @  36Hz   -0
121.8dB  1407W 117.3dB @  38Hz   -1
122.6dB  1408W 118.1dB @  40Hz   -2
123.5dB  1409W 119.0dB @  42Hz   -3
124.3dB  1410W 119.8dB @  44Hz   -4
125.1dB  1411W 120.6dB @  46Hz   -5
125.8dB  1411W 121.3dB @  48Hz   -5
-------------
CVR82  
      83.0dB                            200W
SplMech  Pmech SplEle     f3

 92.2dB   507W  88.1dB @  16Hz   15
 94.2dB   508W  90.2dB @  18Hz   13
 96.0dB   509W  92.0dB @  20Hz   11
 97.7dB   509W  93.6dB @  22Hz    9
 99.2dB   510W  95.1dB @  24Hz    8
100.6dB   511W  96.5dB @  26Hz    6
101.9dB   511W  97.8dB @  28Hz    5
103.1dB   512W  99.0dB @  30Hz    4
104.2dB   512W 100.1dB @  32Hz    3
105.3dB   513W 101.2dB @  34Hz    2
106.2dB   513W 102.2dB @  36Hz    1
107.2dB   513W 103.1dB @  38Hz   -0
108.1dB   514W 104.0dB @  40Hz   -1
108.9dB   514W 104.8dB @  42Hz   -2
109.7dB   514W 105.6dB @  44Hz   -3
110.5dB   515W 106.4dB @  46Hz   -4
111.2dB   515W 107.1dB @  48Hz   -4
-------------
CVR84  
      83.0dB                            200W
SplMech  Pmech SplEle     f3

 92.2dB   270W  90.9dB @  16Hz   15
 94.2dB   271W  92.9dB @  18Hz   13
 96.0dB   271W  94.7dB @  20Hz   11
 97.7dB   271W  96.4dB @  22Hz   10
 99.2dB   272W  97.9dB @  24Hz    8
100.6dB   272W  99.3dB @  26Hz    7
101.9dB   272W 100.5dB @  28Hz    5
103.1dB   273W 101.7dB @  30Hz    4
104.2dB   273W 102.9dB @  32Hz    3
105.3dB   273W 103.9dB @  34Hz    2
106.2dB   273W 104.9dB @  36Hz    1
107.2dB   273W 105.8dB @  38Hz    0
108.1dB   274W 106.7dB @  40Hz   -1
108.9dB   274W 107.6dB @  42Hz   -2
109.7dB   274W 108.4dB @  44Hz   -2
110.5dB   274W 109.1dB @  46Hz   -3
111.2dB   274W 109.9dB @  48Hz   -4
-------------
CVT102 
      87.0dB                            400W
SplMech  Pmech SplEle     f3

 99.4dB  8371W  86.2dB @  16Hz   20
101.4dB  8385W  88.2dB @  18Hz   18
103.3dB  8397W  90.1dB @  20Hz   16
104.9dB  8408W  91.7dB @  22Hz   14
106.4dB  8418W  93.2dB @  24Hz   13
107.8dB  8427W  94.6dB @  26Hz   11
109.1dB  8436W  95.9dB @  28Hz   10
110.3dB  8444W  97.1dB @  30Hz    9
111.4dB  8451W  98.2dB @  32Hz    8
112.5dB  8458W  99.2dB @  34Hz    7
113.5dB  8465W 100.2dB @  36Hz    6
114.4dB  8471W 101.2dB @  38Hz    5
115.3dB  8477W 102.1dB @  40Hz    4
116.2dB  8483W 102.9dB @  42Hz    3
117.0dB  8488W 103.7dB @  44Hz    2
117.7dB  8493W 104.5dB @  46Hz    1
118.5dB  8498W 105.2dB @  48Hz    1
-------------
CVT104 
      87.0dB                            400W
SplMech  Pmech SplEle     f3

 99.4dB  4766W  88.6dB @  16Hz   20
101.4dB  4773W  90.7dB @  18Hz   18
103.3dB  4780W  92.5dB @  20Hz   17
104.9dB  4787W  94.2dB @  22Hz   15
106.4dB  4792W  95.7dB @  24Hz   13
107.8dB  4798W  97.0dB @  26Hz   12
109.1dB  4802W  98.3dB @  28Hz   11
110.3dB  4807W  99.5dB @  30Hz   10
111.4dB  4811W 100.6dB @  32Hz    8
112.5dB  4815W 101.7dB @  34Hz    7
113.5dB  4819W 102.7dB @  36Hz    6
114.4dB  4823W 103.6dB @  38Hz    6
115.3dB  4826W 104.5dB @  40Hz    5
116.2dB  4829W 105.3dB @  42Hz    4
117.0dB  4832W 106.2dB @  44Hz    3
117.7dB  4835W 106.9dB @  46Hz    2
118.5dB  4838W 107.7dB @  48Hz    1
-------------
CVT122 
      87.0dB                            400W
SplMech  Pmech SplEle     f3

102.3dB  5959W  90.6dB @  16Hz   17
104.4dB  5969W  92.7dB @  18Hz   14
106.2dB  5978W  94.5dB @  20Hz   13
107.9dB  5985W  96.1dB @  22Hz   11
109.4dB  5993W  97.6dB @  24Hz   10
110.8dB  5999W  99.0dB @  26Hz    8
112.1dB  6005W 100.3dB @  28Hz    7
113.3dB  6011W 101.5dB @  30Hz    6
114.4dB  6016W 102.6dB @  32Hz    5
115.4dB  6021W 103.7dB @  34Hz    3
116.4dB  6026W 104.7dB @  36Hz    2
117.4dB  6030W 105.6dB @  38Hz    2
118.3dB  6035W 106.5dB @  40Hz    1
119.1dB  6039W 107.3dB @  42Hz   -0
119.9dB  6042W 108.1dB @  44Hz   -1
120.7dB  6046W 108.9dB @  46Hz   -2
121.4dB  6050W 109.6dB @  48Hz   -2
-------------
CVT124 
      87.0dB                            400W
SplMech  Pmech SplEle     f3

102.3dB  3389W  93.1dB @  16Hz   17
104.4dB  3394W  95.1dB @  18Hz   15
106.2dB  3399W  96.9dB @  20Hz   13
107.9dB  3404W  98.6dB @  22Hz   12
109.4dB  3408W 100.1dB @  24Hz   10
110.8dB  3412W 101.5dB @  26Hz    9
112.1dB  3415W 102.8dB @  28Hz    8
113.3dB  3418W 103.9dB @  30Hz    6
114.4dB  3421W 105.1dB @  32Hz    5
115.4dB  3424W 106.1dB @  34Hz    4
116.4dB  3427W 107.1dB @  36Hz    3
117.4dB  3429W 108.0dB @  38Hz    2
118.3dB  3432W 108.9dB @  40Hz    1
119.1dB  3434W 109.8dB @  42Hz    1
119.9dB  3436W 110.6dB @  44Hz   -0
120.7dB  3438W 111.3dB @  46Hz   -1
121.4dB  3440W 112.1dB @  48Hz   -2
-------------
CVT652 
      85.0dB                            150W
SplMech  Pmech SplEle     f3

 82.0dB   293W  79.1dB @  16Hz   21
 84.1dB   294W  81.1dB @  18Hz   19
 85.9dB   294W  83.0dB @  20Hz   17
 87.5dB   295W  84.6dB @  22Hz   16
 89.0dB   295W  86.1dB @  24Hz   14
 90.4dB   295W  87.5dB @  26Hz   13
 91.7dB   296W  88.8dB @  28Hz   11
 92.9dB   296W  90.0dB @  30Hz   10
 94.0dB   296W  91.1dB @  32Hz    9
 95.1dB   296W  92.1dB @  34Hz    8
 96.1dB   297W  93.1dB @  36Hz    7
 97.0dB   297W  94.1dB @  38Hz    6
 97.9dB   297W  95.0dB @  40Hz    5
 98.8dB   297W  95.8dB @  42Hz    4
 99.6dB   298W  96.6dB @  44Hz    4
100.4dB   298W  97.4dB @  46Hz    3
101.1dB   298W  98.1dB @  48Hz    2
-------------
CVT654 
      85.0dB                            150W
SplMech  Pmech SplEle     f3

 82.0dB   166W  81.6dB @  16Hz   22
 84.1dB   166W  83.6dB @  18Hz   20
 85.9dB   167W  85.4dB @  20Hz   18
 87.5dB   167W  87.1dB @  22Hz   16
 89.0dB   167W  88.6dB @  24Hz   15
 90.4dB   167W  90.0dB @  26Hz   13
 91.7dB   168W  91.2dB @  28Hz   12
 92.9dB   168W  92.4dB @  30Hz   11
 94.0dB   168W  93.6dB @  32Hz   10
 95.1dB   168W  94.6dB @  34Hz    9
 96.1dB   168W  95.6dB @  36Hz    8
 97.0dB   168W  96.5dB @  38Hz    7
 97.9dB   168W  97.4dB @  40Hz    6
 98.8dB   168W  98.3dB @  42Hz    5
 99.6dB   169W  99.1dB @  44Hz    4
100.4dB   169W  99.8dB @  46Hz    4
101.1dB   169W 100.6dB @  48Hz    3
-------------
CVT82  
      85.0dB                            200W
SplMech  Pmech SplEle     f3

 87.4dB  1329W  79.2dB @  16Hz   22
 89.4dB  1331W  81.2dB @  18Hz   20
 91.3dB  1333W  83.0dB @  20Hz   18
 92.9dB  1335W  84.7dB @  22Hz   17
 94.4dB  1336W  86.2dB @  24Hz   15
 95.8dB  1338W  87.6dB @  26Hz   14
 97.1dB  1339W  88.9dB @  28Hz   13
 98.3dB  1340W  90.0dB @  30Hz   11
 99.4dB  1342W  91.2dB @  32Hz   10
100.5dB  1343W  92.2dB @  34Hz    9
101.5dB  1344W  93.2dB @  36Hz    8
102.4dB  1345W  94.1dB @  38Hz    7
103.3dB  1346W  95.0dB @  40Hz    6
104.2dB  1347W  95.9dB @  42Hz    6
105.0dB  1347W  96.7dB @  44Hz    5
105.7dB  1348W  97.4dB @  46Hz    4
106.5dB  1349W  98.2dB @  48Hz    3
-------------
CVT84  
      85.0dB                            200W
SplMech  Pmech SplEle     f3

 87.4dB   755W  81.6dB @  16Hz   23
 89.4dB   757W  83.7dB @  18Hz   21
 91.3dB   758W  85.5dB @  20Hz   19
 92.9dB   759W  87.1dB @  22Hz   18
 94.4dB   760W  88.6dB @  24Hz   16
 95.8dB   760W  90.0dB @  26Hz   15
 97.1dB   761W  91.3dB @  28Hz   13
 98.3dB   762W  92.5dB @  30Hz   12
 99.4dB   763W  93.6dB @  32Hz   11
100.5dB   763W  94.7dB @  34Hz   10
101.5dB   764W  95.7dB @  36Hz    9
102.4dB   764W  96.6dB @  38Hz    8
103.3dB   765W  97.5dB @  40Hz    7
104.2dB   765W  98.3dB @  42Hz    6
105.0dB   766W  99.1dB @  44Hz    6
105.7dB   766W  99.9dB @  46Hz    5
106.5dB   767W 100.6dB @  48Hz    4
-------------
CVX102 
      87.2dB                            600W
SplMech  Pmech SplEle     f3

100.6dB 13969W  87.0dB @  16Hz   24
102.7dB 13992W  89.0dB @  18Hz   22
104.5dB 14012W  90.8dB @  20Hz   20
106.2dB 14030W  92.5dB @  22Hz   19
107.7dB 14047W  94.0dB @  24Hz   17
109.1dB 14062W  95.4dB @  26Hz   16
110.4dB 14077W  96.7dB @  28Hz   14
111.6dB 14090W  97.9dB @  30Hz   13
112.7dB 14102W  99.0dB @  32Hz   12
113.7dB 14114W 100.0dB @  34Hz   11
114.7dB 14125W 101.0dB @  36Hz   10
115.7dB 14136W 101.9dB @  38Hz    9
116.6dB 14146W 102.8dB @  40Hz    8
117.4dB 14155W 103.7dB @  42Hz    7
118.2dB 14164W 104.5dB @  44Hz    7
119.0dB 14173W 105.3dB @  46Hz    6
119.7dB 14181W 106.0dB @  48Hz    5
-------------
CVX104 
      86.6dB                            600W
SplMech  Pmech SplEle     f3

100.6dB  5154W  91.3dB @  16Hz   23
102.7dB  5163W  93.3dB @  18Hz   21
104.5dB  5170W  95.2dB @  20Hz   19
106.2dB  5177W  96.8dB @  22Hz   17
107.7dB  5183W  98.3dB @  24Hz   16
109.1dB  5189W  99.7dB @  26Hz   15
110.4dB  5194W 101.0dB @  28Hz   13
111.6dB  5199W 102.2dB @  30Hz   12
112.7dB  5204W 103.3dB @  32Hz   11
113.7dB  5208W 104.4dB @  34Hz   10
114.7dB  5212W 105.3dB @  36Hz    9
115.7dB  5216W 106.3dB @  38Hz    8
116.6dB  5219W 107.2dB @  40Hz    7
117.4dB  5223W 108.0dB @  42Hz    6
118.2dB  5226W 108.8dB @  44Hz    5
119.0dB  5229W 109.6dB @  46Hz    5
119.7dB  5232W 110.3dB @  48Hz    4
-------------
CVX122 
      87.1dB                            750W
SplMech  Pmech SplEle     f3

103.6dB 11383W  91.8dB @  16Hz   20
105.6dB 11402W  93.8dB @  18Hz   18
107.4dB 11418W  95.6dB @  20Hz   16
109.1dB 11433W  97.3dB @  22Hz   15
110.6dB 11447W  98.8dB @  24Hz   13
112.0dB 11459W 100.2dB @  26Hz   12
113.3dB 11471W 101.4dB @  28Hz   11
114.5dB 11482W 102.6dB @  30Hz    9
115.6dB 11492W 103.8dB @  32Hz    8
116.7dB 11501W 104.8dB @  34Hz    7
117.7dB 11510W 105.8dB @  36Hz    6
118.6dB 11519W 106.7dB @  38Hz    5
119.5dB 11527W 107.6dB @  40Hz    4
120.3dB 11535W 108.5dB @  42Hz    4
121.1dB 11542W 109.3dB @  44Hz    3
121.9dB 11549W 110.0dB @  46Hz    2
122.7dB 11556W 110.8dB @  48Hz    1
-------------
CVX124 
      87.2dB                            750W
SplMech  Pmech SplEle     f3

103.6dB  4912W  95.4dB @  16Hz   20
105.6dB  4920W  97.4dB @  18Hz   18
107.4dB  4927W  99.3dB @  20Hz   16
109.1dB  4934W 100.9dB @  22Hz   15
110.6dB  4940W 102.4dB @  24Hz   13
112.0dB  4945W 103.8dB @  26Hz   12
113.3dB  4950W 105.1dB @  28Hz   11
114.5dB  4955W 106.3dB @  30Hz    9
115.6dB  4959W 107.4dB @  32Hz    8
116.7dB  4963W 108.5dB @  34Hz    7
117.7dB  4967W 109.4dB @  36Hz    6
118.6dB  4971W 110.4dB @  38Hz    5
119.5dB  4974W 111.3dB @  40Hz    4
120.3dB  4978W 112.1dB @  42Hz    4
121.1dB  4981W 112.9dB @  44Hz    3
121.9dB  4984W 113.7dB @  46Hz    2
122.7dB  4987W 114.4dB @  48Hz    1
-------------
CVX152 
      92.3dB                           1000W
SplMech  Pmech SplEle     f3

109.1dB 14909W  97.3dB @  16Hz   19
111.1dB 14933W  99.4dB @  18Hz   17
112.9dB 14955W 101.2dB @  20Hz   15
114.6dB 14974W 102.8dB @  22Hz   14
116.1dB 14992W 104.3dB @  24Hz   12
117.5dB 15009W 105.7dB @  26Hz   11
118.8dB 15024W 107.0dB @  28Hz   10
120.0dB 15038W 108.2dB @  30Hz    8
121.1dB 15051W 109.3dB @  32Hz    7
122.2dB 15064W 110.4dB @  34Hz    6
123.1dB 15076W 111.4dB @  36Hz    5
124.1dB 15087W 112.3dB @  38Hz    4
125.0dB 15097W 113.2dB @  40Hz    3
125.8dB 15107W 114.0dB @  42Hz    3
126.6dB 15117W 114.8dB @  44Hz    2
127.4dB 15126W 115.6dB @  46Hz    1
128.1dB 15135W 116.3dB @  48Hz    0
-------------
CVX154 
      90.2dB                           1000W
SplMech  Pmech SplEle     f3

109.1dB  6784W 100.7dB @  16Hz   19
111.1dB  6795W 102.8dB @  18Hz   17
112.9dB  6805W 104.6dB @  20Hz   15
114.6dB  6814W 106.3dB @  22Hz   14
116.1dB  6822W 107.8dB @  24Hz   12
117.5dB  6829W 109.1dB @  26Hz   11
118.8dB  6836W 110.4dB @  28Hz   10
120.0dB  6843W 111.6dB @  30Hz    8
121.1dB  6849W 112.7dB @  32Hz    7
122.2dB  6854W 113.8dB @  34Hz    6
123.1dB  6860W 114.8dB @  36Hz    5
124.1dB  6865W 115.7dB @  38Hz    4
125.0dB  6870W 116.6dB @  40Hz    3
125.8dB  6874W 117.5dB @  42Hz    3
126.6dB  6879W 118.3dB @  44Hz    2
127.4dB  6883W 119.0dB @  46Hz    1
128.1dB  6887W 119.8dB @  48Hz    0
-------------
S10C2  
      86.0dB                            450W
SplMech  Pmech SplEle     f3

100.6dB  9776W  87.3dB @  16Hz   22
102.7dB  9792W  89.3dB @  18Hz   20
104.5dB  9806W  91.1dB @  20Hz   18
106.2dB  9819W  92.8dB @  22Hz   17
107.7dB  9831W  94.3dB @  24Hz   15
109.1dB  9841W  95.7dB @  26Hz   14
110.4dB  9851W  97.0dB @  28Hz   13
111.6dB  9861W  98.1dB @  30Hz   11
112.7dB  9869W  99.3dB @  32Hz   10
113.7dB  9877W 100.3dB @  34Hz    9
114.7dB  9885W 101.3dB @  36Hz    8
115.7dB  9893W 102.2dB @  38Hz    7
116.6dB  9899W 103.1dB @  40Hz    6
117.4dB  9906W 104.0dB @  42Hz    6
118.2dB  9912W 104.8dB @  44Hz    5
119.0dB  9918W 105.5dB @  46Hz    4
119.7dB  9924W 106.3dB @  48Hz    3
-------------
S10C4  
      86.0dB                            450W
SplMech  Pmech SplEle     f3

100.6dB  4205W  90.9dB @  16Hz   21
102.7dB  4211W  93.0dB @  18Hz   19
104.5dB  4217W  94.8dB @  20Hz   17
106.2dB  4223W  96.4dB @  22Hz   16
107.7dB  4228W  98.0dB @  24Hz   14
109.1dB  4233W  99.3dB @  26Hz   13
110.4dB  4237W 100.6dB @  28Hz   12
111.6dB  4241W 101.8dB @  30Hz   10
112.7dB  4245W 102.9dB @  32Hz    9
113.7dB  4248W 104.0dB @  34Hz    8
114.7dB  4251W 105.0dB @  36Hz    7
115.7dB  4255W 105.9dB @  38Hz    6
116.6dB  4258W 106.8dB @  40Hz    5
117.4dB  4260W 107.6dB @  42Hz    4
118.2dB  4263W 108.4dB @  44Hz    4
119.0dB  4266W 109.2dB @  46Hz    3
119.7dB  4268W 110.0dB @  48Hz    2
-------------
S10L3  
      85.3dB                            400W
SplMech  Pmech SplEle     f3

 78.4dB    13W  93.3dB @  16Hz   15
 80.5dB    13W  95.3dB @  18Hz   13
 82.3dB    13W  97.2dB @  20Hz   11
 84.0dB    13W  98.8dB @  22Hz    9
 85.5dB    13W 100.3dB @  24Hz    8
 86.9dB    13W 101.7dB @  26Hz    6
 88.1dB    13W 103.0dB @  28Hz    5
 89.3dB    13W 104.2dB @  30Hz    4
 90.5dB    13W 105.3dB @  32Hz    3
 91.5dB    13W 106.3dB @  34Hz    2
 92.5dB    13W 107.3dB @  36Hz    1
 93.4dB    13W 108.3dB @  38Hz   -0
 94.3dB    13W 109.2dB @  40Hz   -1
 95.2dB    13W 110.0dB @  42Hz   -2
 96.0dB    13W 110.8dB @  44Hz   -3
 96.8dB    13W 111.6dB @  46Hz   -4
 97.5dB    13W 112.3dB @  48Hz   -4
-------------
S10L52 
      86.3dB                            450W
SplMech  Pmech SplEle     f3

101.9dB  7935W  89.5dB @  16Hz   20
104.0dB  7947W  91.5dB @  18Hz   18
105.8dB  7959W  93.3dB @  20Hz   16
107.5dB  7969W  95.0dB @  22Hz   15
109.0dB  7979W  96.5dB @  24Hz   13
110.4dB  7988W  97.9dB @  26Hz   12
111.6dB  7996W  99.1dB @  28Hz   10
112.8dB  8003W 100.3dB @  30Hz    9
114.0dB  8010W 101.5dB @  32Hz    8
115.0dB  8017W 102.5dB @  34Hz    7
116.0dB  8023W 103.5dB @  36Hz    6
116.9dB  8029W 104.4dB @  38Hz    5
117.8dB  8035W 105.3dB @  40Hz    4
118.7dB  8040W 106.2dB @  42Hz    3
119.5dB  8045W 107.0dB @  44Hz    3
120.3dB  8050W 107.7dB @  46Hz    2
121.0dB  8055W 108.5dB @  48Hz    1
-------------
S10L54 
      86.2dB                            450W
SplMech  Pmech SplEle     f3

101.9dB  2800W  94.0dB @  16Hz   19
104.0dB  2804W  96.0dB @  18Hz   17
105.8dB  2808W  97.8dB @  20Hz   15
107.5dB  2812W  99.5dB @  22Hz   13
109.0dB  2815W 101.0dB @  24Hz   12
110.4dB  2818W 102.4dB @  26Hz   10
111.6dB  2821W 103.7dB @  28Hz    9
112.8dB  2824W 104.9dB @  30Hz    8
114.0dB  2826W 106.0dB @  32Hz    7
115.0dB  2829W 107.0dB @  34Hz    6
116.0dB  2831W 108.0dB @  36Hz    5
116.9dB  2833W 109.0dB @  38Hz    4
117.8dB  2835W 109.8dB @  40Hz    3
118.7dB  2837W 110.7dB @  42Hz    2
119.5dB  2839W 111.5dB @  44Hz    1
120.3dB  2840W 112.3dB @  46Hz    0
121.0dB  2842W 113.0dB @  48Hz   -0
-------------
S10L72 
      86.8dB                            600W
SplMech  Pmech SplEle     f3

101.3dB 10355W  89.0dB @  16Hz   22
103.4dB 10371W  91.0dB @  18Hz   20
105.2dB 10386W  92.8dB @  20Hz   18
106.9dB 10400W  94.5dB @  22Hz   17
108.4dB 10412W  96.0dB @  24Hz   15
109.8dB 10424W  97.4dB @  26Hz   14
111.0dB 10434W  98.6dB @  28Hz   13
112.2dB 10444W  99.8dB @  30Hz   11
113.4dB 10453W 101.0dB @  32Hz   10
114.4dB 10462W 102.0dB @  34Hz    9
115.4dB 10470W 103.0dB @  36Hz    8
116.3dB 10478W 103.9dB @  38Hz    7
117.2dB 10485W 104.8dB @  40Hz    6
118.1dB 10492W 105.7dB @  42Hz    6
118.9dB 10499W 106.5dB @  44Hz    5
119.7dB 10505W 107.2dB @  46Hz    4
120.4dB 10512W 108.0dB @  48Hz    3
-------------
S10L74 
      86.3dB                            600W
SplMech  Pmech SplEle     f3

101.3dB  3220W  94.0dB @  16Hz   20
103.4dB  3225W  96.1dB @  18Hz   18
105.2dB  3230W  97.9dB @  20Hz   16
106.9dB  3234W  99.5dB @  22Hz   14
108.4dB  3238W 101.0dB @  24Hz   13
109.8dB  3241W 102.4dB @  26Hz   11
111.0dB  3245W 103.7dB @  28Hz   10
112.2dB  3248W 104.9dB @  30Hz    9
113.4dB  3251W 106.0dB @  32Hz    8
114.4dB  3253W 107.1dB @  34Hz    7
115.4dB  3256W 108.1dB @  36Hz    6
116.3dB  3258W 109.0dB @  38Hz    5
117.2dB  3261W 109.9dB @  40Hz    4
118.1dB  3263W 110.7dB @  42Hz    3
118.9dB  3265W 111.5dB @  44Hz    2
119.7dB  3267W 112.3dB @  46Hz    2
120.4dB  3269W 113.0dB @  48Hz    1
-------------
S10X2  
      85.7dB                           2500W
SplMech  Pmech SplEle     f3

106.4dB 75591W  91.6dB @  16Hz   25
108.5dB 75713W  93.6dB @  18Hz   23
110.3dB 75822W  95.5dB @  20Hz   21
111.9dB 75921W  97.1dB @  22Hz   19
113.5dB 76012W  98.6dB @  24Hz   18
114.8dB 76095W 100.0dB @  26Hz   17
116.1dB 76172W 101.3dB @  28Hz   15
117.3dB 76244W 102.5dB @  30Hz   14
118.5dB 76311W 103.6dB @  32Hz   13
119.5dB 76375W 104.7dB @  34Hz   12
120.5dB 76435W 105.6dB @  36Hz   11
121.4dB 76491W 106.6dB @  38Hz   10
122.3dB 76545W 107.5dB @  40Hz    9
123.2dB 76596W 108.3dB @  42Hz    8
124.0dB 76645W 109.1dB @  44Hz    7
124.8dB 76691W 109.9dB @  46Hz    7
125.5dB 76736W 110.6dB @  48Hz    6
-------------
S10X4  
      86.0dB                           2500W
SplMech  Pmech SplEle     f3

106.4dB 24259W  96.5dB @  16Hz   23
108.5dB 24298W  98.6dB @  18Hz   21
110.3dB 24333W 100.4dB @  20Hz   19
111.9dB 24364W 102.1dB @  22Hz   18
113.5dB 24394W 103.6dB @  24Hz   16
114.8dB 24420W 104.9dB @  26Hz   15
116.1dB 24445W 106.2dB @  28Hz   14
117.3dB 24468W 107.4dB @  30Hz   12
118.5dB 24490W 108.5dB @  32Hz   11
119.5dB 24510W 109.6dB @  34Hz   10
120.5dB 24529W 110.6dB @  36Hz    9
121.4dB 24547W 111.5dB @  38Hz    8
122.3dB 24565W 112.4dB @  40Hz    7
123.2dB 24581W 113.2dB @  42Hz    6
124.0dB 24597W 114.1dB @  44Hz    6
124.8dB 24612W 114.8dB @  46Hz    5
125.5dB 24626W 115.6dB @  48Hz    4
-------------
S12C2  
      87.0dB                            600W
SplMech  Pmech SplEle     f3

103.9dB  4301W  95.4dB @  16Hz   16
106.0dB  4308W  97.4dB @  18Hz   14
107.8dB  4314W  99.2dB @  20Hz   12
109.5dB  4320W 100.9dB @  22Hz   10
111.0dB  4325W 102.4dB @  24Hz    9
112.4dB  4330W 103.8dB @  26Hz    7
113.7dB  4334W 105.1dB @  28Hz    6
114.9dB  4338W 106.3dB @  30Hz    5
116.0dB  4342W 107.4dB @  32Hz    4
117.0dB  4346W 108.4dB @  34Hz    3
118.0dB  4349W 109.4dB @  36Hz    2
119.0dB  4352W 110.4dB @  38Hz    1
119.9dB  4356W 111.2dB @  40Hz   -0
120.7dB  4358W 112.1dB @  42Hz   -1
121.5dB  4361W 112.9dB @  44Hz   -2
122.3dB  4364W 113.7dB @  46Hz   -3
123.0dB  4366W 114.4dB @  48Hz   -3
-------------
S12C4  
      87.0dB                            600W
SplMech  Pmech SplEle     f3

103.9dB  2669W  97.5dB @  16Hz   17
106.0dB  2673W  99.5dB @  18Hz   15
107.8dB  2677W 101.3dB @  20Hz   13
109.5dB  2681W 103.0dB @  22Hz   11
111.0dB  2684W 104.5dB @  24Hz   10
112.4dB  2687W 105.9dB @  26Hz    8
113.7dB  2689W 107.1dB @  28Hz    7
114.9dB  2692W 108.3dB @  30Hz    6
116.0dB  2694W 109.5dB @  32Hz    5
117.0dB  2697W 110.5dB @  34Hz    4
118.0dB  2699W 111.5dB @  36Hz    3
119.0dB  2701W 112.4dB @  38Hz    2
119.9dB  2703W 113.3dB @  40Hz    1
120.7dB  2704W 114.2dB @  42Hz    0
121.5dB  2706W 115.0dB @  44Hz   -1
122.3dB  2708W 115.7dB @  46Hz   -2
123.0dB  2709W 116.5dB @  48Hz   -2
-------------
S12L3  
      86.3dB                            400W
SplMech  Pmech SplEle     f3

 81.7dB     9W  98.0dB @  16Hz   11
 83.7dB     9W 100.0dB @  18Hz    9
 85.5dB     9W 101.9dB @  20Hz    7
 87.2dB     9W 103.5dB @  22Hz    6
 88.7dB     9W 105.0dB @  24Hz    4
 90.1dB     9W 106.4dB @  26Hz    3
 91.4dB     9W 107.7dB @  28Hz    1
 92.6dB     9W 108.9dB @  30Hz    0
 93.7dB     9W 110.0dB @  32Hz   -1
 94.8dB     9W 111.1dB @  34Hz   -2
 95.8dB     9W 112.0dB @  36Hz   -3
 96.7dB     9W 113.0dB @  38Hz   -4
 97.6dB     9W 113.9dB @  40Hz   -5
 98.4dB     9W 114.7dB @  42Hz   -6
 99.2dB     9W 115.5dB @  44Hz   -6
100.0dB     9W 116.3dB @  46Hz   -7
100.8dB     9W 117.0dB @  48Hz   -8
-------------
S12L52 
      86.8dB                            600W
SplMech  Pmech SplEle     f3

105.3dB  4619W  96.4dB @  16Hz   15
107.3dB  4626W  98.4dB @  18Hz   13
109.1dB  4633W 100.3dB @  20Hz   11
110.8dB  4639W 101.9dB @  22Hz    9
112.3dB  4645W 103.4dB @  24Hz    8
113.7dB  4650W 104.8dB @  26Hz    7
115.0dB  4654W 106.1dB @  28Hz    5
116.2dB  4659W 107.3dB @  30Hz    4
117.3dB  4663W 108.4dB @  32Hz    3
118.4dB  4667W 109.4dB @  34Hz    2
119.3dB  4670W 110.4dB @  36Hz    1
120.3dB  4674W 111.4dB @  38Hz   -0
121.2dB  4677W 112.3dB @  40Hz   -1
122.0dB  4680W 113.1dB @  42Hz   -2
122.8dB  4683W 113.9dB @  44Hz   -3
123.6dB  4686W 114.7dB @  46Hz   -3
124.3dB  4689W 115.4dB @  48Hz   -4
-------------
S12L54 
      86.9dB                            600W
SplMech  Pmech SplEle     f3

105.3dB  1871W 100.3dB @  16Hz   14
107.3dB  1874W 102.4dB @  18Hz   12
109.1dB  1877W 104.2dB @  20Hz   10
110.8dB  1880W 105.8dB @  22Hz    9
112.3dB  1882W 107.3dB @  24Hz    7
113.7dB  1884W 108.7dB @  26Hz    6
115.0dB  1886W 110.0dB @  28Hz    4
116.2dB  1888W 111.2dB @  30Hz    3
117.3dB  1889W 112.3dB @  32Hz    2
118.4dB  1891W 113.4dB @  34Hz    1
119.3dB  1892W 114.4dB @  36Hz    0
120.3dB  1894W 115.3dB @  38Hz   -1
121.2dB  1895W 116.2dB @  40Hz   -2
122.0dB  1896W 117.0dB @  42Hz   -3
122.8dB  1897W 117.8dB @  44Hz   -3
123.6dB  1899W 118.6dB @  46Hz   -4
124.3dB  1900W 119.3dB @  48Hz   -5
-------------
S12L72 
      87.3dB                            750W
SplMech  Pmech SplEle     f3

104.7dB 11630W  92.8dB @  16Hz   20
106.7dB 11649W  94.8dB @  18Hz   18
108.5dB 11666W  96.6dB @  20Hz   17
110.2dB 11681W  98.3dB @  22Hz   15
111.7dB 11695W  99.8dB @  24Hz   13
113.1dB 11708W 101.2dB @  26Hz   12
114.4dB 11720W 102.4dB @  28Hz   11
115.6dB 11731W 103.6dB @  30Hz   10
116.7dB 11741W 104.8dB @  32Hz    8
117.8dB 11751W 105.8dB @  34Hz    7
118.8dB 11760W 106.8dB @  36Hz    6
119.7dB 11769W 107.7dB @  38Hz    5
120.6dB 11777W 108.6dB @  40Hz    5
121.4dB 11785W 109.5dB @  42Hz    4
122.2dB 11792W 110.3dB @  44Hz    3
123.0dB 11800W 111.0dB @  46Hz    2
123.7dB 11806W 111.8dB @  48Hz    1
-------------
S12L74 
      87.5dB                            750W
SplMech  Pmech SplEle     f3

104.7dB  3950W  97.4dB @  16Hz   17
106.7dB  3956W  99.5dB @  18Hz   15
108.5dB  3962W 101.3dB @  20Hz   13
110.2dB  3967W 103.0dB @  22Hz   11
111.7dB  3972W 104.5dB @  24Hz   10
113.1dB  3976W 105.9dB @  26Hz    8
114.4dB  3980W 107.1dB @  28Hz    7
115.6dB  3984W 108.3dB @  30Hz    6
116.7dB  3987W 109.4dB @  32Hz    5
117.8dB  3991W 110.5dB @  34Hz    4
118.8dB  3994W 111.5dB @  36Hz    3
119.7dB  3997W 112.4dB @  38Hz    2
120.6dB  3999W 113.3dB @  40Hz    1
121.4dB  4002W 114.2dB @  42Hz    0
122.2dB  4005W 115.0dB @  44Hz   -1
123.0dB  4007W 115.7dB @  46Hz   -1
123.7dB  4009W 116.5dB @  48Hz   -2
-------------
S12X2  
      87.6dB                           2500W
SplMech  Pmech SplEle     f3

109.5dB 63100W  95.5dB @  16Hz   23
111.6dB 63202W  97.6dB @  18Hz   21
113.4dB 63293W  99.4dB @  20Hz   19
115.1dB 63376W 101.0dB @  22Hz   17
116.6dB 63451W 102.5dB @  24Hz   16
118.0dB 63521W 103.9dB @  26Hz   15
119.3dB 63585W 105.2dB @  28Hz   13
120.5dB 63646W 106.4dB @  30Hz   12
121.6dB 63702W 107.5dB @  32Hz   11
122.6dB 63755W 108.6dB @  34Hz   10
123.6dB 63805W 109.6dB @  36Hz    9
124.6dB 63852W 110.5dB @  38Hz    8
125.5dB 63897W 111.4dB @  40Hz    7
126.3dB 63939W 112.2dB @  42Hz    6
127.1dB 63980W 113.0dB @  44Hz    5
127.9dB 64019W 113.8dB @  46Hz    5
128.6dB 64056W 114.5dB @  48Hz    4
-------------
S12X4  
      87.8dB                           2500W
SplMech  Pmech SplEle     f3

109.5dB 17429W 101.1dB @  16Hz   20
111.6dB 17457W 103.2dB @  18Hz   18
113.4dB 17483W 105.0dB @  20Hz   17
115.1dB 17505W 106.6dB @  22Hz   15
116.6dB 17526W 108.1dB @  24Hz   13
118.0dB 17545W 109.5dB @  26Hz   12
119.3dB 17563W 110.8dB @  28Hz   11
120.5dB 17580W 112.0dB @  30Hz   10
121.6dB 17595W 113.1dB @  32Hz    8
122.6dB 17610W 114.2dB @  34Hz    7
123.6dB 17624W 115.2dB @  36Hz    6
124.6dB 17637W 116.1dB @  38Hz    6
125.5dB 17649W 117.0dB @  40Hz    5
126.3dB 17661W 117.8dB @  42Hz    4
127.1dB 17672W 118.6dB @  44Hz    3
127.9dB 17683W 119.4dB @  46Hz    2
128.6dB 17693W 120.1dB @  48Hz    1
-------------
S15C2  
      88.0dB                            750W
SplMech  Pmech SplEle     f3

109.1dB  6341W  99.9dB @  16Hz   14
111.2dB  6351W 101.9dB @  18Hz   12
113.0dB  6360W 103.7dB @  20Hz   10
114.7dB  6369W 105.4dB @  22Hz    8
116.2dB  6376W 106.9dB @  24Hz    7
117.6dB  6383W 108.3dB @  26Hz    5
118.9dB  6390W 109.6dB @  28Hz    4
120.1dB  6396W 110.8dB @  30Hz    3
121.2dB  6401W 111.9dB @  32Hz    2
122.2dB  6407W 112.9dB @  34Hz    1
123.2dB  6412W 113.9dB @  36Hz   -0
124.2dB  6416W 114.8dB @  38Hz   -1
125.1dB  6421W 115.7dB @  40Hz   -2
125.9dB  6425W 116.6dB @  42Hz   -3
126.7dB  6429W 117.4dB @  44Hz   -4
127.5dB  6433W 118.2dB @  46Hz   -4
128.2dB  6437W 118.9dB @  48Hz   -5
-------------
S15C4  
      88.0dB                            750W
SplMech  Pmech SplEle     f3

109.1dB  2749W 103.5dB @  16Hz   13
111.2dB  2754W 105.5dB @  18Hz   11
113.0dB  2758W 107.4dB @  20Hz   10
114.7dB  2761W 109.0dB @  22Hz    8
116.2dB  2765W 110.5dB @  24Hz    6
117.6dB  2768W 111.9dB @  26Hz    5
118.9dB  2770W 113.2dB @  28Hz    4
120.1dB  2773W 114.4dB @  30Hz    3
121.2dB  2775W 115.5dB @  32Hz    1
122.2dB  2778W 116.5dB @  34Hz    0
123.2dB  2780W 117.5dB @  36Hz   -1
124.2dB  2782W 118.5dB @  38Hz   -2
125.1dB  2784W 119.4dB @  40Hz   -2
125.9dB  2786W 120.2dB @  42Hz   -3
126.7dB  2788W 121.0dB @  44Hz   -4
127.5dB  2789W 121.8dB @  46Hz   -5
128.2dB  2791W 122.5dB @  48Hz   -6
-------------
S15L3  
      90.3dB                            500W
SplMech  Pmech SplEle     f3

 85.5dB    30W  97.7dB @  16Hz   16
 87.6dB    30W  99.8dB @  18Hz   14
 89.4dB    30W 101.6dB @  20Hz   12
 91.1dB    30W 103.2dB @  22Hz   11
 92.6dB    30W 104.8dB @  24Hz    9
 94.0dB    30W 106.1dB @  26Hz    8
 95.3dB    30W 107.4dB @  28Hz    7
 96.5dB    30W 108.6dB @  30Hz    5
 97.6dB    31W 109.7dB @  32Hz    4
 98.6dB    31W 110.8dB @  34Hz    3
 99.6dB    31W 111.8dB @  36Hz    2
100.6dB    31W 112.7dB @  38Hz    1
101.5dB    31W 113.6dB @  40Hz    0
102.3dB    31W 114.4dB @  42Hz   -0
103.1dB    31W 115.2dB @  44Hz   -1
103.9dB    31W 116.0dB @  46Hz   -2
104.6dB    31W 116.8dB @  48Hz   -3
-------------
S15L52 
      87.6dB                            750W
SplMech  Pmech SplEle     f3

110.6dB  4585W 102.8dB @  16Hz   10
112.7dB  4592W 104.8dB @  18Hz    8
114.5dB  4599W 106.6dB @  20Hz    6
116.2dB  4605W 108.3dB @  22Hz    5
117.7dB  4610W 109.8dB @  24Hz    3
119.1dB  4615W 111.2dB @  26Hz    2
120.4dB  4620W 112.5dB @  28Hz    1
121.6dB  4624W 113.7dB @  30Hz   -1
122.7dB  4629W 114.8dB @  32Hz   -2
123.7dB  4632W 115.8dB @  34Hz   -3
124.7dB  4636W 116.8dB @  36Hz   -4
125.7dB  4639W 117.7dB @  38Hz   -5
126.5dB  4643W 118.6dB @  40Hz   -6
127.4dB  4646W 119.5dB @  42Hz   -6
128.2dB  4649W 120.3dB @  44Hz   -7
129.0dB  4652W 121.1dB @  46Hz   -8
129.7dB  4654W 121.8dB @  48Hz   -9
-------------
S15L54 
      87.8dB                            750W
SplMech  Pmech SplEle     f3

110.6dB  2160W 106.0dB @  16Hz   10
112.7dB  2163W 108.1dB @  18Hz    8
114.5dB  2167W 109.9dB @  20Hz    7
116.2dB  2169W 111.6dB @  22Hz    5
117.7dB  2172W 113.1dB @  24Hz    3
119.1dB  2174W 114.4dB @  26Hz    2
120.4dB  2177W 115.7dB @  28Hz    1
121.6dB  2179W 116.9dB @  30Hz   -1
122.7dB  2181W 118.0dB @  32Hz   -2
123.7dB  2182W 119.1dB @  34Hz   -3
124.7dB  2184W 120.1dB @  36Hz   -4
125.7dB  2186W 121.0dB @  38Hz   -5
126.5dB  2187W 121.9dB @  40Hz   -5
127.4dB  2189W 122.7dB @  42Hz   -6
128.2dB  2190W 123.6dB @  44Hz   -7
129.0dB  2191W 124.3dB @  46Hz   -8
129.7dB  2193W 125.1dB @  48Hz   -9
-------------
S15L72 
      89.3dB                           1000W
SplMech  Pmech SplEle     f3

110.1dB  8462W 100.8dB @  16Hz   15
112.2dB  8476W 102.9dB @  18Hz   13
114.0dB  8488W 104.7dB @  20Hz   11
115.6dB  8499W 106.3dB @  22Hz   10
117.1dB  8509W 107.8dB @  24Hz    8
118.5dB  8518W 109.2dB @  26Hz    7
119.8dB  8527W 110.5dB @  28Hz    6
121.0dB  8535W 111.7dB @  30Hz    4
122.1dB  8543W 112.8dB @  32Hz    3
123.2dB  8550W 113.9dB @  34Hz    2
124.2dB  8557W 114.9dB @  36Hz    1
125.1dB  8563W 115.8dB @  38Hz    0
126.0dB  8569W 116.7dB @  40Hz   -1
126.9dB  8575W 117.5dB @  42Hz   -1
127.7dB  8580W 118.3dB @  44Hz   -2
128.5dB  8585W 119.1dB @  46Hz   -3
129.2dB  8590W 119.8dB @  48Hz   -4
-------------
S15L74 
      89.4dB                           1000W
SplMech  Pmech SplEle     f3

110.1dB  4009W 104.1dB @  16Hz   15
112.2dB  4015W 106.1dB @  18Hz   13
114.0dB  4021W 107.9dB @  20Hz   11
115.6dB  4026W 109.6dB @  22Hz   10
117.1dB  4031W 111.1dB @  24Hz    8
118.5dB  4036W 112.5dB @  26Hz    7
119.8dB  4040W 113.8dB @  28Hz    6
121.0dB  4044W 115.0dB @  30Hz    4
122.1dB  4047W 116.1dB @  32Hz    3
123.2dB  4050W 117.1dB @  34Hz    2
124.2dB  4054W 118.1dB @  36Hz    1
125.1dB  4057W 119.1dB @  38Hz    0
126.0dB  4059W 119.9dB @  40Hz   -1
126.9dB  4062W 120.8dB @  42Hz   -1
127.7dB  4065W 121.6dB @  44Hz   -2
128.5dB  4067W 122.4dB @  46Hz   -3
129.2dB  4070W 123.1dB @  48Hz   -4
-------------
S18X2  
      89.7dB                           5000W
SplMech  Pmech SplEle     f3

116.6dB 134649W 102.3dB @  16Hz   22
118.6dB 134867W 104.3dB @  18Hz   20
120.5dB 135061W 106.2dB @  20Hz   18
122.1dB 135237W 107.8dB @  22Hz   16
123.6dB 135399W 109.3dB @  24Hz   15
125.0dB 135547W 110.7dB @  26Hz   13
126.3dB 135685W 112.0dB @  28Hz   12
127.5dB 135813W 113.2dB @  30Hz   11
128.6dB 135933W 114.3dB @  32Hz   10
129.7dB 136046W 115.3dB @  34Hz    9
130.7dB 136152W 116.3dB @  36Hz    8
131.6dB 136253W 117.3dB @  38Hz    7
132.5dB 136349W 118.2dB @  40Hz    6
133.4dB 136440W 119.0dB @  42Hz    5
134.2dB 136526W 119.8dB @  44Hz    4
134.9dB 136610W 120.6dB @  46Hz    3
135.7dB 136689W 121.3dB @  48Hz    3
-------------
S18X4  
      89.6dB                           5000W
SplMech  Pmech SplEle     f3

116.6dB 30907W 108.7dB @  16Hz   18
118.6dB 30957W 110.7dB @  18Hz   16
120.5dB 31002W 112.5dB @  20Hz   14
122.1dB 31042W 114.2dB @  22Hz   12
123.6dB 31079W 115.7dB @  24Hz   11
125.0dB 31113W 117.1dB @  26Hz    9
126.3dB 31145W 118.4dB @  28Hz    8
127.5dB 31174W 119.6dB @  30Hz    7
128.6dB 31202W 120.7dB @  32Hz    6
129.7dB 31227W 121.7dB @  34Hz    5
130.7dB 31252W 122.7dB @  36Hz    4
131.6dB 31275W 123.7dB @  38Hz    3
132.5dB 31297W 124.5dB @  40Hz    2
133.4dB 31318W 125.4dB @  42Hz    1
134.2dB 31338W 126.2dB @  44Hz    0
134.9dB 31357W 127.0dB @  46Hz   -1
135.7dB 31375W 127.7dB @  48Hz   -1
-------------
S8C2   
      83.0dB                            300W
SplMech  Pmech SplEle     f3

 92.7dB  2021W  84.4dB @  16Hz   18
 94.7dB  2024W  86.4dB @  18Hz   16
 96.5dB  2027W  88.2dB @  20Hz   14
 98.2dB  2030W  89.9dB @  22Hz   13
 99.7dB  2032W  91.4dB @  24Hz   11
101.1dB  2035W  92.8dB @  26Hz   10
102.4dB  2037W  94.1dB @  28Hz    9
103.6dB  2039W  95.3dB @  30Hz    7
104.7dB  2040W  96.4dB @  32Hz    6
105.7dB  2042W  97.4dB @  34Hz    5
106.7dB  2044W  98.4dB @  36Hz    4
107.7dB  2045W  99.3dB @  38Hz    3
108.6dB  2047W 100.2dB @  40Hz    2
109.4dB  2048W 101.1dB @  42Hz    2
110.2dB  2049W 101.9dB @  44Hz    1
111.0dB  2050W 102.7dB @  46Hz    0
111.7dB  2052W 103.4dB @  48Hz   -1
-------------
S8C4   
      83.0dB                            300W
SplMech  Pmech SplEle     f3

 92.7dB   891W  87.9dB @  16Hz   19
 94.7dB   893W  90.0dB @  18Hz   17
 96.5dB   894W  91.8dB @  20Hz   16
 98.2dB   895W  93.4dB @  22Hz   14
 99.7dB   896W  94.9dB @  24Hz   12
101.1dB   897W  96.3dB @  26Hz   11
102.4dB   898W  97.6dB @  28Hz   10
103.6dB   899W  98.8dB @  30Hz    9
104.7dB   900W  99.9dB @  32Hz    7
105.7dB   901W 101.0dB @  34Hz    6
106.7dB   901W 102.0dB @  36Hz    5
107.7dB   902W 102.9dB @  38Hz    4
108.6dB   903W 103.8dB @  40Hz    4
109.4dB   903W 104.6dB @  42Hz    3
110.2dB   904W 105.4dB @  44Hz    2
111.0dB   904W 106.2dB @  46Hz    1
111.7dB   905W 106.9dB @  48Hz    0
-------------
S8L52  
      82.2dB                            300W
SplMech  Pmech SplEle     f3

 95.1dB  1457W  88.2dB @  16Hz   15
 97.1dB  1460W  90.3dB @  18Hz   13
 99.0dB  1462W  92.1dB @  20Hz   12
100.6dB  1464W  93.7dB @  22Hz   10
102.1dB  1465W  95.3dB @  24Hz    8
103.5dB  1467W  96.6dB @  26Hz    7
104.8dB  1468W  97.9dB @  28Hz    6
106.0dB  1470W  99.1dB @  30Hz    5
107.1dB  1471W 100.2dB @  32Hz    3
108.2dB  1472W 101.3dB @  34Hz    2
109.2dB  1474W 102.3dB @  36Hz    1
110.1dB  1475W 103.2dB @  38Hz    1
111.0dB  1476W 104.1dB @  40Hz   -0
111.9dB  1477W 104.9dB @  42Hz   -1
112.7dB  1478W 105.7dB @  44Hz   -2
113.4dB  1479W 106.5dB @  46Hz   -3
114.2dB  1479W 107.3dB @  48Hz   -4
-------------
S8L54  
      82.2dB                            300W
SplMech  Pmech SplEle     f3

 95.1dB   602W  92.1dB @  16Hz   15
 97.1dB   603W  94.1dB @  18Hz   13
 99.0dB   604W  95.9dB @  20Hz   11
100.6dB   605W  97.6dB @  22Hz    9
102.1dB   605W  99.1dB @  24Hz    8
103.5dB   606W 100.5dB @  26Hz    6
104.8dB   607W 101.8dB @  28Hz    5
106.0dB   607W 103.0dB @  30Hz    4
107.1dB   608W 104.1dB @  32Hz    3
108.2dB   608W 105.1dB @  34Hz    2
109.2dB   609W 106.1dB @  36Hz    1
110.1dB   609W 107.0dB @  38Hz   -0
111.0dB   610W 107.9dB @  40Hz   -1
111.9dB   610W 108.8dB @  42Hz   -2
112.7dB   611W 109.6dB @  44Hz   -3
113.4dB   611W 110.4dB @  46Hz   -3
114.2dB   611W 111.1dB @  48Hz   -4
-------------
S8L72  
      82.5dB                            450W
SplMech  Pmech SplEle     f3

 95.9dB  4692W  85.7dB @  16Hz   20
 97.9dB  4699W  87.7dB @  18Hz   18
 99.7dB  4706W  89.5dB @  20Hz   16
101.4dB  4712W  91.2dB @  22Hz   15
102.9dB  4718W  92.7dB @  24Hz   13
104.3dB  4723W  94.1dB @  26Hz   12
105.6dB  4728W  95.4dB @  28Hz   10
106.8dB  4732W  96.6dB @  30Hz    9
107.9dB  4736W  97.7dB @  32Hz    8
109.0dB  4740W  98.7dB @  34Hz    7
109.9dB  4744W  99.7dB @  36Hz    6
110.9dB  4748W 100.7dB @  38Hz    5
111.8dB  4751W 101.5dB @  40Hz    4
112.6dB  4754W 102.4dB @  42Hz    3
113.4dB  4757W 103.2dB @  44Hz    3
114.2dB  4760W 104.0dB @  46Hz    2
114.9dB  4763W 104.7dB @  48Hz    1
-------------
S8L74  
      83.6dB                            450W
SplMech  Pmech SplEle     f3

 95.9dB  2075W  89.2dB @  16Hz   21
 97.9dB  2078W  91.3dB @  18Hz   19
 99.7dB  2081W  93.1dB @  20Hz   17
101.4dB  2084W  94.7dB @  22Hz   15
102.9dB  2086W  96.2dB @  24Hz   14
104.3dB  2088W  97.6dB @  26Hz   12
105.6dB  2090W  98.9dB @  28Hz   11
106.8dB  2092W 100.1dB @  30Hz   10
107.9dB  2094W 101.2dB @  32Hz    9
109.0dB  2096W 102.3dB @  34Hz    8
109.9dB  2098W 103.3dB @  36Hz    7
110.9dB  2099W 104.2dB @  38Hz    6
111.8dB  2101W 105.1dB @  40Hz    5
112.6dB  2102W 105.9dB @  42Hz    4
113.4dB  2103W 106.7dB @  44Hz    3
114.2dB  2105W 107.5dB @  46Hz    2
114.9dB  2106W 108.2dB @  48Hz    2
