-------------
CP-168
-------------
 89.0dB             4.2l (1.1)                40W
SplMech  Pmech SplEle     f3

            2W  74.1dB @  27Hz 
            3W  75.1dB @  27Hz 
            4W  76.1dB @  27Hz 
            5W  77.1dB @  27Hz 
            6W  78.1dB @  27Hz 
            8W  79.1dB @  27Hz 
           10W  80.1dB @  27Hz 
           13W  81.1dB @  27Hz 
           16W  82.1dB @  27Hz 
           20W  83.1dB @  27Hz 
           25W  84.1dB @  27Hz 
           32W  85.1dB @  27Hz 
           40W  86.1dB @  27Hz 
 87.2dB    51W  86.1dB @  27Hz   19
 91.2dB    51W  90.1dB @  34Hz   15
 94.4dB    51W  93.3dB @  41Hz   11
 97.2dB    51W  96.1dB @  48Hz    9
 99.5dB    52W  98.4dB @  55Hz    6
101.6dB    52W 100.5dB @  62Hz    4
103.5dB    52W 102.4dB @  69Hz    2
105.1dB    52W 104.0dB @  76Hz    1
