-------------
CP-168                                 89.0dB   40W                      1x70mm
Rpre   Spl
      Vb      fb         SplMech Pmech  SplEle     f3       dv       lv

0.20  89.0dB --------------------------------------------------------------
    21.2l @  47.3Hz  =>  101.6dB   19W 104.8dB @  49.3Hz   1x70mm    229 mm 
    23.7l @  45.6Hz  =>  100.6dB   15W 104.8dB @  46.6Hz   1x70mm    199 mm 
    26.6l @  44.0Hz  =>   99.6dB   12W 104.8dB @  44.0Hz   1x70mm    172 mm 
*   29.8l @  42.4Hz  =>   98.7dB   10W 104.8dB @  41.6Hz   1x70mm    148 mm 
    33.4l @  40.9Hz  =>   97.7dB    8W 104.8dB @  39.3Hz   1x70mm    127 mm 
    37.4l @  39.4Hz  =>   96.7dB    6W 104.8dB @  37.1Hz   1x70mm    108 mm 
    41.9l @  38.0Hz  =>   95.7dB    5W 104.8dB @  35.1Hz   1x70mm     91 mm 
0.60  88.8dB --------------------------------------------------------------
    24.3l @  45.2Hz  =>  100.4dB   15W 104.6dB @  46.0Hz   1x70mm    193 mm 
    27.2l @  43.6Hz  =>   99.4dB   12W 104.6dB @  43.5Hz   1x70mm    167 mm 
    30.5l @  42.1Hz  =>   98.5dB   10W 104.6dB @  41.1Hz   1x70mm    144 mm 
*   34.2l @  40.6Hz  =>   97.5dB    8W 104.6dB @  38.8Hz   1x70mm    123 mm 
    38.3l @  39.1Hz  =>   96.5dB    6W 104.6dB @  36.7Hz   1x70mm    104 mm 
    42.9l @  37.7Hz  =>   95.5dB    5W 104.6dB @  34.7Hz   1x70mm     88 mm 
    48.0l @  36.4Hz  =>   94.5dB    4W 104.6dB @  32.8Hz   1x70mm     73 mm 
1.00  88.6dB --------------------------------------------------------------
    27.7l @  43.4Hz  =>   99.3dB   13W 104.3dB @  43.1Hz   1x70mm    164 mm 
    31.0l @  41.9Hz  =>   98.3dB   10W 104.3dB @  40.7Hz   1x70mm    141 mm 
    34.7l @  40.4Hz  =>   97.3dB    8W 104.3dB @  38.5Hz   1x70mm    120 mm 
*   38.9l @  38.9Hz  =>   96.3dB    6W 104.3dB @  36.4Hz   1x70mm    102 mm 
    43.6l @  37.5Hz  =>   95.4dB    5W 104.3dB @  34.4Hz   1x70mm     85 mm 
    48.8l @  36.2Hz  =>   94.4dB    4W 104.3dB @  32.5Hz   1x70mm     71 mm 
    54.7l @  34.9Hz  =>   93.4dB    3W 104.3dB @  30.7Hz   1x70mm     58 mm 
