-------------
AWM104
      88.0dB                            200W
Rpre   Spl      qtc    Vb     SplMech Pmech SplEle      f3

0.20  86.0dB:   0.5   24.5l: (121.5dB  9539W 104.7dB) @  72Hz
                0.6   12.7l: (120.5dB  7557W 104.7dB) @  68Hz
                0.7    8.1l: (120.5dB  7646W 104.7dB) @  68Hz
                0.8    5.7l: (121.9dB 10579W 104.7dB) @  74Hz
                0.9    4.3l: (122.4dB 11825W 104.7dB) @  76Hz
                1.0    3.3l: (123.0dB 13448W 104.7dB) @  78Hz
                1.1    2.7l: (123.7dB 15994W 104.7dB) @  82Hz
                1.1    2.7l: (120.9dB  8290W 104.7dB) @  69Hz ( 1064uF)

0.60  85.4dB:   0.5   41.8l: (119.6dB  6965W 104.2dB) @  64Hz
                0.6   18.3l: (118.6dB  5518W 104.2dB) @  61Hz
                0.7   11.0l: (118.6dB  5583W 104.2dB) @  61Hz
                0.8    7.5l: (120.1dB  7725W 104.2dB) @  66Hz
                0.9    5.5l: (120.5dB  8635W 104.2dB) @  68Hz
                1.0    4.3l: (121.1dB  9820W 104.2dB) @  70Hz
                1.1    3.4l: (121.9dB 11679W 104.2dB) @  73Hz
                1.1    3.4l: (119.0dB  6053W 104.2dB) @  62Hz ( 1186uF)

1.00  85.0dB:   0.5   84.9l: (117.9dB  5277W 103.7dB) @  59Hz
                0.6   26.9l: (116.9dB  4181W 103.7dB) @  55Hz
                0.7   14.9l: (117.0dB  4230W 103.7dB) @  55Hz
                0.8    9.8l: (118.4dB  5853W 103.7dB) @  60Hz
                0.9    7.1l: (118.9dB  6542W 103.7dB) @  62Hz
                1.0    5.4l: (119.4dB  7440W 103.7dB) @  64Hz
                1.1    4.3l: (120.2dB  8849W 103.7dB) @  67Hz
                1.1    4.3l: (117.3dB  4586W 103.7dB) @  57Hz ( 1305uF)

-------------
AWM124
      90.0dB                            220W
Rpre   Spl      qtc    Vb     SplMech Pmech SplEle      f3

0.20  89.3dB:   0.5   23.1l: (127.7dB 18511W 108.4dB) @  85Hz
                0.6   13.7l: (126.7dB 14666W 108.4dB) @  80Hz
                0.7    9.3l: (126.7dB 14838W 108.4dB) @  80Hz
                0.8    6.7l: (128.1dB 20530W 108.4dB) @  87Hz
                0.9    5.1l: (128.6dB 22947W 108.4dB) @  89Hz
                1.0    4.1l: (129.2dB 26097W 108.4dB) @  92Hz
                1.1    3.3l: (129.9dB 31039W 108.4dB) @  96Hz
                1.1    3.3l: (127.1dB 16087W 108.4dB) @  82Hz (  902uF)

0.60  88.7dB:   0.5   33.4l: (125.8dB 13415W 107.9dB) @  76Hz
                0.6   18.6l: (124.7dB 10629W 107.9dB) @  72Hz
                0.7   12.2l: (124.8dB 10754W 107.9dB) @  72Hz
                0.8    8.7l: (126.2dB 14878W 107.9dB) @  78Hz
                0.9    6.6l: (126.7dB 16630W 107.9dB) @  80Hz
                1.0    5.2l: (127.3dB 18913W 107.9dB) @  83Hz
                1.1    4.2l: (128.0dB 22494W 107.9dB) @  86Hz
                1.1    4.2l: (125.2dB 11659W 107.9dB) @  73Hz ( 1007uF)

1.00  88.3dB:   0.5   49.3l: (124.1dB 10089W 107.5dB) @  69Hz
                0.6   25.1l: (123.1dB  7993W 107.5dB) @  65Hz
                0.7   15.9l: (123.1dB  8087W 107.5dB) @  65Hz
                0.8   11.1l: (124.5dB 11189W 107.5dB) @  71Hz
                0.9    8.3l: (125.0dB 12507W 107.5dB) @  73Hz
                1.0    6.5l: (125.6dB 14224W 107.5dB) @  75Hz
                1.1    5.2l: (126.3dB 16917W 107.5dB) @  78Hz
                1.1    5.2l: (123.5dB  8768W 107.5dB) @  66Hz ( 1110uF)

-------------
AWX184
      98.0dB                            500W
Rpre   Spl      qtc    Vb     SplMech Pmech SplEle      f3

0.20  94.4dB:   0.5  242.9l: (124.4dB  2509W 117.4dB) @  62Hz
                0.6  136.5l: (123.4dB  1988W 117.4dB) @  58Hz
                0.7   90.0l: (123.5dB  2012W 117.4dB) @  58Hz
                0.8   64.6l: (124.9dB  2783W 117.4dB) @  63Hz
                0.9   48.9l: (125.4dB  3111W 117.4dB) @  65Hz
                1.0   38.5l: (125.9dB  3538W 117.4dB) @  67Hz
                1.1   31.1l: (126.7dB  4208W 117.4dB) @  70Hz
                1.1   31.1l: (123.8dB  2181W 117.4dB) @  59Hz ( 1164uF)

0.60  93.9dB:   0.5  350.5l: (122.8dB  1917W 116.9dB) @  56Hz
                0.6  181.7l: (121.8dB  1518W 116.9dB) @  53Hz
                0.7  115.7l: (121.8dB  1536W 116.9dB) @  53Hz
                0.8   81.6l: (123.2dB  2126W 116.9dB) @  57Hz
                0.9   61.1l: (123.7dB  2376W 116.9dB) @  59Hz
                1.0   47.8l: (124.3dB  2702W 116.9dB) @  61Hz
                1.1   38.5l: (125.0dB  3214W 116.9dB) @  64Hz
                1.1   38.5l: (122.2dB  1666W 116.9dB) @  54Hz ( 1280uF)

1.00  93.5dB:   0.5  521.4l: (121.3dB  1512W 116.5dB) @  51Hz
                0.6  240.5l: (120.3dB  1198W 116.5dB) @  49Hz
                0.7  146.9l: (120.3dB  1212W 116.5dB) @  49Hz
                0.8  101.4l: (121.8dB  1677W 116.5dB) @  53Hz
                0.9   75.0l: (122.2dB  1874W 116.5dB) @  54Hz
                1.0   58.2l: (122.8dB  2132W 116.5dB) @  56Hz
                1.1   46.6l: (123.6dB  2535W 116.5dB) @  59Hz
                1.1   46.6l: (120.7dB  1314W 116.5dB) @  50Hz ( 1392uF)

-------------
AW2000
      88.0dB                            120W
Rpre   Spl      qtc    Vb     SplMech Pmech SplEle      f3

0.20  86.5dB:   0.5   24.4l: (113.8dB  1436W 103.0dB) @  69Hz
                0.6   14.1l: (112.8dB  1138W 103.0dB) @  65Hz
                0.7    9.4l: (112.9dB  1151W 103.0dB) @  65Hz
                0.8    6.8l: (114.3dB  1593W 103.0dB) @  71Hz
                0.9    5.2l: (114.7dB  1780W 103.0dB) @  73Hz
                1.0    4.1l: (115.3dB  2024W 103.0dB) @  75Hz
                1.1    3.3l: (116.1dB  2408W 103.0dB) @  79Hz
                1.1    3.3l: (113.2dB  1248W 103.0dB) @  67Hz ( 1106uF)

0.60  86.0dB:   0.5   36.0l: (111.9dB  1048W 102.5dB) @  62Hz
                0.6   19.3l: (110.9dB   830W 102.5dB) @  58Hz
                0.7   12.4l: (111.0dB   840W 102.5dB) @  59Hz
                0.8    8.8l: (112.4dB  1162W 102.5dB) @  64Hz
                0.9    6.6l: (112.9dB  1299W 102.5dB) @  65Hz
                1.0    5.2l: (113.4dB  1477W 102.5dB) @  67Hz
                1.1    4.2l: (114.2dB  1757W 102.5dB) @  70Hz
                1.1    4.2l: (111.3dB   911W 102.5dB) @  60Hz ( 1233uF)

1.00  85.5dB:   0.5   54.9l: (110.3dB   793W 102.1dB) @  56Hz
                0.6   26.2l: (109.3dB   629W 102.1dB) @  53Hz
                0.7   16.2l: (109.3dB   636W 102.1dB) @  53Hz
                0.8   11.3l: (110.7dB   880W 102.1dB) @  58Hz
                0.9    8.4l: (111.2dB   983W 102.1dB) @  59Hz
                1.0    6.5l: (111.8dB  1118W 102.1dB) @  61Hz
                1.1    5.2l: (112.5dB  1330W 102.1dB) @  64Hz
                1.1    5.2l: (109.7dB   689W 102.1dB) @  54Hz ( 1357uF)

-------------
AW3000
      89.6dB                            180W
Rpre   Spl      qtc    Vb     SplMech Pmech SplEle      f3

0.20  88.2dB:   0.5  133.0l: (115.8dB  1543W 106.5dB) @  51Hz
                0.6   64.3l: (114.8dB  1222W 106.5dB) @  48Hz
                0.7   39.9l: (114.8dB  1237W 106.5dB) @  48Hz
                0.8   27.8l: (116.2dB  1711W 106.5dB) @  52Hz
                0.9   20.6l: (116.7dB  1913W 106.5dB) @  54Hz
                1.0   16.0l: (117.3dB  2175W 106.5dB) @  56Hz
                1.1   12.9l: (118.0dB  2587W 106.5dB) @  58Hz
                1.1   12.9l: (115.2dB  1341W 106.5dB) @  49Hz ( 1496uF)

0.60  87.7dB:   0.5  247.0l: (114.0dB  1139W 105.9dB) @  46Hz
                0.6   94.7l: (112.9dB   903W 105.9dB) @  43Hz
                0.7   54.8l: (113.0dB   913W 105.9dB) @  43Hz
                0.8   36.8l: (114.4dB  1264W 105.9dB) @  47Hz
                0.9   26.9l: (114.9dB  1412W 105.9dB) @  48Hz
                1.0   20.6l: (115.4dB  1606W 105.9dB) @  50Hz
                1.1   16.4l: (116.2dB  1911W 105.9dB) @  52Hz
                1.1   16.4l: (113.3dB   990W 105.9dB) @  44Hz ( 1663uF)

1.00  87.2dB:   0.5  650.7l: (112.3dB   873W 105.5dB) @  42Hz
                0.6  144.0l: (111.3dB   692W 105.5dB) @  39Hz
                0.7   75.0l: (111.4dB   700W 105.5dB) @  40Hz
                0.8   48.3l: (112.8dB   968W 105.5dB) @  43Hz
                0.9   34.4l: (113.3dB  1082W 105.5dB) @  44Hz
                1.0   26.0l: (113.8dB  1231W 105.5dB) @  46Hz
                1.1   20.5l: (114.6dB  1463W 105.5dB) @  48Hz
                1.1   20.5l: (111.7dB   759W 105.5dB) @  40Hz ( 1825uF)

-------------
AW3000
      93.0dB                            180W
Rpre   Spl      qtc    Vb     SplMech Pmech SplEle      f3

0.20  89.2dB:   0.5   70.3l: (118.8dB  2470W 107.5dB) @  60Hz
                0.6   40.0l: (117.8dB  1957W 107.5dB) @  57Hz
                0.7   26.5l: (117.9dB  1980W 107.5dB) @  57Hz
                0.8   19.1l: (119.3dB  2739W 107.5dB) @  62Hz
                0.9   14.5l: (119.8dB  3061W 107.5dB) @  64Hz
                1.0   11.4l: (120.3dB  3482W 107.5dB) @  66Hz
                1.1    9.2l: (121.1dB  4141W 107.5dB) @  69Hz
                1.1    9.2l: (118.2dB  2146W 107.5dB) @  58Hz ( 1265uF)

0.60  88.7dB:   0.5  105.8l: (117.0dB  1804W 107.0dB) @  54Hz
                0.6   55.1l: (116.0dB  1429W 107.0dB) @  51Hz
                0.7   35.2l: (116.0dB  1446W 107.0dB) @  51Hz
                0.8   24.8l: (117.4dB  2001W 107.0dB) @  56Hz
                0.9   18.6l: (117.9dB  2236W 107.0dB) @  57Hz
                1.0   14.5l: (118.5dB  2543W 107.0dB) @  59Hz
                1.1   11.7l: (119.2dB  3025W 107.0dB) @  62Hz
                1.1   11.7l: (116.4dB  1568W 107.0dB) @  52Hz ( 1409uF)

1.00  88.2dB:   0.5  166.3l: (115.3dB  1367W 106.5dB) @  49Hz
                0.6   75.8l: (114.3dB  1083W 106.5dB) @  46Hz
                0.7   46.1l: (114.3dB  1096W 106.5dB) @  47Hz
                0.8   31.8l: (115.8dB  1516W 106.5dB) @  51Hz
                0.9   23.5l: (116.2dB  1695W 106.5dB) @  52Hz
                1.0   18.2l: (116.8dB  1928W 106.5dB) @  54Hz
                1.1   14.6l: (117.6dB  2293W 106.5dB) @  56Hz
                1.1   14.6l: (114.7dB  1188W 106.5dB) @  48Hz ( 1550uF)

-------------
WPP150
      86.0dB                             70W
Rpre   Spl      qtc    Vb     SplMech Pmech SplEle      f3

0.20  85.8dB:   0.5   22.9l: (103.0dB    69W 103.0dB) @  85Hz
                0.6    9.9l: (102.0dB    55W 103.0dB) @  80Hz
                0.7    5.9l: (102.0dB    55W 103.0dB) @  81Hz
                0.8    4.0l: (103.4dB    77W 103.0dB) @  88Hz
                0.9    3.0l: (103.9dB    86W 103.0dB) @  90Hz
                1.0    2.3l: (104.5dB    97W 103.0dB) @  93Hz
                1.1    1.8l: (105.2dB   116W 103.0dB) @  97Hz
                1.1    1.8l: (102.4dB    60W 103.0dB) @  82Hz (  448uF)

0.60  85.6dB:   0.5   32.0l: (102.1dB    60W 102.8dB) @  81Hz
                0.6   12.0l: (101.1dB    48W 102.8dB) @  77Hz
                0.7    6.9l: (101.2dB    48W 102.8dB) @  77Hz
                0.8    4.6l: (102.6dB    67W 102.8dB) @  83Hz
                0.9    3.4l: (103.0dB    75W 102.8dB) @  86Hz
                1.0    2.6l: (103.6dB    85W 102.8dB) @  88Hz
                1.1    2.1l: (104.4dB   101W 102.8dB) @  92Hz
                1.1    2.1l: (101.5dB    52W 102.8dB) @  78Hz (  471uF)

1.00  85.3dB:   0.5   48.3l: (101.3dB    53W 102.5dB) @  77Hz
                0.6   14.7l: (100.3dB    42W 102.5dB) @  73Hz
                0.7    8.1l: (100.3dB    43W 102.5dB) @  73Hz
                0.8    5.3l: (101.8dB    59W 102.5dB) @  79Hz
                0.9    3.8l: (102.2dB    66W 102.5dB) @  82Hz
                1.0    2.9l: (102.8dB    75W 102.5dB) @  84Hz
                1.1    2.3l: (103.5dB    89W 102.5dB) @  88Hz
                1.1    2.3l: (100.7dB    46W 102.5dB) @  75Hz (  493uF)

-------------
WPP180
      86.0dB                             80W
Rpre   Spl      qtc    Vb     SplMech Pmech SplEle      f3

0.20  87.7dB:   0.5   49.9l: (107.3dB   122W 105.5dB) @  80Hz
                0.6   20.2l: (106.3dB    97W 105.5dB) @  75Hz
                0.7   11.8l: (106.3dB    98W 105.5dB) @  75Hz
                0.8    8.0l: (107.7dB   135W 105.5dB) @  82Hz
                0.9    5.9l: (108.2dB   151W 105.5dB) @  84Hz
                1.0    4.5l: (108.8dB   172W 105.5dB) @  87Hz
                1.1    3.6l: (109.5dB   205W 105.5dB) @  91Hz
                1.1    3.6l: (106.7dB   106W 105.5dB) @  77Hz (  480uF)

0.60  87.4dB:   0.5   72.3l: (106.5dB   107W 105.2dB) @  76Hz
                0.6   24.6l: (105.4dB    85W 105.2dB) @  72Hz
                0.7   13.8l: (105.5dB    86W 105.2dB) @  72Hz
                0.8    9.2l: (106.9dB   119W 105.2dB) @  78Hz
                0.9    6.6l: (107.4dB   133W 105.2dB) @  80Hz
                1.0    5.1l: (108.0dB   151W 105.2dB) @  83Hz
                1.1    4.0l: (108.7dB   180W 105.2dB) @  86Hz
                1.1    4.0l: (105.8dB    93W 105.2dB) @  73Hz (  503uF)

1.00  87.2dB:   0.5  116.3l: (105.7dB    95W 104.9dB) @  73Hz
                0.6   30.2l: (104.7dB    75W 104.9dB) @  68Hz
                0.7   16.1l: (104.7dB    76W 104.9dB) @  69Hz
                0.8   10.5l: (106.1dB   105W 104.9dB) @  74Hz
                0.9    7.5l: (106.6dB   118W 104.9dB) @  77Hz
                1.0    5.7l: (107.2dB   134W 104.9dB) @  79Hz
                1.1    4.5l: (107.9dB   159W 104.9dB) @  83Hz
                1.1    4.5l: (105.1dB    83W 104.9dB) @  70Hz (  526uF)

-------------
XAW180
      87.5dB                             80W
Rpre   Spl      qtc    Vb     SplMech Pmech SplEle      f3

0.20  87.1dB:   0.5   50.7l: (104.9dB    85W 104.6dB) @  65Hz
                0.6   24.1l: (103.9dB    67W 104.6dB) @  62Hz
                0.7   14.9l: (103.9dB    68W 104.6dB) @  62Hz
                0.8   10.3l: (105.3dB    94W 104.6dB) @  67Hz
                0.9    7.6l: (105.8dB   106W 104.6dB) @  69Hz
                1.0    5.9l: (106.4dB   120W 104.6dB) @  71Hz
                1.1    4.8l: (107.1dB   143W 104.6dB) @  74Hz
                1.1    4.8l: (104.3dB    74W 104.6dB) @  63Hz (  626uF)

0.60  86.8dB:   0.5   71.2l: (103.8dB    71W 104.3dB) @  62Hz
                0.6   30.0l: (102.8dB    57W 104.3dB) @  58Hz
                0.7   17.8l: (102.9dB    57W 104.3dB) @  58Hz
                0.8   12.1l: (104.3dB    79W 104.3dB) @  63Hz
                0.9    8.9l: (104.8dB    89W 104.3dB) @  65Hz
                1.0    6.9l: (105.3dB   101W 104.3dB) @  67Hz
                1.1    5.5l: (106.1dB   120W 104.3dB) @  70Hz
                1.1    5.5l: (103.2dB    62W 104.3dB) @  59Hz (  665uF)

1.00  86.6dB:   0.5  107.0l: (102.8dB    61W 104.0dB) @  58Hz
                0.6   37.6l: (101.8dB    48W 104.0dB) @  55Hz
                0.7   21.3l: (101.9dB    49W 104.0dB) @  55Hz
                0.8   14.2l: (103.3dB    67W 104.0dB) @  60Hz
                0.9   10.3l: (103.8dB    75W 104.0dB) @  61Hz
                1.0    7.9l: (104.3dB    85W 104.0dB) @  63Hz
                1.1    6.3l: (105.1dB   102W 104.0dB) @  66Hz
                1.1    6.3l: (102.2dB    53W 104.0dB) @  56Hz (  704uF)

-------------
XAW210
      87.1dB                            120W
Rpre   Spl      qtc    Vb     SplMech Pmech SplEle      f3

0.20  87.5dB:   0.5   14.9l: (118.4dB  2463W 105.3dB) @  83Hz
                0.6    9.1l: (117.4dB  1952W 105.3dB) @  79Hz
                0.7    6.2l: (117.4dB  1975W 105.3dB) @  79Hz
                0.8    4.6l: (118.8dB  2732W 105.3dB) @  85Hz
                0.9    3.5l: (119.3dB  3054W 105.3dB) @  88Hz
                1.0    2.8l: (119.9dB  3473W 105.3dB) @  91Hz
                1.1    2.3l: (120.6dB  4130W 105.3dB) @  95Hz
                1.1    2.3l: (117.8dB  2141W 105.3dB) @  80Hz (  688uF)

0.60  87.1dB:   0.5   19.3l: (116.9dB  1913W 104.9dB) @  76Hz
                0.6   11.4l: (115.9dB  1515W 104.9dB) @  72Hz
                0.7    7.6l: (115.9dB  1533W 104.9dB) @  72Hz
                0.8    5.6l: (117.4dB  2121W 104.9dB) @  78Hz
                0.9    4.2l: (117.8dB  2371W 104.9dB) @  81Hz
                1.0    3.3l: (118.4dB  2697W 104.9dB) @  83Hz
                1.1    2.7l: (119.1dB  3207W 104.9dB) @  87Hz
                1.1    2.7l: (116.3dB  1662W 104.9dB) @  74Hz (  749uF)

1.00  86.7dB:   0.5   25.0l: (115.5dB  1519W 104.5dB) @  71Hz
                0.6   14.1l: (114.5dB  1204W 104.5dB) @  67Hz
                0.7    9.3l: (114.6dB  1218W 104.5dB) @  67Hz
                0.8    6.7l: (116.0dB  1685W 104.5dB) @  73Hz
                0.9    5.1l: (116.5dB  1883W 104.5dB) @  75Hz
                1.0    4.0l: (117.0dB  2142W 104.5dB) @  77Hz
                1.1    3.2l: (117.8dB  2548W 104.5dB) @  80Hz
                1.1    3.2l: (114.9dB  1320W 104.5dB) @  68Hz (  811uF)

-------------
XAW310
      90.0dB                            225W
Rpre   Spl      qtc    Vb     SplMech Pmech SplEle      f3

0.20  89.8dB:   0.5   62.4l: (123.9dB  7499W 108.7dB) @  66Hz
                0.6   35.1l: (122.9dB  5941W 108.7dB) @  62Hz
                0.7   23.1l: (123.0dB  6011W 108.7dB) @  62Hz
                0.8   16.6l: (124.4dB  8317W 108.7dB) @  68Hz
                0.9   12.6l: (124.9dB  9296W 108.7dB) @  70Hz
                1.0    9.9l: (125.4dB 10572W 108.7dB) @  72Hz
                1.1    8.0l: (126.2dB 12574W 108.7dB) @  75Hz
                1.1    8.0l: (123.3dB  6517W 108.7dB) @  64Hz ( 1241uF)

0.60  89.2dB:   0.5   98.5l: (121.9dB  5339W 108.2dB) @  59Hz
                0.6   49.9l: (120.9dB  4230W 108.2dB) @  55Hz
                0.7   31.5l: (121.0dB  4280W 108.2dB) @  56Hz
                0.8   22.1l: (122.4dB  5921W 108.2dB) @  60Hz
                0.9   16.5l: (122.9dB  6618W 108.2dB) @  62Hz
                1.0   12.9l: (123.4dB  7527W 108.2dB) @  64Hz
                1.1   10.4l: (124.2dB  8952W 108.2dB) @  67Hz
                1.1   10.4l: (121.3dB  4640W 108.2dB) @  57Hz ( 1393uF)

1.00  88.7dB:   0.5  167.1l: (120.1dB  3962W 107.7dB) @  53Hz
                0.6   71.2l: (119.1dB  3139W 107.7dB) @  50Hz
                0.7   42.4l: (119.2dB  3176W 107.7dB) @  50Hz
                0.8   28.9l: (120.6dB  4394W 107.7dB) @  54Hz
                0.9   21.3l: (121.1dB  4912W 107.7dB) @  56Hz
                1.0   16.4l: (121.6dB  5586W 107.7dB) @  58Hz
                1.1   13.1l: (122.4dB  6643W 107.7dB) @  60Hz
                1.1   13.1l: (119.5dB  3443W 107.7dB) @  51Hz ( 1544uF)

-------------
Compactor SPL 610
      92.0dB                            220W
Rpre   Spl      qtc    Vb     SplMech Pmech SplEle      f3

0.20  88.8dB:   0.5   16.1l: (120.2dB  3481W 108.2dB) @  87Hz
                0.6   10.2l: (119.2dB  2758W 108.2dB) @  82Hz
                0.7    7.1l: (119.3dB  2790W 108.2dB) @  82Hz
                0.8    5.3l: (120.7dB  3860W 108.2dB) @  89Hz
                0.9    4.1l: (121.2dB  4315W 108.2dB) @  91Hz
                1.0    3.3l: (121.7dB  4907W 108.2dB) @  94Hz
                1.1    2.7l: (122.5dB  5836W 108.2dB) @  99Hz
                1.1    2.7l: (119.6dB  3025W 108.2dB) @  84Hz (  827uF)

0.60  88.3dB:   0.5   21.4l: (118.4dB  2550W 107.8dB) @  78Hz
                0.6   13.2l: (117.4dB  2020W 107.8dB) @  73Hz
                0.7    9.1l: (117.4dB  2044W 107.8dB) @  74Hz
                0.8    6.7l: (118.9dB  2828W 107.8dB) @  80Hz
                0.9    5.1l: (119.3dB  3161W 107.8dB) @  82Hz
                1.0    4.1l: (119.9dB  3594W 107.8dB) @  85Hz
                1.1    3.3l: (120.6dB  4275W 107.8dB) @  89Hz
                1.1    3.3l: (117.8dB  2216W 107.8dB) @  75Hz (  919uF)

1.00  87.9dB:   0.5   28.3l: (116.8dB  1931W 107.3dB) @  71Hz
                0.6   16.8l: (115.8dB  1530W 107.3dB) @  67Hz
                0.7   11.4l: (115.8dB  1548W 107.3dB) @  67Hz
                0.8    8.3l: (117.2dB  2141W 107.3dB) @  73Hz
                0.9    6.3l: (117.7dB  2393W 107.3dB) @  75Hz
                1.0    5.0l: (118.3dB  2722W 107.3dB) @  77Hz
                1.1    4.1l: (119.0dB  3237W 107.3dB) @  81Hz
                1.1    4.1l: (116.2dB  1678W 107.3dB) @  68Hz ( 1010uF)

-------------
Compactor SPL 812
      93.0dB                            300W
Rpre   Spl      qtc    Vb     SplMech Pmech SplEle      f3

0.20  90.7dB:   0.5   27.0l: (123.0dB  4233W 111.5dB) @  83Hz
                0.6   17.3l: (121.9dB  3354W 111.5dB) @  79Hz
                0.7   12.1l: (122.0dB  3393W 111.5dB) @  79Hz
                0.8    9.0l: (123.4dB  4695W 111.5dB) @  85Hz
                0.9    7.0l: (123.9dB  5248W 111.5dB) @  88Hz
                1.0    5.6l: (124.5dB  5968W 111.5dB) @  91Hz
                1.1    4.6l: (125.2dB  7098W 111.5dB) @  95Hz
                1.1    4.6l: (122.4dB  3679W 111.5dB) @  80Hz (  860uF)

0.60  90.2dB:   0.5   35.9l: (121.1dB  3086W 111.0dB) @  75Hz
                0.6   22.3l: (120.1dB  2445W 111.0dB) @  71Hz
                0.7   15.4l: (120.1dB  2474W 111.0dB) @  71Hz
                0.8   11.4l: (121.6dB  3422W 111.0dB) @  77Hz
                0.9    8.8l: (122.0dB  3825W 111.0dB) @  79Hz
                1.0    7.0l: (122.6dB  4350W 111.0dB) @  81Hz
                1.1    5.7l: (123.3dB  5174W 111.0dB) @  85Hz
                1.1    5.7l: (120.5dB  2682W 111.0dB) @  72Hz (  957uF)

1.00  89.8dB:   0.5   47.2l: (119.4dB  2326W 110.5dB) @  68Hz
                0.6   28.5l: (118.4dB  1843W 110.5dB) @  64Hz
                0.7   19.4l: (118.5dB  1864W 110.5dB) @  64Hz
                0.8   14.2l: (119.9dB  2579W 110.5dB) @  70Hz
                0.9   10.8l: (120.4dB  2883W 110.5dB) @  72Hz
                1.0    8.6l: (120.9dB  3279W 110.5dB) @  74Hz
                1.1    7.0l: (121.7dB  3900W 110.5dB) @  77Hz
                1.1    7.0l: (118.8dB  2021W 110.5dB) @  66Hz ( 1054uF)

-------------
WAL416
      83.0dB                             60W
Rpre   Spl      qtc    Vb     SplMech Pmech SplEle      f3

0.20  83.4dB:   0.6   31.9l: (101.4dB    45W 102.7dB) @  74Hz
                0.7    7.5l: (101.4dB    45W 102.7dB) @  74Hz
                0.8    4.0l: (102.9dB    63W 102.7dB) @  80Hz
                0.9    2.6l: (103.3dB    70W 102.7dB) @  83Hz
                1.0    1.9l: (103.9dB    80W 102.7dB) @  85Hz
                1.1    1.4l: (104.6dB    95W 102.7dB) @  89Hz
                1.1    1.4l: (101.8dB    49W 102.7dB) @  75Hz (  262uF)

0.60  83.3dB:   0.6   68.9l: (100.9dB    41W 102.5dB) @  72Hz
                0.7    9.1l: (100.9dB    42W 102.5dB) @  72Hz
                0.8    4.5l: (102.3dB    57W 102.5dB) @  78Hz
                0.9    2.9l: (102.8dB    64W 102.5dB) @  80Hz
                1.0    2.1l: (103.4dB    73W 102.5dB) @  83Hz
                1.1    1.6l: (104.1dB    87W 102.5dB) @  86Hz
                1.1    1.6l: (101.3dB    45W 102.5dB) @  73Hz (  270uF)

1.00  83.1dB:   0.7   11.2l: (100.4dB    38W 102.4dB) @  70Hz
                0.8    5.2l: (101.8dB    53W 102.4dB) @  76Hz
                0.9    3.2l: (102.3dB    59W 102.4dB) @  78Hz
                1.0    2.3l: (102.8dB    67W 102.4dB) @  80Hz
                1.1    1.7l: (103.6dB    80W 102.4dB) @  84Hz
                1.1    1.7l: (100.7dB    41W 102.4dB) @  71Hz (  278uF)

-------------
mpa WM8
      92.0dB                            120W
Rpre   Spl      qtc    Vb     SplMech Pmech SplEle      f3

0.20  92.3dB:   0.5   22.8l: (119.0dB   568W 112.2dB) @ 106Hz
                0.6   13.6l: (118.0dB   450W 112.2dB) @ 100Hz
                0.7    9.2l: (118.0dB   455W 112.2dB) @ 100Hz
                0.8    6.7l: (119.4dB   630W 112.2dB) @ 109Hz
                0.9    5.1l: (119.9dB   704W 112.2dB) @ 112Hz
                1.0    4.1l: (120.5dB   800W 112.2dB) @ 115Hz
                1.1    3.3l: (121.2dB   952W 112.2dB) @ 121Hz
                1.1    3.3l: (118.4dB   493W 112.2dB) @ 102Hz (  328uF)

0.60  92.0dB:   0.5   27.0l: (118.0dB   484W 112.0dB) @ 100Hz
                0.6   15.7l: (117.0dB   383W 112.0dB) @  95Hz
                0.7   10.5l: (117.1dB   388W 112.0dB) @  95Hz
                0.8    7.6l: (118.5dB   536W 112.0dB) @ 103Hz
                0.9    5.8l: (119.0dB   600W 112.0dB) @ 106Hz
                1.0    4.6l: (119.5dB   682W 112.0dB) @ 109Hz
                1.1    3.7l: (120.3dB   811W 112.0dB) @ 114Hz
                1.1    3.7l: (117.4dB   420W 112.0dB) @  97Hz (  346uF)

1.00  91.8dB:   0.5   32.1l: (117.1dB   416W 111.7dB) @  95Hz
                0.6   18.2l: (116.1dB   330W 111.7dB) @  90Hz
                0.7   12.0l: (116.2dB   333W 111.7dB) @  90Hz
                0.8    8.6l: (117.6dB   461W 111.7dB) @  98Hz
                0.9    6.5l: (118.1dB   516W 111.7dB) @ 101Hz
                1.0    5.1l: (118.6dB   586W 111.7dB) @ 104Hz
                1.1    4.2l: (119.4dB   697W 111.7dB) @ 109Hz
                1.1    4.2l: (116.5dB   361W 111.7dB) @  92Hz (  364uF)

-------------
XAW320HC+0
      90.0dB                            220W
Rpre   Spl      qtc    Vb     SplMech Pmech SplEle      f3

0.20  86.3dB:   0.5  175.3l: (116.9dB  2858W 105.8dB) @  42Hz
                0.6   80.9l: (115.9dB  2264W 105.8dB) @  39Hz
                0.7   49.4l: (115.9dB  2291W 105.8dB) @  39Hz
                0.8   34.1l: (117.4dB  3169W 105.8dB) @  43Hz
                0.9   25.2l: (117.8dB  3543W 105.8dB) @  44Hz
                1.0   19.6l: (118.4dB  4029W 105.8dB) @  45Hz
                1.1   15.7l: (119.1dB  4792W 105.8dB) @  47Hz
                1.1   15.7l: (116.3dB  2484W 105.8dB) @  40Hz ( 1725uF)

0.60  85.8dB:   0.5  338.3l: (115.2dB  2139W 105.3dB) @  38Hz
                0.6  118.9l: (114.1dB  1695W 105.3dB) @  35Hz
                0.7   67.3l: (114.2dB  1715W 105.3dB) @  36Hz
                0.8   44.9l: (115.6dB  2372W 105.3dB) @  39Hz
                0.9   32.6l: (116.1dB  2652W 105.3dB) @  40Hz
                1.0   24.9l: (116.7dB  3016W 105.3dB) @  41Hz
                1.1   19.8l: (117.4dB  3587W 105.3dB) @  43Hz
                1.1   19.8l: (114.6dB  1859W 105.3dB) @  36Hz ( 1906uF)

1.00  85.4dB:   0.6  182.1l: (112.6dB  1311W 104.8dB) @  32Hz
                0.7   91.9l: (112.7dB  1326W 104.8dB) @  33Hz
                0.8   58.5l: (114.1dB  1835W 104.8dB) @  35Hz
                0.9   41.4l: (114.5dB  2051W 104.8dB) @  36Hz
                1.0   31.2l: (115.1dB  2333W 104.8dB) @  37Hz
                1.1   24.5l: (115.9dB  2775W 104.8dB) @  39Hz
                1.1   24.5l: (113.0dB  1438W 104.8dB) @  33Hz ( 2084uF)

-------------
XAW320HC+1
      90.0dB                            220W
Rpre   Spl      qtc    Vb     SplMech Pmech SplEle      f3

0.20  83.7dB:   0.5  612.6l: (111.6dB  1542W 103.2dB) @  31Hz
                0.6  153.8l: (110.6dB  1222W 103.2dB) @  29Hz
                0.7   81.6l: (110.7dB  1236W 103.2dB) @  29Hz
                0.8   52.9l: (112.1dB  1710W 103.2dB) @  31Hz
                0.9   37.8l: (112.5dB  1912W 103.2dB) @  32Hz
                1.0   28.7l: (113.1dB  2174W 103.2dB) @  33Hz
                1.1   22.7l: (113.9dB  2586W 103.2dB) @  35Hz
                1.1   22.7l: (111.0dB  1340W 103.2dB) @  30Hz ( 2338uF)

0.60  83.2dB:   0.6  277.1l: (108.9dB   915W 102.7dB) @  26Hz
                0.7  120.2l: (108.9dB   926W 102.7dB) @  26Hz
                0.8   72.7l: (110.3dB  1281W 102.7dB) @  28Hz
                0.9   50.2l: (110.8dB  1432W 102.7dB) @  29Hz
                1.0   37.3l: (111.4dB  1628W 102.7dB) @  30Hz
                1.1   29.1l: (112.1dB  1936W 102.7dB) @  32Hz
                1.1   29.1l: (109.3dB  1004W 102.7dB) @  27Hz ( 2584uF)

1.00  82.8dB:   0.6  675.7l: (107.3dB   708W 102.2dB) @  24Hz
                0.7  184.5l: (107.4dB   716W 102.2dB) @  24Hz
                0.8  100.3l: (108.8dB   991W 102.2dB) @  26Hz
                0.9   66.1l: (109.3dB  1108W 102.2dB) @  27Hz
                1.0   47.9l: (109.8dB  1260W 102.2dB) @  28Hz
                1.1   36.7l: (110.6dB  1498W 102.2dB) @  29Hz
                1.1   36.7l: (107.7dB   777W 102.2dB) @  24Hz ( 2825uF)

-------------
XAW320HC+2
      90.0dB                            220W
Rpre   Spl      qtc    Vb     SplMech Pmech SplEle      f3

0.20  82.0dB:   0.6  272.3l: (107.1dB   824W 101.4dB) @  24Hz
                0.7  119.0l: (107.2dB   833W 101.4dB) @  24Hz
                0.8   72.1l: (108.6dB  1153W 101.4dB) @  26Hz
                0.9   49.9l: (109.1dB  1289W 101.4dB) @  26Hz
                1.0   37.1l: (109.6dB  1466W 101.4dB) @  27Hz
                1.1   28.9l: (110.4dB  1743W 101.4dB) @  29Hz
                1.1   28.9l: (107.5dB   904W 101.4dB) @  24Hz ( 2856uF)

0.60  81.5dB:   0.6  770.9l: (105.4dB   617W 100.9dB) @  21Hz
                0.7  193.3l: (105.4dB   624W 100.9dB) @  21Hz
                0.8  103.7l: (106.9dB   864W 100.9dB) @  23Hz
                0.9   68.0l: (107.3dB   966W 100.9dB) @  24Hz
                1.0   49.1l: (107.9dB  1098W 100.9dB) @  25Hz
                1.1   37.5l: (108.6dB  1306W 100.9dB) @  26Hz
                1.1   37.5l: (105.8dB   677W 100.9dB) @  22Hz ( 3156uF)

1.00  81.0dB:   0.7  358.3l: (103.9dB   484W 100.5dB) @  20Hz
                0.8  153.1l: (105.3dB   669W 100.5dB) @  21Hz
                0.9   92.8l: (105.8dB   748W 100.5dB) @  22Hz
                1.0   64.5l: (106.3dB   850W 100.5dB) @  23Hz
                1.1   48.2l: (107.1dB  1011W 100.5dB) @  24Hz
                1.1   48.2l: (104.2dB   524W 100.5dB) @  20Hz ( 3450uF)

-------------
XAW320HC+3
      90.0dB                            220W
Rpre   Spl      qtc    Vb     SplMech Pmech SplEle      f3

0.20  80.5dB:   0.6  547.2l: (104.3dB   598W  99.9dB) @  20Hz
                0.7  169.7l: (104.3dB   605W  99.9dB) @  20Hz
                0.8   94.5l: (105.7dB   838W  99.9dB) @  22Hz
                0.9   62.9l: (106.2dB   936W  99.9dB) @  22Hz
                1.0   45.8l: (106.8dB  1065W  99.9dB) @  23Hz
                1.1   35.2l: (107.5dB  1266W  99.9dB) @  24Hz
                1.1   35.2l: (104.7dB   656W  99.9dB) @  21Hz ( 3368uF)

0.60  80.0dB:   0.7  321.8l: (102.6dB   453W  99.4dB) @  18Hz
                0.8  143.9l: (104.0dB   627W  99.4dB) @  20Hz
                0.9   88.5l: (104.5dB   701W  99.4dB) @  20Hz
                1.0   61.9l: (105.0dB   797W  99.4dB) @  21Hz
                1.1   46.4l: (105.8dB   948W  99.4dB) @  22Hz
                1.1   46.4l: (102.9dB   491W  99.4dB) @  19Hz ( 3724uF)

1.00  79.6dB:   0.7  946.4l: (101.0dB   350W  99.0dB) @  17Hz
                0.8  234.3l: (102.4dB   485W  99.0dB) @  18Hz
                0.9  126.5l: (102.9dB   542W  99.0dB) @  19Hz
                1.0   83.5l: (103.5dB   616W  99.0dB) @  19Hz
                1.1   60.7l: (104.2dB   733W  99.0dB) @  20Hz
                1.1   60.7l: (101.4dB   380W  99.0dB) @  17Hz ( 4072uF)

