-------------
AWM104
-------------
 88.0dB             2.7l (1.1)               200W
SplMech  Pmech SplEle     f3

107.5dB  9964W  90.5dB @  32Hz   14
108.5dB  9972W  91.5dB @  34Hz   13
109.5dB  9980W  92.5dB @  36Hz   12
110.4dB  9987W  93.5dB @  38Hz   11
111.3dB  9994W  94.3dB @  40Hz   10
112.2dB 10001W  95.2dB @  42Hz   10
113.0dB 10007W  96.0dB @  44Hz    9
113.8dB 10013W  96.8dB @  46Hz    8
114.5dB 10019W  97.5dB @  48Hz    7
-------------
AWM124
-------------
 90.0dB             3.3l (1.1)               220W
SplMech  Pmech SplEle     f3

          220W  90.2dB @  30Hz 
109.7dB 19275W  90.2dB @  30Hz   18
110.8dB 19292W  91.3dB @  32Hz   17
111.8dB 19308W  92.4dB @  34Hz   16
112.8dB 19323W  93.4dB @  36Hz   15
113.8dB 19337W  94.3dB @  38Hz   14
114.7dB 19351W  95.2dB @  40Hz   13
115.5dB 19364W  96.1dB @  42Hz   12
116.3dB 19376W  96.9dB @  44Hz   12
117.1dB 19388W  97.6dB @  46Hz   11
117.8dB 19399W  98.4dB @  48Hz   10
-------------
AWX184
-------------
 98.0dB            31.1l (1.1)               500W
SplMech  Pmech SplEle     f3

101.0dB  2602W  93.9dB @  16Hz   24
103.1dB  2606W  95.9dB @  18Hz   22
           99W  90.7dB @  20Hz 
          125W  91.7dB @  20Hz 
          157W  92.7dB @  20Hz 
          198W  93.7dB @  20Hz 
          250W  94.7dB @  20Hz 
          315W  95.7dB @  20Hz 
          397W  96.7dB @  20Hz 
          500W  97.7dB @  20Hz 
104.9dB  2610W  97.7dB @  20Hz   20
106.6dB  2613W  99.4dB @  22Hz   18
108.1dB  2616W 100.9dB @  24Hz   17
109.5dB  2619W 102.3dB @  26Hz   15
110.7dB  2622W 103.6dB @  28Hz   14
           20W  90.7dB @  30Hz 
           25W  91.7dB @  30Hz 
           31W  92.7dB @  30Hz 
           39W  93.7dB @  30Hz 
           50W  94.7dB @  30Hz 
           62W  95.7dB @  30Hz 
           79W  96.7dB @  30Hz 
           99W  97.7dB @  30Hz 
          125W  98.7dB @  30Hz 
          157W  99.7dB @  30Hz 
          198W 100.7dB @  30Hz 
          250W 101.7dB @  30Hz 
          315W 102.7dB @  30Hz 
          397W 103.7dB @  30Hz 
          500W 104.7dB @  30Hz 
111.9dB  2624W 104.7dB @  30Hz   13
113.1dB  2627W 105.9dB @  32Hz   12
114.1dB  2629W 106.9dB @  34Hz   11
115.1dB  2631W 107.9dB @  36Hz   10
116.1dB  2633W 108.8dB @  38Hz    9
116.9dB  2635W 109.7dB @  40Hz    8
117.8dB  2637W 110.6dB @  42Hz    7
118.6dB  2638W 111.4dB @  44Hz    6
119.4dB  2640W 112.1dB @  46Hz    5
120.1dB  2641W 112.9dB @  48Hz    5
-------------
AW3000
-------------
 89.6dB            12.9l (1.1)               180W
SplMech  Pmech SplEle     f3

101.2dB  1611W  91.7dB @  22Hz   15
102.7dB  1613W  93.2dB @  24Hz   13
104.1dB  1615W  94.5dB @  26Hz   12
105.4dB  1616W  95.8dB @  28Hz   11
           45W  91.0dB @  30Hz 
           57W  92.0dB @  30Hz 
           71W  93.0dB @  30Hz 
           90W  94.0dB @  30Hz 
          113W  95.0dB @  30Hz 
          143W  96.0dB @  30Hz 
          180W  97.0dB @  30Hz 
106.6dB  1618W  97.0dB @  30Hz    9
107.7dB  1619W  98.1dB @  32Hz    8
108.7dB  1621W  99.2dB @  34Hz    7
109.7dB  1622W 100.2dB @  36Hz    6
110.7dB  1623W 101.1dB @  38Hz    5
111.6dB  1624W 102.0dB @  40Hz    4
112.4dB  1625W 102.8dB @  42Hz    4
113.2dB  1626W 103.7dB @  44Hz    3
114.0dB  1627W 104.4dB @  46Hz    2
114.7dB  1628W 105.2dB @  48Hz    1
-------------
WPP180
-------------
 86.0dB             3.6l (1.1)                80W
SplMech  Pmech SplEle     f3

 92.5dB   128W  90.5dB @  34Hz   15
 93.5dB   128W  91.5dB @  36Hz   14
 94.5dB   128W  92.4dB @  38Hz   13
 95.3dB   128W  93.3dB @  40Hz   12
 96.2dB   128W  94.2dB @  42Hz   11
 97.0dB   128W  95.0dB @  44Hz   11
 97.8dB   128W  95.7dB @  46Hz   10
 98.5dB   128W  96.5dB @  48Hz    9
-------------
XAW180
-------------
 87.5dB             4.8l (1.1)                80W
SplMech  Pmech SplEle     f3

           80W  90.9dB @  30Hz 
 91.3dB    89W  90.9dB @  30Hz   14
 92.5dB    89W  92.0dB @  32Hz   13
 93.5dB    89W  93.0dB @  34Hz   12
 94.5dB    89W  94.0dB @  36Hz   11
 95.5dB    89W  95.0dB @  38Hz   10
 96.3dB    89W  95.9dB @  40Hz    9
 97.2dB    89W  96.7dB @  42Hz    8
 98.0dB    89W  97.5dB @  44Hz    7
 98.8dB    90W  98.3dB @  46Hz    6
 99.5dB    90W  99.0dB @  48Hz    6
-------------
XAW210
-------------
 87.1dB             2.3l (1.1)               120W
SplMech  Pmech SplEle     f3

103.8dB  2572W  90.5dB @  36Hz   15
104.8dB  2574W  91.5dB @  38Hz   14
105.7dB  2576W  92.3dB @  40Hz   13
106.5dB  2577W  93.2dB @  42Hz   12
107.3dB  2579W  94.0dB @  44Hz   11
108.1dB  2581W  94.8dB @  46Hz   11
108.8dB  2582W  95.5dB @  48Hz   10
-------------
XAW310
-------------
 90.0dB             8.0l (1.1)               225W
SplMech  Pmech SplEle     f3

106.4dB  7811W  91.0dB @  24Hz   18
107.8dB  7820W  92.4dB @  26Hz   16
109.1dB  7828W  93.6dB @  28Hz   15
           89W  90.8dB @  30Hz 
          112W  91.8dB @  30Hz 
          142W  92.8dB @  30Hz 
          179W  93.8dB @  30Hz 
          225W  94.8dB @  30Hz 
110.3dB  7835W  94.8dB @  30Hz   14
111.4dB  7842W  96.0dB @  32Hz   13
112.4dB  7849W  97.0dB @  34Hz   12
113.4dB  7855W  98.0dB @  36Hz   11
114.4dB  7860W  98.9dB @  38Hz   10
115.3dB  7866W  99.8dB @  40Hz    9
116.1dB  7871W 100.7dB @  42Hz    8
116.9dB  7876W 101.5dB @  44Hz    7
117.7dB  7881W 102.2dB @  46Hz    6
118.4dB  7886W 103.0dB @  48Hz    6
-------------
Compactor SPL 610
-------------
 92.0dB             2.7l (1.1)               220W
SplMech  Pmech SplEle     f3

103.0dB  3626W  90.8dB @  32Hz   17
104.0dB  3629W  91.8dB @  34Hz   16
105.0dB  3632W  92.8dB @  36Hz   15
105.9dB  3635W  93.8dB @  38Hz   14
106.8dB  3638W  94.6dB @  40Hz   14
107.7dB  3640W  95.5dB @  42Hz   13
108.5dB  3642W  96.3dB @  44Hz   12
109.3dB  3644W  97.1dB @  46Hz   11
110.0dB  3647W  97.8dB @  48Hz   10
-------------
Compactor SPL 812
-------------
 93.0dB             4.6l (1.1)               300W
SplMech  Pmech SplEle     f3

102.8dB  4400W  91.1dB @  26Hz   20
104.0dB  4405W  92.4dB @  28Hz   19
          150W  90.6dB @  30Hz 
          189W  91.6dB @  30Hz 
          238W  92.6dB @  30Hz 
          300W  93.6dB @  30Hz 
105.2dB  4409W  93.6dB @  30Hz   18
106.4dB  4413W  94.7dB @  32Hz   17
107.4dB  4416W  95.7dB @  34Hz   16
108.4dB  4420W  96.7dB @  36Hz   15
109.3dB  4423W  97.7dB @  38Hz   14
110.2dB  4426W  98.5dB @  40Hz   13
111.1dB  4429W  99.4dB @  42Hz   12
111.9dB  4432W 100.2dB @  44Hz   11
112.7dB  4435W 101.0dB @  46Hz   10
113.4dB  4437W 101.7dB @  48Hz   10
-------------
mpa WM8
-------------
 92.0dB             3.3l (1.1)               120W
SplMech  Pmech SplEle     f3

          120W  90.1dB @  30Hz 
 97.1dB   589W  90.1dB @  30Hz   22
 98.2dB   590W  91.3dB @  32Hz   21
 99.2dB   590W  92.3dB @  34Hz   20
100.2dB   591W  93.3dB @  36Hz   19
101.2dB   591W  94.2dB @  38Hz   18
102.1dB   592W  95.1dB @  40Hz   17
102.9dB   592W  96.0dB @  42Hz   16
103.7dB   592W  96.8dB @  44Hz   15
104.5dB   593W  97.5dB @  46Hz   15
105.2dB   593W  98.3dB @  48Hz   14
-------------
XAW320HC+0
-------------
 90.0dB            15.7l (1.1)               220W
SplMech  Pmech SplEle     f3

102.4dB  2984W  91.1dB @  18Hz   15
          139W  90.9dB @  20Hz 
          175W  91.9dB @  20Hz 
          220W  92.9dB @  20Hz 
104.2dB  2988W  92.9dB @  20Hz   13
105.9dB  2992W  94.5dB @  22Hz   11
107.4dB  2996W  96.0dB @  24Hz   10
108.8dB  2999W  97.4dB @  26Hz    8
110.1dB  3002W  98.7dB @  28Hz    7
           27W  90.9dB @  30Hz 
           35W  91.9dB @  30Hz 
           44W  92.9dB @  30Hz 
           55W  93.9dB @  30Hz 
           69W  94.9dB @  30Hz 
           87W  95.9dB @  30Hz 
          110W  96.9dB @  30Hz 
          139W  97.9dB @  30Hz 
          175W  98.9dB @  30Hz 
          220W  99.9dB @  30Hz 
111.3dB  3005W  99.9dB @  30Hz    6
112.4dB  3008W 101.0dB @  32Hz    5
113.4dB  3010W 102.1dB @  34Hz    4
114.4dB  3012W 103.1dB @  36Hz    3
115.4dB  3015W 104.0dB @  38Hz    2
116.3dB  3017W 104.9dB @  40Hz    1
117.1dB  3019W 105.7dB @  42Hz    0
117.9dB  3021W 106.5dB @  44Hz   -1
118.7dB  3023W 107.3dB @  46Hz   -2
119.4dB  3024W 108.0dB @  48Hz   -2
-------------
XAW320HC+1
-------------
 90.0dB            22.7l (1.1)               220W
SplMech  Pmech SplEle     f3

100.3dB  1614W  91.7dB @  16Hz   11
102.4dB  1617W  93.7dB @  18Hz    9
           69W  90.5dB @  20Hz 
           87W  91.5dB @  20Hz 
          110W  92.5dB @  20Hz 
          139W  93.5dB @  20Hz 
          175W  94.5dB @  20Hz 
          220W  95.5dB @  20Hz 
104.2dB  1619W  95.5dB @  20Hz    8
105.9dB  1622W  97.2dB @  22Hz    6
107.4dB  1623W  98.7dB @  24Hz    4
108.8dB  1625W 100.1dB @  26Hz    3
110.1dB  1627W 101.4dB @  28Hz    2
           14W  90.5dB @  30Hz 
           17W  91.5dB @  30Hz 
           22W  92.5dB @  30Hz 
           27W  93.5dB @  30Hz 
           35W  94.5dB @  30Hz 
           44W  95.5dB @  30Hz 
           55W  96.5dB @  30Hz 
           69W  97.5dB @  30Hz 
           87W  98.6dB @  30Hz 
          110W  99.6dB @  30Hz 
          139W 100.6dB @  30Hz 
          175W 101.6dB @  30Hz 
          220W 102.6dB @  30Hz 
111.3dB  1628W 102.6dB @  30Hz    1
112.4dB  1630W 103.7dB @  32Hz   -1
113.4dB  1631W 104.7dB @  34Hz   -2
114.4dB  1633W 105.7dB @  36Hz   -3
115.4dB  1634W 106.7dB @  38Hz   -3
116.3dB  1635W 107.5dB @  40Hz   -4
117.1dB  1636W 108.4dB @  42Hz   -5
117.9dB  1637W 109.2dB @  44Hz   -6
118.7dB  1638W 110.0dB @  46Hz   -7
119.4dB  1639W 110.7dB @  48Hz   -8
-------------
XAW320HC+2
-------------
 90.0dB            28.9l (1.1)               220W
SplMech  Pmech SplEle     f3

100.3dB  1091W  93.4dB @  16Hz    8
102.4dB  1093W  95.4dB @  18Hz    6
           44W  90.2dB @  20Hz 
           55W  91.2dB @  20Hz 
           69W  92.2dB @  20Hz 
           87W  93.2dB @  20Hz 
          110W  94.2dB @  20Hz 
          139W  95.2dB @  20Hz 
          175W  96.2dB @  20Hz 
          220W  97.2dB @  20Hz 
104.2dB  1095W  97.2dB @  20Hz    4
105.9dB  1096W  98.9dB @  22Hz    2
107.4dB  1098W 100.4dB @  24Hz    1
108.8dB  1099W 101.8dB @  26Hz   -0
110.1dB  1100W 103.1dB @  28Hz   -2
            9W  90.2dB @  30Hz 
           11W  91.2dB @  30Hz 
           14W  92.2dB @  30Hz 
           17W  93.2dB @  30Hz 
           22W  94.2dB @  30Hz 
           27W  95.2dB @  30Hz 
           35W  96.2dB @  30Hz 
           44W  97.2dB @  30Hz 
           55W  98.2dB @  30Hz 
           69W  99.2dB @  30Hz 
           87W 100.3dB @  30Hz 
          110W 101.3dB @  30Hz 
          139W 102.3dB @  30Hz 
          175W 103.3dB @  30Hz 
          220W 104.3dB @  30Hz 
111.3dB  1101W 104.3dB @  30Hz   -3
112.4dB  1102W 105.4dB @  32Hz   -4
113.4dB  1103W 106.4dB @  34Hz   -5
114.4dB  1104W 107.4dB @  36Hz   -6
115.4dB  1104W 108.4dB @  38Hz   -7
116.3dB  1105W 109.2dB @  40Hz   -8
117.1dB  1106W 110.1dB @  42Hz   -9
117.9dB  1107W 110.9dB @  44Hz  -10
118.7dB  1107W 111.7dB @  46Hz  -10
119.4dB  1108W 112.4dB @  48Hz  -11
-------------
XAW320HC+3
-------------
 90.0dB            35.2l (1.1)               220W
SplMech  Pmech SplEle     f3

100.3dB   795W  94.8dB @  16Hz    5
102.4dB   796W  96.8dB @  18Hz    3
           35W  90.6dB @  20Hz 
           44W  91.6dB @  20Hz 
           55W  92.6dB @  20Hz 
           69W  93.6dB @  20Hz 
           87W  94.6dB @  20Hz 
          110W  95.6dB @  20Hz 
          139W  96.6dB @  20Hz 
          175W  97.6dB @  20Hz 
          220W  98.6dB @  20Hz 
104.2dB   797W  98.6dB @  20Hz    1
105.9dB   798W 100.3dB @  22Hz   -0
107.4dB   799W 101.8dB @  24Hz   -2
108.8dB   800W 103.2dB @  26Hz   -3
110.1dB   801W 104.5dB @  28Hz   -5
            7W  90.6dB @  30Hz 
            9W  91.6dB @  30Hz 
           11W  92.6dB @  30Hz 
           14W  93.6dB @  30Hz 
           17W  94.6dB @  30Hz 
           22W  95.6dB @  30Hz 
           27W  96.6dB @  30Hz 
           35W  97.6dB @  30Hz 
           44W  98.6dB @  30Hz 
           55W  99.6dB @  30Hz 
           69W 100.6dB @  30Hz 
           87W 101.6dB @  30Hz 
          110W 102.6dB @  30Hz 
          139W 103.6dB @  30Hz 
          175W 104.6dB @  30Hz 
          220W 105.6dB @  30Hz 
111.3dB   801W 105.6dB @  30Hz   -6
112.4dB   802W 106.8dB @  32Hz   -7
113.4dB   803W 107.8dB @  34Hz   -8
114.4dB   803W 108.8dB @  36Hz   -9
115.4dB   804W 109.7dB @  38Hz  -10
116.3dB   805W 110.6dB @  40Hz  -11
117.1dB   805W 111.5dB @  42Hz  -12
117.9dB   806W 112.3dB @  44Hz  -12
118.7dB   806W 113.0dB @  46Hz  -13
119.4dB   807W 113.8dB @  48Hz  -14
