-------------
sph8xtb
                    87.0dB            80W
         qts   f3   Spl     SplMech Pmech  SplEle  
        0.56  44Hz  86.9dB  109.4dB  178W  105.9dB
-------------
sph300tc
                    91.0dB           180W
  R||    qts   f3   Spl     SplMech Pmech  SplEle  
  22.0  0.50  33Hz  88.6dB  104.2dB   37W  111.2dB
  33.0  0.53  31Hz  88.6dB  103.0dB   27W  111.2dB
  47.0  0.54  31Hz  88.6dB  103.0dB   27W  111.2dB
  68.0  0.56  30Hz  88.6dB  102.2dB   23W  111.2dB
 100.0  0.57  30Hz  88.6dB  102.2dB   23W  111.2dB
 150.0  0.58  29Hz  88.6dB  101.5dB   20W  111.2dB
9999.0  0.60  29Hz  88.6dB  101.5dB   20W  111.2dB
-------------
sph380tc
                    89.0dB           375W
  R||    qts   f3   Spl     SplMech Pmech  SplEle  
  47.0  0.50  32Hz  88.3dB  116.8dB  708W  114.1dB
  68.0  0.51  32Hz  88.3dB  116.8dB  708W  114.1dB
 100.0  0.52  32Hz  88.3dB  116.8dB  708W  114.1dB
 150.0  0.52  32Hz  88.3dB  116.8dB  708W  114.1dB
9999.0  0.53  30Hz  88.3dB  115.6dB  532W  114.1dB
-------------
sph390tc
                    96.0dB           225W
  R||    qts   f3   Spl     SplMech Pmech  SplEle  
  68.0  0.51  33Hz  89.4dB  113.8dB  272W  113.0dB
 100.0  0.52  33Hz  89.4dB  113.8dB  272W  113.0dB
 150.0  0.53  31Hz  89.4dB  112.6dB  205W  113.0dB
9999.0  0.55  31Hz  89.4dB  112.6dB  205W  113.0dB
