-------------
sph165kep
      89.0dB                             60W
Rpre   Spl      qtc    Vb     SplMech Pmech SplEle      f3

0.20  86.6dB:   0.5   26.0l: (106.4dB   126W 103.2dB) @  68Hz
                0.6   14.9l: (105.4dB   100W 103.2dB) @  64Hz
                0.7    9.9l: (105.4dB   101W 103.2dB) @  65Hz
                0.8    7.2l: (106.8dB   139W 103.2dB) @  70Hz
                0.9    5.4l: (107.3dB   156W 103.2dB) @  72Hz
                1.0    4.3l: (107.9dB   177W 103.2dB) @  74Hz
                1.1    3.5l: (108.6dB   211W 103.2dB) @  78Hz
                1.1    3.5l: (105.8dB   109W 103.2dB) @  66Hz (  559uF)

0.60  86.4dB:   0.5   31.9l: (105.4dB   106W 102.9dB) @  64Hz
                0.6   17.6l: (104.3dB    84W 102.9dB) @  61Hz
                0.7   11.5l: (104.4dB    85W 102.9dB) @  61Hz
                0.8    8.2l: (105.8dB   118W 102.9dB) @  66Hz
                0.9    6.2l: (106.3dB   131W 102.9dB) @  68Hz
                1.0    4.9l: (106.8dB   149W 102.9dB) @  70Hz
                1.1    4.0l: (107.6dB   178W 102.9dB) @  73Hz
                1.1    4.0l: (104.7dB    92W 102.9dB) @  62Hz (  593uF)

1.00  86.1dB:   0.5   39.4l: (104.4dB    90W 102.6dB) @  61Hz
                0.6   20.8l: (103.4dB    72W 102.6dB) @  58Hz
                0.7   13.3l: (103.4dB    72W 102.6dB) @  58Hz
                0.8    9.4l: (104.9dB   100W 102.6dB) @  63Hz
                0.9    7.1l: (105.3dB   112W 102.6dB) @  64Hz
                1.0    5.5l: (105.9dB   127W 102.6dB) @  66Hz
                1.1    4.5l: (106.6dB   151W 102.6dB) @  69Hz
                1.1    4.5l: (103.8dB    78W 102.6dB) @  59Hz (  626uF)

-------------
sph8xtb
      87.0dB                             80W
Rpre   Spl      qtc    Vb     SplMech Pmech SplEle      f3

0.20  86.9dB:   0.6  400.6l: (108.3dB   302W 102.6dB) @  41Hz
                0.7   99.2l: (108.4dB   306W 102.6dB) @  41Hz
                0.8   53.1l: (109.8dB   423W 102.6dB) @  45Hz
                0.9   34.8l: (110.3dB   473W 102.6dB) @  46Hz
                1.0   25.1l: (110.8dB   538W 102.6dB) @  48Hz
                1.1   19.2l: (111.6dB   640W 102.6dB) @  50Hz
                1.1   19.2l: (108.7dB   332W 102.6dB) @  42Hz ( 1415uF)

0.60  86.5dB:   0.7  173.9l: (107.0dB   243W 102.1dB) @  38Hz
                0.8   75.9l: (108.4dB   336W 102.1dB) @  41Hz
                0.9   46.3l: (108.9dB   375W 102.1dB) @  43Hz
                1.0   32.3l: (109.4dB   427W 102.1dB) @  44Hz
                1.1   24.2l: (110.2dB   508W 102.1dB) @  46Hz
                1.1   24.2l: (107.3dB   263W 102.1dB) @  39Hz ( 1536uF)

1.00  86.1dB:   0.7  412.9l: (105.7dB   198W 101.8dB) @  35Hz
                0.8  113.2l: (107.1dB   273W 101.8dB) @  38Hz
                0.9   62.1l: (107.6dB   306W 101.8dB) @  40Hz
                1.0   41.3l: (108.1dB   347W 101.8dB) @  41Hz
                1.1   30.1l: (108.9dB   413W 101.8dB) @  43Hz
                1.1   30.1l: (106.0dB   214W 101.8dB) @  36Hz ( 1654uF)

-------------
sp200x
      92.0dB                             35W
Rpre   Spl      qtc    Vb     SplMech Pmech SplEle      f3

0.20  91.1dB:   0.6  160.1l: (100.4dB    10W 106.0dB) @  65Hz
                0.7   62.4l: (100.5dB    10W 106.0dB) @  65Hz
                0.8   36.6l: (101.9dB    13W 106.0dB) @  71Hz
                0.9   24.9l: (102.4dB    15W 106.0dB) @  73Hz
                1.0   18.4l: (102.9dB    17W 106.0dB) @  75Hz
                1.1   14.2l: (103.7dB    20W 106.0dB) @  78Hz
                1.1   14.2l: (100.8dB    11W 106.0dB) @  67Hz (  462uF)

0.60  90.8dB:   0.6  235.1l: ( 99.8dB     9W 105.8dB) @  63Hz
                0.7   75.1l: ( 99.8dB     9W 105.8dB) @  63Hz
                0.8   42.1l: (101.2dB    12W 105.8dB) @  68Hz
                0.9   28.1l: (101.7dB    14W 105.8dB) @  70Hz
                1.0   20.5l: (102.3dB    15W 105.8dB) @  72Hz
                1.1   15.8l: (103.0dB    18W 105.8dB) @  75Hz
                1.1   15.8l: (100.2dB    10W 105.8dB) @  64Hz (  480uF)

1.00  90.6dB:   0.6  397.0l: ( 99.1dB     8W 105.6dB) @  60Hz
                0.7   91.3l: ( 99.2dB     8W 105.6dB) @  61Hz
                0.8   48.4l: (100.6dB    11W 105.6dB) @  66Hz
                0.9   31.5l: (101.1dB    12W 105.6dB) @  67Hz
                1.0   22.7l: (101.6dB    14W 105.6dB) @  70Hz
                1.1   17.3l: (102.4dB    17W 105.6dB) @  73Hz
                1.1   17.3l: ( 99.5dB     9W 105.6dB) @  62Hz (  497uF)

-------------
sph200tc
      88.0dB                            120W
Rpre   Spl      qtc    Vb     SplMech Pmech SplEle      f3

0.20  89.2dB:   0.5   22.6l: (111.5dB   408W 106.2dB) @  80Hz
                0.6   14.2l: (110.5dB   323W 106.2dB) @  75Hz
                0.7    9.8l: (110.6dB   327W 106.2dB) @  76Hz
                0.8    7.3l: (112.0dB   452W 106.2dB) @  82Hz
                0.9    5.6l: (112.5dB   505W 106.2dB) @  84Hz
                1.0    4.5l: (113.0dB   575W 106.2dB) @  87Hz
                1.1    3.7l: (113.8dB   684W 106.2dB) @  91Hz
                1.1    3.7l: (110.9dB   354W 106.2dB) @  77Hz (  843uF)

0.60  88.7dB:   0.5   29.9l: (109.8dB   303W 105.8dB) @  72Hz
                0.6   18.2l: (108.8dB   240W 105.8dB) @  68Hz
                0.7   12.5l: (108.8dB   243W 105.8dB) @  68Hz
                0.8    9.1l: (110.2dB   336W 105.8dB) @  74Hz
                0.9    7.0l: (110.7dB   375W 105.8dB) @  76Hz
                1.0    5.6l: (111.3dB   427W 105.8dB) @  79Hz
                1.1    4.5l: (112.0dB   508W 105.8dB) @  82Hz
                1.1    4.5l: (109.2dB   263W 105.8dB) @  70Hz (  932uF)

1.00  88.3dB:   0.5   39.5l: (108.2dB   232W 105.4dB) @  66Hz
                0.6   23.2l: (107.2dB   183W 105.4dB) @  62Hz
                0.7   15.5l: (107.3dB   186W 105.4dB) @  62Hz
                0.8   11.3l: (108.7dB   257W 105.4dB) @  68Hz
                0.9    8.6l: (109.1dB   287W 105.4dB) @  70Hz
                1.0    6.8l: (109.7dB   326W 105.4dB) @  72Hz
                1.1    5.5l: (110.5dB   388W 105.4dB) @  75Hz
                1.1    5.5l: (107.6dB   201W 105.4dB) @  64Hz ( 1021uF)

-------------
sph200ctc
      88.0dB                            120W
Rpre   Spl      qtc    Vb     SplMech Pmech SplEle      f3

0.20  87.0dB:   0.5   20.6l: (109.1dB   380W 104.1dB) @  69Hz
                0.6   13.2l: (108.1dB   301W 104.1dB) @  65Hz
                0.7    9.3l: (108.1dB   305W 104.1dB) @  65Hz
                0.8    6.9l: (109.5dB   422W 104.1dB) @  71Hz
                0.9    5.3l: (110.0dB   472W 104.1dB) @  73Hz
                1.0    4.3l: (110.6dB   536W 104.1dB) @  75Hz
                1.1    3.5l: (111.3dB   638W 104.1dB) @  78Hz
                1.1    3.5l: (108.5dB   331W 104.1dB) @  66Hz (  980uF)

0.60  86.5dB:   0.5   26.8l: (107.3dB   283W 103.6dB) @  62Hz
                0.6   16.8l: (106.3dB   224W 103.6dB) @  59Hz
                0.7   11.6l: (106.4dB   227W 103.6dB) @  59Hz
                0.8    8.6l: (107.8dB   314W 103.6dB) @  64Hz
                0.9    6.6l: (108.3dB   351W 103.6dB) @  66Hz
                1.0    5.3l: (108.8dB   399W 103.6dB) @  68Hz
                1.1    4.3l: (109.6dB   475W 103.6dB) @  71Hz
                1.1    4.3l: (106.7dB   246W 103.6dB) @  60Hz ( 1083uF)

1.00  86.1dB:   0.5   34.5l: (105.8dB   217W 103.2dB) @  57Hz
                0.6   21.0l: (104.8dB   172W 103.2dB) @  54Hz
                0.7   14.4l: (104.8dB   174W 103.2dB) @  54Hz
                0.8   10.5l: (106.2dB   241W 103.2dB) @  58Hz
                0.9    8.1l: (106.7dB   269W 103.2dB) @  60Hz
                1.0    6.4l: (107.3dB   306W 103.2dB) @  62Hz
                1.1    5.2l: (108.0dB   364W 103.2dB) @  65Hz
                1.1    5.2l: (105.2dB   189W 103.2dB) @  55Hz ( 1185uF)

-------------
sph200ke
      90.0dB                             80W
Rpre   Spl      qtc    Vb     SplMech Pmech SplEle      f3

0.20  86.3dB:   0.5   81.7l: (106.0dB   120W 104.2dB) @  52Hz
                0.6   38.8l: (105.0dB    95W 104.2dB) @  49Hz
                0.7   23.9l: (105.0dB    96W 104.2dB) @  50Hz
                0.8   16.6l: (106.4dB   133W 104.2dB) @  54Hz
                0.9   12.3l: (106.9dB   149W 104.2dB) @  55Hz
                1.0    9.6l: (107.5dB   169W 104.2dB) @  57Hz
                1.1    7.7l: (108.2dB   201W 104.2dB) @  60Hz
                1.1    7.7l: (105.4dB   104W 104.2dB) @  51Hz (  706uF)

0.60  86.1dB:   0.5  110.9l: (105.0dB   102W 104.0dB) @  50Hz
                0.6   47.3l: (104.0dB    81W 104.0dB) @  47Hz
                0.7   28.2l: (104.1dB    82W 104.0dB) @  47Hz
                0.8   19.2l: (105.5dB   113W 104.0dB) @  51Hz
                0.9   14.1l: (106.0dB   126W 104.0dB) @  52Hz
                1.0   10.9l: (106.5dB   144W 104.0dB) @  54Hz
                1.1    8.7l: (107.3dB   171W 104.0dB) @  56Hz
                1.1    8.7l: (104.4dB    89W 104.0dB) @  48Hz (  746uF)

1.00  85.8dB:   0.5  158.7l: (104.1dB    88W 103.7dB) @  47Hz
                0.6   58.1l: (103.1dB    70W 103.7dB) @  44Hz
                0.7   33.2l: (103.2dB    70W 103.7dB) @  44Hz
                0.8   22.2l: (104.6dB    97W 103.7dB) @  48Hz
                0.9   16.2l: (105.1dB   109W 103.7dB) @  50Hz
                1.0   12.4l: (105.6dB   124W 103.7dB) @  51Hz
                1.1    9.8l: (106.4dB   147W 103.7dB) @  53Hz
                1.1    9.8l: (103.5dB    76W 103.7dB) @  45Hz (  786uF)

-------------
sph250tc
      91.0dB                            200W
Rpre   Spl      qtc    Vb     SplMech Pmech SplEle      f3

0.20  89.0dB:   0.5   32.2l: (115.4dB  1044W 108.3dB) @  72Hz
                0.6   20.0l: (114.4dB   827W 108.3dB) @  68Hz
                0.7   13.8l: (114.5dB   837W 108.3dB) @  68Hz
                0.8   10.2l: (115.9dB  1158W 108.3dB) @  74Hz
                0.9    7.8l: (116.4dB  1295W 108.3dB) @  76Hz
                1.0    6.2l: (116.9dB  1472W 108.3dB) @  78Hz
                1.1    5.1l: (117.7dB  1751W 108.3dB) @  82Hz
                1.1    5.1l: (114.8dB   908W 108.3dB) @  69Hz (  940uF)

0.60  88.5dB:   0.5   42.5l: (113.8dB   789W 107.8dB) @  65Hz
                0.6   25.5l: (112.8dB   625W 107.8dB) @  61Hz
                0.7   17.4l: (112.8dB   632W 107.8dB) @  62Hz
                0.8   12.7l: (114.2dB   875W 107.8dB) @  67Hz
                0.9    9.7l: (114.7dB   978W 107.8dB) @  69Hz
                1.0    7.7l: (115.3dB  1112W 107.8dB) @  71Hz
                1.1    6.3l: (116.0dB  1322W 107.8dB) @  74Hz
                1.1    6.3l: (113.2dB   685W 107.8dB) @  63Hz ( 1036uF)

1.00  88.1dB:   0.5   55.8l: (112.3dB   614W 107.4dB) @  60Hz
                0.6   32.2l: (111.2dB   486W 107.4dB) @  56Hz
                0.7   21.5l: (111.3dB   492W 107.4dB) @  56Hz
                0.8   15.5l: (112.7dB   681W 107.4dB) @  61Hz
                0.9   11.8l: (113.2dB   761W 107.4dB) @  63Hz
                1.0    9.3l: (113.7dB   865W 107.4dB) @  65Hz
                1.1    7.6l: (114.5dB  1029W 107.4dB) @  68Hz
                1.1    7.6l: (111.6dB   533W 107.4dB) @  58Hz ( 1129uF)

-------------
sph250ctc
      91.0dB                            200W
Rpre   Spl      qtc    Vb     SplMech Pmech SplEle      f3

0.20  89.9dB:   0.5   82.6l: (110.9dB   299W 109.2dB) @  56Hz
                0.6   51.4l: (109.9dB   237W 109.2dB) @  52Hz
                0.7   35.6l: (110.0dB   240W 109.2dB) @  53Hz
                0.8   26.2l: (111.4dB   331W 109.2dB) @  57Hz
                0.9   20.2l: (111.9dB   370W 109.2dB) @  59Hz
                1.0   16.1l: (112.4dB   421W 109.2dB) @  60Hz
                1.1   13.1l: (113.2dB   501W 109.2dB) @  63Hz
                1.1   13.1l: (110.3dB   260W 109.2dB) @  54Hz ( 1214uF)

0.60  89.4dB:   0.5  109.9l: (109.2dB   223W 108.7dB) @  50Hz
                0.6   66.2l: (108.2dB   177W 108.7dB) @  47Hz
                0.7   45.0l: (108.2dB   179W 108.7dB) @  48Hz
                0.8   32.9l: (109.6dB   247W 108.7dB) @  52Hz
                0.9   25.2l: (110.1dB   276W 108.7dB) @  53Hz
                1.0   20.0l: (110.7dB   314W 108.7dB) @  55Hz
                1.1   16.3l: (111.4dB   374W 108.7dB) @  57Hz
                1.1   16.3l: (108.6dB   194W 108.7dB) @  49Hz ( 1341uF)

1.00  89.0dB:   0.5  145.8l: (107.6dB   171W 108.3dB) @  46Hz
                0.6   84.2l: (106.6dB   136W 108.3dB) @  43Hz
                0.7   56.1l: (106.7dB   137W 108.3dB) @  43Hz
                0.8   40.6l: (108.1dB   190W 108.3dB) @  47Hz
                0.9   30.9l: (108.6dB   212W 108.3dB) @  48Hz
                1.0   24.3l: (109.1dB   241W 108.3dB) @  50Hz
                1.1   19.7l: (109.9dB   287W 108.3dB) @  52Hz
                1.1   19.7l: (107.0dB   149W 108.3dB) @  44Hz ( 1467uF)

-------------
sph300tc
      91.0dB                            240W
Rpre   Spl      qtc    Vb     SplMech Pmech SplEle      f3

0.20  91.5dB:   0.5  248.1l: (111.0dB   226W 111.2dB) @  49Hz
                0.6  136.6l: (110.0dB   179W 111.2dB) @  46Hz
                0.7   89.2l: (110.0dB   181W 111.2dB) @  46Hz
                0.8   63.7l: (111.4dB   250W 111.2dB) @  50Hz
                0.9   48.1l: (111.9dB   280W 111.2dB) @  52Hz
                1.0   37.8l: (112.5dB   318W 111.2dB) @  54Hz
                1.1   30.5l: (113.2dB   378W 111.2dB) @  56Hz
                1.1   30.5l: (110.4dB   196W 111.2dB) @  47Hz ( 1481uF)

0.60  91.0dB:   0.5  372.9l: (109.2dB   170W 110.7dB) @  44Hz
                0.6  185.9l: (108.2dB   134W 110.7dB) @  42Hz
                0.7  116.7l: (108.3dB   136W 110.7dB) @  42Hz
                0.8   81.7l: (109.7dB   188W 110.7dB) @  46Hz
                0.9   60.9l: (110.2dB   210W 110.7dB) @  47Hz
                1.0   47.5l: (110.7dB   239W 110.7dB) @  48Hz
                1.1   38.1l: (111.5dB   284W 110.7dB) @  51Hz
                1.1   38.1l: (108.6dB   147W 110.7dB) @  43Hz ( 1636uF)

1.00  90.6dB:   0.5  591.2l: (107.7dB   132W 110.3dB) @  41Hz
                0.6  253.0l: (106.7dB   105W 110.3dB) @  38Hz
                0.7  150.9l: (106.7dB   106W 110.3dB) @  39Hz
                0.8  103.0l: (108.2dB   146W 110.3dB) @  42Hz
                0.9   75.7l: (108.6dB   164W 110.3dB) @  43Hz
                1.0   58.4l: (109.2dB   186W 110.3dB) @  44Hz
                1.1   46.7l: (110.0dB   221W 110.3dB) @  46Hz
                1.1   46.7l: (107.1dB   115W 110.3dB) @  39Hz ( 1786uF)

-------------
sph300ctc
      92.0dB                            300W
Rpre   Spl      qtc    Vb     SplMech Pmech SplEle      f3

0.20  89.7dB:   0.5   46.3l: (117.9dB  1771W 110.2dB) @  63Hz
                0.6   30.3l: (116.9dB  1403W 110.2dB) @  60Hz
                0.7   21.5l: (117.0dB  1420W 110.2dB) @  60Hz
                0.8   16.1l: (118.4dB  1964W 110.2dB) @  65Hz
                0.9   12.5l: (118.9dB  2195W 110.2dB) @  67Hz
                1.0   10.0l: (119.4dB  2497W 110.2dB) @  69Hz
                1.1    8.2l: (120.2dB  2969W 110.2dB) @  72Hz
                1.1    8.2l: (117.3dB  1539W 110.2dB) @  61Hz ( 1209uF)

0.60  89.2dB:   0.5   61.4l: (116.0dB  1264W 109.7dB) @  56Hz
                0.6   39.3l: (115.0dB  1001W 109.7dB) @  53Hz
                0.7   27.6l: (115.0dB  1013W 109.7dB) @  53Hz
                0.8   20.6l: (116.4dB  1401W 109.7dB) @  58Hz
                0.9   15.9l: (116.9dB  1566W 109.7dB) @  59Hz
                1.0   12.7l: (117.5dB  1782W 109.7dB) @  61Hz
                1.1   10.4l: (118.2dB  2119W 109.7dB) @  64Hz
                1.1   10.4l: (115.4dB  1098W 109.7dB) @  54Hz ( 1354uF)

1.00  88.8dB:   0.5   80.1l: (114.2dB   936W 109.3dB) @  51Hz
                0.6   50.2l: (113.2dB   741W 109.3dB) @  48Hz
                0.7   34.8l: (113.2dB   750W 109.3dB) @  48Hz
                0.8   25.7l: (114.7dB  1038W 109.3dB) @  52Hz
                0.9   19.8l: (115.1dB  1160W 109.3dB) @  54Hz
                1.0   15.8l: (115.7dB  1319W 109.3dB) @  56Hz
                1.1   12.9l: (116.5dB  1569W 109.3dB) @  58Hz
                1.1   12.9l: (113.6dB   813W 109.3dB) @  49Hz ( 1499uF)

-------------
sph380tc
      89.0dB                            500W
Rpre   Spl      qtc    Vb     SplMech Pmech SplEle      f3

0.20  91.5dB:   0.5  133.8l: (126.6dB  3580W 118.0dB) @  56Hz
                0.6   80.9l: (125.5dB  2836W 118.0dB) @  53Hz
                0.7   55.1l: (125.6dB  2869W 118.0dB) @  53Hz
                0.8   40.3l: (127.0dB  3970W 118.0dB) @  57Hz
                0.9   30.9l: (127.5dB  4437W 118.0dB) @  59Hz
                1.0   24.5l: (128.0dB  5047W 118.0dB) @  61Hz
                1.1   19.9l: (128.8dB  6002W 118.0dB) @  63Hz
                1.1   19.9l: (125.9dB  3111W 118.0dB) @  54Hz (  571uF)

0.60  91.2dB:   0.5  154.5l: (125.7dB  3125W 117.8dB) @  53Hz
                0.6   91.6l: (124.7dB  2476W 117.8dB) @  50Hz
                0.7   61.8l: (124.8dB  2505W 117.8dB) @  50Hz
                0.8   45.0l: (126.2dB  3465W 117.8dB) @  55Hz
                0.9   34.3l: (126.7dB  3874W 117.8dB) @  56Hz
                1.0   27.2l: (127.2dB  4405W 117.8dB) @  58Hz
                1.1   22.1l: (128.0dB  5239W 117.8dB) @  61Hz
                1.1   22.1l: (125.1dB  2716W 117.8dB) @  51Hz (  598uF)

1.00  91.0dB:   0.5  178.2l: (125.0dB  2749W 117.6dB) @  51Hz
                0.6  103.3l: (123.9dB  2178W 117.6dB) @  48Hz
                0.7   69.0l: (124.0dB  2204W 117.6dB) @  48Hz
                0.8   49.9l: (125.4dB  3049W 117.6dB) @  52Hz
                0.9   38.0l: (125.9dB  3408W 117.6dB) @  54Hz
                1.0   30.0l: (126.4dB  3876W 117.6dB) @  55Hz
                1.1   24.3l: (127.2dB  4609W 117.6dB) @  58Hz
                1.1   24.3l: (124.3dB  2389W 117.6dB) @  49Hz (  625uF)

-------------
sph390tc
      96.0dB                            300W
Rpre   Spl      qtc    Vb     SplMech Pmech SplEle      f3

0.20  92.3dB:   0.5  151.8l: (123.0dB  3093W 112.8dB) @  57Hz
                0.6   90.6l: (121.9dB  2450W 112.8dB) @  53Hz
                0.7   61.4l: (122.0dB  2479W 112.8dB) @  53Hz
                0.8   44.7l: (123.4dB  3430W 112.8dB) @  58Hz
                0.9   34.2l: (123.9dB  3834W 112.8dB) @  60Hz
                1.0   27.1l: (124.5dB  4360W 112.8dB) @  62Hz
                1.1   22.0l: (125.2dB  5186W 112.8dB) @  64Hz
                1.1   22.0l: (122.4dB  2688W 112.8dB) @  55Hz ( 1351uF)

0.60  91.8dB:   0.5  219.3l: (121.0dB  2223W 112.3dB) @  51Hz
                0.6  123.2l: (120.0dB  1761W 112.3dB) @  48Hz
                0.7   81.2l: (120.1dB  1782W 112.3dB) @  48Hz
                0.8   58.3l: (121.5dB  2465W 112.3dB) @  52Hz
                0.9   44.1l: (121.9dB  2755W 112.3dB) @  53Hz
                1.0   34.7l: (122.5dB  3134W 112.3dB) @  55Hz
                1.1   28.1l: (123.3dB  3727W 112.3dB) @  57Hz
                1.1   28.1l: (120.4dB  1932W 112.3dB) @  49Hz ( 1512uF)

1.00  91.4dB:   0.5  322.6l: (119.3dB  1658W 111.9dB) @  46Hz
                0.6  166.3l: (118.3dB  1313W 111.9dB) @  43Hz
                0.7  105.8l: (118.3dB  1329W 111.9dB) @  43Hz
                0.8   74.5l: (119.7dB  1839W 111.9dB) @  47Hz
                0.9   55.8l: (120.2dB  2055W 111.9dB) @  48Hz
                1.0   43.6l: (120.8dB  2337W 111.9dB) @  50Hz
                1.1   35.1l: (121.5dB  2780W 111.9dB) @  52Hz
                1.1   35.1l: (118.7dB  1441W 111.9dB) @  44Hz ( 1670uF)

-------------
sph450tc
      93.0dB                            700W
Rpre   Spl      qtc    Vb     SplMech Pmech SplEle      f3

0.20  93.3dB:   0.5  166.7l: (131.9dB  7876W 121.4dB) @  57Hz
                0.6  104.6l: (130.9dB  6240W 121.4dB) @  54Hz
                0.7   72.7l: (130.9dB  6313W 121.4dB) @  54Hz
                0.8   53.7l: (132.3dB  8735W 121.4dB) @  59Hz
                0.9   41.5l: (132.8dB  9764W 121.4dB) @  60Hz
                1.0   33.1l: (133.4dB 11104W 121.4dB) @  62Hz
                1.1   27.0l: (134.1dB 13206W 121.4dB) @  65Hz
                1.1   27.0l: (131.3dB  6845W 121.4dB) @  55Hz (  542uF)

0.60  93.0dB:   0.5  189.5l: (131.1dB  6874W 121.1dB) @  55Hz
                0.6  117.4l: (130.0dB  5446W 121.1dB) @  51Hz
                0.7   81.0l: (130.1dB  5510W 121.1dB) @  52Hz
                0.8   59.7l: (131.5dB  7623W 121.1dB) @  56Hz
                0.9   45.9l: (132.0dB  8521W 121.1dB) @  58Hz
                1.0   36.6l: (132.6dB  9691W 121.1dB) @  59Hz
                1.1   29.8l: (133.3dB 11526W 121.1dB) @  62Hz
                1.1   29.8l: (130.5dB  5974W 121.1dB) @  53Hz (  568uF)

1.00  92.8dB:   0.5  215.0l: (130.3dB  6044W 120.9dB) @  52Hz
                0.6  131.3l: (129.3dB  4788W 120.9dB) @  49Hz
                0.7   89.9l: (129.3dB  4845W 120.9dB) @  49Hz
                0.8   66.0l: (130.7dB  6703W 120.9dB) @  54Hz
                0.9   50.7l: (131.2dB  7492W 120.9dB) @  55Hz
                1.0   40.2l: (131.8dB  8521W 120.9dB) @  57Hz
                1.1   32.8l: (132.5dB 10134W 120.9dB) @  59Hz
                1.1   32.8l: (129.7dB  5252W 120.9dB) @  50Hz (  594uF)

-------------
sp8/150pro
      93.0dB                            150W
Rpre   Spl      qtc    Vb     SplMech Pmech SplEle      f3

0.20  91.5dB:   0.5   17.0l: (123.1dB  1629W 112.8dB) @ 123Hz
                0.6    9.5l: (122.1dB  1290W 112.8dB) @ 116Hz
                0.7    6.3l: (122.2dB  1305W 112.8dB) @ 116Hz
                0.8    4.5l: (123.6dB  1806W 112.8dB) @ 126Hz
                0.9    3.4l: (124.1dB  2019W 112.8dB) @ 130Hz
                1.0    2.7l: (124.6dB  2296W 112.8dB) @ 134Hz
                1.1    2.2l: (125.4dB  2731W 112.8dB) @ 140Hz
                1.1    2.2l: (122.5dB  1415W 112.8dB) @ 119Hz (  259uF)

0.60  91.2dB:   0.5   19.7l: (122.4dB  1457W 112.5dB) @ 118Hz
                0.6   10.7l: (121.4dB  1154W 112.5dB) @ 111Hz
                0.7    7.0l: (121.4dB  1168W 112.5dB) @ 112Hz
                0.8    5.0l: (122.9dB  1616W 112.5dB) @ 121Hz
                0.9    3.8l: (123.3dB  1806W 112.5dB) @ 125Hz
                1.0    2.9l: (123.9dB  2054W 112.5dB) @ 129Hz
                1.1    2.4l: (124.7dB  2443W 112.5dB) @ 134Hz
                1.1    2.4l: (121.8dB  1266W 112.5dB) @ 114Hz (  269uF)

1.00  91.0dB:   0.5   22.9l: (121.7dB  1313W 112.3dB) @ 114Hz
                0.6   12.1l: (120.7dB  1041W 112.3dB) @ 107Hz
                0.7    7.7l: (120.8dB  1053W 112.3dB) @ 108Hz
                0.8    5.5l: (122.2dB  1457W 112.3dB) @ 117Hz
                0.9    4.1l: (122.7dB  1628W 112.3dB) @ 120Hz
                1.0    3.2l: (123.2dB  1852W 112.3dB) @ 124Hz
                1.1    2.6l: (124.0dB  2202W 112.3dB) @ 129Hz
                1.1    2.6l: (121.1dB  1141W 112.3dB) @ 110Hz (  280uF)

