                       fs    mms    cms    sag    pct
sph165kep             30.0   17.0  1.71   0.285  6.0% Not OK
sph8xtb               34.0   30.0  0.720  0.212  2.4% OK
sp200x                50.0   11.5  0.770  0.087  5.4% Not OK
sph200tc              28.0   32.0  1.000  0.314  8.3% Not OK
sph200ctc             22.0   45.0  1.20   0.530 13.9% Not OK
sph200ke              28.0   37.0  0.890  0.323  6.8% Not OK
sph250tc              26.0   55.0  0.500  0.270  6.0% Not OK
sph250ctc             20.0   70.0  1.000  0.687 15.3% Not OK
sph300tc              23.0   68.0  0.850  0.567 14.2% Not OK
sph300ctc             18.0  100.0  0.750  0.736 13.6% Not OK
sph380tc              22.0  200.0  0.280  0.549  5.0% OK
sph390tc              23.0  160.0  0.300  0.471  6.7% Not OK
sph450tc              20.0  305.0  0.220  0.658  5.1% Not OK
sp8/150pro            56.0   22.8  0.350  0.078  1.3% OK
sph-176               39.0   14.0  1.10   0.151  2.3% OK
SP-46A/500BS          36.0  141.0  0.130  0.180  3.0% OK
SPA-45PA              29.0  136.0  0.210  0.280 14.0% Not OK
SP-6/108PRO           44.0   13.1  0.970  0.125  4.2% OK
SP-12A/302PA          50.0   50.0  0.190  0.093  1.9% OK
