-------------
sph165kep
      89.0dB             60W
Rpre   Spl     SplMech Pmech SplEle      f3

0.20  86.6dB: (105.8dB   109W 103.2dB) @  66Hz
              (108.8dB   218W 103.2dB) @  78Hz
              (111.8dB   437W 103.2dB) @  93Hz
0.60  86.4dB: (104.7dB    92W 102.9dB) @  62Hz
              (107.8dB   184W 102.9dB) @  74Hz
              (110.8dB   368W 102.9dB) @  88Hz
1.00  86.1dB: (103.8dB    78W 102.6dB) @  59Hz
              (106.8dB   157W 102.6dB) @  70Hz
              (109.8dB   314W 102.6dB) @  83Hz
-------------
sph8xtb
      87.0dB             80W
Rpre   Spl     SplMech Pmech SplEle      f3

0.20  86.9dB: (108.7dB   332W 102.6dB) @  42Hz
              (111.7dB   663W 102.6dB) @  50Hz
0.60  86.5dB: (107.3dB   263W 102.1dB) @  39Hz
              (110.3dB   526W 102.1dB) @  46Hz
1.00  86.1dB: (106.0dB   214W 101.8dB) @  36Hz
              (109.0dB   428W 101.8dB) @  43Hz
-------------
sp200x
      92.0dB             35W
Rpre   Spl     SplMech Pmech SplEle      f3

0.20  91.1dB: (100.8dB    11W 106.0dB) @  67Hz
              (103.8dB    21W 106.0dB) @  79Hz
              (106.8dB    42W 106.0dB) @  94Hz
              (109.9dB    84W 106.0dB) @ 112Hz
              (112.9dB   169W 106.0dB) @ 133Hz
              (115.9dB   338W 106.0dB) @ 158Hz
0.60  90.8dB: (100.2dB    10W 105.8dB) @  64Hz
              (103.2dB    19W 105.8dB) @  76Hz
              (106.2dB    38W 105.8dB) @  91Hz
              (109.2dB    76W 105.8dB) @ 108Hz
              (112.2dB   153W 105.8dB) @ 128Hz
              (115.2dB   306W 105.8dB) @ 152Hz
1.00  90.6dB: ( 99.5dB     9W 105.6dB) @  62Hz
              (102.5dB    17W 105.6dB) @  73Hz
              (105.6dB    35W 105.6dB) @  87Hz
              (108.6dB    70W 105.6dB) @ 104Hz
              (111.6dB   139W 105.6dB) @ 124Hz
              (114.6dB   278W 105.6dB) @ 147Hz
-------------
sph200tc
      88.0dB            120W
Rpre   Spl     SplMech Pmech SplEle      f3

0.20  89.2dB: (110.9dB   354W 106.2dB) @  77Hz
              (113.9dB   709W 106.2dB) @  92Hz
0.60  88.7dB: (109.2dB   263W 105.8dB) @  70Hz
              (112.2dB   526W 105.8dB) @  83Hz
              (115.2dB  1052W 105.8dB) @  99Hz
1.00  88.3dB: (107.6dB   201W 105.4dB) @  64Hz
              (110.6dB   402W 105.4dB) @  76Hz
              (113.6dB   805W 105.4dB) @  90Hz
-------------
sph200ctc
      88.0dB            120W
Rpre   Spl     SplMech Pmech SplEle      f3

0.20  87.0dB: (108.5dB   331W 104.1dB) @  66Hz
              (111.5dB   661W 104.1dB) @  79Hz
0.60  86.5dB: (106.7dB   246W 103.6dB) @  60Hz
              (109.7dB   492W 103.6dB) @  71Hz
              (112.8dB   984W 103.6dB) @  85Hz
1.00  86.1dB: (105.2dB   189W 103.2dB) @  55Hz
              (108.2dB   378W 103.2dB) @  65Hz
              (111.2dB   755W 103.2dB) @  78Hz
-------------
sph200ke
      90.0dB             80W
Rpre   Spl     SplMech Pmech SplEle      f3

0.20  86.3dB: (105.4dB   104W 104.2dB) @  51Hz
              (108.4dB   208W 104.2dB) @  60Hz
              (111.4dB   417W 104.2dB) @  71Hz
0.60  86.1dB: (104.4dB    89W 104.0dB) @  48Hz
              (107.4dB   177W 104.0dB) @  57Hz
              (110.4dB   355W 104.0dB) @  68Hz
              (113.4dB   709W 104.0dB) @  80Hz
1.00  85.8dB: (103.5dB    76W 103.7dB) @  45Hz
              (106.5dB   152W 103.7dB) @  54Hz
              (109.5dB   305W 103.7dB) @  64Hz
              (112.5dB   610W 103.7dB) @  76Hz
-------------
sph250tc
      91.0dB            200W
Rpre   Spl     SplMech Pmech SplEle      f3

0.20  89.0dB: (114.8dB   908W 108.3dB) @  69Hz
              (117.8dB  1815W 108.3dB) @  82Hz
0.60  88.5dB: (113.2dB   685W 107.8dB) @  63Hz
              (116.2dB  1371W 107.8dB) @  75Hz
1.00  88.1dB: (111.6dB   533W 107.4dB) @  58Hz
              (114.7dB  1067W 107.4dB) @  69Hz
-------------
sph250ctc
      91.0dB            200W
Rpre   Spl     SplMech Pmech SplEle      f3

0.20  89.9dB: (110.3dB   260W 109.2dB) @  54Hz
              (113.3dB   519W 109.2dB) @  64Hz
              (116.3dB  1039W 109.2dB) @  76Hz
0.60  89.4dB: (108.6dB   194W 108.7dB) @  49Hz
              (111.6dB   387W 108.7dB) @  58Hz
              (114.6dB   775W 108.7dB) @  69Hz
              (117.6dB  1549W 108.7dB) @  82Hz
1.00  89.0dB: (107.0dB   149W 108.3dB) @  44Hz
              (110.0dB   298W 108.3dB) @  53Hz
              (113.1dB   595W 108.3dB) @  63Hz
              (116.1dB  1190W 108.3dB) @  75Hz
-------------
sph300tc
      91.0dB            240W
Rpre   Spl     SplMech Pmech SplEle      f3

0.20  91.5dB: (110.4dB   196W 111.2dB) @  47Hz
              (113.4dB   392W 111.2dB) @  56Hz
              (116.4dB   784W 111.2dB) @  67Hz
              (119.4dB  1568W 111.2dB) @  80Hz
0.60  91.0dB: (108.6dB   147W 110.7dB) @  43Hz
              (111.6dB   295W 110.7dB) @  51Hz
              (114.7dB   590W 110.7dB) @  61Hz
              (117.7dB  1179W 110.7dB) @  72Hz
              (120.7dB  2359W 110.7dB) @  86Hz
1.00  90.6dB: (107.1dB   115W 110.3dB) @  39Hz
              (110.1dB   229W 110.3dB) @  47Hz
              (113.1dB   459W 110.3dB) @  56Hz
              (116.1dB   918W 110.3dB) @  66Hz
              (119.1dB  1835W 110.3dB) @  79Hz
-------------
sph300ctc
      92.0dB            300W
Rpre   Spl     SplMech Pmech SplEle      f3

0.20  89.7dB: (117.3dB  1539W 110.2dB) @  61Hz
0.60  89.2dB: (115.4dB  1098W 109.7dB) @  54Hz
              (118.4dB  2196W 109.7dB) @  65Hz
1.00  88.8dB: (113.6dB   813W 109.3dB) @  49Hz
              (116.6dB  1627W 109.3dB) @  58Hz
-------------
sph380tc
      89.0dB            500W
Rpre   Spl     SplMech Pmech SplEle      f3

0.20  91.5dB: (125.9dB  3111W 118.0dB) @  54Hz
0.60  91.2dB: (125.1dB  2716W 117.8dB) @  51Hz
1.00  91.0dB: (124.3dB  2389W 117.6dB) @  49Hz
              (127.4dB  4778W 117.6dB) @  58Hz
-------------
sph390tc
      96.0dB            300W
Rpre   Spl     SplMech Pmech SplEle      f3

0.20  92.3dB: (122.4dB  2688W 112.8dB) @  55Hz
0.60  91.8dB: (120.4dB  1932W 112.3dB) @  49Hz
1.00  91.4dB: (118.7dB  1441W 111.9dB) @  44Hz
              (121.7dB  2881W 111.9dB) @  53Hz
-------------
sph450tc
      93.0dB            700W
Rpre   Spl     SplMech Pmech SplEle      f3

0.20  93.3dB: (131.3dB  6845W 121.4dB) @  55Hz
0.60  93.0dB: (130.5dB  5974W 121.1dB) @  53Hz
1.00  92.8dB: (129.7dB  5252W 120.9dB) @  50Hz
-------------
sp8/150pro
      93.0dB            150W
Rpre   Spl     SplMech Pmech SplEle      f3

0.20  91.5dB: (122.5dB  1415W 112.8dB) @ 119Hz
0.60  91.2dB: (121.8dB  1266W 112.5dB) @ 114Hz
1.00  91.0dB: (121.1dB  1141W 112.3dB) @ 110Hz
-------------
sph-176
      88.0dB             70W
Rpre   Spl     SplMech Pmech SplEle      f3

0.20  87.3dB: (110.9dB   278W 104.9dB) @  72Hz
              (113.9dB   555W 104.9dB) @  86Hz
0.60  87.1dB: (110.1dB   243W 104.7dB) @  69Hz
              (113.1dB   487W 104.7dB) @  82Hz
1.00  86.8dB: (109.3dB   215W 104.4dB) @  66Hz
              (112.3dB   430W 104.4dB) @  78Hz
-------------
SP-46A/500BS
      98.0dB            500W
Rpre   Spl     SplMech Pmech SplEle      f3

0.20  95.0dB: (122.4dB   723W 120.8dB) @  50Hz
              (125.4dB  1446W 120.8dB) @  60Hz
              (128.4dB  2891W 120.8dB) @  71Hz
0.60  94.8dB: (121.4dB   616W 120.5dB) @  48Hz
              (124.4dB  1231W 120.5dB) @  57Hz
              (127.4dB  2463W 120.5dB) @  67Hz
              (130.4dB  4925W 120.5dB) @  80Hz
1.00  94.5dB: (120.5dB   530W 120.3dB) @  45Hz
              (123.5dB  1060W 120.3dB) @  54Hz
              (126.5dB  2120W 120.3dB) @  64Hz
              (129.5dB  4240W 120.3dB) @  76Hz
-------------
SPA-45PA
      98.0dB            300W
Rpre   Spl     SplMech Pmech SplEle      f3

0.20  94.8dB: (110.6dB    51W 118.2dB) @  43Hz
              (113.6dB   103W 118.2dB) @  51Hz
              (116.6dB   206W 118.2dB) @  61Hz
              (119.6dB   412W 118.2dB) @  73Hz
              (122.6dB   824W 118.2dB) @  86Hz
              (125.6dB  1648W 118.2dB) @ 103Hz
0.60  94.6dB: (109.6dB    44W 117.9dB) @  41Hz
              (112.6dB    88W 117.9dB) @  48Hz
              (115.6dB   175W 117.9dB) @  58Hz
              (118.6dB   351W 117.9dB) @  69Hz
              (121.6dB   702W 117.9dB) @  82Hz
              (124.6dB  1403W 117.9dB) @  97Hz
              (127.6dB  2806W 117.9dB) @ 115Hz
1.00  94.3dB: (108.7dB    38W 117.7dB) @  39Hz
              (111.7dB    76W 117.7dB) @  46Hz
              (114.7dB   151W 117.7dB) @  55Hz
              (117.7dB   302W 117.7dB) @  65Hz
              (120.7dB   605W 117.7dB) @  77Hz
              (123.7dB  1209W 117.7dB) @  92Hz
              (126.7dB  2418W 117.7dB) @ 109Hz
-------------
SP-6/108PRO
      92.0dB            100W
Rpre   Spl     SplMech Pmech SplEle      f3

0.20  89.6dB: (108.3dB   102W 108.2dB) @  92Hz
              (111.3dB   204W 108.2dB) @ 110Hz
              (114.3dB   408W 108.2dB) @ 130Hz
              (117.3dB   815W 108.2dB) @ 155Hz
0.60  89.3dB: (107.2dB    86W 107.9dB) @  87Hz
              (110.2dB   171W 107.9dB) @ 103Hz
              (113.2dB   342W 107.9dB) @ 123Hz
              (116.2dB   685W 107.9dB) @ 146Hz
1.00  89.1dB: (106.2dB    73W 107.6dB) @  82Hz
              (109.3dB   146W 107.6dB) @  98Hz
              (112.3dB   291W 107.6dB) @ 116Hz
              (115.3dB   582W 107.6dB) @ 138Hz
-------------
SP-12A/302PA
      99.0dB            300W
Rpre   Spl     SplMech Pmech SplEle      f3

0.20  96.1dB: (126.1dB  1250W 119.9dB) @ 101Hz
              (129.1dB  2499W 119.9dB) @ 121Hz
0.60  95.8dB: (125.1dB  1059W 119.6dB) @  96Hz
              (128.1dB  2117W 119.6dB) @ 114Hz
1.00  95.6dB: (124.2dB   906W 119.4dB) @  91Hz
              (127.2dB  1811W 119.4dB) @ 108Hz
