-------------
sph165kep
      89.0dB                             60W
SplMech  Pmech SplEle     f3

 81.2dB     0W 103.2dB @  16Hz
 83.2dB     1W 103.2dB @  18Hz
 85.0dB     1W 103.2dB @  20Hz
 86.7dB     1W 103.2dB @  22Hz
 88.2dB     2W 103.2dB @  24Hz
 89.6dB     3W 103.2dB @  26Hz
 90.9dB     4W 103.2dB @  28Hz
 92.1dB     5W 103.2dB @  30Hz
 93.2dB     6W 103.2dB @  32Hz
 94.3dB     8W 103.2dB @  34Hz
 95.2dB    10W 103.2dB @  36Hz
 96.2dB    12W 103.2dB @  38Hz
 97.1dB    15W 103.2dB @  40Hz
 97.9dB    18W 103.2dB @  42Hz
 98.7dB    22W 103.2dB @  44Hz
 99.5dB    26W 103.2dB @  46Hz
100.2dB    31W 103.2dB @  48Hz
-------------
sph8xtb
      87.0dB                             80W
SplMech  Pmech SplEle     f3

 91.9dB     7W 102.6dB @  16Hz
 93.9dB    11W 102.6dB @  18Hz
 95.7dB    17W 102.6dB @  20Hz
 97.4dB    24W 102.6dB @  22Hz
 98.9dB    35W 102.6dB @  24Hz
100.3dB    48W 102.6dB @  26Hz
101.6dB    64W 102.6dB @  28Hz
102.8dB    84W 102.6dB @  30Hz
103.9dB   109W 102.6dB @  32Hz
105.0dB   139W 102.6dB @  34Hz
106.0dB   175W 102.6dB @  36Hz
106.9dB   217W 102.6dB @  38Hz
107.8dB   266W 102.6dB @  40Hz
108.6dB   324W 102.6dB @  42Hz
109.4dB   390W 102.6dB @  44Hz
110.2dB   466W 102.6dB @  46Hz
111.0dB   552W 102.6dB @  48Hz
-------------
sp200x
      92.0dB                             35W
SplMech  Pmech SplEle     f3

 76.1dB     0W 106.0dB @  16Hz
 78.1dB     0W 106.0dB @  18Hz
 80.0dB     0W 106.0dB @  20Hz
 81.6dB     0W 106.0dB @  22Hz
 83.1dB     0W 106.0dB @  24Hz
 84.5dB     0W 106.0dB @  26Hz
 85.8dB     0W 106.0dB @  28Hz
 87.0dB     0W 106.0dB @  30Hz
 88.1dB     1W 106.0dB @  32Hz
 89.2dB     1W 106.0dB @  34Hz
 90.2dB     1W 106.0dB @  36Hz
 91.1dB     1W 106.0dB @  38Hz
 92.0dB     1W 106.0dB @  40Hz
 92.8dB     2W 106.0dB @  42Hz
 93.6dB     2W 106.0dB @  44Hz
 94.4dB     2W 106.0dB @  46Hz
 95.2dB     3W 106.0dB @  48Hz
-------------
sph200tc
      88.0dB                            120W
SplMech  Pmech SplEle     f3

 83.6dB     1W 106.2dB @  16Hz
 85.6dB     1W 106.2dB @  18Hz
 87.5dB     2W 106.2dB @  20Hz
 89.1dB     2W 106.2dB @  22Hz
 90.6dB     3W 106.2dB @  24Hz
 92.0dB     5W 106.2dB @  26Hz
 93.3dB     6W 106.2dB @  28Hz
 94.5dB     8W 106.2dB @  30Hz
 95.6dB    10W 106.2dB @  32Hz
 96.7dB    13W 106.2dB @  34Hz
 97.7dB    17W 106.2dB @  36Hz
 98.6dB    21W 106.2dB @  38Hz
 99.5dB    26W 106.2dB @  40Hz
100.4dB    31W 106.2dB @  42Hz
101.2dB    37W 106.2dB @  44Hz
101.9dB    45W 106.2dB @  46Hz
102.7dB    53W 106.2dB @  48Hz
-------------
sph200ctc
      88.0dB                            120W
SplMech  Pmech SplEle     f3

 83.8dB     1W 104.1dB @  16Hz
 85.8dB     2W 104.1dB @  18Hz
 87.6dB     3W 104.1dB @  20Hz
 89.3dB     4W 104.1dB @  22Hz
 90.8dB     6W 104.1dB @  24Hz
 92.2dB     8W 104.1dB @  26Hz
 93.5dB    10W 104.1dB @  28Hz
 94.7dB    14W 104.1dB @  30Hz
 95.8dB    18W 104.1dB @  32Hz
 96.8dB    23W 104.1dB @  34Hz
 97.8dB    29W 104.1dB @  36Hz
 98.8dB    36W 104.1dB @  38Hz
 99.7dB    44W 104.1dB @  40Hz
100.5dB    53W 104.1dB @  42Hz
101.3dB    64W 104.1dB @  44Hz
102.1dB    76W 104.1dB @  46Hz
102.8dB    90W 104.1dB @  48Hz
-------------
sph200ke
      90.0dB                             80W
SplMech  Pmech SplEle     f3

 85.4dB     1W 104.2dB @  16Hz
 87.4dB     2W 104.2dB @  18Hz
 89.3dB     3W 104.2dB @  20Hz
 90.9dB     4W 104.2dB @  22Hz
 92.4dB     5W 104.2dB @  24Hz
 93.8dB     7W 104.2dB @  26Hz
 95.1dB    10W 104.2dB @  28Hz
 96.3dB    13W 104.2dB @  30Hz
 97.4dB    17W 104.2dB @  32Hz
 98.5dB    21W 104.2dB @  34Hz
 99.5dB    27W 104.2dB @  36Hz
100.4dB    33W 104.2dB @  38Hz
101.3dB    41W 104.2dB @  40Hz
102.2dB    50W 104.2dB @  42Hz
103.0dB    60W 104.2dB @  44Hz
103.7dB    72W 104.2dB @  46Hz
104.5dB    85W 104.2dB @  48Hz
-------------
sph250tc
      91.0dB                            200W
SplMech  Pmech SplEle     f3

 89.4dB     3W 108.3dB @  16Hz
 91.4dB     4W 108.3dB @  18Hz
 93.3dB     6W 108.3dB @  20Hz
 94.9dB     9W 108.3dB @  22Hz
 96.4dB    13W 108.3dB @  24Hz
 97.8dB    18W 108.3dB @  26Hz
 99.1dB    24W 108.3dB @  28Hz
100.3dB    32W 108.3dB @  30Hz
101.4dB    42W 108.3dB @  32Hz
102.5dB    53W 108.3dB @  34Hz
103.5dB    67W 108.3dB @  36Hz
104.4dB    83W 108.3dB @  38Hz
105.3dB   101W 108.3dB @  40Hz
106.2dB   123W 108.3dB @  42Hz
107.0dB   149W 108.3dB @  44Hz
107.7dB   177W 108.3dB @  46Hz
108.5dB   210W 108.3dB @  48Hz
-------------
sph250ctc
      91.0dB                            200W
SplMech  Pmech SplEle     f3

 89.3dB     2W 109.2dB @  16Hz
 91.4dB     3W 109.2dB @  18Hz
 93.2dB     5W 109.2dB @  20Hz
 94.9dB     7W 109.2dB @  22Hz
 96.4dB    10W 109.2dB @  24Hz
 97.8dB    14W 109.2dB @  26Hz
 99.0dB    19W 109.2dB @  28Hz
100.2dB    25W 109.2dB @  30Hz
101.4dB    33W 109.2dB @  32Hz
102.4dB    42W 109.2dB @  34Hz
103.4dB    53W 109.2dB @  36Hz
104.3dB    66W 109.2dB @  38Hz
105.2dB    81W 109.2dB @  40Hz
106.1dB    98W 109.2dB @  42Hz
106.9dB   118W 109.2dB @  44Hz
107.7dB   141W 109.2dB @  46Hz
108.4dB   167W 109.2dB @  48Hz
-------------
sph300tc
      91.0dB                            240W
SplMech  Pmech SplEle     f3

 91.5dB     3W 111.2dB @  16Hz
 93.5dB     4W 111.2dB @  18Hz
 95.4dB     6W 111.2dB @  20Hz
 97.0dB     9W 111.2dB @  22Hz
 98.5dB    13W 111.2dB @  24Hz
 99.9dB    18W 111.2dB @  26Hz
101.2dB    24W 111.2dB @  28Hz
102.4dB    31W 111.2dB @  30Hz
103.5dB    41W 111.2dB @  32Hz
104.6dB    52W 111.2dB @  34Hz
105.6dB    65W 111.2dB @  36Hz
106.5dB    81W 111.2dB @  38Hz
107.4dB    99W 111.2dB @  40Hz
108.2dB   121W 111.2dB @  42Hz
109.1dB   145W 111.2dB @  44Hz
109.8dB   174W 111.2dB @  46Hz
110.6dB   206W 111.2dB @  48Hz
-------------
sph300ctc
      92.0dB                            300W
SplMech  Pmech SplEle     f3

 94.1dB     7W 110.2dB @  16Hz
 96.1dB    12W 110.2dB @  18Hz
 98.0dB    18W 110.2dB @  20Hz
 99.6dB    26W 110.2dB @  22Hz
101.1dB    37W 110.2dB @  24Hz
102.5dB    51W 110.2dB @  26Hz
103.8dB    68W 110.2dB @  28Hz
105.0dB    90W 110.2dB @  30Hz
106.1dB   117W 110.2dB @  32Hz
107.2dB   149W 110.2dB @  34Hz
108.2dB   187W 110.2dB @  36Hz
109.1dB   232W 110.2dB @  38Hz
110.0dB   285W 110.2dB @  40Hz
110.9dB   346W 110.2dB @  42Hz
111.7dB   417W 110.2dB @  44Hz
112.4dB   498W 110.2dB @  46Hz
113.2dB   590W 110.2dB @  48Hz
-------------
sph380tc
      89.0dB                            500W
SplMech  Pmech SplEle     f3

104.9dB    24W 118.0dB @  16Hz
106.9dB    39W 118.0dB @  18Hz
108.7dB    59W 118.0dB @  20Hz
110.4dB    87W 118.0dB @  22Hz
111.9dB   123W 118.0dB @  24Hz
113.3dB   169W 118.0dB @  26Hz
114.6dB   228W 118.0dB @  28Hz
115.8dB   300W 118.0dB @  30Hz
116.9dB   388W 118.0dB @  32Hz
118.0dB   495W 118.0dB @  34Hz
119.0dB   622W 118.0dB @  36Hz
119.9dB   772W 118.0dB @  38Hz
120.8dB   948W 118.0dB @  40Hz
121.6dB  1152W 118.0dB @  42Hz
122.4dB  1388W 118.0dB @  44Hz
123.2dB  1658W 118.0dB @  46Hz
123.9dB  1966W 118.0dB @  48Hz
-------------
sph390tc
      96.0dB                            300W
SplMech  Pmech SplEle     f3

101.0dB    20W 112.8dB @  16Hz
103.1dB    32W 112.8dB @  18Hz
104.9dB    49W 112.8dB @  20Hz
106.6dB    71W 112.8dB @  22Hz
108.1dB   101W 112.8dB @  24Hz
109.5dB   139W 112.8dB @  26Hz
110.8dB   186W 112.8dB @  28Hz
112.0dB   246W 112.8dB @  30Hz
113.1dB   318W 112.8dB @  32Hz
114.1dB   405W 112.8dB @  34Hz
115.1dB   509W 112.8dB @  36Hz
116.1dB   632W 112.8dB @  38Hz
117.0dB   776W 112.8dB @  40Hz
117.8dB   944W 112.8dB @  42Hz
118.6dB  1137W 112.8dB @  44Hz
119.4dB  1358W 112.8dB @  46Hz
120.1dB  1610W 112.8dB @  48Hz
-------------
sph450tc
      93.0dB                            700W
SplMech  Pmech SplEle     f3

109.8dB    48W 121.4dB @  16Hz
111.8dB    78W 121.4dB @  18Hz
113.6dB   118W 121.4dB @  20Hz
115.3dB   173W 121.4dB @  22Hz
116.8dB   245W 121.4dB @  24Hz
118.2dB   338W 121.4dB @  26Hz
119.5dB   455W 121.4dB @  28Hz
120.7dB   599W 121.4dB @  30Hz
121.8dB   776W 121.4dB @  32Hz
122.9dB   988W 121.4dB @  34Hz
123.9dB  1242W 121.4dB @  36Hz
124.8dB  1542W 121.4dB @  38Hz
125.7dB  1894W 121.4dB @  40Hz
126.5dB  2302W 121.4dB @  42Hz
127.3dB  2772W 121.4dB @  44Hz
128.1dB  3312W 121.4dB @  46Hz
128.9dB  3927W 121.4dB @  48Hz
-------------
sp8/150pro
      93.0dB                            150W
SplMech  Pmech SplEle     f3

 87.7dB     0W 112.8dB @  16Hz
 89.7dB     1W 112.8dB @  18Hz
 91.6dB     1W 112.8dB @  20Hz
 93.2dB     2W 112.8dB @  22Hz
 94.7dB     2W 112.8dB @  24Hz
 96.1dB     3W 112.8dB @  26Hz
 97.4dB     4W 112.8dB @  28Hz
 98.6dB     6W 112.8dB @  30Hz
 99.7dB     7W 112.8dB @  32Hz
100.8dB     9W 112.8dB @  34Hz
101.8dB    12W 112.8dB @  36Hz
102.7dB    15W 112.8dB @  38Hz
103.6dB    18W 112.8dB @  40Hz
104.4dB    22W 112.8dB @  42Hz
105.3dB    27W 112.8dB @  44Hz
106.0dB    32W 112.8dB @  46Hz
106.8dB    38W 112.8dB @  48Hz
-------------
sph-176
      88.0dB                             70W
SplMech  Pmech SplEle     f3

 84.7dB     1W 104.9dB @  16Hz
 86.8dB     1W 104.9dB @  18Hz
 88.6dB     2W 104.9dB @  20Hz
 90.3dB     2W 104.9dB @  22Hz
 91.8dB     3W 104.9dB @  24Hz
 93.2dB     5W 104.9dB @  26Hz
 94.5dB     6W 104.9dB @  28Hz
 95.7dB     8W 104.9dB @  30Hz
 96.8dB    11W 104.9dB @  32Hz
 97.8dB    14W 104.9dB @  34Hz
 98.8dB    17W 104.9dB @  36Hz
 99.8dB    21W 104.9dB @  38Hz
100.6dB    26W 104.9dB @  40Hz
101.5dB    32W 104.9dB @  42Hz
102.3dB    38W 104.9dB @  44Hz
103.1dB    46W 104.9dB @  46Hz
103.8dB    54W 104.9dB @  48Hz
-------------
SP-46A/500BS
      98.0dB                            500W
SplMech  Pmech SplEle     f3

102.4dB     7W 120.8dB @  16Hz
104.5dB    12W 120.8dB @  18Hz
106.3dB    18W 120.8dB @  20Hz
108.0dB    26W 120.8dB @  22Hz
109.5dB    37W 120.8dB @  24Hz
110.9dB    51W 120.8dB @  26Hz
112.1dB    68W 120.8dB @  28Hz
113.3dB    90W 120.8dB @  30Hz
114.5dB   117W 120.8dB @  32Hz
115.5dB   149W 120.8dB @  34Hz
116.5dB   187W 120.8dB @  36Hz
117.5dB   232W 120.8dB @  38Hz
118.3dB   285W 120.8dB @  40Hz
119.2dB   347W 120.8dB @  42Hz
120.0dB   418W 120.8dB @  44Hz
120.8dB   499W 120.8dB @  46Hz
121.5dB   592W 120.8dB @  48Hz
-------------
SPA-45PA
      98.0dB                            300W
SplMech  Pmech SplEle     f3

 93.3dB     1W 118.2dB @  16Hz
 95.4dB     2W 118.2dB @  18Hz
 97.2dB     2W 118.2dB @  20Hz
 98.9dB     3W 118.2dB @  22Hz
100.4dB     5W 118.2dB @  24Hz
101.8dB     7W 118.2dB @  26Hz
103.1dB     9W 118.2dB @  28Hz
104.3dB    12W 118.2dB @  30Hz
105.4dB    16W 118.2dB @  32Hz
106.4dB    20W 118.2dB @  34Hz
107.4dB    25W 118.2dB @  36Hz
108.4dB    31W 118.2dB @  38Hz
109.3dB    38W 118.2dB @  40Hz
110.1dB    46W 118.2dB @  42Hz
110.9dB    56W 118.2dB @  44Hz
111.7dB    67W 118.2dB @  46Hz
112.4dB    79W 118.2dB @  48Hz
