-------------
sph165kep                              89.0dB   60W                      1x70mm
Rpre   Spl
      Vb      fb         SplMech Pmech  SplEle     f3       dv       lv

0.20  86.6dB --------------------------------------------------------------
    15.0l @  40.4Hz  =>  104.2dB   76W 103.2dB @  47.8Hz - 1x50mm    398 mm 
    16.8l @  39.0Hz  =>  103.2dB   60W 103.2dB @  45.2Hz - 1x50mm    351 mm 
    18.8l @  37.6Hz  =>  102.2dB   48W 103.2dB @  42.7Hz   1x70mm    627 mm 
*   21.0l @  36.3Hz  =>  101.2dB   38W 103.2dB @  40.3Hz   1x70mm    555 mm 
    23.6l @  35.0Hz  =>  100.2dB   31W 103.2dB @  38.1Hz   1x70mm    490 mm 
    26.4l @  33.7Hz  =>   99.2dB   24W 103.2dB @  36.0Hz   1x70mm    432 mm 
    29.6l @  32.5Hz  =>   98.3dB   19W 103.2dB @  34.0Hz   1x70mm    380 mm 
0.60  86.4dB --------------------------------------------------------------
    17.7l @  38.3Hz  =>  102.7dB   58W 102.9dB @  44.0Hz   1x70mm    669 mm 
    19.8l @  36.9Hz  =>  101.7dB   46W 102.9dB @  41.5Hz   1x70mm    592 mm 
    22.2l @  35.6Hz  =>  100.7dB   37W 102.9dB @  39.2Hz   1x70mm    523 mm 
*   24.9l @  34.4Hz  =>   99.8dB   29W 102.9dB @  37.1Hz   1x70mm    461 mm 
    27.8l @  33.1Hz  =>   98.8dB   23W 102.9dB @  35.0Hz   1x70mm    406 mm 
    31.2l @  32.0Hz  =>   97.8dB   19W 102.9dB @  33.1Hz   1x70mm    357 mm 
    34.9l @  30.8Hz  =>   96.8dB   15W 102.9dB @  31.3Hz   1x70mm    314 mm 
1.00  86.1dB --------------------------------------------------------------
    20.7l @  36.4Hz  =>  101.4dB   45W 102.6dB @  40.6Hz   1x70mm    564 mm 
    23.2l @  35.1Hz  =>  100.4dB   36W 102.6dB @  38.4Hz   1x70mm    498 mm 
    26.0l @  33.9Hz  =>   99.4dB   28W 102.6dB @  36.3Hz   1x70mm    440 mm 
*   29.1l @  32.7Hz  =>   98.4dB   23W 102.6dB @  34.3Hz   1x70mm    387 mm 
    32.6l @  31.5Hz  =>   97.4dB   18W 102.6dB @  32.4Hz   1x70mm    340 mm 
    36.5l @  30.4Hz  =>   96.4dB   14W 102.6dB @  30.6Hz   1x70mm    298 mm 
    40.9l @  29.3Hz  =>   95.4dB   11W 102.6dB @  28.9Hz   1x70mm    261 mm 
-------------
sph8xtb                                87.0dB   80W                      1x70mm
Rpre   Spl
      Vb      fb         SplMech Pmech  SplEle     f3       dv       lv

0.20  86.9dB --------------------------------------------------------------
   109.2l @  27.1Hz  =>  102.8dB   85W 102.6dB @  23.9Hz   1x70mm     40 mm 
   122.3l @  26.2Hz  =>  101.9dB   68W 102.6dB @  22.6Hz   1x70mm     30 mm 
   136.9l @  25.2Hz  =>  100.9dB   54W 102.6dB @  21.4Hz   1x70mm     21 mm 
*  153.4l @  24.3Hz  =>   99.9dB   43W 102.6dB @  20.2Hz + 1x100mm    59 mm 
   171.8l @  23.5Hz  =>   98.9dB   35W 102.6dB @  19.1Hz + 1x100mm    45 mm 
   192.4l @  22.6Hz  =>   97.9dB   28W 102.6dB @  18.0Hz + 1x100mm    32 mm 
   215.5l @  21.8Hz  =>   96.9dB   22W 102.6dB @  17.0Hz + 1x100mm    21 mm 
0.60  86.5dB --------------------------------------------------------------
   138.2l @  25.2Hz  =>  100.8dB   59W 102.1dB @  21.3Hz   1x70mm     21 mm 
   154.8l @  24.3Hz  =>   99.8dB   47W 102.1dB @  20.1Hz + 1x100mm    58 mm 
   173.4l @  23.4Hz  =>   98.8dB   37W 102.1dB @  19.0Hz + 1x100mm    44 mm 
*  194.2l @  22.6Hz  =>   97.8dB   30W 102.1dB @  17.9Hz + 1x100mm    31 mm 
   217.5l @  21.8Hz  =>   96.9dB   24W 102.1dB @  16.9Hz + 2x100mm    82 mm 
   243.6l @  21.0Hz  =>   95.9dB   19W 102.1dB @  16.0Hz + 2x100mm    62 mm 
   272.8l @  20.2Hz  =>   94.9dB   15W 102.1dB @  15.1Hz + 2x100mm    44 mm 
1.00  86.1dB --------------------------------------------------------------
   170.8l @  23.5Hz  =>   99.0dB   42W 101.8dB @  19.1Hz + 1x100mm    45 mm 
   191.3l @  22.7Hz  =>   98.0dB   34W 101.8dB @  18.1Hz + 1x100mm    33 mm 
   214.2l @  21.9Hz  =>   97.0dB   27W 101.8dB @  17.1Hz + 1x100mm    21 mm 
*  239.9l @  21.1Hz  =>   96.0dB   21W 101.8dB @  16.1Hz + 2x100mm    65 mm 
   268.7l @  20.3Hz  =>   95.0dB   17W 101.8dB @  15.2Hz + 2x100mm    47 mm 
   301.0l @  19.6Hz  =>   94.0dB   14W 101.8dB @  14.4Hz + 2x100mm    31 mm 
   337.1l @  18.9Hz  =>   93.1dB   11W 101.8dB @  13.6Hz + 3x100mm    53 mm 
-------------
sp200x                                 92.0dB   35W                      1x70mm
Rpre   Spl
      Vb      fb         SplMech Pmech  SplEle     f3       dv       lv

0.20  91.1dB --------------------------------------------------------------
    79.9l @  42.5Hz  =>   95.4dB    3W 106.0dB @  38.8Hz + 1x100mm    44 mm 
    89.4l @  41.0Hz  =>   94.5dB    2W 106.0dB @  36.6Hz + 1x100mm    32 mm 
   100.2l @  39.5Hz  =>   93.5dB    2W 106.0dB @  34.6Hz + 1x100mm    20 mm 
*  112.2l @  38.1Hz  =>   92.5dB    2W 106.0dB @  32.7Hz + 2x100mm    63 mm 
   125.7l @  36.7Hz  =>   91.5dB    1W 106.0dB @  30.9Hz + 2x100mm    45 mm 
   140.7l @  35.4Hz  =>   90.5dB    1W 106.0dB @  29.2Hz + 2x100mm    29 mm 
   157.6l @  34.2Hz  =>   89.5dB    1W 106.0dB @  27.6Hz + 3x100mm    51 mm 
0.60  90.8dB --------------------------------------------------------------
    89.1l @  41.0Hz  =>   94.5dB    3W 105.8dB @  36.7Hz + 1x100mm    32 mm 
    99.8l @  39.6Hz  =>   93.5dB    2W 105.8dB @  34.7Hz + 1x100mm    21 mm 
   111.8l @  38.1Hz  =>   92.5dB    2W 105.8dB @  32.8Hz + 2x100mm    63 mm 
*  125.2l @  36.8Hz  =>   91.5dB    1W 105.8dB @  31.0Hz + 2x100mm    46 mm 
   140.2l @  35.5Hz  =>   90.6dB    1W 105.8dB @  29.3Hz + 2x100mm    30 mm 
   157.1l @  34.2Hz  =>   89.6dB    1W 105.8dB @  27.6Hz + 3x100mm    52 mm 
   175.9l @  33.0Hz  =>   88.6dB    1W 105.8dB @  26.1Hz + 3x100mm    33 mm 
1.00  90.6dB --------------------------------------------------------------
    98.8l @  39.7Hz  =>   93.6dB    2W 105.6dB @  34.9Hz + 1x100mm    22 mm 
   110.6l @  38.3Hz  =>   92.6dB    2W 105.6dB @  32.9Hz + 2x100mm    65 mm 
   123.9l @  36.9Hz  =>   91.6dB    1W 105.6dB @  31.1Hz + 2x100mm    47 mm 
*  138.8l @  35.6Hz  =>   90.7dB    1W 105.6dB @  29.4Hz + 2x100mm    31 mm 
   155.4l @  34.3Hz  =>   89.7dB    1W 105.6dB @  27.8Hz + 3x100mm    54 mm 
   174.1l @  33.1Hz  =>   88.7dB    1W 105.6dB @  26.3Hz + 3x100mm    35 mm 
   194.9l @  31.9Hz  =>   87.7dB    1W 105.6dB @  24.8Hz + 4x100mm    46 mm 
-------------
sph200tc                               88.0dB  120W                      1x70mm
Rpre   Spl
      Vb      fb         SplMech Pmech  SplEle     f3       dv       lv

0.20  89.2dB --------------------------------------------------------------
    13.3l @  46.5Hz  =>  111.1dB  365W 106.2dB @  61.8Hz - 1x50mm    523 mm 
    14.9l @  44.8Hz  =>  110.1dB  291W 106.2dB @  58.4Hz - 1x50mm    463 mm 
    16.7l @  43.2Hz  =>  109.1dB  232W 106.2dB @  55.2Hz - 1x50mm    409 mm 
*   18.7l @  41.7Hz  =>  108.1dB  185W 106.2dB @  52.1Hz - 1x50mm    362 mm 
    21.0l @  40.2Hz  =>  107.1dB  148W 106.2dB @  49.3Hz   1x70mm    645 mm 
    23.5l @  38.8Hz  =>  106.1dB  118W 106.2dB @  46.5Hz   1x70mm    571 mm 
    26.3l @  37.4Hz  =>  105.2dB   94W 106.2dB @  44.0Hz   1x70mm    504 mm 
0.60  88.7dB --------------------------------------------------------------
    17.8l @  42.4Hz  =>  108.5dB  228W 105.8dB @  53.5Hz - 1x50mm    382 mm 
    20.0l @  40.9Hz  =>  107.6dB  181W 105.8dB @  50.5Hz   1x70mm    682 mm 
    22.4l @  39.4Hz  =>  106.6dB  145W 105.8dB @  47.7Hz   1x70mm    603 mm 
*   25.0l @  38.0Hz  =>  105.6dB  115W 105.8dB @  45.1Hz   1x70mm    533 mm 
    28.0l @  36.6Hz  =>  104.6dB   92W 105.8dB @  42.6Hz   1x70mm    470 mm 
    31.4l @  35.3Hz  =>  103.6dB   73W 105.8dB @  40.3Hz   1x70mm    415 mm 
    35.2l @  34.1Hz  =>  102.6dB   58W 105.8dB @  38.1Hz   1x70mm    365 mm 
1.00  88.3dB --------------------------------------------------------------
    23.1l @  39.0Hz  =>  106.3dB  149W 105.4dB @  46.9Hz   1x70mm    581 mm 
    25.9l @  37.6Hz  =>  105.3dB  119W 105.4dB @  44.4Hz   1x70mm    514 mm 
    29.0l @  36.2Hz  =>  104.3dB   94W 105.4dB @  41.9Hz   1x70mm    453 mm 
*   32.5l @  35.0Hz  =>  103.3dB   75W 105.4dB @  39.6Hz   1x70mm    399 mm 
    36.4l @  33.7Hz  =>  102.3dB   60W 105.4dB @  37.4Hz   1x70mm    351 mm 
    40.8l @  32.5Hz  =>  101.4dB   48W 105.4dB @  35.4Hz   1x70mm    308 mm 
    45.7l @  31.4Hz  =>  100.4dB   38W 105.4dB @  33.4Hz   1x70mm    269 mm 
-------------
sph200ctc                              88.0dB  120W                      1x70mm
Rpre   Spl
      Vb      fb         SplMech Pmech  SplEle     f3       dv       lv

0.20  87.0dB --------------------------------------------------------------
*   16.7l @  35.6Hz  =>  106.3dB  202W 104.1dB @  46.6Hz - 1x50mm    687 mm 
    18.7l @  34.3Hz  =>  105.3dB  161W 104.1dB @  44.0Hz - 1x50mm    610 mm 
    21.0l @  33.1Hz  =>  104.4dB  128W 104.1dB @  41.6Hz - 1x50mm    540 mm 
    23.5l @  31.9Hz  =>  103.4dB  102W 104.1dB @  39.3Hz - 1x50mm    479 mm 
0.60  86.5dB --------------------------------------------------------------
    17.7l @  34.9Hz  =>  105.8dB  199W 103.6dB @  45.2Hz - 1x50mm    645 mm 
    19.9l @  33.6Hz  =>  104.8dB  158W 103.6dB @  42.7Hz - 1x50mm    572 mm 
*   22.3l @  32.4Hz  =>  103.8dB  126W 103.6dB @  40.4Hz - 1x50mm    506 mm 
    24.9l @  31.3Hz  =>  102.8dB  101W 103.6dB @  38.2Hz - 1x50mm    448 mm 
    27.9l @  30.2Hz  =>  101.9dB   80W 103.6dB @  36.1Hz - 1x50mm    396 mm 
    31.3l @  29.1Hz  =>  100.9dB   64W 103.6dB @  34.1Hz - 1x50mm    350 mm 
1.00  86.1dB --------------------------------------------------------------
    20.5l @  33.3Hz  =>  104.5dB  164W 103.2dB @  42.1Hz - 1x50mm    552 mm 
    23.0l @  32.1Hz  =>  103.6dB  130W 103.2dB @  39.7Hz - 1x50mm    489 mm 
    25.7l @  31.0Hz  =>  102.6dB  104W 103.2dB @  37.5Hz - 1x50mm    433 mm 
*   28.8l @  29.9Hz  =>  101.6dB   83W 103.2dB @  35.5Hz - 1x50mm    383 mm 
    32.3l @  28.8Hz  =>  100.6dB   66W 103.2dB @  33.5Hz   1x70mm    683 mm 
    36.2l @  27.8Hz  =>   99.6dB   53W 103.2dB @  31.7Hz   1x70mm    604 mm 
    40.5l @  26.8Hz  =>   98.6dB   42W 103.2dB @  29.9Hz   1x70mm    534 mm 
-------------
sph200ke                               90.0dB   80W                      1x70mm
Rpre   Spl
      Vb      fb         SplMech Pmech  SplEle     f3       dv       lv

0.20  86.3dB --------------------------------------------------------------
    37.4l @  31.5Hz  =>  102.3dB   51W 104.2dB @  33.6Hz   1x70mm    340 mm 
    41.9l @  30.4Hz  =>  101.3dB   41W 104.2dB @  31.8Hz   1x70mm    298 mm 
    47.0l @  29.3Hz  =>  100.3dB   33W 104.2dB @  30.0Hz   1x70mm    260 mm 
*   52.6l @  28.2Hz  =>   99.4dB   26W 104.2dB @  28.4Hz   1x70mm    227 mm 
    58.9l @  27.2Hz  =>   98.4dB   21W 104.2dB @  26.8Hz   1x70mm    197 mm 
    66.0l @  26.3Hz  =>   97.4dB   17W 104.2dB @  25.3Hz   1x70mm    171 mm 
    73.9l @  25.3Hz  =>   96.4dB   13W 104.2dB @  23.9Hz   1x70mm    147 mm 
0.60  86.1dB --------------------------------------------------------------
    43.9l @  29.9Hz  =>  100.9dB   40W 104.0dB @  31.1Hz   1x70mm    282 mm 
    49.2l @  28.9Hz  =>   99.9dB   32W 104.0dB @  29.3Hz   1x70mm    246 mm 
    55.1l @  27.8Hz  =>   99.0dB   25W 104.0dB @  27.7Hz   1x70mm    215 mm 
*   61.7l @  26.8Hz  =>   98.0dB   20W 104.0dB @  26.2Hz   1x70mm    186 mm 
    69.1l @  25.9Hz  =>   97.0dB   16W 104.0dB @  24.8Hz   1x70mm    161 mm 
    77.3l @  25.0Hz  =>   96.0dB   13W 104.0dB @  23.4Hz   1x70mm    138 mm 
    86.6l @  24.1Hz  =>   95.0dB   10W 104.0dB @  22.1Hz   1x70mm    118 mm 
1.00  85.8dB --------------------------------------------------------------
    51.0l @  28.5Hz  =>   99.6dB   31W 103.7dB @  28.8Hz   1x70mm    236 mm 
    57.1l @  27.5Hz  =>   98.6dB   25W 103.7dB @  27.2Hz   1x70mm    205 mm 
    63.9l @  26.5Hz  =>   97.7dB   20W 103.7dB @  25.7Hz   1x70mm    178 mm 
*   71.6l @  25.6Hz  =>   96.7dB   16W 103.7dB @  24.3Hz   1x70mm    153 mm 
    80.2l @  24.7Hz  =>   95.7dB   13W 103.7dB @  23.0Hz   1x70mm    131 mm 
    89.8l @  23.8Hz  =>   94.7dB   10W 103.7dB @  21.7Hz   1x70mm    112 mm 
   100.6l @  22.9Hz  =>   93.7dB    8W 103.7dB @  20.5Hz   1x70mm     94 mm 
-------------
sph250tc                               91.0dB  200W                     1x100mm
Rpre   Spl
      Vb      fb         SplMech Pmech  SplEle     f3       dv       lv

0.20  89.0dB --------------------------------------------------------------
    24.0l @  38.8Hz  =>  112.7dB  559W 108.3dB @  48.7Hz - 1x70mm    657 mm 
*   26.8l @  37.5Hz  =>  111.7dB  446W 108.3dB @  46.0Hz - 1x70mm    581 mm 
    30.1l @  36.1Hz  =>  110.8dB  355W 108.3dB @  43.5Hz - 1x70mm    513 mm 
    33.7l @  34.8Hz  =>  109.8dB  283W 108.3dB @  41.1Hz - 1x70mm    453 mm 
    37.7l @  33.6Hz  =>  108.8dB  226W 108.3dB @  38.8Hz - 1x70mm    399 mm 
0.60  88.5dB --------------------------------------------------------------
    25.2l @  38.2Hz  =>  112.3dB  561W 107.8dB @  47.5Hz - 1x70mm    622 mm 
    28.2l @  36.9Hz  =>  111.3dB  448W 107.8dB @  44.8Hz - 1x70mm    550 mm 
    31.6l @  35.5Hz  =>  110.3dB  357W 107.8dB @  42.4Hz - 1x70mm    485 mm 
*   35.4l @  34.3Hz  =>  109.3dB  284W 107.8dB @  40.0Hz - 1x70mm    428 mm 
    39.7l @  33.1Hz  =>  108.3dB  227W 107.8dB @  37.8Hz - 1x70mm    377 mm 
    44.4l @  31.9Hz  =>  107.4dB  181W 107.8dB @  35.8Hz - 1x70mm    331 mm 
    49.8l @  30.7Hz  =>  106.4dB  144W 107.8dB @  33.8Hz   1x100mm   623 mm 
1.00  88.1dB --------------------------------------------------------------
    32.3l @  35.3Hz  =>  110.1dB  376W 107.4dB @  41.9Hz - 1x70mm    474 mm 
    36.2l @  34.0Hz  =>  109.1dB  300W 107.4dB @  39.6Hz - 1x70mm    418 mm 
    40.5l @  32.8Hz  =>  108.2dB  239W 107.4dB @  37.4Hz - 1x70mm    367 mm 
*   45.4l @  31.7Hz  =>  107.2dB  190W 107.4dB @  35.4Hz   1x100mm   690 mm 
    50.8l @  30.5Hz  =>  106.2dB  152W 107.4dB @  33.4Hz   1x100mm   608 mm 
    56.9l @  29.4Hz  =>  105.2dB  121W 107.4dB @  31.6Hz   1x100mm   535 mm 
    63.8l @  28.4Hz  =>  104.2dB   96W 107.4dB @  29.8Hz   1x100mm   470 mm 
-------------
sph250ctc                              91.0dB  200W                     1x100mm
Rpre   Spl
      Vb      fb         SplMech Pmech  SplEle     f3       dv       lv

0.20  89.9dB --------------------------------------------------------------
    49.0l @  32.3Hz  =>  110.2dB  255W 109.2dB @  42.4Hz - 1x70mm    534 mm 
    54.9l @  31.2Hz  =>  109.3dB  203W 109.2dB @  40.0Hz - 1x70mm    471 mm 
    61.5l @  30.1Hz  =>  108.3dB  162W 109.2dB @  37.8Hz - 1x70mm    415 mm 
*   68.9l @  29.0Hz  =>  107.3dB  129W 109.2dB @  35.7Hz - 1x70mm    365 mm 
    77.1l @  28.0Hz  =>  106.3dB  103W 109.2dB @  33.8Hz   1x100mm   686 mm 
    86.4l @  27.0Hz  =>  105.3dB   82W 109.2dB @  31.9Hz   1x100mm   604 mm 
    96.7l @  26.0Hz  =>  104.3dB   65W 109.2dB @  30.2Hz   1x100mm   532 mm 
0.60  89.4dB --------------------------------------------------------------
    65.2l @  29.5Hz  =>  107.8dB  160W 108.7dB @  36.7Hz - 1x70mm    388 mm 
    73.1l @  28.5Hz  =>  106.8dB  127W 108.7dB @  34.7Hz - 1x70mm    341 mm 
    81.8l @  27.4Hz  =>  105.8dB  102W 108.7dB @  32.8Hz   1x100mm   642 mm 
*   91.7l @  26.5Hz  =>  104.8dB   81W 108.7dB @  31.0Hz   1x100mm   565 mm 
   102.7l @  25.5Hz  =>  103.8dB   65W 108.7dB @  29.3Hz   1x100mm   497 mm 
   115.0l @  24.6Hz  =>  102.8dB   51W 108.7dB @  27.7Hz   1x100mm   436 mm 
   128.8l @  23.7Hz  =>  101.8dB   41W 108.7dB @  26.1Hz   1x100mm   381 mm 
1.00  89.0dB --------------------------------------------------------------
    84.4l @  27.2Hz  =>  105.5dB  105W 108.3dB @  32.3Hz   1x100mm   620 mm 
    94.5l @  26.2Hz  =>  104.5dB   84W 108.3dB @  30.5Hz   1x100mm   546 mm 
   105.9l @  25.3Hz  =>  103.5dB   67W 108.3dB @  28.8Hz   1x100mm   480 mm 
*  118.6l @  24.4Hz  =>  102.6dB   53W 108.3dB @  27.2Hz   1x100mm   420 mm 
   132.8l @  23.5Hz  =>  101.6dB   42W 108.3dB @  25.7Hz   1x100mm   368 mm 
   148.7l @  22.7Hz  =>  100.6dB   34W 108.3dB @  24.3Hz   1x100mm   320 mm 
   166.6l @  21.9Hz  =>   99.6dB   27W 108.3dB @  23.0Hz   1x100mm   278 mm 
-------------
sph300tc                               91.0dB  240W                     1x100mm
Rpre   Spl
      Vb      fb         SplMech Pmech  SplEle     f3       dv       lv

0.20  91.5dB --------------------------------------------------------------
   137.2l @  29.2Hz  =>  108.3dB  122W 111.2dB @  33.4Hz   1x100mm   249 mm 
   153.6l @  28.2Hz  =>  107.3dB   97W 111.2dB @  31.6Hz   1x100mm   215 mm 
   172.0l @  27.2Hz  =>  106.3dB   77W 111.2dB @  29.9Hz   1x100mm   184 mm 
*  192.7l @  26.2Hz  =>  105.3dB   62W 111.2dB @  28.2Hz   1x100mm   157 mm 
   215.8l @  25.3Hz  =>  104.4dB   49W 111.2dB @  26.7Hz   1x100mm   132 mm 
   241.7l @  24.4Hz  =>  103.4dB   39W 111.2dB @  25.2Hz   1x100mm   110 mm 
   270.7l @  23.5Hz  =>  102.4dB   31W 111.2dB @  23.8Hz   1x100mm    90 mm 
   303.2l @  22.7Hz  =>  101.4dB   25W 111.2dB @  22.5Hz   1x100mm    73 mm 
   339.6l @  21.9Hz  =>  100.4dB   20W 111.2dB @  21.3Hz   1x100mm    57 mm 
   380.3l @  21.1Hz  =>   99.4dB   16W 111.2dB @  20.1Hz   1x100mm    43 mm 
   426.0l @  20.3Hz  =>   98.4dB   13W 111.2dB @  19.0Hz   1x100mm    31 mm 
   477.1l @  19.6Hz  =>   97.5dB   10W 111.2dB @  17.9Hz + 2x100mm    81 mm 
   534.3l @  18.9Hz  =>   96.5dB    8W 111.2dB @  16.9Hz + 2x100mm    62 mm 
   598.5l @  18.2Hz  =>   95.5dB    6W 111.2dB @  16.0Hz + 2x100mm    44 mm 
   670.3l @  17.6Hz  =>   94.5dB    5W 111.2dB @  15.1Hz + 2x100mm    28 mm 
   750.7l @  17.0Hz  =>   93.5dB    4W 111.2dB @  14.3Hz + 3x100mm    50 mm 
   840.8l @  16.4Hz  =>   92.5dB    3W 111.2dB @  13.5Hz + 3x100mm    31 mm 
   941.7l @  15.8Hz  =>   91.6dB    3W 111.2dB @  12.8Hz + 4x100mm    42 mm 
  1054.7l @  15.2Hz  =>   90.6dB    2W 111.2dB @  12.1Hz + 4x100mm    22 mm 
  1181.2l @  14.7Hz  =>   89.6dB    2W 111.2dB @  11.4Hz + 5x100mm    24 mm 
  1323.0l @  14.2Hz  =>   88.6dB    1W 111.2dB @  10.8Hz + 6x100mm    22 mm 
0.60  91.0dB --------------------------------------------------------------
   182.4l @  26.7Hz  =>  105.8dB   77W 110.7dB @  29.0Hz   1x100mm   169 mm 
   204.3l @  25.7Hz  =>  104.8dB   61W 110.7dB @  27.4Hz   1x100mm   143 mm 
   228.8l @  24.8Hz  =>  103.8dB   49W 110.7dB @  25.9Hz   1x100mm   120 mm 
*  256.3l @  23.9Hz  =>  102.9dB   39W 110.7dB @  24.5Hz   1x100mm   100 mm 
   287.0l @  23.1Hz  =>  101.9dB   31W 110.7dB @  23.1Hz   1x100mm    81 mm 
   321.5l @  22.3Hz  =>  100.9dB   25W 110.7dB @  21.8Hz   1x100mm    65 mm 
   360.1l @  21.5Hz  =>   99.9dB   20W 110.7dB @  20.6Hz   1x100mm    50 mm 
1.00  90.6dB --------------------------------------------------------------
   234.9l @  24.6Hz  =>  103.6dB   51W 110.3dB @  25.6Hz   1x100mm   115 mm 
   263.1l @  23.7Hz  =>  102.6dB   41W 110.3dB @  24.1Hz   1x100mm    95 mm 
   294.7l @  22.9Hz  =>  101.6dB   33W 110.3dB @  22.8Hz   1x100mm    77 mm 
*  330.0l @  22.1Hz  =>  100.7dB   26W 110.3dB @  21.6Hz   1x100mm    61 mm 
   369.6l @  21.3Hz  =>   99.7dB   21W 110.3dB @  20.4Hz   1x100mm    47 mm 
   414.0l @  20.5Hz  =>   98.7dB   17W 110.3dB @  19.3Hz   1x100mm    34 mm 
   463.6l @  19.8Hz  =>   97.7dB   13W 110.3dB @  18.2Hz   1x100mm    22 mm 
-------------
sph300ctc                              92.0dB  300W                     1x100mm
Rpre   Spl
      Vb      fb         SplMech Pmech  SplEle     f3       dv       lv

0.20  89.7dB --------------------------------------------------------------
    50.4l @  29.0Hz  =>  113.1dB  583W 110.2dB @  38.0Hz - 1x70mm    651 mm 
    56.5l @  28.0Hz  =>  112.1dB  465W 110.2dB @  35.9Hz - 1x70mm    575 mm 
    63.3l @  27.0Hz  =>  111.2dB  371W 110.2dB @  33.9Hz - 1x70mm    508 mm 
    70.9l @  26.1Hz  =>  110.2dB  295W 110.2dB @  32.1Hz - 1x70mm    448 mm 
    79.4l @  25.1Hz  =>  109.2dB  235W 110.2dB @  30.3Hz - 1x70mm    395 mm 
    88.9l @  24.2Hz  =>  108.2dB  188W 110.2dB @  28.6Hz - 1x70mm    347 mm 
    99.6l @  23.4Hz  =>  107.2dB  150W 110.2dB @  27.1Hz   1x100mm   652 mm 
   111.5l @  22.5Hz  =>  106.2dB  119W 110.2dB @  25.6Hz   1x100mm   575 mm 
   124.9l @  21.7Hz  =>  105.2dB   95W 110.2dB @  24.2Hz   1x100mm   505 mm 
   139.9l @  21.0Hz  =>  104.3dB   76W 110.2dB @  22.8Hz   1x100mm   443 mm 
   156.7l @  20.2Hz  =>  103.3dB   60W 110.2dB @  21.6Hz   1x100mm   388 mm 
   175.5l @  19.5Hz  =>  102.3dB   48W 110.2dB @  20.4Hz   1x100mm   339 mm 
   196.5l @  18.8Hz  =>  101.3dB   38W 110.2dB @  19.3Hz   1x100mm   294 mm 
   220.1l @  18.1Hz  =>  100.3dB   31W 110.2dB @  18.2Hz   1x100mm   255 mm 
   246.5l @  17.5Hz  =>   99.3dB   24W 110.2dB @  17.2Hz   1x100mm   220 mm 
   276.1l @  16.9Hz  =>   98.4dB   19W 110.2dB @  16.2Hz   1x100mm   189 mm 
   309.3l @  16.3Hz  =>   97.4dB   16W 110.2dB @  15.4Hz   1x100mm   160 mm 
   346.4l @  15.7Hz  =>   96.4dB   12W 110.2dB @  14.5Hz   1x100mm   135 mm 
   387.9l @  15.1Hz  =>   95.4dB   10W 110.2dB @  13.7Hz   1x100mm   113 mm 
   434.5l @  14.6Hz  =>   94.4dB    8W 110.2dB @  13.0Hz   1x100mm    93 mm 
   486.6l @  14.1Hz  =>   93.4dB    6W 110.2dB @  12.2Hz   1x100mm    75 mm 
   545.0l @  13.6Hz  =>   92.5dB    5W 110.2dB @  11.6Hz   1x100mm    59 mm 
   610.4l @  13.1Hz  =>   91.5dB    4W 110.2dB @  10.9Hz   1x100mm    45 mm 
   683.7l @  12.6Hz  =>   90.5dB    3W 110.2dB @  10.3Hz   1x100mm    33 mm 
   765.7l @  12.2Hz  =>   89.5dB    3W 110.2dB @   9.8Hz   1x100mm    21 mm 
   857.6l @  11.7Hz  =>   88.5dB    2W 110.2dB @   9.2Hz + 2x100mm    64 mm 
   960.5l @  11.3Hz  =>   87.5dB    2W 110.2dB @   8.7Hz + 2x100mm    46 mm 
  1075.8l @  10.9Hz  =>   86.5dB    1W 110.2dB @   8.2Hz + 2x100mm    30 mm 
  1204.8l @  10.5Hz  =>   85.6dB    1W 110.2dB @   7.8Hz + 3x100mm    53 mm 
0.60  89.2dB --------------------------------------------------------------
*   49.8l @  29.2Hz  =>  113.2dB  674W 109.7dB @  38.3Hz - 1x70mm    660 mm 
    55.8l @  28.1Hz  =>  112.3dB  537W 109.7dB @  36.2Hz - 1x70mm    584 mm 
    62.4l @  27.1Hz  =>  111.3dB  428W 109.7dB @  34.2Hz - 1x70mm    516 mm 
    69.9l @  26.2Hz  =>  110.3dB  341W 109.7dB @  32.3Hz - 1x70mm    455 mm 
1.00  88.8dB --------------------------------------------------------------
    47.4l @  29.6Hz  =>  113.7dB  825W 109.3dB @  39.2Hz - 1x70mm    696 mm 
    53.1l @  28.6Hz  =>  112.7dB  658W 109.3dB @  37.1Hz - 1x70mm    616 mm 
    59.5l @  27.6Hz  =>  111.7dB  525W 109.3dB @  35.0Hz - 1x70mm    544 mm 
*   66.6l @  26.6Hz  =>  110.7dB  418W 109.3dB @  33.1Hz - 1x70mm    480 mm 
    74.6l @  25.6Hz  =>  109.7dB  333W 109.3dB @  31.3Hz - 1x70mm    423 mm 
    83.5l @  24.7Hz  =>  108.7dB  266W 109.3dB @  29.5Hz - 1x70mm    373 mm 
    93.6l @  23.8Hz  =>  107.8dB  212W 109.3dB @  27.9Hz   1x100mm   699 mm 
-------------
sph380tc                               89.0dB  500W                     2x100mm
Rpre   Spl
      Vb      fb         SplMech Pmech  SplEle     f3       dv       lv

0.20  91.5dB --------------------------------------------------------------
    79.5l @  32.7Hz  =>  125.2dB 2605W 118.0dB @  40.9Hz - 1x100mm   535 mm 
    89.1l @  31.6Hz  =>  124.2dB 2077W 118.0dB @  38.7Hz - 1x100mm   470 mm 
    99.8l @  30.4Hz  =>  123.2dB 1656W 118.0dB @  36.5Hz - 1x100mm   412 mm 
*  111.7l @  29.3Hz  =>  122.2dB 1320W 118.0dB @  34.5Hz - 1x100mm   360 mm 
   125.1l @  28.3Hz  =>  121.2dB 1052W 118.0dB @  32.6Hz   2x100mm   665 mm 
   140.2l @  27.3Hz  =>  120.2dB  839W 118.0dB @  30.8Hz   2x100mm   583 mm 
   157.0l @  26.3Hz  =>  119.3dB  669W 118.0dB @  29.1Hz   2x100mm   509 mm 
   175.8l @  25.4Hz  =>  118.3dB  533W 118.0dB @  27.5Hz   2x100mm   444 mm 
   196.9l @  24.5Hz  =>  117.3dB  425W 118.0dB @  26.0Hz   2x100mm   385 mm 
   220.6l @  23.6Hz  =>  116.3dB  339W 118.0dB @  24.6Hz   2x100mm   333 mm 
   247.0l @  22.8Hz  =>  115.3dB  270W 118.0dB @  23.2Hz   2x100mm   286 mm 
   276.7l @  22.0Hz  =>  114.3dB  215W 118.0dB @  21.9Hz   2x100mm   244 mm 
   309.9l @  21.2Hz  =>  113.4dB  172W 118.0dB @  20.7Hz   2x100mm   207 mm 
   347.0l @  20.4Hz  =>  112.4dB  137W 118.0dB @  19.6Hz   2x100mm   174 mm 
   388.7l @  19.7Hz  =>  111.4dB  109W 118.0dB @  18.5Hz   2x100mm   144 mm 
   435.3l @  19.0Hz  =>  110.4dB   87W 118.0dB @  17.5Hz   2x100mm   118 mm 
   487.6l @  18.3Hz  =>  109.4dB   69W 118.0dB @  16.5Hz   2x100mm    94 mm 
   546.1l @  17.7Hz  =>  108.4dB   55W 118.0dB @  15.6Hz   2x100mm    73 mm 
   611.6l @  17.0Hz  =>  107.5dB   44W 118.0dB @  14.8Hz   2x100mm    54 mm 
   685.0l @  16.4Hz  =>  106.5dB   35W 118.0dB @  13.9Hz   2x100mm    37 mm 
   767.2l @  15.8Hz  =>  105.5dB   28W 118.0dB @  13.2Hz   2x100mm    22 mm 
   859.3l @  15.3Hz  =>  104.5dB   22W 118.0dB @  12.4Hz + 3x100mm    42 mm 
   962.4l @  14.7Hz  =>  103.5dB   18W 118.0dB @  11.8Hz + 3x100mm    24 mm 
  1077.9l @  14.2Hz  =>  102.5dB   14W 118.0dB @  11.1Hz + 4x100mm    33 mm 
  1207.2l @  13.7Hz  =>  101.5dB   11W 118.0dB @  10.5Hz + 5x100mm    37 mm 
  1352.1l @  13.2Hz  =>  100.6dB    9W 118.0dB @   9.9Hz + 6x100mm    36 mm 
0.60  91.2dB --------------------------------------------------------------
    91.1l @  31.3Hz  =>  124.0dB 2095W 117.8dB @  38.2Hz - 1x100mm   458 mm 
   102.0l @  30.2Hz  =>  123.0dB 1670W 117.8dB @  36.1Hz - 1x100mm   401 mm 
   114.2l @  29.1Hz  =>  122.0dB 1332W 117.8dB @  34.1Hz - 1x100mm   350 mm 
*  127.9l @  28.1Hz  =>  121.0dB 1062W 117.8dB @  32.3Hz   2x100mm   648 mm 
   143.3l @  27.1Hz  =>  120.1dB  846W 117.8dB @  30.5Hz   2x100mm   568 mm 
   160.5l @  26.1Hz  =>  119.1dB  675W 117.8dB @  28.8Hz   2x100mm   496 mm 
   179.7l @  25.2Hz  =>  118.1dB  538W 117.8dB @  27.2Hz   2x100mm   432 mm 
1.00  91.0dB --------------------------------------------------------------
   103.5l @  30.1Hz  =>  122.9dB 1706W 117.6dB @  35.9Hz - 1x100mm   394 mm 
   115.9l @  29.0Hz  =>  121.9dB 1360W 117.6dB @  33.9Hz - 1x100mm   344 mm 
   129.8l @  28.0Hz  =>  120.9dB 1084W 117.6dB @  32.0Hz   2x100mm   638 mm 
*  145.4l @  27.0Hz  =>  119.9dB  864W 117.6dB @  30.3Hz   2x100mm   558 mm 
   162.8l @  26.0Hz  =>  118.9dB  689W 117.6dB @  28.6Hz   2x100mm   487 mm 
   182.3l @  25.1Hz  =>  118.0dB  549W 117.6dB @  27.0Hz   2x100mm   424 mm 
   204.2l @  24.2Hz  =>  117.0dB  438W 117.6dB @  25.5Hz   2x100mm   368 mm 
-------------
sph390tc                               96.0dB  300W                     2x100mm
Rpre   Spl
      Vb      fb         SplMech Pmech  SplEle     f3       dv       lv

0.20  92.3dB --------------------------------------------------------------
    89.8l @  33.2Hz  =>  121.3dB 2133W 112.8dB @  40.9Hz - 1x100mm   420 mm 
   100.6l @  32.1Hz  =>  120.4dB 1700W 112.8dB @  38.7Hz - 1x100mm   367 mm 
   112.6l @  30.9Hz  =>  119.4dB 1355W 112.8dB @  36.5Hz   2x100mm   678 mm 
*  126.1l @  29.8Hz  =>  118.4dB 1081W 112.8dB @  34.5Hz   2x100mm   594 mm 
   141.3l @  28.8Hz  =>  117.4dB  861W 112.8dB @  32.6Hz   2x100mm   520 mm 
   158.2l @  27.7Hz  =>  116.4dB  687W 112.8dB @  30.8Hz   2x100mm   453 mm 
   177.2l @  26.7Hz  =>  115.4dB  547W 112.8dB @  29.1Hz   2x100mm   393 mm 
   198.5l @  25.8Hz  =>  114.5dB  436W 112.8dB @  27.5Hz   2x100mm   340 mm 
   222.3l @  24.9Hz  =>  113.5dB  348W 112.8dB @  26.0Hz   2x100mm   293 mm 
   249.0l @  24.0Hz  =>  112.5dB  277W 112.8dB @  24.6Hz   2x100mm   250 mm 
   278.9l @  23.1Hz  =>  111.5dB  221W 112.8dB @  23.2Hz   2x100mm   212 mm 
   312.3l @  22.3Hz  =>  110.5dB  176W 112.8dB @  21.9Hz   2x100mm   179 mm 
   349.8l @  21.5Hz  =>  109.5dB  141W 112.8dB @  20.7Hz   2x100mm   148 mm 
   391.8l @  20.8Hz  =>  108.5dB  112W 112.8dB @  19.6Hz   2x100mm   121 mm 
   438.8l @  20.0Hz  =>  107.6dB   89W 112.8dB @  18.5Hz   2x100mm    97 mm 
   491.4l @  19.3Hz  =>  106.6dB   71W 112.8dB @  17.5Hz   2x100mm    76 mm 
   550.4l @  18.6Hz  =>  105.6dB   57W 112.8dB @  16.5Hz   2x100mm    57 mm 
   616.5l @  17.9Hz  =>  104.6dB   45W 112.8dB @  15.6Hz   2x100mm    40 mm 
   690.4l @  17.3Hz  =>  103.6dB   36W 112.8dB @  14.8Hz   2x100mm    24 mm 
   773.3l @  16.7Hz  =>  102.6dB   29W 112.8dB @  13.9Hz + 3x100mm    45 mm 
   866.1l @  16.1Hz  =>  101.7dB   23W 112.8dB @  13.2Hz + 3x100mm    26 mm 
   970.0l @  15.5Hz  =>  100.7dB   18W 112.8dB @  12.4Hz + 4x100mm    36 mm 
  1086.4l @  15.0Hz  =>   99.7dB   15W 112.8dB @  11.8Hz + 5x100mm    41 mm 
  1216.8l @  14.4Hz  =>   98.7dB   12W 112.8dB @  11.1Hz + 6x100mm    39 mm 
0.60  91.8dB --------------------------------------------------------------
   123.8l @  30.0Hz  =>  118.6dB 1261W 112.3dB @  34.8Hz   2x100mm   607 mm 
   138.7l @  28.9Hz  =>  117.6dB 1005W 112.3dB @  32.9Hz   2x100mm   531 mm 
   155.3l @  27.9Hz  =>  116.6dB  802W 112.3dB @  31.1Hz   2x100mm   463 mm 
*  174.0l @  26.9Hz  =>  115.6dB  639W 112.3dB @  29.4Hz   2x100mm   403 mm 
   194.9l @  25.9Hz  =>  114.6dB  509W 112.3dB @  27.8Hz   2x100mm   348 mm 
   218.2l @  25.0Hz  =>  113.6dB  406W 112.3dB @  26.2Hz   2x100mm   300 mm 
   244.4l @  24.1Hz  =>  112.6dB  324W 112.3dB @  24.8Hz   2x100mm   257 mm 
1.00  91.4dB --------------------------------------------------------------
   164.8l @  27.4Hz  =>  116.1dB  791W 111.9dB @  30.2Hz   2x100mm   431 mm 
   184.6l @  26.4Hz  =>  115.1dB  631W 111.9dB @  28.5Hz   2x100mm   373 mm 
   206.8l @  25.5Hz  =>  114.1dB  503W 111.9dB @  27.0Hz   2x100mm   322 mm 
*  231.6l @  24.6Hz  =>  113.1dB  401W 111.9dB @  25.5Hz   2x100mm   277 mm 
   259.4l @  23.7Hz  =>  112.1dB  319W 111.9dB @  24.1Hz   2x100mm   236 mm 
   290.5l @  22.8Hz  =>  111.1dB  255W 111.9dB @  22.7Hz   2x100mm   200 mm 
   325.4l @  22.0Hz  =>  110.2dB  203W 111.9dB @  21.5Hz   2x100mm   167 mm 
-------------
sph450tc                               93.0dB  700W                     3x100mm
Rpre   Spl
      Vb      fb         SplMech Pmech  SplEle     f3       dv       lv

0.20  93.3dB --------------------------------------------------------------
   155.0l @  28.7Hz  =>  127.5dB 2851W 121.4dB @  35.2Hz - 2x100mm   647 mm 
   173.6l @  27.7Hz  =>  126.5dB 2272W 121.4dB @  33.3Hz - 2x100mm   567 mm 
   194.4l @  26.7Hz  =>  125.5dB 1812W 121.4dB @  31.4Hz - 2x100mm   495 mm 
   217.8l @  25.8Hz  =>  124.5dB 1444W 121.4dB @  29.7Hz   3x100mm   678 mm 
   243.9l @  24.8Hz  =>  123.5dB 1151W 121.4dB @  28.1Hz   3x100mm   591 mm 
   273.2l @  24.0Hz  =>  122.5dB  918W 121.4dB @  26.5Hz   3x100mm   515 mm 
   306.0l @  23.1Hz  =>  121.6dB  732W 121.4dB @  25.1Hz   3x100mm   446 mm 
   342.7l @  22.3Hz  =>  120.6dB  583W 121.4dB @  23.7Hz   3x100mm   385 mm 
   383.8l @  21.5Hz  =>  119.6dB  465W 121.4dB @  22.4Hz   3x100mm   330 mm 
   429.9l @  20.7Hz  =>  118.6dB  371W 121.4dB @  21.1Hz   3x100mm   281 mm 
   481.4l @  20.0Hz  =>  117.6dB  296W 121.4dB @  20.0Hz   3x100mm   237 mm 
   539.2l @  19.3Hz  =>  116.6dB  236W 121.4dB @  18.9Hz   3x100mm   198 mm 
   603.9l @  18.6Hz  =>  115.6dB  188W 121.4dB @  17.8Hz   3x100mm   163 mm 
   676.4l @  17.9Hz  =>  114.7dB  150W 121.4dB @  16.8Hz   3x100mm   132 mm 
   757.6l @  17.3Hz  =>  113.7dB  119W 121.4dB @  15.9Hz   3x100mm   105 mm 
   848.5l @  16.7Hz  =>  112.7dB   95W 121.4dB @  15.0Hz   3x100mm    80 mm 
   950.3l @  16.1Hz  =>  111.7dB   76W 121.4dB @  14.2Hz   3x100mm    58 mm 
  1064.3l @  15.5Hz  =>  110.7dB   60W 121.4dB @  13.4Hz   3x100mm    38 mm 
  1192.0l @  14.9Hz  =>  109.7dB   48W 121.4dB @  12.7Hz   3x100mm    20 mm 
  1335.1l @  14.4Hz  =>  108.8dB   38W 121.4dB @  12.0Hz + 4x100mm    29 mm 
  1495.3l @  13.9Hz  =>  107.8dB   31W 121.4dB @  11.3Hz + 5x100mm    33 mm 
  1674.7l @  13.4Hz  =>  106.8dB   24W 121.4dB @  10.7Hz + 6x100mm    31 mm 
0.60  93.0dB --------------------------------------------------------------
*  158.3l @  28.5Hz  =>  127.3dB 2876W 121.1dB @  34.8Hz - 2x100mm   632 mm 
   177.3l @  27.5Hz  =>  126.3dB 2293W 121.1dB @  32.9Hz - 2x100mm   553 mm 
   198.6l @  26.5Hz  =>  125.3dB 1828W 121.1dB @  31.1Hz - 2x100mm   483 mm 
   222.4l @  25.6Hz  =>  124.3dB 1457W 121.1dB @  29.4Hz   3x100mm   661 mm 
1.00  92.8dB --------------------------------------------------------------
   160.6l @  28.4Hz  =>  127.2dB 2937W 120.9dB @  34.6Hz - 2x100mm   621 mm 
*  179.8l @  27.4Hz  =>  126.2dB 2341W 120.9dB @  32.7Hz - 2x100mm   544 mm 
   201.4l @  26.4Hz  =>  125.2dB 1866W 120.9dB @  30.9Hz - 2x100mm   475 mm 
   225.6l @  25.5Hz  =>  124.2dB 1488W 120.9dB @  29.2Hz   3x100mm   650 mm 
   252.6l @  24.6Hz  =>  123.2dB 1186W 120.9dB @  27.6Hz   3x100mm   567 mm 
-------------
sp8/150pro                             93.0dB  150W                      1x70mm
Rpre   Spl
      Vb      fb         SplMech Pmech  SplEle     f3       dv       lv

0.20  91.5dB --------------------------------------------------------------
     9.6l @  73.1Hz  =>  120.7dB  925W 112.8dB @  84.9Hz   1x70mm    330 mm 
    10.7l @  70.5Hz  =>  119.7dB  737W 112.8dB @  80.2Hz   1x70mm    290 mm 
    12.0l @  68.0Hz  =>  118.7dB  588W 112.8dB @  75.8Hz   1x70mm    253 mm 
*   13.5l @  65.5Hz  =>  117.7dB  469W 112.8dB @  71.6Hz   1x70mm    220 mm 
    15.1l @  63.2Hz  =>  116.7dB  374W 112.8dB @  67.6Hz   1x70mm    191 mm 
    16.9l @  60.9Hz  =>  115.7dB  298W 112.8dB @  63.9Hz   1x70mm    165 mm 
    18.9l @  58.8Hz  =>  114.8dB  237W 112.8dB @  60.4Hz   1x70mm    142 mm 
0.60  91.2dB --------------------------------------------------------------
    10.8l @  70.4Hz  =>  119.6dB  770W 112.5dB @  80.0Hz   1x70mm    288 mm 
    12.1l @  67.9Hz  =>  118.7dB  614W 112.5dB @  75.6Hz   1x70mm    252 mm 
    13.5l @  65.4Hz  =>  117.7dB  490W 112.5dB @  71.4Hz   1x70mm    219 mm 
*   15.1l @  63.1Hz  =>  116.7dB  390W 112.5dB @  67.5Hz   1x70mm    190 mm 
    17.0l @  60.9Hz  =>  115.7dB  311W 112.5dB @  63.8Hz   1x70mm    164 mm 
    19.0l @  58.7Hz  =>  114.7dB  248W 112.5dB @  60.3Hz   1x70mm    141 mm 
    21.3l @  56.6Hz  =>  113.7dB  198W 112.5dB @  56.9Hz   1x70mm    121 mm 
1.00  91.0dB --------------------------------------------------------------
    12.0l @  67.9Hz  =>  118.7dB  649W 112.3dB @  75.7Hz   1x70mm    253 mm 
    13.5l @  65.5Hz  =>  117.7dB  518W 112.3dB @  71.5Hz   1x70mm    220 mm 
    15.1l @  63.2Hz  =>  116.7dB  413W 112.3dB @  67.6Hz   1x70mm    191 mm 
*   16.9l @  60.9Hz  =>  115.7dB  329W 112.3dB @  63.9Hz   1x70mm    165 mm 
    18.9l @  58.7Hz  =>  114.7dB  262W 112.3dB @  60.4Hz   1x70mm    142 mm 
    21.2l @  56.7Hz  =>  113.8dB  209W 112.3dB @  57.0Hz   1x70mm    121 mm 
    23.8l @  54.6Hz  =>  112.8dB  167W 112.3dB @  53.9Hz   1x70mm    103 mm 
-------------
sph-176                                88.0dB   70W                      1x70mm
Rpre   Spl
      Vb      fb         SplMech Pmech  SplEle     f3       dv       lv

0.20  87.3dB --------------------------------------------------------------
    17.4l @  44.9Hz  =>  108.0dB  143W 104.9dB @  48.6Hz   1x70mm    383 mm 
    19.4l @  43.3Hz  =>  107.1dB  114W 104.9dB @  46.0Hz   1x70mm    337 mm 
    21.8l @  41.8Hz  =>  106.1dB   91W 104.9dB @  43.4Hz   1x70mm    295 mm 
*   24.4l @  40.3Hz  =>  105.1dB   73W 104.9dB @  41.0Hz   1x70mm    258 mm 
    27.3l @  38.9Hz  =>  104.1dB   58W 104.9dB @  38.8Hz   1x70mm    225 mm 
    30.6l @  37.5Hz  =>  103.1dB   46W 104.9dB @  36.6Hz   1x70mm    195 mm 
    34.3l @  36.1Hz  =>  102.1dB   37W 104.9dB @  34.6Hz   1x70mm    169 mm 
0.60  87.1dB --------------------------------------------------------------
    19.9l @  43.0Hz  =>  106.9dB  116W 104.7dB @  45.4Hz   1x70mm    328 mm 
    22.3l @  41.5Hz  =>  105.9dB   92W 104.7dB @  42.9Hz   1x70mm    287 mm 
    24.9l @  40.0Hz  =>  104.9dB   73W 104.7dB @  40.6Hz   1x70mm    251 mm 
*   27.9l @  38.6Hz  =>  103.9dB   59W 104.7dB @  38.3Hz   1x70mm    219 mm 
    31.3l @  37.2Hz  =>  102.9dB   47W 104.7dB @  36.2Hz   1x70mm    190 mm 
    35.1l @  35.9Hz  =>  101.9dB   37W 104.7dB @  34.2Hz   1x70mm    164 mm 
    39.3l @  34.6Hz  =>  101.0dB   30W 104.7dB @  32.3Hz   1x70mm    141 mm 
1.00  86.8dB --------------------------------------------------------------
    22.6l @  41.3Hz  =>  105.8dB   95W 104.4dB @  42.6Hz   1x70mm    283 mm 
    25.3l @  39.8Hz  =>  104.8dB   75W 104.4dB @  40.3Hz   1x70mm    247 mm 
    28.3l @  38.4Hz  =>  103.8dB   60W 104.4dB @  38.1Hz   1x70mm    215 mm 
*   31.7l @  37.0Hz  =>  102.8dB   48W 104.4dB @  36.0Hz   1x70mm    186 mm 
    35.6l @  35.7Hz  =>  101.8dB   38W 104.4dB @  34.0Hz   1x70mm    161 mm 
    39.8l @  34.4Hz  =>  100.8dB   30W 104.4dB @  32.1Hz   1x70mm    138 mm 
    44.6l @  33.2Hz  =>   99.8dB   24W 104.4dB @  30.3Hz   1x70mm    118 mm 
-------------
SP-46A/500BS                           98.0dB  500W                     3x100mm
Rpre   Spl
      Vb      fb         SplMech Pmech  SplEle     f3       dv       lv

0.20  95.0dB --------------------------------------------------------------
   357.7l @  32.1Hz  =>  117.4dB  230W 120.8dB @  30.1Hz   3x100mm    25 mm 
   400.6l @  31.0Hz  =>  116.4dB  183W 120.8dB @  28.4Hz + 4x100mm    34 mm 
   448.7l @  29.9Hz  =>  115.4dB  146W 120.8dB @  26.9Hz + 5x100mm    38 mm 
*  502.6l @  28.8Hz  =>  114.4dB  116W 120.8dB @  25.4Hz + 6x100mm    37 mm 
0.60  94.8dB --------------------------------------------------------------
   419.8l @  30.5Hz  =>  116.0dB  178W 120.5dB @  27.8Hz + 4x100mm    26 mm 
   470.2l @  29.4Hz  =>  115.0dB  142W 120.5dB @  26.3Hz + 5x100mm    29 mm 
   526.6l @  28.4Hz  =>  114.0dB  113W 120.5dB @  24.8Hz + 6x100mm    27 mm 
1.00  94.5dB --------------------------------------------------------------
   487.5l @  29.1Hz  =>  114.7dB  140W 120.3dB @  25.8Hz + 5x100mm    22 mm 
-------------
SPA-45PA                               98.0dB  300W                     3x100mm
Rpre   Spl
      Vb      fb         SplMech Pmech  SplEle     f3       dv       lv

0.20  94.8dB --------------------------------------------------------------
   531.6l @  27.3Hz  =>  106.0dB   18W 118.2dB @  26.4Hz   3x100mm    30 mm 
   595.4l @  26.3Hz  =>  105.0dB   14W 118.2dB @  24.9Hz + 4x100mm    41 mm 
   666.8l @  25.4Hz  =>  104.1dB   12W 118.2dB @  23.6Hz + 4x100mm    21 mm 
*  746.8l @  24.5Hz  =>  103.1dB    9W 118.2dB @  22.3Hz + 5x100mm    23 mm 
   836.5l @  23.6Hz  =>  102.1dB    7W 118.2dB @  21.0Hz + 6x100mm    21 mm 
0.60  94.6dB --------------------------------------------------------------
   624.7l @  25.9Hz  =>  104.6dB   14W 117.9dB @  24.3Hz + 4x100mm    32 mm 
   699.7l @  25.0Hz  =>  103.6dB   11W 117.9dB @  23.0Hz + 5x100mm    36 mm 
   783.6l @  24.1Hz  =>  102.7dB    9W 117.9dB @  21.7Hz + 6x100mm    34 mm 
1.00  94.3dB --------------------------------------------------------------
   726.1l @  24.7Hz  =>  103.3dB   11W 117.7dB @  22.6Hz + 5x100mm    29 mm 
   813.2l @  23.8Hz  =>  102.3dB    9W 117.7dB @  21.3Hz + 6x100mm    26 mm 
