*****************************************************************************
sph200tc ||    0.0Ohm  0.17  88.0dB   90W  1x70 mm
 fu     fc      fo      SplMech  Vb1     Vb2       d         l        C
  7.3 Hz  28 Hz  108 Hz   69.9 dB   oo l +   4 l  * 1x40 mm  1264 mm  9046 uF
 11.0 Hz  37 Hz  124 Hz   77.1 dB   88 l +   4 l  * 1x40 mm   714 mm  5210 uF
 12.0 Hz  39 Hz  127 Hz   78.6 dB   68 l +   4 l  * 1x40 mm   633 mm  4639 uF
 13.0 Hz  41 Hz  131 Hz   80.0 dB   56 l +   4 l  * 1x40 mm   565 mm  4170 uF
 14.0 Hz  43 Hz  134 Hz   81.3 dB   47 l +   4 l  * 1x40 mm   509 mm  3777 uF
 15.0 Hz  45 Hz  137 Hz   82.5 dB   40 l +   4 l  - 1x50 mm   731 mm  3445 uF
 16.0 Hz  47 Hz  140 Hz   83.6 dB   35 l +   4 l  - 1x50 mm   668 mm  3161 uF
 17.0 Hz  49 Hz  143 Hz   84.6 dB   31 l +   4 l  - 1x50 mm   613 mm  2916 uF
 18.0 Hz  51 Hz  146 Hz   85.6 dB   28 l +   4 l  - 1x50 mm   565 mm  2702 uF

sph200tc ||    2.7Ohm  0.19  88.0dB   90W  1x70 mm
 fu     fc      fo      SplMech  Vb1     Vb2       d         l        C
  7.6 Hz  28 Hz  103 Hz   70.8 dB   oo l +   5 l  * 1x40 mm  1028 mm  8180 uF
 10.0 Hz  33 Hz  112 Hz   75.4 dB  151 l +   5 l  * 1x40 mm   709 mm  5721 uF
 11.0 Hz  36 Hz  116 Hz   77.1 dB  104 l +   5 l  * 1x40 mm   621 mm  5038 uF
 12.0 Hz  38 Hz  119 Hz   78.6 dB   79 l +   5 l  * 1x40 mm   549 mm  4486 uF
 13.0 Hz  40 Hz  122 Hz   80.0 dB   63 l +   5 l  - 1x50 mm   776 mm  4032 uF
 14.0 Hz  42 Hz  125 Hz   81.3 dB   52 l +   5 l  - 1x50 mm   699 mm  3653 uF
 15.0 Hz  44 Hz  128 Hz   82.5 dB   45 l +   5 l  - 1x50 mm   634 mm  3332 uF
 16.0 Hz  46 Hz  131 Hz   83.6 dB   39 l +   5 l  - 1x50 mm   579 mm  3057 uF
 17.0 Hz  48 Hz  134 Hz   84.6 dB   34 l +   5 l  - 1x50 mm   531 mm  2820 uF
 18.0 Hz  50 Hz  136 Hz   85.6 dB   31 l +   5 l  - 1x50 mm   489 mm  2613 uF

sph200tc ||    6.8Ohm  0.20  88.0dB   90W  1x70 mm
 fu     fc      fo      SplMech  Vb1     Vb2       d         l        C
  8.0 Hz  28 Hz   98 Hz   71.5 dB   oo l +   5 l  * 1x40 mm   864 mm  7523 uF
  9.0 Hz  30 Hz  102 Hz   73.6 dB  371 l +   5 l  * 1x40 mm   731 mm  6402 uF
 10.0 Hz  33 Hz  106 Hz   75.4 dB  185 l +   5 l  * 1x40 mm   631 mm  5563 uF
 11.0 Hz  35 Hz  109 Hz   77.1 dB  121 l +   5 l  * 1x40 mm   552 mm  4899 uF
 12.0 Hz  37 Hz  113 Hz   78.6 dB   90 l +   5 l  - 1x50 mm   772 mm  4363 uF
 13.0 Hz  39 Hz  116 Hz   80.0 dB   71 l +   5 l  - 1x50 mm   690 mm  3921 uF
 14.0 Hz  41 Hz  119 Hz   81.3 dB   58 l +   5 l  - 1x50 mm   621 mm  3552 uF
 15.0 Hz  43 Hz  121 Hz   82.5 dB   49 l +   5 l  - 1x50 mm   563 mm  3240 uF
 16.0 Hz  45 Hz  124 Hz   83.6 dB   42 l +   5 l  - 1x50 mm   513 mm  2973 uF
 17.0 Hz  46 Hz  127 Hz   84.6 dB   37 l +   5 l  - 1x50 mm   470 mm  2742 uF
 18.0 Hz  48 Hz  129 Hz   85.6 dB   33 l +   5 l  - 1x50 mm   433 mm  2541 uF

sph200tc || 100000.0Ohm  0.25  88.0dB   90W  1x70 mm
 fu     fc      fo      SplMech  Vb1     Vb2       d         l        C
  8.9 Hz  28 Hz   88 Hz   73.5 dB   oo l +   8 l  * 1x40 mm   538 mm  6000 uF
  9.0 Hz  28 Hz   88 Hz   73.6 dB 6191 l +   8 l  * 1x40 mm   532 mm  5937 uF
 10.0 Hz  30 Hz   91 Hz   75.4 dB  399 l +   8 l  - 1x50 mm   726 mm  5159 uF
 11.0 Hz  32 Hz   94 Hz   77.1 dB  203 l +   8 l  - 1x50 mm   634 mm  4544 uF
 12.0 Hz  34 Hz   97 Hz   78.6 dB  135 l +   8 l  - 1x50 mm   561 mm  4046 uF
 13.0 Hz  36 Hz  100 Hz   80.0 dB  100 l +   8 l  - 1x50 mm   500 mm  3636 uF
 14.0 Hz  38 Hz  102 Hz   81.3 dB   79 l +   8 l  - 1x50 mm   449 mm  3294 uF
 15.0 Hz  40 Hz  104 Hz   82.5 dB   65 l +   8 l  - 1x50 mm   406 mm  3005 uF
 16.0 Hz  41 Hz  107 Hz   83.6 dB   55 l +   8 l    1x70 mm   746 mm  2757 uF
 17.0 Hz  43 Hz  109 Hz   84.6 dB   48 l +   8 l    1x70 mm   684 mm  2543 uF
 18.0 Hz  45 Hz  111 Hz   85.6 dB   42 l +   8 l    1x70 mm   630 mm  2356 uF

*****************************************************************************
sph200ctc ||    0.0Ohm  0.15  88.0dB   90W  1x70 mm
 fu     fc      fo      SplMech  Vb1     Vb2       d         l        C
  5.5 Hz  22 Hz   89 Hz   65.1 dB   oo l +   4 l  * 1x40 mm  2136 mm 12570 uF
 12.0 Hz  37 Hz  115 Hz   78.8 dB   41 l +   4 l  * 1x40 mm   728 mm  4408 uF
 13.0 Hz  39 Hz  118 Hz   80.1 dB   35 l +   4 l  * 1x40 mm   651 mm  3962 uF
 14.0 Hz  41 Hz  121 Hz   81.4 dB   30 l +   4 l  * 1x40 mm   587 mm  3589 uF
 15.0 Hz  43 Hz  124 Hz   82.6 dB   26 l +   4 l  * 1x40 mm   533 mm  3274 uF
 16.0 Hz  45 Hz  127 Hz   83.8 dB   24 l +   4 l  - 1x50 mm   770 mm  3004 uF
 17.0 Hz  47 Hz  129 Hz   84.8 dB   21 l +   4 l  - 1x50 mm   707 mm  2771 uF
 18.0 Hz  49 Hz  132 Hz   85.8 dB   19 l +   4 l  - 1x50 mm   652 mm  2567 uF

sph200ctc ||    2.7Ohm  0.17  88.0dB   90W  1x70 mm
 fu     fc      fo      SplMech  Vb1     Vb2       d         l        C
  5.7 Hz  22 Hz   84 Hz   66.0 dB   oo l +   4 l  * 1x40 mm  1743 mm 11372 uF
 11.0 Hz  34 Hz  105 Hz   77.2 dB   55 l +   4 l  * 1x40 mm   715 mm  4788 uF
 12.0 Hz  36 Hz  108 Hz   78.8 dB   45 l +   4 l  * 1x40 mm   633 mm  4263 uF
 13.0 Hz  38 Hz  110 Hz   80.1 dB   38 l +   4 l  * 1x40 mm   566 mm  3832 uF
 14.0 Hz  40 Hz  113 Hz   81.4 dB   33 l +   4 l  * 1x40 mm   510 mm  3471 uF
 15.0 Hz  42 Hz  116 Hz   82.6 dB   29 l +   4 l  - 1x50 mm   732 mm  3166 uF
 16.0 Hz  44 Hz  118 Hz   83.8 dB   26 l +   4 l  - 1x50 mm   668 mm  2905 uF
 17.0 Hz  45 Hz  121 Hz   84.8 dB   23 l +   4 l  - 1x50 mm   613 mm  2680 uF
 18.0 Hz  47 Hz  123 Hz   85.8 dB   21 l +   4 l  - 1x50 mm   565 mm  2483 uF

sph200ctc ||    6.8Ohm  0.19  88.0dB   90W  1x70 mm
 fu     fc      fo      SplMech  Vb1     Vb2       d         l        C
  6.0 Hz  22 Hz   81 Hz   66.7 dB   oo l +   5 l  * 1x40 mm  1470 mm 10463 uF
 10.0 Hz  31 Hz   96 Hz   75.6 dB   77 l +   5 l  * 1x40 mm   727 mm  5288 uF
 11.0 Hz  33 Hz   99 Hz   77.2 dB   60 l +   5 l  * 1x40 mm   637 mm  4657 uF
 12.0 Hz  35 Hz  102 Hz   78.8 dB   49 l +   5 l  * 1x40 mm   563 mm  4147 uF
 13.0 Hz  37 Hz  105 Hz   80.1 dB   41 l +   5 l  - 1x50 mm   796 mm  3727 uF
 14.0 Hz  39 Hz  107 Hz   81.4 dB   36 l +   5 l  - 1x50 mm   717 mm  3376 uF
 15.0 Hz  41 Hz  110 Hz   82.6 dB   31 l +   5 l  - 1x50 mm   651 mm  3080 uF
 16.0 Hz  42 Hz  112 Hz   83.8 dB   28 l +   5 l  - 1x50 mm   594 mm  2826 uF
 17.0 Hz  44 Hz  114 Hz   84.8 dB   25 l +   5 l  - 1x50 mm   545 mm  2606 uF
 18.0 Hz  46 Hz  116 Hz   85.8 dB   23 l +   5 l  - 1x50 mm   502 mm  2415 uF

sph200ctc || 100000.0Ohm  0.23  88.0dB   90W  1x70 mm
 fu     fc      fo      SplMech  Vb1     Vb2       d         l        C
  6.7 Hz  22 Hz   72 Hz   68.7 dB   oo l +   8 l  * 1x40 mm   926 mm  8356 uF
  8.0 Hz  25 Hz   77 Hz   71.7 dB  283 l +   8 l  * 1x40 mm   726 mm  6606 uF
  9.0 Hz  27 Hz   80 Hz   73.8 dB  156 l +   8 l  * 1x40 mm   615 mm  5646 uF
 10.0 Hz  29 Hz   82 Hz   75.6 dB  107 l +   8 l  * 1x40 mm   531 mm  4906 uF
 11.0 Hz  31 Hz   85 Hz   77.2 dB   80 l +   8 l  - 1x50 mm   734 mm  4320 uF
 12.0 Hz  32 Hz   88 Hz   78.8 dB   64 l +   8 l  - 1x50 mm   649 mm  3847 uF
 13.0 Hz  34 Hz   90 Hz   80.1 dB   53 l +   8 l  - 1x50 mm   580 mm  3458 uF
 14.0 Hz  36 Hz   92 Hz   81.4 dB   45 l +   8 l  - 1x50 mm   521 mm  3132 uF
 15.0 Hz  38 Hz   94 Hz   82.6 dB   39 l +   8 l  - 1x50 mm   472 mm  2857 uF
 16.0 Hz  39 Hz   96 Hz   83.8 dB   34 l +   8 l  - 1x50 mm   430 mm  2622 uF
 17.0 Hz  41 Hz   98 Hz   84.8 dB   31 l +   8 l    1x70 mm   793 mm  2418 uF
 18.0 Hz  42 Hz  100 Hz   85.8 dB   27 l +   8 l    1x70 mm   731 mm  2241 uF

*****************************************************************************
sph250tc ||    0.0Ohm  0.18  91.0dB  150W 1x100 mm
 fu     fc      fo      SplMech  Vb1     Vb2       d         l        C
  6.9 Hz  26 Hz   98 Hz   74.8 dB   oo l +   5 l  * 1x50 mm  1606 mm  9272 uF
 12.0 Hz  38 Hz  117 Hz   84.4 dB   78 l +   5 l  * 1x50 mm   750 mm  4452 uF
 13.0 Hz  40 Hz  120 Hz   85.8 dB   64 l +   5 l  * 1x50 mm   670 mm  4002 uF
 14.0 Hz  42 Hz  124 Hz   87.1 dB   54 l +   5 l  * 1x50 mm   604 mm  3625 uF
 15.0 Hz  44 Hz  126 Hz   88.3 dB   47 l +   5 l  * 1x50 mm   547 mm  3306 uF
 16.0 Hz  45 Hz  129 Hz   89.4 dB   41 l +   5 l  * 1x50 mm   499 mm  3034 uF
 17.0 Hz  47 Hz  132 Hz   90.4 dB   36 l +   5 l  * 1x50 mm   457 mm  2798 uF
 18.0 Hz  49 Hz  134 Hz   91.4 dB   33 l +   5 l  * 1x50 mm   420 mm  2593 uF

sph250tc ||    2.7Ohm  0.20  91.0dB  150W 1x100 mm
 fu     fc      fo      SplMech  Vb1     Vb2       d         l        C
  7.3 Hz  26 Hz   93 Hz   75.7 dB   oo l +   6 l  * 1x50 mm  1314 mm  8409 uF
 11.0 Hz  34 Hz  107 Hz   82.9 dB  114 l +   6 l  * 1x50 mm   739 mm  4840 uF
 12.0 Hz  36 Hz  110 Hz   84.4 dB   88 l +   6 l  * 1x50 mm   654 mm  4310 uF
 13.0 Hz  38 Hz  113 Hz   85.8 dB   72 l +   6 l  * 1x50 mm   584 mm  3873 uF
 14.0 Hz  40 Hz  116 Hz   87.1 dB   60 l +   6 l  * 1x50 mm   525 mm  3509 uF
 15.0 Hz  42 Hz  118 Hz   88.3 dB   52 l +   6 l  * 1x50 mm   475 mm  3200 uF
 16.0 Hz  44 Hz  121 Hz   89.4 dB   45 l +   6 l  * 1x50 mm   433 mm  2937 uF
 17.0 Hz  46 Hz  123 Hz   90.4 dB   40 l +   6 l  - 1x70 mm   799 mm  2709 uF
 18.0 Hz  48 Hz  126 Hz   91.4 dB   36 l +   6 l  - 1x70 mm   736 mm  2510 uF

sph250tc ||    6.8Ohm  0.21  91.0dB  150W 1x100 mm
 fu     fc      fo      SplMech  Vb1     Vb2       d         l        C
  7.6 Hz  26 Hz   89 Hz   76.4 dB   oo l +   8 l  * 1x50 mm  1111 mm  7753 uF
 10.0 Hz  31 Hz   98 Hz   81.2 dB  187 l +   8 l  * 1x50 mm   754 mm  5349 uF
 11.0 Hz  33 Hz  101 Hz   82.9 dB  130 l +   8 l  * 1x50 mm   659 mm  4710 uF
 12.0 Hz  35 Hz  104 Hz   84.4 dB   99 l +   8 l  * 1x50 mm   583 mm  4194 uF
 13.0 Hz  37 Hz  107 Hz   85.8 dB   79 l +   8 l  * 1x50 mm   520 mm  3770 uF
 14.0 Hz  39 Hz  110 Hz   87.1 dB   66 l +   8 l  * 1x50 mm   467 mm  3415 uF
 15.0 Hz  41 Hz  112 Hz   88.3 dB   56 l +   8 l  * 1x50 mm   422 mm  3115 uF
 16.0 Hz  43 Hz  115 Hz   89.4 dB   49 l +   8 l  - 1x70 mm   776 mm  2858 uF
 17.0 Hz  45 Hz  117 Hz   90.4 dB   43 l +   8 l  - 1x70 mm   711 mm  2636 uF
 18.0 Hz  46 Hz  119 Hz   91.4 dB   39 l +   8 l  - 1x70 mm   655 mm  2443 uF

sph250tc || 100000.0Ohm  0.26  91.0dB  150W 1x100 mm
 fu     fc      fo      SplMech  Vb1     Vb2       d         l        C
  8.4 Hz  26 Hz   80 Hz   78.3 dB   oo l +  12 l  * 1x50 mm   704 mm  6235 uF
  9.0 Hz  27 Hz   82 Hz   79.4 dB  941 l +  12 l  * 1x50 mm   643 mm  5724 uF
 10.0 Hz  29 Hz   85 Hz   81.2 dB  331 l +  12 l  * 1x50 mm   554 mm  4974 uF
 11.0 Hz  31 Hz   87 Hz   82.9 dB  198 l +  12 l  * 1x50 mm   483 mm  4380 uF
 12.0 Hz  33 Hz   90 Hz   84.4 dB  140 l +  12 l  * 1x50 mm   426 mm  3901 uF
 13.0 Hz  35 Hz   92 Hz   85.8 dB  108 l +  12 l  - 1x70 mm   764 mm  3506 uF
 14.0 Hz  36 Hz   95 Hz   87.1 dB   87 l +  12 l  - 1x70 mm   687 mm  3176 uF
 15.0 Hz  38 Hz   97 Hz   88.3 dB   73 l +  12 l  - 1x70 mm   622 mm  2897 uF
 16.0 Hz  40 Hz   99 Hz   89.4 dB   62 l +  12 l  - 1x70 mm   566 mm  2658 uF
 17.0 Hz  41 Hz  101 Hz   90.4 dB   54 l +  12 l  - 1x70 mm   518 mm  2452 uF
 18.0 Hz  43 Hz  103 Hz   91.4 dB   48 l +  12 l  - 1x70 mm   475 mm  2272 uF

*****************************************************************************
sph250ctc ||    0.0Ohm  0.17  91.0dB  150W 1x100 mm
 fu     fc      fo      SplMech  Vb1     Vb2       d         l        C
  5.3 Hz  20 Hz   76 Hz   70.1 dB   oo l +  13 l  * 1x50 mm  1060 mm 12265 uF
  7.0 Hz  24 Hz   83 Hz   75.0 dB  481 l +  13 l  * 1x50 mm   715 mm  8418 uF
  8.0 Hz  26 Hz   87 Hz   77.3 dB  297 l +  13 l  * 1x50 mm   592 mm  7045 uF
  9.0 Hz  29 Hz   91 Hz   79.3 dB  212 l +  13 l  * 1x50 mm   500 mm  6021 uF
 10.0 Hz  31 Hz   94 Hz   81.2 dB  164 l +  13 l  * 1x50 mm   429 mm  5232 uF
 11.0 Hz  33 Hz   97 Hz   82.8 dB  132 l +  13 l  - 1x70 mm   754 mm  4608 uF
 12.0 Hz  35 Hz  100 Hz   84.3 dB  111 l +  13 l  - 1x70 mm   665 mm  4103 uF
 13.0 Hz  36 Hz  102 Hz   85.7 dB   95 l +  13 l  - 1x70 mm   592 mm  3688 uF
 14.0 Hz  38 Hz  105 Hz   87.0 dB   82 l +  13 l  - 1x70 mm   531 mm  3341 uF
 15.0 Hz  40 Hz  107 Hz   88.2 dB   73 l +  13 l  - 1x70 mm   479 mm  3047 uF
 16.0 Hz  42 Hz  110 Hz   89.3 dB   65 l +  13 l  - 1x70 mm   435 mm  2796 uF
 17.0 Hz  44 Hz  112 Hz   90.4 dB   59 l +  13 l  - 1x70 mm   397 mm  2579 uF
 18.0 Hz  45 Hz  114 Hz   91.4 dB   53 l +  13 l    1x100 mm  777 mm  2390 uF

sph250ctc ||    2.7Ohm  0.19  91.0dB  150W 1x100 mm
 fu     fc      fo      SplMech  Vb1     Vb2       d         l        C
  5.5 Hz  20 Hz   72 Hz   70.9 dB   oo l +  16 l  * 1x50 mm   861 mm 11099 uF
  6.0 Hz  21 Hz   74 Hz   72.3 dB 2003 l +  16 l  * 1x50 mm   771 mm 10001 uF
  7.0 Hz  23 Hz   78 Hz   75.0 dB  606 l +  16 l  * 1x50 mm   621 mm  8143 uF
  8.0 Hz  26 Hz   81 Hz   77.3 dB  350 l +  16 l  * 1x50 mm   513 mm  6815 uF
  9.0 Hz  28 Hz   85 Hz   79.3 dB  243 l +  16 l  * 1x50 mm   433 mm  5824 uF
 10.0 Hz  30 Hz   88 Hz   81.2 dB  184 l +  16 l  - 1x70 mm   749 mm  5061 uF
 11.0 Hz  32 Hz   91 Hz   82.8 dB  148 l +  16 l  - 1x70 mm   653 mm  4457 uF
 12.0 Hz  33 Hz   93 Hz   84.3 dB  122 l +  16 l  - 1x70 mm   575 mm  3969 uF
 13.0 Hz  35 Hz   96 Hz   85.7 dB  104 l +  16 l  - 1x70 mm   511 mm  3567 uF
 14.0 Hz  37 Hz   98 Hz   87.0 dB   90 l +  16 l  - 1x70 mm   458 mm  3231 uF
 15.0 Hz  39 Hz  100 Hz   88.2 dB   80 l +  16 l  - 1x70 mm   413 mm  2947 uF
 16.0 Hz  41 Hz  103 Hz   89.3 dB   71 l +  16 l    1x100 mm  798 mm  2704 uF
 17.0 Hz  42 Hz  105 Hz   90.4 dB   64 l +  16 l    1x100 mm  730 mm  2494 uF
 18.0 Hz  44 Hz  107 Hz   91.4 dB   58 l +  16 l    1x100 mm  670 mm  2311 uF

sph250ctc ||    6.8Ohm  0.21  91.0dB  150W 1x100 mm
 fu     fc      fo      SplMech  Vb1     Vb2       d         l        C
  5.8 Hz  20 Hz   69 Hz   71.6 dB   oo l +  19 l  * 1x50 mm   723 mm 10214 uF
  6.0 Hz  20 Hz   70 Hz   72.3 dB 4396 l +  19 l  * 1x50 mm   686 mm  9727 uF
  7.0 Hz  23 Hz   74 Hz   75.0 dB  760 l +  19 l  * 1x50 mm   551 mm  7920 uF
  8.0 Hz  25 Hz   77 Hz   77.3 dB  407 l +  19 l  * 1x50 mm   455 mm  6628 uF
  9.0 Hz  27 Hz   80 Hz   79.3 dB  274 l +  19 l  - 1x70 mm   773 mm  5665 uF
 10.0 Hz  29 Hz   83 Hz   81.2 dB  205 l +  19 l  - 1x70 mm   664 mm  4923 uF
 11.0 Hz  31 Hz   86 Hz   82.8 dB  162 l +  19 l  - 1x70 mm   578 mm  4335 uF
 12.0 Hz  33 Hz   88 Hz   84.3 dB  134 l +  19 l  - 1x70 mm   509 mm  3860 uF
 13.0 Hz  34 Hz   91 Hz   85.7 dB  113 l +  19 l  - 1x70 mm   452 mm  3470 uF
 14.0 Hz  36 Hz   93 Hz   87.0 dB   98 l +  19 l  - 1x70 mm   404 mm  3143 uF
 15.0 Hz  38 Hz   95 Hz   88.2 dB   86 l +  19 l    1x100 mm  776 mm  2867 uF
 16.0 Hz  39 Hz   97 Hz   89.3 dB   76 l +  19 l    1x100 mm  706 mm  2630 uF
 17.0 Hz  41 Hz   99 Hz   90.4 dB   69 l +  19 l    1x100 mm  645 mm  2426 uF
 18.0 Hz  43 Hz  101 Hz   91.4 dB   62 l +  19 l    1x100 mm  591 mm  2248 uF

sph250ctc || 100000.0Ohm  0.26  91.0dB  150W 1x100 mm
 fu     fc      fo      SplMech  Vb1     Vb2       d         l        C
  6.5 Hz  20 Hz   62 Hz   73.6 dB   oo l +  30 l  * 1x50 mm   447 mm  8164 uF
  7.0 Hz  21 Hz   63 Hz   75.0 dB 1987 l +  30 l  * 1x50 mm   399 mm  7350 uF
  8.0 Hz  23 Hz   66 Hz   77.3 dB  672 l +  30 l  - 1x70 mm   664 mm  6151 uF
  9.0 Hz  25 Hz   69 Hz   79.3 dB  398 l +  30 l  - 1x70 mm   559 mm  5257 uF
 10.0 Hz  27 Hz   71 Hz   81.2 dB  280 l +  30 l  - 1x70 mm   478 mm  4568 uF
 11.0 Hz  28 Hz   74 Hz   82.8 dB  214 l +  30 l  - 1x70 mm   415 mm  4023 uF
 12.0 Hz  30 Hz   76 Hz   84.3 dB  172 l +  30 l    1x100 mm  775 mm  3583 uF
 13.0 Hz  32 Hz   78 Hz   85.7 dB  143 l +  30 l    1x100 mm  689 mm  3220 uF
 14.0 Hz  33 Hz   80 Hz   87.0 dB  122 l +  30 l    1x100 mm  616 mm  2917 uF
 15.0 Hz  35 Hz   82 Hz   88.2 dB  106 l +  30 l    1x100 mm  555 mm  2661 uF
 16.0 Hz  37 Hz   84 Hz   89.3 dB   94 l +  30 l    1x100 mm  503 mm  2441 uF
 17.0 Hz  38 Hz   85 Hz   90.4 dB   84 l +  30 l    1x100 mm  458 mm  2252 uF
 18.0 Hz  40 Hz   87 Hz   91.4 dB   76 l +  30 l    1x100 mm  418 mm  2086 uF

*****************************************************************************
sph300tc ||    0.0Ohm  0.23  91.0dB  180W 1x100 mm
 fu     fc      fo      SplMech  Vb1     Vb2       d         l        C
  7.0 Hz  23 Hz   76 Hz   77.1 dB   oo l +  31 l  - 1x70 mm   646 mm  8674 uF
  8.0 Hz  25 Hz   79 Hz   79.4 dB 1476 l +  31 l  - 1x70 mm   531 mm  7250 uF
  9.0 Hz  27 Hz   82 Hz   81.5 dB  725 l +  31 l  - 1x70 mm   445 mm  6196 uF
 10.0 Hz  29 Hz   85 Hz   83.3 dB  475 l +  31 l  - 1x70 mm   380 mm  5384 uF
 11.0 Hz  31 Hz   88 Hz   85.0 dB  350 l +  31 l    1x100 mm  703 mm  4742 uF
 12.0 Hz  33 Hz   91 Hz   86.5 dB  275 l +  31 l    1x100 mm  617 mm  4222 uF
 13.0 Hz  35 Hz   93 Hz   87.9 dB  226 l +  31 l    1x100 mm  547 mm  3795 uF
 14.0 Hz  37 Hz   95 Hz   89.2 dB  190 l +  31 l    1x100 mm  488 mm  3438 uF
 15.0 Hz  38 Hz   98 Hz   90.4 dB  164 l +  31 l    1x100 mm  438 mm  3136 uF
 16.0 Hz  40 Hz  100 Hz   91.5 dB  144 l +  31 l    1x100 mm  395 mm  2877 uF
 17.0 Hz  42 Hz  102 Hz   92.5 dB  128 l +  31 l    1x100 mm  358 mm  2654 uF
 18.0 Hz  43 Hz  104 Hz   93.5 dB  115 l +  31 l    1x100 mm  326 mm  2459 uF

sph300tc ||    2.7Ohm  0.26  91.0dB  180W 1x100 mm
 fu     fc      fo      SplMech  Vb1     Vb2       d         l        C
  7.4 Hz  23 Hz   72 Hz   78.0 dB   oo l +  38 l  - 1x70 mm   518 mm  7840 uF
  8.0 Hz  24 Hz   74 Hz   79.4 dB 2447 l +  38 l  - 1x70 mm   457 mm  7010 uF
  9.0 Hz  26 Hz   77 Hz   81.5 dB  939 l +  38 l  - 1x70 mm   382 mm  5991 uF
 10.0 Hz  28 Hz   80 Hz   83.3 dB  573 l +  38 l    1x100 mm  697 mm  5206 uF
 11.0 Hz  30 Hz   82 Hz   85.0 dB  408 l +  38 l    1x100 mm  604 mm  4585 uF
 12.0 Hz  32 Hz   85 Hz   86.5 dB  315 l +  38 l    1x100 mm  529 mm  4082 uF
 13.0 Hz  34 Hz   87 Hz   87.9 dB  255 l +  38 l    1x100 mm  468 mm  3669 uF
 14.0 Hz  35 Hz   89 Hz   89.2 dB  213 l +  38 l    1x100 mm  416 mm  3324 uF
 15.0 Hz  37 Hz   91 Hz   90.4 dB  183 l +  38 l    1x100 mm  373 mm  3032 uF
 16.0 Hz  39 Hz   93 Hz   91.5 dB  159 l +  38 l    1x100 mm  335 mm  2782 uF
 17.0 Hz  40 Hz   95 Hz   92.5 dB  141 l +  38 l    1x100 mm  303 mm  2566 uF
 18.0 Hz  42 Hz   97 Hz   93.5 dB  126 l +  38 l    1x100 mm  275 mm  2378 uF

sph300tc ||    6.8Ohm  0.28  91.0dB  180W 1x100 mm
 fu     fc      fo      SplMech  Vb1     Vb2       d         l        C
  7.7 Hz  23 Hz   69 Hz   78.7 dB   oo l +  44 l  - 1x70 mm   432 mm  7231 uF
  8.0 Hz  24 Hz   70 Hz   79.4 dB 4848 l +  44 l  - 1x70 mm   404 mm  6823 uF
  9.0 Hz  26 Hz   73 Hz   81.5 dB 1208 l +  44 l    1x100 mm  723 mm  5832 uF
 10.0 Hz  27 Hz   75 Hz   83.3 dB  679 l +  44 l    1x100 mm  618 mm  5067 uF
 11.0 Hz  29 Hz   78 Hz   85.0 dB  467 l +  44 l    1x100 mm  534 mm  4463 uF
 12.0 Hz  31 Hz   80 Hz   86.5 dB  354 l +  44 l    1x100 mm  467 mm  3974 uF
 13.0 Hz  33 Hz   82 Hz   87.9 dB  283 l +  44 l    1x100 mm  412 mm  3572 uF
 14.0 Hz  34 Hz   84 Hz   89.2 dB  235 l +  44 l    1x100 mm  365 mm  3236 uF
 15.0 Hz  36 Hz   86 Hz   90.4 dB  200 l +  44 l    1x100 mm  326 mm  2951 uF
 16.0 Hz  38 Hz   88 Hz   91.5 dB  174 l +  44 l    1x100 mm  293 mm  2708 uF
 17.0 Hz  39 Hz   90 Hz   92.5 dB  153 l +  44 l    1x100 mm  264 mm  2498 uF
 18.0 Hz  41 Hz   92 Hz   93.5 dB  136 l +  44 l    1x100 mm  239 mm  2314 uF

sph300tc || 100000.0Ohm  0.34  91.0dB  180W 1x100 mm
 fu     fc      fo      SplMech  Vb1     Vb2       d         l        C
  8.5 Hz  23 Hz   62 Hz   80.5 dB   oo l +  67 l    1x100 mm  582 mm  5895 uF
  9.0 Hz  24 Hz   64 Hz   81.5 dB 3533 l +  67 l    1x100 mm  531 mm  5448 uF
 10.0 Hz  26 Hz   66 Hz   83.3 dB 1182 l +  67 l    1x100 mm  451 mm  4734 uF
 11.0 Hz  27 Hz   68 Hz   85.0 dB  700 l +  67 l    1x100 mm  388 mm  4169 uF
 12.0 Hz  29 Hz   70 Hz   86.5 dB  493 l +  67 l    1x100 mm  337 mm  3712 uF
 13.0 Hz  31 Hz   72 Hz   87.9 dB  378 l +  67 l    1x100 mm  294 mm  3336 uF
 14.0 Hz  32 Hz   74 Hz   89.2 dB  305 l +  67 l    1x100 mm  259 mm  3022 uF
 15.0 Hz  34 Hz   75 Hz   90.4 dB  255 l +  67 l    1x100 mm  229 mm  2757 uF
 16.0 Hz  35 Hz   77 Hz   91.5 dB  218 l +  67 l    1x100 mm  204 mm  2530 uF
 17.0 Hz  37 Hz   79 Hz   92.5 dB  190 l +  67 l    1x100 mm  182 mm  2333 uF
 18.0 Hz  38 Hz   80 Hz   93.5 dB  168 l +  67 l    1x100 mm  163 mm  2162 uF

*****************************************************************************
sph300ctc ||    0.0Ohm  0.14  92.0dB  225W 1x100 mm
 fu     fc      fo      SplMech  Vb1     Vb2       d         l        C
  4.2 Hz  18 Hz   77 Hz   70.9 dB   oo l +   8 l  * 1x50 mm  2122 mm 19713 uF
  9.0 Hz  30 Hz   99 Hz   84.1 dB  128 l +   8 l  * 1x50 mm   744 mm  7147 uF
 10.0 Hz  32 Hz  103 Hz   85.9 dB  103 l +   8 l  * 1x50 mm   641 mm  6210 uF
 11.0 Hz  34 Hz  106 Hz   87.6 dB   86 l +   8 l  * 1x50 mm   560 mm  5469 uF
 12.0 Hz  36 Hz  109 Hz   89.1 dB   74 l +   8 l  * 1x50 mm   494 mm  4870 uF
 13.0 Hz  38 Hz  112 Hz   90.5 dB   64 l +   8 l  * 1x50 mm   440 mm  4377 uF
 14.0 Hz  40 Hz  115 Hz   91.8 dB   57 l +   8 l  - 1x70 mm   797 mm  3965 uF
 15.0 Hz  42 Hz  118 Hz   93.0 dB   51 l +   8 l  - 1x70 mm   722 mm  3617 uF
 16.0 Hz  44 Hz  120 Hz   94.1 dB   46 l +   8 l  - 1x70 mm   658 mm  3319 uF
 17.0 Hz  46 Hz  123 Hz   95.1 dB   41 l +   8 l  - 1x70 mm   602 mm  3061 uF
 18.0 Hz  47 Hz  125 Hz   96.1 dB   38 l +   8 l  - 1x70 mm   554 mm  2836 uF

sph300ctc ||    2.7Ohm  0.15  92.0dB  225W 1x100 mm
 fu     fc      fo      SplMech  Vb1     Vb2       d         l        C
  4.4 Hz  18 Hz   73 Hz   71.8 dB   oo l +  10 l  * 1x50 mm  1690 mm 17630 uF
  8.0 Hz  27 Hz   89 Hz   82.0 dB  189 l +  10 l  * 1x50 mm   750 mm  8057 uF
  9.0 Hz  29 Hz   92 Hz   84.1 dB  144 l +  10 l  * 1x50 mm   636 mm  6886 uF
 10.0 Hz  31 Hz   95 Hz   85.9 dB  116 l +  10 l  * 1x50 mm   547 mm  5983 uF
 11.0 Hz  33 Hz   99 Hz   87.6 dB   96 l +  10 l  * 1x50 mm   477 mm  5269 uF
 12.0 Hz  35 Hz  101 Hz   89.1 dB   82 l +  10 l  * 1x50 mm   420 mm  4692 uF
 13.0 Hz  37 Hz  104 Hz   90.5 dB   71 l +  10 l  - 1x70 mm   755 mm  4217 uF
 14.0 Hz  39 Hz  107 Hz   91.8 dB   62 l +  10 l  - 1x70 mm   679 mm  3820 uF
 15.0 Hz  40 Hz  109 Hz   93.0 dB   55 l +  10 l  - 1x70 mm   614 mm  3485 uF
 16.0 Hz  42 Hz  112 Hz   94.1 dB   50 l +  10 l  - 1x70 mm   559 mm  3197 uF
 17.0 Hz  44 Hz  114 Hz   95.1 dB   45 l +  10 l  - 1x70 mm   511 mm  2949 uF
 18.0 Hz  46 Hz  116 Hz   96.1 dB   41 l +  10 l  - 1x70 mm   469 mm  2733 uF

sph300ctc ||    6.8Ohm  0.17  92.0dB  225W 1x100 mm
 fu     fc      fo      SplMech  Vb1     Vb2       d         l        C
  4.6 Hz  18 Hz   70 Hz   72.6 dB   oo l +  12 l  * 1x50 mm  1411 mm 16147 uF
  8.0 Hz  26 Hz   84 Hz   82.0 dB  212 l +  12 l  * 1x50 mm   663 mm  7824 uF
  9.0 Hz  28 Hz   87 Hz   84.1 dB  159 l +  12 l  * 1x50 mm   561 mm  6687 uF
 10.0 Hz  30 Hz   90 Hz   85.9 dB  126 l +  12 l  * 1x50 mm   482 mm  5811 uF
 11.0 Hz  32 Hz   93 Hz   87.6 dB  104 l +  12 l  * 1x50 mm   420 mm  5117 uF
 12.0 Hz  34 Hz   96 Hz   89.1 dB   88 l +  12 l  - 1x70 mm   746 mm  4557 uF
 13.0 Hz  36 Hz   98 Hz   90.5 dB   76 l +  12 l  - 1x70 mm   665 mm  4095 uF
 14.0 Hz  38 Hz  101 Hz   91.8 dB   67 l +  12 l  - 1x70 mm   597 mm  3710 uF
 15.0 Hz  39 Hz  103 Hz   93.0 dB   60 l +  12 l  - 1x70 mm   540 mm  3384 uF
 16.0 Hz  41 Hz  105 Hz   94.1 dB   54 l +  12 l  - 1x70 mm   491 mm  3105 uF
 17.0 Hz  43 Hz  107 Hz   95.1 dB   49 l +  12 l  - 1x70 mm   448 mm  2864 uF
 18.0 Hz  44 Hz  110 Hz   96.1 dB   44 l +  12 l  - 1x70 mm   411 mm  2654 uF

sph300ctc || 100000.0Ohm  0.21  92.0dB  225W 1x100 mm
 fu     fc      fo      SplMech  Vb1     Vb2       d         l        C
  5.2 Hz  18 Hz   63 Hz   74.5 dB   oo l +  19 l  * 1x50 mm   900 mm 13000 uF
  6.0 Hz  20 Hz   66 Hz   77.1 dB 1037 l +  19 l  * 1x50 mm   733 mm 10682 uF
  7.0 Hz  22 Hz   69 Hz   79.7 dB  455 l +  19 l  * 1x50 mm   589 mm  8697 uF
  8.0 Hz  24 Hz   72 Hz   82.0 dB  286 l +  19 l  * 1x50 mm   487 mm  7279 uF
  9.0 Hz  26 Hz   75 Hz   84.1 dB  206 l +  19 l  * 1x50 mm   410 mm  6221 uF
 10.0 Hz  28 Hz   78 Hz   85.9 dB  160 l +  19 l  - 1x70 mm   710 mm  5406 uF
 11.0 Hz  30 Hz   80 Hz   87.6 dB  130 l +  19 l  - 1x70 mm   619 mm  4761 uF
 12.0 Hz  32 Hz   83 Hz   89.1 dB  109 l +  19 l  - 1x70 mm   545 mm  4239 uF
 13.0 Hz  33 Hz   85 Hz   90.5 dB   93 l +  19 l  - 1x70 mm   484 mm  3810 uF
 14.0 Hz  35 Hz   87 Hz   91.8 dB   81 l +  19 l  - 1x70 mm   433 mm  3452 uF
 15.0 Hz  37 Hz   89 Hz   93.0 dB   72 l +  19 l  - 1x70 mm   390 mm  3148 uF
 16.0 Hz  38 Hz   91 Hz   94.1 dB   64 l +  19 l    1x100 mm  756 mm  2889 uF
 17.0 Hz  40 Hz   93 Hz   95.1 dB   58 l +  19 l    1x100 mm  691 mm  2664 uF
 18.0 Hz  41 Hz   95 Hz   96.1 dB   53 l +  19 l    1x100 mm  634 mm  2469 uF

*****************************************************************************
sph380tc ||    0.0Ohm  0.20  89.0dB  375W 2x100 mm
 fu     fc      fo      SplMech  Vb1     Vb2       d         l        C
  6.2 Hz  22 Hz   79 Hz   88.3 dB   oo l +  21 l  * 1x70 mm  1068 mm  4676 uF
  8.0 Hz  26 Hz   86 Hz   92.8 dB  660 l +  21 l  * 1x70 mm   738 mm  3301 uF
  9.0 Hz  28 Hz   89 Hz   94.9 dB  418 l +  21 l  * 1x70 mm   622 mm  2821 uF
 10.0 Hz  30 Hz   92 Hz   96.7 dB  303 l +  21 l  * 1x70 mm   533 mm  2452 uF
 11.0 Hz  32 Hz   95 Hz   98.4 dB  236 l +  21 l  * 1x70 mm   463 mm  2159 uF
 12.0 Hz  34 Hz   98 Hz   99.9 dB  192 l +  21 l  * 1x70 mm   406 mm  1923 uF
 13.0 Hz  36 Hz  101 Hz  101.3 dB  161 l +  21 l  - 1x100 mm  768 mm  1728 uF
 14.0 Hz  38 Hz  103 Hz  102.5 dB  138 l +  21 l  - 1x100 mm  688 mm  1565 uF
 15.0 Hz  40 Hz  106 Hz  103.7 dB  121 l +  21 l  - 1x100 mm  620 mm  1428 uF
 16.0 Hz  42 Hz  108 Hz  104.9 dB  107 l +  21 l  - 1x100 mm  563 mm  1310 uF
 17.0 Hz  43 Hz  110 Hz  105.9 dB   96 l +  21 l  - 1x100 mm  513 mm  1208 uF
 18.0 Hz  45 Hz  112 Hz  106.9 dB   87 l +  21 l  - 1x100 mm  469 mm  1120 uF

sph380tc ||    2.7Ohm  0.23  89.0dB  375W 2x100 mm
 fu     fc      fo      SplMech  Vb1     Vb2       d         l        C
  6.6 Hz  22 Hz   73 Hz   89.5 dB   oo l +  28 l  * 1x70 mm   785 mm  4044 uF
  7.0 Hz  23 Hz   74 Hz   90.5 dB 3616 l +  28 l  * 1x70 mm   725 mm  3758 uF
  8.0 Hz  25 Hz   78 Hz   92.8 dB  962 l +  28 l  * 1x70 mm   598 mm  3145 uF
  9.0 Hz  27 Hz   81 Hz   94.9 dB  545 l +  28 l  * 1x70 mm   503 mm  2688 uF
 10.0 Hz  29 Hz   84 Hz   96.7 dB  376 l +  28 l  * 1x70 mm   429 mm  2336 uF
 11.0 Hz  31 Hz   86 Hz   98.4 dB  285 l +  28 l  - 1x100 mm  793 mm  2057 uF
 12.0 Hz  33 Hz   89 Hz   99.9 dB  228 l +  28 l  - 1x100 mm  697 mm  1832 uF
 13.0 Hz  34 Hz   91 Hz  101.3 dB  189 l +  28 l  - 1x100 mm  618 mm  1646 uF
 14.0 Hz  36 Hz   94 Hz  102.5 dB  161 l +  28 l  - 1x100 mm  553 mm  1491 uF
 15.0 Hz  38 Hz   96 Hz  103.7 dB  139 l +  28 l  - 1x100 mm  497 mm  1360 uF
 16.0 Hz  40 Hz   98 Hz  104.9 dB  123 l +  28 l  - 1x100 mm  449 mm  1248 uF
 17.0 Hz  41 Hz  100 Hz  105.9 dB  109 l +  28 l  - 1x100 mm  408 mm  1151 uF
 18.0 Hz  43 Hz  102 Hz  106.9 dB   99 l +  28 l    2x100 mm  787 mm  1067 uF

sph380tc ||    6.8Ohm  0.25  89.0dB  375W 2x100 mm
 fu     fc      fo      SplMech  Vb1     Vb2       d         l        C
  6.9 Hz  22 Hz   70 Hz   90.3 dB   oo l +  33 l  * 1x70 mm   652 mm  3711 uF
  7.0 Hz  22 Hz   70 Hz   90.5 dB 16974 l +  33 l  * 1x70 mm   641 mm  3652 uF
  8.0 Hz  24 Hz   73 Hz   92.8 dB 1284 l +  33 l  * 1x70 mm   527 mm  3056 uF
  9.0 Hz  26 Hz   76 Hz   94.9 dB  654 l +  33 l  * 1x70 mm   442 mm  2612 uF
 10.0 Hz  28 Hz   79 Hz   96.7 dB  433 l +  33 l  * 1x70 mm   377 mm  2270 uF
 11.0 Hz  30 Hz   82 Hz   98.4 dB  321 l +  33 l  - 1x100 mm  698 mm  1999 uF
 12.0 Hz  32 Hz   84 Hz   99.9 dB  253 l +  33 l  - 1x100 mm  613 mm  1780 uF
 13.0 Hz  34 Hz   86 Hz  101.3 dB  208 l +  33 l  - 1x100 mm  543 mm  1600 uF
 14.0 Hz  35 Hz   89 Hz  102.5 dB  176 l +  33 l  - 1x100 mm  484 mm  1449 uF
 15.0 Hz  37 Hz   91 Hz  103.7 dB  152 l +  33 l  - 1x100 mm  435 mm  1322 uF
 16.0 Hz  38 Hz   93 Hz  104.9 dB  134 l +  33 l  - 1x100 mm  392 mm  1213 uF
 17.0 Hz  40 Hz   94 Hz  105.9 dB  119 l +  33 l    2x100 mm  753 mm  1119 uF
 18.0 Hz  42 Hz   96 Hz  106.9 dB  107 l +  33 l    2x100 mm  690 mm  1037 uF

sph380tc || 100000.0Ohm  0.29  89.0dB  375W 2x100 mm
 fu     fc      fo      SplMech  Vb1     Vb2       d         l        C
  7.4 Hz  22 Hz   65 Hz   91.6 dB   oo l +  45 l  * 1x70 mm   470 mm  3200 uF
  8.0 Hz  23 Hz   67 Hz   92.8 dB 2749 l +  45 l  * 1x70 mm   423 mm  2909 uF
  9.0 Hz  25 Hz   69 Hz   94.9 dB  958 l +  45 l  - 1x100 mm  755 mm  2486 uF
 10.0 Hz  27 Hz   72 Hz   96.7 dB  571 l +  45 l  - 1x100 mm  645 mm  2160 uF
 11.0 Hz  29 Hz   74 Hz   98.4 dB  403 l +  45 l  - 1x100 mm  559 mm  1903 uF
 12.0 Hz  30 Hz   76 Hz   99.9 dB  309 l +  45 l  - 1x100 mm  489 mm  1694 uF
 13.0 Hz  32 Hz   78 Hz  101.3 dB  250 l +  45 l  - 1x100 mm  431 mm  1523 uF
 14.0 Hz  34 Hz   80 Hz  102.5 dB  208 l +  45 l  - 1x100 mm  383 mm  1379 uF
 15.0 Hz  35 Hz   82 Hz  103.7 dB  178 l +  45 l    2x100 mm  727 mm  1258 uF
 16.0 Hz  37 Hz   84 Hz  104.9 dB  155 l +  45 l    2x100 mm  658 mm  1154 uF
 17.0 Hz  38 Hz   86 Hz  105.9 dB  137 l +  45 l    2x100 mm  598 mm  1065 uF
 18.0 Hz  40 Hz   87 Hz  106.9 dB  123 l +  45 l    2x100 mm  546 mm   987 uF

*****************************************************************************
sph390tc ||    0.0Ohm  0.20  96.0dB  225W 2x100 mm
 fu     fc      fo      SplMech  Vb1     Vb2       d         l        C
  6.4 Hz  23 Hz   82 Hz   85.2 dB   oo l +  22 l  * 1x70 mm   942 mm 10745 uF
  8.0 Hz  27 Hz   88 Hz   89.0 dB  846 l +  22 l  * 1x70 mm   691 mm  8044 uF
  9.0 Hz  29 Hz   92 Hz   91.0 dB  504 l +  22 l  * 1x70 mm   582 mm  6875 uF
 10.0 Hz  31 Hz   95 Hz   92.9 dB  356 l +  22 l  * 1x70 mm   499 mm  5974 uF
 11.0 Hz  33 Hz   98 Hz   94.5 dB  272 l +  22 l  * 1x70 mm   432 mm  5261 uF
 12.0 Hz  35 Hz  101 Hz   96.0 dB  220 l +  22 l  * 1x70 mm   379 mm  4684 uF
 13.0 Hz  37 Hz  104 Hz   97.4 dB  183 l +  22 l  - 1x100 mm  718 mm  4210 uF
 14.0 Hz  39 Hz  106 Hz   98.7 dB  156 l +  22 l  - 1x100 mm  643 mm  3814 uF
 15.0 Hz  40 Hz  109 Hz   99.9 dB  136 l +  22 l  - 1x100 mm  579 mm  3479 uF
 16.0 Hz  42 Hz  111 Hz  101.0 dB  120 l +  22 l  - 1x100 mm  525 mm  3192 uF
 17.0 Hz  44 Hz  114 Hz  102.1 dB  107 l +  22 l  - 1x100 mm  478 mm  2944 uF
 18.0 Hz  46 Hz  116 Hz  103.1 dB   97 l +  22 l  - 1x100 mm  437 mm  2728 uF

sph390tc ||    2.7Ohm  0.22  96.0dB  225W 2x100 mm
 fu     fc      fo      SplMech  Vb1     Vb2       d         l        C
  6.8 Hz  23 Hz   78 Hz   86.2 dB   oo l +  27 l  * 1x70 mm   744 mm  9621 uF
  7.0 Hz  23 Hz   78 Hz   86.7 dB 7365 l +  27 l  * 1x70 mm   714 mm  9263 uF
  8.0 Hz  26 Hz   82 Hz   89.0 dB 1179 l +  27 l  * 1x70 mm   588 mm  7753 uF
  9.0 Hz  28 Hz   85 Hz   91.0 dB  628 l +  27 l  * 1x70 mm   495 mm  6626 uF
 10.0 Hz  30 Hz   88 Hz   92.9 dB  423 l +  27 l  * 1x70 mm   423 mm  5757 uF
 11.0 Hz  32 Hz   91 Hz   94.5 dB  316 l +  27 l  - 1x100 mm  780 mm  5070 uF
 12.0 Hz  34 Hz   94 Hz   96.0 dB  251 l +  27 l  - 1x100 mm  686 mm  4515 uF
 13.0 Hz  35 Hz   96 Hz   97.4 dB  207 l +  27 l  - 1x100 mm  608 mm  4058 uF
 14.0 Hz  37 Hz   99 Hz   98.7 dB  176 l +  27 l  - 1x100 mm  544 mm  3676 uF
 15.0 Hz  39 Hz  101 Hz   99.9 dB  152 l +  27 l  - 1x100 mm  489 mm  3353 uF
 16.0 Hz  41 Hz  103 Hz  101.0 dB  134 l +  27 l  - 1x100 mm  442 mm  3077 uF
 17.0 Hz  42 Hz  105 Hz  102.1 dB  119 l +  27 l  - 1x100 mm  401 mm  2838 uF
 18.0 Hz  44 Hz  108 Hz  103.1 dB  107 l +  27 l    2x100 mm  774 mm  2629 uF

sph390tc ||    6.8Ohm  0.24  96.0dB  225W 2x100 mm
 fu     fc      fo      SplMech  Vb1     Vb2       d         l        C
  7.1 Hz  23 Hz   74 Hz   86.9 dB   oo l +  32 l  * 1x70 mm   616 mm  8820 uF
  8.0 Hz  25 Hz   77 Hz   89.0 dB 1660 l +  32 l  * 1x70 mm   518 mm  7531 uF
  9.0 Hz  27 Hz   81 Hz   91.0 dB  767 l +  32 l  * 1x70 mm   435 mm  6437 uF
 10.0 Hz  29 Hz   83 Hz   92.9 dB  492 l +  32 l  - 1x100 mm  790 mm  5593 uF
 11.0 Hz  31 Hz   86 Hz   94.5 dB  359 l +  32 l  - 1x100 mm  686 mm  4926 uF
 12.0 Hz  33 Hz   89 Hz   96.0 dB  281 l +  32 l  - 1x100 mm  602 mm  4386 uF
 13.0 Hz  34 Hz   91 Hz   97.4 dB  230 l +  32 l  - 1x100 mm  533 mm  3942 uF
 14.0 Hz  36 Hz   93 Hz   98.7 dB  193 l +  32 l  - 1x100 mm  475 mm  3571 uF
 15.0 Hz  38 Hz   95 Hz   99.9 dB  166 l +  32 l  - 1x100 mm  427 mm  3257 uF
 16.0 Hz  40 Hz   98 Hz  101.0 dB  146 l +  32 l  - 1x100 mm  385 mm  2989 uF
 17.0 Hz  41 Hz  100 Hz  102.1 dB  129 l +  32 l    2x100 mm  740 mm  2757 uF
 18.0 Hz  43 Hz  101 Hz  103.1 dB  116 l +  32 l    2x100 mm  677 mm  2554 uF

sph390tc || 100000.0Ohm  0.30  96.0dB  225W 2x100 mm
 fu     fc      fo      SplMech  Vb1     Vb2       d         l        C
  7.9 Hz  23 Hz   67 Hz   88.8 dB   oo l +  49 l  * 1x70 mm   382 mm  7122 uF
  8.0 Hz  23 Hz   67 Hz   89.0 dB 18291 l +  49 l  * 1x70 mm   376 mm  7013 uF
  9.0 Hz  25 Hz   70 Hz   91.0 dB 1509 l +  49 l  - 1x100 mm  673 mm  5994 uF
 10.0 Hz  27 Hz   72 Hz   92.9 dB  773 l +  49 l  - 1x100 mm  574 mm  5208 uF
 11.0 Hz  29 Hz   75 Hz   94.5 dB  514 l +  49 l  - 1x100 mm  496 mm  4587 uF
 12.0 Hz  30 Hz   77 Hz   96.0 dB  382 l +  49 l  - 1x100 mm  433 mm  4084 uF
 13.0 Hz  32 Hz   79 Hz   97.4 dB  302 l +  49 l  - 1x100 mm  381 mm  3671 uF
 14.0 Hz  34 Hz   81 Hz   98.7 dB  249 l +  49 l    2x100 mm  718 mm  3326 uF
 15.0 Hz  35 Hz   83 Hz   99.9 dB  211 l +  49 l    2x100 mm  645 mm  3033 uF
 16.0 Hz  37 Hz   85 Hz  101.0 dB  182 l +  49 l    2x100 mm  582 mm  2783 uF
 17.0 Hz  38 Hz   86 Hz  102.1 dB  160 l +  49 l    2x100 mm  528 mm  2567 uF
 18.0 Hz  40 Hz   88 Hz  103.1 dB  142 l +  49 l    2x100 mm  481 mm  2379 uF

*****************************************************************************
sph450tc ||    0.0Ohm  0.17  93.0dB  525W 3x100 mm
 fu     fc      fo      SplMech  Vb1     Vb2       d         l        C
  5.3 Hz  20 Hz   76 Hz   90.4 dB   oo l +  29 l  * 1x100 mm 1964 mm  5674 uF
 10.0 Hz  31 Hz   94 Hz  101.6 dB  354 l +  29 l  * 1x100 mm  788 mm  2409 uF
 11.0 Hz  33 Hz   97 Hz  103.3 dB  287 l +  29 l  * 1x100 mm  684 mm  2122 uF
 12.0 Hz  35 Hz  100 Hz  104.8 dB  240 l +  29 l  * 1x100 mm  601 mm  1890 uF
 13.0 Hz  37 Hz  103 Hz  106.2 dB  205 l +  29 l  * 1x100 mm  532 mm  1698 uF
 14.0 Hz  38 Hz  105 Hz  107.4 dB  179 l +  29 l  * 1x100 mm  474 mm  1538 uF
 15.0 Hz  40 Hz  108 Hz  108.6 dB  158 l +  29 l  * 1x100 mm  425 mm  1403 uF
 16.0 Hz  42 Hz  110 Hz  109.8 dB  141 l +  29 l  * 1x100 mm  384 mm  1288 uF
 17.0 Hz  44 Hz  112 Hz  110.8 dB  127 l +  29 l  - 2x100 mm  738 mm  1188 uF
 18.0 Hz  45 Hz  115 Hz  111.8 dB  115 l +  29 l  - 2x100 mm  675 mm  1100 uF

sph450tc ||    2.7Ohm  0.20  93.0dB  525W 3x100 mm
 fu     fc      fo      SplMech  Vb1     Vb2       d         l        C
  5.7 Hz  20 Hz   71 Hz   91.7 dB   oo l +  38 l  * 1x100 mm 1450 mm  4909 uF
  9.0 Hz  27 Hz   83 Hz   99.8 dB  560 l +  38 l  * 1x100 mm  743 mm  2642 uF
 10.0 Hz  29 Hz   86 Hz  101.6 dB  422 l +  38 l  * 1x100 mm  635 mm  2296 uF
 11.0 Hz  31 Hz   88 Hz  103.3 dB  336 l +  38 l  * 1x100 mm  550 mm  2022 uF
 12.0 Hz  33 Hz   91 Hz  104.8 dB  278 l +  38 l  * 1x100 mm  481 mm  1800 uF
 13.0 Hz  35 Hz   93 Hz  106.2 dB  236 l +  38 l  * 1x100 mm  424 mm  1618 uF
 14.0 Hz  37 Hz   96 Hz  107.4 dB  204 l +  38 l  - 2x100 mm  795 mm  1466 uF
 15.0 Hz  38 Hz   98 Hz  108.6 dB  180 l +  38 l  - 2x100 mm  716 mm  1337 uF
 16.0 Hz  40 Hz  100 Hz  109.8 dB  160 l +  38 l  - 2x100 mm  647 mm  1227 uF
 17.0 Hz  42 Hz  102 Hz  110.8 dB  144 l +  38 l  - 2x100 mm  588 mm  1132 uF
 18.0 Hz  43 Hz  104 Hz  111.8 dB  130 l +  38 l  - 2x100 mm  537 mm  1049 uF

sph450tc ||    6.8Ohm  0.22  93.0dB  525W 3x100 mm
 fu     fc      fo      SplMech  Vb1     Vb2       d         l        C
  5.9 Hz  20 Hz   68 Hz   92.5 dB   oo l +  46 l  * 1x100 mm 1205 mm  4499 uF
  8.0 Hz  24 Hz   75 Hz   97.7 dB  963 l +  46 l  * 1x100 mm  778 mm  3003 uF
  9.0 Hz  26 Hz   78 Hz   99.8 dB  637 l +  46 l  * 1x100 mm  653 mm  2567 uF
 10.0 Hz  28 Hz   81 Hz  101.6 dB  472 l +  46 l  * 1x100 mm  557 mm  2230 uF
 11.0 Hz  30 Hz   83 Hz  103.3 dB  372 l +  46 l  * 1x100 mm  481 mm  1964 uF
 12.0 Hz  32 Hz   86 Hz  104.8 dB  305 l +  46 l  * 1x100 mm  420 mm  1749 uF
 13.0 Hz  34 Hz   88 Hz  106.2 dB  258 l +  46 l  - 2x100 mm  780 mm  1572 uF
 14.0 Hz  36 Hz   90 Hz  107.4 dB  222 l +  46 l  - 2x100 mm  696 mm  1424 uF
 15.0 Hz  37 Hz   92 Hz  108.6 dB  195 l +  46 l  - 2x100 mm  625 mm  1299 uF
 16.0 Hz  39 Hz   94 Hz  109.8 dB  173 l +  46 l  - 2x100 mm  564 mm  1192 uF
 17.0 Hz  40 Hz   96 Hz  110.8 dB  155 l +  46 l  - 2x100 mm  511 mm  1099 uF
 18.0 Hz  42 Hz   98 Hz  111.8 dB  140 l +  46 l    3x100 mm  732 mm  1019 uF

sph450tc || 100000.0Ohm  0.25  93.0dB  525W 3x100 mm
 fu     fc      fo      SplMech  Vb1     Vb2       d         l        C
  6.4 Hz  20 Hz   63 Hz   93.8 dB   oo l +  62 l  * 1x100 mm  866 mm  3860 uF
  7.0 Hz  21 Hz   65 Hz   95.4 dB 3634 l +  62 l  * 1x100 mm  755 mm  3409 uF
  8.0 Hz  23 Hz   68 Hz   97.7 dB 1361 l +  62 l  * 1x100 mm  619 mm  2853 uF
  9.0 Hz  25 Hz   70 Hz   99.8 dB  824 l +  62 l  * 1x100 mm  518 mm  2439 uF
 10.0 Hz  27 Hz   73 Hz  101.6 dB  584 l +  62 l  * 1x100 mm  439 mm  2119 uF
 11.0 Hz  29 Hz   75 Hz  103.3 dB  449 l +  62 l  - 2x100 mm  796 mm  1866 uF
 12.0 Hz  30 Hz   77 Hz  104.8 dB  363 l +  62 l  - 2x100 mm  697 mm  1662 uF
 13.0 Hz  32 Hz   80 Hz  106.2 dB  303 l +  62 l  - 2x100 mm  615 mm  1494 uF
 14.0 Hz  34 Hz   82 Hz  107.4 dB  259 l +  62 l  - 2x100 mm  546 mm  1353 uF
 15.0 Hz  35 Hz   83 Hz  108.6 dB  226 l +  62 l    3x100 mm  767 mm  1234 uF
 16.0 Hz  37 Hz   85 Hz  109.8 dB  199 l +  62 l    3x100 mm  692 mm  1132 uF
 17.0 Hz  38 Hz   87 Hz  110.8 dB  178 l +  62 l    3x100 mm  628 mm  1044 uF
 18.0 Hz  40 Hz   89 Hz  111.8 dB  161 l +  62 l    3x100 mm  571 mm   968 uF

