-------------
sph165kep
            89.0dB            60W       1x70mm
   fu     fb      fo      SplMech  Vb1     Vb2       d         l        C
 20.4Hz  42Hz   88Hz   85.4dB   38l +   8l  * 1x40mm   2769mm
 22.4Hz  45Hz   90Hz   87.0dB   31l +   8l  * 1x40mm   2468mm
 24.5Hz  48Hz   92Hz   88.6dB   25l +   8l  * 1x40mm   2199mm
 26.9Hz  50Hz   95Hz   90.2dB   21l +   8l  * 1x40mm   1961mm
 29.4Hz  53Hz   97Hz   91.7dB   17l +   8l  * 1x40mm   1747mm
 32.1Hz  57Hz  100Hz   93.2dB   15l +   8l  * 1x40mm   1557mm
 35.0Hz  60Hz  103Hz   94.7dB   13l +   8l  * 1x40mm   1388mm
 38.1Hz  63Hz  106Hz   96.2dB   11l +   8l  * 1x40mm   1237mm
 41.4Hz  67Hz  109Hz   97.7dB    9l +   8l  * 1x40mm   1102mm
 45.0Hz  71Hz  113Hz   99.1dB    8l +   8l  * 1x40mm    982mm
 48.8Hz  75Hz  117Hz  100.5dB    7l +   8l  * 1x40mm    876mm
 52.9Hz  80Hz  121Hz  101.9dB    6l +   8l  * 1x40mm    780mm
 57.3Hz  83Hz  125Hz  103.3dB    6l +   8l  * 1x40mm    731mm
 62.0Hz  90Hz  130Hz  104.7dB    5l +   8l  * 1x40mm    620mm
 67.0Hz  95Hz  135Hz  106.0dB    4l +   8l  * 1x40mm    552mm
 72.3Hz 101Hz  140Hz  107.4dB    4l +   8l  - 1x50mm    769mm
 77.9Hz 107Hz  146Hz  108.7dB    3l +   8l  - 1x50mm    686mm
 20.4Hz  50Hz   88Hz   85.4dB   22l +   6l  * 1x40mm   2769mm
 22.4Hz  52Hz   90Hz   87.0dB   18l +   6l  * 1x40mm   2467mm
 24.5Hz  56Hz   92Hz   88.6dB   16l +   6l  * 1x40mm   2199mm
 26.9Hz  59Hz   95Hz   90.2dB   13l +   6l  * 1x40mm   1960mm
 29.4Hz  62Hz   97Hz   91.7dB   11l +   6l  * 1x40mm   1747mm
 32.1Hz  66Hz  100Hz   93.2dB   10l +   6l  * 1x40mm   1557mm
 35.0Hz  70Hz  103Hz   94.7dB    9l +   6l  * 1x40mm   1388mm
 38.1Hz  74Hz  106Hz   96.2dB    7l +   6l  * 1x40mm   1237mm
 41.4Hz  78Hz  109Hz   97.7dB    7l +   6l  * 1x40mm   1102mm
 45.0Hz  83Hz  113Hz   99.1dB    6l +   6l  * 1x40mm    982mm
 48.8Hz  88Hz  117Hz  100.5dB    5l +   6l  * 1x40mm    876mm
 52.9Hz  80Hz  121Hz  101.9dB    6l +   6l  * 1x40mm   1062mm
 57.3Hz  83Hz  125Hz  103.3dB    6l +   6l  * 1x40mm    995mm
 62.0Hz  90Hz  130Hz  104.7dB    5l +   6l  * 1x40mm    844mm
 57.5Hz  95Hz  135Hz  103.4dB    4l +   6l  * 1x40mm    752mm
 62.9Hz 101Hz  140Hz  104.9dB    4l +   6l  * 1x40mm    670mm
 77.9Hz 107Hz  146Hz  108.7dB    3l +   6l  * 1x40mm    597mm
 24.5Hz  59Hz  144Hz   88.5dB   13l +   4l  * 1x40mm   2769mm
 27.0Hz  63Hz  147Hz   90.2dB   11l +   4l  * 1x40mm   2468mm
 29.7Hz  67Hz  149Hz   91.9dB   10l +   4l  * 1x40mm   2200mm
 32.7Hz  71Hz  152Hz   93.6dB    8l +   4l  * 1x40mm   1960mm
 35.9Hz  75Hz  156Hz   95.2dB    7l +   4l  * 1x40mm   1747mm
 39.4Hz  79Hz  159Hz   96.8dB    6l +   4l  * 1x40mm   1557mm
 43.2Hz  84Hz  163Hz   98.4dB    6l +   4l  * 1x40mm   1388mm
 47.3Hz  89Hz  167Hz  100.0dB    5l +   4l  * 1x40mm   1237mm
 51.7Hz  94Hz  171Hz  101.5dB    4l +   4l  * 1x40mm   1102mm
 56.5Hz 100Hz  176Hz  103.1dB    4l +   4l  * 1x40mm    982mm
 61.6Hz 106Hz  181Hz  104.6dB    3l +   4l  * 1x40mm    876mm
 67.1Hz 112Hz  187Hz  106.1dB    3l +   4l  * 1x40mm    780mm
 72.9Hz 119Hz  193Hz  107.5dB    3l +   4l  * 1x40mm    696mm
 79.3Hz 126Hz  199Hz  109.0dB    2l +   4l  * 1x40mm    620mm
-------------
sph8xtb
            87.0dB            80W       1x70mm
   fu     fb      fo      SplMech  Vb1     Vb2       d         l        C
 18.8Hz  34Hz   62Hz   94.7dB 3642l +  34l  * 1x40mm    957mm
 20.5Hz  36Hz   64Hz   96.2dB  390l +  34l  * 1x40mm    853mm
 22.4Hz  38Hz   66Hz   97.7dB  195l +  34l  * 1x40mm    760mm
 24.4Hz  41Hz   68Hz   99.2dB  125l +  34l  * 1x40mm    678mm
 26.5Hz  43Hz   70Hz  100.7dB   89l +  34l  * 1x40mm    604mm
 28.8Hz  46Hz   72Hz  102.1dB   67l +  34l  * 1x40mm    538mm
 31.3Hz  48Hz   75Hz  103.5dB   53l +  34l  - 1x50mm    750mm
 33.9Hz  51Hz   77Hz  104.9dB   42l +  34l  - 1x50mm    668mm
 36.7Hz  53Hz   80Hz  106.3dB   38l +  34l  - 1x50mm    626mm
 39.7Hz  57Hz   83Hz  107.7dB   29l +  34l  - 1x50mm    531mm
 42.9Hz  61Hz   86Hz  109.0dB   24l +  34l  - 1x50mm    473mm
 46.3Hz  65Hz   90Hz  110.3dB   21l +  34l  - 1x50mm    422mm
 50.0Hz  68Hz   93Hz  111.7dB   18l +  34l    1x70mm    736mm
 15.7Hz  36Hz   59Hz   91.6dB  555l +  25l  * 1x40mm   1205mm
 17.2Hz  38Hz   61Hz   93.1dB  234l +  25l  * 1x40mm   1074mm
 18.8Hz  40Hz   62Hz   94.7dB  142l +  25l  * 1x40mm    957mm
 20.5Hz  42Hz   64Hz   96.2dB   98l +  25l  * 1x40mm    853mm
 22.4Hz  45Hz   66Hz   97.7dB   73l +  25l  * 1x40mm    760mm
 24.4Hz  47Hz   68Hz   99.2dB   57l +  25l  * 1x40mm    678mm
 26.5Hz  50Hz   70Hz  100.7dB   45l +  25l  * 1x40mm    604mm
 28.8Hz  53Hz   72Hz  102.1dB   37l +  25l  * 1x40mm    538mm
 31.3Hz  56Hz   75Hz  103.5dB   31l +  25l  - 1x50mm    750mm
 33.9Hz  51Hz   77Hz  104.9dB   42l +  25l  * 1x40mm    582mm
 36.7Hz  53Hz   80Hz  106.3dB   38l +  25l  * 1x40mm    545mm
 39.7Hz  57Hz   83Hz  107.7dB   29l +  25l  - 1x50mm    722mm
 36.9Hz  61Hz   86Hz  106.4dB   24l +  25l  - 1x50mm    644mm
 40.3Hz  65Hz   90Hz  107.9dB   21l +  25l  - 1x50mm    574mm
 50.0Hz  68Hz   93Hz  111.7dB   18l +  25l  - 1x50mm    511mm
 15.7Hz  38Hz   92Hz   91.5dB  212l +  17l  * 1x40mm   1517mm
 17.3Hz  40Hz   94Hz   93.2dB  132l +  17l  * 1x40mm   1352mm
 19.1Hz  43Hz   96Hz   94.9dB   93l +  17l  * 1x40mm   1205mm
 21.0Hz  45Hz   98Hz   96.6dB   70l +  17l  * 1x40mm   1074mm
 23.0Hz  48Hz  100Hz   98.2dB   55l +  17l  * 1x40mm    957mm
 25.3Hz  51Hz  102Hz   99.8dB   44l +  17l  * 1x40mm    853mm
 27.7Hz  54Hz  104Hz  101.4dB   36l +  17l  * 1x40mm    760mm
 30.3Hz  57Hz  107Hz  103.0dB   30l +  17l  * 1x40mm    678mm
 33.2Hz  60Hz  110Hz  104.5dB   25l +  17l  * 1x40mm    604mm
 36.2Hz  64Hz  113Hz  106.1dB   21l +  17l  * 1x40mm    538mm
 39.5Hz  68Hz  116Hz  107.6dB   18l +  17l  - 1x50mm    750mm
 43.0Hz  72Hz  120Hz  109.0dB   16l +  17l  - 1x50mm    668mm
 46.8Hz  76Hz  123Hz  110.5dB   14l +  17l  - 1x50mm    595mm
 50.8Hz  80Hz  128Hz  111.9dB   12l +  17l  - 1x50mm    531mm
 55.1Hz  85Hz  132Hz  113.4dB   10l +  17l  - 1x50mm    473mm
 59.8Hz  90Hz  136Hz  114.8dB    9l +  17l  - 1x50mm    422mm
 64.7Hz  96Hz  141Hz  116.1dB    8l +  17l    1x70mm    736mm
-------------
sp200x
            92.0dB            35W       1x70mm
   fu     fb      fo      SplMech  Vb1     Vb2       d         l        C
 27.1Hz  51Hz   96Hz   85.2dB 1342l +  26l  * 1x40mm    559mm
 29.6Hz  54Hz   98Hz   86.8dB  296l +  26l  - 1x50mm    778mm
 32.3Hz  57Hz  101Hz   88.3dB  158l +  26l  - 1x50mm    693mm
 35.3Hz  60Hz  104Hz   89.8dB  104l +  26l  - 1x50mm    618mm
 38.4Hz  64Hz  107Hz   91.3dB   75l +  26l  - 1x50mm    551mm
 41.8Hz  68Hz  110Hz   92.7dB   57l +  26l  - 1x50mm    491mm
 45.4Hz  72Hz  114Hz   94.2dB   45l +  26l  - 1x50mm    438mm
 49.3Hz  76Hz  118Hz   95.6dB   36l +  26l    1x70mm    764mm
 53.4Hz  81Hz  122Hz   97.0dB   30l +  26l    1x70mm    681mm
 57.8Hz  83Hz  126Hz   98.4dB   27l +  26l    1x70mm    638mm
 62.5Hz  90Hz  131Hz   99.8dB   21l +  26l    1x70mm    541mm
 67.6Hz  96Hz  136Hz  101.1dB   18l +  26l    1x70mm    482mm
 72.9Hz 102Hz  141Hz  102.4dB   15l +  26l    1x70mm    430mm
 78.6Hz 108Hz  147Hz  103.7dB   13l +  26l    1x70mm    383mm
 22.6Hz  53Hz   91Hz   82.1dB  399l +  19l  * 1x40mm    703mm
 24.8Hz  56Hz   93Hz   83.7dB  187l +  19l  * 1x40mm    627mm
 27.1Hz  59Hz   96Hz   85.2dB  117l +  19l  * 1x40mm    559mm
 29.6Hz  63Hz   98Hz   86.8dB   82l +  19l  - 1x50mm    778mm
 32.3Hz  67Hz  101Hz   88.3dB   62l +  19l  - 1x50mm    693mm
 35.3Hz  71Hz  104Hz   89.8dB   48l +  19l  - 1x50mm    618mm
 38.4Hz  75Hz  107Hz   91.3dB   39l +  19l  - 1x50mm    551mm
 41.8Hz  79Hz  110Hz   92.7dB   32l +  19l  - 1x50mm    491mm
 45.4Hz  84Hz  114Hz   94.2dB   26l +  19l  - 1x50mm    438mm
 49.3Hz  89Hz  118Hz   95.6dB   22l +  19l    1x70mm    764mm
 53.4Hz  81Hz  122Hz   97.0dB   30l +  19l  - 1x50mm    473mm
 57.8Hz  83Hz  126Hz   98.4dB   27l +  19l  - 1x50mm    443mm
 62.5Hz  90Hz  131Hz   99.8dB   21l +  19l    1x70mm    736mm
 58.1Hz  96Hz  136Hz   98.5dB   18l +  19l    1x70mm    656mm
 63.4Hz 102Hz  141Hz  100.0dB   15l +  19l    1x70mm    585mm
 78.6Hz 108Hz  147Hz  103.7dB   13l +  19l    1x70mm    521mm
 24.7Hz  60Hz  145Hz   83.6dB  110l +  13l  * 1x40mm    789mm
 27.2Hz  63Hz  148Hz   85.3dB   78l +  13l  * 1x40mm    703mm
 30.0Hz  67Hz  151Hz   87.0dB   59l +  13l  * 1x40mm    627mm
 33.0Hz  71Hz  154Hz   88.7dB   47l +  13l  * 1x40mm    559mm
 36.3Hz  75Hz  157Hz   90.3dB   38l +  13l  - 1x50mm    778mm
 39.8Hz  80Hz  161Hz   91.9dB   31l +  13l  - 1x50mm    693mm
 43.6Hz  85Hz  164Hz   93.5dB   26l +  13l  - 1x50mm    618mm
 47.7Hz  90Hz  169Hz   95.1dB   22l +  13l  - 1x50mm    551mm
 52.2Hz  95Hz  173Hz   96.6dB   18l +  13l  - 1x50mm    491mm
 57.0Hz 101Hz  178Hz   98.1dB   16l +  13l  - 1x50mm    437mm
 62.1Hz 107Hz  183Hz   99.6dB   14l +  13l    1x70mm    764mm
 67.7Hz 113Hz  188Hz  101.1dB   12l +  13l    1x70mm    681mm
 73.6Hz 120Hz  194Hz  102.6dB   10l +  13l    1x70mm    607mm
 80.0Hz 127Hz  201Hz  104.0dB    9l +  13l    1x70mm    541mm
-------------
sph200ke
            90.0dB            80W       1x70mm
   fu     fb      fo      SplMech  Vb1     Vb2       d         l        C
 15.6Hz  33Hz   68Hz   85.0dB  154l +  16l  * 1x40mm   2237mm
 17.2Hz  34Hz   69Hz   86.6dB  105l +  16l  * 1x40mm   1993mm
 18.8Hz  37Hz   71Hz   88.2dB   77l +  16l  * 1x40mm   1777mm
 20.6Hz  39Hz   73Hz   89.8dB   60l +  16l  * 1x40mm   1584mm
 22.5Hz  41Hz   75Hz   91.3dB   47l +  16l  * 1x40mm   1411mm
 24.6Hz  43Hz   77Hz   92.9dB   39l +  16l  * 1x40mm   1258mm
 26.8Hz  46Hz   79Hz   94.4dB   32l +  16l  * 1x40mm   1121mm
 29.2Hz  49Hz   81Hz   95.8dB   27l +  16l  * 1x40mm    999mm
 31.7Hz  52Hz   84Hz   97.3dB   23l +  16l  * 1x40mm    890mm
 34.5Hz  55Hz   86Hz   98.7dB   19l +  16l  * 1x40mm    794mm
 37.4Hz  58Hz   89Hz  100.2dB   17l +  16l  * 1x40mm    707mm
 40.6Hz  61Hz   93Hz  101.6dB   14l +  16l  * 1x40mm    630mm
 43.9Hz  63Hz   96Hz  102.9dB   13l +  16l  * 1x40mm    590mm
 47.5Hz  69Hz  100Hz  104.3dB   11l +  16l  - 1x50mm    782mm
 51.3Hz  73Hz  103Hz  105.7dB    9l +  16l  - 1x50mm    697mm
 55.4Hz  77Hz  107Hz  107.0dB    8l +  16l  - 1x50mm    622mm
 59.7Hz  82Hz  112Hz  108.3dB    7l +  16l  - 1x50mm    554mm
 15.6Hz  38Hz   68Hz   85.0dB   64l +  12l  * 1x40mm   2237mm
 17.2Hz  40Hz   69Hz   86.6dB   51l +  12l  * 1x40mm   1993mm
 18.8Hz  43Hz   71Hz   88.2dB   41l +  12l  * 1x40mm   1776mm
 20.6Hz  45Hz   73Hz   89.8dB   34l +  12l  * 1x40mm   1584mm
 22.5Hz  48Hz   75Hz   91.3dB   28l +  12l  * 1x40mm   1411mm
 24.6Hz  51Hz   77Hz   92.9dB   24l +  12l  * 1x40mm   1258mm
 26.8Hz  54Hz   79Hz   94.4dB   20l +  12l  * 1x40mm   1121mm
 29.2Hz  57Hz   81Hz   95.8dB   17l +  12l  * 1x40mm    999mm
 31.7Hz  60Hz   84Hz   97.3dB   15l +  12l  * 1x40mm    891mm
 34.5Hz  64Hz   86Hz   98.7dB   13l +  12l  * 1x40mm    794mm
 37.4Hz  67Hz   89Hz  100.2dB   11l +  12l  * 1x40mm    707mm
 40.6Hz  61Hz   93Hz  101.6dB   14l +  12l  * 1x40mm    858mm
 43.9Hz  63Hz   96Hz  102.9dB   13l +  12l  * 1x40mm    804mm
 47.5Hz  69Hz  100Hz  104.3dB   11l +  12l  * 1x40mm    682mm
 44.1Hz  73Hz  103Hz  103.0dB    9l +  12l  * 1x40mm    607mm
 48.2Hz  77Hz  107Hz  104.6dB    8l +  12l  * 1x40mm    541mm
 59.7Hz  82Hz  112Hz  108.3dB    7l +  12l  - 1x50mm    754mm
 18.8Hz  46Hz  111Hz   88.2dB   33l +   8l  * 1x40mm   2236mm
 20.7Hz  48Hz  112Hz   89.9dB   27l +   8l  * 1x40mm   1994mm
 22.8Hz  51Hz  115Hz   91.6dB   23l +   8l  * 1x40mm   1777mm
 25.1Hz  54Hz  117Hz   93.2dB   20l +   8l  * 1x40mm   1583mm
 27.6Hz  57Hz  119Hz   94.8dB   17l +   8l  * 1x40mm   1411mm
 30.2Hz  61Hz  122Hz   96.5dB   15l +   8l  * 1x40mm   1258mm
 33.1Hz  64Hz  125Hz   98.1dB   13l +   8l  * 1x40mm   1121mm
 36.3Hz  68Hz  128Hz   99.6dB   11l +   8l  * 1x40mm    999mm
 39.6Hz  72Hz  131Hz  101.2dB   10l +   8l  * 1x40mm    890mm
 43.3Hz  76Hz  135Hz  102.7dB    8l +   8l  * 1x40mm    794mm
 47.2Hz  81Hz  139Hz  104.2dB    7l +   8l  * 1x40mm    707mm
 51.4Hz  86Hz  143Hz  105.7dB    6l +   8l  * 1x40mm    630mm
 55.9Hz  91Hz  148Hz  107.1dB    6l +   8l  * 1x40mm    562mm
 60.8Hz  96Hz  153Hz  108.6dB    5l +   8l  - 1x50mm    782mm
 65.9Hz 102Hz  158Hz  110.0dB    4l +   8l  - 1x50mm    697mm
 71.5Hz 108Hz  163Hz  111.4dB    4l +   8l  - 1x50mm    622mm
 77.4Hz 114Hz  169Hz  112.8dB    3l +   8l  - 1x50mm    554mm
-------------
sp8/150pro
            93.0dB           150W       1x70mm
   fu     fb      fo      SplMech  Vb1     Vb2       d         l        C
 36.8Hz  77Hz  159Hz  102.1dB   25l +   5l  * 1x40mm   1372mm
 40.4Hz  81Hz  163Hz  103.8dB   20l +   5l  * 1x40mm   1223mm
 44.2Hz  86Hz  167Hz  105.3dB   16l +   5l  * 1x40mm   1090mm
 48.4Hz  91Hz  171Hz  106.9dB   13l +   5l  * 1x40mm    972mm
 52.9Hz  96Hz  175Hz  108.5dB   11l +   5l  * 1x40mm    866mm
 57.8Hz 102Hz  180Hz  110.0dB    9l +   5l  * 1x40mm    772mm
 63.0Hz 108Hz  185Hz  111.5dB    8l +   5l  * 1x40mm    688mm
 68.6Hz 114Hz  191Hz  113.0dB    7l +   5l  * 1x40mm    613mm
 74.6Hz 121Hz  197Hz  114.4dB    6l +   5l  * 1x40mm    546mm
 81.1Hz 128Hz  203Hz  115.9dB    5l +   5l  - 1x50mm    761mm
 36.8Hz  89Hz  159Hz  102.1dB   14l +   3l  * 1x40mm   1373mm
 40.4Hz  95Hz  163Hz  103.8dB   12l +   3l  * 1x40mm   1223mm
 44.2Hz 100Hz  167Hz  105.3dB   10l +   3l  * 1x40mm   1090mm
 48.4Hz 106Hz  171Hz  106.9dB    9l +   3l  * 1x40mm    972mm
 52.9Hz 112Hz  175Hz  108.5dB    7l +   3l  * 1x40mm    866mm
 57.8Hz 119Hz  180Hz  110.0dB    6l +   3l  * 1x40mm    772mm
 63.0Hz 126Hz  185Hz  111.5dB    5l +   3l  * 1x40mm    688mm
 68.6Hz 134Hz  191Hz  113.0dB    5l +   3l  * 1x40mm    613mm
 74.6Hz 141Hz  197Hz  114.4dB    4l +   3l  * 1x40mm    546mm
 81.1Hz 150Hz  203Hz  115.9dB    4l +   3l  - 1x50mm    761mm
 44.1Hz 107Hz  260Hz  105.3dB    8l +   2l  * 1x40mm   1372mm
 48.7Hz 113Hz  264Hz  107.0dB    7l +   2l  * 1x40mm   1223mm
 53.6Hz 120Hz  269Hz  108.7dB    6l +   2l  * 1x40mm   1090mm
 59.0Hz 127Hz  275Hz  110.3dB    5l +   2l  * 1x40mm    972mm
 64.8Hz 135Hz  281Hz  112.0dB    5l +   2l  * 1x40mm    866mm
 71.1Hz 143Hz  287Hz  113.6dB    4l +   2l  * 1x40mm    772mm
 77.9Hz 151Hz  294Hz  115.2dB    3l +   2l  * 1x40mm    688mm
-------------
sph-176
            88.0dB            70W       1x70mm
   fu     fb      fo      SplMech  Vb1     Vb2       d         l        C
 22.4Hz  47Hz   97Hz   90.5dB   64l +   8l  * 1x40mm   2306mm
 24.5Hz  49Hz   99Hz   92.2dB   45l +   8l  * 1x40mm   2055mm
 26.9Hz  52Hz  101Hz   93.8dB   34l +   8l  * 1x40mm   1831mm
 29.4Hz  55Hz  104Hz   95.3dB   27l +   8l  * 1x40mm   1633mm
 32.2Hz  59Hz  107Hz   96.9dB   22l +   8l  * 1x40mm   1455mm
 35.1Hz  62Hz  110Hz   98.4dB   18l +   8l  * 1x40mm   1297mm
 38.3Hz  66Hz  113Hz   99.9dB   15l +   8l  * 1x40mm   1156mm
 41.7Hz  70Hz  116Hz  101.4dB   12l +   8l  * 1x40mm   1030mm
 45.4Hz  74Hz  120Hz  102.8dB   10l +   8l  * 1x40mm    918mm
 49.3Hz  78Hz  124Hz  104.3dB    9l +   8l  * 1x40mm    818mm
 53.5Hz  83Hz  128Hz  105.7dB    8l +   8l  * 1x40mm    729mm
 58.0Hz  88Hz  132Hz  107.1dB    7l +   8l  * 1x40mm    650mm
 62.8Hz  91Hz  137Hz  108.5dB    6l +   8l  * 1x40mm    609mm
 67.9Hz  98Hz  142Hz  109.8dB    5l +   8l  * 1x40mm    516mm
 73.4Hz 104Hz  148Hz  111.2dB    4l +   8l  - 1x50mm    719mm
 79.2Hz 110Hz  154Hz  112.5dB    4l +   8l  - 1x50mm    641mm
 22.4Hz  54Hz   97Hz   90.5dB   29l +   6l  * 1x40mm   2306mm
 24.5Hz  57Hz   99Hz   92.2dB   23l +   6l  * 1x40mm   2055mm
 26.9Hz  61Hz  101Hz   93.8dB   19l +   6l  * 1x40mm   1831mm
 29.4Hz  64Hz  104Hz   95.3dB   16l +   6l  * 1x40mm   1633mm
 32.2Hz  68Hz  107Hz   96.9dB   13l +   6l  * 1x40mm   1455mm
 35.1Hz  72Hz  110Hz   98.4dB   11l +   6l  * 1x40mm   1297mm
 38.3Hz  77Hz  113Hz   99.9dB    9l +   6l  * 1x40mm   1156mm
 41.7Hz  81Hz  116Hz  101.4dB    8l +   6l  * 1x40mm   1030mm
 45.4Hz  86Hz  120Hz  102.8dB    7l +   6l  * 1x40mm    918mm
 49.3Hz  91Hz  124Hz  104.3dB    6l +   6l  * 1x40mm    818mm
 53.5Hz  97Hz  128Hz  105.7dB    5l +   6l  * 1x40mm    729mm
 58.0Hz  88Hz  132Hz  107.1dB    7l +   6l  * 1x40mm    885mm
 62.8Hz  91Hz  137Hz  108.5dB    6l +   6l  * 1x40mm    828mm
 67.9Hz  98Hz  142Hz  109.8dB    5l +   6l  * 1x40mm    703mm
 63.1Hz 104Hz  148Hz  108.6dB    4l +   6l  * 1x40mm    626mm
 68.9Hz 110Hz  154Hz  110.1dB    4l +   6l  * 1x40mm    558mm
 26.8Hz  65Hz  158Hz   93.7dB   15l +   4l  * 1x40mm   2306mm
 29.6Hz  69Hz  161Hz   95.4dB   13l +   4l  * 1x40mm   2055mm
 32.6Hz  73Hz  164Hz   97.1dB   11l +   4l  * 1x40mm   1832mm
 35.9Hz  77Hz  167Hz   98.7dB    9l +   4l  * 1x40mm   1632mm
 39.4Hz  82Hz  171Hz  100.4dB    8l +   4l  * 1x40mm   1455mm
 43.2Hz  87Hz  174Hz  102.0dB    7l +   4l  * 1x40mm   1297mm
 47.4Hz  92Hz  179Hz  103.6dB    6l +   4l  * 1x40mm   1156mm
 51.9Hz  97Hz  183Hz  105.2dB    5l +   4l  * 1x40mm   1030mm
 56.7Hz 103Hz  188Hz  106.7dB    4l +   4l  * 1x40mm    918mm
 61.9Hz 109Hz  193Hz  108.2dB    4l +   4l  * 1x40mm    818mm
 67.5Hz 116Hz  199Hz  109.7dB    3l +   4l  * 1x40mm    729mm
 73.5Hz 123Hz  205Hz  111.2dB    3l +   4l  * 1x40mm    650mm
 80.0Hz 130Hz  211Hz  112.7dB    3l +   4l  * 1x40mm    579mm
-------------
SP-46A/500BS
            98.0dB           500W      3x100mm
   fu     fb      fo      SplMech  Vb1     Vb2       d         l        C
 18.8Hz  36Hz   71Hz  105.2dB 9753l + 122l  * 1x100mm  1451mm
 20.6Hz  39Hz   73Hz  106.8dB 1661l + 122l  * 1x100mm  1293mm
 22.5Hz  41Hz   74Hz  108.3dB  859l + 122l  * 1x100mm  1152mm
 24.5Hz  43Hz   76Hz  109.9dB  557l + 122l  * 1x100mm  1027mm
 26.8Hz  46Hz   79Hz  111.4dB  400l + 122l  * 1x100mm   916mm
 29.1Hz  49Hz   81Hz  112.8dB  304l + 122l  * 1x100mm   816mm
 31.7Hz  51Hz   84Hz  114.3dB  239l + 122l  * 1x100mm   727mm
 34.4Hz  55Hz   86Hz  115.7dB  193l + 122l  * 1x100mm   648mm
 37.4Hz  58Hz   89Hz  117.2dB  159l + 122l  * 1x100mm   578mm
 40.5Hz  61Hz   92Hz  118.6dB  132l + 122l  * 1x100mm   515mm
 43.9Hz  63Hz   96Hz  119.9dB  120l + 122l  * 1x100mm   482mm
 47.4Hz  69Hz   99Hz  121.3dB   95l + 122l  * 1x100mm   409mm
 51.3Hz  73Hz  103Hz  122.7dB   81l + 122l  - 2x100mm   725mm
 55.3Hz  77Hz  107Hz  124.0dB   70l + 122l  - 2x100mm   646mm
 59.7Hz  82Hz  112Hz  125.3dB   60l + 122l  - 2x100mm   576mm
 15.6Hz  38Hz   68Hz  102.0dB 2298l +  90l  * 1x100mm  1827mm
 17.1Hz  40Hz   69Hz  103.6dB 1023l +  90l  * 1x100mm  1628mm
 18.8Hz  43Hz   71Hz  105.2dB  631l +  90l  * 1x100mm  1451mm
 20.6Hz  45Hz   73Hz  106.8dB  442l +  90l  * 1x100mm  1293mm
 22.5Hz  48Hz   74Hz  108.3dB  330l +  90l  * 1x100mm  1153mm
 24.5Hz  51Hz   76Hz  109.9dB  257l +  90l  * 1x100mm  1027mm
 26.8Hz  54Hz   79Hz  111.4dB  206l +  90l  * 1x100mm   916mm
 29.1Hz  57Hz   81Hz  112.8dB  169l +  90l  * 1x100mm   816mm
 31.7Hz  60Hz   84Hz  114.3dB  140l +  90l  * 1x100mm   727mm
 34.4Hz  64Hz   86Hz  115.7dB  118l +  90l  * 1x100mm   648mm
 37.4Hz  67Hz   89Hz  117.2dB  100l +  90l  * 1x100mm   578mm
 40.5Hz  61Hz   92Hz  118.6dB  132l +  90l  * 1x100mm   701mm
 43.9Hz  63Hz   96Hz  119.9dB  120l +  90l  * 1x100mm   656mm
 47.4Hz  69Hz   99Hz  121.3dB   95l +  90l  * 1x100mm   557mm
 44.1Hz  73Hz  103Hz  120.0dB   81l +  90l  * 1x100mm   496mm
 48.1Hz  77Hz  107Hz  121.6dB   70l +  90l  * 1x100mm   442mm
 59.7Hz  82Hz  112Hz  125.3dB   60l +  90l  - 2x100mm   783mm
 18.7Hz  45Hz  110Hz  105.2dB  419l +  62l  * 1x100mm  1826mm
 20.7Hz  48Hz  112Hz  106.9dB  316l +  62l  * 1x100mm  1628mm
 22.8Hz  51Hz  114Hz  108.6dB  248l +  62l  * 1x100mm  1451mm
 25.0Hz  54Hz  117Hz  110.2dB  199l +  62l  * 1x100mm  1293mm
 27.5Hz  57Hz  119Hz  111.8dB  163l +  62l  * 1x100mm  1153mm
 30.2Hz  61Hz  122Hz  113.5dB  136l +  62l  * 1x100mm  1027mm
 33.1Hz  64Hz  125Hz  115.1dB  114l +  62l  * 1x100mm   915mm
 36.2Hz  68Hz  128Hz  116.6dB   97l +  62l  * 1x100mm   816mm
 39.6Hz  72Hz  131Hz  118.2dB   83l +  62l  * 1x100mm   727mm
 43.2Hz  76Hz  135Hz  119.7dB   71l +  62l  * 1x100mm   648mm
 47.2Hz  81Hz  139Hz  121.2dB   62l +  62l  * 1x100mm   578mm
 51.3Hz  86Hz  143Hz  122.7dB   54l +  62l  * 1x100mm   515mm
 55.9Hz  91Hz  147Hz  124.1dB   47l +  62l  * 1x100mm   459mm
 60.7Hz  96Hz  152Hz  125.6dB   41l +  62l  * 1x100mm   409mm
 65.9Hz 102Hz  157Hz  127.0dB   36l +  62l  - 2x100mm   725mm
 71.4Hz 108Hz  163Hz  128.4dB   31l +  62l  - 2x100mm   646mm
 77.3Hz 114Hz  169Hz  129.8dB   28l +  62l  - 2x100mm   576mm
-------------
SPA-45PA
            98.0dB           300W      3x100mm
   fu     fb      fo      SplMech  Vb1     Vb2       d         l        C
 14.6Hz  29Hz   59Hz   91.8dB 15487l + 191l  * 1x100mm  1425mm
 16.1Hz  31Hz   60Hz   93.4dB 2858l + 191l  * 1x100mm  1270mm
 17.6Hz  33Hz   62Hz   95.0dB 1494l + 191l  * 1x100mm  1132mm
 19.2Hz  35Hz   64Hz   96.5dB  972l + 191l  * 1x100mm  1009mm
 21.0Hz  37Hz   65Hz   98.0dB  699l + 191l  * 1x100mm   899mm
 22.9Hz  39Hz   67Hz   99.5dB  531l + 191l  * 1x100mm   802mm
 24.9Hz  42Hz   69Hz  101.0dB  418l + 191l  * 1x100mm   714mm
 27.1Hz  44Hz   71Hz  102.5dB  338l + 191l  * 1x100mm   637mm
 29.4Hz  47Hz   74Hz  103.9dB  278l + 191l  * 1x100mm   568mm
 31.9Hz  49Hz   76Hz  105.3dB  232l + 191l  * 1x100mm   506mm
 34.6Hz  52Hz   79Hz  106.7dB  195l + 191l  * 1x100mm   451mm
 37.5Hz  54Hz   82Hz  108.1dB  178l + 191l  * 1x100mm   422mm
 40.5Hz  59Hz   85Hz  109.5dB  142l + 191l  - 2x100mm   712mm
 43.8Hz  62Hz   88Hz  110.8dB  122l + 191l  - 2x100mm   634mm
 47.3Hz  66Hz   92Hz  112.2dB  106l + 191l  - 2x100mm   566mm
 51.0Hz  70Hz   95Hz  113.5dB   92l + 191l    3x100mm   759mm
 13.3Hz  32Hz   58Hz   90.2dB 1778l + 140l  * 1x100mm  1599mm
 14.6Hz  34Hz   59Hz   91.8dB 1100l + 140l  * 1x100mm  1425mm
 16.1Hz  36Hz   60Hz   93.4dB  771l + 140l  * 1x100mm  1270mm
 17.6Hz  38Hz   62Hz   95.0dB  577l + 140l  * 1x100mm  1132mm
 19.2Hz  41Hz   64Hz   96.5dB  450l + 140l  * 1x100mm  1009mm
 21.0Hz  43Hz   65Hz   98.0dB  361l + 140l  * 1x100mm   899mm
 22.9Hz  46Hz   67Hz   99.5dB  295l + 140l  * 1x100mm   802mm
 24.9Hz  48Hz   69Hz  101.0dB  245l + 140l  * 1x100mm   714mm
 27.1Hz  51Hz   71Hz  102.5dB  206l + 140l  * 1x100mm   637mm
 29.4Hz  54Hz   74Hz  103.9dB  175l + 140l  * 1x100mm   568mm
 31.9Hz  58Hz   76Hz  105.3dB  149l + 140l  * 1x100mm   506mm
 34.6Hz  52Hz   79Hz  106.7dB  195l + 140l  * 1x100mm   614mm
 37.5Hz  54Hz   82Hz  108.1dB  178l + 140l  * 1x100mm   575mm
 40.5Hz  59Hz   85Hz  109.5dB  142l + 140l  * 1x100mm   487mm
 37.6Hz  62Hz   88Hz  108.2dB  122l + 140l  * 1x100mm   434mm
 41.1Hz  66Hz   92Hz  109.7dB  106l + 140l  - 2x100mm   770mm
 51.0Hz  70Hz   95Hz  113.5dB   92l + 140l  - 2x100mm   686mm
 16.0Hz  39Hz   94Hz   93.4dB  552l +  98l  * 1x100mm  1599mm
 17.7Hz  41Hz   96Hz   95.0dB  433l +  98l  * 1x100mm  1426mm
 19.5Hz  44Hz   98Hz   96.7dB  349l +  98l  * 1x100mm  1271mm
 21.4Hz  46Hz  100Hz   98.4dB  286l +  98l  * 1x100mm  1132mm
 23.5Hz  49Hz  102Hz  100.0dB  238l +  98l  * 1x100mm  1009mm
 25.8Hz  52Hz  104Hz  101.6dB  200l +  98l  * 1x100mm   899mm
 28.3Hz  55Hz  107Hz  103.2dB  170l +  98l  * 1x100mm   802mm
 31.0Hz  58Hz  109Hz  104.8dB  146l +  98l  * 1x100mm   714mm
 33.8Hz  62Hz  112Hz  106.3dB  125l +  98l  * 1x100mm   637mm
 36.9Hz  65Hz  115Hz  107.9dB  108l +  98l  * 1x100mm   567mm
 40.3Hz  69Hz  119Hz  109.4dB   94l +  98l  * 1x100mm   506mm
 43.9Hz  73Hz  122Hz  110.9dB   82l +  98l  * 1x100mm   451mm
 47.7Hz  78Hz  126Hz  112.3dB   72l +  98l  - 2x100mm   799mm
 51.9Hz  82Hz  130Hz  113.8dB   63l +  98l  - 2x100mm   712mm
 56.3Hz  87Hz  135Hz  115.2dB   55l +  98l  - 2x100mm   634mm
 61.0Hz  92Hz  139Hz  116.6dB   48l +  98l  - 2x100mm   565mm
 66.0Hz  98Hz  144Hz  118.0dB   43l +  98l    3x100mm   759mm
-------------
SP-6/108PRO
            92.0dB           100W       1x70mm
   fu     fb      fo      SplMech  Vb1     Vb2       d         l        C
 28.6Hz  59Hz  124Hz   87.9dB   31l +   6l  * 1x40mm   1918mm
 31.3Hz  63Hz  126Hz   89.5dB   24l +   6l  * 1x40mm   1709mm
 34.3Hz  67Hz  129Hz   91.1dB   20l +   6l  * 1x40mm   1524mm
 37.6Hz  71Hz  133Hz   92.7dB   16l +   6l  * 1x40mm   1358mm
 41.1Hz  75Hz  136Hz   94.2dB   14l +   6l  * 1x40mm   1210mm
 44.9Hz  79Hz  140Hz   95.7dB   11l +   6l  * 1x40mm   1079mm
 48.9Hz  84Hz  144Hz   97.2dB   10l +   6l  * 1x40mm    961mm
 53.3Hz  89Hz  148Hz   98.7dB    8l +   6l  * 1x40mm    857mm
 57.9Hz  94Hz  153Hz  100.2dB    7l +   6l  * 1x40mm    764mm
 62.9Hz 100Hz  158Hz  101.6dB    6l +   6l  * 1x40mm    681mm
 68.3Hz 106Hz  163Hz  103.0dB    5l +   6l  * 1x40mm    607mm
 74.0Hz 112Hz  169Hz  104.4dB    5l +   6l  * 1x40mm    541mm
 80.2Hz 116Hz  175Hz  105.8dB    4l +   6l  - 1x50mm    791mm
 28.6Hz  69Hz  124Hz   87.9dB   17l +   4l  * 1x40mm   1918mm
 31.3Hz  73Hz  126Hz   89.5dB   14l +   4l  * 1x40mm   1709mm
 34.3Hz  78Hz  129Hz   91.1dB   12l +   4l  * 1x40mm   1523mm
 37.6Hz  82Hz  133Hz   92.7dB   10l +   4l  * 1x40mm   1358mm
 41.1Hz  87Hz  136Hz   94.2dB    9l +   4l  * 1x40mm   1210mm
 44.9Hz  92Hz  140Hz   95.7dB    7l +   4l  * 1x40mm   1079mm
 48.9Hz  98Hz  144Hz   97.2dB    6l +   4l  * 1x40mm    961mm
 53.3Hz 104Hz  148Hz   98.7dB    6l +   4l  * 1x40mm    857mm
 57.9Hz 110Hz  153Hz  100.2dB    5l +   4l  * 1x40mm    764mm
 62.9Hz 116Hz  158Hz  101.6dB    4l +   4l  * 1x40mm    681mm
 68.3Hz 123Hz  163Hz  103.0dB    4l +   4l  * 1x40mm    607mm
 74.0Hz 112Hz  169Hz  104.4dB    5l +   4l  * 1x40mm    736mm
 80.2Hz 116Hz  175Hz  105.8dB    4l +   4l  * 1x40mm    689mm
 80.5Hz 133Hz  189Hz  105.9dB    3l +   4l  * 1x40mm    521mm
 34.3Hz  83Hz  202Hz   91.1dB   10l +   3l  * 1x40mm   1918mm
 37.8Hz  88Hz  205Hz   92.8dB    8l +   3l  * 1x40mm   1710mm
 41.6Hz  93Hz  209Hz   94.4dB    7l +   3l  * 1x40mm   1524mm
 45.8Hz  99Hz  213Hz   96.1dB    6l +   3l  * 1x40mm   1358mm
 50.3Hz 105Hz  218Hz   97.7dB    5l +   3l  * 1x40mm   1210mm
 55.2Hz 111Hz  223Hz   99.3dB    5l +   3l  * 1x40mm   1079mm
 60.5Hz 117Hz  228Hz  100.9dB    4l +   3l  * 1x40mm    961mm
 66.2Hz 124Hz  234Hz  102.5dB    4l +   3l  * 1x40mm    857mm
 72.4Hz 132Hz  240Hz  104.0dB    3l +   3l  * 1x40mm    764mm
 79.0Hz 140Hz  247Hz  105.6dB    3l +   3l  * 1x40mm    681mm
-------------
SP-12A/302PA
            99.0dB           300W      2x100mm
   fu     fb      fo      SplMech  Vb1     Vb2       d         l        C
 31.4Hz  65Hz  136Hz  105.7dB  109l +  18l  * 1x70mm   1506mm
 34.5Hz  69Hz  139Hz  107.3dB   84l +  18l  * 1x70mm   1343mm
 37.8Hz  73Hz  142Hz  108.9dB   67l +  18l  * 1x70mm   1197mm
 41.3Hz  78Hz  146Hz  110.5dB   55l +  18l  * 1x70mm   1067mm
 45.2Hz  82Hz  150Hz  112.0dB   45l +  18l  * 1x70mm    950mm
 49.3Hz  87Hz  154Hz  113.6dB   38l +  18l  * 1x70mm    847mm
 53.8Hz  92Hz  158Hz  115.1dB   32l +  18l  * 1x70mm    755mm
 58.6Hz  98Hz  163Hz  116.6dB   27l +  18l  * 1x70mm    673mm
 63.7Hz 103Hz  168Hz  118.0dB   23l +  18l  * 1x70mm    600mm
 69.2Hz 110Hz  174Hz  119.5dB   20l +  18l  * 1x70mm    535mm
 75.1Hz 116Hz  180Hz  120.9dB   18l +  18l  * 1x70mm    476mm
 81.4Hz 123Hz  186Hz  122.3dB   15l +  18l  * 1x70mm    425mm
 31.4Hz  76Hz  136Hz  105.7dB   58l +  13l  * 1x70mm   1507mm
 34.5Hz  81Hz  139Hz  107.3dB   48l +  13l  * 1x70mm   1342mm
 37.8Hz  85Hz  142Hz  108.9dB   40l +  13l  * 1x70mm   1196mm
 41.3Hz  91Hz  146Hz  110.5dB   34l +  13l  * 1x70mm   1067mm
 45.2Hz  96Hz  150Hz  112.0dB   29l +  13l  * 1x70mm    951mm
 49.3Hz 102Hz  154Hz  113.6dB   25l +  13l  * 1x70mm    847mm
 53.8Hz 108Hz  158Hz  115.1dB   21l +  13l  * 1x70mm    755mm
 58.6Hz 114Hz  163Hz  116.6dB   18l +  13l  * 1x70mm    673mm
 63.7Hz 121Hz  168Hz  118.0dB   16l +  13l  * 1x70mm    600mm
 69.2Hz 128Hz  174Hz  119.5dB   14l +  13l  * 1x70mm    535mm
 75.1Hz 135Hz  180Hz  120.9dB   12l +  13l  * 1x70mm    476mm
 81.4Hz 123Hz  186Hz  122.3dB   15l +  13l  * 1x70mm    578mm
 37.7Hz  91Hz  222Hz  108.9dB   33l +   9l  * 1x70mm   1506mm
 41.5Hz  97Hz  226Hz  110.6dB   28l +   9l  * 1x70mm   1343mm
 45.8Hz 103Hz  230Hz  112.3dB   24l +   9l  * 1x70mm   1197mm
 50.3Hz 109Hz  235Hz  113.9dB   21l +   9l  * 1x70mm   1067mm
 55.3Hz 115Hz  239Hz  115.6dB   18l +   9l  * 1x70mm    951mm
 60.7Hz 122Hz  245Hz  117.2dB   16l +   9l  * 1x70mm    847mm
 66.5Hz 129Hz  251Hz  118.8dB   14l +   9l  * 1x70mm    755mm
 72.8Hz 137Hz  257Hz  120.3dB   12l +   9l  * 1x70mm    673mm
 79.6Hz 145Hz  264Hz  121.9dB   10l +   9l  * 1x70mm    600mm
