-------------
EW 638                                 87.0dB  150W                      1x50mm
Rpre   Spl
      Vb      fb         SplMech Pmech  SplEle     f3       dv       lv

0.20  86.6dB --------------------------------------------------------------
     8.7l @  51.2Hz  =>  109.5dB  313W 106.3dB @  59.6Hz   1x50mm    407 mm 
     9.7l @  49.4Hz  =>  108.5dB  250W 106.3dB @  56.3Hz   1x50mm    359 mm 
    10.9l @  47.6Hz  =>  107.5dB  199W 106.3dB @  53.2Hz   1x50mm    317 mm 
*   12.2l @  45.9Hz  =>  106.5dB  159W 106.3dB @  50.3Hz   1x50mm    279 mm 
    13.6l @  44.3Hz  =>  105.5dB  127W 106.3dB @  47.5Hz   1x50mm    245 mm 
    15.3l @  42.7Hz  =>  104.6dB  101W 106.3dB @  44.9Hz   1x50mm    215 mm 
    17.1l @  41.2Hz  =>  103.6dB   80W 106.3dB @  42.4Hz   1x50mm    188 mm 
0.60  86.2dB --------------------------------------------------------------
    10.3l @  48.5Hz  =>  108.0dB  240W 106.0dB @  54.8Hz   1x50mm    337 mm 
    11.5l @  46.7Hz  =>  107.0dB  191W 106.0dB @  51.7Hz   1x50mm    297 mm 
    12.9l @  45.1Hz  =>  106.0dB  153W 106.0dB @  48.9Hz   1x50mm    262 mm 
*   14.5l @  43.5Hz  =>  105.0dB  122W 106.0dB @  46.2Hz   1x50mm    230 mm 
    16.2l @  41.9Hz  =>  104.1dB   97W 106.0dB @  43.7Hz   1x50mm    201 mm 
    18.1l @  40.4Hz  =>  103.1dB   77W 106.0dB @  41.2Hz   1x50mm    176 mm 
    20.3l @  39.0Hz  =>  102.1dB   62W 106.0dB @  39.0Hz   1x50mm    153 mm 
1.00  85.9dB --------------------------------------------------------------
    12.0l @  46.1Hz  =>  106.6dB  188W 105.7dB @  50.6Hz   1x50mm    283 mm 
    13.5l @  44.4Hz  =>  105.7dB  150W 105.7dB @  47.8Hz   1x50mm    249 mm 
    15.1l @  42.9Hz  =>  104.7dB  119W 105.7dB @  45.2Hz   1x50mm    218 mm 
*   16.9l @  41.3Hz  =>  103.7dB   95W 105.7dB @  42.7Hz   1x50mm    191 mm 
    18.9l @  39.9Hz  =>  102.7dB   76W 105.7dB @  40.4Hz   1x50mm    167 mm 
    21.2l @  38.4Hz  =>  101.7dB   61W 105.7dB @  38.1Hz   1x50mm    145 mm 
    23.7l @  37.1Hz  =>  100.7dB   48W 105.7dB @  36.0Hz   1x50mm    125 mm 
