-------------
BMS 13/4
      86.5dB             60W
Rpre   Spl     SplMech Pmech SplEle      f3

0.20  87.7dB: (110.8dB   467W 101.9dB) @ 126Hz
0.60  87.3dB: (109.2dB   354W 101.5dB) @ 114Hz
1.00  86.9dB: (107.7dB   276W 101.1dB) @ 105Hz
              (110.7dB   552W 101.1dB) @ 125Hz
-------------
BM 17/8
      89.0dB             90W
Rpre   Spl     SplMech Pmech SplEle      f3

0.20  88.9dB: (108.3dB   115W 107.2dB) @  79Hz
              (111.3dB   231W 107.2dB) @  94Hz
              (114.3dB   462W 107.2dB) @ 112Hz
0.60  88.6dB: (107.3dB    98W 106.9dB) @  75Hz
              (110.3dB   197W 106.9dB) @  89Hz
              (113.3dB   394W 106.9dB) @ 105Hz
              (116.3dB   787W 106.9dB) @ 125Hz
1.00  88.4dB: (106.4dB    85W 106.7dB) @  71Hz
              (109.4dB   170W 106.7dB) @  84Hz
              (112.4dB   339W 106.7dB) @ 100Hz
              (115.4dB   678W 106.7dB) @ 119Hz
