-------------
15B450                                100.0dB  450W                     2x100mm
Rpre   Spl         Vb      fb         SplMech Pmech  SplEle     f3       dv       lv

0.20  98.3dB --------------------------------------------------------------
    46.7l @  65.0Hz  =>  132.5dB 3937W 123.0dB @  79.9Hz   2x100mm   387 mm 
    52.3l @  62.7Hz  =>  131.5dB 3139W 123.0dB @  75.5Hz   2x100mm   335 mm 
    58.6l @  60.5Hz  =>  130.5dB 2502W 123.0dB @  71.4Hz   2x100mm   288 mm 
*   65.6l @  58.3Hz  =>  129.5dB 1995W 123.0dB @  67.4Hz   2x100mm   246 mm 
    73.5l @  56.3Hz  =>  128.5dB 1590W 123.0dB @  63.7Hz   2x100mm   209 mm 
    82.3l @  54.3Hz  =>  127.5dB 1268W 123.0dB @  60.2Hz   2x100mm   175 mm 
    92.2l @  52.3Hz  =>  126.6dB 1011W 123.0dB @  56.9Hz   2x100mm   145 mm 
   103.2l @  50.5Hz  =>  125.6dB  806W 123.0dB @  53.8Hz   2x100mm   119 mm 
   115.6l @  48.7Hz  =>  124.6dB  642W 123.0dB @  50.8Hz   2x100mm    95 mm 
   129.5l @  46.9Hz  =>  123.6dB  512W 123.0dB @  48.0Hz   2x100mm    74 mm 
   145.0l @  45.3Hz  =>  122.6dB  408W 123.0dB @  45.4Hz   2x100mm    55 mm 
   162.4l @  43.6Hz  =>  121.6dB  325W 123.0dB @  42.9Hz   2x100mm    38 mm 
   181.9l @  42.1Hz  =>  120.6dB  259W 123.0dB @  40.5Hz   2x100mm    23 mm 
   203.7l @  40.6Hz  =>  119.7dB  207W 123.0dB @  38.3Hz + 3x100mm    43 mm 
   228.2l @  39.2Hz  =>  118.7dB  165W 123.0dB @  36.2Hz + 3x100mm    25 mm 
   255.6l @  37.8Hz  =>  117.7dB  131W 123.0dB @  34.2Hz + 4x100mm    34 mm 
   286.2l @  36.4Hz  =>  116.7dB  105W 123.0dB @  32.3Hz + 5x100mm    38 mm 
   320.6l @  35.1Hz  =>  115.7dB   84W 123.0dB @  30.5Hz + 6x100mm    37 mm 
0.60  98.0dB --------------------------------------------------------------
    56.7l @  61.1Hz  =>  130.8dB 2862W 122.7dB @  72.5Hz   2x100mm   301 mm 
    63.5l @  58.9Hz  =>  129.8dB 2282W 122.7dB @  68.5Hz   2x100mm   257 mm 
    71.1l @  56.8Hz  =>  128.8dB 1819W 122.7dB @  64.8Hz   2x100mm   219 mm 
*   79.7l @  54.8Hz  =>  127.8dB 1450W 122.7dB @  61.2Hz   2x100mm   184 mm 
    89.2l @  52.9Hz  =>  126.8dB 1156W 122.7dB @  57.8Hz   2x100mm   154 mm 
    99.9l @  51.0Hz  =>  125.9dB  922W 122.7dB @  54.6Hz   2x100mm   126 mm 
   111.9l @  49.2Hz  =>  124.9dB  735W 122.7dB @  51.6Hz   2x100mm   101 mm 
1.00  97.7dB --------------------------------------------------------------
    68.0l @  57.7Hz  =>  129.2dB 2126W 122.5dB @  66.3Hz   2x100mm   234 mm 
    76.1l @  55.6Hz  =>  128.2dB 1695W 122.5dB @  62.6Hz   2x100mm   198 mm 
    85.3l @  53.6Hz  =>  127.2dB 1351W 122.5dB @  59.2Hz   2x100mm   165 mm 
*   95.5l @  51.7Hz  =>  126.2dB 1077W 122.5dB @  55.9Hz   2x100mm   137 mm 
   107.0l @  49.9Hz  =>  125.3dB  859W 122.5dB @  52.8Hz   2x100mm   111 mm 
   119.8l @  48.1Hz  =>  124.3dB  685W 122.5dB @  49.9Hz   2x100mm    88 mm 
   134.2l @  46.4Hz  =>  123.3dB  546W 122.5dB @  47.2Hz   2x100mm    68 mm 
