-------------
15B450
     100.0dB                            450W
Rpre   Spl      qtc    Vb     SplMech Pmech SplEle      f3

0.20  98.3dB:   0.5   79.0l: (134.1dB  5729W 123.0dB) @ 111Hz
                0.6   47.1l: (133.1dB  4539W 123.0dB) @ 104Hz
                0.7   31.9l: (133.1dB  4592W 123.0dB) @ 105Hz
                0.8   23.2l: (134.5dB  6353W 123.0dB) @ 113Hz
                0.9   17.8l: (135.0dB  7102W 123.0dB) @ 117Hz
                1.0   14.1l: (135.6dB  8077W 123.0dB) @ 120Hz
                1.1   11.4l: (136.3dB  9606W 123.0dB) @ 126Hz
                1.1   11.4l: (133.5dB  4979W 123.0dB) @ 107Hz (  390uF)

0.60  98.0dB:   0.5   98.1l: (132.9dB  4686W 122.7dB) @ 103Hz
                0.6   56.6l: (131.9dB  3713W 122.7dB) @  97Hz
                0.7   37.7l: (132.0dB  3756W 122.7dB) @  98Hz
                0.8   27.2l: (133.4dB  5197W 122.7dB) @ 106Hz
                0.9   20.7l: (133.8dB  5809W 122.7dB) @ 109Hz
                1.0   16.3l: (134.4dB  6606W 122.7dB) @ 113Hz
                1.1   13.2l: (135.2dB  7857W 122.7dB) @ 118Hz
                1.1   13.2l: (132.3dB  4072W 122.7dB) @ 100Hz (  417uF)

1.00  97.7dB:   0.5  122.2l: (131.8dB  3886W 122.5dB) @  97Hz
                0.6   67.7l: (130.8dB  3079W 122.5dB) @  91Hz
                0.7   44.3l: (130.9dB  3115W 122.5dB) @  92Hz
                0.8   31.7l: (132.3dB  4309W 122.5dB) @ 100Hz
                0.9   23.9l: (132.7dB  4817W 122.5dB) @ 102Hz
                1.0   18.8l: (133.3dB  5478W 122.5dB) @ 106Hz
                1.1   15.2l: (134.1dB  6515W 122.5dB) @ 110Hz
                1.1   15.2l: (131.2dB  3377W 122.5dB) @  94Hz (  444uF)

