-------------
SW6.01
      83.0dB                             70W
Rpre   Spl      qtc    Vb     SplMech Pmech SplEle      f3

0.20  82.6dB:   0.5   41.0l: (105.4dB   436W  97.5dB) @  70Hz
                0.6   10.0l: (104.4dB   345W  97.5dB) @  66Hz
                0.7    5.3l: (104.5dB   349W  97.5dB) @  67Hz
                0.8    3.4l: (105.9dB   483W  97.5dB) @  72Hz
                0.9    2.4l: (106.3dB   540W  97.5dB) @  74Hz
                1.0    1.9l: (106.9dB   614W  97.5dB) @  77Hz
                1.1    1.5l: (107.7dB   731W  97.5dB) @  80Hz
                1.1    1.5l: (104.8dB   379W  97.5dB) @  68Hz (  929uF)

0.60  82.2dB:   0.6   17.1l: (102.8dB   266W  97.0dB) @  61Hz
                0.7    7.5l: (102.9dB   269W  97.0dB) @  61Hz
                0.8    4.6l: (104.3dB   372W  97.0dB) @  66Hz
                0.9    3.2l: (104.8dB   416W  97.0dB) @  68Hz
                1.0    2.4l: (105.3dB   473W  97.0dB) @  70Hz
                1.1    1.8l: (106.1dB   562W  97.0dB) @  73Hz
                1.1    1.8l: (103.2dB   291W  97.0dB) @  62Hz ( 1018uF)

1.00  81.8dB:   0.6   36.3l: (101.4dB   210W  96.6dB) @  56Hz
                0.7   11.0l: (101.4dB   213W  96.6dB) @  56Hz
                0.8    6.1l: (102.9dB   294W  96.6dB) @  61Hz
                0.9    4.1l: (103.3dB   329W  96.6dB) @  63Hz
                1.0    3.0l: (103.9dB   374W  96.6dB) @  65Hz
                1.1    2.3l: (104.7dB   445W  96.6dB) @  67Hz
                1.1    2.3l: (101.8dB   230W  96.6dB) @  57Hz ( 1105uF)

