-------------
WN-15S                                100.2dB  300W                     2x100mm
Rpre   Spl
      Vb      fb         SplMech Pmech  SplEle     f3       dv       lv

0.20 100.1dB --------------------------------------------------------------
    64.0l @  64.3Hz  =>  128.4dB 1016W 123.1dB @  84.3Hz   2x100mm   356 mm 
    71.6l @  62.0Hz  =>  127.5dB  810W 123.1dB @  79.6Hz   2x100mm   307 mm 
    80.2l @  59.8Hz  =>  126.5dB  646W 123.1dB @  75.2Hz   2x100mm   263 mm 
*   89.9l @  57.7Hz  =>  125.5dB  515W 123.1dB @  71.1Hz   2x100mm   224 mm 
   100.7l @  55.6Hz  =>  124.5dB  410W 123.1dB @  67.2Hz   2x100mm   189 mm 
   112.7l @  53.7Hz  =>  123.5dB  327W 123.1dB @  63.5Hz   2x100mm   157 mm 
   126.3l @  51.7Hz  =>  122.5dB  261W 123.1dB @  60.0Hz   2x100mm   130 mm 
   141.4l @  49.9Hz  =>  121.6dB  208W 123.1dB @  56.7Hz   2x100mm   105 mm 
   158.4l @  48.1Hz  =>  120.6dB  166W 123.1dB @  53.6Hz   2x100mm    82 mm 
   177.4l @  46.4Hz  =>  119.6dB  132W 123.1dB @  50.6Hz   2x100mm    63 mm 
   198.7l @  44.8Hz  =>  118.6dB  105W 123.1dB @  47.8Hz   2x100mm    45 mm 
   222.5l @  43.2Hz  =>  117.6dB   84W 123.1dB @  45.2Hz   2x100mm    29 mm 
   249.2l @  41.6Hz  =>  116.6dB   67W 123.1dB @  42.7Hz + 3x100mm    51 mm 
   279.1l @  40.1Hz  =>  115.6dB   53W 123.1dB @  40.3Hz + 3x100mm    32 mm 
   312.6l @  38.7Hz  =>  114.7dB   43W 123.1dB @  38.1Hz + 4x100mm    43 mm 
   350.1l @  37.3Hz  =>  113.7dB   34W 123.1dB @  36.0Hz + 4x100mm    23 mm 
   392.2l @  36.0Hz  =>  112.7dB   27W 123.1dB @  34.0Hz + 5x100mm    25 mm 
   439.2l @  34.7Hz  =>  111.7dB   22W 123.1dB @  32.2Hz + 6x100mm    23 mm 
0.60  99.8dB --------------------------------------------------------------
    77.4l @  60.5Hz  =>  126.8dB  743W 122.8dB @  76.6Hz   2x100mm   276 mm 
    86.7l @  58.4Hz  =>  125.8dB  592W 122.8dB @  72.4Hz   2x100mm   236 mm 
    97.1l @  56.3Hz  =>  124.8dB  472W 122.8dB @  68.4Hz   2x100mm   199 mm 
*  108.8l @  54.3Hz  =>  123.8dB  376W 122.8dB @  64.6Hz   2x100mm   167 mm 
   121.8l @  52.3Hz  =>  122.8dB  300W 122.8dB @  61.1Hz   2x100mm   138 mm 
   136.5l @  50.5Hz  =>  121.9dB  239W 122.8dB @  57.7Hz   2x100mm   112 mm 
   152.8l @  48.7Hz  =>  120.9dB  191W 122.8dB @  54.5Hz   2x100mm    89 mm 
1.00  99.5dB --------------------------------------------------------------
    92.5l @  57.2Hz  =>  125.2dB  555W 122.6dB @  70.1Hz   2x100mm   214 mm 
   103.6l @  55.1Hz  =>  124.3dB  442W 122.6dB @  66.2Hz   2x100mm   180 mm 
   116.1l @  53.2Hz  =>  123.3dB  353W 122.6dB @  62.6Hz   2x100mm   150 mm 
*  130.0l @  51.3Hz  =>  122.3dB  281W 122.6dB @  59.1Hz   2x100mm   123 mm 
   145.6l @  49.4Hz  =>  121.3dB  224W 122.6dB @  55.9Hz   2x100mm    99 mm 
   163.1l @  47.7Hz  =>  120.3dB  179W 122.6dB @  52.8Hz   2x100mm    77 mm 
   182.6l @  46.0Hz  =>  119.3dB  142W 122.6dB @  49.9Hz   2x100mm    58 mm 
-------------
WN-18S                                 97.0dB  400W                     3x100mm
Rpre   Spl
      Vb      fb         SplMech Pmech  SplEle     f3       dv       lv

0.20  97.5dB --------------------------------------------------------------
    64.5l @  51.3Hz  =>  128.2dB 1542W 122.3dB @  68.4Hz - 2x100mm   658 mm 
    72.2l @  49.5Hz  =>  127.2dB 1229W 122.3dB @  64.7Hz - 2x100mm   576 mm 
*   80.9l @  47.7Hz  =>  126.2dB  980W 122.3dB @  61.1Hz - 2x100mm   503 mm 
    90.6l @  46.0Hz  =>  125.2dB  781W 122.3dB @  57.7Hz   3x100mm   689 mm 
   101.5l @  44.4Hz  =>  124.2dB  623W 122.3dB @  54.6Hz   3x100mm   601 mm 
   113.6l @  42.8Hz  =>  123.2dB  497W 122.3dB @  51.5Hz   3x100mm   523 mm 
   127.3l @  41.3Hz  =>  122.2dB  396W 122.3dB @  48.7Hz   3x100mm   454 mm 
   142.6l @  39.8Hz  =>  121.3dB  316W 122.3dB @  46.0Hz   3x100mm   391 mm 
   159.7l @  38.4Hz  =>  120.3dB  252W 122.3dB @  43.5Hz   3x100mm   336 mm 
   178.8l @  37.0Hz  =>  119.3dB  201W 122.3dB @  41.1Hz   3x100mm   286 mm 
   200.3l @  35.7Hz  =>  118.3dB  160W 122.3dB @  38.8Hz   3x100mm   242 mm 
   224.3l @  34.4Hz  =>  117.3dB  127W 122.3dB @  36.7Hz   3x100mm   203 mm 
   251.2l @  33.2Hz  =>  116.3dB  102W 122.3dB @  34.7Hz   3x100mm   167 mm 
   281.4l @  32.0Hz  =>  115.4dB   81W 122.3dB @  32.8Hz   3x100mm   136 mm 
   315.2l @  30.9Hz  =>  114.4dB   65W 122.3dB @  31.0Hz   3x100mm   108 mm 
   353.0l @  29.8Hz  =>  113.4dB   51W 122.3dB @  29.2Hz   3x100mm    83 mm 
   395.3l @  28.7Hz  =>  112.4dB   41W 122.3dB @  27.6Hz   3x100mm    60 mm 
   442.8l @  27.7Hz  =>  111.4dB   33W 122.3dB @  26.1Hz   3x100mm    40 mm 
   495.9l @  26.7Hz  =>  110.4dB   26W 122.3dB @  24.7Hz   3x100mm    22 mm 
   555.4l @  25.8Hz  =>  109.5dB   21W 122.3dB @  23.3Hz + 4x100mm    31 mm 
   622.1l @  24.9Hz  =>  108.5dB   17W 122.3dB @  22.0Hz + 5x100mm    35 mm 
   696.7l @  24.0Hz  =>  107.5dB   13W 122.3dB @  20.8Hz + 6x100mm    33 mm 
0.60  97.3dB --------------------------------------------------------------
    68.5l @  50.4Hz  =>  127.6dB 1456W 122.0dB @  66.4Hz - 2x100mm   613 mm 
    76.7l @  48.6Hz  =>  126.6dB 1161W 122.0dB @  62.7Hz - 2x100mm   536 mm 
    85.9l @  46.8Hz  =>  125.7dB  925W 122.0dB @  59.3Hz - 2x100mm   468 mm 
*   96.2l @  45.2Hz  =>  124.7dB  738W 122.0dB @  56.0Hz   3x100mm   641 mm 
   107.8l @  43.6Hz  =>  123.7dB  588W 122.0dB @  52.9Hz   3x100mm   559 mm 
   120.7l @  42.0Hz  =>  122.7dB  469W 122.0dB @  50.0Hz   3x100mm   485 mm 
   135.2l @  40.5Hz  =>  121.7dB  374W 122.0dB @  47.3Hz   3x100mm   420 mm 
1.00  97.0dB --------------------------------------------------------------
    80.6l @  47.8Hz  =>  126.2dB 1115W 121.8dB @  61.2Hz - 2x100mm   506 mm 
    90.3l @  46.1Hz  =>  125.2dB  889W 121.8dB @  57.8Hz   3x100mm   692 mm 
   101.1l @  44.5Hz  =>  124.2dB  709W 121.8dB @  54.7Hz   3x100mm   604 mm 
*  113.2l @  42.9Hz  =>  123.3dB  565W 121.8dB @  51.6Hz   3x100mm   526 mm 
   126.8l @  41.3Hz  =>  122.3dB  450W 121.8dB @  48.8Hz   3x100mm   456 mm 
   142.0l @  39.9Hz  =>  121.3dB  359W 121.8dB @  46.1Hz   3x100mm   393 mm 
   159.1l @  38.5Hz  =>  120.3dB  286W 121.8dB @  43.6Hz   3x100mm   338 mm 
-------------
HP-15W                                 96.0dB  200W                     2x100mm
Rpre   Spl
      Vb      fb         SplMech Pmech  SplEle     f3       dv       lv

0.20  93.9dB --------------------------------------------------------------
   377.0l @  30.0Hz  =>  107.4dB   30W 115.7dB @  27.9Hz + 3x100mm    34 mm 
   422.3l @  28.9Hz  =>  106.4dB   24W 115.7dB @  26.4Hz + 4x100mm    46 mm 
   473.0l @  27.9Hz  =>  105.4dB   19W 115.7dB @  24.9Hz + 4x100mm    25 mm 
*  529.7l @  26.9Hz  =>  104.5dB   15W 115.7dB @  23.6Hz + 5x100mm    28 mm 
   593.3l @  25.9Hz  =>  103.5dB   12W 115.7dB @  22.3Hz + 6x100mm    26 mm 
0.60  93.6dB --------------------------------------------------------------
   436.1l @  28.6Hz  =>  106.1dB   24W 115.4dB @  26.0Hz + 4x100mm    39 mm 
   488.4l @  27.6Hz  =>  105.2dB   19W 115.4dB @  24.5Hz + 5x100mm    44 mm 
   547.0l @  26.6Hz  =>  104.2dB   15W 115.4dB @  23.2Hz + 5x100mm    22 mm 
1.00  93.4dB --------------------------------------------------------------
   499.3l @  27.4Hz  =>  105.0dB   19W 115.1dB @  24.3Hz + 5x100mm    40 mm 
   559.2l @  26.4Hz  =>  104.0dB   15W 115.1dB @  22.9Hz + 6x100mm    38 mm 
-------------
SN 6 CX                                93.0dB  150W                      1x50mm
Rpre   Spl
      Vb      fb         SplMech Pmech  SplEle     f3       dv       lv

0.20  89.8dB --------------------------------------------------------------
     6.5l @  76.3Hz  =>  110.3dB  162W 109.9dB @  78.3Hz   1x50mm    132 mm 
     7.3l @  73.6Hz  =>  109.3dB  129W 109.9dB @  74.0Hz   1x50mm    114 mm 
     8.2l @  71.0Hz  =>  108.3dB  103W 109.9dB @  69.9Hz   1x50mm     98 mm 
*    9.2l @  68.5Hz  =>  107.3dB   82W 109.9dB @  66.1Hz   1x50mm     83 mm 
    10.3l @  66.0Hz  =>  106.3dB   65W 109.9dB @  62.4Hz   1x50mm     70 mm 
    11.5l @  63.7Hz  =>  105.3dB   52W 109.9dB @  59.0Hz   1x50mm     59 mm 
    12.9l @  61.4Hz  =>  104.4dB   42W 109.9dB @  55.7Hz   1x50mm     49 mm 
0.60  89.5dB --------------------------------------------------------------
     7.8l @  72.2Hz  =>  108.8dB  122W 109.6dB @  71.7Hz   1x50mm    105 mm 
     8.7l @  69.6Hz  =>  107.8dB   98W 109.6dB @  67.8Hz   1x50mm     90 mm 
     9.7l @  67.1Hz  =>  106.8dB   78W 109.6dB @  64.1Hz   1x50mm     76 mm 
*   10.9l @  64.8Hz  =>  105.8dB   62W 109.6dB @  60.5Hz   1x50mm     64 mm 
    12.2l @  62.4Hz  =>  104.8dB   49W 109.6dB @  57.2Hz   1x50mm     53 mm 
    13.7l @  60.2Hz  =>  103.8dB   39W 109.6dB @  54.0Hz   1x50mm     44 mm 
    15.3l @  58.1Hz  =>  102.8dB   31W 109.6dB @  51.1Hz   1x50mm     35 mm 
1.00  89.2dB --------------------------------------------------------------
     9.1l @  68.5Hz  =>  107.3dB   94W 109.4dB @  66.2Hz   1x50mm     84 mm 
    10.2l @  66.1Hz  =>  106.4dB   75W 109.4dB @  62.5Hz   1x50mm     71 mm 
    11.5l @  63.7Hz  =>  105.4dB   60W 109.4dB @  59.1Hz   1x50mm     59 mm 
*   12.8l @  61.5Hz  =>  104.4dB   48W 109.4dB @  55.8Hz   1x50mm     49 mm 
    14.4l @  59.3Hz  =>  103.4dB   38W 109.4dB @  52.7Hz   1x50mm     40 mm 
    16.1l @  57.2Hz  =>  102.4dB   30W 109.4dB @  49.8Hz   1x50mm     32 mm 
    18.0l @  55.1Hz  =>  101.4dB   24W 109.4dB @  47.1Hz   1x50mm     24 mm 
-------------
HP-21W                                 94.0dB  850W                     4x100mm
Rpre   Spl
      Vb      fb         SplMech Pmech  SplEle     f3       dv       lv

0.20  94.4dB --------------------------------------------------------------
   331.4l @  29.5Hz  =>  121.3dB  683W 122.3dB @  30.3Hz   4x100mm   214 mm 
   371.2l @  28.4Hz  =>  120.3dB  544W 122.3dB @  28.7Hz   4x100mm   175 mm 
   415.8l @  27.4Hz  =>  119.4dB  434W 122.3dB @  27.1Hz   4x100mm   141 mm 
*  465.7l @  26.4Hz  =>  118.4dB  346W 122.3dB @  25.6Hz   4x100mm   110 mm 
   521.5l @  25.5Hz  =>  117.4dB  276W 122.3dB @  24.2Hz   4x100mm    83 mm 
   584.1l @  24.6Hz  =>  116.4dB  220W 122.3dB @  22.8Hz   4x100mm    58 mm 
   654.2l @  23.7Hz  =>  115.4dB  175W 122.3dB @  21.6Hz   4x100mm    36 mm 
   732.7l @  22.9Hz  =>  114.4dB  140W 122.3dB @  20.4Hz + 5x100mm    41 mm 
   820.7l @  22.1Hz  =>  113.4dB  111W 122.3dB @  19.3Hz + 6x100mm    39 mm 
0.60  94.1dB --------------------------------------------------------------
   389.6l @  28.0Hz  =>  119.9dB  527W 122.0dB @  28.0Hz   4x100mm   160 mm 
   436.3l @  27.0Hz  =>  118.9dB  420W 122.0dB @  26.4Hz   4x100mm   127 mm 
   488.7l @  26.0Hz  =>  117.9dB  335W 122.0dB @  25.0Hz   4x100mm    98 mm 
*  547.3l @  25.1Hz  =>  117.0dB  267W 122.0dB @  23.6Hz   4x100mm    72 mm 
   613.0l @  24.2Hz  =>  116.0dB  213W 122.0dB @  22.3Hz   4x100mm    49 mm 
   686.6l @  23.3Hz  =>  115.0dB  170W 122.0dB @  21.1Hz   4x100mm    28 mm 
   769.0l @  22.5Hz  =>  114.0dB  135W 122.0dB @  19.9Hz + 5x100mm    31 mm 
1.00  93.8dB --------------------------------------------------------------
   452.9l @  26.7Hz  =>  118.6dB  415W 121.7dB @  26.0Hz   4x100mm   117 mm 
   507.2l @  25.7Hz  =>  117.6dB  330W 121.7dB @  24.5Hz   4x100mm    89 mm 
   568.1l @  24.8Hz  =>  116.6dB  263W 121.7dB @  23.2Hz   4x100mm    64 mm 
*  636.3l @  23.9Hz  =>  115.7dB  210W 121.7dB @  21.9Hz   4x100mm    41 mm 
   712.6l @  23.1Hz  =>  114.7dB  167W 121.7dB @  20.7Hz   4x100mm    21 mm 
   798.1l @  22.2Hz  =>  113.7dB  133W 121.7dB @  19.5Hz + 5x100mm    24 mm 
   893.9l @  21.5Hz  =>  112.7dB  106W 121.7dB @  18.5Hz + 6x100mm    21 mm 
-------------
BM-18CX38                              99.0dB  350W                     3x100mm
Rpre   Spl
      Vb      fb         SplMech Pmech  SplEle     f3       dv       lv

0.20  99.1dB --------------------------------------------------------------
   145.0l @  48.3Hz  =>  127.0dB  819W 123.3dB @  58.8Hz   3x100mm   291 mm 
   162.4l @  46.5Hz  =>  126.0dB  653W 123.3dB @  55.5Hz   3x100mm   247 mm 
   181.9l @  44.9Hz  =>  125.0dB  521W 123.3dB @  52.5Hz   3x100mm   207 mm 
*  203.7l @  43.3Hz  =>  124.0dB  415W 123.3dB @  49.6Hz   3x100mm   171 mm 
   228.1l @  41.7Hz  =>  123.0dB  331W 123.3dB @  46.8Hz   3x100mm   139 mm 
   255.5l @  40.3Hz  =>  122.1dB  264W 123.3dB @  44.3Hz   3x100mm   111 mm 
   286.2l @  38.8Hz  =>  121.1dB  210W 123.3dB @  41.8Hz   3x100mm    85 mm 
   320.5l @  37.4Hz  =>  120.1dB  168W 123.3dB @  39.5Hz   3x100mm    63 mm 
   359.0l @  36.1Hz  =>  119.1dB  134W 123.3dB @  37.3Hz   3x100mm    42 mm 
   402.0l @  34.8Hz  =>  118.1dB  107W 123.3dB @  35.3Hz   3x100mm    24 mm 
   450.3l @  33.6Hz  =>  117.1dB   85W 123.3dB @  33.3Hz + 4x100mm    34 mm 
   504.3l @  32.4Hz  =>  116.1dB   68W 123.3dB @  31.5Hz + 5x100mm    38 mm 
   564.8l @  31.2Hz  =>  115.2dB   54W 123.3dB @  29.8Hz + 6x100mm    36 mm 
0.60  98.8dB --------------------------------------------------------------
   171.6l @  45.7Hz  =>  125.5dB  623W 123.0dB @  54.0Hz   3x100mm   227 mm 
   192.1l @  44.1Hz  =>  124.5dB  497W 123.0dB @  51.0Hz   3x100mm   189 mm 
   215.2l @  42.5Hz  =>  123.5dB  396W 123.0dB @  48.2Hz   3x100mm   155 mm 
*  241.0l @  41.0Hz  =>  122.6dB  316W 123.0dB @  45.6Hz   3x100mm   125 mm 
   269.9l @  39.5Hz  =>  121.6dB  252W 123.0dB @  43.1Hz   3x100mm    98 mm 
   302.3l @  38.1Hz  =>  120.6dB  201W 123.0dB @  40.7Hz   3x100mm    74 mm 
   338.6l @  36.8Hz  =>  119.6dB  160W 123.0dB @  38.4Hz   3x100mm    52 mm 
1.00  98.6dB --------------------------------------------------------------
   200.9l @  43.5Hz  =>  124.1dB  482W 122.8dB @  49.9Hz   3x100mm   175 mm 
   225.0l @  41.9Hz  =>  123.2dB  384W 122.8dB @  47.2Hz   3x100mm   143 mm 
   252.0l @  40.4Hz  =>  122.2dB  306W 122.8dB @  44.6Hz   3x100mm   114 mm 
*  282.2l @  39.0Hz  =>  121.2dB  244W 122.8dB @  42.1Hz   3x100mm    88 mm 
   316.1l @  37.6Hz  =>  120.2dB  195W 122.8dB @  39.8Hz   3x100mm    65 mm 
   354.0l @  36.3Hz  =>  119.2dB  155W 122.8dB @  37.6Hz   3x100mm    45 mm 
   396.5l @  35.0Hz  =>  118.2dB  124W 122.8dB @  35.5Hz   3x100mm    26 mm 
