-------------
WN-15S
     100.2dB                            300W
Rpre   Spl      qtc    Vb     SplMech Pmech SplEle      f3

0.20 100.1dB:   0.5  107.8l: (129.1dB  1192W 123.1dB) @ 110Hz
                0.6   67.1l: (128.1dB   945W 123.1dB) @ 104Hz
                0.7   46.4l: (128.2dB   956W 123.1dB) @ 104Hz
                0.8   34.3l: (129.6dB  1322W 123.1dB) @ 113Hz
                0.9   26.4l: (130.1dB  1478W 123.1dB) @ 117Hz
                1.0   21.0l: (130.6dB  1681W 123.1dB) @ 120Hz
                1.1   17.2l: (131.4dB  1999W 123.1dB) @ 126Hz
                1.1   17.2l: (128.5dB  1036W 123.1dB) @ 107Hz (  384uF)

0.60  99.8dB:   0.5  130.1l: (128.0dB   979W 122.8dB) @ 103Hz
                0.6   79.3l: (127.0dB   776W 122.8dB) @  97Hz
                0.7   54.3l: (127.0dB   785W 122.8dB) @  98Hz
                0.8   39.8l: (128.4dB  1086W 122.8dB) @ 106Hz
                0.9   30.6l: (128.9dB  1214W 122.8dB) @ 109Hz
                1.0   24.3l: (129.5dB  1380W 122.8dB) @ 113Hz
                1.1   19.8l: (130.2dB  1642W 122.8dB) @ 118Hz
                1.1   19.8l: (127.4dB   851W 122.8dB) @ 100Hz (  411uF)

1.00  99.5dB:   0.5  156.6l: (126.9dB   815W 122.6dB) @  97Hz
                0.6   93.2l: (125.9dB   645W 122.6dB) @  92Hz
                0.7   63.0l: (125.9dB   653W 122.6dB) @  92Hz
                0.8   45.9l: (127.4dB   904W 122.6dB) @ 100Hz
                0.9   35.1l: (127.8dB  1010W 122.6dB) @ 102Hz
                1.0   27.8l: (128.4dB  1149W 122.6dB) @ 106Hz
                1.1   22.6l: (129.2dB  1366W 122.6dB) @ 110Hz
                1.1   22.6l: (126.3dB   708W 122.6dB) @  94Hz (  437uF)

-------------
WN-18S
      97.0dB                            400W
Rpre   Spl      qtc    Vb     SplMech Pmech SplEle      f3

0.20  97.5dB:   0.5   98.3l: (129.3dB  2000W 122.3dB) @  92Hz
                0.6   62.4l: (128.3dB  1584W 122.3dB) @  87Hz
                0.7   43.6l: (128.3dB  1603W 122.3dB) @  87Hz
                0.8   32.3l: (129.7dB  2218W 122.3dB) @  94Hz
                0.9   25.0l: (130.2dB  2479W 122.3dB) @  97Hz
                1.0   20.0l: (130.8dB  2819W 122.3dB) @ 100Hz
                1.1   16.3l: (131.5dB  3353W 122.3dB) @ 105Hz
                1.1   16.3l: (128.7dB  1738W 122.3dB) @  89Hz (  415uF)

0.60  97.3dB:   0.5  115.5l: (128.2dB  1672W 122.0dB) @  87Hz
                0.6   72.2l: (127.2dB  1324W 122.0dB) @  82Hz
                0.7   50.1l: (127.3dB  1340W 122.0dB) @  82Hz
                0.8   37.0l: (128.7dB  1854W 122.0dB) @  89Hz
                0.9   28.5l: (129.2dB  2072W 122.0dB) @  91Hz
                1.0   22.7l: (129.7dB  2357W 122.0dB) @  94Hz
                1.1   18.5l: (130.5dB  2803W 122.0dB) @  98Hz
                1.1   18.5l: (127.6dB  1453W 122.0dB) @  84Hz (  441uF)

1.00  97.0dB:   0.5  135.3l: (127.2dB  1413W 121.8dB) @  82Hz
                0.6   83.2l: (126.2dB  1119W 121.8dB) @  77Hz
                0.7   57.1l: (126.3dB  1133W 121.8dB) @  77Hz
                0.8   42.0l: (127.7dB  1567W 121.8dB) @  84Hz
                0.9   32.3l: (128.2dB  1752W 121.8dB) @  86Hz
                1.0   25.7l: (128.7dB  1992W 121.8dB) @  89Hz
                1.1   20.9l: (129.5dB  2369W 121.8dB) @  93Hz
                1.1   20.9l: (126.6dB  1228W 121.8dB) @  79Hz (  467uF)

-------------
HP-15W
      96.0dB                            200W
Rpre   Spl      qtc    Vb     SplMech Pmech SplEle      f3

0.20  93.9dB:   0.6  622.7l: (112.1dB    87W 115.7dB) @  46Hz
                0.7  277.3l: (112.1dB    88W 115.7dB) @  46Hz
                0.8  169.1l: (113.5dB   122W 115.7dB) @  50Hz
                0.9  117.2l: (114.0dB   137W 115.7dB) @  51Hz
                1.0   87.3l: (114.6dB   156W 115.7dB) @  53Hz
                1.1   68.1l: (115.3dB   185W 115.7dB) @  55Hz
                1.1   68.1l: (112.5dB    96W 115.7dB) @  47Hz (  783uF)

0.60  93.6dB:   0.6  932.9l: (111.2dB    76W 115.4dB) @  44Hz
                0.7  347.3l: (111.2dB    77W 115.4dB) @  44Hz
                0.8  201.4l: (112.7dB   106W 115.4dB) @  48Hz
                0.9  136.5l: (113.1dB   119W 115.4dB) @  49Hz
                1.0  100.3l: (113.7dB   135W 115.4dB) @  50Hz
                1.1   77.6l: (114.5dB   161W 115.4dB) @  53Hz
                1.1   77.6l: (111.6dB    83W 115.4dB) @  45Hz (  824uF)

1.00  93.4dB:   0.7  441.3l: (110.4dB    68W 115.1dB) @  42Hz
                0.8  240.2l: (111.8dB    93W 115.1dB) @  45Hz
                0.9  158.4l: (112.3dB   104W 115.1dB) @  47Hz
                1.0  114.7l: (112.9dB   119W 115.1dB) @  48Hz
                1.1   87.9l: (113.6dB   141W 115.1dB) @  50Hz
                1.1   87.9l: (110.8dB    73W 115.1dB) @  43Hz (  864uF)

-------------
HP-21W
      94.0dB                            850W
Rpre   Spl      qtc    Vb     SplMech Pmech SplEle      f3

0.20  94.4dB:   0.5  886.3l: (125.5dB  1806W 122.3dB) @  49Hz
                0.6  362.9l: (124.5dB  1431W 122.3dB) @  46Hz
                0.7  213.7l: (124.6dB  1448W 122.3dB) @  46Hz
                0.8  145.0l: (126.0dB  2003W 122.3dB) @  50Hz
                0.9  106.2l: (126.5dB  2239W 122.3dB) @  51Hz
                1.0   81.8l: (127.0dB  2546W 122.3dB) @  53Hz
                1.1   65.2l: (127.8dB  3029W 122.3dB) @  55Hz
                1.1   65.2l: (124.9dB  1570W 122.3dB) @  47Hz (  811uF)

0.60  94.1dB:   0.6  456.9l: (123.6dB  1219W 122.0dB) @  43Hz
                0.7  255.9l: (123.6dB  1233W 122.0dB) @  44Hz
                0.8  169.8l: (125.0dB  1706W 122.0dB) @  47Hz
                0.9  122.9l: (125.5dB  1907W 122.0dB) @  49Hz
                1.0   93.9l: (126.1dB  2169W 122.0dB) @  50Hz
                1.1   74.5l: (126.8dB  2579W 122.0dB) @  52Hz
                1.1   74.5l: (124.0dB  1337W 122.0dB) @  44Hz (  858uF)

1.00  93.8dB:   0.6  583.3l: (122.6dB  1050W 121.7dB) @  41Hz
                0.7  306.6l: (122.7dB  1062W 121.7dB) @  41Hz
                0.8  198.1l: (124.1dB  1469W 121.7dB) @  45Hz
                0.9  141.4l: (124.6dB  1643W 121.7dB) @  46Hz
                1.0  107.2l: (125.1dB  1868W 121.7dB) @  48Hz
                1.1   84.5l: (125.9dB  2222W 121.7dB) @  50Hz
                1.1   84.5l: (123.0dB  1151W 121.7dB) @  42Hz (  904uF)

-------------
BM-18CX38
      99.0dB                            350W
Rpre   Spl      qtc    Vb     SplMech Pmech SplEle      f3

0.20  99.1dB:   0.5  246.2l: (128.7dB  1230W 123.3dB) @  82Hz
                0.6  145.7l: (127.7dB   975W 123.3dB) @  77Hz
                0.7   98.3l: (127.8dB   986W 123.3dB) @  77Hz
                0.8   71.4l: (129.2dB  1364W 123.3dB) @  84Hz
                0.9   54.5l: (129.7dB  1525W 123.3dB) @  86Hz
                1.0   43.1l: (130.2dB  1734W 123.3dB) @  89Hz
                1.1   35.1l: (131.0dB  2063W 123.3dB) @  93Hz
                1.1   35.1l: (128.1dB  1069W 123.3dB) @  79Hz (  466uF)

0.60  98.8dB:   0.5  297.9l: (127.7dB  1036W 123.0dB) @  77Hz
                0.6  171.0l: (126.7dB   821W 123.0dB) @  73Hz
                0.7  113.7l: (126.8dB   830W 123.0dB) @  73Hz
                0.8   82.0l: (128.2dB  1149W 123.0dB) @  79Hz
                0.9   62.3l: (128.7dB  1284W 123.0dB) @  81Hz
                1.0   49.1l: (129.2dB  1460W 123.0dB) @  84Hz
                1.1   39.8l: (130.0dB  1737W 123.0dB) @  88Hz
                1.1   39.8l: (127.1dB   900W 123.0dB) @  75Hz (  494uF)

1.00  98.6dB:   0.5  361.5l: (126.8dB   882W 122.8dB) @  73Hz
                0.6  200.0l: (125.8dB   698W 122.8dB) @  69Hz
                0.7  130.9l: (125.8dB   707W 122.8dB) @  69Hz
                0.8   93.6l: (127.2dB   978W 122.8dB) @  75Hz
                0.9   70.7l: (127.7dB  1093W 122.8dB) @  77Hz
                1.0   55.6l: (128.3dB  1243W 122.8dB) @  80Hz
                1.1   44.9l: (129.0dB  1478W 122.8dB) @  83Hz
                1.1   44.9l: (126.2dB   766W 122.8dB) @  71Hz (  522uF)

