-------------
BM-18CX38
            99.0dB           350W      3x100mm
   fu     fb      fo      SplMech  Vb1     Vb2       d         l        C
 24.5Hz  51Hz  106Hz  107.8dB  349l +  77l  * 1x100mm  1182mm
 26.9Hz  54Hz  108Hz  109.4dB  286l +  77l  * 1x100mm  1054mm
 29.4Hz  57Hz  111Hz  111.0dB  238l +  77l  * 1x100mm   939mm
 32.2Hz  60Hz  114Hz  112.5dB  200l +  77l  * 1x100mm   837mm
 35.2Hz  64Hz  117Hz  114.1dB  170l +  77l  * 1x100mm   746mm
 38.4Hz  68Hz  120Hz  115.6dB  145l +  77l  * 1x100mm   665mm
 41.9Hz  72Hz  123Hz  117.1dB  125l +  77l  * 1x100mm   593mm
 45.7Hz  76Hz  127Hz  118.6dB  108l +  77l  * 1x100mm   528mm
 49.7Hz  81Hz  131Hz  120.1dB   94l +  77l  * 1x100mm   471mm
 54.0Hz  85Hz  135Hz  121.5dB   81l +  77l  * 1x100mm   420mm
 58.5Hz  91Hz  140Hz  122.9dB   71l +  77l  - 2x100mm   744mm
 63.5Hz  96Hz  145Hz  124.3dB   62l +  77l  - 2x100mm   663mm
 68.7Hz  99Hz  150Hz  125.7dB   58l +  77l  - 2x100mm   621mm
 74.3Hz 108Hz  156Hz  127.1dB   48l +  77l    3x100mm   792mm
 80.3Hz 114Hz  162Hz  128.4dB   42l +  77l    3x100mm   706mm
 86.7Hz 121Hz  168Hz  129.7dB   37l +  77l    3x100mm   629mm
 93.5Hz 128Hz  175Hz  131.0dB   33l +  77l    3x100mm   561mm
 24.5Hz  59Hz  106Hz  107.8dB  211l +  57l  * 1x100mm  1183mm
 26.9Hz  63Hz  108Hz  109.4dB  179l +  57l  * 1x100mm  1054mm
 29.4Hz  67Hz  111Hz  111.0dB  152l +  57l  * 1x100mm   939mm
 32.2Hz  71Hz  114Hz  112.5dB  131l +  57l  * 1x100mm   837mm
 35.2Hz  75Hz  117Hz  114.1dB  113l +  57l  * 1x100mm   746mm
 38.4Hz  79Hz  120Hz  115.6dB   98l +  57l  * 1x100mm   665mm
 41.9Hz  84Hz  123Hz  117.1dB   85l +  57l  * 1x100mm   593mm
 45.7Hz  89Hz  127Hz  118.6dB   74l +  57l  * 1x100mm   528mm
 49.7Hz  94Hz  131Hz  120.1dB   65l +  57l  * 1x100mm   471mm
 54.0Hz 100Hz  135Hz  121.5dB   57l +  57l  * 1x100mm   420mm
 58.5Hz 106Hz  140Hz  122.9dB   50l +  57l  - 2x100mm   743mm
 63.5Hz  96Hz  145Hz  124.3dB   62l +  57l  * 1x100mm   454mm
 68.7Hz  99Hz  150Hz  125.7dB   58l +  57l  * 1x100mm   425mm
 74.3Hz 108Hz  156Hz  127.1dB   48l +  57l  - 2x100mm   716mm
 69.0Hz 114Hz  162Hz  125.8dB   42l +  57l  - 2x100mm   638mm
 75.4Hz 121Hz  168Hz  127.3dB   37l +  57l  - 2x100mm   569mm
 93.5Hz 128Hz  175Hz  131.0dB   33l +  57l    3x100mm   763mm
 29.4Hz  71Hz  173Hz  110.9dB  128l +  39l  * 1x100mm  1182mm
 32.4Hz  75Hz  176Hz  112.6dB  110l +  39l  * 1x100mm  1054mm
 35.7Hz  80Hz  179Hz  114.3dB   96l +  39l  * 1x100mm   939mm
 39.2Hz  85Hz  183Hz  116.0dB   83l +  39l  * 1x100mm   837mm
 43.1Hz  90Hz  187Hz  117.6dB   73l +  39l  * 1x100mm   746mm
 47.3Hz  95Hz  191Hz  119.2dB   64l +  39l  * 1x100mm   665mm
 51.9Hz 101Hz  195Hz  120.8dB   56l +  39l  * 1x100mm   593mm
 56.8Hz 107Hz  200Hz  122.4dB   49l +  39l  * 1x100mm   528mm
 62.0Hz 113Hz  206Hz  123.9dB   43l +  39l  * 1x100mm   471mm
 67.7Hz 120Hz  211Hz  125.4dB   38l +  39l  * 1x100mm   420mm
 73.9Hz 127Hz  217Hz  126.9dB   34l +  39l  - 2x100mm   743mm
 80.4Hz 134Hz  224Hz  128.4dB   30l +  39l  - 2x100mm   663mm
 87.5Hz 142Hz  231Hz  129.9dB   26l +  39l  - 2x100mm   591mm
 95.1Hz 151Hz  239Hz  131.3dB   23l +  39l    3x100mm   792mm
103.2Hz 160Hz  247Hz  132.8dB   21l +  39l    3x100mm   706mm
111.8Hz 169Hz  255Hz  134.2dB   18l +  39l    3x100mm   629mm
121.1Hz 179Hz  265Hz  135.5dB   16l +  39l    3x100mm   561mm
-------------
HP18W
            98.0dB           350W      3x100mm
   fu     fb      fo      SplMech  Vb1     Vb2       d         l        C
 19.9Hz  41Hz   86Hz   96.6dB  357l +  67l  * 1x100mm  2057mm
 21.8Hz  44Hz   88Hz   98.3dB  284l +  67l  * 1x100mm  1834mm
 23.9Hz  46Hz   90Hz   99.8dB  231l +  67l  * 1x100mm  1634mm
 26.1Hz  49Hz   92Hz  101.4dB  191l +  67l  * 1x100mm  1457mm
 28.6Hz  52Hz   95Hz  103.0dB  159l +  67l  * 1x100mm  1298mm
 31.2Hz  55Hz   97Hz  104.5dB  135l +  67l  * 1x100mm  1157mm
 34.0Hz  58Hz  100Hz  106.0dB  115l +  67l  * 1x100mm  1031mm
 37.0Hz  62Hz  103Hz  107.5dB   99l +  67l  * 1x100mm   919mm
 40.3Hz  65Hz  106Hz  108.9dB   85l +  67l  * 1x100mm   819mm
 43.8Hz  69Hz  110Hz  110.4dB   74l +  67l  * 1x100mm   730mm
 47.5Hz  73Hz  114Hz  111.8dB   64l +  67l  * 1x100mm   651mm
 51.5Hz  78Hz  118Hz  113.2dB   56l +  67l  * 1x100mm   580mm
 55.8Hz  80Hz  122Hz  114.6dB   52l +  67l  * 1x100mm   543mm
 60.3Hz  87Hz  126Hz  115.9dB   43l +  67l  * 1x100mm   461mm
 65.2Hz  92Hz  131Hz  117.3dB   38l +  67l  * 1x100mm   410mm
 70.3Hz  98Hz  136Hz  118.6dB   33l +  67l  - 2x100mm   727mm
 75.9Hz 104Hz  142Hz  119.9dB   29l +  67l  - 2x100mm   648mm
 19.9Hz  48Hz   86Hz   96.6dB  202l +  49l  * 1x100mm  2057mm
 21.8Hz  51Hz   88Hz   98.3dB  169l +  49l  * 1x100mm  1833mm
 23.9Hz  54Hz   90Hz   99.8dB  142l +  49l  * 1x100mm  1634mm
 26.1Hz  57Hz   92Hz  101.4dB  121l +  49l  * 1x100mm  1457mm
 28.6Hz  61Hz   95Hz  103.0dB  104l +  49l  * 1x100mm  1298mm
 31.2Hz  64Hz   97Hz  104.5dB   89l +  49l  * 1x100mm  1157mm
 34.0Hz  68Hz  100Hz  106.0dB   77l +  49l  * 1x100mm  1031mm
 37.0Hz  72Hz  103Hz  107.5dB   67l +  49l  * 1x100mm   919mm
 40.3Hz  76Hz  106Hz  108.9dB   58l +  49l  * 1x100mm   819mm
 43.8Hz  81Hz  110Hz  110.4dB   51l +  49l  * 1x100mm   730mm
 47.5Hz  86Hz  114Hz  111.8dB   45l +  49l  * 1x100mm   651mm
 51.5Hz  78Hz  118Hz  113.2dB   56l +  49l  * 1x100mm   789mm
 55.8Hz  80Hz  122Hz  114.6dB   52l +  49l  * 1x100mm   739mm
 60.3Hz  87Hz  126Hz  115.9dB   43l +  49l  * 1x100mm   627mm
 56.0Hz  92Hz  131Hz  114.7dB   38l +  49l  * 1x100mm   559mm
 61.2Hz  98Hz  136Hz  116.2dB   33l +  49l  * 1x100mm   498mm
 75.9Hz 104Hz  142Hz  119.9dB   29l +  49l  * 1x100mm   444mm
 23.8Hz  58Hz  140Hz   99.8dB  118l +  34l  * 1x100mm  2057mm
 26.3Hz  61Hz  143Hz  101.5dB  101l +  34l  * 1x100mm  1834mm
 28.9Hz  65Hz  145Hz  103.2dB   87l +  34l  * 1x100mm  1634mm
 31.8Hz  69Hz  148Hz  104.8dB   75l +  34l  * 1x100mm  1457mm
 35.0Hz  73Hz  151Hz  106.5dB   65l +  34l  * 1x100mm  1298mm
 38.4Hz  77Hz  155Hz  108.1dB   57l +  34l  * 1x100mm  1157mm
 42.1Hz  82Hz  159Hz  109.7dB   50l +  34l  * 1x100mm  1031mm
 46.0Hz  87Hz  163Hz  111.3dB   44l +  34l  * 1x100mm   919mm
 50.3Hz  92Hz  167Hz  112.8dB   38l +  34l  * 1x100mm   819mm
 55.0Hz  97Hz  171Hz  114.3dB   34l +  34l  * 1x100mm   730mm
 59.9Hz 103Hz  176Hz  115.8dB   30l +  34l  * 1x100mm   651mm
 65.3Hz 109Hz  182Hz  117.3dB   26l +  34l  * 1x100mm   580mm
 71.0Hz 115Hz  187Hz  118.8dB   23l +  34l  * 1x100mm   517mm
 77.1Hz 122Hz  194Hz  120.2dB   20l +  34l  * 1x100mm   461mm
 83.7Hz 129Hz  200Hz  121.6dB   18l +  34l  * 1x100mm   411mm
 90.7Hz 137Hz  207Hz  123.0dB   16l +  34l  - 2x100mm   727mm
 98.2Hz 145Hz  215Hz  124.4dB   14l +  34l  - 2x100mm   648mm
-------------
HP21W
            94.0dB           850W      4x100mm
   fu     fb      fo      SplMech  Vb1     Vb2       d         l        C
 14.6Hz  30Hz   63Hz  104.6dB 2300l + 132l  * 2x100mm  3858mm
 16.0Hz  32Hz   64Hz  106.2dB 1248l + 132l  * 2x100mm  3438mm
 17.5Hz  34Hz   66Hz  107.8dB  824l + 132l  * 2x100mm  3064mm
 19.2Hz  36Hz   68Hz  109.3dB  597l + 132l  * 2x100mm  2732mm
 20.9Hz  38Hz   69Hz  110.9dB  456l + 132l  * 2x100mm  2434mm
 22.9Hz  40Hz   71Hz  112.4dB  361l + 132l  * 2x100mm  2170mm
 24.9Hz  43Hz   73Hz  113.9dB  292l + 132l  * 2x100mm  1934mm
 27.2Hz  45Hz   76Hz  115.4dB  241l + 132l  * 2x100mm  1724mm
 29.5Hz  48Hz   78Hz  116.9dB  201l + 132l  * 2x100mm  1536mm
 32.1Hz  51Hz   80Hz  118.3dB  170l + 132l  * 2x100mm  1369mm
 34.8Hz  54Hz   83Hz  119.7dB  144l + 132l  * 2x100mm  1220mm
 37.7Hz  57Hz   86Hz  121.1dB  124l + 132l  * 2x100mm  1087mm
 40.9Hz  59Hz   89Hz  122.5dB  113l + 132l  * 2x100mm  1018mm
 44.2Hz  64Hz   93Hz  123.9dB   92l + 132l  * 2x100mm   864mm
 47.8Hz  68Hz   96Hz  125.2dB   80l + 132l  * 2x100mm   770mm
 51.6Hz  72Hz  100Hz  126.5dB   70l + 132l  * 2x100mm   686mm
 55.6Hz  76Hz  104Hz  127.8dB   61l + 132l  * 2x100mm   611mm
 14.6Hz  35Hz   63Hz  104.6dB  658l +  97l  * 2x100mm  3858mm
 16.0Hz  37Hz   64Hz  106.2dB  495l +  97l  * 2x100mm  3438mm
 17.5Hz  40Hz   66Hz  107.8dB  388l +  97l  * 2x100mm  3064mm
 19.2Hz  42Hz   68Hz  109.3dB  312l +  97l  * 2x100mm  2731mm
 20.9Hz  44Hz   69Hz  110.9dB  256l +  97l  * 2x100mm  2435mm
 22.9Hz  47Hz   71Hz  112.4dB  213l +  97l  * 2x100mm  2169mm
 24.9Hz  50Hz   73Hz  113.9dB  179l +  97l  * 2x100mm  1934mm
 27.2Hz  53Hz   76Hz  115.4dB  152l +  97l  * 2x100mm  1723mm
 29.5Hz  56Hz   78Hz  116.9dB  130l +  97l  * 2x100mm  1536mm
 32.1Hz  59Hz   80Hz  118.3dB  112l +  97l  * 2x100mm  1369mm
 34.8Hz  63Hz   83Hz  119.7dB   96l +  97l  * 2x100mm  1220mm
 37.7Hz  57Hz   86Hz  121.1dB  124l +  97l  * 2x100mm  1480mm
 40.9Hz  59Hz   89Hz  122.5dB  113l +  97l  * 2x100mm  1386mm
 44.2Hz  64Hz   93Hz  123.9dB   92l +  97l  * 2x100mm  1176mm
 41.0Hz  68Hz   96Hz  122.6dB   80l +  97l  * 2x100mm  1048mm
 44.8Hz  72Hz  100Hz  124.1dB   70l +  97l  * 2x100mm   934mm
 55.6Hz  76Hz  104Hz  127.8dB   61l +  97l  * 2x100mm   832mm
 17.5Hz  42Hz  103Hz  107.7dB  301l +  68l  * 2x100mm  3858mm
 19.3Hz  45Hz  105Hz  109.4dB  248l +  68l  * 2x100mm  3439mm
 21.2Hz  48Hz  107Hz  111.1dB  206l +  68l  * 2x100mm  3065mm
 23.3Hz  50Hz  109Hz  112.8dB  174l +  68l  * 2x100mm  2731mm
 25.6Hz  53Hz  111Hz  114.4dB  148l +  68l  * 2x100mm  2435mm
 28.1Hz  57Hz  114Hz  116.0dB  127l +  68l  * 2x100mm  2170mm
 30.8Hz  60Hz  116Hz  117.6dB  109l +  68l  * 2x100mm  1933mm
 33.8Hz  63Hz  119Hz  119.2dB   94l +  68l  * 2x100mm  1723mm
 36.9Hz  67Hz  122Hz  120.7dB   82l +  68l  * 2x100mm  1536mm
 40.3Hz  71Hz  126Hz  122.3dB   71l +  68l  * 2x100mm  1369mm
 43.9Hz  75Hz  129Hz  123.8dB   62l +  68l  * 2x100mm  1220mm
 47.8Hz  80Hz  133Hz  125.2dB   55l +  68l  * 2x100mm  1087mm
 52.0Hz  85Hz  137Hz  126.7dB   48l +  68l  * 2x100mm   969mm
 56.5Hz  90Hz  142Hz  128.1dB   42l +  68l  * 2x100mm   864mm
 61.4Hz  95Hz  147Hz  129.6dB   37l +  68l  * 2x100mm   770mm
 66.5Hz 101Hz  152Hz  131.0dB   33l +  68l  * 2x100mm   686mm
 72.0Hz 106Hz  157Hz  132.3dB   29l +  68l  * 2x100mm   611mm
-------------
SN 6 CX
            93.0dB           150W       1x50mm
   fu     fb      fo      SplMech  Vb1     Vb2       d         l        C
 37.7Hz  78Hz  163Hz   93.6dB   49l +   3l  + 1x40mm   2369mm
 41.4Hz  83Hz  167Hz   95.2dB   26l +   3l  + 1x40mm   2112mm
 45.3Hz  88Hz  171Hz   96.8dB   17l +   3l  + 1x40mm   1882mm
 49.6Hz  93Hz  175Hz   98.3dB   12l +   3l  + 1x40mm   1678mm
 54.2Hz  99Hz  180Hz   99.9dB    9l +   3l  + 1x40mm   1495mm
 59.2Hz 105Hz  185Hz  101.4dB    7l +   3l  + 1x40mm   1332mm
 64.6Hz 111Hz  190Hz  102.9dB    6l +   3l  + 1x40mm   1188mm
 70.3Hz 117Hz  196Hz  104.4dB    5l +   3l  + 1x40mm   1058mm
 76.5Hz 124Hz  202Hz  105.9dB    4l +   3l  + 1x40mm    943mm
 83.1Hz 132Hz  208Hz  107.3dB    3l +   3l  + 1x40mm    841mm
 90.2Hz 139Hz  215Hz  108.7dB    3l +   3l  - 1x40mm    749mm
 97.7Hz 148Hz  223Hz  110.1dB    2l +   3l  - 1x40mm    668mm
105.8Hz 153Hz  231Hz  111.5dB    2l +   3l  - 1x40mm    625mm
114.5Hz 166Hz  240Hz  112.9dB    2l +   3l  - 1x40mm    530mm
123.7Hz 175Hz  249Hz  114.2dB    2l +   3l    1x50mm    739mm
133.5Hz 186Hz  259Hz  115.5dB    1l +   3l    1x50mm    658mm
143.9Hz 197Hz  269Hz  116.8dB    1l +   3l    1x50mm    587mm
 37.7Hz  91Hz  163Hz   93.6dB   13l +   2l  + 1x40mm   2369mm
 41.4Hz  97Hz  167Hz   95.2dB   10l +   2l  + 1x40mm   2111mm
 45.3Hz 103Hz  171Hz   96.8dB    8l +   2l  + 1x40mm   1882mm
 49.6Hz 109Hz  175Hz   98.3dB    6l +   2l  + 1x40mm   1677mm
 54.2Hz 115Hz  180Hz   99.9dB    5l +   2l  + 1x40mm   1495mm
 59.2Hz 122Hz  185Hz  101.4dB    4l +   2l  + 1x40mm   1332mm
 64.6Hz 129Hz  190Hz  102.9dB    4l +   2l  + 1x40mm   1188mm
 70.3Hz 137Hz  196Hz  104.4dB    3l +   2l  + 1x40mm   1058mm
 76.5Hz 145Hz  202Hz  105.9dB    3l +   2l  + 1x40mm    943mm
 83.1Hz 154Hz  208Hz  107.3dB    2l +   2l  + 1x40mm    841mm
 90.2Hz 163Hz  215Hz  108.7dB    2l +   2l  - 1x40mm    749mm
 97.7Hz 148Hz  223Hz  110.1dB    2l +   2l  + 1x40mm    909mm
105.8Hz 153Hz  231Hz  111.5dB    2l +   2l  + 1x40mm    851mm
114.5Hz 166Hz  240Hz  112.9dB    2l +   2l  - 1x40mm    722mm
106.3Hz 175Hz  249Hz  111.6dB    2l +   2l  - 1x40mm    643mm
116.1Hz 186Hz  259Hz  113.1dB    1l +   2l  - 1x40mm    574mm
143.9Hz 197Hz  269Hz  116.8dB    1l +   2l    1x50mm    799mm
 45.2Hz 110Hz  266Hz   96.7dB    6l +   1l  + 1x40mm   2369mm
 49.9Hz 116Hz  271Hz   98.4dB    5l +   1l  + 1x40mm   2112mm
 54.9Hz 123Hz  276Hz  100.1dB    4l +   1l  + 1x40mm   1882mm
 60.4Hz 130Hz  281Hz  101.8dB    3l +   1l  + 1x40mm   1677mm
 66.4Hz 138Hz  287Hz  103.4dB    3l +   1l  + 1x40mm   1495mm
 72.9Hz 146Hz  294Hz  105.0dB    2l +   1l  + 1x40mm   1332mm
 79.8Hz 155Hz  301Hz  106.6dB    2l +   1l  + 1x40mm   1187mm
 87.4Hz 164Hz  308Hz  108.2dB    2l +   1l  + 1x40mm   1058mm
 95.5Hz 174Hz  317Hz  109.7dB    2l +   1l  + 1x40mm    943mm
104.3Hz 184Hz  325Hz  111.3dB    1l +   1l  + 1x40mm    841mm
113.7Hz 195Hz  335Hz  112.8dB    1l +   1l  - 1x40mm    749mm
123.9Hz 207Hz  345Hz  114.2dB    1l +   1l  - 1x40mm    668mm
134.7Hz 219Hz  356Hz  115.7dB    1l +   1l  - 1x40mm    595mm
146.4Hz 232Hz  367Hz  117.1dB    1l +   1l  - 1x40mm    530mm
158.9Hz 246Hz  380Hz  118.6dB    1l +   1l    1x50mm    739mm
172.2Hz 260Hz  393Hz  120.0dB    1l +   1l    1x50mm    658mm
186.4Hz 276Hz  407Hz  121.3dB    1l +   1l    1x50mm    587mm
