-------------
BM-18CX38
      99.0dB            350W
Rpre   Spl     SplMech Pmech SplEle      f3

0.20  99.1dB: (128.1dB  1069W 123.3dB) @  79Hz
              (131.1dB  2138W 123.3dB) @  94Hz
0.60  98.8dB: (127.1dB   900W 123.0dB) @  75Hz
              (130.1dB  1800W 123.0dB) @  89Hz
1.00  98.6dB: (126.2dB   766W 122.8dB) @  71Hz
              (129.2dB  1532W 122.8dB) @  84Hz
              (132.2dB  3065W 122.8dB) @ 100Hz
-------------
HP18W
      98.0dB            350W
Rpre   Spl     SplMech Pmech SplEle      f3

0.20  95.9dB: (117.0dB   173W 120.1dB) @  64Hz
              (120.0dB   347W 120.1dB) @  76Hz
              (123.0dB   694W 120.1dB) @  91Hz
              (126.0dB  1388W 120.1dB) @ 108Hz
              (129.1dB  2775W 120.1dB) @ 128Hz
0.60  95.6dB: (116.0dB   145W 119.8dB) @  60Hz
              (119.0dB   291W 119.8dB) @  72Hz
              (122.0dB   581W 119.8dB) @  85Hz
              (125.0dB  1162W 119.8dB) @ 102Hz
              (128.0dB  2325W 119.8dB) @ 121Hz
1.00  95.3dB: (115.0dB   123W 119.5dB) @  57Hz
              (118.0dB   246W 119.5dB) @  68Hz
              (121.0dB   492W 119.5dB) @  81Hz
              (124.0dB   984W 119.5dB) @  96Hz
              (127.0dB  1969W 119.5dB) @ 114Hz
-------------
HP21W
      94.0dB            850W
Rpre   Spl     SplMech Pmech SplEle      f3

0.20  94.4dB: (124.9dB  1570W 122.3dB) @  47Hz
              (127.9dB  3139W 122.3dB) @  56Hz
              (131.0dB  6279W 122.3dB) @  66Hz
0.60  94.1dB: (124.0dB  1337W 122.0dB) @  44Hz
              (127.0dB  2673W 122.0dB) @  53Hz
              (130.0dB  5347W 122.0dB) @  63Hz
1.00  93.8dB: (123.0dB  1151W 121.7dB) @  42Hz
              (126.1dB  2303W 121.7dB) @  50Hz
              (129.1dB  4606W 121.7dB) @  60Hz
-------------
SN 6 CX
      93.0dB            150W
Rpre   Spl     SplMech Pmech SplEle      f3

0.20  89.8dB: (113.9dB   377W 109.9dB) @ 122Hz
              (116.9dB   754W 109.9dB) @ 145Hz
0.60  89.5dB: (112.9dB   317W 109.6dB) @ 115Hz
              (115.9dB   633W 109.6dB) @ 136Hz
              (118.9dB  1266W 109.6dB) @ 162Hz
1.00  89.2dB: (111.9dB   269W 109.4dB) @ 108Hz
              (114.9dB   538W 109.4dB) @ 129Hz
              (117.9dB  1076W 109.4dB) @ 153Hz
