-------------
SDS106TV(KT)                           85.0dB   50W                      1x40mm
Rpre   Spl         Vb      fb         SplMech Pmech  SplEle     f3       dv       lv

0.20  84.6dB:     2.7l @  67.5Hz  =>   98.8dB   36W 100.3dB @  70.5Hz   1x40mm    326 mm 
                  3.0l @  65.0Hz  =>   97.9dB   29W 100.3dB @  66.6Hz   1x40mm    288 mm 
                  3.4l @  62.7Hz  =>   96.9dB   23W 100.3dB @  63.0Hz   1x40mm    254 mm 
             *    3.8l @  60.5Hz  =>   95.9dB   18W 100.3dB @  59.5Hz   1x40mm    223 mm 
                  4.3l @  58.3Hz  =>   94.9dB   14W 100.3dB @  56.2Hz   1x40mm    196 mm 
                  4.8l @  56.3Hz  =>   93.9dB   12W 100.3dB @  53.1Hz   1x40mm    172 mm 
                  5.4l @  54.3Hz  =>   92.9dB    9W 100.3dB @  50.2Hz   1x40mm    151 mm 

0.60  84.3dB:     3.2l @  64.0Hz  =>   97.4dB   27W 100.0dB @  64.9Hz   1x40mm    271 mm 
                  3.6l @  61.7Hz  =>   96.4dB   22W 100.0dB @  61.4Hz   1x40mm    239 mm 
                  4.0l @  59.5Hz  =>   95.4dB   17W 100.0dB @  58.0Hz   1x40mm    211 mm 
             *    4.5l @  57.4Hz  =>   94.5dB   14W 100.0dB @  54.8Hz   1x40mm    185 mm 
                  5.0l @  55.3Hz  =>   93.5dB   11W 100.0dB @  51.8Hz   1x40mm    162 mm 
                  5.7l @  53.4Hz  =>   92.5dB    9W 100.0dB @  48.9Hz   1x40mm    141 mm 
                  6.3l @  51.5Hz  =>   91.5dB    7W 100.0dB @  46.2Hz   1x40mm    123 mm 

1.00  84.1dB:     3.7l @  60.9Hz  =>   96.1dB   21W  99.7dB @  60.1Hz   1x40mm    228 mm 
                  4.2l @  58.7Hz  =>   95.1dB   17W  99.7dB @  56.8Hz   1x40mm    201 mm 
                  4.7l @  56.6Hz  =>   94.1dB   14W  99.7dB @  53.7Hz   1x40mm    176 mm 
             *    5.3l @  54.6Hz  =>   93.1dB   11W  99.7dB @  50.7Hz   1x40mm    154 mm 
                  5.9l @  52.7Hz  =>   92.1dB    9W  99.7dB @  47.9Hz   1x40mm    135 mm 
                  6.6l @  50.8Hz  =>   91.1dB    7W  99.7dB @  45.3Hz   1x40mm    117 mm 
                  7.4l @  49.0Hz  =>   90.2dB    5W  99.7dB @  42.8Hz   1x40mm    101 mm 

-------------
SDS106(830856)                         85.0dB   50W                      1x40mm
Rpre   Spl         Vb      fb         SplMech Pmech  SplEle     f3       dv       lv

0.20  84.9dB:     1.8l @  75.8Hz  =>  101.8dB   70W 100.4dB @  84.6Hz   1x40mm    506 mm 
                  2.0l @  73.1Hz  =>  100.8dB   56W 100.4dB @  79.9Hz   1x40mm    449 mm 
                  2.3l @  70.5Hz  =>   99.8dB   44W 100.4dB @  75.5Hz   1x40mm    397 mm 
             *    2.5l @  68.0Hz  =>   98.9dB   35W 100.4dB @  71.3Hz   1x40mm    352 mm 
                  2.8l @  65.6Hz  =>   97.9dB   28W 100.4dB @  67.4Hz   1x40mm    311 mm 
                  3.2l @  63.2Hz  =>   96.9dB   22W 100.4dB @  63.7Hz   1x40mm    274 mm 
                  3.5l @  61.0Hz  =>   95.9dB   18W 100.4dB @  60.2Hz   1x40mm    242 mm 

0.60  84.6dB:     2.1l @  71.7Hz  =>  100.3dB   53W 100.1dB @  77.6Hz   1x40mm    421 mm 
                  2.4l @  69.2Hz  =>   99.3dB   42W 100.1dB @  73.3Hz   1x40mm    373 mm 
                  2.7l @  66.7Hz  =>   98.3dB   34W 100.1dB @  69.2Hz   1x40mm    330 mm 
             *    3.0l @  64.3Hz  =>   97.4dB   27W 100.1dB @  65.4Hz   1x40mm    291 mm 
                  3.4l @  62.0Hz  =>   96.4dB   21W 100.1dB @  61.8Hz   1x40mm    257 mm 
                  3.8l @  59.8Hz  =>   95.4dB   17W 100.1dB @  58.4Hz   1x40mm    226 mm 
                  4.2l @  57.7Hz  =>   94.4dB   14W 100.1dB @  55.2Hz   1x40mm    199 mm 

1.00  84.4dB:     2.5l @  68.1Hz  =>   98.9dB   41W  99.8dB @  71.6Hz   1x40mm    354 mm 
                  2.8l @  65.7Hz  =>   97.9dB   32W  99.8dB @  67.6Hz   1x40mm    313 mm 
                  3.1l @  63.3Hz  =>   96.9dB   26W  99.8dB @  63.9Hz   1x40mm    276 mm 
             *    3.5l @  61.1Hz  =>   96.0dB   21W  99.8dB @  60.4Hz   1x40mm    244 mm 
                  3.9l @  58.9Hz  =>   95.0dB   16W  99.8dB @  57.0Hz   1x40mm    214 mm 
                  4.4l @  56.8Hz  =>   94.0dB   13W  99.8dB @  53.9Hz   1x40mm    188 mm 
                  5.0l @  54.8Hz  =>   93.0dB   10W  99.8dB @  50.9Hz   1x40mm    165 mm 

-------------
SDS106(830851)                         85.0dB   50W                      1x40mm
Rpre   Spl         Vb      fb         SplMech Pmech  SplEle     f3       dv       lv

0.20  83.3dB:     7.1l @  51.3Hz  =>   87.0dB    3W  99.1dB @  45.9Hz   1x40mm    106 mm 
                  7.9l @  49.5Hz  =>   86.0dB    2W  99.1dB @  43.4Hz   1x40mm     92 mm 
                  8.9l @  47.8Hz  =>   85.0dB    2W  99.1dB @  41.0Hz   1x40mm     79 mm 
             *    9.9l @  46.1Hz  =>   84.0dB    2W  99.1dB @  38.8Hz   1x40mm     67 mm 
                 11.1l @  44.4Hz  =>   83.0dB    1W  99.1dB @  36.6Hz   1x40mm     57 mm 
                 12.4l @  42.8Hz  =>   82.0dB    1W  99.1dB @  34.6Hz   1x40mm     48 mm 
                 13.9l @  41.3Hz  =>   81.0dB    1W  99.1dB @  32.7Hz   1x40mm     39 mm 

0.60  83.0dB:     8.1l @  49.0Hz  =>   85.7dB    2W  98.8dB @  42.8Hz   1x40mm     88 mm 
                  9.1l @  47.3Hz  =>   84.7dB    2W  98.8dB @  40.4Hz   1x40mm     76 mm 
                 10.2l @  45.6Hz  =>   83.7dB    2W  98.8dB @  38.2Hz   1x40mm     64 mm 
             *   11.4l @  44.0Hz  =>   82.8dB    1W  98.8dB @  36.1Hz   1x40mm     54 mm 
                 12.8l @  42.4Hz  =>   81.8dB    1W  98.8dB @  34.1Hz   1x40mm     45 mm 
                 14.4l @  40.9Hz  =>   80.8dB    1W  98.8dB @  32.2Hz   1x40mm     37 mm 
                 16.1l @  39.5Hz  =>   79.8dB    1W  98.8dB @  30.4Hz   1x40mm     30 mm 

1.00  82.7dB:     9.3l @  47.0Hz  =>   84.6dB    2W  98.6dB @  40.0Hz   1x40mm     73 mm 
                 10.4l @  45.3Hz  =>   83.6dB    2W  98.6dB @  37.8Hz   1x40mm     62 mm 
                 11.7l @  43.7Hz  =>   82.6dB    1W  98.6dB @  35.7Hz   1x40mm     53 mm 
             *   13.1l @  42.2Hz  =>   81.6dB    1W  98.6dB @  33.8Hz   1x40mm     44 mm 
                 14.6l @  40.7Hz  =>   80.6dB    1W  98.6dB @  31.9Hz   1x40mm     36 mm 
                 16.4l @  39.2Hz  =>   79.6dB    1W  98.6dB @  30.1Hz   1x40mm     29 mm 
                 18.4l @  37.8Hz  =>   78.6dB    1W  98.6dB @  28.5Hz   1x40mm     23 mm 

-------------
HDS106PPB                              84.8dB   40W                      1x40mm
Rpre   Spl         Vb      fb         SplMech Pmech  SplEle     f3       dv       lv

0.20  84.5dB:     4.9l @  66.4Hz  =>   96.0dB   20W  98.9dB @  58.0Hz   1x40mm     78 mm 
                  5.5l @  64.1Hz  =>   95.0dB   16W  98.9dB @  54.8Hz   1x40mm     67 mm 
                  6.1l @  61.8Hz  =>   94.0dB   13W  98.9dB @  51.8Hz   1x40mm     57 mm 
             *    6.8l @  59.6Hz  =>   93.0dB   10W  98.9dB @  49.0Hz   1x40mm     47 mm 
                  7.7l @  57.5Hz  =>   92.0dB    8W  98.9dB @  46.3Hz   1x40mm     39 mm 
                  8.6l @  55.4Hz  =>   91.0dB    6W  98.9dB @  43.7Hz   1x40mm     32 mm 
                  9.6l @  53.5Hz  =>   90.1dB    5W  98.9dB @  41.3Hz   1x40mm     25 mm 

0.60  84.2dB:     5.6l @  63.5Hz  =>   94.7dB   16W  98.7dB @  54.0Hz   1x40mm     64 mm 
                  6.3l @  61.2Hz  =>   93.7dB   13W  98.7dB @  51.0Hz   1x40mm     54 mm 
                  7.1l @  59.0Hz  =>   92.7dB   10W  98.7dB @  48.2Hz   1x40mm     45 mm 
             *    7.9l @  56.9Hz  =>   91.8dB    8W  98.7dB @  45.6Hz   1x40mm     37 mm 
                  8.9l @  54.9Hz  =>   90.8dB    7W  98.7dB @  43.1Hz   1x40mm     30 mm 
                  9.9l @  52.9Hz  =>   89.8dB    5W  98.7dB @  40.7Hz   1x40mm     24 mm 
                 11.1l @  51.0Hz  =>   88.8dB    4W  98.7dB @  38.4Hz + 1x50mm     37 mm 

1.00  83.9dB:     6.4l @  60.8Hz  =>   93.6dB   13W  98.4dB @  50.5Hz   1x40mm     52 mm 
                  7.2l @  58.7Hz  =>   92.6dB   11W  98.4dB @  47.8Hz   1x40mm     44 mm 
                  8.1l @  56.6Hz  =>   91.6dB    8W  98.4dB @  45.1Hz   1x40mm     36 mm 
             *    9.0l @  54.5Hz  =>   90.6dB    7W  98.4dB @  42.6Hz   1x40mm     29 mm 
                 10.1l @  52.6Hz  =>   89.6dB    5W  98.4dB @  40.3Hz   1x40mm     23 mm 
                 11.3l @  50.7Hz  =>   88.6dB    4W  98.4dB @  38.1Hz + 1x50mm     36 mm 
                 12.7l @  48.9Hz  =>   87.7dB    3W  98.4dB @  36.0Hz + 1x50mm     28 mm 

-------------
HDS Nomex 164                          89.0dB   70W                      1x70mm
Rpre   Spl         Vb      fb         SplMech Pmech  SplEle     f3       dv       lv

0.20  88.2dB:    13.2l @  53.0Hz  =>  109.0dB  153W 105.6dB @  56.0Hz   1x70mm    325 mm 
                 14.8l @  51.1Hz  =>  108.0dB  122W 105.6dB @  52.9Hz   1x70mm    285 mm 
                 16.6l @  49.3Hz  =>  107.1dB   97W 105.6dB @  50.0Hz   1x70mm    249 mm 
             *   18.6l @  47.5Hz  =>  106.1dB   77W 105.6dB @  47.2Hz   1x70mm    216 mm 
                 20.8l @  45.8Hz  =>  105.1dB   62W 105.6dB @  44.6Hz   1x70mm    188 mm 
                 23.3l @  44.2Hz  =>  104.1dB   49W 105.6dB @  42.2Hz   1x70mm    162 mm 
                 26.1l @  42.6Hz  =>  103.1dB   39W 105.6dB @  39.8Hz   1x70mm    139 mm 

0.60  87.9dB:    15.3l @  50.6Hz  =>  107.8dB  122W 105.4dB @  52.1Hz   1x70mm    275 mm 
                 17.1l @  48.8Hz  =>  106.8dB   97W 105.4dB @  49.2Hz   1x70mm    240 mm 
                 19.2l @  47.0Hz  =>  105.8dB   77W 105.4dB @  46.5Hz   1x70mm    209 mm 
             *   21.5l @  45.4Hz  =>  104.8dB   62W 105.4dB @  44.0Hz   1x70mm    181 mm 
                 24.0l @  43.8Hz  =>  103.8dB   49W 105.4dB @  41.5Hz   1x70mm    156 mm 
                 26.9l @  42.2Hz  =>  102.9dB   39W 105.4dB @  39.2Hz   1x70mm    134 mm 
                 30.2l @  40.7Hz  =>  101.9dB   31W 105.4dB @  37.1Hz   1x70mm    114 mm 

1.00  87.7dB:    17.5l @  48.5Hz  =>  106.6dB   98W 105.1dB @  48.7Hz   1x70mm    234 mm 
                 19.6l @  46.7Hz  =>  105.6dB   78W 105.1dB @  46.0Hz   1x70mm    203 mm 
                 21.9l @  45.1Hz  =>  104.7dB   62W 105.1dB @  43.5Hz   1x70mm    176 mm 
             *   24.6l @  43.5Hz  =>  103.7dB   50W 105.1dB @  41.1Hz   1x70mm    152 mm 
                 27.5l @  41.9Hz  =>  102.7dB   40W 105.1dB @  38.8Hz   1x70mm    130 mm 
                 30.8l @  40.4Hz  =>  101.7dB   32W 105.1dB @  36.7Hz   1x70mm    110 mm 
                 34.5l @  39.0Hz  =>  100.7dB   25W 105.1dB @  34.7Hz   1x70mm     93 mm 

-------------
HDS Nomex 205                          89.0dB   70W                      1x70mm
Rpre   Spl         Vb      fb         SplMech Pmech  SplEle     f3       dv       lv

0.20  88.3dB:    50.9l @  33.2Hz  =>  103.7dB   47W 105.5dB @  35.2Hz   1x70mm    199 mm 
                 57.1l @  32.0Hz  =>  102.7dB   37W 105.5dB @  33.2Hz   1x70mm    172 mm 
                 63.9l @  30.9Hz  =>  101.7dB   30W 105.5dB @  31.4Hz   1x70mm    148 mm 
             *   71.6l @  29.8Hz  =>  100.8dB   24W 105.5dB @  29.7Hz   1x70mm    127 mm 
                 80.2l @  28.7Hz  =>   99.8dB   19W 105.5dB @  28.0Hz   1x70mm    108 mm 
                 89.8l @  27.7Hz  =>   98.8dB   15W 105.5dB @  26.5Hz   1x70mm     91 mm 
                100.6l @  26.7Hz  =>   97.8dB   12W 105.5dB @  25.0Hz   1x70mm     76 mm 

0.60  88.1dB:    60.3l @  31.5Hz  =>  102.2dB   36W 105.2dB @  32.3Hz   1x70mm    160 mm 
                 67.6l @  30.3Hz  =>  101.3dB   28W 105.2dB @  30.5Hz   1x70mm    137 mm 
                 75.7l @  29.3Hz  =>  100.3dB   23W 105.2dB @  28.8Hz   1x70mm    117 mm 
             *   84.8l @  28.2Hz  =>   99.3dB   18W 105.2dB @  27.3Hz   1x70mm     99 mm 
                 95.0l @  27.2Hz  =>   98.3dB   14W 105.2dB @  25.8Hz   1x70mm     83 mm 
                106.3l @  26.2Hz  =>   97.3dB   11W 105.2dB @  24.3Hz   1x70mm     69 mm 
                119.1l @  25.3Hz  =>   96.3dB    9W 105.2dB @  23.0Hz   1x70mm     56 mm 

1.00  87.8dB:    70.7l @  29.9Hz  =>  100.9dB   28W 104.9dB @  29.8Hz   1x70mm    129 mm 
                 79.2l @  28.8Hz  =>   99.9dB   22W 104.9dB @  28.2Hz   1x70mm    110 mm 
                 88.7l @  27.8Hz  =>   98.9dB   17W 104.9dB @  26.7Hz   1x70mm     92 mm 
             *   99.3l @  26.8Hz  =>   97.9dB   14W 104.9dB @  25.2Hz   1x70mm     77 mm 
                111.3l @  25.9Hz  =>   96.9dB   11W 104.9dB @  23.8Hz   1x70mm     63 mm 
                124.6l @  24.9Hz  =>   95.9dB    9W 104.9dB @  22.5Hz   1x70mm     51 mm 
                139.6l @  24.1Hz  =>   95.0dB    7W 104.9dB @  21.2Hz   1x70mm     40 mm 

-------------
sls10 (830668)                         88.7dB  100W                     1x100mm
Rpre   Spl         Vb      fb         SplMech Pmech  SplEle     f3       dv       lv

0.20  88.2dB:   115.3l @  28.3Hz  =>  106.4dB   95W 106.7dB @  25.8Hz   1x100mm   110 mm 
                129.1l @  27.3Hz  =>  105.4dB   76W 106.7dB @  24.4Hz   1x100mm    90 mm 
                144.6l @  26.3Hz  =>  104.5dB   60W 106.7dB @  23.0Hz   1x100mm    73 mm 
             *  162.0l @  25.4Hz  =>  103.5dB   48W 106.7dB @  21.8Hz   1x100mm    57 mm 
                181.4l @  24.5Hz  =>  102.5dB   38W 106.7dB @  20.6Hz   1x100mm    43 mm 
                203.2l @  23.6Hz  =>  101.5dB   31W 106.7dB @  19.4Hz   1x100mm    31 mm 
                227.6l @  22.8Hz  =>  100.5dB   24W 106.7dB @  18.4Hz + 2x100mm    81 mm 

0.60  87.9dB:   136.7l @  26.8Hz  =>  104.9dB   72W 106.4dB @  23.7Hz   1x100mm    81 mm 
                153.1l @  25.8Hz  =>  104.0dB   57W 106.4dB @  22.4Hz   1x100mm    65 mm 
                171.4l @  24.9Hz  =>  103.0dB   46W 106.4dB @  21.2Hz   1x100mm    50 mm 
             *  192.0l @  24.0Hz  =>  102.0dB   37W 106.4dB @  20.0Hz   1x100mm    37 mm 
                215.1l @  23.2Hz  =>  101.0dB   29W 106.4dB @  18.9Hz   1x100mm    25 mm 
                240.9l @  22.4Hz  =>  100.0dB   23W 106.4dB @  17.9Hz + 2x100mm    71 mm 
                269.8l @  21.6Hz  =>   99.0dB   19W 106.4dB @  16.9Hz + 2x100mm    52 mm 

1.00  87.6dB:   160.1l @  25.5Hz  =>  103.6dB   56W 106.1dB @  21.9Hz   1x100mm    59 mm 
                179.3l @  24.6Hz  =>  102.6dB   45W 106.1dB @  20.7Hz   1x100mm    45 mm 
                200.8l @  23.7Hz  =>  101.6dB   36W 106.1dB @  19.6Hz   1x100mm    32 mm 
             *  224.9l @  22.8Hz  =>  100.6dB   28W 106.1dB @  18.5Hz   1x100mm    21 mm 
                251.9l @  22.0Hz  =>   99.6dB   23W 106.1dB @  17.5Hz + 2x100mm    63 mm 
                282.1l @  21.2Hz  =>   98.7dB   18W 106.1dB @  16.5Hz + 2x100mm    46 mm 
                316.0l @  20.5Hz  =>   97.7dB   14W 106.1dB @  15.6Hz + 2x100mm    30 mm 

-------------
xxls10/4                               88.4dB  175W                     1x100mm
Rpre   Spl         Vb      fb         SplMech Pmech  SplEle     f3       dv       lv




-------------
xxls10/8                               87.2dB  175W                     1x100mm
Rpre   Spl         Vb      fb         SplMech Pmech  SplEle     f3       dv       lv

0.20  86.3dB:    98.9l @  24.0Hz  =>  109.0dB  260W 107.3dB @  23.4Hz   1x100mm   306 mm 
                110.7l @  23.1Hz  =>  108.0dB  207W 107.3dB @  22.1Hz   1x100mm   265 mm 
                124.0l @  22.3Hz  =>  107.1dB  165W 107.3dB @  20.9Hz   1x100mm   229 mm 
             *  138.9l @  21.5Hz  =>  106.1dB  131W 107.3dB @  19.8Hz   1x100mm   197 mm 
                155.6l @  20.7Hz  =>  105.1dB  105W 107.3dB @  18.7Hz   1x100mm   168 mm 
                174.2l @  20.0Hz  =>  104.1dB   84W 107.3dB @  17.6Hz   1x100mm   142 mm 
                195.1l @  19.3Hz  =>  103.1dB   67W 107.3dB @  16.7Hz   1x100mm   119 mm 

0.60  86.0dB:   117.8l @  22.7Hz  =>  107.5dB  195W 107.0dB @  21.4Hz   1x100mm   245 mm 
                132.0l @  21.9Hz  =>  106.5dB  155W 107.0dB @  20.3Hz   1x100mm   211 mm 
                147.8l @  21.1Hz  =>  105.5dB  124W 107.0dB @  19.1Hz   1x100mm   180 mm 
             *  165.5l @  20.3Hz  =>  104.6dB   99W 107.0dB @  18.1Hz   1x100mm   153 mm 
                185.4l @  19.6Hz  =>  103.6dB   79W 107.0dB @  17.1Hz   1x100mm   129 mm 
                207.6l @  18.9Hz  =>  102.6dB   63W 107.0dB @  16.2Hz   1x100mm   107 mm 
                232.6l @  18.2Hz  =>  101.6dB   50W 107.0dB @  15.3Hz   1x100mm    88 mm 

1.00  85.7dB:   138.9l @  21.5Hz  =>  106.1dB  149W 106.8dB @  19.8Hz   1x100mm   197 mm 
                155.5l @  20.7Hz  =>  105.1dB  119W 106.8dB @  18.7Hz   1x100mm   168 mm 
                174.2l @  20.0Hz  =>  104.1dB   95W 106.8dB @  17.6Hz   1x100mm   142 mm 
             *  195.1l @  19.3Hz  =>  103.1dB   76W 106.8dB @  16.7Hz   1x100mm   119 mm 
                218.5l @  18.6Hz  =>  102.1dB   60W 106.8dB @  15.7Hz   1x100mm    98 mm 
                244.7l @  17.9Hz  =>  101.2dB   48W 106.8dB @  14.9Hz   1x100mm    80 mm 
                274.1l @  17.3Hz  =>  100.2dB   38W 106.8dB @  14.1Hz   1x100mm    64 mm 

-------------
xxls10/8/dvc                           86.0dB  175W                     1x100mm
Rpre   Spl         Vb      fb         SplMech Pmech  SplEle     f3       dv       lv

0.20  86.7dB:    43.1l @  29.5Hz  =>  115.0dB 2063W 104.3dB @  33.1Hz - 1x70mm    411 mm 
                 48.2l @  28.4Hz  =>  114.0dB 1645W 104.3dB @  31.3Hz - 1x70mm    362 mm 
                 54.0l @  27.4Hz  =>  113.0dB 1311W 104.3dB @  29.6Hz   1x100mm   679 mm 
             *   60.5l @  26.5Hz  =>  112.1dB 1045W 104.3dB @  27.9Hz   1x100mm   599 mm 
                 67.8l @  25.5Hz  =>  111.1dB  833W 104.3dB @  26.4Hz   1x100mm   527 mm 
                 75.9l @  24.6Hz  =>  110.1dB  664W 104.3dB @  24.9Hz   1x100mm   462 mm 
                 85.0l @  23.7Hz  =>  109.1dB  530W 104.3dB @  23.6Hz   1x100mm   405 mm 

0.60  86.2dB:    62.2l @  26.2Hz  =>  111.8dB 1130W 103.7dB @  27.6Hz   1x100mm   580 mm 
                 69.7l @  25.3Hz  =>  110.8dB  901W 103.7dB @  26.0Hz   1x100mm   510 mm 
                 78.0l @  24.4Hz  =>  109.8dB  718W 103.7dB @  24.6Hz   1x100mm   448 mm 
             *   87.4l @  23.5Hz  =>  108.9dB  573W 103.7dB @  23.3Hz   1x100mm   392 mm 
                 97.9l @  22.7Hz  =>  107.9dB  457W 103.7dB @  22.0Hz   1x100mm   342 mm 
                109.6l @  21.9Hz  =>  106.9dB  364W 103.7dB @  20.8Hz   1x100mm   298 mm 
                122.7l @  21.1Hz  =>  105.9dB  290W 103.7dB @  19.6Hz   1x100mm   258 mm 

1.00  85.7dB:    85.9l @  23.6Hz  =>  109.0dB  667W 103.2dB @  23.5Hz   1x100mm   400 mm 
                 96.2l @  22.8Hz  =>  108.0dB  532W 103.2dB @  22.2Hz   1x100mm   349 mm 
                107.7l @  22.0Hz  =>  107.0dB  424W 103.2dB @  20.9Hz   1x100mm   304 mm 
             *  120.6l @  21.2Hz  =>  106.1dB  338W 103.2dB @  19.8Hz   1x100mm   264 mm 
                135.1l @  20.5Hz  =>  105.1dB  269W 103.2dB @  18.7Hz   1x100mm   228 mm 
                151.3l @  19.7Hz  =>  104.1dB  215W 103.2dB @  17.7Hz   1x100mm   195 mm 
                169.5l @  19.0Hz  =>  103.1dB  171W 103.2dB @  16.7Hz   1x100mm   167 mm 

-------------
xxls10/alu                             90.3dB  200W                     1x100mm
Rpre   Spl         Vb      fb         SplMech Pmech  SplEle     f3       dv       lv

0.20  86.2dB:    45.5l @  27.1Hz  =>  114.5dB 2082W 104.3dB @  31.4Hz - 1x70mm    532 mm 
                 50.9l @  26.1Hz  =>  113.5dB 1659W 104.3dB @  29.6Hz - 1x70mm    469 mm 
                 57.0l @  25.2Hz  =>  112.5dB 1323W 104.3dB @  28.0Hz - 1x70mm    414 mm 
             *   63.9l @  24.3Hz  =>  111.5dB 1055W 104.3dB @  26.5Hz - 1x70mm    364 mm 
                 71.6l @  23.4Hz  =>  110.5dB  841W 104.3dB @  25.0Hz   1x100mm   683 mm 
                 80.1l @  22.6Hz  =>  109.5dB  670W 104.3dB @  23.6Hz   1x100mm   602 mm 
                 89.8l @  21.8Hz  =>  108.5dB  534W 104.3dB @  22.3Hz   1x100mm   530 mm 

0.60  85.6dB:    65.6l @  24.1Hz  =>  111.3dB 1142W 103.7dB @  26.1Hz - 1x70mm    353 mm 
                 73.5l @  23.2Hz  =>  110.3dB  910W 103.7dB @  24.7Hz   1x100mm   663 mm 
                 82.3l @  22.4Hz  =>  109.3dB  725W 103.7dB @  23.3Hz   1x100mm   584 mm 
             *   92.2l @  21.6Hz  =>  108.3dB  578W 103.7dB @  22.0Hz   1x100mm   513 mm 
                103.3l @  20.8Hz  =>  107.3dB  461W 103.7dB @  20.8Hz   1x100mm   451 mm 
                115.7l @  20.1Hz  =>  106.3dB  368W 103.7dB @  19.7Hz   1x100mm   395 mm 
                129.6l @  19.4Hz  =>  105.4dB  293W 103.7dB @  18.6Hz   1x100mm   344 mm 

1.00  85.1dB:    90.6l @  21.7Hz  =>  108.5dB  674W 103.2dB @  22.2Hz   1x100mm   524 mm 
                101.5l @  20.9Hz  =>  107.5dB  538W 103.2dB @  21.0Hz   1x100mm   460 mm 
                113.6l @  20.2Hz  =>  106.5dB  429W 103.2dB @  19.8Hz   1x100mm   403 mm 
             *  127.3l @  19.5Hz  =>  105.5dB  342W 103.2dB @  18.7Hz   1x100mm   352 mm 
                142.5l @  18.8Hz  =>  104.5dB  272W 103.2dB @  17.7Hz   1x100mm   306 mm 
                159.6l @  18.1Hz  =>  103.5dB  217W 103.2dB @  16.7Hz   1x100mm   266 mm 
                178.8l @  17.5Hz  =>  102.6dB  173W 103.2dB @  15.8Hz   1x100mm   229 mm 

-------------
xxls12/4                               90.3dB  175W                     1x100mm
Rpre   Spl         Vb      fb         SplMech Pmech  SplEle     f3       dv       lv

0.20  87.9dB:    50.9l @  25.4Hz  =>  116.4dB 2004W 105.8dB @  31.0Hz - 1x70mm    668 mm 
                 57.0l @  24.5Hz  =>  115.4dB 1597W 105.8dB @  29.3Hz - 1x70mm    591 mm 
                 63.8l @  23.6Hz  =>  114.4dB 1274W 105.8dB @  27.7Hz - 1x70mm    522 mm 
                 71.5l @  22.7Hz  =>  113.4dB 1015W 105.8dB @  26.2Hz - 1x70mm    461 mm 
                 80.1l @  21.9Hz  =>  112.4dB  809W 105.8dB @  24.7Hz - 1x70mm    406 mm 
                 89.7l @  21.2Hz  =>  111.4dB  645W 105.8dB @  23.4Hz - 1x70mm    357 mm 
                100.4l @  20.4Hz  =>  110.5dB  514W 105.8dB @  22.1Hz   1x100mm   671 mm 
                112.5l @  19.7Hz  =>  109.5dB  410W 105.8dB @  20.9Hz   1x100mm   591 mm 
                126.0l @  19.0Hz  =>  108.5dB  327W 105.8dB @  19.7Hz   1x100mm   520 mm 
                141.1l @  18.3Hz  =>  107.5dB  261W 105.8dB @  18.6Hz   1x100mm   456 mm 
                158.0l @  17.6Hz  =>  106.5dB  208W 105.8dB @  17.6Hz   1x100mm   400 mm 
                177.0l @  17.0Hz  =>  105.5dB  166W 105.8dB @  16.6Hz   1x100mm   349 mm 
                198.2l @  16.4Hz  =>  104.6dB  132W 105.8dB @  15.7Hz   1x100mm   304 mm 
                222.0l @  15.8Hz  =>  103.6dB  105W 105.8dB @  14.9Hz   1x100mm   263 mm 
                248.6l @  15.3Hz  =>  102.6dB   84W 105.8dB @  14.0Hz   1x100mm   227 mm 
                278.5l @  14.7Hz  =>  101.6dB   67W 105.8dB @  13.3Hz   1x100mm   195 mm 
                311.9l @  14.2Hz  =>  100.6dB   53W 105.8dB @  12.5Hz   1x100mm   166 mm 
                349.3l @  13.7Hz  =>   99.6dB   43W 105.8dB @  11.8Hz   1x100mm   141 mm 
                391.2l @  13.2Hz  =>   98.7dB   34W 105.8dB @  11.2Hz   1x100mm   118 mm 
                438.2l @  12.7Hz  =>   97.7dB   27W 105.8dB @  10.6Hz   1x100mm    97 mm 
                490.8l @  12.3Hz  =>   96.7dB   22W 105.8dB @  10.0Hz   1x100mm    79 mm 
                549.6l @  11.8Hz  =>   95.7dB   17W 105.8dB @   9.4Hz   1x100mm    63 mm 
                615.6l @  11.4Hz  =>   94.7dB   14W 105.8dB @   8.9Hz   1x100mm    48 mm 
                689.5l @  11.0Hz  =>   93.7dB   11W 105.8dB @   8.4Hz   1x100mm    35 mm 
                772.2l @  10.6Hz  =>   92.7dB    9W 105.8dB @   8.0Hz   1x100mm    24 mm 
                864.9l @  10.2Hz  =>   91.8dB    7W 105.8dB @   7.5Hz + 2x100mm    69 mm 

0.60  87.4dB:    51.4l @  25.3Hz  =>  116.3dB 2228W 105.2dB @  30.9Hz - 1x70mm    662 mm 

1.00  86.9dB:*   49.8l @  25.5Hz  =>  116.6dB 2647W 104.8dB @  31.4Hz - 1x70mm    684 mm 
                 55.8l @  24.6Hz  =>  115.6dB 2110W 104.8dB @  29.6Hz - 1x70mm    605 mm 
                 62.5l @  23.7Hz  =>  114.6dB 1682W 104.8dB @  28.0Hz - 1x70mm    535 mm 
                 70.0l @  22.9Hz  =>  113.6dB 1341W 104.8dB @  26.5Hz - 1x70mm    472 mm 

-------------
xxls12/8                               88.0dB  175W                     1x100mm
Rpre   Spl         Vb      fb         SplMech Pmech  SplEle     f3       dv       lv

0.20  87.1dB:   186.8l @  20.6Hz  =>  108.8dB  202W 108.2dB @  20.1Hz   1x100mm   198 mm 
                209.3l @  19.8Hz  =>  107.8dB  161W 108.2dB @  18.9Hz   1x100mm   169 mm 
                234.4l @  19.1Hz  =>  106.8dB  128W 108.2dB @  17.9Hz   1x100mm   143 mm 
             *  262.5l @  18.4Hz  =>  105.8dB  102W 108.2dB @  16.9Hz   1x100mm   120 mm 
                294.0l @  17.8Hz  =>  104.8dB   81W 108.2dB @  16.0Hz   1x100mm    99 mm 
                329.3l @  17.2Hz  =>  103.9dB   65W 108.2dB @  15.1Hz   1x100mm    81 mm 
                368.8l @  16.5Hz  =>  102.9dB   52W 108.2dB @  14.3Hz   1x100mm    64 mm 
                413.0l @  16.0Hz  =>  101.9dB   41W 108.2dB @  13.5Hz   1x100mm    49 mm 
                462.6l @  15.4Hz  =>  100.9dB   33W 108.2dB @  12.7Hz   1x100mm    36 mm 
                518.1l @  14.8Hz  =>   99.9dB   26W 108.2dB @  12.0Hz   1x100mm    25 mm 
                580.3l @  14.3Hz  =>   98.9dB   21W 108.2dB @  11.4Hz + 2x100mm    70 mm 
                649.9l @  13.8Hz  =>   97.9dB   17W 108.2dB @  10.8Hz + 2x100mm    52 mm 
                727.9l @  13.3Hz  =>   97.0dB   13W 108.2dB @  10.2Hz + 2x100mm    35 mm 
                815.3l @  12.8Hz  =>   96.0dB   11W 108.2dB @   9.6Hz + 2x100mm    20 mm 
                913.1l @  12.4Hz  =>   95.0dB    8W 108.2dB @   9.1Hz + 3x100mm    39 mm 
               1022.7l @  11.9Hz  =>   94.0dB    7W 108.2dB @   8.6Hz + 3x100mm    22 mm 
               1145.4l @  11.5Hz  =>   93.0dB    5W 108.2dB @   8.1Hz + 4x100mm    31 mm 
               1282.8l @  11.1Hz  =>   92.0dB    4W 108.2dB @   7.7Hz + 5x100mm    34 mm 
               1436.8l @  10.7Hz  =>   91.1dB    3W 108.2dB @   7.2Hz + 6x100mm    32 mm 

0.60  86.8dB:   222.2l @  19.5Hz  =>  107.3dB  152W 107.9dB @  18.4Hz   1x100mm   155 mm 
                248.9l @  18.8Hz  =>  106.3dB  121W 107.9dB @  17.4Hz   1x100mm   130 mm 
                278.7l @  18.1Hz  =>  105.3dB   97W 107.9dB @  16.4Hz   1x100mm   109 mm 
             *  312.2l @  17.4Hz  =>  104.3dB   77W 107.9dB @  15.5Hz   1x100mm    89 mm 
                349.6l @  16.8Hz  =>  103.3dB   61W 107.9dB @  14.7Hz   1x100mm    72 mm 
                391.6l @  16.2Hz  =>  102.3dB   49W 107.9dB @  13.9Hz   1x100mm    56 mm 
                438.6l @  15.6Hz  =>  101.4dB   39W 107.9dB @  13.1Hz   1x100mm    42 mm 

1.00  86.5dB:   261.4l @  18.5Hz  =>  105.9dB  117W 107.6dB @  17.0Hz   1x100mm   121 mm 
                292.7l @  17.8Hz  =>  104.9dB   93W 107.6dB @  16.0Hz   1x100mm   100 mm 
                327.9l @  17.2Hz  =>  103.9dB   74W 107.6dB @  15.1Hz   1x100mm    81 mm 
             *  367.2l @  16.6Hz  =>  102.9dB   59W 107.6dB @  14.3Hz   1x100mm    65 mm 
                411.3l @  16.0Hz  =>  101.9dB   47W 107.6dB @  13.5Hz   1x100mm    50 mm 
                460.6l @  15.4Hz  =>  100.9dB   38W 107.6dB @  12.8Hz   1x100mm    37 mm 
                515.9l @  14.9Hz  =>  100.0dB   30W 107.6dB @  12.1Hz   1x100mm    25 mm 

-------------
xxls12/8/dvc                           86.0dB  175W                     1x100mm
Rpre   Spl         Vb      fb         SplMech Pmech  SplEle     f3       dv       lv

0.20  87.6dB:    94.6l @  24.9Hz  =>  113.9dB 1368W 104.9dB @  26.8Hz   1x100mm   438 mm 
                106.0l @  24.0Hz  =>  112.9dB 1090W 104.9dB @  25.3Hz   1x100mm   383 mm 
                118.7l @  23.2Hz  =>  111.9dB  869W 104.9dB @  23.9Hz   1x100mm   334 mm 
             *  133.0l @  22.4Hz  =>  110.9dB  693W 104.9dB @  22.6Hz   1x100mm   291 mm 
                148.9l @  21.6Hz  =>  109.9dB  552W 104.9dB @  21.3Hz   1x100mm   252 mm 
                166.8l @  20.8Hz  =>  108.9dB  440W 104.9dB @  20.2Hz   1x100mm   217 mm 
                186.8l @  20.1Hz  =>  108.0dB  351W 104.9dB @  19.0Hz   1x100mm   186 mm 
                209.2l @  19.3Hz  =>  107.0dB  280W 104.9dB @  18.0Hz   1x100mm   158 mm 
                234.3l @  18.7Hz  =>  106.0dB  223W 104.9dB @  17.0Hz   1x100mm   133 mm 
                262.4l @  18.0Hz  =>  105.0dB  178W 104.9dB @  16.1Hz   1x100mm   111 mm 
                293.9l @  17.4Hz  =>  104.0dB  142W 104.9dB @  15.2Hz   1x100mm    91 mm 
                329.2l @  16.7Hz  =>  103.0dB  113W 104.9dB @  14.3Hz   1x100mm    74 mm 
                368.7l @  16.1Hz  =>  102.1dB   90W 104.9dB @  13.6Hz   1x100mm    58 mm 
                413.0l @  15.6Hz  =>  101.1dB   72W 104.9dB @  12.8Hz   1x100mm    44 mm 
                462.5l @  15.0Hz  =>  100.1dB   57W 104.9dB @  12.1Hz   1x100mm    31 mm 
                518.0l @  14.5Hz  =>   99.1dB   46W 104.9dB @  11.4Hz   1x100mm    20 mm 
                580.2l @  14.0Hz  =>   98.1dB   36W 104.9dB @  10.8Hz + 2x100mm    63 mm 
                649.8l @  13.5Hz  =>   97.1dB   29W 104.9dB @  10.2Hz + 2x100mm    45 mm 
                727.8l @  13.0Hz  =>   96.1dB   23W 104.9dB @   9.6Hz + 2x100mm    29 mm 
                815.1l @  12.5Hz  =>   95.2dB   18W 104.9dB @   9.1Hz + 3x100mm    51 mm 
                912.9l @  12.1Hz  =>   94.2dB   15W 104.9dB @   8.6Hz + 3x100mm    32 mm 
               1022.5l @  11.6Hz  =>   93.2dB   12W 104.9dB @   8.1Hz + 4x100mm    43 mm 
               1145.2l @  11.2Hz  =>   92.2dB    9W 104.9dB @   7.7Hz + 4x100mm    23 mm 
               1282.6l @  10.8Hz  =>   91.2dB    7W 104.9dB @   7.3Hz + 5x100mm    25 mm 
               1436.5l @  10.4Hz  =>   90.2dB    6W 104.9dB @   6.9Hz + 6x100mm    23 mm 

0.60  87.0dB:   138.5l @  22.1Hz  =>  110.6dB  734W 104.3dB @  22.1Hz   1x100mm   276 mm 
                155.1l @  21.3Hz  =>  109.6dB  585W 104.3dB @  20.9Hz   1x100mm   239 mm 
                173.7l @  20.5Hz  =>  108.6dB  466W 104.3dB @  19.8Hz   1x100mm   205 mm 
             *  194.5l @  19.8Hz  =>  107.6dB  372W 104.3dB @  18.7Hz   1x100mm   175 mm 
                217.9l @  19.1Hz  =>  106.6dB  296W 104.3dB @  17.6Hz   1x100mm   149 mm 
                244.0l @  18.4Hz  =>  105.6dB  236W 104.3dB @  16.7Hz   1x100mm   125 mm 
                273.3l @  17.8Hz  =>  104.7dB  188W 104.3dB @  15.7Hz   1x100mm   104 mm 

1.00  86.4dB:   193.1l @  19.8Hz  =>  107.7dB  426W 103.8dB @  18.7Hz   1x100mm   177 mm 
                216.2l @  19.1Hz  =>  106.7dB  340W 103.8dB @  17.7Hz   1x100mm   151 mm 
                242.2l @  18.5Hz  =>  105.7dB  271W 103.8dB @  16.7Hz   1x100mm   127 mm 
             *  271.2l @  17.8Hz  =>  104.7dB  216W 103.8dB @  15.8Hz   1x100mm   105 mm 
                303.8l @  17.2Hz  =>  103.7dB  172W 103.8dB @  14.9Hz   1x100mm    86 mm 
                340.2l @  16.6Hz  =>  102.7dB  137W 103.8dB @  14.1Hz   1x100mm    69 mm 
                381.1l @  16.0Hz  =>  101.8dB  109W 103.8dB @  13.3Hz   1x100mm    54 mm 

-------------
xxls12/alu                             91.2dB  200W                     1x100mm
Rpre   Spl         Vb      fb         SplMech Pmech  SplEle     f3       dv       lv

0.20  86.2dB:   113.6l @  21.3Hz  =>  111.2dB  981W 104.3dB @  22.6Hz   1x100mm   492 mm 
                127.2l @  20.5Hz  =>  110.2dB  782W 104.3dB @  21.4Hz   1x100mm   431 mm 
                142.4l @  19.8Hz  =>  109.2dB  623W 104.3dB @  20.2Hz   1x100mm   377 mm 
             *  159.5l @  19.1Hz  =>  108.2dB  497W 104.3dB @  19.1Hz   1x100mm   329 mm 
                178.7l @  18.4Hz  =>  107.3dB  396W 104.3dB @  18.0Hz   1x100mm   286 mm 
                200.1l @  17.7Hz  =>  106.3dB  316W 104.3dB @  17.0Hz   1x100mm   247 mm 
                224.1l @  17.1Hz  =>  105.3dB  252W 104.3dB @  16.1Hz   1x100mm   213 mm 
                251.0l @  16.5Hz  =>  104.3dB  201W 104.3dB @  15.2Hz   1x100mm   182 mm 
                281.2l @  15.9Hz  =>  103.3dB  160W 104.3dB @  14.4Hz   1x100mm   155 mm 
                314.9l @  15.3Hz  =>  102.3dB  128W 104.3dB @  13.6Hz   1x100mm   131 mm 
                352.7l @  14.8Hz  =>  101.4dB  102W 104.3dB @  12.8Hz   1x100mm   109 mm 
                395.0l @  14.3Hz  =>  100.4dB   81W 104.3dB @  12.1Hz   1x100mm    89 mm 
                442.4l @  13.8Hz  =>   99.4dB   65W 104.3dB @  11.5Hz   1x100mm    72 mm 
                495.5l @  13.3Hz  =>   98.4dB   52W 104.3dB @  10.8Hz   1x100mm    56 mm 
                555.0l @  12.8Hz  =>   97.4dB   41W 104.3dB @  10.2Hz   1x100mm    42 mm 
                621.5l @  12.3Hz  =>   96.4dB   33W 104.3dB @   9.7Hz   1x100mm    30 mm 
                696.1l @  11.9Hz  =>   95.4dB   26W 104.3dB @   9.1Hz + 2x100mm    80 mm 
                779.7l @  11.5Hz  =>   94.5dB   21W 104.3dB @   8.6Hz + 2x100mm    61 mm 
                873.2l @  11.1Hz  =>   93.5dB   17W 104.3dB @   8.2Hz + 2x100mm    43 mm 
                978.0l @  10.7Hz  =>   92.5dB   13W 104.3dB @   7.7Hz + 2x100mm    27 mm 
               1095.4l @  10.3Hz  =>   91.5dB   11W 104.3dB @   7.3Hz + 3x100mm    49 mm 

0.60  85.6dB:   163.7l @  18.9Hz  =>  108.0dB  539W 103.7dB @  18.8Hz   1x100mm   319 mm 
                183.4l @  18.2Hz  =>  107.0dB  430W 103.7dB @  17.8Hz   1x100mm   277 mm 
                205.4l @  17.6Hz  =>  106.0dB  343W 103.7dB @  16.8Hz   1x100mm   239 mm 
             *  230.0l @  17.0Hz  =>  105.1dB  273W 103.7dB @  15.9Hz   1x100mm   206 mm 
                257.6l @  16.4Hz  =>  104.1dB  218W 103.7dB @  15.0Hz   1x100mm   176 mm 
                288.6l @  15.8Hz  =>  103.1dB  174W 103.7dB @  14.2Hz   1x100mm   149 mm 
                323.2l @  15.2Hz  =>  102.1dB  138W 103.7dB @  13.4Hz   1x100mm   125 mm 

1.00  85.1dB:   225.7l @  17.1Hz  =>  105.2dB  319W 103.2dB @  16.0Hz   1x100mm   211 mm 
                252.8l @  16.5Hz  =>  104.2dB  255W 103.2dB @  15.1Hz   1x100mm   181 mm 
                283.1l @  15.9Hz  =>  103.3dB  203W 103.2dB @  14.3Hz   1x100mm   154 mm 
             *  317.1l @  15.3Hz  =>  102.3dB  162W 103.2dB @  13.5Hz   1x100mm   129 mm 
                355.1l @  14.8Hz  =>  101.3dB  129W 103.2dB @  12.8Hz   1x100mm   108 mm 
                397.7l @  14.2Hz  =>  100.3dB  103W 103.2dB @  12.1Hz   1x100mm    88 mm 
                445.5l @  13.7Hz  =>   99.3dB   82W 103.2dB @  11.4Hz   1x100mm    71 mm 

-------------
sls12                                  91.2dB  100W                     2x100mm
Rpre   Spl         Vb      fb         SplMech Pmech  SplEle     f3       dv       lv

0.20  90.4dB:   232.8l @  25.4Hz  =>  109.4dB  111W 108.9dB @  24.1Hz   2x100mm   152 mm 
                260.7l @  24.5Hz  =>  108.4dB   89W 108.9dB @  22.8Hz   2x100mm   125 mm 
                292.0l @  23.7Hz  =>  107.4dB   71W 108.9dB @  21.5Hz   2x100mm   100 mm 
             *  327.0l @  22.8Hz  =>  106.4dB   56W 108.9dB @  20.3Hz   2x100mm    78 mm 
                366.3l @  22.0Hz  =>  105.4dB   45W 108.9dB @  19.2Hz   2x100mm    59 mm 
                410.2l @  21.2Hz  =>  104.5dB   36W 108.9dB @  18.2Hz   2x100mm    42 mm 
                459.4l @  20.5Hz  =>  103.5dB   29W 108.9dB @  17.2Hz   2x100mm    26 mm 
                514.6l @  19.7Hz  =>  102.5dB   23W 108.9dB @  16.2Hz + 3x100mm    47 mm 
                576.3l @  19.0Hz  =>  101.5dB   18W 108.9dB @  15.3Hz + 3x100mm    29 mm 
                645.5l @  18.4Hz  =>  100.5dB   14W 108.9dB @  14.5Hz + 4x100mm    39 mm 
                722.9l @  17.7Hz  =>   99.5dB   12W 108.9dB @  13.7Hz + 5x100mm    43 mm 
                809.7l @  17.1Hz  =>   98.5dB    9W 108.9dB @  12.9Hz + 5x100mm    21 mm 

0.60  90.1dB:   277.0l @  24.1Hz  =>  107.9dB   84W 108.6dB @  22.1Hz   2x100mm   111 mm 
                310.3l @  23.2Hz  =>  106.9dB   67W 108.6dB @  20.9Hz   2x100mm    88 mm 
                347.5l @  22.4Hz  =>  105.9dB   53W 108.6dB @  19.7Hz   2x100mm    68 mm 
             *  389.2l @  21.6Hz  =>  104.9dB   42W 108.6dB @  18.6Hz   2x100mm    49 mm 
                435.9l @  20.8Hz  =>  103.9dB   34W 108.6dB @  17.6Hz   2x100mm    33 mm 
                488.2l @  20.1Hz  =>  102.9dB   27W 108.6dB @  16.6Hz + 3x100mm    57 mm 
                546.8l @  19.4Hz  =>  102.0dB   21W 108.6dB @  15.7Hz + 3x100mm    37 mm 

1.00  89.8dB:   325.9l @  22.8Hz  =>  106.4dB   64W 108.4dB @  20.4Hz   2x100mm    79 mm 
                365.0l @  22.0Hz  =>  105.5dB   51W 108.4dB @  19.2Hz   2x100mm    60 mm 
                408.8l @  21.2Hz  =>  104.5dB   41W 108.4dB @  18.2Hz   2x100mm    42 mm 
             *  457.9l @  20.5Hz  =>  103.5dB   33W 108.4dB @  17.2Hz   2x100mm    27 mm 
                512.8l @  19.8Hz  =>  102.5dB   26W 108.4dB @  16.2Hz + 3x100mm    48 mm 
                574.4l @  19.1Hz  =>  101.5dB   21W 108.4dB @  15.3Hz + 3x100mm    29 mm 
                643.3l @  18.4Hz  =>  100.5dB   17W 108.4dB @  14.5Hz + 4x100mm    39 mm 

-------------
sls6                                   91.2dB   50W                      1x70mm
Rpre   Spl         Vb      fb         SplMech Pmech  SplEle     f3       dv       lv

0.20  84.1dB:     6.4l @  44.9Hz  =>  109.9dB 1070W  96.5dB @  50.7Hz - 1x50mm    660 mm 
                  7.2l @  43.3Hz  =>  108.9dB  853W  96.5dB @  47.9Hz - 1x50mm    585 mm 
             *    8.1l @  41.7Hz  =>  107.9dB  680W  96.5dB @  45.2Hz - 1x50mm    519 mm 
                  9.1l @  40.2Hz  =>  106.9dB  542W  96.5dB @  42.8Hz - 1x50mm    459 mm 
                 10.1l @  38.8Hz  =>  105.9dB  432W  96.5dB @  40.4Hz - 1x50mm    406 mm 
                 11.4l @  37.4Hz  =>  104.9dB  345W  96.5dB @  38.2Hz - 1x50mm    359 mm 

0.60  83.6dB:     8.1l @  41.7Hz  =>  107.9dB  773W  96.0dB @  45.3Hz - 1x50mm    520 mm 
                  9.0l @  40.2Hz  =>  106.9dB  616W  96.0dB @  42.8Hz - 1x50mm    460 mm 
                 10.1l @  38.8Hz  =>  105.9dB  491W  96.0dB @  40.4Hz - 1x50mm    407 mm 
             *   11.3l @  37.4Hz  =>  104.9dB  392W  96.0dB @  38.2Hz - 1x50mm    359 mm 
                 12.7l @  36.1Hz  =>  104.0dB  312W  96.0dB @  36.1Hz   1x70mm    642 mm 
                 14.2l @  34.8Hz  =>  103.0dB  249W  96.0dB @  34.1Hz   1x70mm    567 mm 
                 15.9l @  33.6Hz  =>  102.0dB  198W  96.0dB @  32.2Hz   1x70mm    501 mm 

1.00  83.1dB:    10.9l @  37.9Hz  =>  105.3dB  475W  95.5dB @  39.0Hz - 1x50mm    376 mm 
                 12.2l @  36.6Hz  =>  104.3dB  379W  95.5dB @  36.8Hz   1x70mm    671 mm 
                 13.7l @  35.3Hz  =>  103.3dB  302W  95.5dB @  34.8Hz   1x70mm    593 mm 
             *   15.3l @  34.0Hz  =>  102.3dB  241W  95.5dB @  32.9Hz   1x70mm    524 mm 
                 17.1l @  32.8Hz  =>  101.4dB  192W  95.5dB @  31.1Hz   1x70mm    463 mm 
                 19.2l @  31.6Hz  =>  100.4dB  153W  95.5dB @  29.4Hz   1x70mm    408 mm 
                 21.5l @  30.5Hz  =>   99.4dB  122W  95.5dB @  27.8Hz   1x70mm    358 mm 

-------------
sls w 10-39/08                         88.7dB   80W                     1x100mm
Rpre   Spl         Vb      fb         SplMech Pmech  SplEle     f3       dv       lv

0.20  88.2dB:   115.3l @  28.3Hz  =>  106.4dB   95W 105.7dB @  25.8Hz   1x100mm   110 mm 
                129.1l @  27.3Hz  =>  105.4dB   76W 105.7dB @  24.4Hz   1x100mm    90 mm 
                144.6l @  26.3Hz  =>  104.5dB   60W 105.7dB @  23.0Hz   1x100mm    73 mm 
             *  162.0l @  25.4Hz  =>  103.5dB   48W 105.7dB @  21.8Hz   1x100mm    57 mm 
                181.4l @  24.5Hz  =>  102.5dB   38W 105.7dB @  20.6Hz   1x100mm    43 mm 
                203.2l @  23.6Hz  =>  101.5dB   31W 105.7dB @  19.4Hz   1x100mm    31 mm 
                227.6l @  22.8Hz  =>  100.5dB   24W 105.7dB @  18.4Hz + 2x100mm    81 mm 

0.60  87.9dB:   136.7l @  26.8Hz  =>  104.9dB   72W 105.4dB @  23.7Hz   1x100mm    81 mm 
                153.1l @  25.8Hz  =>  104.0dB   57W 105.4dB @  22.4Hz   1x100mm    65 mm 
                171.4l @  24.9Hz  =>  103.0dB   46W 105.4dB @  21.2Hz   1x100mm    50 mm 
             *  192.0l @  24.0Hz  =>  102.0dB   37W 105.4dB @  20.0Hz   1x100mm    37 mm 
                215.1l @  23.2Hz  =>  101.0dB   29W 105.4dB @  18.9Hz   1x100mm    25 mm 
                240.9l @  22.4Hz  =>  100.0dB   23W 105.4dB @  17.9Hz + 2x100mm    71 mm 
                269.8l @  21.6Hz  =>   99.0dB   19W 105.4dB @  16.9Hz + 2x100mm    52 mm 

1.00  87.6dB:   160.1l @  25.5Hz  =>  103.6dB   56W 105.1dB @  21.9Hz   1x100mm    59 mm 
                179.3l @  24.6Hz  =>  102.6dB   45W 105.1dB @  20.7Hz   1x100mm    45 mm 
                200.8l @  23.7Hz  =>  101.6dB   36W 105.1dB @  19.6Hz   1x100mm    32 mm 
             *  224.9l @  22.8Hz  =>  100.6dB   28W 105.1dB @  18.5Hz   1x100mm    21 mm 
                251.9l @  22.0Hz  =>   99.6dB   23W 105.1dB @  17.5Hz + 2x100mm    63 mm 
                282.1l @  21.2Hz  =>   98.7dB   18W 105.1dB @  16.5Hz + 2x100mm    46 mm 
                316.0l @  20.5Hz  =>   97.7dB   14W 105.1dB @  15.6Hz + 2x100mm    30 mm 

-------------
sls8                                   88.0dB  220W                      1x70mm
Rpre   Spl         Vb      fb         SplMech Pmech  SplEle     f3       dv       lv

0.20  86.0dB:    68.3l @  28.9Hz  =>  102.4dB   64W 107.8dB @  25.4Hz   1x70mm     75 mm 
                 76.5l @  27.9Hz  =>  101.4dB   51W 107.8dB @  24.0Hz   1x70mm     61 mm 
                 85.7l @  26.9Hz  =>  100.4dB   40W 107.8dB @  22.7Hz   1x70mm     49 mm 
             *   96.0l @  26.0Hz  =>   99.4dB   32W 107.8dB @  21.4Hz   1x70mm     39 mm 
                107.5l @  25.0Hz  =>   98.4dB   26W 107.8dB @  20.3Hz   1x70mm     29 mm 
                120.4l @  24.1Hz  =>   97.4dB   20W 107.8dB @  19.1Hz   1x70mm     20 mm 
                134.9l @  23.3Hz  =>   96.5dB   16W 107.8dB @  18.1Hz + 1x100mm    57 mm 

0.60  85.7dB:    82.1l @  27.3Hz  =>  100.8dB   47W 107.5dB @  23.2Hz   1x70mm     54 mm 
                 91.9l @  26.3Hz  =>   99.8dB   38W 107.5dB @  21.9Hz   1x70mm     42 mm 
                102.9l @  25.4Hz  =>   98.8dB   30W 107.5dB @  20.7Hz   1x70mm     32 mm 
             *  115.3l @  24.5Hz  =>   97.8dB   24W 107.5dB @  19.6Hz   1x70mm     23 mm 
                129.1l @  23.6Hz  =>   96.8dB   19W 107.5dB @  18.5Hz + 1x100mm    63 mm 
                144.6l @  22.8Hz  =>   95.9dB   15W 107.5dB @  17.5Hz + 1x100mm    48 mm 
                162.0l @  22.0Hz  =>   94.9dB   12W 107.5dB @  16.5Hz + 1x100mm    35 mm 

1.00  85.5dB:    97.3l @  25.8Hz  =>   99.3dB   36W 107.2dB @  21.3Hz   1x70mm     37 mm 
                109.0l @  24.9Hz  =>   98.3dB   29W 107.2dB @  20.1Hz   1x70mm     28 mm 
                122.1l @  24.0Hz  =>   97.3dB   23W 107.2dB @  19.0Hz + 1x100mm    71 mm 
             *  136.7l @  23.2Hz  =>   96.3dB   18W 107.2dB @  18.0Hz + 1x100mm    55 mm 
                153.1l @  22.4Hz  =>   95.4dB   14W 107.2dB @  17.0Hz + 1x100mm    42 mm 
                171.5l @  21.6Hz  =>   94.4dB   12W 107.2dB @  16.0Hz + 1x100mm    29 mm 
                192.1l @  20.8Hz  =>   93.4dB    9W 107.2dB @  15.2Hz + 2x100mm    79 mm 

