-------------
SDS106(830851)
            85.0dB            50W       1x40mm
   fu     fc      fo      SplMech  Vb1     Vb2       d         l        C
 29.3 Hz  63 Hz  134 Hz   75.1 dB   oo l +   2 l    1x40mm    416 mm   694 µF
 30.0 Hz  64 Hz  135 Hz   75.6 dB  119 l +   2 l    1x40mm    402 mm   673 µF

-------------
HDS Nomex 164
            89.0dB            70W       1x70mm
   fu     fc      fo      SplMech  Vb1     Vb2       d         l        C
 19.1 Hz  48 Hz  121 Hz   86.4 dB   oo l +   5 l  - 1x50mm    424 mm  1192 µF
 20.0 Hz  49 Hz  122 Hz   87.2 dB  291 l +   5 l    1x70mm    800 mm  1122 µF
 21.0 Hz  51 Hz  124 Hz   88.0 dB  135 l +   5 l    1x70mm    746 mm  1052 µF
 22.0 Hz  53 Hz  126 Hz   88.8 dB   87 l +   5 l    1x70mm    698 mm   989 µF
 23.0 Hz  54 Hz  128 Hz   89.6 dB   64 l +   5 l    1x70mm    654 mm   932 µF
 24.0 Hz  56 Hz  130 Hz   90.3 dB   51 l +   5 l    1x70mm    615 mm   880 µF
 25.0 Hz  57 Hz  132 Hz   91.0 dB   42 l +   5 l    1x70mm    580 mm   834 µF
 26.0 Hz  59 Hz  134 Hz   91.7 dB   36 l +   5 l    1x70mm    547 mm   791 µF
 27.0 Hz  60 Hz  135 Hz   92.4 dB   31 l +   5 l    1x70mm    518 mm   752 µF
 28.0 Hz  62 Hz  137 Hz   93.0 dB   27 l +   5 l    1x70mm    490 mm   717 µF
 29.0 Hz  63 Hz  138 Hz   93.6 dB   24 l +   5 l    1x70mm    466 mm   684 µF
 30.0 Hz  65 Hz  140 Hz   94.2 dB   22 l +   5 l    1x70mm    442 mm   654 µF

-------------
HDS Nomex 205
            89.0dB            70W       1x70mm
   fu     fc      fo      SplMech  Vb1     Vb2       d         l        C
 11.9 Hz  30 Hz   75 Hz   80.9 dB   oo l +  20 l    1x70mm    574 mm  2076 µF
 12.0 Hz  30 Hz   76 Hz   81.0 dB 8671 l +  20 l    1x70mm    569 mm  2060 µF
 13.0 Hz  32 Hz   78 Hz   82.4 dB  576 l +  20 l    1x70mm    506 mm  1851 µF
 14.0 Hz  33 Hz   80 Hz   83.7 dB  294 l +  20 l    1x70mm    453 mm  1677 µF
 15.0 Hz  35 Hz   81 Hz   84.9 dB  196 l +  20 l    1x70mm    408 mm  1530 µF
 16.0 Hz  36 Hz   83 Hz   86.0 dB  146 l +  20 l    1x70mm    370 mm  1403 µF
 17.0 Hz  38 Hz   85 Hz   87.1 dB  116 l +  20 l    1x70mm    337 mm  1295 µF
 18.0 Hz  39 Hz   87 Hz   88.1 dB   96 l +  20 l    1x70mm    308 mm  1200 µF
 19.0 Hz  41 Hz   88 Hz   89.0 dB   81 l +  20 l    1x70mm    283 mm  1116 µF
 20.0 Hz  42 Hz   90 Hz   89.9 dB   71 l +  20 l    1x70mm    260 mm  1042 µF
 21.0 Hz  44 Hz   91 Hz   90.8 dB   62 l +  20 l    1x70mm    240 mm   977 µF
 22.0 Hz  45 Hz   93 Hz   91.6 dB   55 l +  20 l    1x70mm    223 mm   918 µF
 23.0 Hz  46 Hz   94 Hz   92.3 dB   50 l +  20 l    1x70mm    207 mm   865 µF
 24.0 Hz  48 Hz   95 Hz   93.1 dB   45 l +  20 l    1x70mm    192 mm   817 µF
 25.0 Hz  49 Hz   97 Hz   93.8 dB   42 l +  20 l    1x70mm    179 mm   774 µF
 26.0 Hz  50 Hz   98 Hz   94.5 dB   38 l +  20 l    1x70mm    167 mm   735 µF
 27.0 Hz  52 Hz   99 Hz   95.1 dB   35 l +  20 l    1x70mm    156 mm   699 µF
 28.0 Hz  53 Hz  100 Hz   95.8 dB   33 l +  20 l    1x70mm    146 mm   666 µF
 29.0 Hz  54 Hz  101 Hz   96.4 dB   31 l +  20 l    1x70mm    137 mm   635 µF
 30.0 Hz  55 Hz  103 Hz   97.0 dB   29 l +  20 l    1x70mm    128 mm   607 µF

-------------
sls10 (830668)
            88.7dB           100W      1x100mm
   fu     fc      fo      SplMech  Vb1     Vb2       d         l        C
 15.3 Hz  33 Hz   73 Hz   93.3 dB   oo l +  36 l    1x100mm   505 mm  1477 µF
 16.0 Hz  34 Hz   74 Hz   94.1 dB 1113 l +  36 l    1x100mm   471 mm  1391 µF
 17.0 Hz  36 Hz   75 Hz   95.2 dB  457 l +  36 l    1x100mm   428 mm  1283 µF
 18.0 Hz  37 Hz   77 Hz   96.2 dB  285 l +  36 l    1x100mm   391 mm  1189 µF
 19.0 Hz  38 Hz   78 Hz   97.1 dB  206 l +  36 l    1x100mm   358 mm  1106 µF
 20.0 Hz  40 Hz   79 Hz   98.0 dB  161 l +  36 l    1x100mm   329 mm  1033 µF
 21.0 Hz  41 Hz   81 Hz   98.8 dB  132 l +  36 l    1x100mm   303 mm   968 µF
 22.0 Hz  42 Hz   82 Hz   99.6 dB  111 l +  36 l    1x100mm   280 mm   910 µF
 23.0 Hz  44 Hz   83 Hz  100.4 dB   96 l +  36 l    1x100mm   260 mm   857 µF
 24.0 Hz  45 Hz   84 Hz  101.2 dB   84 l +  36 l    1x100mm   241 mm   810 µF
 25.0 Hz  46 Hz   85 Hz  101.9 dB   75 l +  36 l    1x100mm   224 mm   767 µF
 26.0 Hz  47 Hz   87 Hz  102.5 dB   67 l +  36 l    1x100mm   208 mm   728 µF
 27.0 Hz  49 Hz   88 Hz  103.2 dB   61 l +  36 l    1x100mm   194 mm   692 µF
 28.0 Hz  50 Hz   89 Hz  103.8 dB   56 l +  36 l    1x100mm   181 mm   660 µF
 29.0 Hz  51 Hz   90 Hz  104.4 dB   51 l +  36 l    1x100mm   169 mm   629 µF
 30.0 Hz  52 Hz   91 Hz  105.0 dB   48 l +  36 l    1x100mm   158 mm   602 µF

-------------
xxls10/4
            88.4dB           175W      1x100mm
   fu     fc      fo      SplMech  Vb1     Vb2       d         l        C
  5.4 Hz  19 Hz   68 Hz   79.7 dB   oo l +   6 l  * 1x50mm   2446 mm 14528 µF
  6.0 Hz  21 Hz   70 Hz   81.4 dB  626 l +   6 l  * 1x50mm   2446 mm 12731 µF
  7.0 Hz  23 Hz   74 Hz   84.1 dB  220 l +   6 l  * 1x50mm   2446 mm 10365 µF
  8.0 Hz  25 Hz   77 Hz   86.4 dB  131 l +   6 l  * 1x50mm   2446 mm  8675 µF
  9.0 Hz  27 Hz   80 Hz   88.4 dB   92 l +   6 l  * 1x50mm   2446 mm  7414 µF
 10.0 Hz  29 Hz   83 Hz   90.3 dB   70 l +   6 l  * 1x50mm   2446 mm  6442 µF
 11.0 Hz  31 Hz   86 Hz   91.9 dB   57 l +   6 l  * 1x50mm   2446 mm  5674 µF
 12.0 Hz  33 Hz   88 Hz   93.4 dB   47 l +   6 l  * 1x50mm   2446 mm  5052 µF
 13.0 Hz  34 Hz   91 Hz   94.8 dB   40 l +   6 l  * 1x50mm   2446 mm  4541 µF
 14.0 Hz  36 Hz   93 Hz   96.1 dB   35 l +   6 l  * 1x50mm   2446 mm  4113 µF
 15.0 Hz  38 Hz   95 Hz   97.3 dB   31 l +   6 l  * 1x50mm   2446 mm  3752 µF
 16.0 Hz  39 Hz   97 Hz   98.4 dB   27 l +   6 l  * 1x50mm   2446 mm  3443 µF
 17.0 Hz  41 Hz   99 Hz   99.5 dB   25 l +   6 l  * 1x50mm   2446 mm  3175 µF
 18.0 Hz  43 Hz  101 Hz  100.5 dB   22 l +   6 l  * 1x50mm   2446 mm  2942 µF
 19.0 Hz  44 Hz  103 Hz  101.4 dB   21 l +   6 l  * 1x50mm   2446 mm  2738 µF
 20.0 Hz  46 Hz  105 Hz  102.3 dB   19 l +   6 l  * 1x50mm   2446 mm  2557 µF
 21.0 Hz  47 Hz  106 Hz  103.1 dB   17 l +   6 l  - 1x70mm    748 mm  2396 µF
 22.0 Hz  49 Hz  108 Hz  104.0 dB   16 l +   6 l  - 1x70mm    699 mm  2252 µF
 23.0 Hz  50 Hz  110 Hz  104.7 dB   15 l +   6 l  - 1x70mm    656 mm  2122 µF
 24.0 Hz  52 Hz  111 Hz  105.5 dB   14 l +   6 l  - 1x70mm    617 mm  2005 µF
 25.0 Hz  53 Hz  113 Hz  106.2 dB   13 l +   6 l  - 1x70mm    581 mm  1899 µF
 26.0 Hz  55 Hz  114 Hz  106.9 dB   13 l +   6 l  - 1x70mm    548 mm  1802 µF
 27.0 Hz  56 Hz  116 Hz  107.5 dB   12 l +   6 l  - 1x70mm    519 mm  1714 µF
 28.0 Hz  57 Hz  117 Hz  108.1 dB   11 l +   6 l  - 1x70mm    492 mm  1632 µF
 29.0 Hz  59 Hz  119 Hz  108.7 dB   11 l +   6 l  - 1x70mm    467 mm  1558 µF
 30.0 Hz  60 Hz  120 Hz  109.3 dB   10 l +   6 l  - 1x70mm    443 mm  1489 µF

-------------
xxls10/8
            87.2dB           175W      1x100mm
   fu     fc      fo      SplMech  Vb1     Vb2       d         l        C
 10.7 Hz  25 Hz   58 Hz   91.5 dB   oo l +  34 l  - 1x70mm    490 mm  2167 µF
 11.0 Hz  25 Hz   59 Hz   91.9 dB 2769 l +  34 l  - 1x70mm    474 mm  2102 µF
 12.0 Hz  27 Hz   60 Hz   93.4 dB  548 l +  34 l  - 1x70mm    416 mm  1871 µF
 13.0 Hz  28 Hz   62 Hz   94.8 dB  300 l +  34 l    1x100mm   785 mm  1682 µF
 14.0 Hz  30 Hz   64 Hz   96.1 dB  205 l +  34 l    1x100mm   704 mm  1524 µF
 15.0 Hz  31 Hz   65 Hz   97.3 dB  155 l +  34 l    1x100mm   635 mm  1390 µF
 16.0 Hz  33 Hz   66 Hz   98.4 dB  124 l +  34 l    1x100mm   576 mm  1275 µF
 17.0 Hz  34 Hz   68 Hz   99.5 dB  103 l +  34 l    1x100mm   525 mm  1176 µF
 18.0 Hz  35 Hz   69 Hz  100.5 dB   88 l +  34 l    1x100mm   481 mm  1090 µF
 19.0 Hz  37 Hz   70 Hz  101.4 dB   76 l +  34 l    1x100mm   442 mm  1014 µF
 20.0 Hz  38 Hz   72 Hz  102.3 dB   67 l +  34 l    1x100mm   407 mm   947 µF
 21.0 Hz  39 Hz   73 Hz  103.1 dB   60 l +  34 l    1x100mm   377 mm   887 µF
 22.0 Hz  40 Hz   74 Hz  104.0 dB   54 l +  34 l    1x100mm   349 mm   834 µF
 23.0 Hz  42 Hz   75 Hz  104.7 dB   49 l +  34 l    1x100mm   324 mm   786 µF
 24.0 Hz  43 Hz   76 Hz  105.5 dB   45 l +  34 l    1x100mm   302 mm   743 µF
 25.0 Hz  44 Hz   77 Hz  106.2 dB   42 l +  34 l    1x100mm   282 mm   703 µF
 26.0 Hz  45 Hz   78 Hz  106.9 dB   39 l +  34 l    1x100mm   263 mm   668 µF
 27.0 Hz  46 Hz   79 Hz  107.5 dB   36 l +  34 l    1x100mm   247 mm   635 µF
 28.0 Hz  47 Hz   80 Hz  108.1 dB   34 l +  34 l    1x100mm   231 mm   605 µF
 29.0 Hz  48 Hz   81 Hz  108.7 dB   31 l +  34 l    1x100mm   217 mm   577 µF
 30.0 Hz  50 Hz   82 Hz  109.3 dB   30 l +  34 l    1x100mm   204 mm   552 µF

-------------
xxls10/alu
            90.3dB           200W      1x100mm
   fu     fc      fo      SplMech  Vb1     Vb2       d         l        C
  7.6 Hz  21 Hz   57 Hz   85.8 dB   oo l +  19 l  * 1x50mm    687 mm  8099 µF
  8.0 Hz  22 Hz   58 Hz   86.7 dB 1370 l +  19 l  * 1x50mm    687 mm  7531 µF
  9.0 Hz  23 Hz   60 Hz   88.8 dB  400 l +  19 l  * 1x50mm    687 mm  6437 µF
 10.0 Hz  25 Hz   63 Hz   90.6 dB  231 l +  19 l  * 1x50mm    687 mm  5593 µF
 11.0 Hz  27 Hz   65 Hz   92.3 dB  160 l +  19 l  * 1x50mm    687 mm  4925 µF
 12.0 Hz  28 Hz   67 Hz   93.8 dB  122 l +  19 l  - 1x70mm    715 mm  4386 µF
 13.0 Hz  30 Hz   68 Hz   95.2 dB   98 l +  19 l  - 1x70mm    637 mm  3942 µF
 14.0 Hz  31 Hz   70 Hz   96.4 dB   82 l +  19 l  - 1x70mm    572 mm  3571 µF
 15.0 Hz  33 Hz   72 Hz   97.6 dB   70 l +  19 l  - 1x70mm    517 mm  3257 µF
 16.0 Hz  34 Hz   73 Hz   98.8 dB   60 l +  19 l  - 1x70mm    469 mm  2989 µF
 17.0 Hz  36 Hz   75 Hz   99.8 dB   53 l +  19 l  - 1x70mm    429 mm  2757 µF
 18.0 Hz  37 Hz   76 Hz  100.8 dB   48 l +  19 l  - 1x70mm    393 mm  2554 µF
 19.0 Hz  38 Hz   78 Hz  101.7 dB   43 l +  19 l    1x100mm   773 mm  2377 µF
 20.0 Hz  40 Hz   79 Hz  102.6 dB   39 l +  19 l    1x100mm   716 mm  2220 µF
 21.0 Hz  41 Hz   80 Hz  103.5 dB   36 l +  19 l    1x100mm   666 mm  2080 µF
 22.0 Hz  42 Hz   81 Hz  104.3 dB   33 l +  19 l    1x100mm   621 mm  1955 µF
 23.0 Hz  44 Hz   83 Hz  105.1 dB   30 l +  19 l    1x100mm   581 mm  1842 µF
 24.0 Hz  45 Hz   84 Hz  105.8 dB   28 l +  19 l    1x100mm   544 mm  1741 µF
 25.0 Hz  46 Hz   85 Hz  106.5 dB   26 l +  19 l    1x100mm   511 mm  1648 µF
 26.0 Hz  47 Hz   86 Hz  107.2 dB   25 l +  19 l    1x100mm   481 mm  1564 µF
 27.0 Hz  49 Hz   87 Hz  107.8 dB   23 l +  19 l    1x100mm   454 mm  1488 µF
 28.0 Hz  50 Hz   88 Hz  108.5 dB   22 l +  19 l    1x100mm   428 mm  1417 µF
 29.0 Hz  51 Hz   89 Hz  109.1 dB   21 l +  19 l    1x100mm   405 mm  1352 µF
 30.0 Hz  52 Hz   90 Hz  109.7 dB   20 l +  19 l    1x100mm   384 mm  1293 µF

-------------
xxls12/4
            90.3dB           175W      1x100mm
   fu     fc      fo      SplMech  Vb1     Vb2       d         l        C
  5.1 Hz  18 Hz   61 Hz   81.1 dB   oo l +  13 l  * 1x50mm   1451 mm 14010 µF
  6.0 Hz  20 Hz   65 Hz   83.8 dB  664 l +  13 l  * 1x50mm   1451 mm 11339 µF
  7.0 Hz  22 Hz   68 Hz   86.5 dB  302 l +  13 l  * 1x50mm   1451 mm  9232 µF
  8.0 Hz  24 Hz   71 Hz   88.8 dB  192 l +  13 l  * 1x50mm   1451 mm  7727 µF
  9.0 Hz  26 Hz   74 Hz   90.9 dB  140 l +  13 l  * 1x50mm   1451 mm  6604 µF
 10.0 Hz  28 Hz   76 Hz   92.7 dB  109 l +  13 l  * 1x50mm   1451 mm  5738 µF
 11.0 Hz  29 Hz   79 Hz   94.3 dB   88 l +  13 l  * 1x50mm   1451 mm  5053 µF
 12.0 Hz  31 Hz   81 Hz   95.9 dB   74 l +  13 l  * 1x50mm   1451 mm  4500 µF
 13.0 Hz  33 Hz   83 Hz   97.2 dB   64 l +  13 l  - 1x70mm    788 mm  4044 µF
 14.0 Hz  35 Hz   86 Hz   98.5 dB   55 l +  13 l  - 1x70mm    708 mm  3664 µF
 15.0 Hz  36 Hz   88 Hz   99.7 dB   49 l +  13 l  - 1x70mm    641 mm  3342 µF
 16.0 Hz  38 Hz   89 Hz  100.9 dB   44 l +  13 l  - 1x70mm    584 mm  3066 µF
 17.0 Hz  39 Hz   91 Hz  101.9 dB   40 l +  13 l  - 1x70mm    534 mm  2828 µF
 18.0 Hz  41 Hz   93 Hz  102.9 dB   36 l +  13 l  - 1x70mm    491 mm  2621 µF
 19.0 Hz  42 Hz   95 Hz  103.8 dB   33 l +  13 l  - 1x70mm    453 mm  2438 µF
 20.0 Hz  44 Hz   96 Hz  104.7 dB   30 l +  13 l  - 1x70mm    419 mm  2277 µF
 21.0 Hz  45 Hz   98 Hz  105.6 dB   28 l +  13 l  - 1x70mm    389 mm  2134 µF
 22.0 Hz  47 Hz   99 Hz  106.4 dB   26 l +  13 l    1x100mm   774 mm  2005 µF
 23.0 Hz  48 Hz  101 Hz  107.2 dB   24 l +  13 l    1x100mm   725 mm  1890 µF
 24.0 Hz  50 Hz  102 Hz  107.9 dB   23 l +  13 l    1x100mm   680 mm  1786 µF
 25.0 Hz  51 Hz  104 Hz  108.6 dB   21 l +  13 l    1x100mm   640 mm  1691 µF
 26.0 Hz  52 Hz  105 Hz  109.3 dB   20 l +  13 l    1x100mm   603 mm  1605 µF
 27.0 Hz  54 Hz  107 Hz  109.9 dB   19 l +  13 l    1x100mm   570 mm  1526 µF
 28.0 Hz  55 Hz  108 Hz  110.6 dB   18 l +  13 l    1x100mm   539 mm  1454 µF
 29.0 Hz  56 Hz  109 Hz  111.2 dB   17 l +  13 l    1x100mm   511 mm  1388 µF
 30.0 Hz  58 Hz  110 Hz  111.8 dB   16 l +  13 l    1x100mm   485 mm  1326 µF

-------------
xxls12/8
            88.0dB           175W      1x100mm
   fu     fc      fo      SplMech  Vb1     Vb2       d         l        C
  9.3 Hz  22 Hz   50 Hz   91.3 dB   oo l +  66 l    1x100mm   689 mm  2470 µF
 10.0 Hz  23 Hz   51 Hz   92.7 dB 1499 l +  66 l    1x100mm   614 mm  2229 µF
 11.0 Hz  24 Hz   53 Hz   94.3 dB  628 l +  66 l    1x100mm   531 mm  1963 µF
 12.0 Hz  26 Hz   54 Hz   95.9 dB  393 l +  66 l    1x100mm   464 mm  1748 µF
 13.0 Hz  27 Hz   56 Hz   97.2 dB  284 l +  66 l    1x100mm   409 mm  1571 µF
 14.0 Hz  28 Hz   57 Hz   98.5 dB  221 l +  66 l    1x100mm   363 mm  1423 µF
 15.0 Hz  30 Hz   59 Hz   99.7 dB  180 l +  66 l    1x100mm   324 mm  1298 µF
 16.0 Hz  31 Hz   60 Hz  100.9 dB  151 l +  66 l    1x100mm   291 mm  1191 µF
 17.0 Hz  32 Hz   61 Hz  101.9 dB  130 l +  66 l    1x100mm   262 mm  1099 µF
 18.0 Hz  33 Hz   62 Hz  102.9 dB  114 l +  66 l    1x100mm   237 mm  1018 µF
 19.0 Hz  35 Hz   63 Hz  103.8 dB  101 l +  66 l    1x100mm   215 mm   947 µF
 20.0 Hz  36 Hz   65 Hz  104.7 dB   91 l +  66 l    1x100mm   195 mm   885 µF
 21.0 Hz  37 Hz   66 Hz  105.6 dB   82 l +  66 l    1x100mm   178 mm   829 µF
 22.0 Hz  38 Hz   67 Hz  106.4 dB   75 l +  66 l    1x100mm   163 mm   779 µF
 23.0 Hz  39 Hz   68 Hz  107.2 dB   69 l +  66 l    1x100mm   149 mm   734 µF
 24.0 Hz  41 Hz   69 Hz  107.9 dB   63 l +  66 l    1x100mm   136 mm   694 µF
 25.0 Hz  42 Hz   70 Hz  108.6 dB   59 l +  66 l    1x100mm   125 mm   657 µF
 26.0 Hz  43 Hz   70 Hz  109.3 dB   55 l +  66 l    1x100mm   114 mm   623 µF
 27.0 Hz  44 Hz   71 Hz  109.9 dB   51 l +  66 l    1x100mm   105 mm   593 µF
 28.0 Hz  45 Hz   72 Hz  110.6 dB   48 l +  66 l    1x100mm    96 mm   565 µF
 29.0 Hz  46 Hz   73 Hz  111.2 dB   45 l +  66 l    1x100mm    88 mm   539 µF
 30.0 Hz  47 Hz   74 Hz  111.8 dB   43 l +  66 l    1x100mm    80 mm   515 µF

-------------
xxls12/alu
            91.2dB           200W      1x100mm
   fu     fc      fo      SplMech  Vb1     Vb2       d         l        C
  7.6 Hz  19 Hz   48 Hz   88.2 dB   oo l +  44 l  - 1x70mm    666 mm  7449 µF
  8.0 Hz  20 Hz   49 Hz   89.2 dB 2075 l +  44 l  - 1x70mm    615 mm  6919 µF
  9.0 Hz  21 Hz   51 Hz   91.2 dB  612 l +  44 l  - 1x70mm    517 mm  5914 µF
 10.0 Hz  23 Hz   53 Hz   93.0 dB  354 l +  44 l  - 1x70mm    442 mm  5139 µF
 11.0 Hz  25 Hz   55 Hz   94.7 dB  246 l +  44 l  - 1x70mm    383 mm  4525 µF
 12.0 Hz  26 Hz   56 Hz   96.2 dB  187 l +  44 l    1x100mm   717 mm  4030 µF
 13.0 Hz  27 Hz   58 Hz   97.6 dB  150 l +  44 l    1x100mm   636 mm  3622 µF
 14.0 Hz  29 Hz   59 Hz   98.9 dB  125 l +  44 l    1x100mm   569 mm  3281 µF
 15.0 Hz  30 Hz   61 Hz  100.1 dB  107 l +  44 l    1x100mm   512 mm  2993 µF
 16.0 Hz  31 Hz   62 Hz  101.2 dB   93 l +  44 l    1x100mm   463 mm  2746 µF
 17.0 Hz  33 Hz   63 Hz  102.2 dB   82 l +  44 l    1x100mm   421 mm  2533 µF
 18.0 Hz  34 Hz   64 Hz  103.2 dB   73 l +  44 l    1x100mm   384 mm  2347 µF
 19.0 Hz  35 Hz   66 Hz  104.2 dB   66 l +  44 l    1x100mm   352 mm  2184 µF
 20.0 Hz  37 Hz   67 Hz  105.1 dB   60 l +  44 l    1x100mm   323 mm  2039 µF
 21.0 Hz  38 Hz   68 Hz  105.9 dB   55 l +  44 l    1x100mm   298 mm  1911 µF
 22.0 Hz  39 Hz   69 Hz  106.7 dB   51 l +  44 l    1x100mm   275 mm  1796 µF
 23.0 Hz  40 Hz   70 Hz  107.5 dB   47 l +  44 l    1x100mm   255 mm  1693 µF
 24.0 Hz  41 Hz   71 Hz  108.2 dB   43 l +  44 l    1x100mm   236 mm  1599 µF
 25.0 Hz  42 Hz   72 Hz  108.9 dB   41 l +  44 l    1x100mm   220 mm  1514 µF
 26.0 Hz  43 Hz   73 Hz  109.6 dB   38 l +  44 l    1x100mm   204 mm  1437 µF
 27.0 Hz  45 Hz   74 Hz  110.3 dB   36 l +  44 l    1x100mm   190 mm  1367 µF
 28.0 Hz  46 Hz   75 Hz  110.9 dB   34 l +  44 l    1x100mm   178 mm  1302 µF
 29.0 Hz  47 Hz   75 Hz  111.5 dB   32 l +  44 l    1x100mm   166 mm  1243 µF
 30.0 Hz  48 Hz   76 Hz  112.1 dB   30 l +  44 l    1x100mm   155 mm  1188 µF

-------------
sls12
            91.2dB           100W      2x100mm
   fu     fc      fo      SplMech  Vb1     Vb2       d         l        C
 12.4 Hz  28 Hz   63 Hz   93.8 dB   oo l +  76 l    2x100mm   666 mm  1857 µF
 13.0 Hz  29 Hz   64 Hz   94.7 dB 2642 l +  76 l    2x100mm   619 mm  1743 µF
 14.0 Hz  30 Hz   66 Hz   95.9 dB  980 l +  76 l    2x100mm   550 mm  1579 µF
 15.0 Hz  32 Hz   67 Hz   97.1 dB  596 l +  76 l    2x100mm   492 mm  1440 µF
 16.0 Hz  33 Hz   69 Hz   98.3 dB  426 l +  76 l    2x100mm   442 mm  1321 µF
 17.0 Hz  35 Hz   70 Hz   99.3 dB  329 l +  76 l    2x100mm   399 mm  1219 µF
 18.0 Hz  36 Hz   72 Hz  100.3 dB  268 l +  76 l    2x100mm   361 mm  1129 µF
 19.0 Hz  37 Hz   73 Hz  101.2 dB  225 l +  76 l    2x100mm   328 mm  1051 µF
 20.0 Hz  39 Hz   74 Hz  102.1 dB  193 l +  76 l    2x100mm   299 mm   981 µF
 21.0 Hz  40 Hz   75 Hz  103.0 dB  169 l +  76 l    2x100mm   273 mm   920 µF
 22.0 Hz  41 Hz   77 Hz  103.8 dB  150 l +  76 l    2x100mm   250 mm   864 µF
 23.0 Hz  42 Hz   78 Hz  104.6 dB  135 l +  76 l    2x100mm   229 mm   814 µF
 24.0 Hz  43 Hz   79 Hz  105.3 dB  122 l +  76 l    2x100mm   210 mm   770 µF
 25.0 Hz  45 Hz   80 Hz  106.0 dB  111 l +  76 l    2x100mm   193 mm   729 µF
 26.0 Hz  46 Hz   81 Hz  106.7 dB  102 l +  76 l    2x100mm   177 mm   692 µF
 27.0 Hz  47 Hz   82 Hz  107.3 dB   95 l +  76 l    2x100mm   163 mm   658 µF
 28.0 Hz  48 Hz   83 Hz  108.0 dB   88 l +  76 l    2x100mm   150 mm   627 µF
 29.0 Hz  49 Hz   84 Hz  108.6 dB   82 l +  76 l    2x100mm   138 mm   598 µF
 30.0 Hz  50 Hz   85 Hz  109.2 dB   77 l +  76 l    2x100mm   127 mm   572 µF

-------------
sls6
            91.2dB            50W       1x70mm
   fu     fc      fo      SplMech  Vb1     Vb2       d         l        C
 13.2 Hz  36 Hz   99 Hz   82.5 dB   oo l +   2 l  * 1x40mm   1145 mm  4289 µF
 14.0 Hz  38 Hz  101 Hz   83.5 dB  159 l +   2 l  * 1x40mm   1145 mm  3971 µF
 15.0 Hz  39 Hz  103 Hz   84.7 dB   69 l +   2 l  * 1x40mm   1145 mm  3622 µF
 16.0 Hz  41 Hz  105 Hz   85.8 dB   44 l +   2 l  * 1x40mm   1145 mm  3324 µF
 17.0 Hz  43 Hz  107 Hz   86.9 dB   32 l +   2 l  * 1x40mm   1145 mm  3065 µF
 18.0 Hz  44 Hz  109 Hz   87.9 dB   25 l +   2 l  * 1x40mm   1145 mm  2841 µF
 19.0 Hz  46 Hz  111 Hz   88.8 dB   20 l +   2 l  * 1x40mm   1145 mm  2643 µF
 20.0 Hz  48 Hz  113 Hz   89.7 dB   17 l +   2 l  * 1x40mm   1145 mm  2468 µF
 21.0 Hz  49 Hz  115 Hz   90.5 dB   15 l +   2 l  * 1x40mm   1145 mm  2313 µF
 22.0 Hz  51 Hz  117 Hz   91.4 dB   13 l +   2 l  * 1x40mm   1145 mm  2174 µF
 23.0 Hz  52 Hz  119 Hz   92.1 dB   12 l +   2 l  * 1x40mm   1145 mm  2049 µF
 24.0 Hz  54 Hz  120 Hz   92.9 dB   10 l +   2 l  - 1x50mm    790 mm  1936 µF
 25.0 Hz  55 Hz  122 Hz   93.6 dB    9 l +   2 l  - 1x50mm    746 mm  1833 µF
 26.0 Hz  57 Hz  124 Hz   94.3 dB    9 l +   2 l  - 1x50mm    706 mm  1740 µF
 27.0 Hz  58 Hz  125 Hz   94.9 dB    8 l +   2 l  - 1x50mm    669 mm  1654 µF
 28.0 Hz  60 Hz  127 Hz   95.5 dB    7 l +   2 l  - 1x50mm    636 mm  1576 µF
 29.0 Hz  61 Hz  128 Hz   96.2 dB    7 l +   2 l  - 1x50mm    605 mm  1504 µF
 30.0 Hz  62 Hz  130 Hz   96.7 dB    6 l +   2 l  - 1x50mm    576 mm  1437 µF

-------------
sls w 10-39/08
            88.7dB            80W      1x100mm
   fu     fc      fo      SplMech  Vb1     Vb2       d         l        C
 15.3 Hz  33 Hz   73 Hz   93.3 dB   oo l +  36 l    1x100mm   505 mm  1477 µF
 16.0 Hz  34 Hz   74 Hz   94.1 dB 1113 l +  36 l    1x100mm   471 mm  1391 µF
 17.0 Hz  36 Hz   75 Hz   95.2 dB  457 l +  36 l    1x100mm   428 mm  1283 µF
 18.0 Hz  37 Hz   77 Hz   96.2 dB  285 l +  36 l    1x100mm   391 mm  1189 µF
 19.0 Hz  38 Hz   78 Hz   97.1 dB  206 l +  36 l    1x100mm   358 mm  1106 µF
 20.0 Hz  40 Hz   79 Hz   98.0 dB  161 l +  36 l    1x100mm   329 mm  1033 µF
 21.0 Hz  41 Hz   81 Hz   98.8 dB  132 l +  36 l    1x100mm   303 mm   968 µF
 22.0 Hz  42 Hz   82 Hz   99.6 dB  111 l +  36 l    1x100mm   280 mm   910 µF
 23.0 Hz  44 Hz   83 Hz  100.4 dB   96 l +  36 l    1x100mm   260 mm   857 µF
 24.0 Hz  45 Hz   84 Hz  101.2 dB   84 l +  36 l    1x100mm   241 mm   810 µF
 25.0 Hz  46 Hz   85 Hz  101.9 dB   75 l +  36 l    1x100mm   224 mm   767 µF
 26.0 Hz  47 Hz   87 Hz  102.5 dB   67 l +  36 l    1x100mm   208 mm   728 µF
 27.0 Hz  49 Hz   88 Hz  103.2 dB   61 l +  36 l    1x100mm   194 mm   692 µF
 28.0 Hz  50 Hz   89 Hz  103.8 dB   56 l +  36 l    1x100mm   181 mm   660 µF
 29.0 Hz  51 Hz   90 Hz  104.4 dB   51 l +  36 l    1x100mm   169 mm   629 µF
 30.0 Hz  52 Hz   91 Hz  105.0 dB   48 l +  36 l    1x100mm   158 mm   602 µF

-------------
sls8
            88.0dB           220W       1x70mm
   fu     fc      fo      SplMech  Vb1     Vb2       d         l        C
 17.4 Hz  36 Hz   77 Hz   91.8 dB   oo l +  19 l    1x70mm    390 mm  1297 µF
 18.0 Hz  37 Hz   77 Hz   92.4 dB  719 l +  19 l    1x70mm    370 mm  1240 µF
 19.0 Hz  39 Hz   79 Hz   93.3 dB  266 l +  19 l    1x70mm    341 mm  1153 µF
 20.0 Hz  40 Hz   80 Hz   94.2 dB  162 l +  19 l    1x70mm    314 mm  1077 µF
 21.0 Hz  41 Hz   82 Hz   95.1 dB  116 l +  19 l    1x70mm    291 mm  1009 µF
 22.0 Hz  43 Hz   83 Hz   95.9 dB   90 l +  19 l    1x70mm    270 mm   949 µF
 23.0 Hz  44 Hz   84 Hz   96.6 dB   73 l +  19 l    1x70mm    251 mm   894 µF
 24.0 Hz  45 Hz   85 Hz   97.4 dB   62 l +  19 l    1x70mm    234 mm   845 µF
 25.0 Hz  46 Hz   86 Hz   98.1 dB   53 l +  19 l    1x70mm    219 mm   800 µF
 26.0 Hz  48 Hz   88 Hz   98.8 dB   47 l +  19 l    1x70mm    205 mm   759 µF
 27.0 Hz  49 Hz   89 Hz   99.4 dB   42 l +  19 l    1x70mm    192 mm   722 µF
 28.0 Hz  50 Hz   90 Hz  100.1 dB   37 l +  19 l    1x70mm    180 mm   688 µF
 29.0 Hz  51 Hz   91 Hz  100.7 dB   34 l +  19 l    1x70mm    170 mm   656 µF
 30.0 Hz  52 Hz   92 Hz  101.3 dB   31 l +  19 l    1x70mm    160 mm   627 µF

