-------------
HDS106PPB
      84.8dB             40W
Rpre   Spl     SplMech Pmech SplEle      f3

0.20  84.5dB: (102.0dB    80W  98.9dB) @ 103Hz
              (105.0dB   161W  98.9dB) @ 123Hz
              (108.0dB   322W  98.9dB) @ 146Hz
0.60  84.2dB: (101.1dB    70W  98.7dB) @  98Hz
              (104.1dB   141W  98.7dB) @ 117Hz
              (107.1dB   281W  98.7dB) @ 139Hz
1.00  83.9dB: (100.3dB    62W  98.4dB) @  94Hz
              (103.3dB   124W  98.4dB) @ 112Hz
              (106.3dB   249W  98.4dB) @ 133Hz
-------------
HDS Nomex 164
      89.0dB             70W
Rpre   Spl     SplMech Pmech SplEle      f3

0.20  88.2dB: (112.3dB   321W 105.6dB) @  85Hz
              (115.3dB   643W 105.6dB) @ 101Hz
0.60  87.9dB: (111.4dB   279W 105.4dB) @  81Hz
              (114.4dB   558W 105.4dB) @  96Hz
1.00  87.7dB: (110.6dB   245W 105.1dB) @  77Hz
              (113.6dB   489W 105.1dB) @  92Hz
-------------
HDS Nomex 205
      89.0dB             70W
Rpre   Spl     SplMech Pmech SplEle      f3

0.20  88.3dB: (106.9dB    98W 105.5dB) @  53Hz
              (109.9dB   196W 105.5dB) @  63Hz
              (112.9dB   392W 105.5dB) @  75Hz
0.60  88.1dB: (105.9dB    82W 105.2dB) @  50Hz
              (108.9dB   165W 105.2dB) @  60Hz
              (111.9dB   330W 105.2dB) @  71Hz
              (114.9dB   659W 105.2dB) @  84Hz
1.00  87.8dB: (104.9dB    70W 104.9dB) @  47Hz
              (107.9dB   140W 104.9dB) @  56Hz
              (111.0dB   281W 104.9dB) @  67Hz
              (114.0dB   561W 104.9dB) @  80Hz
-------------
xxls10/4
      88.4dB            175W
Rpre   Spl     SplMech Pmech SplEle      f3

0.20  86.7dB: (123.4dB 14273W 104.2dB) @  67Hz
0.60  86.1dB: (121.1dB  9687W 103.7dB) @  59Hz
1.00  85.6dB: (119.1dB  6893W 103.1dB) @  53Hz
-------------
xxls10/8
      87.2dB            175W
Rpre   Spl     SplMech Pmech SplEle      f3

0.20  86.3dB: (113.4dB   712W 107.3dB) @  38Hz
              (116.4dB  1424W 107.3dB) @  45Hz
0.60  86.0dB: (112.4dB   595W 107.0dB) @  36Hz
              (115.4dB  1189W 107.0dB) @  42Hz
1.00  85.7dB: (111.4dB   502W 106.8dB) @  34Hz
              (114.4dB  1005W 106.8dB) @  40Hz
-------------
xxls10/8/dvc
      86.0dB            175W
Rpre   Spl     SplMech Pmech SplEle      f3

0.20  86.7dB: (117.3dB  3536W 104.3dB) @  48Hz
0.60  86.2dB: (115.1dB  2421W 103.7dB) @  42Hz
1.00  85.7dB: (113.2dB  1738W 103.2dB) @  38Hz
-------------
xxls10/alu
      90.3dB            200W
Rpre   Spl     SplMech Pmech SplEle      f3

0.20  86.2dB: (116.3dB  3204W 104.3dB) @  44Hz
0.60  85.6dB: (114.1dB  2195W 103.7dB) @  39Hz
1.00  85.1dB: (112.2dB  1577W 103.2dB) @  35Hz
-------------
xxls12/4
      90.3dB            175W
Rpre   Spl     SplMech Pmech SplEle      f3

0.20  87.9dB: (123.6dB 10642W 105.8dB) @  59Hz
0.60  87.4dB: (121.5dB  7410W 105.2dB) @  53Hz
1.00  86.9dB: (119.6dB  5380W 104.8dB) @  47Hz
-------------
xxls12/8
      88.0dB            175W
Rpre   Spl     SplMech Pmech SplEle      f3

0.20  87.1dB: (113.2dB   556W 108.2dB) @  33Hz
              (116.2dB  1112W 108.2dB) @  39Hz
0.60  86.8dB: (112.1dB   465W 107.9dB) @  31Hz
              (115.1dB   931W 107.9dB) @  36Hz
1.00  86.5dB: (111.1dB   394W 107.6dB) @  29Hz
              (114.2dB   788W 107.6dB) @  34Hz
              (117.2dB  1575W 107.6dB) @  41Hz
-------------
xxls12/8/dvc
      86.0dB            175W
Rpre   Spl     SplMech Pmech SplEle      f3

0.20  87.6dB: (116.9dB  2733W 104.9dB) @  40Hz
0.60  87.0dB: (114.6dB  1846W 104.3dB) @  35Hz
1.00  86.4dB: (112.6dB  1312W 103.8dB) @  31Hz
-------------
xxls12/alu
      91.2dB            200W
Rpre   Spl     SplMech Pmech SplEle      f3

0.20  86.2dB: (114.3dB  2026W 104.3dB) @  34Hz
0.60  85.6dB: (112.1dB  1390W 103.7dB) @  30Hz
1.00  85.1dB: (110.2dB  1000W 103.2dB) @  27Hz
-------------
sls12
      91.2dB            100W
Rpre   Spl     SplMech Pmech SplEle      f3

0.20  90.4dB: (114.2dB   337W 108.9dB) @  40Hz
              (117.2dB   675W 108.9dB) @  48Hz
0.60  90.1dB: (113.1dB   283W 108.6dB) @  38Hz
              (116.2dB   565W 108.6dB) @  45Hz
1.00  89.8dB: (112.2dB   240W 108.4dB) @  36Hz
              (115.2dB   479W 108.4dB) @  42Hz
              (118.2dB   959W 108.4dB) @  50Hz
-------------
sls6
      91.2dB             50W
Rpre   Spl     SplMech Pmech SplEle      f3

0.20  84.1dB: (112.8dB  2105W  96.5dB) @  76Hz
0.60  83.6dB: (110.7dB  1488W  96.0dB) @  67Hz
1.00  83.1dB: (108.9dB  1096W  95.5dB) @  61Hz
