-------------
HDS106PPB
      84.8dB                             40W
Rpre   Spl      qtc    Vb     SplMech Pmech SplEle      f3

0.20  84.5dB:   0.6   23.5l: (101.6dB    73W  98.9dB) @ 101Hz
                0.7    4.7l: (101.6dB    74W  98.9dB) @ 101Hz
                0.8    2.4l: (103.0dB   103W  98.9dB) @ 110Hz
                0.9    1.6l: (103.5dB   115W  98.9dB) @ 113Hz
                1.0    1.1l: (104.1dB   130W  98.9dB) @ 117Hz
                1.1    0.9l: (104.8dB   155W  98.9dB) @ 122Hz
                1.1    0.9l: (102.0dB    80W  98.9dB) @ 103Hz (  382uF)

0.60  84.2dB:   0.7    6.5l: (100.8dB    65W  98.7dB) @  96Hz
                0.8    3.0l: (102.2dB    90W  98.7dB) @ 104Hz
                0.9    1.9l: (102.6dB   100W  98.7dB) @ 107Hz
                1.0    1.3l: (103.2dB   114W  98.7dB) @ 111Hz
                1.1    1.0l: (104.0dB   136W  98.7dB) @ 116Hz
                1.1    1.0l: (101.1dB    70W  98.7dB) @  98Hz (  402uF)

1.00  83.9dB:   0.7    9.9l: (100.0dB    57W  98.4dB) @  92Hz
                0.8    3.8l: (101.4dB    79W  98.4dB) @ 100Hz
                0.9    2.2l: (101.8dB    89W  98.4dB) @ 103Hz
                1.0    1.5l: (102.4dB   101W  98.4dB) @ 106Hz
                1.1    1.1l: (103.2dB   120W  98.4dB) @ 111Hz
                1.1    1.1l: (100.3dB    62W  98.4dB) @  94Hz (  421uF)

-------------
HDS Nomex 164
      89.0dB                             70W
Rpre   Spl      qtc    Vb     SplMech Pmech SplEle      f3

0.20  88.2dB:   0.5   30.3l: (112.9dB   370W 105.6dB) @  88Hz
                0.6   13.9l: (111.9dB   293W 105.6dB) @  83Hz
                0.7    8.5l: (111.9dB   296W 105.6dB) @  83Hz
                0.8    5.8l: (113.3dB   410W 105.6dB) @  90Hz
                0.9    4.3l: (113.8dB   458W 105.6dB) @  93Hz
                1.0    3.3l: (114.4dB   521W 105.6dB) @  96Hz
                1.1    2.7l: (115.1dB   620W 105.6dB) @ 100Hz
                1.1    2.7l: (112.3dB   321W 105.6dB) @  85Hz (  407uF)

0.60  87.9dB:   0.5   40.7l: (112.0dB   321W 105.4dB) @  84Hz
                0.6   16.7l: (111.0dB   254W 105.4dB) @  79Hz
                0.7    9.9l: (111.0dB   257W 105.4dB) @  79Hz
                0.8    6.7l: (112.5dB   356W 105.4dB) @  86Hz
                0.9    4.9l: (112.9dB   398W 105.4dB) @  88Hz
                1.0    3.8l: (113.5dB   453W 105.4dB) @  91Hz
                1.1    3.0l: (114.2dB   538W 105.4dB) @  95Hz
                1.1    3.0l: (111.4dB   279W 105.4dB) @  81Hz (  428uF)

1.00  87.7dB:   0.5   57.4l: (111.2dB   281W 105.1dB) @  80Hz
                0.6   20.2l: (110.2dB   223W 105.1dB) @  75Hz
                0.7   11.4l: (110.2dB   226W 105.1dB) @  75Hz
                0.8    7.6l: (111.6dB   312W 105.1dB) @  82Hz
                0.9    5.5l: (112.1dB   349W 105.1dB) @  84Hz
                1.0    4.2l: (112.7dB   397W 105.1dB) @  87Hz
                1.1    3.4l: (113.4dB   472W 105.1dB) @  91Hz
                1.1    3.4l: (110.6dB   245W 105.1dB) @  77Hz (  449uF)

-------------
HDS Nomex 205
      89.0dB                             70W
Rpre   Spl      qtc    Vb     SplMech Pmech SplEle      f3

0.20  88.3dB:   0.5  115.5l: (107.5dB   113W 105.5dB) @  55Hz
                0.6   53.3l: (106.5dB    89W 105.5dB) @  52Hz
                0.7   32.6l: (106.6dB    90W 105.5dB) @  52Hz
                0.8   22.5l: (108.0dB   125W 105.5dB) @  57Hz
                0.9   16.7l: (108.5dB   140W 105.5dB) @  58Hz
                1.0   12.9l: (109.0dB   159W 105.5dB) @  60Hz
                1.1   10.3l: (109.8dB   189W 105.5dB) @  63Hz
                1.1   10.3l: (106.9dB    98W 105.5dB) @  53Hz (  704uF)

0.60  88.1dB:   0.5  163.9l: (106.5dB    95W 105.2dB) @  52Hz
                0.6   66.3l: (105.5dB    75W 105.2dB) @  49Hz
                0.7   38.9l: (105.5dB    76W 105.2dB) @  49Hz
                0.8   26.4l: (106.9dB   105W 105.2dB) @  53Hz
                0.9   19.3l: (107.4dB   118W 105.2dB) @  55Hz
                1.0   14.9l: (108.0dB   134W 105.2dB) @  57Hz
                1.1   11.8l: (108.7dB   159W 105.2dB) @  59Hz
                1.1   11.8l: (105.9dB    82W 105.2dB) @  50Hz (  747uF)

1.00  87.8dB:   0.5  251.8l: (105.5dB    81W 104.9dB) @  49Hz
                0.6   83.3l: (104.5dB    64W 104.9dB) @  46Hz
                0.7   46.5l: (104.6dB    65W 104.9dB) @  47Hz
                0.8   30.8l: (106.0dB    90W 104.9dB) @  50Hz
                0.9   22.3l: (106.5dB   100W 104.9dB) @  52Hz
                1.0   17.0l: (107.0dB   114W 104.9dB) @  54Hz
                1.1   13.5l: (107.8dB   135W 104.9dB) @  56Hz
                1.1   13.5l: (104.9dB    70W 104.9dB) @  47Hz (  790uF)

-------------
xxls10/4
      88.4dB                            175W
Rpre   Spl      qtc    Vb     SplMech Pmech SplEle      f3

0.20  86.7dB:   0.5   16.8l: (124.0dB 16424W 104.2dB) @  70Hz
                0.6   11.0l: (123.0dB 13012W 104.2dB) @  66Hz
                0.7    7.9l: (123.0dB 13165W 104.2dB) @  66Hz
                0.8    5.9l: (124.4dB 18215W 104.2dB) @  71Hz
                0.9    4.6l: (124.9dB 20360W 104.2dB) @  73Hz
                1.0    3.7l: (125.5dB 23154W 104.2dB) @  76Hz
                1.1    3.0l: (126.2dB 27539W 104.2dB) @  79Hz
                1.1    3.0l: (123.4dB 14273W 104.2dB) @  67Hz ( 1266uF)

0.60  86.1dB:   0.5   23.1l: (121.7dB 11147W 103.7dB) @  61Hz
                0.6   14.9l: (120.7dB  8832W 103.7dB) @  58Hz
                0.7   10.5l: (120.7dB  8935W 103.7dB) @  58Hz
                0.8    7.8l: (122.2dB 12363W 103.7dB) @  63Hz
                0.9    6.0l: (122.6dB 13819W 103.7dB) @  64Hz
                1.0    4.8l: (123.2dB 15715W 103.7dB) @  67Hz
                1.1    4.0l: (123.9dB 18691W 103.7dB) @  70Hz
                1.1    4.0l: (121.1dB  9687W 103.7dB) @  59Hz ( 1442uF)

1.00  85.6dB:   0.5   31.2l: (119.7dB  7932W 103.1dB) @  55Hz
                0.6   19.6l: (118.7dB  6284W 103.1dB) @  51Hz
                0.7   13.6l: (118.8dB  6358W 103.1dB) @  52Hz
                0.8   10.0l: (120.2dB  8796W 103.1dB) @  56Hz
                0.9    7.7l: (120.6dB  9832W 103.1dB) @  58Hz
                1.0    6.2l: (121.2dB 11182W 103.1dB) @  59Hz
                1.1    5.0l: (122.0dB 13299W 103.1dB) @  62Hz
                1.1    5.0l: (119.1dB  6893W 103.1dB) @  53Hz ( 1617uF)

-------------
xxls10/8
      87.2dB                            175W
Rpre   Spl      qtc    Vb     SplMech Pmech SplEle      f3

0.20  86.3dB:   0.5  496.9l: (114.0dB   819W 107.3dB) @  39Hz
                0.6  125.4l: (113.0dB   649W 107.3dB) @  37Hz
                0.7   66.6l: (113.1dB   657W 107.3dB) @  37Hz
                0.8   43.2l: (114.5dB   908W 107.3dB) @  40Hz
                0.9   30.9l: (115.0dB  1015W 107.3dB) @  41Hz
                1.0   23.4l: (115.5dB  1155W 107.3dB) @  43Hz
                1.1   18.5l: (116.3dB  1373W 107.3dB) @  45Hz
                1.1   18.5l: (113.4dB   712W 107.3dB) @  38Hz ( 1005uF)

0.60  86.0dB:   0.6  174.6l: (111.9dB   542W 107.0dB) @  35Hz
                0.7   83.6l: (112.0dB   548W 107.0dB) @  35Hz
                0.8   52.2l: (113.4dB   759W 107.0dB) @  38Hz
                0.9   36.6l: (113.9dB   848W 107.0dB) @  39Hz
                1.0   27.5l: (114.5dB   965W 107.0dB) @  40Hz
                1.1   21.5l: (115.2dB  1147W 107.0dB) @  42Hz
                1.1   21.5l: (112.4dB   595W 107.0dB) @  36Hz ( 1069uF)

1.00  85.7dB:   0.6  259.0l: (111.0dB   458W 106.8dB) @  33Hz
                0.7  106.2l: (111.0dB   463W 106.8dB) @  33Hz
                0.8   63.2l: (112.4dB   641W 106.8dB) @  36Hz
                0.9   43.3l: (112.9dB   717W 106.8dB) @  37Hz
                1.0   32.0l: (113.5dB   815W 106.8dB) @  38Hz
                1.1   24.9l: (114.2dB   969W 106.8dB) @  40Hz
                1.1   24.9l: (111.4dB   502W 106.8dB) @  34Hz ( 1132uF)

-------------
xxls10/8/dvc
      86.0dB                            175W
Rpre   Spl      qtc    Vb     SplMech Pmech SplEle      f3

0.20  86.7dB:   0.5   80.7l: (118.0dB  4069W 104.3dB) @  49Hz
                0.6   43.1l: (116.9dB  3224W 104.3dB) @  47Hz
                0.7   27.8l: (117.0dB  3262W 104.3dB) @  47Hz
                0.8   19.7l: (118.4dB  4513W 104.3dB) @  51Hz
                0.9   14.8l: (118.9dB  5044W 104.3dB) @  52Hz
                1.0   11.6l: (119.4dB  5737W 104.3dB) @  54Hz
                1.1    9.4l: (120.2dB  6823W 104.3dB) @  56Hz
                1.1    9.4l: (117.3dB  3536W 104.3dB) @  48Hz ( 1783uF)

0.60  86.2dB:   0.5  146.3l: (115.7dB  2786W 103.7dB) @  43Hz
                0.6   65.8l: (114.7dB  2207W 103.7dB) @  41Hz
                0.7   39.8l: (114.8dB  2233W 103.7dB) @  41Hz
                0.8   27.4l: (116.2dB  3090W 103.7dB) @  45Hz
                0.9   20.2l: (116.7dB  3454W 103.7dB) @  46Hz
                1.0   15.6l: (117.2dB  3928W 103.7dB) @  47Hz
                1.1   12.5l: (118.0dB  4672W 103.7dB) @  49Hz
                1.1   12.5l: (115.1dB  2421W 103.7dB) @  42Hz ( 2027uF)

1.00  85.7dB:   0.5  332.7l: (113.8dB  2000W 103.2dB) @  39Hz
                0.6  103.2l: (112.8dB  1584W 103.2dB) @  37Hz
                0.7   56.8l: (112.8dB  1603W 103.2dB) @  37Hz
                0.8   37.4l: (114.2dB  2218W 103.2dB) @  40Hz
                0.9   27.0l: (114.7dB  2479W 103.2dB) @  41Hz
                1.0   20.6l: (115.3dB  2819W 103.2dB) @  42Hz
                1.1   16.3l: (116.0dB  3353W 103.2dB) @  44Hz
                1.1   16.3l: (113.2dB  1738W 103.2dB) @  38Hz ( 2268uF)

-------------
xxls10/alu
      90.3dB                            200W
Rpre   Spl      qtc    Vb     SplMech Pmech SplEle      f3

0.20  86.2dB:   0.5   80.7l: (116.9dB  3687W 104.3dB) @  46Hz
                0.6   45.2l: (115.9dB  2921W 104.3dB) @  43Hz
                0.7   29.8l: (116.0dB  2956W 104.3dB) @  43Hz
                0.8   21.4l: (117.4dB  4089W 104.3dB) @  47Hz
                0.9   16.2l: (117.9dB  4571W 104.3dB) @  48Hz
                1.0   12.7l: (118.4dB  5198W 104.3dB) @  50Hz
                1.1   10.3l: (119.2dB  6182W 104.3dB) @  52Hz
                1.1   10.3l: (116.3dB  3204W 104.3dB) @  44Hz ( 1934uF)

0.60  85.6dB:   0.5  134.9l: (114.7dB  2526W 103.7dB) @  40Hz
                0.6   67.0l: (113.7dB  2001W 103.7dB) @  38Hz
                0.7   42.0l: (113.8dB  2025W 103.7dB) @  38Hz
                0.8   29.4l: (115.2dB  2802W 103.7dB) @  41Hz
                0.9   21.9l: (115.6dB  3132W 103.7dB) @  42Hz
                1.0   17.0l: (116.2dB  3561W 103.7dB) @  44Hz
                1.1   13.7l: (117.0dB  4236W 103.7dB) @  46Hz
                1.1   13.7l: (114.1dB  2195W 103.7dB) @  39Hz ( 2198uF)

1.00  85.1dB:   0.5  251.4l: (112.8dB  1814W 103.2dB) @  36Hz
                0.6  100.2l: (111.8dB  1437W 103.2dB) @  34Hz
                0.7   58.5l: (111.8dB  1454W 103.2dB) @  34Hz
                0.8   39.6l: (113.2dB  2012W 103.2dB) @  37Hz
                0.9   28.9l: (113.7dB  2249W 103.2dB) @  38Hz
                1.0   22.3l: (114.3dB  2558W 103.2dB) @  39Hz
                1.1   17.7l: (115.0dB  3042W 103.2dB) @  41Hz
                1.1   17.7l: (112.2dB  1577W 103.2dB) @  35Hz ( 2459uF)

-------------
xxls12/4
      90.3dB                            175W
Rpre   Spl      qtc    Vb     SplMech Pmech SplEle      f3

0.20  87.9dB:   0.5   33.1l: (124.2dB 12246W 105.8dB) @  61Hz
                0.6   21.6l: (123.2dB  9702W 105.8dB) @  58Hz
                0.7   15.3l: (123.3dB  9816W 105.8dB) @  58Hz
                0.8   11.4l: (124.7dB 13581W 105.8dB) @  63Hz
                0.9    8.9l: (125.2dB 15180W 105.8dB) @  65Hz
                1.0    7.1l: (125.7dB 17264W 105.8dB) @  67Hz
                1.1    5.9l: (126.5dB 20533W 105.8dB) @  70Hz
                1.1    5.9l: (123.6dB 10642W 105.8dB) @  59Hz ( 1332uF)

0.60  87.4dB:   0.5   44.8l: (122.1dB  8527W 105.2dB) @  54Hz
                0.6   28.6l: (121.1dB  6756W 105.2dB) @  51Hz
                0.7   20.0l: (121.2dB  6835W 105.2dB) @  51Hz
                0.8   14.9l: (122.6dB  9457W 105.2dB) @  56Hz
                0.9   11.5l: (123.0dB 10570W 105.2dB) @  57Hz
                1.0    9.2l: (123.6dB 12021W 105.2dB) @  59Hz
                1.1    7.5l: (124.4dB 14297W 105.2dB) @  62Hz
                1.1    7.5l: (121.5dB  7410W 105.2dB) @  53Hz ( 1504uF)

1.00  86.9dB:   0.5   59.7l: (120.2dB  6191W 104.8dB) @  49Hz
                0.6   37.1l: (119.2dB  4905W 104.8dB) @  46Hz
                0.7   25.7l: (119.3dB  4962W 104.8dB) @  46Hz
                0.8   18.9l: (120.7dB  6866W 104.8dB) @  50Hz
                0.9   14.6l: (121.2dB  7674W 104.8dB) @  52Hz
                1.0   11.6l: (121.7dB  8728W 104.8dB) @  53Hz
                1.1    9.5l: (122.5dB 10380W 104.8dB) @  56Hz
                1.1    9.5l: (119.6dB  5380W 104.8dB) @  47Hz ( 1675uF)

-------------
xxls12/8
      88.0dB                            175W
Rpre   Spl      qtc    Vb     SplMech Pmech SplEle      f3

0.20  87.1dB:   0.5  969.0l: (113.8dB   640W 108.2dB) @  34Hz
                0.6  238.4l: (112.8dB   507W 108.2dB) @  32Hz
                0.7  126.1l: (112.8dB   513W 108.2dB) @  32Hz
                0.8   81.7l: (114.2dB   709W 108.2dB) @  35Hz
                0.9   58.4l: (114.7dB   793W 108.2dB) @  36Hz
                1.0   44.3l: (115.3dB   902W 108.2dB) @  37Hz
                1.1   34.9l: (116.0dB  1073W 108.2dB) @  38Hz
                1.1   34.9l: (113.2dB   556W 108.2dB) @  33Hz ( 1153uF)

0.60  86.8dB:   0.6  331.5l: (111.7dB   424W 107.9dB) @  30Hz
                0.7  158.0l: (111.8dB   429W 107.9dB) @  30Hz
                0.8   98.5l: (113.2dB   594W 107.9dB) @  33Hz
                0.9   69.1l: (113.7dB   664W 107.9dB) @  33Hz
                1.0   51.8l: (114.2dB   755W 107.9dB) @  35Hz
                1.1   40.5l: (115.0dB   898W 107.9dB) @  36Hz
                1.1   40.5l: (112.1dB   465W 107.9dB) @  31Hz ( 1224uF)

1.00  86.5dB:   0.6  491.4l: (110.7dB   359W 107.6dB) @  28Hz
                0.7  200.3l: (110.8dB   363W 107.6dB) @  28Hz
                0.8  119.0l: (112.2dB   503W 107.6dB) @  31Hz
                0.9   81.5l: (112.7dB   562W 107.6dB) @  32Hz
                1.0   60.3l: (113.2dB   639W 107.6dB) @  33Hz
                1.1   46.8l: (114.0dB   760W 107.6dB) @  34Hz
                1.1   46.8l: (111.1dB   394W 107.6dB) @  29Hz ( 1296uF)

-------------
xxls12/8/dvc
      86.0dB                            175W
Rpre   Spl      qtc    Vb     SplMech Pmech SplEle      f3

0.20  87.6dB:   0.5  202.7l: (117.5dB  3145W 104.9dB) @  41Hz
                0.6   97.6l: (116.5dB  2491W 104.9dB) @  39Hz
                0.7   60.5l: (116.5dB  2521W 104.9dB) @  39Hz
                0.8   42.1l: (117.9dB  3487W 104.9dB) @  43Hz
                0.9   31.3l: (118.4dB  3898W 104.9dB) @  44Hz
                1.0   24.3l: (119.0dB  4433W 104.9dB) @  45Hz
                1.1   19.5l: (119.7dB  5273W 104.9dB) @  47Hz
                1.1   19.5l: (116.9dB  2733W 104.9dB) @  40Hz ( 2209uF)

0.60  87.0dB:   0.5  471.5l: (115.2dB  2124W 104.3dB) @  36Hz
                0.6  161.4l: (114.2dB  1683W 104.3dB) @  34Hz
                0.7   90.8l: (114.2dB  1703W 104.3dB) @  34Hz
                0.8   60.3l: (115.6dB  2356W 104.3dB) @  37Hz
                0.9   43.7l: (116.1dB  2634W 104.3dB) @  38Hz
                1.0   33.4l: (116.7dB  2995W 104.3dB) @  40Hz
                1.1   26.5l: (117.4dB  3562W 104.3dB) @  41Hz
                1.1   26.5l: (114.6dB  1846W 104.3dB) @  35Hz ( 2523uF)

1.00  86.4dB:   0.6  290.8l: (112.2dB  1196W 103.8dB) @  31Hz
                0.7  137.7l: (112.2dB  1210W 103.8dB) @  31Hz
                0.8   85.7l: (113.6dB  1674W 103.8dB) @  33Hz
                0.9   60.0l: (114.1dB  1871W 103.8dB) @  34Hz
                1.0   44.9l: (114.7dB  2128W 103.8dB) @  35Hz
                1.1   35.2l: (115.4dB  2531W 103.8dB) @  37Hz
                1.1   35.2l: (112.6dB  1312W 103.8dB) @  31Hz ( 2832uF)

-------------
xxls12/alu
      91.2dB                            200W
Rpre   Spl      qtc    Vb     SplMech Pmech SplEle      f3

0.20  86.2dB:   0.5  253.5l: (115.0dB  2331W 104.3dB) @  35Hz
                0.6  118.4l: (113.9dB  1847W 104.3dB) @  33Hz
                0.7   72.6l: (114.0dB  1869W 104.3dB) @  33Hz
                0.8   50.2l: (115.4dB  2586W 104.3dB) @  36Hz
                0.9   37.2l: (115.9dB  2890W 104.3dB) @  37Hz
                1.0   28.9l: (116.4dB  3287W 104.3dB) @  38Hz
                1.1   23.1l: (117.2dB  3909W 104.3dB) @  40Hz
                1.1   23.1l: (114.3dB  2026W 104.3dB) @  34Hz ( 2494uF)

0.60  85.6dB:   0.5  609.4l: (112.7dB  1600W 103.7dB) @  31Hz
                0.6  194.9l: (111.7dB  1268W 103.7dB) @  29Hz
                0.7  108.1l: (111.8dB  1282W 103.7dB) @  29Hz
                0.8   71.4l: (113.2dB  1774W 103.7dB) @  32Hz
                0.9   51.5l: (113.7dB  1983W 103.7dB) @  33Hz
                1.0   39.3l: (114.2dB  2255W 103.7dB) @  34Hz
                1.1   31.2l: (115.0dB  2683W 103.7dB) @  35Hz
                1.1   31.2l: (112.1dB  1390W 103.7dB) @  30Hz ( 2833uF)

1.00  85.1dB:   0.6  351.9l: (109.8dB   912W 103.2dB) @  26Hz
                0.7  162.9l: (109.8dB   922W 103.2dB) @  26Hz
                0.8  100.6l: (111.2dB  1276W 103.2dB) @  29Hz
                0.9   70.1l: (111.7dB  1427W 103.2dB) @  29Hz
                1.0   52.4l: (112.3dB  1622W 103.2dB) @  30Hz
                1.1   41.0l: (113.0dB  1930W 103.2dB) @  32Hz
                1.1   41.0l: (110.2dB  1000W 103.2dB) @  27Hz ( 3169uF)

-------------
sls12
      91.2dB                            100W
Rpre   Spl      qtc    Vb     SplMech Pmech SplEle      f3

0.20  90.4dB:   0.6  342.5l: (113.8dB   308W 108.9dB) @  39Hz
                0.7  164.8l: (113.8dB   311W 108.9dB) @  39Hz
                0.8  103.1l: (115.3dB   431W 108.9dB) @  43Hz
                0.9   72.4l: (115.7dB   481W 108.9dB) @  44Hz
                1.0   54.3l: (116.3dB   547W 108.9dB) @  45Hz
                1.1   42.5l: (117.1dB   651W 108.9dB) @  47Hz
                1.1   42.5l: (114.2dB   337W 108.9dB) @  40Hz (  969uF)

0.60  90.1dB:   0.6  519.8l: (112.7dB   258W 108.6dB) @  37Hz
                0.7  212.2l: (112.8dB   261W 108.6dB) @  37Hz
                0.8  126.1l: (114.2dB   361W 108.6dB) @  40Hz
                0.9   86.4l: (114.7dB   403W 108.6dB) @  41Hz
                1.0   63.9l: (115.2dB   459W 108.6dB) @  43Hz
                1.1   49.6l: (116.0dB   545W 108.6dB) @  44Hz
                1.1   49.6l: (113.1dB   283W 108.6dB) @  38Hz ( 1029uF)

1.00  89.8dB:   0.6  912.0l: (111.8dB   219W 108.4dB) @  35Hz
                0.7  278.8l: (111.8dB   221W 108.4dB) @  35Hz
                0.8  154.8l: (113.2dB   306W 108.4dB) @  38Hz
                0.9  102.9l: (113.7dB   342W 108.4dB) @  39Hz
                1.0   74.9l: (114.3dB   389W 108.4dB) @  40Hz
                1.1   57.5l: (115.0dB   462W 108.4dB) @  42Hz
                1.1   57.5l: (112.2dB   240W 108.4dB) @  36Hz ( 1089uF)

-------------
sls6
      91.2dB                             50W
Rpre   Spl      qtc    Vb     SplMech Pmech SplEle      f3

0.20  84.1dB:   0.5   10.3l: (113.4dB  2422W  96.5dB) @  78Hz
                0.6    5.7l: (112.4dB  1919W  96.5dB) @  74Hz
                0.7    3.8l: (112.4dB  1941W  96.5dB) @  74Hz
                0.8    2.7l: (113.8dB  2686W  96.5dB) @  80Hz
                0.9    2.0l: (114.3dB  3002W  96.5dB) @  83Hz
                1.0    1.6l: (114.9dB  3414W  96.5dB) @  85Hz
                1.1    1.3l: (115.6dB  4061W  96.5dB) @  89Hz
                1.1    1.3l: (112.8dB  2105W  96.5dB) @  76Hz ( 1046uF)

0.60  83.6dB:   0.5   16.6l: (111.3dB  1712W  96.0dB) @  70Hz
                0.6    8.2l: (110.3dB  1356W  96.0dB) @  66Hz
                0.7    5.2l: (110.4dB  1372W  96.0dB) @  66Hz
                0.8    3.6l: (111.8dB  1899W  96.0dB) @  71Hz
                0.9    2.7l: (112.3dB  2122W  96.0dB) @  73Hz
                1.0    2.1l: (112.8dB  2414W  96.0dB) @  76Hz
                1.1    1.7l: (113.6dB  2871W  96.0dB) @  79Hz
                1.1    1.7l: (110.7dB  1488W  96.0dB) @  67Hz ( 1177uF)

1.00  83.1dB:   0.5   29.3l: (109.5dB  1262W  95.5dB) @  63Hz
                0.6   11.9l: (108.5dB  1000W  95.5dB) @  59Hz
                0.7    7.0l: (108.6dB  1011W  95.5dB) @  59Hz
                0.8    4.8l: (110.0dB  1399W  95.5dB) @  64Hz
                0.9    3.5l: (110.5dB  1564W  95.5dB) @  66Hz
                1.0    2.7l: (111.0dB  1779W  95.5dB) @  68Hz
                1.1    2.1l: (111.8dB  2116W  95.5dB) @  71Hz
                1.1    2.1l: (108.9dB  1096W  95.5dB) @  61Hz ( 1306uF)

-------------
sls w 10-39/08
      88.7dB                             80W
Rpre   Spl      qtc    Vb     SplMech Pmech SplEle      f3

0.20  88.2dB:   0.6  231.2l: (111.4dB   298W 105.7dB) @  43Hz
                0.7   90.1l: (111.4dB   301W 105.7dB) @  43Hz
                0.8   52.9l: (112.9dB   417W 105.7dB) @  47Hz
                0.9   36.0l: (113.3dB   466W 105.7dB) @  48Hz
                1.0   26.5l: (113.9dB   530W 105.7dB) @  50Hz
                1.1   20.6l: (114.7dB   631W 105.7dB) @  52Hz
                1.1   20.6l: (111.8dB   327W 105.7dB) @  44Hz (  892uF)

0.60  87.9dB:   0.6  448.6l: (110.4dB   251W 105.4dB) @  41Hz
                0.7  121.3l: (110.4dB   254W 105.4dB) @  41Hz
                0.8   65.8l: (111.8dB   352W 105.4dB) @  44Hz
                0.9   43.4l: (112.3dB   393W 105.4dB) @  46Hz
                1.0   31.4l: (112.9dB   447W 105.4dB) @  47Hz
                1.1   24.1l: (113.6dB   532W 105.4dB) @  49Hz
                1.1   24.1l: (110.8dB   276W 105.4dB) @  42Hz (  946uF)

1.00  87.6dB:   0.7  170.1l: (109.5dB   217W 105.1dB) @  39Hz
                0.8   82.7l: (110.9dB   300W 105.1dB) @  42Hz
                0.9   52.2l: (111.4dB   336W 105.1dB) @  43Hz
                1.0   37.0l: (111.9dB   382W 105.1dB) @  45Hz
                1.1   28.0l: (112.7dB   454W 105.1dB) @  47Hz
                1.1   28.0l: (109.8dB   235W 105.1dB) @  40Hz ( 1000uF)

