-------------
b20-2002
      93.0dB            120W
Rpre   Spl     SplMech Pmech SplEle      f3

0.20  91.1dB: (117.2dB   597W 110.3dB) @  94Hz
              (120.3dB  1194W 110.3dB) @ 112Hz
0.60  90.8dB: (116.2dB   506W 110.0dB) @  89Hz
              (119.2dB  1012W 110.0dB) @ 106Hz
1.00  90.6dB: (115.3dB   434W 109.7dB) @  84Hz
              (118.3dB   868W 109.7dB) @ 100Hz
-------------
B25-3002
      91.0dB            200W
Rpre   Spl     SplMech Pmech SplEle      f3

0.20  90.3dB: (115.7dB   508W 111.6dB) @  75Hz
              (118.7dB  1015W 111.6dB) @  90Hz
0.60  90.0dB: (114.5dB   420W 111.3dB) @  71Hz
              (117.5dB   839W 111.3dB) @  84Hz
              (120.5dB  1678W 111.3dB) @ 100Hz
1.00  89.7dB: (113.5dB   351W 111.0dB) @  67Hz
              (116.5dB   703W 111.0dB) @  79Hz
              (119.5dB  1405W 111.0dB) @  94Hz
-------------
1280
      93.0dB            100W
Rpre   Spl     SplMech Pmech SplEle      f3

0.20  92.2dB: (117.0dB   405W 111.0dB) @ 144Hz
              (120.0dB   811W 111.0dB) @ 171Hz
0.60  91.9dB: (116.0dB   343W 110.7dB) @ 136Hz
              (119.0dB   685W 110.7dB) @ 161Hz
1.00  91.7dB: (115.1dB   293W 110.4dB) @ 128Hz
              (118.1dB   586W 110.4dB) @ 153Hz
