-------------
PDW21250
      95.0dB                           1000W
SplMech  Pmech SplEle     f3

109.3dB  2860W 104.7dB @  16Hz   19
111.3dB  2865W 106.7dB @  18Hz   17
113.2dB  2869W 108.6dB @  20Hz   15
114.8dB  2873W 110.2dB @  22Hz   14
116.3dB  2876W 111.7dB @  24Hz   12
117.7dB  2879W 113.1dB @  26Hz   11
119.0dB  2882W 114.4dB @  28Hz    9
120.2dB  2885W 115.6dB @  30Hz    8
121.3dB  2888W 116.7dB @  32Hz    7
122.4dB  2890W 117.8dB @  34Hz    6
123.4dB  2892W 118.7dB @  36Hz    5
124.3dB  2894W 119.7dB @  38Hz    4
125.2dB  2896W 120.6dB @  40Hz    3
126.0dB  2898W 121.4dB @  42Hz    2
126.8dB  2900W 122.2dB @  44Hz    2
127.6dB  2902W 123.0dB @  46Hz    1
128.4dB  2904W 123.7dB @  48Hz    0
