-------------
l8s800
      93.0dB                            170W
Rpre   Spl      qtc    Vb     SplMech Pmech SplEle      f3

0.20  91.8dB:   0.5   58.0l: (116.4dB   372W 113.0dB) @ 102Hz
                0.6   22.3l: (115.4dB   295W 113.0dB) @  96Hz
                0.7   12.9l: (115.4dB   298W 113.0dB) @  97Hz
                0.8    8.7l: (116.8dB   413W 113.0dB) @ 105Hz
                0.9    6.3l: (117.3dB   461W 113.0dB) @ 108Hz
                1.0    4.9l: (117.9dB   525W 113.0dB) @ 111Hz
                1.1    3.9l: (118.6dB   624W 113.0dB) @ 116Hz
                1.1    3.9l: (115.8dB   323W 113.0dB) @  99Hz (  368uF)

0.60  91.6dB:   0.5   93.4l: (115.4dB   318W 112.7dB) @  97Hz
                0.6   28.2l: (114.4dB   252W 112.7dB) @  91Hz
                0.7   15.5l: (114.5dB   255W 112.7dB) @  92Hz
                0.8   10.2l: (115.9dB   352W 112.7dB) @  99Hz
                0.9    7.3l: (116.3dB   394W 112.7dB) @ 102Hz
                1.0    5.6l: (116.9dB   448W 112.7dB) @ 105Hz
                1.1    4.4l: (117.7dB   533W 112.7dB) @ 110Hz
                1.1    4.4l: (114.8dB   276W 112.7dB) @  93Hz (  388uF)

1.00  91.3dB:   0.5  191.7l: (114.5dB   274W 112.4dB) @  92Hz
                0.6   36.3l: (113.5dB   217W 112.4dB) @  87Hz
                0.7   18.6l: (113.6dB   220W 112.4dB) @  87Hz
                0.8   11.9l: (115.0dB   304W 112.4dB) @  94Hz
                0.9    8.4l: (115.5dB   340W 112.4dB) @  97Hz
                1.0    6.4l: (116.0dB   386W 112.4dB) @ 100Hz
                1.1    5.0l: (116.8dB   459W 112.4dB) @ 105Hz
                1.1    5.0l: (113.9dB   238W 112.4dB) @  89Hz (  409uF)

