-------------
l8s800                                 93.0dB  170W                      1x70mm
Rpre   Spl         Vb      fb         SplMech Pmech  SplEle     f3       dv       lv

0.20  91.8dB:    19.9l @  61.9Hz  =>  112.0dB  136W 113.0dB @  63.1Hz   1x70mm    109 mm 
                 22.3l @  59.7Hz  =>  111.0dB  108W 113.0dB @  59.6Hz   1x70mm     92 mm 
                 25.0l @  57.6Hz  =>  110.0dB   86W 113.0dB @  56.3Hz   1x70mm     76 mm 
             *   28.0l @  55.6Hz  =>  109.0dB   69W 113.0dB @  53.2Hz   1x70mm     63 mm 
                 31.3l @  53.6Hz  =>  108.0dB   55W 113.0dB @  50.3Hz   1x70mm     50 mm 
                 35.1l @  51.7Hz  =>  107.1dB   44W 113.0dB @  47.5Hz   1x70mm     40 mm 
                 39.3l @  49.8Hz  =>  106.1dB   35W 113.0dB @  44.9Hz   1x70mm     30 mm 

0.60  91.6dB:    23.3l @  58.9Hz  =>  110.6dB  105W 112.7dB @  58.3Hz   1x70mm     85 mm 
                 26.1l @  56.8Hz  =>  109.6dB   84W 112.7dB @  55.1Hz   1x70mm     71 mm 
                 29.3l @  54.8Hz  =>  108.6dB   67W 112.7dB @  52.0Hz   1x70mm     58 mm 
             *   32.8l @  52.8Hz  =>  107.7dB   53W 112.7dB @  49.2Hz   1x70mm     46 mm 
                 36.7l @  50.9Hz  =>  106.7dB   42W 112.7dB @  46.5Hz   1x70mm     36 mm 
                 41.1l @  49.1Hz  =>  105.7dB   34W 112.7dB @  43.9Hz   1x70mm     26 mm 
                 46.0l @  47.4Hz  =>  104.7dB   27W 112.7dB @  41.5Hz + 1x100mm    68 mm 

1.00  91.3dB:    27.0l @  56.2Hz  =>  109.3dB   83W 112.4dB @  54.1Hz   1x70mm     67 mm 
                 30.3l @  54.2Hz  =>  108.3dB   66W 112.4dB @  51.1Hz   1x70mm     54 mm 
                 33.9l @  52.2Hz  =>  107.4dB   53W 112.4dB @  48.3Hz   1x70mm     43 mm 
             *   38.0l @  50.4Hz  =>  106.4dB   42W 112.4dB @  45.7Hz   1x70mm     33 mm 
                 42.5l @  48.6Hz  =>  105.4dB   34W 112.4dB @  43.1Hz   1x70mm     24 mm 
                 47.6l @  46.9Hz  =>  104.4dB   27W 112.4dB @  40.8Hz + 1x100mm    63 mm 
                 53.4l @  45.2Hz  =>  103.4dB   21W 112.4dB @  38.5Hz + 1x100mm    49 mm 

-------------
L21X451                                97.0dB 2000W                     4x100mm
Rpre   Spl         Vb      fb         SplMech Pmech  SplEle     f3       dv       lv

0.20  95.0dB:   255.5l @  31.9Hz  =>  127.1dB 2409W 126.3dB @  34.4Hz   4x100mm   321 mm 
                286.1l @  30.8Hz  =>  126.2dB 1921W 126.3dB @  32.5Hz   4x100mm   271 mm 
                320.5l @  29.7Hz  =>  125.2dB 1531W 126.3dB @  30.7Hz   4x100mm   226 mm 
             *  358.9l @  28.6Hz  =>  124.2dB 1221W 126.3dB @  29.0Hz   4x100mm   186 mm 
                402.0l @  27.6Hz  =>  123.2dB  973W 126.3dB @  27.4Hz   4x100mm   151 mm 
                450.2l @  26.6Hz  =>  122.2dB  776W 126.3dB @  25.9Hz   4x100mm   119 mm 
                504.2l @  25.7Hz  =>  121.2dB  618W 126.3dB @  24.5Hz   4x100mm    91 mm 
                564.8l @  24.8Hz  =>  120.3dB  493W 126.3dB @  23.1Hz   4x100mm    65 mm 
                632.5l @  23.9Hz  =>  119.3dB  393W 126.3dB @  21.8Hz   4x100mm    43 mm 
                708.4l @  23.0Hz  =>  118.3dB  313W 126.3dB @  20.6Hz   4x100mm    22 mm 
                793.4l @  22.2Hz  =>  117.3dB  250W 126.3dB @  19.5Hz + 5x100mm    25 mm 
                888.7l @  21.4Hz  =>  116.3dB  199W 126.3dB @  18.4Hz + 6x100mm    23 mm 

0.60  94.7dB:   307.9l @  30.1Hz  =>  125.5dB 1777W 126.0dB @  31.3Hz   4x100mm   242 mm 
                344.8l @  29.0Hz  =>  124.5dB 1417W 126.0dB @  29.6Hz   4x100mm   200 mm 
                386.2l @  28.0Hz  =>  123.6dB 1129W 126.0dB @  28.0Hz   4x100mm   163 mm 
             *  432.6l @  27.0Hz  =>  122.6dB  900W 126.0dB @  26.4Hz   4x100mm   130 mm 
                484.5l @  26.0Hz  =>  121.6dB  718W 126.0dB @  25.0Hz   4x100mm   100 mm 
                542.6l @  25.1Hz  =>  120.6dB  572W 126.0dB @  23.6Hz   4x100mm    74 mm 
                607.7l @  24.2Hz  =>  119.6dB  456W 126.0dB @  22.3Hz   4x100mm    50 mm 

1.00  94.5dB:   366.4l @  28.4Hz  =>  124.0dB 1339W 125.8dB @  28.7Hz   4x100mm   180 mm 
                410.4l @  27.4Hz  =>  123.0dB 1067W 125.8dB @  27.1Hz   4x100mm   145 mm 
                459.6l @  26.5Hz  =>  122.0dB  851W 125.8dB @  25.6Hz   4x100mm   114 mm 
             *  514.8l @  25.5Hz  =>  121.1dB  678W 125.8dB @  24.2Hz   4x100mm    86 mm 
                576.5l @  24.6Hz  =>  120.1dB  541W 125.8dB @  22.9Hz   4x100mm    61 mm 
                645.7l @  23.7Hz  =>  119.1dB  431W 125.8dB @  21.6Hz   4x100mm    39 mm 
                723.2l @  22.9Hz  =>  118.1dB  344W 125.8dB @  20.4Hz + 5x100mm    43 mm 

-------------
LF21N451                               98.5dB 1500W                     4x100mm
Rpre   Spl         Vb      fb         SplMech Pmech  SplEle     f3       dv       lv

0.20  97.4dB:    99.9l @  45.8Hz  =>  136.3dB 10971W 127.6dB @  58.1Hz - 3x100mm   653 mm 
                111.8l @  44.2Hz  =>  135.3dB 8746W 127.6dB @  54.9Hz - 3x100mm   569 mm 
             *  125.3l @  42.6Hz  =>  134.3dB 6972W 127.6dB @  51.9Hz   4x100mm   684 mm 
                140.3l @  41.1Hz  =>  133.3dB 5558W 127.6dB @  49.0Hz   4x100mm   595 mm 
                157.1l @  39.6Hz  =>  132.3dB 4431W 127.6dB @  46.3Hz   4x100mm   516 mm 
                176.0l @  38.2Hz  =>  131.4dB 3532W 127.6dB @  43.8Hz   4x100mm   445 mm 
                197.1l @  36.9Hz  =>  130.4dB 2816W 127.6dB @  41.4Hz   4x100mm   382 mm 
                220.8l @  35.5Hz  =>  129.4dB 2245W 127.6dB @  39.1Hz   4x100mm   325 mm 
                247.3l @  34.3Hz  =>  128.4dB 1790W 127.6dB @  36.9Hz   4x100mm   274 mm 
                276.9l @  33.1Hz  =>  127.4dB 1427W 127.6dB @  34.9Hz   4x100mm   229 mm 
                310.2l @  31.9Hz  =>  126.4dB 1137W 127.6dB @  33.0Hz   4x100mm   189 mm 
                347.4l @  30.7Hz  =>  125.4dB  907W 127.6dB @  31.2Hz   4x100mm   153 mm 
                389.1l @  29.6Hz  =>  124.5dB  723W 127.6dB @  29.5Hz   4x100mm   121 mm 
                435.8l @  28.6Hz  =>  123.5dB  576W 127.6dB @  27.8Hz   4x100mm    92 mm 
                488.1l @  27.6Hz  =>  122.5dB  459W 127.6dB @  26.3Hz   4x100mm    67 mm 
                546.6l @  26.6Hz  =>  121.5dB  366W 127.6dB @  24.8Hz   4x100mm    44 mm 
                612.2l @  25.6Hz  =>  120.5dB  292W 127.6dB @  23.5Hz   4x100mm    24 mm 
                685.7l @  24.7Hz  =>  119.5dB  233W 127.6dB @  22.2Hz + 5x100mm    27 mm 
                768.0l @  23.9Hz  =>  118.6dB  186W 127.6dB @  21.0Hz + 6x100mm    24 mm 

0.60  97.1dB:   107.0l @  44.8Hz  =>  135.7dB 10210W 127.3dB @  56.2Hz - 3x100mm   601 mm 
                119.9l @  43.2Hz  =>  134.7dB 8140W 127.3dB @  53.1Hz - 3x100mm   523 mm 
                134.3l @  41.7Hz  =>  133.7dB 6489W 127.3dB @  50.1Hz   4x100mm   629 mm 
             *  150.4l @  40.2Hz  =>  132.7dB 5173W 127.3dB @  47.4Hz   4x100mm   546 mm 
                168.4l @  38.8Hz  =>  131.7dB 4124W 127.3dB @  44.8Hz   4x100mm   471 mm 
                188.6l @  37.4Hz  =>  130.8dB 3287W 127.3dB @  42.3Hz   4x100mm   405 mm 
                211.3l @  36.0Hz  =>  129.8dB 2621W 127.3dB @  40.0Hz   4x100mm   346 mm 

1.00  96.9dB:   126.9l @  42.4Hz  =>  134.2dB 7726W 127.1dB @  51.6Hz   4x100mm   673 mm 
                142.2l @  40.9Hz  =>  133.2dB 6159W 127.1dB @  48.7Hz   4x100mm   585 mm 
                159.2l @  39.5Hz  =>  132.2dB 4910W 127.1dB @  46.0Hz   4x100mm   507 mm 
             *  178.3l @  38.1Hz  =>  131.2dB 3914W 127.1dB @  43.5Hz   4x100mm   437 mm 
                199.7l @  36.7Hz  =>  130.3dB 3120W 127.1dB @  41.1Hz   4x100mm   375 mm 
                223.7l @  35.4Hz  =>  129.3dB 2488W 127.1dB @  38.8Hz   4x100mm   319 mm 
                250.6l @  34.1Hz  =>  128.3dB 1983W 127.1dB @  36.7Hz   4x100mm   269 mm 

