-------------
L18S801
            99.5dB           700W      3x100mm
   fu     fc      fo      SplMech  Vb1     Vb2       d         l        C
 13.5 Hz  39 Hz  112 Hz  100.4 dB   oo l +  35 l  - 2x100mm   770 mm  2521 µF
 14.0 Hz  40 Hz  114 Hz  100.9 dB 4542 l +  35 l  - 2x100mm   732 mm  2412 µF
 15.0 Hz  42 Hz  116 Hz  102.1 dB 1410 l +  35 l  - 2x100mm   657 mm  2200 µF
 16.0 Hz  44 Hz  119 Hz  103.3 dB  827 l +  35 l  - 2x100mm   594 mm  2019 µF
 17.0 Hz  45 Hz  121 Hz  104.3 dB  582 l +  35 l  - 2x100mm   539 mm  1862 µF
 18.0 Hz  47 Hz  123 Hz  105.3 dB  446 l +  35 l    3x100mm   771 mm  1725 µF
 19.0 Hz  49 Hz  126 Hz  106.2 dB  361 l +  35 l    3x100mm   708 mm  1605 µF
 20.0 Hz  51 Hz  128 Hz  107.1 dB  302 l +  35 l    3x100mm   652 mm  1499 µF
 21.0 Hz  52 Hz  130 Hz  108.0 dB  259 l +  35 l    3x100mm   602 mm  1405 µF
 22.0 Hz  54 Hz  132 Hz  108.8 dB  226 l +  35 l    3x100mm   557 mm  1320 µF
 23.0 Hz  56 Hz  134 Hz  109.6 dB  201 l +  35 l    3x100mm   517 mm  1244 µF
 24.0 Hz  57 Hz  136 Hz  110.3 dB  180 l +  35 l    3x100mm   481 mm  1176 µF
 25.0 Hz  59 Hz  138 Hz  111.0 dB  163 l +  35 l    3x100mm   448 mm  1113 µF
 26.0 Hz  60 Hz  140 Hz  111.7 dB  149 l +  35 l    3x100mm   418 mm  1057 µF
 27.0 Hz  62 Hz  141 Hz  112.4 dB  136 l +  35 l    3x100mm   391 mm  1005 µF
 28.0 Hz  63 Hz  143 Hz  113.0 dB  126 l +  35 l    3x100mm   366 mm   957 µF
 29.0 Hz  65 Hz  145 Hz  113.6 dB  117 l +  35 l    3x100mm   343 mm   913 µF
 30.0 Hz  66 Hz  146 Hz  114.2 dB  109 l +  35 l    3x100mm   322 mm   873 µF

-------------
LF18G400
            97.5dB          1000W      3x100mm
   fu     fc      fo      SplMech  Vb1     Vb2       d         l        C
  9.3 Hz  28 Hz   84 Hz   92.7 dB   oo l +  52 l  * 1x100mm   489 mm  3649 µF
 10.0 Hz  29 Hz   86 Hz   93.9 dB 3834 l +  52 l  * 1x100mm   489 mm  3336 µF
 11.0 Hz  31 Hz   89 Hz   95.6 dB 1487 l +  52 l  - 2x100mm   797 mm  2938 µF
 12.0 Hz  33 Hz   91 Hz   97.1 dB  912 l +  52 l  - 2x100mm   698 mm  2616 µF
 13.0 Hz  35 Hz   94 Hz   98.5 dB  652 l +  52 l  - 2x100mm   616 mm  2351 µF
 14.0 Hz  37 Hz   96 Hz   99.8 dB  505 l +  52 l  - 2x100mm   547 mm  2130 µF
 15.0 Hz  38 Hz   98 Hz  101.0 dB  410 l +  52 l    3x100mm   768 mm  1943 µF
 16.0 Hz  40 Hz  100 Hz  102.1 dB  344 l +  52 l    3x100mm   693 mm  1783 µF
 17.0 Hz  42 Hz  102 Hz  103.1 dB  295 l +  52 l    3x100mm   628 mm  1644 µF
 18.0 Hz  43 Hz  104 Hz  104.1 dB  258 l +  52 l    3x100mm   572 mm  1524 µF
 19.0 Hz  45 Hz  106 Hz  105.1 dB  229 l +  52 l    3x100mm   523 mm  1418 µF
 20.0 Hz  46 Hz  108 Hz  106.0 dB  205 l +  52 l    3x100mm   479 mm  1324 µF
 21.0 Hz  48 Hz  110 Hz  106.8 dB  185 l +  52 l    3x100mm   440 mm  1240 µF
 22.0 Hz  50 Hz  112 Hz  107.6 dB  169 l +  52 l    3x100mm   405 mm  1166 µF
 23.0 Hz  51 Hz  113 Hz  108.4 dB  155 l +  52 l    3x100mm   374 mm  1099 µF
 24.0 Hz  52 Hz  115 Hz  109.1 dB  143 l +  52 l    3x100mm   346 mm  1038 µF
 25.0 Hz  54 Hz  116 Hz  109.8 dB  133 l +  52 l    3x100mm   320 mm   983 µF
 26.0 Hz  55 Hz  118 Hz  110.5 dB  124 l +  52 l    3x100mm   297 mm   933 µF
 27.0 Hz  57 Hz  119 Hz  111.2 dB  116 l +  52 l    3x100mm   275 mm   887 µF
 28.0 Hz  58 Hz  121 Hz  111.8 dB  109 l +  52 l    3x100mm   256 mm   845 µF
 29.0 Hz  60 Hz  122 Hz  112.4 dB  102 l +  52 l    3x100mm   238 mm   807 µF
 30.0 Hz  61 Hz  124 Hz  113.0 dB   96 l +  52 l    3x100mm   221 mm   771 µF

-------------
LF18G401
            98.0dB           900W      3x100mm
   fu     fc      fo      SplMech  Vb1     Vb2       d         l        C
 11.4 Hz  33 Hz   95 Hz  100.0 dB   oo l +  45 l  * 1x100mm   397 mm  3050 µF
 12.0 Hz  34 Hz   97 Hz  100.9 dB 4104 l +  45 l  - 2x100mm   777 mm  2863 µF
 13.0 Hz  36 Hz   99 Hz  102.3 dB 1446 l +  45 l  - 2x100mm   687 mm  2573 µF
 14.0 Hz  38 Hz  102 Hz  103.5 dB  869 l +  45 l  - 2x100mm   612 mm  2331 µF
 15.0 Hz  40 Hz  104 Hz  104.7 dB  617 l +  45 l  - 2x100mm   548 mm  2126 µF
 16.0 Hz  41 Hz  106 Hz  105.9 dB  476 l +  45 l    3x100mm   774 mm  1951 µF
 17.0 Hz  43 Hz  109 Hz  106.9 dB  386 l +  45 l    3x100mm   703 mm  1799 µF
 18.0 Hz  45 Hz  111 Hz  107.9 dB  323 l +  45 l    3x100mm   642 mm  1667 µF
 19.0 Hz  46 Hz  113 Hz  108.9 dB  277 l +  45 l    3x100mm   587 mm  1551 µF
 20.0 Hz  48 Hz  115 Hz  109.7 dB  243 l +  45 l    3x100mm   539 mm  1449 µF
 21.0 Hz  49 Hz  117 Hz  110.6 dB  215 l +  45 l    3x100mm   497 mm  1357 µF
 22.0 Hz  51 Hz  118 Hz  111.4 dB  193 l +  45 l    3x100mm   458 mm  1276 µF
 23.0 Hz  53 Hz  120 Hz  112.2 dB  174 l +  45 l    3x100mm   424 mm  1202 µF
 24.0 Hz  54 Hz  122 Hz  112.9 dB  159 l +  45 l    3x100mm   393 mm  1136 µF
 25.0 Hz  56 Hz  123 Hz  113.6 dB  146 l +  45 l    3x100mm   365 mm  1076 µF
 26.0 Hz  57 Hz  125 Hz  114.3 dB  135 l +  45 l    3x100mm   339 mm  1021 µF
 27.0 Hz  58 Hz  127 Hz  115.0 dB  125 l +  45 l    3x100mm   316 mm   971 µF
 28.0 Hz  60 Hz  128 Hz  115.6 dB  117 l +  45 l    3x100mm   294 mm   925 µF
 29.0 Hz  61 Hz  130 Hz  116.2 dB  109 l +  45 l    3x100mm   275 mm   883 µF
 30.0 Hz  63 Hz  131 Hz  116.8 dB  103 l +  45 l    3x100mm   256 mm   844 µF

-------------
LF18P300
            97.0dB          1000W      3x100mm
   fu     fc      fo      SplMech  Vb1     Vb2       d         l        C
 12.2 Hz  33 Hz   90 Hz   99.7 dB   oo l +  49 l  - 2x100mm   755 mm  2591 µF
 13.0 Hz  34 Hz   92 Hz  100.8 dB 2441 l +  49 l  - 2x100mm   682 mm  2372 µF
 14.0 Hz  36 Hz   94 Hz  102.1 dB 1097 l +  49 l  - 2x100mm   607 mm  2148 µF
 15.0 Hz  38 Hz   96 Hz  103.3 dB  701 l +  49 l  - 2x100mm   544 mm  1960 µF
 16.0 Hz  40 Hz   98 Hz  104.5 dB  512 l +  49 l    3x100mm   768 mm  1798 µF
 17.0 Hz  41 Hz  100 Hz  105.5 dB  402 l +  49 l    3x100mm   698 mm  1658 µF
 18.0 Hz  43 Hz  102 Hz  106.5 dB  329 l +  49 l    3x100mm   636 mm  1537 µF
 19.0 Hz  44 Hz  104 Hz  107.4 dB  278 l +  49 l    3x100mm   583 mm  1430 µF
 20.0 Hz  46 Hz  106 Hz  108.3 dB  240 l +  49 l    3x100mm   535 mm  1335 µF
 21.0 Hz  47 Hz  107 Hz  109.2 dB  211 l +  49 l    3x100mm   492 mm  1251 µF
 22.0 Hz  49 Hz  109 Hz  110.0 dB  188 l +  49 l    3x100mm   455 mm  1176 µF
 23.0 Hz  50 Hz  111 Hz  110.8 dB  169 l +  49 l    3x100mm   420 mm  1108 µF
 24.0 Hz  52 Hz  112 Hz  111.5 dB  153 l +  49 l    3x100mm   390 mm  1047 µF
 25.0 Hz  53 Hz  114 Hz  112.2 dB  140 l +  49 l    3x100mm   362 mm   992 µF
 26.0 Hz  55 Hz  115 Hz  112.9 dB  129 l +  49 l    3x100mm   336 mm   941 µF
 27.0 Hz  56 Hz  117 Hz  113.5 dB  119 l +  49 l    3x100mm   313 mm   895 µF
 28.0 Hz  58 Hz  118 Hz  114.2 dB  111 l +  49 l    3x100mm   291 mm   853 µF
 29.0 Hz  59 Hz  120 Hz  114.8 dB  103 l +  49 l    3x100mm   272 mm   814 µF
 30.0 Hz  60 Hz  121 Hz  115.4 dB   97 l +  49 l    3x100mm   254 mm   778 µF

-------------
LF18X401
            97.5dB          1500W      3x100mm
   fu     fc      fo      SplMech  Vb1     Vb2       d         l        C
 10.5 Hz  30 Hz   85 Hz   97.5 dB   oo l +  49 l  * 1x100mm   447 mm  2905 µF
 11.0 Hz  31 Hz   87 Hz   98.3 dB 4678 l +  49 l  * 1x100mm   447 mm  2744 µF
 12.0 Hz  33 Hz   89 Hz   99.8 dB 1451 l +  49 l  - 2x100mm   769 mm  2444 µF
 13.0 Hz  35 Hz   92 Hz  101.2 dB  849 l +  49 l  - 2x100mm   680 mm  2196 µF
 14.0 Hz  36 Hz   94 Hz  102.5 dB  596 l +  49 l  - 2x100mm   605 mm  1990 µF
 15.0 Hz  38 Hz   96 Hz  103.7 dB  456 l +  49 l  - 2x100mm   542 mm  1815 µF
 16.0 Hz  40 Hz   98 Hz  104.8 dB  368 l +  49 l    3x100mm   766 mm  1665 µF
 17.0 Hz  41 Hz  100 Hz  105.8 dB  307 l +  49 l    3x100mm   696 mm  1536 µF
 18.0 Hz  43 Hz  102 Hz  106.8 dB  263 l +  49 l    3x100mm   635 mm  1423 µF
 19.0 Hz  44 Hz  104 Hz  107.8 dB  230 l +  49 l    3x100mm   581 mm  1324 µF
 20.0 Hz  46 Hz  106 Hz  108.7 dB  203 l +  49 l    3x100mm   533 mm  1237 µF
 21.0 Hz  48 Hz  107 Hz  109.5 dB  182 l +  49 l    3x100mm   491 mm  1159 µF
 22.0 Hz  49 Hz  109 Hz  110.3 dB  164 l +  49 l    3x100mm   453 mm  1089 µF
 23.0 Hz  50 Hz  111 Hz  111.1 dB  150 l +  49 l    3x100mm   419 mm  1026 µF
 24.0 Hz  52 Hz  112 Hz  111.8 dB  137 l +  49 l    3x100mm   388 mm   970 µF
 25.0 Hz  53 Hz  114 Hz  112.5 dB  127 l +  49 l    3x100mm   360 mm   918 µF
 26.0 Hz  55 Hz  115 Hz  113.2 dB  117 l +  49 l    3x100mm   335 mm   872 µF
 27.0 Hz  56 Hz  117 Hz  113.9 dB  109 l +  49 l    3x100mm   312 mm   829 µF
 28.0 Hz  58 Hz  118 Hz  114.5 dB  102 l +  49 l    3x100mm   290 mm   790 µF
 29.0 Hz  59 Hz  120 Hz  115.1 dB   96 l +  49 l    3x100mm   271 mm   754 µF
 30.0 Hz  60 Hz  121 Hz  115.7 dB   90 l +  49 l    3x100mm   253 mm   720 µF

-------------
LF18X451
            97.0dB          1800W      3x100mm
   fu     fc      fo      SplMech  Vb1     Vb2       d         l        C
 10.2 Hz  30 Hz   88 Hz   99.0 dB   oo l +  34 l  * 1x100mm   674 mm  3110 µF
 11.0 Hz  32 Hz   91 Hz  100.3 dB 2042 l +  34 l  * 1x100mm   674 mm  2807 µF
 12.0 Hz  33 Hz   93 Hz  101.8 dB  902 l +  34 l  * 1x100mm   674 mm  2500 µF
 13.0 Hz  35 Hz   96 Hz  103.2 dB  573 l +  34 l  * 1x100mm   674 mm  2247 µF
 14.0 Hz  37 Hz   98 Hz  104.5 dB  417 l +  34 l  * 1x100mm   674 mm  2035 µF
 15.0 Hz  39 Hz  101 Hz  105.7 dB  326 l +  34 l  - 2x100mm   782 mm  1857 µF
 16.0 Hz  41 Hz  103 Hz  106.8 dB  266 l +  34 l  - 2x100mm   708 mm  1703 µF
 17.0 Hz  42 Hz  105 Hz  107.9 dB  225 l +  34 l  - 2x100mm   644 mm  1571 µF
 18.0 Hz  44 Hz  107 Hz  108.9 dB  194 l +  34 l  - 2x100mm   589 mm  1456 µF
 19.0 Hz  45 Hz  109 Hz  109.8 dB  170 l +  34 l  - 2x100mm   540 mm  1355 µF
 20.0 Hz  47 Hz  111 Hz  110.7 dB  151 l +  34 l    3x100mm   779 mm  1265 µF
 21.0 Hz  49 Hz  112 Hz  111.6 dB  136 l +  34 l    3x100mm   721 mm  1185 µF
 22.0 Hz  50 Hz  114 Hz  112.4 dB  123 l +  34 l    3x100mm   670 mm  1114 µF
 23.0 Hz  52 Hz  116 Hz  113.1 dB  112 l +  34 l    3x100mm   623 mm  1050 µF
 24.0 Hz  53 Hz  118 Hz  113.9 dB  103 l +  34 l    3x100mm   581 mm   992 µF
 25.0 Hz  55 Hz  119 Hz  114.6 dB   95 l +  34 l    3x100mm   543 mm   940 µF
 26.0 Hz  56 Hz  121 Hz  115.3 dB   88 l +  34 l    3x100mm   508 mm   892 µF
 27.0 Hz  57 Hz  122 Hz  115.9 dB   82 l +  34 l    3x100mm   477 mm   848 µF
 28.0 Hz  59 Hz  124 Hz  116.6 dB   77 l +  34 l    3x100mm   448 mm   808 µF
 29.0 Hz  60 Hz  125 Hz  117.2 dB   73 l +  34 l    3x100mm   421 mm   771 µF
 30.0 Hz  62 Hz  127 Hz  117.8 dB   68 l +  34 l    3x100mm   396 mm   737 µF

-------------
LF21N451
            98.5dB          1500W      4x100mm
   fu     fc      fo      SplMech  Vb1     Vb2       d         l        C
  9.8 Hz  30 Hz   92 Hz  101.4 dB   oo l +  51 l  * 2x100mm   907 mm  3230 µF
 10.0 Hz  30 Hz   92 Hz  101.7 dB 14926 l +  51 l  * 2x100mm   907 mm  3151 µF
 11.0 Hz  32 Hz   95 Hz  103.4 dB 2286 l +  51 l  * 2x100mm   907 mm  2775 µF
 12.0 Hz  34 Hz   98 Hz  104.9 dB 1221 l +  51 l  * 2x100mm   907 mm  2471 µF
 13.0 Hz  36 Hz  101 Hz  106.3 dB  825 l +  51 l  * 2x100mm   907 mm  2221 µF
 14.0 Hz  38 Hz  103 Hz  107.5 dB  619 l +  51 l  * 2x100mm   907 mm  2012 µF
 15.0 Hz  40 Hz  106 Hz  108.7 dB  493 l +  51 l  - 3x100mm   734 mm  1835 µF
 16.0 Hz  42 Hz  108 Hz  109.9 dB  408 l +  51 l  - 3x100mm   662 mm  1684 µF
 17.0 Hz  43 Hz  110 Hz  110.9 dB  347 l +  51 l  - 3x100mm   600 mm  1553 µF
 18.0 Hz  45 Hz  112 Hz  111.9 dB  301 l +  51 l    4x100mm   754 mm  1439 µF
 19.0 Hz  47 Hz  114 Hz  112.9 dB  266 l +  51 l    4x100mm   690 mm  1339 µF
 20.0 Hz  48 Hz  116 Hz  113.7 dB  237 l +  51 l    4x100mm   634 mm  1251 µF
 21.0 Hz  50 Hz  118 Hz  114.6 dB  213 l +  51 l    4x100mm   584 mm  1172 µF
 22.0 Hz  51 Hz  120 Hz  115.4 dB  194 l +  51 l    4x100mm   539 mm  1101 µF
 23.0 Hz  53 Hz  122 Hz  116.2 dB  178 l +  51 l    4x100mm   499 mm  1038 µF
 24.0 Hz  54 Hz  124 Hz  116.9 dB  163 l +  51 l    4x100mm   463 mm   981 µF
 25.0 Hz  56 Hz  125 Hz  117.6 dB  151 l +  51 l    4x100mm   430 mm   929 µF
 26.0 Hz  57 Hz  127 Hz  118.3 dB  141 l +  51 l    4x100mm   400 mm   881 µF
 27.0 Hz  59 Hz  128 Hz  119.0 dB  131 l +  51 l    4x100mm   372 mm   838 µF
 28.0 Hz  60 Hz  130 Hz  119.6 dB  123 l +  51 l    4x100mm   347 mm   798 µF
 29.0 Hz  62 Hz  132 Hz  120.2 dB  116 l +  51 l    4x100mm   324 mm   762 µF
 30.0 Hz  63 Hz  133 Hz  120.8 dB  109 l +  51 l    4x100mm   302 mm   728 µF

-------------
LF21X451
            97.0dB          2000W      4x100mm
   fu     fc      fo      SplMech  Vb1     Vb2       d         l        C
 11.0 Hz  28 Hz   72 Hz  103.3 dB   oo l + 105 l  - 3x100mm   709 mm  2510 µF
 11.0 Hz  28 Hz   72 Hz  103.4 dB 69958 l + 105 l  - 3x100mm   704 mm  2496 µF
 12.0 Hz  30 Hz   74 Hz  104.9 dB 2980 l + 105 l  - 3x100mm   612 mm  2223 µF
 13.0 Hz  31 Hz   76 Hz  106.3 dB 1502 l + 105 l    4x100mm   741 mm  1998 µF
 14.0 Hz  33 Hz   78 Hz  107.5 dB  995 l + 105 l    4x100mm   657 mm  1810 µF
 15.0 Hz  35 Hz   79 Hz  108.7 dB  740 l + 105 l    4x100mm   585 mm  1651 µF
 16.0 Hz  36 Hz   81 Hz  109.9 dB  586 l + 105 l    4x100mm   523 mm  1515 µF
 17.0 Hz  38 Hz   83 Hz  110.9 dB  483 l + 105 l    4x100mm   470 mm  1397 µF
 18.0 Hz  39 Hz   84 Hz  111.9 dB  410 l + 105 l    4x100mm   424 mm  1295 µF
 19.0 Hz  40 Hz   86 Hz  112.9 dB  355 l + 105 l    4x100mm   384 mm  1205 µF
 20.0 Hz  42 Hz   87 Hz  113.7 dB  313 l + 105 l    4x100mm   348 mm  1125 µF
 21.0 Hz  43 Hz   89 Hz  114.6 dB  279 l + 105 l    4x100mm   316 mm  1054 µF
 22.0 Hz  45 Hz   90 Hz  115.4 dB  251 l + 105 l    4x100mm   287 mm   991 µF
 23.0 Hz  46 Hz   92 Hz  116.2 dB  228 l + 105 l    4x100mm   261 mm   934 µF
 24.0 Hz  47 Hz   93 Hz  116.9 dB  209 l + 105 l    4x100mm   238 mm   882 µF
 25.0 Hz  49 Hz   94 Hz  117.6 dB  192 l + 105 l    4x100mm   217 mm   835 µF
 26.0 Hz  50 Hz   95 Hz  118.3 dB  178 l + 105 l    4x100mm   198 mm   793 µF
 27.0 Hz  51 Hz   97 Hz  119.0 dB  165 l + 105 l    4x100mm   180 mm   754 µF
 28.0 Hz  52 Hz   98 Hz  119.6 dB  154 l + 105 l    4x100mm   164 mm   718 µF
 29.0 Hz  54 Hz   99 Hz  120.2 dB  145 l + 105 l    4x100mm   149 mm   685 µF
 30.0 Hz  55 Hz  100 Hz  120.8 dB  136 l + 105 l    4x100mm   136 mm   655 µF

-------------
LF21N551
            97.0dB          2000W      4x100mm
   fu     fc      fo      SplMech  Vb1     Vb2       d         l        C
 13.0 Hz  35 Hz   94 Hz  106.9 dB   oo l +  44 l  * 2x100mm   759 mm  2320 µF
 13.0 Hz  35 Hz   94 Hz  106.9 dB 103292 l +  44 l  * 2x100mm   759 mm  2316 µF
 14.0 Hz  37 Hz   97 Hz  108.2 dB 1887 l +  44 l  * 2x100mm   759 mm  2098 µF
 15.0 Hz  39 Hz   99 Hz  109.4 dB  941 l +  44 l  * 2x100mm   759 mm  1914 µF
 16.0 Hz  40 Hz  101 Hz  110.5 dB  622 l +  44 l  * 2x100mm   759 mm  1756 µF
 17.0 Hz  42 Hz  103 Hz  111.6 dB  462 l +  44 l  - 3x100mm   778 mm  1620 µF
 18.0 Hz  44 Hz  105 Hz  112.6 dB  366 l +  44 l  - 3x100mm   710 mm  1501 µF
 19.0 Hz  45 Hz  107 Hz  113.5 dB  302 l +  44 l  - 3x100mm   651 mm  1396 µF
 20.0 Hz  47 Hz  109 Hz  114.4 dB  257 l +  44 l  - 3x100mm   599 mm  1304 µF
 21.0 Hz  48 Hz  111 Hz  115.2 dB  222 l +  44 l    4x100mm   764 mm  1222 µF
 22.0 Hz  50 Hz  113 Hz  116.1 dB  196 l +  44 l    4x100mm   708 mm  1148 µF
 23.0 Hz  51 Hz  114 Hz  116.8 dB  175 l +  44 l    4x100mm   658 mm  1082 µF
 24.0 Hz  53 Hz  116 Hz  117.6 dB  158 l +  44 l    4x100mm   613 mm  1023 µF
 25.0 Hz  54 Hz  117 Hz  118.3 dB  143 l +  44 l    4x100mm   572 mm   968 µF
 26.0 Hz  56 Hz  119 Hz  119.0 dB  131 l +  44 l    4x100mm   535 mm   919 µF
 27.0 Hz  57 Hz  120 Hz  119.6 dB  121 l +  44 l    4x100mm   501 mm   874 µF
 28.0 Hz  58 Hz  122 Hz  120.2 dB  112 l +  44 l    4x100mm   469 mm   833 µF
 29.0 Hz  60 Hz  123 Hz  120.9 dB  104 l +  44 l    4x100mm   441 mm   795 µF
 30.0 Hz  61 Hz  125 Hz  121.4 dB   97 l +  44 l    4x100mm   414 mm   759 µF

