-------------
L18S801
-------------
 99.5dB            16.7l (1.1)               700W
SplMech  Pmech SplEle     f3

           11W  87.1dB @  32Hz 
           14W  88.1dB @  32Hz 
           17W  89.1dB @  32Hz 
           22W  90.1dB @  32Hz 
           28W  91.2dB @  32Hz 
           35W  92.2dB @  32Hz 
           44W  93.2dB @  32Hz 
           55W  94.2dB @  32Hz 
           69W  95.2dB @  32Hz 
           87W  96.2dB @  32Hz 
          110W  97.2dB @  32Hz 
          139W  98.2dB @  32Hz 
          175W  99.2dB @  32Hz 
          220W 100.2dB @  32Hz 
          278W 101.2dB @  32Hz 
          350W 102.2dB @  32Hz 
          441W 103.2dB @  32Hz 
          555W 104.2dB @  32Hz 
          700W 105.2dB @  32Hz 
115.3dB  7169W 105.2dB @  32Hz   19
117.3dB  7181W 107.2dB @  36Hz   17
119.2dB  7191W 109.1dB @  40Hz   15
120.8dB  7200W 110.7dB @  44Hz   13
122.3dB  7209W 112.2dB @  48Hz   12
123.7dB  7217W 113.6dB @  52Hz   10
125.0dB  7224W 114.9dB @  56Hz    9
126.2dB  7231W 116.1dB @  60Hz    8
127.3dB  7237W 117.2dB @  64Hz    7
128.4dB  7243W 118.2dB @  68Hz    6
129.4dB  7249W 119.2dB @  72Hz    5
130.3dB  7255W 120.2dB @  76Hz    4
           11W 103.0dB @  80Hz 
           14W 104.0dB @  80Hz 
           17W 105.0dB @  80Hz 
           22W 106.0dB @  80Hz 
           28W 107.0dB @  80Hz 
           35W 108.0dB @  80Hz 
           44W 109.0dB @  80Hz 
           55W 110.0dB @  80Hz 
           69W 111.0dB @  80Hz 
           87W 112.0dB @  80Hz 
          110W 113.0dB @  80Hz 
          139W 114.0dB @  80Hz 
          175W 115.0dB @  80Hz 
          220W 116.0dB @  80Hz 
          278W 117.0dB @  80Hz 
          350W 118.1dB @  80Hz 
          441W 119.1dB @  80Hz 
          555W 120.1dB @  80Hz 
          700W 121.1dB @  80Hz 
131.2dB  7260W 121.1dB @  80Hz    3
-------------
LF18G400
-------------
 97.5dB            24.6l (1.1)              1000W
SplMech  Pmech SplEle     f3

109.1dB  2798W 104.7dB @  24Hz   19
111.8dB  2804W 107.3dB @  28Hz   17
           16W  91.6dB @  32Hz 
           20W  92.6dB @  32Hz 
           25W  93.6dB @  32Hz 
           31W  94.6dB @  32Hz 
           39W  95.6dB @  32Hz 
           50W  96.6dB @  32Hz 
           62W  97.6dB @  32Hz 
           79W  98.6dB @  32Hz 
           99W  99.6dB @  32Hz 
          125W 100.6dB @  32Hz 
          157W 101.6dB @  32Hz 
          198W 102.6dB @  32Hz 
          250W 103.6dB @  32Hz 
          315W 104.6dB @  32Hz 
          397W 105.6dB @  32Hz 
          500W 106.6dB @  32Hz 
          630W 107.6dB @  32Hz 
          793W 108.6dB @  32Hz 
         1000W 109.6dB @  32Hz 
114.1dB  2809W 109.6dB @  32Hz   15
116.2dB  2814W 111.7dB @  36Hz   12
118.0dB  2818W 113.5dB @  40Hz   11
119.7dB  2822W 115.2dB @  44Hz    9
121.2dB  2825W 116.7dB @  48Hz    7
122.6dB  2828W 118.0dB @  52Hz    6
123.8dB  2831W 119.3dB @  56Hz    5
125.0dB  2834W 120.5dB @  60Hz    4
126.2dB  2836W 121.6dB @  64Hz    3
127.2dB  2838W 122.7dB @  68Hz    1
128.2dB  2841W 123.7dB @  72Hz    0
129.2dB  2843W 124.6dB @  76Hz   -0
           16W 107.4dB @  80Hz 
           20W 108.4dB @  80Hz 
           25W 109.4dB @  80Hz 
           31W 110.5dB @  80Hz 
           39W 111.5dB @  80Hz 
           50W 112.5dB @  80Hz 
           62W 113.5dB @  80Hz 
           79W 114.5dB @  80Hz 
           99W 115.5dB @  80Hz 
          125W 116.5dB @  80Hz 
          157W 117.5dB @  80Hz 
          198W 118.5dB @  80Hz 
          250W 119.5dB @  80Hz 
          315W 120.5dB @  80Hz 
          397W 121.5dB @  80Hz 
          500W 122.5dB @  80Hz 
          630W 123.5dB @  80Hz 
          793W 124.5dB @  80Hz 
         1000W 125.5dB @  80Hz 
130.0dB  2845W 125.5dB @  80Hz   -1
-------------
LF18G401
-------------
 98.0dB            21.6l (1.1)               900W
SplMech  Pmech SplEle     f3

115.6dB  8769W 105.7dB @  28Hz   18
           14W  89.9dB @  32Hz 
           18W  91.0dB @  32Hz 
           22W  92.0dB @  32Hz 
           28W  93.0dB @  32Hz 
           35W  94.0dB @  32Hz 
           45W  95.0dB @  32Hz 
           56W  96.0dB @  32Hz 
           71W  97.0dB @  32Hz 
           89W  98.0dB @  32Hz 
          112W  99.0dB @  32Hz 
          142W 100.0dB @  32Hz 
          179W 101.0dB @  32Hz 
          225W 102.0dB @  32Hz 
          283W 103.0dB @  32Hz 
          357W 104.0dB @  32Hz 
          450W 105.0dB @  32Hz 
          567W 106.0dB @  32Hz 
          714W 107.0dB @  32Hz 
          900W 108.0dB @  32Hz 
117.9dB  8785W 108.0dB @  32Hz   16
120.0dB  8799W 110.1dB @  36Hz   14
121.8dB  8812W 111.9dB @  40Hz   12
123.4dB  8824W 113.5dB @  44Hz   11
124.9dB  8834W 115.0dB @  48Hz    9
126.3dB  8844W 116.4dB @  52Hz    8
127.6dB  8853W 117.7dB @  56Hz    6
128.8dB  8861W 118.9dB @  60Hz    5
129.9dB  8869W 120.0dB @  64Hz    4
131.0dB  8876W 121.1dB @  68Hz    3
132.0dB  8883W 122.1dB @  72Hz    2
132.9dB  8890W 123.0dB @  76Hz    1
           14W 105.8dB @  80Hz 
           18W 106.8dB @  80Hz 
           22W 107.8dB @  80Hz 
           28W 108.8dB @  80Hz 
           35W 109.8dB @  80Hz 
           45W 110.8dB @  80Hz 
           56W 111.8dB @  80Hz 
           71W 112.8dB @  80Hz 
           89W 113.8dB @  80Hz 
          112W 114.8dB @  80Hz 
          142W 115.8dB @  80Hz 
          179W 116.8dB @  80Hz 
          225W 117.9dB @  80Hz 
          283W 118.9dB @  80Hz 
          357W 119.9dB @  80Hz 
          450W 120.9dB @  80Hz 
          567W 121.9dB @  80Hz 
          714W 122.9dB @  80Hz 
          900W 123.9dB @  80Hz 
133.8dB  8896W 123.9dB @  80Hz    0
-------------
LF18P300
-------------
 97.0dB            23.7l (1.1)              1000W
SplMech  Pmech SplEle     f3

111.5dB  5004W 104.5dB @  24Hz   19
114.2dB  5015W 107.2dB @  28Hz   16
           16W  91.4dB @  32Hz 
           20W  92.4dB @  32Hz 
           25W  93.4dB @  32Hz 
           31W  94.4dB @  32Hz 
           39W  95.4dB @  32Hz 
           50W  96.4dB @  32Hz 
           62W  97.4dB @  32Hz 
           79W  98.4dB @  32Hz 
           99W  99.4dB @  32Hz 
          125W 100.5dB @  32Hz 
          157W 101.5dB @  32Hz 
          198W 102.5dB @  32Hz 
          250W 103.5dB @  32Hz 
          315W 104.5dB @  32Hz 
          397W 105.5dB @  32Hz 
          500W 106.5dB @  32Hz 
          630W 107.5dB @  32Hz 
          793W 108.5dB @  32Hz 
         1000W 109.5dB @  32Hz 
116.5dB  5024W 109.5dB @  32Hz   14
118.5dB  5032W 111.5dB @  36Hz   12
120.4dB  5039W 113.3dB @  40Hz   10
122.0dB  5046W 115.0dB @  44Hz    8
123.5dB  5052W 116.5dB @  48Hz    7
124.9dB  5057W 117.9dB @  52Hz    6
126.2dB  5063W 119.2dB @  56Hz    4
127.4dB  5067W 120.4dB @  60Hz    3
128.5dB  5072W 121.5dB @  64Hz    2
129.6dB  5076W 122.5dB @  68Hz    1
130.6dB  5080W 123.5dB @  72Hz   -0
131.5dB  5084W 124.5dB @  76Hz   -1
           16W 107.3dB @  80Hz 
           20W 108.3dB @  80Hz 
           25W 109.3dB @  80Hz 
           31W 110.3dB @  80Hz 
           39W 111.3dB @  80Hz 
           50W 112.3dB @  80Hz 
           62W 113.3dB @  80Hz 
           79W 114.3dB @  80Hz 
           99W 115.3dB @  80Hz 
          125W 116.3dB @  80Hz 
          157W 117.3dB @  80Hz 
          198W 118.3dB @  80Hz 
          250W 119.3dB @  80Hz 
          315W 120.3dB @  80Hz 
          397W 121.3dB @  80Hz 
          500W 122.3dB @  80Hz 
          630W 123.3dB @  80Hz 
          793W 124.3dB @  80Hz 
         1000W 125.3dB @  80Hz 
132.4dB  5087W 125.3dB @  80Hz   -2
-------------
LF18X401
-------------
 97.5dB            23.3l (1.1)              1500W
SplMech  Pmech SplEle     f3

111.8dB  4999W 106.6dB @  24Hz   19
114.5dB  5009W 109.3dB @  28Hz   16
           23W  93.5dB @  32Hz 
           30W  94.5dB @  32Hz 
           37W  95.5dB @  32Hz 
           47W  96.5dB @  32Hz 
           59W  97.5dB @  32Hz 
           74W  98.5dB @  32Hz 
           94W  99.5dB @  32Hz 
          118W 100.5dB @  32Hz 
          149W 101.5dB @  32Hz 
          187W 102.5dB @  32Hz 
          236W 103.5dB @  32Hz 
          298W 104.5dB @  32Hz 
          375W 105.6dB @  32Hz 
          472W 106.6dB @  32Hz 
          595W 107.6dB @  32Hz 
          750W 108.6dB @  32Hz 
          945W 109.6dB @  32Hz 
         1190W 110.6dB @  32Hz 
         1500W 111.6dB @  32Hz 
116.8dB  5018W 111.6dB @  32Hz   14
118.9dB  5026W 113.6dB @  36Hz   12
120.7dB  5034W 115.4dB @  40Hz   10
122.4dB  5040W 117.1dB @  44Hz    8
123.9dB  5046W 118.6dB @  48Hz    7
125.3dB  5052W 120.0dB @  52Hz    6
126.5dB  5057W 121.3dB @  56Hz    4
127.7dB  5062W 122.5dB @  60Hz    3
128.9dB  5066W 123.6dB @  64Hz    2
129.9dB  5070W 124.6dB @  68Hz    1
130.9dB  5074W 125.6dB @  72Hz   -0
131.8dB  5078W 126.5dB @  76Hz   -1
           23W 109.4dB @  80Hz 
           30W 110.4dB @  80Hz 
           37W 111.4dB @  80Hz 
           47W 112.4dB @  80Hz 
           59W 113.4dB @  80Hz 
           74W 114.4dB @  80Hz 
           94W 115.4dB @  80Hz 
          118W 116.4dB @  80Hz 
          149W 117.4dB @  80Hz 
          187W 118.4dB @  80Hz 
          236W 119.4dB @  80Hz 
          298W 120.4dB @  80Hz 
          375W 121.4dB @  80Hz 
          472W 122.4dB @  80Hz 
          595W 123.4dB @  80Hz 
          750W 124.4dB @  80Hz 
          945W 125.4dB @  80Hz 
         1190W 126.4dB @  80Hz 
         1500W 127.4dB @  80Hz 
132.7dB  5082W 127.4dB @  80Hz   -2
-------------
LF18X451
-------------
 97.0dB            16.2l (1.1)              1800W
SplMech  Pmech SplEle     f3

116.6dB 12283W 108.2dB @  28Hz   17
           28W  92.5dB @  32Hz 
           35W  93.5dB @  32Hz 
           45W  94.5dB @  32Hz 
           56W  95.5dB @  32Hz 
           71W  96.5dB @  32Hz 
           89W  97.5dB @  32Hz 
          112W  98.5dB @  32Hz 
          142W  99.5dB @  32Hz 
          179W 100.5dB @  32Hz 
          225W 101.5dB @  32Hz 
          283W 102.5dB @  32Hz 
          357W 103.5dB @  32Hz 
          450W 104.5dB @  32Hz 
          567W 105.5dB @  32Hz 
          714W 106.5dB @  32Hz 
          900W 107.5dB @  32Hz 
         1134W 108.5dB @  32Hz 
         1428W 109.5dB @  32Hz 
         1799W 110.5dB @  32Hz 
118.9dB 12305W 110.5dB @  32Hz   15
120.9dB 12325W 112.6dB @  36Hz   13
122.7dB 12343W 114.4dB @  40Hz   11
124.4dB 12359W 116.0dB @  44Hz   10
125.9dB 12374W 117.5dB @  48Hz    8
127.3dB 12387W 118.9dB @  52Hz    7
128.6dB 12400W 120.2dB @  56Hz    5
129.8dB 12412W 121.4dB @  60Hz    4
130.9dB 12423W 122.5dB @  64Hz    3
132.0dB 12433W 123.6dB @  68Hz    2
133.0dB 12443W 124.6dB @  72Hz    1
133.9dB 12452W 125.5dB @  76Hz    0
           28W 108.3dB @  80Hz 
           35W 109.3dB @  80Hz 
           45W 110.3dB @  80Hz 
           56W 111.3dB @  80Hz 
           71W 112.3dB @  80Hz 
           89W 113.3dB @  80Hz 
          112W 114.3dB @  80Hz 
          142W 115.3dB @  80Hz 
          179W 116.4dB @  80Hz 
          225W 117.4dB @  80Hz 
          283W 118.4dB @  80Hz 
          357W 119.4dB @  80Hz 
          450W 120.4dB @  80Hz 
          567W 121.4dB @  80Hz 
          714W 122.4dB @  80Hz 
          900W 123.4dB @  80Hz 
         1134W 124.4dB @  80Hz 
         1428W 125.4dB @  80Hz 
         1799W 126.4dB @  80Hz 
134.8dB 12461W 126.4dB @  80Hz   -1
-------------
LF21N451
-------------
 98.5dB            23.5l (1.1)              1500W
SplMech  Pmech SplEle     f3

119.6dB 17476W 108.9dB @  28Hz   19
           23W  93.2dB @  32Hz 
           30W  94.2dB @  32Hz 
           37W  95.2dB @  32Hz 
           47W  96.2dB @  32Hz 
           59W  97.2dB @  32Hz 
           74W  98.2dB @  32Hz 
           94W  99.2dB @  32Hz 
          118W 100.2dB @  32Hz 
          149W 101.2dB @  32Hz 
          187W 102.2dB @  32Hz 
          236W 103.2dB @  32Hz 
          298W 104.2dB @  32Hz 
          375W 105.2dB @  32Hz 
          472W 106.2dB @  32Hz 
          595W 107.2dB @  32Hz 
          750W 108.2dB @  32Hz 
          945W 109.2dB @  32Hz 
         1190W 110.2dB @  32Hz 
         1500W 111.2dB @  32Hz 
121.9dB 17508W 111.2dB @  32Hz   16
124.0dB 17536W 113.3dB @  36Hz   14
125.8dB 17562W 115.1dB @  40Hz   13
127.4dB 17585W 116.7dB @  44Hz   11
128.9dB 17606W 118.3dB @  48Hz    9
130.3dB 17625W 119.6dB @  52Hz    8
131.6dB 17643W 120.9dB @  56Hz    7
132.8dB 17660W 122.1dB @  60Hz    6
133.9dB 17675W 123.2dB @  64Hz    4
135.0dB 17690W 124.3dB @  68Hz    3
136.0dB 17704W 125.3dB @  72Hz    2
136.9dB 17717W 126.2dB @  76Hz    1
           23W 109.0dB @  80Hz 
           30W 110.0dB @  80Hz 
           37W 111.0dB @  80Hz 
           47W 112.0dB @  80Hz 
           59W 113.0dB @  80Hz 
           74W 114.1dB @  80Hz 
           94W 115.1dB @  80Hz 
          118W 116.1dB @  80Hz 
          149W 117.1dB @  80Hz 
          187W 118.1dB @  80Hz 
          236W 119.1dB @  80Hz 
          298W 120.1dB @  80Hz 
          375W 121.1dB @  80Hz 
          472W 122.1dB @  80Hz 
          595W 123.1dB @  80Hz 
          750W 124.1dB @  80Hz 
          945W 125.1dB @  80Hz 
         1190W 126.1dB @  80Hz 
         1500W 127.1dB @  80Hz 
137.8dB 17729W 127.1dB @  80Hz    1
-------------
LF21X451
-------------
 97.0dB            52.8l (1.1)              2000W
SplMech  Pmech SplEle     f3

           31W  91.1dB @  20Hz 
           39W  92.1dB @  20Hz 
           50W  93.1dB @  20Hz 
           62W  94.1dB @  20Hz 
           79W  95.1dB @  20Hz 
           99W  96.1dB @  20Hz 
          125W  97.1dB @  20Hz 
          157W  98.1dB @  20Hz 
          198W  99.2dB @  20Hz 
          250W 100.2dB @  20Hz 
          315W 101.2dB @  20Hz 
          397W 102.2dB @  20Hz 
          500W 103.2dB @  20Hz 
          630W 104.2dB @  20Hz 
          794W 105.2dB @  20Hz 
         1000W 106.2dB @  20Hz 
         1260W 107.2dB @  20Hz 
         1587W 108.2dB @  20Hz 
         1999W 109.2dB @  20Hz 
113.7dB  5707W 109.2dB @  20Hz   17
116.9dB  5722W 112.3dB @  24Hz   14
119.6dB  5734W 115.0dB @  28Hz   11
           31W  99.3dB @  32Hz 
           39W 100.3dB @  32Hz 
           50W 101.3dB @  32Hz 
           62W 102.3dB @  32Hz 
           79W 103.3dB @  32Hz 
           99W 104.3dB @  32Hz 
          125W 105.3dB @  32Hz 
          157W 106.3dB @  32Hz 
          198W 107.3dB @  32Hz 
          250W 108.3dB @  32Hz 
          315W 109.3dB @  32Hz 
          397W 110.3dB @  32Hz 
          500W 111.3dB @  32Hz 
          630W 112.3dB @  32Hz 
          794W 113.3dB @  32Hz 
         1000W 114.3dB @  32Hz 
         1260W 115.3dB @  32Hz 
         1587W 116.3dB @  32Hz 
         1999W 117.3dB @  32Hz 
121.9dB  5744W 117.3dB @  32Hz    9
124.0dB  5753W 119.4dB @  36Hz    7
125.8dB  5762W 121.2dB @  40Hz    5
127.4dB  5769W 122.8dB @  44Hz    4
128.9dB  5776W 124.3dB @  48Hz    2
130.3dB  5783W 125.7dB @  52Hz    1
131.6dB  5788W 127.0dB @  56Hz   -1
132.8dB  5794W 128.2dB @  60Hz   -2
133.9dB  5799W 129.3dB @  64Hz   -3
135.0dB  5804W 130.4dB @  68Hz   -4
136.0dB  5808W 131.4dB @  72Hz   -5
136.9dB  5813W 132.3dB @  76Hz   -6
           31W 115.1dB @  80Hz 
           39W 116.1dB @  80Hz 
           50W 117.1dB @  80Hz 
           62W 118.1dB @  80Hz 
           79W 119.1dB @  80Hz 
           99W 120.1dB @  80Hz 
          125W 121.1dB @  80Hz 
          157W 122.1dB @  80Hz 
          198W 123.2dB @  80Hz 
          250W 124.2dB @  80Hz 
          315W 125.2dB @  80Hz 
          397W 126.2dB @  80Hz 
          500W 127.2dB @  80Hz 
          630W 128.2dB @  80Hz 
          794W 129.2dB @  80Hz 
         1000W 130.2dB @  80Hz 
         1260W 131.2dB @  80Hz 
         1587W 132.2dB @  80Hz 
         1999W 133.2dB @  80Hz 
137.8dB  5817W 133.2dB @  80Hz   -7
-------------
LF21N551
-------------
 97.0dB            21.6l (1.1)              2000W
SplMech  Pmech SplEle     f3

117.6dB 22830W 107.0dB @  24Hz   20
120.2dB 22878W 109.7dB @  28Hz   17
           31W  93.9dB @  32Hz 
           39W  94.9dB @  32Hz 
           50W  95.9dB @  32Hz 
           62W  96.9dB @  32Hz 
           79W  97.9dB @  32Hz 
           99W  98.9dB @  32Hz 
          125W  99.9dB @  32Hz 
          157W 100.9dB @  32Hz 
          198W 101.9dB @  32Hz 
          250W 102.9dB @  32Hz 
          315W 103.9dB @  32Hz 
          397W 104.9dB @  32Hz 
          500W 106.0dB @  32Hz 
          630W 107.0dB @  32Hz 
          794W 108.0dB @  32Hz 
         1000W 109.0dB @  32Hz 
         1260W 110.0dB @  32Hz 
         1587W 111.0dB @  32Hz 
         1999W 112.0dB @  32Hz 
122.6dB 22920W 112.0dB @  32Hz   15
124.6dB 22957W 114.0dB @  36Hz   13
126.4dB 22990W 115.8dB @  40Hz   11
128.1dB 23020W 117.5dB @  44Hz    9
129.6dB 23048W 119.0dB @  48Hz    8
131.0dB 23073W 120.4dB @  52Hz    6
132.3dB 23096W 121.7dB @  56Hz    5
133.5dB 23118W 122.9dB @  60Hz    4
134.6dB 23139W 124.0dB @  64Hz    3
135.7dB 23158W 125.0dB @  68Hz    2
136.7dB 23176W 126.0dB @  72Hz    1
137.6dB 23193W 126.9dB @  76Hz   -0
           31W 109.8dB @  80Hz 
           39W 110.8dB @  80Hz 
           50W 111.8dB @  80Hz 
           62W 112.8dB @  80Hz 
           79W 113.8dB @  80Hz 
           99W 114.8dB @  80Hz 
          125W 115.8dB @  80Hz 
          157W 116.8dB @  80Hz 
          198W 117.8dB @  80Hz 
          250W 118.8dB @  80Hz 
          315W 119.8dB @  80Hz 
          397W 120.8dB @  80Hz 
          500W 121.8dB @  80Hz 
          630W 122.8dB @  80Hz 
          794W 123.8dB @  80Hz 
         1000W 124.8dB @  80Hz 
         1260W 125.8dB @  80Hz 
         1587W 126.8dB @  80Hz 
         1999W 127.8dB @  80Hz 
138.5dB 23209W 127.8dB @  80Hz   -1
-------------
L8S800
-------------
 93.0dB             3.9l (1.1)               170W
SplMech  Pmech SplEle     f3

 98.2dB   387W  94.7dB @  36Hz   18
100.1dB   388W  96.5dB @  40Hz   16
101.7dB   389W  98.1dB @  44Hz   15
103.2dB   389W  99.6dB @  48Hz   13
104.6dB   389W 101.0dB @  52Hz   12
105.9dB   390W 102.3dB @  56Hz   11
107.1dB   390W 103.5dB @  60Hz    9
108.2dB   391W 104.6dB @  64Hz    8
109.3dB   391W 105.7dB @  68Hz    7
110.3dB   391W 106.7dB @  72Hz    6
111.2dB   391W 107.6dB @  76Hz    5
            3W  90.4dB @  80Hz 
            3W  91.4dB @  80Hz 
            4W  92.4dB @  80Hz 
            5W  93.4dB @  80Hz 
            7W  94.4dB @  80Hz 
            8W  95.4dB @  80Hz 
           11W  96.4dB @  80Hz 
           13W  97.5dB @  80Hz 
           17W  98.5dB @  80Hz 
           21W  99.5dB @  80Hz 
           27W 100.5dB @  80Hz 
           34W 101.5dB @  80Hz 
           42W 102.5dB @  80Hz 
           54W 103.5dB @  80Hz 
           67W 104.5dB @  80Hz 
           85W 105.5dB @  80Hz 
          107W 106.5dB @  80Hz 
          135W 107.5dB @  80Hz 
          170W 108.5dB @  80Hz 
112.1dB   392W 108.5dB @  80Hz    4
-------------
LF15G401
-------------
 97.0dB             9.5l (1.1)               800W
SplMech  Pmech SplEle     f3

           12W  85.1dB @  32Hz 
           16W  86.1dB @  32Hz 
           20W  87.1dB @  32Hz 
           25W  88.1dB @  32Hz 
           31W  89.1dB @  32Hz 
           40W  90.1dB @  32Hz 
           50W  91.1dB @  32Hz 
           63W  92.1dB @  32Hz 
           79W  93.1dB @  32Hz 
          100W  94.1dB @  32Hz 
          126W  95.1dB @  32Hz 
          159W  96.1dB @  32Hz 
          200W  97.1dB @  32Hz 
          252W  98.2dB @  32Hz 
          317W  99.2dB @  32Hz 
          400W 100.2dB @  32Hz 
          504W 101.2dB @  32Hz 
          635W 102.2dB @  32Hz 
          800W 103.2dB @  32Hz 
111.6dB  5546W 103.2dB @  32Hz   19
113.6dB  5555W 105.2dB @  36Hz   17
115.5dB  5563W 107.0dB @  40Hz   16
117.1dB  5571W 108.7dB @  44Hz   14
118.6dB  5577W 110.2dB @  48Hz   12
120.0dB  5583W 111.6dB @  52Hz   11
121.3dB  5589W 112.9dB @  56Hz   10
122.5dB  5594W 114.1dB @  60Hz    9
123.6dB  5599W 115.2dB @  64Hz    7
124.7dB  5604W 116.2dB @  68Hz    6
125.7dB  5608W 117.2dB @  72Hz    5
126.6dB  5612W 118.1dB @  76Hz    4
           12W 101.0dB @  80Hz 
           16W 102.0dB @  80Hz 
           20W 103.0dB @  80Hz 
           25W 104.0dB @  80Hz 
           31W 105.0dB @  80Hz 
           40W 106.0dB @  80Hz 
           50W 107.0dB @  80Hz 
           63W 108.0dB @  80Hz 
           79W 109.0dB @  80Hz 
          100W 110.0dB @  80Hz 
          126W 111.0dB @  80Hz 
          159W 112.0dB @  80Hz 
          200W 113.0dB @  80Hz 
          252W 114.0dB @  80Hz 
          317W 115.0dB @  80Hz 
          400W 116.0dB @  80Hz 
          504W 117.0dB @  80Hz 
          635W 118.0dB @  80Hz 
          800W 119.0dB @  80Hz 
127.5dB  5616W 119.0dB @  80Hz    4
