*****************************************************************************
RE8 ||    0.0Ohm  0.24  81.2dB  131W  1x70 mm
 fu     fc      fo      SplMech  Vb1     Vb2       d         l        C
  7.1 Hz  23 Hz   73 Hz   78.9 dB   oo l +   3 l  * 1x40 mm  2207 mm  4079 uF
 15.0 Hz  37 Hz   94 Hz   91.8 dB   16 l +   3 l  * 1x40 mm   798 mm  1511 uF
 16.0 Hz  39 Hz   96 Hz   92.9 dB   14 l +   3 l  * 1x40 mm   729 mm  1387 uF
 17.0 Hz  41 Hz   98 Hz   94.0 dB   12 l +   3 l  * 1x40 mm   670 mm  1279 uF
 18.0 Hz  42 Hz   99 Hz   95.0 dB   11 l +   3 l  * 1x40 mm   619 mm  1185 uF

RE8 ||    2.7Ohm  0.29  81.2dB  131W  1x70 mm
 fu     fc      fo      SplMech  Vb1     Vb2       d         l        C
  7.7 Hz  23 Hz   67 Hz   80.3 dB   oo l +   4 l  * 1x40 mm  1599 mm  3481 uF
 13.0 Hz  32 Hz   80 Hz   89.3 dB   27 l +   4 l  * 1x40 mm   781 mm  1735 uF
 14.0 Hz  34 Hz   82 Hz   90.6 dB   22 l +   4 l  * 1x40 mm   704 mm  1572 uF
 15.0 Hz  36 Hz   84 Hz   91.8 dB   19 l +   4 l  * 1x40 mm   639 mm  1433 uF
 16.0 Hz  37 Hz   86 Hz   92.9 dB   16 l +   4 l  * 1x40 mm   584 mm  1315 uF
 17.0 Hz  39 Hz   88 Hz   94.0 dB   14 l +   4 l  * 1x40 mm   536 mm  1213 uF
 18.0 Hz  40 Hz   89 Hz   95.0 dB   13 l +   4 l  - 1x50 mm   783 mm  1124 uF

RE8 ||    6.8Ohm  0.31  81.2dB  131W  1x70 mm
 fu     fc      fo      SplMech  Vb1     Vb2       d         l        C
  8.1 Hz  23 Hz   65 Hz   81.0 dB   oo l +   5 l  * 1x40 mm  1338 mm  3190 uF
 12.0 Hz  30 Hz   74 Hz   87.9 dB   39 l +   5 l  * 1x40 mm   773 mm  1875 uF
 13.0 Hz  31 Hz   76 Hz   89.3 dB   30 l +   5 l  * 1x40 mm   691 mm  1685 uF
 14.0 Hz  33 Hz   78 Hz   90.6 dB   25 l +   5 l  * 1x40 mm   623 mm  1527 uF
 15.0 Hz  35 Hz   79 Hz   91.8 dB   21 l +   5 l  * 1x40 mm   566 mm  1392 uF
 16.0 Hz  36 Hz   81 Hz   92.9 dB   18 l +   5 l  * 1x40 mm   516 mm  1278 uF
 17.0 Hz  38 Hz   83 Hz   94.0 dB   16 l +   5 l  - 1x50 mm   750 mm  1178 uF
 18.0 Hz  39 Hz   84 Hz   95.0 dB   14 l +   5 l  - 1x50 mm   692 mm  1092 uF

RE8 || 100000.0Ohm  0.36  81.2dB  131W  1x70 mm
 fu     fc      fo      SplMech  Vb1     Vb2       d         l        C
  8.6 Hz  23 Hz   60 Hz   82.2 dB   oo l +   7 l  * 1x40 mm  1002 mm  2772 uF
 11.0 Hz  27 Hz   65 Hz   86.4 dB   71 l +   7 l  * 1x40 mm   717 mm  2009 uF
 12.0 Hz  28 Hz   67 Hz   87.9 dB   49 l +   7 l  * 1x40 mm   635 mm  1789 uF
 13.0 Hz  30 Hz   69 Hz   89.3 dB   37 l +   7 l  * 1x40 mm   568 mm  1608 uF
 14.0 Hz  31 Hz   71 Hz   90.6 dB   30 l +   7 l  * 1x40 mm   511 mm  1457 uF
 15.0 Hz  33 Hz   72 Hz   91.8 dB   25 l +   7 l  - 1x50 mm   734 mm  1329 uF
 16.0 Hz  34 Hz   74 Hz   92.9 dB   21 l +   7 l  - 1x50 mm   671 mm  1219 uF
 17.0 Hz  36 Hz   75 Hz   94.0 dB   18 l +   7 l  - 1x50 mm   615 mm  1124 uF
 18.0 Hz  37 Hz   77 Hz   95.0 dB   16 l +   7 l  - 1x50 mm   567 mm  1042 uF

*****************************************************************************
RE10 ||    0.0Ohm  0.25  84.7dB  131W 1x100 mm
 fu     fc      fo      SplMech  Vb1     Vb2       d         l        C
  6.8 Hz  22 Hz   68 Hz   82.4 dB   oo l +   9 l  * 1x50 mm  1297 mm  4212 uF
 10.0 Hz  28 Hz   77 Hz   89.1 dB  113 l +   9 l  * 1x50 mm   761 mm  2522 uF
 11.0 Hz  30 Hz   80 Hz   90.8 dB   84 l +   9 l  * 1x50 mm   665 mm  2221 uF
 12.0 Hz  31 Hz   82 Hz   92.3 dB   67 l +   9 l  * 1x50 mm   588 mm  1978 uF
 13.0 Hz  33 Hz   84 Hz   93.7 dB   55 l +   9 l  * 1x50 mm   524 mm  1778 uF
 14.0 Hz  35 Hz   86 Hz   95.0 dB   47 l +   9 l  * 1x50 mm   471 mm  1610 uF
 15.0 Hz  36 Hz   88 Hz   96.2 dB   40 l +   9 l  * 1x50 mm   426 mm  1469 uF
 16.0 Hz  38 Hz   90 Hz   97.3 dB   36 l +   9 l  - 1x70 mm   783 mm  1348 uF
 17.0 Hz  40 Hz   92 Hz   98.3 dB   32 l +   9 l  - 1x70 mm   718 mm  1243 uF
 18.0 Hz  41 Hz   94 Hz   99.3 dB   28 l +   9 l  - 1x70 mm   661 mm  1152 uF

RE10 ||    2.7Ohm  0.29  84.7dB  131W 1x100 mm
 fu     fc      fo      SplMech  Vb1     Vb2       d         l        C
  7.4 Hz  22 Hz   63 Hz   83.8 dB   oo l +  13 l  * 1x50 mm   934 mm  3594 uF
  9.0 Hz  25 Hz   67 Hz   87.3 dB  247 l +  13 l  * 1x50 mm   706 mm  2753 uF
 10.0 Hz  26 Hz   69 Hz   89.1 dB  150 l +  13 l  * 1x50 mm   608 mm  2392 uF
 11.0 Hz  28 Hz   72 Hz   90.8 dB  107 l +  13 l  * 1x50 mm   531 mm  2107 uF
 12.0 Hz  30 Hz   74 Hz   92.3 dB   83 l +  13 l  * 1x50 mm   468 mm  1876 uF
 13.0 Hz  31 Hz   76 Hz   93.7 dB   67 l +  13 l  * 1x50 mm   417 mm  1686 uF
 14.0 Hz  33 Hz   78 Hz   95.0 dB   56 l +  13 l  - 1x70 mm   755 mm  1527 uF
 15.0 Hz  35 Hz   79 Hz   96.2 dB   48 l +  13 l  - 1x70 mm   684 mm  1393 uF
 16.0 Hz  36 Hz   81 Hz   97.3 dB   42 l +  13 l  - 1x70 mm   623 mm  1278 uF
 17.0 Hz  38 Hz   83 Hz   98.3 dB   37 l +  13 l  - 1x70 mm   570 mm  1179 uF
 18.0 Hz  39 Hz   84 Hz   99.3 dB   33 l +  13 l  - 1x70 mm   524 mm  1093 uF

RE10 ||    6.8Ohm  0.32  84.7dB  131W 1x100 mm
 fu     fc      fo      SplMech  Vb1     Vb2       d         l        C
  7.7 Hz  22 Hz   60 Hz   84.6 dB   oo l +  15 l  * 1x50 mm   778 mm  3294 uF
  8.0 Hz  22 Hz   61 Hz   85.2 dB 1435 l +  15 l  * 1x50 mm   737 mm  3129 uF
  9.0 Hz  24 Hz   63 Hz   87.3 dB  326 l +  15 l  * 1x50 mm   624 mm  2674 uF
 10.0 Hz  26 Hz   66 Hz   89.1 dB  181 l +  15 l  * 1x50 mm   537 mm  2324 uF
 11.0 Hz  27 Hz   68 Hz   90.8 dB  124 l +  15 l  * 1x50 mm   468 mm  2046 uF
 12.0 Hz  29 Hz   70 Hz   92.3 dB   94 l +  15 l  * 1x50 mm   412 mm  1822 uF
 13.0 Hz  30 Hz   72 Hz   93.7 dB   75 l +  15 l  - 1x70 mm   741 mm  1638 uF
 14.0 Hz  32 Hz   73 Hz   95.0 dB   62 l +  15 l  - 1x70 mm   666 mm  1484 uF
 15.0 Hz  34 Hz   75 Hz   96.2 dB   53 l +  15 l  - 1x70 mm   602 mm  1353 uF
 16.0 Hz  35 Hz   77 Hz   97.3 dB   46 l +  15 l  - 1x70 mm   548 mm  1242 uF
 17.0 Hz  36 Hz   78 Hz   98.3 dB   40 l +  15 l  - 1x70 mm   501 mm  1145 uF
 18.0 Hz  38 Hz   80 Hz   99.3 dB   36 l +  15 l  - 1x70 mm   460 mm  1061 uF

RE10 || 100000.0Ohm  0.37  84.7dB  131W 1x100 mm
 fu     fc      fo      SplMech  Vb1     Vb2       d         l        C
  8.3 Hz  22 Hz   56 Hz   85.8 dB   oo l +  21 l  * 1x50 mm   577 mm  2861 uF
  9.0 Hz  23 Hz   58 Hz   87.3 dB  623 l +  21 l  * 1x50 mm   510 mm  2552 uF
 10.0 Hz  24 Hz   60 Hz   89.1 dB  260 l +  21 l  * 1x50 mm   438 mm  2217 uF
 11.0 Hz  26 Hz   62 Hz   90.8 dB  162 l +  21 l  - 1x70 mm   769 mm  1953 uF
 12.0 Hz  28 Hz   63 Hz   92.3 dB  117 l +  21 l  - 1x70 mm   679 mm  1739 uF
 13.0 Hz  29 Hz   65 Hz   93.7 dB   91 l +  21 l  - 1x70 mm   605 mm  1563 uF
 14.0 Hz  31 Hz   67 Hz   95.0 dB   74 l +  21 l  - 1x70 mm   542 mm  1416 uF
 15.0 Hz  32 Hz   68 Hz   96.2 dB   62 l +  21 l  - 1x70 mm   490 mm  1291 uF
 16.0 Hz  33 Hz   70 Hz   97.3 dB   53 l +  21 l  - 1x70 mm   445 mm  1185 uF
 17.0 Hz  35 Hz   71 Hz   98.3 dB   47 l +  21 l  - 1x70 mm   406 mm  1093 uF
 18.0 Hz  36 Hz   73 Hz   99.3 dB   41 l +  21 l    1x100 mm  794 mm  1013 uF

*****************************************************************************
RE12 ||    0.0Ohm  0.27  87.3dB  131W 2x100 mm
 fu     fc      fo      SplMech  Vb1     Vb2       d         l        C
  6.6 Hz  20 Hz   61 Hz   85.6 dB   oo l +  26 l  * 1x70 mm  1042 mm  4229 uF
  8.0 Hz  23 Hz   65 Hz   89.1 dB  597 l +  26 l  * 1x70 mm   785 mm  3241 uF
  9.0 Hz  25 Hz   68 Hz   91.1 dB  345 l +  26 l  * 1x70 mm   663 mm  2770 uF
 10.0 Hz  27 Hz   70 Hz   92.9 dB  240 l +  26 l  * 1x70 mm   569 mm  2407 uF
 11.0 Hz  28 Hz   73 Hz   94.6 dB  183 l +  26 l  * 1x70 mm   494 mm  2119 uF
 12.0 Hz  30 Hz   75 Hz   96.1 dB  147 l +  26 l  * 1x70 mm   434 mm  1887 uF
 13.0 Hz  32 Hz   77 Hz   97.5 dB  122 l +  26 l  * 1x70 mm   384 mm  1696 uF
 14.0 Hz  33 Hz   79 Hz   98.8 dB  104 l +  26 l  - 1x100 mm  734 mm  1537 uF
 15.0 Hz  35 Hz   80 Hz  100.0 dB   90 l +  26 l  - 1x100 mm  662 mm  1402 uF
 16.0 Hz  36 Hz   82 Hz  101.1 dB   80 l +  26 l  - 1x100 mm  601 mm  1286 uF
 17.0 Hz  38 Hz   84 Hz  102.2 dB   71 l +  26 l  - 1x100 mm  548 mm  1186 uF
 18.0 Hz  39 Hz   86 Hz  103.2 dB   64 l +  26 l  - 1x100 mm  502 mm  1099 uF

RE12 ||    2.7Ohm  0.31  87.3dB  131W 2x100 mm
 fu     fc      fo      SplMech  Vb1     Vb2       d         l        C
  7.1 Hz  20 Hz   56 Hz   87.0 dB   oo l +  36 l  * 1x70 mm   745 mm  3612 uF
  8.0 Hz  22 Hz   59 Hz   89.1 dB 1041 l +  36 l  * 1x70 mm   626 mm  3075 uF
  9.0 Hz  23 Hz   61 Hz   91.1 dB  486 l +  36 l  * 1x70 mm   527 mm  2628 uF
 10.0 Hz  25 Hz   63 Hz   92.9 dB  313 l +  36 l  * 1x70 mm   450 mm  2283 uF
 11.0 Hz  27 Hz   65 Hz   94.6 dB  229 l +  36 l  * 1x70 mm   390 mm  2011 uF
 12.0 Hz  28 Hz   67 Hz   96.1 dB  179 l +  36 l  - 1x100 mm  730 mm  1791 uF
 13.0 Hz  30 Hz   69 Hz   97.5 dB  146 l +  36 l  - 1x100 mm  648 mm  1609 uF
 14.0 Hz  31 Hz   71 Hz   98.8 dB  123 l +  36 l  - 1x100 mm  580 mm  1458 uF
 15.0 Hz  33 Hz   72 Hz  100.0 dB  106 l +  36 l  - 1x100 mm  522 mm  1330 uF
 16.0 Hz  34 Hz   74 Hz  101.1 dB   93 l +  36 l  - 1x100 mm  472 mm  1220 uF
 17.0 Hz  36 Hz   76 Hz  102.2 dB   82 l +  36 l  - 1x100 mm  429 mm  1125 uF
 18.0 Hz  37 Hz   77 Hz  103.2 dB   74 l +  36 l  - 1x100 mm  392 mm  1043 uF

RE12 ||    6.8Ohm  0.34  87.3dB  131W 2x100 mm
 fu     fc      fo      SplMech  Vb1     Vb2       d         l        C
  7.4 Hz  20 Hz   54 Hz   87.7 dB   oo l +  43 l  * 1x70 mm   617 mm  3312 uF
  8.0 Hz  21 Hz   55 Hz   89.1 dB 1672 l +  43 l  * 1x70 mm   551 mm  2987 uF
  9.0 Hz  23 Hz   58 Hz   91.1 dB  612 l +  43 l  * 1x70 mm   463 mm  2553 uF
 10.0 Hz  24 Hz   60 Hz   92.9 dB  369 l +  43 l  * 1x70 mm   395 mm  2218 uF
 11.0 Hz  26 Hz   62 Hz   94.6 dB  262 l +  43 l  - 1x100 mm  730 mm  1954 uF
 12.0 Hz  28 Hz   63 Hz   96.1 dB  201 l +  43 l  - 1x100 mm  642 mm  1740 uF
 13.0 Hz  29 Hz   65 Hz   97.5 dB  163 l +  43 l  - 1x100 mm  569 mm  1564 uF
 14.0 Hz  31 Hz   67 Hz   98.8 dB  136 l +  43 l  - 1x100 mm  508 mm  1416 uF
 15.0 Hz  32 Hz   68 Hz  100.0 dB  116 l +  43 l  - 1x100 mm  456 mm  1292 uF
 16.0 Hz  33 Hz   70 Hz  101.1 dB  101 l +  43 l  - 1x100 mm  412 mm  1185 uF
 17.0 Hz  35 Hz   71 Hz  102.2 dB   90 l +  43 l    2x100 mm  789 mm  1093 uF
 18.0 Hz  36 Hz   73 Hz  103.2 dB   80 l +  43 l    2x100 mm  723 mm  1013 uF

RE12 || 100000.0Ohm  0.39  87.3dB  131W 2x100 mm
 fu     fc      fo      SplMech  Vb1     Vb2       d         l        C
  7.9 Hz  20 Hz   50 Hz   88.9 dB   oo l +  56 l  * 1x70 mm   453 mm  2881 uF
  8.0 Hz  20 Hz   51 Hz   89.1 dB 17609 l +  56 l  * 1x70 mm   448 mm  2851 uF
  9.0 Hz  22 Hz   53 Hz   91.1 dB  999 l +  56 l  - 1x100 mm  799 mm  2437 uF
 10.0 Hz  23 Hz   54 Hz   92.9 dB  505 l +  56 l  - 1x100 mm  684 mm  2118 uF
 11.0 Hz  25 Hz   56 Hz   94.6 dB  334 l +  56 l  - 1x100 mm  593 mm  1865 uF
 12.0 Hz  26 Hz   58 Hz   96.1 dB  248 l +  56 l  - 1x100 mm  519 mm  1661 uF
 13.0 Hz  28 Hz   59 Hz   97.5 dB  196 l +  56 l  - 1x100 mm  458 mm  1492 uF
 14.0 Hz  29 Hz   61 Hz   98.8 dB  161 l +  56 l  - 1x100 mm  408 mm  1352 uF
 15.0 Hz  31 Hz   62 Hz  100.0 dB  136 l +  56 l    2x100 mm  772 mm  1233 uF
 16.0 Hz  32 Hz   64 Hz  101.1 dB  118 l +  56 l    2x100 mm  699 mm  1132 uF
 17.0 Hz  33 Hz   65 Hz  102.2 dB  103 l +  56 l    2x100 mm  636 mm  1044 uF
 18.0 Hz  35 Hz   66 Hz  103.2 dB   92 l +  56 l    2x100 mm  581 mm   967 uF

*****************************************************************************
SR10 ||    0.0Ohm  0.26  85.3dB  225W 1x100 mm
 fu     fc      fo      SplMech  Vb1     Vb2       d         l        C
  8.1 Hz  25 Hz   79 Hz   88.7 dB   oo l +   4 l  * 1x50 mm  2194 mm  6198 uF
 17.0 Hz  41 Hz  101 Hz  101.5 dB   18 l +   4 l  * 1x50 mm   794 mm  2313 uF
 18.0 Hz  43 Hz  103 Hz  102.5 dB   16 l +   4 l  * 1x50 mm   732 mm  2143 uF

SR10 ||    2.7Ohm  0.32  85.3dB  225W 1x100 mm
 fu     fc      fo      SplMech  Vb1     Vb2       d         l        C
  9.1 Hz  25 Hz   71 Hz   90.6 dB   oo l +   6 l  * 1x50 mm  1398 mm  4973 uF
 14.0 Hz  34 Hz   82 Hz   98.2 dB   39 l +   6 l  * 1x50 mm   765 mm  2784 uF
 15.0 Hz  35 Hz   84 Hz   99.4 dB   32 l +   6 l  * 1x50 mm   694 mm  2539 uF
 16.0 Hz  37 Hz   85 Hz  100.5 dB   27 l +   6 l  * 1x50 mm   634 mm  2330 uF
 17.0 Hz  38 Hz   87 Hz  101.5 dB   24 l +   6 l  * 1x50 mm   582 mm  2149 uF
 18.0 Hz  40 Hz   89 Hz  102.5 dB   21 l +   6 l  * 1x50 mm   536 mm  1991 uF

SR10 ||    6.8Ohm  0.35  85.3dB  225W 1x100 mm
 fu     fc      fo      SplMech  Vb1     Vb2       d         l        C
  9.4 Hz  25 Hz   68 Hz   91.3 dB   oo l +   7 l  * 1x50 mm  1182 mm  4584 uF
 13.0 Hz  31 Hz   75 Hz   96.9 dB   58 l +   7 l  * 1x50 mm   757 mm  2991 uF
 14.0 Hz  33 Hz   77 Hz   98.2 dB   45 l +   7 l  * 1x50 mm   682 mm  2709 uF
 15.0 Hz  34 Hz   79 Hz   99.4 dB   36 l +   7 l  * 1x50 mm   619 mm  2471 uF
 16.0 Hz  36 Hz   81 Hz  100.5 dB   30 l +   7 l  * 1x50 mm   565 mm  2268 uF
 17.0 Hz  37 Hz   83 Hz  101.5 dB   26 l +   7 l  * 1x50 mm   518 mm  2091 uF
 18.0 Hz  39 Hz   84 Hz  102.5 dB   23 l +   7 l  * 1x50 mm   477 mm  1938 uF

SR10 || 100000.0Ohm  0.38  85.3dB  225W 1x100 mm
 fu     fc      fo      SplMech  Vb1     Vb2       d         l        C
  9.9 Hz  25 Hz   65 Hz   92.2 dB   oo l +   9 l  * 1x50 mm   965 mm  4157 uF
 12.0 Hz  29 Hz   69 Hz   95.5 dB  107 l +   9 l  * 1x50 mm   739 mm  3221 uF
 13.0 Hz  30 Hz   71 Hz   96.9 dB   71 l +   9 l  * 1x50 mm   660 mm  2895 uF
 14.0 Hz  32 Hz   72 Hz   98.2 dB   53 l +   9 l  * 1x50 mm   594 mm  2623 uF
 15.0 Hz  33 Hz   74 Hz   99.4 dB   42 l +   9 l  * 1x50 mm   538 mm  2392 uF
 16.0 Hz  35 Hz   76 Hz  100.5 dB   35 l +   9 l  * 1x50 mm   491 mm  2195 uF
 17.0 Hz  36 Hz   77 Hz  101.5 dB   29 l +   9 l  * 1x50 mm   449 mm  2024 uF
 18.0 Hz  38 Hz   79 Hz  102.5 dB   25 l +   9 l  * 1x50 mm   413 mm  1876 uF

*****************************************************************************
SR12 ||    0.0Ohm  0.27  86.2dB  225W 1x100 mm
 fu     fc      fo      SplMech  Vb1     Vb2       d         l        C
  7.7 Hz  24 Hz   72 Hz   91.7 dB   oo l +  12 l  * 1x50 mm   820 mm  6367 uF
  8.0 Hz  24 Hz   73 Hz   92.2 dB 1844 l +  12 l  * 1x50 mm   782 mm  6086 uF
  9.0 Hz  26 Hz   76 Hz   94.3 dB  379 l +  12 l  * 1x50 mm   663 mm  5202 uF
 10.0 Hz  28 Hz   78 Hz   96.1 dB  208 l +  12 l  * 1x50 mm   570 mm  4520 uF
 11.0 Hz  30 Hz   81 Hz   97.8 dB  142 l +  12 l  * 1x50 mm   498 mm  3981 uF
 12.0 Hz  32 Hz   83 Hz   99.3 dB  107 l +  12 l  * 1x50 mm   439 mm  3545 uF
 13.0 Hz  33 Hz   86 Hz  100.7 dB   85 l +  12 l  - 1x70 mm   787 mm  3186 uF
 14.0 Hz  35 Hz   88 Hz  102.0 dB   70 l +  12 l  - 1x70 mm   708 mm  2886 uF
 15.0 Hz  37 Hz   90 Hz  103.2 dB   60 l +  12 l  - 1x70 mm   641 mm  2632 uF
 16.0 Hz  38 Hz   92 Hz  104.3 dB   52 l +  12 l  - 1x70 mm   583 mm  2415 uF
 17.0 Hz  40 Hz   94 Hz  105.3 dB   46 l +  12 l  - 1x70 mm   534 mm  2228 uF
 18.0 Hz  41 Hz   95 Hz  106.3 dB   41 l +  12 l  - 1x70 mm   490 mm  2064 uF

SR12 ||    2.7Ohm  0.33  86.2dB  225W 1x100 mm
 fu     fc      fo      SplMech  Vb1     Vb2       d         l        C
  8.6 Hz  24 Hz   65 Hz   93.5 dB   oo l +  19 l  * 1x50 mm   516 mm  5118 uF
  9.0 Hz  24 Hz   65 Hz   94.3 dB 1461 l +  19 l  * 1x50 mm   485 mm  4837 uF
 10.0 Hz  26 Hz   68 Hz   96.1 dB  390 l +  19 l  * 1x50 mm   416 mm  4203 uF
 11.0 Hz  28 Hz   70 Hz   97.8 dB  222 l +  19 l  - 1x70 mm   732 mm  3701 uF
 12.0 Hz  29 Hz   72 Hz   99.3 dB  154 l +  19 l  - 1x70 mm   645 mm  3296 uF
 13.0 Hz  31 Hz   74 Hz  100.7 dB  117 l +  19 l  - 1x70 mm   574 mm  2962 uF
 14.0 Hz  33 Hz   76 Hz  102.0 dB   94 l +  19 l  - 1x70 mm   515 mm  2683 uF
 15.0 Hz  34 Hz   78 Hz  103.2 dB   78 l +  19 l  - 1x70 mm   465 mm  2448 uF
 16.0 Hz  36 Hz   79 Hz  104.3 dB   66 l +  19 l  - 1x70 mm   422 mm  2246 uF
 17.0 Hz  37 Hz   81 Hz  105.3 dB   58 l +  19 l  - 1x70 mm   385 mm  2071 uF
 18.0 Hz  39 Hz   83 Hz  106.3 dB   51 l +  19 l    1x100 mm  754 mm  1919 uF

SR12 ||    6.8Ohm  0.36  86.2dB  225W 1x100 mm
 fu     fc      fo      SplMech  Vb1     Vb2       d         l        C
  9.0 Hz  24 Hz   62 Hz   94.2 dB   oo l +  22 l  * 1x50 mm   433 mm  4721 uF
  9.0 Hz  24 Hz   62 Hz   94.3 dB 30937 l +  22 l  * 1x50 mm   432 mm  4708 uF
 10.0 Hz  25 Hz   64 Hz   96.1 dB  552 l +  22 l  - 1x70 mm   747 mm  4091 uF
 11.0 Hz  27 Hz   66 Hz   97.8 dB  274 l +  22 l  - 1x70 mm   651 mm  3603 uF
 12.0 Hz  29 Hz   68 Hz   99.3 dB  180 l +  22 l  - 1x70 mm   574 mm  3208 uF
 13.0 Hz  30 Hz   70 Hz  100.7 dB  133 l +  22 l  - 1x70 mm   510 mm  2884 uF
 14.0 Hz  32 Hz   72 Hz  102.0 dB  105 l +  22 l  - 1x70 mm   457 mm  2612 uF
 15.0 Hz  33 Hz   74 Hz  103.2 dB   87 l +  22 l  - 1x70 mm   412 mm  2383 uF
 16.0 Hz  35 Hz   75 Hz  104.3 dB   73 l +  22 l    1x100 mm  796 mm  2186 uF
 17.0 Hz  36 Hz   77 Hz  105.3 dB   63 l +  22 l    1x100 mm  728 mm  2016 uF
 18.0 Hz  38 Hz   78 Hz  106.3 dB   56 l +  22 l    1x100 mm  668 mm  1868 uF

SR12 || 100000.0Ohm  0.40  86.2dB  225W 1x100 mm
 fu     fc      fo      SplMech  Vb1     Vb2       d         l        C
  9.4 Hz  24 Hz   59 Hz   95.1 dB   oo l +  27 l  - 1x70 mm   708 mm  4286 uF
 10.0 Hz  25 Hz   60 Hz   96.1 dB 1038 l +  27 l  - 1x70 mm   650 mm  3961 uF
 11.0 Hz  26 Hz   62 Hz   97.8 dB  372 l +  27 l  - 1x70 mm   566 mm  3489 uF
 12.0 Hz  28 Hz   64 Hz   99.3 dB  224 l +  27 l  - 1x70 mm   497 mm  3106 uF
 13.0 Hz  29 Hz   66 Hz  100.7 dB  159 l +  27 l  - 1x70 mm   441 mm  2792 uF
 14.0 Hz  31 Hz   67 Hz  102.0 dB  122 l +  27 l  - 1x70 mm   395 mm  2529 uF
 15.0 Hz  32 Hz   69 Hz  103.2 dB   99 l +  27 l    1x100 mm  759 mm  2307 uF
 16.0 Hz  34 Hz   70 Hz  104.3 dB   83 l +  27 l    1x100 mm  690 mm  2117 uF
 17.0 Hz  35 Hz   72 Hz  105.3 dB   71 l +  27 l    1x100 mm  630 mm  1952 uF
 18.0 Hz  36 Hz   73 Hz  106.3 dB   62 l +  27 l    1x100 mm  578 mm  1809 uF

*****************************************************************************
SR15 ||    0.0Ohm  0.29  87.6dB  225W 2x100 mm
 fu     fc      fo      SplMech  Vb1     Vb2       d         l        C
  7.9 Hz  23 Hz   67 Hz   96.5 dB   oo l +  35 l  * 1x70 mm   569 mm  5992 uF
  8.0 Hz  23 Hz   68 Hz   96.8 dB 9215 l +  35 l  * 1x70 mm   556 mm  5863 uF
  9.0 Hz  25 Hz   70 Hz   98.8 dB 1037 l +  35 l  * 1x70 mm   467 mm  5011 uF
 10.0 Hz  27 Hz   73 Hz  100.7 dB  540 l +  35 l  * 1x70 mm   398 mm  4354 uF
 11.0 Hz  29 Hz   75 Hz  102.3 dB  361 l +  35 l  - 1x100 mm  736 mm  3835 uF
 12.0 Hz  30 Hz   77 Hz  103.8 dB  269 l +  35 l  - 1x100 mm  647 mm  3415 uF
 13.0 Hz  32 Hz   79 Hz  105.2 dB  213 l +  35 l  - 1x100 mm  573 mm  3069 uF
 14.0 Hz  34 Hz   81 Hz  106.5 dB  176 l +  35 l  - 1x100 mm  512 mm  2780 uF
 15.0 Hz  35 Hz   83 Hz  107.7 dB  149 l +  35 l  - 1x100 mm  460 mm  2536 uF
 16.0 Hz  37 Hz   85 Hz  108.8 dB  129 l +  35 l  - 1x100 mm  415 mm  2327 uF
 17.0 Hz  38 Hz   87 Hz  109.9 dB  113 l +  35 l    2x100 mm  795 mm  2146 uF
 18.0 Hz  40 Hz   89 Hz  110.9 dB  101 l +  35 l    2x100 mm  729 mm  1989 uF

SR15 ||    2.7Ohm  0.36  87.6dB  225W 2x100 mm
 fu     fc      fo      SplMech  Vb1     Vb2       d         l        C
  8.8 Hz  23 Hz   60 Hz   98.4 dB   oo l +  53 l  - 1x100 mm  747 mm  4825 uF
  9.0 Hz  23 Hz   61 Hz   98.8 dB 5807 l +  53 l  - 1x100 mm  719 mm  4662 uF
 10.0 Hz  25 Hz   63 Hz  100.7 dB 1062 l +  53 l  - 1x100 mm  614 mm  4051 uF
 11.0 Hz  27 Hz   65 Hz  102.3 dB  576 l +  53 l  - 1x100 mm  531 mm  3567 uF
 12.0 Hz  28 Hz   67 Hz  103.8 dB  391 l +  53 l  - 1x100 mm  464 mm  3177 uF
 13.0 Hz  30 Hz   69 Hz  105.2 dB  294 l +  53 l  - 1x100 mm  409 mm  2855 uF
 14.0 Hz  31 Hz   70 Hz  106.5 dB  235 l +  53 l    2x100 mm  769 mm  2586 uF
 15.0 Hz  33 Hz   72 Hz  107.7 dB  194 l +  53 l    2x100 mm  691 mm  2359 uF
 16.0 Hz  34 Hz   74 Hz  108.8 dB  165 l +  53 l    2x100 mm  625 mm  2165 uF
 17.0 Hz  36 Hz   75 Hz  109.9 dB  143 l +  53 l    2x100 mm  568 mm  1996 uF
 18.0 Hz  37 Hz   77 Hz  110.9 dB  126 l +  53 l    2x100 mm  518 mm  1850 uF

SR15 ||    6.8Ohm  0.39  87.6dB  225W 2x100 mm
 fu     fc      fo      SplMech  Vb1     Vb2       d         l        C
  9.1 Hz  23 Hz   58 Hz   99.1 dB   oo l +  63 l  - 1x100 mm  625 mm  4454 uF
 10.0 Hz  24 Hz   60 Hz  100.7 dB 1571 l +  63 l  - 1x100 mm  544 mm  3944 uF
 11.0 Hz  26 Hz   62 Hz  102.3 dB  719 l +  63 l  - 1x100 mm  470 mm  3473 uF
 12.0 Hz  28 Hz   63 Hz  103.8 dB  461 l +  63 l  - 1x100 mm  409 mm  3093 uF
 13.0 Hz  29 Hz   65 Hz  105.2 dB  337 l +  63 l    2x100 mm  762 mm  2780 uF
 14.0 Hz  31 Hz   67 Hz  106.5 dB  264 l +  63 l    2x100 mm  679 mm  2518 uF
 15.0 Hz  32 Hz   68 Hz  107.7 dB  216 l +  63 l    2x100 mm  610 mm  2297 uF
 16.0 Hz  33 Hz   70 Hz  108.8 dB  182 l +  63 l    2x100 mm  550 mm  2108 uF
 17.0 Hz  35 Hz   71 Hz  109.9 dB  157 l +  63 l    2x100 mm  499 mm  1944 uF
 18.0 Hz  36 Hz   73 Hz  110.9 dB  138 l +  63 l    2x100 mm  454 mm  1801 uF

SR15 || 100000.0Ohm  0.43  87.6dB  225W 2x100 mm
 fu     fc      fo      SplMech  Vb1     Vb2       d         l        C
  9.6 Hz  23 Hz   55 Hz   99.9 dB   oo l +  76 l  - 1x100 mm  502 mm  4046 uF
 10.0 Hz  24 Hz   56 Hz  100.7 dB 3426 l +  76 l  - 1x100 mm  469 mm  3820 uF
 11.0 Hz  25 Hz   58 Hz  102.3 dB 1001 l +  76 l  - 1x100 mm  404 mm  3364 uF
 12.0 Hz  27 Hz   60 Hz  103.8 dB  579 l +  76 l    2x100 mm  743 mm  2996 uF
 13.0 Hz  28 Hz   61 Hz  105.2 dB  404 l +  76 l    2x100 mm  657 mm  2692 uF
 14.0 Hz  30 Hz   63 Hz  106.5 dB  308 l +  76 l    2x100 mm  584 mm  2439 uF
 15.0 Hz  31 Hz   64 Hz  107.7 dB  248 l +  76 l    2x100 mm  523 mm  2225 uF
 16.0 Hz  32 Hz   66 Hz  108.8 dB  207 l +  76 l    2x100 mm  471 mm  2041 uF
 17.0 Hz  34 Hz   67 Hz  109.9 dB  177 l +  76 l    2x100 mm  425 mm  1883 uF
 18.0 Hz  35 Hz   68 Hz  110.9 dB  154 l +  76 l    2x100 mm  386 mm  1745 uF

*****************************************************************************
SE10 ||    0.0Ohm  0.29  83.2dB  450W 1x100 mm
 fu     fc      fo      SplMech  Vb1     Vb2       d         l        C
  9.1 Hz  27 Hz   78 Hz   90.7 dB   oo l +   5 l  * 1x50 mm  1514 mm  3322 uF
 15.0 Hz  37 Hz   92 Hz   99.4 dB   33 l +   5 l  * 1x50 mm   759 mm  1710 uF
 16.0 Hz  39 Hz   94 Hz  100.5 dB   28 l +   5 l  * 1x50 mm   694 mm  1569 uF
 17.0 Hz  40 Hz   96 Hz  101.5 dB   24 l +   5 l  * 1x50 mm   637 mm  1447 uF
 18.0 Hz  42 Hz   97 Hz  102.5 dB   21 l +   5 l  * 1x50 mm   587 mm  1341 uF

SE10 ||    2.7Ohm  0.35  83.2dB  450W 1x100 mm
 fu     fc      fo      SplMech  Vb1     Vb2       d         l        C
  9.9 Hz  27 Hz   71 Hz   92.2 dB   oo l +   7 l  * 1x50 mm  1066 mm  2803 uF
 13.0 Hz  32 Hz   78 Hz   96.9 dB   71 l +   7 l  * 1x50 mm   731 mm  1955 uF
 14.0 Hz  33 Hz   80 Hz   98.2 dB   53 l +   7 l  * 1x50 mm   659 mm  1771 uF
 15.0 Hz  35 Hz   82 Hz   99.4 dB   42 l +   7 l  * 1x50 mm   597 mm  1616 uF
 16.0 Hz  37 Hz   84 Hz  100.5 dB   35 l +   7 l  * 1x50 mm   545 mm  1482 uF
 17.0 Hz  38 Hz   85 Hz  101.5 dB   30 l +   7 l  * 1x50 mm   499 mm  1367 uF
 18.0 Hz  40 Hz   87 Hz  102.5 dB   26 l +   7 l  * 1x50 mm   460 mm  1267 uF

SE10 ||    6.8Ohm  0.38  83.2dB  450W 1x100 mm
 fu     fc      fo      SplMech  Vb1     Vb2       d         l        C
 10.4 Hz  27 Hz   68 Hz   92.9 dB   oo l +   9 l  * 1x50 mm   892 mm  2573 uF
 12.0 Hz  29 Hz   72 Hz   95.5 dB  143 l +   9 l  * 1x50 mm   726 mm  2114 uF
 13.0 Hz  31 Hz   74 Hz   96.9 dB   88 l +   9 l  * 1x50 mm   648 mm  1900 uF
 14.0 Hz  33 Hz   76 Hz   98.2 dB   63 l +   9 l  * 1x50 mm   583 mm  1721 uF
 15.0 Hz  34 Hz   77 Hz   99.4 dB   49 l +   9 l  * 1x50 mm   529 mm  1570 uF
 16.0 Hz  36 Hz   79 Hz  100.5 dB   39 l +   9 l  * 1x50 mm   482 mm  1441 uF
 17.0 Hz  37 Hz   81 Hz  101.5 dB   33 l +   9 l  * 1x50 mm   441 mm  1329 uF
 18.0 Hz  38 Hz   82 Hz  102.5 dB   28 l +   9 l  * 1x50 mm   406 mm  1231 uF

SE10 || 100000.0Ohm  0.43  83.2dB  450W 1x100 mm
 fu     fc      fo      SplMech  Vb1     Vb2       d         l        C
 11.0 Hz  27 Hz   64 Hz   94.0 dB   oo l +  11 l  * 1x50 mm   682 mm  2264 uF
 12.0 Hz  28 Hz   66 Hz   95.5 dB  263 l +  11 l  * 1x50 mm   606 mm  2026 uF
 13.0 Hz  30 Hz   68 Hz   96.9 dB  127 l +  11 l  * 1x50 mm   540 mm  1821 uF
 14.0 Hz  31 Hz   69 Hz   98.2 dB   83 l +  11 l  * 1x50 mm   486 mm  1650 uF
 15.0 Hz  33 Hz   71 Hz   99.4 dB   61 l +  11 l  * 1x50 mm   439 mm  1505 uF
 16.0 Hz  34 Hz   73 Hz  100.5 dB   48 l +  11 l  * 1x50 mm   400 mm  1381 uF
 17.0 Hz  35 Hz   74 Hz  101.5 dB   40 l +  11 l  - 1x70 mm   739 mm  1273 uF
 18.0 Hz  37 Hz   75 Hz  102.5 dB   34 l +  11 l  - 1x70 mm   681 mm  1180 uF

*****************************************************************************
SE12 ||    0.0Ohm  0.31  86.1dB  450W 1x100 mm
 fu     fc      fo      SplMech  Vb1     Vb2       d         l        C
  8.9 Hz  25 Hz   71 Hz   94.0 dB   oo l +  14 l  * 1x50 mm   617 mm  3315 uF
  9.0 Hz  25 Hz   71 Hz   94.3 dB 3538 l +  14 l  * 1x50 mm   604 mm  3248 uF
 10.0 Hz  27 Hz   74 Hz   96.1 dB  418 l +  14 l  * 1x50 mm   520 mm  2822 uF
 11.0 Hz  29 Hz   76 Hz   97.8 dB  218 l +  14 l  * 1x50 mm   453 mm  2485 uF
 12.0 Hz  31 Hz   79 Hz   99.3 dB  146 l +  14 l  * 1x50 mm   399 mm  2213 uF
 13.0 Hz  32 Hz   81 Hz  100.7 dB  109 l +  14 l  - 1x70 mm   717 mm  1989 uF
 14.0 Hz  34 Hz   83 Hz  102.0 dB   87 l +  14 l  - 1x70 mm   645 mm  1802 uF
 15.0 Hz  36 Hz   85 Hz  103.2 dB   72 l +  14 l  - 1x70 mm   583 mm  1644 uF
 16.0 Hz  37 Hz   87 Hz  104.3 dB   61 l +  14 l  - 1x70 mm   530 mm  1508 uF
 17.0 Hz  39 Hz   88 Hz  105.3 dB   53 l +  14 l  - 1x70 mm   485 mm  1391 uF
 18.0 Hz  40 Hz   90 Hz  106.3 dB   46 l +  14 l  - 1x70 mm   445 mm  1289 uF

SE12 ||    2.7Ohm  0.37  86.1dB  450W 1x100 mm
 fu     fc      fo      SplMech  Vb1     Vb2       d         l        C
  9.6 Hz  25 Hz   65 Hz   95.5 dB   oo l +  20 l  * 1x50 mm   428 mm  2798 uF
 10.0 Hz  26 Hz   66 Hz   96.1 dB 1486 l +  20 l  * 1x50 mm   407 mm  2667 uF
 11.0 Hz  27 Hz   68 Hz   97.8 dB  381 l +  20 l  - 1x70 mm   715 mm  2349 uF
 12.0 Hz  29 Hz   70 Hz   99.3 dB  216 l +  20 l  - 1x70 mm   630 mm  2091 uF
 13.0 Hz  31 Hz   72 Hz  100.7 dB  149 l +  20 l  - 1x70 mm   561 mm  1880 uF
 14.0 Hz  32 Hz   74 Hz  102.0 dB  113 l +  20 l  - 1x70 mm   503 mm  1703 uF
 15.0 Hz  34 Hz   76 Hz  103.2 dB   91 l +  20 l  - 1x70 mm   454 mm  1553 uF
 16.0 Hz  35 Hz   77 Hz  104.3 dB   76 l +  20 l  - 1x70 mm   412 mm  1425 uF
 17.0 Hz  37 Hz   79 Hz  105.3 dB   65 l +  20 l  - 1x70 mm   375 mm  1314 uF
 18.0 Hz  38 Hz   80 Hz  106.3 dB   56 l +  20 l    1x100 mm  736 mm  1218 uF

SE12 ||    6.8Ohm  0.40  86.1dB  450W 1x100 mm
 fu     fc      fo      SplMech  Vb1     Vb2       d         l        C
 10.1 Hz  25 Hz   63 Hz   96.2 dB   oo l +  24 l  - 1x70 mm   718 mm  2569 uF
 11.0 Hz  27 Hz   64 Hz   97.8 dB  582 l +  24 l  - 1x70 mm   632 mm  2283 uF
 12.0 Hz  28 Hz   66 Hz   99.3 dB  276 l +  24 l  - 1x70 mm   557 mm  2033 uF
 13.0 Hz  30 Hz   68 Hz  100.7 dB  180 l +  24 l  - 1x70 mm   495 mm  1827 uF
 14.0 Hz  31 Hz   70 Hz  102.0 dB  132 l +  24 l  - 1x70 mm   443 mm  1655 uF
 15.0 Hz  33 Hz   71 Hz  103.2 dB  104 l +  24 l  - 1x70 mm   399 mm  1510 uF
 16.0 Hz  34 Hz   73 Hz  104.3 dB   85 l +  24 l    1x100 mm  772 mm  1385 uF
 17.0 Hz  36 Hz   75 Hz  105.3 dB   72 l +  24 l    1x100 mm  706 mm  1278 uF
 18.0 Hz  37 Hz   76 Hz  106.3 dB   62 l +  24 l    1x100 mm  648 mm  1184 uF

SE12 || 100000.0Ohm  0.46  86.1dB  450W 1x100 mm
 fu     fc      fo      SplMech  Vb1     Vb2       d         l        C
 10.7 Hz  25 Hz   59 Hz   97.3 dB   oo l +  30 l  - 1x70 mm   544 mm  2262 uF
 11.0 Hz  26 Hz   59 Hz   97.8 dB 2158 l +  30 l  - 1x70 mm   525 mm  2188 uF
 12.0 Hz  27 Hz   61 Hz   99.3 dB  453 l +  30 l  - 1x70 mm   461 mm  1948 uF
 13.0 Hz  29 Hz   63 Hz  100.7 dB  250 l +  30 l  - 1x70 mm   409 mm  1751 uF
 14.0 Hz  30 Hz   64 Hz  102.0 dB  171 l +  30 l    1x100 mm  779 mm  1586 uF
 15.0 Hz  31 Hz   66 Hz  103.2 dB  129 l +  30 l    1x100 mm  704 mm  1447 uF
 16.0 Hz  33 Hz   67 Hz  104.3 dB  104 l +  30 l    1x100 mm  639 mm  1328 uF
 17.0 Hz  34 Hz   68 Hz  105.3 dB   86 l +  30 l    1x100 mm  583 mm  1225 uF
 18.0 Hz  35 Hz   70 Hz  106.3 dB   73 l +  30 l    1x100 mm  534 mm  1135 uF

*****************************************************************************
SE15 ||    0.0Ohm  0.35  88.0dB  450W 2x100 mm
 fu     fc      fo      SplMech  Vb1     Vb2       d         l        C
  8.2 Hz  22 Hz   59 Hz   97.2 dB   oo l +  50 l  * 1x70 mm   420 mm  3410 uF
  9.0 Hz  23 Hz   61 Hz   98.8 dB 1541 l +  50 l  - 1x100 mm  775 mm  3003 uF
 10.0 Hz  25 Hz   63 Hz  100.7 dB  681 l +  50 l  - 1x100 mm  663 mm  2609 uF
 11.0 Hz  27 Hz   65 Hz  102.3 dB  432 l +  50 l  - 1x100 mm  574 mm  2298 uF
 12.0 Hz  28 Hz   67 Hz  103.8 dB  314 l +  50 l  - 1x100 mm  503 mm  2046 uF
 13.0 Hz  30 Hz   69 Hz  105.2 dB  245 l +  50 l  - 1x100 mm  444 mm  1839 uF
 14.0 Hz  31 Hz   71 Hz  106.5 dB  200 l +  50 l  - 1x100 mm  394 mm  1666 uF
 15.0 Hz  33 Hz   72 Hz  107.7 dB  168 l +  50 l    2x100 mm  747 mm  1520 uF
 16.0 Hz  34 Hz   74 Hz  108.8 dB  145 l +  50 l    2x100 mm  676 mm  1394 uF
 17.0 Hz  36 Hz   75 Hz  109.9 dB  127 l +  50 l    2x100 mm  615 mm  1286 uF
 18.0 Hz  37 Hz   77 Hz  110.9 dB  112 l +  50 l    2x100 mm  562 mm  1192 uF

SE15 ||    2.7Ohm  0.41  88.0dB  450W 2x100 mm
 fu     fc      fo      SplMech  Vb1     Vb2       d         l        C
  8.9 Hz  22 Hz   54 Hz   98.6 dB   oo l +  70 l  - 1x100 mm  615 mm  2885 uF
  9.0 Hz  22 Hz   55 Hz   98.8 dB 13265 l +  70 l  - 1x100 mm  604 mm  2840 uF
 10.0 Hz  24 Hz   57 Hz  100.7 dB 1237 l +  70 l  - 1x100 mm  514 mm  2468 uF
 11.0 Hz  25 Hz   58 Hz  102.3 dB  638 l +  70 l  - 1x100 mm  443 mm  2173 uF
 12.0 Hz  27 Hz   60 Hz  103.8 dB  426 l +  70 l  - 1x100 mm  386 mm  1935 uF
 13.0 Hz  28 Hz   62 Hz  105.2 dB  317 l +  70 l    2x100 mm  720 mm  1739 uF
 14.0 Hz  30 Hz   63 Hz  106.5 dB  252 l +  70 l    2x100 mm  642 mm  1576 uF
 15.0 Hz  31 Hz   65 Hz  107.7 dB  208 l +  70 l    2x100 mm  575 mm  1437 uF
 16.0 Hz  33 Hz   66 Hz  108.8 dB  176 l +  70 l    2x100 mm  519 mm  1319 uF
 17.0 Hz  34 Hz   68 Hz  109.9 dB  152 l +  70 l    2x100 mm  470 mm  1216 uF
 18.0 Hz  35 Hz   69 Hz  110.9 dB  134 l +  70 l    2x100 mm  427 mm  1127 uF

SE15 ||    6.8Ohm  0.44  88.0dB  450W 2x100 mm
 fu     fc      fo      SplMech  Vb1     Vb2       d         l        C
  9.3 Hz  22 Hz   52 Hz   99.4 dB   oo l +  82 l  - 1x100 mm  507 mm  2652 uF
 10.0 Hz  23 Hz   53 Hz  100.7 dB 1986 l +  82 l  - 1x100 mm  451 mm  2399 uF
 11.0 Hz  25 Hz   55 Hz  102.3 dB  820 l +  82 l  - 1x100 mm  388 mm  2113 uF
 12.0 Hz  26 Hz   57 Hz  103.8 dB  511 l +  82 l    2x100 mm  716 mm  1882 uF
 13.0 Hz  28 Hz   58 Hz  105.2 dB  368 l +  82 l    2x100 mm  632 mm  1691 uF
 14.0 Hz  29 Hz   60 Hz  106.5 dB  286 l +  82 l    2x100 mm  562 mm  1532 uF
 15.0 Hz  30 Hz   61 Hz  107.7 dB  233 l +  82 l    2x100 mm  502 mm  1397 uF
 16.0 Hz  32 Hz   63 Hz  108.8 dB  196 l +  82 l    2x100 mm  452 mm  1282 uF
 17.0 Hz  33 Hz   64 Hz  109.9 dB  168 l +  82 l    2x100 mm  408 mm  1183 uF
 18.0 Hz  34 Hz   65 Hz  110.9 dB  147 l +  82 l    2x100 mm  370 mm  1096 uF

SE15 || 100000.0Ohm  0.50  88.0dB  450W 2x100 mm
 fu     fc      fo      SplMech  Vb1     Vb2       d         l        C
  9.9 Hz  22 Hz   49 Hz  100.4 dB   oo l + 106 l    2x100 mm  796 mm  2340 uF
 10.0 Hz  22 Hz   49 Hz  100.7 dB 12487 l + 106 l    2x100 mm  781 mm  2301 uF
 11.0 Hz  24 Hz   51 Hz  102.3 dB 1353 l + 106 l    2x100 mm  674 mm  2027 uF
 12.0 Hz  25 Hz   52 Hz  103.8 dB  705 l + 106 l    2x100 mm  588 mm  1805 uF
 13.0 Hz  26 Hz   54 Hz  105.2 dB  472 l + 106 l    2x100 mm  517 mm  1622 uF
 14.0 Hz  28 Hz   55 Hz  106.5 dB  353 l + 106 l    2x100 mm  458 mm  1469 uF
 15.0 Hz  29 Hz   56 Hz  107.7 dB  280 l + 106 l    2x100 mm  408 mm  1340 uF
 16.0 Hz  30 Hz   58 Hz  108.8 dB  232 l + 106 l    2x100 mm  365 mm  1230 uF
 17.0 Hz  32 Hz   59 Hz  109.9 dB  197 l + 106 l    2x100 mm  328 mm  1134 uF
 18.0 Hz  33 Hz   60 Hz  110.9 dB  170 l + 106 l    2x100 mm  295 mm  1051 uF

*****************************************************************************
SX10 ||    0.0Ohm  0.19  85.2dB  750W 1x100 mm
 fu     fc      fo      SplMech  Vb1     Vb2       d         l        C
  8.5 Hz  31 Hz  111 Hz   91.2 dB   oo l +   2 l  * 1x50 mm  3858 mm  6504 uF

SX10 ||    2.7Ohm  0.24  85.2dB  750W 1x100 mm
 fu     fc      fo      SplMech  Vb1     Vb2       d         l        C
  9.5 Hz  31 Hz  100 Hz   93.1 dB   oo l +   2 l  * 1x50 mm  2496 mm  5246 uF

SX10 ||    6.8Ohm  0.26  85.2dB  750W 1x100 mm
 fu     fc      fo      SplMech  Vb1     Vb2       d         l        C
  9.9 Hz  31 Hz   96 Hz   93.8 dB   oo l +   3 l  * 1x50 mm  2109 mm  4829 uF

SX10 || 100000.0Ohm  0.29  85.2dB  750W 1x100 mm
 fu     fc      fo      SplMech  Vb1     Vb2       d         l        C
 10.4 Hz  31 Hz   91 Hz   94.7 dB   oo l +   4 l  * 1x50 mm  1712 mm  4361 uF

*****************************************************************************
SX12 ||    0.0Ohm  0.21  88.1dB  750W 1x100 mm
 fu     fc      fo      SplMech  Vb1     Vb2       d         l        C
  8.9 Hz  31 Hz  105 Hz   95.8 dB   oo l +   4 l  * 1x50 mm  1446 mm  5934 uF
 14.0 Hz  41 Hz  123 Hz  103.7 dB   57 l +   4 l  * 1x50 mm   770 mm  3233 uF
 15.0 Hz  43 Hz  126 Hz  104.9 dB   47 l +   4 l  * 1x50 mm   699 mm  2949 uF
 16.0 Hz  45 Hz  128 Hz  106.0 dB   40 l +   4 l  * 1x50 mm   638 mm  2706 uF
 17.0 Hz  47 Hz  131 Hz  107.1 dB   35 l +   4 l  * 1x50 mm   585 mm  2496 uF
 18.0 Hz  49 Hz  133 Hz  108.1 dB   30 l +   4 l  * 1x50 mm   539 mm  2313 uF

SX12 ||    2.7Ohm  0.26  88.1dB  750W 1x100 mm
 fu     fc      fo      SplMech  Vb1     Vb2       d         l        C
  9.9 Hz  31 Hz   95 Hz   97.7 dB   oo l +   6 l  * 1x50 mm   928 mm  4790 uF
 11.0 Hz  33 Hz   98 Hz   99.5 dB  310 l +   6 l  * 1x50 mm   799 mm  4153 uF
 12.0 Hz  35 Hz  101 Hz  101.0 dB  161 l +   6 l  * 1x50 mm   708 mm  3698 uF
 13.0 Hz  37 Hz  104 Hz  102.4 dB  108 l +   6 l  * 1x50 mm   632 mm  3323 uF
 14.0 Hz  39 Hz  106 Hz  103.7 dB   81 l +   6 l  * 1x50 mm   569 mm  3011 uF
 15.0 Hz  40 Hz  109 Hz  104.9 dB   64 l +   6 l  * 1x50 mm   515 mm  2746 uF
 16.0 Hz  42 Hz  111 Hz  106.0 dB   53 l +   6 l  * 1x50 mm   469 mm  2520 uF
 17.0 Hz  44 Hz  114 Hz  107.1 dB   45 l +   6 l  * 1x50 mm   430 mm  2324 uF
 18.0 Hz  46 Hz  116 Hz  108.1 dB   39 l +   6 l  - 1x70 mm   797 mm  2153 uF

SX12 ||    6.8Ohm  0.28  88.1dB  750W 1x100 mm
 fu     fc      fo      SplMech  Vb1     Vb2       d         l        C
 10.3 Hz  31 Hz   91 Hz   98.4 dB   oo l +   8 l  * 1x50 mm   781 mm  4411 uF
 11.0 Hz  32 Hz   93 Hz   99.5 dB  518 l +   8 l  * 1x50 mm   712 mm  4040 uF
 12.0 Hz  34 Hz   96 Hz  101.0 dB  210 l +   8 l  * 1x50 mm   630 mm  3597 uF
 13.0 Hz  36 Hz   98 Hz  102.4 dB  131 l +   8 l  * 1x50 mm   562 mm  3233 uF
 14.0 Hz  38 Hz  101 Hz  103.7 dB   94 l +   8 l  * 1x50 mm   505 mm  2929 uF
 15.0 Hz  39 Hz  103 Hz  104.9 dB   73 l +   8 l  * 1x50 mm   457 mm  2672 uF
 16.0 Hz  41 Hz  105 Hz  106.0 dB   60 l +   8 l  * 1x50 mm   416 mm  2451 uF
 17.0 Hz  43 Hz  107 Hz  107.1 dB   50 l +   8 l  - 1x70 mm   769 mm  2261 uF
 18.0 Hz  44 Hz  110 Hz  108.1 dB   43 l +   8 l  - 1x70 mm   708 mm  2095 uF

SX12 || 100000.0Ohm  0.31  88.1dB  750W 1x100 mm
 fu     fc      fo      SplMech  Vb1     Vb2       d         l        C
 10.8 Hz  31 Hz   86 Hz   99.2 dB   oo l +   9 l  * 1x50 mm   630 mm  3985 uF
 11.0 Hz  31 Hz   87 Hz   99.5 dB 2328 l +   9 l  * 1x50 mm   617 mm  3906 uF
 12.0 Hz  33 Hz   89 Hz  101.0 dB  326 l +   9 l  * 1x50 mm   545 mm  3478 uF
 13.0 Hz  35 Hz   92 Hz  102.4 dB  173 l +   9 l  * 1x50 mm   486 mm  3126 uF
 14.0 Hz  36 Hz   94 Hz  103.7 dB  117 l +   9 l  * 1x50 mm   436 mm  2832 uF
 15.0 Hz  38 Hz   96 Hz  104.9 dB   88 l +   9 l  - 1x70 mm   795 mm  2583 uF
 16.0 Hz  40 Hz   98 Hz  106.0 dB   70 l +   9 l  - 1x70 mm   725 mm  2370 uF
 17.0 Hz  41 Hz  100 Hz  107.1 dB   58 l +   9 l  - 1x70 mm   665 mm  2186 uF
 18.0 Hz  43 Hz  102 Hz  108.1 dB   49 l +   9 l  - 1x70 mm   612 mm  2025 uF

*****************************************************************************
SX15 ||    0.0Ohm  0.25  90.4dB  750W 2x100 mm
 fu     fc      fo      SplMech  Vb1     Vb2       d         l        C
  8.8 Hz  28 Hz   88 Hz  100.1 dB   oo l +  16 l  * 1x70 mm   897 mm  5530 uF
 10.0 Hz  30 Hz   92 Hz  102.4 dB  659 l +  16 l  * 1x70 mm   744 mm  4640 uF
 11.0 Hz  32 Hz   95 Hz  104.1 dB  358 l +  16 l  * 1x70 mm   648 mm  4086 uF
 12.0 Hz  34 Hz   98 Hz  105.6 dB  243 l +  16 l  * 1x70 mm   571 mm  3639 uF
 13.0 Hz  36 Hz  101 Hz  107.0 dB  183 l +  16 l  * 1x70 mm   508 mm  3270 uF
 14.0 Hz  38 Hz  103 Hz  108.2 dB  146 l +  16 l  * 1x70 mm   455 mm  2963 uF
 15.0 Hz  40 Hz  105 Hz  109.4 dB  121 l +  16 l  * 1x70 mm   410 mm  2702 uF
 16.0 Hz  42 Hz  108 Hz  110.6 dB  103 l +  16 l  - 1x100 mm  792 mm  2479 uF
 17.0 Hz  43 Hz  110 Hz  111.6 dB   89 l +  16 l  - 1x100 mm  725 mm  2287 uF
 18.0 Hz  45 Hz  112 Hz  112.6 dB   78 l +  16 l  - 1x100 mm  665 mm  2119 uF

SX15 ||    2.7Ohm  0.31  90.4dB  750W 2x100 mm
 fu     fc      fo      SplMech  Vb1     Vb2       d         l        C
  9.8 Hz  28 Hz   79 Hz  102.0 dB   oo l +  24 l  * 1x70 mm   567 mm  4469 uF
 10.0 Hz  28 Hz   80 Hz  102.4 dB 3702 l +  24 l  * 1x70 mm   546 mm  4322 uF
 11.0 Hz  30 Hz   83 Hz  104.1 dB  725 l +  24 l  * 1x70 mm   474 mm  3806 uF
 12.0 Hz  32 Hz   85 Hz  105.6 dB  396 l +  24 l  * 1x70 mm   416 mm  3389 uF
 13.0 Hz  34 Hz   87 Hz  107.0 dB  270 l +  24 l  - 1x100 mm  786 mm  3046 uF
 14.0 Hz  35 Hz   89 Hz  108.2 dB  204 l +  24 l  - 1x100 mm  705 mm  2760 uF
 15.0 Hz  37 Hz   91 Hz  109.4 dB  163 l +  24 l  - 1x100 mm  636 mm  2517 uF
 16.0 Hz  39 Hz   93 Hz  110.6 dB  135 l +  24 l  - 1x100 mm  577 mm  2310 uF
 17.0 Hz  40 Hz   95 Hz  111.6 dB  115 l +  24 l  - 1x100 mm  526 mm  2130 uF
 18.0 Hz  42 Hz   97 Hz  112.6 dB  100 l +  24 l  - 1x100 mm  481 mm  1974 uF

SX15 ||    6.8Ohm  0.33  90.4dB  750W 2x100 mm
 fu     fc      fo      SplMech  Vb1     Vb2       d         l        C
 10.2 Hz  28 Hz   76 Hz  102.7 dB   oo l +  28 l  * 1x70 mm   473 mm  4118 uF
 11.0 Hz  29 Hz   78 Hz  104.1 dB 1129 l +  28 l  * 1x70 mm   419 mm  3704 uF
 12.0 Hz  31 Hz   80 Hz  105.6 dB  508 l +  28 l  - 1x100 mm  784 mm  3298 uF
 13.0 Hz  33 Hz   83 Hz  107.0 dB  324 l +  28 l  - 1x100 mm  697 mm  2964 uF
 14.0 Hz  34 Hz   85 Hz  108.2 dB  237 l +  28 l  - 1x100 mm  624 mm  2685 uF
 15.0 Hz  36 Hz   87 Hz  109.4 dB  185 l +  28 l  - 1x100 mm  562 mm  2449 uF
 16.0 Hz  38 Hz   89 Hz  110.6 dB  152 l +  28 l  - 1x100 mm  509 mm  2247 uF
 17.0 Hz  39 Hz   90 Hz  111.6 dB  128 l +  28 l  - 1x100 mm  463 mm  2073 uF
 18.0 Hz  41 Hz   92 Hz  112.6 dB  110 l +  28 l  - 1x100 mm  423 mm  1921 uF

SX15 || 100000.0Ohm  0.37  90.4dB  750W 2x100 mm
 fu     fc      fo      SplMech  Vb1     Vb2       d         l        C
 10.7 Hz  28 Hz   72 Hz  103.6 dB   oo l +  34 l  * 1x70 mm   376 mm  3724 uF
 11.0 Hz  28 Hz   73 Hz  104.1 dB 3184 l +  34 l  - 1x100 mm  768 mm  3581 uF
 12.0 Hz  30 Hz   75 Hz  105.6 dB  754 l +  34 l  - 1x100 mm  676 mm  3189 uF
 13.0 Hz  32 Hz   77 Hz  107.0 dB  422 l +  34 l  - 1x100 mm  599 mm  2866 uF
 14.0 Hz  33 Hz   79 Hz  108.2 dB  291 l +  34 l  - 1x100 mm  535 mm  2597 uF
 15.0 Hz  35 Hz   81 Hz  109.4 dB  221 l +  34 l  - 1x100 mm  481 mm  2368 uF
 16.0 Hz  36 Hz   83 Hz  110.6 dB  177 l +  34 l  - 1x100 mm  435 mm  2173 uF
 17.0 Hz  38 Hz   84 Hz  111.6 dB  147 l +  34 l  - 1x100 mm  395 mm  2004 uF
 18.0 Hz  39 Hz   86 Hz  112.6 dB  126 l +  34 l    2x100 mm  762 mm  1857 uF

*****************************************************************************
SX18 ||    0.0Ohm  0.34  92.7dB  750W 3x100 mm
 fu     fc      fo      SplMech  Vb1     Vb2       d         l        C
 12.3 Hz  33 Hz   89 Hz  109.5 dB   oo l +  38 l  * 1x100 mm  481 mm  3333 uF
 13.0 Hz  34 Hz   91 Hz  110.4 dB 2213 l +  38 l  * 1x100 mm  444 mm  3109 uF
 14.0 Hz  36 Hz   93 Hz  111.7 dB  868 l +  38 l  * 1x100 mm  394 mm  2817 uF
 15.0 Hz  38 Hz   95 Hz  112.9 dB  535 l +  38 l  - 2x100 mm  748 mm  2569 uF
 16.0 Hz  39 Hz   97 Hz  114.1 dB  384 l +  38 l  - 2x100 mm  677 mm  2357 uF
 17.0 Hz  41 Hz   99 Hz  115.1 dB  298 l +  38 l  - 2x100 mm  615 mm  2174 uF
 18.0 Hz  43 Hz  101 Hz  116.1 dB  243 l +  38 l  - 2x100 mm  562 mm  2015 uF

SX18 ||    2.7Ohm  0.43  92.7dB  750W 3x100 mm
 fu     fc      fo      SplMech  Vb1     Vb2       d         l        C
 13.7 Hz  33 Hz   80 Hz  111.4 dB   oo l +  58 l  - 2x100 mm  618 mm  2696 uF
 14.0 Hz  34 Hz   81 Hz  111.7 dB 5825 l +  58 l  - 2x100 mm  598 mm  2625 uF
 15.0 Hz  35 Hz   83 Hz  112.9 dB 1259 l +  58 l  - 2x100 mm  536 mm  2394 uF
 16.0 Hz  37 Hz   85 Hz  114.1 dB  699 l +  58 l    3x100 mm  758 mm  2197 uF
 17.0 Hz  38 Hz   86 Hz  115.1 dB  481 l +  58 l    3x100 mm  688 mm  2026 uF
 18.0 Hz  40 Hz   88 Hz  116.1 dB  364 l +  58 l    3x100 mm  627 mm  1877 uF

SX18 ||    6.8Ohm  0.46  92.7dB  750W 3x100 mm
 fu     fc      fo      SplMech  Vb1     Vb2       d         l        C
 14.3 Hz  33 Hz   77 Hz  112.1 dB   oo l +  68 l    3x100 mm  796 mm  2485 uF
 15.0 Hz  34 Hz   78 Hz  112.9 dB 2383 l +  68 l    3x100 mm  737 mm  2330 uF
 16.0 Hz  36 Hz   80 Hz  114.1 dB  978 l +  68 l    3x100 mm  665 mm  2138 uF
 17.0 Hz  37 Hz   82 Hz  115.1 dB  610 l +  68 l    3x100 mm  603 mm  1972 uF
 18.0 Hz  39 Hz   83 Hz  116.1 dB  441 l +  68 l    3x100 mm  548 mm  1827 uF

SX18 || 100000.0Ohm  0.51  92.7dB  750W 3x100 mm
 fu     fc      fo      SplMech  Vb1     Vb2       d         l        C
 15.0 Hz  33 Hz   73 Hz  113.0 dB   oo l +  83 l    3x100 mm  626 mm  2249 uF
 16.0 Hz  35 Hz   75 Hz  114.1 dB 1817 l +  83 l    3x100 mm  565 mm  2068 uF
 17.0 Hz  36 Hz   76 Hz  115.1 dB  888 l +  83 l    3x100 mm  510 mm  1907 uF
 18.0 Hz  37 Hz   78 Hz  116.1 dB  584 l +  83 l    3x100 mm  463 mm  1767 uF

*****************************************************************************
MX12 ||    0.0Ohm  0.31  83.5dB 1125W 1x100 mm
 fu     fc      fo      SplMech  Vb1     Vb2       d         l        C
  8.2 Hz  23 Hz   65 Hz   94.5 dB   oo l +  12 l  * 1x50 mm   890 mm  7094 uF
  9.0 Hz  25 Hz   67 Hz   96.0 dB  471 l +  12 l  * 1x50 mm   787 mm  6304 uF
 10.0 Hz  26 Hz   70 Hz   97.9 dB  200 l +  12 l  * 1x50 mm   678 mm  5478 uF
 11.0 Hz  28 Hz   72 Hz   99.5 dB  125 l +  12 l  * 1x50 mm   593 mm  4824 uF
 12.0 Hz  30 Hz   74 Hz  101.0 dB   91 l +  12 l  * 1x50 mm   523 mm  4296 uF
 13.0 Hz  31 Hz   76 Hz  102.4 dB   70 l +  12 l  * 1x50 mm   466 mm  3861 uF
 14.0 Hz  33 Hz   78 Hz  103.7 dB   57 l +  12 l  * 1x50 mm   419 mm  3498 uF
 15.0 Hz  35 Hz   80 Hz  104.9 dB   48 l +  12 l  - 1x70 mm   764 mm  3190 uF
 16.0 Hz  36 Hz   82 Hz  106.0 dB   41 l +  12 l  - 1x70 mm   696 mm  2927 uF
 17.0 Hz  38 Hz   83 Hz  107.1 dB   36 l +  12 l  - 1x70 mm   638 mm  2700 uF
 18.0 Hz  39 Hz   85 Hz  108.1 dB   32 l +  12 l  - 1x70 mm   587 mm  2502 uF

MX12 ||    2.7Ohm  0.40  83.5dB 1125W 1x100 mm
 fu     fc      fo      SplMech  Vb1     Vb2       d         l        C
  9.3 Hz  23 Hz   58 Hz   96.5 dB   oo l +  19 l  * 1x50 mm   545 mm  5624 uF
 10.0 Hz  24 Hz   60 Hz   97.9 dB  540 l +  19 l  * 1x50 mm   487 mm  5070 uF
 11.0 Hz  26 Hz   62 Hz   99.5 dB  227 l +  19 l  * 1x50 mm   424 mm  4465 uF
 12.0 Hz  28 Hz   63 Hz  101.0 dB  142 l +  19 l  - 1x70 mm   754 mm  3976 uF
 13.0 Hz  29 Hz   65 Hz  102.4 dB  103 l +  19 l  - 1x70 mm   672 mm  3573 uF
 14.0 Hz  31 Hz   67 Hz  103.7 dB   80 l +  19 l  - 1x70 mm   604 mm  3237 uF
 15.0 Hz  32 Hz   68 Hz  104.9 dB   65 l +  19 l  - 1x70 mm   546 mm  2953 uF
 16.0 Hz  33 Hz   70 Hz  106.0 dB   55 l +  19 l  - 1x70 mm   496 mm  2709 uF
 17.0 Hz  35 Hz   71 Hz  107.1 dB   47 l +  19 l  - 1x70 mm   453 mm  2499 uF
 18.0 Hz  36 Hz   73 Hz  108.1 dB   41 l +  19 l  - 1x70 mm   416 mm  2315 uF

MX12 ||    6.8Ohm  0.43  83.5dB 1125W 1x100 mm
 fu     fc      fo      SplMech  Vb1     Vb2       d         l        C
  9.6 Hz  23 Hz   56 Hz   97.1 dB   oo l +  21 l  * 1x50 mm   468 mm  5243 uF
 10.0 Hz  24 Hz   57 Hz   97.9 dB 1006 l +  21 l  * 1x50 mm   440 mm  4953 uF
 11.0 Hz  25 Hz   59 Hz   99.5 dB  292 l +  21 l  - 1x70 mm   773 mm  4362 uF
 12.0 Hz  27 Hz   61 Hz  101.0 dB  169 l +  21 l  - 1x70 mm   682 mm  3884 uF
 13.0 Hz  28 Hz   62 Hz  102.4 dB  118 l +  21 l  - 1x70 mm   607 mm  3491 uF
 14.0 Hz  30 Hz   64 Hz  103.7 dB   90 l +  21 l  - 1x70 mm   545 mm  3162 uF
 15.0 Hz  31 Hz   65 Hz  104.9 dB   72 l +  21 l  - 1x70 mm   492 mm  2884 uF
 16.0 Hz  33 Hz   67 Hz  106.0 dB   60 l +  21 l  - 1x70 mm   447 mm  2647 uF
 17.0 Hz  34 Hz   68 Hz  107.1 dB   51 l +  21 l  - 1x70 mm   408 mm  2441 uF
 18.0 Hz  35 Hz   69 Hz  108.1 dB   45 l +  21 l    1x100 mm  797 mm  2262 uF

MX12 || 100000.0Ohm  0.46  83.5dB 1125W 1x100 mm
 fu     fc      fo      SplMech  Vb1     Vb2       d         l        C
 10.0 Hz  23 Hz   54 Hz   97.8 dB   oo l +  25 l  * 1x50 mm   397 mm  4862 uF
 10.0 Hz  23 Hz   54 Hz   97.9 dB 8806 l +  25 l  - 1x70 mm   795 mm  4830 uF
 11.0 Hz  25 Hz   56 Hz   99.5 dB  412 l +  25 l  - 1x70 mm   693 mm  4253 uF
 12.0 Hz  26 Hz   58 Hz  101.0 dB  208 l +  25 l  - 1x70 mm   611 mm  3787 uF
 13.0 Hz  28 Hz   59 Hz  102.4 dB  138 l +  25 l  - 1x70 mm   544 mm  3404 uF
 14.0 Hz  29 Hz   61 Hz  103.7 dB  102 l +  25 l  - 1x70 mm   487 mm  3084 uF
 15.0 Hz  31 Hz   62 Hz  104.9 dB   81 l +  25 l  - 1x70 mm   440 mm  2813 uF
 16.0 Hz  32 Hz   63 Hz  106.0 dB   67 l +  25 l  - 1x70 mm   399 mm  2581 uF
 17.0 Hz  33 Hz   65 Hz  107.1 dB   57 l +  25 l    1x100 mm  776 mm  2380 uF
 18.0 Hz  34 Hz   66 Hz  108.1 dB   49 l +  25 l    1x100 mm  713 mm  2206 uF

*****************************************************************************
MX15 ||    0.0Ohm  0.35  86.1dB 1125W 2x100 mm
 fu     fc      fo      SplMech  Vb1     Vb2       d         l        C
  7.8 Hz  21 Hz   56 Hz   98.0 dB   oo l +  40 l  * 1x70 mm   606 mm  7176 uF
  8.0 Hz  21 Hz   56 Hz   98.5 dB 3931 l +  40 l  * 1x70 mm   579 mm  6884 uF
  9.0 Hz  23 Hz   59 Hz  100.6 dB  757 l +  40 l  * 1x70 mm   487 mm  5884 uF
 10.0 Hz  25 Hz   61 Hz  102.4 dB  412 l +  40 l  * 1x70 mm   416 mm  5113 uF
 11.0 Hz  26 Hz   63 Hz  104.1 dB  280 l +  40 l  - 1x100 mm  768 mm  4503 uF
 12.0 Hz  28 Hz   65 Hz  105.6 dB  211 l +  40 l  - 1x100 mm  675 mm  4009 uF
 13.0 Hz  29 Hz   66 Hz  107.0 dB  168 l +  40 l  - 1x100 mm  598 mm  3604 uF
 14.0 Hz  31 Hz   68 Hz  108.2 dB  139 l +  40 l  - 1x100 mm  535 mm  3264 uF
 15.0 Hz  32 Hz   70 Hz  109.4 dB  118 l +  40 l  - 1x100 mm  481 mm  2978 uF
 16.0 Hz  34 Hz   71 Hz  110.6 dB  102 l +  40 l  - 1x100 mm  434 mm  2732 uF
 17.0 Hz  35 Hz   72 Hz  111.6 dB   90 l +  40 l  - 1x100 mm  394 mm  2520 uF
 18.0 Hz  36 Hz   74 Hz  112.6 dB   80 l +  40 l    2x100 mm  761 mm  2335 uF

MX15 ||    2.7Ohm  0.44  86.1dB 1125W 2x100 mm
 fu     fc      fo      SplMech  Vb1     Vb2       d         l        C
  8.7 Hz  21 Hz   50 Hz  100.0 dB   oo l +  63 l  - 1x100 mm  776 mm  5712 uF
  9.0 Hz  21 Hz   50 Hz  100.6 dB 3504 l +  63 l  - 1x100 mm  737 mm  5453 uF
 10.0 Hz  23 Hz   52 Hz  102.4 dB  809 l +  63 l  - 1x100 mm  630 mm  4738 uF
 11.0 Hz  24 Hz   54 Hz  104.1 dB  451 l +  63 l  - 1x100 mm  545 mm  4173 uF
 12.0 Hz  26 Hz   55 Hz  105.6 dB  310 l +  63 l  - 1x100 mm  477 mm  3716 uF
 13.0 Hz  27 Hz   57 Hz  107.0 dB  234 l +  63 l  - 1x100 mm  420 mm  3340 uF
 14.0 Hz  29 Hz   58 Hz  108.2 dB  187 l +  63 l    2x100 mm  788 mm  3025 uF
 15.0 Hz  30 Hz   60 Hz  109.4 dB  155 l +  63 l    2x100 mm  709 mm  2760 uF
 16.0 Hz  31 Hz   61 Hz  110.6 dB  132 l +  63 l    2x100 mm  641 mm  2532 uF
 17.0 Hz  33 Hz   62 Hz  111.6 dB  115 l +  63 l    2x100 mm  583 mm  2335 uF
 18.0 Hz  34 Hz   63 Hz  112.6 dB  101 l +  63 l    2x100 mm  532 mm  2164 uF

MX15 ||    6.8Ohm  0.47  86.1dB 1125W 2x100 mm
 fu     fc      fo      SplMech  Vb1     Vb2       d         l        C
  9.0 Hz  21 Hz   48 Hz  100.6 dB   oo l +  73 l  - 1x100 mm  666 mm  5332 uF
 10.0 Hz  22 Hz   50 Hz  102.4 dB 1098 l +  73 l  - 1x100 mm  568 mm  4631 uF
 11.0 Hz  24 Hz   51 Hz  104.1 dB  541 l +  73 l  - 1x100 mm  490 mm  4078 uF
 12.0 Hz  25 Hz   53 Hz  105.6 dB  355 l +  73 l  - 1x100 mm  428 mm  3632 uF
 13.0 Hz  27 Hz   54 Hz  107.0 dB  262 l +  73 l    2x100 mm  795 mm  3264 uF
 14.0 Hz  28 Hz   56 Hz  108.2 dB  207 l +  73 l    2x100 mm  710 mm  2957 uF
 15.0 Hz  29 Hz   57 Hz  109.4 dB  170 l +  73 l    2x100 mm  637 mm  2697 uF
 16.0 Hz  31 Hz   58 Hz  110.6 dB  144 l +  73 l    2x100 mm  575 mm  2475 uF
 17.0 Hz  32 Hz   59 Hz  111.6 dB  124 l +  73 l    2x100 mm  522 mm  2282 uF
 18.0 Hz  33 Hz   61 Hz  112.6 dB  109 l +  73 l    2x100 mm  475 mm  2115 uF

MX15 || 100000.0Ohm  0.50  86.1dB 1125W 2x100 mm
 fu     fc      fo      SplMech  Vb1     Vb2       d         l        C
  9.3 Hz  21 Hz   46 Hz  101.2 dB   oo l +  84 l  - 1x100 mm  564 mm  4953 uF
 10.0 Hz  22 Hz   47 Hz  102.4 dB 1730 l +  84 l  - 1x100 mm  507 mm  4518 uF
 11.0 Hz  23 Hz   49 Hz  104.1 dB  680 l +  84 l  - 1x100 mm  437 mm  3979 uF
 12.0 Hz  25 Hz   50 Hz  105.6 dB  418 l +  84 l  - 1x100 mm  380 mm  3543 uF
 13.0 Hz  26 Hz   52 Hz  107.0 dB  300 l +  84 l    2x100 mm  710 mm  3185 uF
 14.0 Hz  27 Hz   53 Hz  108.2 dB  232 l +  84 l    2x100 mm  632 mm  2885 uF
 15.0 Hz  29 Hz   54 Hz  109.4 dB  189 l +  84 l    2x100 mm  567 mm  2631 uF
 16.0 Hz  30 Hz   55 Hz  110.6 dB  158 l +  84 l    2x100 mm  511 mm  2414 uF
 17.0 Hz  31 Hz   57 Hz  111.6 dB  136 l +  84 l    2x100 mm  462 mm  2227 uF
 18.0 Hz  32 Hz   58 Hz  112.6 dB  119 l +  84 l    2x100 mm  420 mm  2064 uF

*****************************************************************************
MX18 ||    0.0Ohm  0.30  87.6dB 1125W 3x100 mm
 fu     fc      fo      SplMech  Vb1     Vb2       d         l        C
  5.8 Hz  17 Hz   48 Hz   96.5 dB   oo l +  71 l  * 1x100 mm 1105 mm 10214 uF
  8.0 Hz  21 Hz   53 Hz  102.0 dB  731 l +  71 l  * 1x100 mm  697 mm  6695 uF
  9.0 Hz  22 Hz   55 Hz  104.1 dB  489 l +  71 l  * 1x100 mm  584 mm  5722 uF
 10.0 Hz  24 Hz   57 Hz  105.9 dB  364 l +  71 l  * 1x100 mm  497 mm  4972 uF
 11.0 Hz  26 Hz   59 Hz  107.5 dB  288 l +  71 l  * 1x100 mm  428 mm  4379 uF
 12.0 Hz  27 Hz   61 Hz  109.1 dB  237 l +  71 l  - 2x100 mm  786 mm  3899 uF
 13.0 Hz  29 Hz   63 Hz  110.4 dB  201 l +  71 l  - 2x100 mm  695 mm  3504 uF
 14.0 Hz  30 Hz   64 Hz  111.7 dB  173 l +  71 l  - 2x100 mm  619 mm  3175 uF
 15.0 Hz  31 Hz   66 Hz  112.9 dB  152 l +  71 l  - 2x100 mm  555 mm  2896 uF
 16.0 Hz  33 Hz   67 Hz  114.1 dB  135 l +  71 l    3x100 mm  784 mm  2657 uF
 17.0 Hz  34 Hz   69 Hz  115.1 dB  121 l +  71 l    3x100 mm  712 mm  2451 uF
 18.0 Hz  35 Hz   70 Hz  116.1 dB  110 l +  71 l    3x100 mm  650 mm  2271 uF

MX18 ||    2.7Ohm  0.38  87.6dB 1125W 3x100 mm
 fu     fc      fo      SplMech  Vb1     Vb2       d         l        C
  6.5 Hz  17 Hz   43 Hz   98.5 dB   oo l + 113 l  * 1x100 mm  663 mm  8089 uF
  7.0 Hz  17 Hz   44 Hz   99.7 dB 4135 l + 113 l  * 1x100 mm  600 mm  7401 uF
  8.0 Hz  19 Hz   46 Hz  102.0 dB 1256 l + 113 l  * 1x100 mm  489 mm  6194 uF
  9.0 Hz  21 Hz   47 Hz  104.1 dB  728 l + 113 l  * 1x100 mm  406 mm  5294 uF
 10.0 Hz  22 Hz   49 Hz  105.9 dB  506 l + 113 l  - 2x100 mm  727 mm  4600 uF
 11.0 Hz  24 Hz   51 Hz  107.5 dB  385 l + 113 l  - 2x100 mm  627 mm  4051 uF
 12.0 Hz  25 Hz   52 Hz  109.1 dB  309 l + 113 l  - 2x100 mm  546 mm  3607 uF
 13.0 Hz  26 Hz   54 Hz  110.4 dB  257 l + 113 l    3x100 mm  753 mm  3242 uF
 14.0 Hz  28 Hz   55 Hz  111.7 dB  219 l + 113 l    3x100 mm  669 mm  2937 uF
 15.0 Hz  29 Hz   56 Hz  112.9 dB  190 l + 113 l    3x100 mm  598 mm  2679 uF
 16.0 Hz  30 Hz   57 Hz  114.1 dB  168 l + 113 l    3x100 mm  538 mm  2458 uF
 17.0 Hz  32 Hz   59 Hz  115.1 dB  150 l + 113 l    3x100 mm  485 mm  2267 uF
 18.0 Hz  33 Hz   60 Hz  116.1 dB  135 l + 113 l    3x100 mm  439 mm  2101 uF

MX18 ||    6.8Ohm  0.41  87.6dB 1125W 3x100 mm
 fu     fc      fo      SplMech  Vb1     Vb2       d         l        C
  6.8 Hz  17 Hz   41 Hz   99.1 dB   oo l + 130 l  * 1x100 mm  565 mm  7538 uF
  7.0 Hz  17 Hz   42 Hz   99.7 dB 8996 l + 130 l  * 1x100 mm  539 mm  7229 uF
  8.0 Hz  19 Hz   44 Hz  102.0 dB 1562 l + 130 l  * 1x100 mm  438 mm  6050 uF
  9.0 Hz  20 Hz   45 Hz  104.1 dB  839 l + 130 l  - 2x100 mm  767 mm  5171 uF
 10.0 Hz  22 Hz   47 Hz  105.9 dB  567 l + 130 l  - 2x100 mm  652 mm  4493 uF
 11.0 Hz  23 Hz   48 Hz  107.5 dB  424 l + 130 l  - 2x100 mm  561 mm  3957 uF
 12.0 Hz  24 Hz   50 Hz  109.1 dB  337 l + 130 l    3x100 mm  765 mm  3524 uF
 13.0 Hz  26 Hz   51 Hz  110.4 dB  278 l + 130 l    3x100 mm  673 mm  3167 uF
 14.0 Hz  27 Hz   52 Hz  111.7 dB  236 l + 130 l    3x100 mm  597 mm  2869 uF
 15.0 Hz  28 Hz   54 Hz  112.9 dB  204 l + 130 l    3x100 mm  532 mm  2617 uF
 16.0 Hz  30 Hz   55 Hz  114.1 dB  180 l + 130 l    3x100 mm  477 mm  2401 uF
 17.0 Hz  31 Hz   56 Hz  115.1 dB  160 l + 130 l    3x100 mm  429 mm  2215 uF
 18.0 Hz  32 Hz   57 Hz  116.1 dB  144 l + 130 l    3x100 mm  387 mm  2052 uF

MX18 || 100000.0Ohm  0.44  87.6dB 1125W 3x100 mm
 fu     fc      fo      SplMech  Vb1     Vb2       d         l        C
  7.0 Hz  17 Hz   40 Hz   99.8 dB   oo l + 151 l  * 1x100 mm  475 mm  6987 uF
  8.0 Hz  18 Hz   41 Hz  102.0 dB 2083 l + 151 l  * 1x100 mm  388 mm  5899 uF
  9.0 Hz  20 Hz   43 Hz  104.1 dB  995 l + 151 l  - 2x100 mm  683 mm  5042 uF
 10.0 Hz  21 Hz   45 Hz  105.9 dB  646 l + 151 l  - 2x100 mm  578 mm  4381 uF
 11.0 Hz  23 Hz   46 Hz  107.5 dB  474 l + 151 l    3x100 mm  778 mm  3858 uF
 12.0 Hz  24 Hz   47 Hz  109.1 dB  372 l + 151 l    3x100 mm  678 mm  3436 uF
 13.0 Hz  25 Hz   49 Hz  110.4 dB  304 l + 151 l    3x100 mm  595 mm  3088 uF
 14.0 Hz  26 Hz   50 Hz  111.7 dB  256 l + 151 l    3x100 mm  526 mm  2797 uF
 15.0 Hz  28 Hz   51 Hz  112.9 dB  221 l + 151 l    3x100 mm  468 mm  2551 uF
 16.0 Hz  29 Hz   52 Hz  114.1 dB  194 l + 151 l    3x100 mm  418 mm  2341 uF
 17.0 Hz  30 Hz   53 Hz  115.1 dB  172 l + 151 l    3x100 mm  375 mm  2159 uF
 18.0 Hz  31 Hz   54 Hz  116.1 dB  154 l + 151 l    3x100 mm  337 mm  2001 uF

*****************************************************************************
XXX12 ||    0.0Ohm  0.30  83.8dB 2250W 1x100 mm
 fu     fc      fo      SplMech  Vb1     Vb2       d         l        C
  7.2 Hz  21 Hz   61 Hz  100.0 dB   oo l +  13 l  * 1x50 mm   981 mm 11100 uF
  9.0 Hz  24 Hz   66 Hz  103.8 dB  219 l +  13 l  * 1x50 mm   723 mm  8296 uF
 10.0 Hz  26 Hz   68 Hz  105.7 dB  137 l +  13 l  * 1x50 mm   623 mm  7209 uF
 11.0 Hz  28 Hz   70 Hz  107.3 dB   99 l +  13 l  * 1x50 mm   544 mm  6349 uF
 12.0 Hz  29 Hz   72 Hz  108.8 dB   77 l +  13 l  * 1x50 mm   480 mm  5653 uF
 13.0 Hz  31 Hz   74 Hz  110.2 dB   62 l +  13 l  * 1x50 mm   428 mm  5081 uF
 14.0 Hz  33 Hz   76 Hz  111.5 dB   52 l +  13 l  - 1x70 mm   774 mm  4603 uF
 15.0 Hz  34 Hz   78 Hz  112.7 dB   45 l +  13 l  - 1x70 mm   701 mm  4198 uF
 16.0 Hz  36 Hz   79 Hz  113.8 dB   39 l +  13 l  - 1x70 mm   639 mm  3852 uF
 17.0 Hz  37 Hz   81 Hz  114.9 dB   35 l +  13 l  - 1x70 mm   585 mm  3553 uF
 18.0 Hz  39 Hz   83 Hz  115.9 dB   31 l +  13 l  - 1x70 mm   538 mm  3292 uF

XXX12 ||    2.7Ohm  0.34  83.8dB 2250W 1x100 mm
 fu     fc      fo      SplMech  Vb1     Vb2       d         l        C
  7.7 Hz  21 Hz   57 Hz  101.2 dB   oo l +  17 l  * 1x50 mm   740 mm  9701 uF
  8.0 Hz  21 Hz   58 Hz  101.8 dB 1634 l +  17 l  * 1x50 mm   706 mm  9281 uF
  9.0 Hz  23 Hz   60 Hz  103.8 dB  332 l +  17 l  * 1x50 mm   598 mm  7932 uF
 10.0 Hz  25 Hz   62 Hz  105.7 dB  182 l +  17 l  * 1x50 mm   514 mm  6892 uF
 11.0 Hz  27 Hz   64 Hz  107.3 dB  124 l +  17 l  * 1x50 mm   448 mm  6070 uF
 12.0 Hz  28 Hz   66 Hz  108.8 dB   93 l +  17 l  - 1x70 mm   796 mm  5405 uF
 13.0 Hz  30 Hz   68 Hz  110.2 dB   74 l +  17 l  - 1x70 mm   710 mm  4858 uF
 14.0 Hz  31 Hz   69 Hz  111.5 dB   61 l +  17 l  - 1x70 mm   638 mm  4401 uF
 15.0 Hz  33 Hz   71 Hz  112.7 dB   52 l +  17 l  - 1x70 mm   577 mm  4014 uF
 16.0 Hz  34 Hz   73 Hz  113.8 dB   45 l +  17 l  - 1x70 mm   525 mm  3683 uF
 17.0 Hz  35 Hz   74 Hz  114.9 dB   40 l +  17 l  - 1x70 mm   480 mm  3397 uF
 18.0 Hz  37 Hz   76 Hz  115.9 dB   36 l +  17 l  - 1x70 mm   440 mm  3148 uF

XXX12 ||    6.8Ohm  0.37  83.8dB 2250W 1x100 mm
 fu     fc      fo      SplMech  Vb1     Vb2       d         l        C
  8.1 Hz  21 Hz   55 Hz  102.0 dB   oo l +  20 l  * 1x50 mm   615 mm  8890 uF
  9.0 Hz  23 Hz   57 Hz  103.8 dB  481 l +  20 l  * 1x50 mm   528 mm  7704 uF
 10.0 Hz  24 Hz   59 Hz  105.7 dB  226 l +  20 l  * 1x50 mm   453 mm  6695 uF
 11.0 Hz  26 Hz   60 Hz  107.3 dB  146 l +  20 l  - 1x70 mm   796 mm  5896 uF
 12.0 Hz  27 Hz   62 Hz  108.8 dB  107 l +  20 l  - 1x70 mm   702 mm  5250 uF
 13.0 Hz  29 Hz   64 Hz  110.2 dB   84 l +  20 l  - 1x70 mm   626 mm  4719 uF
 14.0 Hz  30 Hz   66 Hz  111.5 dB   69 l +  20 l  - 1x70 mm   562 mm  4275 uF
 15.0 Hz  32 Hz   67 Hz  112.7 dB   58 l +  20 l  - 1x70 mm   507 mm  3899 uF
 16.0 Hz  33 Hz   68 Hz  113.8 dB   50 l +  20 l  - 1x70 mm   461 mm  3577 uF
 17.0 Hz  34 Hz   70 Hz  114.9 dB   44 l +  20 l  - 1x70 mm   421 mm  3300 uF
 18.0 Hz  36 Hz   71 Hz  115.9 dB   39 l +  20 l  - 1x70 mm   386 mm  3058 uF

XXX12 || 100000.0Ohm  0.44  83.8dB 2250W 1x100 mm
 fu     fc      fo      SplMech  Vb1     Vb2       d         l        C
  8.8 Hz  21 Hz   50 Hz  103.4 dB   oo l +  28 l  * 1x50 mm   430 mm  7526 uF
  9.0 Hz  21 Hz   51 Hz  103.8 dB 2270 l +  28 l  * 1x50 mm   415 mm  7288 uF
 10.0 Hz  23 Hz   52 Hz  105.7 dB  393 l +  28 l  - 1x70 mm   718 mm  6333 uF
 11.0 Hz  24 Hz   54 Hz  107.3 dB  212 l +  28 l  - 1x70 mm   626 mm  5577 uF
 12.0 Hz  26 Hz   56 Hz  108.8 dB  144 l +  28 l  - 1x70 mm   551 mm  4966 uF
 13.0 Hz  27 Hz   57 Hz  110.2 dB  108 l +  28 l  - 1x70 mm   490 mm  4464 uF
 14.0 Hz  29 Hz   59 Hz  111.5 dB   86 l +  28 l  - 1x70 mm   439 mm  4044 uF
 15.0 Hz  30 Hz   60 Hz  112.7 dB   71 l +  28 l  - 1x70 mm   395 mm  3688 uF
 16.0 Hz  31 Hz   61 Hz  113.8 dB   60 l +  28 l    1x100 mm  765 mm  3384 uF
 17.0 Hz  33 Hz   63 Hz  114.9 dB   52 l +  28 l    1x100 mm  699 mm  3121 uF
 18.0 Hz  34 Hz   64 Hz  115.9 dB   46 l +  28 l    1x100 mm  642 mm  2892 uF

*****************************************************************************
XXX15 ||    0.0Ohm  0.37  85.8dB 2250W 2x100 mm
 fu     fc      fo      SplMech  Vb1     Vb2       d         l        C
  7.3 Hz  19 Hz   50 Hz  104.8 dB   oo l +  56 l  * 1x70 mm   503 mm  9806 uF
  8.0 Hz  20 Hz   51 Hz  106.3 dB 1703 l +  56 l  * 1x70 mm   442 mm  8743 uF
  9.0 Hz  22 Hz   53 Hz  108.4 dB  663 l +  56 l  - 1x100 mm  789 mm  7473 uF
 10.0 Hz  23 Hz   55 Hz  110.2 dB  406 l +  56 l  - 1x100 mm  675 mm  6493 uF
 11.0 Hz  25 Hz   57 Hz  111.9 dB  290 l +  56 l  - 1x100 mm  585 mm  5718 uF
 12.0 Hz  27 Hz   59 Hz  113.4 dB  224 l +  56 l  - 1x100 mm  512 mm  5092 uF
 13.0 Hz  28 Hz   60 Hz  114.8 dB  181 l +  56 l  - 1x100 mm  452 mm  4577 uF
 14.0 Hz  29 Hz   62 Hz  116.0 dB  152 l +  56 l  - 1x100 mm  402 mm  4146 uF
 15.0 Hz  31 Hz   63 Hz  117.2 dB  130 l +  56 l    2x100 mm  761 mm  3782 uF
 16.0 Hz  32 Hz   64 Hz  118.4 dB  113 l +  56 l    2x100 mm  689 mm  3470 uF
 17.0 Hz  33 Hz   66 Hz  119.4 dB  100 l +  56 l    2x100 mm  627 mm  3200 uF
 18.0 Hz  35 Hz   67 Hz  120.4 dB   90 l +  56 l    2x100 mm  573 mm  2966 uF

XXX15 ||    2.7Ohm  0.42  85.8dB 2250W 2x100 mm
 fu     fc      fo      SplMech  Vb1     Vb2       d         l        C
  7.8 Hz  19 Hz   47 Hz  106.0 dB   oo l +  73 l  - 1x100 mm  794 mm  8586 uF
  8.0 Hz  19 Hz   47 Hz  106.3 dB 7811 l +  73 l  - 1x100 mm  772 mm  8365 uF
  9.0 Hz  21 Hz   49 Hz  108.4 dB 1030 l +  73 l  - 1x100 mm  648 mm  7149 uF
 10.0 Hz  22 Hz   50 Hz  110.2 dB  542 l +  73 l  - 1x100 mm  552 mm  6212 uF
 11.0 Hz  24 Hz   52 Hz  111.9 dB  363 l +  73 l  - 1x100 mm  477 mm  5471 uF
 12.0 Hz  25 Hz   54 Hz  113.4 dB  271 l +  73 l  - 1x100 mm  416 mm  4872 uF
 13.0 Hz  27 Hz   55 Hz  114.8 dB  215 l +  73 l    2x100 mm  773 mm  4378 uF
 14.0 Hz  28 Hz   56 Hz  116.0 dB  178 l +  73 l    2x100 mm  690 mm  3966 uF
 15.0 Hz  29 Hz   58 Hz  117.2 dB  151 l +  73 l    2x100 mm  619 mm  3618 uF
 16.0 Hz  31 Hz   59 Hz  118.4 dB  130 l +  73 l    2x100 mm  559 mm  3320 uF
 17.0 Hz  32 Hz   60 Hz  119.4 dB  115 l +  73 l    2x100 mm  507 mm  3062 uF
 18.0 Hz  33 Hz   61 Hz  120.4 dB  102 l +  73 l    2x100 mm  461 mm  2837 uF

XXX15 ||    6.8Ohm  0.46  85.8dB 2250W 2x100 mm
 fu     fc      fo      SplMech  Vb1     Vb2       d         l        C
  8.2 Hz  19 Hz   45 Hz  106.7 dB   oo l +  87 l  - 1x100 mm  656 mm  7879 uF
  9.0 Hz  20 Hz   46 Hz  108.4 dB 1543 l +  87 l  - 1x100 mm  569 mm  6947 uF
 10.0 Hz  22 Hz   48 Hz  110.2 dB  678 l +  87 l  - 1x100 mm  484 mm  6037 uF
 11.0 Hz  23 Hz   49 Hz  111.9 dB  429 l +  87 l  - 1x100 mm  417 mm  5316 uF
 12.0 Hz  25 Hz   51 Hz  113.4 dB  312 l +  87 l    2x100 mm  766 mm  4734 uF
 13.0 Hz  26 Hz   52 Hz  114.8 dB  243 l +  87 l    2x100 mm  677 mm  4255 uF
 14.0 Hz  27 Hz   53 Hz  116.0 dB  198 l +  87 l    2x100 mm  603 mm  3854 uF
 15.0 Hz  29 Hz   55 Hz  117.2 dB  167 l +  87 l    2x100 mm  540 mm  3516 uF
 16.0 Hz  30 Hz   56 Hz  118.4 dB  143 l +  87 l    2x100 mm  486 mm  3226 uF
 17.0 Hz  31 Hz   57 Hz  119.4 dB  126 l +  87 l    2x100 mm  440 mm  2975 uF
 18.0 Hz  32 Hz   58 Hz  120.4 dB  111 l +  87 l    2x100 mm  399 mm  2757 uF

XXX15 || 100000.0Ohm  0.54  85.8dB 2250W 2x100 mm
 fu     fc      fo      SplMech  Vb1     Vb2       d         l        C
  8.9 Hz  19 Hz   41 Hz  108.2 dB   oo l + 121 l  - 1x100 mm  451 mm  6690 uF
  9.0 Hz  19 Hz   41 Hz  108.4 dB 12232 l + 121 l  - 1x100 mm  442 mm  6578 uF
 10.0 Hz  21 Hz   43 Hz  110.2 dB 1215 l + 121 l    2x100 mm  788 mm  5716 uF
 11.0 Hz  22 Hz   44 Hz  111.9 dB  629 l + 121 l    2x100 mm  681 mm  5034 uF
 12.0 Hz  23 Hz   45 Hz  113.4 dB  420 l + 121 l    2x100 mm  594 mm  4483 uF
 13.0 Hz  25 Hz   47 Hz  114.8 dB  313 l + 121 l    2x100 mm  522 mm  4029 uF
 14.0 Hz  26 Hz   48 Hz  116.0 dB  249 l + 121 l    2x100 mm  463 mm  3650 uF
 15.0 Hz  27 Hz   49 Hz  117.2 dB  205 l + 121 l    2x100 mm  412 mm  3329 uF
 16.0 Hz  28 Hz   50 Hz  118.4 dB  174 l + 121 l    2x100 mm  369 mm  3055 uF
 17.0 Hz  29 Hz   51 Hz  119.4 dB  151 l + 121 l    2x100 mm  331 mm  2817 uF
 18.0 Hz  31 Hz   52 Hz  120.4 dB  132 l + 121 l    2x100 mm  299 mm  2611 uF

*****************************************************************************
XXX18 ||    0.0Ohm  0.41  86.2dB 2250W 3x100 mm
 fu     fc      fo      SplMech  Vb1     Vb2       d         l        C
  6.3 Hz  16 Hz   38 Hz  105.7 dB   oo l + 163 l  * 1x100 mm  510 mm 10767 uF
  7.0 Hz  17 Hz   40 Hz  107.5 dB 3363 l + 163 l  * 1x100 mm  436 mm  9417 uF
  8.0 Hz  18 Hz   42 Hz  109.8 dB 1317 l + 163 l  - 2x100 mm  746 mm  7882 uF
  9.0 Hz  20 Hz   43 Hz  111.9 dB  805 l + 163 l  - 2x100 mm  621 mm  6736 uF
 10.0 Hz  21 Hz   45 Hz  113.7 dB  574 l + 163 l  - 2x100 mm  525 mm  5853 uF
 11.0 Hz  23 Hz   46 Hz  115.3 dB  443 l + 163 l    3x100 mm  707 mm  5155 uF
 12.0 Hz  24 Hz   48 Hz  116.9 dB  358 l + 163 l    3x100 mm  615 mm  4590 uF
 13.0 Hz  25 Hz   49 Hz  118.2 dB  299 l + 163 l    3x100 mm  538 mm  4125 uF
 14.0 Hz  26 Hz   50 Hz  119.5 dB  256 l + 163 l    3x100 mm  475 mm  3737 uF
 15.0 Hz  28 Hz   51 Hz  120.7 dB  223 l + 163 l    3x100 mm  421 mm  3409 uF
 16.0 Hz  29 Hz   52 Hz  121.9 dB  197 l + 163 l    3x100 mm  375 mm  3128 uF
 17.0 Hz  30 Hz   53 Hz  122.9 dB  176 l + 163 l    3x100 mm  335 mm  2885 uF
 18.0 Hz  31 Hz   54 Hz  123.9 dB  159 l + 163 l    3x100 mm  300 mm  2673 uF

XXX18 ||    2.7Ohm  0.47  86.2dB 2250W 3x100 mm
 fu     fc      fo      SplMech  Vb1     Vb2       d         l        C
  6.7 Hz  16 Hz   36 Hz  106.8 dB   oo l + 210 l  - 2x100 mm  800 mm  9494 uF
  7.0 Hz  16 Hz   37 Hz  107.5 dB 9399 l + 210 l  - 2x100 mm  755 mm  9030 uF
  8.0 Hz  17 Hz   38 Hz  109.8 dB 1882 l + 210 l  - 2x100 mm  613 mm  7558 uF
  9.0 Hz  19 Hz   40 Hz  111.9 dB 1026 l + 210 l    3x100 mm  796 mm  6459 uF
 10.0 Hz  20 Hz   41 Hz  113.7 dB  697 l + 210 l    3x100 mm  674 mm  5613 uF
 11.0 Hz  22 Hz   42 Hz  115.3 dB  524 l + 210 l    3x100 mm  577 mm  4943 uF
 12.0 Hz  23 Hz   44 Hz  116.9 dB  417 l + 210 l    3x100 mm  498 mm  4401 uF
 13.0 Hz  24 Hz   45 Hz  118.2 dB  344 l + 210 l    3x100 mm  434 mm  3956 uF
 14.0 Hz  25 Hz   46 Hz  119.5 dB  292 l + 210 l    3x100 mm  380 mm  3584 uF
 15.0 Hz  27 Hz   47 Hz  120.7 dB  253 l + 210 l    3x100 mm  334 mm  3269 uF
 16.0 Hz  28 Hz   48 Hz  121.9 dB  223 l + 210 l    3x100 mm  295 mm  2999 uF
 17.0 Hz  29 Hz   49 Hz  122.9 dB  198 l + 210 l    3x100 mm  262 mm  2766 uF
 18.0 Hz  30 Hz   50 Hz  123.9 dB  178 l + 210 l    3x100 mm  232 mm  2563 uF

XXX18 ||    6.8Ohm  0.51  86.2dB 2250W 3x100 mm
 fu     fc      fo      SplMech  Vb1     Vb2       d         l        C
  7.0 Hz  16 Hz   35 Hz  107.5 dB   oo l + 246 l  - 2x100 mm  663 mm  8755 uF
  8.0 Hz  17 Hz   36 Hz  109.8 dB 2535 l + 246 l  - 2x100 mm  539 mm  7356 uF
  9.0 Hz  18 Hz   38 Hz  111.9 dB 1228 l + 246 l    3x100 mm  700 mm  6287 uF
 10.0 Hz  20 Hz   39 Hz  113.7 dB  800 l + 246 l    3x100 mm  590 mm  5463 uF
 11.0 Hz  21 Hz   40 Hz  115.3 dB  588 l + 246 l    3x100 mm  503 mm  4811 uF
 12.0 Hz  22 Hz   41 Hz  116.9 dB  462 l + 246 l    3x100 mm  433 mm  4284 uF
 13.0 Hz  24 Hz   43 Hz  118.2 dB  378 l + 246 l    3x100 mm  375 mm  3851 uF
 14.0 Hz  25 Hz   44 Hz  119.5 dB  319 l + 246 l    3x100 mm  327 mm  3488 uF
 15.0 Hz  26 Hz   45 Hz  120.7 dB  275 l + 246 l    3x100 mm  286 mm  3182 uF
 16.0 Hz  27 Hz   46 Hz  121.9 dB  241 l + 246 l    3x100 mm  251 mm  2919 uF
 17.0 Hz  28 Hz   47 Hz  122.9 dB  214 l + 246 l    3x100 mm  221 mm  2693 uF
 18.0 Hz  29 Hz   47 Hz  123.9 dB  192 l + 246 l    3x100 mm  194 mm  2495 uF

XXX18 || 100000.0Ohm  0.59  86.2dB 2250W 3x100 mm
 fu     fc      fo      SplMech  Vb1     Vb2       d         l        C
  7.6 Hz  16 Hz   32 Hz  108.9 dB   oo l + 335 l    3x100 mm  722 mm  7513 uF
  8.0 Hz  16 Hz   33 Hz  109.8 dB 6453 l + 335 l    3x100 mm  662 mm  6991 uF
  9.0 Hz  17 Hz   34 Hz  111.9 dB 1872 l + 335 l    3x100 mm  546 mm  5975 uF
 10.0 Hz  19 Hz   35 Hz  113.7 dB 1078 l + 335 l    3x100 mm  456 mm  5192 uF
 11.0 Hz  20 Hz   36 Hz  115.3 dB  749 l + 335 l    3x100 mm  385 mm  4572 uF
 12.0 Hz  21 Hz   37 Hz  116.9 dB  570 l + 335 l    3x100 mm  328 mm  4071 uF
 13.0 Hz  22 Hz   38 Hz  118.2 dB  458 l + 335 l    3x100 mm  280 mm  3659 uF
 14.0 Hz  23 Hz   39 Hz  119.5 dB  381 l + 335 l    3x100 mm  241 mm  3315 uF
 15.0 Hz  25 Hz   40 Hz  120.7 dB  325 l + 335 l    3x100 mm  208 mm  3023 uF
 16.0 Hz  26 Hz   41 Hz  121.9 dB  282 l + 335 l    3x100 mm  179 mm  2774 uF
 17.0 Hz  27 Hz   42 Hz  122.9 dB  249 l + 335 l    3x100 mm  155 mm  2559 uF
 18.0 Hz  28 Hz   43 Hz  123.9 dB  222 l + 335 l    3x100 mm  133 mm  2371 uF

