-------------
RE8                                    81.2dB  175W                      1x70mm
Rpre   Spl         Vb      fb         SplMech Pmech  SplEle     f3       dv       lv

0.20  81.0dB:    17.1l @  26.4Hz  =>  107.1dB  510W 102.4dB @  28.7Hz - 1x50mm    621 mm 
                 19.3l @  25.4Hz  =>  106.0dB  399W 102.4dB @  27.0Hz - 1x50mm    545 mm 
             *   21.9l @  24.4Hz  =>  105.0dB  312W 102.4dB @  25.4Hz - 1x50mm    478 mm 
                 24.7l @  23.5Hz  =>  103.9dB  245W 102.4dB @  23.9Hz - 1x50mm    419 mm 
                 27.9l @  22.6Hz  =>  102.8dB  192W 102.4dB @  22.5Hz - 1x50mm    367 mm 

0.60  80.7dB:    20.0l @  25.1Hz  =>  105.7dB  397W 102.2dB @  26.6Hz - 1x50mm    527 mm 
                 22.6l @  24.2Hz  =>  104.7dB  311W 102.2dB @  25.0Hz - 1x50mm    462 mm 
             *   25.5l @  23.2Hz  =>  103.6dB  244W 102.2dB @  23.5Hz - 1x50mm    405 mm 
                 28.8l @  22.4Hz  =>  102.6dB  191W 102.2dB @  22.1Hz - 1x50mm    354 mm 
                 32.6l @  21.5Hz  =>  101.5dB  149W 102.2dB @  20.8Hz   1x70mm    626 mm 

1.00  80.5dB:    23.1l @  24.0Hz  =>  104.5dB  314W 101.9dB @  24.7Hz - 1x50mm    451 mm 
                 26.1l @  23.1Hz  =>  103.4dB  246W 101.9dB @  23.2Hz - 1x50mm    395 mm 
             *   29.5l @  22.2Hz  =>  102.4dB  193W 101.9dB @  21.9Hz   1x70mm    697 mm 
                 33.3l @  21.3Hz  =>  101.3dB  151W 101.9dB @  20.6Hz   1x70mm    611 mm 
                 37.6l @  20.5Hz  =>  100.2dB  118W 101.9dB @  19.3Hz   1x70mm    535 mm 

-------------
RE10                                   84.7dB  175W                     1x100mm
Rpre   Spl         Vb      fb         SplMech Pmech  SplEle     f3       dv       lv

0.20  84.6dB:    51.6l @  24.3Hz  =>  109.7dB  413W 106.0dB @  26.0Hz - 1x70mm    430 mm 
                 58.3l @  23.4Hz  =>  108.7dB  323W 106.0dB @  24.5Hz - 1x70mm    374 mm 
             *   65.9l @  22.5Hz  =>  107.6dB  253W 106.0dB @  23.0Hz   1x100mm   695 mm 
                 74.5l @  21.6Hz  =>  106.6dB  198W 106.0dB @  21.7Hz   1x100mm   607 mm 
                 84.1l @  20.8Hz  =>  105.5dB  155W 106.0dB @  20.4Hz   1x100mm   529 mm 

0.60  84.3dB:    60.2l @  23.1Hz  =>  108.4dB  322W 105.8dB @  24.1Hz - 1x70mm    361 mm 
                 68.0l @  22.2Hz  =>  107.3dB  252W 105.8dB @  22.7Hz   1x100mm   671 mm 
             *   76.9l @  21.4Hz  =>  106.3dB  197W 105.8dB @  21.3Hz   1x100mm   585 mm 
                 86.9l @  20.6Hz  =>  105.2dB  155W 105.8dB @  20.1Hz   1x100mm   510 mm 
                 98.2l @  19.8Hz  =>  104.2dB  121W 105.8dB @  18.9Hz   1x100mm   443 mm 

1.00  84.1dB:    69.6l @  22.1Hz  =>  107.1dB  255W 105.5dB @  22.4Hz   1x100mm   654 mm 
                 78.6l @  21.2Hz  =>  106.1dB  199W 105.5dB @  21.1Hz   1x100mm   571 mm 
             *   88.9l @  20.4Hz  =>  105.0dB  156W 105.5dB @  19.8Hz   1x100mm   497 mm 
                100.4l @  19.6Hz  =>  104.0dB  122W 105.5dB @  18.7Hz   1x100mm   431 mm 
                113.5l @  18.9Hz  =>  102.9dB   96W 105.5dB @  17.5Hz   1x100mm   373 mm 

-------------
RE12                                   87.3dB  175W                     2x100mm
Rpre   Spl         Vb      fb         SplMech Pmech  SplEle     f3       dv       lv

0.20  87.1dB:   149.9l @  21.3Hz  =>  110.7dB  284W 108.6dB @  22.0Hz   2x100mm   673 mm 
                169.4l @  20.5Hz  =>  109.6dB  223W 108.6dB @  20.7Hz   2x100mm   584 mm 
             *  191.5l @  19.7Hz  =>  108.5dB  174W 108.6dB @  19.5Hz   2x100mm   505 mm 
                216.3l @  18.9Hz  =>  107.5dB  137W 108.6dB @  18.3Hz   2x100mm   435 mm 
                244.5l @  18.2Hz  =>  106.4dB  107W 108.6dB @  17.3Hz   2x100mm   373 mm 
                276.3l @  17.5Hz  =>  105.4dB   84W 108.6dB @  16.2Hz   2x100mm   318 mm 
                312.2l @  16.8Hz  =>  104.3dB   66W 108.6dB @  15.3Hz   2x100mm   270 mm 
                352.7l @  16.2Hz  =>  103.2dB   51W 108.6dB @  14.4Hz   2x100mm   227 mm 
                398.6l @  15.6Hz  =>  102.2dB   40W 108.6dB @  13.5Hz   2x100mm   189 mm 
                450.4l @  15.0Hz  =>  101.1dB   32W 108.6dB @  12.7Hz   2x100mm   155 mm 
                509.0l @  14.4Hz  =>  100.1dB   25W 108.6dB @  12.0Hz   2x100mm   125 mm 
                575.1l @  13.8Hz  =>   99.0dB   19W 108.6dB @  11.3Hz   2x100mm    99 mm 
                649.9l @  13.3Hz  =>   97.9dB   15W 108.6dB @  10.6Hz   2x100mm    76 mm 
                734.4l @  12.8Hz  =>   96.9dB   12W 108.6dB @  10.0Hz   2x100mm    55 mm 
                829.9l @  12.3Hz  =>   95.8dB    9W 108.6dB @   9.4Hz   2x100mm    37 mm 
                937.8l @  11.8Hz  =>   94.7dB    7W 108.6dB @   8.8Hz   2x100mm    21 mm 
               1059.7l @  11.4Hz  =>   93.7dB    6W 108.6dB @   8.3Hz + 3x100mm    39 mm 
               1197.4l @  10.9Hz  =>   92.6dB    4W 108.6dB @   7.8Hz + 4x100mm    49 mm 
               1353.1l @  10.5Hz  =>   91.6dB    3W 108.6dB @   7.3Hz + 4x100mm    27 mm 

0.60  86.9dB:   174.7l @  20.3Hz  =>  109.3dB  222W 108.3dB @  20.4Hz   2x100mm   563 mm 
                197.4l @  19.5Hz  =>  108.3dB  174W 108.3dB @  19.2Hz   2x100mm   486 mm 
             *  223.1l @  18.7Hz  =>  107.2dB  136W 108.3dB @  18.1Hz   2x100mm   418 mm 
                252.1l @  18.0Hz  =>  106.2dB  107W 108.3dB @  17.0Hz   2x100mm   358 mm 
                284.9l @  17.3Hz  =>  105.1dB   84W 108.3dB @  16.0Hz   2x100mm   305 mm 

1.00  86.6dB:   201.7l @  19.4Hz  =>  108.1dB  176W 108.1dB @  19.0Hz   2x100mm   474 mm 
                227.9l @  18.6Hz  =>  107.0dB  138W 108.1dB @  17.9Hz   2x100mm   407 mm 
             *  257.5l @  17.9Hz  =>  106.0dB  108W 108.1dB @  16.8Hz   2x100mm   349 mm 
                291.0l @  17.2Hz  =>  104.9dB   85W 108.1dB @  15.8Hz   2x100mm   297 mm 
                328.8l @  16.6Hz  =>  103.9dB   66W 108.1dB @  14.9Hz   2x100mm   251 mm 

-------------
SR10                                   85.3dB  300W                     1x100mm
Rpre   Spl         Vb      fb         SplMech Pmech  SplEle     f3       dv       lv

0.20  82.7dB:    26.8l @  26.5Hz  =>  113.7dB 2813W 104.0dB @  27.2Hz - 1x70mm    619 mm 
             *   30.2l @  25.5Hz  =>  112.7dB 2203W 104.0dB @  25.6Hz - 1x70mm    541 mm 
                 34.2l @  24.5Hz  =>  111.6dB 1725W 104.0dB @  24.1Hz - 1x70mm    473 mm 
                 38.6l @  23.6Hz  =>  110.5dB 1351W 104.0dB @  22.7Hz - 1x70mm    413 mm 

0.60  82.3dB:    30.9l @  25.3Hz  =>  112.5dB 2331W 103.6dB @  25.3Hz - 1x70mm    529 mm 
                 34.9l @  24.4Hz  =>  111.4dB 1825W 103.6dB @  23.8Hz - 1x70mm    462 mm 
             *   39.5l @  23.4Hz  =>  110.3dB 1429W 103.6dB @  22.4Hz - 1x70mm    403 mm 
                 44.6l @  22.5Hz  =>  109.3dB 1119W 103.6dB @  21.1Hz - 1x70mm    351 mm 
                 50.4l @  21.7Hz  =>  108.2dB  877W 103.6dB @  19.8Hz   1x100mm   653 mm 

1.00  81.9dB:    39.3l @  23.5Hz  =>  110.4dB 1579W 103.2dB @  22.5Hz - 1x70mm    405 mm 
                 44.4l @  22.6Hz  =>  109.3dB 1236W 103.2dB @  21.1Hz - 1x70mm    352 mm 
             *   50.2l @  21.7Hz  =>  108.3dB  968W 103.2dB @  19.9Hz   1x100mm   656 mm 
                 56.7l @  20.9Hz  =>  107.2dB  758W 103.2dB @  18.7Hz   1x100mm   572 mm 
                 64.1l @  20.1Hz  =>  106.1dB  594W 103.2dB @  17.6Hz   1x100mm   498 mm 

-------------
SR12                                   86.2dB  300W                     1x100mm
Rpre   Spl         Vb      fb         SplMech Pmech  SplEle     f3       dv       lv

0.20  86.0dB:    72.6l @  24.8Hz  =>  116.4dB 2462W 107.3dB @  25.5Hz   1x100mm   506 mm 
                 82.1l @  23.9Hz  =>  115.3dB 1928W 107.3dB @  24.0Hz   1x100mm   439 mm 
             *   92.7l @  23.0Hz  =>  114.3dB 1510W 107.3dB @  22.6Hz   1x100mm   380 mm 
                104.8l @  22.1Hz  =>  113.2dB 1182W 107.3dB @  21.3Hz   1x100mm   328 mm 
                118.4l @  21.2Hz  =>  112.2dB  926W 107.3dB @  20.0Hz   1x100mm   282 mm 
                133.8l @  20.4Hz  =>  111.1dB  725W 107.3dB @  18.8Hz   1x100mm   241 mm 
                151.2l @  19.6Hz  =>  110.0dB  568W 107.3dB @  17.7Hz   1x100mm   205 mm 
                170.8l @  18.9Hz  =>  109.0dB  445W 107.3dB @  16.6Hz   1x100mm   173 mm 
                193.0l @  18.2Hz  =>  107.9dB  348W 107.3dB @  15.7Hz   1x100mm   145 mm 
                218.1l @  17.5Hz  =>  106.8dB  273W 107.3dB @  14.7Hz   1x100mm   120 mm 
                246.5l @  16.8Hz  =>  105.8dB  214W 107.3dB @  13.9Hz   1x100mm    97 mm 
                278.5l @  16.1Hz  =>  104.7dB  167W 107.3dB @  13.0Hz   1x100mm    78 mm 
                314.7l @  15.5Hz  =>  103.7dB  131W 107.3dB @  12.3Hz   1x100mm    60 mm 
                355.7l @  14.9Hz  =>  102.6dB  103W 107.3dB @  11.5Hz   1x100mm    45 mm 
                401.9l @  14.4Hz  =>  101.5dB   80W 107.3dB @  10.9Hz   1x100mm    31 mm 
                454.1l @  13.8Hz  =>  100.5dB   63W 107.3dB @  10.2Hz + 2x100mm    81 mm 
                513.2l @  13.3Hz  =>   99.4dB   49W 107.3dB @   9.6Hz + 2x100mm    60 mm 
                579.9l @  12.8Hz  =>   98.4dB   39W 107.3dB @   9.0Hz + 2x100mm    41 mm 
                655.3l @  12.3Hz  =>   97.3dB   30W 107.3dB @   8.5Hz + 2x100mm    24 mm 
                740.5l @  11.8Hz  =>   96.2dB   24W 107.3dB @   8.0Hz + 3x100mm    43 mm 
                836.7l @  11.4Hz  =>   95.2dB   19W 107.3dB @   7.5Hz + 3x100mm    24 mm 
                945.5l @  10.9Hz  =>   94.1dB   15W 107.3dB @   7.1Hz + 4x100mm    32 mm 
               1068.4l @  10.5Hz  =>   93.0dB   11W 107.3dB @   6.7Hz + 5x100mm    34 mm 

0.60  85.5dB:    94.5l @  22.8Hz  =>  114.1dB 1607W 106.8dB @  22.4Hz   1x100mm   372 mm 
                106.8l @  21.9Hz  =>  113.1dB 1259W 106.8dB @  21.1Hz   1x100mm   321 mm 
             *  120.6l @  21.1Hz  =>  112.0dB  986W 106.8dB @  19.8Hz   1x100mm   275 mm 
                136.3l @  20.3Hz  =>  110.9dB  772W 106.8dB @  18.6Hz   1x100mm   235 mm 
                154.0l @  19.5Hz  =>  109.9dB  605W 106.8dB @  17.5Hz   1x100mm   200 mm 

1.00  85.1dB:   119.8l @  21.1Hz  =>  112.1dB 1095W 106.4dB @  19.9Hz   1x100mm   278 mm 
                135.4l @  20.3Hz  =>  111.0dB  858W 106.4dB @  18.7Hz   1x100mm   237 mm 
             *  152.9l @  19.6Hz  =>  109.9dB  672W 106.4dB @  17.6Hz   1x100mm   202 mm 
                172.8l @  18.8Hz  =>  108.9dB  526W 106.4dB @  16.6Hz   1x100mm   170 mm 
                195.3l @  18.1Hz  =>  107.8dB  412W 106.4dB @  15.6Hz   1x100mm   142 mm 

-------------
SR15                                   87.6dB  300W                     2x100mm
Rpre   Spl         Vb      fb         SplMech Pmech  SplEle     f3       dv       lv

0.20  89.0dB:   220.2l @  22.4Hz  =>  118.4dB 1948W 110.3dB @  22.1Hz   2x100mm   296 mm 
                248.8l @  21.6Hz  =>  117.4dB 1525W 110.3dB @  20.8Hz   2x100mm   250 mm 
             *  281.2l @  20.7Hz  =>  116.3dB 1195W 110.3dB @  19.5Hz   2x100mm   210 mm 
                317.7l @  19.9Hz  =>  115.2dB  936W 110.3dB @  18.4Hz   2x100mm   174 mm 
                359.0l @  19.2Hz  =>  114.2dB  733W 110.3dB @  17.3Hz   2x100mm   142 mm 
                405.7l @  18.4Hz  =>  113.1dB  574W 110.3dB @  16.3Hz   2x100mm   114 mm 
                458.4l @  17.7Hz  =>  112.1dB  449W 110.3dB @  15.3Hz   2x100mm    89 mm 
                518.0l @  17.0Hz  =>  111.0dB  352W 110.3dB @  14.4Hz   2x100mm    67 mm 
                585.3l @  16.4Hz  =>  109.9dB  276W 110.3dB @  13.5Hz   2x100mm    47 mm 
                661.4l @  15.8Hz  =>  108.9dB  216W 110.3dB @  12.7Hz   2x100mm    30 mm 
                747.4l @  15.2Hz  =>  107.8dB  169W 110.3dB @  12.0Hz + 3x100mm    51 mm 
                844.6l @  14.6Hz  =>  106.7dB  132W 110.3dB @  11.3Hz + 3x100mm    30 mm 
                954.4l @  14.0Hz  =>  105.7dB  104W 110.3dB @  10.6Hz + 4x100mm    39 mm 
               1078.5l @  13.5Hz  =>  104.6dB   81W 110.3dB @  10.0Hz + 5x100mm    42 mm 
               1218.7l @  13.0Hz  =>  103.6dB   64W 110.3dB @   9.4Hz + 6x100mm    39 mm 

0.60  88.6dB:   285.7l @  20.6Hz  =>  116.2dB 1278W 109.9dB @  19.4Hz   2x100mm   205 mm 
                322.9l @  19.8Hz  =>  115.1dB 1001W 109.9dB @  18.2Hz   2x100mm   169 mm 
             *  364.8l @  19.1Hz  =>  114.0dB  784W 109.9dB @  17.2Hz   2x100mm   138 mm 
                412.3l @  18.3Hz  =>  113.0dB  614W 109.9dB @  16.1Hz   2x100mm   110 mm 
                465.8l @  17.6Hz  =>  111.9dB  481W 109.9dB @  15.2Hz   2x100mm    86 mm 

1.00  88.2dB:   361.3l @  19.1Hz  =>  114.1dB  876W 109.5dB @  17.2Hz   2x100mm   140 mm 
                408.2l @  18.4Hz  =>  113.1dB  686W 109.5dB @  16.2Hz   2x100mm   112 mm 
             *  461.3l @  17.7Hz  =>  112.0dB  537W 109.5dB @  15.3Hz   2x100mm    88 mm 
                521.3l @  17.0Hz  =>  110.9dB  421W 109.5dB @  14.4Hz   2x100mm    66 mm 
                589.0l @  16.4Hz  =>  109.9dB  329W 109.5dB @  13.5Hz   2x100mm    46 mm 

-------------
SE10                                   83.2dB  600W                     1x100mm
Rpre   Spl         Vb      fb         SplMech Pmech  SplEle     f3       dv       lv

0.20  82.7dB:    33.0l @  26.1Hz  =>  112.8dB 1448W 108.9dB @  25.8Hz - 1x70mm    440 mm 
                 37.3l @  25.1Hz  =>  111.7dB 1134W 108.9dB @  24.3Hz - 1x70mm    384 mm 
             *   42.1l @  24.1Hz  =>  110.7dB  888W 108.9dB @  22.8Hz - 1x70mm    334 mm 
                 47.6l @  23.2Hz  =>  109.6dB  696W 108.9dB @  21.5Hz   1x100mm   622 mm 
                 53.8l @  22.3Hz  =>  108.5dB  545W 108.9dB @  20.2Hz   1x100mm   542 mm 

0.60  82.4dB:    39.2l @  24.7Hz  =>  111.3dB 1097W 108.7dB @  23.7Hz - 1x70mm    363 mm 
                 44.3l @  23.7Hz  =>  110.2dB  859W 108.7dB @  22.3Hz   1x100mm   674 mm 
             *   50.0l @  22.8Hz  =>  109.2dB  673W 108.7dB @  20.9Hz   1x100mm   588 mm 
                 56.5l @  21.9Hz  =>  108.1dB  527W 108.7dB @  19.7Hz   1x100mm   512 mm 
                 63.9l @  21.1Hz  =>  107.0dB  413W 108.7dB @  18.5Hz   1x100mm   445 mm 

1.00  82.2dB:    46.0l @  23.4Hz  =>  109.9dB  848W 108.4dB @  21.8Hz   1x100mm   646 mm 
                 52.0l @  22.5Hz  =>  108.8dB  664W 108.4dB @  20.5Hz   1x100mm   563 mm 
             *   58.7l @  21.7Hz  =>  107.8dB  520W 108.4dB @  19.3Hz   1x100mm   490 mm 
                 66.4l @  20.9Hz  =>  106.7dB  407W 108.4dB @  18.2Hz   1x100mm   425 mm 
                 75.0l @  20.1Hz  =>  105.6dB  319W 108.4dB @  17.1Hz   1x100mm   368 mm 

-------------
SE12                                   86.1dB  600W                     1x100mm
Rpre   Spl         Vb      fb         SplMech Pmech  SplEle     f3       dv       lv

0.20  85.4dB:    91.9l @  23.3Hz  =>  114.1dB 1057W 111.6dB @  22.4Hz   1x100mm   331 mm 
                103.8l @  22.4Hz  =>  113.0dB  828W 111.6dB @  21.0Hz   1x100mm   285 mm 
             *  117.3l @  21.6Hz  =>  112.0dB  648W 111.6dB @  19.8Hz   1x100mm   243 mm 
                132.6l @  20.7Hz  =>  110.9dB  508W 111.6dB @  18.6Hz   1x100mm   207 mm 
                149.8l @  19.9Hz  =>  109.8dB  398W 111.6dB @  17.5Hz   1x100mm   175 mm 
                169.3l @  19.2Hz  =>  108.8dB  311W 111.6dB @  16.5Hz   1x100mm   146 mm 
                191.3l @  18.4Hz  =>  107.7dB  244W 111.6dB @  15.5Hz   1x100mm   121 mm 
                216.2l @  17.7Hz  =>  106.7dB  191W 111.6dB @  14.6Hz   1x100mm    99 mm 
                244.3l @  17.0Hz  =>  105.6dB  150W 111.6dB @  13.7Hz   1x100mm    79 mm 
                276.1l @  16.4Hz  =>  104.5dB  117W 111.6dB @  12.9Hz   1x100mm    61 mm 
                312.0l @  15.8Hz  =>  103.5dB   92W 111.6dB @  12.1Hz   1x100mm    46 mm 
                352.5l @  15.2Hz  =>  102.4dB   72W 111.6dB @  11.4Hz   1x100mm    32 mm 
                398.3l @  14.6Hz  =>  101.4dB   56W 111.6dB @  10.7Hz   1x100mm    20 mm 
                450.1l @  14.0Hz  =>  100.3dB   44W 111.6dB @  10.1Hz + 2x100mm    61 mm 
                508.6l @  13.5Hz  =>   99.2dB   34W 111.6dB @   9.5Hz + 2x100mm    42 mm 
                574.8l @  13.0Hz  =>   98.2dB   27W 111.6dB @   8.9Hz + 2x100mm    25 mm 
                649.5l @  12.5Hz  =>   97.1dB   21W 111.6dB @   8.4Hz + 3x100mm    45 mm 
                733.9l @  12.0Hz  =>   96.0dB   17W 111.6dB @   7.9Hz + 3x100mm    25 mm 
                829.3l @  11.5Hz  =>   95.0dB   13W 111.6dB @   7.4Hz + 4x100mm    33 mm 
                937.1l @  11.1Hz  =>   93.9dB   10W 111.6dB @   7.0Hz + 5x100mm    35 mm 
               1059.0l @  10.7Hz  =>   92.9dB    8W 111.6dB @   6.6Hz + 6x100mm    31 mm 

0.60  85.1dB:   109.1l @  22.1Hz  =>  112.6dB  802W 111.3dB @  20.5Hz   1x100mm   267 mm 
                123.3l @  21.2Hz  =>  111.5dB  628W 111.3dB @  19.3Hz   1x100mm   228 mm 
             *  139.3l @  20.4Hz  =>  110.5dB  492W 111.3dB @  18.2Hz   1x100mm   194 mm 
                157.4l @  19.6Hz  =>  109.4dB  385W 111.3dB @  17.1Hz   1x100mm   163 mm 
                177.9l @  18.9Hz  =>  108.4dB  302W 111.3dB @  16.1Hz   1x100mm   136 mm 

1.00  84.8dB:   128.0l @  21.0Hz  =>  111.2dB  620W 111.1dB @  18.9Hz   1x100mm   217 mm 
                144.6l @  20.2Hz  =>  110.2dB  486W 111.1dB @  17.8Hz   1x100mm   184 mm 
             *  163.4l @  19.4Hz  =>  109.1dB  380W 111.1dB @  16.8Hz   1x100mm   154 mm 
                184.6l @  18.6Hz  =>  108.0dB  298W 111.1dB @  15.8Hz   1x100mm   128 mm 
                208.6l @  17.9Hz  =>  107.0dB  233W 111.1dB @  14.8Hz   1x100mm   105 mm 

-------------
SE15                                   88.0dB  600W                     2x100mm
Rpre   Spl         Vb      fb         SplMech Pmech  SplEle     f3       dv       lv

0.20  87.8dB:   349.0l @  18.7Hz  =>  113.9dB  589W 114.0dB @  17.0Hz   2x100mm   172 mm 
                394.4l @  18.0Hz  =>  112.8dB  461W 114.0dB @  16.0Hz   2x100mm   141 mm 
             *  445.7l @  17.3Hz  =>  111.8dB  361W 114.0dB @  15.1Hz   2x100mm   113 mm 
                503.6l @  16.6Hz  =>  110.7dB  283W 114.0dB @  14.2Hz   2x100mm    88 mm 
                569.1l @  16.0Hz  =>  109.7dB  221W 114.0dB @  13.3Hz   2x100mm    66 mm 
                643.0l @  15.4Hz  =>  108.6dB  173W 114.0dB @  12.5Hz   2x100mm    46 mm 
                726.6l @  14.8Hz  =>  107.5dB  136W 114.0dB @  11.8Hz   2x100mm    29 mm 
                821.1l @  14.2Hz  =>  106.5dB  106W 114.0dB @  11.1Hz + 3x100mm    50 mm 
                927.8l @  13.7Hz  =>  105.4dB   83W 114.0dB @  10.4Hz + 3x100mm    30 mm 
               1048.5l @  13.1Hz  =>  104.3dB   65W 114.0dB @   9.8Hz + 4x100mm    38 mm 
               1184.8l @  12.6Hz  =>  103.3dB   51W 114.0dB @   9.2Hz + 5x100mm    41 mm 
               1338.8l @  12.1Hz  =>  102.2dB   40W 114.0dB @   8.7Hz + 6x100mm    38 mm 

0.60  87.5dB:   413.0l @  17.7Hz  =>  112.4dB  449W 113.7dB @  15.7Hz   2x100mm   130 mm 
                466.7l @  17.0Hz  =>  111.4dB  352W 113.7dB @  14.7Hz   2x100mm   103 mm 
             *  527.4l @  16.4Hz  =>  110.3dB  276W 113.7dB @  13.8Hz   2x100mm    79 mm 
                595.9l @  15.7Hz  =>  109.3dB  216W 113.7dB @  13.0Hz   2x100mm    58 mm 
                673.4l @  15.1Hz  =>  108.2dB  169W 113.7dB @  12.3Hz   2x100mm    40 mm 

1.00  87.2dB:   483.0l @  16.8Hz  =>  111.1dB  350W 113.4dB @  14.5Hz   2x100mm    96 mm 
                545.8l @  16.2Hz  =>  110.0dB  274W 113.4dB @  13.6Hz   2x100mm    73 mm 
             *  616.7l @  15.6Hz  =>  109.0dB  214W 113.4dB @  12.8Hz   2x100mm    53 mm 
                696.9l @  15.0Hz  =>  107.9dB  168W 113.4dB @  12.0Hz   2x100mm    35 mm 
                787.5l @  14.4Hz  =>  106.8dB  132W 113.4dB @  11.3Hz + 3x100mm    57 mm 

-------------
SX10                                   85.2dB 1000W                     1x100mm
Rpre   Spl         Vb      fb         SplMech Pmech  SplEle     f3       dv       lv



1.00  84.2dB:    16.7l @  33.4Hz  =>  119.9dB 7740W 111.0dB @  35.1Hz - 1x70mm    677 mm 
                 18.9l @  32.1Hz  =>  118.8dB 6061W 111.0dB @  33.0Hz - 1x70mm    593 mm 

-------------
SX12                                   88.1dB 1000W                     1x100mm
Rpre   Spl         Vb      fb         SplMech Pmech  SplEle     f3       dv       lv

0.20  87.9dB:    20.3l @  40.2Hz  =>  128.7dB 25069W 114.7dB @  46.8Hz - 1x70mm    551 mm 
                 23.0l @  38.6Hz  =>  127.6dB 19633W 114.7dB @  44.0Hz - 1x70mm    481 mm 
             *   26.0l @  37.1Hz  =>  126.5dB 15375W 114.7dB @  41.4Hz - 1x70mm    420 mm 
                 29.4l @  35.7Hz  =>  125.5dB 12041W 114.7dB @  39.0Hz - 1x70mm    366 mm 
                 33.2l @  34.3Hz  =>  124.4dB 9430W 114.7dB @  36.7Hz   1x100mm   680 mm 
                 37.5l @  33.0Hz  =>  123.4dB 7385W 114.7dB @  34.5Hz   1x100mm   594 mm 
                 42.4l @  31.8Hz  =>  122.3dB 5784W 114.7dB @  32.4Hz   1x100mm   517 mm 
                 47.9l @  30.5Hz  =>  121.2dB 4529W 114.7dB @  30.5Hz   1x100mm   449 mm 
                 54.1l @  29.4Hz  =>  120.2dB 3547W 114.7dB @  28.7Hz   1x100mm   389 mm 
                 61.1l @  28.2Hz  =>  119.1dB 2778W 114.7dB @  27.0Hz   1x100mm   336 mm 
                 69.1l @  27.2Hz  =>  118.1dB 2176W 114.7dB @  25.4Hz   1x100mm   289 mm 
                 78.1l @  26.1Hz  =>  117.0dB 1704W 114.7dB @  23.9Hz   1x100mm   247 mm 
                 88.2l @  25.1Hz  =>  115.9dB 1334W 114.7dB @  22.5Hz   1x100mm   210 mm 
                 99.7l @  24.2Hz  =>  114.9dB 1045W 114.7dB @  21.1Hz   1x100mm   178 mm 
                112.6l @  23.2Hz  =>  113.8dB  818W 114.7dB @  19.9Hz   1x100mm   149 mm 
                127.3l @  22.3Hz  =>  112.7dB  641W 114.7dB @  18.7Hz   1x100mm   123 mm 
                143.8l @  21.5Hz  =>  111.7dB  502W 114.7dB @  17.6Hz   1x100mm   101 mm 
                162.5l @  20.7Hz  =>  110.6dB  393W 114.7dB @  16.6Hz   1x100mm    81 mm 
                183.6l @  19.9Hz  =>  109.6dB  308W 114.7dB @  15.6Hz   1x100mm    63 mm 
                207.5l @  19.1Hz  =>  108.5dB  241W 114.7dB @  14.7Hz   1x100mm    47 mm 
                234.5l @  18.4Hz  =>  107.4dB  189W 114.7dB @  13.8Hz   1x100mm    33 mm 
                265.0l @  17.7Hz  =>  106.4dB  148W 114.7dB @  13.0Hz   1x100mm    21 mm 
                299.4l @  17.0Hz  =>  105.3dB  116W 114.7dB @  12.2Hz + 2x100mm    63 mm 
                338.3l @  16.3Hz  =>  104.3dB   91W 114.7dB @  11.5Hz + 2x100mm    44 mm 
                382.3l @  15.7Hz  =>  103.2dB   71W 114.7dB @  10.8Hz + 2x100mm    27 mm 
                432.0l @  15.1Hz  =>  102.1dB   56W 114.7dB @  10.2Hz + 3x100mm    47 mm 
                488.2l @  14.5Hz  =>  101.1dB   44W 114.7dB @   9.6Hz + 3x100mm    27 mm 
                551.7l @  14.0Hz  =>  100.0dB   34W 114.7dB @   9.0Hz + 4x100mm    35 mm 
                623.4l @  13.4Hz  =>   98.9dB   27W 114.7dB @   8.5Hz + 5x100mm    37 mm 
                704.4l @  12.9Hz  =>   97.9dB   21W 114.7dB @   8.0Hz + 6x100mm    34 mm 

0.60  87.5dB:    26.2l @  37.0Hz  =>  126.5dB 16619W 114.3dB @  41.2Hz - 1x70mm    416 mm 
                 29.6l @  35.6Hz  =>  125.4dB 13015W 114.3dB @  38.8Hz - 1x70mm    362 mm 
             *   33.5l @  34.2Hz  =>  124.3dB 10193W 114.3dB @  36.5Hz   1x100mm   674 mm 
                 37.8l @  32.9Hz  =>  123.3dB 7982W 114.3dB @  34.3Hz   1x100mm   588 mm 
                 42.7l @  31.7Hz  =>  122.2dB 6251W 114.3dB @  32.3Hz   1x100mm   512 mm 

1.00  87.1dB:    33.0l @  34.4Hz  =>  124.5dB 11456W 113.9dB @  36.8Hz   1x100mm   685 mm 
                 37.3l @  33.1Hz  =>  123.4dB 8972W 113.9dB @  34.6Hz   1x100mm   598 mm 
             *   42.1l @  31.8Hz  =>  122.4dB 7026W 113.9dB @  32.5Hz   1x100mm   521 mm 
                 47.6l @  30.6Hz  =>  121.3dB 5502W 113.9dB @  30.6Hz   1x100mm   452 mm 
                 53.8l @  29.4Hz  =>  120.2dB 4309W 113.9dB @  28.8Hz   1x100mm   392 mm 

-------------
SX15                                   90.4dB 1000W                     2x100mm
Rpre   Spl         Vb      fb         SplMech Pmech  SplEle     f3       dv       lv

0.20  90.2dB:    86.4l @  31.4Hz  =>  127.5dB 11327W 116.9dB @  33.6Hz   2x100mm   593 mm 
                 97.7l @  30.2Hz  =>  126.4dB 8871W 116.9dB @  31.6Hz   2x100mm   513 mm 
             *  110.4l @  29.0Hz  =>  125.3dB 6947W 116.9dB @  29.7Hz   2x100mm   442 mm 
                124.7l @  27.9Hz  =>  124.3dB 5441W 116.9dB @  28.0Hz   2x100mm   380 mm 
                140.9l @  26.8Hz  =>  123.2dB 4261W 116.9dB @  26.3Hz   2x100mm   324 mm 
                159.3l @  25.8Hz  =>  122.2dB 3337W 116.9dB @  24.8Hz   2x100mm   275 mm 
                180.0l @  24.8Hz  =>  121.1dB 2613W 116.9dB @  23.3Hz   2x100mm   231 mm 
                203.3l @  23.9Hz  =>  120.0dB 2047W 116.9dB @  21.9Hz   2x100mm   193 mm 
                229.8l @  23.0Hz  =>  119.0dB 1603W 116.9dB @  20.6Hz   2x100mm   159 mm 
                259.7l @  22.1Hz  =>  117.9dB 1255W 116.9dB @  19.4Hz   2x100mm   129 mm 
                293.4l @  21.2Hz  =>  116.8dB  983W 116.9dB @  18.2Hz   2x100mm   102 mm 
                331.6l @  20.4Hz  =>  115.8dB  770W 116.9dB @  17.2Hz   2x100mm    79 mm 
                374.7l @  19.6Hz  =>  114.7dB  603W 116.9dB @  16.1Hz   2x100mm    58 mm 
                423.4l @  18.9Hz  =>  113.7dB  472W 116.9dB @  15.2Hz   2x100mm    39 mm 
                478.4l @  18.2Hz  =>  112.6dB  370W 116.9dB @  14.3Hz   2x100mm    23 mm 
                540.6l @  17.5Hz  =>  111.5dB  290W 116.9dB @  13.4Hz + 3x100mm    41 mm 
                610.9l @  16.8Hz  =>  110.5dB  227W 116.9dB @  12.6Hz + 3x100mm    22 mm 
                690.3l @  16.1Hz  =>  109.4dB  178W 116.9dB @  11.9Hz + 4x100mm    29 mm 
                780.0l @  15.5Hz  =>  108.4dB  139W 116.9dB @  11.2Hz + 5x100mm    31 mm 
                881.4l @  14.9Hz  =>  107.3dB  109W 116.9dB @  10.5Hz + 6x100mm    27 mm 

0.60  89.7dB:   111.1l @  29.0Hz  =>  125.3dB 7540W 116.5dB @  29.6Hz   2x100mm   439 mm 
                125.6l @  27.9Hz  =>  124.2dB 5905W 116.5dB @  27.9Hz   2x100mm   376 mm 
             *  141.9l @  26.8Hz  =>  123.2dB 4625W 116.5dB @  26.2Hz   2x100mm   321 mm 
                160.3l @  25.8Hz  =>  122.1dB 3622W 116.5dB @  24.7Hz   2x100mm   272 mm 
                181.2l @  24.8Hz  =>  121.0dB 2836W 116.5dB @  23.2Hz   2x100mm   229 mm 

1.00  89.4dB:   139.5l @  26.9Hz  =>  123.3dB 5219W 116.1dB @  26.5Hz   2x100mm   329 mm 
                157.6l @  25.9Hz  =>  122.2dB 4087W 116.1dB @  24.9Hz   2x100mm   279 mm 
             *  178.1l @  24.9Hz  =>  121.2dB 3201W 116.1dB @  23.4Hz   2x100mm   235 mm 
                201.3l @  23.9Hz  =>  120.1dB 2507W 116.1dB @  22.0Hz   2x100mm   196 mm 
                227.4l @  23.0Hz  =>  119.1dB 1963W 116.1dB @  20.7Hz   2x100mm   162 mm 

-------------
SX18                                   92.7dB 1000W                     3x100mm
Rpre   Spl         Vb      fb         SplMech Pmech  SplEle     f3       dv       lv

0.20  92.0dB:   278.0l @  27.8Hz  =>  125.9dB 5122W 118.8dB @  25.1Hz   3x100mm   102 mm 
                314.2l @  26.7Hz  =>  124.8dB 4012W 118.8dB @  23.6Hz   3x100mm    76 mm 
             *  355.0l @  25.7Hz  =>  123.8dB 3142W 118.8dB @  22.2Hz   3x100mm    53 mm 
                401.2l @  24.7Hz  =>  122.7dB 2460W 118.8dB @  20.9Hz   3x100mm    32 mm 
                453.3l @  23.7Hz  =>  121.6dB 1927W 118.8dB @  19.7Hz + 4x100mm    41 mm 
                512.3l @  22.8Hz  =>  120.6dB 1509W 118.8dB @  18.5Hz + 5x100mm    44 mm 
                578.9l @  22.0Hz  =>  119.5dB 1182W 118.8dB @  17.4Hz + 5x100mm    20 mm 

0.60  91.6dB:   356.9l @  25.6Hz  =>  123.7dB 3420W 118.4dB @  22.2Hz   3x100mm    52 mm 
                403.3l @  24.6Hz  =>  122.7dB 2679W 118.4dB @  20.8Hz   3x100mm    31 mm 
             *  455.7l @  23.7Hz  =>  121.6dB 2098W 118.4dB @  19.6Hz + 4x100mm    40 mm 
                514.9l @  22.8Hz  =>  120.5dB 1643W 118.4dB @  18.4Hz + 5x100mm    43 mm 
                581.9l @  21.9Hz  =>  119.5dB 1287W 118.4dB @  17.4Hz + 6x100mm    40 mm 

1.00  91.2dB:   447.3l @  23.8Hz  =>  121.7dB 2375W 118.0dB @  19.8Hz + 4x100mm    44 mm 
                505.5l @  22.9Hz  =>  120.7dB 1860W 118.0dB @  18.6Hz + 4x100mm    22 mm 
             *  571.2l @  22.1Hz  =>  119.6dB 1456W 118.0dB @  17.5Hz + 5x100mm    23 mm 

-------------
MX12                                   83.5dB 1500W                     1x100mm
Rpre   Spl         Vb      fb         SplMech Pmech  SplEle     f3       dv       lv

0.20  83.2dB:    75.8l @  21.4Hz  =>  114.3dB 3664W 110.4dB @  20.5Hz   1x100mm   501 mm 
                 85.7l @  20.6Hz  =>  113.2dB 2870W 110.4dB @  19.3Hz   1x100mm   435 mm 
             *   96.8l @  19.8Hz  =>  112.2dB 2247W 110.4dB @  18.1Hz   1x100mm   376 mm 
                109.4l @  19.0Hz  =>  111.1dB 1760W 110.4dB @  17.0Hz   1x100mm   324 mm 
                123.6l @  18.3Hz  =>  110.1dB 1378W 110.4dB @  16.0Hz   1x100mm   279 mm 
                139.7l @  17.6Hz  =>  109.0dB 1080W 110.4dB @  15.1Hz   1x100mm   238 mm 
                157.8l @  16.9Hz  =>  107.9dB  845W 110.4dB @  14.2Hz   1x100mm   202 mm 
                178.3l @  16.3Hz  =>  106.9dB  662W 110.4dB @  13.3Hz   1x100mm   171 mm 
                201.5l @  15.7Hz  =>  105.8dB  519W 110.4dB @  12.6Hz   1x100mm   143 mm 
                227.7l @  15.1Hz  =>  104.7dB  406W 110.4dB @  11.8Hz   1x100mm   118 mm 
                257.3l @  14.5Hz  =>  103.7dB  318W 110.4dB @  11.1Hz   1x100mm    96 mm 
                290.8l @  13.9Hz  =>  102.6dB  249W 110.4dB @  10.5Hz   1x100mm    76 mm 
                328.6l @  13.4Hz  =>  101.6dB  195W 110.4dB @   9.8Hz   1x100mm    59 mm 
                371.3l @  12.9Hz  =>  100.5dB  153W 110.4dB @   9.2Hz   1x100mm    44 mm 
                419.6l @  12.4Hz  =>   99.4dB  120W 110.4dB @   8.7Hz   1x100mm    31 mm 
                474.1l @  11.9Hz  =>   98.4dB   94W 110.4dB @   8.2Hz + 2x100mm    79 mm 
                535.7l @  11.5Hz  =>   97.3dB   73W 110.4dB @   7.7Hz + 2x100mm    58 mm 
                605.4l @  11.0Hz  =>   96.3dB   57W 110.4dB @   7.2Hz + 2x100mm    40 mm 
                684.1l @  10.6Hz  =>   95.2dB   45W 110.4dB @   6.8Hz + 2x100mm    23 mm 

0.60  82.7dB:   102.8l @  19.4Hz  =>  111.7dB 2257W 109.9dB @  17.6Hz   1x100mm   350 mm 
                116.2l @  18.7Hz  =>  110.6dB 1767W 109.9dB @  16.5Hz   1x100mm   301 mm 
             *  131.3l @  18.0Hz  =>  109.5dB 1384W 109.9dB @  15.6Hz   1x100mm   258 mm 
                148.4l @  17.3Hz  =>  108.5dB 1084W 109.9dB @  14.6Hz   1x100mm   220 mm 
                167.7l @  16.6Hz  =>  107.4dB  849W 109.9dB @  13.8Hz   1x100mm   186 mm 

1.00  82.2dB:   134.2l @  17.8Hz  =>  109.3dB 1481W 109.4dB @  15.4Hz   1x100mm   251 mm 
                151.6l @  17.2Hz  =>  108.3dB 1160W 109.4dB @  14.5Hz   1x100mm   214 mm 
             *  171.3l @  16.5Hz  =>  107.2dB  909W 109.4dB @  13.6Hz   1x100mm   181 mm 
                193.6l @  15.9Hz  =>  106.2dB  712W 109.4dB @  12.8Hz   1x100mm   151 mm 
                218.8l @  15.3Hz  =>  105.1dB  557W 109.4dB @  12.0Hz   1x100mm   126 mm 

-------------
MX15                                   86.1dB 1500W                     2x100mm
Rpre   Spl         Vb      fb         SplMech Pmech  SplEle     f3       dv       lv

0.20  85.8dB:   277.2l @  17.7Hz  =>  114.7dB 2208W 113.0dB @  16.1Hz   2x100mm   285 mm 
                313.3l @  17.0Hz  =>  113.6dB 1729W 113.0dB @  15.2Hz   2x100mm   240 mm 
             *  354.0l @  16.3Hz  =>  112.6dB 1354W 113.0dB @  14.3Hz   2x100mm   201 mm 
                400.0l @  15.7Hz  =>  111.5dB 1061W 113.0dB @  13.4Hz   2x100mm   166 mm 
                452.0l @  15.1Hz  =>  110.4dB  831W 113.0dB @  12.6Hz   2x100mm   135 mm 
                510.8l @  14.5Hz  =>  109.4dB  651W 113.0dB @  11.9Hz   2x100mm   107 mm 
                577.2l @  14.0Hz  =>  108.3dB  509W 113.0dB @  11.2Hz   2x100mm    83 mm 
                652.2l @  13.4Hz  =>  107.3dB  399W 113.0dB @  10.5Hz   2x100mm    62 mm 
                737.0l @  12.9Hz  =>  106.2dB  312W 113.0dB @   9.9Hz   2x100mm    43 mm 
                832.8l @  12.4Hz  =>  105.1dB  245W 113.0dB @   9.3Hz   2x100mm    26 mm 
                941.1l @  11.9Hz  =>  104.1dB  192W 113.0dB @   8.7Hz + 3x100mm    46 mm 
               1063.4l @  11.5Hz  =>  103.0dB  150W 113.0dB @   8.2Hz + 3x100mm    26 mm 
               1201.7l @  11.0Hz  =>  101.9dB  118W 113.0dB @   7.7Hz + 4x100mm    34 mm 
               1357.9l @  10.6Hz  =>  100.9dB   92W 113.0dB @   7.3Hz + 5x100mm    36 mm 

0.60  85.3dB:   373.4l @  16.1Hz  =>  112.1dB 1379W 112.5dB @  13.9Hz   2x100mm   185 mm 
                421.9l @  15.4Hz  =>  111.0dB 1080W 112.5dB @  13.1Hz   2x100mm   152 mm 
             *  476.8l @  14.8Hz  =>  110.0dB  846W 112.5dB @  12.3Hz   2x100mm   122 mm 
                538.8l @  14.3Hz  =>  108.9dB  663W 112.5dB @  11.6Hz   2x100mm    97 mm 
                608.8l @  13.7Hz  =>  107.9dB  519W 112.5dB @  10.9Hz   2x100mm    74 mm 

1.00  84.8dB:   483.9l @  14.8Hz  =>  109.8dB  918W 112.0dB @  12.2Hz   2x100mm   119 mm 
                546.8l @  14.2Hz  =>  108.8dB  719W 112.0dB @  11.5Hz   2x100mm    94 mm 
             *  617.8l @  13.7Hz  =>  107.7dB  563W 112.0dB @  10.8Hz   2x100mm    71 mm 
                698.1l @  13.1Hz  =>  106.7dB  441W 112.0dB @  10.2Hz   2x100mm    51 mm 
                788.9l @  12.6Hz  =>  105.6dB  345W 112.0dB @   9.5Hz   2x100mm    33 mm 

-------------
MX18                                   87.6dB 1500W                     3x100mm
Rpre   Spl         Vb      fb         SplMech Pmech  SplEle     f3       dv       lv

0.20  87.3dB:   446.2l @  15.9Hz  =>  117.5dB 3027W 114.5dB @  15.5Hz   3x100mm   435 mm 
                504.2l @  15.3Hz  =>  116.5dB 2370W 114.5dB @  14.6Hz   3x100mm   370 mm 
             *  569.8l @  14.7Hz  =>  115.4dB 1856W 114.5dB @  13.7Hz   3x100mm   313 mm 
                643.9l @  14.2Hz  =>  114.3dB 1454W 114.5dB @  12.9Hz   3x100mm   263 mm 
                727.6l @  13.6Hz  =>  113.3dB 1139W 114.5dB @  12.1Hz   3x100mm   218 mm 
                822.1l @  13.1Hz  =>  112.2dB  892W 114.5dB @  11.4Hz   3x100mm   178 mm 
                929.0l @  12.6Hz  =>  111.1dB  698W 114.5dB @  10.8Hz   3x100mm   143 mm 
               1049.8l @  12.1Hz  =>  110.1dB  547W 114.5dB @  10.1Hz   3x100mm   112 mm 
               1186.3l @  11.7Hz  =>  109.0dB  428W 114.5dB @   9.5Hz   3x100mm    85 mm 
               1340.5l @  11.2Hz  =>  108.0dB  335W 114.5dB @   9.0Hz   3x100mm    60 mm 
               1514.8l @  10.8Hz  =>  106.9dB  263W 114.5dB @   8.4Hz   3x100mm    39 mm 
               1711.7l @  10.4Hz  =>  105.8dB  206W 114.5dB @   7.9Hz + 4x100mm    49 mm 

0.60  86.7dB:   606.5l @  14.4Hz  =>  114.9dB 1857W 113.9dB @  13.3Hz   3x100mm   287 mm 
                685.3l @  13.9Hz  =>  113.8dB 1454W 113.9dB @  12.5Hz   3x100mm   239 mm 
             *  774.4l @  13.4Hz  =>  112.7dB 1139W 113.9dB @  11.8Hz   3x100mm   197 mm 
                875.1l @  12.8Hz  =>  111.7dB  892W 113.9dB @  11.1Hz   3x100mm   160 mm 
                988.9l @  12.4Hz  =>  110.6dB  699W 113.9dB @  10.4Hz   3x100mm   127 mm 

1.00  86.2dB:   792.7l @  13.3Hz  =>  112.5dB 1215W 113.4dB @  11.6Hz   3x100mm   190 mm 
                895.8l @  12.8Hz  =>  111.5dB  951W 113.4dB @  10.9Hz   3x100mm   153 mm 
             * 1012.2l @  12.3Hz  =>  110.4dB  745W 113.4dB @  10.3Hz   3x100mm   121 mm 
               1143.8l @  11.8Hz  =>  109.3dB  584W 113.4dB @   9.7Hz   3x100mm    93 mm 
               1292.5l @  11.3Hz  =>  108.3dB  457W 113.4dB @   9.1Hz   3x100mm    67 mm 

-------------
XXX12                                  83.8dB 3000W                     1x100mm
Rpre   Spl         Vb      fb         SplMech Pmech  SplEle     f3       dv       lv

0.20  83.2dB:    82.5l @  20.3Hz  =>  121.6dB 26551W 112.1dB @  19.9Hz   1x100mm   570 mm 
                 93.2l @  19.5Hz  =>  120.5dB 20793W 112.1dB @  18.7Hz   1x100mm   496 mm 
             *  105.3l @  18.8Hz  =>  119.5dB 16284W 112.1dB @  17.6Hz   1x100mm   431 mm 
                119.0l @  18.0Hz  =>  118.4dB 12753W 112.1dB @  16.6Hz   1x100mm   373 mm 
                134.5l @  17.3Hz  =>  117.4dB 9987W 112.1dB @  15.6Hz   1x100mm   322 mm 
                152.0l @  16.7Hz  =>  116.3dB 7822W 112.1dB @  14.7Hz   1x100mm   276 mm 
                171.7l @  16.0Hz  =>  115.2dB 6125W 112.1dB @  13.8Hz   1x100mm   236 mm 
                194.0l @  15.4Hz  =>  114.2dB 4797W 112.1dB @  13.0Hz   1x100mm   200 mm 
                219.3l @  14.8Hz  =>  113.1dB 3757W 112.1dB @  12.2Hz   1x100mm   169 mm 
                247.8l @  14.3Hz  =>  112.1dB 2942W 112.1dB @  11.5Hz   1x100mm   141 mm 
                280.0l @  13.7Hz  =>  111.0dB 2304W 112.1dB @  10.8Hz   1x100mm   116 mm 
                316.4l @  13.2Hz  =>  109.9dB 1804W 112.1dB @  10.2Hz   1x100mm    95 mm 
                357.5l @  12.7Hz  =>  108.9dB 1413W 112.1dB @   9.6Hz   1x100mm    75 mm 
                404.0l @  12.2Hz  =>  107.8dB 1107W 112.1dB @   9.0Hz   1x100mm    58 mm 
                456.5l @  11.7Hz  =>  106.7dB  867W 112.1dB @   8.5Hz   1x100mm    43 mm 
                515.8l @  11.3Hz  =>  105.7dB  679W 112.1dB @   8.0Hz   1x100mm    30 mm 
                582.9l @  10.8Hz  =>  104.6dB  532W 112.1dB @   7.5Hz + 2x100mm    78 mm 
                658.7l @  10.4Hz  =>  103.6dB  416W 112.1dB @   7.0Hz + 2x100mm    57 mm 

0.60  82.5dB:   122.4l @  17.9Hz  =>  118.2dB 14156W 111.4dB @  16.3Hz   1x100mm   361 mm 
                138.3l @  17.2Hz  =>  117.1dB 11086W 111.4dB @  15.4Hz   1x100mm   311 mm 
             *  156.3l @  16.5Hz  =>  116.1dB 8682W 111.4dB @  14.5Hz   1x100mm   267 mm 
                176.6l @  15.9Hz  =>  115.0dB 6799W 111.4dB @  13.6Hz   1x100mm   227 mm 
                199.5l @  15.3Hz  =>  113.9dB 5325W 111.4dB @  12.8Hz   1x100mm   193 mm 

1.00  81.9dB:   170.6l @  16.1Hz  =>  115.3dB 8360W 110.8dB @  13.8Hz   1x100mm   238 mm 
                192.8l @  15.5Hz  =>  114.2dB 6547W 110.8dB @  13.0Hz   1x100mm   202 mm 
             *  217.9l @  14.9Hz  =>  113.2dB 5127W 110.8dB @  12.2Hz   1x100mm   170 mm 
                246.2l @  14.3Hz  =>  112.1dB 4015W 110.8dB @  11.5Hz   1x100mm   142 mm 
                278.2l @  13.7Hz  =>  111.0dB 3145W 110.8dB @  10.8Hz   1x100mm   118 mm 

-------------
XXX15                                  85.8dB 3000W                     2x100mm
Rpre   Spl         Vb      fb         SplMech Pmech  SplEle     f3       dv       lv

0.20  85.4dB:   424.7l @  15.2Hz  =>  119.2dB 9148W 114.4dB @  13.3Hz   2x100mm   197 mm 
                479.9l @  14.6Hz  =>  118.1dB 7164W 114.4dB @  12.5Hz   2x100mm   163 mm 
             *  542.3l @  14.0Hz  =>  117.1dB 5610W 114.4dB @  11.8Hz   2x100mm   132 mm 
                612.8l @  13.5Hz  =>  116.0dB 4394W 114.4dB @  11.1Hz   2x100mm   105 mm 
                692.4l @  13.0Hz  =>  115.0dB 3441W 114.4dB @  10.4Hz   2x100mm    81 mm 
                782.4l @  12.5Hz  =>  113.9dB 2695W 114.4dB @   9.8Hz   2x100mm    60 mm 
                884.2l @  12.0Hz  =>  112.8dB 2110W 114.4dB @   9.2Hz   2x100mm    41 mm 
                999.1l @  11.5Hz  =>  111.8dB 1653W 114.4dB @   8.7Hz   2x100mm    25 mm 
               1129.0l @  11.1Hz  =>  110.7dB 1294W 114.4dB @   8.2Hz + 3x100mm    44 mm 
               1275.8l @  10.7Hz  =>  109.6dB 1014W 114.4dB @   7.7Hz + 3x100mm    24 mm 
               1441.6l @  10.3Hz  =>  108.6dB  794W 114.4dB @   7.2Hz + 4x100mm    32 mm 

0.60  84.7dB:   625.1l @  13.4Hz  =>  115.8dB 4956W 113.7dB @  11.0Hz   2x100mm   101 mm 
                706.4l @  12.9Hz  =>  114.8dB 3881W 113.7dB @  10.3Hz   2x100mm    77 mm 
             *  798.2l @  12.4Hz  =>  113.7dB 3040W 113.7dB @   9.7Hz   2x100mm    57 mm 
                902.0l @  11.9Hz  =>  112.7dB 2380W 113.7dB @   9.1Hz   2x100mm    38 mm 
               1019.3l @  11.5Hz  =>  111.6dB 1864W 113.7dB @   8.6Hz   2x100mm    22 mm 

1.00  84.1dB:   865.0l @  12.1Hz  =>  113.0dB 2972W 113.1dB @   9.3Hz   2x100mm    44 mm 
                977.4l @  11.6Hz  =>  112.0dB 2327W 113.1dB @   8.8Hz   2x100mm    27 mm 
             * 1104.5l @  11.2Hz  =>  110.9dB 1823W 113.1dB @   8.3Hz + 3x100mm    47 mm 
               1248.1l @  10.7Hz  =>  109.8dB 1427W 113.1dB @   7.8Hz + 3x100mm    27 mm 
               1410.4l @  10.3Hz  =>  108.8dB 1118W 113.1dB @   7.3Hz + 4x100mm    36 mm 

-------------
XXX18                                  86.2dB 3000W                     3x100mm
Rpre   Spl         Vb      fb         SplMech Pmech  SplEle     f3       dv       lv

0.20  85.7dB:  1267.1l @  11.4Hz  =>  117.0dB 5113W 114.7dB @   9.6Hz   3x100mm   101 mm 
               1431.8l @  11.0Hz  =>  116.0dB 4004W 114.7dB @   9.1Hz   3x100mm    75 mm 
             * 1617.9l @  10.6Hz  =>  114.9dB 3136W 114.7dB @   8.5Hz   3x100mm    51 mm 
               1828.3l @  10.2Hz  =>  113.8dB 2456W 114.7dB @   8.0Hz   3x100mm    31 mm 

0.60  85.0dB:  1812.1l @  10.2Hz  =>  113.9dB 2935W 114.0dB @   8.0Hz   3x100mm    32 mm 
               2047.6l @   9.8Hz  =>  112.8dB 2298W 114.0dB @   7.6Hz + 4x100mm    42 mm 
             * 2313.8l @   9.4Hz  =>  111.8dB 1800W 114.0dB @   7.1Hz + 4x100mm    20 mm 
               2614.6l @   9.1Hz  =>  110.7dB 1410W 114.0dB @   6.7Hz + 5x100mm    21 mm 

1.00  84.4dB:  2440.2l @   9.3Hz  =>  111.3dB 1858W 113.4dB @   6.9Hz + 5x100mm    34 mm 
               2757.4l @   8.9Hz  =>  110.3dB 1455W 113.4dB @   6.5Hz + 6x100mm    30 mm 

