-------------
RE8
      81.2dB                            175W
SplMech  Pmech SplEle     f3

 92.9dB  1410W  83.9dB @  16Hz   19
 95.0dB  1412W  85.9dB @  18Hz   17
 96.8dB  1414W  87.7dB @  20Hz   15
 98.5dB  1416W  89.4dB @  22Hz   13
100.0dB  1418W  90.9dB @  24Hz   12
101.4dB  1419W  92.3dB @  26Hz   10
102.7dB  1421W  93.6dB @  28Hz    9
103.9dB  1422W  94.8dB @  30Hz    8
105.0dB  1423W  95.9dB @  32Hz    7
106.0dB  1424W  96.9dB @  34Hz    6
107.0dB  1425W  97.9dB @  36Hz    5
108.0dB  1426W  98.8dB @  38Hz    4
108.9dB  1427W  99.7dB @  40Hz    3
109.7dB  1428W 100.6dB @  42Hz    2
110.5dB  1429W 101.4dB @  44Hz    1
111.3dB  1430W 102.2dB @  46Hz    0
112.0dB  1431W 102.9dB @  48Hz   -0
-------------
RE10
      84.7dB                            175W
SplMech  Pmech SplEle     f3

 97.3dB  1199W  88.9dB @  16Hz   17
 99.3dB  1201W  91.0dB @  18Hz   15
101.2dB  1202W  92.8dB @  20Hz   13
102.8dB  1204W  94.4dB @  22Hz   12
104.3dB  1205W  96.0dB @  24Hz   10
105.7dB  1207W  97.3dB @  26Hz    9
107.0dB  1208W  98.6dB @  28Hz    7
108.2dB  1209W  99.8dB @  30Hz    6
109.3dB  1210W 100.9dB @  32Hz    5
110.4dB  1211W 102.0dB @  34Hz    4
111.4dB  1212W 103.0dB @  36Hz    3
112.3dB  1213W 103.9dB @  38Hz    2
113.2dB  1214W 104.8dB @  40Hz    1
114.1dB  1215W 105.6dB @  42Hz    0
114.9dB  1215W 106.4dB @  44Hz   -0
115.6dB  1216W 107.2dB @  46Hz   -1
116.4dB  1217W 108.0dB @  48Hz   -2
-------------
RE12
      87.3dB                            175W
SplMech  Pmech SplEle     f3

101.1dB   927W  93.9dB @  16Hz   15
103.2dB   929W  95.9dB @  18Hz   13
105.0dB   930W  97.7dB @  20Hz   11
106.6dB   931W  99.4dB @  22Hz    9
108.2dB   932W 100.9dB @  24Hz    8
109.5dB   933W 102.3dB @  26Hz    6
110.8dB   934W 103.6dB @  28Hz    5
112.0dB   935W 104.8dB @  30Hz    4
113.2dB   936W 105.9dB @  32Hz    3
114.2dB   937W 106.9dB @  34Hz    2
115.2dB   937W 107.9dB @  36Hz    1
116.1dB   938W 108.8dB @  38Hz   -0
117.0dB   939W 109.7dB @  40Hz   -1
117.9dB   939W 110.6dB @  42Hz   -2
118.7dB   940W 111.4dB @  44Hz   -3
119.5dB   941W 112.2dB @  46Hz   -4
120.2dB   941W 112.9dB @  48Hz   -4
-------------
SR10
      85.3dB                            300W
SplMech  Pmech SplEle     f3

100.5dB 11143W  84.8dB @  16Hz   19
102.5dB 11161W  86.8dB @  18Hz   17
104.4dB 11177W  88.6dB @  20Hz   15
106.0dB 11191W  90.3dB @  22Hz   14
107.5dB 11205W  91.8dB @  24Hz   12
108.9dB 11217W  93.2dB @  26Hz   11
110.2dB 11228W  94.5dB @  28Hz   10
111.4dB 11239W  95.7dB @  30Hz    8
112.5dB 11249W  96.8dB @  32Hz    7
113.6dB 11258W  97.8dB @  34Hz    6
114.6dB 11267W  98.8dB @  36Hz    5
115.5dB 11275W  99.8dB @  38Hz    4
116.4dB 11283W 100.6dB @  40Hz    3
117.2dB 11291W 101.5dB @  42Hz    3
118.1dB 11298W 102.3dB @  44Hz    2
118.8dB 11305W 103.1dB @  46Hz    1
119.6dB 11311W 103.8dB @  48Hz    0
-------------
SR12
      86.2dB                            300W
SplMech  Pmech SplEle     f3

104.3dB  8186W  89.9dB @  16Hz   17
106.3dB  8199W  92.0dB @  18Hz   15
108.2dB  8211W  93.8dB @  20Hz   13
109.8dB  8222W  95.4dB @  22Hz   12
111.3dB  8231W  96.9dB @  24Hz   10
112.7dB  8240W  98.3dB @  26Hz    9
114.0dB  8249W  99.6dB @  28Hz    8
115.2dB  8257W 100.8dB @  30Hz    6
116.3dB  8264W 101.9dB @  32Hz    5
117.4dB  8271W 103.0dB @  34Hz    4
118.4dB  8277W 104.0dB @  36Hz    3
119.3dB  8283W 104.9dB @  38Hz    2
120.2dB  8289W 105.8dB @  40Hz    1
121.0dB  8295W 106.6dB @  42Hz    1
121.9dB  8300W 107.4dB @  44Hz   -0
122.6dB  8305W 108.2dB @  46Hz   -1
123.4dB  8310W 108.9dB @  48Hz   -2
-------------
SR15
      87.6dB                            300W
SplMech  Pmech SplEle     f3

108.8dB  7496W  94.8dB @  16Hz   15
110.9dB  7508W  96.9dB @  18Hz   13
112.7dB  7519W  98.7dB @  20Hz   12
114.4dB  7529W 100.4dB @  22Hz   10
115.9dB  7538W 101.9dB @  24Hz    8
117.3dB  7546W 103.3dB @  26Hz    7
118.5dB  7554W 104.5dB @  28Hz    6
119.7dB  7561W 105.7dB @  30Hz    5
120.9dB  7568W 106.8dB @  32Hz    3
121.9dB  7574W 107.9dB @  34Hz    2
122.9dB  7580W 108.9dB @  36Hz    1
123.9dB  7585W 109.8dB @  38Hz    0
124.7dB  7591W 110.7dB @  40Hz   -0
125.6dB  7596W 111.6dB @  42Hz   -1
126.4dB  7601W 112.4dB @  44Hz   -2
127.2dB  7605W 113.1dB @  46Hz   -3
127.9dB  7610W 113.9dB @  48Hz   -4
-------------
SE10
      83.2dB                            600W
SplMech  Pmech SplEle     f3

100.5dB  5497W  90.9dB @  16Hz   18
102.5dB  5506W  92.9dB @  18Hz   16
104.4dB  5514W  94.7dB @  20Hz   14
106.0dB  5521W  96.4dB @  22Hz   13
107.5dB  5527W  97.9dB @  24Hz   11
108.9dB  5533W  99.3dB @  26Hz   10
110.2dB  5539W 100.6dB @  28Hz    8
111.4dB  5544W 101.7dB @  30Hz    7
112.5dB  5549W 102.9dB @  32Hz    6
113.6dB  5554W 103.9dB @  34Hz    5
114.6dB  5558W 104.9dB @  36Hz    4
115.5dB  5562W 105.8dB @  38Hz    3
116.4dB  5566W 106.7dB @  40Hz    2
117.2dB  5570W 107.6dB @  42Hz    1
118.1dB  5573W 108.4dB @  44Hz    1
118.8dB  5577W 109.1dB @  46Hz   -0
119.6dB  5580W 109.9dB @  48Hz   -1
-------------
SE12
      86.1dB                            600W
SplMech  Pmech SplEle     f3

104.3dB  4454W  95.6dB @  16Hz   16
106.3dB  4461W  97.6dB @  18Hz   14
108.2dB  4467W  99.4dB @  20Hz   12
109.8dB  4473W 101.1dB @  22Hz   11
111.3dB  4478W 102.6dB @  24Hz    9
112.7dB  4483W 104.0dB @  26Hz    8
114.0dB  4488W 105.3dB @  28Hz    6
115.2dB  4492W 106.5dB @  30Hz    5
116.3dB  4496W 107.6dB @  32Hz    4
117.4dB  4500W 108.6dB @  34Hz    3
118.4dB  4503W 109.6dB @  36Hz    2
119.3dB  4507W 110.5dB @  38Hz    1
120.2dB  4510W 111.4dB @  40Hz    0
121.0dB  4513W 112.3dB @  42Hz   -1
121.9dB  4516W 113.1dB @  44Hz   -1
122.6dB  4518W 113.9dB @  46Hz   -2
123.4dB  4521W 114.6dB @  48Hz   -3
-------------
SE15
      88.0dB                            600W
SplMech  Pmech SplEle     f3

108.8dB  2950W 101.9dB @  16Hz   12
110.9dB  2955W 103.9dB @  18Hz   10
112.7dB  2959W 105.8dB @  20Hz    8
114.4dB  2963W 107.4dB @  22Hz    7
115.9dB  2967W 108.9dB @  24Hz    5
117.3dB  2970W 110.3dB @  26Hz    4
118.5dB  2973W 111.6dB @  28Hz    2
119.7dB  2976W 112.8dB @  30Hz    1
120.9dB  2978W 113.9dB @  32Hz    0
121.9dB  2981W 115.0dB @  34Hz   -1
122.9dB  2983W 115.9dB @  36Hz   -2
123.9dB  2985W 116.9dB @  38Hz   -3
124.7dB  2988W 117.8dB @  40Hz   -4
125.6dB  2990W 118.6dB @  42Hz   -5
126.4dB  2991W 119.4dB @  44Hz   -5
127.2dB  2993W 120.2dB @  46Hz   -6
127.9dB  2995W 120.9dB @  48Hz   -7
-------------
SX10
      85.2dB                           1000W
SplMech  Pmech SplEle     f3

102.2dB 65342W  84.1dB @  16Hz   28
104.3dB 65447W  86.1dB @  18Hz   26
106.1dB 65542W  87.9dB @  20Hz   24
107.8dB 65627W  89.6dB @  22Hz   22
109.3dB 65706W  91.1dB @  24Hz   21
110.7dB 65778W  92.5dB @  26Hz   19
111.9dB 65844W  93.8dB @  28Hz   18
113.1dB 65907W  95.0dB @  30Hz   17
114.3dB 65965W  96.1dB @  32Hz   16
115.3dB 66020W  97.1dB @  34Hz   15
116.3dB 66071W  98.1dB @  36Hz   14
117.3dB 66120W  99.0dB @  38Hz   13
118.1dB 66167W  99.9dB @  40Hz   12
119.0dB 66211W 100.8dB @  42Hz   11
119.8dB 66253W 101.6dB @  44Hz   10
120.6dB 66293W 102.4dB @  46Hz    9
121.3dB 66332W 103.1dB @  48Hz    9
-------------
SX12
      88.1dB                           1000W
SplMech  Pmech SplEle     f3

106.0dB 54413W  88.7dB @  16Hz   26
108.1dB 54501W  90.7dB @  18Hz   24
109.9dB 54579W  92.5dB @  20Hz   22
111.6dB 54651W  94.2dB @  22Hz   20
113.1dB 54716W  95.7dB @  24Hz   19
114.5dB 54776W  97.1dB @  26Hz   18
115.7dB 54831W  98.4dB @  28Hz   16
116.9dB 54883W  99.5dB @  30Hz   15
118.1dB 54932W 100.7dB @  32Hz   14
119.1dB 54977W 101.7dB @  34Hz   13
120.1dB 55020W 102.7dB @  36Hz   12
121.0dB 55061W 103.6dB @  38Hz   11
121.9dB 55100W 104.5dB @  40Hz   10
122.8dB 55137W 105.4dB @  42Hz    9
123.6dB 55172W 106.2dB @  44Hz    8
124.4dB 55205W 106.9dB @  46Hz    8
125.1dB 55237W 107.7dB @  48Hz    7
-------------
SX15
      90.4dB                           1000W
SplMech  Pmech SplEle     f3

110.6dB 32818W  95.4dB @  16Hz   22
112.6dB 32870W  97.4dB @  18Hz   19
114.4dB 32918W  99.3dB @  20Hz   18
116.1dB 32961W 100.9dB @  22Hz   16
117.6dB 33000W 102.4dB @  24Hz   14
119.0dB 33036W 103.8dB @  26Hz   13
120.3dB 33070W 105.1dB @  28Hz   12
121.5dB 33101W 106.3dB @  30Hz   11
122.6dB 33130W 107.4dB @  32Hz   10
123.7dB 33158W 108.5dB @  34Hz    8
124.7dB 33184W 109.4dB @  36Hz    7
125.6dB 33208W 110.4dB @  38Hz    7
126.5dB 33232W 111.3dB @  40Hz    6
127.3dB 33254W 112.1dB @  42Hz    5
128.1dB 33275W 112.9dB @  44Hz    4
128.9dB 33295W 113.7dB @  46Hz    3
129.7dB 33315W 114.4dB @  48Hz    2
-------------
SX18
      92.7dB                           1000W
SplMech  Pmech SplEle     f3

114.1dB 26264W  99.9dB @  16Hz   19
116.1dB 26306W 101.9dB @  18Hz   17
117.9dB 26344W 103.7dB @  20Hz   15
119.6dB 26378W 105.4dB @  22Hz   13
121.1dB 26410W 106.9dB @  24Hz   12
122.5dB 26439W 108.3dB @  26Hz   11
123.8dB 26466W 109.5dB @  28Hz    9
125.0dB 26491W 110.7dB @  30Hz    8
126.1dB 26514W 111.9dB @  32Hz    7
127.1dB 26536W 112.9dB @  34Hz    6
128.1dB 26557W 113.9dB @  36Hz    5
129.1dB 26576W 114.8dB @  38Hz    4
130.0dB 26595W 115.7dB @  40Hz    3
130.8dB 26613W 116.6dB @  42Hz    2
131.6dB 26630W 117.4dB @  44Hz    1
132.4dB 26646W 118.1dB @  46Hz    1
133.1dB 26662W 118.9dB @  48Hz   -0
-------------
MX12
      83.5dB                           1500W
SplMech  Pmech SplEle     f3

106.0dB 15640W  95.8dB @  16Hz   15
108.1dB 15665W  97.9dB @  18Hz   13
109.9dB 15688W  99.7dB @  20Hz   11
111.6dB 15708W 101.4dB @  22Hz    9
113.1dB 15727W 102.9dB @  24Hz    8
114.5dB 15744W 104.2dB @  26Hz    6
115.7dB 15760W 105.5dB @  28Hz    5
116.9dB 15775W 106.7dB @  30Hz    4
118.1dB 15789W 107.8dB @  32Hz    3
119.1dB 15802W 108.9dB @  34Hz    2
120.1dB 15814W 109.9dB @  36Hz    1
121.0dB 15826W 110.8dB @  38Hz   -0
121.9dB 15837W 111.7dB @  40Hz   -1
122.8dB 15848W 112.5dB @  42Hz   -2
123.6dB 15858W 113.4dB @  44Hz   -3
124.4dB 15867W 114.1dB @  46Hz   -4
125.1dB 15877W 114.9dB @  48Hz   -4
-------------
MX15
      86.1dB                           1500W
SplMech  Pmech SplEle     f3

110.6dB 11067W 101.9dB @  16Hz   11
112.6dB 11085W 103.9dB @  18Hz    9
114.4dB 11101W 105.8dB @  20Hz    7
116.1dB 11115W 107.4dB @  22Hz    6
117.6dB 11128W 108.9dB @  24Hz    4
119.0dB 11141W 110.3dB @  26Hz    3
120.3dB 11152W 111.6dB @  28Hz    1
121.5dB 11163W 112.8dB @  30Hz    0
122.6dB 11172W 113.9dB @  32Hz   -1
123.7dB 11182W 114.9dB @  34Hz   -2
124.7dB 11190W 115.9dB @  36Hz   -3
125.6dB 11199W 116.9dB @  38Hz   -4
126.5dB 11207W 117.8dB @  40Hz   -5
127.3dB 11214W 118.6dB @  42Hz   -6
128.1dB 11221W 119.4dB @  44Hz   -6
128.9dB 11228W 120.2dB @  46Hz   -7
129.7dB 11235W 120.9dB @  48Hz   -8
-------------
MX18
      87.6dB                           1500W
SplMech  Pmech SplEle     f3

114.1dB 12202W 105.0dB @  16Hz   10
116.1dB 12222W 107.0dB @  18Hz    7
117.9dB 12239W 108.8dB @  20Hz    6
119.6dB 12255W 110.5dB @  22Hz    4
121.1dB 12270W 112.0dB @  24Hz    2
122.5dB 12283W 113.4dB @  26Hz    1
123.8dB 12296W 114.6dB @  28Hz   -0
125.0dB 12307W 115.8dB @  30Hz   -1
126.1dB 12318W 117.0dB @  32Hz   -2
127.1dB 12328W 118.0dB @  34Hz   -4
128.1dB 12338W 119.0dB @  36Hz   -5
129.1dB 12347W 119.9dB @  38Hz   -5
130.0dB 12356W 120.8dB @  40Hz   -6
130.8dB 12364W 121.7dB @  42Hz   -7
131.6dB 12372W 122.5dB @  44Hz   -8
132.4dB 12380W 123.2dB @  46Hz   -9
133.1dB 12387W 124.0dB @  48Hz  -10
-------------
XXX12
      83.8dB                           3000W
SplMech  Pmech SplEle     f3

113.8dB 104030W  98.4dB @  16Hz   14
115.9dB 104198W 100.5dB @  18Hz   12
117.7dB 104348W 102.3dB @  20Hz   10
119.4dB 104484W 103.9dB @  22Hz    8
120.9dB 104609W 105.4dB @  24Hz    7
122.3dB 104723W 106.8dB @  26Hz    5
123.5dB 104830W 108.1dB @  28Hz    4
124.7dB 104929W 109.3dB @  30Hz    3
125.9dB 105021W 110.4dB @  32Hz    2
126.9dB 105109W 111.5dB @  34Hz    1
127.9dB 105191W 112.5dB @  36Hz   -0
128.8dB 105269W 113.4dB @  38Hz   -1
129.7dB 105343W 114.3dB @  40Hz   -2
130.6dB 105413W 115.1dB @  42Hz   -3
131.4dB 105480W 115.9dB @  44Hz   -4
132.2dB 105544W 116.7dB @  46Hz   -5
132.9dB 105606W 117.4dB @  48Hz   -5
-------------
XXX15
      85.8dB                           3000W
SplMech  Pmech SplEle     f3

118.4dB 52105W 106.0dB @  16Hz    8
120.4dB 52189W 108.0dB @  18Hz    6
122.2dB 52265W 109.8dB @  20Hz    5
123.9dB 52333W 111.5dB @  22Hz    3
125.4dB 52395W 113.0dB @  24Hz    1
126.8dB 52453W 114.4dB @  26Hz   -0
128.1dB 52506W 115.7dB @  28Hz   -1
129.3dB 52555W 116.9dB @  30Hz   -2
130.4dB 52602W 118.0dB @  32Hz   -4
131.5dB 52645W 119.0dB @  34Hz   -5
132.5dB 52687W 120.0dB @  36Hz   -6
133.4dB 52726W 120.9dB @  38Hz   -7
134.3dB 52763W 121.8dB @  40Hz   -7
135.1dB 52798W 122.7dB @  42Hz   -8
135.9dB 52832W 123.5dB @  44Hz   -9
136.7dB 52864W 124.3dB @  46Hz  -10
137.5dB 52895W 125.0dB @  48Hz  -11
-------------
XXX18
      86.2dB                           3000W
SplMech  Pmech SplEle     f3

121.9dB 33981W 111.3dB @  16Hz    3
123.9dB 34036W 113.4dB @  18Hz    1
125.7dB 34085W 115.2dB @  20Hz   -0
127.4dB 34129W 116.8dB @  22Hz   -2
128.9dB 34170W 118.3dB @  24Hz   -4
130.3dB 34207W 119.7dB @  26Hz   -5
131.6dB 34242W 121.0dB @  28Hz   -6
132.8dB 34274W 122.2dB @  30Hz   -7
133.9dB 34305W 123.3dB @  32Hz   -9
134.9dB 34333W 124.4dB @  34Hz  -10
135.9dB 34360W 125.4dB @  36Hz  -11
136.9dB 34386W 126.3dB @  38Hz  -12
137.8dB 34410W 127.2dB @  40Hz  -12
138.6dB 34433W 128.0dB @  42Hz  -13
139.4dB 34455W 128.8dB @  44Hz  -14
140.2dB 34476W 129.6dB @  46Hz  -15
140.9dB 34496W 130.3dB @  48Hz  -16
