-------------
RE8
      81.2dB                            175W
Rpre   Spl      qtc    Vb     SplMech Pmech SplEle      f3

0.20  81.0dB:   0.5   28.7l: (111.3dB  1354W 102.4dB) @  46Hz
                0.6   15.0l: (110.3dB  1073W 102.4dB) @  44Hz
                0.7    9.6l: (110.4dB  1086W 102.4dB) @  44Hz
                0.8    6.8l: (111.8dB  1502W 102.4dB) @  47Hz
                0.9    5.1l: (112.3dB  1679W 102.4dB) @  49Hz
                1.0    4.0l: (112.8dB  1909W 102.4dB) @  50Hz
                1.1    3.2l: (113.6dB  2271W 102.4dB) @  52Hz
                1.1    3.2l: (110.7dB  1177W 102.4dB) @  45Hz (  776uF)

0.60  80.7dB:   0.5   36.3l: (110.4dB  1159W 102.2dB) @  44Hz
                0.6   17.9l: (109.4dB   918W 102.2dB) @  41Hz
                0.7   11.2l: (109.4dB   929W 102.2dB) @  41Hz
                0.8    7.8l: (110.8dB  1285W 102.2dB) @  45Hz
                0.9    5.8l: (111.3dB  1436W 102.2dB) @  46Hz
                1.0    4.5l: (111.9dB  1634W 102.2dB) @  48Hz
                1.1    3.6l: (112.6dB  1943W 102.2dB) @  50Hz
                1.1    3.6l: (109.8dB  1007W 102.2dB) @  42Hz (  819uF)

1.00  80.5dB:   0.5   46.8l: (109.5dB  1001W 101.9dB) @  42Hz
                0.6   21.3l: (108.5dB   793W 101.9dB) @  39Hz
                0.7   12.9l: (108.6dB   802W 101.9dB) @  39Hz
                0.8    8.9l: (110.0dB  1110W 101.9dB) @  43Hz
                0.9    6.6l: (110.4dB  1241W 101.9dB) @  44Hz
                1.0    5.1l: (111.0dB  1411W 101.9dB) @  45Hz
                1.1    4.1l: (111.8dB  1679W 101.9dB) @  47Hz
                1.1    4.1l: (108.9dB   870W 101.9dB) @  40Hz (  862uF)

-------------
RE10
      84.7dB                            175W
Rpre   Spl      qtc    Vb     SplMech Pmech SplEle      f3

0.20  84.6dB:   0.5   89.7l: (114.2dB  1150W 106.0dB) @  42Hz
                0.6   45.7l: (113.2dB   911W 106.0dB) @  40Hz
                0.7   28.9l: (113.2dB   922W 106.0dB) @  40Hz
                0.8   20.3l: (114.6dB  1276W 106.0dB) @  43Hz
                0.9   15.2l: (115.1dB  1426W 106.0dB) @  45Hz
                1.0   11.9l: (115.7dB  1622W 106.0dB) @  46Hz
                1.1    9.5l: (116.4dB  1929W 106.0dB) @  48Hz
                1.1    9.5l: (113.6dB  1000W 106.0dB) @  41Hz (  846uF)

0.60  84.3dB:   0.5  115.4l: (113.3dB   984W 105.8dB) @  40Hz
                0.6   54.6l: (112.2dB   780W 105.8dB) @  38Hz
                0.7   33.7l: (112.3dB   789W 105.8dB) @  38Hz
                0.8   23.4l: (113.7dB  1091W 105.8dB) @  41Hz
                0.9   17.3l: (114.2dB  1220W 105.8dB) @  42Hz
                1.0   13.4l: (114.7dB  1387W 105.8dB) @  44Hz
                1.1   10.8l: (115.5dB  1650W 105.8dB) @  46Hz
                1.1   10.8l: (112.6dB   855W 105.8dB) @  39Hz (  892uF)

1.00  84.1dB:   0.5  152.3l: (112.4dB   850W 105.5dB) @  38Hz
                0.6   65.5l: (111.4dB   673W 105.5dB) @  36Hz
                0.7   39.1l: (111.4dB   681W 105.5dB) @  36Hz
                0.8   26.7l: (112.8dB   943W 105.5dB) @  39Hz
                0.9   19.6l: (113.3dB  1054W 105.5dB) @  40Hz
                1.0   15.2l: (113.9dB  1198W 105.5dB) @  42Hz
                1.1   12.1l: (114.6dB  1425W 105.5dB) @  43Hz
                1.1   12.1l: (111.8dB   739W 105.5dB) @  37Hz (  939uF)

-------------
RE12
      87.3dB                            175W
Rpre   Spl      qtc    Vb     SplMech Pmech SplEle      f3

0.20  87.1dB:   0.5  295.1l: (115.6dB   888W 108.6dB) @  37Hz
                0.6  137.0l: (114.6dB   703W 108.6dB) @  35Hz
                0.7   83.9l: (114.7dB   712W 108.6dB) @  35Hz
                0.8   58.0l: (116.1dB   985W 108.6dB) @  38Hz
                0.9   42.9l: (116.5dB  1101W 108.6dB) @  39Hz
                1.0   33.3l: (117.1dB  1252W 108.6dB) @  40Hz
                1.1   26.7l: (117.9dB  1489W 108.6dB) @  42Hz
                1.1   26.7l: (115.0dB   772W 108.6dB) @  36Hz (  971uF)

0.60  86.9dB:   0.5  401.5l: (114.7dB   761W 108.3dB) @  35Hz
                0.6  166.6l: (113.7dB   603W 108.3dB) @  33Hz
                0.7   98.5l: (113.7dB   610W 108.3dB) @  33Hz
                0.8   66.9l: (115.1dB   844W 108.3dB) @  36Hz
                0.9   49.1l: (115.6dB   943W 108.3dB) @  37Hz
                1.0   37.8l: (116.2dB  1073W 108.3dB) @  38Hz
                1.1   30.2l: (116.9dB  1276W 108.3dB) @  40Hz
                1.1   30.2l: (114.1dB   661W 108.3dB) @  34Hz ( 1024uF)

1.00  86.6dB:   0.5  577.9l: (113.8dB   659W 108.1dB) @  33Hz
                0.6  203.7l: (112.8dB   522W 108.1dB) @  31Hz
                0.7  115.4l: (112.9dB   528W 108.1dB) @  31Hz
                0.8   76.9l: (114.3dB   730W 108.1dB) @  34Hz
                0.9   55.8l: (114.8dB   816W 108.1dB) @  35Hz
                1.0   42.7l: (115.3dB   928W 108.1dB) @  36Hz
                1.1   33.9l: (116.1dB  1104W 108.1dB) @  38Hz
                1.1   33.9l: (113.2dB   572W 108.1dB) @  32Hz ( 1076uF)

-------------
SR10
      85.3dB                            300W
Rpre   Spl      qtc    Vb     SplMech Pmech SplEle      f3

0.20  82.7dB:   0.5   44.0l: (119.5dB 10710W 104.0dB) @  48Hz
                0.6   21.3l: (118.5dB  8485W 104.0dB) @  45Hz
                0.7   13.2l: (118.6dB  8585W 104.0dB) @  45Hz
                0.8    9.2l: (120.0dB 11878W 104.0dB) @  49Hz
                0.9    6.9l: (120.5dB 13276W 104.0dB) @  51Hz
                1.0    5.3l: (121.0dB 15099W 104.0dB) @  52Hz
                1.1    4.3l: (121.8dB 17958W 104.0dB) @  54Hz
                1.1    4.3l: (118.9dB  9307W 104.0dB) @  46Hz ( 1329uF)

0.60  82.3dB:   0.5   74.6l: (117.9dB  8167W 103.6dB) @  44Hz
                0.6   29.8l: (116.9dB  6471W 103.6dB) @  41Hz
                0.7   17.5l: (117.0dB  6547W 103.6dB) @  41Hz
                0.8   11.8l: (118.4dB  9058W 103.6dB) @  45Hz
                0.9    8.6l: (118.8dB 10124W 103.6dB) @  46Hz
                1.0    6.6l: (119.4dB 11514W 103.6dB) @  48Hz
                1.1    5.3l: (120.2dB 13694W 103.6dB) @  50Hz
                1.1    5.3l: (117.3dB  7098W 103.6dB) @  42Hz ( 1458uF)

1.00  81.9dB:   0.5  157.0l: (116.5dB  6400W 103.2dB) @  40Hz
                0.6   42.8l: (115.5dB  5070W 103.2dB) @  38Hz
                0.7   23.0l: (115.5dB  5130W 103.2dB) @  38Hz
                0.8   15.0l: (116.9dB  7097W 103.2dB) @  41Hz
                0.9   10.8l: (117.4dB  7933W 103.2dB) @  42Hz
                1.0    8.2l: (118.0dB  9022W 103.2dB) @  44Hz
                1.1    6.5l: (118.7dB 10730W 103.2dB) @  46Hz
                1.1    6.5l: (115.9dB  5561W 103.2dB) @  39Hz ( 1585uF)

-------------
SR12
      86.2dB                            300W
Rpre   Spl      qtc    Vb     SplMech Pmech SplEle      f3

0.20  86.0dB:   0.5  147.5l: (121.4dB  7856W 107.3dB) @  43Hz
                0.6   66.9l: (120.4dB  6224W 107.3dB) @  41Hz
                0.7   40.7l: (120.5dB  6297W 107.3dB) @  41Hz
                0.8   28.0l: (121.9dB  8713W 107.3dB) @  44Hz
                0.9   20.7l: (122.4dB  9739W 107.3dB) @  45Hz
                1.0   16.0l: (122.9dB 11076W 107.3dB) @  47Hz
                1.1   12.8l: (123.7dB 13173W 107.3dB) @  49Hz
                1.1   12.8l: (120.8dB  6827W 107.3dB) @  41Hz ( 1481uF)

0.60  85.5dB:   0.5  272.3l: (119.8dB  6017W 106.8dB) @  39Hz
                0.6   95.6l: (118.8dB  4767W 106.8dB) @  37Hz
                0.7   54.1l: (118.9dB  4823W 106.8dB) @  37Hz
                0.8   36.0l: (120.3dB  6673W 106.8dB) @  40Hz
                0.9   26.1l: (120.8dB  7458W 106.8dB) @  41Hz
                1.0   20.0l: (121.3dB  8482W 106.8dB) @  43Hz
                1.1   15.9l: (122.1dB 10088W 106.8dB) @  45Hz
                1.1   15.9l: (119.2dB  5229W 106.8dB) @  38Hz ( 1623uF)

1.00  85.1dB:   0.5  757.7l: (118.4dB  4734W 106.4dB) @  36Hz
                0.6  141.3l: (117.4dB  3751W 106.4dB) @  34Hz
                0.7   72.0l: (117.4dB  3795W 106.4dB) @  34Hz
                0.8   46.0l: (118.9dB  5250W 106.4dB) @  37Hz
                0.9   32.6l: (119.3dB  5869W 106.4dB) @  38Hz
                1.0   24.6l: (119.9dB  6674W 106.4dB) @  39Hz
                1.1   19.4l: (120.7dB  7938W 106.4dB) @  41Hz
                1.1   19.4l: (117.8dB  4114W 106.4dB) @  35Hz ( 1763uF)

-------------
SR15
      87.6dB                            300W
Rpre   Spl      qtc    Vb     SplMech Pmech SplEle      f3

0.20  89.0dB:   0.5  606.5l: (124.1dB  7184W 110.3dB) @  39Hz
                0.6  220.2l: (123.1dB  5691W 110.3dB) @  36Hz
                0.7  125.6l: (123.1dB  5758W 110.3dB) @  36Hz
                0.8   84.0l: (124.5dB  7967W 110.3dB) @  40Hz
                0.9   61.1l: (125.0dB  8905W 110.3dB) @  41Hz
                1.0   46.8l: (125.6dB 10128W 110.3dB) @  42Hz
                1.1   37.2l: (126.3dB 12045W 110.3dB) @  44Hz
                1.1   37.2l: (123.5dB  6243W 110.3dB) @  37Hz ( 1652uF)

0.60  88.6dB:   0.6  336.7l: (121.5dB  4375W 109.9dB) @  33Hz
                0.7  171.8l: (121.6dB  4427W 109.9dB) @  33Hz
                0.8  109.8l: (123.0dB  6124W 109.9dB) @  36Hz
                0.9   77.9l: (123.4dB  6846W 109.9dB) @  37Hz
                1.0   58.8l: (124.0dB  7785W 109.9dB) @  38Hz
                1.1   46.3l: (124.8dB  9260W 109.9dB) @  40Hz
                1.1   46.3l: (121.9dB  4799W 109.9dB) @  34Hz ( 1809uF)

1.00  88.2dB:   0.6  562.1l: (120.1dB  3455W 109.5dB) @  31Hz
                0.7  238.1l: (120.1dB  3496W 109.5dB) @  31Hz
                0.8  143.0l: (121.5dB  4837W 109.5dB) @  33Hz
                0.9   98.4l: (122.0dB  5407W 109.5dB) @  34Hz
                1.0   73.0l: (122.6dB  6149W 109.5dB) @  35Hz
                1.1   56.8l: (123.3dB  7313W 109.5dB) @  37Hz
                1.1   56.8l: (120.5dB  3790W 109.5dB) @  31Hz ( 1963uF)

-------------
SE10
      83.2dB                            600W
Rpre   Spl      qtc    Vb     SplMech Pmech SplEle      f3

0.20  82.7dB:   0.5   87.9l: (118.4dB  5279W 108.9dB) @  45Hz
                0.6   32.7l: (117.4dB  4182W 108.9dB) @  42Hz
                0.7   18.8l: (117.4dB  4231W 108.9dB) @  42Hz
                0.8   12.6l: (118.8dB  5854W 108.9dB) @  46Hz
                0.9    9.2l: (119.3dB  6543W 108.9dB) @  47Hz
                1.0    7.0l: (119.9dB  7442W 108.9dB) @  49Hz
                1.1    5.6l: (120.6dB  8851W 108.9dB) @  51Hz
                1.1    5.6l: (117.8dB  4587W 108.9dB) @  43Hz (  912uF)

0.60  82.4dB:   0.5  155.1l: (117.4dB  4439W 108.7dB) @  42Hz
                0.6   42.6l: (116.3dB  3517W 108.7dB) @  40Hz
                0.7   22.9l: (116.4dB  3558W 108.7dB) @  40Hz
                0.8   15.0l: (117.8dB  4923W 108.7dB) @  43Hz
                0.9   10.7l: (118.3dB  5503W 108.7dB) @  45Hz
                1.0    8.2l: (118.8dB  6258W 108.7dB) @  46Hz
                1.1    6.4l: (119.6dB  7443W 108.7dB) @  48Hz
                1.1    6.4l: (116.7dB  3858W 108.7dB) @  41Hz (  968uF)

1.00  82.2dB:   0.5  424.1l: (116.4dB  3779W 108.4dB) @  40Hz
                0.6   56.9l: (115.4dB  2994W 108.4dB) @  38Hz
                0.7   28.1l: (115.4dB  3029W 108.4dB) @  38Hz
                0.8   17.7l: (116.8dB  4191W 108.4dB) @  41Hz
                0.9   12.5l: (117.3dB  4685W 108.4dB) @  42Hz
                1.0    9.4l: (117.9dB  5328W 108.4dB) @  44Hz
                1.1    7.4l: (118.6dB  6337W 108.4dB) @  45Hz
                1.1    7.4l: (115.8dB  3284W 108.4dB) @  39Hz ( 1024uF)

-------------
SE12
      86.1dB                            600W
Rpre   Spl      qtc    Vb     SplMech Pmech SplEle      f3

0.20  85.4dB:   0.5  361.0l: (120.2dB  4270W 111.6dB) @  40Hz
                0.6   99.8l: (119.1dB  3383W 111.6dB) @  38Hz
                0.7   53.8l: (119.2dB  3423W 111.6dB) @  38Hz
                0.8   35.1l: (120.6dB  4735W 111.6dB) @  41Hz
                0.9   25.2l: (121.1dB  5293W 111.6dB) @  42Hz
                1.0   19.1l: (121.6dB  6020W 111.6dB) @  43Hz
                1.1   15.1l: (122.4dB  7160W 111.6dB) @  45Hz
                1.1   15.1l: (119.5dB  3711W 111.6dB) @  39Hz ( 1025uF)

0.60  85.1dB:   0.6  136.0l: (118.1dB  2848W 111.3dB) @  35Hz
                0.7   66.8l: (118.2dB  2881W 111.3dB) @  36Hz
                0.8   42.1l: (119.6dB  3986W 111.3dB) @  39Hz
                0.9   29.7l: (120.0dB  4456W 111.3dB) @  40Hz
                1.0   22.3l: (120.6dB  5067W 111.3dB) @  41Hz
                1.1   17.5l: (121.4dB  6027W 111.3dB) @  43Hz
                1.1   17.5l: (118.5dB  3124W 111.3dB) @  36Hz ( 1088uF)

1.00  84.8dB:   0.6  194.8l: (117.1dB  2427W 111.1dB) @  34Hz
                0.7   83.7l: (117.2dB  2455W 111.1dB) @  34Hz
                0.8   50.5l: (118.6dB  3397W 111.1dB) @  36Hz
                0.9   34.8l: (119.1dB  3797W 111.1dB) @  38Hz
                1.0   25.9l: (119.6dB  4319W 111.1dB) @  39Hz
                1.1   20.1l: (120.4dB  5136W 111.1dB) @  40Hz
                1.1   20.1l: (117.5dB  2662W 111.1dB) @  34Hz ( 1151uF)

-------------
SE15
      88.0dB                            600W
Rpre   Spl      qtc    Vb     SplMech Pmech SplEle      f3

0.20  87.8dB:   0.6  494.3l: (119.7dB  2234W 114.0dB) @  30Hz
                0.7  223.1l: (119.7dB  2260W 114.0dB) @  30Hz
                0.8  136.6l: (121.2dB  3127W 114.0dB) @  33Hz
                0.9   94.9l: (121.6dB  3496W 114.0dB) @  33Hz
                1.0   70.8l: (122.2dB  3975W 114.0dB) @  35Hz
                1.1   55.3l: (123.0dB  4728W 114.0dB) @  36Hz
                1.1   55.3l: (120.1dB  2451W 114.0dB) @  31Hz ( 1290uF)

0.60  87.5dB:   0.6  787.7l: (118.7dB  1889W 113.7dB) @  28Hz
                0.7  289.4l: (118.7dB  1911W 113.7dB) @  28Hz
                0.8  167.3l: (120.1dB  2644W 113.7dB) @  31Hz
                0.9  113.2l: (120.6dB  2955W 113.7dB) @  32Hz
                1.0   83.1l: (121.2dB  3361W 113.7dB) @  33Hz
                1.1   64.2l: (121.9dB  3997W 113.7dB) @  34Hz
                1.1   64.2l: (119.1dB  2072W 113.7dB) @  29Hz ( 1368uF)

1.00  87.2dB:   0.7  384.0l: (117.8dB  1635W 113.4dB) @  27Hz
                0.8  205.5l: (119.2dB  2263W 113.4dB) @  29Hz
                0.9  134.6l: (119.7dB  2529W 113.4dB) @  30Hz
                1.0   97.1l: (120.2dB  2876W 113.4dB) @  31Hz
                1.1   74.3l: (121.0dB  3421W 113.4dB) @  32Hz
                1.1   74.3l: (118.1dB  1773W 113.4dB) @  27Hz ( 1445uF)

-------------
SX10
      85.2dB                           1000W
Rpre   Spl      qtc    Vb     SplMech Pmech SplEle      f3

0.20  85.0dB:   0.5   10.5l: (129.8dB 63227W 111.8dB) @  78Hz
                0.6    6.4l: (128.8dB 50092W 111.8dB) @  74Hz
                0.7    4.3l: (128.8dB 50681W 111.8dB) @  74Hz
                0.8    3.2l: (130.2dB 70120W 111.8dB) @  80Hz
                0.9    2.4l: (130.7dB 78378W 111.8dB) @  82Hz
                1.0    1.9l: (131.3dB 89136W 111.8dB) @  85Hz
                1.1    1.6l: (132.0dB 106014W 111.8dB) @  89Hz
                1.1    1.6l: (129.2dB 54946W 111.8dB) @  75Hz (  772uF)

0.60  84.6dB:   0.5   13.8l: (128.2dB 48775W 111.3dB) @  71Hz
                0.6    8.0l: (127.2dB 38643W 111.3dB) @  67Hz
                0.7    5.4l: (127.3dB 39097W 111.3dB) @  68Hz
                0.8    3.9l: (128.7dB 54093W 111.3dB) @  73Hz
                0.9    3.0l: (129.2dB 60463W 111.3dB) @  75Hz
                1.0    2.3l: (129.7dB 68763W 111.3dB) @  78Hz
                1.1    1.9l: (130.5dB 81783W 111.3dB) @  81Hz
                1.1    1.9l: (127.6dB 42388W 111.3dB) @  69Hz (  844uF)

1.00  84.2dB:   0.5   18.3l: (126.8dB 38569W 111.0dB) @  66Hz
                0.6   10.1l: (125.8dB 30557W 111.0dB) @  62Hz
                0.7    6.6l: (125.9dB 30916W 111.0dB) @  62Hz
                0.8    4.7l: (127.3dB 42773W 111.0dB) @  68Hz
                0.9    3.6l: (127.8dB 47811W 111.0dB) @  70Hz
                1.0    2.8l: (128.3dB 54374W 111.0dB) @  72Hz
                1.1    2.3l: (129.1dB 64669W 111.0dB) @  75Hz
                1.1    2.3l: (126.2dB 33518W 111.0dB) @  64Hz (  914uF)

-------------
SX12
      88.1dB                           1000W
Rpre   Spl      qtc    Vb     SplMech Pmech SplEle      f3

0.20  87.9dB:   0.5   30.6l: (131.9dB 52582W 114.7dB) @  71Hz
                0.6   17.8l: (130.9dB 41659W 114.7dB) @  67Hz
                0.7   11.9l: (130.9dB 42148W 114.7dB) @  67Hz
                0.8    8.6l: (132.3dB 58314W 114.7dB) @  73Hz
                0.9    6.5l: (132.8dB 65182W 114.7dB) @  75Hz
                1.0    5.2l: (133.4dB 74130W 114.7dB) @  77Hz
                1.1    4.2l: (134.1dB 88166W 114.7dB) @  81Hz
                1.1    4.2l: (131.3dB 45696W 114.7dB) @  68Hz (  850uF)

0.60  87.5dB:   0.5   41.7l: (130.4dB 40641W 114.3dB) @  65Hz
                0.6   22.9l: (129.3dB 32199W 114.3dB) @  61Hz
                0.7   14.9l: (129.4dB 32577W 114.3dB) @  61Hz
                0.8   10.6l: (130.8dB 45072W 114.3dB) @  67Hz
                0.9    8.0l: (131.3dB 50380W 114.3dB) @  68Hz
                1.0    6.3l: (131.8dB 57296W 114.3dB) @  71Hz
                1.1    5.1l: (132.6dB 68145W 114.3dB) @  74Hz
                1.1    5.1l: (129.7dB 35319W 114.3dB) @  63Hz (  929uF)

1.00  87.1dB:   0.5   57.8l: (129.0dB 32198W 113.9dB) @  60Hz
                0.6   29.3l: (128.0dB 25509W 113.9dB) @  57Hz
                0.7   18.5l: (128.0dB 25809W 113.9dB) @  57Hz
                0.8   13.0l: (129.4dB 35708W 113.9dB) @  61Hz
                0.9    9.7l: (129.9dB 39913W 113.9dB) @  63Hz
                1.0    7.6l: (130.5dB 45392W 113.9dB) @  65Hz
                1.1    6.1l: (131.2dB 53987W 113.9dB) @  68Hz
                1.1    6.1l: (128.4dB 27981W 113.9dB) @  58Hz ( 1006uF)

-------------
SX15
      90.4dB                           1000W
Rpre   Spl      qtc    Vb     SplMech Pmech SplEle      f3

0.20  90.2dB:   0.5  150.4l: (131.9dB 31600W 116.9dB) @  55Hz
                0.6   76.6l: (130.9dB 25036W 116.9dB) @  52Hz
                0.7   48.5l: (131.0dB 25330W 116.9dB) @  52Hz
                0.8   34.0l: (132.4dB 35046W 116.9dB) @  56Hz
                0.9   25.5l: (132.8dB 39173W 116.9dB) @  58Hz
                1.0   19.9l: (133.4dB 44550W 116.9dB) @  60Hz
                1.1   16.0l: (134.2dB 52986W 116.9dB) @  62Hz
                1.1   16.0l: (131.3dB 27462W 116.9dB) @  53Hz ( 1103uF)

0.60  89.7dB:   0.5  232.0l: (130.4dB 24496W 116.5dB) @  50Hz
                0.6  103.2l: (129.4dB 19407W 116.5dB) @  47Hz
                0.7   62.3l: (129.4dB 19635W 116.5dB) @  47Hz
                0.8   42.8l: (130.8dB 27166W 116.5dB) @  51Hz
                0.9   31.5l: (131.3dB 30366W 116.5dB) @  53Hz
                1.0   24.4l: (131.9dB 34534W 116.5dB) @  55Hz
                1.1   19.5l: (132.6dB 41073W 116.5dB) @  57Hz
                1.1   19.5l: (129.8dB 21288W 116.5dB) @  48Hz ( 1204uF)

1.00  89.4dB:   0.5  397.1l: (129.0dB 19462W 116.1dB) @  46Hz
                0.6  140.7l: (128.0dB 15419W 116.1dB) @  44Hz
                0.7   79.8l: (128.1dB 15600W 116.1dB) @  44Hz
                0.8   53.2l: (129.5dB 21584W 116.1dB) @  47Hz
                0.9   38.6l: (130.0dB 24126W 116.1dB) @  49Hz
                1.0   29.6l: (130.5dB 27438W 116.1dB) @  50Hz
                1.1   23.5l: (131.3dB 32633W 116.1dB) @  53Hz
                1.1   23.5l: (128.4dB 16913W 116.1dB) @  45Hz ( 1303uF)

-------------
SX18
      92.7dB                           1000W
Rpre   Spl      qtc    Vb     SplMech Pmech SplEle      f3

0.20  92.0dB:   0.6  420.8l: (131.8dB 19995W 118.8dB) @  44Hz
                0.7  181.6l: (131.8dB 20230W 118.8dB) @  45Hz
                0.8  109.7l: (133.3dB 27990W 118.8dB) @  48Hz
                0.9   75.7l: (133.7dB 31286W 118.8dB) @  50Hz
                1.0   56.2l: (134.3dB 35581W 118.8dB) @  51Hz
                1.1   43.8l: (135.1dB 42318W 118.8dB) @  54Hz
                1.1   43.8l: (132.2dB 21933W 118.8dB) @  45Hz ( 1280uF)

0.60  91.6dB:   0.7  276.0l: (130.3dB 15715W 118.4dB) @  41Hz
                0.8  150.2l: (131.7dB 21743W 118.4dB) @  44Hz
                0.9   99.0l: (132.2dB 24303W 118.4dB) @  46Hz
                1.0   71.7l: (132.8dB 27640W 118.4dB) @  47Hz
                1.1   55.0l: (133.5dB 32873W 118.4dB) @  49Hz
                1.1   55.0l: (130.7dB 17038W 118.4dB) @  42Hz ( 1397uF)

1.00  91.2dB:   0.7  459.0l: (129.0dB 12512W 118.0dB) @  38Hz
                0.8  209.6l: (130.4dB 17311W 118.0dB) @  41Hz
                0.9  129.7l: (130.9dB 19350W 118.0dB) @  42Hz
                1.0   91.0l: (131.4dB 22006W 118.0dB) @  43Hz
                1.1   68.4l: (132.2dB 26173W 118.0dB) @  45Hz
                1.1   68.4l: (129.3dB 13565W 118.0dB) @  39Hz ( 1511uF)

-------------
MX12
      83.5dB                           1500W
Rpre   Spl      qtc    Vb     SplMech Pmech SplEle      f3

0.20  83.2dB:   0.5  317.0l: (120.4dB 14977W 110.4dB) @  37Hz
                0.6   83.3l: (119.4dB 11866W 110.4dB) @  35Hz
                0.7   44.5l: (119.5dB 12006W 110.4dB) @  35Hz
                0.8   29.0l: (120.9dB 16610W 110.4dB) @  38Hz
                0.9   20.8l: (121.3dB 18566W 110.4dB) @  39Hz
                1.0   15.8l: (121.9dB 21115W 110.4dB) @  40Hz
                1.1   12.4l: (122.7dB 25113W 110.4dB) @  42Hz
                1.1   12.4l: (119.8dB 13016W 110.4dB) @  35Hz ( 2233uF)

0.60  82.7dB:   0.6  154.9l: (117.6dB  8791W 109.9dB) @  31Hz
                0.7   67.1l: (117.6dB  8895W 109.9dB) @  31Hz
                0.8   40.5l: (119.0dB 12306W 109.9dB) @  34Hz
                0.9   28.0l: (119.5dB 13755W 109.9dB) @  35Hz
                1.0   20.8l: (120.1dB 15644W 109.9dB) @  36Hz
                1.1   16.2l: (120.8dB 18606W 109.9dB) @  37Hz
                1.1   16.2l: (118.0dB  9643W 109.9dB) @  32Hz ( 2484uF)

1.00  82.2dB:   0.6  400.5l: (115.9dB  6782W 109.4dB) @  28Hz
                0.7  105.1l: (116.0dB  6861W 109.4dB) @  28Hz
                0.8   56.7l: (117.4dB  9493W 109.4dB) @  31Hz
                0.9   37.3l: (117.9dB 10611W 109.4dB) @  32Hz
                1.0   27.0l: (118.5dB 12068W 109.4dB) @  33Hz
                1.1   20.7l: (119.2dB 14353W 109.4dB) @  34Hz
                1.1   20.7l: (116.3dB  7439W 109.4dB) @  29Hz ( 2725uF)

-------------
MX15
      86.1dB                           1500W
Rpre   Spl      qtc    Vb     SplMech Pmech SplEle      f3

0.20  85.8dB:   0.6  391.7l: (120.5dB  8374W 113.0dB) @  28Hz
                0.7  177.1l: (120.5dB  8472W 113.0dB) @  28Hz
                0.8  108.5l: (121.9dB 11722W 113.0dB) @  31Hz
                0.9   75.4l: (122.4dB 13102W 113.0dB) @  32Hz
                1.0   56.2l: (123.0dB 14901W 113.0dB) @  33Hz
                1.1   43.9l: (123.7dB 17722W 113.0dB) @  34Hz
                1.1   43.9l: (120.9dB  9185W 113.0dB) @  29Hz ( 2728uF)

0.60  85.3dB:   0.7  288.9l: (118.7dB  6340W 112.5dB) @  26Hz
                0.8  157.2l: (120.1dB  8771W 112.5dB) @  28Hz
                0.9  103.6l: (120.6dB  9805W 112.5dB) @  29Hz
                1.0   75.1l: (121.2dB 11150W 112.5dB) @  29Hz
                1.1   57.5l: (121.9dB 13262W 112.5dB) @  31Hz
                1.1   57.5l: (119.1dB  6873W 112.5dB) @  26Hz ( 3026uF)

1.00  84.8dB:   0.7  527.5l: (117.2dB  4938W 112.0dB) @  23Hz
                0.8  231.6l: (118.6dB  6832W 112.0dB) @  25Hz
                0.9  141.6l: (119.0dB  7637W 112.0dB) @  26Hz
                1.0   98.7l: (119.6dB  8685W 112.0dB) @  27Hz
                1.1   74.0l: (120.4dB 10329W 112.0dB) @  28Hz
                1.1   74.0l: (117.5dB  5354W 112.0dB) @  24Hz ( 3312uF)

-------------
MX18
      87.6dB                           1500W
Rpre   Spl      qtc    Vb     SplMech Pmech SplEle      f3

0.20  87.3dB:   0.6  461.6l: (122.4dB  9221W 114.5dB) @  26Hz
                0.7  257.1l: (122.4dB  9329W 114.5dB) @  26Hz
                0.8  170.2l: (123.8dB 12907W 114.5dB) @  28Hz
                0.9  123.0l: (124.3dB 14428W 114.5dB) @  29Hz
                1.0   93.9l: (124.9dB 16408W 114.5dB) @  30Hz
                1.1   74.5l: (125.6dB 19515W 114.5dB) @  31Hz
                1.1   74.5l: (122.8dB 10114W 114.5dB) @  26Hz ( 2992uF)

0.60  86.7dB:   0.6  801.1l: (120.5dB  6814W 113.9dB) @  23Hz
                0.7  378.9l: (120.5dB  6894W 113.9dB) @  23Hz
                0.8  235.6l: (122.0dB  9538W 113.9dB) @  25Hz
                0.9  164.9l: (122.4dB 10661W 113.9dB) @  26Hz
                1.0  123.5l: (123.0dB 12125W 113.9dB) @  27Hz
                1.1   96.7l: (123.8dB 14421W 113.9dB) @  28Hz
                1.1   96.7l: (120.9dB  7474W 113.9dB) @  24Hz ( 3330uF)

1.00  86.2dB:   0.7  572.5l: (118.9dB  5305W 113.4dB) @  21Hz
                0.8  324.9l: (120.3dB  7340W 113.4dB) @  23Hz
                0.9  218.0l: (120.8dB  8204W 113.4dB) @  24Hz
                1.0  159.4l: (121.4dB  9330W 113.4dB) @  24Hz
                1.1  122.9l: (122.1dB 11097W 113.4dB) @  25Hz
                1.1  122.9l: (119.3dB  5751W 113.4dB) @  22Hz ( 3655uF)

-------------
XXX12
      83.8dB                           3000W
Rpre   Spl      qtc    Vb     SplMech Pmech SplEle      f3

0.20  83.2dB:   0.5  239.0l: (127.3dB 99556W 112.1dB) @  35Hz
                0.6   83.5l: (126.3dB 78875W 112.1dB) @  33Hz
                0.7   47.2l: (126.4dB 79802W 112.1dB) @  33Hz
                0.8   31.5l: (127.8dB 110410W 112.1dB) @  36Hz
                0.9   22.8l: (128.3dB 123414W 112.1dB) @  37Hz
                1.0   17.5l: (128.8dB 140354W 112.1dB) @  38Hz
                1.1   13.9l: (129.6dB 166929W 112.1dB) @  40Hz
                1.1   13.9l: (126.7dB 86519W 112.1dB) @  34Hz ( 3131uF)

0.60  82.5dB:   0.6  171.1l: (123.9dB 53419W 111.4dB) @  29Hz
                0.7   77.9l: (124.0dB 54047W 111.4dB) @  29Hz
                0.8   47.8l: (125.4dB 74777W 111.4dB) @  31Hz
                0.9   33.3l: (125.9dB 83583W 111.4dB) @  32Hz
                1.0   24.8l: (126.4dB 95056W 111.4dB) @  33Hz
                1.1   19.4l: (127.2dB 113055W 111.4dB) @  35Hz
                1.1   19.4l: (124.3dB 58596W 111.4dB) @  29Hz ( 3592uF)

1.00  81.9dB:   0.6  543.0l: (121.9dB 38591W 110.8dB) @  26Hz
                0.7  135.4l: (122.0dB 39044W 110.8dB) @  26Hz
                0.8   72.5l: (123.4dB 54019W 110.8dB) @  28Hz
                0.9   47.5l: (123.9dB 60382W 110.8dB) @  29Hz
                1.0   34.3l: (124.4dB 68670W 110.8dB) @  29Hz
                1.1   26.2l: (125.2dB 81672W 110.8dB) @  31Hz
                1.1   26.2l: (122.3dB 42330W 110.8dB) @  26Hz ( 4033uF)

-------------
XXX15
      85.8dB                           3000W
Rpre   Spl      qtc    Vb     SplMech Pmech SplEle      f3

0.20  85.4dB:   0.6  889.5l: (125.5dB 39340W 114.4dB) @  24Hz
                0.7  305.4l: (125.6dB 39802W 114.4dB) @  24Hz
                0.8  173.7l: (127.0dB 55069W 114.4dB) @  26Hz
                0.9  116.7l: (127.5dB 61554W 114.4dB) @  27Hz
                1.0   85.4l: (128.0dB 70004W 114.4dB) @  28Hz
                1.1   65.9l: (128.8dB 83258W 114.4dB) @  29Hz
                1.1   65.9l: (125.9dB 43152W 114.4dB) @  25Hz ( 4258uF)

0.60  84.7dB:   0.7  735.1l: (123.2dB 27260W 113.7dB) @  21Hz
                0.8  307.2l: (124.7dB 37716W 113.7dB) @  23Hz
                0.9  185.1l: (125.1dB 42158W 113.7dB) @  24Hz
                1.0  128.1l: (125.7dB 47944W 113.7dB) @  24Hz
                1.1   95.6l: (126.5dB 57022W 113.7dB) @  25Hz
                1.1   95.6l: (123.6dB 29554W 113.7dB) @  22Hz ( 4871uF)

1.00  84.1dB:   0.8  618.1l: (122.7dB 27539W 113.1dB) @  21Hz
                0.9  300.2l: (123.2dB 30782W 113.1dB) @  21Hz
                1.0  190.7l: (123.7dB 35007W 113.1dB) @  22Hz
                1.1  135.8l: (124.5dB 41636W 113.1dB) @  23Hz
                1.1  135.8l: (121.6dB 21580W 113.1dB) @  19Hz ( 5455uF)

-------------
XXX18
      86.2dB                           3000W
Rpre   Spl      qtc    Vb     SplMech Pmech SplEle      f3

0.20  85.7dB:   0.8  571.2l: (125.5dB 35772W 114.7dB) @  20Hz
                0.9  361.4l: (126.0dB 39985W 114.7dB) @  20Hz
                1.0  256.3l: (126.5dB 45473W 114.7dB) @  21Hz
                1.1  193.9l: (127.3dB 54084W 114.7dB) @  22Hz
                1.1  193.9l: (124.4dB 28031W 114.7dB) @  19Hz ( 5683uF)

0.60  85.0dB:   0.9  588.8l: (123.8dB 28509W 114.0dB) @  18Hz
                1.0  387.1l: (124.3dB 32423W 114.0dB) @  18Hz
                1.1  280.8l: (125.1dB 38562W 114.0dB) @  19Hz
                1.1  280.8l: (122.2dB 19986W 114.0dB) @  16Hz ( 6437uF)

1.00  84.4dB:   1.0  584.5l: (122.5dB 24588W 113.4dB) @  17Hz
                1.1  399.0l: (123.3dB 29243W 113.4dB) @  17Hz
                1.1  399.0l: (120.4dB 15157W 113.4dB) @  15Hz ( 7141uF)

