-------------
RE8
                    81.2dB           131W
  R||    qts   f3   Spl     SplMech Pmech  SplEle  
   6.8  0.53  31Hz  77.8dB  104.3dB  443W   99.0dB
  10.0  0.56  29Hz  77.8dB  103.5dB  369W   99.0dB
  15.0  0.59  28Hz  77.8dB  102.8dB  315W   99.0dB
  22.0  0.61  26Hz  77.8dB  101.4dB  225W   99.0dB
  33.0  0.63  26Hz  77.8dB  101.4dB  225W   99.0dB
  47.0  0.64  26Hz  77.8dB  101.4dB  225W   99.0dB
  68.0  0.65  24Hz  77.8dB   99.9dB  162W   99.0dB
 100.0  0.66  24Hz  77.8dB   99.9dB  162W   99.0dB
 150.0  0.67  24Hz  77.8dB   99.9dB  162W   99.0dB
9999.0  0.68  24Hz  77.8dB   99.9dB  162W   99.0dB
-------------
RE10
                    84.7dB           131W
  R||    qts   f3   Spl     SplMech Pmech  SplEle  
   4.7  0.51  31Hz  81.4dB  108.9dB  558W  102.6dB
   6.8  0.54  29Hz  81.4dB  107.6dB  419W  102.6dB
  10.0  0.57  28Hz  81.4dB  106.8dB  349W  102.6dB
  15.0  0.60  25Hz  81.4dB  104.7dB  213W  102.6dB
  22.0  0.63  25Hz  81.4dB  104.7dB  213W  102.6dB
  33.0  0.65  25Hz  81.4dB  104.7dB  213W  102.6dB
  47.0  0.66  23Hz  81.4dB  103.3dB  153W  102.6dB
  68.0  0.67  23Hz  81.4dB  103.3dB  153W  102.6dB
 100.0  0.68  23Hz  81.4dB  103.3dB  153W  102.6dB
 150.0  0.68  23Hz  81.4dB  103.3dB  153W  102.6dB
9999.0  0.70  23Hz  81.4dB  103.3dB  153W  102.6dB
-------------
RE12
                    87.3dB           131W
  R||    qts   f3   Spl     SplMech Pmech  SplEle  
   3.3  0.52  29Hz  84.0dB  111.4dB  559W  105.1dB
   4.7  0.54  27Hz  84.0dB  110.2dB  420W  105.1dB
   6.8  0.58  25Hz  84.0dB  108.7dB  299W  105.1dB
  10.0  0.61  23Hz  84.0dB  107.3dB  214W  105.1dB
  15.0  0.64  23Hz  84.0dB  107.3dB  214W  105.1dB
  22.0  0.66  21Hz  84.0dB  105.8dB  154W  105.1dB
  33.0  0.68  21Hz  84.0dB  105.8dB  154W  105.1dB
  47.0  0.70  21Hz  84.0dB  105.8dB  154W  105.1dB
  68.0  0.71  20Hz  84.0dB  104.6dB  117W  105.1dB
 100.0  0.72  20Hz  84.0dB  104.6dB  117W  105.1dB
 150.0  0.72  20Hz  84.0dB  104.6dB  117W  105.1dB
9999.0  0.74  20Hz  84.0dB  104.6dB  117W  105.1dB
-------------
SR10
                    85.3dB           225W
  R||    qts   f3   Spl     SplMech Pmech  SplEle  
   2.2  0.52  37Hz  79.5dB  114.9dB 3489W  103.0dB
   3.3  0.56  33Hz  79.5dB  112.9dB 2186W  103.0dB
   4.7  0.59  31Hz  79.5dB  112.2dB 1866W  103.0dB
   6.8  0.62  29Hz  79.5dB  110.7dB 1333W  103.0dB
  10.0  0.65  27Hz  79.5dB  109.3dB  959W  103.0dB
  15.0  0.68  27Hz  79.5dB  109.3dB  959W  103.0dB
  22.0  0.70  27Hz  79.5dB  109.3dB  959W  103.0dB
  33.0  0.71  25Hz  79.5dB  108.1dB  728W  103.0dB
  47.0  0.72  25Hz  79.5dB  108.1dB  728W  103.0dB
  68.0  0.73  25Hz  79.5dB  108.1dB  728W  103.0dB
 100.0  0.74  25Hz  79.5dB  108.1dB  728W  103.0dB
 150.0  0.74  25Hz  79.5dB  108.1dB  728W  103.0dB
9999.0  0.75  25Hz  79.5dB  108.1dB  728W  103.0dB
-------------
SR12
                    86.2dB           225W
  R||    qts   f3   Spl     SplMech Pmech  SplEle  
   1.5  0.51  34Hz  82.7dB  117.5dB 2992W  106.2dB
   2.2  0.54  32Hz  82.7dB  116.2dB 2248W  106.2dB
   3.3  0.58  29Hz  82.7dB  114.8dB 1600W  106.2dB
   4.7  0.61  27Hz  82.7dB  113.3dB 1143W  106.2dB
   6.8  0.64  27Hz  82.7dB  113.3dB 1143W  106.2dB
  10.0  0.67  25Hz  82.7dB  111.9dB  823W  106.2dB
  15.0  0.70  25Hz  82.7dB  111.9dB  823W  106.2dB
  22.0  0.72  23Hz  82.7dB  110.7dB  624W  106.2dB
  33.0  0.73  23Hz  82.7dB  110.7dB  624W  106.2dB
  47.0  0.74  23Hz  82.7dB  110.7dB  624W  106.2dB
  68.0  0.75  22Hz  82.7dB  109.8dB  506W  106.2dB
 100.0  0.76  22Hz  82.7dB  109.8dB  506W  106.2dB
 150.0  0.76  22Hz  82.7dB  109.8dB  506W  106.2dB
9999.0  0.77  22Hz  82.7dB  109.8dB  506W  106.2dB
-------------
SR15
                    87.6dB           225W
  R||    qts   f3   Spl     SplMech Pmech  SplEle  
   1.0  0.52  33Hz  85.8dB  121.6dB 3816W  109.3dB
   1.5  0.55  30Hz  85.8dB  119.6dB 2391W  109.3dB
   2.2  0.59  29Hz  85.8dB  118.9dB 2041W  109.3dB
   3.3  0.63  26Hz  85.8dB  117.4dB 1458W  109.3dB
   4.7  0.66  24Hz  85.8dB  116.0dB 1049W  109.3dB
   6.8  0.70  24Hz  85.8dB  116.0dB 1049W  109.3dB
  10.0  0.73  23Hz  85.8dB  114.8dB  796W  109.3dB
  15.0  0.76  21Hz  85.8dB  113.9dB  646W  109.3dB
  22.0  0.78  21Hz  85.8dB  113.9dB  646W  109.3dB
  33.0  0.79  21Hz  85.8dB  113.9dB  646W  109.3dB
  47.0  0.80  20Hz  85.8dB  112.9dB  518W  109.3dB
  68.0  0.81  20Hz  85.8dB  112.9dB  518W  109.3dB
 100.0  0.82  20Hz  85.8dB  112.9dB  518W  109.3dB
 150.0  0.82  20Hz  85.8dB  112.9dB  518W  109.3dB
9999.0  0.83  20Hz  85.8dB  112.9dB  518W  109.3dB
-------------
SE10
                    83.2dB           450W
  R||    qts   f3   Spl     SplMech Pmech  SplEle  
   1.5  0.51  39Hz  79.6dB  115.8dB 4173W  106.1dB
   2.2  0.54  36Hz  79.6dB  114.5dB 3135W  106.1dB
   3.3  0.57  34Hz  79.6dB  113.7dB 2614W  106.1dB
   4.7  0.61  30Hz  79.6dB  111.6dB 1594W  106.1dB
   6.8  0.64  30Hz  79.6dB  111.6dB 1594W  106.1dB
  10.0  0.68  28Hz  79.6dB  110.2dB 1147W  106.1dB
  15.0  0.71  26Hz  79.6dB  109.0dB  871W  106.1dB
  22.0  0.73  26Hz  79.6dB  109.0dB  871W  106.1dB
  33.0  0.75  25Hz  79.6dB  108.1dB  706W  106.1dB
  47.0  0.77  25Hz  79.6dB  108.1dB  706W  106.1dB
  68.0  0.78  25Hz  79.6dB  108.1dB  706W  106.1dB
 100.0  0.79  25Hz  79.6dB  108.1dB  706W  106.1dB
 150.0  0.79  25Hz  79.6dB  108.1dB  706W  106.1dB
9999.0  0.81  23Hz  79.6dB  107.1dB  566W  106.1dB
-------------
SE12
                    86.1dB           450W
  R||    qts   f3   Spl     SplMech Pmech  SplEle  
   1.0  0.52  36Hz  82.2dB  118.6dB 4276W  108.8dB
   1.5  0.54  34Hz  82.2dB  117.3dB 3213W  108.8dB
   2.2  0.57  32Hz  82.2dB  116.5dB 2679W  108.8dB
   3.3  0.61  29Hz  82.2dB  114.4dB 1634W  108.8dB
   4.7  0.64  29Hz  82.2dB  114.4dB 1634W  108.8dB
   6.8  0.68  26Hz  82.2dB  112.9dB 1176W  108.8dB
  10.0  0.72  25Hz  82.2dB  111.8dB  892W  108.8dB
  15.0  0.75  25Hz  82.2dB  111.8dB  892W  108.8dB
  22.0  0.78  23Hz  82.2dB  110.8dB  724W  108.8dB
  33.0  0.80  23Hz  82.2dB  110.8dB  724W  108.8dB
  47.0  0.81  22Hz  82.2dB  109.9dB  580W  108.8dB
  68.0  0.82  22Hz  82.2dB  109.9dB  580W  108.8dB
 100.0  0.83  22Hz  82.2dB  109.9dB  580W  108.8dB
 150.0  0.84  22Hz  82.2dB  109.9dB  580W  108.8dB
9999.0  0.85  21Hz  82.2dB  109.3dB  505W  108.8dB
-------------
SE15
                    88.0dB           450W
  R||    qts   f3   Spl     SplMech Pmech  SplEle  
   0.0  0.50  32Hz  84.6dB  120.8dB 4178W  111.1dB
   1.0  0.57  28Hz  84.6dB  118.8dB 2618W  111.1dB
   1.5  0.60  27Hz  84.6dB  118.1dB 2235W  111.1dB
   2.2  0.63  25Hz  84.6dB  116.6dB 1596W  111.1dB
   3.3  0.67  23Hz  84.6dB  115.2dB 1149W  111.1dB
   4.7  0.70  22Hz  84.6dB  114.0dB  872W  111.1dB
   6.8  0.74  22Hz  84.6dB  114.0dB  872W  111.1dB
  10.0  0.78  20Hz  84.6dB  113.1dB  707W  111.1dB
  15.0  0.82  19Hz  84.6dB  112.1dB  567W  111.1dB
  22.0  0.84  19Hz  84.6dB  112.1dB  567W  111.1dB
  33.0  0.87  19Hz  84.6dB  111.5dB  493W  111.1dB
  47.0  0.88  19Hz  84.6dB  111.5dB  493W  111.1dB
  68.0  0.90  19Hz  84.6dB  111.5dB  493W  111.1dB
 100.0  0.90  18Hz  84.6dB  110.7dB  407W  111.1dB
 150.0  0.91  18Hz  84.6dB  110.7dB  407W  111.1dB
9999.0  0.92  18Hz  84.6dB  110.7dB  407W  111.1dB
-------------
SX10
                    85.2dB           750W
  R||    qts   f3   Spl     SplMech Pmech  SplEle  
  15.0  0.50  45Hz  81.8dB  120.0dB 6653W  110.5dB
  22.0  0.52  45Hz  81.8dB  120.0dB 6653W  110.5dB
  33.0  0.53  41Hz  81.8dB  118.8dB 4999W  110.5dB
  47.0  0.54  41Hz  81.8dB  118.8dB 4999W  110.5dB
  68.0  0.54  41Hz  81.8dB  118.8dB 4999W  110.5dB
 100.0  0.55  41Hz  81.8dB  118.8dB 4999W  110.5dB
 150.0  0.55  40Hz  81.8dB  118.0dB 4168W  110.5dB
9999.0  0.56  40Hz  81.8dB  118.0dB 4168W  110.5dB
-------------
SX12
                    88.1dB           750W
  R||    qts   f3   Spl     SplMech Pmech  SplEle  
   6.8  0.50  44Hz  84.7dB  123.7dB 8034W  113.4dB
  10.0  0.53  41Hz  84.7dB  122.5dB 6037W  113.4dB
  15.0  0.55  39Hz  84.7dB  121.7dB 5033W  113.4dB
  22.0  0.57  39Hz  84.7dB  121.7dB 5033W  113.4dB
  33.0  0.58  38Hz  84.7dB  121.0dB 4297W  113.4dB
  47.0  0.59  38Hz  84.7dB  121.0dB 4297W  113.4dB
  68.0  0.59  38Hz  84.7dB  121.0dB 4297W  113.4dB
 100.0  0.60  38Hz  84.7dB  121.0dB 4297W  113.4dB
 150.0  0.60  35Hz  84.7dB  119.6dB 3070W  113.4dB
9999.0  0.61  35Hz  84.7dB  119.6dB 3070W  113.4dB
-------------
SX15
                    90.4dB           750W
  R||    qts   f3   Spl     SplMech Pmech  SplEle  
   3.3  0.53  38Hz  86.9dB  125.4dB 6990W  115.7dB
   4.7  0.56  36Hz  86.9dB  124.6dB 5827W  115.7dB
   6.8  0.59  34Hz  86.9dB  123.9dB 4975W  115.7dB
  10.0  0.62  32Hz  86.9dB  122.4dB 3554W  115.7dB
  15.0  0.64  32Hz  86.9dB  122.4dB 3554W  115.7dB
  22.0  0.66  29Hz  86.9dB  121.0dB 2558W  115.7dB
  33.0  0.68  29Hz  86.9dB  121.0dB 2558W  115.7dB
  47.0  0.69  29Hz  86.9dB  121.0dB 2558W  115.7dB
  68.0  0.69  29Hz  86.9dB  121.0dB 2558W  115.7dB
 100.0  0.70  27Hz  86.9dB  119.8dB 1941W  115.7dB
 150.0  0.70  27Hz  86.9dB  119.8dB 1941W  115.7dB
9999.0  0.71  27Hz  86.9dB  119.8dB 1941W  115.7dB
-------------
SX18
                    92.7dB           750W
  R||    qts   f3   Spl     SplMech Pmech  SplEle  
   0.0  0.51  48Hz  88.8dB  133.2dB 27465W  117.6dB
   1.0  0.61  38Hz  88.8dB  129.0dB 10494W  117.6dB
   1.5  0.65  38Hz  88.8dB  129.0dB 10494W  117.6dB
   2.2  0.69  35Hz  88.8dB  127.6dB 7552W  117.6dB
   3.3  0.73  33Hz  88.8dB  126.4dB 5731W  117.6dB
   4.7  0.78  31Hz  88.8dB  125.5dB 4648W  117.6dB
   6.8  0.82  29Hz  88.8dB  124.5dB 3726W  117.6dB
  10.0  0.86  28Hz  88.8dB  123.9dB 3243W  117.6dB
  15.0  0.89  28Hz  88.8dB  123.9dB 3243W  117.6dB
  22.0  0.92  27Hz  88.8dB  123.1dB 2675W  117.6dB
  33.0  0.94  27Hz  88.8dB  123.1dB 2675W  117.6dB
  47.0  0.95  27Hz  88.8dB  123.1dB 2675W  117.6dB
  68.0  0.96  26Hz  88.8dB  122.6dB 2420W  117.6dB
 100.0  0.97  26Hz  88.8dB  122.6dB 2420W  117.6dB
 150.0  0.97  26Hz  88.8dB  122.6dB 2420W  117.6dB
9999.0  0.98  26Hz  88.8dB  122.6dB 2420W  117.6dB
-------------
MX12
                    83.5dB          1125W
  R||    qts   f3   Spl     SplMech Pmech  SplEle  
   1.0  0.57  30Hz  79.9dB  116.9dB 4974W  110.4dB
   1.5  0.60  29Hz  79.9dB  116.2dB 4246W  110.4dB
   2.2  0.63  26Hz  79.9dB  114.8dB 3034W  110.4dB
   3.3  0.67  24Hz  79.9dB  113.3dB 2183W  110.4dB
   4.7  0.71  23Hz  79.9dB  112.1dB 1657W  110.4dB
   6.8  0.74  23Hz  79.9dB  112.1dB 1657W  110.4dB
  10.0  0.76  22Hz  79.9dB  111.2dB 1344W  110.4dB
  15.0  0.79  22Hz  79.9dB  111.2dB 1344W  110.4dB
  22.0  0.80  20Hz  79.9dB  110.3dB 1077W  110.4dB
  33.0  0.81  20Hz  79.9dB  110.3dB 1077W  110.4dB
  47.0  0.82  20Hz  79.9dB  110.3dB 1077W  110.4dB
  68.0  0.83  20Hz  79.9dB  110.3dB 1077W  110.4dB
 100.0  0.83  20Hz  79.9dB  110.3dB 1077W  110.4dB
 150.0  0.84  20Hz  79.9dB  110.3dB 1077W  110.4dB
9999.0  0.84  20Hz  79.9dB  110.3dB 1077W  110.4dB
-------------
MX15
                    86.1dB          1125W
  R||    qts   f3   Spl     SplMech Pmech  SplEle  
   0.0  0.50  30Hz  82.5dB  121.6dB 8055W  113.0dB
   1.0  0.62  24Hz  82.5dB  117.4dB 3078W  113.0dB
   1.5  0.65  22Hz  82.5dB  116.0dB 2215W  113.0dB
   2.2  0.69  22Hz  82.5dB  116.0dB 2215W  113.0dB
   3.3  0.73  20Hz  82.5dB  114.8dB 1681W  113.0dB
   4.7  0.76  19Hz  82.5dB  113.9dB 1363W  113.0dB
   6.8  0.80  19Hz  82.5dB  113.9dB 1363W  113.0dB
  10.0  0.82  18Hz  82.5dB  112.9dB 1093W  113.0dB
  15.0  0.85  18Hz  82.5dB  112.9dB 1093W  113.0dB
  22.0  0.86  18Hz  82.5dB  112.3dB  951W  113.0dB
  33.0  0.88  18Hz  82.5dB  112.3dB  951W  113.0dB
  47.0  0.89  18Hz  82.5dB  112.3dB  951W  113.0dB
  68.0  0.89  18Hz  82.5dB  112.3dB  951W  113.0dB
 100.0  0.90  18Hz  82.5dB  112.3dB  951W  113.0dB
 150.0  0.90  18Hz  82.5dB  112.3dB  951W  113.0dB
9999.0  0.91  17Hz  82.5dB  111.5dB  784W  113.0dB
-------------
MX18
                    87.6dB          1125W
  R||    qts   f3   Spl     SplMech Pmech  SplEle  
   1.0  0.55  23Hz  84.0dB  120.0dB 4029W  114.5dB
   1.5  0.58  21Hz  84.0dB  118.6dB 2868W  114.5dB
   2.2  0.61  19Hz  84.0dB  117.1dB 2049W  114.5dB
   3.3  0.65  18Hz  84.0dB  115.7dB 1474W  114.5dB
   4.7  0.68  18Hz  84.0dB  115.7dB 1474W  114.5dB
   6.8  0.71  16Hz  84.0dB  114.5dB 1119W  114.5dB
  10.0  0.74  16Hz  84.0dB  114.5dB 1119W  114.5dB
  15.0  0.76  16Hz  84.0dB  113.6dB  907W  114.5dB
  22.0  0.78  16Hz  84.0dB  113.6dB  907W  114.5dB
  33.0  0.79  16Hz  84.0dB  113.6dB  907W  114.5dB
  47.0  0.80  16Hz  84.0dB  113.6dB  907W  114.5dB
  68.0  0.80  15Hz  84.0dB  112.6dB  727W  114.5dB
 100.0  0.81  15Hz  84.0dB  112.6dB  727W  114.5dB
 150.0  0.81  15Hz  84.0dB  112.6dB  727W  114.5dB
9999.0  0.82  15Hz  84.0dB  112.6dB  727W  114.5dB
-------------
XXX12
                    83.8dB          2250W
  R||    qts   f3   Spl     SplMech Pmech  SplEle  
   3.3  0.51  30Hz  80.4dB  125.0dB 29114W  113.9dB
   4.7  0.54  28Hz  80.4dB  123.8dB 21876W  113.9dB
   6.8  0.57  27Hz  80.4dB  123.0dB 18239W  113.9dB
  10.0  0.60  24Hz  80.4dB  120.8dB 11124W  113.9dB
  15.0  0.63  24Hz  80.4dB  120.8dB 11124W  113.9dB
  22.0  0.66  22Hz  80.4dB  119.4dB 8006W  113.9dB
  33.0  0.68  22Hz  80.4dB  119.4dB 8006W  113.9dB
  47.0  0.70  22Hz  80.4dB  119.4dB 8006W  113.9dB
  68.0  0.71  21Hz  80.4dB  118.2dB 6075W  113.9dB
 100.0  0.72  21Hz  80.4dB  118.2dB 6075W  113.9dB
 150.0  0.73  21Hz  80.4dB  118.2dB 6075W  113.9dB
9999.0  0.75  21Hz  80.4dB  118.2dB 6075W  113.9dB
-------------
XXX15
                    85.8dB          2250W
  R||    qts   f3   Spl     SplMech Pmech  SplEle  
   0.0  0.51  28Hz  82.6dB  127.9dB 33989W  116.1dB
   1.0  0.56  25Hz  82.6dB  125.9dB 21293W  116.1dB
   1.5  0.58  24Hz  82.6dB  125.2dB 18178W  116.1dB
   2.2  0.60  22Hz  82.6dB  123.7dB 12986W  116.1dB
   3.3  0.63  22Hz  82.6dB  123.7dB 12986W  116.1dB
   4.7  0.66  20Hz  82.6dB  122.3dB 9346W  116.1dB
   6.8  0.70  19Hz  82.6dB  121.1dB 7092W  116.1dB
  10.0  0.74  19Hz  82.6dB  121.1dB 7092W  116.1dB
  15.0  0.78  18Hz  82.6dB  120.2dB 5752W  116.1dB
  22.0  0.81  17Hz  82.6dB  119.2dB 4611W  116.1dB
  33.0  0.84  17Hz  82.6dB  119.2dB 4611W  116.1dB
  47.0  0.85  16Hz  82.6dB  118.6dB 4014W  116.1dB
  68.0  0.87  16Hz  82.6dB  118.6dB 4014W  116.1dB
 100.0  0.88  16Hz  82.6dB  118.6dB 4014W  116.1dB
 150.0  0.89  16Hz  82.6dB  118.6dB 4014W  116.1dB
9999.0  0.91  15Hz  82.6dB  117.8dB 3310W  116.1dB
-------------
XXX18
                    86.2dB          2250W
  R||    qts   f3   Spl     SplMech Pmech  SplEle  
   0.0  0.56  20Hz  82.9dB  125.8dB 19540W  116.4dB
   1.0  0.61  18Hz  82.9dB  123.7dB 11917W  116.4dB
   1.5  0.63  18Hz  82.9dB  123.7dB 11917W  116.4dB
   2.2  0.65  18Hz  82.9dB  123.7dB 11917W  116.4dB
   3.3  0.68  16Hz  82.9dB  122.3dB 8577W  116.4dB
   4.7  0.71  15Hz  82.9dB  121.1dB 6508W  116.4dB
   6.8  0.75  15Hz  82.9dB  121.1dB 6508W  116.4dB
  10.0  0.78  15Hz  82.9dB  120.2dB 5278W  116.4dB
  15.0  0.82  14Hz  82.9dB  119.2dB 4232W  116.4dB
  22.0  0.85  13Hz  82.9dB  118.6dB 3683W  116.4dB
  33.0  0.88  13Hz  82.9dB  118.6dB 3683W  116.4dB
  47.0  0.90  13Hz  82.9dB  118.6dB 3683W  116.4dB
  68.0  0.91  13Hz  82.9dB  117.8dB 3037W  116.4dB
 100.0  0.92  13Hz  82.9dB  117.8dB 3037W  116.4dB
 150.0  0.93  13Hz  82.9dB  117.8dB 3037W  116.4dB
9999.0  0.95  13Hz  82.9dB  117.8dB 3037W  116.4dB
