-------------
RE8
      81.2dB            175W
Rpre   Spl     SplMech Pmech SplEle      f3

0.20  81.0dB: (110.7dB  1177W 102.4dB) @  45Hz
0.60  80.7dB: (109.8dB  1007W 102.2dB) @  42Hz
1.00  80.5dB: (108.9dB   870W 101.9dB) @  40Hz
              (111.9dB  1740W 101.9dB) @  48Hz
-------------
RE10
      84.7dB            175W
Rpre   Spl     SplMech Pmech SplEle      f3

0.20  84.6dB: (113.6dB  1000W 106.0dB) @  41Hz
0.60  84.3dB: (112.6dB   855W 105.8dB) @  39Hz
              (115.7dB  1710W 105.8dB) @  46Hz
1.00  84.1dB: (111.8dB   739W 105.5dB) @  37Hz
              (114.8dB  1477W 105.5dB) @  44Hz
-------------
RE12
      87.3dB            175W
Rpre   Spl     SplMech Pmech SplEle      f3

0.20  87.1dB: (115.0dB   772W 108.6dB) @  36Hz
              (118.0dB  1543W 108.6dB) @  42Hz
0.60  86.9dB: (114.1dB   661W 108.3dB) @  34Hz
              (117.1dB  1323W 108.3dB) @  40Hz
1.00  86.6dB: (113.2dB   572W 108.1dB) @  32Hz
              (116.2dB  1145W 108.1dB) @  38Hz
-------------
SR10
      85.3dB            300W
Rpre   Spl     SplMech Pmech SplEle      f3

0.20  82.7dB: (118.9dB  9307W 104.0dB) @  46Hz
0.60  82.3dB: (117.3dB  7098W 103.6dB) @  42Hz
1.00  81.9dB: (115.9dB  5561W 103.2dB) @  39Hz
-------------
SR12
      86.2dB            300W
Rpre   Spl     SplMech Pmech SplEle      f3

0.20  86.0dB: (120.8dB  6827W 107.3dB) @  41Hz
0.60  85.5dB: (119.2dB  5229W 106.8dB) @  38Hz
1.00  85.1dB: (117.8dB  4114W 106.4dB) @  35Hz
-------------
SR15
      87.6dB            300W
Rpre   Spl     SplMech Pmech SplEle      f3

0.20  89.0dB: (123.5dB  6243W 110.3dB) @  37Hz
0.60  88.6dB: (121.9dB  4799W 109.9dB) @  34Hz
1.00  88.2dB: (120.5dB  3790W 109.5dB) @  31Hz
-------------
SE10
      83.2dB            600W
Rpre   Spl     SplMech Pmech SplEle      f3

0.20  82.7dB: (117.8dB  4587W 108.9dB) @  43Hz
0.60  82.4dB: (116.7dB  3858W 108.7dB) @  41Hz
1.00  82.2dB: (115.8dB  3284W 108.4dB) @  39Hz
-------------
SE12
      86.1dB            600W
Rpre   Spl     SplMech Pmech SplEle      f3

0.20  85.4dB: (119.5dB  3711W 111.6dB) @  39Hz
0.60  85.1dB: (118.5dB  3124W 111.3dB) @  36Hz
1.00  84.8dB: (117.5dB  2662W 111.1dB) @  34Hz
              (120.6dB  5324W 111.1dB) @  41Hz
-------------
SE15
      88.0dB            600W
Rpre   Spl     SplMech Pmech SplEle      f3

0.20  87.8dB: (120.1dB  2451W 114.0dB) @  31Hz
              (123.1dB  4901W 114.0dB) @  36Hz
0.60  87.5dB: (119.1dB  2072W 113.7dB) @  29Hz
              (122.1dB  4143W 113.7dB) @  34Hz
1.00  87.2dB: (118.1dB  1773W 113.4dB) @  27Hz
              (121.1dB  3546W 113.4dB) @  33Hz
-------------
SX10
      85.2dB           1000W
Rpre   Spl     SplMech Pmech SplEle      f3

0.20  85.0dB: (129.2dB 54946W 111.8dB) @  75Hz
0.60  84.6dB: (127.6dB 42388W 111.3dB) @  69Hz
1.00  84.2dB: (126.2dB 33518W 111.0dB) @  64Hz
-------------
SX12
      88.1dB           1000W
Rpre   Spl     SplMech Pmech SplEle      f3

0.20  87.9dB: (131.3dB 45696W 114.7dB) @  68Hz
0.60  87.5dB: (129.7dB 35319W 114.3dB) @  63Hz
1.00  87.1dB: (128.4dB 27981W 113.9dB) @  58Hz
-------------
SX15
      90.4dB           1000W
Rpre   Spl     SplMech Pmech SplEle      f3

0.20  90.2dB: (131.3dB 27462W 116.9dB) @  53Hz
0.60  89.7dB: (129.8dB 21288W 116.5dB) @  48Hz
1.00  89.4dB: (128.4dB 16913W 116.1dB) @  45Hz
-------------
SX18
      92.7dB           1000W
Rpre   Spl     SplMech Pmech SplEle      f3

0.20  92.0dB: (132.2dB 21933W 118.8dB) @  45Hz
0.60  91.6dB: (130.7dB 17038W 118.4dB) @  42Hz
1.00  91.2dB: (129.3dB 13565W 118.0dB) @  39Hz
-------------
MX12
      83.5dB           1500W
Rpre   Spl     SplMech Pmech SplEle      f3

0.20  83.2dB: (119.8dB 13016W 110.4dB) @  35Hz
0.60  82.7dB: (118.0dB  9643W 109.9dB) @  32Hz
1.00  82.2dB: (116.3dB  7439W 109.4dB) @  29Hz
              (119.4dB 14878W 109.4dB) @  34Hz
-------------
MX15
      86.1dB           1500W
Rpre   Spl     SplMech Pmech SplEle      f3

0.20  85.8dB: (120.9dB  9185W 113.0dB) @  29Hz
0.60  85.3dB: (119.1dB  6873W 112.5dB) @  26Hz
              (122.1dB 13747W 112.5dB) @  31Hz
1.00  84.8dB: (117.5dB  5354W 112.0dB) @  24Hz
              (120.5dB 10707W 112.0dB) @  28Hz
-------------
MX18
      87.6dB           1500W
Rpre   Spl     SplMech Pmech SplEle      f3

0.20  87.3dB: (122.8dB 10114W 114.5dB) @  26Hz
0.60  86.7dB: (120.9dB  7474W 113.9dB) @  24Hz
              (123.9dB 14948W 113.9dB) @  28Hz
1.00  86.2dB: (119.3dB  5751W 113.4dB) @  22Hz
              (122.3dB 11503W 113.4dB) @  26Hz
-------------
XXX12
      83.8dB           3000W
Rpre   Spl     SplMech Pmech SplEle      f3

0.20  83.2dB: (126.7dB 86519W 112.1dB) @  34Hz
0.60  82.5dB: (124.3dB 58596W 111.4dB) @  29Hz
1.00  81.9dB: (122.3dB 42330W 110.8dB) @  26Hz
-------------
XXX15
      85.8dB           3000W
Rpre   Spl     SplMech Pmech SplEle      f3

0.20  85.4dB: (125.9dB 43152W 114.4dB) @  25Hz
0.60  84.7dB: (123.6dB 29554W 113.7dB) @  22Hz
1.00  84.1dB: (121.6dB 21580W 113.1dB) @  19Hz
-------------
XXX18
      86.2dB           3000W
Rpre   Spl     SplMech Pmech SplEle      f3

0.20  85.7dB: (124.4dB 28031W 114.7dB) @  19Hz
0.60  85.0dB: (122.2dB 19986W 114.0dB) @  16Hz
1.00  84.4dB: (120.4dB 15157W 113.4dB) @  15Hz
