-------------
SB12NRXF25-4
            87.0dB            30W       1x40mm
   fu     fb      fo      SplMech  Vb1     Vb2       d         l        C
 34.1Hz  64Hz  120Hz   86.7dB   40l +   2l    1x40mm   4395mm
 37.3Hz  68Hz  124Hz   88.2dB   17l +   2l    1x40mm   3916mm
 40.7Hz  72Hz  127Hz   89.7dB   11l +   2l    1x40mm   3490mm
 44.4Hz  76Hz  131Hz   91.2dB    7l +   2l    1x40mm   3111mm
 48.4Hz  81Hz  135Hz   92.7dB    5l +   2l    1x40mm   2773mm
 52.6Hz  85Hz  139Hz   94.2dB    4l +   2l    1x40mm   2471mm
 57.1Hz  91Hz  143Hz   95.6dB    3l +   2l    1x40mm   2202mm
 62.0Hz  96Hz  148Hz   97.0dB    3l +   2l    1x40mm   1963mm
 67.2Hz 102Hz  153Hz   98.4dB    2l +   2l    1x40mm   1750mm
 72.8Hz 105Hz  159Hz   99.8dB    2l +   2l    1x40mm   1638mm
 78.7Hz 114Hz  165Hz  101.2dB    2l +   2l    1x40mm   1390mm
 25.9Hz  63Hz  112Hz   81.9dB   65l +   2l    1x40mm   6207mm
 28.4Hz  67Hz  115Hz   83.5dB   21l +   2l    1x40mm   5531mm
 31.2Hz  71Hz  117Hz   85.1dB   12l +   2l    1x40mm   4930mm
 34.1Hz  75Hz  120Hz   86.7dB    8l +   2l    1x40mm   4394mm
 37.3Hz  79Hz  124Hz   88.2dB    6l +   2l    1x40mm   3917mm
 40.7Hz  84Hz  127Hz   89.7dB    5l +   2l    1x40mm   3490mm
 44.4Hz  89Hz  131Hz   91.2dB    4l +   2l    1x40mm   3111mm
 48.4Hz  94Hz  135Hz   92.7dB    3l +   2l    1x40mm   2773mm
 52.6Hz 100Hz  139Hz   94.2dB    2l +   2l    1x40mm   2471mm
 57.1Hz 106Hz  143Hz   95.6dB    2l +   2l    1x40mm   2202mm
 62.0Hz 112Hz  148Hz   97.0dB    2l +   2l    1x40mm   1963mm
 67.2Hz 102Hz  153Hz   98.4dB    2l +   2l    1x40mm   2381mm
 72.8Hz 105Hz  159Hz   99.8dB    2l +   2l    1x40mm   2230mm
 78.7Hz 114Hz  165Hz  101.2dB    2l +   2l    1x40mm   1891mm
 73.1Hz 121Hz  171Hz   99.9dB    1l +   2l    1x40mm   1686mm
 79.9Hz 128Hz  178Hz  101.4dB    1l +   2l    1x40mm   1503mm
 31.1Hz  75Hz  183Hz   85.1dB    8l +   1l    1x40mm   6206mm
 34.3Hz  80Hz  186Hz   86.8dB    6l +   1l    1x40mm   5533mm
 37.8Hz  85Hz  190Hz   88.4dB    4l +   1l    1x40mm   4931mm
 41.6Hz  90Hz  194Hz   90.1dB    4l +   1l    1x40mm   4394mm
 45.7Hz  95Hz  198Hz   91.7dB    3l +   1l    1x40mm   3917mm
 50.1Hz 101Hz  202Hz   93.3dB    2l +   1l    1x40mm   3490mm
 54.9Hz 107Hz  207Hz   94.9dB    2l +   1l    1x40mm   3111mm
 60.1Hz 113Hz  212Hz   96.5dB    2l +   1l    1x40mm   2772mm
 65.7Hz 120Hz  218Hz   98.0dB    1l +   1l    1x40mm   2471mm
 71.7Hz 127Hz  224Hz   99.6dB    1l +   1l    1x40mm   2202mm
 78.2Hz 134Hz  230Hz  101.1dB    1l +   1l    1x40mm   1963mm
-------------
SB15NRXC30-8
            88.0dB            50W       1x50mm
   fu     fb      fo      SplMech  Vb1     Vb2       d         l        C
 24.4Hz  51Hz  106Hz   85.2dB   26l +   5l  + 1x40mm   3168mm
 26.8Hz  54Hz  108Hz   86.8dB   21l +   5l  + 1x40mm   2823mm
 29.4Hz  57Hz  111Hz   88.4dB   17l +   5l  + 1x40mm   2516mm
 32.2Hz  60Hz  113Hz   89.9dB   14l +   5l  + 1x40mm   2243mm
 35.2Hz  64Hz  116Hz   91.5dB   11l +   5l  + 1x40mm   1999mm
 38.4Hz  68Hz  120Hz   93.0dB    9l +   5l  + 1x40mm   1782mm
 41.9Hz  72Hz  123Hz   94.5dB    8l +   5l  + 1x40mm   1588mm
 45.6Hz  76Hz  127Hz   96.0dB    7l +   5l  + 1x40mm   1415mm
 49.6Hz  81Hz  131Hz   97.5dB    6l +   5l  + 1x40mm   1261mm
 53.9Hz  85Hz  135Hz   98.9dB    5l +   5l  + 1x40mm   1124mm
 58.5Hz  90Hz  140Hz  100.3dB    4l +   5l  + 1x40mm   1002mm
 63.4Hz  96Hz  145Hz  101.7dB    4l +   5l  + 1x40mm    893mm
 68.6Hz  99Hz  150Hz  103.1dB    4l +   5l  + 1x40mm    836mm
 74.2Hz 107Hz  156Hz  104.5dB    3l +   5l  - 1x40mm    709mm
 80.2Hz 114Hz  162Hz  105.8dB    3l +   5l  - 1x40mm    632mm
 24.4Hz  59Hz  106Hz   85.2dB   14l +   3l  + 1x40mm   3168mm
 26.8Hz  63Hz  108Hz   86.8dB   12l +   3l  + 1x40mm   2823mm
 29.4Hz  67Hz  111Hz   88.4dB   10l +   3l  + 1x40mm   2516mm
 32.2Hz  70Hz  113Hz   89.9dB    8l +   3l  + 1x40mm   2243mm
 35.2Hz  75Hz  116Hz   91.5dB    7l +   3l  + 1x40mm   1999mm
 38.4Hz  79Hz  120Hz   93.0dB    6l +   3l  + 1x40mm   1781mm
 41.9Hz  84Hz  123Hz   94.5dB    5l +   3l  + 1x40mm   1588mm
 45.6Hz  89Hz  127Hz   96.0dB    5l +   3l  + 1x40mm   1415mm
 49.6Hz  94Hz  131Hz   97.5dB    4l +   3l  + 1x40mm   1261mm
 53.9Hz 100Hz  135Hz   98.9dB    4l +   3l  + 1x40mm   1124mm
 58.5Hz 105Hz  140Hz  100.3dB    3l +   3l  + 1x40mm   1002mm
 63.4Hz  96Hz  145Hz  101.7dB    4l +   3l  + 1x40mm   1215mm
 68.6Hz  99Hz  150Hz  103.1dB    4l +   3l  + 1x40mm   1138mm
 74.2Hz 107Hz  156Hz  104.5dB    3l +   3l  + 1x40mm    965mm
 68.9Hz 114Hz  162Hz  103.2dB    3l +   3l  + 1x40mm    860mm
 75.3Hz 121Hz  168Hz  104.7dB    2l +   3l  - 1x40mm    767mm
 29.3Hz  71Hz  173Hz   88.3dB    8l +   2l  + 1x40mm   3168mm
 32.3Hz  75Hz  176Hz   90.0dB    7l +   2l  + 1x40mm   2824mm
 35.6Hz  80Hz  179Hz   91.7dB    6l +   2l  + 1x40mm   2517mm
 39.2Hz  85Hz  183Hz   93.4dB    5l +   2l  + 1x40mm   2243mm
 43.1Hz  90Hz  186Hz   95.0dB    5l +   2l  + 1x40mm   1999mm
 47.3Hz  95Hz  191Hz   96.6dB    4l +   2l  + 1x40mm   1782mm
 51.8Hz 101Hz  195Hz   98.2dB    3l +   2l  + 1x40mm   1588mm
 56.7Hz 107Hz  200Hz   99.8dB    3l +   2l  + 1x40mm   1415mm
 62.0Hz 113Hz  205Hz  101.3dB    3l +   2l  + 1x40mm   1261mm
 67.7Hz 119Hz  211Hz  102.9dB    2l +   2l  + 1x40mm   1124mm
 73.8Hz 127Hz  217Hz  104.4dB    2l +   2l  + 1x40mm   1002mm
 80.3Hz 134Hz  224Hz  105.8dB    2l +   2l  + 1x40mm    893mm
-------------
SB17NRXC35-8
            89.0dB            60W       1x50mm
   fu     fb      fo      SplMech  Vb1     Vb2       d         l        C
 20.0Hz  42Hz   86Hz   85.7dB   65l +  10l  + 1x40mm   2078mm
 21.9Hz  44Hz   88Hz   87.3dB   50l +  10l  + 1x40mm   1852mm
 24.0Hz  47Hz   91Hz   88.9dB   40l +  10l  + 1x40mm   1651mm
 26.3Hz  49Hz   93Hz   90.4dB   32l +  10l  + 1x40mm   1471mm
 28.8Hz  52Hz   95Hz   92.0dB   27l +  10l  + 1x40mm   1311mm
 31.4Hz  55Hz   98Hz   93.5dB   22l +  10l  + 1x40mm   1169mm
 34.3Hz  59Hz  101Hz   95.0dB   19l +  10l  + 1x40mm   1042mm
 37.3Hz  62Hz  104Hz   96.5dB   16l +  10l  + 1x40mm    928mm
 40.6Hz  66Hz  107Hz   98.0dB   14l +  10l  + 1x40mm    827mm
 44.1Hz  70Hz  111Hz   99.4dB   12l +  10l  - 1x40mm    737mm
 47.8Hz  74Hz  114Hz  100.8dB   10l +  10l  - 1x40mm    657mm
 51.8Hz  78Hz  118Hz  102.2dB    9l +  10l  - 1x40mm    586mm
 56.1Hz  81Hz  123Hz  103.6dB    8l +  10l  - 1x40mm    549mm
 60.7Hz  88Hz  127Hz  105.0dB    7l +  10l    1x50mm    727mm
 65.6Hz  93Hz  132Hz  106.3dB    6l +  10l    1x50mm    648mm
 70.8Hz  99Hz  137Hz  107.6dB    5l +  10l    1x50mm    577mm
 76.4Hz 104Hz  143Hz  108.9dB    5l +  10l    1x50mm    515mm
 20.0Hz  49Hz   86Hz   85.7dB   34l +   8l  + 1x40mm   2078mm
 21.9Hz  51Hz   88Hz   87.3dB   28l +   8l  + 1x40mm   1852mm
 24.0Hz  54Hz   91Hz   88.9dB   23l +   8l  + 1x40mm   1650mm
 26.3Hz  58Hz   93Hz   90.4dB   20l +   8l  + 1x40mm   1471mm
 28.8Hz  61Hz   95Hz   92.0dB   17l +   8l  + 1x40mm   1311mm
 31.4Hz  65Hz   98Hz   93.5dB   14l +   8l  + 1x40mm   1168mm
 34.3Hz  69Hz  101Hz   95.0dB   12l +   8l  + 1x40mm   1042mm
 37.3Hz  73Hz  104Hz   96.5dB   11l +   8l  + 1x40mm    928mm
 40.6Hz  77Hz  107Hz   98.0dB    9l +   8l  + 1x40mm    827mm
 44.1Hz  81Hz  111Hz   99.4dB    8l +   8l  - 1x40mm    737mm
 47.8Hz  86Hz  114Hz  100.8dB    7l +   8l  - 1x40mm    657mm
 51.8Hz  78Hz  118Hz  102.2dB    9l +   8l  - 1x40mm    797mm
 56.1Hz  81Hz  123Hz  103.6dB    8l +   8l  - 1x40mm    747mm
 60.7Hz  88Hz  127Hz  105.0dB    7l +   8l  - 1x40mm    633mm
 56.4Hz  93Hz  132Hz  103.7dB    6l +   8l  - 1x40mm    564mm
 61.6Hz  99Hz  137Hz  105.2dB    5l +   8l    1x50mm    786mm
 76.4Hz 104Hz  143Hz  108.9dB    5l +   8l    1x50mm    700mm
 24.0Hz  58Hz  141Hz   88.8dB   19l +   5l  + 1x40mm   2078mm
 26.5Hz  62Hz  144Hz   90.5dB   16l +   5l  + 1x40mm   1852mm
 29.1Hz  65Hz  146Hz   92.2dB   14l +   5l  + 1x40mm   1651mm
 32.1Hz  69Hz  149Hz   93.9dB   12l +   5l  + 1x40mm   1471mm
 35.2Hz  73Hz  153Hz   95.5dB   10l +   5l  + 1x40mm   1311mm
 38.7Hz  78Hz  156Hz   97.1dB    9l +   5l  + 1x40mm   1169mm
 42.4Hz  82Hz  160Hz   98.7dB    8l +   5l  + 1x40mm   1041mm
 46.4Hz  87Hz  164Hz  100.3dB    7l +   5l  + 1x40mm    928mm
 50.7Hz  92Hz  168Hz  101.8dB    6l +   5l  + 1x40mm    827mm
 55.3Hz  98Hz  173Hz  103.4dB    5l +   5l  - 1x40mm    737mm
 60.3Hz 104Hz  178Hz  104.9dB    5l +   5l  - 1x40mm    657mm
 65.7Hz 110Hz  183Hz  106.3dB    4l +   5l  - 1x40mm    586mm
 71.5Hz 116Hz  189Hz  107.8dB    4l +   5l  - 1x40mm    522mm
 77.7Hz 123Hz  195Hz  109.2dB    3l +   5l    1x50mm    727mm
 84.3Hz 130Hz  202Hz  110.7dB    3l +   5l    1x50mm    648mm
-------------
SB17NRXC35-4
            92.0dB            60W       1x50mm
   fu     fb      fo      SplMech  Vb1     Vb2       d         l        C
 22.3Hz  46Hz   97Hz   87.6dB   46l +   8l  + 1x40mm   2196mm
 24.5Hz  49Hz   99Hz   89.2dB   36l +   8l  + 1x40mm   1957mm
 26.9Hz  52Hz  101Hz   90.8dB   29l +   8l  + 1x40mm   1744mm
 29.4Hz  55Hz  104Hz   92.4dB   24l +   8l  + 1x40mm   1555mm
 32.1Hz  58Hz  106Hz   93.9dB   20l +   8l  + 1x40mm   1386mm
 35.1Hz  62Hz  109Hz   95.4dB   17l +   8l  + 1x40mm   1235mm
 38.3Hz  66Hz  113Hz   96.9dB   14l +   8l  + 1x40mm   1101mm
 41.7Hz  69Hz  116Hz   98.4dB   12l +   8l  + 1x40mm    981mm
 45.3Hz  74Hz  120Hz   99.9dB   10l +   8l  + 1x40mm    874mm
 49.2Hz  78Hz  124Hz  101.3dB    9l +   8l  - 1x40mm    779mm
 53.4Hz  83Hz  128Hz  102.7dB    8l +   8l  - 1x40mm    695mm
 57.9Hz  87Hz  132Hz  104.1dB    7l +   8l  - 1x40mm    619mm
 62.7Hz  90Hz  137Hz  105.5dB    6l +   8l  - 1x40mm    580mm
 67.8Hz  98Hz  142Hz  106.9dB    5l +   8l    1x50mm    768mm
 73.3Hz 104Hz  148Hz  108.2dB    4l +   8l    1x50mm    685mm
 79.1Hz 110Hz  153Hz  109.6dB    4l +   8l    1x50mm    610mm
 22.3Hz  54Hz   97Hz   87.6dB   25l +   6l  + 1x40mm   2196mm
 24.5Hz  57Hz   99Hz   89.2dB   21l +   6l  + 1x40mm   1957mm
 26.9Hz  61Hz  101Hz   90.8dB   17l +   6l  + 1x40mm   1744mm
 29.4Hz  64Hz  104Hz   92.4dB   15l +   6l  + 1x40mm   1555mm
 32.1Hz  68Hz  106Hz   93.9dB   13l +   6l  + 1x40mm   1386mm
 35.1Hz  72Hz  109Hz   95.4dB   11l +   6l  + 1x40mm   1235mm
 38.3Hz  77Hz  113Hz   96.9dB    9l +   6l  + 1x40mm   1101mm
 41.7Hz  81Hz  116Hz   98.4dB    8l +   6l  + 1x40mm    981mm
 45.3Hz  86Hz  120Hz   99.9dB    7l +   6l  + 1x40mm    874mm
 49.2Hz  91Hz  124Hz  101.3dB    6l +   6l  - 1x40mm    779mm
 53.4Hz  96Hz  128Hz  102.7dB    5l +   6l  - 1x40mm    694mm
 57.9Hz  87Hz  132Hz  104.1dB    7l +   6l  + 1x40mm    843mm
 62.7Hz  90Hz  137Hz  105.5dB    6l +   6l  - 1x40mm    789mm
 67.8Hz  98Hz  142Hz  106.9dB    5l +   6l  - 1x40mm    669mm
 63.0Hz 104Hz  148Hz  105.6dB    4l +   6l  - 1x40mm    596mm
 68.8Hz 110Hz  153Hz  107.1dB    4l +   6l  - 1x40mm    532mm
 26.8Hz  65Hz  158Hz   90.8dB   14l +   4l  + 1x40mm   2196mm
 29.5Hz  69Hz  161Hz   92.5dB   12l +   4l  + 1x40mm   1958mm
 32.5Hz  73Hz  164Hz   94.1dB   11l +   4l  + 1x40mm   1745mm
 35.8Hz  77Hz  167Hz   95.8dB    9l +   4l  + 1x40mm   1555mm
 39.3Hz  82Hz  170Hz   97.4dB    8l +   4l  + 1x40mm   1386mm
 43.2Hz  87Hz  174Hz   99.0dB    7l +   4l  + 1x40mm   1235mm
 47.3Hz  92Hz  178Hz  100.6dB    6l +   4l  + 1x40mm   1101mm
 51.8Hz  97Hz  183Hz  102.2dB    5l +   4l  + 1x40mm    981mm
 56.6Hz 103Hz  188Hz  103.7dB    5l +   4l  + 1x40mm    874mm
 61.8Hz 109Hz  193Hz  105.3dB    4l +   4l  - 1x40mm    779mm
 67.4Hz 116Hz  198Hz  106.8dB    4l +   4l  - 1x40mm    694mm
 73.4Hz 122Hz  204Hz  108.3dB    3l +   4l  - 1x40mm    619mm
 79.8Hz 130Hz  211Hz  109.7dB    3l +   4l  - 1x40mm    552mm
-------------
SB23NRXS45-8
            88.5dB            60W       1x70mm
   fu     fb      fo      SplMech  Vb1     Vb2       d         l        C
 17.2Hz  36Hz   74Hz   89.5dB  291l +  20l  * 1x40mm   1470mm
 18.9Hz  38Hz   76Hz   91.2dB  171l +  20l  * 1x40mm   1310mm
 20.7Hz  40Hz   78Hz   92.7dB  117l +  20l  * 1x40mm   1167mm
 22.6Hz  42Hz   80Hz   94.3dB   86l +  20l  * 1x40mm   1041mm
 24.7Hz  45Hz   82Hz   95.9dB   67l +  20l  * 1x40mm    927mm
 27.0Hz  48Hz   84Hz   97.4dB   53l +  20l  * 1x40mm    826mm
 29.4Hz  50Hz   87Hz   98.9dB   43l +  20l  * 1x40mm    737mm
 32.1Hz  53Hz   89Hz  100.4dB   36l +  20l  * 1x40mm    657mm
 34.9Hz  57Hz   92Hz  101.8dB   30l +  20l  * 1x40mm    585mm
 37.9Hz  60Hz   95Hz  103.3dB   25l +  20l  * 1x40mm    521mm
 41.1Hz  64Hz   98Hz  104.7dB   22l +  20l  - 1x50mm    726mm
 44.6Hz  67Hz  102Hz  106.1dB   19l +  20l  - 1x50mm    647mm
 48.3Hz  70Hz  105Hz  107.5dB   17l +  20l  - 1x50mm    606mm
 52.2Hz  76Hz  109Hz  108.8dB   14l +  20l  - 1x50mm    514mm
 56.4Hz  80Hz  114Hz  110.2dB   12l +  20l  - 1x50mm    458mm
 60.9Hz  85Hz  118Hz  111.5dB   11l +  20l  - 1x50mm    408mm
 65.6Hz  90Hz  123Hz  112.8dB    9l +  20l    1x70mm    713mm
 17.2Hz  42Hz   74Hz   89.5dB   94l +  15l  * 1x40mm   1470mm
 18.9Hz  44Hz   76Hz   91.2dB   72l +  15l  * 1x40mm   1310mm
 20.7Hz  47Hz   78Hz   92.7dB   57l +  15l  * 1x40mm   1167mm
 22.6Hz  50Hz   80Hz   94.3dB   46l +  15l  * 1x40mm   1041mm
 24.7Hz  52Hz   82Hz   95.9dB   38l +  15l  * 1x40mm    927mm
 27.0Hz  56Hz   84Hz   97.4dB   32l +  15l  * 1x40mm    826mm
 29.4Hz  59Hz   87Hz   98.9dB   27l +  15l  * 1x40mm    737mm
 32.1Hz  62Hz   89Hz  100.4dB   23l +  15l  * 1x40mm    657mm
 34.9Hz  66Hz   92Hz  101.8dB   19l +  15l  * 1x40mm    585mm
 37.9Hz  70Hz   95Hz  103.3dB   17l +  15l  * 1x40mm    521mm
 41.1Hz  74Hz   98Hz  104.7dB   15l +  15l  - 1x50mm    726mm
 44.6Hz  67Hz  102Hz  106.1dB   19l +  15l  * 1x40mm    564mm
 48.3Hz  70Hz  105Hz  107.5dB   17l +  15l  * 1x40mm    528mm
 52.2Hz  76Hz  109Hz  108.8dB   14l +  15l  - 1x50mm    700mm
 48.5Hz  80Hz  114Hz  107.5dB   12l +  15l  - 1x50mm    624mm
 52.9Hz  85Hz  118Hz  109.1dB   11l +  15l  - 1x50mm    556mm
 65.6Hz  90Hz  123Hz  112.8dB    9l +  15l  - 1x50mm    495mm
 20.6Hz  50Hz  121Hz   92.7dB   44l +  10l  * 1x40mm   1470mm
 22.7Hz  53Hz  124Hz   94.4dB   37l +  10l  * 1x40mm   1310mm
 25.0Hz  56Hz  126Hz   96.1dB   31l +  10l  * 1x40mm   1168mm
 27.6Hz  59Hz  128Hz   97.7dB   26l +  10l  * 1x40mm   1040mm
 30.3Hz  63Hz  131Hz   99.4dB   22l +  10l  * 1x40mm    927mm
 33.2Hz  67Hz  134Hz  101.0dB   19l +  10l  * 1x40mm    826mm
 36.4Hz  71Hz  137Hz  102.6dB   16l +  10l  * 1x40mm    737mm
 39.9Hz  75Hz  141Hz  104.1dB   14l +  10l  * 1x40mm    656mm
 43.6Hz  79Hz  144Hz  105.7dB   12l +  10l  * 1x40mm    585mm
 47.6Hz  84Hz  148Hz  107.2dB   11l +  10l  * 1x40mm    521mm
 51.9Hz  89Hz  153Hz  108.7dB    9l +  10l  - 1x50mm    726mm
 56.5Hz  94Hz  157Hz  110.2dB    8l +  10l  - 1x50mm    647mm
 61.4Hz 100Hz  162Hz  111.7dB    7l +  10l  - 1x50mm    577mm
 66.8Hz 106Hz  168Hz  113.1dB    6l +  10l  - 1x50mm    514mm
 72.4Hz 112Hz  173Hz  114.5dB    6l +  10l  - 1x50mm    458mm
 78.5Hz 119Hz  179Hz  115.9dB    5l +  10l  - 1x50mm    408mm
-------------
SB29NRX75
            88.0dB           200W      1x100mm
   fu     fb      fo      SplMech  Vb1     Vb2       d         l        C
 12.2Hz  25Hz   53Hz   91.6dB  218l +  28l  * 1x50mm   3289mm
 13.4Hz  27Hz   54Hz   93.2dB  158l +  28l  * 1x50mm   2932mm
 14.7Hz  29Hz   55Hz   94.8dB  120l +  28l  * 1x50mm   2613mm
 16.1Hz  30Hz   57Hz   96.4dB   95l +  28l  * 1x50mm   2329mm
 17.6Hz  32Hz   58Hz   97.9dB   77l +  28l  * 1x50mm   2075mm
 19.2Hz  34Hz   60Hz   99.4dB   63l +  28l  * 1x50mm   1850mm
 20.9Hz  36Hz   62Hz  100.9dB   53l +  28l  * 1x50mm   1649mm
 22.8Hz  38Hz   63Hz  102.4dB   45l +  28l  * 1x50mm   1469mm
 24.8Hz  40Hz   65Hz  103.9dB   38l +  28l  * 1x50mm   1309mm
 27.0Hz  43Hz   68Hz  105.3dB   33l +  28l  * 1x50mm   1167mm
 29.3Hz  45Hz   70Hz  106.7dB   28l +  28l  * 1x50mm   1040mm
 31.7Hz  48Hz   72Hz  108.1dB   24l +  28l  * 1x50mm    927mm
 34.3Hz  50Hz   75Hz  109.5dB   22l +  28l  * 1x50mm    868mm
 37.1Hz  54Hz   78Hz  110.9dB   18l +  28l  * 1x50mm    736mm
 40.1Hz  57Hz   81Hz  112.2dB   16l +  28l  * 1x50mm    656mm
 43.3Hz  60Hz   84Hz  113.6dB   14l +  28l  * 1x50mm    585mm
 46.7Hz  64Hz   87Hz  114.9dB   12l +  28l  * 1x50mm    521mm
 12.2Hz  30Hz   53Hz   91.6dB  102l +  20l  * 1x50mm   3289mm
 13.4Hz  31Hz   54Hz   93.2dB   82l +  20l  * 1x50mm   2931mm
 14.7Hz  33Hz   55Hz   94.8dB   67l +  20l  * 1x50mm   2612mm
 16.1Hz  35Hz   57Hz   96.4dB   56l +  20l  * 1x50mm   2329mm
 17.6Hz  37Hz   58Hz   97.9dB   47l +  20l  * 1x50mm   2076mm
 19.2Hz  40Hz   60Hz   99.4dB   40l +  20l  * 1x50mm   1850mm
 20.9Hz  42Hz   62Hz  100.9dB   34l +  20l  * 1x50mm   1649mm
 22.8Hz  44Hz   63Hz  102.4dB   29l +  20l  * 1x50mm   1469mm
 24.8Hz  47Hz   65Hz  103.9dB   25l +  20l  * 1x50mm   1310mm
 27.0Hz  50Hz   68Hz  105.3dB   22l +  20l  * 1x50mm   1167mm
 29.3Hz  53Hz   70Hz  106.7dB   19l +  20l  * 1x50mm   1040mm
 31.7Hz  48Hz   72Hz  108.1dB   24l +  20l  * 1x50mm   1262mm
 34.3Hz  50Hz   75Hz  109.5dB   22l +  20l  * 1x50mm   1182mm
 37.1Hz  54Hz   78Hz  110.9dB   18l +  20l  * 1x50mm   1002mm
 34.5Hz  57Hz   81Hz  109.6dB   16l +  20l  * 1x50mm    893mm
 37.7Hz  60Hz   84Hz  111.1dB   14l +  20l  * 1x50mm    796mm
 46.7Hz  64Hz   87Hz  114.9dB   12l +  20l  * 1x50mm    710mm
 14.7Hz  36Hz   86Hz   94.8dB   54l +  14l  * 1x50mm   3289mm
 16.2Hz  38Hz   88Hz   96.5dB   46l +  14l  * 1x50mm   2932mm
 17.8Hz  40Hz   90Hz   98.1dB   39l +  14l  * 1x50mm   2613mm
 19.6Hz  42Hz   91Hz   99.8dB   33l +  14l  * 1x50mm   2329mm
 21.5Hz  45Hz   93Hz  101.4dB   29l +  14l  * 1x50mm   2076mm
 23.6Hz  47Hz   95Hz  103.0dB   25l +  14l  * 1x50mm   1850mm
 25.9Hz  50Hz   98Hz  104.6dB   22l +  14l  * 1x50mm   1648mm
 28.4Hz  53Hz  100Hz  106.2dB   19l +  14l  * 1x50mm   1469mm
 31.0Hz  56Hz  103Hz  107.8dB   16l +  14l  * 1x50mm   1310mm
 33.8Hz  60Hz  106Hz  109.3dB   14l +  14l  * 1x50mm   1167mm
 36.9Hz  63Hz  109Hz  110.8dB   13l +  14l  * 1x50mm   1040mm
 40.2Hz  67Hz  112Hz  112.3dB   11l +  14l  * 1x50mm    927mm
 43.7Hz  71Hz  115Hz  113.7dB   10l +  14l  * 1x50mm    826mm
 47.5Hz  75Hz  119Hz  115.2dB    9l +  14l  * 1x50mm    736mm
 51.5Hz  80Hz  123Hz  116.6dB    8l +  14l  * 1x50mm    656mm
 55.9Hz  84Hz  128Hz  118.0dB    7l +  14l  * 1x50mm    585mm
 60.5Hz  89Hz  132Hz  119.4dB    6l +  14l  * 1x50mm    521mm
-------------
SB34NRX75-6
            90.0dB           200W      2x100mm
   fu     fb      fo      SplMech  Vb1     Vb2       d         l        C
  9.9Hz  21Hz   43Hz   92.2dB 1401l +  87l  * 1x70mm   3090mm
 10.9Hz  22Hz   44Hz   93.9dB  787l +  87l  * 1x70mm   2754mm
 12.0Hz  23Hz   45Hz   95.4dB  528l +  87l  * 1x70mm   2454mm
 13.1Hz  25Hz   46Hz   97.0dB  386l +  87l  * 1x70mm   2188mm
 14.3Hz  26Hz   47Hz   98.6dB  296l +  87l  * 1x70mm   1949mm
 15.6Hz  28Hz   49Hz  100.1dB  235l +  87l  * 1x70mm   1737mm
 17.0Hz  29Hz   50Hz  101.6dB  190l +  87l  * 1x70mm   1549mm
 18.6Hz  31Hz   52Hz  103.1dB  157l +  87l  * 1x70mm   1380mm
 20.2Hz  33Hz   53Hz  104.5dB  131l +  87l  * 1x70mm   1230mm
 21.9Hz  35Hz   55Hz  106.0dB  111l +  87l  * 1x70mm   1096mm
 23.8Hz  37Hz   57Hz  107.4dB   95l +  87l  * 1x70mm    977mm
 25.8Hz  39Hz   59Hz  108.8dB   81l +  87l  * 1x70mm    871mm
 27.9Hz  40Hz   61Hz  110.2dB   74l +  87l  * 1x70mm    816mm
 30.2Hz  44Hz   63Hz  111.5dB   61l +  87l  * 1x70mm    692mm
 32.6Hz  46Hz   66Hz  112.9dB   53l +  87l  * 1x70mm    616mm
 35.2Hz  49Hz   68Hz  114.2dB   46l +  87l  * 1x70mm    549mm
 38.0Hz  52Hz   71Hz  115.5dB   40l +  87l  * 1x70mm    490mm
  9.9Hz  24Hz   43Hz   92.2dB  424l +  64l  * 1x70mm   3090mm
 10.9Hz  26Hz   44Hz   93.9dB  321l +  64l  * 1x70mm   2753mm
 12.0Hz  27Hz   45Hz   95.4dB  252l +  64l  * 1x70mm   2454mm
 13.1Hz  29Hz   46Hz   97.0dB  203l +  64l  * 1x70mm   2187mm
 14.3Hz  30Hz   47Hz   98.6dB  167l +  64l  * 1x70mm   1950mm
 15.6Hz  32Hz   49Hz  100.1dB  139l +  64l  * 1x70mm   1737mm
 17.0Hz  34Hz   50Hz  101.6dB  117l +  64l  * 1x70mm   1549mm
 18.6Hz  36Hz   52Hz  103.1dB  100l +  64l  * 1x70mm   1380mm
 20.2Hz  38Hz   53Hz  104.5dB   85l +  64l  * 1x70mm   1230mm
 21.9Hz  41Hz   55Hz  106.0dB   73l +  64l  * 1x70mm   1096mm
 23.8Hz  43Hz   57Hz  107.4dB   63l +  64l  * 1x70mm    977mm
 25.8Hz  39Hz   59Hz  108.8dB   81l +  64l  * 1x70mm   1185mm
 27.9Hz  40Hz   61Hz  110.2dB   74l +  64l  * 1x70mm   1110mm
 30.2Hz  44Hz   63Hz  111.5dB   61l +  64l  * 1x70mm    942mm
 28.1Hz  46Hz   66Hz  110.2dB   53l +  64l  * 1x70mm    839mm
 30.6Hz  49Hz   68Hz  111.8dB   46l +  64l  * 1x70mm    748mm
 38.0Hz  52Hz   71Hz  115.5dB   40l +  64l  * 1x70mm    666mm
 11.9Hz  29Hz   70Hz   95.4dB  196l +  45l  * 1x70mm   3089mm
 13.2Hz  31Hz   72Hz   97.1dB  162l +  45l  * 1x70mm   2754mm
 14.5Hz  32Hz   73Hz   98.8dB  135l +  45l  * 1x70mm   2455mm
 15.9Hz  34Hz   74Hz  100.4dB  114l +  45l  * 1x70mm   2187mm
 17.5Hz  36Hz   76Hz  102.1dB   97l +  45l  * 1x70mm   1950mm
 19.2Hz  39Hz   78Hz  103.7dB   83l +  45l  * 1x70mm   1737mm
 21.1Hz  41Hz   79Hz  105.3dB   71l +  45l  * 1x70mm   1548mm
 23.1Hz  43Hz   81Hz  106.8dB   62l +  45l  * 1x70mm   1380mm
 25.2Hz  46Hz   84Hz  108.4dB   54l +  45l  * 1x70mm   1230mm
 27.5Hz  49Hz   86Hz  109.9dB   47l +  45l  * 1x70mm   1096mm
 30.0Hz  52Hz   88Hz  111.4dB   41l +  45l  * 1x70mm    977mm
 32.7Hz  55Hz   91Hz  112.9dB   36l +  45l  * 1x70mm    871mm
 35.6Hz  58Hz   94Hz  114.4dB   32l +  45l  * 1x70mm    776mm
 38.6Hz  61Hz   97Hz  115.8dB   28l +  45l  * 1x70mm    692mm
 41.9Hz  65Hz  100Hz  117.2dB   24l +  45l  * 1x70mm    617mm
 45.4Hz  69Hz  104Hz  118.6dB   22l +  45l  * 1x70mm    549mm
 49.2Hz  73Hz  108Hz  120.0dB   19l +  45l  * 1x70mm    490mm
-------------
mw13p-8
            87.0dB            40W       1x40mm
   fu     fb      fo      SplMech  Vb1     Vb2       d         l        C
 28.9Hz  60Hz  125Hz   86.7dB   14l +   3l    1x40mm   3665mm
 31.7Hz  64Hz  128Hz   88.3dB   11l +   3l    1x40mm   3267mm
 34.8Hz  67Hz  131Hz   89.9dB    9l +   3l    1x40mm   2911mm
 38.0Hz  71Hz  134Hz   91.5dB    8l +   3l    1x40mm   2595mm
 41.6Hz  76Hz  138Hz   93.0dB    6l +   3l    1x40mm   2313mm
 45.4Hz  80Hz  142Hz   94.6dB    5l +   3l    1x40mm   2061mm
 49.5Hz  85Hz  146Hz   96.1dB    5l +   3l    1x40mm   1837mm
 53.9Hz  90Hz  150Hz   97.5dB    4l +   3l    1x40mm   1638mm
 58.7Hz  95Hz  155Hz   99.0dB    4l +   3l    1x40mm   1459mm
 63.7Hz 101Hz  160Hz  100.4dB    3l +   3l    1x40mm   1301mm
 69.1Hz 107Hz  165Hz  101.9dB    3l +   3l    1x40mm   1159mm
 75.0Hz 113Hz  171Hz  103.3dB    2l +   3l    1x40mm   1033mm
 81.2Hz 117Hz  177Hz  104.6dB    2l +   3l    1x40mm    968mm
 28.9Hz  70Hz  125Hz   86.7dB    8l +   2l    1x40mm   3666mm
 31.7Hz  74Hz  128Hz   88.3dB    7l +   2l    1x40mm   3266mm
 34.8Hz  79Hz  131Hz   89.9dB    6l +   2l    1x40mm   2911mm
 38.0Hz  83Hz  134Hz   91.5dB    5l +   2l    1x40mm   2595mm
 41.6Hz  88Hz  138Hz   93.0dB    4l +   2l    1x40mm   2313mm
 45.4Hz  94Hz  142Hz   94.6dB    4l +   2l    1x40mm   2061mm
 49.5Hz  99Hz  146Hz   96.1dB    3l +   2l    1x40mm   1837mm
 53.9Hz 105Hz  150Hz   97.5dB    3l +   2l    1x40mm   1637mm
 58.7Hz 111Hz  155Hz   99.0dB    2l +   2l    1x40mm   1459mm
 63.7Hz 118Hz  160Hz  100.4dB    2l +   2l    1x40mm   1301mm
 69.1Hz 125Hz  165Hz  101.9dB    2l +   2l    1x40mm   1159mm
 75.0Hz 113Hz  171Hz  103.3dB    2l +   2l    1x40mm   1406mm
 81.2Hz 117Hz  177Hz  104.6dB    2l +   2l    1x40mm   1317mm
 81.5Hz 135Hz  191Hz  104.7dB    2l +   2l    1x40mm    995mm
 34.7Hz  84Hz  204Hz   89.9dB    5l +   1l    1x40mm   3665mm
 38.2Hz  89Hz  208Hz   91.6dB    4l +   1l    1x40mm   3267mm
 42.1Hz  94Hz  212Hz   93.2dB    4l +   1l    1x40mm   2912mm
 46.3Hz 100Hz  216Hz   94.9dB    3l +   1l    1x40mm   2595mm
 50.9Hz 106Hz  220Hz   96.5dB    3l +   1l    1x40mm   2313mm
 55.9Hz 112Hz  225Hz   98.2dB    2l +   1l    1x40mm   2061mm
 61.2Hz 119Hz  231Hz   99.7dB    2l +   1l    1x40mm   1837mm
 67.0Hz 126Hz  237Hz  101.3dB    2l +   1l    1x40mm   1637mm
 73.3Hz 133Hz  243Hz  102.9dB    2l +   1l    1x40mm   1459mm
 80.0Hz 141Hz  250Hz  104.4dB    1l +   1l    1x40mm   1300mm
-------------
mw16p-8
            87.5dB            60W       1x50mm
   fu     fb      fo      SplMech  Vb1     Vb2       d         l        C
 18.8Hz  39Hz   81Hz   85.4dB   59l +  11l  + 1x40mm   2346mm
 20.6Hz  41Hz   83Hz   87.0dB   46l +  11l  + 1x40mm   2091mm
 22.6Hz  44Hz   85Hz   88.6dB   37l +  11l  + 1x40mm   1863mm
 24.7Hz  46Hz   87Hz   90.2dB   31l +  11l  + 1x40mm   1661mm
 27.0Hz  49Hz   90Hz   91.7dB   26l +  11l  + 1x40mm   1480mm
 29.5Hz  52Hz   92Hz   93.3dB   22l +  11l  + 1x40mm   1319mm
 32.2Hz  55Hz   95Hz   94.8dB   18l +  11l  + 1x40mm   1176mm
 35.1Hz  58Hz   98Hz   96.2dB   16l +  11l  + 1x40mm   1048mm
 38.1Hz  62Hz  101Hz   97.7dB   13l +  11l  + 1x40mm    934mm
 41.4Hz  66Hz  104Hz   99.1dB   12l +  11l  + 1x40mm    832mm
 45.0Hz  69Hz  107Hz  100.6dB   10l +  11l  - 1x40mm    742mm
 48.7Hz  74Hz  111Hz  102.0dB    9l +  11l  - 1x40mm    661mm
 52.8Hz  76Hz  115Hz  103.3dB    8l +  11l  - 1x40mm    619mm
 57.1Hz  83Hz  120Hz  104.7dB    7l +  11l  - 1x40mm    525mm
 61.7Hz  87Hz  124Hz  106.1dB    6l +  11l    1x50mm    731mm
 66.6Hz  93Hz  129Hz  107.4dB    5l +  11l    1x50mm    652mm
 71.8Hz  98Hz  134Hz  108.7dB    5l +  11l    1x50mm    581mm
 18.8Hz  46Hz   81Hz   85.4dB   33l +   8l  + 1x40mm   2346mm
 20.6Hz  48Hz   83Hz   87.0dB   27l +   8l  + 1x40mm   2090mm
 22.6Hz  51Hz   85Hz   88.6dB   23l +   8l  + 1x40mm   1863mm
 24.7Hz  54Hz   87Hz   90.2dB   19l +   8l  + 1x40mm   1661mm
 27.0Hz  57Hz   90Hz   91.7dB   16l +   8l  + 1x40mm   1480mm
 29.5Hz  61Hz   92Hz   93.3dB   14l +   8l  + 1x40mm   1319mm
 32.2Hz  64Hz   95Hz   94.8dB   12l +   8l  + 1x40mm   1176mm
 35.1Hz  68Hz   98Hz   96.2dB   11l +   8l  + 1x40mm   1048mm
 38.1Hz  72Hz  101Hz   97.7dB    9l +   8l  + 1x40mm    934mm
 41.4Hz  77Hz  104Hz   99.1dB    8l +   8l  + 1x40mm    832mm
 45.0Hz  81Hz  107Hz  100.6dB    7l +   8l  - 1x40mm    742mm
 48.7Hz  74Hz  111Hz  102.0dB    9l +   8l  + 1x40mm    900mm
 52.8Hz  76Hz  115Hz  103.3dB    8l +   8l  + 1x40mm    843mm
 57.1Hz  83Hz  120Hz  104.7dB    7l +   8l  - 1x40mm    715mm
 53.0Hz  87Hz  124Hz  103.4dB    6l +   8l  - 1x40mm    637mm
 57.9Hz  93Hz  129Hz  105.0dB    5l +   8l  - 1x40mm    568mm
 71.8Hz  98Hz  134Hz  108.7dB    5l +   8l    1x50mm    791mm
 22.5Hz  55Hz  133Hz   88.6dB   19l +   5l  + 1x40mm   2346mm
 24.9Hz  58Hz  135Hz   90.3dB   16l +   5l  + 1x40mm   2091mm
 27.4Hz  61Hz  138Hz   92.0dB   14l +   5l  + 1x40mm   1864mm
 30.1Hz  65Hz  140Hz   93.6dB   12l +   5l  + 1x40mm   1661mm
 33.1Hz  69Hz  143Hz   95.3dB   10l +   5l  + 1x40mm   1480mm
 36.3Hz  73Hz  147Hz   96.9dB    9l +   5l  + 1x40mm   1319mm
 39.8Hz  77Hz  150Hz   98.5dB    8l +   5l  + 1x40mm   1176mm
 43.6Hz  82Hz  154Hz  100.0dB    7l +   5l  + 1x40mm   1048mm
 47.6Hz  87Hz  158Hz  101.6dB    6l +   5l  + 1x40mm    934mm
 52.0Hz  92Hz  162Hz  103.1dB    5l +   5l  + 1x40mm    832mm
 56.7Hz  97Hz  167Hz  104.6dB    5l +   5l  - 1x40mm    742mm
 61.8Hz 103Hz  172Hz  106.1dB    4l +   5l  - 1x40mm    661mm
 67.2Hz 109Hz  177Hz  107.5dB    4l +   5l  - 1x40mm    589mm
 73.0Hz 116Hz  183Hz  109.0dB    3l +   5l  - 1x40mm    525mm
 79.2Hz 122Hz  189Hz  110.4dB    3l +   5l    1x50mm    731mm
-------------
SB42FHCL75-6
            93.0dB           300W      2x100mm
   fu     fb      fo      SplMech  Vb1     Vb2       d         l        C
 12.5Hz  26Hz   54Hz  101.0dB  467l +  92l  * 1x70mm   1854mm
 13.7Hz  27Hz   55Hz  102.6dB  375l +  92l  * 1x70mm   1652mm
 15.0Hz  29Hz   57Hz  104.2dB  307l +  92l  * 1x70mm   1473mm
 16.4Hz  31Hz   58Hz  105.8dB  255l +  92l  * 1x70mm   1313mm
 18.0Hz  33Hz   59Hz  107.4dB  214l +  92l  * 1x70mm   1170mm
 19.6Hz  35Hz   61Hz  108.9dB  182l +  92l  * 1x70mm   1043mm
 21.4Hz  37Hz   63Hz  110.4dB  156l +  92l  * 1x70mm    929mm
 23.3Hz  39Hz   65Hz  111.9dB  134l +  92l  * 1x70mm    828mm
 25.3Hz  41Hz   67Hz  113.3dB  116l +  92l  * 1x70mm    738mm
 27.5Hz  44Hz   69Hz  114.8dB  100l +  92l  * 1x70mm    658mm
 29.9Hz  46Hz   71Hz  116.2dB   87l +  92l  * 1x70mm    586mm
 32.4Hz  49Hz   74Hz  117.6dB   76l +  92l  * 1x70mm    523mm
 35.0Hz  51Hz   77Hz  119.0dB   71l +  92l  * 1x70mm    489mm
 37.9Hz  55Hz   79Hz  120.3dB   59l +  92l  * 1x70mm    415mm
 41.0Hz  58Hz   82Hz  121.7dB   51l +  92l  - 1x100mm   755mm
 44.2Hz  62Hz   86Hz  123.0dB   45l +  92l  - 1x100mm   673mm
 47.7Hz  65Hz   89Hz  124.3dB   40l +  92l  - 1x100mm   600mm
 12.5Hz  30Hz   54Hz  101.0dB  270l +  68l  * 1x70mm   1854mm
 13.7Hz  32Hz   55Hz  102.6dB  227l +  68l  * 1x70mm   1652mm
 15.0Hz  34Hz   57Hz  104.2dB  192l +  68l  * 1x70mm   1473mm
 16.4Hz  36Hz   58Hz  105.8dB  164l +  68l  * 1x70mm   1313mm
 18.0Hz  38Hz   59Hz  107.4dB  140l +  68l  * 1x70mm   1170mm
 19.6Hz  40Hz   61Hz  108.9dB  121l +  68l  * 1x70mm   1043mm
 21.4Hz  43Hz   63Hz  110.4dB  105l +  68l  * 1x70mm    929mm
 23.3Hz  45Hz   65Hz  111.9dB   91l +  68l  * 1x70mm    828mm
 25.3Hz  48Hz   67Hz  113.3dB   80l +  68l  * 1x70mm    738mm
 27.5Hz  51Hz   69Hz  114.8dB   70l +  68l  * 1x70mm    658mm
 29.9Hz  54Hz   71Hz  116.2dB   61l +  68l  * 1x70mm    586mm
 32.4Hz  49Hz   74Hz  117.6dB   76l +  68l  * 1x70mm    711mm
 35.0Hz  51Hz   77Hz  119.0dB   71l +  68l  * 1x70mm    666mm
 37.9Hz  55Hz   79Hz  120.3dB   59l +  68l  * 1x70mm    565mm
 35.2Hz  58Hz   82Hz  119.0dB   51l +  68l  * 1x70mm    503mm
 38.4Hz  62Hz   86Hz  120.6dB   45l +  68l  * 1x70mm    449mm
 47.7Hz  65Hz   89Hz  124.3dB   40l +  68l  * 1x70mm    400mm
 15.0Hz  36Hz   88Hz  104.2dB  159l +  47l  * 1x70mm   1854mm
 16.5Hz  38Hz   90Hz  105.9dB  137l +  47l  * 1x70mm   1653mm
 18.2Hz  41Hz   91Hz  107.6dB  118l +  47l  * 1x70mm   1473mm
 20.0Hz  43Hz   93Hz  109.2dB  102l +  47l  * 1x70mm   1313mm
 22.0Hz  46Hz   95Hz  110.9dB   89l +  47l  * 1x70mm   1170mm
 24.1Hz  48Hz   97Hz  112.5dB   78l +  47l  * 1x70mm   1043mm
 26.4Hz  51Hz  100Hz  114.1dB   68l +  47l  * 1x70mm    929mm
 28.9Hz  54Hz  102Hz  115.6dB   60l +  47l  * 1x70mm    828mm
 31.6Hz  58Hz  105Hz  117.2dB   53l +  47l  * 1x70mm    738mm
 34.5Hz  61Hz  108Hz  118.7dB   46l +  47l  * 1x70mm    658mm
 37.7Hz  65Hz  111Hz  120.2dB   41l +  47l  * 1x70mm    586mm
 41.0Hz  68Hz  114Hz  121.7dB   36l +  47l  * 1x70mm    523mm
 44.6Hz  73Hz  118Hz  123.2dB   32l +  47l  * 1x70mm    466mm
 48.5Hz  77Hz  122Hz  124.6dB   28l +  47l  * 1x70mm    415mm
 52.6Hz  81Hz  126Hz  126.0dB   25l +  47l  - 1x100mm   755mm
 57.0Hz  86Hz  130Hz  127.4dB   22l +  47l  - 1x100mm   673mm
 61.7Hz  91Hz  135Hz  128.8dB   20l +  47l  - 1x100mm   600mm
-------------
SB23MFCL45-8
            85.0dB           150W       1x70mm
   fu     fb      fo      SplMech  Vb1     Vb2       d         l        C
 13.9Hz  29Hz   60Hz   89.9dB 1687l +  14l  * 1x40mm   3151mm
 15.2Hz  31Hz   61Hz   91.5dB  252l +  14l  * 1x40mm   2808mm
 16.7Hz  32Hz   63Hz   93.1dB  129l +  14l  * 1x40mm   2503mm
 18.2Hz  34Hz   64Hz   94.7dB   83l +  14l  * 1x40mm   2231mm
 19.9Hz  36Hz   66Hz   96.2dB   60l +  14l  * 1x40mm   1988mm
 21.8Hz  38Hz   68Hz   97.8dB   45l +  14l  * 1x40mm   1772mm
 23.7Hz  41Hz   70Hz   99.3dB   36l +  14l  * 1x40mm   1579mm
 25.8Hz  43Hz   72Hz  100.7dB   29l +  14l  * 1x40mm   1408mm
 28.1Hz  46Hz   74Hz  102.2dB   24l +  14l  * 1x40mm   1254mm
 30.5Hz  48Hz   77Hz  103.6dB   20l +  14l  * 1x40mm   1118mm
 33.1Hz  51Hz   79Hz  105.1dB   17l +  14l  * 1x40mm    997mm
 35.9Hz  54Hz   82Hz  106.5dB   14l +  14l  * 1x40mm    888mm
 38.9Hz  56Hz   85Hz  107.8dB   13l +  14l  * 1x40mm    832mm
 42.1Hz  61Hz   88Hz  109.2dB   10l +  14l  * 1x40mm    705mm
 45.5Hz  64Hz   92Hz  110.6dB    9l +  14l  * 1x40mm    629mm
 49.1Hz  68Hz   95Hz  111.9dB    8l +  14l  * 1x40mm    560mm
 52.9Hz  72Hz   99Hz  113.2dB    7l +  14l  - 1x50mm    780mm
 13.9Hz  34Hz   60Hz   89.9dB   95l +  11l  * 1x40mm   3151mm
 15.2Hz  36Hz   61Hz   91.5dB   66l +  11l  * 1x40mm   2808mm
 16.7Hz  38Hz   63Hz   93.1dB   49l +  11l  * 1x40mm   2503mm
 18.2Hz  40Hz   64Hz   94.7dB   38l +  11l  * 1x40mm   2231mm
 19.9Hz  42Hz   66Hz   96.2dB   31l +  11l  * 1x40mm   1988mm
 21.8Hz  45Hz   68Hz   97.8dB   25l +  11l  * 1x40mm   1772mm
 23.7Hz  47Hz   70Hz   99.3dB   21l +  11l  * 1x40mm   1579mm
 25.8Hz  50Hz   72Hz  100.7dB   18l +  11l  * 1x40mm   1408mm
 28.1Hz  53Hz   74Hz  102.2dB   15l +  11l  * 1x40mm   1255mm
 30.5Hz  56Hz   77Hz  103.6dB   13l +  11l  * 1x40mm   1118mm
 33.1Hz  60Hz   79Hz  105.1dB   11l +  11l  * 1x40mm    996mm
 35.9Hz  54Hz   82Hz  106.5dB   14l +  11l  * 1x40mm   1209mm
 38.9Hz  56Hz   85Hz  107.8dB   13l +  11l  * 1x40mm   1132mm
 42.1Hz  61Hz   88Hz  109.2dB   10l +  11l  * 1x40mm    960mm
 39.1Hz  64Hz   92Hz  107.9dB    9l +  11l  * 1x40mm    856mm
 42.7Hz  68Hz   95Hz  109.5dB    8l +  11l  * 1x40mm    763mm
 52.9Hz  72Hz   99Hz  113.2dB    7l +  11l  * 1x40mm    680mm
 16.6Hz  40Hz   98Hz   93.1dB   37l +   7l  * 1x40mm   3151mm
 18.3Hz  43Hz  100Hz   94.8dB   30l +   7l  * 1x40mm   2809mm
 20.2Hz  45Hz  101Hz   96.5dB   24l +   7l  * 1x40mm   2503mm
 22.2Hz  48Hz  103Hz   98.1dB   20l +   7l  * 1x40mm   2231mm
 24.4Hz  51Hz  106Hz   99.7dB   17l +   7l  * 1x40mm   1988mm
 26.8Hz  54Hz  108Hz  101.4dB   14l +   7l  * 1x40mm   1772mm
 29.3Hz  57Hz  111Hz  103.0dB   12l +   7l  * 1x40mm   1579mm
 32.1Hz  60Hz  113Hz  104.5dB   11l +   7l  * 1x40mm   1407mm
 35.1Hz  64Hz  116Hz  106.1dB    9l +   7l  * 1x40mm   1254mm
 38.3Hz  68Hz  120Hz  107.6dB    8l +   7l  * 1x40mm   1118mm
 41.8Hz  72Hz  123Hz  109.1dB    7l +   7l  * 1x40mm    996mm
 45.5Hz  76Hz  127Hz  110.6dB    6l +   7l  * 1x40mm    888mm
 49.5Hz  80Hz  131Hz  112.0dB    5l +   7l  * 1x40mm    792mm
 53.8Hz  85Hz  135Hz  113.5dB    5l +   7l  * 1x40mm    705mm
 58.4Hz  90Hz  140Hz  114.9dB    4l +   7l  * 1x40mm    629mm
 63.3Hz  96Hz  145Hz  116.3dB    4l +   7l  * 1x40mm    560mm
 68.5Hz 101Hz  150Hz  117.7dB    3l +   7l  - 1x50mm    780mm
-------------
SB23MFCL45-4
            87.5dB           150W       1x70mm
   fu     fb      fo      SplMech  Vb1     Vb2       d         l        C
 16.1Hz  33Hz   70Hz   93.7dB   69l +  10l  * 1x40mm   3511mm
 17.6Hz  35Hz   71Hz   95.3dB   51l +  10l  * 1x40mm   3129mm
 19.3Hz  38Hz   73Hz   96.9dB   40l +  10l  * 1x40mm   2788mm
 21.2Hz  40Hz   75Hz   98.4dB   32l +  10l  * 1x40mm   2486mm
 23.1Hz  42Hz   77Hz  100.0dB   26l +  10l  * 1x40mm   2215mm
 25.3Hz  45Hz   79Hz  101.5dB   21l +  10l  * 1x40mm   1974mm
 27.6Hz  47Hz   81Hz  103.0dB   18l +  10l  * 1x40mm   1760mm
 30.0Hz  50Hz   83Hz  104.5dB   15l +  10l  * 1x40mm   1568mm
 32.6Hz  53Hz   86Hz  106.0dB   13l +  10l  * 1x40mm   1398mm
 35.5Hz  56Hz   89Hz  107.4dB   11l +  10l  * 1x40mm   1246mm
 38.5Hz  59Hz   92Hz  108.8dB   10l +  10l  * 1x40mm   1110mm
 41.7Hz  63Hz   95Hz  110.2dB    8l +  10l  * 1x40mm    990mm
 45.2Hz  65Hz   99Hz  111.6dB    8l +  10l  * 1x40mm    927mm
 48.8Hz  71Hz  102Hz  113.0dB    6l +  10l  * 1x40mm    786mm
 52.8Hz  75Hz  106Hz  114.3dB    6l +  10l  * 1x40mm    700mm
 57.0Hz  79Hz  110Hz  115.6dB    5l +  10l  * 1x40mm    624mm
 61.4Hz  84Hz  115Hz  116.9dB    4l +  10l  * 1x40mm    556mm
 16.1Hz  39Hz   70Hz   93.7dB   34l +   7l  * 1x40mm   3511mm
 17.6Hz  41Hz   71Hz   95.3dB   28l +   7l  * 1x40mm   3128mm
 19.3Hz  44Hz   73Hz   96.9dB   23l +   7l  * 1x40mm   2788mm
 21.2Hz  46Hz   75Hz   98.4dB   19l +   7l  * 1x40mm   2486mm
 23.1Hz  49Hz   77Hz  100.0dB   16l +   7l  * 1x40mm   2215mm
 25.3Hz  52Hz   79Hz  101.5dB   14l +   7l  * 1x40mm   1974mm
 27.6Hz  55Hz   81Hz  103.0dB   12l +   7l  * 1x40mm   1760mm
 30.0Hz  58Hz   83Hz  104.5dB   10l +   7l  * 1x40mm   1568mm
 32.6Hz  62Hz   86Hz  106.0dB    9l +   7l  * 1x40mm   1398mm
 35.5Hz  66Hz   89Hz  107.4dB    8l +   7l  * 1x40mm   1246mm
 38.5Hz  69Hz   92Hz  108.8dB    7l +   7l  * 1x40mm   1110mm
 41.7Hz  63Hz   95Hz  110.2dB    8l +   7l  * 1x40mm   1347mm
 45.2Hz  65Hz   99Hz  111.6dB    8l +   7l  * 1x40mm   1261mm
 48.8Hz  71Hz  102Hz  113.0dB    6l +   7l  * 1x40mm   1070mm
 45.4Hz  75Hz  106Hz  111.7dB    6l +   7l  * 1x40mm    953mm
 49.5Hz  79Hz  110Hz  113.2dB    5l +   7l  * 1x40mm    850mm
 61.4Hz  84Hz  115Hz  116.9dB    4l +   7l  * 1x40mm    757mm
 19.3Hz  47Hz  114Hz   96.8dB   18l +   5l  * 1x40mm   3510mm
 21.3Hz  50Hz  116Hz   98.5dB   16l +   5l  * 1x40mm   3129mm
 23.4Hz  53Hz  118Hz  100.2dB   13l +   5l  * 1x40mm   2789mm
 25.8Hz  56Hz  120Hz  101.9dB   11l +   5l  * 1x40mm   2485mm
 28.3Hz  59Hz  123Hz  103.5dB   10l +   5l  * 1x40mm   2215mm
 31.1Hz  62Hz  125Hz  105.1dB    9l +   5l  * 1x40mm   1974mm
 34.1Hz  66Hz  128Hz  106.7dB    7l +   5l  * 1x40mm   1759mm
 37.3Hz  70Hz  132Hz  108.3dB    6l +   5l  * 1x40mm   1568mm
 40.8Hz  74Hz  135Hz  109.8dB    6l +   5l  * 1x40mm   1398mm
 44.5Hz  79Hz  139Hz  111.4dB    5l +   5l  * 1x40mm   1246mm
 48.5Hz  83Hz  143Hz  112.9dB    4l +   5l  * 1x40mm   1110mm
 52.9Hz  88Hz  147Hz  114.3dB    4l +   5l  * 1x40mm    989mm
 57.5Hz  93Hz  152Hz  115.8dB    3l +   5l  * 1x40mm    882mm
 62.5Hz  99Hz  157Hz  117.2dB    3l +   5l  * 1x40mm    786mm
 67.8Hz 105Hz  162Hz  118.7dB    3l +   5l  * 1x40mm    701mm
 73.5Hz 111Hz  168Hz  120.1dB    2l +   5l  * 1x40mm    624mm
 79.6Hz 118Hz  174Hz  121.4dB    2l +   5l  * 1x40mm    556mm
