-------------
SB15NRXC30-8                           88.0dB   50W                      1x50mm
Rpre   Spl
      Vb      fb         SplMech Pmech  SplEle     f3       dv       lv

0.20  86.8dB --------------------------------------------------------------
     9.6l @  48.6Hz  =>  103.5dB   66W 102.3dB @  55.9Hz   1x50mm    387 mm 
    10.7l @  46.9Hz  =>  102.5dB   53W 102.3dB @  52.8Hz   1x50mm    341 mm 
    12.0l @  45.2Hz  =>  101.6dB   42W 102.3dB @  49.9Hz   1x50mm    301 mm 
*   13.4l @  43.6Hz  =>  100.6dB   34W 102.3dB @  47.1Hz   1x50mm    265 mm 
    15.1l @  42.1Hz  =>   99.6dB   27W 102.3dB @  44.6Hz   1x50mm    233 mm 
    16.9l @  40.6Hz  =>   98.6dB   21W 102.3dB @  42.1Hz   1x50mm    204 mm 
    18.9l @  39.1Hz  =>   97.6dB   17W 102.3dB @  39.8Hz   1x50mm    178 mm 
0.60  86.5dB --------------------------------------------------------------
    11.4l @  46.0Hz  =>  102.0dB   50W 102.0dB @  51.2Hz   1x50mm    319 mm 
    12.8l @  44.4Hz  =>  101.0dB   40W 102.0dB @  48.4Hz   1x50mm    281 mm 
    14.3l @  42.8Hz  =>  100.0dB   32W 102.0dB @  45.7Hz   1x50mm    247 mm 
*   16.0l @  41.3Hz  =>   99.1dB   25W 102.0dB @  43.2Hz   1x50mm    217 mm 
    17.9l @  39.8Hz  =>   98.1dB   20W 102.0dB @  40.8Hz   1x50mm    189 mm 
    20.1l @  38.4Hz  =>   97.1dB   16W 102.0dB @  38.6Hz   1x50mm    165 mm 
    22.5l @  37.0Hz  =>   96.1dB   13W 102.0dB @  36.5Hz   1x50mm    144 mm 
1.00  86.3dB --------------------------------------------------------------
    13.4l @  43.7Hz  =>  100.6dB   38W 101.8dB @  47.2Hz   1x50mm    265 mm 
    15.0l @  42.1Hz  =>   99.6dB   30W 101.8dB @  44.6Hz   1x50mm    233 mm 
    16.8l @  40.6Hz  =>   98.6dB   24W 101.8dB @  42.1Hz   1x50mm    204 mm 
*   18.8l @  39.2Hz  =>   97.6dB   19W 101.8dB @  39.8Hz   1x50mm    178 mm 
    21.1l @  37.8Hz  =>   96.7dB   15W 101.8dB @  37.6Hz   1x50mm    155 mm 
    23.6l @  36.4Hz  =>   95.7dB   12W 101.8dB @  35.6Hz   1x50mm    135 mm 
    26.5l @  35.1Hz  =>   94.7dB   10W 101.8dB @  33.6Hz   1x50mm    116 mm 
-------------
SB17NRXC35-8                           89.0dB   60W                      1x50mm
Rpre   Spl
      Vb      fb         SplMech Pmech  SplEle     f3       dv       lv

0.20  87.8dB --------------------------------------------------------------
    22.4l @  39.9Hz  =>  103.8dB   57W 104.1dB @  45.1Hz   1x50mm    219 mm 
    25.0l @  38.5Hz  =>  102.8dB   45W 104.1dB @  42.7Hz   1x50mm    192 mm 
    28.1l @  37.1Hz  =>  101.8dB   36W 104.1dB @  40.3Hz   1x50mm    167 mm 
*   31.4l @  35.8Hz  =>  100.9dB   29W 104.1dB @  38.1Hz   1x50mm    145 mm 
    35.2l @  34.5Hz  =>   99.9dB   23W 104.1dB @  36.0Hz   1x50mm    126 mm 
    39.4l @  33.3Hz  =>   98.9dB   18W 104.1dB @  34.0Hz   1x50mm    108 mm 
    44.1l @  32.1Hz  =>   97.9dB   15W 104.1dB @  32.1Hz   1x50mm     93 mm 
0.60  87.5dB --------------------------------------------------------------
    26.6l @  37.7Hz  =>  102.3dB   43W 103.8dB @  41.4Hz   1x50mm    178 mm 
    29.8l @  36.4Hz  =>  101.3dB   34W 103.8dB @  39.1Hz   1x50mm    155 mm 
    33.4l @  35.1Hz  =>  100.3dB   27W 103.8dB @  36.9Hz   1x50mm    134 mm 
*   37.4l @  33.8Hz  =>   99.3dB   22W 103.8dB @  34.9Hz   1x50mm    116 mm 
    41.9l @  32.6Hz  =>   98.4dB   17W 103.8dB @  33.0Hz   1x50mm    100 mm 
    46.9l @  31.5Hz  =>   97.4dB   14W 103.8dB @  31.2Hz   1x50mm     85 mm 
    52.6l @  30.3Hz  =>   96.4dB   11W 103.8dB @  29.4Hz   1x50mm     72 mm 
1.00  87.2dB --------------------------------------------------------------
    31.4l @  35.8Hz  =>  100.9dB   33W 103.5dB @  38.1Hz   1x50mm    146 mm 
    35.1l @  34.5Hz  =>   99.9dB   26W 103.5dB @  36.0Hz   1x50mm    126 mm 
    39.3l @  33.3Hz  =>   98.9dB   21W 103.5dB @  34.0Hz   1x50mm    109 mm 
*   44.1l @  32.1Hz  =>   97.9dB   17W 103.5dB @  32.2Hz   1x50mm     93 mm 
    49.3l @  31.0Hz  =>   96.9dB   13W 103.5dB @  30.4Hz   1x50mm     79 mm 
    55.3l @  29.9Hz  =>   96.0dB   11W 103.5dB @  28.7Hz   1x50mm     67 mm 
    61.9l @  28.8Hz  =>   95.0dB    8W 103.5dB @  27.1Hz   1x50mm     56 mm 
-------------
SB17NRXC35-4                           92.0dB   60W                      1x50mm
Rpre   Spl
      Vb      fb         SplMech Pmech  SplEle     f3       dv       lv

0.20  88.0dB --------------------------------------------------------------
    16.7l @  44.5Hz  =>  105.9dB  157W 101.7dB @  50.9Hz   1x50mm    250 mm 
    18.7l @  42.9Hz  =>  104.9dB  126W 101.7dB @  48.1Hz   1x50mm    220 mm 
    20.9l @  41.4Hz  =>  103.9dB  100W 101.7dB @  45.4Hz   1x50mm    192 mm 
*   23.4l @  39.9Hz  =>  102.9dB   80W 101.7dB @  42.9Hz   1x50mm    168 mm 
    26.2l @  38.5Hz  =>  102.0dB   64W 101.7dB @  40.6Hz   1x50mm    146 mm 
    29.4l @  37.1Hz  =>  101.0dB   51W 101.7dB @  38.3Hz   1x50mm    126 mm 
    32.9l @  35.8Hz  =>  100.0dB   40W 101.7dB @  36.2Hz   1x50mm    109 mm 
0.60  87.5dB --------------------------------------------------------------
    22.6l @  40.3Hz  =>  103.2dB   96W 101.2dB @  43.6Hz   1x50mm    174 mm 
    25.4l @  38.9Hz  =>  102.2dB   76W 101.2dB @  41.2Hz   1x50mm    152 mm 
    28.4l @  37.5Hz  =>  101.3dB   61W 101.2dB @  39.0Hz   1x50mm    132 mm 
*   31.8l @  36.2Hz  =>  100.3dB   48W 101.2dB @  36.8Hz   1x50mm    114 mm 
    35.6l @  34.9Hz  =>   99.3dB   39W 101.2dB @  34.8Hz   1x50mm     98 mm 
    39.9l @  33.6Hz  =>   98.3dB   31W 101.2dB @  32.9Hz   1x50mm     83 mm 
    44.7l @  32.4Hz  =>   97.3dB   25W 101.2dB @  31.1Hz   1x50mm     70 mm 
1.00  87.1dB --------------------------------------------------------------
    29.8l @  36.9Hz  =>  100.9dB   61W 100.8dB @  38.1Hz   1x50mm    124 mm 
    33.3l @  35.6Hz  =>   99.9dB   49W 100.8dB @  36.0Hz   1x50mm    107 mm 
    37.3l @  34.3Hz  =>   98.9dB   39W 100.8dB @  34.0Hz   1x50mm     91 mm 
*   41.8l @  33.1Hz  =>   97.9dB   31W 100.8dB @  32.1Hz   1x50mm     78 mm 
    46.8l @  31.9Hz  =>   96.9dB   25W 100.8dB @  30.3Hz   1x50mm     65 mm 
    52.4l @  30.8Hz  =>   95.9dB   20W 100.8dB @  28.7Hz   1x50mm     55 mm 
    58.7l @  29.7Hz  =>   94.9dB   16W 100.8dB @  27.1Hz   1x50mm     45 mm 
-------------
SB23NRXS45-8                           88.5dB   60W                      1x70mm
Rpre   Spl
      Vb      fb         SplMech Pmech  SplEle     f3       dv       lv

0.20  88.7dB --------------------------------------------------------------
    49.5l @  34.7Hz  =>  106.4dB   85W 104.9dB @  36.1Hz   1x70mm    168 mm 
    55.4l @  33.5Hz  =>  105.4dB   68W 104.9dB @  34.1Hz   1x70mm    145 mm 
    62.1l @  32.3Hz  =>  104.5dB   54W 104.9dB @  32.2Hz   1x70mm    124 mm 
*   69.5l @  31.2Hz  =>  103.5dB   43W 104.9dB @  30.4Hz   1x70mm    105 mm 
    77.9l @  30.1Hz  =>  102.5dB   34W 104.9dB @  28.8Hz   1x70mm     88 mm 
    87.2l @  29.0Hz  =>  101.5dB   27W 104.9dB @  27.2Hz   1x70mm     73 mm 
    97.7l @  28.0Hz  =>  100.5dB   22W 104.9dB @  25.7Hz   1x70mm     60 mm 
0.60  88.4dB --------------------------------------------------------------
    59.3l @  32.8Hz  =>  104.9dB   64W 104.6dB @  33.0Hz   1x70mm    132 mm 
    66.4l @  31.6Hz  =>  103.9dB   51W 104.6dB @  31.2Hz   1x70mm    112 mm 
    74.3l @  30.5Hz  =>  102.9dB   40W 104.6dB @  29.4Hz   1x70mm     95 mm 
*   83.2l @  29.4Hz  =>  101.9dB   32W 104.6dB @  27.8Hz   1x70mm     79 mm 
    93.2l @  28.4Hz  =>  100.9dB   26W 104.6dB @  26.3Hz   1x70mm     65 mm 
   104.4l @  27.4Hz  =>   99.9dB   20W 104.6dB @  24.8Hz   1x70mm     53 mm 
   117.0l @  26.4Hz  =>   99.0dB   16W 104.6dB @  23.5Hz   1x70mm     42 mm 
1.00  88.1dB --------------------------------------------------------------
    70.1l @  31.1Hz  =>  103.4dB   48W 104.3dB @  30.3Hz   1x70mm    104 mm 
    78.5l @  30.0Hz  =>  102.4dB   39W 104.3dB @  28.6Hz   1x70mm     87 mm 
    87.9l @  28.9Hz  =>  101.4dB   31W 104.3dB @  27.1Hz   1x70mm     72 mm 
*   98.5l @  27.9Hz  =>  100.4dB   25W 104.3dB @  25.6Hz   1x70mm     59 mm 
   110.3l @  26.9Hz  =>   99.5dB   20W 104.3dB @  24.2Hz   1x70mm     47 mm 
   123.5l @  25.9Hz  =>   98.5dB   16W 104.3dB @  22.8Hz   1x70mm     37 mm 
   138.4l @  25.0Hz  =>   97.5dB   12W 104.3dB @  21.6Hz   1x70mm     27 mm 
-------------
SB29NRX75                              88.0dB  200W                     1x100mm
Rpre   Spl
      Vb      fb         SplMech Pmech  SplEle     f3       dv       lv

0.20  85.6dB --------------------------------------------------------------
    62.7l @  24.5Hz  =>  109.2dB  438W 105.8dB @  26.8Hz - 1x70mm    363 mm 
    70.3l @  23.7Hz  =>  108.2dB  349W 105.8dB @  25.3Hz   1x100mm   682 mm 
    78.7l @  22.8Hz  =>  107.2dB  278W 105.8dB @  23.9Hz   1x100mm   601 mm 
*   88.2l @  22.0Hz  =>  106.3dB  222W 105.8dB @  22.6Hz   1x100mm   529 mm 
    98.7l @  21.2Hz  =>  105.3dB  177W 105.8dB @  21.3Hz   1x100mm   464 mm 
   110.6l @  20.5Hz  =>  104.3dB  141W 105.8dB @  20.2Hz   1x100mm   407 mm 
   123.9l @  19.7Hz  =>  103.3dB  112W 105.8dB @  19.1Hz   1x100mm   355 mm 
0.60  85.2dB --------------------------------------------------------------
    79.2l @  22.8Hz  =>  107.2dB  300W 105.4dB @  23.8Hz   1x100mm   597 mm 
    88.7l @  22.0Hz  =>  106.2dB  239W 105.4dB @  22.5Hz   1x100mm   525 mm 
    99.3l @  21.2Hz  =>  105.2dB  191W 105.4dB @  21.3Hz   1x100mm   461 mm 
*  111.3l @  20.4Hz  =>  104.2dB  152W 105.4dB @  20.1Hz   1x100mm   404 mm 
   124.6l @  19.7Hz  =>  103.2dB  121W 105.4dB @  19.0Hz   1x100mm   353 mm 
   139.6l @  19.0Hz  =>  102.3dB   97W 105.4dB @  18.0Hz   1x100mm   307 mm 
   156.3l @  18.3Hz  =>  101.3dB   77W 105.4dB @  17.0Hz   1x100mm   266 mm 
1.00  84.9dB --------------------------------------------------------------
    98.0l @  21.3Hz  =>  105.3dB  212W 105.1dB @  21.4Hz   1x100mm   469 mm 
   109.7l @  20.5Hz  =>  104.3dB  169W 105.1dB @  20.2Hz   1x100mm   411 mm 
   122.9l @  19.8Hz  =>  103.4dB  135W 105.1dB @  19.1Hz   1x100mm   359 mm 
*  137.6l @  19.1Hz  =>  102.4dB  108W 105.1dB @  18.1Hz   1x100mm   312 mm 
   154.2l @  18.4Hz  =>  101.4dB   86W 105.1dB @  17.1Hz   1x100mm   271 mm 
   172.7l @  17.7Hz  =>  100.4dB   68W 105.1dB @  16.1Hz   1x100mm   234 mm 
   193.4l @  17.1Hz  =>   99.4dB   54W 105.1dB @  15.3Hz   1x100mm   201 mm 
-------------
SB34NRX75-6                            90.0dB  200W                     2x100mm
Rpre   Spl
      Vb      fb         SplMech Pmech  SplEle     f3       dv       lv

0.20  87.8dB --------------------------------------------------------------
   217.1l @  20.1Hz  =>  109.0dB  253W 108.0dB @  20.8Hz   2x100mm   491 mm 
   243.2l @  19.4Hz  =>  108.1dB  202W 108.0dB @  19.6Hz   2x100mm   427 mm 
   272.4l @  18.7Hz  =>  107.1dB  161W 108.0dB @  18.6Hz   2x100mm   370 mm 
*  305.0l @  18.1Hz  =>  106.1dB  128W 108.0dB @  17.5Hz   2x100mm   319 mm 
   341.6l @  17.4Hz  =>  105.1dB  102W 108.0dB @  16.6Hz   2x100mm   274 mm 
   382.6l @  16.8Hz  =>  104.1dB   81W 108.0dB @  15.7Hz   2x100mm   234 mm 
   428.6l @  16.2Hz  =>  103.1dB   65W 108.0dB @  14.8Hz   2x100mm   198 mm 
   480.0l @  15.6Hz  =>  102.2dB   52W 108.0dB @  14.0Hz   2x100mm   165 mm 
   537.6l @  15.1Hz  =>  101.2dB   41W 108.0dB @  13.2Hz   2x100mm   137 mm 
   602.1l @  14.5Hz  =>  100.2dB   33W 108.0dB @  12.5Hz   2x100mm   111 mm 
   674.3l @  14.0Hz  =>   99.2dB   26W 108.0dB @  11.8Hz   2x100mm    88 mm 
   755.3l @  13.5Hz  =>   98.2dB   21W 108.0dB @  11.1Hz   2x100mm    68 mm 
   845.9l @  13.0Hz  =>   97.2dB   17W 108.0dB @  10.5Hz   2x100mm    49 mm 
   947.4l @  12.6Hz  =>   96.2dB   13W 108.0dB @  10.0Hz   2x100mm    33 mm 
  1061.1l @  12.1Hz  =>   95.3dB   11W 108.0dB @   9.4Hz + 3x100mm    56 mm 
  1188.4l @  11.7Hz  =>   94.3dB    8W 108.0dB @   8.9Hz + 3x100mm    37 mm 
  1331.0l @  11.3Hz  =>   93.3dB    7W 108.0dB @   8.4Hz + 4x100mm    49 mm 
  1490.8l @  10.9Hz  =>   92.3dB    5W 108.0dB @   7.9Hz + 4x100mm    28 mm 
  1669.6l @  10.5Hz  =>   91.3dB    4W 108.0dB @   7.5Hz + 5x100mm    31 mm 
0.60  87.4dB --------------------------------------------------------------
   272.9l @  18.7Hz  =>  107.1dB  175W 107.6dB @  18.5Hz   2x100mm   369 mm 
   305.6l @  18.0Hz  =>  106.1dB  139W 107.6dB @  17.5Hz   2x100mm   319 mm 
   342.3l @  17.4Hz  =>  105.1dB  111W 107.6dB @  16.6Hz   2x100mm   273 mm 
*  383.4l @  16.8Hz  =>  104.1dB   89W 107.6dB @  15.6Hz   2x100mm   233 mm 
   429.4l @  16.2Hz  =>  103.1dB   71W 107.6dB @  14.8Hz   2x100mm   197 mm 
   480.9l @  15.6Hz  =>  102.1dB   56W 107.6dB @  14.0Hz   2x100mm   165 mm 
   538.6l @  15.0Hz  =>  101.2dB   45W 107.6dB @  13.2Hz   2x100mm   136 mm 
1.00  87.1dB --------------------------------------------------------------
   336.2l @  17.5Hz  =>  105.2dB  125W 107.3dB @  16.7Hz   2x100mm   280 mm 
   376.6l @  16.9Hz  =>  104.3dB   99W 107.3dB @  15.8Hz   2x100mm   239 mm 
   421.8l @  16.3Hz  =>  103.3dB   79W 107.3dB @  14.9Hz   2x100mm   203 mm 
*  472.4l @  15.7Hz  =>  102.3dB   63W 107.3dB @  14.1Hz   2x100mm   170 mm 
   529.1l @  15.1Hz  =>  101.3dB   50W 107.3dB @  13.3Hz   2x100mm   141 mm 
   592.6l @  14.6Hz  =>  100.3dB   40W 107.3dB @  12.6Hz   2x100mm   114 mm 
   663.7l @  14.1Hz  =>   99.3dB   32W 107.3dB @  11.9Hz   2x100mm    91 mm 
-------------
mw16p-8                                87.5dB   60W                      1x50mm
Rpre   Spl
      Vb      fb         SplMech Pmech  SplEle     f3       dv       lv

0.20  86.9dB --------------------------------------------------------------
    21.7l @  37.4Hz  =>  103.8dB   63W 103.6dB @  43.1Hz   1x50mm    284 mm 
    24.3l @  36.0Hz  =>  102.9dB   50W 103.6dB @  40.7Hz   1x50mm    249 mm 
    27.3l @  34.8Hz  =>  101.9dB   40W 103.6dB @  38.5Hz   1x50mm    219 mm 
*   30.5l @  33.5Hz  =>  100.9dB   32W 103.6dB @  36.4Hz   1x50mm    191 mm 
    34.2l @  32.3Hz  =>   99.9dB   25W 103.6dB @  34.4Hz   1x50mm    167 mm 
    38.3l @  31.2Hz  =>   98.9dB   20W 103.6dB @  32.5Hz   1x50mm    145 mm 
    42.9l @  30.1Hz  =>   97.9dB   16W 103.6dB @  30.7Hz   1x50mm    126 mm 
0.60  86.7dB --------------------------------------------------------------
    25.5l @  35.5Hz  =>  102.4dB   49W 103.4dB @  39.8Hz   1x50mm    236 mm 
    28.6l @  34.2Hz  =>  101.5dB   39W 103.4dB @  37.6Hz   1x50mm    207 mm 
    32.0l @  33.0Hz  =>  100.5dB   31W 103.4dB @  35.5Hz   1x50mm    181 mm 
*   35.9l @  31.8Hz  =>   99.5dB   25W 103.4dB @  33.5Hz   1x50mm    157 mm 
    40.2l @  30.7Hz  =>   98.5dB   20W 103.4dB @  31.7Hz   1x50mm    137 mm 
    45.0l @  29.6Hz  =>   97.5dB   16W 103.4dB @  30.0Hz   1x50mm    118 mm 
    50.4l @  28.6Hz  =>   96.5dB   12W 103.4dB @  28.3Hz   1x50mm    102 mm 
1.00  86.4dB --------------------------------------------------------------
    29.7l @  33.8Hz  =>  101.1dB   38W 103.1dB @  36.9Hz   1x50mm    198 mm 
    33.2l @  32.6Hz  =>  100.1dB   30W 103.1dB @  34.8Hz   1x50mm    173 mm 
    37.2l @  31.5Hz  =>   99.2dB   24W 103.1dB @  32.9Hz   1x50mm    150 mm 
*   41.7l @  30.3Hz  =>   98.2dB   19W 103.1dB @  31.1Hz   1x50mm    130 mm 
    46.7l @  29.3Hz  =>   97.2dB   15W 103.1dB @  29.4Hz   1x50mm    112 mm 
    52.3l @  28.2Hz  =>   96.2dB   12W 103.1dB @  27.8Hz   1x50mm     96 mm 
    58.6l @  27.2Hz  =>   95.2dB   10W 103.1dB @  26.2Hz   1x50mm     82 mm 
