-------------
SB29NRX75
            88.0dB           200W      1x100mm
   fu     fc      fo      SplMech  Vb1     Vb2       d         l        C
  8.1 Hz  21 Hz   54 Hz   84.5 dB   oo l +  25 l  * 1x50mm    491 mm  4418 µF
  9.0 Hz  23 Hz   56 Hz   86.3 dB  684 l +  25 l  * 1x50mm    491 mm  3844 µF
 10.0 Hz  24 Hz   58 Hz   88.1 dB  316 l +  25 l  - 1x70mm    731 mm  3341 µF
 11.0 Hz  26 Hz   60 Hz   89.8 dB  203 l +  25 l  - 1x70mm    637 mm  2942 µF
 12.0 Hz  27 Hz   62 Hz   91.3 dB  149 l +  25 l  - 1x70mm    561 mm  2620 µF
 13.0 Hz  29 Hz   64 Hz   92.7 dB  116 l +  25 l  - 1x70mm    498 mm  2354 µF
 14.0 Hz  30 Hz   65 Hz   93.9 dB   95 l +  25 l  - 1x70mm    446 mm  2133 µF
 15.0 Hz  32 Hz   67 Hz   95.1 dB   80 l +  25 l  - 1x70mm    402 mm  1945 µF
 16.0 Hz  33 Hz   68 Hz   96.3 dB   69 l +  25 l    1x100mm   778 mm  1785 µF
 17.0 Hz  34 Hz   70 Hz   97.3 dB   61 l +  25 l    1x100mm   711 mm  1646 µF
 18.0 Hz  36 Hz   71 Hz   98.3 dB   54 l +  25 l    1x100mm   653 mm  1526 µF
 19.0 Hz  37 Hz   72 Hz   99.2 dB   48 l +  25 l    1x100mm   602 mm  1420 µF
 20.0 Hz  38 Hz   73 Hz  100.1 dB   44 l +  25 l    1x100mm   557 mm  1326 µF
 21.0 Hz  40 Hz   75 Hz  101.0 dB   40 l +  25 l    1x100mm   517 mm  1242 µF
 22.0 Hz  41 Hz   76 Hz  101.8 dB   37 l +  25 l    1x100mm   481 mm  1167 µF
 23.0 Hz  42 Hz   77 Hz  102.6 dB   34 l +  25 l    1x100mm   449 mm  1100 µF
 24.0 Hz  43 Hz   78 Hz  103.3 dB   31 l +  25 l    1x100mm   420 mm  1040 µF
 25.0 Hz  44 Hz   79 Hz  104.0 dB   29 l +  25 l    1x100mm   393 mm   985 µF
 26.0 Hz  46 Hz   80 Hz  104.7 dB   27 l +  25 l    1x100mm   369 mm   934 µF
 27.0 Hz  47 Hz   81 Hz  105.4 dB   26 l +  25 l    1x100mm   347 mm   889 µF
 28.0 Hz  48 Hz   82 Hz  106.0 dB   24 l +  25 l    1x100mm   327 mm   846 µF
 29.0 Hz  49 Hz   83 Hz  106.6 dB   23 l +  25 l    1x100mm   308 mm   808 µF
 30.0 Hz  50 Hz   84 Hz  107.2 dB   22 l +  25 l    1x100mm   291 mm   772 µF

-------------
SB34NRX75-6
            90.0dB           200W      2x100mm
   fu     fc      fo      SplMech  Vb1     Vb2       d         l        C
  7.7 Hz  19 Hz   47 Hz   87.9 dB   oo l +  83 l  - 1x100mm   699 mm  4390 µF
  8.0 Hz  19 Hz   47 Hz   88.5 dB 5714 l +  83 l  - 1x100mm   665 mm  4199 µF
  9.0 Hz  21 Hz   49 Hz   90.5 dB 1164 l +  83 l  - 1x100mm   557 mm  3589 µF
 10.0 Hz  23 Hz   51 Hz   92.3 dB  638 l +  83 l  - 1x100mm   473 mm  3118 µF
 11.0 Hz  24 Hz   52 Hz   94.0 dB  434 l +  83 l  - 1x100mm   407 mm  2746 µF
 12.0 Hz  25 Hz   54 Hz   95.5 dB  327 l +  83 l    2x100mm   750 mm  2445 µF
 13.0 Hz  27 Hz   55 Hz   96.9 dB  261 l +  83 l    2x100mm   663 mm  2198 µF
 14.0 Hz  28 Hz   57 Hz   98.2 dB  216 l +  83 l    2x100mm   590 mm  1991 µF
 15.0 Hz  30 Hz   58 Hz   99.4 dB  183 l +  83 l    2x100mm   528 mm  1816 µF
 16.0 Hz  31 Hz   59 Hz  100.5 dB  159 l +  83 l    2x100mm   475 mm  1666 µF
 17.0 Hz  32 Hz   61 Hz  101.5 dB  140 l +  83 l    2x100mm   429 mm  1537 µF
 18.0 Hz  33 Hz   62 Hz  102.5 dB  125 l +  83 l    2x100mm   390 mm  1424 µF
 19.0 Hz  35 Hz   63 Hz  103.5 dB  112 l +  83 l    2x100mm   355 mm  1325 µF
 20.0 Hz  36 Hz   64 Hz  104.4 dB  102 l +  83 l    2x100mm   324 mm  1237 µF
 21.0 Hz  37 Hz   65 Hz  105.2 dB   93 l +  83 l    2x100mm   296 mm  1160 µF
 22.0 Hz  38 Hz   66 Hz  106.0 dB   86 l +  83 l    2x100mm   272 mm  1090 µF
 23.0 Hz  39 Hz   67 Hz  106.8 dB   79 l +  83 l    2x100mm   250 mm  1027 µF
 24.0 Hz  40 Hz   68 Hz  107.5 dB   74 l +  83 l    2x100mm   230 mm   970 µF
 25.0 Hz  42 Hz   69 Hz  108.2 dB   69 l +  83 l    2x100mm   211 mm   919 µF
 26.0 Hz  43 Hz   70 Hz  108.9 dB   64 l +  83 l    2x100mm   195 mm   872 µF
 27.0 Hz  44 Hz   71 Hz  109.6 dB   61 l +  83 l    2x100mm   180 mm   829 µF
 28.0 Hz  45 Hz   72 Hz  110.2 dB   57 l +  83 l    2x100mm   166 mm   790 µF
 29.0 Hz  46 Hz   72 Hz  110.8 dB   54 l +  83 l    2x100mm   153 mm   754 µF
 30.0 Hz  47 Hz   73 Hz  111.4 dB   51 l +  83 l    2x100mm   141 mm   721 µF

