-------------
SB15NRXC30-8
      88.0dB                             50W
SplMech  Pmech SplEle     f3

 77.8dB   125W  73.8dB @  16Hz   28
 79.9dB   125W  75.9dB @  18Hz   26
 81.7dB   125W  77.7dB @  20Hz   25
 83.3dB   125W  79.3dB @  22Hz   23
 84.8dB   125W  80.9dB @  24Hz   21
 86.2dB   126W  82.2dB @  26Hz   20
 87.5dB   126W  83.5dB @  28Hz   19
 88.7dB   126W  84.7dB @  30Hz   18
 89.8dB   126W  85.8dB @  32Hz   16
 90.9dB   126W  86.9dB @  34Hz   15
 91.9dB   126W  87.9dB @  36Hz   14
 92.8dB   126W  88.8dB @  38Hz   14
 93.7dB   126W  89.7dB @  40Hz   13
 94.6dB   126W  90.5dB @  42Hz   12
 95.4dB   127W  91.3dB @  44Hz   11
 96.2dB   127W  92.1dB @  46Hz   10
 96.9dB   127W  92.9dB @  48Hz    9
-------------
SB17NRXC35-8
      89.0dB                             60W
SplMech  Pmech SplEle     f3

 81.8dB   112W  79.1dB @  16Hz   25
 83.8dB   113W  81.1dB @  18Hz   23
 85.7dB   113W  82.9dB @  20Hz   21
 87.3dB   113W  84.6dB @  22Hz   19
 88.8dB   113W  86.1dB @  24Hz   18
 90.2dB   113W  87.5dB @  26Hz   17
 91.5dB   113W  88.8dB @  28Hz   15
 92.7dB   113W  89.9dB @  30Hz   14
 93.8dB   114W  91.1dB @  32Hz   13
 94.9dB   114W  92.1dB @  34Hz   12
 95.9dB   114W  93.1dB @  36Hz   11
 96.8dB   114W  94.0dB @  38Hz   10
 97.7dB   114W  94.9dB @  40Hz    9
 98.6dB   114W  95.8dB @  42Hz    8
 99.4dB   114W  96.6dB @  44Hz    7
100.1dB   114W  97.3dB @  46Hz    7
100.9dB   114W  98.1dB @  48Hz    6
-------------
SB17NRXC35-4
      92.0dB                             60W
SplMech  Pmech SplEle     f3

 81.8dB   302W  74.8dB @  16Hz   27
 83.8dB   302W  76.8dB @  18Hz   25
 85.7dB   302W  78.6dB @  20Hz   23
 87.3dB   303W  80.3dB @  22Hz   21
 88.8dB   303W  81.8dB @  24Hz   20
 90.2dB   304W  83.2dB @  26Hz   19
 91.5dB   304W  84.5dB @  28Hz   17
 92.7dB   304W  85.7dB @  30Hz   16
 93.8dB   304W  86.8dB @  32Hz   15
 94.9dB   305W  87.8dB @  34Hz   14
 95.9dB   305W  88.8dB @  36Hz   13
 96.8dB   305W  89.8dB @  38Hz   12
 97.7dB   305W  90.6dB @  40Hz   11
 98.6dB   306W  91.5dB @  42Hz   10
 99.4dB   306W  92.3dB @  44Hz    9
100.1dB   306W  93.1dB @  46Hz    9
100.9dB   306W  93.8dB @  48Hz    8
-------------
SB23NRXS45-8
      88.5dB                             60W
SplMech  Pmech SplEle     f3

 88.3dB   227W  82.5dB @  16Hz   22
 90.3dB   228W  84.5dB @  18Hz   20
 92.2dB   228W  86.4dB @  20Hz   19
 93.8dB   228W  88.0dB @  22Hz   17
 95.3dB   228W  89.5dB @  24Hz   15
 96.7dB   229W  90.9dB @  26Hz   14
 98.0dB   229W  92.2dB @  28Hz   13
 99.2dB   229W  93.4dB @  30Hz   12
100.3dB   229W  94.5dB @  32Hz   10
101.4dB   230W  95.6dB @  34Hz    9
102.4dB   230W  96.5dB @  36Hz    8
103.3dB   230W  97.5dB @  38Hz    7
104.2dB   230W  98.4dB @  40Hz    7
105.1dB   230W  99.2dB @  42Hz    6
105.9dB   230W 100.0dB @  44Hz    5
106.6dB   231W 100.8dB @  46Hz    4
107.4dB   231W 101.5dB @  48Hz    3
-------------
SB29NRX75
      88.0dB                            200W
SplMech  Pmech SplEle     f3

 96.3dB   991W  89.3dB @  16Hz   16
 98.3dB   993W  91.3dB @  18Hz   14
100.1dB   994W  93.2dB @  20Hz   13
101.8dB   996W  94.8dB @  22Hz   11
103.3dB   997W  96.3dB @  24Hz    9
104.7dB   998W  97.7dB @  26Hz    8
106.0dB   999W  99.0dB @  28Hz    7
107.2dB  1000W 100.2dB @  30Hz    6
108.3dB  1001W 101.3dB @  32Hz    4
109.4dB  1002W 102.4dB @  34Hz    3
110.3dB  1002W 103.3dB @  36Hz    2
111.3dB  1003W 104.3dB @  38Hz    2
112.2dB  1004W 105.2dB @  40Hz    1
113.0dB  1005W 106.0dB @  42Hz   -0
113.8dB  1005W 106.8dB @  44Hz   -1
114.6dB  1006W 107.6dB @  46Hz   -2
115.3dB  1006W 108.3dB @  48Hz   -3
-------------
SB34NRX75-6
      90.0dB                            200W
SplMech  Pmech SplEle     f3

100.5dB   691W  95.1dB @  16Hz   13
102.5dB   693W  97.1dB @  18Hz   11
104.4dB   694W  99.0dB @  20Hz    9
106.0dB   694W 100.6dB @  22Hz    7
107.5dB   695W 102.1dB @  24Hz    6
108.9dB   696W 103.5dB @  26Hz    5
110.2dB   697W 104.8dB @  28Hz    3
111.4dB   697W 106.0dB @  30Hz    2
112.5dB   698W 107.1dB @  32Hz    1
113.6dB   699W 108.2dB @  34Hz   -0
114.6dB   699W 109.1dB @  36Hz   -1
115.5dB   700W 110.1dB @  38Hz   -2
116.4dB   700W 111.0dB @  40Hz   -3
117.3dB   701W 111.8dB @  42Hz   -4
118.1dB   701W 112.6dB @  44Hz   -5
118.8dB   701W 113.4dB @  46Hz   -5
119.6dB   702W 114.1dB @  48Hz   -6
-------------
mw16p-8
      87.5dB                             60W
SplMech  Pmech SplEle     f3

 82.6dB   118W  79.7dB @  16Hz   24
 84.7dB   118W  81.7dB @  18Hz   22
 86.5dB   118W  83.6dB @  20Hz   20
 88.2dB   118W  85.2dB @  22Hz   18
 89.7dB   119W  86.7dB @  24Hz   17
 91.1dB   119W  88.1dB @  26Hz   16
 92.3dB   119W  89.4dB @  28Hz   14
 93.5dB   119W  90.6dB @  30Hz   13
 94.7dB   119W  91.7dB @  32Hz   12
 95.7dB   119W  92.7dB @  34Hz   11
 96.7dB   119W  93.7dB @  36Hz   10
 97.6dB   119W  94.7dB @  38Hz    9
 98.5dB   119W  95.6dB @  40Hz    8
 99.4dB   120W  96.4dB @  42Hz    7
100.2dB   120W  97.2dB @  44Hz    6
101.0dB   120W  98.0dB @  46Hz    6
101.7dB   120W  98.7dB @  48Hz    5
