-------------
10F8424G00                             86.6dB   15W                      1x40mm
Rpre   Spl         Vb      fb         SplMech Pmech  SplEle     f3       dv       lv

0.20  87.4dB:     1.4l @ 103.6Hz  =>  102.8dB   48W  97.8dB @ 112.1Hz   1x40mm    312 mm 
                  1.5l @  99.9Hz  =>  101.8dB   38W  97.8dB @ 105.9Hz   1x40mm    276 mm 
                  1.7l @  96.3Hz  =>  100.8dB   30W  97.8dB @ 100.1Hz   1x40mm    243 mm 
             *    1.9l @  92.9Hz  =>   99.8dB   24W  97.8dB @  94.6Hz   1x40mm    214 mm 
                  2.1l @  89.6Hz  =>   98.9dB   19W  97.8dB @  89.4Hz   1x40mm    188 mm 
                  2.4l @  86.4Hz  =>   97.9dB   15W  97.8dB @  84.5Hz   1x40mm    165 mm 
                  2.7l @  83.3Hz  =>   96.9dB   12W  97.8dB @  79.8Hz   1x40mm    144 mm 

0.60  87.1dB:     1.6l @  98.3Hz  =>  101.4dB   37W  97.5dB @ 103.3Hz   1x40mm    261 mm 
                  1.8l @  94.8Hz  =>  100.4dB   29W  97.5dB @  97.6Hz   1x40mm    229 mm 
                  2.0l @  91.4Hz  =>   99.4dB   23W  97.5dB @  92.2Hz   1x40mm    202 mm 
             *    2.2l @  88.1Hz  =>   98.4dB   19W  97.5dB @  87.1Hz   1x40mm    177 mm 
                  2.5l @  85.0Hz  =>   97.4dB   15W  97.5dB @  82.3Hz   1x40mm    155 mm 
                  2.8l @  82.0Hz  =>   96.4dB   12W  97.5dB @  77.8Hz   1x40mm    135 mm 
                  3.1l @  79.1Hz  =>   95.5dB    9W  97.5dB @  73.5Hz   1x40mm    118 mm 

1.00  86.9dB:     1.9l @  93.6Hz  =>  100.0dB   29W  97.2dB @  95.6Hz   1x40mm    219 mm 
                  2.1l @  90.2Hz  =>   99.0dB   23W  97.2dB @  90.4Hz   1x40mm    193 mm 
                  2.3l @  87.0Hz  =>   98.1dB   18W  97.2dB @  85.4Hz   1x40mm    169 mm 
             *    2.6l @  83.9Hz  =>   97.1dB   14W  97.2dB @  80.7Hz   1x40mm    148 mm 
                  2.9l @  80.9Hz  =>   96.1dB   12W  97.2dB @  76.2Hz   1x40mm    129 mm 
                  3.3l @  78.0Hz  =>   95.1dB    9W  97.2dB @  72.0Hz   1x40mm    112 mm 
                  3.7l @  75.3Hz  =>   94.1dB    7W  97.2dB @  68.1Hz   1x40mm     97 mm 

-------------
10F8424G00                             86.6dB   15W                      1x40mm
Rpre   Spl         Vb      fb         SplMech Pmech  SplEle     f3       dv       lv

0.20  87.4dB:     1.4l @ 103.6Hz  =>  102.8dB   48W  97.8dB @ 112.1Hz   1x40mm    312 mm 
                  1.5l @  99.9Hz  =>  101.8dB   38W  97.8dB @ 105.9Hz   1x40mm    276 mm 
                  1.7l @  96.3Hz  =>  100.8dB   30W  97.8dB @ 100.1Hz   1x40mm    243 mm 
             *    1.9l @  92.9Hz  =>   99.8dB   24W  97.8dB @  94.6Hz   1x40mm    214 mm 
                  2.1l @  89.6Hz  =>   98.9dB   19W  97.8dB @  89.4Hz   1x40mm    188 mm 
                  2.4l @  86.4Hz  =>   97.9dB   15W  97.8dB @  84.5Hz   1x40mm    165 mm 
                  2.7l @  83.3Hz  =>   96.9dB   12W  97.8dB @  79.8Hz   1x40mm    144 mm 

0.60  87.1dB:     1.6l @  98.3Hz  =>  101.4dB   37W  97.5dB @ 103.3Hz   1x40mm    261 mm 
                  1.8l @  94.8Hz  =>  100.4dB   29W  97.5dB @  97.6Hz   1x40mm    229 mm 
                  2.0l @  91.4Hz  =>   99.4dB   23W  97.5dB @  92.2Hz   1x40mm    202 mm 
             *    2.2l @  88.1Hz  =>   98.4dB   19W  97.5dB @  87.1Hz   1x40mm    177 mm 
                  2.5l @  85.0Hz  =>   97.4dB   15W  97.5dB @  82.3Hz   1x40mm    155 mm 
                  2.8l @  82.0Hz  =>   96.4dB   12W  97.5dB @  77.8Hz   1x40mm    135 mm 
                  3.1l @  79.1Hz  =>   95.5dB    9W  97.5dB @  73.5Hz   1x40mm    118 mm 

1.00  86.9dB:     1.9l @  93.6Hz  =>  100.0dB   29W  97.2dB @  95.6Hz   1x40mm    219 mm 
                  2.1l @  90.2Hz  =>   99.0dB   23W  97.2dB @  90.4Hz   1x40mm    193 mm 
                  2.3l @  87.0Hz  =>   98.1dB   18W  97.2dB @  85.4Hz   1x40mm    169 mm 
             *    2.6l @  83.9Hz  =>   97.1dB   14W  97.2dB @  80.7Hz   1x40mm    148 mm 
                  2.9l @  80.9Hz  =>   96.1dB   12W  97.2dB @  76.2Hz   1x40mm    129 mm 
                  3.3l @  78.0Hz  =>   95.1dB    9W  97.2dB @  72.0Hz   1x40mm    112 mm 
                  3.7l @  75.3Hz  =>   94.1dB    7W  97.2dB @  68.1Hz   1x40mm     97 mm 

-------------
15M4831G00                             90.0dB   40W                      1x50mm
Rpre   Spl         Vb      fb         SplMech Pmech  SplEle     f3       dv       lv

0.20  87.9dB:     4.2l @  60.9Hz  =>  109.8dB  352W 100.3dB @  83.2Hz - 1x40mm    691 mm 
                  4.8l @  58.8Hz  =>  108.8dB  281W 100.3dB @  78.7Hz - 1x40mm    614 mm 
                  5.3l @  56.7Hz  =>  107.8dB  224W 100.3dB @  74.3Hz - 1x40mm    545 mm 
             *    6.0l @  54.7Hz  =>  106.8dB  178W 100.3dB @  70.2Hz - 1x40mm    484 mm 
                  6.7l @  52.7Hz  =>  105.9dB  142W 100.3dB @  66.4Hz   1x50mm    679 mm 
                  7.5l @  50.8Hz  =>  104.9dB  113W 100.3dB @  62.7Hz   1x50mm    602 mm 
                  8.4l @  49.0Hz  =>  103.9dB   90W 100.3dB @  59.2Hz   1x50mm    534 mm 

0.60  87.5dB:     5.6l @  55.7Hz  =>  107.4dB  223W  99.9dB @  72.4Hz - 1x40mm    516 mm 
                  6.3l @  53.7Hz  =>  106.4dB  178W  99.9dB @  68.4Hz - 1x40mm    457 mm 
                  7.0l @  51.8Hz  =>  105.4dB  142W  99.9dB @  64.6Hz   1x50mm    642 mm 
             *    7.9l @  50.0Hz  =>  104.4dB  113W  99.9dB @  61.1Hz   1x50mm    570 mm 
                  8.8l @  48.2Hz  =>  103.4dB   90W  99.9dB @  57.7Hz   1x50mm    505 mm 
                  9.9l @  46.5Hz  =>  102.4dB   72W  99.9dB @  54.5Hz   1x50mm    447 mm 
                 11.1l @  44.8Hz  =>  101.5dB   57W  99.9dB @  51.5Hz   1x50mm    395 mm 

1.00  87.1dB:     7.2l @  51.4Hz  =>  105.2dB  148W  99.5dB @  63.8Hz   1x50mm    626 mm 
                  8.1l @  49.6Hz  =>  104.2dB  118W  99.5dB @  60.3Hz   1x50mm    555 mm 
                  9.0l @  47.8Hz  =>  103.2dB   94W  99.5dB @  57.0Hz   1x50mm    491 mm 
             *   10.1l @  46.1Hz  =>  102.2dB   75W  99.5dB @  53.9Hz   1x50mm    435 mm 
                 11.4l @  44.5Hz  =>  101.2dB   60W  99.5dB @  50.9Hz   1x50mm    384 mm 
                 12.7l @  42.9Hz  =>  100.3dB   48W  99.5dB @  48.1Hz   1x50mm    339 mm 
                 14.2l @  41.4Hz  =>   99.3dB   38W  99.5dB @  45.4Hz   1x50mm    299 mm 

-------------
15M4831G00                             90.0dB   40W                      1x50mm
Rpre   Spl         Vb      fb         SplMech Pmech  SplEle     f3       dv       lv

0.20  87.9dB:     4.2l @  60.9Hz  =>  109.8dB  352W 100.3dB @  83.2Hz - 1x40mm    691 mm 
                  4.8l @  58.8Hz  =>  108.8dB  281W 100.3dB @  78.7Hz - 1x40mm    614 mm 
                  5.3l @  56.7Hz  =>  107.8dB  224W 100.3dB @  74.3Hz - 1x40mm    545 mm 
             *    6.0l @  54.7Hz  =>  106.8dB  178W 100.3dB @  70.2Hz - 1x40mm    484 mm 
                  6.7l @  52.7Hz  =>  105.9dB  142W 100.3dB @  66.4Hz   1x50mm    679 mm 
                  7.5l @  50.8Hz  =>  104.9dB  113W 100.3dB @  62.7Hz   1x50mm    602 mm 
                  8.4l @  49.0Hz  =>  103.9dB   90W 100.3dB @  59.2Hz   1x50mm    534 mm 

0.60  87.5dB:     5.6l @  55.7Hz  =>  107.4dB  223W  99.9dB @  72.4Hz - 1x40mm    516 mm 
                  6.3l @  53.7Hz  =>  106.4dB  178W  99.9dB @  68.4Hz - 1x40mm    457 mm 
                  7.0l @  51.8Hz  =>  105.4dB  142W  99.9dB @  64.6Hz   1x50mm    642 mm 
             *    7.9l @  50.0Hz  =>  104.4dB  113W  99.9dB @  61.1Hz   1x50mm    570 mm 
                  8.8l @  48.2Hz  =>  103.4dB   90W  99.9dB @  57.7Hz   1x50mm    505 mm 
                  9.9l @  46.5Hz  =>  102.4dB   72W  99.9dB @  54.5Hz   1x50mm    447 mm 
                 11.1l @  44.8Hz  =>  101.5dB   57W  99.9dB @  51.5Hz   1x50mm    395 mm 

1.00  87.1dB:     7.2l @  51.4Hz  =>  105.2dB  148W  99.5dB @  63.8Hz   1x50mm    626 mm 
                  8.1l @  49.6Hz  =>  104.2dB  118W  99.5dB @  60.3Hz   1x50mm    555 mm 
                  9.0l @  47.8Hz  =>  103.2dB   94W  99.5dB @  57.0Hz   1x50mm    491 mm 
             *   10.1l @  46.1Hz  =>  102.2dB   75W  99.5dB @  53.9Hz   1x50mm    435 mm 
                 11.4l @  44.5Hz  =>  101.2dB   60W  99.5dB @  50.9Hz   1x50mm    384 mm 
                 12.7l @  42.9Hz  =>  100.3dB   48W  99.5dB @  48.1Hz   1x50mm    339 mm 
                 14.2l @  41.4Hz  =>   99.3dB   38W  99.5dB @  45.4Hz   1x50mm    299 mm 

-------------
15S8531K01                             85.0dB   60W                      1x50mm
Rpre   Spl         Vb      fb         SplMech Pmech  SplEle     f3       dv       lv

0.20  84.6dB:    19.1l @  35.0Hz  =>   99.8dB   46W 101.0dB @  36.8Hz   1x50mm    262 mm 
                 21.4l @  33.8Hz  =>   98.9dB   36W 101.0dB @  34.8Hz   1x50mm    230 mm 
                 24.0l @  32.6Hz  =>   97.9dB   29W 101.0dB @  32.9Hz   1x50mm    202 mm 
             *   26.9l @  31.4Hz  =>   96.9dB   23W 101.0dB @  31.1Hz   1x50mm    176 mm 
                 30.1l @  30.3Hz  =>   95.9dB   18W 101.0dB @  29.3Hz   1x50mm    153 mm 
                 33.7l @  29.2Hz  =>   94.9dB   15W 101.0dB @  27.7Hz   1x50mm    133 mm 
                 37.7l @  28.2Hz  =>   93.9dB   12W 101.0dB @  26.2Hz   1x50mm    115 mm 

0.60  84.4dB:    22.7l @  33.1Hz  =>   98.4dB   35W 100.7dB @  33.8Hz   1x50mm    216 mm 
                 25.4l @  32.0Hz  =>   97.4dB   28W 100.7dB @  32.0Hz   1x50mm    189 mm 
                 28.4l @  30.8Hz  =>   96.4dB   22W 100.7dB @  30.2Hz   1x50mm    164 mm 
             *   31.8l @  29.7Hz  =>   95.4dB   18W 100.7dB @  28.5Hz   1x50mm    143 mm 
                 35.7l @  28.7Hz  =>   94.4dB   14W 100.7dB @  27.0Hz   1x50mm    124 mm 
                 39.9l @  27.7Hz  =>   93.4dB   11W 100.7dB @  25.5Hz   1x50mm    107 mm 
                 44.7l @  26.7Hz  =>   92.5dB    9W 100.7dB @  24.1Hz   1x50mm     91 mm 

1.00  84.1dB:    26.6l @  31.5Hz  =>   97.0dB   27W 100.5dB @  31.2Hz   1x50mm    179 mm 
                 29.7l @  30.4Hz  =>   96.0dB   21W 100.5dB @  29.5Hz   1x50mm    156 mm 
                 33.3l @  29.3Hz  =>   95.0dB   17W 100.5dB @  27.9Hz   1x50mm    135 mm 
             *   37.3l @  28.3Hz  =>   94.0dB   14W 100.5dB @  26.3Hz   1x50mm    117 mm 
                 41.8l @  27.3Hz  =>   93.0dB   11W 100.5dB @  24.9Hz   1x50mm    100 mm 
                 46.8l @  26.3Hz  =>   92.1dB    9W 100.5dB @  23.5Hz   1x50mm     86 mm 
                 52.4l @  25.3Hz  =>   91.1dB    7W 100.5dB @  22.2Hz   1x50mm     72 mm 

-------------
15W4531G00                             87.0dB   60W                      1x50mm
Rpre   Spl         Vb      fb         SplMech Pmech  SplEle     f3       dv       lv

0.20  86.1dB:     7.2l @  50.3Hz  =>  107.8dB  349W 100.1dB @  58.1Hz   1x50mm    497 mm 
                  8.1l @  48.5Hz  =>  106.8dB  279W 100.1dB @  54.9Hz   1x50mm    440 mm 
                  9.0l @  46.8Hz  =>  105.8dB  222W 100.1dB @  51.9Hz   1x50mm    389 mm 
             *   10.1l @  45.1Hz  =>  104.8dB  177W 100.1dB @  49.0Hz   1x50mm    343 mm 
                 11.3l @  43.5Hz  =>  103.8dB  141W 100.1dB @  46.3Hz   1x50mm    303 mm 
                 12.7l @  42.0Hz  =>  102.8dB  112W 100.1dB @  43.8Hz   1x50mm    266 mm 
                 14.2l @  40.5Hz  =>  101.9dB   90W 100.1dB @  41.4Hz   1x50mm    234 mm 

0.60  85.6dB:     9.5l @  46.0Hz  =>  105.3dB  222W  99.7dB @  50.5Hz   1x50mm    367 mm 
                 10.7l @  44.4Hz  =>  104.4dB  177W  99.7dB @  47.7Hz   1x50mm    324 mm 
                 12.0l @  42.8Hz  =>  103.4dB  141W  99.7dB @  45.1Hz   1x50mm    285 mm 
             *   13.4l @  41.3Hz  =>  102.4dB  112W  99.7dB @  42.6Hz   1x50mm    251 mm 
                 15.0l @  39.8Hz  =>  101.4dB   90W  99.7dB @  40.3Hz   1x50mm    220 mm 
                 16.8l @  38.4Hz  =>  100.4dB   71W  99.7dB @  38.1Hz   1x50mm    192 mm 
                 18.8l @  37.0Hz  =>   99.4dB   57W  99.7dB @  36.0Hz   1x50mm    168 mm 

1.00  85.2dB:    12.3l @  42.5Hz  =>  103.2dB  148W  99.2dB @  44.6Hz   1x50mm    277 mm 
                 13.7l @  41.0Hz  =>  102.2dB  118W  99.2dB @  42.1Hz   1x50mm    244 mm 
                 15.4l @  39.5Hz  =>  101.2dB   94W  99.2dB @  39.8Hz   1x50mm    214 mm 
             *   17.2l @  38.1Hz  =>  100.2dB   75W  99.2dB @  37.6Hz   1x50mm    187 mm 
                 19.3l @  36.7Hz  =>   99.2dB   60W  99.2dB @  35.5Hz   1x50mm    163 mm 
                 21.6l @  35.4Hz  =>   98.2dB   48W  99.2dB @  33.6Hz   1x50mm    142 mm 
                 24.2l @  34.2Hz  =>   97.3dB   38W  99.2dB @  31.7Hz   1x50mm    123 mm 

-------------
15W8530K00                             85.0dB   60W                      1x50mm
Rpre   Spl         Vb      fb         SplMech Pmech  SplEle     f3       dv       lv

0.20  85.9dB:     7.8l @  45.1Hz  =>  107.4dB  195W 102.2dB @  56.7Hz - 1x40mm    502 mm 
                  8.8l @  43.5Hz  =>  106.4dB  155W 102.2dB @  53.6Hz - 1x40mm    445 mm 
                  9.8l @  42.0Hz  =>  105.4dB  124W 102.2dB @  50.7Hz   1x50mm    626 mm 
             *   11.0l @  40.5Hz  =>  104.4dB   99W 102.2dB @  47.9Hz   1x50mm    555 mm 
                 12.3l @  39.0Hz  =>  103.4dB   79W 102.2dB @  45.2Hz   1x50mm    491 mm 
                 13.8l @  37.6Hz  =>  102.4dB   63W 102.2dB @  42.7Hz   1x50mm    435 mm 
                 15.4l @  36.3Hz  =>  101.4dB   50W 102.2dB @  40.4Hz   1x50mm    384 mm 

0.60  85.6dB:     9.3l @  42.7Hz  =>  105.8dB  147W 102.0dB @  52.0Hz   1x50mm    661 mm 
                 10.4l @  41.1Hz  =>  104.9dB  117W 102.0dB @  49.1Hz   1x50mm    586 mm 
                 11.7l @  39.7Hz  =>  103.9dB   93W 102.0dB @  46.4Hz   1x50mm    520 mm 
             *   13.1l @  38.3Hz  =>  102.9dB   74W 102.0dB @  43.9Hz   1x50mm    460 mm 
                 14.7l @  36.9Hz  =>  101.9dB   59W 102.0dB @  41.5Hz   1x50mm    407 mm 
                 16.4l @  35.6Hz  =>  100.9dB   47W 102.0dB @  39.2Hz   1x50mm    359 mm 
                 18.4l @  34.3Hz  =>   99.9dB   38W 102.0dB @  37.0Hz   1x50mm    317 mm 

1.00  85.3dB:    11.0l @  40.5Hz  =>  104.4dB  113W 101.7dB @  47.9Hz   1x50mm    556 mm 
                 12.3l @  39.1Hz  =>  103.4dB   90W 101.7dB @  45.3Hz   1x50mm    493 mm 
                 13.8l @  37.7Hz  =>  102.5dB   72W 101.7dB @  42.8Hz   1x50mm    436 mm 
             *   15.4l @  36.3Hz  =>  101.5dB   57W 101.7dB @  40.4Hz   1x50mm    385 mm 
                 17.3l @  35.0Hz  =>  100.5dB   45W 101.7dB @  38.2Hz   1x50mm    340 mm 
                 19.3l @  33.8Hz  =>   99.5dB   36W 101.7dB @  36.1Hz   1x50mm    300 mm 
                 21.6l @  32.6Hz  =>   98.5dB   29W 101.7dB @  34.1Hz   1x50mm    264 mm 

-------------
15W8530K01                             85.0dB   60W                      1x50mm
Rpre   Spl         Vb      fb         SplMech Pmech  SplEle     f3       dv       lv

0.20  84.7dB:    16.2l @  35.8Hz  =>  101.1dB   60W 101.1dB @  39.5Hz   1x50mm    366 mm 
                 18.1l @  34.5Hz  =>  100.1dB   48W 101.1dB @  37.3Hz   1x50mm    323 mm 
                 20.3l @  33.3Hz  =>   99.1dB   38W 101.1dB @  35.3Hz   1x50mm    284 mm 
             *   22.7l @  32.1Hz  =>   98.1dB   30W 101.1dB @  33.3Hz   1x50mm    250 mm 
                 25.4l @  30.9Hz  =>   97.1dB   24W 101.1dB @  31.5Hz   1x50mm    219 mm 
                 28.5l @  29.8Hz  =>   96.1dB   19W 101.1dB @  29.7Hz   1x50mm    192 mm 
                 31.9l @  28.8Hz  =>   95.2dB   15W 101.1dB @  28.1Hz   1x50mm    167 mm 

0.60  84.4dB:    19.2l @  33.9Hz  =>   99.6dB   45W 100.8dB @  36.3Hz   1x50mm    303 mm 
                 21.5l @  32.7Hz  =>   98.6dB   36W 100.8dB @  34.3Hz   1x50mm    266 mm 
                 24.1l @  31.5Hz  =>   97.6dB   29W 100.8dB @  32.4Hz   1x50mm    234 mm 
             *   26.9l @  30.4Hz  =>   96.6dB   23W 100.8dB @  30.6Hz   1x50mm    205 mm 
                 30.2l @  29.3Hz  =>   95.6dB   18W 100.8dB @  28.9Hz   1x50mm    179 mm 
                 33.8l @  28.2Hz  =>   94.6dB   15W 100.8dB @  27.3Hz   1x50mm    156 mm 
                 37.8l @  27.2Hz  =>   93.7dB   12W 100.8dB @  25.8Hz   1x50mm    135 mm 

1.00  84.1dB:    22.5l @  32.2Hz  =>   98.2dB   35W 100.5dB @  33.5Hz   1x50mm    252 mm 
                 25.2l @  31.0Hz  =>   97.2dB   28W 100.5dB @  31.6Hz   1x50mm    221 mm 
                 28.2l @  29.9Hz  =>   96.2dB   22W 100.5dB @  29.9Hz   1x50mm    194 mm 
             *   31.6l @  28.9Hz  =>   95.2dB   18W 100.5dB @  28.2Hz   1x50mm    169 mm 
                 35.4l @  27.8Hz  =>   94.2dB   14W 100.5dB @  26.7Hz   1x50mm    147 mm 
                 39.6l @  26.8Hz  =>   93.3dB   11W 100.5dB @  25.2Hz   1x50mm    127 mm 
                 44.4l @  25.9Hz  =>   92.3dB    9W 100.5dB @  23.8Hz   1x50mm    110 mm 

-------------
18S8535-00                             86.0dB   70W                      1x70mm
Rpre   Spl         Vb      fb         SplMech Pmech  SplEle     f3       dv       lv

0.20  86.0dB:    57.3l @  28.0Hz  =>   96.9dB   17W 103.0dB @  29.1Hz   1x70mm    245 mm 
                 64.2l @  27.0Hz  =>   95.9dB   13W 103.0dB @  27.5Hz   1x70mm    213 mm 
                 71.9l @  26.0Hz  =>   94.9dB   11W 103.0dB @  26.0Hz   1x70mm    185 mm 
             *   80.5l @  25.1Hz  =>   93.9dB    9W 103.0dB @  24.6Hz   1x70mm    160 mm 
                 90.2l @  24.2Hz  =>   92.9dB    7W 103.0dB @  23.2Hz   1x70mm    137 mm 
                101.0l @  23.3Hz  =>   91.9dB    5W 103.0dB @  22.0Hz   1x70mm    117 mm 
                113.1l @  22.5Hz  =>   91.0dB    4W 103.0dB @  20.7Hz   1x70mm     99 mm 

0.60  85.7dB:    66.9l @  26.6Hz  =>   95.5dB   13W 102.8dB @  27.0Hz   1x70mm    203 mm 
                 74.9l @  25.7Hz  =>   94.5dB   11W 102.8dB @  25.5Hz   1x70mm    175 mm 
                 83.9l @  24.8Hz  =>   93.6dB    8W 102.8dB @  24.1Hz   1x70mm    151 mm 
             *   93.9l @  23.9Hz  =>   92.6dB    7W 102.8dB @  22.8Hz   1x70mm    129 mm 
                105.2l @  23.0Hz  =>   91.6dB    5W 102.8dB @  21.5Hz   1x70mm    110 mm 
                117.8l @  22.2Hz  =>   90.6dB    4W 102.8dB @  20.3Hz   1x70mm     93 mm 
                132.0l @  21.4Hz  =>   89.6dB    3W 102.8dB @  19.2Hz   1x70mm     77 mm 

1.00  85.5dB:    77.2l @  25.4Hz  =>   94.3dB   11W 102.5dB @  25.1Hz   1x70mm    169 mm 
                 86.4l @  24.5Hz  =>   93.3dB    8W 102.5dB @  23.7Hz   1x70mm    145 mm 
                 96.8l @  23.7Hz  =>   92.3dB    7W 102.5dB @  22.4Hz   1x70mm    124 mm 
             *  108.4l @  22.8Hz  =>   91.3dB    5W 102.5dB @  21.2Hz   1x70mm    105 mm 
                121.4l @  22.0Hz  =>   90.3dB    4W 102.5dB @  20.0Hz   1x70mm     89 mm 
                136.0l @  21.2Hz  =>   89.4dB    3W 102.5dB @  18.9Hz   1x70mm     74 mm 
                152.3l @  20.5Hz  =>   88.4dB    3W 102.5dB @  17.9Hz   1x70mm     60 mm 

-------------
18W8434G00                             88.7dB   55W                      1x70mm
Rpre   Spl         Vb      fb         SplMech Pmech  SplEle     f3       dv       lv

0.20  88.9dB:    20.7l @  49.1Hz  =>  104.1dB   47W 104.8dB @  48.7Hz   1x70mm    172 mm 
                 23.2l @  47.4Hz  =>  103.1dB   37W 104.8dB @  46.0Hz   1x70mm    148 mm 
                 25.9l @  45.7Hz  =>  102.1dB   30W 104.8dB @  43.5Hz   1x70mm    126 mm 
             *   29.1l @  44.1Hz  =>  101.1dB   24W 104.8dB @  41.1Hz   1x70mm    107 mm 
                 32.5l @  42.5Hz  =>  100.1dB   19W 104.8dB @  38.8Hz   1x70mm     90 mm 
                 36.4l @  41.0Hz  =>   99.2dB   15W 104.8dB @  36.7Hz   1x70mm     75 mm 
                 40.8l @  39.5Hz  =>   98.2dB   12W 104.8dB @  34.7Hz   1x70mm     62 mm 

0.60  88.7dB:    24.8l @  46.4Hz  =>  102.5dB   35W 104.5dB @  44.5Hz   1x70mm    135 mm 
                 27.7l @  44.7Hz  =>  101.5dB   28W 104.5dB @  42.1Hz   1x70mm    115 mm 
                 31.0l @  43.1Hz  =>  100.6dB   22W 104.5dB @  39.7Hz   1x70mm     97 mm 
             *   34.8l @  41.6Hz  =>   99.6dB   18W 104.5dB @  37.6Hz   1x70mm     81 mm 
                 38.9l @  40.1Hz  =>   98.6dB   14W 104.5dB @  35.5Hz   1x70mm     67 mm 
                 43.6l @  38.7Hz  =>   97.6dB   11W 104.5dB @  33.5Hz   1x70mm     54 mm 
                 48.9l @  37.3Hz  =>   96.6dB    9W 104.5dB @  31.7Hz   1x70mm     43 mm 

1.00  88.4dB:    29.3l @  44.0Hz  =>  101.1dB   27W 104.2dB @  40.9Hz   1x70mm    106 mm 
                 32.8l @  42.4Hz  =>  100.1dB   21W 104.2dB @  38.7Hz   1x70mm     89 mm 
                 36.7l @  40.9Hz  =>   99.1dB   17W 104.2dB @  36.5Hz   1x70mm     74 mm 
             *   41.1l @  39.4Hz  =>   98.1dB   13W 104.2dB @  34.5Hz   1x70mm     61 mm 
                 46.1l @  38.0Hz  =>   97.1dB   11W 104.2dB @  32.6Hz   1x70mm     49 mm 
                 51.6l @  36.7Hz  =>   96.1dB    9W 104.2dB @  30.8Hz   1x70mm     38 mm 
                 57.8l @  35.4Hz  =>   95.2dB    7W 104.2dB @  29.1Hz   1x70mm     29 mm 

-------------
18W8434G00                             88.7dB   55W                      1x70mm
Rpre   Spl         Vb      fb         SplMech Pmech  SplEle     f3       dv       lv

0.20  88.9dB:    20.7l @  49.1Hz  =>  104.1dB   47W 104.8dB @  48.7Hz   1x70mm    172 mm 
                 23.2l @  47.4Hz  =>  103.1dB   37W 104.8dB @  46.0Hz   1x70mm    148 mm 
                 25.9l @  45.7Hz  =>  102.1dB   30W 104.8dB @  43.5Hz   1x70mm    126 mm 
             *   29.1l @  44.1Hz  =>  101.1dB   24W 104.8dB @  41.1Hz   1x70mm    107 mm 
                 32.5l @  42.5Hz  =>  100.1dB   19W 104.8dB @  38.8Hz   1x70mm     90 mm 
                 36.4l @  41.0Hz  =>   99.2dB   15W 104.8dB @  36.7Hz   1x70mm     75 mm 
                 40.8l @  39.5Hz  =>   98.2dB   12W 104.8dB @  34.7Hz   1x70mm     62 mm 

0.60  88.7dB:    24.8l @  46.4Hz  =>  102.5dB   35W 104.5dB @  44.5Hz   1x70mm    135 mm 
                 27.7l @  44.7Hz  =>  101.5dB   28W 104.5dB @  42.1Hz   1x70mm    115 mm 
                 31.0l @  43.1Hz  =>  100.6dB   22W 104.5dB @  39.7Hz   1x70mm     97 mm 
             *   34.8l @  41.6Hz  =>   99.6dB   18W 104.5dB @  37.6Hz   1x70mm     81 mm 
                 38.9l @  40.1Hz  =>   98.6dB   14W 104.5dB @  35.5Hz   1x70mm     67 mm 
                 43.6l @  38.7Hz  =>   97.6dB   11W 104.5dB @  33.5Hz   1x70mm     54 mm 
                 48.9l @  37.3Hz  =>   96.6dB    9W 104.5dB @  31.7Hz   1x70mm     43 mm 

1.00  88.4dB:    29.3l @  44.0Hz  =>  101.1dB   27W 104.2dB @  40.9Hz   1x70mm    106 mm 
                 32.8l @  42.4Hz  =>  100.1dB   21W 104.2dB @  38.7Hz   1x70mm     89 mm 
                 36.7l @  40.9Hz  =>   99.1dB   17W 104.2dB @  36.5Hz   1x70mm     74 mm 
             *   41.1l @  39.4Hz  =>   98.1dB   13W 104.2dB @  34.5Hz   1x70mm     61 mm 
                 46.1l @  38.0Hz  =>   97.1dB   11W 104.2dB @  32.6Hz   1x70mm     49 mm 
                 51.6l @  36.7Hz  =>   96.1dB    9W 104.2dB @  30.8Hz   1x70mm     38 mm 
                 57.8l @  35.4Hz  =>   95.2dB    7W 104.2dB @  29.1Hz   1x70mm     29 mm 

-------------
18W8531G                               87.0dB   60W                      1x70mm
Rpre   Spl         Vb      fb         SplMech Pmech  SplEle     f3       dv       lv

0.20  86.9dB:    36.8l @  32.6Hz  =>  103.2dB   58W 103.3dB @  35.5Hz   1x70mm    346 mm 
                 41.2l @  31.4Hz  =>  102.2dB   46W 103.3dB @  33.5Hz   1x70mm    304 mm 
                 46.2l @  30.3Hz  =>  101.2dB   37W 103.3dB @  31.7Hz   1x70mm    266 mm 
             *   51.7l @  29.2Hz  =>  100.2dB   29W 103.3dB @  29.9Hz   1x70mm    232 mm 
                 57.9l @  28.2Hz  =>   99.2dB   24W 103.3dB @  28.3Hz   1x70mm    201 mm 
                 64.8l @  27.2Hz  =>   98.2dB   19W 103.3dB @  26.7Hz   1x70mm    174 mm 
                 72.6l @  26.2Hz  =>   97.2dB   15W 103.3dB @  25.2Hz   1x70mm    150 mm 

0.60  86.6dB:    43.7l @  30.8Hz  =>  101.7dB   44W 103.0dB @  32.5Hz   1x70mm    284 mm 
                 48.9l @  29.7Hz  =>  100.7dB   35W 103.0dB @  30.8Hz   1x70mm    248 mm 
                 54.8l @  28.7Hz  =>   99.7dB   28W 103.0dB @  29.1Hz   1x70mm    216 mm 
             *   61.3l @  27.7Hz  =>   98.7dB   22W 103.0dB @  27.5Hz   1x70mm    187 mm 
                 68.7l @  26.7Hz  =>   97.7dB   18W 103.0dB @  25.9Hz   1x70mm    162 mm 
                 77.0l @  25.7Hz  =>   96.7dB   14W 103.0dB @  24.5Hz   1x70mm    139 mm 
                 86.2l @  24.8Hz  =>   95.8dB   11W 103.0dB @  23.2Hz   1x70mm    119 mm 

1.00  86.4dB:    51.2l @  29.3Hz  =>  100.3dB   34W 102.7dB @  30.0Hz   1x70mm    234 mm 
                 57.4l @  28.2Hz  =>   99.3dB   27W 102.7dB @  28.4Hz   1x70mm    204 mm 
                 64.3l @  27.2Hz  =>   98.3dB   22W 102.7dB @  26.8Hz   1x70mm    176 mm 
             *   72.0l @  26.3Hz  =>   97.3dB   17W 102.7dB @  25.3Hz   1x70mm    152 mm 
                 80.6l @  25.3Hz  =>   96.3dB   14W 102.7dB @  24.0Hz   1x70mm    130 mm 
                 90.3l @  24.4Hz  =>   95.4dB   11W 102.7dB @  22.6Hz   1x70mm    111 mm 
                101.1l @  23.6Hz  =>   94.4dB    9W 102.7dB @  21.4Hz   1x70mm     93 mm 

-------------
18W8545-00                             88.0dB  100W                      1x70mm
Rpre   Spl         Vb      fb         SplMech Pmech  SplEle     f3       dv       lv

0.20  87.1dB:    12.3l @  43.3Hz  =>  110.6dB  324W 105.5dB @  55.4Hz - 1x50mm    573 mm 
                 13.7l @  41.8Hz  =>  109.6dB  258W 105.5dB @  52.4Hz - 1x50mm    507 mm 
                 15.4l @  40.3Hz  =>  108.6dB  206W 105.5dB @  49.5Hz - 1x50mm    449 mm 
             *   17.2l @  38.9Hz  =>  107.7dB  164W 105.5dB @  46.8Hz - 1x50mm    397 mm 
                 19.3l @  37.5Hz  =>  106.7dB  131W 105.5dB @  44.2Hz - 1x50mm    351 mm 
                 21.6l @  36.2Hz  =>  105.7dB  104W 105.5dB @  41.7Hz   1x70mm    626 mm 
                 24.2l @  34.9Hz  =>  104.7dB   83W 105.5dB @  39.4Hz   1x70mm    554 mm 

0.60  86.8dB:    14.5l @  41.0Hz  =>  109.1dB  246W 105.2dB @  50.9Hz - 1x50mm    477 mm 
                 16.3l @  39.6Hz  =>  108.1dB  197W 105.2dB @  48.1Hz - 1x50mm    422 mm 
                 18.2l @  38.2Hz  =>  107.2dB  157W 105.2dB @  45.4Hz - 1x50mm    373 mm 
             *   20.4l @  36.8Hz  =>  106.2dB  125W 105.2dB @  42.9Hz   1x70mm    665 mm 
                 22.9l @  35.5Hz  =>  105.2dB  100W 105.2dB @  40.6Hz   1x70mm    588 mm 
                 25.6l @  34.2Hz  =>  104.2dB   79W 105.2dB @  38.3Hz   1x70mm    520 mm 
                 28.7l @  33.0Hz  =>  103.2dB   63W 105.2dB @  36.2Hz   1x70mm    459 mm 

1.00  86.6dB:    17.0l @  39.0Hz  =>  107.8dB  191W 104.9dB @  47.0Hz - 1x50mm    402 mm 
                 19.1l @  37.6Hz  =>  106.8dB  152W 104.9dB @  44.4Hz - 1x50mm    355 mm 
                 21.4l @  36.3Hz  =>  105.8dB  122W 104.9dB @  42.0Hz   1x70mm    633 mm 
             *   23.9l @  35.0Hz  =>  104.8dB   97W 104.9dB @  39.7Hz   1x70mm    560 mm 
                 26.8l @  33.7Hz  =>  103.8dB   77W 104.9dB @  37.5Hz   1x70mm    495 mm 
                 30.0l @  32.5Hz  =>  102.8dB   62W 104.9dB @  35.4Hz   1x70mm    436 mm 
                 33.6l @  31.4Hz  =>  101.8dB   49W 104.9dB @  33.5Hz   1x70mm    384 mm 

-------------
18W8545K00                             87.5dB  100W                      1x70mm
Rpre   Spl         Vb      fb         SplMech Pmech  SplEle     f3       dv       lv

0.20  87.1dB:    14.9l @  40.7Hz  =>  108.9dB  218W 105.5dB @  50.2Hz - 1x50mm    464 mm 
                 16.7l @  39.2Hz  =>  107.9dB  174W 105.5dB @  47.4Hz - 1x50mm    410 mm 
                 18.7l @  37.8Hz  =>  106.9dB  139W 105.5dB @  44.8Hz - 1x50mm    362 mm 
             *   21.0l @  36.5Hz  =>  106.0dB  111W 105.5dB @  42.4Hz   1x70mm    646 mm 
                 23.5l @  35.2Hz  =>  105.0dB   88W 105.5dB @  40.0Hz   1x70mm    572 mm 
                 26.3l @  33.9Hz  =>  104.0dB   70W 105.5dB @  37.8Hz   1x70mm    505 mm 
                 29.5l @  32.7Hz  =>  103.0dB   56W 105.5dB @  35.7Hz   1x70mm    445 mm 

0.60  86.8dB:    17.9l @  38.4Hz  =>  107.3dB  162W 105.2dB @  45.8Hz - 1x50mm    380 mm 
                 20.1l @  37.0Hz  =>  106.3dB  129W 105.2dB @  43.3Hz   1x70mm    677 mm 
                 22.5l @  35.7Hz  =>  105.3dB  103W 105.2dB @  40.9Hz   1x70mm    599 mm 
             *   25.2l @  34.4Hz  =>  104.4dB   82W 105.2dB @  38.7Hz   1x70mm    530 mm 
                 28.2l @  33.2Hz  =>  103.4dB   65W 105.2dB @  36.5Hz   1x70mm    467 mm 
                 31.6l @  32.0Hz  =>  102.4dB   52W 105.2dB @  34.5Hz   1x70mm    412 mm 
                 35.4l @  30.9Hz  =>  101.4dB   42W 105.2dB @  32.6Hz   1x70mm    362 mm 

1.00  86.6dB:    21.3l @  36.3Hz  =>  105.8dB  123W 104.9dB @  42.1Hz   1x70mm    637 mm 
                 23.8l @  35.0Hz  =>  104.8dB   98W 104.9dB @  39.7Hz   1x70mm    563 mm 
                 26.7l @  33.8Hz  =>  103.9dB   78W 104.9dB @  37.6Hz   1x70mm    497 mm 
             *   29.9l @  32.6Hz  =>  102.9dB   62W 104.9dB @  35.5Hz   1x70mm    438 mm 
                 33.5l @  31.4Hz  =>  101.9dB   50W 104.9dB @  33.5Hz   1x70mm    386 mm 
                 37.5l @  30.3Hz  =>  100.9dB   39W 104.9dB @  31.7Hz   1x70mm    339 mm 
                 42.0l @  29.2Hz  =>   99.9dB   31W 104.9dB @  29.9Hz   1x70mm    297 mm 

-------------
22W4534G00                             92.4dB   70W                      1x70mm
Rpre   Spl         Vb      fb         SplMech Pmech  SplEle     f3       dv       lv

0.20  89.6dB:    41.0l @  35.5Hz  =>  109.5dB  260W 103.8dB @  43.2Hz   1x70mm    396 mm 
                 45.9l @  34.2Hz  =>  108.5dB  207W 103.8dB @  40.8Hz   1x70mm    348 mm 
                 51.4l @  33.0Hz  =>  107.5dB  165W 103.8dB @  38.6Hz   1x70mm    306 mm 
             *   57.6l @  31.8Hz  =>  106.5dB  132W 103.8dB @  36.5Hz   1x70mm    267 mm 
                 64.5l @  30.7Hz  =>  105.6dB  105W 103.8dB @  34.4Hz   1x70mm    233 mm 
                 72.3l @  29.6Hz  =>  104.6dB   84W 103.8dB @  32.6Hz   1x70mm    203 mm 
                 80.9l @  28.5Hz  =>  103.6dB   67W 103.8dB @  30.8Hz   1x70mm    176 mm 

0.60  89.1dB:    56.3l @  32.1Hz  =>  106.7dB  155W 103.3dB @  36.9Hz   1x70mm    275 mm 
                 63.0l @  30.9Hz  =>  105.8dB  124W 103.3dB @  34.8Hz   1x70mm    240 mm 
                 70.6l @  29.8Hz  =>  104.8dB   99W 103.3dB @  32.9Hz   1x70mm    209 mm 
             *   79.1l @  28.8Hz  =>  103.8dB   79W 103.3dB @  31.1Hz   1x70mm    181 mm 
                 88.6l @  27.7Hz  =>  102.8dB   63W 103.3dB @  29.4Hz   1x70mm    156 mm 
                 99.2l @  26.7Hz  =>  101.8dB   50W 103.3dB @  27.8Hz   1x70mm    134 mm 
                111.1l @  25.8Hz  =>  100.8dB   40W 103.3dB @  26.3Hz   1x70mm    114 mm 

1.00  88.6dB:    74.6l @  29.3Hz  =>  104.3dB   98W 102.8dB @  32.0Hz   1x70mm    195 mm 
                 83.5l @  28.3Hz  =>  103.3dB   78W 102.8dB @  30.3Hz   1x70mm    169 mm 
                 93.5l @  27.3Hz  =>  102.3dB   63W 102.8dB @  28.6Hz   1x70mm    145 mm 
             *  104.8l @  26.3Hz  =>  101.4dB   50W 102.8dB @  27.0Hz   1x70mm    124 mm 
                117.3l @  25.3Hz  =>  100.4dB   40W 102.8dB @  25.5Hz   1x70mm    105 mm 
                131.4l @  24.4Hz  =>   99.4dB   32W 102.8dB @  24.1Hz   1x70mm     88 mm 
                147.2l @  23.6Hz  =>   98.4dB   25W 102.8dB @  22.8Hz   1x70mm     73 mm 

-------------
22W8534G00                             88.8dB   70W                      1x70mm
Rpre   Spl         Vb      fb         SplMech Pmech  SplEle     f3       dv       lv

0.20  89.4dB:    72.1l @  32.7Hz  =>  105.5dB   55W 106.5dB @  34.3Hz   1x70mm    126 mm 
                 80.7l @  31.5Hz  =>  104.5dB   44W 106.5dB @  32.4Hz   1x70mm    107 mm 
                 90.4l @  30.4Hz  =>  103.5dB   35W 106.5dB @  30.6Hz   1x70mm     90 mm 
             *  101.2l @  29.3Hz  =>  102.5dB   28W 106.5dB @  28.9Hz   1x70mm     75 mm 
                113.4l @  28.3Hz  =>  101.5dB   22W 106.5dB @  27.3Hz   1x70mm     61 mm 
                127.0l @  27.3Hz  =>  100.6dB   18W 106.5dB @  25.8Hz   1x70mm     49 mm 
                142.2l @  26.3Hz  =>   99.6dB   14W 106.5dB @  24.4Hz   1x70mm     38 mm 

0.60  89.1dB:    84.9l @  31.0Hz  =>  104.1dB   42W 106.3dB @  31.6Hz   1x70mm     99 mm 
                 95.1l @  29.9Hz  =>  103.1dB   34W 106.3dB @  29.9Hz   1x70mm     83 mm 
                106.5l @  28.8Hz  =>  102.1dB   27W 106.3dB @  28.2Hz   1x70mm     68 mm 
             *  119.3l @  27.8Hz  =>  101.1dB   21W 106.3dB @  26.7Hz   1x70mm     56 mm 
                133.6l @  26.8Hz  =>  100.1dB   17W 106.3dB @  25.2Hz   1x70mm     44 mm 
                149.6l @  25.9Hz  =>   99.1dB   14W 106.3dB @  23.8Hz   1x70mm     34 mm 
                167.6l @  24.9Hz  =>   98.2dB   11W 106.3dB @  22.5Hz   1x70mm     25 mm 

1.00  88.9dB:    99.0l @  29.5Hz  =>  102.7dB   33W 106.0dB @  29.3Hz   1x70mm     78 mm 
                110.9l @  28.5Hz  =>  101.7dB   26W 106.0dB @  27.7Hz   1x70mm     64 mm 
                124.2l @  27.5Hz  =>  100.8dB   21W 106.0dB @  26.1Hz   1x70mm     51 mm 
             *  139.1l @  26.5Hz  =>   99.8dB   17W 106.0dB @  24.7Hz   1x70mm     40 mm 
                155.8l @  25.5Hz  =>   98.8dB   13W 106.0dB @  23.3Hz   1x70mm     31 mm 
                174.4l @  24.6Hz  =>   97.8dB   11W 106.0dB @  22.0Hz   1x70mm     22 mm 
                195.4l @  23.8Hz  =>   96.8dB    8W 106.0dB @  20.8Hz + 1x100mm    60 mm 

-------------
23W4557T00                             82.0dB  225W                      1x70mm
Rpre   Spl         Vb      fb         SplMech Pmech  SplEle     f3       dv       lv

0.20  80.1dB:    63.8l @  18.0Hz  =>  100.1dB  236W  99.9dB @  17.0Hz   1x70mm    398 mm 
                 71.4l @  17.4Hz  =>   99.1dB  188W  99.9dB @  16.0Hz   1x70mm    350 mm 
                 80.0l @  16.8Hz  =>   98.1dB  150W  99.9dB @  15.2Hz   1x70mm    307 mm 
             *   89.6l @  16.2Hz  =>   97.1dB  120W  99.9dB @  14.3Hz   1x70mm    269 mm 
                100.4l @  15.6Hz  =>   96.2dB   95W  99.9dB @  13.5Hz   1x70mm    234 mm 
                112.4l @  15.0Hz  =>   95.2dB   76W  99.9dB @  12.8Hz   1x70mm    204 mm 
                125.9l @  14.5Hz  =>   94.2dB   61W  99.9dB @  12.1Hz   1x70mm    177 mm 

0.60  79.6dB:    83.5l @  16.5Hz  =>   97.8dB  153W  99.4dB @  14.8Hz   1x70mm    292 mm 
                 93.6l @  15.9Hz  =>   96.8dB  122W  99.4dB @  14.0Hz   1x70mm    255 mm 
                104.8l @  15.4Hz  =>   95.8dB   97W  99.4dB @  13.3Hz   1x70mm    222 mm 
             *  117.4l @  14.8Hz  =>   94.8dB   77W  99.4dB @  12.5Hz   1x70mm    193 mm 
                131.5l @  14.3Hz  =>   93.8dB   62W  99.4dB @  11.8Hz   1x70mm    167 mm 
                147.2l @  13.8Hz  =>   92.8dB   49W  99.4dB @  11.2Hz   1x70mm    144 mm 
                164.9l @  13.3Hz  =>   91.8dB   39W  99.4dB @  10.6Hz   1x70mm    123 mm 

1.00  79.2dB:   106.3l @  15.3Hz  =>   95.7dB  104W  99.0dB @  13.2Hz   1x70mm    218 mm 
                119.1l @  14.8Hz  =>   94.7dB   83W  99.0dB @  12.4Hz   1x70mm    190 mm 
                133.4l @  14.2Hz  =>   93.7dB   66W  99.0dB @  11.7Hz   1x70mm    164 mm 
             *  149.4l @  13.7Hz  =>   92.7dB   53W  99.0dB @  11.1Hz   1x70mm    141 mm 
                167.3l @  13.2Hz  =>   91.7dB   42W  99.0dB @  10.5Hz   1x70mm    120 mm 
                187.4l @  12.8Hz  =>   90.7dB   33W  99.0dB @   9.9Hz   1x70mm    102 mm 
                209.9l @  12.3Hz  =>   89.8dB   27W  99.0dB @   9.4Hz   1x70mm     85 mm 

-------------
23W4557T02                             82.0dB  225W                      1x70mm
Rpre   Spl         Vb      fb         SplMech Pmech  SplEle     f3       dv       lv

0.20  80.1dB:    63.8l @  18.0Hz  =>  100.1dB  236W  99.9dB @  17.0Hz   1x70mm    398 mm 
                 71.4l @  17.4Hz  =>   99.1dB  188W  99.9dB @  16.0Hz   1x70mm    350 mm 
                 80.0l @  16.8Hz  =>   98.1dB  150W  99.9dB @  15.2Hz   1x70mm    307 mm 
             *   89.6l @  16.2Hz  =>   97.1dB  120W  99.9dB @  14.3Hz   1x70mm    269 mm 
                100.4l @  15.6Hz  =>   96.2dB   95W  99.9dB @  13.5Hz   1x70mm    234 mm 
                112.4l @  15.0Hz  =>   95.2dB   76W  99.9dB @  12.8Hz   1x70mm    204 mm 
                125.9l @  14.5Hz  =>   94.2dB   61W  99.9dB @  12.1Hz   1x70mm    177 mm 

0.60  79.6dB:    83.5l @  16.5Hz  =>   97.8dB  153W  99.4dB @  14.8Hz   1x70mm    292 mm 
                 93.6l @  15.9Hz  =>   96.8dB  122W  99.4dB @  14.0Hz   1x70mm    255 mm 
                104.8l @  15.4Hz  =>   95.8dB   97W  99.4dB @  13.3Hz   1x70mm    222 mm 
             *  117.4l @  14.8Hz  =>   94.8dB   77W  99.4dB @  12.5Hz   1x70mm    193 mm 
                131.5l @  14.3Hz  =>   93.8dB   62W  99.4dB @  11.8Hz   1x70mm    167 mm 
                147.2l @  13.8Hz  =>   92.8dB   49W  99.4dB @  11.2Hz   1x70mm    144 mm 
                164.9l @  13.3Hz  =>   91.8dB   39W  99.4dB @  10.6Hz   1x70mm    123 mm 

1.00  79.2dB:   106.3l @  15.3Hz  =>   95.7dB  104W  99.0dB @  13.2Hz   1x70mm    218 mm 
                119.1l @  14.8Hz  =>   94.7dB   83W  99.0dB @  12.4Hz   1x70mm    190 mm 
                133.4l @  14.2Hz  =>   93.7dB   66W  99.0dB @  11.7Hz   1x70mm    164 mm 
             *  149.4l @  13.7Hz  =>   92.7dB   53W  99.0dB @  11.1Hz   1x70mm    141 mm 
                167.3l @  13.2Hz  =>   91.7dB   42W  99.0dB @  10.5Hz   1x70mm    120 mm 
                187.4l @  12.8Hz  =>   90.7dB   33W  99.0dB @   9.9Hz   1x70mm    102 mm 
                209.9l @  12.3Hz  =>   89.8dB   27W  99.0dB @   9.4Hz   1x70mm     85 mm 

-------------
26W4534G00                             90.5dB   90W                     1x100mm
Rpre   Spl         Vb      fb         SplMech Pmech  SplEle     f3       dv       lv

0.20  88.7dB:    97.6l @  26.7Hz  =>  106.4dB  123W 105.0dB @  29.1Hz   1x100mm   380 mm 
                109.3l @  25.8Hz  =>  105.4dB   98W 105.0dB @  27.5Hz   1x100mm   332 mm 
                122.4l @  24.9Hz  =>  104.4dB   78W 105.0dB @  26.0Hz   1x100mm   288 mm 
             *  137.1l @  24.0Hz  =>  103.4dB   62W 105.0dB @  24.5Hz   1x100mm   250 mm 
                153.5l @  23.1Hz  =>  102.4dB   50W 105.0dB @  23.2Hz   1x100mm   215 mm 
                171.9l @  22.3Hz  =>  101.5dB   40W 105.0dB @  21.9Hz   1x100mm   184 mm 
                192.6l @  21.5Hz  =>  100.5dB   32W 105.0dB @  20.7Hz   1x100mm   157 mm 

0.60  88.3dB:   126.8l @  24.6Hz  =>  104.1dB   80W 104.6dB @  25.5Hz   1x100mm   276 mm 
                142.0l @  23.7Hz  =>  103.1dB   64W 104.6dB @  24.1Hz   1x100mm   238 mm 
                159.1l @  22.9Hz  =>  102.1dB   51W 104.6dB @  22.8Hz   1x100mm   205 mm 
             *  178.2l @  22.0Hz  =>  101.1dB   41W 104.6dB @  21.5Hz   1x100mm   175 mm 
                199.6l @  21.3Hz  =>  100.2dB   32W 104.6dB @  20.3Hz   1x100mm   149 mm 
                223.5l @  20.5Hz  =>   99.2dB   26W 104.6dB @  19.2Hz   1x100mm   125 mm 
                250.3l @  19.8Hz  =>   98.2dB   21W 104.6dB @  18.2Hz   1x100mm   104 mm 

1.00  87.9dB:   161.0l @  22.8Hz  =>  102.0dB   54W 104.2dB @  22.6Hz   1x100mm   202 mm 
                180.3l @  22.0Hz  =>  101.0dB   43W 104.2dB @  21.4Hz   1x100mm   172 mm 
                201.9l @  21.2Hz  =>  100.1dB   34W 104.2dB @  20.2Hz   1x100mm   146 mm 
             *  226.2l @  20.4Hz  =>   99.1dB   27W 104.2dB @  19.1Hz   1x100mm   123 mm 
                253.3l @  19.7Hz  =>   98.1dB   22W 104.2dB @  18.0Hz   1x100mm   102 mm 
                283.7l @  19.0Hz  =>   97.1dB   17W 104.2dB @  17.1Hz   1x100mm    83 mm 
                317.8l @  18.3Hz  =>   96.1dB   14W 104.2dB @  16.1Hz   1x100mm    66 mm 

-------------
26W4558T00                             88.0dB  150W                     1x100mm
Rpre   Spl         Vb      fb         SplMech Pmech  SplEle     f3       dv       lv

0.20  85.8dB:    42.8l @  27.1Hz  =>  114.1dB 2073W 102.6dB @  31.3Hz - 1x70mm    556 mm 
                 48.0l @  26.1Hz  =>  113.1dB 1653W 102.6dB @  29.5Hz - 1x70mm    491 mm 
                 53.7l @  25.2Hz  =>  112.1dB 1317W 102.6dB @  27.9Hz - 1x70mm    433 mm 
             *   60.2l @  24.3Hz  =>  111.1dB 1050W 102.6dB @  26.4Hz - 1x70mm    381 mm 
                 67.4l @  23.4Hz  =>  110.1dB  837W 102.6dB @  24.9Hz - 1x70mm    335 mm 
                 75.5l @  22.6Hz  =>  109.1dB  667W 102.6dB @  23.5Hz   1x100mm   630 mm 
                 84.5l @  21.8Hz  =>  108.1dB  532W 102.6dB @  22.3Hz   1x100mm   555 mm 

0.60  85.2dB:    61.3l @  24.2Hz  =>  110.9dB 1156W 102.1dB @  26.1Hz - 1x70mm    373 mm 
                 68.7l @  23.3Hz  =>  110.0dB  922W 102.1dB @  24.7Hz   1x100mm   700 mm 
                 76.9l @  22.5Hz  =>  109.0dB  735W 102.1dB @  23.3Hz   1x100mm   617 mm 
             *   86.1l @  21.7Hz  =>  108.0dB  586W 102.1dB @  22.0Hz   1x100mm   543 mm 
                 96.5l @  20.9Hz  =>  107.0dB  467W 102.1dB @  20.8Hz   1x100mm   477 mm 
                108.0l @  20.1Hz  =>  106.0dB  372W 102.1dB @  19.7Hz   1x100mm   418 mm 
                121.0l @  19.4Hz  =>  105.0dB  297W 102.1dB @  18.6Hz   1x100mm   365 mm 

1.00  84.7dB:    83.9l @  21.8Hz  =>  108.2dB  695W 101.6dB @  22.3Hz   1x100mm   559 mm 
                 94.0l @  21.1Hz  =>  107.2dB  554W 101.6dB @  21.1Hz   1x100mm   492 mm 
                105.2l @  20.3Hz  =>  106.2dB  441W 101.6dB @  19.9Hz   1x100mm   431 mm 
             *  117.9l @  19.6Hz  =>  105.3dB  352W 101.6dB @  18.8Hz   1x100mm   377 mm 
                132.0l @  18.9Hz  =>  104.3dB  281W 101.6dB @  17.8Hz   1x100mm   329 mm 
                147.9l @  18.2Hz  =>  103.3dB  224W 101.6dB @  16.8Hz   1x100mm   286 mm 
                165.6l @  17.6Hz  =>  102.3dB  178W 101.6dB @  15.9Hz   1x100mm   247 mm 

-------------
26W8534G00                             89.0dB   80W                     1x100mm
Rpre   Spl         Vb      fb         SplMech Pmech  SplEle     f3       dv       lv

0.20  88.1dB:   126.2l @  24.3Hz  =>  103.8dB   53W 105.6dB @  25.1Hz   1x100mm   278 mm 
                141.3l @  23.4Hz  =>  102.8dB   42W 105.6dB @  23.7Hz   1x100mm   240 mm 
                158.3l @  22.6Hz  =>  101.8dB   33W 105.6dB @  22.4Hz   1x100mm   206 mm 
             *  177.3l @  21.8Hz  =>  100.8dB   27W 105.6dB @  21.2Hz   1x100mm   176 mm 
                198.5l @  21.0Hz  =>   99.9dB   21W 105.6dB @  20.0Hz   1x100mm   150 mm 
                222.4l @  20.3Hz  =>   98.9dB   17W 105.6dB @  18.9Hz   1x100mm   126 mm 
                249.0l @  19.6Hz  =>   97.9dB   13W 105.6dB @  17.9Hz   1x100mm   105 mm 

0.60  87.8dB:   151.0l @  23.0Hz  =>  102.2dB   39W 105.3dB @  22.9Hz   1x100mm   220 mm 
                169.1l @  22.1Hz  =>  101.3dB   31W 105.3dB @  21.7Hz   1x100mm   189 mm 
                189.4l @  21.3Hz  =>  100.3dB   25W 105.3dB @  20.5Hz   1x100mm   161 mm 
             *  212.1l @  20.6Hz  =>   99.3dB   20W 105.3dB @  19.3Hz   1x100mm   135 mm 
                237.5l @  19.9Hz  =>   98.3dB   16W 105.3dB @  18.3Hz   1x100mm   113 mm 
                266.0l @  19.1Hz  =>   97.3dB   13W 105.3dB @  17.3Hz   1x100mm    93 mm 
                298.0l @  18.5Hz  =>   96.3dB   10W 105.3dB @  16.3Hz   1x100mm    75 mm 

1.00  87.5dB:   178.6l @  21.8Hz  =>  100.8dB   30W 105.1dB @  21.1Hz   1x100mm   175 mm 
                200.0l @  21.0Hz  =>   99.8dB   24W 105.1dB @  19.9Hz   1x100mm   148 mm 
                224.0l @  20.2Hz  =>   98.8dB   19W 105.1dB @  18.8Hz   1x100mm   124 mm 
             *  250.9l @  19.5Hz  =>   97.8dB   15W 105.1dB @  17.8Hz   1x100mm   103 mm 
                281.0l @  18.8Hz  =>   96.8dB   12W 105.1dB @  16.8Hz   1x100mm    84 mm 
                314.7l @  18.1Hz  =>   95.9dB   10W 105.1dB @  15.9Hz   1x100mm    67 mm 
                352.4l @  17.5Hz  =>   94.9dB    8W 105.1dB @  15.0Hz   1x100mm    52 mm 

-------------
30W4558T00                             89.0dB  350W                     1x100mm
Rpre   Spl         Vb      fb         SplMech Pmech  SplEle     f3       dv       lv

0.20  86.1dB:    94.5l @  21.5Hz  =>  112.3dB 1292W 106.6dB @  24.5Hz - 1x70mm    369 mm 
                105.8l @  20.7Hz  =>  111.3dB 1030W 106.6dB @  23.2Hz   1x100mm   692 mm 
                118.5l @  20.0Hz  =>  110.3dB  821W 106.6dB @  21.9Hz   1x100mm   610 mm 
             *  132.8l @  19.3Hz  =>  109.3dB  655W 106.6dB @  20.7Hz   1x100mm   537 mm 
                148.7l @  18.6Hz  =>  108.4dB  522W 106.6dB @  19.6Hz   1x100mm   472 mm 
                166.5l @  17.9Hz  =>  107.4dB  416W 106.6dB @  18.5Hz   1x100mm   413 mm 
                186.5l @  17.3Hz  =>  106.4dB  332W 106.6dB @  17.5Hz   1x100mm   361 mm 
                208.9l @  16.7Hz  =>  105.4dB  264W 106.6dB @  16.5Hz   1x100mm   315 mm 
                234.0l @  16.1Hz  =>  104.4dB  211W 106.6dB @  15.6Hz   1x100mm   273 mm 
                262.1l @  15.5Hz  =>  103.4dB  168W 106.6dB @  14.7Hz   1x100mm   236 mm 
                293.5l @  15.0Hz  =>  102.4dB  134W 106.6dB @  13.9Hz   1x100mm   203 mm 
                328.7l @  14.4Hz  =>  101.5dB  107W 106.6dB @  13.2Hz   1x100mm   173 mm 
                368.2l @  13.9Hz  =>  100.5dB   85W 106.6dB @  12.4Hz   1x100mm   147 mm 
                412.4l @  13.4Hz  =>   99.5dB   68W 106.6dB @  11.8Hz   1x100mm   123 mm 
                461.9l @  12.9Hz  =>   98.5dB   54W 106.6dB @  11.1Hz   1x100mm   102 mm 
                517.3l @  12.5Hz  =>   97.5dB   43W 106.6dB @  10.5Hz   1x100mm    83 mm 
                579.3l @  12.0Hz  =>   96.5dB   34W 106.6dB @   9.9Hz   1x100mm    67 mm 
                648.9l @  11.6Hz  =>   95.6dB   27W 106.6dB @   9.4Hz   1x100mm    52 mm 
                726.7l @  11.2Hz  =>   94.6dB   22W 106.6dB @   8.9Hz   1x100mm    38 mm 
                813.9l @  10.8Hz  =>   93.6dB   17W 106.6dB @   8.4Hz   1x100mm    26 mm 
                911.6l @  10.4Hz  =>   92.6dB   14W 106.6dB @   7.9Hz + 2x100mm    74 mm 

0.60  85.5dB:   134.8l @  19.2Hz  =>  109.2dB  725W 106.0dB @  20.5Hz   1x100mm   528 mm 
                151.0l @  18.5Hz  =>  108.2dB  578W 106.0dB @  19.4Hz   1x100mm   463 mm 
                169.1l @  17.8Hz  =>  107.2dB  461W 106.0dB @  18.3Hz   1x100mm   406 mm 
             *  189.4l @  17.2Hz  =>  106.2dB  367W 106.0dB @  17.3Hz   1x100mm   354 mm 
                212.2l @  16.6Hz  =>  105.3dB  293W 106.0dB @  16.4Hz   1x100mm   309 mm 
                237.6l @  16.0Hz  =>  104.3dB  234W 106.0dB @  15.5Hz   1x100mm   268 mm 
                266.2l @  15.4Hz  =>  103.3dB  186W 106.0dB @  14.6Hz   1x100mm   231 mm 

1.00  85.0dB:   183.9l @  17.4Hz  =>  106.5dB  438W 105.5dB @  17.6Hz   1x100mm   367 mm 
                206.0l @  16.8Hz  =>  105.5dB  350W 105.5dB @  16.6Hz   1x100mm   320 mm 
                230.7l @  16.2Hz  =>  104.5dB  279W 105.5dB @  15.7Hz   1x100mm   278 mm 
             *  258.4l @  15.6Hz  =>  103.6dB  222W 105.5dB @  14.8Hz   1x100mm   240 mm 
                289.4l @  15.0Hz  =>  102.6dB  177W 105.5dB @  14.0Hz   1x100mm   207 mm 
                324.2l @  14.5Hz  =>  101.6dB  141W 105.5dB @  13.3Hz   1x100mm   177 mm 
                363.1l @  14.0Hz  =>  100.6dB  113W 105.5dB @  12.5Hz   1x100mm   150 mm 

