-------------
18S8535-00
                    86.0dB            70W
         qts   f3   Spl     SplMech Pmech  SplEle  
        0.41  38Hz  86.0dB   97.3dB   14W  104.4dB
-------------
23W4557T00
                    82.0dB           225W
         qts   f3   Spl     SplMech Pmech  SplEle  
        0.49  29Hz  80.1dB  105.4dB  339W  103.6dB
-------------
23W4557T02
                    82.0dB           225W
         qts   f3   Spl     SplMech Pmech  SplEle  
        0.49  29Hz  80.1dB  105.4dB  339W  103.6dB
-------------
26W8534G00
                    89.0dB            80W
         qts   f3   Spl     SplMech Pmech  SplEle  
        0.41  33Hz  88.1dB  104.8dB   47W  107.1dB
