                       fs    mms    cms    sag    pct
CA12RCY(H1152-08)     57.0    6.1  1.30   0.078  2.6% OK
CA15RLY (H1216-08)    44.0    7.7  1.70   0.128  2.6% OK
CA18RNX (H1215-08)    35.0   14.0  1.40   0.192  3.2% OK
CA22RNX               29.0   20.9  0.001  0.000  0.0% OK
CA26RE4X(H1316)       25.0   38.0  1.10   0.410 10.3% Not OK
CA26RFX(H1305)        29.0   36.0  0.800  0.283  4.0% OK
ER18RNX(H1456-06)     37.0   14.0  1.30   0.179  3.0% OK
L12RCY/P(H1207-08)    50.0    6.8  1.50   0.100  3.3% OK
L16RNX (H1488-04)     37.0   14.7  1.30   0.187  3.1% OK
L16RNX (H1488-08)     39.0   15.3  1.10   0.165  2.8% OK
L18RNX/P(H1224-08)    36.0   13.6  1.40   0.187  3.1% OK
L26RFX/P(H1209)       20.0   53.0  1.20   0.624  8.9% Not OK
L26RFX/P(H1209)       20.0   53.0  1.20   0.624  8.9% Not OK
L26RFX/P              20.0   53.0  1.20   0.624  8.9% Not OK
L26ROY                22.0  111.0  0.500  0.544  3.9% OK
L26RO4Y               24.0  173.0  0.260  0.441  3.2% OK
P21RF/P(H511)         34.0   22.0  1.000  0.216  5.4% Not OK
T18RE/XFCTV2(H1333)   26.0   14.0  2.70   0.371 12.4% Not OK
W18GP                 47.0   13.4  0.840  0.110  1.8% OK
W260 Classic          25.0   39.4  1.05   0.406 10.1% Not OK
