-------------
CA12RCY(H1152-08)
      86.0dB                             60W
Rpre   Spl      qtc    Vb     SplMech Pmech SplEle      f3

0.20  85.8dB:   0.5    3.4l: (106.3dB   141W 102.6dB) @ 130Hz
                0.6    1.9l: (105.3dB   112W 102.6dB) @ 123Hz
                0.7    1.3l: (105.4dB   113W 102.6dB) @ 123Hz
                0.8    0.9l: (106.8dB   157W 102.6dB) @ 134Hz
                0.9    0.7l: (107.3dB   175W 102.6dB) @ 138Hz
                1.0    0.6l: (107.8dB   199W 102.6dB) @ 142Hz
                1.1    0.5l: (108.6dB   237W 102.6dB) @ 148Hz
                1.1    0.5l: (105.7dB   123W 102.6dB) @ 126Hz (  275uF)

0.60  85.6dB:   0.5    4.0l: (105.5dB   123W 102.4dB) @ 124Hz
                0.6    2.2l: (104.5dB    97W 102.4dB) @ 117Hz
                0.7    1.5l: (104.5dB    98W 102.4dB) @ 117Hz
                0.8    1.0l: (105.9dB   136W 102.4dB) @ 127Hz
                0.9    0.8l: (106.4dB   152W 102.4dB) @ 131Hz
                1.0    0.6l: (107.0dB   173W 102.4dB) @ 135Hz
                1.1    0.5l: (107.7dB   206W 102.4dB) @ 141Hz
                1.1    0.5l: (104.9dB   107W 102.4dB) @ 120Hz (  289uF)

1.00  85.3dB:   0.5    4.8l: (104.7dB   108W 102.1dB) @ 118Hz
                0.6    2.6l: (103.6dB    85W 102.1dB) @ 112Hz
                0.7    1.7l: (103.7dB    86W 102.1dB) @ 112Hz
                0.8    1.2l: (105.1dB   119W 102.1dB) @ 121Hz
                0.9    0.9l: (105.6dB   133W 102.1dB) @ 125Hz
                1.0    0.7l: (106.1dB   152W 102.1dB) @ 129Hz
                1.1    0.6l: (106.9dB   180W 102.1dB) @ 135Hz
                1.1    0.6l: (104.0dB    94W 102.1dB) @ 114Hz (  303uF)

-------------
CA15RLY (H1216-08)
      87.5dB                             60W
Rpre   Spl      qtc    Vb     SplMech Pmech SplEle      f3

0.20  86.2dB:   0.5   14.0l: (107.7dB   199W 102.4dB) @  90Hz
                0.6    7.4l: (106.6dB   158W 102.4dB) @  85Hz
                0.7    4.8l: (106.7dB   159W 102.4dB) @  85Hz
                0.8    3.4l: (108.1dB   221W 102.4dB) @  93Hz
                0.9    2.5l: (108.6dB   247W 102.4dB) @  95Hz
                1.0    2.0l: (109.1dB   280W 102.4dB) @  98Hz
                1.1    1.6l: (109.9dB   334W 102.4dB) @ 103Hz
                1.1    1.6l: (107.0dB   173W 102.4dB) @  87Hz (  453uF)

0.60  85.9dB:   0.5   17.5l: (106.7dB   171W 102.2dB) @  86Hz
                0.6    8.8l: (105.7dB   136W 102.2dB) @  81Hz
                0.7    5.5l: (105.8dB   137W 102.2dB) @  81Hz
                0.8    3.9l: (107.2dB   190W 102.2dB) @  88Hz
                0.9    2.9l: (107.7dB   213W 102.2dB) @  90Hz
                1.0    2.3l: (108.2dB   242W 102.2dB) @  93Hz
                1.1    1.8l: (109.0dB   287W 102.2dB) @  97Hz
                1.1    1.8l: (106.1dB   149W 102.2dB) @  83Hz (  478uF)

1.00  85.7dB:   0.5   22.3l: (105.9dB   150W 101.9dB) @  81Hz
                0.6   10.4l: (104.8dB   118W 101.9dB) @  77Hz
                0.7    6.4l: (104.9dB   120W 101.9dB) @  77Hz
                0.8    4.4l: (106.3dB   166W 101.9dB) @  84Hz
                0.9    3.3l: (106.8dB   185W 101.9dB) @  86Hz
                1.0    2.5l: (107.3dB   211W 101.9dB) @  89Hz
                1.1    2.0l: (108.1dB   251W 101.9dB) @  93Hz
                1.1    2.0l: (105.2dB   130W 101.9dB) @  79Hz (  503uF)

-------------
CA18RNX (H1215-08)
      88.5dB                             80W
Rpre   Spl      qtc    Vb     SplMech Pmech SplEle      f3

0.20  87.5dB:   0.5   22.6l: (111.7dB   359W 105.1dB) @  80Hz
                0.6   13.0l: (110.7dB   284W 105.1dB) @  75Hz
                0.7    8.6l: (110.7dB   288W 105.1dB) @  75Hz
                0.8    6.2l: (112.1dB   398W 105.1dB) @  82Hz
                0.9    4.7l: (112.6dB   445W 105.1dB) @  84Hz
                1.0    3.7l: (113.2dB   506W 105.1dB) @  87Hz
                1.1    3.0l: (113.9dB   602W 105.1dB) @  91Hz
                1.1    3.0l: (111.1dB   312W 105.1dB) @  77Hz (  496uF)

0.60  87.2dB:   0.5   27.2l: (110.7dB   309W 104.9dB) @  76Hz
                0.6   15.1l: (109.7dB   245W 104.9dB) @  71Hz
                0.7    9.9l: (109.8dB   248W 104.9dB) @  71Hz
                0.8    7.1l: (111.2dB   343W 104.9dB) @  77Hz
                0.9    5.3l: (111.7dB   383W 104.9dB) @  80Hz
                1.0    4.2l: (112.2dB   436W 104.9dB) @  82Hz
                1.1    3.4l: (113.0dB   518W 104.9dB) @  86Hz
                1.1    3.4l: (110.1dB   269W 104.9dB) @  73Hz (  523uF)

1.00  87.0dB:   0.5   32.9l: (109.9dB   269W 104.6dB) @  72Hz
                0.6   17.5l: (108.9dB   213W 104.6dB) @  68Hz
                0.7   11.3l: (108.9dB   216W 104.6dB) @  68Hz
                0.8    8.0l: (110.3dB   299W 104.6dB) @  74Hz
                0.9    6.0l: (110.8dB   334W 104.6dB) @  76Hz
                1.0    4.7l: (111.4dB   380W 104.6dB) @  78Hz
                1.1    3.8l: (112.1dB   452W 104.6dB) @  82Hz
                1.1    3.8l: (109.3dB   234W 104.6dB) @  69Hz (  550uF)

-------------
CA22RNX
      89.5dB                             80W
Rpre   Spl      qtc    Vb     SplMech Pmech SplEle      f3

0.20  88.3dB:   0.5  253.1l: (111.5dB   274W 106.1dB) @  49Hz
                0.6   97.8l: (110.5dB   217W 106.1dB) @  47Hz
                0.7   56.7l: (110.5dB   219W 106.1dB) @  47Hz
                0.8   38.2l: (111.9dB   304W 106.1dB) @  51Hz
                0.9   27.9l: (112.4dB   339W 106.1dB) @  52Hz
                1.0   21.4l: (113.0dB   386W 106.1dB) @  54Hz
                1.1   17.0l: (113.7dB   459W 106.1dB) @  56Hz
                1.1   17.0l: (110.9dB   238W 106.1dB) @  48Hz (  759uF)

0.60  88.0dB:   0.5  379.5l: (110.6dB   240W 105.9dB) @  47Hz
                0.6  120.0l: (109.6dB   190W 105.9dB) @  44Hz
                0.7   66.4l: (109.7dB   192W 105.9dB) @  45Hz
                0.8   43.8l: (111.1dB   266W 105.9dB) @  48Hz
                0.9   31.6l: (111.6dB   297W 105.9dB) @  50Hz
                1.0   24.1l: (112.1dB   338W 105.9dB) @  51Hz
                1.1   19.1l: (112.9dB   402W 105.9dB) @  54Hz
                1.1   19.1l: (110.0dB   209W 105.9dB) @  45Hz (  797uF)

1.00  87.8dB:   0.5  657.7l: (109.8dB   212W 105.6dB) @  45Hz
                0.6  148.7l: (108.8dB   168W 105.6dB) @  42Hz
                0.7   77.7l: (108.9dB   170W 105.6dB) @  43Hz
                0.8   50.1l: (110.3dB   236W 105.6dB) @  46Hz
                0.9   35.7l: (110.8dB   263W 105.6dB) @  48Hz
                1.0   27.0l: (111.3dB   299W 105.6dB) @  49Hz
                1.1   21.3l: (112.1dB   356W 105.6dB) @  51Hz
                1.1   21.3l: (109.2dB   185W 105.6dB) @  43Hz (  834uF)

-------------
CA26RE4X(H1316)
      91.0dB                             80W
Rpre   Spl      qtc    Vb     SplMech Pmech SplEle      f3

0.20  91.0dB:   0.5   81.1l: (112.3dB   176W 108.9dB) @  63Hz
                0.6   48.9l: (111.3dB   139W 108.9dB) @  59Hz
                0.7   33.3l: (111.3dB   141W 108.9dB) @  60Hz
                0.8   24.3l: (112.7dB   195W 108.9dB) @  65Hz
                0.9   18.6l: (113.2dB   218W 108.9dB) @  67Hz
                1.0   14.8l: (113.8dB   248W 108.9dB) @  69Hz
                1.1   12.0l: (114.5dB   295W 108.9dB) @  72Hz
                1.1   12.0l: (111.7dB   153W 108.9dB) @  61Hz (  596uF)

0.60  90.7dB:   0.5   96.6l: (111.3dB   149W 108.6dB) @  60Hz
                0.6   56.9l: (110.3dB   118W 108.6dB) @  56Hz
                0.7   38.3l: (110.3dB   119W 108.6dB) @  56Hz
                0.8   27.8l: (111.7dB   165W 108.6dB) @  61Hz
                0.9   21.2l: (112.2dB   185W 108.6dB) @  63Hz
                1.0   16.8l: (112.8dB   210W 108.6dB) @  65Hz
                1.1   13.6l: (113.5dB   250W 108.6dB) @  68Hz
                1.1   13.6l: (110.7dB   130W 108.6dB) @  57Hz (  631uF)

1.00  90.5dB:   0.5  115.2l: (110.4dB   128W 108.3dB) @  56Hz
                0.6   65.8l: (109.4dB   101W 108.3dB) @  53Hz
                0.7   43.7l: (109.4dB   102W 108.3dB) @  53Hz
                0.8   31.5l: (110.8dB   141W 108.3dB) @  58Hz
                0.9   23.9l: (111.3dB   158W 108.3dB) @  60Hz
                1.0   18.9l: (111.9dB   180W 108.3dB) @  61Hz
                1.1   15.3l: (112.6dB   214W 108.3dB) @  64Hz
                1.1   15.3l: (109.8dB   111W 108.3dB) @  54Hz (  665uF)

-------------
CA26RFX(H1305)
      90.0dB                            100W
Rpre   Spl      qtc    Vb     SplMech Pmech SplEle      f3

0.20  90.7dB:   0.5  118.0l: (116.6dB   492W 109.7dB) @  61Hz
                0.6   64.2l: (115.6dB   389W 109.7dB) @  58Hz
                0.7   41.7l: (115.6dB   394W 109.7dB) @  58Hz
                0.8   29.7l: (117.0dB   545W 109.7dB) @  63Hz
                0.9   22.4l: (117.5dB   609W 109.7dB) @  64Hz
                1.0   17.6l: (118.1dB   693W 109.7dB) @  66Hz
                1.1   14.2l: (118.8dB   824W 109.7dB) @  69Hz
                1.1   14.2l: (116.0dB   427W 109.7dB) @  59Hz (  597uF)

0.60  90.4dB:   0.5  144.0l: (115.7dB   428W 109.4dB) @  58Hz
                0.6   74.7l: (114.7dB   339W 109.4dB) @  55Hz
                0.7   47.6l: (114.7dB   343W 109.4dB) @  55Hz
                0.8   33.6l: (116.2dB   474W 109.4dB) @  60Hz
                0.9   25.2l: (116.6dB   530W 109.4dB) @  61Hz
                1.0   19.7l: (117.2dB   603W 109.4dB) @  63Hz
                1.1   15.8l: (118.0dB   717W 109.4dB) @  66Hz
                1.1   15.8l: (115.1dB   372W 109.4dB) @  56Hz (  627uF)

1.00  90.2dB:   0.5  177.1l: (114.9dB   376W 109.1dB) @  55Hz
                0.6   86.8l: (113.9dB   298W 109.1dB) @  52Hz
                0.7   54.2l: (113.9dB   301W 109.1dB) @  52Hz
                0.8   37.8l: (115.3dB   417W 109.1dB) @  57Hz
                0.9   28.1l: (115.8dB   466W 109.1dB) @  58Hz
                1.0   21.9l: (116.4dB   530W 109.1dB) @  60Hz
                1.1   17.6l: (117.1dB   630W 109.1dB) @  63Hz
                1.1   17.6l: (114.3dB   327W 109.1dB) @  53Hz (  657uF)

-------------
ER18RNX(H1456-06)
      88.5dB                             80W
Rpre   Spl      qtc    Vb     SplMech Pmech SplEle      f3

0.20  87.9dB:   0.5   22.5l: (112.5dB   392W 105.6dB) @  84Hz
                0.6   12.9l: (111.5dB   310W 105.6dB) @  79Hz
                0.7    8.5l: (111.5dB   314W 105.6dB) @  79Hz
                0.8    6.2l: (112.9dB   435W 105.6dB) @  86Hz
                0.9    4.7l: (113.4dB   486W 105.6dB) @  88Hz
                1.0    3.7l: (114.0dB   552W 105.6dB) @  91Hz
                1.1    3.0l: (114.7dB   657W 105.6dB) @  95Hz
                1.1    3.0l: (111.9dB   341W 105.6dB) @  81Hz (  465uF)

0.60  87.6dB:   0.5   26.9l: (111.6dB   341W 105.3dB) @  79Hz
                0.6   14.9l: (110.6dB   271W 105.3dB) @  75Hz
                0.7    9.7l: (110.7dB   274W 105.3dB) @  75Hz
                0.8    6.9l: (112.1dB   379W 105.3dB) @  81Hz
                0.9    5.2l: (112.5dB   423W 105.3dB) @  84Hz
                1.0    4.1l: (113.1dB   481W 105.3dB) @  87Hz
                1.1    3.3l: (113.9dB   573W 105.3dB) @  90Hz
                1.1    3.3l: (111.0dB   297W 105.3dB) @  77Hz (  489uF)

1.00  87.3dB:   0.5   32.1l: (110.8dB   301W 105.1dB) @  76Hz
                0.6   17.1l: (109.8dB   238W 105.1dB) @  72Hz
                0.7   11.0l: (109.8dB   241W 105.1dB) @  72Hz
                0.8    7.8l: (111.3dB   334W 105.1dB) @  78Hz
                0.9    5.9l: (111.7dB   373W 105.1dB) @  80Hz
                1.0    4.6l: (112.3dB   424W 105.1dB) @  83Hz
                1.1    3.7l: (113.0dB   504W 105.1dB) @  86Hz
                1.1    3.7l: (110.2dB   261W 105.1dB) @  73Hz (  512uF)

-------------
L12RCY/P(H1207-08)
      85.5dB                             70W
Rpre   Spl      qtc    Vb     SplMech Pmech SplEle      f3

0.20  84.5dB:   0.5    2.8l: (104.3dB   140W 101.3dB) @ 121Hz
                0.6    1.6l: (103.3dB   111W 101.3dB) @ 115Hz
                0.7    1.1l: (103.3dB   112W 101.3dB) @ 115Hz
                0.8    0.8l: (104.7dB   155W 101.3dB) @ 125Hz
                0.9    0.6l: (105.2dB   174W 101.3dB) @ 128Hz
                1.0    0.5l: (105.8dB   197W 101.3dB) @ 132Hz
                1.1    0.4l: (106.5dB   235W 101.3dB) @ 138Hz
                1.1    0.4l: (103.7dB   122W 101.3dB) @ 117Hz (  343uF)

0.60  84.2dB:   0.5    3.3l: (103.3dB   118W 101.0dB) @ 115Hz
                0.6    1.9l: (102.3dB    94W 101.0dB) @ 108Hz
                0.7    1.3l: (102.3dB    95W 101.0dB) @ 108Hz
                0.8    0.9l: (103.7dB   131W 101.0dB) @ 118Hz
                0.9    0.7l: (104.2dB   147W 101.0dB) @ 121Hz
                1.0    0.6l: (104.8dB   167W 101.0dB) @ 125Hz
                1.1    0.5l: (105.5dB   198W 101.0dB) @ 130Hz
                1.1    0.5l: (102.7dB   103W 101.0dB) @ 111Hz (  364uF)

1.00  83.9dB:   0.5    4.0l: (102.3dB   101W 100.7dB) @ 108Hz
                0.6    2.3l: (101.3dB    80W 100.7dB) @ 102Hz
                0.7    1.5l: (101.4dB    81W 100.7dB) @ 103Hz
                0.8    1.1l: (102.8dB   112W 100.7dB) @ 111Hz
                0.9    0.8l: (103.2dB   126W 100.7dB) @ 114Hz
                1.0    0.6l: (103.8dB   143W 100.7dB) @ 118Hz
                1.1    0.5l: (104.6dB   170W 100.7dB) @ 123Hz
                1.1    0.5l: (101.7dB    88W 100.7dB) @ 105Hz (  384uF)

-------------
L16RNX (H1488-04)
      88.0dB                             80W
Rpre   Spl      qtc    Vb     SplMech Pmech SplEle      f3

0.20  85.4dB:   0.5   16.2l: (109.0dB   590W 100.3dB) @  78Hz
                0.6    8.8l: (107.9dB   467W 100.3dB) @  74Hz
                0.7    5.7l: (108.0dB   473W 100.3dB) @  74Hz
                0.8    4.1l: (109.4dB   654W 100.3dB) @  80Hz
                0.9    3.1l: (109.9dB   731W 100.3dB) @  82Hz
                1.0    2.4l: (110.4dB   832W 100.3dB) @  85Hz
                1.1    2.0l: (111.2dB   989W 100.3dB) @  89Hz
                1.1    2.0l: (108.3dB   513W 100.3dB) @  75Hz (  948uF)

0.60  84.9dB:   0.5   24.3l: (107.3dB   450W  99.8dB) @  71Hz
                0.6   12.0l: (106.3dB   356W  99.8dB) @  67Hz
                0.7    7.5l: (106.3dB   360W  99.8dB) @  67Hz
                0.8    5.2l: (107.7dB   499W  99.8dB) @  73Hz
                0.9    3.9l: (108.2dB   557W  99.8dB) @  75Hz
                1.0    3.0l: (108.8dB   634W  99.8dB) @  77Hz
                1.1    2.4l: (109.5dB   754W  99.8dB) @  81Hz
                1.1    2.4l: (106.7dB   391W  99.8dB) @  68Hz ( 1044uF)

1.00  84.4dB:   0.5   38.5l: (105.8dB   354W  99.3dB) @  65Hz
                0.6   16.2l: (104.8dB   281W  99.3dB) @  61Hz
                0.7    9.6l: (104.8dB   284W  99.3dB) @  61Hz
                0.8    6.5l: (106.3dB   393W  99.3dB) @  67Hz
                0.9    4.8l: (106.7dB   439W  99.3dB) @  69Hz
                1.0    3.7l: (107.3dB   500W  99.3dB) @  71Hz
                1.1    3.0l: (108.0dB   594W  99.3dB) @  74Hz
                1.1    3.0l: (105.2dB   308W  99.3dB) @  63Hz ( 1137uF)

-------------
L16RNX (H1488-08)
      85.0dB                             80W
Rpre   Spl      qtc    Vb     SplMech Pmech SplEle      f3

0.20  85.0dB:   0.5   20.2l: (108.5dB   304W 102.7dB) @  76Hz
                0.6   10.1l: (107.4dB   241W 102.7dB) @  71Hz
                0.7    6.4l: (107.5dB   243W 102.7dB) @  72Hz
                0.8    4.5l: (108.9dB   337W 102.7dB) @  78Hz
                0.9    3.3l: (109.4dB   376W 102.7dB) @  80Hz
                1.0    2.6l: (109.9dB   428W 102.7dB) @  83Hz
                1.1    2.1l: (110.7dB   509W 102.7dB) @  86Hz
                1.1    2.1l: (107.8dB   264W 102.7dB) @  73Hz (  522uF)

0.60  84.8dB:   0.5   26.1l: (107.5dB   262W 102.4dB) @  72Hz
                0.6   12.1l: (106.5dB   208W 102.4dB) @  68Hz
                0.7    7.4l: (106.6dB   210W 102.4dB) @  68Hz
                0.8    5.1l: (108.0dB   291W 102.4dB) @  74Hz
                0.9    3.8l: (108.5dB   325W 102.4dB) @  76Hz
                1.0    2.9l: (109.0dB   370W 102.4dB) @  78Hz
                1.1    2.3l: (109.8dB   440W 102.4dB) @  82Hz
                1.1    2.3l: (106.9dB   228W 102.4dB) @  69Hz (  550uF)

1.00  84.5dB:   0.5   34.5l: (106.7dB   229W 102.1dB) @  68Hz
                0.6   14.5l: (105.7dB   182W 102.1dB) @  65Hz
                0.7    8.6l: (105.7dB   184W 102.1dB) @  65Hz
                0.8    5.8l: (107.1dB   254W 102.1dB) @  70Hz
                0.9    4.3l: (107.6dB   284W 102.1dB) @  72Hz
                1.0    3.3l: (108.2dB   323W 102.1dB) @  75Hz
                1.1    2.6l: (108.9dB   385W 102.1dB) @  78Hz
                1.1    2.6l: (106.1dB   199W 102.1dB) @  66Hz (  577uF)

-------------
L18RNX/P(H1224-08)
      88.0dB                            100W
Rpre   Spl      qtc    Vb     SplMech Pmech SplEle      f3

0.20  87.6dB:   0.5   20.0l: (111.6dB   350W 106.2dB) @  83Hz
                0.6   11.5l: (110.6dB   277W 106.2dB) @  78Hz
                0.7    7.7l: (110.7dB   280W 106.2dB) @  78Hz
                0.8    5.5l: (112.1dB   388W 106.2dB) @  85Hz
                0.9    4.2l: (112.6dB   434W 106.2dB) @  87Hz
                1.0    3.3l: (113.1dB   493W 106.2dB) @  90Hz
                1.1    2.7l: (113.9dB   587W 106.2dB) @  94Hz
                1.1    2.7l: (111.0dB   304W 106.2dB) @  80Hz (  478uF)

0.60  87.3dB:   0.5   24.1l: (110.7dB   300W 105.9dB) @  78Hz
                0.6   13.4l: (109.7dB   238W 105.9dB) @  74Hz
                0.7    8.8l: (109.7dB   241W 105.9dB) @  74Hz
                0.8    6.3l: (111.1dB   333W 105.9dB) @  80Hz
                0.9    4.8l: (111.6dB   372W 105.9dB) @  83Hz
                1.0    3.8l: (112.2dB   423W 105.9dB) @  85Hz
                1.1    3.0l: (112.9dB   503W 105.9dB) @  89Hz
                1.1    3.0l: (110.1dB   261W 105.9dB) @  75Hz (  505uF)

1.00  87.0dB:   0.5   29.2l: (109.8dB   260W 105.6dB) @  74Hz
                0.6   15.6l: (108.8dB   206W 105.6dB) @  70Hz
                0.7   10.1l: (108.8dB   209W 105.6dB) @  70Hz
                0.8    7.2l: (110.3dB   289W 105.6dB) @  76Hz
                0.9    5.4l: (110.7dB   323W 105.6dB) @  78Hz
                1.0    4.2l: (111.3dB   367W 105.6dB) @  81Hz
                1.1    3.4l: (112.0dB   436W 105.6dB) @  85Hz
                1.1    3.4l: (109.2dB   226W 105.6dB) @  72Hz (  531uF)

-------------
L26RFX/P(H1209)
      88.0dB                            125W
Rpre   Spl      qtc    Vb     SplMech Pmech SplEle      f3

0.20  87.1dB:   0.5  142.6l: (110.0dB   245W 107.1dB) @  43Hz
                0.6   78.8l: (109.0dB   194W 107.1dB) @  41Hz
                0.7   51.6l: (109.0dB   196W 107.1dB) @  41Hz
                0.8   36.9l: (110.4dB   271W 107.1dB) @  44Hz
                0.9   27.9l: (110.9dB   303W 107.1dB) @  45Hz
                1.0   21.9l: (111.5dB   345W 107.1dB) @  47Hz
                1.1   17.7l: (112.2dB   410W 107.1dB) @  49Hz
                1.1   17.7l: (109.4dB   213W 107.1dB) @  41Hz (  847uF)

0.60  86.9dB:   0.5  172.7l: (109.1dB   213W 106.8dB) @  41Hz
                0.6   91.5l: (108.1dB   168W 106.8dB) @  39Hz
                0.7   58.8l: (108.1dB   170W 106.8dB) @  39Hz
                0.8   41.7l: (109.6dB   236W 106.8dB) @  42Hz
                0.9   31.3l: (110.0dB   264W 106.8dB) @  43Hz
                1.0   24.5l: (110.6dB   300W 106.8dB) @  45Hz
                1.1   19.8l: (111.3dB   357W 106.8dB) @  46Hz
                1.1   19.8l: (108.5dB   185W 106.8dB) @  39Hz (  890uF)

1.00  86.6dB:   0.5  210.5l: (108.3dB   187W 106.6dB) @  39Hz
                0.6  106.0l: (107.3dB   148W 106.6dB) @  37Hz
                0.7   66.8l: (107.3dB   150W 106.6dB) @  37Hz
                0.8   46.9l: (108.7dB   207W 106.6dB) @  40Hz
                0.9   35.0l: (109.2dB   231W 106.6dB) @  41Hz
                1.0   27.3l: (109.8dB   263W 106.6dB) @  42Hz
                1.1   21.9l: (110.5dB   313W 106.6dB) @  44Hz
                1.1   21.9l: (107.7dB   162W 106.6dB) @  38Hz (  933uF)

-------------
L26RFX/P(H1209)
      88.0dB                            125W
Rpre   Spl      qtc    Vb     SplMech Pmech SplEle      f3

0.20  87.1dB:   0.5  142.6l: (110.0dB   245W 107.1dB) @  43Hz
                0.6   78.8l: (109.0dB   194W 107.1dB) @  41Hz
                0.7   51.6l: (109.0dB   196W 107.1dB) @  41Hz
                0.8   36.9l: (110.4dB   271W 107.1dB) @  44Hz
                0.9   27.9l: (110.9dB   303W 107.1dB) @  45Hz
                1.0   21.9l: (111.5dB   345W 107.1dB) @  47Hz
                1.1   17.7l: (112.2dB   410W 107.1dB) @  49Hz
                1.1   17.7l: (109.4dB   213W 107.1dB) @  41Hz (  847uF)

0.60  86.9dB:   0.5  172.7l: (109.1dB   213W 106.8dB) @  41Hz
                0.6   91.5l: (108.1dB   168W 106.8dB) @  39Hz
                0.7   58.8l: (108.1dB   170W 106.8dB) @  39Hz
                0.8   41.7l: (109.6dB   236W 106.8dB) @  42Hz
                0.9   31.3l: (110.0dB   264W 106.8dB) @  43Hz
                1.0   24.5l: (110.6dB   300W 106.8dB) @  45Hz
                1.1   19.8l: (111.3dB   357W 106.8dB) @  46Hz
                1.1   19.8l: (108.5dB   185W 106.8dB) @  39Hz (  890uF)

1.00  86.6dB:   0.5  210.5l: (108.3dB   187W 106.6dB) @  39Hz
                0.6  106.0l: (107.3dB   148W 106.6dB) @  37Hz
                0.7   66.8l: (107.3dB   150W 106.6dB) @  37Hz
                0.8   46.9l: (108.7dB   207W 106.6dB) @  40Hz
                0.9   35.0l: (109.2dB   231W 106.6dB) @  41Hz
                1.0   27.3l: (109.8dB   263W 106.6dB) @  42Hz
                1.1   21.9l: (110.5dB   313W 106.6dB) @  44Hz
                1.1   21.9l: (107.7dB   162W 106.6dB) @  38Hz (  933uF)

-------------
L26RFX/P
      88.0dB                            125W
Rpre   Spl      qtc    Vb     SplMech Pmech SplEle      f3

0.20  87.2dB:   0.5  145.4l: (109.9dB   240W 107.1dB) @  43Hz
                0.6   80.1l: (108.9dB   190W 107.1dB) @  40Hz
                0.7   52.4l: (108.9dB   192W 107.1dB) @  40Hz
                0.8   37.4l: (110.4dB   266W 107.1dB) @  44Hz
                0.9   28.3l: (110.8dB   297W 107.1dB) @  45Hz
                1.0   22.2l: (111.4dB   338W 107.1dB) @  47Hz
                1.1   17.9l: (112.2dB   402W 107.1dB) @  49Hz
                1.1   17.9l: (109.3dB   208W 107.1dB) @  41Hz (  850uF)

0.60  86.9dB:   0.5  176.5l: (109.0dB   208W 106.8dB) @  41Hz
                0.6   93.2l: (108.0dB   165W 106.8dB) @  38Hz
                0.7   59.8l: (108.1dB   167W 106.8dB) @  39Hz
                0.8   42.3l: (109.5dB   231W 106.8dB) @  42Hz
                0.9   31.8l: (110.0dB   258W 106.8dB) @  43Hz
                1.0   24.9l: (110.5dB   293W 106.8dB) @  44Hz
                1.1   20.0l: (111.3dB   349W 106.8dB) @  46Hz
                1.1   20.0l: (108.4dB   181W 106.8dB) @  39Hz (  894uF)

1.00  86.7dB:   0.5  215.7l: (108.2dB   183W 106.6dB) @  39Hz
                0.6  108.1l: (107.2dB   145W 106.6dB) @  37Hz
                0.7   68.0l: (107.3dB   146W 106.6dB) @  37Hz
                0.8   47.6l: (108.7dB   203W 106.6dB) @  40Hz
                0.9   35.6l: (109.2dB   226W 106.6dB) @  41Hz
                1.0   27.7l: (109.7dB   257W 106.6dB) @  42Hz
                1.1   22.3l: (110.5dB   306W 106.6dB) @  44Hz
                1.1   22.3l: (107.6dB   159W 106.6dB) @  37Hz (  937uF)

-------------
L26ROY
      88.0dB                            250W
Rpre   Spl      qtc    Vb     SplMech Pmech SplEle      f3

0.20  86.1dB:   0.5   62.9l: (119.2dB  5338W 105.9dB) @  49Hz
                0.6   35.8l: (118.2dB  4229W 105.9dB) @  46Hz
                0.7   23.7l: (118.2dB  4279W 105.9dB) @  47Hz
                0.8   17.0l: (119.7dB  5920W 105.9dB) @  51Hz
                0.9   12.9l: (120.1dB  6618W 105.9dB) @  52Hz
                1.0   10.2l: (120.7dB  7526W 105.9dB) @  54Hz
                1.1    8.3l: (121.4dB  8951W 105.9dB) @  56Hz
                1.1    8.3l: (118.6dB  4639W 105.9dB) @  48Hz ( 1500uF)

0.60  85.6dB:   0.5   93.3l: (117.4dB  3933W 105.4dB) @  44Hz
                0.6   48.8l: (116.4dB  3116W 105.4dB) @  42Hz
                0.7   31.2l: (116.4dB  3153W 105.4dB) @  42Hz
                0.8   22.0l: (117.8dB  4362W 105.4dB) @  46Hz
                0.9   16.5l: (118.3dB  4876W 105.4dB) @  47Hz
                1.0   12.9l: (118.9dB  5545W 105.4dB) @  48Hz
                1.1   10.4l: (119.6dB  6595W 105.4dB) @  50Hz
                1.1   10.4l: (116.8dB  3418W 105.4dB) @  43Hz ( 1666uF)

1.00  85.1dB:   0.5  144.1l: (115.8dB  3001W 105.0dB) @  40Hz
                0.6   66.4l: (114.7dB  2377W 105.0dB) @  38Hz
                0.7   40.6l: (114.8dB  2405W 105.0dB) @  38Hz
                0.8   28.0l: (116.2dB  3328W 105.0dB) @  41Hz
                0.9   20.7l: (116.7dB  3720W 105.0dB) @  43Hz
                1.0   16.1l: (117.3dB  4230W 105.0dB) @  44Hz
                1.1   12.9l: (118.0dB  5031W 105.0dB) @  46Hz
                1.1   12.9l: (115.1dB  2608W 105.0dB) @  39Hz ( 1829uF)

-------------
L26RO4Y
      85.5dB                            250W
Rpre   Spl      qtc    Vb     SplMech Pmech SplEle      f3

0.20  85.1dB:   0.5   21.0l: (123.2dB 15646W 105.3dB) @  62Hz
                0.6   12.8l: (122.2dB 12396W 105.3dB) @  59Hz
                0.7    8.8l: (122.3dB 12541W 105.3dB) @  59Hz
                0.8    6.4l: (123.7dB 17352W 105.3dB) @  64Hz
                0.9    4.9l: (124.2dB 19395W 105.3dB) @  66Hz
                1.0    3.9l: (124.7dB 22058W 105.3dB) @  68Hz
                1.1    3.2l: (125.5dB 26234W 105.3dB) @  71Hz
                1.1    3.2l: (122.6dB 13597W 105.3dB) @  60Hz ( 1117uF)

0.60  84.7dB:   0.5   28.7l: (121.5dB 11607W 104.8dB) @  56Hz
                0.6   16.7l: (120.5dB  9196W 104.8dB) @  53Hz
                0.7   11.2l: (120.5dB  9304W 104.8dB) @  53Hz
                0.8    8.1l: (121.9dB 12872W 104.8dB) @  58Hz
                0.9    6.2l: (122.4dB 14388W 104.8dB) @  59Hz
                1.0    4.9l: (123.0dB 16363W 104.8dB) @  61Hz
                1.1    4.0l: (123.7dB 19462W 104.8dB) @  64Hz
                1.1    4.0l: (120.9dB 10087W 104.8dB) @  54Hz ( 1237uF)

1.00  84.3dB:   0.5   39.4l: (119.9dB  8887W 104.4dB) @  51Hz
                0.6   21.7l: (118.9dB  7041W 104.4dB) @  48Hz
                0.7   14.2l: (118.9dB  7123W 104.4dB) @  48Hz
                0.8   10.1l: (120.3dB  9856W 104.4dB) @  53Hz
                0.9    7.6l: (120.8dB 11016W 104.4dB) @  54Hz
                1.0    6.0l: (121.4dB 12528W 104.4dB) @  56Hz
                1.1    4.8l: (122.1dB 14901W 104.4dB) @  58Hz
                1.1    4.8l: (119.3dB  7723W 104.4dB) @  49Hz ( 1355uF)

-------------
P21RF/P(H511)
      88.0dB                            125W
Rpre   Spl      qtc    Vb     SplMech Pmech SplEle      f3

0.20  88.3dB:   0.5   44.0l: (109.3dB   160W 108.3dB) @  71Hz
                0.6   23.9l: (108.3dB   127W 108.3dB) @  67Hz
                0.7   15.5l: (108.4dB   128W 108.3dB) @  68Hz
                0.8   11.0l: (109.8dB   178W 108.3dB) @  73Hz
                0.9    8.3l: (110.3dB   199W 108.3dB) @  75Hz
                1.0    6.5l: (110.8dB   226W 108.3dB) @  78Hz
                1.1    5.3l: (111.6dB   269W 108.3dB) @  81Hz
                1.1    5.3l: (108.7dB   139W 108.3dB) @  69Hz (  501uF)

0.60  88.0dB:   0.5   53.0l: (108.5dB   141W 108.0dB) @  68Hz
                0.6   27.6l: (107.5dB   112W 108.0dB) @  64Hz
                0.7   17.6l: (107.6dB   113W 108.0dB) @  64Hz
                0.8   12.4l: (109.0dB   156W 108.0dB) @  70Hz
                0.9    9.3l: (109.5dB   175W 108.0dB) @  72Hz
                1.0    7.3l: (110.0dB   199W 108.0dB) @  74Hz
                1.1    5.9l: (110.8dB   237W 108.0dB) @  78Hz
                1.1    5.9l: (107.9dB   123W 108.0dB) @  66Hz (  525uF)

1.00  87.8dB:   0.5   64.2l: (107.8dB   125W 107.8dB) @  65Hz
                0.6   31.7l: (106.8dB    99W 107.8dB) @  62Hz
                0.7   19.8l: (106.8dB   100W 107.8dB) @  62Hz
                0.8   13.9l: (108.2dB   139W 107.8dB) @  67Hz
                0.9   10.3l: (108.7dB   155W 107.8dB) @  69Hz
                1.0    8.0l: (109.3dB   177W 107.8dB) @  71Hz
                1.1    6.5l: (110.0dB   210W 107.8dB) @  74Hz
                1.1    6.5l: (107.2dB   109W 107.8dB) @  63Hz (  549uF)

-------------
T18RE/XFCTV2(H1333)
      87.0dB                             80W
Rpre   Spl      qtc    Vb     SplMech Pmech SplEle      f3

0.20  86.4dB:   0.5   20.7l: (102.5dB    53W 104.2dB) @  71Hz
                0.6   12.8l: (101.5dB    42W 104.2dB) @  67Hz
                0.7    8.8l: (101.5dB    43W 104.2dB) @  67Hz
                0.8    6.5l: (102.9dB    59W 104.2dB) @  73Hz
                0.9    5.0l: (103.4dB    66W 104.2dB) @  75Hz
                1.0    4.0l: (104.0dB    75W 104.2dB) @  77Hz
                1.1    3.2l: (104.7dB    89W 104.2dB) @  80Hz
                1.1    3.2l: (101.9dB    46W 104.2dB) @  68Hz (  532uF)

0.60  86.1dB:   0.5   23.9l: (101.6dB    46W 104.0dB) @  67Hz
                0.6   14.6l: (100.6dB    37W 104.0dB) @  63Hz
                0.7   10.0l: (100.6dB    37W 104.0dB) @  64Hz
                0.8    7.3l: (102.0dB    51W 104.0dB) @  69Hz
                0.9    5.6l: (102.5dB    57W 104.0dB) @  71Hz
                1.0    4.4l: (103.1dB    65W 104.0dB) @  73Hz
                1.1    3.6l: (103.8dB    77W 104.0dB) @  76Hz
                1.1    3.6l: (101.0dB    40W 104.0dB) @  65Hz (  559uF)

1.00  85.9dB:   0.5   27.6l: (100.8dB    40W 103.7dB) @  64Hz
                0.6   16.5l: ( 99.8dB    32W 103.7dB) @  60Hz
                0.7   11.2l: ( 99.8dB    32W 103.7dB) @  61Hz
                0.8    8.1l: (101.2dB    45W 103.7dB) @  66Hz
                0.9    6.2l: (101.7dB    50W 103.7dB) @  68Hz
                1.0    4.9l: (102.3dB    57W 103.7dB) @  70Hz
                1.1    4.0l: (103.0dB    68W 103.7dB) @  73Hz
                1.1    4.0l: (100.2dB    35W 103.7dB) @  62Hz (  587uF)

-------------
W18GP
      88.3dB                             80W
Rpre   Spl      qtc    Vb     SplMech Pmech SplEle      f3

0.20  88.1dB:   0.5   22.7l: (113.7dB   486W 105.8dB) @  93Hz
                0.6   11.4l: (112.7dB   385W 105.8dB) @  88Hz
                0.7    7.2l: (112.7dB   390W 105.8dB) @  88Hz
                0.8    5.0l: (114.1dB   539W 105.8dB) @  95Hz
                0.9    3.8l: (114.6dB   603W 105.8dB) @  98Hz
                1.0    2.9l: (115.2dB   685W 105.8dB) @ 101Hz
                1.1    2.4l: (115.9dB   815W 105.8dB) @ 106Hz
                1.1    2.4l: (113.1dB   423W 105.8dB) @  90Hz (  418uF)

0.60  87.8dB:   0.5   29.0l: (112.8dB   423W 105.5dB) @  88Hz
                0.6   13.5l: (111.8dB   335W 105.5dB) @  83Hz
                0.7    8.3l: (111.8dB   339W 105.5dB) @  84Hz
                0.8    5.7l: (113.2dB   469W 105.5dB) @  91Hz
                0.9    4.3l: (113.7dB   525W 105.5dB) @  93Hz
                1.0    3.3l: (114.3dB   597W 105.5dB) @  96Hz
                1.1    2.6l: (115.0dB   710W 105.5dB) @ 100Hz
                1.1    2.6l: (112.2dB   368W 105.5dB) @  85Hz (  440uF)

1.00  87.6dB:   0.5   37.7l: (112.0dB   372W 105.3dB) @  84Hz
                0.6   16.0l: (111.0dB   295W 105.3dB) @  79Hz
                0.7    9.6l: (111.0dB   299W 105.3dB) @  80Hz
                0.8    6.5l: (112.4dB   413W 105.3dB) @  86Hz
                0.9    4.8l: (112.9dB   462W 105.3dB) @  89Hz
                1.0    3.7l: (113.5dB   525W 105.3dB) @  92Hz
                1.1    2.9l: (114.2dB   625W 105.3dB) @  96Hz
                1.1    2.9l: (111.4dB   324W 105.3dB) @  81Hz (  461uF)

-------------
W260 Classic
      90.0dB                             80W
Rpre   Spl      qtc    Vb     SplMech Pmech SplEle      f3

0.20  89.9dB:   0.5  289.4l: (106.7dB    63W 107.7dB) @  46Hz
                0.6  134.0l: (105.7dB    50W 107.7dB) @  43Hz
                0.7   82.0l: (105.8dB    51W 107.7dB) @  44Hz
                0.8   56.6l: (107.2dB    70W 107.7dB) @  47Hz
                0.9   41.9l: (107.7dB    79W 107.7dB) @  49Hz
                1.0   32.5l: (108.2dB    89W 107.7dB) @  50Hz
                1.1   26.0l: (109.0dB   106W 107.7dB) @  52Hz
                1.1   26.0l: (106.1dB    55W 107.7dB) @  44Hz (  816uF)

0.60  89.6dB:   0.5  400.8l: (105.8dB    54W 107.5dB) @  44Hz
                0.6  164.5l: (104.7dB    43W 107.5dB) @  41Hz
                0.7   97.0l: (104.8dB    43W 107.5dB) @  41Hz
                0.8   65.8l: (106.2dB    60W 107.5dB) @  45Hz
                0.9   48.2l: (106.7dB    67W 107.5dB) @  46Hz
                1.0   37.1l: (107.2dB    76W 107.5dB) @  47Hz
                1.1   29.6l: (108.0dB    90W 107.5dB) @  50Hz
                1.1   29.6l: (105.1dB    47W 107.5dB) @  42Hz (  863uF)

1.00  89.4dB:   0.5  592.5l: (104.9dB    46W 107.2dB) @  41Hz
                0.6  203.4l: (103.8dB    37W 107.2dB) @  39Hz
                0.7  114.5l: (103.9dB    37W 107.2dB) @  39Hz
                0.8   76.1l: (105.3dB    51W 107.2dB) @  42Hz
                0.9   55.2l: (105.8dB    58W 107.2dB) @  44Hz
                1.0   42.2l: (106.3dB    65W 107.2dB) @  45Hz
                1.1   33.5l: (107.1dB    78W 107.2dB) @  47Hz
                1.1   33.5l: (104.2dB    40W 107.2dB) @  40Hz (  909uF)

