-------------
CA12RCY(H1152-08)
      86.0dB                             60W
SplMech  Pmech SplEle     f3

 69.9dB   145W  66.1dB @  16Hz   37
 71.9dB   145W  68.1dB @  18Hz   35
 73.8dB   146W  69.9dB @  20Hz   33
 75.4dB   146W  71.6dB @  22Hz   31
 76.9dB   146W  73.1dB @  24Hz   30
 78.3dB   146W  74.5dB @  26Hz   28
 79.6dB   146W  75.8dB @  28Hz   27
 80.8dB   146W  76.9dB @  30Hz   26
 81.9dB   146W  78.1dB @  32Hz   25
 83.0dB   147W  79.1dB @  34Hz   24
 84.0dB   147W  80.1dB @  36Hz   23
 84.9dB   147W  81.0dB @  38Hz   22
 85.8dB   147W  81.9dB @  40Hz   21
 86.7dB   147W  82.8dB @  42Hz   20
 87.5dB   147W  83.6dB @  44Hz   19
 88.2dB   147W  84.3dB @  46Hz   18
 89.0dB   147W  85.1dB @  48Hz   18
-------------
CA15RLY (H1216-08)
      87.5dB                             60W
SplMech  Pmech SplEle     f3

 77.6dB   205W  72.3dB @  16Hz   30
 79.6dB   205W  74.3dB @  18Hz   28
 81.5dB   206W  76.1dB @  20Hz   26
 83.1dB   206W  77.8dB @  22Hz   25
 84.6dB   206W  79.3dB @  24Hz   23
 86.0dB   207W  80.7dB @  26Hz   22
 87.3dB   207W  81.9dB @  28Hz   21
 88.5dB   207W  83.1dB @  30Hz   19
 89.6dB   207W  84.3dB @  32Hz   18
 90.7dB   207W  85.3dB @  34Hz   17
 91.7dB   207W  86.3dB @  36Hz   16
 92.6dB   208W  87.2dB @  38Hz   15
 93.5dB   208W  88.1dB @  40Hz   14
 94.4dB   208W  89.0dB @  42Hz   13
 95.2dB   208W  89.8dB @  44Hz   13
 95.9dB   208W  90.5dB @  46Hz   12
 96.7dB   208W  91.3dB @  48Hz   11
-------------
CA18RNX (H1215-08)
      88.5dB                             80W
SplMech  Pmech SplEle     f3

 83.8dB   371W  77.1dB @  16Hz   28
 85.8dB   371W  79.2dB @  18Hz   26
 87.7dB   372W  81.0dB @  20Hz   24
 89.3dB   372W  82.6dB @  22Hz   23
 90.8dB   373W  84.1dB @  24Hz   21
 92.2dB   373W  85.5dB @  26Hz   20
 93.5dB   374W  86.8dB @  28Hz   18
 94.7dB   374W  88.0dB @  30Hz   17
 95.8dB   374W  89.1dB @  32Hz   16
 96.9dB   375W  90.2dB @  34Hz   15
 97.9dB   375W  91.2dB @  36Hz   14
 98.8dB   375W  92.1dB @  38Hz   13
 99.7dB   375W  93.0dB @  40Hz   12
100.5dB   376W  93.8dB @  42Hz   11
101.4dB   376W  94.6dB @  44Hz   11
102.1dB   376W  95.4dB @  46Hz   10
102.9dB   376W  96.1dB @  48Hz    9
-------------
CA22RNX
      89.5dB                             80W
SplMech  Pmech SplEle     f3

 91.9dB   285W  86.4dB @  16Hz   20
 93.9dB   285W  88.4dB @  18Hz   18
 95.7dB   286W  90.2dB @  20Hz   16
 97.4dB   286W  91.9dB @  22Hz   14
 98.9dB   286W  93.4dB @  24Hz   13
100.3dB   287W  94.8dB @  26Hz   11
101.6dB   287W  96.0dB @  28Hz   10
102.8dB   287W  97.2dB @  30Hz    9
103.9dB   287W  98.4dB @  32Hz    8
105.0dB   288W  99.4dB @  34Hz    7
106.0dB   288W 100.4dB @  36Hz    6
106.9dB   288W 101.3dB @  38Hz    5
107.8dB   288W 102.2dB @  40Hz    4
108.6dB   289W 103.1dB @  42Hz    3
109.4dB   289W 103.9dB @  44Hz    2
110.2dB   289W 104.6dB @  46Hz    1
111.0dB   289W 105.4dB @  48Hz    1
-------------
CA26RE4X(H1316)
      91.0dB                             80W
SplMech  Pmech SplEle     f3

 88.5dB   182W  84.9dB @  16Hz   24
 90.5dB   183W  86.9dB @  18Hz   22
 92.3dB   183W  88.8dB @  20Hz   20
 94.0dB   183W  90.4dB @  22Hz   18
 95.5dB   183W  91.9dB @  24Hz   17
 96.9dB   184W  93.3dB @  26Hz   16
 98.2dB   184W  94.6dB @  28Hz   14
 99.4dB   184W  95.8dB @  30Hz   13
100.5dB   184W  96.9dB @  32Hz   12
101.6dB   184W  97.9dB @  34Hz   11
102.6dB   184W  98.9dB @  36Hz   10
103.5dB   185W  99.9dB @  38Hz    9
104.4dB   185W 100.8dB @  40Hz    8
105.2dB   185W 101.6dB @  42Hz    7
106.0dB   185W 102.4dB @  44Hz    6
106.8dB   185W 103.2dB @  46Hz    6
107.6dB   185W 103.9dB @  48Hz    5
-------------
CA26RFX(H1305)
      90.0dB                            100W
SplMech  Pmech SplEle     f3

 93.3dB   510W  86.3dB @  16Hz   23
 95.4dB   511W  88.3dB @  18Hz   21
 97.2dB   511W  90.1dB @  20Hz   20
 98.9dB   512W  91.8dB @  22Hz   18
100.4dB   513W  93.3dB @  24Hz   16
101.8dB   513W  94.7dB @  26Hz   15
103.1dB   514W  95.9dB @  28Hz   14
104.3dB   514W  97.1dB @  30Hz   13
105.4dB   515W  98.3dB @  32Hz   11
106.4dB   515W  99.3dB @  34Hz   10
107.4dB   515W 100.3dB @  36Hz    9
108.4dB   516W 101.2dB @  38Hz    8
109.3dB   516W 102.1dB @  40Hz    8
110.1dB   516W 103.0dB @  42Hz    7
110.9dB   517W 103.8dB @  44Hz    6
111.7dB   517W 104.5dB @  46Hz    5
112.4dB   517W 105.3dB @  48Hz    4
-------------
ER18RNX(H1456-06)
      88.5dB                             80W
SplMech  Pmech SplEle     f3

 83.8dB   405W  76.7dB @  16Hz   29
 85.8dB   405W  78.8dB @  18Hz   27
 87.7dB   406W  80.6dB @  20Hz   25
 89.3dB   406W  82.3dB @  22Hz   23
 90.8dB   407W  83.8dB @  24Hz   22
 92.2dB   407W  85.1dB @  26Hz   20
 93.5dB   408W  86.4dB @  28Hz   19
 94.7dB   408W  87.6dB @  30Hz   18
 95.8dB   408W  88.7dB @  32Hz   17
 96.9dB   409W  89.8dB @  34Hz   16
 97.9dB   409W  90.8dB @  36Hz   15
 98.8dB   409W  91.7dB @  38Hz   14
 99.7dB   410W  92.6dB @  40Hz   13
100.5dB   410W  93.5dB @  42Hz   12
101.4dB   410W  94.3dB @  44Hz   11
102.1dB   410W  95.0dB @  46Hz   11
102.9dB   411W  95.8dB @  48Hz   10
-------------
L12RCY/P(H1207-08)
      85.5dB                             70W
SplMech  Pmech SplEle     f3

 69.1dB   144W  65.9dB @  16Hz   35
 71.1dB   144W  68.0dB @  18Hz   33
 72.9dB   144W  69.8dB @  20Hz   31
 74.6dB   144W  71.5dB @  22Hz   30
 76.1dB   145W  73.0dB @  24Hz   28
 77.5dB   145W  74.4dB @  26Hz   27
 78.8dB   145W  75.6dB @  28Hz   26
 80.0dB   145W  76.8dB @  30Hz   24
 81.1dB   145W  77.9dB @  32Hz   23
 82.2dB   145W  79.0dB @  34Hz   22
 83.2dB   145W  80.0dB @  36Hz   21
 84.1dB   145W  80.9dB @  38Hz   20
 85.0dB   146W  81.8dB @  40Hz   19
 85.8dB   146W  82.7dB @  42Hz   19
 86.6dB   146W  83.5dB @  44Hz   18
 87.4dB   146W  84.2dB @  46Hz   17
 88.2dB   146W  85.0dB @  48Hz   16
-------------
L16RNX (H1488-04)
      88.0dB                             80W
SplMech  Pmech SplEle     f3

 81.5dB   610W  72.6dB @  16Hz   28
 83.5dB   611W  74.7dB @  18Hz   26
 85.3dB   611W  76.5dB @  20Hz   24
 87.0dB   612W  78.1dB @  22Hz   22
 88.5dB   613W  79.7dB @  24Hz   21
 89.9dB   614W  81.0dB @  26Hz   19
 91.2dB   614W  82.3dB @  28Hz   18
 92.4dB   615W  83.5dB @  30Hz   17
 93.5dB   615W  84.6dB @  32Hz   16
 94.5dB   616W  85.7dB @  34Hz   15
 95.5dB   616W  86.7dB @  36Hz   14
 96.5dB   617W  87.6dB @  38Hz   13
 97.4dB   617W  88.5dB @  40Hz   12
 98.2dB   618W  89.3dB @  42Hz   11
 99.0dB   618W  90.1dB @  44Hz   10
 99.8dB   619W  90.9dB @  46Hz    9
100.5dB   619W  91.7dB @  48Hz    9
-------------
L16RNX (H1488-08)
      85.0dB                             80W
SplMech  Pmech SplEle     f3

 81.5dB   314W  75.5dB @  16Hz   27
 83.5dB   315W  77.6dB @  18Hz   25
 85.3dB   315W  79.4dB @  20Hz   23
 87.0dB   315W  81.0dB @  22Hz   22
 88.5dB   316W  82.5dB @  24Hz   20
 89.9dB   316W  83.9dB @  26Hz   19
 91.2dB   316W  85.2dB @  28Hz   17
 92.4dB   317W  86.4dB @  30Hz   16
 93.5dB   317W  87.5dB @  32Hz   15
 94.5dB   317W  88.6dB @  34Hz   14
 95.5dB   317W  89.6dB @  36Hz   13
 96.5dB   318W  90.5dB @  38Hz   12
 97.4dB   318W  91.4dB @  40Hz   11
 98.2dB   318W  92.2dB @  42Hz   10
 99.0dB   318W  93.0dB @  44Hz   10
 99.8dB   319W  93.8dB @  46Hz    9
100.5dB   319W  94.5dB @  48Hz    8
-------------
L18RNX/P(H1224-08)
      88.0dB                            100W
SplMech  Pmech SplEle     f3

 83.1dB   361W  77.5dB @  16Hz   29
 85.2dB   362W  79.6dB @  18Hz   27
 87.0dB   362W  81.4dB @  20Hz   25
 88.7dB   363W  83.1dB @  22Hz   23
 90.2dB   363W  84.6dB @  24Hz   22
 91.6dB   364W  85.9dB @  26Hz   20
 92.8dB   364W  87.2dB @  28Hz   19
 94.0dB   364W  88.4dB @  30Hz   18
 95.2dB   365W  89.5dB @  32Hz   17
 96.2dB   365W  90.6dB @  34Hz   16
 97.2dB   365W  91.6dB @  36Hz   15
 98.1dB   366W  92.5dB @  38Hz   14
 99.0dB   366W  93.4dB @  40Hz   13
 99.9dB   366W  94.2dB @  42Hz   12
100.7dB   366W  95.1dB @  44Hz   11
101.5dB   367W  95.8dB @  46Hz   10
102.2dB   367W  96.6dB @  48Hz   10
-------------
L26RFX/P(H1209)
      88.0dB                            125W
SplMech  Pmech SplEle     f3

 92.8dB   255W  89.7dB @  16Hz   17
 94.9dB   255W  91.8dB @  18Hz   15
 96.7dB   256W  93.6dB @  20Hz   13
 98.4dB   256W  95.2dB @  22Hz   12
 99.9dB   256W  96.7dB @  24Hz   10
101.3dB   257W  98.1dB @  26Hz    9
102.5dB   257W  99.4dB @  28Hz    8
103.7dB   257W 100.6dB @  30Hz    6
104.9dB   257W 101.7dB @  32Hz    5
105.9dB   257W 102.8dB @  34Hz    4
106.9dB   258W 103.8dB @  36Hz    3
107.8dB   258W 104.7dB @  38Hz    2
108.7dB   258W 105.6dB @  40Hz    1
109.6dB   258W 106.4dB @  42Hz    1
110.4dB   258W 107.2dB @  44Hz   -0
111.2dB   259W 108.0dB @  46Hz   -1
111.9dB   259W 108.7dB @  48Hz   -2
-------------
L26RFX/P(H1209)
      88.0dB                            125W
SplMech  Pmech SplEle     f3

 92.8dB   255W  89.7dB @  16Hz   17
 94.9dB   255W  91.8dB @  18Hz   15
 96.7dB   256W  93.6dB @  20Hz   13
 98.4dB   256W  95.2dB @  22Hz   12
 99.9dB   256W  96.7dB @  24Hz   10
101.3dB   257W  98.1dB @  26Hz    9
102.5dB   257W  99.4dB @  28Hz    8
103.7dB   257W 100.6dB @  30Hz    6
104.9dB   257W 101.7dB @  32Hz    5
105.9dB   257W 102.8dB @  34Hz    4
106.9dB   258W 103.8dB @  36Hz    3
107.8dB   258W 104.7dB @  38Hz    2
108.7dB   258W 105.6dB @  40Hz    1
109.6dB   258W 106.4dB @  42Hz    1
110.4dB   258W 107.2dB @  44Hz   -0
111.2dB   259W 108.0dB @  46Hz   -1
111.9dB   259W 108.7dB @  48Hz   -2
-------------
L26RFX/P
      88.0dB                            125W
SplMech  Pmech SplEle     f3

 92.8dB   250W  89.8dB @  16Hz   17
 94.9dB   250W  91.9dB @  18Hz   15
 96.7dB   250W  93.7dB @  20Hz   13
 98.4dB   251W  95.3dB @  22Hz   12
 99.9dB   251W  96.8dB @  24Hz   10
101.3dB   251W  98.2dB @  26Hz    9
102.5dB   252W  99.5dB @  28Hz    8
103.7dB   252W 100.7dB @  30Hz    6
104.9dB   252W 101.8dB @  32Hz    5
105.9dB   252W 102.9dB @  34Hz    4
106.9dB   252W 103.9dB @  36Hz    3
107.8dB   253W 104.8dB @  38Hz    2
108.7dB   253W 105.7dB @  40Hz    1
109.6dB   253W 106.5dB @  42Hz    1
110.4dB   253W 107.3dB @  44Hz   -0
111.2dB   253W 108.1dB @  46Hz   -1
111.9dB   253W 108.8dB @  48Hz   -2
-------------
L26ROY
      88.0dB                            250W
SplMech  Pmech SplEle     f3

 99.7dB  5552W  86.2dB @  16Hz   20
101.7dB  5561W  88.2dB @  18Hz   18
103.5dB  5569W  90.1dB @  20Hz   16
105.2dB  5576W  91.7dB @  22Hz   14
106.7dB  5583W  93.2dB @  24Hz   13
108.1dB  5589W  94.6dB @  26Hz   11
109.4dB  5595W  95.9dB @  28Hz   10
110.6dB  5600W  97.1dB @  30Hz    9
111.7dB  5605W  98.2dB @  32Hz    8
112.8dB  5609W  99.3dB @  34Hz    7
113.8dB  5614W 100.2dB @  36Hz    6
114.7dB  5618W 101.2dB @  38Hz    5
115.6dB  5622W 102.1dB @  40Hz    4
116.4dB  5626W 102.9dB @  42Hz    3
117.2dB  5629W 103.7dB @  44Hz    2
118.0dB  5633W 104.5dB @  46Hz    1
118.8dB  5636W 105.2dB @  48Hz    1
-------------
L26RO4Y
      85.5dB                            250W
SplMech  Pmech SplEle     f3

 99.7dB 16220W  81.5dB @  16Hz   24
101.7dB 16246W  83.6dB @  18Hz   22
103.5dB 16270W  85.4dB @  20Hz   20
105.2dB 16291W  87.1dB @  22Hz   18
106.7dB 16310W  88.6dB @  24Hz   17
108.1dB 16328W  90.0dB @  26Hz   15
109.4dB 16345W  91.2dB @  28Hz   14
110.6dB 16360W  92.4dB @  30Hz   13
111.7dB 16375W  93.5dB @  32Hz   12
112.8dB 16388W  94.6dB @  34Hz   11
113.8dB 16401W  95.6dB @  36Hz   10
114.7dB 16413W  96.5dB @  38Hz    9
115.6dB 16425W  97.4dB @  40Hz    8
116.4dB 16436W  98.3dB @  42Hz    7
117.2dB 16446W  99.1dB @  44Hz    6
118.0dB 16456W  99.8dB @  46Hz    5
118.8dB 16466W 100.6dB @  48Hz    5
-------------
P21RF/P(H511)
      88.0dB                            125W
SplMech  Pmech SplEle     f3

 83.3dB   166W  82.1dB @  16Hz   26
 85.4dB   166W  84.2dB @  18Hz   24
 87.2dB   166W  86.0dB @  20Hz   22
 88.9dB   167W  87.6dB @  22Hz   21
 90.4dB   167W  89.1dB @  24Hz   19
 91.8dB   167W  90.5dB @  26Hz   18
 93.1dB   167W  91.8dB @  28Hz   16
 94.3dB   167W  93.0dB @  30Hz   15
 95.4dB   167W  94.1dB @  32Hz   14
 96.4dB   168W  95.2dB @  34Hz   13
 97.4dB   168W  96.2dB @  36Hz   12
 98.4dB   168W  97.1dB @  38Hz   11
 99.3dB   168W  98.0dB @  40Hz   10
100.1dB   168W  98.8dB @  42Hz    9
100.9dB   168W  99.6dB @  44Hz    9
101.7dB   168W 100.4dB @  46Hz    8
102.4dB   168W 101.1dB @  48Hz    7
-------------
T18RE/XFCTV2(H1333)
      87.0dB                             80W
SplMech  Pmech SplEle     f3

 76.7dB    55W  78.3dB @  16Hz   26
 78.7dB    55W  80.3dB @  18Hz   24
 80.6dB    55W  82.2dB @  20Hz   22
 82.2dB    55W  83.8dB @  22Hz   20
 83.7dB    55W  85.3dB @  24Hz   19
 85.1dB    55W  86.7dB @  26Hz   18
 86.4dB    56W  88.0dB @  28Hz   16
 87.6dB    56W  89.2dB @  30Hz   15
 88.7dB    56W  90.3dB @  32Hz   14
 89.8dB    56W  91.3dB @  34Hz   13
 90.8dB    56W  92.3dB @  36Hz   12
 91.7dB    56W  93.3dB @  38Hz   11
 92.6dB    56W  94.2dB @  40Hz   10
 93.4dB    56W  95.0dB @  42Hz    9
 94.2dB    56W  95.8dB @  44Hz    8
 95.0dB    56W  96.6dB @  46Hz    8
 95.8dB    56W  97.3dB @  48Hz    7
-------------
W18GP
      88.3dB                             80W
SplMech  Pmech SplEle     f3

 83.1dB   501W  75.1dB @  16Hz   31
 85.2dB   502W  77.2dB @  18Hz   29
 87.0dB   503W  79.0dB @  20Hz   27
 88.7dB   504W  80.7dB @  22Hz   25
 90.2dB   504W  82.2dB @  24Hz   24
 91.6dB   505W  83.6dB @  26Hz   22
 92.8dB   505W  84.8dB @  28Hz   21
 94.0dB   506W  86.0dB @  30Hz   20
 95.2dB   506W  87.1dB @  32Hz   19
 96.2dB   507W  88.2dB @  34Hz   18
 97.2dB   507W  89.2dB @  36Hz   17
 98.1dB   507W  90.1dB @  38Hz   16
 99.0dB   508W  91.0dB @  40Hz   15
 99.9dB   508W  91.9dB @  42Hz   14
100.7dB   508W  92.7dB @  44Hz   13
101.5dB   509W  93.4dB @  46Hz   12
102.2dB   509W  94.2dB @  48Hz   12
-------------
W260 Classic
      90.0dB                             80W
SplMech  Pmech SplEle     f3

 88.4dB    66W  89.2dB @  16Hz   19
 90.4dB    66W  91.2dB @  18Hz   16
 92.2dB    66W  93.1dB @  20Hz   15
 93.9dB    66W  94.7dB @  22Hz   13
 95.4dB    66W  96.2dB @  24Hz   12
 96.8dB    66W  97.6dB @  26Hz   10
 98.1dB    67W  98.9dB @  28Hz    9
 99.3dB    67W 100.1dB @  30Hz    8
100.4dB    67W 101.2dB @  32Hz    7
101.5dB    67W 102.3dB @  34Hz    5
102.5dB    67W 103.2dB @  36Hz    4
103.4dB    67W 104.2dB @  38Hz    4
104.3dB    67W 105.1dB @  40Hz    3
105.1dB    67W 105.9dB @  42Hz    2
105.9dB    67W 106.7dB @  44Hz    1
106.7dB    67W 107.5dB @  46Hz    0
107.5dB    67W 108.2dB @  48Hz   -0
