-------------
CA12RCY(H1152-08)                      86.0dB   60W                      1x40mm
Rpre   Spl         Vb      fb         SplMech Pmech  SplEle     f3       dv       lv

0.20  85.8dB --------------------------------------------------------------
     1.9l @  77.1Hz  =>  104.2dB   86W 102.6dB @  91.5Hz   1x40mm    564 mm 
     2.2l @  74.4Hz  =>  103.2dB   69W 102.6dB @  86.4Hz   1x40mm    501 mm 
     2.4l @  71.7Hz  =>  102.2dB   55W 102.6dB @  81.7Hz   1x40mm    444 mm 
*    2.7l @  69.2Hz  =>  101.2dB   44W 102.6dB @  77.2Hz   1x40mm    393 mm 
     3.1l @  66.7Hz  =>  100.2dB   35W 102.6dB @  72.9Hz   1x40mm    348 mm 
     3.4l @  64.4Hz  =>   99.3dB   28W 102.6dB @  68.9Hz   1x40mm    308 mm 
     3.8l @  62.1Hz  =>   98.3dB   22W 102.6dB @  65.1Hz   1x40mm    271 mm 
0.60  85.6dB --------------------------------------------------------------
     2.2l @  73.7Hz  =>  102.9dB   68W 102.4dB @  85.1Hz   1x40mm    485 mm 
     2.5l @  71.1Hz  =>  102.0dB   55W 102.4dB @  80.4Hz   1x40mm    430 mm 
     2.8l @  68.5Hz  =>  101.0dB   44W 102.4dB @  76.0Hz   1x40mm    381 mm 
*    3.1l @  66.1Hz  =>  100.0dB   35W 102.4dB @  71.8Hz   1x40mm    337 mm 
     3.5l @  63.7Hz  =>   99.0dB   28W 102.4dB @  67.9Hz   1x40mm    297 mm 
     4.0l @  61.5Hz  =>   98.0dB   22W 102.4dB @  64.1Hz   1x40mm    262 mm 
     4.4l @  59.3Hz  =>   97.0dB   18W 102.4dB @  60.6Hz   1x40mm    231 mm 
1.00  85.3dB --------------------------------------------------------------
     2.6l @  70.6Hz  =>  101.8dB   55W 102.1dB @  79.6Hz   1x40mm    420 mm 
     2.9l @  68.1Hz  =>  100.8dB   44W 102.1dB @  75.2Hz   1x40mm    372 mm 
     3.2l @  65.6Hz  =>   99.8dB   35W 102.1dB @  71.1Hz   1x40mm    329 mm 
*    3.6l @  63.3Hz  =>   98.8dB   28W 102.1dB @  67.1Hz   1x40mm    291 mm 
     4.0l @  61.0Hz  =>   97.8dB   22W 102.1dB @  63.5Hz   1x40mm    256 mm 
     4.5l @  58.9Hz  =>   96.8dB   18W 102.1dB @  60.0Hz   1x40mm    226 mm 
     5.1l @  56.8Hz  =>   95.9dB   14W 102.1dB @  56.7Hz   1x40mm    198 mm 
-------------
CA15RLY (H1216-08)                     87.5dB   60W                      1x50mm
Rpre   Spl         Vb      fb         SplMech Pmech  SplEle     f3       dv       lv

0.20  86.2dB --------------------------------------------------------------
     7.4l @  53.9Hz  =>  104.7dB  100W 102.4dB @  60.4Hz   1x50mm    371 mm 
     8.3l @  52.0Hz  =>  103.7dB   80W 102.4dB @  57.1Hz   1x50mm    327 mm 
     9.3l @  50.1Hz  =>  102.7dB   64W 102.4dB @  54.0Hz   1x50mm    288 mm 
*   10.4l @  48.4Hz  =>  101.7dB   51W 102.4dB @  51.0Hz   1x50mm    253 mm 
    11.7l @  46.6Hz  =>  100.7dB   41W 102.4dB @  48.2Hz   1x50mm    222 mm 
    13.1l @  45.0Hz  =>   99.8dB   32W 102.4dB @  45.5Hz   1x50mm    195 mm 
    14.6l @  43.4Hz  =>   98.8dB   26W 102.4dB @  43.0Hz   1x50mm    170 mm 
0.60  85.9dB --------------------------------------------------------------
     8.7l @  51.3Hz  =>  103.3dB   79W 102.2dB @  56.0Hz   1x50mm    313 mm 
     9.7l @  49.5Hz  =>  102.4dB   63W 102.2dB @  52.9Hz   1x50mm    275 mm 
    10.9l @  47.7Hz  =>  101.4dB   50W 102.2dB @  50.0Hz   1x50mm    242 mm 
*   12.2l @  46.0Hz  =>  100.4dB   40W 102.2dB @  47.2Hz   1x50mm    212 mm 
    13.6l @  44.4Hz  =>   99.4dB   32W 102.2dB @  44.6Hz   1x50mm    185 mm 
    15.3l @  42.8Hz  =>   98.4dB   25W 102.2dB @  42.1Hz   1x50mm    162 mm 
    17.1l @  41.3Hz  =>   97.4dB   20W 102.2dB @  39.8Hz   1x50mm    140 mm 
1.00  85.7dB --------------------------------------------------------------
    10.0l @  49.0Hz  =>  102.1dB   63W 101.9dB @  52.1Hz   1x50mm    266 mm 
    11.2l @  47.3Hz  =>  101.1dB   50W 101.9dB @  49.2Hz   1x50mm    234 mm 
    12.5l @  45.6Hz  =>  100.1dB   40W 101.9dB @  46.5Hz   1x50mm    205 mm 
*   14.0l @  44.0Hz  =>   99.1dB   32W 101.9dB @  43.9Hz   1x50mm    179 mm 
    15.7l @  42.4Hz  =>   98.2dB   25W 101.9dB @  41.5Hz   1x50mm    156 mm 
    17.6l @  40.9Hz  =>   97.2dB   20W 101.9dB @  39.2Hz   1x50mm    135 mm 
    19.7l @  39.4Hz  =>   96.2dB   16W 101.9dB @  37.1Hz   1x50mm    117 mm 
-------------
CA18RNX (H1215-08)                     88.5dB   80W                      1x70mm
Rpre   Spl         Vb      fb         SplMech Pmech  SplEle     f3       dv       lv

0.20  87.5dB --------------------------------------------------------------
    13.0l @  47.2Hz  =>  109.5dB  217W 105.1dB @  55.8Hz   1x70mm    669 mm 
    14.6l @  45.5Hz  =>  108.5dB  173W 105.1dB @  52.7Hz   1x70mm    592 mm 
    16.3l @  43.9Hz  =>  107.5dB  138W 105.1dB @  49.8Hz   1x70mm    523 mm 
*   18.3l @  42.3Hz  =>  106.5dB  110W 105.1dB @  47.0Hz   1x70mm    461 mm 
    20.5l @  40.8Hz  =>  105.5dB   87W 105.1dB @  44.5Hz   1x70mm    407 mm 
    22.9l @  39.3Hz  =>  104.6dB   70W 105.1dB @  42.0Hz   1x70mm    357 mm 
    25.7l @  37.9Hz  =>  103.6dB   56W 105.1dB @  39.7Hz   1x70mm    314 mm 
0.60  87.2dB --------------------------------------------------------------
    15.2l @  44.9Hz  =>  108.1dB  170W 104.9dB @  51.6Hz   1x70mm    567 mm 
    17.0l @  43.3Hz  =>  107.2dB  136W 104.9dB @  48.8Hz   1x70mm    500 mm 
    19.0l @  41.8Hz  =>  106.2dB  108W 104.9dB @  46.1Hz   1x70mm    441 mm 
*   21.3l @  40.3Hz  =>  105.2dB   86W 104.9dB @  43.6Hz   1x70mm    389 mm 
    23.8l @  38.8Hz  =>  104.2dB   69W 104.9dB @  41.2Hz   1x70mm    341 mm 
    26.7l @  37.5Hz  =>  103.2dB   55W 104.9dB @  38.9Hz   1x70mm    299 mm 
    29.9l @  36.1Hz  =>  102.2dB   44W 104.9dB @  36.8Hz   1x70mm    262 mm 
1.00  87.0dB --------------------------------------------------------------
    17.5l @  42.9Hz  =>  106.9dB  136W 104.6dB @  48.1Hz   1x70mm    485 mm 
    19.6l @  41.4Hz  =>  105.9dB  108W 104.6dB @  45.4Hz   1x70mm    427 mm 
    21.9l @  39.9Hz  =>  104.9dB   86W 104.6dB @  42.9Hz   1x70mm    376 mm 
*   24.5l @  38.5Hz  =>  104.0dB   69W 104.6dB @  40.6Hz   1x70mm    330 mm 
    27.5l @  37.1Hz  =>  103.0dB   55W 104.6dB @  38.3Hz   1x70mm    289 mm 
    30.8l @  35.8Hz  =>  102.0dB   44W 104.6dB @  36.2Hz   1x70mm    253 mm 
    34.5l @  34.5Hz  =>  101.0dB   35W 104.6dB @  34.2Hz   1x70mm    220 mm 
-------------
CA22RNX                                89.5dB   80W                      1x70mm
Rpre   Spl         Vb      fb         SplMech Pmech  SplEle     f3       dv       lv

0.20  88.3dB --------------------------------------------------------------
    87.5l @  30.0Hz  =>  107.1dB  100W 106.1dB @  30.5Hz   1x70mm    105 mm 
    98.0l @  28.9Hz  =>  106.1dB   80W 106.1dB @  28.9Hz   1x70mm     88 mm 
   109.7l @  27.9Hz  =>  105.1dB   64W 106.1dB @  27.3Hz   1x70mm     73 mm 
*  122.9l @  26.9Hz  =>  104.1dB   51W 106.1dB @  25.8Hz   1x70mm     60 mm 
   137.6l @  25.9Hz  =>  103.2dB   40W 106.1dB @  24.3Hz   1x70mm     48 mm 
   154.1l @  25.0Hz  =>  102.2dB   32W 106.1dB @  23.0Hz   1x70mm     37 mm 
   172.6l @  24.1Hz  =>  101.2dB   26W 106.1dB @  21.7Hz   1x70mm     28 mm 
0.60  88.0dB --------------------------------------------------------------
   100.5l @  28.7Hz  =>  105.9dB   81W 105.9dB @  28.5Hz   1x70mm     85 mm 
   112.6l @  27.7Hz  =>  104.9dB   64W 105.9dB @  26.9Hz   1x70mm     70 mm 
   126.1l @  26.7Hz  =>  103.9dB   51W 105.9dB @  25.4Hz   1x70mm     57 mm 
*  141.2l @  25.7Hz  =>  102.9dB   41W 105.9dB @  24.0Hz   1x70mm     45 mm 
   158.1l @  24.8Hz  =>  102.0dB   33W 105.9dB @  22.7Hz   1x70mm     35 mm 
   177.1l @  23.9Hz  =>  101.0dB   26W 105.9dB @  21.5Hz   1x70mm     26 mm 
   198.4l @  23.1Hz  =>  100.0dB   21W 105.9dB @  20.3Hz + 1x100mm    67 mm 
1.00  87.8dB --------------------------------------------------------------
   114.4l @  27.5Hz  =>  104.8dB   66W 105.6dB @  26.7Hz   1x70mm     68 mm 
   128.1l @  26.5Hz  =>  103.8dB   53W 105.6dB @  25.2Hz   1x70mm     55 mm 
   143.5l @  25.6Hz  =>  102.8dB   42W 105.6dB @  23.8Hz   1x70mm     44 mm 
*  160.7l @  24.7Hz  =>  101.8dB   33W 105.6dB @  22.5Hz   1x70mm     34 mm 
   179.9l @  23.8Hz  =>  100.8dB   27W 105.6dB @  21.3Hz   1x70mm     25 mm 
   201.5l @  22.9Hz  =>   99.8dB   21W 105.6dB @  20.1Hz + 1x100mm    65 mm 
   225.7l @  22.1Hz  =>   98.9dB   17W 105.6dB @  19.0Hz + 1x100mm    50 mm 
-------------
CA26RE4X(H1316)                        91.0dB   80W                     1x100mm
Rpre   Spl         Vb      fb         SplMech Pmech  SplEle     f3       dv       lv

0.20  91.0dB --------------------------------------------------------------
    48.1l @  37.0Hz  =>  110.9dB  127W 108.9dB @  46.1Hz - 1x70mm    330 mm 
    53.9l @  35.7Hz  =>  109.9dB  101W 108.9dB @  43.6Hz   1x100mm   621 mm 
    60.4l @  34.4Hz  =>  108.9dB   81W 108.9dB @  41.2Hz   1x100mm   547 mm 
*   67.6l @  33.2Hz  =>  107.9dB   64W 108.9dB @  38.9Hz   1x100mm   480 mm 
    75.8l @  32.0Hz  =>  106.9dB   51W 108.9dB @  36.8Hz   1x100mm   421 mm 
    84.9l @  30.9Hz  =>  105.9dB   41W 108.9dB @  34.8Hz   1x100mm   368 mm 
    95.0l @  29.8Hz  =>  105.0dB   33W 108.9dB @  32.8Hz   1x100mm   321 mm 
0.60  90.7dB --------------------------------------------------------------
    56.7l @  35.1Hz  =>  109.4dB   97W 108.6dB @  42.5Hz   1x100mm   587 mm 
    63.5l @  33.9Hz  =>  108.5dB   78W 108.6dB @  40.2Hz   1x100mm   517 mm 
    71.1l @  32.7Hz  =>  107.5dB   62W 108.6dB @  38.0Hz   1x100mm   453 mm 
*   79.7l @  31.5Hz  =>  106.5dB   49W 108.6dB @  35.9Hz   1x100mm   397 mm 
    89.2l @  30.4Hz  =>  105.5dB   39W 108.6dB @  33.9Hz   1x100mm   347 mm 
    99.9l @  29.3Hz  =>  104.5dB   31W 108.6dB @  32.0Hz   1x100mm   302 mm 
   111.9l @  28.3Hz  =>  103.5dB   25W 108.6dB @  30.3Hz   1x100mm   261 mm 
1.00  90.5dB --------------------------------------------------------------
    66.1l @  33.4Hz  =>  108.1dB   76W 108.3dB @  39.4Hz   1x100mm   493 mm 
    74.0l @  32.2Hz  =>  107.1dB   60W 108.3dB @  37.2Hz   1x100mm   433 mm 
    82.9l @  31.1Hz  =>  106.1dB   48W 108.3dB @  35.2Hz   1x100mm   378 mm 
*   92.9l @  30.0Hz  =>  105.2dB   38W 108.3dB @  33.2Hz   1x100mm   330 mm 
   104.0l @  28.9Hz  =>  104.2dB   31W 108.3dB @  31.4Hz   1x100mm   287 mm 
   116.5l @  27.9Hz  =>  103.2dB   24W 108.3dB @  29.7Hz   1x100mm   248 mm 
   130.5l @  26.9Hz  =>  102.2dB   19W 108.3dB @  28.0Hz   1x100mm   214 mm 
-------------
CA26RFX(H1305)                         90.0dB  100W                     1x100mm
Rpre   Spl         Vb      fb         SplMech Pmech  SplEle     f3       dv       lv

0.20  90.7dB --------------------------------------------------------------
    64.3l @  36.3Hz  =>  113.8dB  258W 109.7dB @  41.2Hz   1x100mm   360 mm 
    72.0l @  35.0Hz  =>  112.8dB  206W 109.7dB @  39.0Hz   1x100mm   313 mm 
    80.7l @  33.8Hz  =>  111.8dB  164W 109.7dB @  36.8Hz   1x100mm   272 mm 
*   90.4l @  32.6Hz  =>  110.8dB  131W 109.7dB @  34.8Hz   1x100mm   235 mm 
   101.2l @  31.4Hz  =>  109.8dB  104W 109.7dB @  32.9Hz   1x100mm   202 mm 
   113.4l @  30.3Hz  =>  108.9dB   83W 109.7dB @  31.1Hz   1x100mm   172 mm 
   127.0l @  29.2Hz  =>  107.9dB   66W 109.7dB @  29.3Hz   1x100mm   146 mm 
0.60  90.4dB --------------------------------------------------------------
    74.2l @  34.7Hz  =>  112.5dB  206W 109.4dB @  38.4Hz   1x100mm   302 mm 
    83.1l @  33.5Hz  =>  111.6dB  164W 109.4dB @  36.3Hz   1x100mm   262 mm 
    93.0l @  32.3Hz  =>  110.6dB  131W 109.4dB @  34.3Hz   1x100mm   226 mm 
*  104.2l @  31.1Hz  =>  109.6dB  104W 109.4dB @  32.4Hz   1x100mm   194 mm 
   116.7l @  30.0Hz  =>  108.6dB   83W 109.4dB @  30.6Hz   1x100mm   165 mm 
   130.7l @  28.9Hz  =>  107.6dB   66W 109.4dB @  28.9Hz   1x100mm   140 mm 
   146.4l @  27.9Hz  =>  106.6dB   53W 109.4dB @  27.3Hz   1x100mm   117 mm 
1.00  90.2dB --------------------------------------------------------------
    84.7l @  33.3Hz  =>  111.4dB  167W 109.1dB @  35.9Hz   1x100mm   255 mm 
    94.9l @  32.1Hz  =>  110.4dB  133W 109.1dB @  33.9Hz   1x100mm   220 mm 
   106.3l @  30.9Hz  =>  109.4dB  106W 109.1dB @  32.1Hz   1x100mm   189 mm 
*  119.1l @  29.8Hz  =>  108.4dB   85W 109.1dB @  30.3Hz   1x100mm   161 mm 
   133.3l @  28.8Hz  =>  107.4dB   68W 109.1dB @  28.6Hz   1x100mm   136 mm 
   149.3l @  27.7Hz  =>  106.5dB   54W 109.1dB @  27.1Hz   1x100mm   113 mm 
   167.3l @  26.8Hz  =>  105.5dB   43W 109.1dB @  25.6Hz   1x100mm    93 mm 
-------------
ER18RNX(H1456-06)                      88.5dB   80W                      1x70mm
Rpre   Spl         Vb      fb         SplMech Pmech  SplEle     f3       dv       lv

0.20  87.9dB --------------------------------------------------------------
    12.9l @  49.5Hz  =>  110.2dB  233W 105.6dB @  58.3Hz   1x70mm    598 mm 
    14.5l @  47.7Hz  =>  109.2dB  186W 105.6dB @  55.0Hz   1x70mm    528 mm 
    16.2l @  46.0Hz  =>  108.3dB  148W 105.6dB @  52.0Hz   1x70mm    466 mm 
*   18.1l @  44.4Hz  =>  107.3dB  118W 105.6dB @  49.1Hz   1x70mm    411 mm 
    20.3l @  42.8Hz  =>  106.3dB   94W 105.6dB @  46.4Hz   1x70mm    361 mm 
    22.8l @  41.3Hz  =>  105.3dB   75W 105.6dB @  43.9Hz   1x70mm    317 mm 
    25.5l @  39.8Hz  =>  104.3dB   60W 105.6dB @  41.5Hz   1x70mm    278 mm 
0.60  87.6dB --------------------------------------------------------------
    14.9l @  47.2Hz  =>  109.0dB  186W 105.3dB @  54.2Hz   1x70mm    511 mm 
    16.7l @  45.6Hz  =>  108.0dB  148W 105.3dB @  51.2Hz   1x70mm    450 mm 
    18.7l @  43.9Hz  =>  107.0dB  118W 105.3dB @  48.4Hz   1x70mm    397 mm 
*   21.0l @  42.4Hz  =>  106.0dB   94W 105.3dB @  45.7Hz   1x70mm    349 mm 
    23.5l @  40.9Hz  =>  105.0dB   75W 105.3dB @  43.2Hz   1x70mm    306 mm 
    26.3l @  39.4Hz  =>  104.1dB   60W 105.3dB @  40.8Hz   1x70mm    268 mm 
    29.4l @  38.0Hz  =>  103.1dB   48W 105.3dB @  38.6Hz   1x70mm    233 mm 
1.00  87.3dB --------------------------------------------------------------
    17.1l @  45.3Hz  =>  107.8dB  151W 105.1dB @  50.7Hz   1x70mm    440 mm 
    19.1l @  43.6Hz  =>  106.8dB  121W 105.1dB @  47.9Hz   1x70mm    388 mm 
    21.4l @  42.1Hz  =>  105.8dB   96W 105.1dB @  45.3Hz   1x70mm    341 mm 
*   24.0l @  40.6Hz  =>  104.9dB   77W 105.1dB @  42.8Hz   1x70mm    299 mm 
    26.8l @  39.1Hz  =>  103.9dB   61W 105.1dB @  40.4Hz   1x70mm    261 mm 
    30.0l @  37.8Hz  =>  102.9dB   49W 105.1dB @  38.2Hz   1x70mm    228 mm 
    33.7l @  36.4Hz  =>  101.9dB   39W 105.1dB @  36.1Hz   1x70mm    198 mm 
-------------
L12RCY/P(H1207-08)                     85.5dB   70W                      1x40mm
Rpre   Spl         Vb      fb         SplMech Pmech  SplEle     f3       dv       lv

0.20  84.5dB --------------------------------------------------------------
*    2.3l @  64.2Hz  =>   99.6dB   48W 101.3dB @  73.8Hz   1x40mm    624 mm 
     2.6l @  61.9Hz  =>   98.7dB   38W 101.3dB @  69.8Hz   1x40mm    554 mm 
     2.9l @  59.7Hz  =>   97.7dB   30W 101.3dB @  65.9Hz   1x40mm    491 mm 
     3.2l @  57.6Hz  =>   96.7dB   24W 101.3dB @  62.3Hz   1x40mm    436 mm 
0.60  84.2dB --------------------------------------------------------------
     2.2l @  65.4Hz  =>  100.1dB   58W 101.0dB @  76.0Hz   1x40mm    663 mm 
     2.4l @  63.0Hz  =>   99.2dB   46W 101.0dB @  71.8Hz   1x40mm    589 mm 
*    2.7l @  60.8Hz  =>   98.2dB   37W 101.0dB @  67.8Hz   1x40mm    522 mm 
     3.0l @  58.6Hz  =>   97.2dB   29W 101.0dB @  64.1Hz   1x40mm    463 mm 
     3.4l @  56.5Hz  =>   96.2dB   23W 101.0dB @  60.6Hz   1x40mm    410 mm 
     3.8l @  54.5Hz  =>   95.2dB   19W 101.0dB @  57.2Hz   1x40mm    363 mm 
1.00  83.9dB --------------------------------------------------------------
     2.3l @  64.5Hz  =>   99.8dB   56W 100.7dB @  74.3Hz   1x40mm    633 mm 
     2.5l @  62.2Hz  =>   98.8dB   45W 100.7dB @  70.3Hz   1x40mm    562 mm 
     2.8l @  59.9Hz  =>   97.8dB   36W 100.7dB @  66.4Hz   1x40mm    499 mm 
*    3.2l @  57.8Hz  =>   96.8dB   28W 100.7dB @  62.7Hz   1x40mm    442 mm 
     3.6l @  55.7Hz  =>   95.8dB   23W 100.7dB @  59.3Hz   1x40mm    392 mm 
     4.0l @  53.8Hz  =>   94.8dB   18W 100.7dB @  56.0Hz   1x40mm    347 mm 
     4.5l @  51.8Hz  =>   93.9dB   14W 100.7dB @  52.9Hz   1x40mm    306 mm 
-------------
L16RNX (H1488-04)                      88.0dB   80W                      1x50mm
Rpre   Spl         Vb      fb         SplMech Pmech  SplEle     f3       dv       lv

0.20  85.4dB --------------------------------------------------------------
     8.9l @  46.4Hz  =>  106.2dB  311W 100.3dB @  52.7Hz   1x50mm    446 mm 
     9.9l @  44.8Hz  =>  105.2dB  248W 100.3dB @  49.8Hz   1x50mm    394 mm 
    11.1l @  43.2Hz  =>  104.2dB  198W 100.3dB @  47.1Hz   1x50mm    348 mm 
*   12.4l @  41.6Hz  =>  103.2dB  158W 100.3dB @  44.5Hz   1x50mm    307 mm 
    13.9l @  40.2Hz  =>  102.2dB  126W 100.3dB @  42.1Hz   1x50mm    270 mm 
    15.6l @  38.7Hz  =>  101.3dB  100W 100.3dB @  39.7Hz   1x50mm    237 mm 
    17.5l @  37.3Hz  =>  100.3dB   80W 100.3dB @  37.5Hz   1x50mm    208 mm 
0.60  84.9dB --------------------------------------------------------------
    11.7l @  42.5Hz  =>  103.8dB  200W  99.8dB @  45.9Hz   1x50mm    329 mm 
    13.1l @  41.0Hz  =>  102.8dB  160W  99.8dB @  43.4Hz   1x50mm    290 mm 
    14.7l @  39.5Hz  =>  101.8dB  127W  99.8dB @  41.0Hz   1x50mm    255 mm 
*   16.4l @  38.1Hz  =>  100.8dB  102W  99.8dB @  38.7Hz   1x50mm    224 mm 
    18.4l @  36.8Hz  =>   99.8dB   81W  99.8dB @  36.6Hz   1x50mm    196 mm 
    20.6l @  35.4Hz  =>   98.8dB   65W  99.8dB @  34.6Hz   1x50mm    171 mm 
    23.1l @  34.2Hz  =>   97.9dB   51W  99.8dB @  32.7Hz   1x50mm    149 mm 
1.00  84.4dB --------------------------------------------------------------
    14.9l @  39.3Hz  =>  101.7dB  136W  99.3dB @  40.6Hz   1x50mm    250 mm 
    16.7l @  37.9Hz  =>  100.7dB  109W  99.3dB @  38.4Hz   1x50mm    219 mm 
    18.7l @  36.5Hz  =>   99.7dB   87W  99.3dB @  36.3Hz   1x50mm    192 mm 
*   21.0l @  35.2Hz  =>   98.7dB   69W  99.3dB @  34.3Hz   1x50mm    167 mm 
    23.5l @  34.0Hz  =>   97.7dB   55W  99.3dB @  32.4Hz   1x50mm    146 mm 
    26.3l @  32.8Hz  =>   96.7dB   44W  99.3dB @  30.6Hz   1x50mm    126 mm 
    29.4l @  31.6Hz  =>   95.7dB   35W  99.3dB @  28.9Hz   1x50mm    109 mm 
-------------
L16RNX (H1488-08)                      85.0dB   80W                      1x50mm
Rpre   Spl         Vb      fb         SplMech Pmech  SplEle     f3       dv       lv

0.20  85.0dB --------------------------------------------------------------
     9.9l @  45.4Hz  =>  105.1dB  139W 102.7dB @  49.5Hz   1x50mm    350 mm 
    11.1l @  43.8Hz  =>  104.1dB  111W 102.7dB @  46.7Hz   1x50mm    309 mm 
    12.5l @  42.2Hz  =>  103.1dB   88W 102.7dB @  44.2Hz   1x50mm    272 mm 
*   14.0l @  40.7Hz  =>  102.1dB   70W 102.7dB @  41.7Hz   1x50mm    239 mm 
    15.6l @  39.3Hz  =>  101.1dB   56W 102.7dB @  39.4Hz   1x50mm    209 mm 
    17.5l @  37.9Hz  =>  100.1dB   45W 102.7dB @  37.3Hz   1x50mm    183 mm 
    19.6l @  36.5Hz  =>   99.2dB   36W 102.7dB @  35.2Hz   1x50mm    159 mm 
0.60  84.8dB --------------------------------------------------------------
    11.6l @  43.3Hz  =>  103.7dB  110W 102.4dB @  45.9Hz   1x50mm    296 mm 
    13.0l @  41.7Hz  =>  102.8dB   87W 102.4dB @  43.3Hz   1x50mm    260 mm 
    14.5l @  40.2Hz  =>  101.8dB   70W 102.4dB @  41.0Hz   1x50mm    229 mm 
*   16.3l @  38.8Hz  =>  100.8dB   56W 102.4dB @  38.7Hz   1x50mm    200 mm 
    18.2l @  37.4Hz  =>   99.8dB   44W 102.4dB @  36.6Hz   1x50mm    175 mm 
    20.4l @  36.1Hz  =>   98.8dB   35W 102.4dB @  34.6Hz   1x50mm    152 mm 
    22.8l @  34.8Hz  =>   97.8dB   28W 102.4dB @  32.6Hz   1x50mm    132 mm 
1.00  84.5dB --------------------------------------------------------------
    13.3l @  41.4Hz  =>  102.5dB   88W 102.1dB @  42.8Hz   1x50mm    253 mm 
    14.9l @  39.9Hz  =>  101.5dB   70W 102.1dB @  40.4Hz   1x50mm    222 mm 
    16.7l @  38.5Hz  =>  100.6dB   56W 102.1dB @  38.2Hz   1x50mm    194 mm 
*   18.7l @  37.1Hz  =>   99.6dB   45W 102.1dB @  36.1Hz   1x50mm    169 mm 
    20.9l @  35.8Hz  =>   98.6dB   36W 102.1dB @  34.1Hz   1x50mm    147 mm 
    23.5l @  34.5Hz  =>   97.6dB   28W 102.1dB @  32.2Hz   1x50mm    127 mm 
    26.3l @  33.3Hz  =>   96.6dB   23W 102.1dB @  30.4Hz   1x50mm    110 mm 
-------------
L18RNX/P(H1224-08)                     88.0dB  100W                      1x70mm
Rpre   Spl         Vb      fb         SplMech Pmech  SplEle     f3       dv       lv

0.20  87.6dB --------------------------------------------------------------
    11.6l @  48.9Hz  =>  109.5dB  214W 106.2dB @  58.0Hz - 1x50mm    354 mm 
    12.9l @  47.1Hz  =>  108.5dB  171W 106.2dB @  54.8Hz   1x70mm    633 mm 
    14.5l @  45.4Hz  =>  107.5dB  136W 106.2dB @  51.8Hz   1x70mm    559 mm 
*   16.2l @  43.8Hz  =>  106.5dB  108W 106.2dB @  48.9Hz   1x70mm    494 mm 
    18.2l @  42.3Hz  =>  105.6dB   86W 106.2dB @  46.2Hz   1x70mm    436 mm 
    20.4l @  40.8Hz  =>  104.6dB   69W 106.2dB @  43.7Hz   1x70mm    383 mm 
    22.8l @  39.3Hz  =>  103.6dB   55W 106.2dB @  41.3Hz   1x70mm    337 mm 
0.60  87.3dB --------------------------------------------------------------
    13.5l @  46.5Hz  =>  108.1dB  167W 105.9dB @  53.6Hz   1x70mm    604 mm 
    15.1l @  44.8Hz  =>  107.2dB  133W 105.9dB @  50.7Hz   1x70mm    534 mm 
    16.9l @  43.2Hz  =>  106.2dB  106W 105.9dB @  47.9Hz   1x70mm    471 mm 
*   19.0l @  41.7Hz  =>  105.2dB   85W 105.9dB @  45.3Hz   1x70mm    415 mm 
    21.3l @  40.2Hz  =>  104.2dB   67W 105.9dB @  42.8Hz   1x70mm    365 mm 
    23.8l @  38.8Hz  =>  103.2dB   54W 105.9dB @  40.4Hz   1x70mm    320 mm 
    26.7l @  37.4Hz  =>  102.2dB   43W 105.9dB @  38.2Hz   1x70mm    281 mm 
1.00  87.0dB --------------------------------------------------------------
    15.6l @  44.4Hz  =>  106.9dB  133W 105.6dB @  49.9Hz   1x70mm    515 mm 
    17.5l @  42.8Hz  =>  105.9dB  106W 105.6dB @  47.1Hz   1x70mm    454 mm 
    19.6l @  41.3Hz  =>  104.9dB   84W 105.6dB @  44.5Hz   1x70mm    400 mm 
*   22.0l @  39.8Hz  =>  103.9dB   67W 105.6dB @  42.1Hz   1x70mm    352 mm 
    24.6l @  38.4Hz  =>  102.9dB   54W 105.6dB @  39.8Hz   1x70mm    309 mm 
    27.5l @  37.0Hz  =>  101.9dB   43W 105.6dB @  37.6Hz   1x70mm    270 mm 
    30.8l @  35.7Hz  =>  101.0dB   34W 105.6dB @  35.5Hz   1x70mm    236 mm 
-------------
L26RFX/P(H1209)                        88.0dB  125W                     1x100mm
Rpre   Spl         Vb      fb         SplMech Pmech  SplEle     f3       dv       lv

0.20  87.1dB --------------------------------------------------------------
    79.1l @  25.5Hz  =>  107.3dB  133W 107.1dB @  29.3Hz   1x100mm   666 mm 
    88.6l @  24.6Hz  =>  106.4dB  106W 107.1dB @  27.7Hz   1x100mm   587 mm 
    99.3l @  23.8Hz  =>  105.4dB   85W 107.1dB @  26.2Hz   1x100mm   516 mm 
*  111.2l @  22.9Hz  =>  104.4dB   68W 107.1dB @  24.7Hz   1x100mm   453 mm 
   124.5l @  22.1Hz  =>  103.4dB   54W 107.1dB @  23.4Hz   1x100mm   397 mm 
   139.5l @  21.3Hz  =>  102.4dB   43W 107.1dB @  22.1Hz   1x100mm   346 mm 
   156.2l @  20.5Hz  =>  101.4dB   34W 107.1dB @  20.9Hz   1x100mm   301 mm 
0.60  86.9dB --------------------------------------------------------------
    91.3l @  24.4Hz  =>  106.1dB  106W 106.8dB @  27.3Hz   1x100mm   568 mm 
   102.3l @  23.5Hz  =>  105.1dB   85W 106.8dB @  25.8Hz   1x100mm   499 mm 
   114.6l @  22.7Hz  =>  104.1dB   68W 106.8dB @  24.4Hz   1x100mm   438 mm 
*  128.3l @  21.9Hz  =>  103.1dB   54W 106.8dB @  23.0Hz   1x100mm   383 mm 
   143.7l @  21.1Hz  =>  102.2dB   43W 106.8dB @  21.8Hz   1x100mm   334 mm 
   161.0l @  20.4Hz  =>  101.2dB   34W 106.8dB @  20.6Hz   1x100mm   290 mm 
   180.3l @  19.6Hz  =>  100.2dB   27W 106.8dB @  19.4Hz   1x100mm   251 mm 
1.00  86.6dB --------------------------------------------------------------
   104.4l @  23.4Hz  =>  104.9dB   86W 106.6dB @  25.5Hz   1x100mm   487 mm 
   116.9l @  22.5Hz  =>  103.9dB   69W 106.6dB @  24.1Hz   1x100mm   427 mm 
   131.0l @  21.7Hz  =>  103.0dB   55W 106.6dB @  22.8Hz   1x100mm   374 mm 
*  146.7l @  21.0Hz  =>  102.0dB   44W 106.6dB @  21.5Hz   1x100mm   326 mm 
   164.3l @  20.2Hz  =>  101.0dB   35W 106.6dB @  20.3Hz   1x100mm   283 mm 
   184.0l @  19.5Hz  =>  100.0dB   28W 106.6dB @  19.2Hz   1x100mm   245 mm 
   206.1l @  18.8Hz  =>   99.0dB   22W 106.6dB @  18.2Hz   1x100mm   211 mm 
-------------
L26RFX/P(H1209)                        88.0dB  125W                     1x100mm
Rpre   Spl         Vb      fb         SplMech Pmech  SplEle     f3       dv       lv

0.20  87.1dB --------------------------------------------------------------
    79.1l @  25.5Hz  =>  107.3dB  133W 107.1dB @  29.3Hz   1x100mm   666 mm 
    88.6l @  24.6Hz  =>  106.4dB  106W 107.1dB @  27.7Hz   1x100mm   587 mm 
    99.3l @  23.8Hz  =>  105.4dB   85W 107.1dB @  26.2Hz   1x100mm   516 mm 
*  111.2l @  22.9Hz  =>  104.4dB   68W 107.1dB @  24.7Hz   1x100mm   453 mm 
   124.5l @  22.1Hz  =>  103.4dB   54W 107.1dB @  23.4Hz   1x100mm   397 mm 
   139.5l @  21.3Hz  =>  102.4dB   43W 107.1dB @  22.1Hz   1x100mm   346 mm 
   156.2l @  20.5Hz  =>  101.4dB   34W 107.1dB @  20.9Hz   1x100mm   301 mm 
0.60  86.9dB --------------------------------------------------------------
    91.3l @  24.4Hz  =>  106.1dB  106W 106.8dB @  27.3Hz   1x100mm   568 mm 
   102.3l @  23.5Hz  =>  105.1dB   85W 106.8dB @  25.8Hz   1x100mm   499 mm 
   114.6l @  22.7Hz  =>  104.1dB   68W 106.8dB @  24.4Hz   1x100mm   438 mm 
*  128.3l @  21.9Hz  =>  103.1dB   54W 106.8dB @  23.0Hz   1x100mm   383 mm 
   143.7l @  21.1Hz  =>  102.2dB   43W 106.8dB @  21.8Hz   1x100mm   334 mm 
   161.0l @  20.4Hz  =>  101.2dB   34W 106.8dB @  20.6Hz   1x100mm   290 mm 
   180.3l @  19.6Hz  =>  100.2dB   27W 106.8dB @  19.4Hz   1x100mm   251 mm 
1.00  86.6dB --------------------------------------------------------------
   104.4l @  23.4Hz  =>  104.9dB   86W 106.6dB @  25.5Hz   1x100mm   487 mm 
   116.9l @  22.5Hz  =>  103.9dB   69W 106.6dB @  24.1Hz   1x100mm   427 mm 
   131.0l @  21.7Hz  =>  103.0dB   55W 106.6dB @  22.8Hz   1x100mm   374 mm 
*  146.7l @  21.0Hz  =>  102.0dB   44W 106.6dB @  21.5Hz   1x100mm   326 mm 
   164.3l @  20.2Hz  =>  101.0dB   35W 106.6dB @  20.3Hz   1x100mm   283 mm 
   184.0l @  19.5Hz  =>  100.0dB   28W 106.6dB @  19.2Hz   1x100mm   245 mm 
   206.1l @  18.8Hz  =>   99.0dB   22W 106.6dB @  18.2Hz   1x100mm   211 mm 
-------------
L26RFX/P                               88.0dB  125W                     1x100mm
Rpre   Spl         Vb      fb         SplMech Pmech  SplEle     f3       dv       lv

0.20  87.2dB --------------------------------------------------------------
    80.5l @  25.5Hz  =>  107.2dB  130W 107.1dB @  29.2Hz   1x100mm   654 mm 
    90.1l @  24.5Hz  =>  106.3dB  103W 107.1dB @  27.5Hz   1x100mm   576 mm 
   100.9l @  23.7Hz  =>  105.3dB   82W 107.1dB @  26.0Hz   1x100mm   507 mm 
*  113.1l @  22.8Hz  =>  104.3dB   66W 107.1dB @  24.6Hz   1x100mm   444 mm 
   126.6l @  22.0Hz  =>  103.3dB   52W 107.1dB @  23.2Hz   1x100mm   389 mm 
   141.8l @  21.2Hz  =>  102.3dB   42W 107.1dB @  22.0Hz   1x100mm   339 mm 
   158.8l @  20.5Hz  =>  101.3dB   33W 107.1dB @  20.8Hz   1x100mm   295 mm 
0.60  86.9dB --------------------------------------------------------------
    92.9l @  24.3Hz  =>  106.0dB  103W 106.8dB @  27.1Hz   1x100mm   557 mm 
   104.1l @  23.4Hz  =>  105.0dB   82W 106.8dB @  25.6Hz   1x100mm   489 mm 
   116.5l @  22.6Hz  =>  104.0dB   66W 106.8dB @  24.2Hz   1x100mm   429 mm 
*  130.5l @  21.8Hz  =>  103.0dB   52W 106.8dB @  22.9Hz   1x100mm   375 mm 
   146.2l @  21.0Hz  =>  102.1dB   42W 106.8dB @  21.6Hz   1x100mm   327 mm 
   163.7l @  20.3Hz  =>  101.1dB   33W 106.8dB @  20.4Hz   1x100mm   284 mm 
   183.4l @  19.6Hz  =>  100.1dB   27W 106.8dB @  19.3Hz   1x100mm   246 mm 
1.00  86.7dB --------------------------------------------------------------
   106.3l @  23.3Hz  =>  104.8dB   84W 106.6dB @  25.4Hz   1x100mm   478 mm 
   119.0l @  22.5Hz  =>  103.8dB   67W 106.6dB @  24.0Hz   1x100mm   419 mm 
   133.3l @  21.7Hz  =>  102.9dB   53W 106.6dB @  22.7Hz   1x100mm   366 mm 
*  149.3l @  20.9Hz  =>  101.9dB   42W 106.6dB @  21.4Hz   1x100mm   319 mm 
   167.2l @  20.1Hz  =>  100.9dB   34W 106.6dB @  20.2Hz   1x100mm   277 mm 
   187.3l @  19.4Hz  =>   99.9dB   27W 106.6dB @  19.1Hz   1x100mm   239 mm 
   209.7l @  18.7Hz  =>   98.9dB   21W 106.6dB @  18.1Hz   1x100mm   206 mm 
-------------
L26ROY                                 88.0dB  250W                     1x100mm
Rpre   Spl         Vb      fb         SplMech Pmech  SplEle     f3       dv       lv

0.20  86.1dB --------------------------------------------------------------
    35.9l @  29.2Hz  =>  116.9dB 3132W 105.9dB @  34.2Hz - 1x70mm    609 mm 
    40.2l @  28.2Hz  =>  115.9dB 2496W 105.9dB @  32.4Hz - 1x70mm    538 mm 
    45.0l @  27.2Hz  =>  114.9dB 1990W 105.9dB @  30.6Hz - 1x70mm    475 mm 
*   50.5l @  26.2Hz  =>  113.9dB 1587W 105.9dB @  28.9Hz - 1x70mm    418 mm 
    56.5l @  25.3Hz  =>  113.0dB 1265W 105.9dB @  27.3Hz - 1x70mm    368 mm 
    63.3l @  24.4Hz  =>  112.0dB 1008W 105.9dB @  25.8Hz   1x100mm   691 mm 
    70.9l @  23.5Hz  =>  111.0dB  804W 105.9dB @  24.4Hz   1x100mm   609 mm 
0.60  85.6dB --------------------------------------------------------------
    48.5l @  26.5Hz  =>  114.3dB 1922W 105.4dB @  29.5Hz - 1x70mm    437 mm 
    54.4l @  25.6Hz  =>  113.3dB 1532W 105.4dB @  27.8Hz - 1x70mm    385 mm 
    60.9l @  24.7Hz  =>  112.3dB 1221W 105.4dB @  26.3Hz - 1x70mm    338 mm 
*   68.2l @  23.8Hz  =>  111.3dB  974W 105.4dB @  24.8Hz   1x100mm   636 mm 
    76.4l @  22.9Hz  =>  110.3dB  776W 105.4dB @  23.5Hz   1x100mm   560 mm 
    85.5l @  22.1Hz  =>  109.3dB  619W 105.4dB @  22.2Hz   1x100mm   492 mm 
    95.8l @  21.3Hz  =>  108.4dB  493W 105.4dB @  21.0Hz   1x100mm   432 mm 
1.00  85.1dB --------------------------------------------------------------
    63.4l @  24.3Hz  =>  111.9dB 1247W 105.0dB @  25.8Hz   1x100mm   689 mm 
    71.1l @  23.5Hz  =>  111.0dB  994W 105.0dB @  24.3Hz   1x100mm   607 mm 
    79.6l @  22.6Hz  =>  110.0dB  792W 105.0dB @  23.0Hz   1x100mm   535 mm 
*   89.1l @  21.8Hz  =>  109.0dB  632W 105.0dB @  21.7Hz   1x100mm   469 mm 
    99.8l @  21.1Hz  =>  108.0dB  504W 105.0dB @  20.5Hz   1x100mm   411 mm 
   111.8l @  20.3Hz  =>  107.0dB  401W 105.0dB @  19.4Hz   1x100mm   359 mm 
   125.2l @  19.6Hz  =>  106.0dB  320W 105.0dB @  18.3Hz   1x100mm   313 mm 
-------------
L26RO4Y                                85.5dB  250W                     1x100mm
Rpre   Spl         Vb      fb         SplMech Pmech  SplEle     f3       dv       lv

0.60  84.7dB --------------------------------------------------------------
    29.5l @  27.7Hz  =>  114.6dB 2365W 104.8dB @  30.0Hz - 1x70mm    623 mm 
    33.1l @  26.7Hz  =>  113.6dB 1886W 104.8dB @  28.3Hz - 1x70mm    551 mm 
1.00  84.3dB --------------------------------------------------------------
    27.3l @  28.4Hz  =>  115.2dB 3050W 104.4dB @  31.2Hz - 1x70mm    678 mm 
*   30.6l @  27.4Hz  =>  114.3dB 2432W 104.4dB @  29.4Hz - 1x70mm    600 mm 
    34.2l @  26.4Hz  =>  113.3dB 1938W 104.4dB @  27.8Hz - 1x70mm    530 mm 
    38.4l @  25.4Hz  =>  112.3dB 1545W 104.4dB @  26.3Hz - 1x70mm    468 mm 
    43.0l @  24.5Hz  =>  111.3dB 1232W 104.4dB @  24.8Hz - 1x70mm    412 mm 
-------------
P21RF/P(H511)                          88.0dB  125W                      1x70mm
Rpre   Spl         Vb      fb         SplMech Pmech  SplEle     f3       dv       lv

0.20  88.3dB --------------------------------------------------------------
    24.0l @  42.6Hz  =>  106.5dB   84W 108.3dB @  48.3Hz   1x70mm    363 mm 
    26.8l @  41.0Hz  =>  105.5dB   67W 108.3dB @  45.6Hz   1x70mm    319 mm 
    30.0l @  39.6Hz  =>  104.6dB   53W 108.3dB @  43.1Hz   1x70mm    279 mm 
*   33.6l @  38.2Hz  =>  103.6dB   43W 108.3dB @  40.7Hz   1x70mm    244 mm 
    37.7l @  36.8Hz  =>  102.6dB   34W 108.3dB @  38.5Hz   1x70mm    212 mm 
    42.2l @  35.5Hz  =>  101.6dB   27W 108.3dB @  36.4Hz   1x70mm    184 mm 
    47.3l @  34.2Hz  =>  100.6dB   22W 108.3dB @  34.4Hz   1x70mm    159 mm 
0.60  88.0dB --------------------------------------------------------------
    27.4l @  40.8Hz  =>  105.4dB   68W 108.0dB @  45.2Hz   1x70mm    311 mm 
    30.7l @  39.3Hz  =>  104.4dB   54W 108.0dB @  42.7Hz   1x70mm    272 mm 
    34.3l @  37.9Hz  =>  103.4dB   43W 108.0dB @  40.3Hz   1x70mm    238 mm 
*   38.5l @  36.6Hz  =>  102.4dB   35W 108.0dB @  38.1Hz   1x70mm    207 mm 
    43.1l @  35.3Hz  =>  101.4dB   28W 108.0dB @  36.0Hz   1x70mm    179 mm 
    48.3l @  34.0Hz  =>  100.4dB   22W 108.0dB @  34.0Hz   1x70mm    154 mm 
    54.0l @  32.8Hz  =>   99.5dB   18W 108.0dB @  32.1Hz   1x70mm    132 mm 
1.00  87.8dB --------------------------------------------------------------
    31.0l @  39.2Hz  =>  104.3dB   56W 107.8dB @  42.4Hz   1x70mm    269 mm 
    34.7l @  37.8Hz  =>  103.3dB   45W 107.8dB @  40.1Hz   1x70mm    234 mm 
    38.9l @  36.4Hz  =>  102.3dB   36W 107.8dB @  37.9Hz   1x70mm    204 mm 
*   43.6l @  35.1Hz  =>  101.3dB   28W 107.8dB @  35.8Hz   1x70mm    176 mm 
    48.8l @  33.9Hz  =>  100.3dB   23W 107.8dB @  33.8Hz   1x70mm    152 mm 
    54.7l @  32.7Hz  =>   99.4dB   18W 107.8dB @  32.0Hz   1x70mm    130 mm 
    61.2l @  31.5Hz  =>   98.4dB   14W 107.8dB @  30.2Hz   1x70mm    111 mm 
-------------
T18RE/XFCTV2(H1333)                    87.0dB   80W                      1x50mm
Rpre   Spl         Vb      fb         SplMech Pmech  SplEle     f3       dv       lv

0.20  86.4dB --------------------------------------------------------------
    12.3l @  41.2Hz  =>  101.6dB   44W 104.2dB @  53.4Hz   1x50mm    667 mm 
    13.8l @  39.8Hz  =>  100.6dB   35W 104.2dB @  50.5Hz   1x50mm    591 mm 
    15.4l @  38.3Hz  =>   99.7dB   28W 104.2dB @  47.7Hz   1x50mm    524 mm 
*   17.3l @  37.0Hz  =>   98.7dB   22W 104.2dB @  45.1Hz   1x50mm    464 mm 
    19.4l @  35.7Hz  =>   97.7dB   18W 104.2dB @  42.6Hz   1x50mm    410 mm 
    21.7l @  34.4Hz  =>   96.7dB   14W 104.2dB @  40.3Hz   1x50mm    362 mm 
    24.3l @  33.2Hz  =>   95.7dB   11W 104.2dB @  38.0Hz   1x50mm    320 mm 
0.60  86.1dB --------------------------------------------------------------
    14.3l @  39.3Hz  =>  100.4dB   35W 104.0dB @  49.7Hz   1x50mm    571 mm 
    16.0l @  37.9Hz  =>   99.4dB   28W 104.0dB @  46.9Hz   1x50mm    506 mm 
    17.9l @  36.6Hz  =>   98.4dB   22W 104.0dB @  44.3Hz   1x50mm    448 mm 
*   20.0l @  35.3Hz  =>   97.4dB   18W 104.0dB @  41.9Hz   1x50mm    396 mm 
    22.4l @  34.0Hz  =>   96.4dB   14W 104.0dB @  39.6Hz   1x50mm    349 mm 
    25.1l @  32.8Hz  =>   95.4dB   11W 104.0dB @  37.4Hz   1x50mm    308 mm 
    28.1l @  31.6Hz  =>   94.4dB    9W 104.0dB @  35.4Hz   1x50mm    271 mm 
1.00  85.9dB --------------------------------------------------------------
    16.3l @  37.7Hz  =>   99.2dB   28W 103.7dB @  46.4Hz   1x50mm    493 mm 
    18.3l @  36.3Hz  =>   98.2dB   22W 103.7dB @  43.8Hz   1x50mm    437 mm 
    20.5l @  35.0Hz  =>   97.2dB   18W 103.7dB @  41.4Hz   1x50mm    386 mm 
*   23.0l @  33.8Hz  =>   96.2dB   14W 103.7dB @  39.1Hz   1x50mm    341 mm 
    25.7l @  32.6Hz  =>   95.2dB   11W 103.7dB @  37.0Hz   1x50mm    300 mm 
    28.8l @  31.4Hz  =>   94.2dB    9W 103.7dB @  34.9Hz   1x50mm    264 mm 
    32.2l @  30.3Hz  =>   93.3dB    7W 103.7dB @  33.0Hz   1x50mm    232 mm 
-------------
W18GP                                  88.3dB   80W                      1x70mm
Rpre   Spl         Vb      fb         SplMech Pmech  SplEle     f3       dv       lv

0.20  88.1dB --------------------------------------------------------------
    11.2l @  55.7Hz  =>  110.3dB  223W 105.8dB @  60.7Hz   1x70mm    397 mm 
    12.6l @  53.7Hz  =>  109.3dB  178W 105.8dB @  57.4Hz   1x70mm    349 mm 
    14.1l @  51.8Hz  =>  108.3dB  142W 105.8dB @  54.2Hz   1x70mm    306 mm 
*   15.8l @  49.9Hz  =>  107.3dB  113W 105.8dB @  51.2Hz   1x70mm    268 mm 
    17.7l @  48.1Hz  =>  106.3dB   90W 105.8dB @  48.4Hz   1x70mm    234 mm 
    19.8l @  46.4Hz  =>  105.4dB   72W 105.8dB @  45.7Hz   1x70mm    203 mm 
    22.2l @  44.8Hz  =>  104.4dB   57W 105.8dB @  43.2Hz   1x70mm    176 mm 
0.60  87.8dB --------------------------------------------------------------
    13.0l @  53.1Hz  =>  109.0dB  178W 105.5dB @  56.5Hz   1x70mm    337 mm 
    14.5l @  51.2Hz  =>  108.0dB  142W 105.5dB @  53.4Hz   1x70mm    295 mm 
    16.3l @  49.4Hz  =>  107.1dB  113W 105.5dB @  50.4Hz   1x70mm    258 mm 
*   18.2l @  47.7Hz  =>  106.1dB   90W 105.5dB @  47.6Hz   1x70mm    225 mm 
    20.4l @  46.0Hz  =>  105.1dB   72W 105.5dB @  45.0Hz   1x70mm    195 mm 
    22.9l @  44.3Hz  =>  104.1dB   57W 105.5dB @  42.5Hz   1x70mm    169 mm 
    25.6l @  42.7Hz  =>  103.1dB   46W 105.5dB @  40.2Hz   1x70mm    145 mm 
1.00  87.6dB --------------------------------------------------------------
    14.9l @  50.9Hz  =>  107.9dB  144W 105.3dB @  52.8Hz   1x70mm    288 mm 
    16.6l @  49.1Hz  =>  106.9dB  115W 105.3dB @  49.9Hz   1x70mm    252 mm 
    18.6l @  47.3Hz  =>  105.9dB   92W 105.3dB @  47.1Hz   1x70mm    219 mm 
*   20.9l @  45.6Hz  =>  104.9dB   73W 105.3dB @  44.5Hz   1x70mm    190 mm 
    23.4l @  44.0Hz  =>  103.9dB   58W 105.3dB @  42.1Hz   1x70mm    164 mm 
    26.2l @  42.5Hz  =>  102.9dB   47W 105.3dB @  39.8Hz   1x70mm    141 mm 
    29.3l @  40.9Hz  =>  102.0dB   37W 105.3dB @  37.6Hz   1x70mm    121 mm 
-------------
W260 Classic                           90.0dB   80W                     1x100mm
Rpre   Spl         Vb      fb         SplMech Pmech  SplEle     f3       dv       lv

0.20  89.9dB --------------------------------------------------------------
   128.2l @  27.7Hz  =>  102.9dB   26W 107.7dB @  29.4Hz   1x100mm   219 mm 
   143.5l @  26.7Hz  =>  101.9dB   21W 107.7dB @  27.8Hz   1x100mm   188 mm 
   160.8l @  25.8Hz  =>  101.0dB   17W 107.7dB @  26.2Hz   1x100mm   160 mm 
*  180.1l @  24.9Hz  =>  100.0dB   13W 107.7dB @  24.8Hz   1x100mm   135 mm 
   201.7l @  24.0Hz  =>   99.0dB   11W 107.7dB @  23.4Hz   1x100mm   113 mm 
   225.9l @  23.1Hz  =>   98.0dB    9W 107.7dB @  22.1Hz   1x100mm    93 mm 
   253.0l @  22.3Hz  =>   97.0dB    7W 107.7dB @  20.9Hz   1x100mm    75 mm 
0.60  89.6dB --------------------------------------------------------------
   150.4l @  26.3Hz  =>  101.5dB   20W 107.5dB @  27.1Hz   1x100mm   176 mm 
   168.4l @  25.4Hz  =>  100.6dB   16W 107.5dB @  25.6Hz   1x100mm   149 mm 
   188.7l @  24.5Hz  =>   99.6dB   13W 107.5dB @  24.2Hz   1x100mm   125 mm 
*  211.3l @  23.6Hz  =>   98.6dB   10W 107.5dB @  22.9Hz   1x100mm   104 mm 
   236.7l @  22.8Hz  =>   97.6dB    8W 107.5dB @  21.6Hz   1x100mm    85 mm 
   265.1l @  22.0Hz  =>   96.6dB    7W 107.5dB @  20.4Hz   1x100mm    68 mm 
   296.9l @  21.2Hz  =>   95.6dB    5W 107.5dB @  19.3Hz   1x100mm    53 mm 
1.00  89.4dB --------------------------------------------------------------
   174.7l @  25.1Hz  =>  100.2dB   16W 107.2dB @  25.2Hz   1x100mm   141 mm 
   195.7l @  24.2Hz  =>   99.3dB   13W 107.2dB @  23.8Hz   1x100mm   118 mm 
   219.1l @  23.3Hz  =>   98.3dB   10W 107.2dB @  22.5Hz   1x100mm    98 mm 
*  245.4l @  22.5Hz  =>   97.3dB    8W 107.2dB @  21.2Hz   1x100mm    79 mm 
   274.9l @  21.7Hz  =>   96.3dB    6W 107.2dB @  20.1Hz   1x100mm    63 mm 
   307.9l @  20.9Hz  =>   95.3dB    5W 107.2dB @  19.0Hz   1x100mm    49 mm 
   344.8l @  20.2Hz  =>   94.3dB    4W 107.2dB @  17.9Hz   1x100mm    35 mm 
