-------------
LP 208.38/1100                         94.9dB  100W                      1x70mm
Rpre   Spl
      Vb      fb         SplMech Pmech  SplEle     f3       dv       lv

0.20  93.8dB --------------------------------------------------------------
     8.9l @  87.3Hz  =>  108.5dB   38W 112.7dB @ 103.0Hz   1x70mm    253 mm 
    10.0l @  84.2Hz  =>  107.5dB   30W 112.7dB @  97.3Hz   1x70mm    221 mm 
    11.2l @  81.2Hz  =>  106.5dB   24W 112.7dB @  92.0Hz   1x70mm    191 mm 
*   12.5l @  78.3Hz  =>  105.6dB   19W 112.7dB @  86.9Hz   1x70mm    165 mm 
    14.0l @  75.5Hz  =>  104.6dB   15W 112.7dB @  82.1Hz   1x70mm    142 mm 
    15.7l @  72.8Hz  =>  103.6dB   12W 112.7dB @  77.6Hz   1x70mm    122 mm 
    17.6l @  70.2Hz  =>  102.6dB   10W 112.7dB @  73.3Hz   1x70mm    103 mm 
0.60  93.5dB --------------------------------------------------------------
    10.3l @  83.4Hz  =>  107.3dB   31W 112.4dB @  96.0Hz   1x70mm    213 mm 
    11.5l @  80.5Hz  =>  106.3dB   24W 112.4dB @  90.7Hz   1x70mm    185 mm 
    12.9l @  77.6Hz  =>  105.3dB   19W 112.4dB @  85.7Hz   1x70mm    160 mm 
*   14.4l @  74.8Hz  =>  104.3dB   16W 112.4dB @  81.0Hz   1x70mm    137 mm 
    16.2l @  72.2Hz  =>  103.3dB   12W 112.4dB @  76.5Hz   1x70mm    117 mm 
    18.1l @  69.6Hz  =>  102.4dB   10W 112.4dB @  72.3Hz   1x70mm     99 mm 
    20.3l @  67.1Hz  =>  101.4dB    8W 112.4dB @  68.3Hz   1x70mm     83 mm 
1.00  93.3dB --------------------------------------------------------------
    11.7l @  80.0Hz  =>  106.1dB   25W 112.2dB @  89.9Hz   1x70mm    181 mm 
    13.1l @  77.1Hz  =>  105.2dB   20W 112.2dB @  84.9Hz   1x70mm    156 mm 
    14.7l @  74.4Hz  =>  104.2dB   16W 112.2dB @  80.3Hz   1x70mm    134 mm 
*   16.5l @  71.7Hz  =>  103.2dB   13W 112.2dB @  75.8Hz   1x70mm    114 mm 
    18.4l @  69.2Hz  =>  102.2dB   10W 112.2dB @  71.7Hz   1x70mm     96 mm 
    20.6l @  66.7Hz  =>  101.2dB    8W 112.2dB @  67.7Hz   1x70mm     80 mm 
    23.1l @  64.3Hz  =>  100.2dB    6W 112.2dB @  64.0Hz   1x70mm     66 mm 
-------------
8L 2SL                                 94.6dB  150W                      1x70mm
Rpre   Spl
      Vb      fb         SplMech Pmech  SplEle     f3       dv       lv

0.20  93.1dB --------------------------------------------------------------
     7.0l @  88.2Hz  =>  118.7dB  479W 113.7dB @ 103.0Hz   1x70mm    312 mm 
     7.9l @  85.1Hz  =>  117.8dB  382W 113.7dB @  97.3Hz   1x70mm    273 mm 
     8.8l @  82.0Hz  =>  116.8dB  304W 113.7dB @  91.9Hz   1x70mm    239 mm 
*    9.9l @  79.1Hz  =>  115.8dB  243W 113.7dB @  86.9Hz   1x70mm    208 mm 
    11.1l @  76.3Hz  =>  114.8dB  193W 113.7dB @  82.1Hz   1x70mm    180 mm 
    12.4l @  73.6Hz  =>  113.8dB  154W 113.7dB @  77.6Hz   1x70mm    155 mm 
    13.9l @  71.0Hz  =>  112.8dB  123W 113.7dB @  73.3Hz   1x70mm    133 mm 
0.60  92.9dB --------------------------------------------------------------
     8.2l @  84.0Hz  =>  117.4dB  374W 113.4dB @  95.3Hz   1x70mm    260 mm 
     9.2l @  81.0Hz  =>  116.4dB  298W 113.4dB @  90.1Hz   1x70mm    227 mm 
    10.3l @  78.1Hz  =>  115.4dB  238W 113.4dB @  85.1Hz   1x70mm    197 mm 
*   11.5l @  75.3Hz  =>  114.4dB  189W 113.4dB @  80.4Hz   1x70mm    171 mm 
    12.9l @  72.6Hz  =>  113.5dB  151W 113.4dB @  76.0Hz   1x70mm    147 mm 
    14.5l @  70.0Hz  =>  112.5dB  120W 113.4dB @  71.8Hz   1x70mm    126 mm 
    16.2l @  67.5Hz  =>  111.5dB   96W 113.4dB @  67.8Hz   1x70mm    107 mm 
1.00  92.6dB --------------------------------------------------------------
     9.5l @  80.2Hz  =>  116.1dB  297W 113.2dB @  88.7Hz   1x70mm    218 mm 
    10.6l @  77.3Hz  =>  115.2dB  236W 113.2dB @  83.8Hz   1x70mm    190 mm 
    11.9l @  74.6Hz  =>  114.2dB  189W 113.2dB @  79.2Hz   1x70mm    164 mm 
*   13.3l @  71.9Hz  =>  113.2dB  150W 113.2dB @  74.8Hz   1x70mm    141 mm 
    14.9l @  69.3Hz  =>  112.2dB  120W 113.2dB @  70.7Hz   1x70mm    120 mm 
    16.7l @  66.9Hz  =>  111.2dB   96W 113.2dB @  66.8Hz   1x70mm    102 mm 
    18.7l @  64.5Hz  =>  110.2dB   76W 113.2dB @  63.1Hz   1x70mm     85 mm 
-------------
8N 2.5 PL                              96.4dB  250W                      1x70mm
Rpre   Spl
      Vb      fb         SplMech Pmech  SplEle     f3       dv       lv

0.20  94.5dB --------------------------------------------------------------
     5.3l @ 106.9Hz  =>  122.5dB  907W 116.9dB @ 123.3Hz   1x70mm    263 mm 
     5.9l @ 103.1Hz  =>  121.5dB  723W 116.9dB @ 116.5Hz   1x70mm    229 mm 
     6.6l @  99.5Hz  =>  120.5dB  576W 116.9dB @ 110.1Hz   1x70mm    199 mm 
*    7.4l @  95.9Hz  =>  119.6dB  459W 116.9dB @ 104.0Hz   1x70mm    172 mm 
     8.3l @  92.5Hz  =>  118.6dB  366W 116.9dB @  98.3Hz   1x70mm    148 mm 
     9.3l @  89.2Hz  =>  117.6dB  292W 116.9dB @  92.9Hz   1x70mm    127 mm 
    10.5l @  86.0Hz  =>  116.6dB  233W 116.9dB @  87.8Hz   1x70mm    108 mm 
0.60  94.2dB --------------------------------------------------------------
     6.3l @ 101.1Hz  =>  121.0dB  681W 116.6dB @ 112.9Hz   1x70mm    212 mm 
     7.1l @  97.5Hz  =>  120.0dB  543W 116.6dB @ 106.7Hz   1x70mm    184 mm 
     7.9l @  94.0Hz  =>  119.0dB  433W 116.6dB @ 100.8Hz   1x70mm    159 mm 
*    8.9l @  90.6Hz  =>  118.0dB  345W 116.6dB @  95.2Hz   1x70mm    136 mm 
    10.0l @  87.4Hz  =>  117.0dB  275W 116.6dB @  90.0Hz   1x70mm    116 mm 
    11.1l @  84.3Hz  =>  116.1dB  219W 116.6dB @  85.0Hz   1x70mm     98 mm 
    12.5l @  81.3Hz  =>  115.1dB  175W 116.6dB @  80.4Hz   1x70mm     82 mm 
1.00  93.9dB --------------------------------------------------------------
     7.5l @  95.9Hz  =>  119.5dB  521W 116.3dB @ 104.0Hz   1x70mm    172 mm 
     8.4l @  92.5Hz  =>  118.6dB  416W 116.3dB @  98.2Hz   1x70mm    148 mm 
     9.4l @  89.2Hz  =>  117.6dB  331W 116.3dB @  92.8Hz   1x70mm    127 mm 
*   10.5l @  86.0Hz  =>  116.6dB  264W 116.3dB @  87.7Hz   1x70mm    108 mm 
    11.7l @  82.9Hz  =>  115.6dB  211W 116.3dB @  82.9Hz   1x70mm     91 mm 
    13.1l @  80.0Hz  =>  114.6dB  168W 116.3dB @  78.3Hz   1x70mm     75 mm 
    14.7l @  77.1Hz  =>  113.6dB  134W 116.3dB @  74.0Hz   1x70mm     62 mm 
