-------------
LP 208.38/1100
      94.9dB                            100W
Rpre   Spl      qtc    Vb     SplMech Pmech SplEle      f3

0.20  93.8dB:   0.5   15.5l: (110.7dB    64W 112.7dB) @ 147Hz
                0.6    8.9l: (109.7dB    51W 112.7dB) @ 139Hz
                0.7    5.9l: (109.8dB    51W 112.7dB) @ 139Hz
                0.8    4.3l: (111.2dB    71W 112.7dB) @ 151Hz
                0.9    3.2l: (111.7dB    79W 112.7dB) @ 156Hz
                1.0    2.6l: (112.2dB    90W 112.7dB) @ 161Hz
                1.1    2.1l: (113.0dB   107W 112.7dB) @ 168Hz
                1.1    2.1l: (110.1dB    55W 112.7dB) @ 142Hz (  251uF)

0.60  93.5dB:   0.5   18.4l: (109.9dB    56W 112.4dB) @ 140Hz
                0.6   10.2l: (108.9dB    44W 112.4dB) @ 132Hz
                0.7    6.7l: (108.9dB    45W 112.4dB) @ 133Hz
                0.8    4.8l: (110.3dB    62W 112.4dB) @ 144Hz
                0.9    3.6l: (110.8dB    69W 112.4dB) @ 148Hz
                1.0    2.8l: (111.4dB    78W 112.4dB) @ 153Hz
                1.1    2.3l: (112.1dB    93W 112.4dB) @ 160Hz
                1.1    2.3l: (109.3dB    48W 112.4dB) @ 135Hz (  263uF)

1.00  93.3dB:   0.5   21.9l: (109.1dB    49W 112.2dB) @ 134Hz
                0.6   11.7l: (108.1dB    39W 112.2dB) @ 126Hz
                0.7    7.6l: (108.1dB    39W 112.2dB) @ 127Hz
                0.8    5.4l: (109.5dB    54W 112.2dB) @ 138Hz
                0.9    4.0l: (110.0dB    61W 112.2dB) @ 141Hz
                1.0    3.2l: (110.6dB    69W 112.2dB) @ 146Hz
                1.1    2.5l: (111.3dB    82W 112.2dB) @ 153Hz
                1.1    2.5l: (108.5dB    43W 112.2dB) @ 129Hz (  276uF)

-------------
8L 2SL
      94.6dB                            150W
Rpre   Spl      qtc    Vb     SplMech Pmech SplEle      f3

0.20  93.1dB:   0.5   12.4l: (121.1dB   829W 113.7dB) @ 149Hz
                0.6    7.0l: (120.1dB   657W 113.7dB) @ 140Hz
                0.7    4.6l: (120.2dB   664W 113.7dB) @ 141Hz
                0.8    3.3l: (121.6dB   919W 113.7dB) @ 153Hz
                0.9    2.5l: (122.1dB  1027W 113.7dB) @ 157Hz
                1.0    2.0l: (122.6dB  1168W 113.7dB) @ 162Hz
                1.1    1.6l: (123.4dB  1389W 113.7dB) @ 169Hz
                1.1    1.6l: (120.5dB   720W 113.7dB) @ 144Hz (  253uF)

0.60  92.9dB:   0.5   15.0l: (120.2dB   710W 113.4dB) @ 141Hz
                0.6    8.2l: (119.2dB   563W 113.4dB) @ 133Hz
                0.7    5.3l: (119.2dB   569W 113.4dB) @ 133Hz
                0.8    3.8l: (120.6dB   788W 113.4dB) @ 145Hz
                0.9    2.9l: (121.1dB   881W 113.4dB) @ 149Hz
                1.0    2.2l: (121.7dB  1002W 113.4dB) @ 154Hz
                1.1    1.8l: (122.4dB  1191W 113.4dB) @ 160Hz
                1.1    1.8l: (119.6dB   617W 113.4dB) @ 136Hz (  267uF)

1.00  92.6dB:   0.5   18.4l: (119.3dB   615W 113.2dB) @ 134Hz
                0.6    9.5l: (118.3dB   488W 113.2dB) @ 126Hz
                0.7    6.1l: (118.4dB   493W 113.2dB) @ 127Hz
                0.8    4.3l: (119.8dB   683W 113.2dB) @ 137Hz
                0.9    3.2l: (120.2dB   763W 113.2dB) @ 141Hz
                1.0    2.5l: (120.8dB   868W 113.2dB) @ 146Hz
                1.1    2.0l: (121.6dB  1032W 113.2dB) @ 152Hz
                1.1    2.0l: (118.7dB   535W 113.2dB) @ 129Hz (  280uF)

-------------
8N 2.5 PL
      96.4dB                            250W
Rpre   Spl      qtc    Vb     SplMech Pmech SplEle      f3

0.20  94.5dB:   0.5    9.5l: (125.1dB  1635W 116.9dB) @ 180Hz
                0.6    5.3l: (124.1dB  1296W 116.9dB) @ 170Hz
                0.7    3.5l: (124.1dB  1311W 116.9dB) @ 170Hz
                0.8    2.5l: (125.5dB  1814W 116.9dB) @ 185Hz
                0.9    1.9l: (126.0dB  2027W 116.9dB) @ 190Hz
                1.0    1.5l: (126.6dB  2306W 116.9dB) @ 196Hz
                1.1    1.2l: (127.3dB  2742W 116.9dB) @ 205Hz
                1.1    1.2l: (124.5dB  1421W 116.9dB) @ 174Hz (  228uF)

0.60  94.2dB:   0.5   12.0l: (124.0dB  1367W 116.6dB) @ 169Hz
                0.6    6.3l: (123.0dB  1083W 116.6dB) @ 160Hz
                0.7    4.1l: (123.0dB  1096W 116.6dB) @ 160Hz
                0.8    2.9l: (124.4dB  1516W 116.6dB) @ 174Hz
                0.9    2.2l: (124.9dB  1694W 116.6dB) @ 178Hz
                1.0    1.7l: (125.5dB  1927W 116.6dB) @ 184Hz
                1.1    1.4l: (126.2dB  2292W 116.6dB) @ 192Hz
                1.1    1.4l: (123.4dB  1188W 116.6dB) @ 163Hz (  243uF)

1.00  93.9dB:   0.5   15.4l: (123.0dB  1157W 116.3dB) @ 160Hz
                0.6    7.6l: (122.0dB   916W 116.3dB) @ 151Hz
                0.7    4.8l: (122.0dB   927W 116.3dB) @ 151Hz
                0.8    3.3l: (123.5dB  1283W 116.3dB) @ 164Hz
                0.9    2.5l: (123.9dB  1434W 116.3dB) @ 169Hz
                1.0    1.9l: (124.5dB  1631W 116.3dB) @ 174Hz
                1.1    1.6l: (125.2dB  1940W 116.3dB) @ 182Hz
                1.1    1.6l: (122.4dB  1005W 116.3dB) @ 154Hz (  257uF)

