-------------
Sica LP 208.38/1100
      94.9dB                            100W
SplMech  Pmech SplEle     f3

 72.2dB    65W  74.0dB @  16Hz   39
 74.2dB    65W  76.0dB @  18Hz   37
 76.0dB    66W  77.9dB @  20Hz   35
 77.7dB    66W  79.5dB @  22Hz   33
 79.2dB    66W  81.0dB @  24Hz   32
 80.6dB    66W  82.4dB @  26Hz   30
 81.9dB    66W  83.7dB @  28Hz   29
 83.1dB    66W  84.9dB @  30Hz   28
 84.2dB    66W  86.0dB @  32Hz   27
 85.3dB    66W  87.1dB @  34Hz   26
 86.2dB    66W  88.0dB @  36Hz   25
 87.2dB    66W  89.0dB @  38Hz   24
 88.1dB    66W  89.9dB @  40Hz   23
 88.9dB    66W  90.7dB @  42Hz   22
 89.7dB    66W  91.5dB @  44Hz   21
 90.5dB    66W  92.3dB @  46Hz   20
 91.2dB    66W  93.0dB @  48Hz   20
