-------------
LP 208.38/1100
      94.9dB            100W
Rpre   Spl     SplMech Pmech SplEle      f3

0.20  93.8dB: (110.1dB    55W 112.7dB) @ 142Hz
              (113.1dB   111W 112.7dB) @ 169Hz
              (116.1dB   222W 112.7dB) @ 201Hz
              (119.2dB   443W 112.7dB) @ 239Hz
              (122.2dB   887W 112.7dB) @ 285Hz
0.60  93.5dB: (109.3dB    48W 112.4dB) @ 135Hz
              (112.3dB    97W 112.4dB) @ 161Hz
              (115.3dB   194W 112.4dB) @ 192Hz
              (118.3dB   387W 112.4dB) @ 228Hz
              (121.3dB   774W 112.4dB) @ 271Hz
1.00  93.3dB: (108.5dB    43W 112.2dB) @ 129Hz
              (111.5dB    85W 112.2dB) @ 154Hz
              (114.5dB   171W 112.2dB) @ 183Hz
              (117.5dB   341W 112.2dB) @ 218Hz
              (120.5dB   682W 112.2dB) @ 259Hz
-------------
8L 2SL
      94.6dB            150W
Rpre   Spl     SplMech Pmech SplEle      f3

0.20  93.1dB: (120.5dB   720W 113.7dB) @ 144Hz
              (123.5dB  1440W 113.7dB) @ 171Hz
0.60  92.9dB: (119.6dB   617W 113.4dB) @ 136Hz
              (122.6dB  1235W 113.4dB) @ 162Hz
1.00  92.6dB: (118.7dB   535W 113.2dB) @ 129Hz
              (121.7dB  1070W 113.2dB) @ 154Hz
-------------
8N 2.5 PL
      96.4dB            250W
Rpre   Spl     SplMech Pmech SplEle      f3

0.20  94.5dB: (124.5dB  1421W 116.9dB) @ 174Hz
0.60  94.2dB: (123.4dB  1188W 116.6dB) @ 163Hz
              (126.4dB  2376W 116.6dB) @ 194Hz
1.00  93.9dB: (122.4dB  1005W 116.3dB) @ 154Hz
              (125.4dB  2011W 116.3dB) @ 183Hz
