-------------
SL30                                   91.0dB  300W                     2x100mm
Rpre   Spl         Vb      fb         SplMech Pmech  SplEle     f3       dv       lv

0.20  89.4dB --------------------------------------------------------------
   186.2l @  24.5Hz  =>  111.7dB  221W 113.1dB @  24.2Hz   2x100mm   297 mm 
   208.6l @  23.6Hz  =>  110.8dB  176W 113.1dB @  22.8Hz   2x100mm   254 mm 
   233.6l @  22.8Hz  =>  109.8dB  140W 113.1dB @  21.6Hz   2x100mm   216 mm 
*  261.6l @  21.9Hz  =>  108.8dB  112W 113.1dB @  20.4Hz   2x100mm   181 mm 
   293.0l @  21.2Hz  =>  107.8dB   89W 113.1dB @  19.3Hz   2x100mm   151 mm 
   328.2l @  20.4Hz  =>  106.8dB   71W 113.1dB @  18.2Hz   2x100mm   124 mm 
   367.6l @  19.7Hz  =>  105.8dB   57W 113.1dB @  17.2Hz   2x100mm    99 mm 
   411.7l @  19.0Hz  =>  104.9dB   45W 113.1dB @  16.3Hz   2x100mm    78 mm 
   461.1l @  18.3Hz  =>  103.9dB   36W 113.1dB @  15.4Hz   2x100mm    58 mm 
   516.4l @  17.7Hz  =>  102.9dB   29W 113.1dB @  14.5Hz   2x100mm    41 mm 
   578.4l @  17.0Hz  =>  101.9dB   23W 113.1dB @  13.7Hz   2x100mm    26 mm 
   647.8l @  16.4Hz  =>  100.9dB   18W 113.1dB @  13.0Hz + 3x100mm    47 mm 
   725.5l @  15.8Hz  =>   99.9dB   15W 113.1dB @  12.2Hz + 3x100mm    28 mm 
   812.6l @  15.3Hz  =>   98.9dB   12W 113.1dB @  11.6Hz + 4x100mm    38 mm 
   910.1l @  14.7Hz  =>   98.0dB    9W 113.1dB @  10.9Hz + 5x100mm    43 mm 
  1019.3l @  14.2Hz  =>   97.0dB    7W 113.1dB @  10.3Hz + 5x100mm    21 mm 
0.60  89.2dB --------------------------------------------------------------
   219.7l @  23.2Hz  =>  110.3dB  168W 112.8dB @  22.3Hz   2x100mm   236 mm 
   246.0l @  22.4Hz  =>  109.3dB  134W 112.8dB @  21.0Hz   2x100mm   200 mm 
   275.5l @  21.6Hz  =>  108.3dB  107W 112.8dB @  19.9Hz   2x100mm   167 mm 
*  308.6l @  20.8Hz  =>  107.4dB   85W 112.8dB @  18.8Hz   2x100mm   138 mm 
   345.6l @  20.1Hz  =>  106.4dB   68W 112.8dB @  17.7Hz   2x100mm   112 mm 
   387.1l @  19.4Hz  =>  105.4dB   54W 112.8dB @  16.8Hz   2x100mm    89 mm 
   433.6l @  18.7Hz  =>  104.4dB   43W 112.8dB @  15.8Hz   2x100mm    69 mm 
1.00  88.9dB --------------------------------------------------------------
   256.5l @  22.1Hz  =>  109.0dB  131W 112.6dB @  20.6Hz   2x100mm   187 mm 
   287.3l @  21.3Hz  =>  108.0dB  104W 112.6dB @  19.5Hz   2x100mm   156 mm 
   321.8l @  20.5Hz  =>  107.0dB   83W 112.6dB @  18.4Hz   2x100mm   128 mm 
*  360.4l @  19.8Hz  =>  106.0dB   66W 112.6dB @  17.4Hz   2x100mm   103 mm 
   403.6l @  19.1Hz  =>  105.0dB   53W 112.6dB @  16.4Hz   2x100mm    81 mm 
   452.1l @  18.4Hz  =>  104.0dB   42W 112.6dB @  15.5Hz   2x100mm    62 mm 
   506.3l @  17.8Hz  =>  103.1dB   34W 112.6dB @  14.7Hz   2x100mm    44 mm 
