-------------
SL260
                    84.3dB           225W
  R||    qts   f3   Spl     SplMech Pmech  SplEle  
   0.0  1.20  25Hz  81.0dB   85.3dB    3W  104.5dB
   1.0  1.32  25Hz  81.0dB   85.3dB    3W  104.5dB
   1.5  1.37  25Hz  81.0dB   85.3dB    3W  104.5dB
   2.2  1.43  25Hz  81.0dB   85.3dB    3W  104.5dB
   3.3  1.51  25Hz  81.0dB   85.3dB    3W  104.5dB
   4.7  1.59  25Hz  81.0dB   85.3dB    3W  104.5dB
   6.8  1.69  25Hz  81.0dB   85.3dB    3W  104.5dB
  10.0  1.78  25Hz  81.0dB   85.3dB    3W  104.5dB
  15.0  1.88  25Hz  81.0dB   85.3dB    3W  104.5dB
  22.0  1.96  25Hz  81.0dB   85.3dB    3W  104.5dB
  33.0  2.03  25Hz  81.0dB   85.3dB    3W  104.5dB
  47.0  2.08  25Hz  81.0dB   85.3dB    3W  104.5dB
  68.0  2.11  25Hz  81.0dB   85.3dB    3W  104.5dB
 100.0  2.14  25Hz  81.0dB   85.3dB    3W  104.5dB
 150.0  2.17  25Hz  81.0dB   85.3dB    3W  104.5dB
9999.0  2.21  25Hz  81.0dB   85.3dB    3W  104.5dB
-------------
SL320
                    87.0dB           300W
  R||    qts   f3   Spl     SplMech Pmech  SplEle  
   0.0  1.20  22Hz  82.0dB   93.6dB   15W  106.8dB
   1.0  1.32  22Hz  82.0dB   93.6dB   15W  106.8dB
   1.5  1.38  22Hz  82.0dB   93.6dB   15W  106.8dB
   2.2  1.44  22Hz  82.0dB   93.6dB   15W  106.8dB
   3.3  1.52  22Hz  82.0dB   93.6dB   15W  106.8dB
   4.7  1.60  22Hz  82.0dB   93.6dB   15W  106.8dB
   6.8  1.69  22Hz  82.0dB   93.6dB   15W  106.8dB
  10.0  1.79  22Hz  82.0dB   93.6dB   15W  106.8dB
  15.0  1.89  22Hz  82.0dB   93.6dB   15W  106.8dB
  22.0  1.97  22Hz  82.0dB   93.6dB   15W  106.8dB
  33.0  2.04  22Hz  82.0dB   93.6dB   15W  106.8dB
  47.0  2.09  22Hz  82.0dB   93.6dB   15W  106.8dB
  68.0  2.13  22Hz  82.0dB   93.6dB   15W  106.8dB
 100.0  2.16  22Hz  82.0dB   93.6dB   15W  106.8dB
 150.0  2.18  22Hz  82.0dB   93.6dB   15W  106.8dB
9999.0  2.23  22Hz  82.0dB   93.6dB   15W  106.8dB
-------------
SL420
                    88.8dB           375W
  R||    qts   f3   Spl     SplMech Pmech  SplEle  
   0.0  0.92  20Hz  85.5dB   95.8dB   11W  111.3dB
   1.0  1.01  19Hz  85.5dB   94.9dB    9W  111.3dB
   1.5  1.05  19Hz  85.5dB   94.5dB    8W  111.3dB
   2.2  1.10  19Hz  85.5dB   94.5dB    8W  111.3dB
   3.3  1.16  19Hz  85.5dB   94.5dB    8W  111.3dB
   4.7  1.23  19Hz  85.5dB   94.5dB    8W  111.3dB
   6.8  1.30  19Hz  85.5dB   94.5dB    8W  111.3dB
  10.0  1.38  19Hz  85.5dB   94.5dB    8W  111.3dB
  15.0  1.46  19Hz  85.5dB   94.5dB    8W  111.3dB
  22.0  1.52  19Hz  85.5dB   94.5dB    8W  111.3dB
  33.0  1.58  19Hz  85.5dB   94.5dB    8W  111.3dB
  47.0  1.62  19Hz  85.5dB   94.5dB    8W  111.3dB
  68.0  1.65  19Hz  85.5dB   94.5dB    8W  111.3dB
 100.0  1.67  19Hz  85.5dB   94.5dB    8W  111.3dB
 150.0  1.69  19Hz  85.5dB   94.5dB    8W  111.3dB
9999.0  1.73  19Hz  85.5dB   94.5dB    8W  111.3dB
-------------
SL25
                    90.0dB           180W
  R||    qts   f3   Spl     SplMech Pmech  SplEle  
   0.0  0.74  32Hz  82.4dB  108.9dB  454W  104.9dB
   1.0  0.84  29Hz  82.4dB  107.1dB  295W  104.9dB
   1.5  0.88  28Hz  82.4dB  106.5dB  257W  104.9dB
   2.2  0.92  27Hz  82.4dB  105.6dB  212W  104.9dB
   3.3  0.98  26Hz  82.4dB  105.2dB  192W  104.9dB
   4.7  1.04  25Hz  82.4dB  104.7dB  173W  104.9dB
   6.8  1.10  25Hz  82.4dB  104.3dB  156W  104.9dB
  10.0  1.16  25Hz  82.4dB  104.3dB  156W  104.9dB
  15.0  1.22  25Hz  82.4dB  104.3dB  156W  104.9dB
  22.0  1.27  25Hz  82.4dB  104.3dB  156W  104.9dB
  33.0  1.31  25Hz  82.4dB  104.3dB  156W  104.9dB
  47.0  1.34  25Hz  82.4dB  104.3dB  156W  104.9dB
  68.0  1.36  25Hz  82.4dB  104.3dB  156W  104.9dB
 100.0  1.37  25Hz  82.4dB  104.3dB  156W  104.9dB
 150.0  1.39  25Hz  82.4dB  104.3dB  156W  104.9dB
9999.0  1.41  25Hz  82.4dB  104.3dB  156W  104.9dB
-------------
SL30
                    91.0dB           225W
  R||    qts   f3   Spl     SplMech Pmech  SplEle  
   1.0  0.51  36Hz  86.3dB  114.8dB  710W  109.8dB
   1.5  0.54  34Hz  86.3dB  113.5dB  533W  109.8dB
   2.2  0.57  32Hz  86.3dB  112.8dB  445W  109.8dB
   3.3  0.60  28Hz  86.3dB  110.6dB  271W  109.8dB
   4.7  0.64  28Hz  86.3dB  110.6dB  271W  109.8dB
   6.8  0.68  26Hz  86.3dB  109.2dB  195W  109.8dB
  10.0  0.72  24Hz  86.3dB  108.0dB  148W  109.8dB
  15.0  0.76  23Hz  86.3dB  107.1dB  120W  109.8dB
  22.0  0.79  23Hz  86.3dB  107.1dB  120W  109.8dB
  33.0  0.82  22Hz  86.3dB  106.1dB   96W  109.8dB
  47.0  0.83  22Hz  86.3dB  106.1dB   96W  109.8dB
  68.0  0.85  22Hz  86.3dB  106.1dB   96W  109.8dB
 100.0  0.86  21Hz  86.3dB  105.5dB   84W  109.8dB
 150.0  0.87  21Hz  86.3dB  105.5dB   84W  109.8dB
9999.0  0.88  21Hz  86.3dB  105.5dB   84W  109.8dB
