-------------
SL260
      84.3dB                            300W
Rpre   Spl      qtc    Vb     SplMech Pmech SplEle      f3

-------------
SL320
      87.0dB                            400W
Rpre   Spl      qtc    Vb     SplMech Pmech SplEle      f3

-------------
SL420
      88.8dB                            500W
Rpre   Spl      qtc    Vb     SplMech Pmech SplEle      f3

0.20  88.6dB:   1.1  706.1l: ( 97.6dB     8W 115.6dB) @  22Hz
                1.1  706.1l: ( 94.8dB     4W 115.6dB) @  19Hz ( 1453uF)

0.60  88.4dB:   1.1  974.1l: ( 96.9dB     7W 115.4dB) @  21Hz
                1.1  974.1l: ( 94.0dB     4W 115.4dB) @  18Hz ( 1517uF)

-------------
SL25
      90.0dB                            240W
Rpre   Spl      qtc    Vb     SplMech Pmech SplEle      f3

0.20  85.5dB:   0.8  317.9l: (109.3dB   312W 108.2dB) @  33Hz
                0.9  110.0l: (109.8dB   349W 108.2dB) @  34Hz
                1.0   63.6l: (110.4dB   397W 108.2dB) @  35Hz
                1.1   43.3l: (111.1dB   472W 108.2dB) @  37Hz
                1.1   43.3l: (108.3dB   245W 108.2dB) @  31Hz ( 1145uF)

0.60  85.2dB:   0.9  163.8l: (108.8dB   297W 107.9dB) @  32Hz
                1.0   83.0l: (109.4dB   338W 107.9dB) @  33Hz
                1.1   53.7l: (110.2dB   401W 107.9dB) @  35Hz
                1.1   53.7l: (107.3dB   208W 107.9dB) @  29Hz ( 1211uF)

1.00  85.0dB:   0.9  278.6l: (107.9dB   255W 107.7dB) @  31Hz
                1.0  111.8l: (108.5dB   290W 107.7dB) @  32Hz
                1.1   67.3l: (109.3dB   345W 107.7dB) @  33Hz
                1.1   67.3l: (106.4dB   179W 107.7dB) @  28Hz ( 1276uF)

-------------
SL30
      91.0dB                            300W
Rpre   Spl      qtc    Vb     SplMech Pmech SplEle      f3

0.20  89.4dB:   0.5  764.8l: (116.6dB   670W 113.1dB) @  40Hz
                0.6  226.7l: (115.6dB   531W 113.1dB) @  38Hz
                0.7  123.8l: (115.6dB   537W 113.1dB) @  38Hz
                0.8   81.2l: (117.0dB   743W 113.1dB) @  41Hz
                0.9   58.4l: (117.5dB   831W 113.1dB) @  42Hz
                1.0   44.5l: (118.1dB   945W 113.1dB) @  44Hz
                1.1   35.2l: (118.8dB  1123W 113.1dB) @  46Hz
                1.1   35.2l: (116.0dB   582W 113.1dB) @  39Hz (  920uF)

0.60  89.2dB:   0.6  302.3l: (114.6dB   448W 112.8dB) @  36Hz
                0.7  152.0l: (114.6dB   453W 112.8dB) @  36Hz
                0.8   96.6l: (116.0dB   627W 112.8dB) @  39Hz
                0.9   68.4l: (116.5dB   701W 112.8dB) @  40Hz
                1.0   51.5l: (117.1dB   797W 112.8dB) @  41Hz
                1.1   40.5l: (117.8dB   948W 112.8dB) @  43Hz
                1.1   40.5l: (115.0dB   491W 112.8dB) @  37Hz (  975uF)

1.00  88.9dB:   0.6  420.3l: (113.6dB   382W 112.6dB) @  34Hz
                0.7  188.2l: (113.7dB   387W 112.6dB) @  34Hz
                0.8  114.9l: (115.1dB   535W 112.6dB) @  37Hz
                0.9   79.8l: (115.6dB   598W 112.6dB) @  38Hz
                1.0   59.4l: (116.1dB   680W 112.6dB) @  39Hz
                1.1   46.4l: (116.9dB   809W 112.6dB) @  41Hz
                1.1   46.4l: (114.0dB   419W 112.6dB) @  35Hz ( 1029uF)

