-------------
RLi-8 1x4
            84.1dB           500W       1x70mm
   fu     fc      fo      SplMech  Vb1     Vb2       d         l        C
  7.8 Hz  26 Hz   85 Hz   84.2 dB   oo l +   2 l  * 1x40mm   2536 mm  6566 µF
  8.0 Hz  26 Hz   86 Hz   84.8 dB  556 l +   2 l  * 1x40mm   2536 mm  6300 µF
  9.0 Hz  28 Hz   89 Hz   86.8 dB  107 l +   2 l  * 1x40mm   2536 mm  5385 µF
 10.0 Hz  30 Hz   93 Hz   88.7 dB   58 l +   2 l  * 1x40mm   2536 mm  4679 µF
 11.0 Hz  32 Hz   96 Hz   90.3 dB   40 l +   2 l  * 1x40mm   2536 mm  4121 µF
 12.0 Hz  34 Hz   98 Hz   91.8 dB   30 l +   2 l  * 1x40mm   2536 mm  3669 µF
 13.0 Hz  36 Hz  101 Hz   93.2 dB   24 l +   2 l  * 1x40mm   2536 mm  3298 µF
 14.0 Hz  38 Hz  104 Hz   94.5 dB   20 l +   2 l  * 1x40mm   2536 mm  2988 µF
 15.0 Hz  40 Hz  106 Hz   95.7 dB   17 l +   2 l  * 1x40mm   2536 mm  2725 µF
 16.0 Hz  42 Hz  108 Hz   96.8 dB   14 l +   2 l  * 1x40mm   2536 mm  2500 µF
 17.0 Hz  43 Hz  111 Hz   97.9 dB   13 l +   2 l  * 1x40mm   2536 mm  2306 µF
 18.0 Hz  45 Hz  113 Hz   98.9 dB   11 l +   2 l  * 1x40mm   2536 mm  2137 µF
 19.0 Hz  47 Hz  115 Hz   99.8 dB   10 l +   2 l  * 1x40mm   2536 mm  1988 µF
 20.0 Hz  48 Hz  117 Hz  100.7 dB    9 l +   2 l  * 1x40mm   2536 mm  1857 µF
 21.0 Hz  50 Hz  119 Hz  101.5 dB    8 l +   2 l  * 1x40mm   2536 mm  1740 µF
 22.0 Hz  51 Hz  121 Hz  102.4 dB    8 l +   2 l  * 1x40mm   2536 mm  1635 µF
 23.0 Hz  53 Hz  122 Hz  103.1 dB    7 l +   2 l  * 1x40mm   2536 mm  1541 µF
 24.0 Hz  55 Hz  124 Hz  103.9 dB    7 l +   2 l  * 1x40mm   2536 mm  1456 µF
 25.0 Hz  56 Hz  126 Hz  104.6 dB    6 l +   2 l  * 1x40mm   2536 mm  1379 µF
 26.0 Hz  58 Hz  127 Hz  105.3 dB    6 l +   2 l  - 1x50mm    760 mm  1309 µF
 27.0 Hz  59 Hz  129 Hz  105.9 dB    5 l +   2 l  - 1x50mm    720 mm  1245 µF
 28.0 Hz  60 Hz  131 Hz  106.5 dB    5 l +   2 l  - 1x50mm    684 mm  1186 µF
 29.0 Hz  62 Hz  132 Hz  107.2 dB    5 l +   2 l  - 1x50mm    651 mm  1131 µF
 30.0 Hz  63 Hz  134 Hz  107.7 dB    5 l +   2 l  - 1x50mm    621 mm  1081 µF

-------------
RLs-12 1x3
            80.5dB          2000W      2x100mm
   fu     fc      fo      SplMech  Vb1     Vb2       d         l        C
 19.9 Hz  31 Hz   48 Hz  115.1 dB   oo l +  52 l  - 1x100mm   388 mm  1581 µF
 20.0 Hz  31 Hz   48 Hz  115.2 dB 3682 l +  52 l  - 1x100mm   384 mm  1569 µF
 21.0 Hz  32 Hz   49 Hz  116.1 dB  368 l +  52 l    2x100mm   752 mm  1470 µF
 22.0 Hz  33 Hz   50 Hz  116.9 dB  192 l +  52 l    2x100mm   700 mm  1382 µF
 23.0 Hz  34 Hz   51 Hz  117.7 dB  129 l +  52 l    2x100mm   654 mm  1302 µF
 24.0 Hz  35 Hz   51 Hz  118.4 dB   97 l +  52 l    2x100mm   611 mm  1231 µF
 25.0 Hz  36 Hz   52 Hz  119.1 dB   78 l +  52 l    2x100mm   573 mm  1165 µF
 26.0 Hz  37 Hz   53 Hz  119.8 dB   64 l +  52 l    2x100mm   538 mm  1106 µF
 27.0 Hz  38 Hz   54 Hz  120.4 dB   55 l +  52 l    2x100mm   506 mm  1052 µF
 28.0 Hz  39 Hz   54 Hz  121.1 dB   48 l +  52 l    2x100mm   477 mm  1002 µF
 29.0 Hz  40 Hz   55 Hz  121.7 dB   42 l +  52 l    2x100mm   450 mm   956 µF
 30.0 Hz  41 Hz   55 Hz  122.3 dB   38 l +  52 l    2x100mm   425 mm   914 µF

-------------
RLs-15 1x3
            82.8dB          2000W      2x100mm
   fu     fc      fo      SplMech  Vb1     Vb2       d         l        C
 16.0 Hz  26 Hz   41 Hz  116.1 dB   oo l + 155 l    2x100mm   349 mm  1977 µF
 17.0 Hz  27 Hz   41 Hz  117.2 dB 1036 l + 155 l    2x100mm   313 mm  1826 µF
 18.0 Hz  28 Hz   42 Hz  118.2 dB  508 l + 155 l    2x100mm   282 mm  1692 µF
 19.0 Hz  29 Hz   43 Hz  119.1 dB  334 l + 155 l    2x100mm   255 mm  1575 µF
 20.0 Hz  30 Hz   44 Hz  120.0 dB  248 l + 155 l    2x100mm   230 mm  1471 µF
 21.0 Hz  31 Hz   44 Hz  120.8 dB  196 l + 155 l    2x100mm   209 mm  1378 µF
 22.0 Hz  32 Hz   45 Hz  121.6 dB  162 l + 155 l    2x100mm   189 mm  1295 µF
 23.0 Hz  32 Hz   46 Hz  122.4 dB  138 l + 155 l    2x100mm   172 mm  1221 µF
 24.0 Hz  33 Hz   46 Hz  123.2 dB  120 l + 155 l    2x100mm   156 mm  1153 µF
 25.0 Hz  34 Hz   47 Hz  123.9 dB  105 l + 155 l    2x100mm   142 mm  1092 µF
 26.0 Hz  35 Hz   48 Hz  124.5 dB   94 l + 155 l    2x100mm   129 mm  1036 µF
 27.0 Hz  36 Hz   48 Hz  125.2 dB   85 l + 155 l    2x100mm   117 mm   986 µF
 28.0 Hz  37 Hz   49 Hz  125.8 dB   77 l + 155 l    2x100mm   106 mm   939 µF
 29.0 Hz  38 Hz   49 Hz  126.4 dB   71 l + 155 l    2x100mm    96 mm   896 µF
 30.0 Hz  39 Hz   50 Hz  127.0 dB   65 l + 155 l    2x100mm    87 mm   856 µF

