-------------
RLi-8 2x4
      84.1dB                            500W
SplMech  Pmech SplEle     f3

 96.8dB    21W 110.6dB @  16Hz
 98.9dB    33W 110.6dB @  18Hz
100.7dB    51W 110.6dB @  20Hz
102.4dB    74W 110.6dB @  22Hz
103.9dB   105W 110.6dB @  24Hz
105.3dB   145W 110.6dB @  26Hz
106.5dB   195W 110.6dB @  28Hz
107.7dB   257W 110.6dB @  30Hz
108.9dB   333W 110.6dB @  32Hz
109.9dB   425W 110.6dB @  34Hz
110.9dB   534W 110.6dB @  36Hz
111.8dB   663W 110.6dB @  38Hz
112.7dB   814W 110.6dB @  40Hz
113.6dB   989W 110.6dB @  42Hz
114.4dB  1191W 110.6dB @  44Hz
115.2dB  1423W 110.6dB @  46Hz
115.9dB  1687W 110.6dB @  48Hz
-------------
RLi-8 1x4
      84.1dB                            500W
SplMech  Pmech SplEle     f3

 96.8dB    41W 107.6dB @  16Hz
 98.9dB    66W 107.6dB @  18Hz
100.7dB   101W 107.6dB @  20Hz
102.4dB   148W 107.6dB @  22Hz
103.9dB   210W 107.6dB @  24Hz
105.3dB   289W 107.6dB @  26Hz
106.5dB   389W 107.6dB @  28Hz
107.7dB   512W 107.6dB @  30Hz
108.9dB   663W 107.6dB @  32Hz
109.9dB   845W 107.6dB @  34Hz
110.9dB  1063W 107.6dB @  36Hz
111.8dB  1319W 107.6dB @  38Hz
112.7dB  1619W 107.6dB @  40Hz
113.6dB  1968W 107.6dB @  42Hz
114.4dB  2371W 107.6dB @  44Hz
115.2dB  2832W 107.6dB @  46Hz
115.9dB  3358W 107.6dB @  48Hz
-------------
RLi-10 2x4
      85.7dB                            500W
SplMech  Pmech SplEle     f3

101.3dB    53W 111.1dB @  16Hz
103.4dB    85W 111.1dB @  18Hz
105.2dB   129W 111.1dB @  20Hz
106.8dB   190W 111.1dB @  22Hz
108.4dB   268W 111.1dB @  24Hz
109.7dB   370W 111.1dB @  26Hz
111.0dB   497W 111.1dB @  28Hz
112.2dB   655W 111.1dB @  30Hz
113.4dB   849W 111.1dB @  32Hz
114.4dB  1081W 111.1dB @  34Hz
115.4dB  1359W 111.1dB @  36Hz
116.3dB  1687W 111.1dB @  38Hz
117.2dB  2072W 111.1dB @  40Hz
118.1dB  2518W 111.1dB @  42Hz
118.9dB  3033W 111.1dB @  44Hz
119.7dB  3623W 111.1dB @  46Hz
120.4dB  4296W 111.1dB @  48Hz
-------------
RLp-12 2x2
      88.8dB                           1000W
SplMech  Pmech SplEle     f3

106.7dB   140W 115.2dB @  16Hz
108.7dB   224W 115.2dB @  18Hz
110.6dB   342W 115.2dB @  20Hz
112.2dB   500W 115.2dB @  22Hz
113.7dB   709W 115.2dB @  24Hz
115.1dB   976W 115.2dB @  26Hz
116.4dB  1313W 115.2dB @  28Hz
117.6dB  1730W 115.2dB @  30Hz
118.7dB  2240W 115.2dB @  32Hz
119.8dB  2854W 115.2dB @  34Hz
120.8dB  3588W 115.2dB @  36Hz
121.7dB  4454W 115.2dB @  38Hz
122.6dB  5468W 115.2dB @  40Hz
123.5dB  6647W 115.2dB @  42Hz
124.3dB  8006W 115.2dB @  44Hz
125.0dB  9564W 115.2dB @  46Hz
125.8dB 11339W 115.2dB @  48Hz
-------------
RLp-12 2x4
      87.8dB                           1000W
SplMech  Pmech SplEle     f3

106.7dB   101W 116.6dB @  16Hz
108.7dB   162W 116.6dB @  18Hz
110.6dB   247W 116.6dB @  20Hz
112.2dB   362W 116.6dB @  22Hz
113.7dB   512W 116.6dB @  24Hz
115.1dB   706W 116.6dB @  26Hz
116.4dB   949W 116.6dB @  28Hz
117.6dB  1251W 116.6dB @  30Hz
118.7dB  1619W 116.6dB @  32Hz
119.8dB  2064W 116.6dB @  34Hz
120.8dB  2594W 116.6dB @  36Hz
121.7dB  3220W 116.6dB @  38Hz
122.6dB  3953W 116.6dB @  40Hz
123.5dB  4805W 116.6dB @  42Hz
124.3dB  5788W 116.6dB @  44Hz
125.0dB  6914W 116.6dB @  46Hz
125.8dB  8198W 116.6dB @  48Hz
-------------
RLp-15 2x2
      89.4dB                           1000W
SplMech  Pmech SplEle     f3

111.5dB   370W 115.8dB @  16Hz
113.5dB   593W 115.8dB @  18Hz
115.4dB   904W 115.8dB @  20Hz
117.0dB  1324W 115.8dB @  22Hz
118.5dB  1875W 115.8dB @  24Hz
119.9dB  2583W 115.8dB @  26Hz
121.2dB  3474W 115.8dB @  28Hz
122.4dB  4578W 115.8dB @  30Hz
123.5dB  5926W 115.8dB @  32Hz
124.6dB  7553W 115.8dB @  34Hz
125.6dB  9493W 115.8dB @  36Hz
126.5dB 11785W 115.8dB @  38Hz
127.4dB 14469W 115.8dB @  40Hz
128.3dB 17587W 115.8dB @  42Hz
129.1dB 21184W 115.8dB @  44Hz
129.8dB 25306W 115.8dB @  46Hz
130.6dB 30003W 115.8dB @  48Hz
-------------
RLp-15 2x4
      89.7dB                           1000W
SplMech  Pmech SplEle     f3

111.5dB   206W 118.4dB @  16Hz
113.5dB   329W 118.4dB @  18Hz
115.4dB   502W 118.4dB @  20Hz
117.0dB   735W 118.4dB @  22Hz
118.5dB  1041W 118.4dB @  24Hz
119.9dB  1433W 118.4dB @  26Hz
121.2dB  1928W 118.4dB @  28Hz
122.4dB  2541W 118.4dB @  30Hz
123.5dB  3289W 118.4dB @  32Hz
124.6dB  4191W 118.4dB @  34Hz
125.6dB  5268W 118.4dB @  36Hz
126.5dB  6540W 118.4dB @  38Hz
127.4dB  8029W 118.4dB @  40Hz
128.3dB  9760W 118.4dB @  42Hz
129.1dB 11756W 118.4dB @  44Hz
129.8dB 14043W 118.4dB @  46Hz
130.6dB 16650W 118.4dB @  48Hz
-------------
RLp-18 2x2
      89.5dB                           1000W
SplMech  Pmech SplEle     f3

115.8dB   971W 115.9dB @  16Hz
117.8dB  1555W 115.9dB @  18Hz
119.7dB  2371W 115.9dB @  20Hz
121.3dB  3471W 115.9dB @  22Hz
122.8dB  4916W 115.9dB @  24Hz
124.2dB  6771W 115.9dB @  26Hz
125.5dB  9108W 115.9dB @  28Hz
126.7dB 12002W 115.9dB @  30Hz
127.8dB 15537W 115.9dB @  32Hz
128.9dB 19801W 115.9dB @  34Hz
129.9dB 24888W 115.9dB @  36Hz
130.8dB 30897W 115.9dB @  38Hz
131.7dB 37933W 115.9dB @  40Hz
132.6dB 46108W 115.9dB @  42Hz
133.4dB 55538W 115.9dB @  44Hz
134.1dB 66345W 115.9dB @  46Hz
134.9dB 78658W 115.9dB @  48Hz
-------------
RLp-18 2x4
      89.2dB                           1000W
SplMech  Pmech SplEle     f3

115.8dB   664W 117.6dB @  16Hz
117.8dB  1063W 117.6dB @  18Hz
119.7dB  1620W 117.6dB @  20Hz
121.3dB  2372W 117.6dB @  22Hz
122.8dB  3360W 117.6dB @  24Hz
124.2dB  4628W 117.6dB @  26Hz
125.5dB  6224W 117.6dB @  28Hz
126.7dB  8203W 117.6dB @  30Hz
127.8dB 10618W 117.6dB @  32Hz
128.9dB 13533W 117.6dB @  34Hz
129.9dB 17009W 117.6dB @  36Hz
130.8dB 21115W 117.6dB @  38Hz
131.7dB 25924W 117.6dB @  40Hz
132.6dB 31511W 117.6dB @  42Hz
133.4dB 37955W 117.6dB @  44Hz
134.1dB 45341W 117.6dB @  46Hz
134.9dB 53756W 117.6dB @  48Hz
-------------
RLs-12 1x3
      80.5dB                           2000W
SplMech  Pmech SplEle     f3

111.4dB  3600W 108.8dB @  16Hz
113.4dB  5766W 108.8dB @  18Hz
115.2dB  8788W 108.8dB @  20Hz
116.9dB 12866W 108.8dB @  22Hz
118.4dB 18223W 108.8dB @  24Hz
119.8dB 25099W 108.8dB @  26Hz
121.1dB 33760W 108.8dB @  28Hz
122.3dB 44489W 108.8dB @  30Hz
123.4dB 57593W 108.8dB @  32Hz
124.5dB 73398W 108.8dB @  34Hz
125.4dB 92252W 108.8dB @  36Hz
126.4dB 114525W 108.8dB @  38Hz
127.3dB 140607W 108.8dB @  40Hz
128.1dB 170909W 108.8dB @  42Hz
128.9dB 205863W 108.8dB @  44Hz
129.7dB 245923W 108.8dB @  46Hz
130.4dB 291563W 108.8dB @  48Hz
-------------
RLs-15 1x3
      82.8dB                           2000W
SplMech  Pmech SplEle     f3

116.1dB  6162W 111.2dB @  16Hz
118.2dB  9870W 111.2dB @  18Hz
120.0dB 15044W 111.2dB @  20Hz
121.6dB 22026W 111.2dB @  22Hz
123.2dB 31195W 111.2dB @  24Hz
124.5dB 42967W 111.2dB @  26Hz
125.8dB 57792W 111.2dB @  28Hz
127.0dB 76159W 111.2dB @  30Hz
128.1dB 98591W 111.2dB @  32Hz
129.2dB 125647W 111.2dB @  34Hz
130.2dB 157924W 111.2dB @  36Hz
131.1dB 196052W 111.2dB @  38Hz
132.0dB 240701W 111.2dB @  40Hz
132.9dB 292573W 111.2dB @  42Hz
133.7dB 352410W 111.2dB @  44Hz
134.5dB 420987W 111.2dB @  46Hz
135.2dB 499117W 111.2dB @  48Hz
