-------------
RLi-8 2x4
      84.1dB            500W
Rpre   Spl     SplMech Pmech SplEle      f3

0.20  84.0dB: (122.6dB  7798W 110.6dB) @  70Hz
0.60  83.8dB: (121.8dB  6848W 110.4dB) @  67Hz
1.00  83.5dB: (121.0dB  6058W 110.2dB) @  64Hz
-------------
RLi-8 1x4
      84.1dB            500W
Rpre   Spl     SplMech Pmech SplEle      f3

0.20  83.9dB: (124.6dB 24810W 107.6dB) @  79Hz
0.60  83.5dB: (123.1dB 19230W 107.2dB) @  72Hz
1.00  83.1dB: (121.7dB 15280W 106.8dB) @  67Hz
-------------
RLi-10 2x4
      85.7dB            500W
Rpre   Spl     SplMech Pmech SplEle      f3

0.20  85.5dB: (124.9dB 12183W 111.1dB) @  62Hz
0.60  85.2dB: (123.9dB 10258W 110.8dB) @  59Hz
1.00  85.0dB: (122.9dB  8741W 110.5dB) @  56Hz
-------------
RLp-12 2x2
      88.8dB           1000W
Rpre   Spl     SplMech Pmech SplEle      f3

0.20  88.6dB: (133.6dB 69012W 115.2dB) @  75Hz
0.60  88.2dB: (132.1dB 53372W 114.8dB) @  69Hz
1.00  87.8dB: (130.7dB 42353W 114.4dB) @  64Hz
-------------
RLp-12 2x4
      87.8dB           1000W
Rpre   Spl     SplMech Pmech SplEle      f3

0.20  87.7dB: (129.3dB 18479W 116.6dB) @  59Hz
0.60  87.4dB: (128.4dB 15814W 116.4dB) @  56Hz
1.00  87.2dB: (127.5dB 13671W 116.1dB) @  53Hz
-------------
RLp-15 2x2
      89.4dB           1000W
Rpre   Spl     SplMech Pmech SplEle      f3

0.20  89.2dB: (130.2dB 27226W 115.8dB) @  47Hz
0.60  88.8dB: (128.6dB 20992W 115.4dB) @  43Hz
1.00  88.4dB: (127.2dB 16616W 115.0dB) @  40Hz
-------------
RLp-15 2x4
      89.7dB           1000W
Rpre   Spl     SplMech Pmech SplEle      f3

0.20  89.5dB: (128.2dB  9625W 118.4dB) @  42Hz
0.60  89.3dB: (127.3dB  8256W 118.1dB) @  40Hz
1.00  89.0dB: (126.4dB  7156W 117.8dB) @  38Hz
-------------
RLp-18 2x2
      89.5dB           1000W
Rpre   Spl     SplMech Pmech SplEle      f3

0.20  89.2dB: (127.7dB 15022W 115.9dB) @  32Hz
0.60  88.8dB: (126.2dB 11706W 115.5dB) @  29Hz
1.00  88.4dB: (124.8dB  9355W 115.1dB) @  27Hz
-------------
RLp-18 2x4
      89.2dB           1000W
Rpre   Spl     SplMech Pmech SplEle      f3

0.20  88.7dB: (126.5dB  7847W 117.6dB) @  30Hz
0.60  88.4dB: (125.6dB  6738W 117.3dB) @  28Hz
1.00  88.1dB: (124.7dB  5843W 117.1dB) @  27Hz
-------------
RLs-12 1x3
      80.5dB           2000W
Rpre   Spl     SplMech Pmech SplEle      f3

0.20  80.2dB: (116.2dB 10936W 108.8dB) @  21Hz
0.60  79.7dB: (114.4dB  8139W 108.3dB) @  19Hz
              (117.4dB 16277W 108.3dB) @  23Hz
1.00  79.2dB: (112.8dB  6296W 107.8dB) @  17Hz
              (115.8dB 12592W 107.8dB) @  21Hz
-------------
RLs-15 1x3
      82.8dB           2000W
Rpre   Spl     SplMech Pmech SplEle      f3

0.20  82.6dB: (118.3dB 10139W 111.2dB) @  18Hz
0.60  82.1dB: (116.6dB  7706W 110.7dB) @  16Hz
              (119.6dB 15411W 110.7dB) @  20Hz
1.00  81.6dB: (115.1dB  6078W 110.2dB) @  15Hz
              (118.1dB 12156W 110.2dB) @  18Hz
