-------------
SW.STX.10.2.500.8.F.A.FC.X             88.0dB  300W                     1x100mm
Rpre   Spl         Vb      fb         SplMech Pmech  SplEle     f3       dv       lv

0.20  85.4dB --------------------------------------------------------------
    34.1l @  29.8Hz  =>  115.5dB 1589W 108.3dB @  32.9Hz - 1x70mm    487 mm 
    38.2l @  28.7Hz  =>  114.6dB 1267W 108.3dB @  31.1Hz - 1x70mm    429 mm 
    42.8l @  27.7Hz  =>  113.6dB 1010W 108.3dB @  29.4Hz - 1x70mm    378 mm 
*   47.9l @  26.7Hz  =>  112.6dB  805W 108.3dB @  27.7Hz - 1x70mm    332 mm 
    53.7l @  25.8Hz  =>  111.6dB  642W 108.3dB @  26.2Hz   1x100mm   625 mm 
    60.1l @  24.9Hz  =>  110.6dB  512W 108.3dB @  24.8Hz   1x100mm   550 mm 
    67.3l @  24.0Hz  =>  109.6dB  408W 108.3dB @  23.4Hz   1x100mm   483 mm 
0.60  85.1dB --------------------------------------------------------------
    41.0l @  28.1Hz  =>  114.0dB 1182W 108.0dB @  30.0Hz - 1x70mm    396 mm 
    45.9l @  27.1Hz  =>  113.0dB  942W 108.0dB @  28.3Hz - 1x70mm    349 mm 
    51.4l @  26.1Hz  =>  112.0dB  751W 108.0dB @  26.8Hz   1x100mm   655 mm 
*   57.6l @  25.2Hz  =>  111.0dB  599W 108.0dB @  25.3Hz   1x100mm   577 mm 
    64.5l @  24.3Hz  =>  110.0dB  477W 108.0dB @  23.9Hz   1x100mm   507 mm 
    72.2l @  23.4Hz  =>  109.0dB  381W 108.0dB @  22.6Hz   1x100mm   445 mm 
    80.9l @  22.6Hz  =>  108.0dB  303W 108.0dB @  21.3Hz   1x100mm   390 mm 
1.00  84.8dB --------------------------------------------------------------
    48.6l @  26.6Hz  =>  112.5dB  899W 107.7dB @  27.5Hz   1x100mm   697 mm 
    54.4l @  25.7Hz  =>  111.5dB  717W 107.7dB @  26.0Hz   1x100mm   615 mm 
    61.0l @  24.7Hz  =>  110.5dB  571W 107.7dB @  24.6Hz   1x100mm   541 mm 
*   68.3l @  23.9Hz  =>  109.5dB  455W 107.7dB @  23.2Hz   1x100mm   475 mm 
    76.5l @  23.0Hz  =>  108.5dB  363W 107.7dB @  22.0Hz   1x100mm   417 mm 
    85.6l @  22.2Hz  =>  107.6dB  289W 107.7dB @  20.7Hz   1x100mm   364 mm 
    95.9l @  21.4Hz  =>  106.6dB  231W 107.7dB @  19.6Hz   1x100mm   317 mm 
-------------
WM.STX.6_5.1_5.180.16.F.A.FC.X         90.0dB  140W                      1x50mm
Rpre   Spl         Vb      fb         SplMech Pmech  SplEle     f3       dv       lv

0.20  87.2dB --------------------------------------------------------------
    22.8l @  39.9Hz  =>  104.6dB   37W 110.4dB @  41.7Hz   1x50mm    151 mm 
    25.6l @  38.5Hz  =>  103.7dB   30W 110.4dB @  39.4Hz   1x50mm    131 mm 
    28.6l @  37.1Hz  =>  102.7dB   24W 110.4dB @  37.2Hz   1x50mm    113 mm 
*   32.1l @  35.8Hz  =>  101.7dB   19W 110.4dB @  35.2Hz   1x50mm     97 mm 
    35.9l @  34.5Hz  =>  100.7dB   15W 110.4dB @  33.2Hz   1x50mm     82 mm 
    40.2l @  33.3Hz  =>   99.7dB   12W 110.4dB @  31.4Hz   1x50mm     70 mm 
    45.1l @  32.1Hz  =>   98.7dB   10W 110.4dB @  29.7Hz   1x50mm     58 mm 
0.60  87.1dB --------------------------------------------------------------
    25.0l @  38.8Hz  =>  103.9dB   32W 110.2dB @  39.9Hz   1x50mm    135 mm 
    27.9l @  37.4Hz  =>  102.9dB   26W 110.2dB @  37.7Hz   1x50mm    116 mm 
    31.3l @  36.1Hz  =>  101.9dB   21W 110.2dB @  35.6Hz   1x50mm    100 mm 
*   35.1l @  34.8Hz  =>  100.9dB   16W 110.2dB @  33.7Hz   1x50mm     85 mm 
    39.3l @  33.6Hz  =>   99.9dB   13W 110.2dB @  31.8Hz   1x50mm     72 mm 
    44.0l @  32.4Hz  =>   99.0dB   10W 110.2dB @  30.0Hz   1x50mm     61 mm 
    49.3l @  31.2Hz  =>   98.0dB    8W 110.2dB @  28.4Hz   1x50mm     50 mm 
1.00  86.9dB --------------------------------------------------------------
    27.2l @  37.8Hz  =>  103.1dB   28W 110.1dB @  38.2Hz   1x50mm    121 mm 
    30.4l @  36.4Hz  =>  102.1dB   22W 110.1dB @  36.1Hz   1x50mm    104 mm 
    34.1l @  35.1Hz  =>  101.2dB   18W 110.1dB @  34.1Hz   1x50mm     89 mm 
*   38.2l @  33.9Hz  =>  100.2dB   14W 110.1dB @  32.2Hz   1x50mm     75 mm 
    42.8l @  32.7Hz  =>   99.2dB   11W 110.1dB @  30.5Hz   1x50mm     63 mm 
    47.9l @  31.5Hz  =>   98.2dB    9W 110.1dB @  28.8Hz   1x50mm     53 mm 
    53.7l @  30.4Hz  =>   97.2dB    7W 110.1dB @  27.2Hz   1x50mm     43 mm 
-------------
WM.STX.6_5.1_5.180.8.F.A.FC.X          90.0dB  140W                      1x50mm
Rpre   Spl         Vb      fb         SplMech Pmech  SplEle     f3       dv       lv

0.20  87.4dB --------------------------------------------------------------
    14.9l @  44.5Hz  =>  107.5dB  152W 107.2dB @  50.2Hz   1x50mm    266 mm 
    16.7l @  42.9Hz  =>  106.5dB  121W 107.2dB @  47.4Hz   1x50mm    233 mm 
    18.7l @  41.4Hz  =>  105.6dB   96W 107.2dB @  44.8Hz   1x50mm    205 mm 
*   21.0l @  39.9Hz  =>  104.6dB   77W 107.2dB @  42.3Hz   1x50mm    179 mm 
    23.5l @  38.5Hz  =>  103.6dB   61W 107.2dB @  40.0Hz   1x50mm    156 mm 
    26.3l @  37.1Hz  =>  102.6dB   49W 107.2dB @  37.8Hz   1x50mm    135 mm 
    29.5l @  35.8Hz  =>  101.6dB   39W 107.2dB @  35.7Hz   1x50mm    117 mm 
0.60  87.1dB --------------------------------------------------------------
    18.0l @  42.0Hz  =>  105.9dB  112W 106.9dB @  45.7Hz   1x50mm    215 mm 
    20.1l @  40.5Hz  =>  104.9dB   89W 106.9dB @  43.2Hz   1x50mm    188 mm 
    22.5l @  39.0Hz  =>  104.0dB   71W 106.9dB @  40.8Hz   1x50mm    164 mm 
*   25.2l @  37.6Hz  =>  103.0dB   57W 106.9dB @  38.6Hz   1x50mm    142 mm 
    28.3l @  36.3Hz  =>  102.0dB   45W 106.9dB @  36.5Hz   1x50mm    123 mm 
    31.7l @  35.0Hz  =>  101.0dB   36W 106.9dB @  34.5Hz   1x50mm    106 mm 
    35.5l @  33.8Hz  =>  100.0dB   29W 106.9dB @  32.6Hz   1x50mm     91 mm 
1.00  86.9dB --------------------------------------------------------------
    21.3l @  39.7Hz  =>  104.4dB   85W 106.6dB @  42.0Hz   1x50mm    175 mm 
    23.9l @  38.3Hz  =>  103.4dB   68W 106.6dB @  39.6Hz   1x50mm    152 mm 
    26.8l @  36.9Hz  =>  102.5dB   54W 106.6dB @  37.5Hz   1x50mm    132 mm 
*   30.0l @  35.6Hz  =>  101.5dB   43W 106.6dB @  35.4Hz   1x50mm    114 mm 
    33.6l @  34.3Hz  =>  100.5dB   34W 106.6dB @  33.5Hz   1x50mm     98 mm 
    37.6l @  33.1Hz  =>   99.5dB   27W 106.6dB @  31.6Hz   1x50mm     83 mm 
    42.1l @  31.9Hz  =>   98.5dB   22W 106.6dB @  29.9Hz   1x50mm     71 mm 
