-------------
SW.STX.10.2.500.8.F.A.FC.X
      88.0dB            300W
Rpre   Spl     SplMech Pmech SplEle      f3

0.20  85.4dB: (118.1dB  2888W 108.3dB) @  48Hz
0.60  85.1dB: (117.0dB  2401W 108.0dB) @  45Hz
1.00  84.8dB: (116.0dB  2025W 107.7dB) @  42Hz
-------------
WM.STX.6_5.1_5.180.16.F.A.FC.X
      90.0dB            140W
Rpre   Spl     SplMech Pmech SplEle      f3

0.20  87.2dB: (108.0dB    82W 110.4dB) @  64Hz
              (111.1dB   163W 110.4dB) @  76Hz
              (114.1dB   327W 110.4dB) @  90Hz
              (117.1dB   654W 110.4dB) @ 107Hz
              (120.1dB  1308W 110.4dB) @ 128Hz
0.60  87.1dB: (107.5dB    75W 110.2dB) @  62Hz
              (110.5dB   149W 110.2dB) @  74Hz
              (113.5dB   299W 110.2dB) @  88Hz
              (116.5dB   597W 110.2dB) @ 104Hz
              (119.6dB  1194W 110.2dB) @ 124Hz
1.00  86.9dB: (107.0dB    68W 110.1dB) @  60Hz
              (110.0dB   137W 110.1dB) @  71Hz
              (113.0dB   273W 110.1dB) @  85Hz
              (116.0dB   547W 110.1dB) @ 101Hz
              (119.0dB  1094W 110.1dB) @ 120Hz
-------------
WM.STX.6_5.1_5.180.8.F.A.FC.X
      90.0dB            140W
Rpre   Spl     SplMech Pmech SplEle      f3

0.20  87.4dB: (109.8dB   257W 107.2dB) @  72Hz
              (112.8dB   514W 107.2dB) @  86Hz
              (115.8dB  1027W 107.2dB) @ 102Hz
0.60  87.1dB: (108.7dB   213W 106.9dB) @  68Hz
              (111.7dB   425W 106.9dB) @  80Hz
              (114.7dB   851W 106.9dB) @  96Hz
1.00  86.9dB: (107.7dB   178W 106.6dB) @  64Hz
              (110.7dB   357W 106.6dB) @  76Hz
              (113.7dB   714W 106.6dB) @  90Hz
