-------------
SW.STX.10.2.500.8.F.A.FC.X
      88.0dB                            300W
Rpre   Spl      qtc    Vb     SplMech Pmech SplEle      f3

0.20  85.4dB:   0.5   66.6l: (118.8dB  3323W 108.3dB) @  50Hz
                0.6   34.4l: (117.7dB  2633W 108.3dB) @  47Hz
                0.7   21.9l: (117.8dB  2664W 108.3dB) @  47Hz
                0.8   15.4l: (119.2dB  3685W 108.3dB) @  51Hz
                0.9   11.5l: (119.7dB  4119W 108.3dB) @  53Hz
                1.0    9.0l: (120.2dB  4685W 108.3dB) @  54Hz
                1.1    7.3l: (121.0dB  5572W 108.3dB) @  57Hz
                1.1    7.3l: (118.1dB  2888W 108.3dB) @  48Hz (  885uF)

0.60  85.1dB:   0.5   89.6l: (117.6dB  2763W 108.0dB) @  47Hz
                0.6   42.5l: (116.6dB  2189W 108.0dB) @  44Hz
                0.7   26.2l: (116.7dB  2215W 108.0dB) @  44Hz
                0.8   18.2l: (118.1dB  3064W 108.0dB) @  48Hz
                0.9   13.5l: (118.6dB  3425W 108.0dB) @  49Hz
                1.0   10.5l: (119.1dB  3895W 108.0dB) @  51Hz
                1.1    8.4l: (119.9dB  4633W 108.0dB) @  53Hz
                1.1    8.4l: (117.0dB  2401W 108.0dB) @  45Hz (  944uF)

1.00  84.8dB:   0.5  124.7l: (116.6dB  2330W 107.7dB) @  44Hz
                0.6   52.6l: (115.6dB  1846W 107.7dB) @  42Hz
                0.7   31.3l: (115.6dB  1868W 107.7dB) @  42Hz
                0.8   21.3l: (117.1dB  2584W 107.7dB) @  45Hz
                0.9   15.6l: (117.5dB  2888W 107.7dB) @  46Hz
                1.0   12.1l: (118.1dB  3285W 107.7dB) @  48Hz
                1.1    9.6l: (118.9dB  3906W 107.7dB) @  50Hz
                1.1    9.6l: (116.0dB  2025W 107.7dB) @  42Hz ( 1001uF)

-------------
WM.STX.6_5.1_5.180.16.F.A.FC.X
      90.0dB                            140W
Rpre   Spl      qtc    Vb     SplMech Pmech SplEle      f3

0.20  87.2dB:   0.5   55.8l: (108.7dB    94W 110.4dB) @  66Hz
                0.6   24.4l: (107.6dB    75W 110.4dB) @  62Hz
                0.7   14.7l: (107.7dB    75W 110.4dB) @  63Hz
                0.8   10.0l: (109.1dB   104W 110.4dB) @  68Hz
                0.9    7.4l: (109.6dB   117W 110.4dB) @  70Hz
                1.0    5.7l: (110.2dB   133W 110.4dB) @  72Hz
                1.1    4.6l: (110.9dB   158W 110.4dB) @  75Hz
                1.1    4.6l: (108.0dB    82W 110.4dB) @  64Hz (  291uF)

0.60  87.1dB:   0.5   67.6l: (108.1dB    86W 110.2dB) @  64Hz
                0.6   27.4l: (107.1dB    68W 110.2dB) @  61Hz
                0.7   16.1l: (107.2dB    69W 110.2dB) @  61Hz
                0.8   10.9l: (108.6dB    95W 110.2dB) @  66Hz
                0.9    8.0l: (109.1dB   106W 110.2dB) @  68Hz
                1.0    6.1l: (109.6dB   121W 110.2dB) @  70Hz
                1.1    4.9l: (110.4dB   144W 110.2dB) @  73Hz
                1.1    4.9l: (107.5dB    75W 110.2dB) @  62Hz (  300uF)

1.00  86.9dB:   0.5   83.7l: (107.6dB    79W 110.1dB) @  62Hz
                0.6   30.9l: (106.6dB    62W 110.1dB) @  59Hz
                0.7   17.7l: (106.6dB    63W 110.1dB) @  59Hz
                0.8   11.9l: (108.1dB    87W 110.1dB) @  64Hz
                0.9    8.6l: (108.5dB    98W 110.1dB) @  66Hz
                1.0    6.6l: (109.1dB   111W 110.1dB) @  68Hz
                1.1    5.3l: (109.8dB   132W 110.1dB) @  71Hz
                1.1    5.3l: (107.0dB    68W 110.1dB) @  60Hz (  309uF)

-------------
WM.STX.6_5.1_5.180.8.F.A.FC.X
      90.0dB                            140W
Rpre   Spl      qtc    Vb     SplMech Pmech SplEle      f3

0.20  87.4dB:   0.5   27.8l: (110.4dB   296W 107.2dB) @  75Hz
                0.6   14.9l: (109.4dB   234W 107.2dB) @  70Hz
                0.7    9.6l: (109.5dB   237W 107.2dB) @  71Hz
                0.8    6.9l: (110.9dB   328W 107.2dB) @  77Hz
                0.9    5.2l: (111.4dB   366W 107.2dB) @  79Hz
                1.0    4.0l: (111.9dB   417W 107.2dB) @  81Hz
                1.1    3.3l: (112.7dB   496W 107.2dB) @  85Hz
                1.1    3.3l: (109.8dB   257W 107.2dB) @  72Hz (  568uF)

0.60  87.1dB:   0.5   36.4l: (109.3dB   245W 106.9dB) @  70Hz
                0.6   18.3l: (108.3dB   194W 106.9dB) @  66Hz
                0.7   11.5l: (108.3dB   196W 106.9dB) @  66Hz
                0.8    8.1l: (109.8dB   271W 106.9dB) @  72Hz
                0.9    6.0l: (110.2dB   303W 106.9dB) @  74Hz
                1.0    4.7l: (110.8dB   345W 106.9dB) @  76Hz
                1.1    3.8l: (111.6dB   410W 106.9dB) @  80Hz
                1.1    3.8l: (108.7dB   213W 106.9dB) @  68Hz (  606uF)

1.00  86.9dB:   0.5   48.9l: (108.3dB   205W 106.6dB) @  66Hz
                0.6   22.4l: (107.3dB   163W 106.6dB) @  62Hz
                0.7   13.7l: (107.3dB   165W 106.6dB) @  62Hz
                0.8    9.4l: (108.7dB   228W 106.6dB) @  68Hz
                0.9    7.0l: (109.2dB   254W 106.6dB) @  70Hz
                1.0    5.4l: (109.8dB   289W 106.6dB) @  72Hz
                1.1    4.3l: (110.5dB   344W 106.6dB) @  75Hz
                1.1    4.3l: (107.7dB   178W 106.6dB) @  64Hz (  644uF)

