-------------
SW.STX.10.2.500.8.F.A.FC.X
-------------
 88.0dB             7.3l (1.1)               300W
SplMech  Pmech SplEle     f3

            5W  74.2dB @  20Hz 
            6W  75.2dB @  20Hz 
            7W  76.2dB @  20Hz 
            9W  77.2dB @  20Hz 
           12W  78.2dB @  20Hz 
           15W  79.2dB @  20Hz 
           19W  80.2dB @  20Hz 
           24W  81.2dB @  20Hz 
           30W  82.3dB @  20Hz 
           37W  83.3dB @  20Hz 
           47W  84.3dB @  20Hz 
           60W  85.3dB @  20Hz 
           75W  86.3dB @  20Hz 
           94W  87.3dB @  20Hz 
          119W  88.3dB @  20Hz 
          150W  89.3dB @  20Hz 
          189W  90.3dB @  20Hz 
          238W  91.3dB @  20Hz 
          300W  92.3dB @  20Hz 
102.9dB  3466W  92.3dB @  20Hz   16
            5W  79.4dB @  27Hz 
            6W  80.4dB @  27Hz 
            7W  81.4dB @  27Hz 
            9W  82.4dB @  27Hz 
           12W  83.4dB @  27Hz 
           15W  84.4dB @  27Hz 
           19W  85.4dB @  27Hz 
           24W  86.4dB @  27Hz 
           30W  87.4dB @  27Hz 
           37W  88.5dB @  27Hz 
           47W  89.5dB @  27Hz 
           60W  90.5dB @  27Hz 
           75W  91.5dB @  27Hz 
           94W  92.5dB @  27Hz 
          119W  93.5dB @  27Hz 
          150W  94.5dB @  27Hz 
          189W  95.5dB @  27Hz 
          238W  96.5dB @  27Hz 
          300W  97.5dB @  27Hz 
108.1dB  3480W  97.5dB @  27Hz   11
112.1dB  3491W 101.5dB @  34Hz    7
115.4dB  3500W 104.7dB @  41Hz    4
118.1dB  3508W 107.4dB @  48Hz    1
120.5dB  3514W 109.8dB @  55Hz   -1
122.6dB  3520W 111.9dB @  62Hz   -4
124.4dB  3525W 113.7dB @  69Hz   -5
126.1dB  3530W 115.4dB @  76Hz   -7
-------------
WM.STX.6_5.1_5.180.16.F.A.FC.X
-------------
 90.0dB             4.6l (1.1)               140W
SplMech  Pmech SplEle     f3

            4W  79.6dB @  27Hz 
            6W  80.6dB @  27Hz 
            7W  81.6dB @  27Hz 
            9W  82.6dB @  27Hz 
           11W  83.6dB @  27Hz 
           14W  84.6dB @  27Hz 
           17W  85.6dB @  27Hz 
           22W  86.6dB @  27Hz 
           28W  87.6dB @  27Hz 
           35W  88.6dB @  27Hz 
           44W  89.6dB @  27Hz 
           56W  90.6dB @  27Hz 
           70W  91.6dB @  27Hz 
           88W  92.6dB @  27Hz 
 93.1dB    98W  94.6dB @  27Hz   16
 97.1dB    98W  98.6dB @  34Hz   12
100.4dB    99W 101.9dB @  41Hz    9
103.1dB    99W 104.6dB @  48Hz    6
105.5dB    99W 107.0dB @  55Hz    3
107.5dB    99W 109.0dB @  62Hz    1
109.4dB    99W 110.9dB @  69Hz   -0
111.1dB   100W 112.6dB @  76Hz   -2
-------------
WM.STX.6_5.1_5.180.8.F.A.FC.X
-------------
 90.0dB             3.3l (1.1)               140W
SplMech  Pmech SplEle     f3

            4W  74.3dB @  27Hz 
            6W  75.3dB @  27Hz 
            7W  76.3dB @  27Hz 
            9W  77.3dB @  27Hz 
           11W  78.3dB @  27Hz 
           14W  79.3dB @  27Hz 
           17W  80.3dB @  27Hz 
           22W  81.3dB @  27Hz 
           28W  82.3dB @  27Hz 
           35W  83.3dB @  27Hz 
           44W  84.3dB @  27Hz 
           56W  85.3dB @  27Hz 
           70W  86.3dB @  27Hz 
           88W  87.3dB @  27Hz 
          111W  88.3dB @  27Hz 
          140W  89.3dB @  27Hz 
 92.8dB   308W  89.3dB @  27Hz   18
 96.8dB   309W  93.3dB @  34Hz   14
100.0dB   310W  96.6dB @  41Hz   11
102.8dB   310W  99.3dB @  48Hz    8
105.1dB   311W 101.7dB @  55Hz    6
107.2dB   311W 103.7dB @  62Hz    3
109.1dB   312W 105.6dB @  69Hz    2
110.7dB   312W 107.3dB @  76Hz   -0
