-------------
135 LB                                 95.0dB   35W                      1x50mm
Rpre   Spl         Vb      fb         SplMech Pmech  SplEle     f3       dv       lv

0.20  95.5dB --------------------------------------------------------------
     4.1l @ 118.7Hz  =>  116.5dB  196W 109.0dB @ 148.3Hz   1x50mm    188 mm 
     4.6l @ 114.5Hz  =>  115.5dB  156W 109.0dB @ 140.1Hz   1x50mm    164 mm 
     5.1l @ 110.4Hz  =>  114.5dB  125W 109.0dB @ 132.4Hz   1x50mm    142 mm 
*    5.7l @ 106.5Hz  =>  113.6dB   99W 109.0dB @ 125.1Hz   1x50mm    123 mm 
     6.4l @ 102.7Hz  =>  112.6dB   79W 109.0dB @ 118.2Hz   1x50mm    106 mm 
     7.2l @  99.0Hz  =>  111.6dB   63W 109.0dB @ 111.7Hz   1x50mm     91 mm 
     8.0l @  95.5Hz  =>  110.6dB   50W 109.0dB @ 105.5Hz   1x50mm     77 mm 
0.60  95.1dB --------------------------------------------------------------
     4.9l @ 111.8Hz  =>  114.9dB  145W 108.7dB @ 134.9Hz   1x50mm    149 mm 
     5.5l @ 107.8Hz  =>  113.9dB  115W 108.7dB @ 127.5Hz   1x50mm    129 mm 
     6.2l @ 104.0Hz  =>  112.9dB   92W 108.7dB @ 120.5Hz   1x50mm    112 mm 
*    6.9l @ 100.3Hz  =>  111.9dB   73W 108.7dB @ 113.9Hz   1x50mm     96 mm 
     7.7l @  96.7Hz  =>  110.9dB   58W 108.7dB @ 107.6Hz   1x50mm     82 mm 
     8.7l @  93.3Hz  =>  110.0dB   47W 108.7dB @ 101.7Hz   1x50mm     69 mm 
     9.7l @  89.9Hz  =>  109.0dB   37W 108.7dB @  96.1Hz   1x50mm     58 mm 
1.00  94.9dB --------------------------------------------------------------
     5.9l @ 105.7Hz  =>  113.4dB  109W 108.4dB @ 123.7Hz   1x50mm    119 mm 
     6.6l @ 102.0Hz  =>  112.4dB   87W 108.4dB @ 116.9Hz   1x50mm    103 mm 
     7.3l @  98.3Hz  =>  111.4dB   69W 108.4dB @ 110.4Hz   1x50mm     88 mm 
*    8.2l @  94.8Hz  =>  110.4dB   55W 108.4dB @ 104.3Hz   1x50mm     75 mm 
     9.2l @  91.4Hz  =>  109.4dB   44W 108.4dB @  98.6Hz   1x50mm     63 mm 
    10.3l @  88.2Hz  =>  108.4dB   35W 108.4dB @  93.2Hz   1x50mm     52 mm 
    11.6l @  85.0Hz  =>  107.5dB   28W 108.4dB @  88.0Hz   1x50mm     43 mm 
-------------
165 LB                                 95.0dB   35W                      1x70mm
Rpre   Spl         Vb      fb         SplMech Pmech  SplEle     f3       dv       lv

0.20  95.4dB --------------------------------------------------------------
    35.9l @  67.3Hz  =>  108.9dB   43W 108.0dB @  69.2Hz   1x70mm     27 mm 
    40.3l @  64.9Hz  =>  107.9dB   34W 108.0dB @  65.4Hz + 1x100mm    69 mm 
    45.1l @  62.6Hz  =>  106.9dB   27W 108.0dB @  61.8Hz + 1x100mm    54 mm 
*   50.5l @  60.3Hz  =>  105.9dB   22W 108.0dB @  58.4Hz + 1x100mm    40 mm 
    56.6l @  58.2Hz  =>  104.9dB   17W 108.0dB @  55.2Hz + 1x100mm    28 mm 
    63.3l @  56.1Hz  =>  104.0dB   14W 108.0dB @  52.1Hz + 2x100mm    76 mm 
    70.9l @  54.1Hz  =>  103.0dB   11W 108.0dB @  49.2Hz + 2x100mm    57 mm 
0.60  95.0dB --------------------------------------------------------------
    44.8l @  62.7Hz  =>  107.0dB   30W 107.6dB @  62.0Hz + 1x100mm    55 mm 
    50.1l @  60.5Hz  =>  106.0dB   24W 107.6dB @  58.6Hz + 1x100mm    41 mm 
    56.2l @  58.3Hz  =>  105.0dB   19W 107.6dB @  55.3Hz + 1x100mm    29 mm 
*   62.9l @  56.2Hz  =>  104.0dB   15W 107.6dB @  52.3Hz + 2x100mm    78 mm 
    70.4l @  54.2Hz  =>  103.0dB   12W 107.6dB @  49.4Hz + 2x100mm    58 mm 
    78.9l @  52.3Hz  =>  102.0dB   10W 107.6dB @  46.7Hz + 2x100mm    41 mm 
    88.4l @  50.4Hz  =>  101.1dB    8W 107.6dB @  44.1Hz + 2x100mm    25 mm 
1.00  94.7dB --------------------------------------------------------------
    54.6l @  58.8Hz  =>  105.2dB   22W 107.2dB @  56.1Hz + 1x100mm    31 mm 
    61.2l @  56.7Hz  =>  104.3dB   18W 107.2dB @  53.0Hz + 1x100mm    20 mm 
    68.5l @  54.7Hz  =>  103.3dB   14W 107.2dB @  50.1Hz + 2x100mm    63 mm 
*   76.8l @  52.8Hz  =>  102.3dB   11W 107.2dB @  47.3Hz + 2x100mm    45 mm 
    86.0l @  50.9Hz  =>  101.3dB    9W 107.2dB @  44.7Hz + 2x100mm    29 mm 
    96.3l @  49.1Hz  =>  100.3dB    7W 107.2dB @  42.3Hz + 3x100mm    51 mm 
   107.8l @  47.3Hz  =>   99.3dB    6W 107.2dB @  39.9Hz + 3x100mm    32 mm 
-------------
165 GMF                                96.0dB   35W                      1x70mm
Rpre   Spl         Vb      fb         SplMech Pmech  SplEle     f3       dv       lv

0.20  95.7dB --------------------------------------------------------------
    31.8l @  68.9Hz  =>  109.5dB   35W 109.5dB @  71.8Hz   1x70mm     37 mm 
    35.6l @  66.4Hz  =>  108.5dB   28W 109.5dB @  67.9Hz   1x70mm     28 mm 
    39.8l @  64.1Hz  =>  107.6dB   23W 109.5dB @  64.1Hz + 1x100mm    70 mm 
*   44.6l @  61.8Hz  =>  106.6dB   18W 109.5dB @  60.6Hz + 1x100mm    55 mm 
    50.0l @  59.6Hz  =>  105.6dB   14W 109.5dB @  57.3Hz + 1x100mm    41 mm 
    56.0l @  57.5Hz  =>  104.6dB   11W 109.5dB @  54.1Hz + 1x100mm    29 mm 
    62.7l @  55.4Hz  =>  103.6dB    9W 109.5dB @  51.1Hz + 2x100mm    78 mm 
0.60  95.4dB --------------------------------------------------------------
    38.1l @  65.0Hz  =>  108.0dB   26W 109.2dB @  65.6Hz   1x70mm     22 mm 
    42.7l @  62.7Hz  =>  107.0dB   21W 109.2dB @  62.0Hz + 1x100mm    61 mm 
    47.8l @  60.5Hz  =>  106.0dB   17W 109.2dB @  58.6Hz + 1x100mm    47 mm 
*   53.5l @  58.3Hz  =>  105.0dB   13W 109.2dB @  55.3Hz + 1x100mm    34 mm 
    59.9l @  56.2Hz  =>  104.0dB   11W 109.2dB @  52.3Hz + 1x100mm    22 mm 
    67.1l @  54.2Hz  =>  103.0dB    9W 109.2dB @  49.4Hz + 2x100mm    66 mm 
    75.2l @  52.3Hz  =>  102.0dB    7W 109.2dB @  46.7Hz + 2x100mm    48 mm 
1.00  95.1dB --------------------------------------------------------------
    45.1l @  61.6Hz  =>  106.5dB   20W 108.9dB @  60.3Hz + 1x100mm    54 mm 
    50.5l @  59.4Hz  =>  105.5dB   16W 108.9dB @  57.0Hz + 1x100mm    40 mm 
    56.6l @  57.3Hz  =>  104.5dB   13W 108.9dB @  53.8Hz + 1x100mm    28 mm 
*   63.4l @  55.2Hz  =>  103.5dB   10W 108.9dB @  50.8Hz + 2x100mm    76 mm 
    71.0l @  53.3Hz  =>  102.5dB    8W 108.9dB @  48.0Hz + 2x100mm    57 mm 
    79.5l @  51.4Hz  =>  101.6dB    6W 108.9dB @  45.4Hz + 2x100mm    40 mm 
    89.0l @  49.5Hz  =>  100.6dB    5W 108.9dB @  42.9Hz + 2x100mm    25 mm 
-------------
215 RTF 64                             97.0dB   35W                     1x100mm
Rpre   Spl         Vb      fb         SplMech Pmech  SplEle     f3       dv       lv

0.20  96.3dB --------------------------------------------------------------
   165.9l @  47.5Hz  =>  100.6dB    3W 110.8dB @  41.7Hz + 5x100mm    33 mm 
   185.8l @  45.8Hz  =>   99.6dB    3W 110.8dB @  39.4Hz + 6x100mm    31 mm 
0.60  96.1dB --------------------------------------------------------------
   193.2l @  45.2Hz  =>   99.3dB    3W 110.6dB @  38.6Hz + 6x100mm    23 mm 
-------------
215 RTF 64 bic                         96.0dB   35W                     1x100mm
Rpre   Spl         Vb      fb         SplMech Pmech  SplEle     f3       dv       lv

0.20  94.2dB --------------------------------------------------------------
   141.9l @  42.4Hz  =>   98.9dB    4W 108.7dB @  37.8Hz + 3x100mm    56 mm 
   158.9l @  40.9Hz  =>   97.9dB    3W 108.7dB @  35.7Hz + 3x100mm    37 mm 
   178.0l @  39.4Hz  =>   96.9dB    2W 108.7dB @  33.8Hz + 4x100mm    48 mm 
*  199.3l @  38.0Hz  =>   96.0dB    2W 108.7dB @  31.9Hz + 4x100mm    27 mm 
   223.3l @  36.7Hz  =>   95.0dB    1W 108.7dB @  30.1Hz + 5x100mm    31 mm 
   250.1l @  35.4Hz  =>   94.0dB    1W 108.7dB @  28.5Hz + 6x100mm    29 mm 
0.60  93.9dB --------------------------------------------------------------
   164.5l @  40.4Hz  =>   97.6dB    3W 108.4dB @  35.1Hz + 3x100mm    31 mm 
   184.2l @  39.0Hz  =>   96.6dB    2W 108.4dB @  33.2Hz + 4x100mm    42 mm 
   206.3l @  37.6Hz  =>   95.7dB    2W 108.4dB @  31.4Hz + 4x100mm    22 mm 
*  231.1l @  36.3Hz  =>   94.7dB    1W 108.4dB @  29.6Hz + 5x100mm    24 mm 
   258.8l @  35.0Hz  =>   93.7dB    1W 108.4dB @  28.0Hz + 6x100mm    22 mm 
1.00  93.7dB --------------------------------------------------------------
   188.9l @  38.7Hz  =>   96.4dB    2W 108.2dB @  32.8Hz + 4x100mm    37 mm 
   211.6l @  37.3Hz  =>   95.4dB    2W 108.2dB @  31.0Hz + 5x100mm    41 mm 
   237.0l @  36.0Hz  =>   94.5dB    1W 108.2dB @  29.3Hz + 6x100mm    40 mm 
-------------
215 GMF                                97.0dB   40W                     1x100mm
Rpre   Spl         Vb      fb         SplMech Pmech  SplEle     f3       dv       lv

0.20  96.7dB --------------------------------------------------------------
    56.3l @  57.3Hz  =>  117.1dB  110W 112.7dB @  65.7Hz   1x100mm   132 mm 
    63.0l @  55.3Hz  =>  116.1dB   88W 112.7dB @  62.1Hz   1x100mm   110 mm 
    70.6l @  53.3Hz  =>  115.1dB   70W 112.7dB @  58.7Hz   1x100mm    91 mm 
*   79.0l @  51.4Hz  =>  114.2dB   56W 112.7dB @  55.4Hz   1x100mm    73 mm 
    88.5l @  49.6Hz  =>  113.2dB   45W 112.7dB @  52.4Hz   1x100mm    57 mm 
    99.2l @  47.8Hz  =>  112.2dB   36W 112.7dB @  49.5Hz   1x100mm    43 mm 
   111.1l @  46.1Hz  =>  111.2dB   28W 112.7dB @  46.8Hz   1x100mm    31 mm 
0.60  96.5dB --------------------------------------------------------------
    64.0l @  55.0Hz  =>  116.0dB   90W 112.5dB @  61.6Hz   1x100mm   107 mm 
    71.7l @  53.1Hz  =>  115.0dB   71W 112.5dB @  58.2Hz   1x100mm    88 mm 
    80.3l @  51.2Hz  =>  114.0dB   57W 112.5dB @  55.0Hz   1x100mm    71 mm 
*   89.9l @  49.4Hz  =>  113.0dB   45W 112.5dB @  52.0Hz   1x100mm    55 mm 
   100.7l @  47.6Hz  =>  112.1dB   36W 112.5dB @  49.1Hz   1x100mm    42 mm 
   112.8l @  45.9Hz  =>  111.1dB   29W 112.5dB @  46.4Hz   1x100mm    29 mm 
   126.3l @  44.3Hz  =>  110.1dB   23W 112.5dB @  43.9Hz + 2x100mm    79 mm 
1.00  96.3dB --------------------------------------------------------------
    72.3l @  52.9Hz  =>  114.9dB   73W 112.3dB @  58.0Hz   1x100mm    87 mm 
    81.0l @  51.0Hz  =>  113.9dB   58W 112.3dB @  54.8Hz   1x100mm    70 mm 
    90.8l @  49.2Hz  =>  113.0dB   47W 112.3dB @  51.7Hz   1x100mm    54 mm 
*  101.6l @  47.5Hz  =>  112.0dB   37W 112.3dB @  48.9Hz   1x100mm    41 mm 
   113.8l @  45.8Hz  =>  111.0dB   30W 112.3dB @  46.2Hz   1x100mm    28 mm 
   127.5l @  44.1Hz  =>  110.0dB   24W 112.3dB @  43.7Hz + 2x100mm    77 mm 
   142.8l @  42.6Hz  =>  109.0dB   19W 112.3dB @  41.3Hz + 2x100mm    58 mm 
-------------
285 GMF                                99.0dB   70W                     1x100mm
Rpre   Spl         Vb      fb         SplMech Pmech  SplEle     f3       dv       lv

0.20  97.7dB --------------------------------------------------------------
   100.1l @  53.5Hz  =>  117.3dB  111W 115.3dB @  57.5Hz   1x100mm    33 mm 
   112.1l @  51.6Hz  =>  116.3dB   89W 115.3dB @  54.4Hz   1x100mm    21 mm 
   125.5l @  49.8Hz  =>  115.3dB   71W 115.3dB @  51.4Hz + 2x100mm    65 mm 
*  140.6l @  48.0Hz  =>  114.3dB   56W 115.3dB @  48.5Hz + 2x100mm    47 mm 
   157.5l @  46.3Hz  =>  113.3dB   45W 115.3dB @  45.9Hz + 2x100mm    31 mm 
   176.4l @  44.6Hz  =>  112.4dB   36W 115.3dB @  43.3Hz + 3x100mm    53 mm 
   197.5l @  43.0Hz  =>  111.4dB   29W 115.3dB @  41.0Hz + 3x100mm    34 mm 
   221.2l @  41.5Hz  =>  110.4dB   23W 115.3dB @  38.7Hz + 4x100mm    45 mm 
   247.8l @  40.0Hz  =>  109.4dB   18W 115.3dB @  36.6Hz + 4x100mm    25 mm 
   277.5l @  38.6Hz  =>  108.4dB   14W 115.3dB @  34.6Hz + 5x100mm    28 mm 
   310.8l @  37.2Hz  =>  107.4dB   12W 115.3dB @  32.7Hz + 6x100mm    26 mm 
0.60  97.5dB --------------------------------------------------------------
   117.2l @  50.9Hz  =>  115.9dB   86W 115.0dB @  53.2Hz + 2x100mm    77 mm 
   131.3l @  49.0Hz  =>  114.9dB   69W 115.0dB @  50.2Hz + 2x100mm    57 mm 
   147.0l @  47.3Hz  =>  113.9dB   55W 115.0dB @  47.5Hz + 2x100mm    40 mm 
*  164.7l @  45.6Hz  =>  113.0dB   44W 115.0dB @  44.9Hz + 2x100mm    25 mm 
   184.5l @  44.0Hz  =>  112.0dB   35W 115.0dB @  42.4Hz + 3x100mm    45 mm 
   206.6l @  42.4Hz  =>  111.0dB   28W 115.0dB @  40.0Hz + 3x100mm    27 mm 
   231.4l @  40.9Hz  =>  110.0dB   22W 115.0dB @  37.8Hz + 4x100mm    37 mm 
1.00  97.2dB --------------------------------------------------------------
   136.1l @  48.5Hz  =>  114.6dB   67W 114.8dB @  49.3Hz + 2x100mm    52 mm 
   152.4l @  46.8Hz  =>  113.6dB   54W 114.8dB @  46.6Hz + 2x100mm    35 mm 
   170.7l @  45.1Hz  =>  112.6dB   43W 114.8dB @  44.1Hz + 2x100mm    20 mm 
*  191.2l @  43.5Hz  =>  111.7dB   34W 114.8dB @  41.6Hz + 3x100mm    39 mm 
   214.1l @  41.9Hz  =>  110.7dB   27W 114.8dB @  39.3Hz + 3x100mm    22 mm 
   239.8l @  40.4Hz  =>  109.7dB   22W 114.8dB @  37.2Hz + 4x100mm    30 mm 
   268.6l @  39.0Hz  =>  108.7dB   17W 114.8dB @  35.1Hz + 5x100mm    34 mm 
-------------
215-2000                               99.0dB   20W                     1x100mm
Rpre   Spl         Vb      fb         SplMech Pmech  SplEle     f3       dv       lv

0.20  98.8dB --------------------------------------------------------------
    22.3l @  80.8Hz  =>  126.0dB 1045W 108.8dB @ 109.6Hz   1x100mm   403 mm 
    24.9l @  77.9Hz  =>  125.0dB  833W 108.8dB @ 103.6Hz   1x100mm   352 mm 
    27.9l @  75.2Hz  =>  124.0dB  664W 108.8dB @  97.9Hz   1x100mm   307 mm 
*   31.3l @  72.5Hz  =>  123.0dB  529W 108.8dB @  92.5Hz   1x100mm   266 mm 
    35.0l @  69.9Hz  =>  122.1dB  422W 108.8dB @  87.4Hz   1x100mm   230 mm 
    39.2l @  67.4Hz  =>  121.1dB  336W 108.8dB @  82.6Hz   1x100mm   197 mm 
    43.9l @  65.0Hz  =>  120.1dB  268W 108.8dB @  78.0Hz   1x100mm   168 mm 
0.60  98.4dB --------------------------------------------------------------
    28.6l @  74.5Hz  =>  123.8dB  690W 108.4dB @  96.6Hz   1x100mm   297 mm 
    32.1l @  71.9Hz  =>  122.8dB  550W 108.4dB @  91.3Hz   1x100mm   257 mm 
    35.9l @  69.3Hz  =>  121.8dB  439W 108.4dB @  86.2Hz   1x100mm   222 mm 
*   40.2l @  66.8Hz  =>  120.8dB  350W 108.4dB @  81.5Hz   1x100mm   190 mm 
    45.1l @  64.5Hz  =>  119.9dB  279W 108.4dB @  77.0Hz   1x100mm   162 mm 
    50.5l @  62.2Hz  =>  118.9dB  222W 108.4dB @  72.8Hz   1x100mm   137 mm 
    56.5l @  60.0Hz  =>  117.9dB  177W 108.4dB @  68.8Hz   1x100mm   114 mm 
1.00  98.1dB --------------------------------------------------------------
    36.1l @  69.2Hz  =>  121.8dB  473W 108.1dB @  86.1Hz   1x100mm   220 mm 
    40.4l @  66.8Hz  =>  120.8dB  377W 108.1dB @  81.3Hz   1x100mm   189 mm 
    45.3l @  64.4Hz  =>  119.8dB  300W 108.1dB @  76.8Hz   1x100mm   161 mm 
*   50.7l @  62.1Hz  =>  118.8dB  239W 108.1dB @  72.6Hz   1x100mm   136 mm 
    56.8l @  59.9Hz  =>  117.9dB  191W 108.1dB @  68.6Hz   1x100mm   113 mm 
    63.6l @  57.7Hz  =>  116.9dB  152W 108.1dB @  64.8Hz   1x100mm    93 mm 
    71.2l @  55.7Hz  =>  115.9dB  121W 108.1dB @  61.3Hz   1x100mm    76 mm 
-------------
285-2000                              101.0dB   70W                     1x100mm
Rpre   Spl         Vb      fb         SplMech Pmech  SplEle     f3       dv       lv

0.20 100.9dB --------------------------------------------------------------
    26.7l @  85.7Hz  =>  130.5dB 1127W 118.4dB @ 123.2Hz   1x100mm   360 mm 
    29.9l @  82.7Hz  =>  129.5dB  899W 118.4dB @ 116.4Hz   1x100mm   313 mm 
    33.5l @  79.7Hz  =>  128.5dB  716W 118.4dB @ 110.0Hz   1x100mm   272 mm 
*   37.5l @  76.9Hz  =>  127.6dB  571W 118.4dB @ 103.9Hz   1x100mm   235 mm 
    42.0l @  74.1Hz  =>  126.6dB  455W 118.4dB @  98.2Hz   1x100mm   202 mm 
    47.1l @  71.5Hz  =>  125.6dB  363W 118.4dB @  92.8Hz   1x100mm   173 mm 
    52.7l @  69.0Hz  =>  124.6dB  289W 118.4dB @  87.7Hz   1x100mm   146 mm 
    59.0l @  66.5Hz  =>  123.6dB  231W 118.4dB @  82.8Hz   1x100mm   123 mm 
    66.1l @  64.1Hz  =>  122.6dB  184W 118.4dB @  78.3Hz   1x100mm   102 mm 
    74.0l @  61.8Hz  =>  121.6dB  147W 118.4dB @  74.0Hz   1x100mm    83 mm 
    82.9l @  59.6Hz  =>  120.7dB  117W 118.4dB @  69.9Hz   1x100mm    66 mm 
    92.9l @  57.5Hz  =>  119.7dB   93W 118.4dB @  66.0Hz   1x100mm    51 mm 
   104.0l @  55.5Hz  =>  118.7dB   74W 118.4dB @  62.4Hz   1x100mm    38 mm 
   116.5l @  53.5Hz  =>  117.7dB   59W 118.4dB @  59.0Hz   1x100mm    26 mm 
   130.5l @  51.6Hz  =>  116.7dB   47W 118.4dB @  55.7Hz + 2x100mm    73 mm 
   146.1l @  49.8Hz  =>  115.7dB   38W 118.4dB @  52.6Hz + 2x100mm    54 mm 
   163.7l @  48.0Hz  =>  114.8dB   30W 118.4dB @  49.7Hz + 2x100mm    37 mm 
   183.3l @  46.3Hz  =>  113.8dB   24W 118.4dB @  47.0Hz + 2x100mm    22 mm 
   205.3l @  44.6Hz  =>  112.8dB   19W 118.4dB @  44.4Hz + 3x100mm    42 mm 
   230.0l @  43.0Hz  =>  111.8dB   15W 118.4dB @  42.0Hz + 3x100mm    24 mm 
   257.6l @  41.5Hz  =>  110.8dB   12W 118.4dB @  39.7Hz + 4x100mm    33 mm 
   288.5l @  40.0Hz  =>  109.8dB   10W 118.4dB @  37.5Hz + 5x100mm    37 mm 
   323.1l @  38.6Hz  =>  108.8dB    8W 118.4dB @  35.4Hz + 6x100mm    36 mm 
0.60 100.6dB --------------------------------------------------------------
    31.3l @  81.4Hz  =>  129.1dB  867W 118.2dB @ 113.7Hz   1x100mm   296 mm 
    35.1l @  78.5Hz  =>  128.1dB  691W 118.2dB @ 107.4Hz   1x100mm   256 mm 
    39.3l @  75.7Hz  =>  127.1dB  551W 118.2dB @ 101.5Hz   1x100mm   221 mm 
*   44.0l @  73.0Hz  =>  126.2dB  439W 118.2dB @  95.9Hz   1x100mm   189 mm 
    49.3l @  70.4Hz  =>  125.2dB  350W 118.2dB @  90.6Hz   1x100mm   161 mm 
    55.2l @  67.9Hz  =>  124.2dB  279W 118.2dB @  85.6Hz   1x100mm   136 mm 
    61.9l @  65.5Hz  =>  123.2dB  223W 118.2dB @  80.9Hz   1x100mm   114 mm 
1.00 100.4dB --------------------------------------------------------------
    36.4l @  77.6Hz  =>  127.8dB  677W 117.9dB @ 105.4Hz   1x100mm   244 mm 
    40.8l @  74.8Hz  =>  126.8dB  540W 117.9dB @  99.6Hz   1x100mm   210 mm 
    45.7l @  72.2Hz  =>  125.8dB  430W 117.9dB @  94.1Hz   1x100mm   180 mm 
*   51.2l @  69.6Hz  =>  124.8dB  343W 117.9dB @  88.9Hz   1x100mm   153 mm 
    57.4l @  67.1Hz  =>  123.9dB  273W 117.9dB @  84.0Hz   1x100mm   128 mm 
    64.2l @  64.7Hz  =>  122.9dB  218W 117.9dB @  79.4Hz   1x100mm   107 mm 
    71.9l @  62.4Hz  =>  121.9dB  174W 117.9dB @  75.0Hz   1x100mm    88 mm 
-------------
400-2000                               96.0dB  120W                     2x100mm
Rpre   Spl         Vb      fb         SplMech Pmech  SplEle     f3       dv       lv

0.20  94.6dB --------------------------------------------------------------
   121.9l @  34.9Hz  =>  119.8dB  407W 114.5dB @  44.2Hz   2x100mm   618 mm 
   136.6l @  33.7Hz  =>  118.8dB  325W 114.5dB @  41.7Hz   2x100mm   541 mm 
   153.0l @  32.5Hz  =>  117.8dB  259W 114.5dB @  39.4Hz   2x100mm   472 mm 
*  171.3l @  31.3Hz  =>  116.9dB  206W 114.5dB @  37.3Hz   2x100mm   410 mm 
   191.9l @  30.2Hz  =>  115.9dB  164W 114.5dB @  35.2Hz   2x100mm   355 mm 
   214.9l @  29.1Hz  =>  114.9dB  131W 114.5dB @  33.3Hz   2x100mm   306 mm 
   240.7l @  28.1Hz  =>  113.9dB  105W 114.5dB @  31.4Hz   2x100mm   262 mm 
   269.6l @  27.1Hz  =>  112.9dB   83W 114.5dB @  29.7Hz   2x100mm   223 mm 
   301.9l @  26.1Hz  =>  111.9dB   66W 114.5dB @  28.1Hz   2x100mm   188 mm 
   338.2l @  25.2Hz  =>  111.0dB   53W 114.5dB @  26.5Hz   2x100mm   157 mm 
   378.8l @  24.3Hz  =>  110.0dB   42W 114.5dB @  25.1Hz   2x100mm   129 mm 
   424.2l @  23.4Hz  =>  109.0dB   34W 114.5dB @  23.7Hz   2x100mm   104 mm 
   475.1l @  22.6Hz  =>  108.0dB   27W 114.5dB @  22.4Hz   2x100mm    82 mm 
   532.1l @  21.8Hz  =>  107.0dB   21W 114.5dB @  21.2Hz   2x100mm    62 mm 
   596.0l @  21.0Hz  =>  106.0dB   17W 114.5dB @  20.0Hz   2x100mm    45 mm 
   667.5l @  20.3Hz  =>  105.0dB   14W 114.5dB @  18.9Hz   2x100mm    29 mm 
   747.6l @  19.6Hz  =>  104.1dB   11W 114.5dB @  17.8Hz + 3x100mm    51 mm 
   837.3l @  18.9Hz  =>  103.1dB    9W 114.5dB @  16.9Hz + 3x100mm    32 mm 
   937.8l @  18.2Hz  =>  102.1dB    7W 114.5dB @  15.9Hz + 4x100mm    42 mm 
  1050.3l @  17.5Hz  =>  101.1dB    5W 114.5dB @  15.1Hz + 4x100mm    22 mm 
  1176.3l @  16.9Hz  =>  100.1dB    4W 114.5dB @  14.2Hz + 5x100mm    25 mm 
  1317.5l @  16.3Hz  =>   99.1dB    3W 114.5dB @  13.4Hz + 6x100mm    22 mm 
0.60  94.4dB --------------------------------------------------------------
   143.3l @  33.2Hz  =>  118.4dB  313W 114.3dB @  40.8Hz   2x100mm   511 mm 
   160.5l @  32.0Hz  =>  117.4dB  249W 114.3dB @  38.5Hz   2x100mm   445 mm 
   179.7l @  30.9Hz  =>  116.4dB  199W 114.3dB @  36.4Hz   2x100mm   386 mm 
*  201.3l @  29.8Hz  =>  115.5dB  158W 114.3dB @  34.4Hz   2x100mm   334 mm 
   225.4l @  28.7Hz  =>  114.5dB  126W 114.3dB @  32.5Hz   2x100mm   287 mm 
   252.5l @  27.7Hz  =>  113.5dB  101W 114.3dB @  30.7Hz   2x100mm   245 mm 
   282.8l @  26.7Hz  =>  112.5dB   80W 114.3dB @  29.0Hz   2x100mm   208 mm 
1.00  94.1dB --------------------------------------------------------------
   166.8l @  31.6Hz  =>  117.1dB  244W 114.0dB @  37.8Hz   2x100mm   424 mm 
   186.8l @  30.5Hz  =>  116.1dB  194W 114.0dB @  35.7Hz   2x100mm   368 mm 
   209.2l @  29.4Hz  =>  115.1dB  155W 114.0dB @  33.7Hz   2x100mm   317 mm 
*  234.3l @  28.3Hz  =>  114.1dB  123W 114.0dB @  31.9Hz   2x100mm   272 mm 
   262.4l @  27.3Hz  =>  113.2dB   98W 114.0dB @  30.1Hz   2x100mm   232 mm 
   293.9l @  26.4Hz  =>  112.2dB   78W 114.0dB @  28.5Hz   2x100mm   196 mm 
   329.2l @  25.4Hz  =>  111.2dB   63W 114.0dB @  26.9Hz   2x100mm   164 mm 
-------------
165exc 9V                              94.2dB   35W                      1x70mm
Rpre   Spl         Vb      fb         SplMech Pmech  SplEle     f3       dv       lv

0.20  94.2dB --------------------------------------------------------------
   154.6l @  44.2Hz  =>  101.8dB   11W 106.7dB @  35.6Hz + 6x100mm    36 mm 
-------------
165exc 10V                             94.4dB   35W                      1x70mm
Rpre   Spl         Vb      fb         SplMech Pmech  SplEle     f3       dv       lv

0.20  94.4dB --------------------------------------------------------------
   138.1l @  45.9Hz  =>  102.8dB   14W 106.9dB @  37.8Hz + 5x100mm    38 mm 
   154.7l @  44.3Hz  =>  101.8dB   11W 106.9dB @  35.7Hz + 6x100mm    36 mm 
-------------
215exc 8V                              98.0dB   20W                     1x100mm
Rpre   Spl         Vb      fb         SplMech Pmech  SplEle     f3       dv       lv

0.20  93.5dB --------------------------------------------------------------
    26.1l @  58.9Hz  =>  117.0dB  451W 103.5dB @  65.3Hz   1x100mm   300 mm 
    29.3l @  56.8Hz  =>  116.0dB  359W 103.5dB @  61.7Hz   1x100mm   260 mm 
    32.8l @  54.8Hz  =>  115.0dB  287W 103.5dB @  58.3Hz   1x100mm   224 mm 
*   36.7l @  52.8Hz  =>  114.1dB  228W 103.5dB @  55.1Hz   1x100mm   192 mm 
    41.1l @  51.0Hz  =>  113.1dB  182W 103.5dB @  52.1Hz   1x100mm   164 mm 
    46.1l @  49.1Hz  =>  112.1dB  145W 103.5dB @  49.2Hz   1x100mm   138 mm 
    51.6l @  47.4Hz  =>  111.1dB  116W 103.5dB @  46.5Hz   1x100mm   116 mm 
0.60  93.1dB --------------------------------------------------------------
    33.6l @  54.4Hz  =>  114.8dB  299W 103.1dB @  57.6Hz   1x100mm   217 mm 
    37.6l @  52.4Hz  =>  113.8dB  238W 103.1dB @  54.5Hz   1x100mm   186 mm 
    42.1l @  50.6Hz  =>  112.9dB  190W 103.1dB @  51.5Hz   1x100mm   158 mm 
*   47.2l @  48.8Hz  =>  111.9dB  152W 103.1dB @  48.6Hz   1x100mm   133 mm 
    52.9l @  47.0Hz  =>  110.9dB  121W 103.1dB @  46.0Hz   1x100mm   111 mm 
    59.2l @  45.4Hz  =>  109.9dB   96W 103.1dB @  43.4Hz   1x100mm    92 mm 
    66.3l @  43.7Hz  =>  108.9dB   77W 103.1dB @  41.0Hz   1x100mm    74 mm 
1.00  92.7dB --------------------------------------------------------------
    42.2l @  50.5Hz  =>  112.8dB  206W 102.7dB @  51.4Hz   1x100mm   158 mm 
    47.3l @  48.7Hz  =>  111.9dB  164W 102.7dB @  48.6Hz   1x100mm   133 mm 
    53.0l @  47.0Hz  =>  110.9dB  131W 102.7dB @  45.9Hz   1x100mm   111 mm 
*   59.3l @  45.3Hz  =>  109.9dB  104W 102.7dB @  43.4Hz   1x100mm    91 mm 
    66.5l @  43.7Hz  =>  108.9dB   83W 102.7dB @  41.0Hz   1x100mm    74 mm 
    74.4l @  42.1Hz  =>  107.9dB   66W 102.7dB @  38.7Hz   1x100mm    58 mm 
    83.4l @  40.6Hz  =>  106.9dB   53W 102.7dB @  36.6Hz   1x100mm    44 mm 
-------------
215exc 9V                              98.3dB   20W                     1x100mm
Rpre   Spl         Vb      fb         SplMech Pmech  SplEle     f3       dv       lv

0.20  93.9dB --------------------------------------------------------------
    19.2l @  65.0Hz  =>  119.7dB  746W 103.9dB @  76.1Hz   1x100mm   434 mm 
    21.5l @  62.7Hz  =>  118.7dB  595W 103.9dB @  71.9Hz   1x100mm   380 mm 
    24.1l @  60.4Hz  =>  117.7dB  474W 103.9dB @  68.0Hz   1x100mm   331 mm 
*   27.0l @  58.3Hz  =>  116.7dB  378W 103.9dB @  64.2Hz   1x100mm   288 mm 
    30.2l @  56.2Hz  =>  115.7dB  301W 103.9dB @  60.7Hz   1x100mm   249 mm 
    33.9l @  54.2Hz  =>  114.7dB  240W 103.9dB @  57.4Hz   1x100mm   215 mm 
    37.9l @  52.3Hz  =>  113.8dB  192W 103.9dB @  54.2Hz   1x100mm   184 mm 
0.60  93.6dB --------------------------------------------------------------
    24.7l @  59.9Hz  =>  117.5dB  494W 103.5dB @  67.1Hz   1x100mm   321 mm 
    27.7l @  57.8Hz  =>  116.5dB  394W 103.5dB @  63.4Hz   1x100mm   279 mm 
    31.0l @  55.7Hz  =>  115.5dB  314W 103.5dB @  59.9Hz   1x100mm   241 mm 
*   34.7l @  53.8Hz  =>  114.5dB  250W 103.5dB @  56.6Hz   1x100mm   208 mm 
    38.9l @  51.8Hz  =>  113.5dB  200W 103.5dB @  53.5Hz   1x100mm   178 mm 
    43.6l @  50.0Hz  =>  112.6dB  159W 103.5dB @  50.6Hz   1x100mm   151 mm 
    48.8l @  48.2Hz  =>  111.6dB  127W 103.5dB @  47.8Hz   1x100mm   127 mm 
1.00  93.2dB --------------------------------------------------------------
    31.1l @  55.7Hz  =>  115.5dB  339W 103.2dB @  59.9Hz   1x100mm   240 mm 
    34.8l @  53.7Hz  =>  114.5dB  271W 103.2dB @  56.6Hz   1x100mm   207 mm 
    39.0l @  51.8Hz  =>  113.5dB  216W 103.2dB @  53.4Hz   1x100mm   177 mm 
*   43.7l @  50.0Hz  =>  112.5dB  172W 103.2dB @  50.5Hz   1x100mm   150 mm 
    48.9l @  48.2Hz  =>  111.5dB  137W 103.2dB @  47.7Hz   1x100mm   126 mm 
    54.8l @  46.5Hz  =>  110.6dB  109W 103.2dB @  45.1Hz   1x100mm   105 mm 
    61.4l @  44.8Hz  =>  109.6dB   87W 103.2dB @  42.6Hz   1x100mm    86 mm 
-------------
215exc 10V                             98.7dB   20W                     1x100mm
Rpre   Spl         Vb      fb         SplMech Pmech  SplEle     f3       dv       lv

0.20  94.3dB --------------------------------------------------------------
    15.4l @  69.8Hz  =>  121.6dB 1077W 104.3dB @  85.3Hz   1x100mm   560 mm 
    17.2l @  67.4Hz  =>  120.6dB  859W 104.3dB @  80.6Hz   1x100mm   492 mm 
    19.3l @  65.0Hz  =>  119.7dB  684W 104.3dB @  76.1Hz   1x100mm   432 mm 
*   21.6l @  62.6Hz  =>  118.7dB  546W 104.3dB @  71.9Hz   1x100mm   378 mm 
    24.2l @  60.4Hz  =>  117.7dB  435W 104.3dB @  68.0Hz   1x100mm   329 mm 
    27.1l @  58.3Hz  =>  116.7dB  347W 104.3dB @  64.2Hz   1x100mm   286 mm 
    30.4l @  56.2Hz  =>  115.7dB  276W 104.3dB @  60.7Hz   1x100mm   248 mm 
0.60  93.9dB --------------------------------------------------------------
    19.8l @  64.4Hz  =>  119.4dB  712W 103.9dB @  75.2Hz   1x100mm   419 mm 
    22.2l @  62.1Hz  =>  118.5dB  568W 103.9dB @  71.0Hz   1x100mm   366 mm 
    24.9l @  59.9Hz  =>  117.5dB  453W 103.9dB @  67.1Hz   1x100mm   319 mm 
*   27.8l @  57.8Hz  =>  116.5dB  361W 103.9dB @  63.4Hz   1x100mm   277 mm 
    31.2l @  55.7Hz  =>  115.5dB  288W 103.9dB @  59.9Hz   1x100mm   240 mm 
    34.9l @  53.7Hz  =>  114.5dB  229W 103.9dB @  56.6Hz   1x100mm   206 mm 
    39.1l @  51.8Hz  =>  113.5dB  183W 103.9dB @  53.5Hz   1x100mm   176 mm 
1.00  93.6dB --------------------------------------------------------------
    24.9l @  59.8Hz  =>  117.4dB  488W 103.6dB @  67.0Hz   1x100mm   318 mm 
    27.9l @  57.7Hz  =>  116.5dB  389W 103.6dB @  63.3Hz   1x100mm   276 mm 
    31.3l @  55.7Hz  =>  115.5dB  310W 103.6dB @  59.8Hz   1x100mm   238 mm 
*   35.0l @  53.7Hz  =>  114.5dB  247W 103.6dB @  56.5Hz   1x100mm   205 mm 
    39.3l @  51.8Hz  =>  113.5dB  197W 103.6dB @  53.4Hz   1x100mm   175 mm 
    44.0l @  49.9Hz  =>  112.5dB  157W 103.6dB @  50.4Hz   1x100mm   149 mm 
    49.2l @  48.1Hz  =>  111.5dB  125W 103.6dB @  47.7Hz   1x100mm   125 mm 
-------------
215exc 11V                             99.0dB   20W                     1x100mm
Rpre   Spl         Vb      fb         SplMech Pmech  SplEle     f3       dv       lv

0.20  94.4dB --------------------------------------------------------------
    12.4l @  74.1Hz  =>  123.2dB 1514W 104.4dB @  93.5Hz - 1x70mm    335 mm 
    13.8l @  71.4Hz  =>  122.2dB 1207W 104.4dB @  88.3Hz   1x100mm   631 mm 
    15.5l @  68.9Hz  =>  121.3dB  962W 104.4dB @  83.5Hz   1x100mm   555 mm 
*   17.4l @  66.4Hz  =>  120.3dB  767W 104.4dB @  78.9Hz   1x100mm   488 mm 
    19.5l @  64.1Hz  =>  119.3dB  611W 104.4dB @  74.5Hz   1x100mm   428 mm 
    21.8l @  61.8Hz  =>  118.3dB  487W 104.4dB @  70.4Hz   1x100mm   374 mm 
    24.4l @  59.6Hz  =>  117.3dB  389W 104.4dB @  66.5Hz   1x100mm   326 mm 
0.60  94.0dB --------------------------------------------------------------
    15.9l @  68.3Hz  =>  121.0dB 1002W 104.0dB @  82.4Hz   1x100mm   540 mm 
    17.8l @  65.9Hz  =>  120.1dB  799W 104.0dB @  77.9Hz   1x100mm   474 mm 
    20.0l @  63.6Hz  =>  119.1dB  637W 104.0dB @  73.6Hz   1x100mm   415 mm 
*   22.3l @  61.3Hz  =>  118.1dB  508W 104.0dB @  69.5Hz   1x100mm   363 mm 
    25.0l @  59.1Hz  =>  117.1dB  405W 104.0dB @  65.7Hz   1x100mm   316 mm 
    28.0l @  57.0Hz  =>  116.1dB  323W 104.0dB @  62.1Hz   1x100mm   275 mm 
    31.4l @  55.0Hz  =>  115.1dB  257W 104.0dB @  58.7Hz   1x100mm   237 mm 
1.00  93.7dB --------------------------------------------------------------
    20.0l @  63.5Hz  =>  119.0dB  687W 103.7dB @  73.5Hz   1x100mm   414 mm 
    22.4l @  61.2Hz  =>  118.1dB  548W 103.7dB @  69.4Hz   1x100mm   362 mm 
    25.1l @  59.1Hz  =>  117.1dB  437W 103.7dB @  65.6Hz   1x100mm   315 mm 
*   28.1l @  56.9Hz  =>  116.1dB  348W 103.7dB @  62.0Hz   1x100mm   273 mm 
    31.5l @  54.9Hz  =>  115.1dB  278W 103.7dB @  58.6Hz   1x100mm   236 mm 
    35.3l @  53.0Hz  =>  114.1dB  221W 103.7dB @  55.3Hz   1x100mm   203 mm 
    39.5l @  51.1Hz  =>  113.1dB  176W 103.7dB @  52.3Hz   1x100mm   174 mm 
-------------
215exc 12V                             99.4dB   20W                     1x100mm
Rpre   Spl         Vb      fb         SplMech Pmech  SplEle     f3       dv       lv

0.20  94.7dB --------------------------------------------------------------
    11.6l @  76.1Hz  =>  124.0dB 1706W 104.7dB @  97.5Hz - 1x70mm    361 mm 
    13.0l @  73.4Hz  =>  123.0dB 1360W 104.7dB @  92.1Hz   1x100mm   678 mm 
    14.5l @  70.8Hz  =>  122.0dB 1084W 104.7dB @  87.1Hz   1x100mm   597 mm 
*   16.3l @  68.3Hz  =>  121.0dB  864W 104.7dB @  82.3Hz   1x100mm   525 mm 
    18.2l @  65.8Hz  =>  120.0dB  689W 104.7dB @  77.7Hz   1x100mm   461 mm 
    20.4l @  63.5Hz  =>  119.0dB  549W 104.7dB @  73.4Hz   1x100mm   404 mm 
    22.9l @  61.2Hz  =>  118.1dB  438W 104.7dB @  69.4Hz   1x100mm   353 mm 
0.60  94.3dB --------------------------------------------------------------
    14.9l @  70.2Hz  =>  121.8dB 1129W 104.3dB @  86.0Hz   1x100mm   581 mm 
    16.7l @  67.7Hz  =>  120.8dB  900W 104.3dB @  81.2Hz   1x100mm   511 mm 
    18.7l @  65.3Hz  =>  119.8dB  718W 104.3dB @  76.8Hz   1x100mm   448 mm 
*   20.9l @  63.0Hz  =>  118.8dB  572W 104.3dB @  72.5Hz   1x100mm   392 mm 
    23.5l @  60.7Hz  =>  117.8dB  456W 104.3dB @  68.5Hz   1x100mm   342 mm 
    26.3l @  58.6Hz  =>  116.9dB  364W 104.3dB @  64.8Hz   1x100mm   298 mm 
    29.4l @  56.5Hz  =>  115.9dB  290W 104.3dB @  61.2Hz   1x100mm   258 mm 
1.00  93.9dB --------------------------------------------------------------
    18.8l @  65.2Hz  =>  119.8dB  775W 103.9dB @  76.6Hz   1x100mm   446 mm 
    21.0l @  62.9Hz  =>  118.8dB  618W 103.9dB @  72.4Hz   1x100mm   391 mm 
    23.5l @  60.7Hz  =>  117.8dB  492W 103.9dB @  68.4Hz   1x100mm   341 mm 
*   26.4l @  58.5Hz  =>  116.8dB  393W 103.9dB @  64.6Hz   1x100mm   297 mm 
    29.5l @  56.4Hz  =>  115.8dB  313W 103.9dB @  61.1Hz   1x100mm   257 mm 
    33.1l @  54.4Hz  =>  114.9dB  249W 103.9dB @  57.7Hz   1x100mm   222 mm 
    37.0l @  52.5Hz  =>  113.9dB  199W 103.9dB @  54.5Hz   1x100mm   190 mm 
-------------
215exc 13V                             99.9dB   20W                     1x100mm
Rpre   Spl         Vb      fb         SplMech Pmech  SplEle     f3       dv       lv

0.20  94.9dB --------------------------------------------------------------
    10.3l @  79.2Hz  =>  125.0dB 2075W 104.9dB @ 103.7Hz - 1x70mm    414 mm 
    11.5l @  76.4Hz  =>  124.1dB 1655W 104.9dB @  98.0Hz - 1x70mm    364 mm 
    12.9l @  73.6Hz  =>  123.1dB 1319W 104.9dB @  92.6Hz   1x100mm   684 mm 
*   14.4l @  71.0Hz  =>  122.1dB 1052W 104.9dB @  87.5Hz   1x100mm   603 mm 
    16.2l @  68.5Hz  =>  121.1dB  838W 104.9dB @  82.7Hz   1x100mm   530 mm 
    18.1l @  66.1Hz  =>  120.1dB  668W 104.9dB @  78.1Hz   1x100mm   466 mm 
    20.3l @  63.7Hz  =>  119.1dB  533W 104.9dB @  73.8Hz   1x100mm   408 mm 
0.60  94.5dB --------------------------------------------------------------
    13.2l @  73.0Hz  =>  122.8dB 1369W 104.5dB @  91.4Hz   1x100mm   664 mm 
    14.8l @  70.4Hz  =>  121.8dB 1091W 104.5dB @  86.3Hz   1x100mm   585 mm 
    16.6l @  67.9Hz  =>  120.9dB  870W 104.5dB @  81.6Hz   1x100mm   514 mm 
*   18.6l @  65.5Hz  =>  119.9dB  694W 104.5dB @  77.1Hz   1x100mm   451 mm 
    20.8l @  63.2Hz  =>  118.9dB  553W 104.5dB @  72.8Hz   1x100mm   395 mm 
    23.3l @  60.9Hz  =>  117.9dB  441W 104.5dB @  68.8Hz   1x100mm   345 mm 
    26.1l @  58.7Hz  =>  116.9dB  351W 104.5dB @  65.0Hz   1x100mm   300 mm 
1.00  94.1dB --------------------------------------------------------------
    16.7l @  67.8Hz  =>  120.8dB  936W 104.1dB @  81.4Hz   1x100mm   511 mm 
    18.7l @  65.4Hz  =>  119.8dB  746W 104.1dB @  76.9Hz   1x100mm   449 mm 
    20.9l @  63.1Hz  =>  118.9dB  595W 104.1dB @  72.7Hz   1x100mm   393 mm 
*   23.4l @  60.8Hz  =>  117.9dB  474W 104.1dB @  68.7Hz   1x100mm   343 mm 
    26.2l @  58.6Hz  =>  116.9dB  378W 104.1dB @  64.9Hz   1x100mm   298 mm 
    29.4l @  56.6Hz  =>  115.9dB  301W 104.1dB @  61.3Hz   1x100mm   259 mm 
    32.9l @  54.5Hz  =>  114.9dB  240W 104.1dB @  57.9Hz   1x100mm   223 mm 
-------------
285exc 6V                              97.1dB   70W                     1x100mm
Rpre   Spl         Vb      fb         SplMech Pmech  SplEle     f3       dv       lv

-------------
285exc 7V                              98.5dB   70W                     1x100mm
Rpre   Spl         Vb      fb         SplMech Pmech  SplEle     f3       dv       lv

0.20  98.3dB --------------------------------------------------------------
   226.2l @  47.3Hz  =>  112.7dB   34W 115.9dB @  44.3Hz + 5x100mm    21 mm 
-------------
285exc 8V                              99.4dB   70W                     1x100mm
Rpre   Spl         Vb      fb         SplMech Pmech  SplEle     f3       dv       lv

0.20  99.2dB --------------------------------------------------------------
   120.2l @  57.4Hz  =>  118.0dB   94W 116.7dB @  60.0Hz + 2x100mm    35 mm 
   134.6l @  55.3Hz  =>  117.0dB   75W 116.7dB @  56.7Hz + 3x100mm    59 mm 
   150.8l @  53.4Hz  =>  116.0dB   60W 116.7dB @  53.6Hz + 3x100mm    39 mm 
*  168.8l @  51.5Hz  =>  115.1dB   48W 116.7dB @  50.6Hz + 3x100mm    21 mm 
   189.1l @  49.6Hz  =>  114.1dB   38W 116.7dB @  47.8Hz + 4x100mm    30 mm 
   211.8l @  47.9Hz  =>  113.1dB   30W 116.7dB @  45.2Hz + 5x100mm    34 mm 
   237.2l @  46.2Hz  =>  112.1dB   24W 116.7dB @  42.7Hz + 6x100mm    32 mm 
0.60  98.9dB --------------------------------------------------------------
   140.9l @  54.5Hz  =>  116.6dB   73W 116.5dB @  55.4Hz + 3x100mm    51 mm 
   157.8l @  52.6Hz  =>  115.6dB   58W 116.5dB @  52.4Hz + 3x100mm    32 mm 
   176.7l @  50.7Hz  =>  114.7dB   46W 116.5dB @  49.5Hz + 4x100mm    42 mm 
*  197.9l @  48.9Hz  =>  113.7dB   37W 116.5dB @  46.7Hz + 4x100mm    22 mm 
   221.7l @  47.2Hz  =>  112.7dB   29W 116.5dB @  44.2Hz + 5x100mm    25 mm 
   248.3l @  45.5Hz  =>  111.7dB   23W 116.5dB @  41.7Hz + 6x100mm    22 mm 
1.00  98.7dB --------------------------------------------------------------
   163.7l @  52.0Hz  =>  115.3dB   57W 116.2dB @  51.4Hz + 3x100mm    26 mm 
   183.3l @  50.1Hz  =>  114.3dB   45W 116.2dB @  48.6Hz + 4x100mm    36 mm 
   205.3l @  48.3Hz  =>  113.4dB   36W 116.2dB @  45.9Hz + 5x100mm    40 mm 
*  230.0l @  46.6Hz  =>  112.4dB   29W 116.2dB @  43.4Hz + 6x100mm    38 mm 
-------------
285exc 9V                             100.0dB   70W                     1x100mm
Rpre   Spl         Vb      fb         SplMech Pmech  SplEle     f3       dv       lv

0.20 100.3dB --------------------------------------------------------------
    61.5l @  71.4Hz  =>  123.9dB  284W 117.9dB @  84.4Hz   1x100mm    62 mm 
    68.8l @  68.9Hz  =>  123.0dB  227W 117.9dB @  79.8Hz   1x100mm    48 mm 
    77.1l @  66.4Hz  =>  122.0dB  181W 117.9dB @  75.4Hz   1x100mm    35 mm 
*   86.3l @  64.0Hz  =>  121.0dB  144W 117.9dB @  71.2Hz   1x100mm    23 mm 
    96.7l @  61.8Hz  =>  120.0dB  115W 117.9dB @  67.3Hz + 2x100mm    68 mm 
   108.3l @  59.6Hz  =>  119.0dB   92W 117.9dB @  63.6Hz + 2x100mm    50 mm 
   121.3l @  57.4Hz  =>  118.0dB   73W 117.9dB @  60.1Hz + 2x100mm    33 mm 
   135.9l @  55.4Hz  =>  117.1dB   58W 117.9dB @  56.8Hz + 3x100mm    57 mm 
   152.2l @  53.4Hz  =>  116.1dB   46W 117.9dB @  53.7Hz + 3x100mm    37 mm 
   170.4l @  51.5Hz  =>  115.1dB   37W 117.9dB @  50.7Hz + 4x100mm    49 mm 
   190.9l @  49.7Hz  =>  114.1dB   29W 117.9dB @  47.9Hz + 4x100mm    28 mm 
   213.8l @  47.9Hz  =>  113.1dB   23W 117.9dB @  45.3Hz + 5x100mm    32 mm 
   239.4l @  46.2Hz  =>  112.1dB   19W 117.9dB @  42.8Hz + 6x100mm    30 mm 
0.60 100.1dB --------------------------------------------------------------
    72.2l @  67.8Hz  =>  122.6dB  219W 117.6dB @  77.9Hz   1x100mm    42 mm 
    80.8l @  65.4Hz  =>  121.6dB  174W 117.6dB @  73.6Hz   1x100mm    30 mm 
    90.5l @  63.1Hz  =>  120.6dB  139W 117.6dB @  69.6Hz + 2x100mm    80 mm 
*  101.4l @  60.8Hz  =>  119.6dB  111W 117.6dB @  65.7Hz + 2x100mm    60 mm 
   113.5l @  58.7Hz  =>  118.6dB   88W 117.6dB @  62.1Hz + 2x100mm    43 mm 
   127.2l @  56.6Hz  =>  117.6dB   70W 117.6dB @  58.7Hz + 2x100mm    27 mm 
   142.4l @  54.6Hz  =>  116.6dB   56W 117.6dB @  55.5Hz + 3x100mm    49 mm 
1.00  99.8dB --------------------------------------------------------------
    84.0l @  64.6Hz  =>  121.2dB  171W 117.4dB @  72.2Hz   1x100mm    26 mm 
    94.0l @  62.3Hz  =>  120.3dB  136W 117.4dB @  68.3Hz + 2x100mm    73 mm 
   105.3l @  60.1Hz  =>  119.3dB  108W 117.4dB @  64.5Hz + 2x100mm    54 mm 
*  118.0l @  58.0Hz  =>  118.3dB   86W 117.4dB @  60.9Hz + 2x100mm    37 mm 
   132.1l @  55.9Hz  =>  117.3dB   69W 117.4dB @  57.6Hz + 2x100mm    22 mm 
   148.0l @  53.9Hz  =>  116.3dB   55W 117.4dB @  54.4Hz + 3x100mm    42 mm 
   165.7l @  52.0Hz  =>  115.3dB   44W 117.4dB @  51.4Hz + 3x100mm    24 mm 
-------------
285exc 10V                            101.0dB   70W                     1x100mm
Rpre   Spl         Vb      fb         SplMech Pmech  SplEle     f3       dv       lv

0.20 101.0dB --------------------------------------------------------------
    37.7l @  83.2Hz  =>  128.1dB  631W 118.5dB @ 107.2Hz   1x100mm   148 mm 
    42.2l @  80.2Hz  =>  127.1dB  503W 118.5dB @ 101.3Hz   1x100mm   124 mm 
    47.2l @  77.4Hz  =>  126.1dB  401W 118.5dB @  95.7Hz   1x100mm   103 mm 
*   52.9l @  74.6Hz  =>  125.1dB  320W 118.5dB @  90.4Hz   1x100mm    84 mm 
    59.3l @  71.9Hz  =>  124.2dB  255W 118.5dB @  85.4Hz   1x100mm    68 mm 
    66.4l @  69.4Hz  =>  123.2dB  203W 118.5dB @  80.7Hz   1x100mm    52 mm 
    74.3l @  66.9Hz  =>  122.2dB  162W 118.5dB @  76.3Hz   1x100mm    39 mm 
    83.2l @  64.5Hz  =>  121.2dB  129W 118.5dB @  72.1Hz   1x100mm    27 mm 
    93.2l @  62.2Hz  =>  120.2dB  103W 118.5dB @  68.1Hz + 2x100mm    75 mm 
   104.4l @  60.0Hz  =>  119.2dB   82W 118.5dB @  64.4Hz + 2x100mm    56 mm 
   116.9l @  57.9Hz  =>  118.2dB   65W 118.5dB @  60.8Hz + 2x100mm    39 mm 
   131.0l @  55.8Hz  =>  117.3dB   52W 118.5dB @  57.5Hz + 2x100mm    23 mm 
   146.7l @  53.8Hz  =>  116.3dB   42W 118.5dB @  54.3Hz + 3x100mm    44 mm 
   164.3l @  51.9Hz  =>  115.3dB   33W 118.5dB @  51.3Hz + 3x100mm    25 mm 
   184.0l @  50.1Hz  =>  114.3dB   26W 118.5dB @  48.5Hz + 4x100mm    35 mm 
   206.1l @  48.3Hz  =>  113.3dB   21W 118.5dB @  45.8Hz + 5x100mm    39 mm 
   230.8l @  46.6Hz  =>  112.3dB   17W 118.5dB @  43.3Hz + 6x100mm    38 mm 
0.60 100.7dB --------------------------------------------------------------
    44.2l @  79.0Hz  =>  126.7dB  484W 118.3dB @  98.9Hz   1x100mm   115 mm 
    49.5l @  76.2Hz  =>  125.7dB  386W 118.3dB @  93.4Hz   1x100mm    95 mm 
    55.5l @  73.5Hz  =>  124.7dB  308W 118.3dB @  88.3Hz   1x100mm    77 mm 
*   62.2l @  70.9Hz  =>  123.7dB  245W 118.3dB @  83.4Hz   1x100mm    61 mm 
    69.6l @  68.3Hz  =>  122.8dB  196W 118.3dB @  78.8Hz   1x100mm    47 mm 
    78.0l @  65.9Hz  =>  121.8dB  156W 118.3dB @  74.5Hz   1x100mm    34 mm 
    87.3l @  63.6Hz  =>  120.8dB  124W 118.3dB @  70.4Hz   1x100mm    22 mm 
1.00 100.5dB --------------------------------------------------------------
    51.5l @  75.2Hz  =>  125.4dB  377W 118.1dB @  91.6Hz   1x100mm    89 mm 
    57.7l @  72.6Hz  =>  124.4dB  301W 118.1dB @  86.6Hz   1x100mm    71 mm 
    64.6l @  70.0Hz  =>  123.4dB  240W 118.1dB @  81.8Hz   1x100mm    56 mm 
*   72.4l @  67.5Hz  =>  122.4dB  191W 118.1dB @  77.3Hz   1x100mm    42 mm 
    81.0l @  65.1Hz  =>  121.4dB  152W 118.1dB @  73.1Hz   1x100mm    30 mm 
    90.8l @  62.8Hz  =>  120.4dB  122W 118.1dB @  69.0Hz + 2x100mm    79 mm 
   101.7l @  60.5Hz  =>  119.5dB   97W 118.1dB @  65.2Hz + 2x100mm    60 mm 
-------------
285exc 11V                            101.0dB   70W                     1x100mm
Rpre   Spl         Vb      fb         SplMech Pmech  SplEle     f3       dv       lv

0.20 101.4dB --------------------------------------------------------------
    30.3l @  89.4Hz  =>  130.0dB  908W 118.9dB @ 119.9Hz   1x100mm   202 mm 
    33.9l @  86.2Hz  =>  129.1dB  724W 118.9dB @ 113.3Hz   1x100mm   172 mm 
    38.0l @  83.1Hz  =>  128.1dB  577W 118.9dB @ 107.0Hz   1x100mm   146 mm 
*   42.6l @  80.1Hz  =>  127.1dB  460W 118.9dB @ 101.1Hz   1x100mm   123 mm 
    47.7l @  77.3Hz  =>  126.1dB  367W 118.9dB @  95.6Hz   1x100mm   102 mm 
    53.4l @  74.5Hz  =>  125.1dB  292W 118.9dB @  90.3Hz   1x100mm    83 mm 
    59.8l @  71.9Hz  =>  124.1dB  233W 118.9dB @  85.3Hz   1x100mm    66 mm 
    67.0l @  69.3Hz  =>  123.1dB  186W 118.9dB @  80.6Hz   1x100mm    51 mm 
    75.0l @  66.9Hz  =>  122.2dB  148W 118.9dB @  76.2Hz   1x100mm    38 mm 
    84.0l @  64.5Hz  =>  121.2dB  118W 118.9dB @  72.0Hz   1x100mm    26 mm 
    94.1l @  62.2Hz  =>  120.2dB   94W 118.9dB @  68.0Hz + 2x100mm    73 mm 
   105.4l @  60.0Hz  =>  119.2dB   75W 118.9dB @  64.3Hz + 2x100mm    54 mm 
   118.0l @  57.8Hz  =>  118.2dB   60W 118.9dB @  60.7Hz + 2x100mm    37 mm 
   132.2l @  55.8Hz  =>  117.2dB   48W 118.9dB @  57.4Hz + 2x100mm    22 mm 
   148.1l @  53.8Hz  =>  116.3dB   38W 118.9dB @  54.2Hz + 3x100mm    42 mm 
   165.8l @  51.9Hz  =>  115.3dB   30W 118.9dB @  51.2Hz + 3x100mm    24 mm 
   185.7l @  50.0Hz  =>  114.3dB   24W 118.9dB @  48.4Hz + 4x100mm    33 mm 
   208.0l @  48.2Hz  =>  113.3dB   19W 118.9dB @  45.8Hz + 5x100mm    37 mm 
   233.0l @  46.5Hz  =>  112.3dB   15W 118.9dB @  43.2Hz + 6x100mm    36 mm 
0.60 101.1dB --------------------------------------------------------------
    35.6l @  84.9Hz  =>  128.6dB  697W 118.7dB @ 110.6Hz   1x100mm   161 mm 
    39.9l @  81.8Hz  =>  127.7dB  556W 118.7dB @ 104.5Hz   1x100mm   136 mm 
    44.6l @  78.9Hz  =>  126.7dB  443W 118.7dB @  98.8Hz   1x100mm   114 mm 
*   50.0l @  76.1Hz  =>  125.7dB  353W 118.7dB @  93.3Hz   1x100mm    94 mm 
    56.0l @  73.4Hz  =>  124.7dB  282W 118.7dB @  88.2Hz   1x100mm    76 mm 
    62.7l @  70.8Hz  =>  123.7dB  225W 118.7dB @  83.3Hz   1x100mm    60 mm 
    70.2l @  68.3Hz  =>  122.7dB  179W 118.7dB @  78.7Hz   1x100mm    46 mm 
1.00 100.9dB --------------------------------------------------------------
    41.4l @  80.8Hz  =>  127.3dB  544W 118.4dB @ 102.5Hz   1x100mm   128 mm 
    46.4l @  78.0Hz  =>  126.3dB  433W 118.4dB @  96.9Hz   1x100mm   106 mm 
    52.0l @  75.2Hz  =>  125.3dB  346W 118.4dB @  91.5Hz   1x100mm    87 mm 
*   58.2l @  72.5Hz  =>  124.4dB  275W 118.4dB @  86.5Hz   1x100mm    70 mm 
    65.2l @  69.9Hz  =>  123.4dB  220W 118.4dB @  81.7Hz   1x100mm    55 mm 
    73.0l @  67.4Hz  =>  122.4dB  175W 118.4dB @  77.2Hz   1x100mm    41 mm 
    81.8l @  65.0Hz  =>  121.4dB  140W 118.4dB @  73.0Hz   1x100mm    29 mm 
-------------
285exc 12V                            102.0dB   70W                     1x100mm
Rpre   Spl         Vb      fb         SplMech Pmech  SplEle     f3       dv       lv

0.20 101.9dB --------------------------------------------------------------
    21.1l @ 100.0Hz  =>  133.1dB 1630W 119.4dB @ 143.0Hz   1x100mm   321 mm 
    23.7l @  96.5Hz  =>  132.1dB 1299W 119.4dB @ 135.1Hz   1x100mm   279 mm 
    26.5l @  93.0Hz  =>  131.1dB 1036W 119.4dB @ 127.7Hz   1x100mm   241 mm 
*   29.7l @  89.7Hz  =>  130.1dB  826W 119.4dB @ 120.7Hz   1x100mm   207 mm 
    33.3l @  86.5Hz  =>  129.2dB  658W 119.4dB @ 114.0Hz   1x100mm   177 mm 
    37.3l @  83.5Hz  =>  128.2dB  525W 119.4dB @ 107.7Hz   1x100mm   150 mm 
    41.7l @  80.5Hz  =>  127.2dB  418W 119.4dB @ 101.8Hz   1x100mm   127 mm 
    46.7l @  77.6Hz  =>  126.2dB  333W 119.4dB @  96.2Hz   1x100mm   105 mm 
    52.4l @  74.9Hz  =>  125.2dB  266W 119.4dB @  90.9Hz   1x100mm    86 mm 
    58.6l @  72.2Hz  =>  124.2dB  212W 119.4dB @  85.9Hz   1x100mm    69 mm 
    65.7l @  69.6Hz  =>  123.3dB  169W 119.4dB @  81.2Hz   1x100mm    54 mm 
    73.6l @  67.1Hz  =>  122.3dB  135W 119.4dB @  76.7Hz   1x100mm    40 mm 
    82.4l @  64.7Hz  =>  121.3dB  107W 119.4dB @  72.5Hz   1x100mm    28 mm 
    92.3l @  62.4Hz  =>  120.3dB   86W 119.4dB @  68.5Hz + 2x100mm    76 mm 
   103.3l @  60.2Hz  =>  119.3dB   68W 119.4dB @  64.7Hz + 2x100mm    57 mm 
   115.7l @  58.1Hz  =>  118.3dB   54W 119.4dB @  61.1Hz + 2x100mm    40 mm 
   129.6l @  56.0Hz  =>  117.4dB   43W 119.4dB @  57.8Hz + 2x100mm    25 mm 
   145.2l @  54.0Hz  =>  116.4dB   35W 119.4dB @  54.6Hz + 3x100mm    45 mm 
   162.6l @  52.1Hz  =>  115.4dB   28W 119.4dB @  51.6Hz + 3x100mm    27 mm 
   182.1l @  50.2Hz  =>  114.4dB   22W 119.4dB @  48.7Hz + 4x100mm    37 mm 
   204.0l @  48.4Hz  =>  113.4dB   18W 119.4dB @  46.1Hz + 5x100mm    41 mm 
   228.5l @  46.7Hz  =>  112.4dB   14W 119.4dB @  43.5Hz + 6x100mm    40 mm 
0.60 101.6dB --------------------------------------------------------------
    24.9l @  95.0Hz  =>  131.7dB 1250W 119.2dB @ 131.9Hz   1x100mm   262 mm 
    27.8l @  91.6Hz  =>  130.7dB  996W 119.2dB @ 124.6Hz   1x100mm   226 mm 
    31.2l @  88.4Hz  =>  129.7dB  794W 119.2dB @ 117.8Hz   1x100mm   194 mm 
*   34.9l @  85.2Hz  =>  128.7dB  633W 119.2dB @ 111.3Hz   1x100mm   165 mm 
    39.1l @  82.2Hz  =>  127.8dB  505W 119.2dB @ 105.2Hz   1x100mm   140 mm 
    43.8l @  79.2Hz  =>  126.8dB  402W 119.2dB @  99.4Hz   1x100mm   117 mm 
    49.1l @  76.4Hz  =>  125.8dB  321W 119.2dB @  93.9Hz   1x100mm    97 mm 
1.00 101.4dB --------------------------------------------------------------
    29.0l @  90.5Hz  =>  130.4dB  973W 118.9dB @ 122.2Hz   1x100mm   215 mm 
    32.4l @  87.2Hz  =>  129.4dB  775W 118.9dB @ 115.5Hz   1x100mm   184 mm 
    36.3l @  84.1Hz  =>  128.4dB  618W 118.9dB @ 109.1Hz   1x100mm   156 mm 
*   40.7l @  81.1Hz  =>  127.4dB  493W 118.9dB @ 103.1Hz   1x100mm   132 mm 
    45.6l @  78.3Hz  =>  126.4dB  393W 118.9dB @  97.4Hz   1x100mm   110 mm 
    51.0l @  75.5Hz  =>  125.4dB  313W 118.9dB @  92.1Hz   1x100mm    90 mm 
    57.2l @  72.8Hz  =>  124.5dB  250W 118.9dB @  87.0Hz   1x100mm    73 mm 
-------------
400exc 7V                              94.0dB   70W                     2x100mm
Rpre   Spl         Vb      fb         SplMech Pmech  SplEle     f3       dv       lv

-------------
400exc 9V                              95.4dB   70W                     2x100mm
Rpre   Spl         Vb      fb         SplMech Pmech  SplEle     f3       dv       lv

0.20  93.6dB --------------------------------------------------------------
   448.8l @  24.8Hz  =>  109.7dB   51W 111.1dB @  24.8Hz   2x100mm    63 mm 
   502.6l @  24.0Hz  =>  108.8dB   41W 111.1dB @  23.4Hz   2x100mm    45 mm 
   562.9l @  23.1Hz  =>  107.8dB   32W 111.1dB @  22.1Hz   2x100mm    29 mm 
*  630.5l @  22.3Hz  =>  106.8dB   26W 111.1dB @  20.9Hz + 3x100mm    51 mm 
   706.2l @  21.5Hz  =>  105.8dB   21W 111.1dB @  19.7Hz + 3x100mm    32 mm 
   790.9l @  20.7Hz  =>  104.8dB   16W 111.1dB @  18.6Hz + 4x100mm    43 mm 
   885.8l @  20.0Hz  =>  103.8dB   13W 111.1dB @  17.6Hz + 4x100mm    23 mm 
   992.1l @  19.3Hz  =>  102.9dB   10W 111.1dB @  16.6Hz + 5x100mm    26 mm 
  1111.1l @  18.6Hz  =>  101.9dB    8W 111.1dB @  15.7Hz + 6x100mm    23 mm 
0.60  93.3dB --------------------------------------------------------------
   526.9l @  23.6Hz  =>  108.4dB   39W 110.9dB @  22.8Hz   2x100mm    38 mm 
   590.1l @  22.8Hz  =>  107.4dB   31W 110.9dB @  21.6Hz   2x100mm    23 mm 
   660.9l @  21.9Hz  =>  106.4dB   25W 110.9dB @  20.4Hz + 3x100mm    43 mm 
*  740.3l @  21.2Hz  =>  105.4dB   20W 110.9dB @  19.3Hz + 3x100mm    25 mm 
   829.1l @  20.4Hz  =>  104.4dB   16W 110.9dB @  18.2Hz + 4x100mm    34 mm 
   928.6l @  19.7Hz  =>  103.4dB   13W 110.9dB @  17.2Hz + 5x100mm    39 mm 
  1040.0l @  19.0Hz  =>  102.4dB   10W 110.9dB @  16.3Hz + 6x100mm    37 mm 
1.00  93.1dB --------------------------------------------------------------
   613.0l @  22.5Hz  =>  107.0dB   31W 110.6dB @  21.2Hz + 3x100mm    56 mm 
   686.6l @  21.7Hz  =>  106.1dB   24W 110.6dB @  20.0Hz + 3x100mm    37 mm 
   769.0l @  20.9Hz  =>  105.1dB   19W 110.6dB @  18.9Hz + 4x100mm    49 mm 
*  861.2l @  20.2Hz  =>  104.1dB   15W 110.6dB @  17.9Hz + 4x100mm    28 mm 
   964.6l @  19.4Hz  =>  103.1dB   12W 110.6dB @  16.9Hz + 5x100mm    31 mm 
  1080.3l @  18.8Hz  =>  102.1dB   10W 110.6dB @  16.0Hz + 6x100mm    29 mm 
-------------
400exc 11V                             96.8dB   70W                     2x100mm
Rpre   Spl         Vb      fb         SplMech Pmech  SplEle     f3       dv       lv

0.20  95.0dB --------------------------------------------------------------
   169.3l @  33.8Hz  =>  118.1dB  250W 112.5dB @  40.0Hz   2x100mm   337 mm 
   189.6l @  32.6Hz  =>  117.1dB  200W 112.5dB @  37.8Hz   2x100mm   290 mm 
   212.3l @  31.4Hz  =>  116.1dB  159W 112.5dB @  35.7Hz   2x100mm   248 mm 
*  237.8l @  30.3Hz  =>  115.1dB  127W 112.5dB @  33.7Hz   2x100mm   210 mm 
   266.3l @  29.2Hz  =>  114.1dB  101W 112.5dB @  31.9Hz   2x100mm   176 mm 
   298.3l @  28.2Hz  =>  113.2dB   81W 112.5dB @  30.1Hz   2x100mm   147 mm 
   334.1l @  27.2Hz  =>  112.2dB   64W 112.5dB @  28.5Hz   2x100mm   120 mm 
   374.2l @  26.2Hz  =>  111.2dB   51W 112.5dB @  26.9Hz   2x100mm    96 mm 
   419.1l @  25.3Hz  =>  110.2dB   41W 112.5dB @  25.4Hz   2x100mm    75 mm 
   469.4l @  24.4Hz  =>  109.2dB   33W 112.5dB @  24.0Hz   2x100mm    56 mm 
   525.7l @  23.5Hz  =>  108.2dB   26W 112.5dB @  22.7Hz   2x100mm    39 mm 
   588.8l @  22.7Hz  =>  107.3dB   21W 112.5dB @  21.4Hz   2x100mm    23 mm 
   659.4l @  21.9Hz  =>  106.3dB   16W 112.5dB @  20.3Hz + 3x100mm    43 mm 
   738.5l @  21.1Hz  =>  105.3dB   13W 112.5dB @  19.1Hz + 3x100mm    25 mm 
   827.2l @  20.3Hz  =>  104.3dB   10W 112.5dB @  18.1Hz + 4x100mm    35 mm 
   926.4l @  19.6Hz  =>  103.3dB    8W 112.5dB @  17.1Hz + 5x100mm    39 mm 
  1037.6l @  18.9Hz  =>  102.3dB    7W 112.5dB @  16.1Hz + 6x100mm    38 mm 
0.60  94.7dB --------------------------------------------------------------
   199.0l @  32.1Hz  =>  116.7dB  192W 112.3dB @  36.9Hz   2x100mm   271 mm 
   222.8l @  30.9Hz  =>  115.7dB  153W 112.3dB @  34.8Hz   2x100mm   231 mm 
   249.6l @  29.8Hz  =>  114.7dB  122W 112.3dB @  32.9Hz   2x100mm   195 mm 
*  279.5l @  28.8Hz  =>  113.7dB   97W 112.3dB @  31.1Hz   2x100mm   163 mm 
   313.1l @  27.7Hz  =>  112.7dB   78W 112.3dB @  29.4Hz   2x100mm   135 mm 
   350.6l @  26.7Hz  =>  111.8dB   62W 112.3dB @  27.8Hz   2x100mm   109 mm 
   392.7l @  25.8Hz  =>  110.8dB   49W 112.3dB @  26.3Hz   2x100mm    86 mm 
1.00  94.5dB --------------------------------------------------------------
   231.8l @  30.5Hz  =>  115.4dB  149W 112.1dB @  34.2Hz   2x100mm   218 mm 
   259.6l @  29.4Hz  =>  114.4dB  119W 112.1dB @  32.3Hz   2x100mm   184 mm 
   290.7l @  28.4Hz  =>  113.4dB   95W 112.1dB @  30.5Hz   2x100mm   153 mm 
*  325.6l @  27.4Hz  =>  112.4dB   76W 112.1dB @  28.8Hz   2x100mm   126 mm 
   364.7l @  26.4Hz  =>  111.4dB   60W 112.1dB @  27.2Hz   2x100mm   101 mm 
   408.4l @  25.5Hz  =>  110.4dB   48W 112.1dB @  25.7Hz   2x100mm    79 mm 
   457.4l @  24.6Hz  =>  109.4dB   38W 112.1dB @  24.3Hz   2x100mm    60 mm 
-------------
400exc 13V                             98.1dB   70W                     2x100mm
Rpre   Spl         Vb      fb         SplMech Pmech  SplEle     f3       dv       lv

0.20  96.2dB --------------------------------------------------------------
    79.7l @  43.1Hz  =>  124.7dB  872W 113.8dB @  58.6Hz - 1x100mm   397 mm 
    89.3l @  41.6Hz  =>  123.7dB  695W 113.8dB @  55.4Hz - 1x100mm   346 mm 
   100.0l @  40.1Hz  =>  122.8dB  554W 113.8dB @  52.3Hz   2x100mm   642 mm 
*  112.0l @  38.7Hz  =>  121.8dB  442W 113.8dB @  49.4Hz   2x100mm   562 mm 
   125.4l @  37.3Hz  =>  120.8dB  352W 113.8dB @  46.7Hz   2x100mm   491 mm 
   140.5l @  36.0Hz  =>  119.8dB  281W 113.8dB @  44.1Hz   2x100mm   427 mm 
   157.3l @  34.7Hz  =>  118.8dB  224W 113.8dB @  41.7Hz   2x100mm   370 mm 
   176.2l @  33.5Hz  =>  117.8dB  178W 113.8dB @  39.4Hz   2x100mm   319 mm 
   197.3l @  32.3Hz  =>  116.8dB  142W 113.8dB @  37.2Hz   2x100mm   274 mm 
   221.0l @  31.1Hz  =>  115.9dB  113W 113.8dB @  35.2Hz   2x100mm   234 mm 
   247.5l @  30.0Hz  =>  114.9dB   90W 113.8dB @  33.3Hz   2x100mm   198 mm 
   277.2l @  28.9Hz  =>  113.9dB   72W 113.8dB @  31.4Hz   2x100mm   165 mm 
   310.5l @  27.9Hz  =>  112.9dB   57W 113.8dB @  29.7Hz   2x100mm   137 mm 
   347.8l @  26.9Hz  =>  111.9dB   46W 113.8dB @  28.1Hz   2x100mm   111 mm 
   389.5l @  26.0Hz  =>  110.9dB   36W 113.8dB @  26.5Hz   2x100mm    88 mm 
   436.2l @  25.0Hz  =>  110.0dB   29W 113.8dB @  25.1Hz   2x100mm    68 mm 
   488.6l @  24.1Hz  =>  109.0dB   23W 113.8dB @  23.7Hz   2x100mm    49 mm 
   547.2l @  23.3Hz  =>  108.0dB   18W 113.8dB @  22.4Hz   2x100mm    33 mm 
   612.9l @  22.5Hz  =>  107.0dB   15W 113.8dB @  21.1Hz + 3x100mm    56 mm 
   686.4l @  21.7Hz  =>  106.0dB   12W 113.8dB @  20.0Hz + 3x100mm    37 mm 
   768.8l @  20.9Hz  =>  105.0dB    9W 113.8dB @  18.9Hz + 4x100mm    49 mm 
   861.1l @  20.1Hz  =>  104.0dB    7W 113.8dB @  17.8Hz + 4x100mm    28 mm 
   964.4l @  19.4Hz  =>  103.1dB    6W 113.8dB @  16.8Hz + 5x100mm    31 mm 
  1080.1l @  18.7Hz  =>  102.1dB    5W 113.8dB @  15.9Hz + 6x100mm    29 mm 
0.60  96.0dB --------------------------------------------------------------
    93.7l @  40.9Hz  =>  123.3dB  668W 113.5dB @  54.0Hz   2x100mm   691 mm 
   105.0l @  39.5Hz  =>  122.3dB  532W 113.5dB @  51.1Hz   2x100mm   606 mm 
   117.6l @  38.1Hz  =>  121.3dB  424W 113.5dB @  48.2Hz   2x100mm   530 mm 
*  131.7l @  36.7Hz  =>  120.4dB  338W 113.5dB @  45.6Hz   2x100mm   462 mm 
   147.5l @  35.4Hz  =>  119.4dB  270W 113.5dB @  43.1Hz   2x100mm   402 mm 
   165.2l @  34.2Hz  =>  118.4dB  215W 113.5dB @  40.7Hz   2x100mm   348 mm 
   185.0l @  32.9Hz  =>  117.4dB  171W 113.5dB @  38.5Hz   2x100mm   299 mm 
1.00  95.7dB --------------------------------------------------------------
   109.3l @  39.0Hz  =>  122.0dB  519W 113.3dB @  50.1Hz   2x100mm   578 mm 
   122.4l @  37.6Hz  =>  121.0dB  414W 113.3dB @  47.3Hz   2x100mm   505 mm 
   137.1l @  36.3Hz  =>  120.0dB  330W 113.3dB @  44.7Hz   2x100mm   440 mm 
*  153.5l @  35.0Hz  =>  119.0dB  263W 113.3dB @  42.2Hz   2x100mm   382 mm 
   171.9l @  33.7Hz  =>  118.0dB  210W 113.3dB @  39.9Hz   2x100mm   330 mm 
   192.5l @  32.5Hz  =>  117.1dB  167W 113.3dB @  37.7Hz   2x100mm   284 mm 
   215.7l @  31.4Hz  =>  116.1dB  133W 113.3dB @  35.6Hz   2x100mm   242 mm 
-------------
400exc 14V                             98.7dB   70W                     2x100mm
Rpre   Spl         Vb      fb         SplMech Pmech  SplEle     f3       dv       lv

0.20  96.7dB --------------------------------------------------------------
    60.3l @  47.2Hz  =>  127.2dB 1380W 114.2dB @  67.4Hz - 1x100mm   548 mm 
    67.6l @  45.5Hz  =>  126.2dB 1100W 114.2dB @  63.7Hz - 1x100mm   481 mm 
    75.7l @  43.9Hz  =>  125.2dB  877W 114.2dB @  60.2Hz - 1x100mm   422 mm 
*   84.8l @  42.3Hz  =>  124.2dB  699W 114.2dB @  56.9Hz - 1x100mm   369 mm 
    94.9l @  40.8Hz  =>  123.2dB  557W 114.2dB @  53.8Hz   2x100mm   681 mm 
   106.3l @  39.4Hz  =>  122.2dB  444W 114.2dB @  50.8Hz   2x100mm   597 mm 
   119.1l @  38.0Hz  =>  121.3dB  354W 114.2dB @  48.0Hz   2x100mm   522 mm 
   133.4l @  36.6Hz  =>  120.3dB  282W 114.2dB @  45.4Hz   2x100mm   455 mm 
   149.4l @  35.3Hz  =>  119.3dB  225W 114.2dB @  42.9Hz   2x100mm   395 mm 
   167.3l @  34.0Hz  =>  118.3dB  179W 114.2dB @  40.5Hz   2x100mm   342 mm 
   187.4l @  32.8Hz  =>  117.3dB  143W 114.2dB @  38.3Hz   2x100mm   294 mm 
   209.8l @  31.7Hz  =>  116.3dB  114W 114.2dB @  36.2Hz   2x100mm   252 mm 
   235.0l @  30.5Hz  =>  115.3dB   91W 114.2dB @  34.2Hz   2x100mm   214 mm 
   263.2l @  29.4Hz  =>  114.4dB   72W 114.2dB @  32.3Hz   2x100mm   180 mm 
   294.8l @  28.4Hz  =>  113.4dB   58W 114.2dB @  30.5Hz   2x100mm   149 mm 
   330.2l @  27.4Hz  =>  112.4dB   46W 114.2dB @  28.8Hz   2x100mm   122 mm 
   369.8l @  26.4Hz  =>  111.4dB   37W 114.2dB @  27.2Hz   2x100mm    98 mm 
   414.2l @  25.5Hz  =>  110.4dB   29W 114.2dB @  25.7Hz   2x100mm    77 mm 
   463.9l @  24.6Hz  =>  109.4dB   23W 114.2dB @  24.3Hz   2x100mm    57 mm 
   519.6l @  23.7Hz  =>  108.5dB   19W 114.2dB @  23.0Hz   2x100mm    40 mm 
   581.9l @  22.8Hz  =>  107.5dB   15W 114.2dB @  21.7Hz   2x100mm    25 mm 
   651.7l @  22.0Hz  =>  106.5dB   12W 114.2dB @  20.5Hz + 3x100mm    45 mm 
   730.0l @  21.2Hz  =>  105.5dB    9W 114.2dB @  19.4Hz + 3x100mm    27 mm 
   817.5l @  20.5Hz  =>  104.5dB    8W 114.2dB @  18.3Hz + 4x100mm    37 mm 
   915.7l @  19.8Hz  =>  103.5dB    6W 114.2dB @  17.3Hz + 5x100mm    41 mm 
  1025.5l @  19.1Hz  =>  102.6dB    5W 114.2dB @  16.4Hz + 6x100mm    40 mm 
0.60  96.4dB --------------------------------------------------------------
    71.0l @  44.8Hz  =>  125.7dB 1056W 114.0dB @  62.2Hz - 1x100mm   454 mm 
    79.5l @  43.2Hz  =>  124.8dB  842W 114.0dB @  58.7Hz - 1x100mm   398 mm 
    89.0l @  41.7Hz  =>  123.8dB  671W 114.0dB @  55.5Hz - 1x100mm   347 mm 
*   99.7l @  40.2Hz  =>  122.8dB  535W 114.0dB @  52.5Hz   2x100mm   644 mm 
   111.7l @  38.7Hz  =>  121.8dB  427W 114.0dB @  49.6Hz   2x100mm   564 mm 
   125.1l @  37.4Hz  =>  120.8dB  340W 114.0dB @  46.8Hz   2x100mm   492 mm 
   140.1l @  36.0Hz  =>  119.8dB  271W 114.0dB @  44.3Hz   2x100mm   428 mm 
1.00  96.2dB --------------------------------------------------------------
    82.8l @  42.6Hz  =>  124.4dB  821W 113.7dB @  57.6Hz - 1x100mm   379 mm 
    92.7l @  41.1Hz  =>  123.4dB  654W 113.7dB @  54.4Hz - 1x100mm   331 mm 
   103.8l @  39.7Hz  =>  122.4dB  522W 113.7dB @  51.4Hz   2x100mm   614 mm 
*  116.3l @  38.2Hz  =>  121.5dB  416W 113.7dB @  48.6Hz   2x100mm   537 mm 
   130.2l @  36.9Hz  =>  120.5dB  332W 113.7dB @  45.9Hz   2x100mm   469 mm 
   145.8l @  35.6Hz  =>  119.5dB  264W 113.7dB @  43.4Hz   2x100mm   407 mm 
   163.3l @  34.3Hz  =>  118.5dB  211W 113.7dB @  41.0Hz   2x100mm   353 mm 
-------------
400exc 15V                             99.1dB   70W                     2x100mm
Rpre   Spl         Vb      fb         SplMech Pmech  SplEle     f3       dv       lv

0.20  97.0dB --------------------------------------------------------------
    51.0l @  49.4Hz  =>  128.4dB 1725W 114.5dB @  72.5Hz - 1x100mm   662 mm 
    57.1l @  47.7Hz  =>  127.4dB 1375W 114.5dB @  68.5Hz - 1x100mm   583 mm 
*   63.9l @  46.0Hz  =>  126.5dB 1096W 114.5dB @  64.8Hz - 1x100mm   513 mm 
    71.6l @  44.3Hz  =>  125.5dB  874W 114.5dB @  61.2Hz - 1x100mm   450 mm 
    80.2l @  42.8Hz  =>  124.5dB  697W 114.5dB @  57.8Hz - 1x100mm   394 mm 
    89.8l @  41.2Hz  =>  123.5dB  555W 114.5dB @  54.6Hz - 1x100mm   344 mm 
   100.6l @  39.8Hz  =>  122.5dB  443W 114.5dB @  51.6Hz   2x100mm   637 mm 
   112.7l @  38.3Hz  =>  121.5dB  353W 114.5dB @  48.8Hz   2x100mm   558 mm 
   126.2l @  37.0Hz  =>  120.5dB  281W 114.5dB @  46.1Hz   2x100mm   487 mm 
   141.4l @  35.7Hz  =>  119.6dB  224W 114.5dB @  43.6Hz   2x100mm   424 mm 
   158.3l @  34.4Hz  =>  118.6dB  179W 114.5dB @  41.2Hz   2x100mm   367 mm 
   177.3l @  33.2Hz  =>  117.6dB  143W 114.5dB @  38.9Hz   2x100mm   317 mm 
   198.6l @  32.0Hz  =>  116.6dB  114W 114.5dB @  36.7Hz   2x100mm   272 mm 
   222.4l @  30.8Hz  =>  115.6dB   91W 114.5dB @  34.7Hz   2x100mm   232 mm 
   249.1l @  29.7Hz  =>  114.6dB   72W 114.5dB @  32.8Hz   2x100mm   196 mm 
   279.0l @  28.7Hz  =>  113.7dB   58W 114.5dB @  31.0Hz   2x100mm   164 mm 
   312.5l @  27.7Hz  =>  112.7dB   46W 114.5dB @  29.3Hz   2x100mm   135 mm 
   350.0l @  26.7Hz  =>  111.7dB   37W 114.5dB @  27.7Hz   2x100mm   110 mm 
   392.0l @  25.7Hz  =>  110.7dB   29W 114.5dB @  26.2Hz   2x100mm    87 mm 
   439.0l @  24.8Hz  =>  109.7dB   23W 114.5dB @  24.7Hz   2x100mm    66 mm 
   491.7l @  23.9Hz  =>  108.7dB   19W 114.5dB @  23.4Hz   2x100mm    48 mm 
   550.7l @  23.1Hz  =>  107.8dB   15W 114.5dB @  22.1Hz   2x100mm    32 mm 
   616.8l @  22.3Hz  =>  106.8dB   12W 114.5dB @  20.8Hz + 3x100mm    55 mm 
   690.8l @  21.5Hz  =>  105.8dB    9W 114.5dB @  19.7Hz + 3x100mm    36 mm 
   773.7l @  20.7Hz  =>  104.8dB    7W 114.5dB @  18.6Hz + 4x100mm    47 mm 
   866.6l @  20.0Hz  =>  103.8dB    6W 114.5dB @  17.6Hz + 4x100mm    27 mm 
   970.6l @  19.3Hz  =>  102.8dB    5W 114.5dB @  16.6Hz + 5x100mm    30 mm 
  1087.1l @  18.6Hz  =>  101.8dB    4W 114.5dB @  15.7Hz + 6x100mm    28 mm 
0.60  96.7dB --------------------------------------------------------------
    53.6l @  48.7Hz  =>  128.0dB 1656W 114.3dB @  70.8Hz - 1x100mm   626 mm 
    60.0l @  46.9Hz  =>  127.0dB 1320W 114.3dB @  66.9Hz - 1x100mm   551 mm 
    67.2l @  45.2Hz  =>  126.0dB 1052W 114.3dB @  63.2Hz - 1x100mm   484 mm 
*   75.2l @  43.6Hz  =>  125.0dB  839W 114.3dB @  59.7Hz - 1x100mm   425 mm 
    84.3l @  42.1Hz  =>  124.1dB  669W 114.3dB @  56.4Hz - 1x100mm   371 mm 
    94.4l @  40.6Hz  =>  123.1dB  533W 114.3dB @  53.3Hz   2x100mm   686 mm 
   105.7l @  39.1Hz  =>  122.1dB  425W 114.3dB @  50.4Hz   2x100mm   601 mm 
1.00  96.5dB --------------------------------------------------------------
    62.4l @  46.3Hz  =>  126.7dB 1287W 114.0dB @  65.5Hz - 1x100mm   527 mm 
    69.9l @  44.7Hz  =>  125.7dB 1026W 114.0dB @  61.9Hz - 1x100mm   462 mm 
    78.3l @  43.1Hz  =>  124.7dB  818W 114.0dB @  58.5Hz - 1x100mm   405 mm 
*   87.7l @  41.5Hz  =>  123.7dB  652W 114.0dB @  55.3Hz - 1x100mm   354 mm 
    98.3l @  40.1Hz  =>  122.7dB  520W 114.0dB @  52.2Hz   2x100mm   655 mm 
   110.1l @  38.6Hz  =>  121.7dB  414W 114.0dB @  49.4Hz   2x100mm   573 mm 
   123.3l @  37.3Hz  =>  120.8dB  330W 114.0dB @  46.6Hz   2x100mm   501 mm 
