-------------
135 LB
            95.0dB            35W       1x50mm
   fu     fb      fo      SplMech  Vb1     Vb2       d         l        C
 60.5Hz 126Hz  262Hz   96.9dB   10l +   2l  + 1x40mm   1057mm
 66.3Hz 133Hz  267Hz   98.5dB    8l +   2l  + 1x40mm    942mm
 72.7Hz 141Hz  274Hz  100.1dB    7l +   2l  + 1x40mm    839mm
 79.6Hz 149Hz  281Hz  101.7dB    6l +   2l  - 1x40mm    748mm
 60.5Hz 147Hz  262Hz   96.9dB    6l +   2l  + 1x40mm   1057mm
 66.3Hz 155Hz  267Hz   98.5dB    5l +   2l  + 1x40mm    942mm
 72.7Hz 165Hz  274Hz  100.1dB    4l +   2l  + 1x40mm    839mm
 79.6Hz 174Hz  281Hz  101.7dB    4l +   2l  - 1x40mm    748mm
 72.5Hz 176Hz  427Hz  100.1dB    4l +   1l  + 1x40mm   1057mm
 80.0Hz 186Hz  435Hz  101.8dB    3l +   1l  + 1x40mm    942mm
-------------
165 LB
            95.0dB            35W       1x70mm
   fu     fb      fo      SplMech  Vb1     Vb2       d         l        C
 33.2Hz  69Hz  144Hz   92.1dB  254l +  14l  * 1x40mm    550mm
 36.5Hz  73Hz  147Hz   93.7dB  136l +  14l  - 1x50mm    767mm
 40.0Hz  78Hz  150Hz   95.3dB   90l +  14l  - 1x50mm    683mm
 43.7Hz  82Hz  154Hz   96.9dB   65l +  14l  - 1x50mm    609mm
 47.8Hz  87Hz  158Hz   98.5dB   50l +  14l  - 1x50mm    543mm
 52.2Hz  92Hz  163Hz  100.0dB   39l +  14l  - 1x50mm    484mm
 56.9Hz  98Hz  167Hz  101.5dB   32l +  14l  - 1x50mm    431mm
 62.0Hz 103Hz  172Hz  103.0dB   26l +  14l    1x70mm    753mm
 67.4Hz 110Hz  178Hz  104.4dB   22l +  14l    1x70mm    671mm
 73.2Hz 116Hz  184Hz  105.9dB   18l +  14l    1x70mm    598mm
 79.5Hz 123Hz  190Hz  107.3dB   16l +  14l    1x70mm    533mm
 33.2Hz  81Hz  144Hz   92.1dB   72l +  11l  * 1x40mm    550mm
 36.5Hz  85Hz  147Hz   93.7dB   54l +  11l  - 1x50mm    766mm
 40.0Hz  90Hz  150Hz   95.3dB   42l +  11l  - 1x50mm    683mm
 43.7Hz  96Hz  154Hz   96.9dB   34l +  11l  - 1x50mm    609mm
 47.8Hz 101Hz  158Hz   98.5dB   28l +  11l  - 1x50mm    543mm
 52.2Hz 107Hz  163Hz  100.0dB   23l +  11l  - 1x50mm    484mm
 56.9Hz 114Hz  167Hz  101.5dB   19l +  11l  - 1x50mm    431mm
 62.0Hz 121Hz  172Hz  103.0dB   16l +  11l    1x70mm    753mm
 67.4Hz 128Hz  178Hz  104.4dB   14l +  11l    1x70mm    671mm
 73.2Hz 135Hz  184Hz  105.9dB   12l +  11l    1x70mm    598mm
 79.5Hz 143Hz  190Hz  107.3dB   10l +  11l    1x70mm    533mm
 39.9Hz  97Hz  235Hz   95.3dB   33l +   7l  * 1x40mm    550mm
 44.0Hz 102Hz  239Hz   97.0dB   27l +   7l  - 1x50mm    767mm
 48.4Hz 109Hz  243Hz   98.7dB   22l +   7l  - 1x50mm    683mm
 53.3Hz 115Hz  248Hz  100.3dB   19l +   7l  - 1x50mm    609mm
 58.5Hz 122Hz  253Hz  102.0dB   16l +   7l  - 1x50mm    543mm
 64.2Hz 129Hz  259Hz  103.6dB   14l +   7l  - 1x50mm    484mm
 70.4Hz 137Hz  265Hz  105.2dB   12l +   7l  - 1x50mm    431mm
 77.0Hz 145Hz  272Hz  106.7dB   10l +   7l    1x70mm    753mm
 84.2Hz 153Hz  279Hz  108.3dB    9l +   7l    1x70mm    671mm
-------------
165 GMF
            96.0dB            35W       1x70mm
   fu     fb      fo      SplMech  Vb1     Vb2       d         l        C
 34.1Hz  71Hz  147Hz   92.6dB  175l +  13l  * 1x40mm    578mm
 37.4Hz  75Hz  151Hz   94.2dB  106l +  13l  * 1x40mm    515mm
 41.0Hz  80Hz  154Hz   95.8dB   73l +  13l  - 1x50mm    717mm
 44.9Hz  84Hz  158Hz   97.4dB   54l +  13l  - 1x50mm    639mm
 49.1Hz  89Hz  162Hz   98.9dB   42l +  13l  - 1x50mm    570mm
 53.6Hz  95Hz  167Hz  100.4dB   34l +  13l  - 1x50mm    508mm
 58.4Hz 100Hz  172Hz  101.9dB   28l +  13l  - 1x50mm    453mm
 63.6Hz 106Hz  177Hz  103.4dB   23l +  13l    1x70mm    791mm
 69.2Hz 112Hz  183Hz  104.9dB   19l +  13l    1x70mm    705mm
 75.2Hz 119Hz  189Hz  106.3dB   16l +  13l    1x70mm    628mm
 81.6Hz 126Hz  195Hz  107.7dB   14l +  13l    1x70mm    560mm
 34.1Hz  83Hz  147Hz   92.6dB   60l +  10l  * 1x40mm    578mm
 37.4Hz  88Hz  151Hz   94.2dB   46l +  10l  * 1x40mm    515mm
 41.0Hz  93Hz  154Hz   95.8dB   36l +  10l  - 1x50mm    717mm
 44.9Hz  98Hz  158Hz   97.4dB   29l +  10l  - 1x50mm    639mm
 49.1Hz 104Hz  162Hz   98.9dB   24l +  10l  - 1x50mm    570mm
 53.6Hz 110Hz  167Hz  100.4dB   20l +  10l  - 1x50mm    508mm
 58.4Hz 117Hz  172Hz  101.9dB   17l +  10l  - 1x50mm    453mm
 63.6Hz 124Hz  177Hz  103.4dB   15l +  10l    1x70mm    791mm
 69.2Hz 131Hz  183Hz  104.9dB   13l +  10l    1x70mm    705mm
 75.2Hz 139Hz  189Hz  106.3dB   11l +  10l    1x70mm    628mm
 81.6Hz 147Hz  195Hz  107.7dB    9l +  10l    1x70mm    560mm
 40.9Hz  99Hz  241Hz   95.8dB   28l +   7l  * 1x40mm    578mm
 45.1Hz 105Hz  245Hz   97.4dB   24l +   7l  * 1x40mm    515mm
 49.7Hz 111Hz  250Hz   99.1dB   20l +   7l  - 1x50mm    717mm
 54.7Hz 118Hz  255Hz  100.8dB   17l +   7l  - 1x50mm    639mm
 60.1Hz 125Hz  260Hz  102.4dB   14l +   7l  - 1x50mm    570mm
 65.9Hz 132Hz  266Hz  104.0dB   12l +   7l  - 1x50mm    508mm
 72.2Hz 140Hz  272Hz  105.6dB   11l +   7l  - 1x50mm    453mm
 79.1Hz 149Hz  279Hz  107.2dB    9l +   7l    1x70mm    791mm
-------------
215 RTF 64
            97.0dB            35W      1x100mm
   fu     fb      fo      SplMech  Vb1     Vb2       d         l        C
 35.9Hz  63Hz  112Hz   94.0dB  675l +  51l  - 1x70mm    566mm
 39.2Hz  67Hz  115Hz   95.5dB  314l +  51l  - 1x70mm    505mm
 42.7Hz  71Hz  119Hz   97.0dB  196l +  51l  - 1x70mm    450mm
 46.4Hz  75Hz  123Hz   98.5dB  138l +  51l  - 1x70mm    401mm
 50.4Hz  80Hz  127Hz   99.9dB  104l +  51l    1x100mm   729mm
 54.7Hz  85Hz  131Hz  101.3dB   81l +  51l    1x100mm   650mm
 59.3Hz  90Hz  135Hz  102.7dB   65l +  51l    1x100mm   579mm
 64.2Hz  93Hz  140Hz  104.1dB   58l +  51l    1x100mm   542mm
 69.5Hz 101Hz  146Hz  105.5dB   44l +  51l    1x100mm   460mm
 75.1Hz 107Hz  151Hz  106.8dB   37l +  51l    1x100mm   410mm
 81.0Hz 113Hz  157Hz  108.2dB   32l +  51l    1x100mm   365mm
 27.5Hz  62Hz  104Hz   89.4dB 1026l +  37l  - 1x70mm    800mm
 30.1Hz  66Hz  106Hz   91.0dB  382l +  37l  - 1x70mm    713mm
 32.9Hz  70Hz  109Hz   92.5dB  224l +  37l  - 1x70mm    635mm
 35.9Hz  74Hz  112Hz   94.0dB  153l +  37l  - 1x70mm    566mm
 39.2Hz  78Hz  115Hz   95.5dB  113l +  37l  - 1x70mm    505mm
 42.7Hz  83Hz  119Hz   97.0dB   87l +  37l  - 1x70mm    450mm
 46.4Hz  88Hz  123Hz   98.5dB   70l +  37l  - 1x70mm    401mm
 50.4Hz  93Hz  127Hz   99.9dB   57l +  37l    1x100mm   729mm
 54.7Hz  99Hz  131Hz  101.3dB   47l +  37l    1x100mm   650mm
 59.3Hz  90Hz  135Hz  102.7dB   65l +  37l    1x100mm   788mm
 64.2Hz  93Hz  140Hz  104.1dB   58l +  37l    1x100mm   738mm
 69.5Hz 101Hz  146Hz  105.5dB   44l +  37l    1x100mm   626mm
 64.5Hz 107Hz  151Hz  104.2dB   37l +  37l    1x100mm   558mm
 70.5Hz 113Hz  157Hz  105.7dB   32l +  37l    1x100mm   497mm
 27.5Hz  67Hz  162Hz   89.3dB  343l +  26l  * 1x50mm    514mm
 30.3Hz  71Hz  164Hz   91.0dB  209l +  26l  * 1x50mm    458mm
 33.3Hz  75Hz  168Hz   92.7dB  145l +  26l  - 1x70mm    800mm
 36.7Hz  79Hz  171Hz   94.4dB  108l +  26l  - 1x70mm    713mm
 40.3Hz  84Hz  175Hz   96.0dB   84l +  26l  - 1x70mm    635mm
 44.2Hz  89Hz  178Hz   97.6dB   67l +  26l  - 1x70mm    566mm
 48.5Hz  94Hz  183Hz   99.2dB   55l +  26l  - 1x70mm    505mm
 53.1Hz 100Hz  187Hz  100.8dB   45l +  26l  - 1x70mm    450mm
 58.0Hz 106Hz  192Hz  102.3dB   38l +  26l  - 1x70mm    401mm
 63.3Hz 112Hz  198Hz  103.9dB   32l +  26l    1x100mm   729mm
 69.1Hz 118Hz  203Hz  105.4dB   28l +  26l    1x100mm   650mm
 75.2Hz 125Hz  209Hz  106.9dB   24l +  26l    1x100mm   579mm
 81.8Hz 133Hz  216Hz  108.3dB   20l +  26l    1x100mm   516mm
-------------
215 RTF 64 bic
            96.0dB            35W      1x100mm
   fu     fb      fo      SplMech  Vb1     Vb2       d         l        C
 29.5Hz  54Hz   98Hz   90.6dB 1194l +  45l  * 1x50mm    460mm
 32.2Hz  57Hz  100Hz   92.1dB  390l +  45l  * 1x50mm    410mm
 35.1Hz  60Hz  103Hz   93.6dB  222l +  45l  - 1x70mm    717mm
 38.2Hz  64Hz  106Hz   95.1dB  150l +  45l  - 1x70mm    639mm
 41.5Hz  67Hz  110Hz   96.5dB  110l +  45l  - 1x70mm    569mm
 45.1Hz  71Hz  113Hz   98.0dB   84l +  45l  - 1x70mm    507mm
 49.0Hz  76Hz  117Hz   99.4dB   67l +  45l  - 1x70mm    452mm
 53.1Hz  80Hz  121Hz  100.8dB   54l +  45l  - 1x70mm    403mm
 57.5Hz  83Hz  126Hz  102.2dB   49l +  45l    1x100mm   770mm
 62.2Hz  90Hz  130Hz  103.5dB   38l +  45l    1x100mm   653mm
 67.2Hz  95Hz  135Hz  104.9dB   32l +  45l    1x100mm   582mm
 72.5Hz 101Hz  141Hz  106.2dB   27l +  45l    1x100mm   519mm
 78.2Hz 107Hz  146Hz  107.5dB   23l +  45l    1x100mm   463mm
 22.5Hz  53Hz   91Hz   85.9dB 3101l +  33l  * 1x50mm    650mm
 24.6Hz  56Hz   93Hz   87.5dB  503l +  33l  * 1x50mm    579mm
 26.9Hz  59Hz   95Hz   89.0dB  259l +  33l  * 1x50mm    517mm
 29.5Hz  63Hz   98Hz   90.6dB  168l +  33l  * 1x50mm    460mm
 32.2Hz  66Hz  100Hz   92.1dB  120l +  33l  * 1x50mm    410mm
 35.1Hz  70Hz  103Hz   93.6dB   91l +  33l  - 1x70mm    717mm
 38.2Hz  74Hz  106Hz   95.1dB   72l +  33l  - 1x70mm    639mm
 41.5Hz  79Hz  110Hz   96.5dB   58l +  33l  - 1x70mm    569mm
 45.1Hz  83Hz  113Hz   98.0dB   48l +  33l  - 1x70mm    507mm
 49.0Hz  88Hz  117Hz   99.4dB   40l +  33l  - 1x70mm    452mm
 53.1Hz  80Hz  121Hz  100.8dB   54l +  33l  - 1x70mm    549mm
 57.5Hz  83Hz  126Hz  102.2dB   49l +  33l  - 1x70mm    514mm
 62.2Hz  90Hz  130Hz  103.5dB   38l +  33l  - 1x70mm    436mm
 57.7Hz  95Hz  135Hz  102.3dB   32l +  33l    1x100mm   793mm
 63.1Hz 101Hz  141Hz  103.8dB   27l +  33l    1x100mm   706mm
 78.2Hz 107Hz  146Hz  107.5dB   23l +  33l    1x100mm   630mm
 24.6Hz  60Hz  145Hz   87.4dB  239l +  23l  * 1x50mm    730mm
 27.1Hz  63Hz  147Hz   89.1dB  158l +  23l  * 1x50mm    650mm
 29.8Hz  67Hz  150Hz   90.8dB  115l +  23l  * 1x50mm    580mm
 32.8Hz  71Hz  153Hz   92.5dB   88l +  23l  * 1x50mm    517mm
 36.1Hz  75Hz  156Hz   94.1dB   69l +  23l  * 1x50mm    460mm
 39.6Hz  79Hz  160Hz   95.7dB   56l +  23l  * 1x50mm    410mm
 43.4Hz  84Hz  163Hz   97.3dB   46l +  23l  - 1x70mm    717mm
 47.5Hz  89Hz  168Hz   98.9dB   39l +  23l  - 1x70mm    639mm
 51.9Hz  94Hz  172Hz  100.4dB   33l +  23l  - 1x70mm    569mm
 56.7Hz 100Hz  177Hz  101.9dB   28l +  23l  - 1x70mm    507mm
 61.8Hz 106Hz  182Hz  103.4dB   24l +  23l  - 1x70mm    452mm
 67.3Hz 112Hz  187Hz  104.9dB   20l +  23l  - 1x70mm    403mm
 73.2Hz 119Hz  193Hz  106.4dB   18l +  23l    1x100mm   733mm
 79.5Hz 126Hz  200Hz  107.8dB   15l +  23l    1x100mm   653mm
-------------
215 sig
            94.0dB            35W      1x100mm
   fu     fb      fo      SplMech  Vb1     Vb2       d         l        C
 33.8Hz  51Hz   77Hz   99.0dB 1986l + 115l    1x100mm   785mm
 36.6Hz  53Hz   80Hz  100.4dB  749l + 115l    1x100mm   735mm
 39.6Hz  57Hz   83Hz  101.7dB  272l + 115l    1x100mm   624mm
 42.8Hz  61Hz   86Hz  103.1dB  180l + 115l    1x100mm   556mm
 46.2Hz  64Hz   90Hz  104.4dB  130l + 115l    1x100mm   495mm
 49.8Hz  68Hz   93Hz  105.7dB   99l + 115l    1x100mm   441mm
 26.4Hz  50Hz   70Hz   94.7dB 17592l +  85l  - 1x70mm    543mm
 28.7Hz  53Hz   72Hz   96.2dB  667l +  85l  - 1x70mm    484mm
 31.2Hz  56Hz   75Hz   97.6dB  321l +  85l  - 1x70mm    432mm
 33.8Hz  51Hz   77Hz   99.0dB 1986l +  85l  - 1x70mm    524mm
 36.6Hz  53Hz   80Hz  100.4dB  749l +  85l  - 1x70mm    490mm
 39.6Hz  57Hz   83Hz  101.7dB  272l +  85l  - 1x70mm    416mm
 36.8Hz  61Hz   86Hz  100.4dB  180l +  85l    1x100mm   756mm
 40.1Hz  64Hz   90Hz  102.0dB  130l +  85l    1x100mm   674mm
 49.8Hz  68Hz   93Hz  105.7dB   99l +  85l    1x100mm   601mm
 25.2Hz  51Hz  102Hz   93.9dB 3475l +  59l  - 1x70mm    767mm
 27.6Hz  54Hz  104Hz   95.5dB  568l +  59l  - 1x70mm    684mm
 30.2Hz  57Hz  107Hz   97.0dB  293l +  59l  - 1x70mm    610mm
 33.0Hz  60Hz  109Hz   98.6dB  190l +  59l  - 1x70mm    543mm
 36.1Hz  64Hz  113Hz  100.1dB  136l +  59l  - 1x70mm    484mm
 39.3Hz  67Hz  116Hz  101.6dB  103l +  59l  - 1x70mm    432mm
 42.8Hz  71Hz  119Hz  103.1dB   81l +  59l    1x100mm   785mm
 46.6Hz  76Hz  123Hz  104.6dB   66l +  59l    1x100mm   700mm
 50.6Hz  80Hz  127Hz  106.0dB   54l +  59l    1x100mm   624mm
 54.9Hz  85Hz  131Hz  107.4dB   45l +  59l    1x100mm   556mm
 59.6Hz  90Hz  136Hz  108.8dB   38l +  59l    1x100mm   495mm
 64.5Hz  95Hz  141Hz  110.2dB   32l +  59l    1x100mm   441mm
-------------
215 sig bic
            93.0dB            35W      1x100mm
   fu     fb      fo      SplMech  Vb1     Vb2       d         l        C
 33.6Hz  51Hz   77Hz   98.9dB 2596l + 116l    1x100mm   785mm
 36.4Hz  53Hz   80Hz  100.3dB  827l + 116l    1x100mm   735mm
 39.4Hz  57Hz   83Hz  101.6dB  283l + 116l    1x100mm   624mm
 42.6Hz  60Hz   86Hz  103.0dB  185l + 116l    1x100mm   556mm
 45.9Hz  64Hz   89Hz  104.3dB  133l + 116l    1x100mm   495mm
 49.5Hz  68Hz   93Hz  105.6dB  102l + 116l    1x100mm   441mm
 28.6Hz  53Hz   72Hz   96.1dB  729l +  85l  - 1x70mm    484mm
 31.0Hz  56Hz   74Hz   97.5dB  336l +  85l  - 1x70mm    432mm
 33.6Hz  51Hz   77Hz   98.9dB 2596l +  85l  - 1x70mm    524mm
 36.4Hz  53Hz   80Hz  100.3dB  827l +  85l  - 1x70mm    490mm
 39.4Hz  57Hz   83Hz  101.6dB  283l +  85l  - 1x70mm    416mm
 36.6Hz  60Hz   86Hz  100.4dB  185l +  85l    1x100mm   756mm
 40.0Hz  64Hz   89Hz  101.9dB  133l +  85l    1x100mm   674mm
 49.5Hz  68Hz   93Hz  105.6dB  102l +  85l    1x100mm   601mm
 25.1Hz  50Hz  101Hz   93.8dB 5832l +  59l  - 1x70mm    767mm
 27.5Hz  53Hz  104Hz   95.4dB  614l +  59l  - 1x70mm    684mm
 30.1Hz  57Hz  106Hz   97.0dB  306l +  59l  - 1x70mm    610mm
 32.9Hz  60Hz  109Hz   98.5dB  196l +  59l  - 1x70mm    543mm
 35.9Hz  63Hz  112Hz  100.0dB  140l +  59l  - 1x70mm    484mm
 39.1Hz  67Hz  115Hz  101.5dB  106l +  59l  - 1x70mm    432mm
 42.6Hz  71Hz  119Hz  103.0dB   83l +  59l    1x100mm   785mm
 46.4Hz  75Hz  122Hz  104.5dB   67l +  59l    1x100mm   700mm
 50.4Hz  80Hz  126Hz  105.9dB   55l +  59l    1x100mm   624mm
 54.7Hz  85Hz  131Hz  107.3dB   46l +  59l    1x100mm   556mm
 59.3Hz  90Hz  135Hz  108.7dB   38l +  59l    1x100mm   495mm
 64.2Hz  95Hz  140Hz  110.1dB   33l +  59l    1x100mm   441mm
-------------
215 GMF
            97.0dB            40W      1x100mm
   fu     fb      fo      SplMech  Vb1     Vb2       d         l        C
 28.8Hz  60Hz  125Hz   98.8dB  155l +  27l  * 1x50mm    609mm
 31.6Hz  63Hz  127Hz  100.4dB  121l +  27l  * 1x50mm    543mm
 34.6Hz  67Hz  130Hz  102.0dB   97l +  27l  * 1x50mm    484mm
 37.9Hz  71Hz  134Hz  103.6dB   80l +  27l  * 1x50mm    431mm
 41.4Hz  75Hz  137Hz  105.1dB   66l +  27l  - 1x70mm    753mm
 45.3Hz  80Hz  141Hz  106.6dB   56l +  27l  - 1x70mm    671mm
 49.3Hz  85Hz  145Hz  108.1dB   47l +  27l  - 1x70mm    598mm
 53.7Hz  90Hz  150Hz  109.6dB   40l +  27l  - 1x70mm    533mm
 58.5Hz  95Hz  154Hz  111.1dB   35l +  27l  - 1x70mm    475mm
 63.5Hz 101Hz  159Hz  112.5dB   30l +  27l  - 1x70mm    423mm
 68.9Hz 107Hz  165Hz  113.9dB   26l +  27l    1x100mm   770mm
 74.7Hz 113Hz  170Hz  115.3dB   23l +  27l    1x100mm   686mm
 80.9Hz 117Hz  177Hz  116.7dB   21l +  27l    1x100mm   643mm
 28.8Hz  70Hz  125Hz   98.8dB   85l +  20l  * 1x50mm    609mm
 31.6Hz  74Hz  127Hz  100.4dB   70l +  20l  * 1x50mm    543mm
 34.6Hz  78Hz  130Hz  102.0dB   59l +  20l  * 1x50mm    484mm
 37.9Hz  83Hz  134Hz  103.6dB   50l +  20l  * 1x50mm    431mm
 41.4Hz  88Hz  137Hz  105.1dB   43l +  20l  - 1x70mm    753mm
 45.3Hz  93Hz  141Hz  106.6dB   36l +  20l  - 1x70mm    671mm
 49.3Hz  99Hz  145Hz  108.1dB   31l +  20l  - 1x70mm    598mm
 53.7Hz 105Hz  150Hz  109.6dB   27l +  20l  - 1x70mm    533mm
 58.5Hz 111Hz  154Hz  111.1dB   24l +  20l  - 1x70mm    475mm
 63.5Hz 117Hz  159Hz  112.5dB   21l +  20l  - 1x70mm    423mm
 68.9Hz 124Hz  165Hz  113.9dB   18l +  20l    1x100mm   770mm
 74.7Hz 113Hz  170Hz  115.3dB   23l +  20l  - 1x70mm    458mm
 80.9Hz 117Hz  177Hz  116.7dB   21l +  20l  - 1x70mm    429mm
 81.2Hz 134Hz  190Hz  116.8dB   15l +  20l    1x100mm   661mm
 34.6Hz  84Hz  204Hz  101.9dB   48l +  14l  * 1x50mm    609mm
 38.1Hz  89Hz  207Hz  103.6dB   41l +  14l  * 1x50mm    543mm
 42.0Hz  94Hz  211Hz  105.3dB   36l +  14l  * 1x50mm    484mm
 46.2Hz 100Hz  215Hz  107.0dB   31l +  14l  * 1x50mm    431mm
 50.7Hz 106Hz  220Hz  108.6dB   27l +  14l  - 1x70mm    753mm
 55.7Hz 112Hz  225Hz  110.2dB   23l +  14l  - 1x70mm    671mm
 61.0Hz 118Hz  230Hz  111.8dB   20l +  14l  - 1x70mm    598mm
 66.8Hz 126Hz  236Hz  113.4dB   18l +  14l  - 1x70mm    533mm
 73.0Hz 133Hz  242Hz  114.9dB   16l +  14l  - 1x70mm    475mm
 79.7Hz 141Hz  249Hz  116.5dB   14l +  14l  - 1x70mm    423mm
-------------
285 GMF
            99.0dB            70W      1x100mm
   fu     fb      fo      SplMech  Vb1     Vb2       d         l        C
 26.6Hz  55Hz  115Hz   99.9dB  388l +  43l  * 1x50mm    447mm
 29.2Hz  59Hz  118Hz  101.5dB  270l +  43l  - 1x70mm    780mm
 32.0Hz  62Hz  120Hz  103.1dB  201l +  43l  - 1x70mm    695mm
 35.0Hz  66Hz  124Hz  104.7dB  157l +  43l  - 1x70mm    620mm
 38.3Hz  70Hz  127Hz  106.2dB  125l +  43l  - 1x70mm    552mm
 41.8Hz  74Hz  130Hz  107.7dB  102l +  43l  - 1x70mm    492mm
 45.6Hz  78Hz  134Hz  109.2dB   85l +  43l  - 1x70mm    439mm
 49.6Hz  83Hz  138Hz  110.7dB   71l +  43l    1x100mm   798mm
 54.0Hz  88Hz  142Hz  112.2dB   60l +  43l    1x100mm   711mm
 58.7Hz  93Hz  147Hz  113.6dB   52l +  43l    1x100mm   634mm
 63.7Hz  98Hz  152Hz  115.0dB   44l +  43l    1x100mm   565mm
 69.0Hz 104Hz  157Hz  116.4dB   38l +  43l    1x100mm   503mm
 74.7Hz 108Hz  163Hz  117.8dB   35l +  43l    1x100mm   471mm
 80.8Hz 117Hz  169Hz  119.2dB   29l +  43l    1x100mm   400mm
 26.6Hz  65Hz  115Hz   99.9dB  169l +  32l  * 1x50mm    447mm
 29.2Hz  68Hz  118Hz  101.5dB  134l +  32l  - 1x70mm    780mm
 32.0Hz  72Hz  120Hz  103.1dB  109l +  32l  - 1x70mm    695mm
 35.0Hz  77Hz  124Hz  104.7dB   90l +  32l  - 1x70mm    620mm
 38.3Hz  81Hz  127Hz  106.2dB   75l +  32l  - 1x70mm    552mm
 41.8Hz  86Hz  130Hz  107.7dB   64l +  32l  - 1x70mm    492mm
 45.6Hz  91Hz  134Hz  109.2dB   54l +  32l  - 1x70mm    439mm
 49.6Hz  97Hz  138Hz  110.7dB   47l +  32l    1x100mm   798mm
 54.0Hz 102Hz  142Hz  112.2dB   40l +  32l    1x100mm   711mm
 58.7Hz 108Hz  147Hz  113.6dB   35l +  32l    1x100mm   634mm
 63.7Hz 115Hz  152Hz  115.0dB   30l +  32l    1x100mm   565mm
 69.0Hz 104Hz  157Hz  116.4dB   38l +  32l    1x100mm   685mm
 74.7Hz 108Hz  163Hz  117.8dB   35l +  32l    1x100mm   642mm
 80.8Hz 117Hz  169Hz  119.2dB   29l +  32l    1x100mm   544mm
 75.0Hz 124Hz  176Hz  117.9dB   25l +  32l    1x100mm   485mm
 82.0Hz 131Hz  183Hz  119.4dB   22l +  32l    1x100mm   432mm
 31.9Hz  77Hz  188Hz  103.1dB   87l +  22l  * 1x50mm    446mm
 35.2Hz  82Hz  191Hz  104.7dB   73l +  22l  - 1x70mm    780mm
 38.8Hz  87Hz  195Hz  106.4dB   62l +  22l  - 1x70mm    695mm
 42.7Hz  92Hz  199Hz  108.1dB   53l +  22l  - 1x70mm    620mm
 46.9Hz  98Hz  203Hz  109.7dB   45l +  22l  - 1x70mm    552mm
 51.4Hz 103Hz  208Hz  111.3dB   39l +  22l  - 1x70mm    492mm
 56.4Hz 109Hz  212Hz  112.9dB   34l +  22l  - 1x70mm    439mm
 61.7Hz 116Hz  218Hz  114.5dB   30l +  22l    1x100mm   798mm
 67.4Hz 123Hz  224Hz  116.0dB   26l +  22l    1x100mm   711mm
 73.6Hz 130Hz  230Hz  117.6dB   23l +  22l    1x100mm   634mm
 80.3Hz 138Hz  236Hz  119.1dB   20l +  22l    1x100mm   565mm
-------------
165-2000
            94.0dB            35W       1x70mm
   fu     fb      fo      SplMech  Vb1     Vb2       d         l        C
 48.2Hz  73Hz  110Hz  103.0dB  480l +  52l    1x70mm    417mm
 52.2Hz  75Hz  114Hz  104.4dB  255l +  52l    1x70mm    391mm
 56.5Hz  82Hz  118Hz  105.8dB  110l +  52l    1x70mm    331mm
 61.0Hz  87Hz  123Hz  107.1dB   75l +  52l    1x70mm    295mm
 65.9Hz  92Hz  128Hz  108.5dB   56l +  52l    1x70mm    263mm
 71.0Hz  97Hz  133Hz  109.8dB   43l +  52l    1x70mm    234mm
 37.7Hz  72Hz  100Hz   98.8dB  911l +  38l    1x70mm    589mm
 41.0Hz  76Hz  103Hz  100.2dB  233l +  38l    1x70mm    525mm
 44.5Hz  80Hz  106Hz  101.6dB  127l +  38l    1x70mm    468mm
 48.2Hz  73Hz  110Hz  103.0dB  480l +  38l    1x70mm    568mm
 52.2Hz  75Hz  114Hz  104.4dB  255l +  38l    1x70mm    532mm
 56.5Hz  82Hz  118Hz  105.8dB  110l +  38l    1x70mm    451mm
 52.4Hz  87Hz  123Hz  104.5dB   75l +  38l    1x70mm    402mm
 57.3Hz  92Hz  128Hz  106.0dB   56l +  38l    1x70mm    358mm
 71.0Hz  97Hz  133Hz  109.8dB   43l +  38l    1x70mm    319mm
 36.0Hz  72Hz  145Hz   97.9dB  622l +  27l  - 1x50mm    425mm
 39.4Hz  76Hz  148Hz   99.5dB  206l +  27l    1x70mm    741mm
 43.1Hz  81Hz  152Hz  101.1dB  118l +  27l    1x70mm    661mm
 47.1Hz  86Hz  156Hz  102.7dB   79l +  27l    1x70mm    589mm
 51.5Hz  91Hz  161Hz  104.2dB   58l +  27l    1x70mm    525mm
 56.1Hz  96Hz  165Hz  105.7dB   45l +  27l    1x70mm    468mm
 61.1Hz 102Hz  170Hz  107.2dB   36l +  27l    1x70mm    417mm
 66.5Hz 108Hz  176Hz  108.6dB   29l +  27l    1x70mm    372mm
 72.2Hz 114Hz  181Hz  110.1dB   24l +  27l    1x70mm    331mm
 78.4Hz 121Hz  187Hz  111.5dB   20l +  27l    1x70mm    295mm
 85.0Hz 128Hz  194Hz  112.9dB   17l +  27l    1x70mm    263mm
-------------
215-2000
            99.0dB            20W      1x100mm
   fu     fb      fo      SplMech  Vb1     Vb2       d         l        C
 41.7Hz  87Hz  180Hz  105.2dB   50l +  14l  * 1x50mm    554mm
 45.7Hz  92Hz  184Hz  106.8dB   43l +  14l  * 1x50mm    493mm
 50.1Hz  97Hz  189Hz  108.4dB   37l +  14l  * 1x50mm    440mm
 54.9Hz 103Hz  193Hz  110.0dB   32l +  14l  - 1x70mm    768mm
 60.0Hz 109Hz  199Hz  111.5dB   28l +  14l  - 1x70mm    685mm
 65.5Hz 116Hz  204Hz  113.0dB   24l +  14l  - 1x70mm    610mm
 71.4Hz 122Hz  210Hz  114.6dB   21l +  14l  - 1x70mm    544mm
 77.8Hz 130Hz  216Hz  116.0dB   18l +  14l  - 1x70mm    485mm
 84.6Hz 137Hz  223Hz  117.5dB   16l +  14l  - 1x70mm    432mm
 41.7Hz 101Hz  180Hz  105.2dB   33l +  10l  * 1x50mm    554mm
 45.7Hz 107Hz  184Hz  106.8dB   29l +  10l  * 1x50mm    493mm
 50.1Hz 114Hz  189Hz  108.4dB   25l +  10l  * 1x50mm    440mm
 54.9Hz 120Hz  193Hz  110.0dB   22l +  10l  - 1x70mm    768mm
 60.0Hz 127Hz  199Hz  111.5dB   19l +  10l  - 1x70mm    685mm
 65.5Hz 135Hz  204Hz  113.0dB   17l +  10l  - 1x70mm    610mm
 71.4Hz 143Hz  210Hz  114.6dB   15l +  10l  - 1x70mm    544mm
 77.8Hz 151Hz  216Hz  116.0dB   13l +  10l  - 1x70mm    485mm
 84.6Hz 160Hz  223Hz  117.5dB   11l +  10l  - 1x70mm    432mm
 50.0Hz 121Hz  295Hz  108.4dB   21l +   7l  * 1x50mm    553mm
 55.2Hz 129Hz  300Hz  110.1dB   19l +   7l  * 1x50mm    493mm
 60.8Hz 136Hz  305Hz  111.7dB   16l +   7l  * 1x50mm    440mm
 66.8Hz 144Hz  311Hz  113.4dB   14l +   7l  - 1x70mm    768mm
 73.4Hz 153Hz  318Hz  115.0dB   13l +   7l  - 1x70mm    685mm
 80.6Hz 162Hz  325Hz  116.7dB   11l +   7l  - 1x70mm    610mm
-------------
285-2000
           101.0dB            70W      1x100mm
   fu     fb      fo      SplMech  Vb1     Vb2       d         l        C
 44.6Hz  93Hz  193Hz  108.9dB   61l +  19l  - 1x70mm    716mm
 49.0Hz  98Hz  197Hz  110.5dB   53l +  19l  - 1x70mm    638mm
 53.7Hz 104Hz  202Hz  112.1dB   46l +  19l  - 1x70mm    569mm
 58.7Hz 110Hz  207Hz  113.6dB   40l +  19l  - 1x70mm    507mm
 64.2Hz 117Hz  213Hz  115.2dB   35l +  19l  - 1x70mm    452mm
 70.1Hz 124Hz  219Hz  116.7dB   30l +  19l  - 1x70mm    403mm
 76.4Hz 131Hz  225Hz  118.2dB   27l +  19l    1x100mm   732mm
 83.3Hz 139Hz  232Hz  119.7dB   23l +  19l    1x100mm   653mm
 44.6Hz 108Hz  193Hz  108.9dB   42l +  14l  - 1x70mm    716mm
 49.0Hz 115Hz  197Hz  110.5dB   36l +  14l  - 1x70mm    638mm
 53.7Hz 122Hz  202Hz  112.1dB   32l +  14l  - 1x70mm    569mm
 58.7Hz 129Hz  207Hz  113.6dB   28l +  14l  - 1x70mm    507mm
 64.2Hz 136Hz  213Hz  115.2dB   24l +  14l  - 1x70mm    452mm
 70.1Hz 144Hz  219Hz  116.7dB   22l +  14l  - 1x70mm    403mm
 76.4Hz 153Hz  225Hz  118.2dB   19l +  14l    1x100mm   732mm
 83.3Hz 162Hz  232Hz  119.7dB   17l +  14l    1x100mm   653mm
 53.5Hz 130Hz  315Hz  112.0dB   27l +  10l  - 1x70mm    716mm
 59.0Hz 138Hz  321Hz  113.7dB   24l +  10l  - 1x70mm    638mm
 65.0Hz 146Hz  327Hz  115.4dB   21l +  10l  - 1x70mm    569mm
 71.5Hz 154Hz  333Hz  117.1dB   19l +  10l  - 1x70mm    507mm
 78.6Hz 164Hz  340Hz  118.7dB   16l +  10l  - 1x70mm    452mm
-------------
400-2000
            96.0dB           120W      2x100mm
   fu     fb      fo      SplMech  Vb1     Vb2       d         l        C
 17.8Hz  37Hz   77Hz  100.0dB  282l +  69l  * 1x70mm   1218mm
 19.6Hz  39Hz   79Hz  101.7dB  235l +  69l  * 1x70mm   1086mm
 21.4Hz  42Hz   81Hz  103.2dB  198l +  69l  * 1x70mm    968mm
 23.5Hz  44Hz   83Hz  104.8dB  169l +  69l  * 1x70mm    863mm
 25.6Hz  47Hz   85Hz  106.4dB  144l +  69l  * 1x70mm    769mm
 28.0Hz  49Hz   87Hz  107.9dB  124l +  69l  * 1x70mm    685mm
 30.5Hz  52Hz   90Hz  109.4dB  108l +  69l  * 1x70mm    611mm
 33.3Hz  55Hz   93Hz  110.9dB   93l +  69l  * 1x70mm    544mm
 36.2Hz  59Hz   95Hz  112.3dB   81l +  69l  * 1x70mm    485mm
 39.3Hz  62Hz   99Hz  113.8dB   71l +  69l  * 1x70mm    432mm
 42.6Hz  66Hz  102Hz  115.2dB   62l +  69l  - 1x100mm   786mm
 46.2Hz  70Hz  105Hz  116.6dB   55l +  69l  - 1x100mm   701mm
 50.0Hz  72Hz  109Hz  118.0dB   51l +  69l  - 1x100mm   656mm
 54.1Hz  78Hz  113Hz  119.3dB   42l +  69l  - 1x100mm   557mm
 58.5Hz  83Hz  118Hz  120.7dB   37l +  69l  - 1x100mm   496mm
 63.1Hz  88Hz  122Hz  122.0dB   33l +  69l  - 1x100mm   442mm
 68.1Hz  93Hz  127Hz  123.3dB   29l +  69l    2x100mm   783mm
 17.8Hz  43Hz   77Hz  100.0dB  177l +  51l  * 1x70mm   1218mm
 19.6Hz  46Hz   79Hz  101.7dB  152l +  51l  * 1x70mm   1086mm
 21.4Hz  49Hz   81Hz  103.2dB  130l +  51l  * 1x70mm    968mm
 23.5Hz  51Hz   83Hz  104.8dB  113l +  51l  * 1x70mm    862mm
 25.6Hz  54Hz   85Hz  106.4dB   98l +  51l  * 1x70mm    769mm
 28.0Hz  58Hz   87Hz  107.9dB   85l +  51l  * 1x70mm    685mm
 30.5Hz  61Hz   90Hz  109.4dB   74l +  51l  * 1x70mm    611mm
 33.3Hz  65Hz   93Hz  110.9dB   65l +  51l  * 1x70mm    544mm
 36.2Hz  69Hz   95Hz  112.3dB   57l +  51l  * 1x70mm    485mm
 39.3Hz  73Hz   99Hz  113.8dB   50l +  51l  * 1x70mm    432mm
 42.6Hz  77Hz  102Hz  115.2dB   44l +  51l  - 1x100mm   786mm
 46.2Hz  70Hz  105Hz  116.6dB   55l +  51l  * 1x70mm    467mm
 50.0Hz  72Hz  109Hz  118.0dB   51l +  51l  * 1x70mm    438mm
 54.1Hz  78Hz  113Hz  119.3dB   42l +  51l  - 1x100mm   758mm
 50.3Hz  83Hz  118Hz  118.1dB   37l +  51l  - 1x100mm   675mm
 54.9Hz  88Hz  122Hz  119.6dB   33l +  51l  - 1x100mm   602mm
 68.1Hz  93Hz  127Hz  123.3dB   29l +  51l  - 1x100mm   536mm
 21.4Hz  52Hz  126Hz  103.2dB  110l +  35l  * 1x70mm   1218mm
 23.6Hz  55Hz  128Hz  104.9dB   96l +  35l  * 1x70mm   1086mm
 26.0Hz  58Hz  131Hz  106.6dB   83l +  35l  * 1x70mm    968mm
 28.6Hz  62Hz  133Hz  108.2dB   73l +  35l  * 1x70mm    862mm
 31.4Hz  65Hz  136Hz  109.9dB   64l +  35l  * 1x70mm    769mm
 34.5Hz  69Hz  139Hz  111.5dB   56l +  35l  * 1x70mm    685mm
 37.8Hz  73Hz  142Hz  113.1dB   49l +  35l  * 1x70mm    611mm
 41.3Hz  78Hz  146Hz  114.7dB   43l +  35l  * 1x70mm    544mm
 45.2Hz  82Hz  150Hz  116.2dB   38l +  35l  * 1x70mm    485mm
 49.3Hz  87Hz  154Hz  117.7dB   34l +  35l  * 1x70mm    432mm
 53.8Hz  92Hz  158Hz  119.2dB   30l +  35l  - 1x100mm   786mm
 58.6Hz  98Hz  163Hz  120.7dB   26l +  35l  - 1x100mm   701mm
 63.7Hz 104Hz  168Hz  122.2dB   23l +  35l  - 1x100mm   625mm
 69.2Hz 110Hz  174Hz  123.6dB   21l +  35l  - 1x100mm   557mm
 75.1Hz 116Hz  180Hz  125.0dB   18l +  35l  - 1x100mm   496mm
 81.4Hz 123Hz  186Hz  126.4dB   16l +  35l  - 1x100mm   442mm
-------------
165exc 5V
            91.8dB            35W       1x70mm
   fu     fb      fo      SplMech  Vb1     Vb2       d         l        C
 49.6Hz  68Hz   93Hz  103.5dB  508l + 104l    1x70mm    242mm
 49.6Hz  68Hz   93Hz  103.5dB  508l +  76l    1x70mm    329mm
 39.2Hz  67Hz  115Hz   99.4dB  650l +  53l    1x70mm    482mm
 42.7Hz  71Hz  119Hz  100.9dB  225l +  53l    1x70mm    430mm
 46.4Hz  75Hz  123Hz  102.4dB  130l +  53l    1x70mm    383mm
 50.4Hz  80Hz  127Hz  103.8dB   88l +  53l    1x70mm    341mm
 54.7Hz  85Hz  131Hz  105.2dB   65l +  53l    1x70mm    304mm
 59.3Hz  90Hz  135Hz  106.6dB   50l +  53l    1x70mm    271mm
 64.2Hz  95Hz  140Hz  108.0dB   40l +  53l    1x70mm    242mm
-------------
165exc 6V
            92.9dB            35W       1x70mm
   fu     fb      fo      SplMech  Vb1     Vb2       d         l        C
 48.3Hz  70Hz  101Hz  103.1dB  291l +  71l    1x70mm    335mm
 52.2Hz  74Hz  105Hz  104.4dB  153l +  71l    1x70mm    298mm
 56.4Hz  78Hz  109Hz  105.8dB  100l +  71l    1x70mm    266mm
 60.8Hz  83Hz  114Hz  107.1dB   72l +  71l    1x70mm    237mm
 38.1Hz  69Hz   91Hz   98.9dB  397l +  52l    1x70mm    473mm
 48.3Hz  70Hz  101Hz  103.1dB  291l +  52l    1x70mm    456mm
 44.9Hz  74Hz  105Hz  101.8dB  153l +  52l    1x70mm    406mm
 49.0Hz  78Hz  109Hz  103.3dB  100l +  52l    1x70mm    362mm
 60.8Hz  83Hz  114Hz  107.1dB   72l +  52l    1x70mm    323mm
 33.7Hz  65Hz  127Hz   96.8dB 3355l +  36l    1x70mm    749mm
 36.9Hz  69Hz  130Hz   98.4dB  334l +  36l    1x70mm    668mm
 40.3Hz  73Hz  134Hz   99.9dB  166l +  36l    1x70mm    595mm
 44.0Hz  78Hz  137Hz  101.5dB  106l +  36l    1x70mm    531mm
 48.0Hz  82Hz  141Hz  103.0dB   76l +  36l    1x70mm    473mm
 52.3Hz  87Hz  146Hz  104.5dB   57l +  36l    1x70mm    421mm
 56.9Hz  92Hz  150Hz  105.9dB   45l +  36l    1x70mm    376mm
 61.8Hz  98Hz  155Hz  107.4dB   36l +  36l    1x70mm    335mm
 67.1Hz 104Hz  160Hz  108.8dB   30l +  36l    1x70mm    298mm
 72.7Hz 110Hz  166Hz  110.2dB   25l +  36l    1x70mm    266mm
 78.7Hz 116Hz  172Hz  111.6dB   21l +  36l    1x70mm    237mm
-------------
165exc 7V
            93.5dB            35W       1x70mm
   fu     fb      fo      SplMech  Vb1     Vb2       d         l        C
 43.3Hz  67Hz  104Hz  101.2dB  742l +  55l    1x70mm    472mm
 47.0Hz  71Hz  107Hz  102.6dB  240l +  55l    1x70mm    421mm
 50.9Hz  73Hz  111Hz  104.0dB  169l +  55l    1x70mm    394mm
 55.0Hz  80Hz  115Hz  105.3dB   92l +  55l    1x70mm    334mm
 59.4Hz  84Hz  120Hz  106.7dB   67l +  55l    1x70mm    298mm
 64.2Hz  89Hz  124Hz  108.0dB   52l +  55l    1x70mm    265mm
 69.2Hz  95Hz  129Hz  109.3dB   41l +  55l    1x70mm    236mm
 33.8Hz  66Hz   94Hz   96.9dB 1964l +  40l    1x70mm    667mm
 36.8Hz  70Hz   97Hz   98.3dB  310l +  40l    1x70mm    594mm
 39.9Hz  74Hz  100Hz   99.8dB  159l +  40l    1x70mm    529mm
 43.3Hz  78Hz  104Hz  101.2dB  103l +  40l    1x70mm    472mm
 47.0Hz  71Hz  107Hz  102.6dB  240l +  40l    1x70mm    572mm
 50.9Hz  73Hz  111Hz  104.0dB  169l +  40l    1x70mm    536mm
 55.0Hz  80Hz  115Hz  105.3dB   92l +  40l    1x70mm    455mm
 51.1Hz  84Hz  120Hz  104.0dB   67l +  40l    1x70mm    405mm
 55.8Hz  89Hz  124Hz  105.6dB   52l +  40l    1x70mm    361mm
 69.2Hz  95Hz  129Hz  109.3dB   41l +  40l    1x70mm    322mm
 31.9Hz  66Hz  138Hz   95.9dB 1062l +  28l  - 1x50mm    480mm
 35.0Hz  70Hz  141Hz   97.5dB  269l +  28l  - 1x50mm    428mm
 38.4Hz  74Hz  145Hz   99.1dB  147l +  28l    1x70mm    748mm
 42.0Hz  79Hz  148Hz  100.6dB   97l +  28l    1x70mm    666mm
 45.9Hz  84Hz  152Hz  102.2dB   70l +  28l    1x70mm    594mm
 50.1Hz  89Hz  156Hz  103.7dB   54l +  28l    1x70mm    529mm
 54.7Hz  94Hz  161Hz  105.2dB   43l +  28l    1x70mm    472mm
 59.5Hz  99Hz  166Hz  106.7dB   34l +  28l    1x70mm    421mm
 64.8Hz 105Hz  171Hz  108.2dB   28l +  28l    1x70mm    375mm
 70.4Hz 111Hz  177Hz  109.6dB   24l +  28l    1x70mm    334mm
 76.3Hz 118Hz  183Hz  111.0dB   20l +  28l    1x70mm    298mm
 82.8Hz 125Hz  189Hz  112.4dB   17l +  28l    1x70mm    265mm
-------------
165exc 8V
            93.9dB            35W       1x70mm
   fu     fb      fo      SplMech  Vb1     Vb2       d         l        C
 40.1Hz  65Hz  106Hz   99.8dB 13967l +  46l    1x70mm    588mm
 43.5Hz  69Hz  109Hz  101.3dB  370l +  46l    1x70mm    524mm
 47.3Hz  73Hz  113Hz  102.7dB  177l +  46l    1x70mm    467mm
 51.2Hz  77Hz  117Hz  104.1dB  111l +  46l    1x70mm    416mm
 55.5Hz  80Hz  121Hz  105.5dB   91l +  46l    1x70mm    390mm
 60.0Hz  87Hz  126Hz  106.8dB   59l +  46l    1x70mm    330mm
 64.8Hz  92Hz  130Hz  108.2dB   46l +  46l    1x70mm    295mm
 70.0Hz  97Hz  136Hz  109.5dB   37l +  46l    1x70mm    263mm
 75.4Hz 103Hz  141Hz  110.8dB   31l +  46l    1x70mm    234mm
 33.8Hz  68Hz  100Hz   96.9dB  549l +  34l    1x70mm    740mm
 36.9Hz  72Hz  103Hz   98.4dB  214l +  34l    1x70mm    659mm
 40.1Hz  76Hz  106Hz   99.8dB  127l +  34l    1x70mm    588mm
 43.5Hz  80Hz  109Hz  101.3dB   87l +  34l    1x70mm    524mm
 47.3Hz  85Hz  113Hz  102.7dB   65l +  34l    1x70mm    467mm
 51.2Hz  77Hz  117Hz  104.1dB  111l +  34l    1x70mm    566mm
 55.5Hz  80Hz  121Hz  105.5dB   91l +  34l    1x70mm    530mm
 60.0Hz  87Hz  126Hz  106.8dB   59l +  34l    1x70mm    450mm
 55.7Hz  92Hz  130Hz  105.5dB   46l +  34l    1x70mm    401mm
 60.8Hz  97Hz  136Hz  107.1dB   37l +  34l    1x70mm    357mm
 75.4Hz 103Hz  141Hz  110.8dB   31l +  34l    1x70mm    318mm
 31.7Hz  68Hz  148Hz   95.7dB  439l +  24l  - 1x50mm    533mm
 34.8Hz  72Hz  151Hz   97.4dB  193l +  24l  - 1x50mm    475mm
 38.2Hz  77Hz  154Hz   99.0dB  119l +  24l  - 1x50mm    424mm
 41.8Hz  81Hz  158Hz  100.6dB   83l +  24l    1x70mm    740mm
 45.8Hz  86Hz  162Hz  102.1dB   62l +  24l    1x70mm    659mm
 50.1Hz  91Hz  166Hz  103.7dB   48l +  24l    1x70mm    588mm
 54.7Hz  97Hz  171Hz  105.2dB   39l +  24l    1x70mm    524mm
 59.6Hz 102Hz  175Hz  106.7dB   32l +  24l    1x70mm    467mm
 64.9Hz 108Hz  181Hz  108.2dB   26l +  24l    1x70mm    416mm
 70.6Hz 115Hz  186Hz  109.7dB   22l +  24l    1x70mm    371mm
 76.7Hz 122Hz  193Hz  111.1dB   19l +  24l    1x70mm    330mm
 83.3Hz 129Hz  199Hz  112.5dB   16l +  24l    1x70mm    295mm
-------------
165exc 9V
            94.2dB            35W       1x70mm
   fu     fb      fo      SplMech  Vb1     Vb2       d         l        C
 39.2Hz  65Hz  109Hz   99.4dB 3929l +  41l    1x70mm    661mm
 42.6Hz  69Hz  113Hz  100.9dB  343l +  41l    1x70mm    589mm
 46.3Hz  73Hz  116Hz  102.3dB  169l +  41l    1x70mm    525mm
 50.3Hz  78Hz  120Hz  103.8dB  108l +  41l    1x70mm    468mm
 54.5Hz  82Hz  124Hz  105.2dB   77l +  41l    1x70mm    417mm
 59.0Hz  85Hz  129Hz  106.5dB   65l +  41l    1x70mm    390mm
 63.8Hz  92Hz  134Hz  107.9dB   46l +  41l    1x70mm    331mm
 69.0Hz  98Hz  139Hz  109.3dB   37l +  41l    1x70mm    295mm
 74.4Hz 104Hz  144Hz  110.6dB   30l +  41l    1x70mm    263mm
 80.3Hz 110Hz  150Hz  111.9dB   25l +  41l    1x70mm    234mm
 33.0Hz  68Hz  103Hz   96.5dB  493l +  30l  - 1x50mm    424mm
 36.0Hz  72Hz  106Hz   98.0dB  204l +  30l    1x70mm    741mm
 39.2Hz  76Hz  109Hz   99.4dB  123l +  30l    1x70mm    661mm
 42.6Hz  81Hz  113Hz  100.9dB   85l +  30l    1x70mm    589mm
 46.3Hz  86Hz  116Hz  102.3dB   63l +  30l    1x70mm    525mm
 50.3Hz  91Hz  120Hz  103.8dB   49l +  30l    1x70mm    468mm
 54.5Hz  82Hz  124Hz  105.2dB   77l +  30l    1x70mm    568mm
 59.0Hz  85Hz  129Hz  106.5dB   65l +  30l    1x70mm    532mm
 63.8Hz  92Hz  134Hz  107.9dB   46l +  30l    1x70mm    451mm
 59.3Hz  98Hz  139Hz  106.6dB   37l +  30l    1x70mm    402mm
 64.7Hz 104Hz  144Hz  108.2dB   30l +  30l    1x70mm    358mm
 80.3Hz 110Hz  150Hz  111.9dB   25l +  30l    1x70mm    319mm
 30.6Hz  69Hz  154Hz   95.2dB  403l +  21l  - 1x50mm    600mm
 33.7Hz  73Hz  157Hz   96.8dB  185l +  21l  - 1x50mm    534mm
 37.0Hz  77Hz  160Hz   98.4dB  115l +  21l  - 1x50mm    476mm
 40.6Hz  82Hz  164Hz  100.1dB   81l +  21l  - 1x50mm    424mm
 44.5Hz  86Hz  168Hz  101.7dB   60l +  21l    1x70mm    741mm
 48.7Hz  92Hz  172Hz  103.2dB   47l +  21l    1x70mm    661mm
 53.3Hz  97Hz  177Hz  104.8dB   38l +  21l    1x70mm    589mm
 58.1Hz 103Hz  181Hz  106.3dB   31l +  21l    1x70mm    525mm
 63.4Hz 109Hz  187Hz  107.8dB   26l +  21l    1x70mm    468mm
 69.1Hz 115Hz  192Hz  109.3dB   22l +  21l    1x70mm    417mm
 75.1Hz 122Hz  198Hz  110.7dB   18l +  21l    1x70mm    372mm
 81.6Hz 129Hz  205Hz  112.2dB   16l +  21l    1x70mm    331mm
-------------
165exc 10V
            94.4dB            35W       1x70mm
   fu     fb      fo      SplMech  Vb1     Vb2       d         l        C
 40.8Hz  68Hz  114Hz  100.2dB  476l +  38l    1x70mm    658mm
 44.4Hz  72Hz  117Hz  101.6dB  201l +  38l    1x70mm    586mm
 48.3Hz  76Hz  121Hz  103.1dB  122l +  38l    1x70mm    523mm
 52.4Hz  81Hz  125Hz  104.5dB   85l +  38l    1x70mm    466mm
 56.8Hz  86Hz  130Hz  105.9dB   63l +  38l    1x70mm    415mm
 61.5Hz  89Hz  134Hz  107.3dB   54l +  38l    1x70mm    389mm
 66.5Hz  96Hz  139Hz  108.6dB   39l +  38l    1x70mm    330mm
 71.8Hz 102Hz  145Hz  110.0dB   32l +  38l    1x70mm    294mm
 77.5Hz 108Hz  150Hz  111.3dB   27l +  38l    1x70mm    262mm
 83.6Hz 114Hz  156Hz  112.6dB   22l +  38l    1x70mm    233mm
 31.5Hz  67Hz  104Hz   95.6dB  805l +  28l  - 1x50mm    474mm
 34.4Hz  71Hz  107Hz   97.2dB  249l +  28l  - 1x50mm    423mm
 37.5Hz  75Hz  110Hz   98.7dB  140l +  28l    1x70mm    738mm
 40.8Hz  79Hz  114Hz  100.2dB   94l +  28l    1x70mm    658mm
 44.4Hz  84Hz  117Hz  101.6dB   69l +  28l    1x70mm    586mm
 48.3Hz  89Hz  121Hz  103.1dB   53l +  28l    1x70mm    523mm
 52.4Hz  94Hz  125Hz  104.5dB   42l +  28l    1x70mm    466mm
 56.8Hz  86Hz  130Hz  105.9dB   63l +  28l    1x70mm    565mm
 61.5Hz  89Hz  134Hz  107.3dB   54l +  28l    1x70mm    529mm
 66.5Hz  96Hz  139Hz  108.6dB   39l +  28l    1x70mm    449mm
 61.7Hz 102Hz  145Hz  107.3dB   32l +  28l    1x70mm    400mm
 67.4Hz 108Hz  150Hz  108.9dB   27l +  28l    1x70mm    357mm
 83.6Hz 114Hz  156Hz  112.6dB   22l +  28l    1x70mm    318mm
 29.0Hz  68Hz  157Hz   94.2dB  594l +  19l  - 1x50mm    670mm
 31.9Hz  72Hz  160Hz   95.9dB  222l +  19l  - 1x50mm    597mm
 35.1Hz  76Hz  163Hz   97.5dB  130l +  19l  - 1x50mm    532mm
 38.6Hz  80Hz  167Hz   99.2dB   89l +  19l  - 1x50mm    474mm
 42.3Hz  85Hz  171Hz  100.8dB   66l +  19l  - 1x50mm    423mm
 46.4Hz  90Hz  175Hz  102.4dB   51l +  19l    1x70mm    738mm
 50.8Hz  95Hz  179Hz  103.9dB   40l +  19l    1x70mm    658mm
 55.5Hz 101Hz  184Hz  105.5dB   33l +  19l    1x70mm    586mm
 60.6Hz 107Hz  189Hz  107.0dB   27l +  19l    1x70mm    523mm
 66.1Hz 113Hz  194Hz  108.5dB   23l +  19l    1x70mm    466mm
 71.9Hz 120Hz  200Hz  110.0dB   19l +  19l    1x70mm    415mm
 78.2Hz 127Hz  207Hz  111.5dB   16l +  19l    1x70mm    370mm
-------------
215exc 8V
            98.0dB            20W      1x100mm
   fu     fb      fo      SplMech  Vb1     Vb2       d         l        C
 29.4Hz  61Hz  127Hz   99.2dB   83l +  12l  * 1x50mm   1325mm
 32.3Hz  65Hz  130Hz  100.8dB   62l +  12l  * 1x50mm   1181mm
 35.4Hz  69Hz  133Hz  102.4dB   48l +  12l  * 1x50mm   1053mm
 38.8Hz  73Hz  137Hz  103.9dB   39l +  12l  * 1x50mm    938mm
 42.4Hz  77Hz  140Hz  105.5dB   32l +  12l  * 1x50mm    836mm
 46.3Hz  82Hz  144Hz  107.0dB   26l +  12l  * 1x50mm    745mm
 50.4Hz  86Hz  148Hz  108.5dB   22l +  12l  * 1x50mm    664mm
 54.9Hz  92Hz  153Hz  110.0dB   19l +  12l  * 1x50mm    592mm
 59.7Hz  97Hz  158Hz  111.5dB   16l +  12l  * 1x50mm    528mm
 64.9Hz 103Hz  163Hz  112.9dB   14l +  12l  * 1x50mm    470mm
 70.4Hz 109Hz  168Hz  114.3dB   12l +  12l  * 1x50mm    419mm
 76.3Hz 115Hz  174Hz  115.7dB   10l +  12l  - 1x70mm    732mm
 82.7Hz 119Hz  181Hz  117.1dB    9l +  12l  - 1x70mm    686mm
 29.4Hz  71Hz  127Hz   99.2dB   41l +   9l  * 1x50mm   1325mm
 32.3Hz  76Hz  130Hz  100.8dB   34l +   9l  * 1x50mm   1181mm
 35.4Hz  80Hz  133Hz  102.4dB   28l +   9l  * 1x50mm   1053mm
 38.8Hz  85Hz  137Hz  103.9dB   23l +   9l  * 1x50mm    938mm
 42.4Hz  90Hz  140Hz  105.5dB   20l +   9l  * 1x50mm    836mm
 46.3Hz  95Hz  144Hz  107.0dB   17l +   9l  * 1x50mm    745mm
 50.4Hz 101Hz  148Hz  108.5dB   14l +   9l  * 1x50mm    664mm
 54.9Hz 107Hz  153Hz  110.0dB   12l +   9l  * 1x50mm    592mm
 59.7Hz 113Hz  158Hz  111.5dB   11l +   9l  * 1x50mm    528mm
 64.9Hz 120Hz  163Hz  112.9dB    9l +   9l  * 1x50mm    470mm
 70.4Hz 127Hz  168Hz  114.3dB    8l +   9l  * 1x50mm    419mm
 76.3Hz 115Hz  174Hz  115.7dB   10l +   9l  * 1x50mm    508mm
 82.7Hz 119Hz  181Hz  117.1dB    9l +   9l  * 1x50mm    476mm
 83.0Hz 137Hz  195Hz  117.2dB    7l +   9l  - 1x70mm    705mm
 35.3Hz  86Hz  208Hz  102.3dB   23l +   6l  * 1x50mm   1325mm
 39.0Hz  91Hz  212Hz  104.0dB   19l +   6l  * 1x50mm   1181mm
 42.9Hz  96Hz  216Hz  105.7dB   16l +   6l  * 1x50mm   1053mm
 47.2Hz 102Hz  220Hz  107.4dB   14l +   6l  * 1x50mm    938mm
 51.9Hz 108Hz  225Hz  109.0dB   12l +   6l  * 1x50mm    836mm
 56.9Hz 114Hz  230Hz  110.6dB   10l +   6l  * 1x50mm    745mm
 62.4Hz 121Hz  235Hz  112.2dB    9l +   6l  * 1x50mm    664mm
 68.3Hz 128Hz  241Hz  113.8dB    8l +   6l  * 1x50mm    592mm
 74.6Hz 136Hz  247Hz  115.3dB    7l +   6l  * 1x50mm    528mm
 81.5Hz 144Hz  254Hz  116.8dB    6l +   6l  * 1x50mm    470mm
-------------
215exc 9V
            98.3dB            20W      1x100mm
   fu     fb      fo      SplMech  Vb1     Vb2       d         l        C
 32.8Hz  68Hz  142Hz  101.0dB   50l +  10l  * 1x50mm   1328mm
 35.9Hz  72Hz  145Hz  102.6dB   40l +  10l  * 1x50mm   1184mm
 39.4Hz  76Hz  148Hz  104.2dB   32l +  10l  * 1x50mm   1055mm
 43.1Hz  81Hz  152Hz  105.8dB   27l +  10l  * 1x50mm    940mm
 47.1Hz  86Hz  156Hz  107.3dB   22l +  10l  * 1x50mm    838mm
 51.4Hz  91Hz  160Hz  108.9dB   19l +  10l  * 1x50mm    747mm
 56.1Hz  96Hz  165Hz  110.4dB   16l +  10l  * 1x50mm    666mm
 61.1Hz 102Hz  170Hz  111.8dB   14l +  10l  * 1x50mm    593mm
 66.5Hz 108Hz  175Hz  113.3dB   12l +  10l  * 1x50mm    529mm
 72.2Hz 114Hz  181Hz  114.7dB   10l +  10l  * 1x50mm    471mm
 78.4Hz 121Hz  187Hz  116.2dB    9l +  10l  * 1x50mm    420mm
 84.9Hz 128Hz  194Hz  117.6dB    8l +  10l  - 1x70mm    734mm
 32.8Hz  79Hz  142Hz  101.0dB   28l +   7l  * 1x50mm   1328mm
 35.9Hz  84Hz  145Hz  102.6dB   24l +   7l  * 1x50mm   1184mm
 39.4Hz  89Hz  148Hz  104.2dB   20l +   7l  * 1x50mm   1055mm
 43.1Hz  94Hz  152Hz  105.8dB   17l +   7l  * 1x50mm    940mm
 47.1Hz 100Hz  156Hz  107.3dB   15l +   7l  * 1x50mm    838mm
 51.4Hz 106Hz  160Hz  108.9dB   13l +   7l  * 1x50mm    747mm
 56.1Hz 112Hz  165Hz  110.4dB   11l +   7l  * 1x50mm    666mm
 61.1Hz 119Hz  170Hz  111.8dB    9l +   7l  * 1x50mm    593mm
 66.5Hz 126Hz  175Hz  113.3dB    8l +   7l  * 1x50mm    529mm
 72.2Hz 133Hz  181Hz  114.7dB    7l +   7l  * 1x50mm    471mm
 78.4Hz 141Hz  187Hz  116.2dB    6l +   7l  * 1x50mm    420mm
 84.9Hz 128Hz  194Hz  117.6dB    8l +   7l  * 1x50mm    510mm
 39.3Hz  95Hz  231Hz  104.2dB   17l +   5l  * 1x50mm   1328mm
 43.3Hz 101Hz  235Hz  105.9dB   14l +   5l  * 1x50mm   1184mm
 47.7Hz 107Hz  240Hz  107.6dB   12l +   5l  * 1x50mm   1055mm
 52.5Hz 113Hz  245Hz  109.2dB   11l +   5l  * 1x50mm    940mm
 57.7Hz 120Hz  250Hz  110.8dB    9l +   5l  * 1x50mm    838mm
 63.3Hz 127Hz  255Hz  112.5dB    8l +   5l  * 1x50mm    747mm
 69.4Hz 135Hz  262Hz  114.1dB    7l +   5l  * 1x50mm    666mm
 75.9Hz 143Hz  268Hz  115.6dB    6l +   5l  * 1x50mm    593mm
 83.0Hz 151Hz  275Hz  117.2dB    5l +   5l  * 1x50mm    529mm
-------------
215exc 10V
            98.7dB            20W      1x100mm
   fu     fb      fo      SplMech  Vb1     Vb2       d         l        C
 35.4Hz  74Hz  153Hz  102.4dB   37l +   8l  * 1x50mm   1322mm
 38.9Hz  78Hz  157Hz  104.0dB   30l +   8l  * 1x50mm   1179mm
 42.6Hz  83Hz  160Hz  105.6dB   25l +   8l  * 1x50mm   1050mm
 46.6Hz  88Hz  164Hz  107.1dB   21l +   8l  * 1x50mm    936mm
 51.0Hz  93Hz  169Hz  108.7dB   18l +   8l  * 1x50mm    834mm
 55.7Hz  98Hz  174Hz  110.2dB   15l +   8l  * 1x50mm    744mm
 60.7Hz 104Hz  179Hz  111.7dB   13l +   8l  * 1x50mm    663mm
 66.1Hz 110Hz  184Hz  113.2dB   11l +   8l  * 1x50mm    591mm
 71.9Hz 117Hz  190Hz  114.7dB   10l +   8l  * 1x50mm    526mm
 78.1Hz 124Hz  196Hz  116.1dB    9l +   8l  * 1x50mm    469mm
 84.8Hz 131Hz  203Hz  117.5dB    8l +   8l  * 1x50mm    418mm
 35.4Hz  86Hz  153Hz  102.4dB   22l +   6l  * 1x50mm   1322mm
 38.9Hz  91Hz  157Hz  104.0dB   19l +   6l  * 1x50mm   1178mm
 42.6Hz  96Hz  160Hz  105.6dB   16l +   6l  * 1x50mm   1050mm
 46.6Hz 102Hz  164Hz  107.1dB   14l +   6l  * 1x50mm    936mm
 51.0Hz 108Hz  169Hz  108.7dB   12l +   6l  * 1x50mm    835mm
 55.7Hz 115Hz  174Hz  110.2dB   10l +   6l  * 1x50mm    744mm
 60.7Hz 121Hz  179Hz  111.7dB    9l +   6l  * 1x50mm    663mm
 66.1Hz 129Hz  184Hz  113.2dB    8l +   6l  * 1x50mm    591mm
 71.9Hz 136Hz  190Hz  114.7dB    7l +   6l  * 1x50mm    527mm
 78.1Hz 144Hz  196Hz  116.1dB    6l +   6l  * 1x50mm    469mm
 84.8Hz 153Hz  203Hz  117.5dB    5l +   6l  * 1x50mm    418mm
 42.5Hz 103Hz  250Hz  105.5dB   14l +   4l  * 1x50mm   1322mm
 46.9Hz 109Hz  255Hz  107.2dB   12l +   4l  * 1x50mm   1179mm
 51.6Hz 116Hz  260Hz  108.9dB   10l +   4l  * 1x50mm   1051mm
 56.8Hz 123Hz  265Hz  110.6dB    9l +   4l  * 1x50mm    936mm
 62.4Hz 130Hz  270Hz  112.2dB    8l +   4l  * 1x50mm    834mm
 68.5Hz 138Hz  276Hz  113.8dB    7l +   4l  * 1x50mm    744mm
 75.1Hz 146Hz  283Hz  115.4dB    6l +   4l  * 1x50mm    663mm
 82.2Hz 154Hz  290Hz  117.0dB    5l +   4l  * 1x50mm    591mm
-------------
215exc 11V
            99.0dB            20W      1x100mm
   fu     fb      fo      SplMech  Vb1     Vb2       d         l        C
 37.8Hz  79Hz  163Hz  103.5dB   29l +   7l  * 1x50mm   1369mm
 41.5Hz  83Hz  167Hz  105.1dB   24l +   7l  * 1x50mm   1220mm
 45.4Hz  88Hz  171Hz  106.7dB   20l +   7l  * 1x50mm   1088mm
 49.7Hz  93Hz  175Hz  108.3dB   17l +   7l  * 1x50mm    970mm
 54.4Hz  99Hz  180Hz  109.8dB   15l +   7l  * 1x50mm    864mm
 59.4Hz 105Hz  185Hz  111.3dB   13l +   7l  * 1x50mm    770mm
 64.7Hz 111Hz  190Hz  112.8dB   11l +   7l  * 1x50mm    686mm
 70.5Hz 118Hz  196Hz  114.3dB    9l +   7l  * 1x50mm    612mm
 76.7Hz 125Hz  202Hz  115.8dB    8l +   7l  * 1x50mm    545mm
 83.3Hz 132Hz  209Hz  117.2dB    7l +   7l  * 1x50mm    486mm
 37.8Hz  92Hz  163Hz  103.5dB   18l +   5l  * 1x50mm   1369mm
 41.5Hz  97Hz  167Hz  105.1dB   15l +   5l  * 1x50mm   1220mm
 45.4Hz 103Hz  171Hz  106.7dB   13l +   5l  * 1x50mm   1088mm
 49.7Hz 109Hz  175Hz  108.3dB   11l +   5l  * 1x50mm    970mm
 54.4Hz 115Hz  180Hz  109.8dB   10l +   5l  * 1x50mm    864mm
 59.4Hz 122Hz  185Hz  111.3dB    9l +   5l  * 1x50mm    770mm
 64.7Hz 130Hz  190Hz  112.8dB    8l +   5l  * 1x50mm    686mm
 70.5Hz 137Hz  196Hz  114.3dB    7l +   5l  * 1x50mm    612mm
 76.7Hz 145Hz  202Hz  115.8dB    6l +   5l  * 1x50mm    545mm
 83.3Hz 154Hz  209Hz  117.2dB    5l +   5l  * 1x50mm    486mm
 45.3Hz 110Hz  267Hz  106.7dB   11l +   4l  * 1x50mm   1369mm
 50.0Hz 117Hz  272Hz  108.4dB   10l +   4l  * 1x50mm   1221mm
 55.1Hz 123Hz  277Hz  110.0dB    8l +   4l  * 1x50mm   1088mm
 60.6Hz 131Hz  282Hz  111.7dB    7l +   4l  * 1x50mm    969mm
 66.6Hz 139Hz  288Hz  113.3dB    6l +   4l  * 1x50mm    864mm
 73.0Hz 147Hz  295Hz  114.9dB    6l +   4l  * 1x50mm    770mm
 80.1Hz 155Hz  302Hz  116.5dB    5l +   4l  * 1x50mm    686mm
-------------
215exc 12V
            99.4dB            20W      1x100mm
   fu     fb      fo      SplMech  Vb1     Vb2       d         l        C
 38.9Hz  81Hz  168Hz  104.0dB   27l +   7l  * 1x50mm   1343mm
 42.7Hz  86Hz  172Hz  105.6dB   22l +   7l  * 1x50mm   1197mm
 46.8Hz  91Hz  176Hz  107.2dB   19l +   7l  * 1x50mm   1066mm
 51.2Hz  96Hz  181Hz  108.8dB   16l +   7l  * 1x50mm    951mm
 56.0Hz 102Hz  185Hz  110.3dB   14l +   7l  * 1x50mm    847mm
 61.1Hz 108Hz  191Hz  111.8dB   12l +   7l  * 1x50mm    755mm
 66.7Hz 114Hz  196Hz  113.4dB   10l +   7l  * 1x50mm    673mm
 72.6Hz 121Hz  202Hz  114.8dB    9l +   7l  * 1x50mm    600mm
 79.0Hz 128Hz  208Hz  116.3dB    8l +   7l  * 1x50mm    534mm
 38.9Hz  94Hz  168Hz  104.0dB   17l +   5l  * 1x50mm   1343mm
 42.7Hz 100Hz  172Hz  105.6dB   14l +   5l  * 1x50mm   1196mm
 46.8Hz 106Hz  176Hz  107.2dB   12l +   5l  * 1x50mm   1066mm
 51.2Hz 112Hz  181Hz  108.8dB   11l +   5l  * 1x50mm    951mm
 56.0Hz 119Hz  185Hz  110.3dB    9l +   5l  * 1x50mm    847mm
 61.1Hz 126Hz  191Hz  111.8dB    8l +   5l  * 1x50mm    755mm
 66.7Hz 133Hz  196Hz  113.4dB    7l +   5l  * 1x50mm    673mm
 72.6Hz 141Hz  202Hz  114.8dB    6l +   5l  * 1x50mm    600mm
 79.0Hz 150Hz  208Hz  116.3dB    6l +   5l  * 1x50mm    535mm
 46.7Hz 113Hz  275Hz  107.2dB   11l +   3l  * 1x50mm   1342mm
 51.5Hz 120Hz  280Hz  108.9dB    9l +   3l  * 1x50mm   1197mm
 56.7Hz 127Hz  285Hz  110.5dB    8l +   3l  * 1x50mm   1067mm
 62.4Hz 135Hz  291Hz  112.2dB    7l +   3l  * 1x50mm    950mm
 68.5Hz 143Hz  297Hz  113.8dB    6l +   3l  * 1x50mm    847mm
 75.2Hz 151Hz  303Hz  115.5dB    5l +   3l  * 1x50mm    755mm
 82.4Hz 160Hz  311Hz  117.0dB    5l +   3l  * 1x50mm    673mm
-------------
215exc 13V
            99.9dB            20W      1x100mm
   fu     fb      fo      SplMech  Vb1     Vb2       d         l        C
 40.6Hz  85Hz  176Hz  104.8dB   23l +   6l  * 1x50mm   1340mm
 44.6Hz  90Hz  180Hz  106.4dB   20l +   6l  * 1x50mm   1194mm
 48.9Hz  95Hz  184Hz  108.0dB   17l +   6l  * 1x50mm   1064mm
 53.5Hz 100Hz  189Hz  109.5dB   14l +   6l  * 1x50mm    949mm
 58.5Hz 106Hz  194Hz  111.1dB   12l +   6l  * 1x50mm    845mm
 63.8Hz 113Hz  199Hz  112.6dB   11l +   6l  * 1x50mm    753mm
 69.6Hz 119Hz  205Hz  114.1dB    9l +   6l  * 1x50mm    671mm
 75.8Hz 126Hz  211Hz  115.6dB    8l +   6l  * 1x50mm    598mm
 82.4Hz 134Hz  218Hz  117.0dB    7l +   6l  * 1x50mm    533mm
 40.6Hz  99Hz  176Hz  104.8dB   15l +   5l  * 1x50mm   1340mm
 44.6Hz 104Hz  180Hz  106.4dB   13l +   5l  * 1x50mm   1194mm
 48.9Hz 111Hz  184Hz  108.0dB   11l +   5l  * 1x50mm   1064mm
 53.5Hz 117Hz  189Hz  109.5dB   10l +   5l  * 1x50mm    948mm
 58.5Hz 124Hz  194Hz  111.1dB    8l +   5l  * 1x50mm    845mm
 63.8Hz 131Hz  199Hz  112.6dB    7l +   5l  * 1x50mm    753mm
 69.6Hz 139Hz  205Hz  114.1dB    7l +   5l  * 1x50mm    671mm
 75.8Hz 148Hz  211Hz  115.6dB    6l +   5l  * 1x50mm    598mm
 82.4Hz 156Hz  218Hz  117.0dB    5l +   5l  * 1x50mm    533mm
 48.7Hz 118Hz  287Hz  107.9dB   10l +   3l  * 1x50mm   1340mm
 53.8Hz 125Hz  292Hz  109.6dB    8l +   3l  * 1x50mm   1194mm
 59.2Hz 133Hz  298Hz  111.3dB    7l +   3l  * 1x50mm   1064mm
 65.1Hz 141Hz  303Hz  113.0dB    6l +   3l  * 1x50mm    948mm
 71.6Hz 149Hz  310Hz  114.6dB    6l +   3l  * 1x50mm    845mm
 78.5Hz 158Hz  317Hz  116.2dB    5l +   3l  * 1x50mm    753mm
-------------
285exc 6V
            97.1dB            70W      1x100mm
   fu     fb      fo      SplMech  Vb1     Vb2       d         l        C
 32.6Hz  54Hz   91Hz  103.4dB 2883l + 130l    1x100mm   611mm
 35.5Hz  58Hz   94Hz  104.9dB  846l + 130l    1x100mm   545mm
 38.5Hz  61Hz   97Hz  106.3dB  472l + 130l    1x100mm   485mm
 41.8Hz  65Hz  100Hz  107.7dB  316l + 130l    1x100mm   433mm
 45.3Hz  68Hz  103Hz  109.1dB  230l + 130l    1x100mm   386mm
 49.1Hz  71Hz  107Hz  110.5dB  197l + 130l    1x100mm   361mm
 53.1Hz  77Hz  111Hz  111.9dB  140l + 130l    1x100mm   306mm
 57.4Hz  81Hz  115Hz  113.2dB  113l + 130l    1x100mm   273mm
 61.9Hz  86Hz  120Hz  114.6dB   94l + 130l    1x100mm   243mm
 66.8Hz  91Hz  125Hz  115.9dB   78l + 130l    1x100mm   217mm
 25.2Hz  53Hz   83Hz   98.9dB 10249l +  96l  - 1x70mm    423mm
 27.5Hz  57Hz   86Hz  100.4dB 1107l +  96l    1x100mm   769mm
 29.9Hz  60Hz   88Hz  101.9dB  554l +  96l    1x100mm   686mm
 32.6Hz  63Hz   91Hz  103.4dB  355l +  96l    1x100mm   611mm
 35.5Hz  67Hz   94Hz  104.9dB  253l +  96l    1x100mm   545mm
 38.5Hz  71Hz   97Hz  106.3dB  191l +  96l    1x100mm   485mm
 41.8Hz  75Hz  100Hz  107.7dB  150l +  96l    1x100mm   433mm
 45.3Hz  68Hz  103Hz  109.1dB  230l +  96l    1x100mm   525mm
 49.1Hz  71Hz  107Hz  110.5dB  197l +  96l    1x100mm   492mm
 53.1Hz  77Hz  111Hz  111.9dB  140l +  96l    1x100mm   417mm
 49.3Hz  81Hz  115Hz  110.6dB  113l +  96l    1x100mm   372mm
 53.8Hz  86Hz  120Hz  112.1dB   94l +  96l    1x100mm   331mm
 66.8Hz  91Hz  125Hz  115.9dB   78l +  96l    1x100mm   295mm
 23.1Hz  54Hz  126Hz   97.5dB 4432l +  66l  - 1x70mm    598mm
 25.5Hz  57Hz  128Hz   99.1dB  956l +  66l  - 1x70mm    533mm
 28.0Hz  60Hz  131Hz  100.8dB  508l +  66l  - 1x70mm    475mm
 30.8Hz  64Hz  133Hz  102.4dB  334l +  66l  - 1x70mm    423mm
 33.8Hz  68Hz  136Hz  104.0dB  241l +  66l    1x100mm   769mm
 37.0Hz  72Hz  140Hz  105.6dB  183l +  66l    1x100mm   686mm
 40.5Hz  76Hz  143Hz  107.2dB  145l +  66l    1x100mm   611mm
 44.3Hz  81Hz  147Hz  108.7dB  117l +  66l    1x100mm   545mm
 48.4Hz  85Hz  151Hz  110.3dB   96l +  66l    1x100mm   485mm
 52.8Hz  91Hz  155Hz  111.8dB   80l +  66l    1x100mm   433mm
 57.5Hz  96Hz  160Hz  113.3dB   68l +  66l    1x100mm   386mm
 62.5Hz 102Hz  165Hz  114.7dB   58l +  66l    1x100mm   344mm
 67.9Hz 108Hz  170Hz  116.2dB   49l +  66l    1x100mm   306mm
 73.7Hz 114Hz  176Hz  117.6dB   43l +  66l    1x100mm   273mm
 79.9Hz 121Hz  182Hz  119.0dB   37l +  66l    1x100mm   243mm
-------------
285exc 7V
            98.5dB            70W      1x100mm
   fu     fb      fo      SplMech  Vb1     Vb2       d         l        C
 27.7Hz  54Hz  104Hz  100.6dB 6261l +  77l  - 1x70mm    519mm
 30.3Hz  57Hz  107Hz  102.1dB 1053l +  77l  - 1x70mm    463mm
 33.1Hz  60Hz  110Hz  103.7dB  544l +  77l  - 1x70mm    412mm
 36.1Hz  64Hz  113Hz  105.2dB  353l +  77l    1x100mm   750mm
 39.4Hz  68Hz  116Hz  106.7dB  253l +  77l    1x100mm   668mm
 42.9Hz  72Hz  119Hz  108.2dB  192l +  77l    1x100mm   596mm
 46.7Hz  76Hz  123Hz  109.6dB  151l +  77l    1x100mm   531mm
 50.7Hz  80Hz  127Hz  111.1dB  122l +  77l    1x100mm   473mm
 55.0Hz  85Hz  131Hz  112.5dB  100l +  77l    1x100mm   422mm
 59.6Hz  90Hz  136Hz  113.9dB   84l +  77l    1x100mm   376mm
 64.6Hz  93Hz  141Hz  115.3dB   76l +  77l    1x100mm   352mm
 69.8Hz 101Hz  146Hz  116.6dB   60l +  77l    1x100mm   299mm
 75.5Hz 107Hz  152Hz  118.0dB   51l +  77l    1x100mm   266mm
 81.4Hz 113Hz  158Hz  119.3dB   44l +  77l    1x100mm   237mm
 23.0Hz  56Hz   99Hz   97.4dB 1458l +  57l  - 1x70mm    653mm
 25.2Hz  59Hz  102Hz   99.0dB  648l +  57l  - 1x70mm    582mm
 27.7Hz  63Hz  104Hz  100.6dB  399l +  57l  - 1x70mm    519mm
 30.3Hz  66Hz  107Hz  102.1dB  279l +  57l  - 1x70mm    463mm
 33.1Hz  70Hz  110Hz  103.7dB  209l +  57l  - 1x70mm    412mm
 36.1Hz  74Hz  113Hz  105.2dB  163l +  57l    1x100mm   750mm
 39.4Hz  79Hz  116Hz  106.7dB  130l +  57l    1x100mm   668mm
 42.9Hz  83Hz  119Hz  108.2dB  107l +  57l    1x100mm   596mm
 46.7Hz  88Hz  123Hz  109.6dB   89l +  57l    1x100mm   531mm
 50.7Hz  94Hz  127Hz  111.1dB   74l +  57l    1x100mm   473mm
 55.0Hz  99Hz  131Hz  112.5dB   63l +  57l    1x100mm   422mm
 59.6Hz  90Hz  136Hz  113.9dB   84l +  57l    1x100mm   512mm
 64.6Hz  93Hz  141Hz  115.3dB   76l +  57l    1x100mm   479mm
 69.8Hz 101Hz  146Hz  116.6dB   60l +  57l    1x100mm   406mm
 64.8Hz 107Hz  152Hz  115.4dB   51l +  57l    1x100mm   362mm
 70.8Hz 113Hz  158Hz  116.9dB   44l +  57l    1x100mm   323mm
 27.6Hz  67Hz  162Hz  100.5dB  265l +  39l  - 1x70mm    653mm
 30.4Hz  71Hz  165Hz  102.2dB  200l +  39l  - 1x70mm    582mm
 33.5Hz  75Hz  168Hz  103.9dB  157l +  39l  - 1x70mm    519mm
 36.9Hz  80Hz  172Hz  105.6dB  126l +  39l  - 1x70mm    463mm
 40.5Hz  84Hz  175Hz  107.2dB  103l +  39l  - 1x70mm    412mm
 44.5Hz  89Hz  179Hz  108.8dB   86l +  39l    1x100mm   750mm
 48.7Hz  95Hz  184Hz  110.4dB   72l +  39l    1x100mm   668mm
 53.3Hz 100Hz  188Hz  112.0dB   61l +  39l    1x100mm   596mm
 58.3Hz 106Hz  193Hz  113.5dB   53l +  39l    1x100mm   531mm
 63.6Hz 112Hz  199Hz  115.0dB   45l +  39l    1x100mm   473mm
 69.4Hz 119Hz  204Hz  116.5dB   39l +  39l    1x100mm   422mm
 75.6Hz 126Hz  210Hz  118.0dB   34l +  39l    1x100mm   376mm
 82.2Hz 134Hz  217Hz  119.5dB   30l +  39l    1x100mm   335mm
-------------
285exc 8V
            99.4dB            70W      1x100mm
   fu     fb      fo      SplMech  Vb1     Vb2       d         l        C
 28.4Hz  59Hz  123Hz  101.0dB  634l +  49l  - 1x70mm    670mm
 31.2Hz  63Hz  126Hz  102.6dB  390l +  49l  - 1x70mm    597mm
 34.2Hz  66Hz  129Hz  104.2dB  273l +  49l  - 1x70mm    532mm
 37.4Hz  70Hz  132Hz  105.8dB  204l +  49l  - 1x70mm    475mm
 40.9Hz  74Hz  135Hz  107.3dB  159l +  49l  - 1x70mm    423mm
 44.6Hz  79Hz  139Hz  108.9dB  127l +  49l    1x100mm   769mm
 48.7Hz  83Hz  143Hz  110.4dB  104l +  49l    1x100mm   686mm
 53.0Hz  88Hz  147Hz  111.9dB   86l +  49l    1x100mm   611mm
 57.6Hz  94Hz  152Hz  113.3dB   73l +  49l    1x100mm   545mm
 62.6Hz  99Hz  157Hz  114.8dB   62l +  49l    1x100mm   485mm
 68.0Hz 105Hz  162Hz  116.2dB   53l +  49l    1x100mm   433mm
 73.7Hz 111Hz  168Hz  117.6dB   45l +  49l    1x100mm   386mm
 79.8Hz 115Hz  174Hz  119.0dB   42l +  49l    1x100mm   361mm
 28.4Hz  69Hz  123Hz  101.0dB  223l +  36l  - 1x70mm    670mm
 31.2Hz  73Hz  126Hz  102.6dB  171l +  36l  - 1x70mm    597mm
 34.2Hz  77Hz  129Hz  104.2dB  136l +  36l  - 1x70mm    532mm
 37.4Hz  82Hz  132Hz  105.8dB  111l +  36l  - 1x70mm    475mm
 40.9Hz  87Hz  135Hz  107.3dB   92l +  36l  - 1x70mm    423mm
 44.6Hz  92Hz  139Hz  108.9dB   77l +  36l    1x100mm   769mm
 48.7Hz  97Hz  143Hz  110.4dB   65l +  36l    1x100mm   686mm
 53.0Hz 103Hz  147Hz  111.9dB   55l +  36l    1x100mm   611mm
 57.6Hz 109Hz  152Hz  113.3dB   47l +  36l    1x100mm   545mm
 62.6Hz 116Hz  157Hz  114.8dB   41l +  36l    1x100mm   485mm
 68.0Hz 123Hz  162Hz  116.2dB   35l +  36l    1x100mm   433mm
 73.7Hz 111Hz  168Hz  117.6dB   45l +  36l    1x100mm   525mm
 79.8Hz 115Hz  174Hz  119.0dB   42l +  36l    1x100mm   492mm
 80.1Hz 132Hz  188Hz  119.0dB   29l +  36l    1x100mm   372mm
 34.1Hz  83Hz  201Hz  104.2dB  107l +  25l  - 1x70mm    670mm
 37.6Hz  88Hz  204Hz  105.9dB   89l +  25l  - 1x70mm    598mm
 41.4Hz  93Hz  208Hz  107.6dB   75l +  25l  - 1x70mm    533mm
 45.5Hz  98Hz  212Hz  109.2dB   63l +  25l  - 1x70mm    475mm
 50.0Hz 104Hz  217Hz  110.9dB   54l +  25l  - 1x70mm    423mm
 54.9Hz 110Hz  222Hz  112.5dB   46l +  25l    1x100mm   769mm
 60.2Hz 117Hz  227Hz  114.1dB   40l +  25l    1x100mm   686mm
 65.9Hz 124Hz  233Hz  115.6dB   35l +  25l    1x100mm   611mm
 72.0Hz 131Hz  239Hz  117.2dB   30l +  25l    1x100mm   545mm
 78.6Hz 139Hz  245Hz  118.7dB   26l +  25l    1x100mm   485mm
-------------
285exc 9V
           100.0dB            70W      1x100mm
   fu     fb      fo      SplMech  Vb1     Vb2       d         l        C
 36.1Hz  75Hz  156Hz  105.2dB  156l +  31l  - 1x70mm    662mm
 39.6Hz  79Hz  159Hz  106.8dB  125l +  31l  - 1x70mm    590mm
 43.4Hz  84Hz  163Hz  108.4dB  103l +  31l  - 1x70mm    526mm
 47.4Hz  89Hz  167Hz  109.9dB   85l +  31l  - 1x70mm    469mm
 51.9Hz  94Hz  172Hz  111.5dB   72l +  31l  - 1x70mm    418mm
 56.6Hz 100Hz  177Hz  113.0dB   61l +  31l    1x100mm   760mm
 61.8Hz 106Hz  182Hz  114.5dB   52l +  31l    1x100mm   677mm
 67.3Hz 112Hz  187Hz  116.0dB   45l +  31l    1x100mm   603mm
 73.1Hz 119Hz  193Hz  117.5dB   39l +  31l    1x100mm   538mm
 79.5Hz 126Hz  199Hz  118.9dB   34l +  31l    1x100mm   479mm
 36.1Hz  87Hz  156Hz  105.2dB   90l +  23l  - 1x70mm    662mm
 39.6Hz  93Hz  159Hz  106.8dB   76l +  23l  - 1x70mm    590mm
 43.4Hz  98Hz  163Hz  108.4dB   64l +  23l  - 1x70mm    526mm
 47.4Hz 104Hz  167Hz  109.9dB   55l +  23l  - 1x70mm    469mm
 51.9Hz 110Hz  172Hz  111.5dB   47l +  23l  - 1x70mm    418mm
 56.6Hz 117Hz  177Hz  113.0dB   41l +  23l    1x100mm   759mm
 61.8Hz 124Hz  182Hz  114.5dB   35l +  23l    1x100mm   677mm
 67.3Hz 131Hz  187Hz  116.0dB   31l +  23l    1x100mm   603mm
 73.1Hz 139Hz  193Hz  117.5dB   27l +  23l    1x100mm   538mm
 79.5Hz 147Hz  199Hz  118.9dB   23l +  23l    1x100mm   479mm
 43.3Hz 105Hz  255Hz  108.3dB   53l +  16l  - 1x70mm    662mm
 47.7Hz 111Hz  259Hz  110.0dB   46l +  16l  - 1x70mm    590mm
 52.5Hz 118Hz  264Hz  111.7dB   40l +  16l  - 1x70mm    526mm
 57.8Hz 125Hz  269Hz  113.4dB   34l +  16l  - 1x70mm    469mm
 63.5Hz 132Hz  275Hz  115.0dB   30l +  16l  - 1x70mm    418mm
 69.7Hz 140Hz  281Hz  116.6dB   26l +  16l    1x100mm   760mm
 76.4Hz 148Hz  288Hz  118.2dB   23l +  16l    1x100mm   677mm
 83.6Hz 157Hz  295Hz  119.8dB   20l +  16l    1x100mm   603mm
-------------
285exc 10V
           101.0dB            70W      1x100mm
   fu     fb      fo      SplMech  Vb1     Vb2       d         l        C
 42.6Hz  89Hz  184Hz  108.0dB   86l +  22l  - 1x70mm    670mm
 46.7Hz  94Hz  188Hz  109.7dB   72l +  22l  - 1x70mm    597mm
 51.2Hz  99Hz  193Hz  111.3dB   61l +  22l  - 1x70mm    532mm
 56.0Hz 105Hz  198Hz  112.8dB   52l +  22l  - 1x70mm    475mm
 61.2Hz 111Hz  203Hz  114.4dB   45l +  22l  - 1x70mm    423mm
 66.9Hz 118Hz  208Hz  115.9dB   39l +  22l    1x100mm   769mm
 72.9Hz 125Hz  214Hz  117.4dB   34l +  22l    1x100mm   686mm
 79.4Hz 132Hz  221Hz  118.9dB   29l +  22l    1x100mm   611mm
 42.6Hz 103Hz  184Hz  108.0dB   55l +  16l  - 1x70mm    670mm
 46.7Hz 109Hz  188Hz  109.7dB   47l +  16l  - 1x70mm    597mm
 51.2Hz 116Hz  193Hz  111.3dB   41l +  16l  - 1x70mm    532mm
 56.0Hz 123Hz  198Hz  112.8dB   35l +  16l  - 1x70mm    475mm
 61.2Hz 130Hz  203Hz  114.4dB   31l +  16l  - 1x70mm    423mm
 66.9Hz 138Hz  208Hz  115.9dB   27l +  16l    1x100mm   769mm
 72.9Hz 146Hz  214Hz  117.4dB   23l +  16l    1x100mm   686mm
 79.4Hz 155Hz  221Hz  118.9dB   21l +  16l    1x100mm   611mm
 51.1Hz 124Hz  301Hz  111.2dB   34l +  11l  - 1x70mm    670mm
 56.3Hz 131Hz  306Hz  112.9dB   30l +  11l  - 1x70mm    598mm
 62.0Hz 139Hz  312Hz  114.6dB   26l +  11l  - 1x70mm    533mm
 68.2Hz 147Hz  318Hz  116.2dB   23l +  11l  - 1x70mm    475mm
 75.0Hz 156Hz  325Hz  117.9dB   20l +  11l  - 1x70mm    423mm
 82.3Hz 165Hz  332Hz  119.5dB   18l +  11l    1x100mm   769mm
-------------
285exc 11V
           101.0dB            70W      1x100mm
   fu     fb      fo      SplMech  Vb1     Vb2       d         l        C
 46.0Hz  96Hz  199Hz  109.4dB   69l +  19l  - 1x70mm    666mm
 50.5Hz 101Hz  204Hz  111.0dB   58l +  19l  - 1x70mm    594mm
 55.3Hz 107Hz  208Hz  112.6dB   50l +  19l  - 1x70mm    529mm
 60.6Hz 114Hz  214Hz  114.2dB   43l +  19l  - 1x70mm    472mm
 66.2Hz 121Hz  219Hz  115.7dB   37l +  19l  - 1x70mm    420mm
 72.3Hz 128Hz  225Hz  117.3dB   32l +  19l    1x100mm   764mm
 78.8Hz 135Hz  232Hz  118.8dB   28l +  19l    1x100mm   681mm
 46.0Hz 112Hz  199Hz  109.4dB   45l +  14l  - 1x70mm    666mm
 50.5Hz 118Hz  204Hz  111.0dB   39l +  14l  - 1x70mm    594mm
 55.3Hz 125Hz  208Hz  112.6dB   34l +  14l  - 1x70mm    529mm
 60.6Hz 133Hz  214Hz  114.2dB   29l +  14l  - 1x70mm    472mm
 66.2Hz 141Hz  219Hz  115.7dB   26l +  14l  - 1x70mm    420mm
 72.3Hz 149Hz  225Hz  117.3dB   22l +  14l    1x100mm   764mm
 78.8Hz 158Hz  232Hz  118.8dB   20l +  14l    1x100mm   681mm
 55.2Hz 134Hz  325Hz  112.6dB   29l +  10l  - 1x70mm    666mm
 60.9Hz 142Hz  331Hz  114.3dB   25l +  10l  - 1x70mm    594mm
 67.1Hz 150Hz  337Hz  115.9dB   22l +  10l  - 1x70mm    529mm
 73.8Hz 159Hz  344Hz  117.6dB   19l +  10l  - 1x70mm    472mm
 81.1Hz 169Hz  351Hz  119.2dB   17l +  10l  - 1x70mm    420mm
-------------
285exc 12V
           102.0dB            70W      1x100mm
   fu     fb      fo      SplMech  Vb1     Vb2       d         l        C
 52.0Hz 108Hz  225Hz  111.5dB   49l +  15l  - 1x70mm    670mm
 57.1Hz 115Hz  230Hz  113.2dB   42l +  15l  - 1x70mm    597mm
 62.6Hz 121Hz  236Hz  114.7dB   36l +  15l  - 1x70mm    532mm
 68.5Hz 129Hz  242Hz  116.3dB   31l +  15l  - 1x70mm    475mm
 74.9Hz 136Hz  248Hz  117.9dB   27l +  15l  - 1x70mm    423mm
 81.8Hz 144Hz  255Hz  119.4dB   24l +  15l    1x100mm   769mm
 52.0Hz 126Hz  225Hz  111.5dB   33l +  11l  - 1x70mm    670mm
 57.1Hz 134Hz  230Hz  113.2dB   29l +  11l  - 1x70mm    597mm
 62.6Hz 142Hz  236Hz  114.7dB   25l +  11l  - 1x70mm    532mm
 68.5Hz 150Hz  242Hz  116.3dB   22l +  11l  - 1x70mm    475mm
 74.9Hz 159Hz  248Hz  117.9dB   19l +  11l  - 1x70mm    423mm
 81.8Hz 168Hz  255Hz  119.4dB   17l +  11l    1x100mm   769mm
 62.4Hz 152Hz  368Hz  114.7dB   21l +   7l  - 1x70mm    670mm
 68.9Hz 161Hz  374Hz  116.4dB   19l +   7l  - 1x70mm    598mm
 75.8Hz 170Hz  381Hz  118.1dB   17l +   7l  - 1x70mm    533mm
 83.4Hz 180Hz  389Hz  119.7dB   15l +   7l  - 1x70mm    475mm
-------------
400exc 5V
            91.5dB            70W      2x100mm
   fu     fb      fo      SplMech  Vb1     Vb2       d         l        C
 18.5Hz  26Hz   36Hz  100.6dB 7685l + 920l    2x100mm   771mm
 19.9Hz  27Hz   37Hz  102.0dB 2339l + 920l    2x100mm   687mm
 16.0Hz  26Hz   36Hz   98.2dB 7685l + 676l  - 1x100mm   528mm
 19.9Hz  27Hz   37Hz  102.0dB 2339l + 676l  - 1x100mm   471mm
 14.4Hz  25Hz   45Hz   96.4dB 11429l + 469l  - 1x100mm   774mm
 15.7Hz  27Hz   46Hz   97.9dB 2639l + 469l  - 1x100mm   690mm
 17.1Hz  29Hz   48Hz   99.3dB 1415l + 469l  - 1x100mm   615mm
 18.6Hz  30Hz   49Hz  100.8dB  931l + 469l  - 1x100mm   548mm
 20.2Hz  32Hz   51Hz  102.3dB  673l + 469l  - 1x100mm   488mm
 22.0Hz  34Hz   53Hz  103.7dB  513l + 469l  - 1x100mm   435mm
 23.8Hz  36Hz   54Hz  105.1dB  405l + 469l    2x100mm   771mm
 25.8Hz  38Hz   56Hz  106.5dB  328l + 469l    2x100mm   688mm
-------------
400exc 7V
            94.0dB            70W      2x100mm
   fu     fb      fo      SplMech  Vb1     Vb2       d         l        C
 15.0Hz  26Hz   44Hz   97.1dB 6817l + 331l  * 1x70mm    524mm
 16.4Hz  27Hz   46Hz   98.6dB 2277l + 331l  * 1x70mm    467mm
 17.8Hz  29Hz   47Hz  100.0dB 1302l + 331l  * 1x70mm    416mm
 19.4Hz  31Hz   49Hz  101.5dB  880l + 331l  - 1x100mm   757mm
 21.0Hz  32Hz   50Hz  102.9dB  645l + 331l  - 1x100mm   675mm
 22.8Hz  34Hz   52Hz  104.3dB  497l + 331l  - 1x100mm   601mm
 24.7Hz  36Hz   54Hz  105.7dB  434l + 331l  - 1x100mm   563mm
 26.7Hz  39Hz   56Hz  107.0dB  321l + 331l  - 1x100mm   477mm
 28.8Hz  41Hz   58Hz  108.4dB  265l + 331l  - 1x100mm   426mm
 31.1Hz  43Hz   60Hz  109.7dB  222l + 331l    2x100mm   754mm
 33.5Hz  46Hz   63Hz  111.0dB  187l + 331l    2x100mm   672mm
 11.6Hz  25Hz   41Hz   92.5dB 16859l + 243l  * 1x70mm    740mm
 12.6Hz  27Hz   42Hz   94.1dB 2931l + 243l  * 1x70mm    659mm
 13.8Hz  28Hz   43Hz   95.6dB 1519l + 243l  * 1x70mm    588mm
 15.0Hz  30Hz   44Hz   97.1dB  987l + 243l  * 1x70mm    524mm
 16.4Hz  32Hz   46Hz   98.6dB  709l + 243l  * 1x70mm    467mm
 17.8Hz  34Hz   47Hz  100.0dB  538l + 243l  * 1x70mm    416mm
 19.4Hz  36Hz   49Hz  101.5dB  424l + 243l  - 1x100mm   757mm
 21.0Hz  38Hz   50Hz  102.9dB  342l + 243l  - 1x100mm   674mm
 22.8Hz  34Hz   52Hz  104.3dB  497l + 243l  * 1x70mm    401mm
 24.7Hz  36Hz   54Hz  105.7dB  434l + 243l  - 1x100mm   766mm
 26.7Hz  39Hz   56Hz  107.0dB  321l + 243l  - 1x100mm   650mm
 24.8Hz  41Hz   58Hz  105.8dB  265l + 243l  - 1x100mm   579mm
 27.1Hz  43Hz   60Hz  107.3dB  222l + 243l  - 1x100mm   516mm
 33.5Hz  46Hz   63Hz  111.0dB  187l + 243l  - 1x100mm   460mm
 10.5Hz  26Hz   62Hz   90.9dB 9554l + 169l  * 1x70mm   1045mm
 11.6Hz  27Hz   63Hz   92.6dB 2554l + 169l  * 1x70mm    932mm
 12.8Hz  29Hz   64Hz   94.3dB 1400l + 169l  * 1x70mm    830mm
 14.1Hz  30Hz   66Hz   95.9dB  929l + 169l  * 1x70mm    740mm
 15.5Hz  32Hz   67Hz   97.6dB  675l + 169l  * 1x70mm    659mm
 17.0Hz  34Hz   68Hz   99.2dB  516l + 169l  * 1x70mm    588mm
 18.6Hz  36Hz   70Hz  100.8dB  408l + 169l  * 1x70mm    524mm
 20.4Hz  38Hz   72Hz  102.4dB  331l + 169l  * 1x70mm    467mm
 22.3Hz  41Hz   74Hz  103.9dB  273l + 169l  * 1x70mm    416mm
 24.3Hz  43Hz   76Hz  105.4dB  228l + 169l  - 1x100mm   757mm
 26.5Hz  45Hz   78Hz  106.9dB  192l + 169l  - 1x100mm   674mm
 28.9Hz  48Hz   80Hz  108.4dB  164l + 169l  - 1x100mm   601mm
 31.4Hz  51Hz   83Hz  109.9dB  140l + 169l  - 1x100mm   536mm
 34.1Hz  54Hz   86Hz  111.3dB  121l + 169l  - 1x100mm   477mm
 37.0Hz  57Hz   89Hz  112.7dB  105l + 169l  - 1x100mm   426mm
 40.1Hz  61Hz   92Hz  114.1dB   91l + 169l    2x100mm   754mm
 43.4Hz  64Hz   95Hz  115.5dB   79l + 169l    2x100mm   672mm
-------------
400exc 9V
            95.4dB            70W      2x100mm
   fu     fb      fo      SplMech  Vb1     Vb2       d         l        C
 12.2Hz  25Hz   53Hz   93.5dB 14011l + 170l  * 1x70mm   1054mm
 13.4Hz  27Hz   54Hz   95.1dB 2798l + 170l  * 1x70mm    940mm
 14.7Hz  28Hz   55Hz   96.7dB 1474l + 170l  * 1x70mm    838mm
 16.1Hz  30Hz   57Hz   98.2dB  964l + 170l  * 1x70mm    747mm
 17.6Hz  32Hz   58Hz   99.8dB  693l + 170l  * 1x70mm    665mm
 19.2Hz  34Hz   60Hz  101.3dB  528l + 170l  * 1x70mm    593mm
 20.9Hz  36Hz   62Hz  102.8dB  416l + 170l  * 1x70mm    529mm
 22.8Hz  38Hz   63Hz  104.3dB  336l + 170l  * 1x70mm    471mm
 24.8Hz  40Hz   65Hz  105.8dB  277l + 170l  * 1x70mm    420mm
 26.9Hz  43Hz   68Hz  107.2dB  231l + 170l  - 1x100mm   764mm
 29.2Hz  45Hz   70Hz  108.6dB  195l + 170l  - 1x100mm   681mm
 31.7Hz  48Hz   72Hz  110.0dB  165l + 170l  - 1x100mm   607mm
 34.3Hz  49Hz   75Hz  111.4dB  151l + 170l  - 1x100mm   568mm
 37.1Hz  54Hz   78Hz  112.8dB  122l + 170l  - 1x100mm   482mm
 40.1Hz  57Hz   81Hz  114.1dB  106l + 170l  - 1x100mm   429mm
 43.2Hz  60Hz   84Hz  115.4dB   92l + 170l    2x100mm   761mm
 46.6Hz  64Hz   87Hz  116.7dB   80l + 170l    2x100mm   678mm
 12.2Hz  30Hz   53Hz   93.5dB 1090l + 125l  * 1x70mm   1055mm
 13.4Hz  31Hz   54Hz   95.1dB  765l + 125l  * 1x70mm    940mm
 14.7Hz  33Hz   55Hz   96.7dB  573l + 125l  * 1x70mm    838mm
 16.1Hz  35Hz   57Hz   98.2dB  448l + 125l  * 1x70mm    747mm
 17.6Hz  37Hz   58Hz   99.8dB  359l + 125l  * 1x70mm    665mm
 19.2Hz  40Hz   60Hz  101.3dB  294l + 125l  * 1x70mm    593mm
 20.9Hz  42Hz   62Hz  102.8dB  244l + 125l  * 1x70mm    529mm
 22.8Hz  44Hz   63Hz  104.3dB  205l + 125l  * 1x70mm    471mm
 24.8Hz  47Hz   65Hz  105.8dB  174l + 125l  * 1x70mm    420mm
 26.9Hz  50Hz   68Hz  107.2dB  149l + 125l  - 1x100mm   764mm
 29.2Hz  53Hz   70Hz  108.6dB  128l + 125l  - 1x100mm   681mm
 31.7Hz  48Hz   72Hz  110.0dB  165l + 125l  * 1x70mm    405mm
 34.3Hz  49Hz   75Hz  111.4dB  151l + 125l  - 1x100mm   773mm
 37.1Hz  54Hz   78Hz  112.8dB  122l + 125l  - 1x100mm   656mm
 34.4Hz  57Hz   81Hz  111.5dB  106l + 125l  - 1x100mm   584mm
 37.6Hz  60Hz   84Hz  113.0dB   92l + 125l  - 1x100mm   521mm
 46.6Hz  64Hz   87Hz  116.7dB   80l + 125l  - 1x100mm   464mm
 14.6Hz  36Hz   86Hz   96.6dB  431l +  87l  * 1x70mm   1054mm
 16.2Hz  38Hz   88Hz   98.3dB  347l +  87l  * 1x70mm    940mm
 17.8Hz  40Hz   89Hz  100.0dB  285l +  87l  * 1x70mm    838mm
 19.6Hz  42Hz   91Hz  101.7dB  237l +  87l  * 1x70mm    747mm
 21.5Hz  45Hz   93Hz  103.3dB  200l +  87l  * 1x70mm    665mm
 23.6Hz  47Hz   95Hz  104.9dB  170l +  87l  * 1x70mm    593mm
 25.9Hz  50Hz   97Hz  106.5dB  145l +  87l  * 1x70mm    528mm
 28.3Hz  53Hz  100Hz  108.1dB  125l +  87l  * 1x70mm    471mm
 30.9Hz  56Hz  103Hz  109.6dB  108l +  87l  * 1x70mm    420mm
 33.8Hz  60Hz  105Hz  111.2dB   94l +  87l  - 1x100mm   764mm
 36.8Hz  63Hz  108Hz  112.7dB   82l +  87l  - 1x100mm   681mm
 40.1Hz  67Hz  112Hz  114.1dB   71l +  87l  - 1x100mm   607mm
 43.6Hz  71Hz  115Hz  115.6dB   62l +  87l  - 1x100mm   541mm
 47.4Hz  75Hz  119Hz  117.0dB   55l +  87l  - 1x100mm   482mm
 51.5Hz  80Hz  123Hz  118.5dB   48l +  87l  - 1x100mm   429mm
 55.8Hz  84Hz  127Hz  119.9dB   42l +  87l    2x100mm   761mm
 60.4Hz  89Hz  132Hz  121.2dB   37l +  87l    2x100mm   678mm
-------------
400exc 11V
            96.8dB            70W      2x100mm
   fu     fb      fo      SplMech  Vb1     Vb2       d         l        C
 17.1Hz  35Hz   74Hz   99.3dB  428l +  86l  * 1x70mm   1072mm
 18.7Hz  38Hz   75Hz  100.9dB  344l +  86l  * 1x70mm    955mm
 20.5Hz  40Hz   77Hz  102.5dB  282l +  86l  * 1x70mm    851mm
 22.4Hz  42Hz   79Hz  104.0dB  235l +  86l  * 1x70mm    759mm
 24.5Hz  45Hz   81Hz  105.6dB  198l +  86l  * 1x70mm    676mm
 26.8Hz  47Hz   83Hz  107.1dB  168l +  86l  * 1x70mm    603mm
 29.2Hz  50Hz   86Hz  108.6dB  144l +  86l  * 1x70mm    537mm
 31.8Hz  53Hz   89Hz  110.1dB  124l +  86l  * 1x70mm    479mm
 34.6Hz  56Hz   91Hz  111.6dB  107l +  86l  * 1x70mm    427mm
 37.6Hz  60Hz   94Hz  113.0dB   93l +  86l  - 1x100mm   776mm
 40.8Hz  63Hz   97Hz  114.4dB   81l +  86l  - 1x100mm   692mm
 44.2Hz  67Hz  101Hz  115.8dB   71l +  86l  - 1x100mm   616mm
 47.9Hz  69Hz  105Hz  117.2dB   65l +  86l  - 1x100mm   577mm
 51.8Hz  75Hz  108Hz  118.6dB   54l +  86l  - 1x100mm   490mm
 56.0Hz  79Hz  113Hz  119.9dB   48l +  86l  - 1x100mm   436mm
 60.4Hz  84Hz  117Hz  121.2dB   42l +  86l    2x100mm   773mm
 65.1Hz  89Hz  122Hz  122.6dB   37l +  86l    2x100mm   689mm
 17.1Hz  41Hz   74Hz   99.3dB  249l +  63l  * 1x70mm   1072mm
 18.7Hz  44Hz   75Hz  100.9dB  209l +  63l  * 1x70mm    955mm
 20.5Hz  46Hz   77Hz  102.5dB  177l +  63l  * 1x70mm    851mm
 22.4Hz  49Hz   79Hz  104.0dB  151l +  63l  * 1x70mm    759mm
 24.5Hz  52Hz   81Hz  105.6dB  130l +  63l  * 1x70mm    676mm
 26.8Hz  55Hz   83Hz  107.1dB  112l +  63l  * 1x70mm    603mm
 29.2Hz  58Hz   86Hz  108.6dB   97l +  63l  * 1x70mm    537mm
 31.8Hz  62Hz   89Hz  110.1dB   84l +  63l  * 1x70mm    479mm
 34.6Hz  66Hz   91Hz  111.6dB   74l +  63l  * 1x70mm    427mm
 37.6Hz  69Hz   94Hz  113.0dB   64l +  63l  - 1x100mm   776mm
 40.8Hz  74Hz   97Hz  114.4dB   57l +  63l  - 1x100mm   692mm
 44.2Hz  67Hz  101Hz  115.8dB   71l +  63l  * 1x70mm    411mm
 47.9Hz  69Hz  105Hz  117.2dB   65l +  63l  - 1x100mm   786mm
 51.8Hz  75Hz  108Hz  118.6dB   54l +  63l  - 1x100mm   666mm
 48.1Hz  79Hz  113Hz  117.3dB   48l +  63l  - 1x100mm   594mm
 52.5Hz  84Hz  117Hz  118.8dB   42l +  63l  - 1x100mm   529mm
 65.1Hz  89Hz  122Hz  122.6dB   37l +  63l  - 1x100mm   472mm
 20.5Hz  50Hz  120Hz  102.4dB  147l +  44l  * 1x70mm   1071mm
 22.6Hz  53Hz  123Hz  104.1dB  126l +  44l  * 1x70mm    955mm
 24.8Hz  56Hz  125Hz  105.8dB  109l +  44l  * 1x70mm    851mm
 27.3Hz  59Hz  127Hz  107.5dB   95l +  44l  * 1x70mm    759mm
 30.0Hz  63Hz  130Hz  109.1dB   82l +  44l  * 1x70mm    676mm
 33.0Hz  66Hz  133Hz  110.7dB   72l +  44l  * 1x70mm    603mm
 36.1Hz  70Hz  136Hz  112.3dB   63l +  44l  * 1x70mm    537mm
 39.5Hz  74Hz  140Hz  113.9dB   55l +  44l  * 1x70mm    479mm
 43.2Hz  79Hz  143Hz  115.4dB   49l +  44l  * 1x70mm    427mm
 47.2Hz  83Hz  147Hz  117.0dB   43l +  44l  - 1x100mm   776mm
 51.5Hz  88Hz  151Hz  118.5dB   38l +  44l  - 1x100mm   692mm
 56.0Hz  94Hz  156Hz  119.9dB   33l +  44l  - 1x100mm   616mm
 61.0Hz  99Hz  161Hz  121.4dB   29l +  44l  - 1x100mm   549mm
 66.2Hz 105Hz  166Hz  122.8dB   26l +  44l  - 1x100mm   490mm
 71.9Hz 111Hz  172Hz  124.3dB   23l +  44l  - 1x100mm   436mm
 77.9Hz 118Hz  178Hz  125.7dB   20l +  44l    2x100mm   773mm
 84.4Hz 125Hz  184Hz  127.0dB   18l +  44l    2x100mm   689mm
-------------
400exc 13V
            98.1dB            70W      2x100mm
   fu     fb      fo      SplMech  Vb1     Vb2       d         l        C
 22.3Hz  46Hz   96Hz  103.9dB  180l +  51l  * 1x70mm   1059mm
 24.4Hz  49Hz   98Hz  105.5dB  154l +  51l  * 1x70mm    944mm
 26.8Hz  52Hz  101Hz  107.1dB  132l +  51l  * 1x70mm    841mm
 29.3Hz  55Hz  103Hz  108.7dB  114l +  51l  * 1x70mm    750mm
 32.0Hz  58Hz  106Hz  110.2dB   99l +  51l  * 1x70mm    668mm
 35.0Hz  62Hz  109Hz  111.7dB   86l +  51l  * 1x70mm    596mm
 38.1Hz  65Hz  112Hz  113.3dB   75l +  51l  * 1x70mm    531mm
 41.5Hz  69Hz  116Hz  114.7dB   66l +  51l  * 1x70mm    473mm
 45.2Hz  73Hz  119Hz  116.2dB   58l +  51l  * 1x70mm    422mm
 49.1Hz  78Hz  123Hz  117.6dB   51l +  51l  - 1x100mm   767mm
 53.2Hz  82Hz  127Hz  119.1dB   45l +  51l  - 1x100mm   684mm
 57.7Hz  87Hz  132Hz  120.5dB   39l +  51l  - 1x100mm   609mm
 62.5Hz  90Hz  136Hz  121.8dB   37l +  51l  - 1x100mm   571mm
 67.6Hz  98Hz  142Hz  123.2dB   31l +  51l  - 1x100mm   484mm
 73.0Hz 104Hz  147Hz  124.5dB   27l +  51l  - 1x100mm   431mm
 78.8Hz 110Hz  153Hz  125.9dB   24l +  51l    2x100mm   764mm
 22.3Hz  54Hz   96Hz  103.9dB  119l +  37l  * 1x70mm   1059mm
 24.4Hz  57Hz   98Hz  105.5dB  103l +  37l  * 1x70mm    944mm
 26.8Hz  61Hz  101Hz  107.1dB   90l +  37l  * 1x70mm    841mm
 29.3Hz  64Hz  103Hz  108.7dB   78l +  37l  * 1x70mm    750mm
 32.0Hz  68Hz  106Hz  110.2dB   68l +  37l  * 1x70mm    669mm
 35.0Hz  72Hz  109Hz  111.7dB   60l +  37l  * 1x70mm    596mm
 38.1Hz  76Hz  112Hz  113.3dB   53l +  37l  * 1x70mm    531mm
 41.5Hz  81Hz  116Hz  114.7dB   46l +  37l  * 1x70mm    473mm
 45.2Hz  86Hz  119Hz  116.2dB   41l +  37l  * 1x70mm    422mm
 49.1Hz  91Hz  123Hz  117.6dB   36l +  37l  - 1x100mm   767mm
 53.2Hz  96Hz  127Hz  119.1dB   32l +  37l  - 1x100mm   684mm
 57.7Hz  87Hz  132Hz  120.5dB   39l +  37l  * 1x70mm    406mm
 62.5Hz  90Hz  136Hz  121.8dB   37l +  37l  - 1x100mm   777mm
 67.6Hz  98Hz  142Hz  123.2dB   31l +  37l  - 1x100mm   659mm
 62.8Hz 104Hz  147Hz  121.9dB   27l +  37l  - 1x100mm   587mm
 68.6Hz 110Hz  153Hz  123.4dB   24l +  37l  - 1x100mm   523mm
 26.7Hz  65Hz  157Hz  107.1dB   77l +  26l  * 1x70mm   1059mm
 29.4Hz  69Hz  160Hz  108.8dB   67l +  26l  * 1x70mm    944mm
 32.4Hz  73Hz  163Hz  110.4dB   59l +  26l  * 1x70mm    842mm
 35.7Hz  77Hz  166Hz  112.1dB   52l +  26l  * 1x70mm    750mm
 39.2Hz  82Hz  170Hz  113.7dB   45l +  26l  * 1x70mm    668mm
 43.0Hz  86Hz  174Hz  115.4dB   40l +  26l  * 1x70mm    596mm
 47.2Hz  92Hz  178Hz  116.9dB   35l +  26l  * 1x70mm    531mm
 51.6Hz  97Hz  182Hz  118.5dB   31l +  26l  * 1x70mm    473mm
 56.4Hz 103Hz  187Hz  120.1dB   28l +  26l  * 1x70mm    422mm
 61.6Hz 109Hz  192Hz  121.6dB   24l +  26l  - 1x100mm   767mm
 67.2Hz 115Hz  198Hz  123.1dB   22l +  26l  - 1x100mm   684mm
 73.1Hz 122Hz  204Hz  124.6dB   19l +  26l  - 1x100mm   609mm
 79.6Hz 129Hz  210Hz  126.0dB   17l +  26l  - 1x100mm   543mm
-------------
400exc 14V
            98.7dB            70W      2x100mm
   fu     fb      fo      SplMech  Vb1     Vb2       d         l        C
 24.5Hz  51Hz  106Hz  105.6dB  139l +  42l  * 1x70mm   1057mm
 26.9Hz  54Hz  109Hz  107.2dB  119l +  42l  * 1x70mm    942mm
 29.5Hz  57Hz  111Hz  108.8dB  103l +  42l  * 1x70mm    840mm
 32.3Hz  61Hz  114Hz  110.4dB   90l +  42l  * 1x70mm    748mm
 35.3Hz  64Hz  117Hz  111.9dB   78l +  42l  * 1x70mm    667mm
 38.6Hz  68Hz  120Hz  113.4dB   68l +  42l  * 1x70mm    594mm
 42.0Hz  72Hz  124Hz  115.0dB   60l +  42l  * 1x70mm    530mm
 45.8Hz  76Hz  127Hz  116.4dB   53l +  42l  * 1x70mm    472mm
 49.8Hz  81Hz  131Hz  117.9dB   46l +  42l  * 1x70mm    421mm
 54.1Hz  86Hz  136Hz  119.3dB   41l +  42l  - 1x100mm   765mm
 58.7Hz  91Hz  140Hz  120.8dB   36l +  42l  - 1x100mm   682mm
 63.6Hz  96Hz  145Hz  122.2dB   32l +  42l  - 1x100mm   608mm
 68.9Hz  99Hz  151Hz  123.5dB   30l +  42l  - 1x100mm   569mm
 74.5Hz 108Hz  156Hz  124.9dB   25l +  42l  - 1x100mm   483mm
 80.5Hz 114Hz  162Hz  126.2dB   22l +  42l  - 1x100mm   430mm
 24.5Hz  60Hz  106Hz  105.6dB   94l +  31l  * 1x70mm   1057mm
 26.9Hz  63Hz  109Hz  107.2dB   82l +  31l  * 1x70mm    942mm
 29.5Hz  67Hz  111Hz  108.8dB   71l +  31l  * 1x70mm    839mm
 32.3Hz  71Hz  114Hz  110.4dB   63l +  31l  * 1x70mm    748mm
 35.3Hz  75Hz  117Hz  111.9dB   55l +  31l  * 1x70mm    667mm
 38.6Hz  79Hz  120Hz  113.4dB   48l +  31l  * 1x70mm    594mm
 42.0Hz  84Hz  124Hz  115.0dB   43l +  31l  * 1x70mm    530mm
 45.8Hz  89Hz  127Hz  116.4dB   38l +  31l  * 1x70mm    472mm
 49.8Hz  94Hz  131Hz  117.9dB   33l +  31l  * 1x70mm    421mm
 54.1Hz 100Hz  136Hz  119.3dB   29l +  31l  - 1x100mm   765mm
 58.7Hz 106Hz  140Hz  120.8dB   26l +  31l  - 1x100mm   682mm
 63.6Hz  96Hz  145Hz  122.2dB   32l +  31l  * 1x70mm    405mm
 68.9Hz  99Hz  151Hz  123.5dB   30l +  31l  - 1x100mm   775mm
 74.5Hz 108Hz  156Hz  124.9dB   25l +  31l  - 1x100mm   657mm
 69.2Hz 114Hz  162Hz  123.6dB   22l +  31l  - 1x100mm   586mm
 75.6Hz 121Hz  169Hz  125.1dB   20l +  31l  - 1x100mm   522mm
 29.4Hz  71Hz  173Hz  108.8dB   61l +  21l  * 1x70mm   1057mm
 32.5Hz  76Hz  176Hz  110.5dB   54l +  21l  * 1x70mm    942mm
 35.8Hz  80Hz  180Hz  112.1dB   47l +  21l  * 1x70mm    840mm
 39.3Hz  85Hz  183Hz  113.8dB   42l +  21l  * 1x70mm    748mm
 43.2Hz  90Hz  187Hz  115.4dB   37l +  21l  * 1x70mm    667mm
 47.4Hz  95Hz  191Hz  117.1dB   32l +  21l  * 1x70mm    594mm
 52.0Hz 101Hz  196Hz  118.6dB   29l +  21l  * 1x70mm    530mm
 56.9Hz 107Hz  201Hz  120.2dB   25l +  21l  * 1x70mm    472mm
 62.2Hz 113Hz  206Hz  121.8dB   22l +  21l  * 1x70mm    421mm
 67.9Hz 120Hz  212Hz  123.3dB   20l +  21l  - 1x100mm   765mm
 74.1Hz 127Hz  218Hz  124.8dB   18l +  21l  - 1x100mm   682mm
 80.7Hz 135Hz  225Hz  126.3dB   16l +  21l  - 1x100mm   608mm
-------------
400exc 15V
            99.1dB            70W      2x100mm
   fu     fb      fo      SplMech  Vb1     Vb2       d         l        C
 26.9Hz  56Hz  116Hz  107.2dB  107l +  34l  * 1x70mm   1082mm
 29.5Hz  59Hz  119Hz  108.8dB   93l +  34l  * 1x70mm    964mm
 32.3Hz  63Hz  122Hz  110.4dB   81l +  34l  * 1x70mm    859mm
 35.3Hz  66Hz  125Hz  111.9dB   71l +  34l  * 1x70mm    766mm
 38.6Hz  70Hz  128Hz  113.5dB   62l +  34l  * 1x70mm    682mm
 42.2Hz  74Hz  132Hz  115.0dB   54l +  34l  * 1x70mm    608mm
 46.0Hz  79Hz  135Hz  116.5dB   48l +  34l  * 1x70mm    542mm
 50.1Hz  84Hz  139Hz  118.0dB   42l +  34l  * 1x70mm    483mm
 54.5Hz  89Hz  144Hz  119.5dB   37l +  34l  * 1x70mm    431mm
 59.2Hz  94Hz  149Hz  120.9dB   33l +  34l  - 1x100mm   783mm
 64.3Hz  99Hz  154Hz  122.3dB   29l +  34l  - 1x100mm   698mm
 69.6Hz 105Hz  159Hz  123.7dB   26l +  34l  - 1x100mm   622mm
 75.4Hz 109Hz  165Hz  125.1dB   24l +  34l  - 1x100mm   583mm
 81.6Hz 118Hz  171Hz  126.5dB   20l +  34l  - 1x100mm   494mm
 26.9Hz  65Hz  116Hz  107.2dB   74l +  25l  * 1x70mm   1082mm
 29.5Hz  69Hz  119Hz  108.8dB   65l +  25l  * 1x70mm    964mm
 32.3Hz  73Hz  122Hz  110.4dB   57l +  25l  * 1x70mm    859mm
 35.3Hz  77Hz  125Hz  111.9dB   50l +  25l  * 1x70mm    766mm
 38.6Hz  82Hz  128Hz  113.5dB   44l +  25l  * 1x70mm    683mm
 42.2Hz  87Hz  132Hz  115.0dB   39l +  25l  * 1x70mm    608mm
 46.0Hz  92Hz  135Hz  116.5dB   34l +  25l  * 1x70mm    542mm
 50.1Hz  98Hz  139Hz  118.0dB   30l +  25l  * 1x70mm    483mm
 54.5Hz 103Hz  144Hz  119.5dB   27l +  25l  * 1x70mm    431mm
 59.2Hz 109Hz  149Hz  120.9dB   24l +  25l  - 1x100mm   783mm
 64.3Hz 116Hz  154Hz  122.3dB   21l +  25l  - 1x100mm   698mm
 69.6Hz 105Hz  159Hz  123.7dB   26l +  25l  * 1x70mm    415mm
 75.4Hz 109Hz  165Hz  125.1dB   24l +  25l  - 1x100mm   793mm
 81.6Hz 118Hz  171Hz  126.5dB   20l +  25l  - 1x100mm   673mm
 75.7Hz 125Hz  177Hz  125.2dB   18l +  25l  - 1x100mm   599mm
 82.7Hz 132Hz  184Hz  126.7dB   16l +  25l  - 1x100mm   534mm
 32.2Hz  78Hz  190Hz  110.3dB   49l +  17l  * 1x70mm   1081mm
 35.5Hz  83Hz  193Hz  112.0dB   43l +  17l  * 1x70mm    964mm
 39.1Hz  88Hz  197Hz  113.7dB   38l +  17l  * 1x70mm    859mm
 43.1Hz  93Hz  201Hz  115.4dB   33l +  17l  * 1x70mm    766mm
 47.3Hz  98Hz  205Hz  117.0dB   30l +  17l  * 1x70mm    682mm
 51.9Hz 104Hz  209Hz  118.6dB   26l +  17l  * 1x70mm    608mm
 56.9Hz 110Hz  214Hz  120.2dB   23l +  17l  * 1x70mm    542mm
 62.3Hz 117Hz  220Hz  121.8dB   21l +  17l  * 1x70mm    483mm
 68.1Hz 124Hz  226Hz  123.3dB   18l +  17l  * 1x70mm    431mm
 74.3Hz 131Hz  232Hz  124.9dB   16l +  17l  - 1x100mm   783mm
 81.1Hz 139Hz  239Hz  126.4dB   14l +  17l  - 1x100mm   698mm
