-------------
135 LB
      95.0dB                             35W
Rpre   Spl      qtc    Vb     SplMech Pmech SplEle      f3

0.20  95.5dB:   0.5    6.9l: (117.9dB   271W 109.0dB) @ 202Hz
                0.6    4.1l: (116.9dB   214W 109.0dB) @ 191Hz
                0.7    2.8l: (116.9dB   217W 109.0dB) @ 191Hz
                0.8    2.1l: (118.4dB   300W 109.0dB) @ 208Hz
                0.9    1.6l: (118.8dB   335W 109.0dB) @ 213Hz
                1.0    1.3l: (119.4dB   381W 109.0dB) @ 220Hz
                1.1    1.0l: (120.2dB   454W 109.0dB) @ 230Hz
                1.1    1.0l: (117.3dB   235W 109.0dB) @ 195Hz (  218uF)

0.60  95.1dB:   0.5    8.4l: (116.8dB   224W 108.7dB) @ 189Hz
                0.6    4.9l: (115.8dB   177W 108.7dB) @ 179Hz
                0.7    3.3l: (115.8dB   179W 108.7dB) @ 179Hz
                0.8    2.4l: (117.2dB   248W 108.7dB) @ 194Hz
                0.9    1.8l: (117.7dB   277W 108.7dB) @ 200Hz
                1.0    1.4l: (118.3dB   315W 108.7dB) @ 206Hz
                1.1    1.2l: (119.0dB   375W 108.7dB) @ 216Hz
                1.1    1.2l: (116.2dB   194W 108.7dB) @ 183Hz (  233uF)

1.00  94.9dB:   0.5   10.3l: (115.7dB   187W 108.4dB) @ 178Hz
                0.6    5.8l: (114.7dB   148W 108.4dB) @ 168Hz
                0.7    3.9l: (114.7dB   150W 108.4dB) @ 169Hz
                0.8    2.8l: (116.2dB   208W 108.4dB) @ 183Hz
                0.9    2.1l: (116.6dB   232W 108.4dB) @ 188Hz
                1.0    1.7l: (117.2dB   264W 108.4dB) @ 194Hz
                1.1    1.3l: (118.0dB   314W 108.4dB) @ 203Hz
                1.1    1.3l: (115.1dB   163W 108.4dB) @ 172Hz (  247uF)

-------------
165 LB
      95.0dB                             35W
Rpre   Spl      qtc    Vb     SplMech Pmech SplEle      f3

0.20  95.4dB:   0.5   96.7l: (113.1dB   115W 108.0dB) @ 111Hz
                0.6   39.4l: (112.1dB    91W 108.0dB) @ 105Hz
                0.7   23.2l: (112.2dB    92W 108.0dB) @ 105Hz
                0.8   15.7l: (113.6dB   127W 108.0dB) @ 114Hz
                0.9   11.5l: (114.0dB   142W 108.0dB) @ 117Hz
                1.0    8.9l: (114.6dB   162W 108.0dB) @ 121Hz
                1.1    7.1l: (115.4dB   192W 108.0dB) @ 126Hz
                1.1    7.1l: (112.5dB   100W 108.0dB) @ 107Hz (  503uF)

0.60  95.0dB:   0.5  181.8l: (111.8dB    92W 107.6dB) @ 103Hz
                0.6   54.4l: (110.8dB    73W 107.6dB) @  97Hz
                0.7   29.7l: (110.8dB    74W 107.6dB) @  97Hz
                0.8   19.5l: (112.2dB   102W 107.6dB) @ 106Hz
                0.9   14.1l: (112.7dB   114W 107.6dB) @ 109Hz
                1.0   10.7l: (113.3dB   130W 107.6dB) @ 112Hz
                1.1    8.5l: (114.0dB   155W 107.6dB) @ 117Hz
                1.1    8.5l: (111.2dB    80W 107.6dB) @  99Hz (  543uF)

1.00  94.7dB:   0.5  587.7l: (110.6dB    76W 107.2dB) @  96Hz
                0.6   77.4l: (109.6dB    60W 107.2dB) @  91Hz
                0.7   38.2l: (109.6dB    61W 107.2dB) @  91Hz
                0.8   24.1l: (111.0dB    84W 107.2dB) @  99Hz
                0.9   17.0l: (111.5dB    94W 107.2dB) @ 101Hz
                1.0   12.8l: (112.1dB   107W 107.2dB) @ 105Hz
                1.1   10.0l: (112.8dB   127W 107.2dB) @ 109Hz
                1.1   10.0l: (110.0dB    66W 107.2dB) @  93Hz (  582uF)

-------------
165 GMF
      96.0dB                             35W
Rpre   Spl      qtc    Vb     SplMech Pmech SplEle      f3

0.20  95.7dB:   0.5   78.2l: (113.6dB    90W 109.5dB) @ 114Hz
                0.6   34.0l: (112.6dB    71W 109.5dB) @ 108Hz
                0.7   20.4l: (112.6dB    72W 109.5dB) @ 108Hz
                0.8   13.9l: (114.0dB   100W 109.5dB) @ 117Hz
                0.9   10.3l: (114.5dB   111W 109.5dB) @ 120Hz
                1.0    7.9l: (115.1dB   127W 109.5dB) @ 124Hz
                1.1    6.3l: (115.8dB   151W 109.5dB) @ 130Hz
                1.1    6.3l: (113.0dB    78W 109.5dB) @ 110Hz (  365uF)

0.60  95.4dB:   0.5  120.6l: (112.5dB    75W 109.2dB) @ 107Hz
                0.6   43.6l: (111.5dB    59W 109.2dB) @ 101Hz
                0.7   24.8l: (111.5dB    60W 109.2dB) @ 101Hz
                0.8   16.6l: (112.9dB    83W 109.2dB) @ 110Hz
                0.9   12.1l: (113.4dB    93W 109.2dB) @ 113Hz
                1.0    9.2l: (114.0dB   105W 109.2dB) @ 117Hz
                1.1    7.3l: (114.7dB   125W 109.2dB) @ 122Hz
                1.1    7.3l: (111.9dB    65W 109.2dB) @ 103Hz (  389uF)

1.00  95.1dB:   0.5  217.8l: (111.4dB    63W 108.9dB) @ 101Hz
                0.6   56.8l: (110.4dB    50W 108.9dB) @  95Hz
                0.7   30.3l: (110.5dB    50W 108.9dB) @  96Hz
                0.8   19.7l: (111.9dB    70W 108.9dB) @ 104Hz
                0.9   14.1l: (112.4dB    78W 108.9dB) @ 107Hz
                1.0   10.7l: (112.9dB    89W 108.9dB) @ 110Hz
                1.1    8.5l: (113.7dB   105W 108.9dB) @ 115Hz
                1.1    8.5l: (110.8dB    55W 108.9dB) @  97Hz (  413uF)

-------------
215 RTF 64
      97.0dB                             35W
Rpre   Spl      qtc    Vb     SplMech Pmech SplEle      f3

0.20  96.3dB:   0.6  696.6l: (106.2dB    12W 110.8dB) @  72Hz
                0.7  154.6l: (106.2dB    12W 110.8dB) @  72Hz
                0.8   81.5l: (107.6dB    17W 110.8dB) @  79Hz
                0.9   53.0l: (108.1dB    19W 110.8dB) @  81Hz
                1.0   38.2l: (108.7dB    21W 110.8dB) @  83Hz
                1.1   29.1l: (109.4dB    25W 110.8dB) @  87Hz
                1.1   29.1l: (106.6dB    13W 110.8dB) @  74Hz (  460uF)

0.60  96.1dB:   0.7  219.5l: (105.3dB    10W 110.6dB) @  69Hz
                0.8  102.3l: (106.7dB    14W 110.6dB) @  74Hz
                0.9   63.7l: (107.2dB    16W 110.6dB) @  77Hz
                1.0   44.8l: (107.7dB    18W 110.6dB) @  79Hz
                1.1   33.8l: (108.5dB    22W 110.6dB) @  83Hz
                1.1   33.8l: (105.6dB    11W 110.6dB) @  70Hz (  486uF)

1.00  95.8dB:   0.7  341.1l: (104.4dB     9W 110.3dB) @  65Hz
                0.8  130.6l: (105.8dB    12W 110.3dB) @  71Hz
                0.9   76.9l: (106.3dB    14W 110.3dB) @  73Hz
                1.0   52.6l: (106.9dB    16W 110.3dB) @  75Hz
                1.1   39.1l: (107.6dB    19W 110.3dB) @  79Hz
                1.1   39.1l: (104.8dB    10W 110.3dB) @  67Hz (  510uF)

-------------
215 RTF 64 bic
      96.0dB                             35W
Rpre   Spl      qtc    Vb     SplMech Pmech SplEle      f3

0.20  94.2dB:   0.6  398.0l: (104.2dB    12W 108.7dB) @  65Hz
                0.7  121.4l: (104.3dB    13W 108.7dB) @  65Hz
                0.8   67.4l: (105.7dB    17W 108.7dB) @  70Hz
                0.9   44.8l: (106.2dB    20W 108.7dB) @  72Hz
                1.0   32.6l: (106.7dB    22W 108.7dB) @  75Hz
                1.1   25.0l: (107.5dB    26W 108.7dB) @  78Hz
                1.1   25.0l: (104.6dB    14W 108.7dB) @  66Hz (  515uF)

0.60  93.9dB:   0.7  163.2l: (103.4dB    11W 108.4dB) @  62Hz
                0.8   82.8l: (104.8dB    15W 108.4dB) @  67Hz
                0.9   53.1l: (105.3dB    17W 108.4dB) @  69Hz
                1.0   37.9l: (105.8dB    19W 108.4dB) @  71Hz
                1.1   28.8l: (106.6dB    23W 108.4dB) @  74Hz
                1.1   28.8l: (103.7dB    12W 108.4dB) @  63Hz (  542uF)

1.00  93.7dB:   0.7  230.7l: (102.5dB     9W 108.2dB) @  59Hz
                0.8  102.6l: (103.9dB    13W 108.2dB) @  64Hz
                0.9   63.0l: (104.4dB    15W 108.2dB) @  65Hz
                1.0   44.0l: (105.0dB    17W 108.2dB) @  68Hz
                1.1   33.0l: (105.7dB    20W 108.2dB) @  71Hz
                1.1   33.0l: (102.9dB    10W 108.2dB) @  60Hz (  569uF)

-------------
215 sig
      94.0dB                             35W
Rpre   Spl      qtc    Vb     SplMech Pmech SplEle      f3

0.20  92.4dB:   0.9  493.8l: (104.3dB    19W 107.0dB) @  46Hz
                1.0  190.1l: (104.9dB    22W 107.0dB) @  48Hz
                1.1  113.2l: (105.7dB    26W 107.0dB) @  50Hz
                1.1  113.2l: (102.8dB    13W 107.0dB) @  42Hz (  808uF)

0.60  92.2dB:   1.0  279.0l: (104.0dB    19W 106.7dB) @  45Hz
                1.1  146.9l: (104.8dB    22W 106.7dB) @  47Hz
                1.1  146.9l: (101.9dB    12W 106.7dB) @  40Hz (  851uF)

1.00  91.9dB:   1.0  462.8l: (103.2dB    16W 106.5dB) @  43Hz
                1.1  196.7l: (103.9dB    19W 106.5dB) @  45Hz
                1.1  196.7l: (101.1dB    10W 106.5dB) @  38Hz (  894uF)

-------------
215 sig bic
      93.0dB                             35W
Rpre   Spl      qtc    Vb     SplMech Pmech SplEle      f3

0.20  92.4dB:   0.9  528.6l: (104.3dB    22W 106.2dB) @  46Hz
                1.0  196.3l: (104.8dB    25W 106.2dB) @  47Hz
                1.1  115.8l: (105.6dB    30W 106.2dB) @  49Hz
                1.1  115.8l: (102.7dB    16W 106.2dB) @  42Hz (  960uF)

0.60  92.1dB:   1.0  315.1l: (103.8dB    21W 105.9dB) @  45Hz
                1.1  158.5l: (104.5dB    25W 105.9dB) @  46Hz
                1.1  158.5l: (101.7dB    13W 105.9dB) @  39Hz ( 1020uF)

1.00  91.8dB:   1.0  631.6l: (102.8dB    18W 105.6dB) @  42Hz
                1.1  228.0l: (103.5dB    22W 105.6dB) @  44Hz
                1.1  228.0l: (100.7dB    11W 105.6dB) @  37Hz ( 1079uF)

-------------
215 GMF
      97.0dB                             40W
Rpre   Spl      qtc    Vb     SplMech Pmech SplEle      f3

0.20  96.7dB:   0.5  101.5l: (119.8dB   203W 112.7dB) @  96Hz
                0.6   56.0l: (118.7dB   161W 112.7dB) @  91Hz
                0.7   36.6l: (118.8dB   163W 112.7dB) @  91Hz
                0.8   26.2l: (120.2dB   226W 112.7dB) @  99Hz
                0.9   19.8l: (120.7dB   252W 112.7dB) @ 102Hz
                1.0   15.5l: (121.3dB   287W 112.7dB) @ 105Hz
                1.1   12.6l: (122.0dB   341W 112.7dB) @ 110Hz
                1.1   12.6l: (119.1dB   177W 112.7dB) @  93Hz (  297uF)

0.60  96.5dB:   0.5  120.7l: (119.0dB   178W 112.5dB) @  92Hz
                0.6   64.1l: (118.0dB   141W 112.5dB) @  87Hz
                0.7   41.3l: (118.0dB   143W 112.5dB) @  87Hz
                0.8   29.2l: (119.4dB   198W 112.5dB) @  95Hz
                0.9   22.0l: (119.9dB   221W 112.5dB) @  97Hz
                1.0   17.2l: (120.5dB   251W 112.5dB) @ 100Hz
                1.1   13.9l: (121.2dB   299W 112.5dB) @ 105Hz
                1.1   13.9l: (118.4dB   155W 112.5dB) @  89Hz (  311uF)

1.00  96.3dB:   0.5  144.4l: (118.2dB   157W 112.3dB) @  88Hz
                0.6   73.3l: (117.2dB   125W 112.3dB) @  83Hz
                0.7   46.4l: (117.3dB   126W 112.3dB) @  84Hz
                0.8   32.5l: (118.7dB   174W 112.3dB) @  91Hz
                0.9   24.3l: (119.2dB   195W 112.3dB) @  93Hz
                1.0   19.0l: (119.7dB   222W 112.3dB) @  96Hz
                1.1   15.3l: (120.5dB   264W 112.3dB) @ 100Hz
                1.1   15.3l: (117.6dB   137W 112.3dB) @  85Hz (  324uF)

-------------
285 GMF
      99.0dB                             70W
Rpre   Spl      qtc    Vb     SplMech Pmech SplEle      f3

0.20  97.7dB:   0.5  212.4l: (120.9dB   254W 115.3dB) @  89Hz
                0.6  102.9l: (119.9dB   201W 115.3dB) @  84Hz
                0.7   64.0l: (119.9dB   204W 115.3dB) @  84Hz
                0.8   44.5l: (121.3dB   282W 115.3dB) @  91Hz
                0.9   33.1l: (121.8dB   315W 115.3dB) @  94Hz
                1.0   25.7l: (122.4dB   358W 115.3dB) @  97Hz
                1.1   20.7l: (123.1dB   426W 115.3dB) @ 101Hz
                1.1   20.7l: (120.3dB   221W 115.3dB) @  86Hz (  396uF)

0.60  97.5dB:   0.5  284.0l: (119.9dB   216W 115.0dB) @  84Hz
                0.6  124.9l: (118.9dB   171W 115.0dB) @  79Hz
                0.7   75.2l: (118.9dB   173W 115.0dB) @  80Hz
                0.8   51.5l: (120.4dB   240W 115.0dB) @  86Hz
                0.9   38.0l: (120.8dB   268W 115.0dB) @  89Hz
                1.0   29.3l: (121.4dB   305W 115.0dB) @  92Hz
                1.1   23.5l: (122.2dB   362W 115.0dB) @  96Hz
                1.1   23.5l: (119.3dB   188W 115.0dB) @  81Hz (  418uF)

1.00  97.2dB:   0.5  397.5l: (119.0dB   185W 114.8dB) @  80Hz
                0.6  152.5l: (118.0dB   147W 114.8dB) @  75Hz
                0.7   88.3l: (118.0dB   149W 114.8dB) @  76Hz
                0.8   59.4l: (119.5dB   206W 114.8dB) @  82Hz
                0.9   43.3l: (119.9dB   230W 114.8dB) @  84Hz
                1.0   33.3l: (120.5dB   261W 114.8dB) @  87Hz
                1.1   26.5l: (121.3dB   311W 114.8dB) @  91Hz
                1.1   26.5l: (118.4dB   161W 114.8dB) @  77Hz (  441uF)

-------------
165-2000
      94.0dB                             35W
Rpre   Spl      qtc    Vb     SplMech Pmech SplEle      f3

0.20  93.5dB:   0.9  183.8l: (108.4dB    61W 106.0dB) @  66Hz
                1.0   79.5l: (109.0dB    69W 106.0dB) @  68Hz
                1.1   48.8l: (109.7dB    82W 106.0dB) @  71Hz
                1.1   48.8l: (106.9dB    43W 106.0dB) @  60Hz (  898uF)

0.60  93.1dB:   0.9  885.3l: (107.1dB    49W 105.6dB) @  61Hz
                1.0  137.8l: (107.6dB    56W 105.6dB) @  63Hz
                1.1   71.3l: (108.4dB    66W 105.6dB) @  66Hz
                1.1   71.3l: (105.5dB    34W 105.6dB) @  56Hz (  969uF)

1.00  92.7dB:   1.0  324.1l: (106.4dB    46W 105.3dB) @  59Hz
                1.1  111.3l: (107.2dB    55W 105.3dB) @  61Hz
                1.1  111.3l: (104.3dB    28W 105.3dB) @  52Hz ( 1039uF)

-------------
215-2000
      99.0dB                             20W
Rpre   Spl      qtc    Vb     SplMech Pmech SplEle      f3

0.20  98.8dB:   0.5   37.9l: (126.2dB  1091W 108.8dB) @ 139Hz
                0.6   24.0l: (125.2dB   864W 108.8dB) @ 132Hz
                0.7   16.8l: (125.2dB   874W 108.8dB) @ 132Hz
                0.8   12.4l: (126.6dB  1210W 108.8dB) @ 143Hz
                0.9    9.6l: (127.1dB  1352W 108.8dB) @ 147Hz
                1.0    7.7l: (127.7dB  1538W 108.8dB) @ 152Hz
                1.1    6.3l: (128.4dB  1829W 108.8dB) @ 159Hz
                1.1    6.3l: (125.6dB   948W 108.8dB) @ 135Hz (  411uF)

0.60  98.4dB:   0.5   48.2l: (124.7dB   840W 108.4dB) @ 128Hz
                0.6   29.8l: (123.6dB   665W 108.4dB) @ 120Hz
                0.7   20.6l: (123.7dB   673W 108.4dB) @ 121Hz
                0.8   15.1l: (125.1dB   932W 108.4dB) @ 131Hz
                0.9   11.7l: (125.6dB  1041W 108.4dB) @ 135Hz
                1.0    9.3l: (126.1dB  1184W 108.4dB) @ 139Hz
                1.1    7.6l: (126.9dB  1408W 108.4dB) @ 145Hz
                1.1    7.6l: (124.0dB   730W 108.4dB) @ 123Hz (  448uF)

1.00  98.1dB:   0.5   60.8l: (123.3dB   662W 108.1dB) @ 118Hz
                0.6   36.6l: (122.2dB   524W 108.1dB) @ 111Hz
                0.7   24.9l: (122.3dB   530W 108.1dB) @ 112Hz
                0.8   18.2l: (123.7dB   734W 108.1dB) @ 121Hz
                0.9   13.9l: (124.2dB   820W 108.1dB) @ 124Hz
                1.0   11.0l: (124.7dB   933W 108.1dB) @ 128Hz
                1.1    9.0l: (125.5dB  1110W 108.1dB) @ 134Hz
                1.1    9.0l: (122.6dB   575W 108.1dB) @ 114Hz (  486uF)

-------------
285-2000
     101.0dB                             70W
Rpre   Spl      qtc    Vb     SplMech Pmech SplEle      f3

0.20 100.9dB:   0.5   47.2l: (129.8dB   969W 118.4dB) @ 149Hz
                0.6   30.6l: (128.8dB   768W 118.4dB) @ 141Hz
                0.7   21.6l: (128.9dB   777W 118.4dB) @ 141Hz
                0.8   16.1l: (130.3dB  1075W 118.4dB) @ 153Hz
                0.9   12.5l: (130.8dB  1202W 118.4dB) @ 158Hz
                1.0   10.0l: (131.3dB  1366W 118.4dB) @ 163Hz
                1.1    8.2l: (132.1dB  1625W 118.4dB) @ 170Hz
                1.1    8.2l: (129.2dB   842W 118.4dB) @ 144Hz (  236uF)

0.60 100.6dB:   0.5   54.3l: (128.9dB   822W 118.2dB) @ 141Hz
                0.6   34.8l: (127.9dB   651W 118.2dB) @ 133Hz
                0.7   24.5l: (127.9dB   659W 118.2dB) @ 134Hz
                0.8   18.2l: (129.3dB   911W 118.2dB) @ 145Hz
                0.9   14.1l: (129.8dB  1018W 118.2dB) @ 149Hz
                1.0   11.3l: (130.4dB  1158W 118.2dB) @ 154Hz
                1.1    9.2l: (131.1dB  1378W 118.2dB) @ 161Hz
                1.1    9.2l: (128.3dB   714W 118.2dB) @ 136Hz (  250uF)

1.00 100.4dB:   0.5   62.2l: (128.0dB   703W 117.9dB) @ 134Hz
                0.6   39.5l: (127.0dB   557W 117.9dB) @ 126Hz
                0.7   27.5l: (127.0dB   564W 117.9dB) @ 127Hz
                0.8   20.4l: (128.4dB   780W 117.9dB) @ 137Hz
                0.9   15.8l: (128.9dB   872W 117.9dB) @ 141Hz
                1.0   12.6l: (129.5dB   991W 117.9dB) @ 146Hz
                1.1   10.3l: (130.2dB  1179W 117.9dB) @ 152Hz
                1.1   10.3l: (127.4dB   611W 117.9dB) @ 129Hz (  263uF)

-------------
400-2000
      96.0dB                            120W
Rpre   Spl      qtc    Vb     SplMech Pmech SplEle      f3

0.20  94.6dB:   0.5  204.8l: (121.0dB   538W 114.5dB) @  60Hz
                0.6  124.9l: (120.0dB   426W 114.5dB) @  56Hz
                0.7   85.5l: (120.1dB   431W 114.5dB) @  56Hz
                0.8   62.6l: (121.5dB   596W 114.5dB) @  61Hz
                0.9   48.1l: (122.0dB   667W 114.5dB) @  63Hz
                1.0   38.2l: (122.5dB   758W 114.5dB) @  65Hz
                1.1   31.1l: (123.3dB   902W 114.5dB) @  68Hz
                1.1   31.1l: (120.4dB   467W 114.5dB) @  58Hz (  591uF)

0.60  94.4dB:   0.5  242.3l: (120.0dB   455W 114.3dB) @  56Hz
                0.6  144.5l: (119.0dB   361W 114.3dB) @  53Hz
                0.7   97.8l: (119.1dB   365W 114.3dB) @  53Hz
                0.8   71.3l: (120.5dB   505W 114.3dB) @  58Hz
                0.9   54.5l: (121.0dB   564W 114.3dB) @  59Hz
                1.0   43.1l: (121.5dB   642W 114.3dB) @  61Hz
                1.1   35.1l: (122.3dB   763W 114.3dB) @  64Hz
                1.1   35.1l: (119.4dB   396W 114.3dB) @  54Hz (  625uF)

1.00  94.1dB:   0.5  286.6l: (119.1dB   389W 114.0dB) @  53Hz
                0.6  166.6l: (118.1dB   308W 114.0dB) @  50Hz
                0.7  111.5l: (118.2dB   312W 114.0dB) @  51Hz
                0.8   80.7l: (119.6dB   432W 114.0dB) @  55Hz
                0.9   61.4l: (120.1dB   482W 114.0dB) @  56Hz
                1.0   48.5l: (120.6dB   549W 114.0dB) @  58Hz
                1.1   39.3l: (121.4dB   653W 114.0dB) @  61Hz
                1.1   39.3l: (118.5dB   338W 114.0dB) @  52Hz (  659uF)

-------------
165exc 5V
      91.8dB                             35W
Rpre   Spl      qtc    Vb     SplMech Pmech SplEle      f3

-------------
165exc 6V
      92.9dB                             35W
Rpre   Spl      qtc    Vb     SplMech Pmech SplEle      f3

0.20  92.8dB:   1.0  166.3l: (106.3dB    44W 105.3dB) @  58Hz
                1.1   84.4l: (107.0dB    52W 105.3dB) @  61Hz
                1.1   84.4l: (104.2dB    27W 105.3dB) @  51Hz ( 1050uF)

0.60  92.4dB:   1.0  488.3l: (104.9dB    35W 104.9dB) @  54Hz
                1.1  141.8l: (105.7dB    42W 104.9dB) @  56Hz
                1.1  141.8l: (102.8dB    22W 104.9dB) @  48Hz ( 1134uF)

1.00  92.0dB:   1.1  303.5l: (104.5dB    34W 104.6dB) @  52Hz
                1.1  303.5l: (101.6dB    18W 104.6dB) @  44Hz ( 1216uF)

-------------
165exc 7V
      93.5dB                             35W
Rpre   Spl      qtc    Vb     SplMech Pmech SplEle      f3

0.20  93.4dB:   0.8  788.7l: (107.5dB    50W 105.9dB) @  62Hz
                0.9  135.5l: (107.9dB    56W 105.9dB) @  64Hz
                1.0   70.4l: (108.5dB    63W 105.9dB) @  66Hz
                1.1   46.0l: (109.3dB    75W 105.9dB) @  69Hz
                1.1   46.0l: (106.4dB    39W 105.9dB) @  59Hz (  922uF)

0.60  93.0dB:   0.9  315.6l: (106.6dB    44W 105.6dB) @  59Hz
                1.0  111.0l: (107.1dB    51W 105.6dB) @  61Hz
                1.1   64.6l: (107.9dB    60W 105.6dB) @  64Hz
                1.1   64.6l: (105.0dB    31W 105.6dB) @  54Hz (  997uF)

1.00  92.7dB:   1.0  202.3l: (105.9dB    41W 105.2dB) @  57Hz
                1.1   94.8l: (106.7dB    49W 105.2dB) @  59Hz
                1.1   94.8l: (103.8dB    25W 105.2dB) @  50Hz ( 1070uF)

-------------
165exc 8V
      93.9dB                             35W
Rpre   Spl      qtc    Vb     SplMech Pmech SplEle      f3

0.20  93.9dB:   0.8  179.9l: (109.0dB    63W 106.4dB) @  68Hz
                0.9   78.4l: (109.5dB    70W 106.4dB) @  70Hz
                1.0   48.1l: (110.0dB    80W 106.4dB) @  72Hz
                1.1   33.7l: (110.8dB    95W 106.4dB) @  75Hz
                1.1   33.7l: (107.9dB    49W 106.4dB) @  64Hz (  846uF)

0.60  93.5dB:   0.8  626.9l: (107.6dB    50W 106.0dB) @  63Hz
                0.9  129.3l: (108.1dB    56W 106.0dB) @  64Hz
                1.0   68.5l: (108.6dB    64W 106.0dB) @  67Hz
                1.1   45.1l: (109.4dB    76W 106.0dB) @  69Hz
                1.1   45.1l: (106.5dB    39W 106.0dB) @  59Hz (  915uF)

1.00  93.1dB:   0.9  262.5l: (106.8dB    46W 105.7dB) @  60Hz
                1.0  102.6l: (107.4dB    52W 105.7dB) @  62Hz
                1.1   61.3l: (108.1dB    62W 105.7dB) @  65Hz
                1.1   61.3l: (105.3dB    32W 105.7dB) @  55Hz (  984uF)

-------------
165exc 9V
      94.2dB                             35W
Rpre   Spl      qtc    Vb     SplMech Pmech SplEle      f3

0.20  94.2dB:   0.7  513.2l: (108.6dB    55W 106.7dB) @  67Hz
                0.8  109.4l: (110.0dB    75W 106.7dB) @  72Hz
                0.9   57.8l: (110.5dB    84W 106.7dB) @  74Hz
                1.0   37.9l: (111.1dB    96W 106.7dB) @  77Hz
                1.1   27.4l: (111.8dB   114W 106.7dB) @  80Hz
                1.1   27.4l: (109.0dB    59W 106.7dB) @  68Hz (  795uF)

0.60  93.8dB:   0.8  216.5l: (108.7dB    60W 106.3dB) @  67Hz
                0.9   86.4l: (109.1dB    67W 106.3dB) @  68Hz
                1.0   51.7l: (109.7dB    76W 106.3dB) @  71Hz
                1.1   35.8l: (110.5dB    91W 106.3dB) @  74Hz
                1.1   35.8l: (107.6dB    47W 106.3dB) @  63Hz (  861uF)

1.00  93.4dB:   0.8  921.2l: (107.4dB    49W 106.0dB) @  62Hz
                0.9  140.9l: (107.9dB    54W 106.0dB) @  64Hz
                1.0   72.4l: (108.4dB    62W 106.0dB) @  66Hz
                1.1   47.1l: (109.2dB    74W 106.0dB) @  69Hz
                1.1   47.1l: (106.3dB    38W 106.0dB) @  58Hz (  926uF)

-------------
165exc 10V
      94.4dB                             35W
Rpre   Spl      qtc    Vb     SplMech Pmech SplEle      f3

0.20  94.4dB:   0.7  254.4l: (109.3dB    61W 106.9dB) @  69Hz
                0.8   85.4l: (110.8dB    85W 106.9dB) @  75Hz
                0.9   48.7l: (111.2dB    95W 106.9dB) @  77Hz
                1.0   32.9l: (111.8dB   108W 106.9dB) @  80Hz
                1.1   24.2l: (112.5dB   128W 106.9dB) @  83Hz
                1.1   24.2l: (109.7dB    66W 106.9dB) @  71Hz (  763uF)

0.60  94.0dB:   0.8  146.9l: (109.4dB    67W 106.5dB) @  69Hz
                0.9   69.9l: (109.8dB    75W 106.5dB) @  71Hz
                1.0   44.0l: (110.4dB    85W 106.5dB) @  74Hz
                1.1   31.3l: (111.2dB   102W 106.5dB) @  77Hz
                1.1   31.3l: (108.3dB    53W 106.5dB) @  65Hz (  827uF)

1.00  93.6dB:   0.8  335.5l: (108.1dB    55W 106.2dB) @  65Hz
                0.9  105.6l: (108.6dB    61W 106.2dB) @  66Hz
                1.0   59.8l: (109.1dB    69W 106.2dB) @  69Hz
                1.1   40.4l: (109.9dB    82W 106.2dB) @  72Hz
                1.1   40.4l: (107.0dB    43W 106.2dB) @  61Hz (  889uF)

-------------
215exc 8V
      98.0dB                             20W
Rpre   Spl      qtc    Vb     SplMech Pmech SplEle      f3

0.20  93.5dB:   0.5   50.4l: (120.1dB   927W 103.5dB) @  99Hz
                0.6   26.3l: (119.1dB   735W 103.5dB) @  93Hz
                0.7   16.8l: (119.2dB   743W 103.5dB) @  93Hz
                0.8   11.9l: (120.6dB  1028W 103.5dB) @ 101Hz
                0.9    8.9l: (121.1dB  1149W 103.5dB) @ 104Hz
                1.0    7.0l: (121.6dB  1307W 103.5dB) @ 107Hz
                1.1    5.6l: (122.4dB  1554W 103.5dB) @ 112Hz
                1.1    5.6l: (119.5dB   806W 103.5dB) @  95Hz (  581uF)

0.60  93.1dB:   0.5   75.7l: (118.6dB   716W 103.1dB) @  90Hz
                0.6   35.1l: (117.6dB   567W 103.1dB) @  85Hz
                0.7   21.5l: (117.7dB   574W 103.1dB) @  85Hz
                0.8   14.8l: (119.1dB   794W 103.1dB) @  93Hz
                0.9   11.0l: (119.6dB   887W 103.1dB) @  95Hz
                1.0    8.5l: (120.1dB  1009W 103.1dB) @  98Hz
                1.1    6.8l: (120.9dB  1200W 103.1dB) @ 103Hz
                1.1    6.8l: (118.0dB   622W 103.1dB) @  87Hz (  635uF)

1.00  92.7dB:   0.5  123.7l: (117.2dB   566W 102.7dB) @  83Hz
                0.6   47.4l: (116.2dB   448W 102.7dB) @  79Hz
                0.7   27.4l: (116.3dB   453W 102.7dB) @  79Hz
                0.8   18.4l: (117.7dB   627W 102.7dB) @  86Hz
                0.9   13.4l: (118.2dB   701W 102.7dB) @  88Hz
                1.0   10.3l: (118.7dB   797W 102.7dB) @  91Hz
                1.1    8.2l: (119.5dB   948W 102.7dB) @  95Hz
                1.1    8.2l: (116.6dB   491W 102.7dB) @  80Hz (  687uF)

-------------
215exc 9V
      98.3dB                             20W
Rpre   Spl      qtc    Vb     SplMech Pmech SplEle      f3

0.20  93.9dB:   0.5   33.7l: (122.0dB  1275W 103.9dB) @ 110Hz
                0.6   19.1l: (121.0dB  1010W 103.9dB) @ 103Hz
                0.7   12.7l: (121.0dB  1022W 103.9dB) @ 104Hz
                0.8    9.1l: (122.4dB  1414W 103.9dB) @ 112Hz
                0.9    6.9l: (122.9dB  1581W 103.9dB) @ 116Hz
                1.0    5.4l: (123.5dB  1798W 103.9dB) @ 119Hz
                1.1    4.4l: (124.2dB  2138W 103.9dB) @ 125Hz
                1.1    4.4l: (121.4dB  1108W 103.9dB) @ 106Hz (  523uF)

0.60  93.6dB:   0.5   46.6l: (120.5dB   984W 103.5dB) @ 100Hz
                0.6   24.8l: (119.5dB   779W 103.5dB) @  95Hz
                0.7   15.9l: (119.5dB   788W 103.5dB) @  95Hz
                0.8   11.3l: (120.9dB  1091W 103.5dB) @ 103Hz
                0.9    8.5l: (121.4dB  1219W 103.5dB) @ 106Hz
                1.0    6.6l: (122.0dB  1387W 103.5dB) @ 109Hz
                1.1    5.4l: (122.7dB  1649W 103.5dB) @ 114Hz
                1.1    5.4l: (119.9dB   855W 103.5dB) @  97Hz (  571uF)

1.00  93.2dB:   0.5   66.2l: (119.1dB   776W 103.2dB) @  93Hz
                0.6   32.0l: (118.1dB   615W 103.2dB) @  87Hz
                0.7   19.9l: (118.1dB   622W 103.2dB) @  88Hz
                0.8   13.8l: (119.5dB   861W 103.2dB) @  95Hz
                0.9   10.3l: (120.0dB   962W 103.2dB) @  98Hz
                1.0    8.0l: (120.6dB  1094W 103.2dB) @ 101Hz
                1.1    6.4l: (121.3dB  1302W 103.2dB) @ 105Hz
                1.1    6.4l: (118.5dB   675W 103.2dB) @  89Hz (  618uF)

-------------
215exc 10V
      98.7dB                             20W
Rpre   Spl      qtc    Vb     SplMech Pmech SplEle      f3

0.20  94.3dB:   0.5   26.1l: (123.4dB  1604W 104.3dB) @ 119Hz
                0.6   15.5l: (122.3dB  1271W 104.3dB) @ 112Hz
                0.7   10.5l: (122.4dB  1286W 104.3dB) @ 112Hz
                0.8    7.6l: (123.8dB  1779W 104.3dB) @ 122Hz
                0.9    5.8l: (124.3dB  1988W 104.3dB) @ 125Hz
                1.0    4.6l: (124.8dB  2261W 104.3dB) @ 129Hz
                1.1    3.7l: (125.6dB  2690W 104.3dB) @ 135Hz
                1.1    3.7l: (122.7dB  1394W 104.3dB) @ 114Hz (  483uF)

0.60  93.9dB:   0.5   34.9l: (121.8dB  1236W 103.9dB) @ 109Hz
                0.6   19.7l: (120.8dB   979W 103.9dB) @ 102Hz
                0.7   13.0l: (120.9dB   991W 103.9dB) @ 103Hz
                0.8    9.4l: (122.3dB  1371W 103.9dB) @ 111Hz
                0.9    7.1l: (122.8dB  1532W 103.9dB) @ 115Hz
                1.0    5.6l: (123.3dB  1743W 103.9dB) @ 118Hz
                1.1    4.5l: (124.1dB  2073W 103.9dB) @ 124Hz
                1.1    4.5l: (121.2dB  1074W 103.9dB) @ 105Hz (  527uF)

1.00  93.6dB:   0.5   47.1l: (120.4dB   975W 103.6dB) @ 100Hz
                0.6   25.0l: (119.4dB   772W 103.6dB) @  95Hz
                0.7   16.1l: (119.5dB   781W 103.6dB) @  95Hz
                0.8   11.4l: (120.9dB  1081W 103.6dB) @ 103Hz
                0.9    8.6l: (121.4dB  1208W 103.6dB) @ 106Hz
                1.0    6.7l: (121.9dB  1374W 103.6dB) @ 109Hz
                1.1    5.4l: (122.7dB  1634W 103.6dB) @ 114Hz
                1.1    5.4l: (119.8dB   847W 103.6dB) @  97Hz (  572uF)

-------------
215exc 11V
      99.0dB                             20W
Rpre   Spl      qtc    Vb     SplMech Pmech SplEle      f3

0.20  94.4dB:   0.5   20.8l: (124.5dB  2016W 104.4dB) @ 126Hz
                0.6   12.6l: (123.5dB  1597W 104.4dB) @ 119Hz
                0.7    8.6l: (123.5dB  1616W 104.4dB) @ 120Hz
                0.8    6.3l: (124.9dB  2236W 104.4dB) @ 130Hz
                0.9    4.9l: (125.4dB  2499W 104.4dB) @ 133Hz
                1.0    3.9l: (126.0dB  2843W 104.4dB) @ 138Hz
                1.1    3.1l: (126.7dB  3381W 104.4dB) @ 144Hz
                1.1    3.1l: (123.9dB  1752W 104.4dB) @ 122Hz (  453uF)

0.60  94.0dB:   0.5   27.2l: (122.9dB  1555W 104.0dB) @ 116Hz
                0.6   15.9l: (121.9dB  1232W 104.0dB) @ 109Hz
                0.7   10.7l: (122.0dB  1246W 104.0dB) @ 110Hz
                0.8    7.8l: (123.4dB  1724W 104.0dB) @ 119Hz
                0.9    5.9l: (123.9dB  1927W 104.0dB) @ 122Hz
                1.0    4.7l: (124.4dB  2192W 104.0dB) @ 126Hz
                1.1    3.8l: (125.2dB  2607W 104.0dB) @ 132Hz
                1.1    3.8l: (122.3dB  1351W 104.0dB) @ 112Hz (  495uF)

1.00  93.7dB:   0.5   35.6l: (121.6dB  1226W 103.7dB) @ 107Hz
                0.6   19.9l: (120.5dB   971W 103.7dB) @ 101Hz
                0.7   13.1l: (120.6dB   983W 103.7dB) @ 101Hz
                0.8    9.4l: (122.0dB  1360W 103.7dB) @ 110Hz
                0.9    7.1l: (122.5dB  1520W 103.7dB) @ 113Hz
                1.0    5.6l: (123.0dB  1729W 103.7dB) @ 116Hz
                1.1    4.5l: (123.8dB  2056W 103.7dB) @ 122Hz
                1.1    4.5l: (120.9dB  1066W 103.7dB) @ 103Hz (  536uF)

-------------
215exc 12V
      99.4dB                             20W
Rpre   Spl      qtc    Vb     SplMech Pmech SplEle      f3

0.20  94.7dB:   0.5   19.5l: (125.0dB  2159W 104.7dB) @ 130Hz
                0.6   12.0l: (124.0dB  1711W 104.7dB) @ 123Hz
                0.7    8.2l: (124.0dB  1731W 104.7dB) @ 123Hz
                0.8    6.0l: (125.4dB  2395W 104.7dB) @ 134Hz
                0.9    4.6l: (125.9dB  2677W 104.7dB) @ 137Hz
                1.0    3.7l: (126.5dB  3044W 104.7dB) @ 142Hz
                1.1    3.0l: (127.2dB  3621W 104.7dB) @ 148Hz
                1.1    3.0l: (124.4dB  1877W 104.7dB) @ 126Hz (  440uF)

0.60  94.3dB:   0.5   25.3l: (123.5dB  1665W 104.3dB) @ 119Hz
                0.6   15.0l: (122.4dB  1319W 104.3dB) @ 113Hz
                0.7   10.2l: (122.5dB  1335W 104.3dB) @ 113Hz
                0.8    7.4l: (123.9dB  1847W 104.3dB) @ 122Hz
                0.9    5.6l: (124.4dB  2064W 104.3dB) @ 126Hz
                1.0    4.5l: (125.0dB  2347W 104.3dB) @ 130Hz
                1.1    3.6l: (125.7dB  2792W 104.3dB) @ 136Hz
                1.1    3.6l: (122.8dB  1447W 104.3dB) @ 115Hz (  480uF)

1.00  93.9dB:   0.5   32.8l: (122.1dB  1313W 103.9dB) @ 110Hz
                0.6   18.7l: (121.1dB  1041W 103.9dB) @ 104Hz
                0.7   12.4l: (121.1dB  1053W 103.9dB) @ 104Hz
                0.8    8.9l: (122.5dB  1456W 103.9dB) @ 113Hz
                0.9    6.8l: (123.0dB  1628W 103.9dB) @ 116Hz
                1.0    5.3l: (123.6dB  1852W 103.9dB) @ 120Hz
                1.1    4.3l: (124.3dB  2202W 103.9dB) @ 125Hz
                1.1    4.3l: (121.5dB  1141W 103.9dB) @ 106Hz (  520uF)

-------------
215exc 13V
      99.9dB                             20W
Rpre   Spl      qtc    Vb     SplMech Pmech SplEle      f3

0.20  94.9dB:   0.5   17.3l: (125.7dB  2437W 104.9dB) @ 136Hz
                0.6   10.8l: (124.7dB  1930W 104.9dB) @ 128Hz
                0.7    7.5l: (124.8dB  1953W 104.9dB) @ 129Hz
                0.8    5.5l: (126.2dB  2702W 104.9dB) @ 139Hz
                0.9    4.2l: (126.7dB  3021W 104.9dB) @ 143Hz
                1.0    3.4l: (127.2dB  3435W 104.9dB) @ 148Hz
                1.1    2.8l: (128.0dB  4086W 104.9dB) @ 155Hz
                1.1    2.8l: (125.1dB  2118W 104.9dB) @ 131Hz (  421uF)

0.60  94.5dB:   0.5   22.2l: (124.2dB  1874W 104.5dB) @ 124Hz
                0.6   13.5l: (123.2dB  1485W 104.5dB) @ 117Hz
                0.7    9.2l: (123.2dB  1502W 104.5dB) @ 118Hz
                0.8    6.7l: (124.6dB  2079W 104.5dB) @ 128Hz
                0.9    5.1l: (125.1dB  2324W 104.5dB) @ 131Hz
                1.0    4.1l: (125.7dB  2642W 104.5dB) @ 136Hz
                1.1    3.3l: (126.4dB  3143W 104.5dB) @ 142Hz
                1.1    3.3l: (123.6dB  1629W 104.5dB) @ 120Hz (  460uF)

1.00  94.1dB:   0.5   28.6l: (122.8dB  1475W 104.1dB) @ 115Hz
                0.6   16.7l: (121.8dB  1169W 104.1dB) @ 108Hz
                0.7   11.2l: (121.8dB  1182W 104.1dB) @ 109Hz
                0.8    8.1l: (123.2dB  1636W 104.1dB) @ 118Hz
                0.9    6.2l: (123.7dB  1828W 104.1dB) @ 121Hz
                1.0    4.9l: (124.3dB  2079W 104.1dB) @ 125Hz
                1.1    4.0l: (125.0dB  2473W 104.1dB) @ 131Hz
                1.1    4.0l: (122.2dB  1282W 104.1dB) @ 111Hz (  499uF)

-------------
285exc 6V
      97.1dB                             70W
Rpre   Spl      qtc    Vb     SplMech Pmech SplEle      f3

0.20  97.0dB:   0.8  319.0l: (114.0dB    62W 114.5dB) @  60Hz
                0.9  175.7l: (114.5dB    70W 114.5dB) @  62Hz
                1.0  116.9l: (115.1dB    79W 114.5dB) @  64Hz
                1.1   85.4l: (115.8dB    94W 114.5dB) @  67Hz
                1.1   85.4l: (113.0dB    49W 114.5dB) @  56Hz (  603uF)

0.60  96.7dB:   0.8  466.2l: (113.1dB    53W 114.3dB) @  57Hz
                0.9  225.3l: (113.6dB    59W 114.3dB) @  58Hz
                1.0  142.8l: (114.1dB    67W 114.3dB) @  60Hz
                1.1  101.6l: (114.9dB    80W 114.3dB) @  63Hz
                1.1  101.6l: (112.0dB    42W 114.3dB) @  53Hz (  636uF)

1.00  96.5dB:   0.8  765.8l: (112.2dB    46W 114.0dB) @  54Hz
                0.9  296.1l: (112.7dB    51W 114.0dB) @  56Hz
                1.0  175.7l: (113.2dB    58W 114.0dB) @  57Hz
                1.1  121.2l: (114.0dB    69W 114.0dB) @  60Hz
                1.1  121.2l: (111.1dB    36W 114.0dB) @  51Hz (  670uF)

-------------
285exc 7V
      98.5dB                             70W
Rpre   Spl      qtc    Vb     SplMech Pmech SplEle      f3

0.20  98.3dB:   0.6  356.5l: (117.3dB    97W 115.9dB) @  73Hz
                0.7  163.8l: (117.4dB    98W 115.9dB) @  73Hz
                0.8  100.9l: (118.8dB   136W 115.9dB) @  79Hz
                0.9   70.3l: (119.3dB   152W 115.9dB) @  81Hz
                1.0   52.5l: (119.8dB   173W 115.9dB) @  84Hz
                1.1   41.0l: (120.6dB   206W 115.9dB) @  88Hz
                1.1   41.0l: (117.7dB   107W 115.9dB) @  74Hz (  458uF)

0.60  98.1dB:   0.6  539.5l: (116.4dB    83W 115.6dB) @  69Hz
                0.7  208.0l: (116.4dB    84W 115.6dB) @  69Hz
                0.8  121.7l: (117.8dB   116W 115.6dB) @  75Hz
                0.9   82.8l: (118.3dB   129W 115.6dB) @  77Hz
                1.0   61.0l: (118.9dB   147W 115.6dB) @  79Hz
                1.1   47.2l: (119.6dB   175W 115.6dB) @  83Hz
                1.1   47.2l: (116.8dB    91W 115.6dB) @  70Hz (  484uF)

1.00  97.9dB:   0.6  954.4l: (115.5dB    71W 115.4dB) @  65Hz
                0.7  269.4l: (115.5dB    72W 115.4dB) @  65Hz
                0.8  147.4l: (116.9dB    99W 115.4dB) @  71Hz
                0.9   97.4l: (117.4dB   111W 115.4dB) @  73Hz
                1.0   70.6l: (118.0dB   126W 115.4dB) @  75Hz
                1.1   54.2l: (118.7dB   150W 115.4dB) @  79Hz
                1.1   54.2l: (115.9dB    78W 115.4dB) @  67Hz (  510uF)

-------------
285exc 8V
      99.4dB                             70W
Rpre   Spl      qtc    Vb     SplMech Pmech SplEle      f3

0.20  99.2dB:   0.5  290.7l: (122.0dB   236W 116.7dB) @  95Hz
                0.6  128.0l: (121.0dB   187W 116.7dB) @  90Hz
                0.7   77.1l: (121.0dB   189W 116.7dB) @  90Hz
                0.8   52.8l: (122.5dB   262W 116.7dB) @  98Hz
                0.9   38.9l: (122.9dB   292W 116.7dB) @ 100Hz
                1.0   30.1l: (123.5dB   332W 116.7dB) @ 104Hz
                1.1   24.0l: (124.2dB   395W 116.7dB) @ 108Hz
                1.1   24.0l: (121.4dB   205W 116.7dB) @  92Hz (  371uF)

0.60  98.9dB:   0.5  417.0l: (121.0dB   200W 116.5dB) @  90Hz
                0.6  158.5l: (120.0dB   159W 116.5dB) @  85Hz
                0.7   91.5l: (120.1dB   161W 116.5dB) @  85Hz
                0.8   61.5l: (121.5dB   222W 116.5dB) @  92Hz
                0.9   44.8l: (122.0dB   248W 116.5dB) @  95Hz
                1.0   34.4l: (122.5dB   282W 116.5dB) @  98Hz
                1.1   27.4l: (123.3dB   336W 116.5dB) @ 102Hz
                1.1   27.4l: (120.4dB   174W 116.5dB) @  87Hz (  392uF)

1.00  98.7dB:   0.5  659.6l: (120.1dB   172W 116.2dB) @  85Hz
                0.6  198.4l: (119.1dB   136W 116.2dB) @  81Hz
                0.7  108.6l: (119.2dB   138W 116.2dB) @  81Hz
                0.8   71.4l: (120.6dB   190W 116.2dB) @  88Hz
                0.9   51.4l: (121.1dB   213W 116.2dB) @  90Hz
                1.0   39.1l: (121.6dB   242W 116.2dB) @  93Hz
                1.1   31.0l: (122.4dB   288W 116.2dB) @  97Hz
                1.1   31.0l: (119.5dB   149W 116.2dB) @  82Hz (  413uF)

-------------
285exc 9V
     100.0dB                             70W
Rpre   Spl      qtc    Vb     SplMech Pmech SplEle      f3

0.20 100.3dB:   0.5  106.6l: (126.1dB   471W 117.9dB) @ 121Hz
                0.6   61.2l: (125.1dB   373W 117.9dB) @ 114Hz
                0.7   40.8l: (125.2dB   378W 117.9dB) @ 114Hz
                0.8   29.4l: (126.6dB   522W 117.9dB) @ 124Hz
                0.9   22.3l: (127.1dB   584W 117.9dB) @ 127Hz
                1.0   17.6l: (127.6dB   664W 117.9dB) @ 131Hz
                1.1   14.3l: (128.4dB   790W 117.9dB) @ 137Hz
                1.1   14.3l: (125.5dB   409W 117.9dB) @ 116Hz (  292uF)

0.60 100.1dB:   0.5  129.7l: (125.2dB   399W 117.6dB) @ 114Hz
                0.6   71.8l: (124.2dB   316W 117.6dB) @ 108Hz
                0.7   47.0l: (124.2dB   320W 117.6dB) @ 108Hz
                0.8   33.6l: (125.6dB   443W 117.6dB) @ 117Hz
                0.9   25.4l: (126.1dB   495W 117.6dB) @ 120Hz
                1.0   20.0l: (126.7dB   563W 117.6dB) @ 124Hz
                1.1   16.1l: (127.4dB   669W 117.6dB) @ 130Hz
                1.1   16.1l: (124.6dB   347W 117.6dB) @ 110Hz (  309uF)

1.00  99.8dB:   0.5  158.9l: (124.3dB   341W 117.4dB) @ 108Hz
                0.6   84.2l: (123.2dB   270W 117.4dB) @ 102Hz
                0.7   54.1l: (123.3dB   274W 117.4dB) @ 102Hz
                0.8   38.3l: (124.7dB   379W 117.4dB) @ 111Hz
                0.9   28.8l: (125.2dB   423W 117.4dB) @ 114Hz
                1.0   22.5l: (125.7dB   481W 117.4dB) @ 118Hz
                1.1   18.2l: (126.5dB   572W 117.4dB) @ 123Hz
                1.1   18.2l: (123.6dB   297W 117.4dB) @ 104Hz (  326uF)

-------------
285exc 10V
     101.0dB                             70W
Rpre   Spl      qtc    Vb     SplMech Pmech SplEle      f3

0.20 101.0dB:   0.5   63.3l: (129.0dB   783W 118.5dB) @ 142Hz
                0.6   39.0l: (128.0dB   620W 118.5dB) @ 134Hz
                0.7   26.9l: (128.1dB   627W 118.5dB) @ 135Hz
                0.8   19.8l: (129.5dB   868W 118.5dB) @ 146Hz
                0.9   15.2l: (130.0dB   970W 118.5dB) @ 150Hz
                1.0   12.1l: (130.5dB  1104W 118.5dB) @ 155Hz
                1.1    9.9l: (131.3dB  1313W 118.5dB) @ 162Hz
                1.1    9.9l: (128.4dB   680W 118.5dB) @ 138Hz (  247uF)

0.60 100.7dB:   0.5   74.4l: (128.1dB   663W 118.3dB) @ 135Hz
                0.6   45.0l: (127.0dB   525W 118.3dB) @ 127Hz
                0.7   30.7l: (127.1dB   531W 118.3dB) @ 127Hz
                0.8   22.5l: (128.5dB   735W 118.3dB) @ 138Hz
                0.9   17.2l: (129.0dB   821W 118.3dB) @ 142Hz
                1.0   13.7l: (129.5dB   934W 118.3dB) @ 147Hz
                1.1   11.1l: (130.3dB  1111W 118.3dB) @ 153Hz
                1.1   11.1l: (127.4dB   576W 118.3dB) @ 130Hz (  262uF)

1.00 100.5dB:   0.5   87.5l: (127.1dB   566W 118.1dB) @ 128Hz
                0.6   51.8l: (126.1dB   449W 118.1dB) @ 120Hz
                0.7   34.9l: (126.2dB   454W 118.1dB) @ 121Hz
                0.8   25.4l: (127.6dB   628W 118.1dB) @ 131Hz
                0.9   19.4l: (128.1dB   702W 118.1dB) @ 135Hz
                1.0   15.3l: (128.6dB   798W 118.1dB) @ 139Hz
                1.1   12.5l: (129.4dB   949W 118.1dB) @ 145Hz
                1.1   12.5l: (126.5dB   492W 118.1dB) @ 123Hz (  276uF)

-------------
285exc 11V
     101.0dB                             70W
Rpre   Spl      qtc    Vb     SplMech Pmech SplEle      f3

0.20 101.4dB:   0.5   51.4l: (130.4dB   984W 118.9dB) @ 154Hz
                0.6   32.4l: (129.4dB   780W 118.9dB) @ 145Hz
                0.7   22.6l: (129.4dB   789W 118.9dB) @ 146Hz
                0.8   16.7l: (130.8dB  1091W 118.9dB) @ 158Hz
                0.9   12.9l: (131.3dB  1220W 118.9dB) @ 162Hz
                1.0   10.3l: (131.9dB  1387W 118.9dB) @ 168Hz
                1.1    8.4l: (132.6dB  1650W 118.9dB) @ 175Hz
                1.1    8.4l: (129.8dB   855W 118.9dB) @ 149Hz (  229uF)

0.60 101.1dB:   0.5   59.9l: (129.4dB   833W 118.7dB) @ 146Hz
                0.6   37.2l: (128.4dB   660W 118.7dB) @ 137Hz
                0.7   25.7l: (128.4dB   668W 118.7dB) @ 138Hz
                0.8   18.9l: (129.9dB   924W 118.7dB) @ 149Hz
                0.9   14.6l: (130.3dB  1033W 118.7dB) @ 154Hz
                1.0   11.6l: (130.9dB  1174W 118.7dB) @ 159Hz
                1.1    9.5l: (131.7dB  1397W 118.7dB) @ 166Hz
                1.1    9.5l: (128.8dB   724W 118.7dB) @ 141Hz (  242uF)

1.00 100.9dB:   0.5   69.6l: (128.5dB   712W 118.4dB) @ 138Hz
                0.6   42.5l: (127.5dB   564W 118.4dB) @ 130Hz
                0.7   29.1l: (127.5dB   571W 118.4dB) @ 131Hz
                0.8   21.3l: (128.9dB   790W 118.4dB) @ 142Hz
                0.9   16.4l: (129.4dB   883W 118.4dB) @ 146Hz
                1.0   13.0l: (130.0dB  1004W 118.4dB) @ 150Hz
                1.1   10.6l: (130.7dB  1194W 118.4dB) @ 157Hz
                1.1   10.6l: (127.9dB   619W 118.4dB) @ 133Hz (  255uF)

-------------
285exc 12V
     102.0dB                             70W
Rpre   Spl      qtc    Vb     SplMech Pmech SplEle      f3

0.20 101.9dB:   0.5   37.3l: (132.5dB  1425W 119.4dB) @ 174Hz
                0.6   24.1l: (131.5dB  1129W 119.4dB) @ 164Hz
                0.7   17.0l: (131.6dB  1143W 119.4dB) @ 165Hz
                0.8   12.7l: (133.0dB  1581W 119.4dB) @ 179Hz
                0.9    9.8l: (133.5dB  1767W 119.4dB) @ 184Hz
                1.0    7.9l: (134.0dB  2010W 119.4dB) @ 190Hz
                1.1    6.5l: (134.8dB  2390W 119.4dB) @ 198Hz
                1.1    6.5l: (131.9dB  1239W 119.4dB) @ 168Hz (  202uF)

0.60 101.6dB:   0.5   42.9l: (131.5dB  1206W 119.2dB) @ 165Hz
                0.6   27.5l: (130.5dB   955W 119.2dB) @ 155Hz
                0.7   19.3l: (130.6dB   966W 119.2dB) @ 156Hz
                0.8   14.3l: (132.0dB  1337W 119.2dB) @ 169Hz
                0.9   11.1l: (132.5dB  1494W 119.2dB) @ 174Hz
                1.0    8.9l: (133.0dB  1700W 119.2dB) @ 179Hz
                1.1    7.3l: (133.8dB  2021W 119.2dB) @ 187Hz
                1.1    7.3l: (130.9dB  1048W 119.2dB) @ 159Hz (  214uF)

1.00 101.4dB:   0.5   49.3l: (130.6dB  1029W 118.9dB) @ 156Hz
                0.6   31.2l: (129.6dB   816W 118.9dB) @ 147Hz
                0.7   21.7l: (129.7dB   825W 118.9dB) @ 148Hz
                0.8   16.1l: (131.1dB  1142W 118.9dB) @ 160Hz
                0.9   12.5l: (131.6dB  1276W 118.9dB) @ 165Hz
                1.0    9.9l: (132.1dB  1451W 118.9dB) @ 170Hz
                1.1    8.1l: (132.9dB  1726W 118.9dB) @ 178Hz
                1.1    8.1l: (130.0dB   895W 118.9dB) @ 151Hz (  226uF)

-------------
400exc 5V
      91.5dB                             70W
Rpre   Spl      qtc    Vb     SplMech Pmech SplEle      f3

-------------
400exc 7V
      94.0dB                             70W
Rpre   Spl      qtc    Vb     SplMech Pmech SplEle      f3

0.20  92.1dB:   0.8  650.9l: (109.2dB    62W 109.7dB) @  30Hz
                0.9  393.3l: (109.7dB    69W 109.7dB) @  31Hz
                1.0  272.7l: (110.2dB    79W 109.7dB) @  32Hz
                1.1  203.7l: (111.0dB    94W 109.7dB) @  33Hz
                1.1  203.7l: (108.1dB    49W 109.7dB) @  28Hz ( 1199uF)

0.60  91.9dB:   0.8  877.4l: (108.2dB    53W 109.4dB) @  29Hz
                0.9  490.0l: (108.7dB    59W 109.4dB) @  29Hz
                1.0  328.1l: (109.3dB    67W 109.4dB) @  30Hz
                1.1  240.3l: (110.0dB    80W 109.4dB) @  32Hz
                1.1  240.3l: (107.2dB    41W 109.4dB) @  27Hz ( 1268uF)

1.00  91.7dB:   0.9  618.8l: (107.8dB    51W 109.2dB) @  28Hz
                1.0  396.3l: (108.4dB    58W 109.2dB) @  29Hz
                1.1  283.6l: (109.1dB    68W 109.2dB) @  30Hz
                1.1  283.6l: (106.3dB    35W 109.2dB) @  25Hz ( 1335uF)

-------------
400exc 9V
      95.4dB                             70W
Rpre   Spl      qtc    Vb     SplMech Pmech SplEle      f3

0.20  93.6dB:   0.6  531.5l: (113.4dB   119W 111.1dB) @  39Hz
                0.7  295.7l: (113.5dB   120W 111.1dB) @  39Hz
                0.8  195.6l: (114.9dB   167W 111.1dB) @  42Hz
                0.9  141.4l: (115.4dB   186W 111.1dB) @  43Hz
                1.0  107.9l: (115.9dB   212W 111.1dB) @  45Hz
                1.1   85.5l: (116.7dB   252W 111.1dB) @  46Hz
                1.1   85.5l: (113.8dB   130W 111.1dB) @  39Hz (  863uF)

0.60  93.3dB:   0.6  693.5l: (112.5dB   101W 110.9dB) @  36Hz
                0.7  359.3l: (112.5dB   102W 110.9dB) @  37Hz
                0.8  230.9l: (113.9dB   141W 110.9dB) @  40Hz
                0.9  164.3l: (114.4dB   158W 110.9dB) @  41Hz
                1.0  124.3l: (115.0dB   179W 110.9dB) @  42Hz
                1.1   97.9l: (115.7dB   213W 110.9dB) @  44Hz
                1.1   97.9l: (112.9dB   111W 110.9dB) @  37Hz (  913uF)

1.00  93.1dB:   0.6  934.5l: (111.5dB    86W 110.6dB) @  35Hz
                0.7  439.1l: (111.6dB    87W 110.6dB) @  35Hz
                0.8  272.5l: (113.0dB   121W 110.6dB) @  38Hz
                0.9  190.5l: (113.5dB   135W 110.6dB) @  39Hz
                1.0  142.6l: (114.1dB   153W 110.6dB) @  40Hz
                1.1  111.6l: (114.8dB   182W 110.6dB) @  42Hz
                1.1  111.6l: (112.0dB    95W 110.6dB) @  35Hz (  962uF)

-------------
400exc 11V
      96.8dB                             70W
Rpre   Spl      qtc    Vb     SplMech Pmech SplEle      f3

0.20  95.0dB:   0.5  293.2l: (120.3dB   413W 112.5dB) @  57Hz
                0.6  168.7l: (119.2dB   327W 112.5dB) @  54Hz
                0.7  112.3l: (119.3dB   331W 112.5dB) @  54Hz
                0.8   81.1l: (120.7dB   458W 112.5dB) @  59Hz
                0.9   61.6l: (121.2dB   512W 112.5dB) @  60Hz
                1.0   48.6l: (121.7dB   582W 112.5dB) @  62Hz
                1.1   39.4l: (122.5dB   692W 112.5dB) @  65Hz
                1.1   39.4l: (119.6dB   359W 112.5dB) @  55Hz (  618uF)

0.60  94.7dB:   0.5  357.1l: (119.3dB   349W 112.3dB) @  54Hz
                0.6  198.1l: (118.3dB   277W 112.3dB) @  51Hz
                0.7  129.8l: (118.3dB   280W 112.3dB) @  51Hz
                0.8   92.8l: (119.7dB   387W 112.3dB) @  55Hz
                0.9   70.2l: (120.2dB   433W 112.3dB) @  57Hz
                1.0   55.2l: (120.8dB   492W 112.3dB) @  59Hz
                1.1   44.6l: (121.5dB   586W 112.3dB) @  61Hz
                1.1   44.6l: (118.7dB   303W 112.3dB) @  52Hz (  654uF)

1.00  94.5dB:   0.5  437.6l: (118.4dB   298W 112.1dB) @  51Hz
                0.6  232.2l: (117.3dB   236W 112.1dB) @  48Hz
                0.7  149.3l: (117.4dB   239W 112.1dB) @  48Hz
                0.8  105.8l: (118.8dB   331W 112.1dB) @  52Hz
                0.9   79.5l: (119.3dB   370W 112.1dB) @  54Hz
                1.0   62.2l: (119.8dB   420W 112.1dB) @  56Hz
                1.1   50.2l: (120.6dB   500W 112.1dB) @  58Hz
                1.1   50.2l: (117.7dB   259W 112.1dB) @  49Hz (  689uF)

-------------
400exc 13V
      98.1dB                             70W
Rpre   Spl      qtc    Vb     SplMech Pmech SplEle      f3

0.20  96.2dB:   0.5  136.0l: (124.9dB   904W 113.8dB) @  74Hz
                0.6   86.3l: (123.9dB   717W 113.8dB) @  70Hz
                0.7   60.2l: (123.9dB   725W 113.8dB) @  70Hz
                0.8   44.7l: (125.3dB  1003W 113.8dB) @  76Hz
                0.9   34.6l: (125.8dB  1121W 113.8dB) @  79Hz
                1.0   27.6l: (126.4dB  1275W 113.8dB) @  81Hz
                1.1   22.6l: (127.1dB  1516W 113.8dB) @  85Hz
                1.1   22.6l: (124.3dB   786W 113.8dB) @  72Hz (  473uF)

0.60  96.0dB:   0.5  158.2l: (123.9dB   764W 113.5dB) @  70Hz
                0.6   99.0l: (122.9dB   606W 113.5dB) @  66Hz
                0.7   68.6l: (122.9dB   613W 113.5dB) @  67Hz
                0.8   50.7l: (124.3dB   848W 113.5dB) @  72Hz
                0.9   39.1l: (124.8dB   948W 113.5dB) @  74Hz
                1.0   31.1l: (125.4dB  1078W 113.5dB) @  77Hz
                1.1   25.4l: (126.1dB  1282W 113.5dB) @  80Hz
                1.1   25.4l: (123.3dB   664W 113.5dB) @  68Hz (  501uF)

1.00  95.7dB:   0.5  183.5l: (123.0dB   652W 113.3dB) @  67Hz
                0.6  113.0l: (122.0dB   517W 113.3dB) @  63Hz
                0.7   77.7l: (122.0dB   523W 113.3dB) @  63Hz
                0.8   57.1l: (123.4dB   723W 113.3dB) @  68Hz
                0.9   43.9l: (123.9dB   809W 113.3dB) @  70Hz
                1.0   34.9l: (124.5dB   920W 113.3dB) @  73Hz
                1.1   28.5l: (125.2dB  1094W 113.3dB) @  76Hz
                1.1   28.5l: (122.4dB   567W 113.3dB) @  64Hz (  528uF)

-------------
400exc 14V
      98.7dB                             70W
Rpre   Spl      qtc    Vb     SplMech Pmech SplEle      f3

0.20  96.7dB:   0.5  106.3l: (126.6dB  1208W 114.2dB) @  82Hz
                0.6   68.7l: (125.6dB   957W 114.2dB) @  77Hz
                0.7   48.5l: (125.6dB   968W 114.2dB) @  78Hz
                0.8   36.2l: (127.0dB  1339W 114.2dB) @  84Hz
                0.9   28.1l: (127.5dB  1497W 114.2dB) @  87Hz
                1.0   22.5l: (128.1dB  1703W 114.2dB) @  89Hz
                1.1   18.4l: (128.8dB  2025W 114.2dB) @  93Hz
                1.1   18.4l: (126.0dB  1050W 114.2dB) @  79Hz (  429uF)

0.60  96.4dB:   0.5  122.6l: (125.6dB  1020W 114.0dB) @  78Hz
                0.6   78.4l: (124.6dB   808W 114.0dB) @  73Hz
                0.7   55.0l: (124.6dB   818W 114.0dB) @  73Hz
                0.8   40.9l: (126.0dB  1131W 114.0dB) @  80Hz
                0.9   31.7l: (126.5dB  1265W 114.0dB) @  82Hz
                1.0   25.3l: (127.1dB  1438W 114.0dB) @  85Hz
                1.1   20.7l: (127.8dB  1711W 114.0dB) @  88Hz
                1.1   20.7l: (125.0dB   887W 114.0dB) @  75Hz (  454uF)

1.00  96.2dB:   0.5  140.8l: (124.7dB   870W 113.7dB) @  74Hz
                0.6   89.1l: (123.7dB   689W 113.7dB) @  69Hz
                0.7   62.1l: (123.7dB   698W 113.7dB) @  70Hz
                0.8   46.0l: (125.1dB   965W 113.7dB) @  75Hz
                0.9   35.6l: (125.6dB  1079W 113.7dB) @  78Hz
                1.0   28.4l: (126.2dB  1227W 113.7dB) @  80Hz
                1.1   23.2l: (126.9dB  1459W 113.7dB) @  84Hz
                1.1   23.2l: (124.1dB   756W 113.7dB) @  71Hz (  479uF)

-------------
400exc 15V
      99.1dB                             70W
Rpre   Spl      qtc    Vb     SplMech Pmech SplEle      f3

0.20  97.0dB:   0.5   83.4l: (128.1dB  1619W 114.5dB) @  90Hz
                0.6   54.7l: (127.1dB  1282W 114.5dB) @  85Hz
                0.7   38.8l: (127.2dB  1297W 114.5dB) @  85Hz
                0.8   29.1l: (128.6dB  1795W 114.5dB) @  92Hz
                0.9   22.7l: (129.1dB  2006W 114.5dB) @  95Hz
                1.0   18.2l: (129.6dB  2282W 114.5dB) @  98Hz
                1.1   14.9l: (130.4dB  2714W 114.5dB) @ 102Hz
                1.1   14.9l: (127.5dB  1407W 114.5dB) @  87Hz (  392uF)

0.60  96.7dB:   0.5   95.6l: (127.2dB  1367W 114.3dB) @  85Hz
                0.6   62.2l: (126.2dB  1083W 114.3dB) @  80Hz
                0.7   44.0l: (126.2dB  1096W 114.3dB) @  80Hz
                0.8   32.9l: (127.6dB  1516W 114.3dB) @  87Hz
                0.9   25.6l: (128.1dB  1695W 114.3dB) @  90Hz
                1.0   20.5l: (128.7dB  1927W 114.3dB) @  93Hz
                1.1   16.8l: (129.4dB  2292W 114.3dB) @  97Hz
                1.1   16.8l: (126.6dB  1188W 114.3dB) @  82Hz (  415uF)

1.00  96.5dB:   0.5  109.2l: (126.2dB  1166W 114.0dB) @  80Hz
                0.6   70.3l: (125.2dB   924W 114.0dB) @  76Hz
                0.7   49.5l: (125.3dB   935W 114.0dB) @  76Hz
                0.8   36.9l: (126.7dB  1293W 114.0dB) @  83Hz
                0.9   28.7l: (127.2dB  1445W 114.0dB) @  85Hz
                1.0   22.9l: (127.7dB  1644W 114.0dB) @  88Hz
                1.1   18.8l: (128.5dB  1955W 114.0dB) @  92Hz
                1.1   18.8l: (125.6dB  1013W 114.0dB) @  78Hz (  438uF)

