-------------
165 LB
-------------
 95.0dB             7.1l (1.1)                35W
SplMech  Pmech SplEle     f3

 95.4dB   119W  90.0dB @  40Hz   18
 96.2dB   120W  90.9dB @  42Hz   17
 97.0dB   120W  91.7dB @  44Hz   16
 97.8dB   120W  92.4dB @  46Hz   16
 98.5dB   120W  93.2dB @  48Hz   15
-------------
165 GMF
-------------
 96.0dB             6.3l (1.1)                35W
SplMech  Pmech SplEle     f3

 94.5dB    94W  90.2dB @  38Hz   19
 95.4dB    94W  91.1dB @  40Hz   18
 96.2dB    94W  91.9dB @  42Hz   18
 97.0dB    94W  92.7dB @  44Hz   17
 97.8dB    94W  93.5dB @  46Hz   16
 98.5dB    94W  94.2dB @  48Hz   15
-------------
215 RTF 64
-------------
 97.0dB            29.1l (1.1)                35W
SplMech  Pmech SplEle     f3

           14W  90.4dB @  30Hz 
 90.9dB    16W  94.4dB @  30Hz   16
 92.0dB    16W  95.5dB @  32Hz   15
 93.1dB    16W  96.5dB @  34Hz   14
 94.1dB    16W  97.5dB @  36Hz   13
 95.0dB    16W  98.5dB @  38Hz   12
 95.9dB    16W  99.4dB @  40Hz   11
 96.7dB    16W 100.2dB @  42Hz   11
 97.5dB    16W 101.0dB @  44Hz   10
 98.3dB    16W 101.8dB @  46Hz    9
 99.1dB    16W 102.5dB @  48Hz    8
-------------
215 RTF 64 bic
-------------
 96.0dB            25.0l (1.1)                35W
SplMech  Pmech SplEle     f3

           14W  90.1dB @  30Hz 
 90.9dB    16W  94.2dB @  30Hz   15
 92.0dB    16W  95.3dB @  32Hz   13
 93.1dB    17W  96.3dB @  34Hz   12
 94.1dB    17W  97.3dB @  36Hz   11
 95.0dB    17W  98.3dB @  38Hz   10
 95.9dB    17W  99.1dB @  40Hz   10
 96.7dB    17W 100.0dB @  42Hz    9
 97.5dB    17W 100.8dB @  44Hz    8
 98.3dB    17W 101.6dB @  46Hz    7
 99.1dB    17W 102.3dB @  48Hz    6
-------------
215 sig
-------------
 94.0dB           113.2l (1.1)                35W
SplMech  Pmech SplEle     f3

 91.5dB    16W  94.9dB @  22Hz   12
 93.0dB    16W  96.4dB @  24Hz   11
 94.4dB    16W  97.8dB @  26Hz    9
 95.7dB    16W  99.1dB @  28Hz    8
            3W  90.2dB @  30Hz 
            4W  91.2dB @  30Hz 
            6W  92.2dB @  30Hz 
            7W  93.2dB @  30Hz 
            9W  94.2dB @  30Hz 
           11W  95.2dB @  30Hz 
           14W  96.2dB @  30Hz 
 96.9dB    16W 100.3dB @  30Hz    7
 98.0dB    16W 101.4dB @  32Hz    6
 99.1dB    16W 102.4dB @  34Hz    5
100.1dB    16W 103.4dB @  36Hz    4
101.0dB    16W 104.3dB @  38Hz    3
101.9dB    16W 105.2dB @  40Hz    2
102.8dB    16W 106.1dB @  42Hz    1
103.6dB    16W 106.9dB @  44Hz    0
104.3dB    16W 107.7dB @  46Hz   -1
105.1dB    16W 108.4dB @  48Hz   -1
-------------
215 sig bic
-------------
 93.0dB           115.8l (1.1)                35W
SplMech  Pmech SplEle     f3

 91.5dB    19W  94.2dB @  22Hz   12
 93.0dB    19W  95.7dB @  24Hz   10
 94.4dB    19W  97.1dB @  26Hz    9
 95.7dB    19W  98.4dB @  28Hz    8
            4W  90.6dB @  30Hz 
            6W  91.6dB @  30Hz 
            7W  92.6dB @  30Hz 
            9W  93.6dB @  30Hz 
           11W  94.6dB @  30Hz 
           14W  95.6dB @  30Hz 
           17W  96.6dB @  30Hz 
 96.9dB    19W  99.6dB @  30Hz    7
 98.0dB    19W 100.7dB @  32Hz    6
 99.1dB    19W 101.8dB @  34Hz    4
100.1dB    19W 102.7dB @  36Hz    3
101.0dB    19W 103.7dB @  38Hz    3
101.9dB    19W 104.6dB @  40Hz    2
102.8dB    19W 105.4dB @  42Hz    1
103.6dB    19W 106.2dB @  44Hz   -0
104.3dB    19W 107.0dB @  46Hz   -1
105.1dB    19W 107.7dB @  48Hz   -2
-------------
215 GMF
-------------
 97.0dB            12.6l (1.1)                40W
SplMech  Pmech SplEle     f3

 98.3dB   211W  91.1dB @  28Hz   22
           25W  90.2dB @  30Hz 
           32W  91.3dB @  30Hz 
           40W  92.3dB @  30Hz 
 99.5dB   211W  92.3dB @  30Hz   20
100.6dB   212W  93.4dB @  32Hz   19
101.7dB   212W  94.4dB @  34Hz   18
102.7dB   212W  95.4dB @  36Hz   17
103.6dB   212W  96.3dB @  38Hz   16
104.5dB   212W  97.2dB @  40Hz   15
105.3dB   212W  98.1dB @  42Hz   15
106.1dB   212W  98.9dB @  44Hz   14
106.9dB   213W  99.7dB @  46Hz   13
107.6dB   213W 100.4dB @  48Hz   12
-------------
285 GMF
-------------
 99.0dB            20.7l (1.1)                70W
SplMech  Pmech SplEle     f3

 96.6dB   263W  90.8dB @  22Hz   24
 98.1dB   264W  92.3dB @  24Hz   23
 99.5dB   264W  93.7dB @  26Hz   22
100.8dB   264W  95.0dB @  28Hz   20
           17W  90.2dB @  30Hz 
           22W  91.2dB @  30Hz 
           28W  92.2dB @  30Hz 
           35W  93.2dB @  30Hz 
           44W  94.2dB @  30Hz 
           56W  95.2dB @  30Hz 
           70W  96.2dB @  30Hz 
102.0dB   264W  96.2dB @  30Hz   19
103.1dB   265W  97.3dB @  32Hz   18
104.1dB   265W  98.4dB @  34Hz   17
105.1dB   265W  99.4dB @  36Hz   16
106.1dB   265W 100.3dB @  38Hz   15
107.0dB   265W 101.2dB @  40Hz   14
107.8dB   266W 102.0dB @  42Hz   13
108.6dB   266W 102.8dB @  44Hz   12
109.4dB   266W 103.6dB @  46Hz   12
110.1dB   266W 104.3dB @  48Hz   11
-------------
165-2000
-------------
 94.0dB            48.8l (1.1)                35W
SplMech  Pmech SplEle     f3

 92.3dB    51W  90.7dB @  26Hz   15
 93.6dB    51W  91.9dB @  28Hz   14
           17W  90.1dB @  30Hz 
           22W  91.1dB @  30Hz 
           28W  92.1dB @  30Hz 
           35W  93.1dB @  30Hz 
 94.8dB    51W  93.1dB @  30Hz   13
 95.9dB    51W  94.2dB @  32Hz   12
 97.0dB    51W  95.3dB @  34Hz   11
 98.0dB    52W  96.3dB @  36Hz   10
 98.9dB    52W  97.2dB @  38Hz    9
 99.8dB    52W  98.1dB @  40Hz    8
100.6dB    52W  99.0dB @  42Hz    7
101.5dB    52W  99.8dB @  44Hz    6
102.2dB    52W 100.5dB @  46Hz    5
103.0dB    52W 101.3dB @  48Hz    5
-------------
215-2000
-------------
 99.0dB             6.3l (1.1)                20W
SplMech  Pmech SplEle     f3

107.6dB  1135W  90.1dB @  48Hz   19
-------------
285-2000
-------------
101.0dB             8.2l (1.1)                70W
SplMech  Pmech SplEle     f3

           70W  90.4dB @  30Hz 
102.0dB  1001W  90.4dB @  30Hz   28
103.1dB  1002W  91.5dB @  32Hz   27
104.1dB  1003W  92.6dB @  34Hz   26
105.1dB  1004W  93.6dB @  36Hz   25
106.1dB  1005W  94.5dB @  38Hz   24
107.0dB  1005W  95.4dB @  40Hz   23
107.8dB  1006W  96.2dB @  42Hz   22
108.6dB  1007W  97.0dB @  44Hz   21
109.4dB  1007W  97.8dB @  46Hz   21
110.1dB  1008W  98.6dB @  48Hz   20
-------------
400-2000
-------------
 96.0dB            31.1l (1.1)               120W
SplMech  Pmech SplEle     f3

 98.2dB   558W  91.5dB @  16Hz   23
100.2dB   559W  93.5dB @  18Hz   21
           38W  90.3dB @  20Hz 
           48W  91.3dB @  20Hz 
           60W  92.3dB @  20Hz 
           76W  93.3dB @  20Hz 
           95W  94.4dB @  20Hz 
          120W  95.4dB @  20Hz 
102.0dB   560W  95.4dB @  20Hz   19
103.7dB   560W  97.0dB @  22Hz   17
105.2dB   561W  98.5dB @  24Hz   16
106.6dB   562W  99.9dB @  26Hz   15
107.9dB   562W 101.2dB @  28Hz   13
            7W  90.3dB @  30Hz 
            9W  91.3dB @  30Hz 
           12W  92.3dB @  30Hz 
           15W  93.3dB @  30Hz 
           19W  94.3dB @  30Hz 
           24W  95.4dB @  30Hz 
           30W  96.4dB @  30Hz 
           38W  97.4dB @  30Hz 
           48W  98.4dB @  30Hz 
           60W  99.4dB @  30Hz 
           76W 100.4dB @  30Hz 
           95W 101.4dB @  30Hz 
          120W 102.4dB @  30Hz 
109.1dB   563W 102.4dB @  30Hz   12
110.2dB   563W 103.5dB @  32Hz   11
111.3dB   564W 104.5dB @  34Hz   10
112.3dB   564W 105.5dB @  36Hz    9
113.2dB   565W 106.5dB @  38Hz    8
114.1dB   565W 107.4dB @  40Hz    7
114.9dB   565W 108.2dB @  42Hz    6
115.7dB   566W 109.0dB @  44Hz    5
116.5dB   566W 109.8dB @  46Hz    5
117.3dB   566W 110.5dB @  48Hz    4
-------------
165exc 6V
-------------
 92.9dB            84.4l (1.1)                35W
SplMech  Pmech SplEle     f3

 90.9dB    32W  91.3dB @  24Hz   14
 92.3dB    32W  92.7dB @  26Hz   13
 93.6dB    32W  93.9dB @  28Hz   11
           11W  90.1dB @  30Hz 
           14W  91.1dB @  30Hz 
           17W  92.1dB @  30Hz 
           22W  93.1dB @  30Hz 
           28W  94.1dB @  30Hz 
 94.8dB    32W  95.1dB @  30Hz   10
 95.9dB    32W  96.3dB @  32Hz    9
 97.0dB    32W  97.3dB @  34Hz    8
 98.0dB    32W  98.3dB @  36Hz    7
 98.9dB    32W  99.2dB @  38Hz    6
 99.8dB    32W 100.1dB @  40Hz    5
100.6dB    33W 101.0dB @  42Hz    4
101.5dB    33W 101.8dB @  44Hz    4
102.2dB    33W 102.5dB @  46Hz    3
103.0dB    33W 103.3dB @  48Hz    2
-------------
165exc 7V
-------------
 93.5dB            46.0l (1.1)                35W
SplMech  Pmech SplEle     f3

 92.3dB    47W  91.1dB @  26Hz   15
 93.6dB    47W  92.3dB @  28Hz   14
           17W  90.5dB @  30Hz 
           22W  91.5dB @  30Hz 
           28W  92.5dB @  30Hz 
           35W  93.5dB @  30Hz 
 94.8dB    47W  93.5dB @  30Hz   12
 95.9dB    47W  94.6dB @  32Hz   11
 97.0dB    47W  95.7dB @  34Hz   10
 98.0dB    47W  96.7dB @  36Hz    9
 98.9dB    47W  97.6dB @  38Hz    8
 99.8dB    47W  98.5dB @  40Hz    7
100.6dB    47W  99.4dB @  42Hz    7
101.5dB    47W 100.2dB @  44Hz    6
102.2dB    47W 100.9dB @  46Hz    5
103.0dB    47W 101.7dB @  48Hz    4
-------------
165exc 8V
-------------
 93.9dB            33.7l (1.1)                35W
SplMech  Pmech SplEle     f3

 92.3dB    59W  90.0dB @  26Hz   16
 93.6dB    59W  91.3dB @  28Hz   15
           22W  90.5dB @  30Hz 
           28W  91.5dB @  30Hz 
           35W  92.5dB @  30Hz 
 94.8dB    59W  92.5dB @  30Hz   14
 95.9dB    59W  93.6dB @  32Hz   13
 97.0dB    59W  94.7dB @  34Hz   12
 98.0dB    59W  95.7dB @  36Hz   11
 98.9dB    59W  96.6dB @  38Hz   10
 99.8dB    59W  97.5dB @  40Hz    9
100.6dB    60W  98.3dB @  42Hz    8
101.5dB    60W  99.1dB @  44Hz    7
102.2dB    60W  99.9dB @  46Hz    7
103.0dB    60W 100.6dB @  48Hz    6
-------------
165exc 9V
-------------
 94.2dB            27.4l (1.1)                35W
SplMech  Pmech SplEle     f3

 93.6dB    71W  90.5dB @  28Hz   16
           28W  90.7dB @  30Hz 
           35W  91.7dB @  30Hz 
 94.8dB    71W  91.7dB @  30Hz   15
 95.9dB    71W  92.8dB @  32Hz   14
 97.0dB    71W  93.9dB @  34Hz   13
 98.0dB    71W  94.9dB @  36Hz   12
 98.9dB    71W  95.8dB @  38Hz   11
 99.8dB    71W  96.7dB @  40Hz   10
100.6dB    71W  97.6dB @  42Hz    9
101.5dB    71W  98.4dB @  44Hz    8
102.2dB    71W  99.1dB @  46Hz    8
103.0dB    71W  99.9dB @  48Hz    7
-------------
165exc 10V
-------------
 94.4dB            24.2l (1.1)                35W
SplMech  Pmech SplEle     f3

 93.6dB    80W  90.0dB @  28Hz   17
           28W  90.2dB @  30Hz 
           35W  91.2dB @  30Hz 
 94.8dB    80W  91.2dB @  30Hz   16
 95.9dB    80W  92.3dB @  32Hz   15
 97.0dB    80W  93.4dB @  34Hz   14
 98.0dB    80W  94.4dB @  36Hz   13
 98.9dB    80W  95.3dB @  38Hz   12
 99.8dB    80W  96.2dB @  40Hz   11
100.6dB    80W  97.1dB @  42Hz   10
101.5dB    80W  97.9dB @  44Hz    9
102.2dB    80W  98.6dB @  46Hz    8
103.0dB    80W  99.4dB @  48Hz    8
-------------
215exc 8V
-------------
 98.0dB             5.6l (1.1)                20W
SplMech  Pmech SplEle     f3

106.9dB   969W  90.1dB @  46Hz   13
107.6dB   970W  90.8dB @  48Hz   13
-------------
215exc 9V
-------------
 98.3dB             4.4l (1.1)                20W
SplMech  Pmech SplEle     f3

-------------
215exc 10V
-------------
 98.7dB             3.7l (1.1)                20W
SplMech  Pmech SplEle     f3

-------------
215exc 11V
-------------
 99.0dB             3.1l (1.1)                20W
SplMech  Pmech SplEle     f3

-------------
215exc 12V
-------------
 99.4dB             3.0l (1.1)                20W
SplMech  Pmech SplEle     f3

-------------
215exc 13V
-------------
 99.9dB             2.8l (1.1)                20W
SplMech  Pmech SplEle     f3

-------------
285exc 6V
-------------
 97.1dB            85.4l (1.1)                70W
SplMech  Pmech SplEle     f3

 91.1dB    58W  91.9dB @  16Hz   23
 93.1dB    58W  93.9dB @  18Hz   21
           22W  90.7dB @  20Hz 
           28W  91.7dB @  20Hz 
           35W  92.7dB @  20Hz 
           44W  93.7dB @  20Hz 
           56W  94.7dB @  20Hz 
 94.9dB    58W  95.7dB @  20Hz   19
 96.6dB    58W  97.4dB @  22Hz   17
 98.1dB    59W  98.9dB @  24Hz   16
 99.5dB    59W 100.3dB @  26Hz   14
100.8dB    59W 101.5dB @  28Hz   13
            4W  90.7dB @  30Hz 
            6W  91.7dB @  30Hz 
            7W  92.7dB @  30Hz 
            9W  93.7dB @  30Hz 
           11W  94.7dB @  30Hz 
           14W  95.7dB @  30Hz 
           17W  96.7dB @  30Hz 
           22W  97.7dB @  30Hz 
           28W  98.7dB @  30Hz 
           35W  99.7dB @  30Hz 
           44W 100.7dB @  30Hz 
           56W 101.7dB @  30Hz 
102.0dB    59W 102.7dB @  30Hz   12
103.1dB    59W 103.9dB @  32Hz   11
104.1dB    59W 104.9dB @  34Hz   10
105.1dB    59W 105.9dB @  36Hz    9
106.1dB    59W 106.8dB @  38Hz    8
107.0dB    59W 107.7dB @  40Hz    7
107.8dB    59W 108.6dB @  42Hz    6
108.6dB    59W 109.4dB @  44Hz    5
109.4dB    59W 110.1dB @  46Hz    4
110.1dB    59W 110.9dB @  48Hz    4
-------------
285exc 7V
-------------
 98.5dB            41.0l (1.1)                70W
SplMech  Pmech SplEle     f3

 93.1dB   127W  90.5dB @  18Hz   25
           44W  90.3dB @  20Hz 
           56W  91.3dB @  20Hz 
           70W  92.3dB @  20Hz 
 94.9dB   127W  92.3dB @  20Hz   24
 96.6dB   127W  94.0dB @  22Hz   22
 98.1dB   128W  95.5dB @  24Hz   20
 99.5dB   128W  96.9dB @  26Hz   19
100.8dB   128W  98.2dB @  28Hz   18
            9W  90.3dB @  30Hz 
           11W  91.3dB @  30Hz 
           14W  92.3dB @  30Hz 
           17W  93.3dB @  30Hz 
           22W  94.3dB @  30Hz 
           28W  95.3dB @  30Hz 
           35W  96.3dB @  30Hz 
           44W  97.3dB @  30Hz 
           56W  98.3dB @  30Hz 
           70W  99.3dB @  30Hz 
102.0dB   128W  99.3dB @  30Hz   17
103.1dB   128W 100.5dB @  32Hz   15
104.1dB   128W 101.5dB @  34Hz   14
105.1dB   128W 102.5dB @  36Hz   13
106.1dB   128W 103.4dB @  38Hz   12
107.0dB   128W 104.3dB @  40Hz   12
107.8dB   129W 105.2dB @  42Hz   11
108.6dB   129W 106.0dB @  44Hz   10
109.4dB   129W 106.8dB @  46Hz    9
110.1dB   129W 107.5dB @  48Hz    8
-------------
285exc 8V
-------------
 99.4dB            24.0l (1.1)                70W
SplMech  Pmech SplEle     f3

 96.6dB   244W  91.2dB @  22Hz   26
 98.1dB   244W  92.7dB @  24Hz   24
 99.5dB   245W  94.1dB @  26Hz   23
100.8dB   245W  95.3dB @  28Hz   21
           17W  90.5dB @  30Hz 
           22W  91.5dB @  30Hz 
           28W  92.5dB @  30Hz 
           35W  93.5dB @  30Hz 
           44W  94.5dB @  30Hz 
           56W  95.5dB @  30Hz 
           70W  96.5dB @  30Hz 
102.0dB   245W  96.5dB @  30Hz   20
103.1dB   245W  97.6dB @  32Hz   19
104.1dB   246W  98.7dB @  34Hz   18
105.1dB   246W  99.7dB @  36Hz   17
106.1dB   246W 100.6dB @  38Hz   16
107.0dB   246W 101.5dB @  40Hz   15
107.8dB   246W 102.4dB @  42Hz   14
108.6dB   246W 103.2dB @  44Hz   14
109.4dB   247W 103.9dB @  46Hz   13
110.1dB   247W 104.7dB @  48Hz   12
-------------
285exc 9V
-------------
100.0dB            14.3l (1.1)                70W
SplMech  Pmech SplEle     f3

 99.5dB   487W  91.1dB @  26Hz   27
100.8dB   488W  92.3dB @  28Hz   26
           35W  90.5dB @  30Hz 
           44W  91.5dB @  30Hz 
           56W  92.5dB @  30Hz 
           70W  93.5dB @  30Hz 
102.0dB   488W  93.5dB @  30Hz   24
103.1dB   489W  94.7dB @  32Hz   23
104.1dB   489W  95.7dB @  34Hz   22
105.1dB   489W  96.7dB @  36Hz   21
106.1dB   490W  97.6dB @  38Hz   20
107.0dB   490W  98.5dB @  40Hz   19
107.8dB   490W  99.4dB @  42Hz   19
108.6dB   491W 100.2dB @  44Hz   18
109.4dB   491W 100.9dB @  46Hz   17
110.1dB   491W 101.7dB @  48Hz   16
-------------
285exc 10V
-------------
101.0dB             9.9l (1.1)                70W
SplMech  Pmech SplEle     f3

100.8dB   809W  90.1dB @  28Hz   28
           56W  90.3dB @  30Hz 
           70W  91.3dB @  30Hz 
102.0dB   809W  91.3dB @  30Hz   27
103.1dB   810W  92.5dB @  32Hz   26
104.1dB   811W  93.5dB @  34Hz   25
105.1dB   811W  94.5dB @  36Hz   24
106.1dB   812W  95.4dB @  38Hz   23
107.0dB   812W  96.3dB @  40Hz   22
107.8dB   813W  97.2dB @  42Hz   21
108.6dB   814W  98.0dB @  44Hz   21
109.4dB   814W  98.7dB @  46Hz   20
110.1dB   815W  99.5dB @  48Hz   19
-------------
285exc 11V
-------------
101.0dB             8.4l (1.1)                70W
SplMech  Pmech SplEle     f3

           70W  90.4dB @  30Hz 
102.0dB  1016W  90.4dB @  30Hz   29
103.1dB  1017W  91.5dB @  32Hz   27
104.1dB  1018W  92.5dB @  34Hz   26
105.1dB  1019W  93.5dB @  36Hz   25
106.1dB  1019W  94.4dB @  38Hz   24
107.0dB  1020W  95.3dB @  40Hz   24
107.8dB  1021W  96.2dB @  42Hz   23
108.6dB  1021W  97.0dB @  44Hz   22
109.4dB  1022W  97.8dB @  46Hz   21
110.1dB  1023W  98.5dB @  48Hz   20
-------------
285exc 12V
-------------
102.0dB             6.5l (1.1)                70W
SplMech  Pmech SplEle     f3

104.1dB  1472W  90.9dB @  34Hz   29
105.1dB  1473W  91.9dB @  36Hz   28
106.1dB  1474W  92.8dB @  38Hz   27
107.0dB  1475W  93.7dB @  40Hz   26
107.8dB  1476W  94.6dB @  42Hz   25
108.6dB  1477W  95.4dB @  44Hz   24
109.4dB  1478W  96.1dB @  46Hz   23
110.1dB  1479W  96.9dB @  48Hz   23
-------------
400exc 7V
-------------
 94.0dB           203.7l (1.1)                70W
SplMech  Pmech SplEle     f3

 98.2dB    59W  98.9dB @  16Hz   11
100.2dB    59W 101.0dB @  18Hz    9
            4W  90.8dB @  20Hz 
            6W  91.8dB @  20Hz 
            7W  92.8dB @  20Hz 
            9W  93.8dB @  20Hz 
           11W  94.8dB @  20Hz 
           14W  95.8dB @  20Hz 
           17W  96.8dB @  20Hz 
           22W  97.8dB @  20Hz 
           28W  98.8dB @  20Hz 
           35W  99.8dB @  20Hz 
           44W 100.8dB @  20Hz 
           56W 101.8dB @  20Hz 
102.0dB    59W 102.8dB @  20Hz    7
103.7dB    59W 104.4dB @  22Hz    5
105.2dB    59W 106.0dB @  24Hz    4
106.6dB    59W 107.3dB @  26Hz    2
107.9dB    59W 108.6dB @  28Hz    1
            1W  91.8dB @  30Hz 
            1W  92.8dB @  30Hz 
            2W  93.8dB @  30Hz 
            2W  94.8dB @  30Hz 
            3W  95.8dB @  30Hz 
            3W  96.8dB @  30Hz 
            4W  97.8dB @  30Hz 
            6W  98.8dB @  30Hz 
            7W  99.8dB @  30Hz 
            9W 100.8dB @  30Hz 
           11W 101.8dB @  30Hz 
           14W 102.8dB @  30Hz 
           17W 103.8dB @  30Hz 
           22W 104.8dB @  30Hz 
           28W 105.8dB @  30Hz 
           35W 106.8dB @  30Hz 
           44W 107.8dB @  30Hz 
           56W 108.8dB @  30Hz 
109.1dB    59W 109.8dB @  30Hz   -0
110.2dB    59W 110.9dB @  32Hz   -1
111.3dB    59W 112.0dB @  34Hz   -2
112.3dB    59W 113.0dB @  36Hz   -3
113.2dB    59W 113.9dB @  38Hz   -4
114.1dB    59W 114.8dB @  40Hz   -5
114.9dB    59W 115.6dB @  42Hz   -6
115.7dB    60W 116.4dB @  44Hz   -7
116.5dB    60W 117.2dB @  46Hz   -8
117.3dB    60W 118.0dB @  48Hz   -8
-------------
400exc 9V
-------------
 95.4dB            85.5l (1.1)                70W
SplMech  Pmech SplEle     f3

 98.2dB   157W  94.7dB @  16Hz   16
100.2dB   157W  96.7dB @  18Hz   14
           11W  90.5dB @  20Hz 
           14W  91.5dB @  20Hz 
           17W  92.5dB @  20Hz 
           22W  93.5dB @  20Hz 
           28W  94.5dB @  20Hz 
           35W  95.5dB @  20Hz 
           44W  96.5dB @  20Hz 
           56W  97.5dB @  20Hz 
           70W  98.5dB @  20Hz 
102.0dB   157W  98.5dB @  20Hz   13
103.7dB   157W 100.2dB @  22Hz   11
105.2dB   157W 101.7dB @  24Hz    9
106.6dB   158W 103.1dB @  26Hz    8
107.9dB   158W 104.4dB @  28Hz    7
            2W  90.5dB @  30Hz 
            3W  91.5dB @  30Hz 
            3W  92.5dB @  30Hz 
            4W  93.5dB @  30Hz 
            6W  94.5dB @  30Hz 
            7W  95.5dB @  30Hz 
            9W  96.5dB @  30Hz 
           11W  97.5dB @  30Hz 
           14W  98.5dB @  30Hz 
           17W  99.5dB @  30Hz 
           22W 100.5dB @  30Hz 
           28W 101.5dB @  30Hz 
           35W 102.5dB @  30Hz 
           44W 103.5dB @  30Hz 
           56W 104.6dB @  30Hz 
           70W 105.6dB @  30Hz 
109.1dB   158W 105.6dB @  30Hz    6
110.2dB   158W 106.7dB @  32Hz    4
111.3dB   158W 107.7dB @  34Hz    3
112.3dB   158W 108.7dB @  36Hz    2
113.2dB   158W 109.6dB @  38Hz    1
114.1dB   159W 110.5dB @  40Hz    1
114.9dB   159W 111.4dB @  42Hz   -0
115.7dB   159W 112.2dB @  44Hz   -1
116.5dB   159W 113.0dB @  46Hz   -2
117.3dB   159W 113.7dB @  48Hz   -3
-------------
400exc 11V
-------------
 96.8dB            39.4l (1.1)                70W
SplMech  Pmech SplEle     f3

 98.2dB   428W  90.3dB @  16Hz   22
100.2dB   429W  92.3dB @  18Hz   20
           28W  90.1dB @  20Hz 
           35W  91.2dB @  20Hz 
           44W  92.2dB @  20Hz 
           56W  93.2dB @  20Hz 
           70W  94.2dB @  20Hz 
102.0dB   430W  94.2dB @  20Hz   18
103.7dB   430W  95.8dB @  22Hz   17
105.2dB   431W  97.3dB @  24Hz   15
106.6dB   431W  98.7dB @  26Hz   14
107.9dB   432W 100.0dB @  28Hz   13
            6W  90.1dB @  30Hz 
            7W  91.1dB @  30Hz 
            9W  92.2dB @  30Hz 
           11W  93.2dB @  30Hz 
           14W  94.2dB @  30Hz 
           17W  95.2dB @  30Hz 
           22W  96.2dB @  30Hz 
           28W  97.2dB @  30Hz 
           35W  98.2dB @  30Hz 
           44W  99.2dB @  30Hz 
           56W 100.2dB @  30Hz 
           70W 101.2dB @  30Hz 
109.1dB   432W 101.2dB @  30Hz   11
110.2dB   433W 102.3dB @  32Hz   10
111.3dB   433W 103.3dB @  34Hz    9
112.3dB   433W 104.3dB @  36Hz    8
113.2dB   434W 105.3dB @  38Hz    7
114.1dB   434W 106.2dB @  40Hz    6
114.9dB   434W 107.0dB @  42Hz    6
115.7dB   434W 107.8dB @  44Hz    5
116.5dB   435W 108.6dB @  46Hz    4
117.3dB   435W 109.3dB @  48Hz    3
-------------
400exc 13V
-------------
 98.1dB            22.6l (1.1)                70W
SplMech  Pmech SplEle     f3

           70W  90.8dB @  20Hz 
102.0dB   938W  90.8dB @  20Hz   23
103.7dB   939W  92.4dB @  22Hz   21
105.2dB   940W  93.9dB @  24Hz   20
106.6dB   941W  95.3dB @  26Hz   18
107.9dB   942W  96.6dB @  28Hz   17
           14W  90.8dB @  30Hz 
           17W  91.8dB @  30Hz 
           22W  92.8dB @  30Hz 
           28W  93.8dB @  30Hz 
           35W  94.8dB @  30Hz 
           44W  95.8dB @  30Hz 
           56W  96.8dB @  30Hz 
           70W  97.8dB @  30Hz 
109.1dB   943W  97.8dB @  30Hz   16
110.2dB   944W  98.9dB @  32Hz   15
111.3dB   945W 100.0dB @  34Hz   14
112.3dB   946W 100.9dB @  36Hz   13
113.2dB   946W 101.9dB @  38Hz   12
114.1dB   947W 102.8dB @  40Hz   11
114.9dB   948W 103.6dB @  42Hz   10
115.7dB   948W 104.4dB @  44Hz    9
116.5dB   949W 105.2dB @  46Hz    9
117.3dB   949W 105.9dB @  48Hz    8
-------------
400exc 14V
-------------
 98.7dB            18.4l (1.1)                70W
SplMech  Pmech SplEle     f3

103.7dB  1253W  91.2dB @  22Hz   23
105.2dB  1254W  92.7dB @  24Hz   22
106.6dB  1256W  94.1dB @  26Hz   20
107.9dB  1257W  95.3dB @  28Hz   19
           17W  90.5dB @  30Hz 
           22W  91.5dB @  30Hz 
           28W  92.5dB @  30Hz 
           35W  93.5dB @  30Hz 
           44W  94.5dB @  30Hz 
           56W  95.5dB @  30Hz 
           70W  96.5dB @  30Hz 
109.1dB  1258W  96.5dB @  30Hz   18
110.2dB  1259W  97.7dB @  32Hz   17
111.3dB  1260W  98.7dB @  34Hz   16
112.3dB  1261W  99.7dB @  36Hz   15
113.2dB  1262W 100.6dB @  38Hz   14
114.1dB  1263W 101.5dB @  40Hz   13
114.9dB  1264W 102.4dB @  42Hz   12
115.7dB  1265W 103.2dB @  44Hz   11
116.5dB  1265W 103.9dB @  46Hz   10
117.3dB  1266W 104.7dB @  48Hz   10
-------------
400exc 15V
-------------
 99.1dB            14.9l (1.1)                70W
SplMech  Pmech SplEle     f3

105.2dB  1679W  91.4dB @  24Hz   23
106.6dB  1681W  92.8dB @  26Hz   22
107.9dB  1682W  94.1dB @  28Hz   20
           22W  90.3dB @  30Hz 
           28W  91.3dB @  30Hz 
           35W  92.3dB @  30Hz 
           44W  93.3dB @  30Hz 
           56W  94.3dB @  30Hz 
           70W  95.3dB @  30Hz 
109.1dB  1684W  95.3dB @  30Hz   19
110.2dB  1685W  96.4dB @  32Hz   18
111.3dB  1687W  97.4dB @  34Hz   17
112.3dB  1688W  98.4dB @  36Hz   16
113.2dB  1689W  99.4dB @  38Hz   15
114.1dB  1691W 100.3dB @  40Hz   14
114.9dB  1692W 101.1dB @  42Hz   13
115.7dB  1693W 101.9dB @  44Hz   13
116.5dB  1694W 102.7dB @  46Hz   12
117.3dB  1695W 103.4dB @  48Hz   11
