-------------
W3-1878
      88.0dB                             12W
Rpre   Spl      qtc    Vb     SplMech Pmech SplEle      f3

0.20  87.5dB:   0.5    1.6l: (110.9dB   267W  97.4dB) @ 188Hz
                0.6    0.9l: (109.9dB   212W  97.4dB) @ 177Hz
                0.7    0.6l: (109.9dB   214W  97.4dB) @ 178Hz
                0.8    0.5l: (111.3dB   296W  97.4dB) @ 193Hz
                0.9    0.4l: (111.8dB   331W  97.4dB) @ 198Hz
                1.0    0.3l: (112.4dB   377W  97.4dB) @ 205Hz
                1.1    0.2l: (113.1dB   448W  97.4dB) @ 214Hz
                1.1    0.2l: (110.3dB   232W  97.4dB) @ 181Hz (  188uF)

0.60  87.3dB:   0.5    1.8l: (110.1dB   234W  97.2dB) @ 179Hz
                0.6    1.1l: (109.1dB   185W  97.2dB) @ 169Hz
                0.7    0.7l: (109.1dB   188W  97.2dB) @ 169Hz
                0.8    0.5l: (110.5dB   259W  97.2dB) @ 184Hz
                0.9    0.4l: (111.0dB   290W  97.2dB) @ 189Hz
                1.0    0.3l: (111.6dB   330W  97.2dB) @ 195Hz
                1.1    0.3l: (112.3dB   392W  97.2dB) @ 204Hz
                1.1    0.3l: (109.5dB   203W  97.2dB) @ 173Hz (  197uF)

1.00  87.0dB:   0.5    2.1l: (109.3dB   207W  96.9dB) @ 171Hz
                0.6    1.2l: (108.3dB   164W  96.9dB) @ 161Hz
                0.7    0.8l: (108.3dB   166W  96.9dB) @ 162Hz
                0.8    0.6l: (109.7dB   229W  96.9dB) @ 176Hz
                0.9    0.4l: (110.2dB   256W  96.9dB) @ 181Hz
                1.0    0.3l: (110.8dB   291W  96.9dB) @ 187Hz
                1.1    0.3l: (111.5dB   347W  96.9dB) @ 195Hz
                1.1    0.3l: (108.7dB   180W  96.9dB) @ 165Hz (  206uF)

-------------
W3-315SC
      85.0dB                             15W
Rpre   Spl      qtc    Vb     SplMech Pmech SplEle      f3

0.20  85.5dB:   0.7    9.5l: ( 80.9dB     0W  96.4dB) @  97Hz
                0.8    3.8l: ( 82.3dB     1W  96.4dB) @ 105Hz
                0.9    2.2l: ( 82.7dB     1W  96.4dB) @ 108Hz
                1.0    1.5l: ( 83.3dB     1W  96.4dB) @ 111Hz
                1.1    1.1l: ( 84.1dB     1W  96.4dB) @ 116Hz
                1.1    1.1l: ( 81.2dB     0W  96.4dB) @  98Hz (  340uF)

0.60  85.2dB:   0.7   18.0l: ( 80.0dB     0W  96.1dB) @  92Hz
                0.8    5.0l: ( 81.4dB     1W  96.1dB) @ 100Hz
                0.9    2.7l: ( 81.9dB     1W  96.1dB) @ 102Hz
                1.0    1.8l: ( 82.4dB     1W  96.1dB) @ 106Hz
                1.1    1.3l: ( 83.2dB     1W  96.1dB) @ 110Hz
                1.1    1.3l: ( 80.3dB     0W  96.1dB) @  94Hz (  358uF)

1.00  85.0dB:   0.7   76.2l: ( 79.2dB     0W  95.9dB) @  88Hz
                0.8    6.9l: ( 80.6dB     0W  95.9dB) @  95Hz
                0.9    3.4l: ( 81.1dB     0W  95.9dB) @  98Hz
                1.0    2.2l: ( 81.6dB     1W  95.9dB) @ 101Hz
                1.1    1.6l: ( 82.4dB     1W  95.9dB) @ 105Hz
                1.1    1.6l: ( 79.5dB     0W  95.9dB) @  89Hz (  375uF)

-------------
W3-871S
      87.0dB                             15W
Rpre   Spl      qtc    Vb     SplMech Pmech SplEle      f3

-------------
W4-1337SA
      87.0dB                             25W
Rpre   Spl      qtc    Vb     SplMech Pmech SplEle      f3

0.20  86.9dB:   0.5    6.4l: (107.2dB   124W 100.2dB) @ 134Hz
                0.6    3.1l: (106.1dB    98W 100.2dB) @ 127Hz
                0.7    2.0l: (106.2dB    99W 100.2dB) @ 127Hz
                0.8    1.4l: (107.6dB   137W 100.2dB) @ 138Hz
                0.9    1.0l: (108.1dB   153W 100.2dB) @ 142Hz
                1.0    0.8l: (108.6dB   174W 100.2dB) @ 146Hz
                1.1    0.6l: (109.4dB   208W 100.2dB) @ 153Hz
                1.1    0.6l: (106.5dB   108W 100.2dB) @ 130Hz (  251uF)

0.60  86.7dB:   0.5    7.8l: (106.4dB   111W 100.0dB) @ 129Hz
                0.6    3.6l: (105.4dB    88W 100.0dB) @ 122Hz
                0.7    2.2l: (105.5dB    89W 100.0dB) @ 122Hz
                0.8    1.5l: (106.9dB   123W 100.0dB) @ 132Hz
                0.9    1.1l: (107.4dB   137W 100.0dB) @ 136Hz
                1.0    0.9l: (107.9dB   156W 100.0dB) @ 140Hz
                1.1    0.7l: (108.7dB   186W 100.0dB) @ 147Hz
                1.1    0.7l: (105.8dB    96W 100.0dB) @ 124Hz (  262uF)

1.00  86.5dB:   0.5    9.7l: (105.8dB   100W  99.7dB) @ 124Hz
                0.6    4.2l: (104.8dB    79W  99.7dB) @ 117Hz
                0.7    2.5l: (104.8dB    80W  99.7dB) @ 117Hz
                0.8    1.7l: (106.2dB   111W  99.7dB) @ 127Hz
                0.9    1.2l: (106.7dB   124W  99.7dB) @ 131Hz
                1.0    1.0l: (107.3dB   141W  99.7dB) @ 135Hz
                1.1    0.8l: (108.0dB   168W  99.7dB) @ 141Hz
                1.1    0.8l: (105.2dB    87W  99.7dB) @ 120Hz (  272uF)

-------------
W4-1879
      87.0dB                             25W
Rpre   Spl      qtc    Vb     SplMech Pmech SplEle      f3

0.20  86.4dB:   0.5   31.2l: (104.8dB    87W  99.4dB) @  91Hz
                0.6   10.6l: (103.8dB    69W  99.4dB) @  86Hz
                0.7    5.9l: (103.8dB    69W  99.4dB) @  86Hz
                0.8    4.0l: (105.2dB    96W  99.4dB) @  93Hz
                0.9    2.9l: (105.7dB   107W  99.4dB) @  96Hz
                1.0    2.2l: (106.3dB   122W  99.4dB) @  99Hz
                1.1    1.7l: (107.0dB   145W  99.4dB) @ 103Hz
                1.1    1.7l: (104.2dB    75W  99.4dB) @  88Hz (  401uF)

0.60  86.2dB:   0.5   53.6l: (103.9dB    75W  99.1dB) @  86Hz
                0.6   13.3l: (102.9dB    60W  99.1dB) @  81Hz
                0.7    7.1l: (103.0dB    60W  99.1dB) @  82Hz
                0.8    4.6l: (104.4dB    84W  99.1dB) @  89Hz
                0.9    3.3l: (104.8dB    94W  99.1dB) @  91Hz
                1.0    2.5l: (105.4dB   106W  99.1dB) @  94Hz
                1.1    2.0l: (106.2dB   127W  99.1dB) @  98Hz
                1.1    2.0l: (103.3dB    66W  99.1dB) @  83Hz (  422uF)

1.00  85.9dB:   0.5  137.4l: (103.1dB    66W  98.9dB) @  82Hz
                0.6   17.0l: (102.1dB    53W  98.9dB) @  78Hz
                0.7    8.4l: (102.1dB    53W  98.9dB) @  78Hz
                0.8    5.3l: (103.6dB    74W  98.9dB) @  85Hz
                0.9    3.7l: (104.0dB    82W  98.9dB) @  87Hz
                1.0    2.8l: (104.6dB    93W  98.9dB) @  90Hz
                1.1    2.2l: (105.4dB   111W  98.9dB) @  94Hz
                1.1    2.2l: (102.5dB    58W  98.9dB) @  80Hz (  442uF)

-------------
W4-655SA
      89.0dB                             40W
Rpre   Spl      qtc    Vb     SplMech Pmech SplEle      f3

0.20  88.7dB:   0.5    4.1l: (109.3dB   155W 103.4dB) @ 152Hz
                0.6    2.3l: (108.3dB   123W 103.4dB) @ 143Hz
                0.7    1.5l: (108.4dB   124W 103.4dB) @ 144Hz
                0.8    1.1l: (109.8dB   172W 103.4dB) @ 156Hz
                0.9    0.8l: (110.3dB   192W 103.4dB) @ 160Hz
                1.0    0.6l: (110.8dB   218W 103.4dB) @ 166Hz
                1.1    0.5l: (111.6dB   259W 103.4dB) @ 173Hz
                1.1    0.5l: (108.7dB   134W 103.4dB) @ 147Hz (  251uF)

0.60  88.4dB:   0.5    5.1l: (108.3dB   131W 103.2dB) @ 143Hz
                0.6    2.7l: (107.3dB   104W 103.2dB) @ 135Hz
                0.7    1.7l: (107.4dB   105W 103.2dB) @ 136Hz
                0.8    1.2l: (108.8dB   145W 103.2dB) @ 147Hz
                0.9    0.9l: (109.2dB   162W 103.2dB) @ 151Hz
                1.0    0.7l: (109.8dB   184W 103.2dB) @ 156Hz
                1.1    0.6l: (110.6dB   219W 103.2dB) @ 163Hz
                1.1    0.6l: (107.7dB   114W 103.2dB) @ 139Hz (  266uF)

1.00  88.2dB:   0.5    6.4l: (107.4dB   112W 102.9dB) @ 136Hz
                0.6    3.2l: (106.4dB    89W 102.9dB) @ 128Hz
                0.7    2.0l: (106.4dB    90W 102.9dB) @ 129Hz
                0.8    1.4l: (107.8dB   124W 102.9dB) @ 140Hz
                0.9    1.1l: (108.3dB   139W 102.9dB) @ 143Hz
                1.0    0.8l: (108.9dB   158W 102.9dB) @ 148Hz
                1.1    0.7l: (109.6dB   187W 102.9dB) @ 155Hz
                1.1    0.7l: (106.8dB    97W 102.9dB) @ 131Hz (  281uF)

-------------
W4-657
      87.0dB                             20W
Rpre   Spl      qtc    Vb     SplMech Pmech SplEle      f3

0.20  86.5dB:   0.5   13.0l: (104.7dB    82W  98.5dB) @ 115Hz
                0.6    4.7l: (103.7dB    65W  98.5dB) @ 109Hz
                0.7    2.7l: (103.7dB    66W  98.5dB) @ 109Hz
                0.8    1.8l: (105.1dB    91W  98.5dB) @ 118Hz
                0.9    1.3l: (105.6dB   101W  98.5dB) @ 122Hz
                1.0    1.0l: (106.2dB   115W  98.5dB) @ 126Hz
                1.1    0.8l: (106.9dB   137W  98.5dB) @ 131Hz
                1.1    0.8l: (104.1dB    71W  98.5dB) @ 111Hz (  311uF)

0.60  86.3dB:   0.5   21.5l: (103.8dB    70W  98.3dB) @ 109Hz
                0.6    6.0l: (102.7dB    56W  98.3dB) @ 103Hz
                0.7    3.2l: (102.8dB    56W  98.3dB) @ 103Hz
                0.8    2.1l: (104.2dB    78W  98.3dB) @ 112Hz
                0.9    1.5l: (104.7dB    87W  98.3dB) @ 115Hz
                1.0    1.1l: (105.3dB    99W  98.3dB) @ 119Hz
                1.1    0.9l: (106.0dB   118W  98.3dB) @ 124Hz
                1.1    0.9l: (103.1dB    61W  98.3dB) @ 106Hz (  327uF)

1.00  86.0dB:   0.5   47.9l: (102.9dB    61W  98.1dB) @ 104Hz
                0.6    7.7l: (101.9dB    48W  98.1dB) @  98Hz
                0.7    3.8l: (101.9dB    49W  98.1dB) @  99Hz
                0.8    2.4l: (103.4dB    68W  98.1dB) @ 107Hz
                0.9    1.7l: (103.8dB    76W  98.1dB) @ 110Hz
                1.0    1.3l: (104.4dB    86W  98.1dB) @ 113Hz
                1.1    1.0l: (105.2dB   103W  98.1dB) @ 118Hz
                1.1    1.0l: (102.3dB    53W  98.1dB) @ 101Hz (  344uF)

-------------
W4-657SC
      88.0dB                             40W
Rpre   Spl      qtc    Vb     SplMech Pmech SplEle      f3

0.20  88.0dB:   0.5    7.6l: (106.9dB   105W 102.8dB) @ 126Hz
                0.6    3.8l: (105.9dB    83W 102.8dB) @ 119Hz
                0.7    2.4l: (106.0dB    84W 102.8dB) @ 120Hz
                0.8    1.7l: (107.4dB   116W 102.8dB) @ 130Hz
                0.9    1.3l: (107.9dB   130W 102.8dB) @ 133Hz
                1.0    1.0l: (108.4dB   148W 102.8dB) @ 138Hz
                1.1    0.8l: (109.2dB   176W 102.8dB) @ 144Hz
                1.1    0.8l: (106.3dB    91W 102.8dB) @ 122Hz (  302uF)

0.60  87.7dB:   0.5   10.1l: (105.9dB    89W 102.5dB) @ 119Hz
                0.6    4.6l: (104.9dB    70W 102.5dB) @ 113Hz
                0.7    2.8l: (105.0dB    71W 102.5dB) @ 113Hz
                0.8    1.9l: (106.4dB    98W 102.5dB) @ 122Hz
                0.9    1.4l: (106.9dB   110W 102.5dB) @ 126Hz
                1.0    1.1l: (107.4dB   125W 102.5dB) @ 130Hz
                1.1    0.9l: (108.2dB   148W 102.5dB) @ 136Hz
                1.1    0.9l: (105.3dB    77W 102.5dB) @ 115Hz (  320uF)

1.00  87.5dB:   0.5   13.8l: (105.0dB    76W 102.2dB) @ 113Hz
                0.6    5.6l: (104.0dB    60W 102.2dB) @ 107Hz
                0.7    3.3l: (104.0dB    61W 102.2dB) @ 107Hz
                0.8    2.3l: (105.4dB    84W 102.2dB) @ 116Hz
                0.9    1.7l: (105.9dB    94W 102.2dB) @ 119Hz
                1.0    1.3l: (106.5dB   107W 102.2dB) @ 123Hz
                1.1    1.0l: (107.2dB   127W 102.2dB) @ 129Hz
                1.1    1.0l: (104.4dB    66W 102.2dB) @ 109Hz (  338uF)

-------------
W4-937SB
      89.0dB                             45W
Rpre   Spl      qtc    Vb     SplMech Pmech SplEle      f3

0.20  87.8dB:   0.5    1.9l: (115.5dB   699W 103.6dB) @ 177Hz
                0.6    1.2l: (114.5dB   554W 103.6dB) @ 167Hz
                0.7    0.8l: (114.6dB   561W 103.6dB) @ 168Hz
                0.8    0.6l: (116.0dB   776W 103.6dB) @ 182Hz
                0.9    0.5l: (116.5dB   867W 103.6dB) @ 187Hz
                1.0    0.4l: (117.0dB   986W 103.6dB) @ 193Hz
                1.1    0.3l: (117.8dB  1173W 103.6dB) @ 202Hz
                1.1    0.3l: (114.9dB   608W 103.6dB) @ 171Hz (  190uF)

0.60  87.5dB:   0.5    2.2l: (114.8dB   622W 103.4dB) @ 170Hz
                0.6    1.3l: (113.8dB   493W 103.4dB) @ 160Hz
                0.7    0.9l: (113.8dB   499W 103.4dB) @ 161Hz
                0.8    0.7l: (115.2dB   690W 103.4dB) @ 174Hz
                0.9    0.5l: (115.7dB   771W 103.4dB) @ 179Hz
                1.0    0.4l: (116.3dB   877W 103.4dB) @ 185Hz
                1.1    0.3l: (117.0dB  1043W 103.4dB) @ 193Hz
                1.1    0.3l: (114.2dB   541W 103.4dB) @ 164Hz (  198uF)

1.00  87.3dB:   0.5    2.4l: (114.1dB   558W 103.1dB) @ 163Hz
                0.6    1.5l: (113.1dB   442W 103.1dB) @ 154Hz
                0.7    1.0l: (113.1dB   447W 103.1dB) @ 154Hz
                0.8    0.7l: (114.5dB   618W 103.1dB) @ 167Hz
                0.9    0.6l: (115.0dB   691W 103.1dB) @ 172Hz
                1.0    0.4l: (115.6dB   786W 103.1dB) @ 178Hz
                1.1    0.4l: (116.3dB   935W 103.1dB) @ 186Hz
                1.1    0.4l: (113.5dB   485W 103.1dB) @ 157Hz (  207uF)

-------------
W5-1374SE
      85.0dB                             28W
Rpre   Spl      qtc    Vb     SplMech Pmech SplEle      f3

0.20  85.4dB:   0.5   80.2l: (101.9dB    59W  98.7dB) @  77Hz
                0.6   16.8l: (100.9dB    47W  98.7dB) @  73Hz
                0.7    8.7l: (100.9dB    47W  98.7dB) @  73Hz
                0.8    5.6l: (102.3dB    65W  98.7dB) @  79Hz
                0.9    4.0l: (102.8dB    73W  98.7dB) @  81Hz
                1.0    3.0l: (103.4dB    83W  98.7dB) @  84Hz
                1.1    2.4l: (104.1dB    99W  98.7dB) @  88Hz
                1.1    2.4l: (101.3dB    51W  98.7dB) @  74Hz (  495uF)

0.60  85.2dB:   0.5  450.8l: (101.0dB    51W  98.4dB) @  73Hz
                0.6   22.4l: (100.0dB    41W  98.4dB) @  69Hz
                0.7   10.5l: (100.0dB    41W  98.4dB) @  69Hz
                0.8    6.5l: (101.5dB    57W  98.4dB) @  75Hz
                0.9    4.6l: (101.9dB    63W  98.4dB) @  77Hz
                1.0    3.4l: (102.5dB    72W  98.4dB) @  80Hz
                1.1    2.7l: (103.2dB    86W  98.4dB) @  83Hz
                1.1    2.7l: (100.4dB    44W  98.4dB) @  71Hz (  521uF)

1.00  84.9dB:   0.6   31.0l: ( 99.2dB    36W  98.1dB) @  66Hz
                0.7   12.8l: ( 99.2dB    36W  98.1dB) @  66Hz
                0.8    7.7l: (100.6dB    50W  98.1dB) @  72Hz
                0.9    5.2l: (101.1dB    56W  98.1dB) @  74Hz
                1.0    3.9l: (101.7dB    63W  98.1dB) @  76Hz
                1.1    3.0l: (102.4dB    75W  98.1dB) @  80Hz
                1.1    3.0l: ( 99.6dB    39W  98.1dB) @  68Hz (  546uF)

-------------
W5-1685
      86.0dB                             45W
Rpre   Spl      qtc    Vb     SplMech Pmech SplEle      f3

0.20  86.4dB:   0.5  142.2l: (107.7dB   302W  99.5dB) @  76Hz
                0.6   22.4l: (106.7dB   239W  99.5dB) @  71Hz
                0.7   11.2l: (106.8dB   242W  99.5dB) @  72Hz
                0.8    7.1l: (108.2dB   335W  99.5dB) @  78Hz
                0.9    5.0l: (108.6dB   374W  99.5dB) @  80Hz
                1.0    3.8l: (109.2dB   425W  99.5dB) @  82Hz
                1.1    3.0l: (110.0dB   506W  99.5dB) @  86Hz
                1.1    3.0l: (107.1dB   262W  99.5dB) @  73Hz (  841uF)

0.60  86.0dB:   0.6   39.4l: (105.2dB   188W  99.0dB) @  66Hz
                0.7   15.9l: (105.3dB   190W  99.0dB) @  66Hz
                0.8    9.4l: (106.7dB   263W  99.0dB) @  71Hz
                0.9    6.4l: (107.2dB   294W  99.0dB) @  73Hz
                1.0    4.8l: (107.7dB   335W  99.0dB) @  76Hz
                1.1    3.7l: (108.5dB   398W  99.0dB) @  79Hz
                1.1    3.7l: (105.6dB   206W  99.0dB) @  67Hz (  916uF)

1.00  85.6dB:   0.6   93.4l: (103.9dB   152W  98.6dB) @  61Hz
                0.7   23.3l: (104.0dB   154W  98.6dB) @  61Hz
                0.8   12.5l: (105.4dB   213W  98.6dB) @  66Hz
                0.9    8.2l: (105.8dB   238W  98.6dB) @  68Hz
                1.0    5.9l: (106.4dB   270W  98.6dB) @  70Hz
                1.1    4.5l: (107.2dB   321W  98.6dB) @  73Hz
                1.1    4.5l: (104.3dB   167W  98.6dB) @  62Hz (  988uF)

-------------
W5-1880
      88.0dB                             30W
Rpre   Spl      qtc    Vb     SplMech Pmech SplEle      f3

0.20  89.7dB:   0.5   18.6l: (111.1dB   174W 103.5dB) @ 102Hz
                0.6   10.6l: (110.1dB   138W 103.5dB) @  96Hz
                0.7    7.1l: (110.1dB   139W 103.5dB) @  96Hz
                0.8    5.1l: (111.5dB   193W 103.5dB) @ 104Hz
                0.9    3.9l: (112.0dB   216W 103.5dB) @ 107Hz
                1.0    3.0l: (112.6dB   245W 103.5dB) @ 111Hz
                1.1    2.5l: (113.3dB   292W 103.5dB) @ 116Hz
                1.1    2.5l: (110.5dB   151W 103.5dB) @  98Hz (  358uF)

0.60  89.5dB:   0.5   22.1l: (110.2dB   152W 103.2dB) @  97Hz
                0.6   12.2l: (109.2dB   120W 103.2dB) @  91Hz
                0.7    8.0l: (109.3dB   122W 103.2dB) @  92Hz
                0.8    5.7l: (110.7dB   169W 103.2dB) @  99Hz
                0.9    4.3l: (111.2dB   188W 103.2dB) @ 102Hz
                1.0    3.4l: (111.7dB   214W 103.2dB) @ 105Hz
                1.1    2.7l: (112.5dB   255W 103.2dB) @ 110Hz
                1.1    2.7l: (109.6dB   132W 103.2dB) @  93Hz (  376uF)

1.00  89.2dB:   0.5   26.3l: (109.5dB   134W 103.0dB) @  92Hz
                0.6   14.0l: (108.4dB   106W 103.0dB) @  87Hz
                0.7    9.0l: (108.5dB   107W 103.0dB) @  87Hz
                0.8    6.4l: (109.9dB   149W 103.0dB) @  95Hz
                0.9    4.8l: (110.4dB   166W 103.0dB) @  98Hz
                1.0    3.8l: (110.9dB   189W 103.0dB) @ 101Hz
                1.1    3.0l: (111.7dB   225W 103.0dB) @ 105Hz
                1.1    3.0l: (108.8dB   117W 103.0dB) @  89Hz (  393uF)

-------------
W5-876SA
      86.0dB                             50W
Rpre   Spl      qtc    Vb     SplMech Pmech SplEle      f3

0.20  85.6dB:   0.5    6.1l: (112.0dB   540W 101.7dB) @ 107Hz
                0.6    3.3l: (111.0dB   428W 101.7dB) @ 101Hz
                0.7    2.2l: (111.0dB   433W 101.7dB) @ 101Hz
                0.8    1.6l: (112.4dB   599W 101.7dB) @ 110Hz
                0.9    1.2l: (112.9dB   669W 101.7dB) @ 113Hz
                1.0    0.9l: (113.5dB   761W 101.7dB) @ 117Hz
                1.1    0.7l: (114.2dB   905W 101.7dB) @ 122Hz
                1.1    0.7l: (111.4dB   469W 101.7dB) @ 103Hz (  335uF)

0.60  85.4dB:   0.5    7.5l: (111.1dB   462W 101.4dB) @ 101Hz
                0.6    3.9l: (110.0dB   366W 101.4dB) @  96Hz
                0.7    2.5l: (110.1dB   370W 101.4dB) @  96Hz
                0.8    1.8l: (111.5dB   512W 101.4dB) @ 104Hz
                0.9    1.3l: (112.0dB   573W 101.4dB) @ 107Hz
                1.0    1.0l: (112.6dB   651W 101.4dB) @ 110Hz
                1.1    0.8l: (113.3dB   775W 101.4dB) @ 115Hz
                1.1    0.8l: (110.5dB   401W 101.4dB) @  98Hz (  353uF)

1.00  85.1dB:   0.5    9.3l: (110.2dB   399W 101.2dB) @  96Hz
                0.6    4.6l: (109.2dB   316W 101.2dB) @  91Hz
                0.7    2.9l: (109.2dB   320W 101.2dB) @  91Hz
                0.8    2.0l: (110.6dB   443W 101.2dB) @  99Hz
                0.9    1.5l: (111.1dB   495W 101.2dB) @ 102Hz
                1.0    1.2l: (111.7dB   563W 101.2dB) @ 105Hz
                1.1    0.9l: (112.4dB   670W 101.2dB) @ 110Hz
                1.1    0.9l: (109.6dB   347W 101.2dB) @  93Hz (  371uF)

-------------
W5-938SB
      90.0dB                             45W
Rpre   Spl      qtc    Vb     SplMech Pmech SplEle      f3

0.20  89.6dB:   0.5   12.0l: (115.1dB   418W 105.5dB) @ 128Hz
                0.6    6.1l: (114.1dB   331W 105.5dB) @ 121Hz
                0.7    3.9l: (114.2dB   335W 105.5dB) @ 121Hz
                0.8    2.7l: (115.6dB   463W 105.5dB) @ 132Hz
                0.9    2.0l: (116.1dB   518W 105.5dB) @ 135Hz
                1.0    1.6l: (116.6dB   589W 105.5dB) @ 140Hz
                1.1    1.3l: (117.4dB   701W 105.5dB) @ 146Hz
                1.1    1.3l: (114.5dB   363W 105.5dB) @ 124Hz (  263uF)

0.60  89.4dB:   0.5   14.6l: (114.4dB   371W 105.2dB) @ 123Hz
                0.6    7.1l: (113.4dB   294W 105.2dB) @ 116Hz
                0.7    4.4l: (113.4dB   297W 105.2dB) @ 116Hz
                0.8    3.0l: (114.8dB   411W 105.2dB) @ 126Hz
                0.9    2.3l: (115.3dB   459W 105.2dB) @ 129Hz
                1.0    1.8l: (115.9dB   523W 105.2dB) @ 134Hz
                1.1    1.4l: (116.6dB   622W 105.2dB) @ 140Hz
                1.1    1.4l: (113.8dB   322W 105.2dB) @ 118Hz (  275uF)

1.00  89.2dB:   0.5   18.1l: (113.7dB   332W 105.0dB) @ 118Hz
                0.6    8.1l: (112.7dB   263W 105.0dB) @ 111Hz
                0.7    4.9l: (112.7dB   266W 105.0dB) @ 111Hz
                0.8    3.4l: (114.1dB   368W 105.0dB) @ 121Hz
                0.9    2.5l: (114.6dB   411W 105.0dB) @ 124Hz
                1.0    1.9l: (115.2dB   467W 105.0dB) @ 128Hz
                1.1    1.6l: (115.9dB   556W 105.0dB) @ 134Hz
                1.1    1.6l: (113.1dB   288W 105.0dB) @ 114Hz (  286uF)

-------------
W6-1108SA
      87.0dB                             60W
Rpre   Spl      qtc    Vb     SplMech Pmech SplEle      f3

0.20  87.7dB:   0.5   91.2l: (110.1dB   216W 104.5dB) @  75Hz
                0.6   25.5l: (109.1dB   171W 104.5dB) @  71Hz
                0.7   13.8l: (109.1dB   173W 104.5dB) @  71Hz
                0.8    9.0l: (110.5dB   239W 104.5dB) @  77Hz
                0.9    6.5l: (111.0dB   267W 104.5dB) @  79Hz
                1.0    4.9l: (111.6dB   304W 104.5dB) @  82Hz
                1.1    3.9l: (112.3dB   362W 104.5dB) @  85Hz
                1.1    3.9l: (109.5dB   187W 104.5dB) @  72Hz (  478uF)

0.60  87.5dB:   0.5  220.3l: (109.2dB   185W 104.3dB) @  71Hz
                0.6   33.5l: (108.2dB   147W 104.3dB) @  67Hz
                0.7   16.7l: (108.2dB   148W 104.3dB) @  67Hz
                0.8   10.6l: (109.6dB   205W 104.3dB) @  73Hz
                0.9    7.5l: (110.1dB   230W 104.3dB) @  75Hz
                1.0    5.6l: (110.7dB   261W 104.3dB) @  77Hz
                1.1    4.4l: (111.4dB   311W 104.3dB) @  81Hz
                1.1    4.4l: (108.6dB   161W 104.3dB) @  69Hz (  504uF)

1.00  87.2dB:   0.6   45.3l: (107.3dB   127W 104.0dB) @  64Hz
                0.7   20.3l: (107.3dB   129W 104.0dB) @  64Hz
                0.8   12.4l: (108.8dB   178W 104.0dB) @  69Hz
                0.9    8.6l: (109.2dB   199W 104.0dB) @  71Hz
                1.0    6.4l: (109.8dB   226W 104.0dB) @  74Hz
                1.1    5.0l: (110.5dB   269W 104.0dB) @  77Hz
                1.1    5.0l: (107.7dB   140W 104.0dB) @  65Hz (  530uF)

-------------
W6-1139SG
      83.0dB                             60W
Rpre   Spl      qtc    Vb     SplMech Pmech SplEle      f3

0.20  83.3dB:   0.5   20.9l: (114.4dB  2872W  97.6dB) @  66Hz
                0.6   10.1l: (113.3dB  2275W  97.6dB) @  62Hz
                0.7    6.3l: (113.4dB  2302W  97.6dB) @  63Hz
                0.8    4.4l: (114.8dB  3185W  97.6dB) @  68Hz
                0.9    3.2l: (115.3dB  3560W  97.6dB) @  70Hz
                1.0    2.5l: (115.9dB  4049W  97.6dB) @  72Hz
                1.1    2.0l: (116.6dB  4816W  97.6dB) @  75Hz
                1.1    2.0l: (113.8dB  2496W  97.6dB) @  64Hz (  961uF)

0.60  82.8dB:   0.5   33.3l: (112.9dB  2270W  97.1dB) @  61Hz
                0.6   13.6l: (111.9dB  1799W  97.1dB) @  57Hz
                0.7    8.0l: (111.9dB  1820W  97.1dB) @  58Hz
                0.8    5.5l: (113.4dB  2518W  97.1dB) @  62Hz
                0.9    4.0l: (113.8dB  2814W  97.1dB) @  64Hz
                1.0    3.1l: (114.4dB  3200W  97.1dB) @  66Hz
                1.1    2.5l: (115.1dB  3806W  97.1dB) @  69Hz
                1.1    2.5l: (112.3dB  1973W  97.1dB) @  59Hz ( 1045uF)

1.00  82.4dB:   0.5   61.2l: (111.6dB  1842W  96.7dB) @  56Hz
                0.6   18.7l: (110.6dB  1459W  96.7dB) @  53Hz
                0.7   10.3l: (110.6dB  1477W  96.7dB) @  53Hz
                0.8    6.7l: (112.1dB  2043W  96.7dB) @  58Hz
                0.9    4.9l: (112.5dB  2284W  96.7dB) @  60Hz
                1.0    3.7l: (113.1dB  2597W  96.7dB) @  62Hz
                1.1    2.9l: (113.8dB  3089W  96.7dB) @  64Hz
                1.1    2.9l: (111.0dB  1601W  96.7dB) @  55Hz ( 1126uF)

-------------
W6-1139SH
      81.0dB                             60W
Rpre   Spl      qtc    Vb     SplMech Pmech SplEle      f3

0.20  81.5dB:   0.7   55.6l: (105.1dB   262W  98.7dB) @  39Hz
                0.8   23.8l: (106.6dB   363W  98.7dB) @  42Hz
                0.9   14.5l: (107.0dB   405W  98.7dB) @  43Hz
                1.0   10.1l: (107.6dB   461W  98.7dB) @  45Hz
                1.1    7.5l: (108.4dB   548W  98.7dB) @  47Hz
                1.1    7.5l: (105.5dB   284W  98.7dB) @  40Hz (  795uF)

0.60  81.3dB:   0.7   87.7l: (104.4dB   232W  98.5dB) @  37Hz
                0.8   30.0l: (105.8dB   321W  98.5dB) @  40Hz
                0.9   17.2l: (106.3dB   359W  98.5dB) @  42Hz
                1.0   11.6l: (106.8dB   408W  98.5dB) @  43Hz
                1.1    8.6l: (107.6dB   486W  98.5dB) @  45Hz
                1.1    8.6l: (104.7dB   252W  98.5dB) @  38Hz (  831uF)

1.00  81.1dB:   0.7  174.2l: (103.7dB   207W  98.3dB) @  36Hz
                0.8   38.5l: (105.1dB   287W  98.3dB) @  39Hz
                0.9   20.5l: (105.6dB   321W  98.3dB) @  40Hz
                1.0   13.4l: (106.1dB   365W  98.3dB) @  41Hz
                1.1    9.7l: (106.9dB   434W  98.3dB) @  43Hz
                1.1    9.7l: (104.0dB   225W  98.3dB) @  37Hz (  865uF)

-------------
W6-1530S
      87.0dB                             45W
Rpre   Spl      qtc    Vb     SplMech Pmech SplEle      f3

0.20  87.7dB:   0.7   78.6l: (100.9dB    26W 103.3dB) @  55Hz
                0.8   32.0l: (102.3dB    36W 103.3dB) @  60Hz
                0.9   19.2l: (102.7dB    40W 103.3dB) @  62Hz
                1.0   13.2l: (103.3dB    46W 103.3dB) @  64Hz
                1.1    9.9l: (104.1dB    54W 103.3dB) @  66Hz
                1.1    9.9l: (101.2dB    28W 103.3dB) @  56Hz (  614uF)

0.60  87.4dB:   0.7  151.9l: ( 99.9dB    22W 103.0dB) @  52Hz
                0.8   43.1l: (101.3dB    31W 103.0dB) @  57Hz
                0.9   23.8l: (101.8dB    34W 103.0dB) @  58Hz
                1.0   15.9l: (102.4dB    39W 103.0dB) @  60Hz
                1.1   11.6l: (103.1dB    46W 103.0dB) @  63Hz
                1.1   11.6l: (100.3dB    24W 103.0dB) @  53Hz (  648uF)

1.00  87.2dB:   0.7  724.5l: ( 99.0dB    19W 102.8dB) @  50Hz
                0.8   61.0l: (100.5dB    26W 102.8dB) @  54Hz
                0.9   29.9l: (100.9dB    30W 102.8dB) @  55Hz
                1.0   19.1l: (101.5dB    34W 102.8dB) @  57Hz
                1.1   13.6l: (102.2dB    40W 102.8dB) @  60Hz
                1.1   13.6l: ( 99.4dB    21W 102.8dB) @  51Hz (  681uF)

-------------
W6-1916
      91.0dB                             30W
Rpre   Spl      qtc    Vb     SplMech Pmech SplEle      f3

0.20  90.9dB:   0.5  198.1l: (112.8dB   185W 104.9dB) @  92Hz
                0.6   38.7l: (111.8dB   147W 104.9dB) @  87Hz
                0.7   19.8l: (111.9dB   148W 104.9dB) @  87Hz
                0.8   12.7l: (113.3dB   205W 104.9dB) @  94Hz
                0.9    9.0l: (113.8dB   230W 104.9dB) @  97Hz
                1.0    6.8l: (114.3dB   261W 104.9dB) @ 100Hz
                1.1    5.4l: (115.1dB   311W 104.9dB) @ 105Hz
                1.1    5.4l: (112.2dB   161W 104.9dB) @  89Hz (  366uF)

0.60  90.6dB:   0.5  744.6l: (112.1dB   166W 104.7dB) @  88Hz
                0.6   48.8l: (111.1dB   132W 104.7dB) @  83Hz
                0.7   23.2l: (111.2dB   133W 104.7dB) @  84Hz
                0.8   14.4l: (112.6dB   184W 104.7dB) @  91Hz
                0.9   10.1l: (113.1dB   206W 104.7dB) @  93Hz
                1.0    7.6l: (113.6dB   234W 104.7dB) @  96Hz
                1.1    5.9l: (114.4dB   279W 104.7dB) @ 101Hz
                1.1    5.9l: (111.5dB   145W 104.7dB) @  85Hz (  381uF)

1.00  90.4dB:   0.6   62.9l: (110.5dB   119W 104.5dB) @  80Hz
                0.7   27.1l: (110.5dB   121W 104.5dB) @  80Hz
                0.8   16.4l: (111.9dB   167W 104.5dB) @  87Hz
                0.9   11.3l: (112.4dB   187W 104.5dB) @  90Hz
                1.0    8.4l: (113.0dB   212W 104.5dB) @  93Hz
                1.1    6.5l: (113.7dB   252W 104.5dB) @  97Hz
                1.1    6.5l: (110.9dB   131W 104.5dB) @  82Hz (  396uF)

-------------
W6-623C
      86.0dB                             30W
Rpre   Spl      qtc    Vb     SplMech Pmech SplEle      f3

0.20  90.0dB:   0.5   85.2l: (107.7dB    78W 103.6dB) @  77Hz
                0.6   33.1l: (106.7dB    62W 103.6dB) @  73Hz
                0.7   19.2l: (106.8dB    63W 103.6dB) @  73Hz
                0.8   12.9l: (108.2dB    87W 103.6dB) @  79Hz
                0.9    9.4l: (108.6dB    97W 103.6dB) @  81Hz
                1.0    7.3l: (109.2dB   110W 103.6dB) @  84Hz
                1.1    5.8l: (110.0dB   131W 103.6dB) @  87Hz
                1.1    5.8l: (107.1dB    68W 103.6dB) @  74Hz (  497uF)

0.60  89.8dB:   0.5  140.6l: (106.7dB    66W 103.3dB) @  73Hz
                0.6   42.4l: (105.7dB    52W 103.3dB) @  68Hz
                0.7   23.2l: (105.7dB    53W 103.3dB) @  69Hz
                0.8   15.3l: (107.2dB    73W 103.3dB) @  74Hz
                0.9   11.0l: (107.6dB    82W 103.3dB) @  77Hz
                1.0    8.4l: (108.2dB    93W 103.3dB) @  79Hz
                1.1    6.6l: (108.9dB   110W 103.3dB) @  83Hz
                1.1    6.6l: (106.1dB    57W 103.3dB) @  70Hz (  527uF)

1.00  89.5dB:   0.5  308.3l: (105.8dB    56W 103.0dB) @  69Hz
                0.6   55.5l: (104.7dB    44W 103.0dB) @  65Hz
                0.7   28.2l: (104.8dB    45W 103.0dB) @  65Hz
                0.8   18.0l: (106.2dB    62W 103.0dB) @  70Hz
                0.9   12.8l: (106.7dB    70W 103.0dB) @  72Hz
                1.0    9.6l: (107.2dB    79W 103.0dB) @  75Hz
                1.1    7.6l: (108.0dB    94W 103.0dB) @  78Hz
                1.1    7.6l: (105.1dB    49W 103.0dB) @  66Hz (  556uF)

-------------
W6-789D
      92.0dB                             15W
Rpre   Spl      qtc    Vb     SplMech Pmech SplEle      f3

0.20  91.8dB:   0.5   62.8l: (109.8dB    85W 102.3dB) @  85Hz
                0.6   30.6l: (108.8dB    67W 102.3dB) @  81Hz
                0.7   19.0l: (108.9dB    68W 102.3dB) @  81Hz
                0.8   13.3l: (110.3dB    94W 102.3dB) @  88Hz
                0.9    9.9l: (110.8dB   105W 102.3dB) @  90Hz
                1.0    7.7l: (111.3dB   120W 102.3dB) @  93Hz
                1.1    6.2l: (112.1dB   142W 102.3dB) @  97Hz
                1.1    6.2l: (109.2dB    74W 102.3dB) @  83Hz (  447uF)

0.60  91.5dB:   0.5   84.9l: (108.8dB    72W 102.0dB) @  81Hz
                0.6   37.4l: (107.8dB    57W 102.0dB) @  76Hz
                0.7   22.5l: (107.9dB    58W 102.0dB) @  76Hz
                0.8   15.4l: (109.3dB    80W 102.0dB) @  83Hz
                0.9   11.4l: (109.8dB    89W 102.0dB) @  85Hz
                1.0    8.8l: (110.3dB   101W 102.0dB) @  88Hz
                1.1    7.0l: (111.1dB   120W 102.0dB) @  92Hz
                1.1    7.0l: (108.2dB    62W 102.0dB) @  78Hz (  473uF)

1.00  91.3dB:   0.5  120.4l: (107.9dB    61W 101.8dB) @  76Hz
                0.6   46.0l: (106.9dB    49W 101.8dB) @  72Hz
                0.7   26.6l: (106.9dB    49W 101.8dB) @  72Hz
                0.8   17.9l: (108.4dB    68W 101.8dB) @  78Hz
                0.9   13.0l: (108.8dB    76W 101.8dB) @  81Hz
                1.0   10.0l: (109.4dB    87W 101.8dB) @  83Hz
                1.1    8.0l: (110.1dB   103W 101.8dB) @  87Hz
                1.1    8.0l: (107.3dB    53W 101.8dB) @  74Hz (  499uF)

-------------
W6-789E
      92.0dB                             15W
Rpre   Spl      qtc    Vb     SplMech Pmech SplEle      f3

0.20  91.9dB:   0.5  433.0l: (108.1dB    56W 102.4dB) @  76Hz
                0.6   71.8l: (107.1dB    44W 102.4dB) @  72Hz
                0.7   36.2l: (107.1dB    45W 102.4dB) @  72Hz
                0.8   23.0l: (108.5dB    62W 102.4dB) @  78Hz
                0.9   16.3l: (109.0dB    69W 102.4dB) @  80Hz
                1.0   12.3l: (109.6dB    79W 102.4dB) @  83Hz
                1.1    9.6l: (110.3dB    94W 102.4dB) @  86Hz
                1.1    9.6l: (107.5dB    49W 102.4dB) @  73Hz (  503uF)

0.60  91.6dB:   0.6  102.2l: (106.1dB    37W 102.1dB) @  68Hz
                0.7   45.4l: (106.1dB    38W 102.1dB) @  68Hz
                0.8   27.7l: (107.5dB    52W 102.1dB) @  74Hz
                0.9   19.2l: (108.0dB    59W 102.1dB) @  76Hz
                1.0   14.3l: (108.6dB    67W 102.1dB) @  78Hz
                1.1   11.1l: (109.3dB    79W 102.1dB) @  82Hz
                1.1   11.1l: (106.5dB    41W 102.1dB) @  69Hz (  533uF)

1.00  91.3dB:   0.6  158.3l: (105.1dB    32W 101.8dB) @  64Hz
                0.7   57.8l: (105.2dB    32W 101.8dB) @  64Hz
                0.8   33.4l: (106.6dB    45W 101.8dB) @  70Hz
                0.9   22.6l: (107.1dB    50W 101.8dB) @  72Hz
                1.0   16.6l: (107.6dB    57W 101.8dB) @  74Hz
                1.1   12.8l: (108.4dB    68W 101.8dB) @  77Hz
                1.1   12.8l: (105.5dB    35W 101.8dB) @  66Hz (  563uF)

-------------
W69-1042
      87.0dB                             90W
Rpre   Spl      qtc    Vb     SplMech Pmech SplEle      f3

0.20  88.1dB:   0.5   40.3l: (115.4dB   648W 106.8dB) @  71Hz
                0.6   21.1l: (114.3dB   513W 106.8dB) @  67Hz
                0.7   13.5l: (114.4dB   519W 106.8dB) @  67Hz
                0.8    9.6l: (115.8dB   718W 106.8dB) @  73Hz
                0.9    7.2l: (116.3dB   803W 106.8dB) @  75Hz
                1.0    5.6l: (116.8dB   913W 106.8dB) @  77Hz
                1.1    4.5l: (117.6dB  1086W 106.8dB) @  80Hz
                1.1    4.5l: (114.7dB   563W 106.8dB) @  68Hz (  498uF)

0.60  87.9dB:   0.5   51.2l: (114.4dB   552W 106.5dB) @  67Hz
                0.6   25.2l: (113.4dB   437W 106.5dB) @  63Hz
                0.7   15.7l: (113.4dB   442W 106.5dB) @  63Hz
                0.8   11.0l: (114.9dB   612W 106.5dB) @  69Hz
                0.9    8.2l: (115.3dB   684W 106.5dB) @  71Hz
                1.0    6.4l: (115.9dB   778W 106.5dB) @  73Hz
                1.1    5.1l: (116.7dB   925W 106.5dB) @  76Hz
                1.1    5.1l: (113.8dB   480W 106.5dB) @  65Hz (  526uF)

1.00  87.7dB:   0.5   66.4l: (113.5dB   475W 106.3dB) @  64Hz
                0.6   30.1l: (112.5dB   376W 106.3dB) @  60Hz
                0.7   18.3l: (112.6dB   381W 106.3dB) @  60Hz
                0.8   12.6l: (114.0dB   527W 106.3dB) @  65Hz
                0.9    9.3l: (114.4dB   589W 106.3dB) @  67Hz
                1.0    7.2l: (115.0dB   670W 106.3dB) @  69Hz
                1.1    5.7l: (115.8dB   796W 106.3dB) @  72Hz
                1.1    5.7l: (112.9dB   413W 106.3dB) @  61Hz (  554uF)

-------------
W8-1363SBF
      83.0dB                            150W
Rpre   Spl      qtc    Vb     SplMech Pmech SplEle      f3

0.20  81.7dB:   0.5   28.5l: (115.8dB  6516W  99.4dB) @  56Hz
                0.6   12.0l: (114.8dB  5162W  99.4dB) @  53Hz
                0.7    7.1l: (114.9dB  5223W  99.4dB) @  53Hz
                0.8    4.8l: (116.3dB  7226W  99.4dB) @  58Hz
                0.9    3.6l: (116.7dB  8077W  99.4dB) @  59Hz
                1.0    2.7l: (117.3dB  9186W  99.4dB) @  61Hz
                1.1    2.2l: (118.1dB 10925W  99.4dB) @  64Hz
                1.1    2.2l: (115.2dB  5663W  99.4dB) @  54Hz ( 1273uF)

0.60  81.2dB:   0.5   66.0l: (114.1dB  4884W  99.0dB) @  51Hz
                0.6   18.3l: (113.1dB  3869W  99.0dB) @  48Hz
                0.7    9.9l: (113.1dB  3915W  99.0dB) @  48Hz
                0.8    6.4l: (114.5dB  5416W  99.0dB) @  52Hz
                0.9    4.6l: (115.0dB  6054W  99.0dB) @  54Hz
                1.0    3.5l: (115.6dB  6885W  99.0dB) @  55Hz
                1.1    2.8l: (116.3dB  8189W  99.0dB) @  58Hz
                1.1    2.8l: (113.5dB  4244W  99.0dB) @  49Hz ( 1407uF)

1.00  80.7dB:   0.6   29.7l: (111.5dB  2997W  98.5dB) @  44Hz
                0.7   13.7l: (111.6dB  3032W  98.5dB) @  44Hz
                0.8    8.5l: (113.0dB  4195W  98.5dB) @  48Hz
                0.9    5.9l: (113.5dB  4689W  98.5dB) @  49Hz
                1.0    4.4l: (114.0dB  5333W  98.5dB) @  51Hz
                1.1    3.5l: (114.8dB  6343W  98.5dB) @  53Hz
                1.1    3.5l: (111.9dB  3287W  98.5dB) @  45Hz ( 1538uF)

-------------
W8-740C
      84.0dB                            120W
Rpre   Spl      qtc    Vb     SplMech Pmech SplEle      f3

0.20  83.8dB:   0.5   14.3l: (118.5dB  7316W 100.6dB) @  66Hz
                0.6    8.3l: (117.5dB  5796W 100.6dB) @  62Hz
                0.7    5.6l: (117.5dB  5864W 100.6dB) @  62Hz
                0.8    4.0l: (118.9dB  8113W 100.6dB) @  67Hz
                0.9    3.1l: (119.4dB  9069W 100.6dB) @  69Hz
                1.0    2.4l: (120.0dB 10314W 100.6dB) @  71Hz
                1.1    2.0l: (120.7dB 12266W 100.6dB) @  75Hz
                1.1    2.0l: (117.9dB  6358W 100.6dB) @  63Hz ( 1091uF)

0.60  83.4dB:   0.5   20.8l: (116.6dB  5313W 100.2dB) @  59Hz
                0.6   11.3l: (115.6dB  4209W 100.2dB) @  56Hz
                0.7    7.4l: (115.7dB  4259W 100.2dB) @  56Hz
                0.8    5.2l: (117.1dB  5892W 100.2dB) @  60Hz
                0.9    4.0l: (117.6dB  6586W 100.2dB) @  62Hz
                1.0    3.1l: (118.1dB  7490W 100.2dB) @  64Hz
                1.1    2.5l: (118.9dB  8908W 100.2dB) @  67Hz
                1.1    2.5l: (116.0dB  4617W 100.2dB) @  57Hz ( 1215uF)

1.00  82.9dB:   0.5   31.3l: (114.9dB  3989W  99.7dB) @  53Hz
                0.6   15.3l: (113.9dB  3161W  99.7dB) @  50Hz
                0.7    9.6l: (114.0dB  3198W  99.7dB) @  51Hz
                0.8    6.7l: (115.4dB  4424W  99.7dB) @  55Hz
                0.9    5.0l: (115.9dB  4945W  99.7dB) @  56Hz
                1.0    3.9l: (116.4dB  5624W  99.7dB) @  58Hz
                1.1    3.1l: (117.2dB  6689W  99.7dB) @  61Hz
                1.1    3.1l: (114.3dB  3467W  99.7dB) @  52Hz ( 1339uF)

-------------
W8Q-1071
      86.7dB                            200W
Rpre   Spl      qtc    Vb     SplMech Pmech SplEle      f3

0.20  86.4dB:   0.5   69.1l: (120.0dB  4014W 107.0dB) @  54Hz
                0.6   34.1l: (119.0dB  3180W 107.0dB) @  51Hz
                0.7   21.3l: (119.0dB  3218W 107.0dB) @  51Hz
                0.8   14.9l: (120.4dB  4452W 107.0dB) @  56Hz
                0.9   11.1l: (120.9dB  4976W 107.0dB) @  57Hz
                1.0    8.6l: (121.5dB  5659W 107.0dB) @  59Hz
                1.1    6.9l: (122.2dB  6730W 107.0dB) @  62Hz
                1.1    6.9l: (119.4dB  3488W 107.0dB) @  53Hz (  916uF)

0.60  86.0dB:   0.5  100.8l: (118.7dB  3257W 106.6dB) @  51Hz
                0.6   43.9l: (117.7dB  2581W 106.6dB) @  48Hz
                0.7   26.3l: (117.8dB  2611W 106.6dB) @  48Hz
                0.8   18.0l: (119.2dB  3612W 106.6dB) @  52Hz
                0.9   13.3l: (119.7dB  4038W 106.6dB) @  53Hz
                1.0   10.2l: (120.2dB  4592W 106.6dB) @  55Hz
                1.1    8.2l: (121.0dB  5462W 106.6dB) @  58Hz
                1.1    8.2l: (118.1dB  2831W 106.6dB) @  49Hz (  984uF)

1.00  85.7dB:   0.5  159.1l: (117.6dB  2690W 106.3dB) @  47Hz
                0.6   57.0l: (116.6dB  2131W 106.3dB) @  45Hz
                0.7   32.4l: (116.6dB  2156W 106.3dB) @  45Hz
                0.8   21.6l: (118.0dB  2983W 106.3dB) @  49Hz
                0.9   15.7l: (118.5dB  3335W 106.3dB) @  50Hz
                1.0   12.0l: (119.1dB  3792W 106.3dB) @  52Hz
                1.1    9.6l: (119.8dB  4510W 106.3dB) @  54Hz
                1.1    9.6l: (117.0dB  2338W 106.3dB) @  46Hz ( 1052uF)

