-------------
W3-315SC                               85.0dB   15W                      1x40mm
Rpre   Spl         Vb      fb         SplMech Pmech  SplEle     f3       dv       lv

0.20  85.5dB:     6.6l @  63.8Hz  =>   74.5dB    0W  96.4dB @  53.3Hz   1x40mm     45 mm 
                  7.3l @  61.5Hz  =>   73.5dB    0W  96.4dB @  50.3Hz   1x40mm     37 mm 
                  8.2l @  59.3Hz  =>   72.6dB    0W  96.4dB @  47.6Hz   1x40mm     30 mm 
             *    9.2l @  57.2Hz  =>   71.6dB    0W  96.4dB @  44.9Hz   1x40mm     23 mm 
                 10.3l @  55.2Hz  =>   70.6dB    0W  96.4dB @  42.5Hz + 1x50mm     37 mm 
                 11.5l @  53.2Hz  =>   69.6dB    0W  96.4dB @  40.1Hz + 1x50mm     29 mm 
                 12.9l @  51.3Hz  =>   68.6dB    0W  96.4dB @  37.9Hz + 1x50mm     22 mm 

0.60  85.2dB:     7.6l @  60.9Hz  =>   73.3dB    0W  96.1dB @  49.6Hz   1x40mm     35 mm 
                  8.5l @  58.8Hz  =>   72.3dB    0W  96.1dB @  46.8Hz   1x40mm     28 mm 
                  9.5l @  56.7Hz  =>   71.3dB    0W  96.1dB @  44.3Hz   1x40mm     22 mm 
             *   10.6l @  54.7Hz  =>   70.3dB    0W  96.1dB @  41.8Hz + 1x50mm     35 mm 
                 11.9l @  52.7Hz  =>   69.3dB    0W  96.1dB @  39.5Hz + 1x50mm     27 mm 
                 13.3l @  50.8Hz  =>   68.4dB    0W  96.1dB @  37.3Hz + 1x50mm     20 mm 
                 14.9l @  49.0Hz  =>   67.4dB    0W  96.1dB @  35.3Hz + 1x70mm     48 mm 

1.00  85.0dB:     8.7l @  58.4Hz  =>   72.1dB    0W  95.9dB @  46.3Hz   1x40mm     27 mm 
                  9.7l @  56.3Hz  =>   71.1dB    0W  95.9dB @  43.8Hz   1x40mm     21 mm 
                 10.9l @  54.3Hz  =>   70.1dB    0W  95.9dB @  41.4Hz + 1x50mm     33 mm 
             *   12.2l @  52.3Hz  =>   69.1dB    0W  95.9dB @  39.1Hz + 1x50mm     26 mm 
                 13.6l @  50.5Hz  =>   68.2dB    0W  95.9dB @  36.9Hz + 1x70mm     58 mm 
                 15.3l @  48.7Hz  =>   67.2dB    0W  95.9dB @  34.9Hz + 1x70mm     46 mm 
                 17.1l @  47.0Hz  =>   66.2dB    0W  95.9dB @  33.0Hz + 1x70mm     35 mm 

-------------
W4-655SA                               89.0dB   40W                      1x40mm
Rpre   Spl         Vb      fb         SplMech Pmech  SplEle     f3       dv       lv

0.20  88.7dB:     2.3l @  90.3Hz  =>  106.8dB   86W 103.4dB @ 104.3Hz   1x40mm    304 mm 
                  2.6l @  87.1Hz  =>  105.8dB   69W 103.4dB @  98.5Hz   1x40mm    268 mm 
                  2.9l @  84.0Hz  =>  104.8dB   55W 103.4dB @  93.1Hz   1x40mm    236 mm 
             *    3.2l @  81.0Hz  =>  103.8dB   44W 103.4dB @  88.0Hz   1x40mm    208 mm 
                  3.6l @  78.1Hz  =>  102.8dB   35W 103.4dB @  83.1Hz   1x40mm    182 mm 
                  4.0l @  75.3Hz  =>  101.8dB   28W 103.4dB @  78.5Hz   1x40mm    160 mm 
                  4.5l @  72.7Hz  =>  100.9dB   22W 103.4dB @  74.2Hz   1x40mm    139 mm 

0.60  88.4dB:     2.7l @  85.7Hz  =>  105.3dB   66W 103.2dB @  96.0Hz   1x40mm    253 mm 
                  3.0l @  82.6Hz  =>  104.3dB   52W 103.2dB @  90.7Hz   1x40mm    223 mm 
                  3.4l @  79.7Hz  =>  103.4dB   42W 103.2dB @  85.7Hz   1x40mm    196 mm 
             *    3.8l @  76.8Hz  =>  102.4dB   33W 103.2dB @  81.0Hz   1x40mm    172 mm 
                  4.3l @  74.1Hz  =>  101.4dB   27W 103.2dB @  76.5Hz   1x40mm    150 mm 
                  4.8l @  71.5Hz  =>  100.4dB   21W 103.2dB @  72.3Hz   1x40mm    131 mm 
                  5.3l @  68.9Hz  =>   99.4dB   17W 103.2dB @  68.3Hz   1x40mm    114 mm 

1.00  88.2dB:     3.2l @  81.5Hz  =>  104.0dB   51W 102.9dB @  88.8Hz   1x40mm    213 mm 
                  3.5l @  78.6Hz  =>  103.0dB   41W 102.9dB @  83.9Hz   1x40mm    187 mm 
                  4.0l @  75.8Hz  =>  102.0dB   33W 102.9dB @  79.3Hz   1x40mm    164 mm 
             *    4.4l @  73.1Hz  =>  101.0dB   26W 102.9dB @  75.0Hz   1x40mm    143 mm 
                  5.0l @  70.5Hz  =>  100.1dB   21W 102.9dB @  70.8Hz   1x40mm    124 mm 
                  5.6l @  68.0Hz  =>   99.1dB   16W 102.9dB @  66.9Hz   1x40mm    108 mm 
                  6.2l @  65.6Hz  =>   98.1dB   13W 102.9dB @  63.2Hz   1x40mm     93 mm 

-------------
W4-657                                 87.0dB   20W                      1x40mm
Rpre   Spl         Vb      fb         SplMech Pmech  SplEle     f3       dv       lv

0.20  86.5dB:     4.1l @  69.9Hz  =>  100.2dB   29W  98.5dB @  70.6Hz   1x40mm    162 mm 
                  4.6l @  67.4Hz  =>   99.2dB   23W  98.5dB @  66.7Hz   1x40mm    141 mm 
                  5.2l @  65.0Hz  =>   98.2dB   18W  98.5dB @  63.1Hz   1x40mm    123 mm 
             *    5.8l @  62.7Hz  =>   97.2dB   15W  98.5dB @  59.6Hz   1x40mm    107 mm 
                  6.5l @  60.5Hz  =>   96.2dB   12W  98.5dB @  56.3Hz   1x40mm     92 mm 
                  7.3l @  58.3Hz  =>   95.2dB    9W  98.5dB @  53.2Hz   1x40mm     79 mm 
                  8.2l @  56.3Hz  =>   94.3dB    7W  98.5dB @  50.3Hz   1x40mm     68 mm 

0.60  86.3dB:     4.8l @  66.7Hz  =>   98.9dB   23W  98.3dB @  65.5Hz   1x40mm    135 mm 
                  5.4l @  64.3Hz  =>   97.9dB   18W  98.3dB @  61.9Hz   1x40mm    118 mm 
                  6.0l @  62.0Hz  =>   96.9dB   14W  98.3dB @  58.5Hz   1x40mm    102 mm 
             *    6.8l @  59.8Hz  =>   95.9dB   12W  98.3dB @  55.3Hz   1x40mm     88 mm 
                  7.6l @  57.7Hz  =>   94.9dB    9W  98.3dB @  52.2Hz   1x40mm     75 mm 
                  8.5l @  55.6Hz  =>   93.9dB    7W  98.3dB @  49.4Hz   1x40mm     64 mm 
                  9.5l @  53.6Hz  =>   93.0dB    6W  98.3dB @  46.6Hz   1x40mm     54 mm 

1.00  86.0dB:     5.5l @  63.7Hz  =>   97.6dB   18W  98.1dB @  61.1Hz   1x40mm    114 mm 
                  6.2l @  61.4Hz  =>   96.7dB   14W  98.1dB @  57.7Hz   1x40mm     98 mm 
                  7.0l @  59.3Hz  =>   95.7dB   12W  98.1dB @  54.5Hz   1x40mm     85 mm 
             *    7.8l @  57.1Hz  =>   94.7dB    9W  98.1dB @  51.5Hz   1x40mm     72 mm 
                  8.7l @  55.1Hz  =>   93.7dB    7W  98.1dB @  48.7Hz   1x40mm     62 mm 
                  9.8l @  53.1Hz  =>   92.7dB    6W  98.1dB @  46.0Hz   1x40mm     52 mm 
                 11.0l @  51.3Hz  =>   91.7dB    5W  98.1dB @  43.5Hz   1x40mm     43 mm 

-------------
W4-657SC                               88.0dB   40W                      1x40mm
Rpre   Spl         Vb      fb         SplMech Pmech  SplEle     f3       dv       lv

0.20  88.0dB:     3.7l @  75.8Hz  =>  103.5dB   48W 102.8dB @  82.6Hz   1x40mm    208 mm 
                  4.2l @  73.1Hz  =>  102.6dB   38W 102.8dB @  78.0Hz   1x40mm    182 mm 
                  4.7l @  70.5Hz  =>  101.6dB   31W 102.8dB @  73.7Hz   1x40mm    160 mm 
             *    5.3l @  68.0Hz  =>  100.6dB   24W 102.8dB @  69.7Hz   1x40mm    139 mm 
                  5.9l @  65.5Hz  =>   99.6dB   19W 102.8dB @  65.8Hz   1x40mm    121 mm 
                  6.6l @  63.2Hz  =>   98.6dB   15W 102.8dB @  62.2Hz   1x40mm    105 mm 
                  7.4l @  61.0Hz  =>   97.6dB   12W 102.8dB @  58.8Hz   1x40mm     91 mm 

0.60  87.7dB:     4.4l @  71.9Hz  =>  102.1dB   37W 102.5dB @  76.0Hz   1x40mm    171 mm 
                  4.9l @  69.3Hz  =>  101.1dB   29W 102.5dB @  71.8Hz   1x40mm    150 mm 
                  5.5l @  66.8Hz  =>  100.1dB   23W 102.5dB @  67.9Hz   1x40mm    131 mm 
             *    6.2l @  64.4Hz  =>   99.2dB   19W 102.5dB @  64.1Hz   1x40mm    114 mm 
                  6.9l @  62.2Hz  =>   98.2dB   15W 102.5dB @  60.6Hz   1x40mm     98 mm 
                  7.8l @  59.9Hz  =>   97.2dB   12W 102.5dB @  57.3Hz   1x40mm     85 mm 
                  8.7l @  57.8Hz  =>   96.2dB    9W 102.5dB @  54.1Hz   1x40mm     72 mm 

1.00  87.5dB:     5.2l @  68.4Hz  =>  100.8dB   29W 102.2dB @  70.3Hz   1x40mm    143 mm 
                  5.8l @  65.9Hz  =>   99.8dB   23W 102.2dB @  66.5Hz   1x40mm    124 mm 
                  6.5l @  63.6Hz  =>   98.8dB   18W 102.2dB @  62.8Hz   1x40mm    108 mm 
             *    7.2l @  61.3Hz  =>   97.8dB   14W 102.2dB @  59.3Hz   1x40mm     93 mm 
                  8.1l @  59.1Hz  =>   96.8dB   12W 102.2dB @  56.1Hz   1x40mm     80 mm 
                  9.1l @  57.0Hz  =>   95.8dB    9W 102.2dB @  53.0Hz   1x40mm     68 mm 
                 10.2l @  55.0Hz  =>   94.9dB    7W 102.2dB @  50.1Hz   1x40mm     58 mm 

-------------
W4-937SB                               89.0dB   45W                      1x40mm
Rpre   Spl         Vb      fb         SplMech Pmech  SplEle     f3       dv       lv

0.20  87.8dB:     1.3l @  99.8Hz  =>  113.7dB  461W 103.6dB @ 127.0Hz   1x40mm    667 mm 
                  1.4l @  96.2Hz  =>  112.7dB  368W 103.6dB @ 120.0Hz   1x40mm    592 mm 
             *    1.6l @  92.8Hz  =>  111.7dB  293W 103.6dB @ 113.4Hz   1x40mm    525 mm 
                  1.8l @  89.5Hz  =>  110.8dB  234W 103.6dB @ 107.1Hz   1x40mm    466 mm 
                  2.0l @  86.3Hz  =>  109.8dB  186W 103.6dB @ 101.2Hz   1x40mm    413 mm 
                  2.2l @  83.2Hz  =>  108.8dB  149W 103.6dB @  95.6Hz   1x40mm    366 mm 

0.60  87.5dB:     1.3l @  99.4Hz  =>  113.6dB  477W 103.4dB @ 126.3Hz   1x40mm    659 mm 
                  1.4l @  95.9Hz  =>  112.6dB  381W 103.4dB @ 119.3Hz   1x40mm    585 mm 
                  1.6l @  92.5Hz  =>  111.7dB  303W 103.4dB @ 112.8Hz   1x40mm    520 mm 
             *    1.8l @  89.2Hz  =>  110.7dB  242W 103.4dB @ 106.5Hz   1x40mm    461 mm 
                  2.0l @  86.0Hz  =>  109.7dB  193W 103.4dB @ 100.7Hz   1x40mm    408 mm 
                  2.3l @  82.9Hz  =>  108.7dB  154W 103.4dB @  95.1Hz   1x40mm    361 mm 
                  2.5l @  80.0Hz  =>  107.7dB  123W 103.4dB @  89.9Hz   1x40mm    320 mm 

1.00  87.3dB:     1.4l @  95.8Hz  =>  112.6dB  399W 103.1dB @ 119.2Hz   1x40mm    584 mm 
                  1.6l @  92.4Hz  =>  111.6dB  318W 103.1dB @ 112.6Hz   1x40mm    518 mm 
                  1.8l @  89.1Hz  =>  110.6dB  254W 103.1dB @ 106.4Hz   1x40mm    459 mm 
             *    2.0l @  85.9Hz  =>  109.7dB  202W 103.1dB @ 100.5Hz   1x40mm    407 mm 
                  2.3l @  82.9Hz  =>  108.7dB  161W 103.1dB @  95.0Hz   1x40mm    360 mm 
                  2.5l @  79.9Hz  =>  107.7dB  128W 103.1dB @  89.8Hz   1x40mm    319 mm 
                  2.9l @  77.1Hz  =>  106.7dB  102W 103.1dB @  84.8Hz   1x40mm    281 mm 

-------------
W4-1337SA                              87.0dB   25W                      1x40mm
Rpre   Spl         Vb      fb         SplMech Pmech  SplEle     f3       dv       lv

0.20  86.9dB:     3.1l @  80.6Hz  =>  103.7dB   55W 100.2dB @  87.2Hz   1x40mm    220 mm 
                  3.4l @  77.7Hz  =>  102.7dB   44W 100.2dB @  82.4Hz   1x40mm    193 mm 
                  3.8l @  74.9Hz  =>  101.7dB   35W 100.2dB @  77.9Hz   1x40mm    169 mm 
             *    4.3l @  72.3Hz  =>  100.7dB   28W 100.2dB @  73.6Hz   1x40mm    148 mm 
                  4.8l @  69.7Hz  =>   99.7dB   22W 100.2dB @  69.5Hz   1x40mm    129 mm 
                  5.4l @  67.2Hz  =>   98.7dB   18W 100.2dB @  65.7Hz   1x40mm    112 mm 
                  6.1l @  64.8Hz  =>   97.8dB   14W 100.2dB @  62.1Hz   1x40mm     97 mm 

0.60  86.7dB:     3.5l @  77.6Hz  =>  102.6dB   46W 100.0dB @  82.2Hz   1x40mm    192 mm 
                  3.9l @  74.8Hz  =>  101.7dB   37W 100.0dB @  77.7Hz   1x40mm    168 mm 
                  4.3l @  72.2Hz  =>  100.7dB   29W 100.0dB @  73.4Hz   1x40mm    147 mm 
             *    4.9l @  69.6Hz  =>   99.7dB   23W 100.0dB @  69.3Hz   1x40mm    128 mm 
                  5.4l @  67.1Hz  =>   98.7dB   19W 100.0dB @  65.5Hz   1x40mm    111 mm 
                  6.1l @  64.7Hz  =>   97.7dB   15W 100.0dB @  61.9Hz   1x40mm     96 mm 
                  6.8l @  62.4Hz  =>   96.7dB   12W 100.0dB @  58.5Hz   1x40mm     83 mm 

1.00  86.5dB:     3.9l @  74.9Hz  =>  101.7dB   39W  99.7dB @  77.8Hz   1x40mm    169 mm 
                  4.3l @  72.2Hz  =>  100.7dB   31W  99.7dB @  73.5Hz   1x40mm    148 mm 
                  4.8l @  69.6Hz  =>   99.7dB   25W  99.7dB @  69.4Hz   1x40mm    129 mm 
             *    5.4l @  67.2Hz  =>   98.7dB   20W  99.7dB @  65.6Hz   1x40mm    112 mm 
                  6.1l @  64.8Hz  =>   97.7dB   16W  99.7dB @  62.0Hz   1x40mm     97 mm 
                  6.8l @  62.5Hz  =>   96.8dB   13W  99.7dB @  58.6Hz   1x40mm     83 mm 
                  7.6l @  60.2Hz  =>   95.8dB   10W  99.7dB @  55.3Hz   1x40mm     71 mm 

-------------
W4-1879                                87.0dB   25W                      1x40mm
Rpre   Spl         Vb      fb         SplMech Pmech  SplEle     f3       dv       lv

0.20  86.2dB:     8.6l @  55.1Hz  =>  100.1dB   32W  99.1dB @  55.2Hz   1x40mm    115 mm 
                  9.6l @  53.1Hz  =>   99.2dB   25W  99.1dB @  52.1Hz   1x40mm     99 mm 
                 10.8l @  51.2Hz  =>   98.2dB   20W  99.1dB @  49.3Hz   1x40mm     86 mm 
             *   12.1l @  49.4Hz  =>   97.2dB   16W  99.1dB @  46.5Hz   1x40mm     73 mm 
                 13.5l @  47.7Hz  =>   96.2dB   13W  99.1dB @  44.0Hz   1x40mm     62 mm 
                 15.1l @  46.0Hz  =>   95.2dB   10W  99.1dB @  41.6Hz   1x40mm     53 mm 
                 17.0l @  44.3Hz  =>   94.2dB    8W  99.1dB @  39.3Hz   1x40mm     44 mm 

0.60  85.9dB:     9.9l @  52.6Hz  =>   98.9dB   25W  98.9dB @  51.4Hz   1x40mm     96 mm 
                 11.1l @  50.8Hz  =>   97.9dB   20W  98.9dB @  48.5Hz   1x40mm     82 mm 
                 12.4l @  49.0Hz  =>   96.9dB   16W  98.9dB @  45.9Hz   1x40mm     70 mm 
             *   13.9l @  47.2Hz  =>   96.0dB   13W  98.9dB @  43.3Hz   1x40mm     60 mm 
                 15.6l @  45.5Hz  =>   95.0dB   10W  98.9dB @  41.0Hz   1x40mm     50 mm 
                 17.5l @  43.9Hz  =>   94.0dB    8W  98.9dB @  38.7Hz   1x40mm     42 mm 
                 19.6l @  42.4Hz  =>   93.0dB    6W  98.9dB @  36.6Hz   1x40mm     34 mm 

1.00  85.7dB:    11.3l @  50.5Hz  =>   97.8dB   20W  98.6dB @  48.1Hz   1x40mm     80 mm 
                 12.7l @  48.7Hz  =>   96.8dB   16W  98.6dB @  45.4Hz   1x40mm     68 mm 
                 14.2l @  46.9Hz  =>   95.8dB   13W  98.6dB @  42.9Hz   1x40mm     58 mm 
             *   15.9l @  45.2Hz  =>   94.8dB   10W  98.6dB @  40.5Hz   1x40mm     49 mm 
                 17.8l @  43.6Hz  =>   93.8dB    8W  98.6dB @  38.3Hz   1x40mm     40 mm 
                 19.9l @  42.1Hz  =>   92.8dB    7W  98.6dB @  36.2Hz   1x40mm     33 mm 
                 22.3l @  40.6Hz  =>   91.8dB    5W  98.6dB @  34.2Hz   1x40mm     26 mm 

-------------
W5-1374SE                              85.0dB   28W                      1x50mm
Rpre   Spl         Vb      fb         SplMech Pmech  SplEle     f3       dv       lv

0.20  85.4dB:    12.7l @  47.1Hz  =>   96.8dB   18W  98.7dB @  45.6Hz   1x50mm    147 mm 
                 14.3l @  45.5Hz  =>   95.8dB   14W  98.7dB @  43.1Hz   1x50mm    127 mm 
                 16.0l @  43.8Hz  =>   94.8dB   11W  98.7dB @  40.7Hz   1x50mm    110 mm 
             *   17.9l @  42.3Hz  =>   93.8dB    9W  98.7dB @  38.5Hz   1x50mm     94 mm 
                 20.0l @  40.8Hz  =>   92.8dB    7W  98.7dB @  36.4Hz   1x50mm     80 mm 
                 22.5l @  39.3Hz  =>   91.8dB    6W  98.7dB @  34.4Hz   1x50mm     68 mm 
                 25.1l @  37.9Hz  =>   90.8dB    5W  98.7dB @  32.5Hz   1x50mm     57 mm 

0.60  85.2dB:    14.7l @  45.0Hz  =>   95.5dB   14W  98.4dB @  42.4Hz   1x50mm    122 mm 
                 16.5l @  43.4Hz  =>   94.5dB   11W  98.4dB @  40.1Hz   1x50mm    105 mm 
                 18.5l @  41.9Hz  =>   93.5dB    9W  98.4dB @  37.9Hz   1x50mm     90 mm 
             *   20.7l @  40.4Hz  =>   92.5dB    7W  98.4dB @  35.8Hz   1x50mm     77 mm 
                 23.2l @  38.9Hz  =>   91.6dB    6W  98.4dB @  33.8Hz   1x50mm     64 mm 
                 26.0l @  37.5Hz  =>   90.6dB    5W  98.4dB @  32.0Hz   1x50mm     54 mm 
                 29.1l @  36.2Hz  =>   89.6dB    4W  98.4dB @  30.2Hz   1x50mm     44 mm 

1.00  84.9dB:    16.8l @  43.1Hz  =>   94.3dB   12W  98.1dB @  39.7Hz   1x50mm    102 mm 
                 18.9l @  41.6Hz  =>   93.3dB    9W  98.1dB @  37.5Hz   1x50mm     87 mm 
                 21.1l @  40.1Hz  =>   92.4dB    7W  98.1dB @  35.4Hz   1x50mm     74 mm 
             *   23.7l @  38.7Hz  =>   91.4dB    6W  98.1dB @  33.5Hz   1x50mm     62 mm 
                 26.5l @  37.3Hz  =>   90.4dB    5W  98.1dB @  31.6Hz   1x50mm     52 mm 
                 29.7l @  36.0Hz  =>   89.4dB    4W  98.1dB @  29.9Hz   1x50mm     42 mm 
                 33.3l @  34.7Hz  =>   88.4dB    3W  98.1dB @  28.2Hz   1x50mm     34 mm 

-------------
W5-876SA                               86.0dB   50W                      1x50mm
Rpre   Spl         Vb      fb         SplMech Pmech  SplEle     f3       dv       lv

0.20  85.6dB:     3.4l @  63.6Hz  =>  109.3dB  292W 101.7dB @  72.9Hz   1x50mm    661 mm 
                  3.8l @  61.4Hz  =>  108.3dB  233W 101.7dB @  68.9Hz   1x50mm    586 mm 
                  4.2l @  59.2Hz  =>  107.4dB  186W 101.7dB @  65.1Hz   1x50mm    519 mm 
             *    4.7l @  57.1Hz  =>  106.4dB  148W 101.7dB @  61.5Hz   1x50mm    460 mm 
                  5.3l @  55.0Hz  =>  105.4dB  118W 101.7dB @  58.1Hz   1x50mm    407 mm 
                  5.9l @  53.1Hz  =>  104.4dB   94W 101.7dB @  54.9Hz   1x50mm    359 mm 
                  6.6l @  51.2Hz  =>  103.4dB   75W 101.7dB @  51.9Hz   1x50mm    317 mm 

0.60  85.4dB:     3.9l @  60.6Hz  =>  108.0dB  228W 101.4dB @  67.5Hz   1x50mm    561 mm 
                  4.4l @  58.4Hz  =>  107.0dB  182W 101.4dB @  63.8Hz   1x50mm    497 mm 
                  4.9l @  56.3Hz  =>  106.0dB  145W 101.4dB @  60.3Hz   1x50mm    440 mm 
             *    5.5l @  54.3Hz  =>  105.0dB  116W 101.4dB @  56.9Hz   1x50mm    389 mm 
                  6.2l @  52.4Hz  =>  104.1dB   92W 101.4dB @  53.8Hz   1x50mm    343 mm 
                  6.9l @  50.5Hz  =>  103.1dB   73W 101.4dB @  50.8Hz   1x50mm    303 mm 
                  7.7l @  48.7Hz  =>  102.1dB   59W 101.4dB @  48.0Hz   1x50mm    266 mm 

1.00  85.1dB:     4.5l @  57.8Hz  =>  106.7dB  181W 101.2dB @  62.8Hz   1x50mm    481 mm 
                  5.1l @  55.8Hz  =>  105.8dB  144W 101.2dB @  59.3Hz   1x50mm    425 mm 
                  5.7l @  53.8Hz  =>  104.8dB  115W 101.2dB @  56.1Hz   1x50mm    376 mm 
             *    6.4l @  51.9Hz  =>  103.8dB   91W 101.2dB @  53.0Hz   1x50mm    332 mm 
                  7.1l @  50.0Hz  =>  102.8dB   73W 101.2dB @  50.0Hz   1x50mm    292 mm 
                  8.0l @  48.2Hz  =>  101.8dB   58W 101.2dB @  47.3Hz   1x50mm    257 mm 
                  8.9l @  46.5Hz  =>  100.8dB   46W 101.2dB @  44.7Hz   1x50mm    226 mm 

-------------
W5-938SB                               90.0dB   45W                      1x50mm
Rpre   Spl         Vb      fb         SplMech Pmech  SplEle     f3       dv       lv

0.20  89.6dB:     6.0l @  76.8Hz  =>  111.9dB  197W 105.5dB @  84.3Hz   1x50mm    193 mm 
                  6.8l @  74.1Hz  =>  110.9dB  157W 105.5dB @  79.7Hz   1x50mm    168 mm 
                  7.6l @  71.4Hz  =>  109.9dB  125W 105.5dB @  75.3Hz   1x50mm    146 mm 
             *    8.5l @  68.9Hz  =>  108.9dB  100W 105.5dB @  71.2Hz   1x50mm    127 mm 
                  9.5l @  66.4Hz  =>  107.9dB   79W 105.5dB @  67.2Hz   1x50mm    109 mm 
                 10.6l @  64.1Hz  =>  106.9dB   63W 105.5dB @  63.5Hz   1x50mm     94 mm 
                 11.9l @  61.8Hz  =>  106.0dB   50W 105.5dB @  60.0Hz   1x50mm     80 mm 

0.60  89.4dB:     6.9l @  73.8Hz  =>  110.8dB  162W 105.2dB @  79.2Hz   1x50mm    166 mm 
                  7.7l @  71.1Hz  =>  109.8dB  129W 105.2dB @  74.8Hz   1x50mm    144 mm 
                  8.6l @  68.6Hz  =>  108.8dB  103W 105.2dB @  70.7Hz   1x50mm    125 mm 
             *    9.6l @  66.2Hz  =>  107.8dB   82W 105.2dB @  66.8Hz   1x50mm    107 mm 
                 10.8l @  63.8Hz  =>  106.8dB   65W 105.2dB @  63.1Hz   1x50mm     92 mm 
                 12.1l @  61.5Hz  =>  105.9dB   52W 105.2dB @  59.7Hz   1x50mm     78 mm 
                 13.5l @  59.3Hz  =>  104.9dB   41W 105.2dB @  56.4Hz   1x50mm     66 mm 

1.00  89.2dB:     7.7l @  71.0Hz  =>  109.8dB  135W 105.0dB @  74.7Hz   1x50mm    143 mm 
                  8.6l @  68.5Hz  =>  108.8dB  107W 105.0dB @  70.6Hz   1x50mm    124 mm 
                  9.7l @  66.1Hz  =>  107.8dB   86W 105.0dB @  66.7Hz   1x50mm    107 mm 
             *   10.8l @  63.7Hz  =>  106.8dB   68W 105.0dB @  63.0Hz   1x50mm     91 mm 
                 12.1l @  61.4Hz  =>  105.8dB   54W 105.0dB @  59.5Hz   1x50mm     78 mm 
                 13.6l @  59.3Hz  =>  104.8dB   43W 105.0dB @  56.2Hz   1x50mm     65 mm 
                 15.2l @  57.1Hz  =>  103.8dB   35W 105.0dB @  53.1Hz   1x50mm     54 mm 

-------------
W5-1685                                86.0dB   45W                      1x50mm
Rpre   Spl         Vb      fb         SplMech Pmech  SplEle     f3       dv       lv

0.20  86.4dB:    16.2l @  46.3Hz  =>  102.4dB   90W  99.5dB @  44.4Hz   1x50mm    108 mm 
                 18.1l @  44.7Hz  =>  101.5dB   71W  99.5dB @  41.9Hz   1x50mm     92 mm 
                 20.3l @  43.1Hz  =>  100.5dB   57W  99.5dB @  39.6Hz   1x50mm     79 mm 
             *   22.8l @  41.5Hz  =>   99.5dB   45W  99.5dB @  37.4Hz   1x50mm     66 mm 
                 25.5l @  40.1Hz  =>   98.5dB   36W  99.5dB @  35.4Hz   1x50mm     55 mm 
                 28.6l @  38.6Hz  =>   97.5dB   29W  99.5dB @  33.4Hz   1x50mm     45 mm 
                 32.0l @  37.3Hz  =>   96.5dB   23W  99.5dB @  31.6Hz   1x50mm     37 mm 

0.60  86.0dB:    20.7l @  42.8Hz  =>  100.3dB   61W  99.0dB @  39.3Hz   1x50mm     77 mm 
                 23.2l @  41.3Hz  =>   99.3dB   48W  99.0dB @  37.1Hz   1x50mm     64 mm 
                 25.9l @  39.8Hz  =>   98.3dB   39W  99.0dB @  35.1Hz   1x50mm     54 mm 
             *   29.1l @  38.4Hz  =>   97.4dB   31W  99.0dB @  33.1Hz   1x50mm     44 mm 
                 32.5l @  37.1Hz  =>   96.4dB   25W  99.0dB @  31.3Hz   1x50mm     35 mm 
                 36.4l @  35.7Hz  =>   95.4dB   20W  99.0dB @  29.6Hz   1x50mm     28 mm 
                 40.8l @  34.5Hz  =>   94.4dB   16W  99.0dB @  28.0Hz   1x50mm     21 mm 

1.00  85.6dB:    25.7l @  39.9Hz  =>   98.4dB   43W  98.6dB @  35.2Hz   1x50mm     54 mm 
                 28.8l @  38.5Hz  =>   97.4dB   34W  98.6dB @  33.3Hz   1x50mm     45 mm 
                 32.3l @  37.2Hz  =>   96.5dB   27W  98.6dB @  31.4Hz   1x50mm     36 mm 
             *   36.2l @  35.8Hz  =>   95.5dB   22W  98.6dB @  29.7Hz   1x50mm     28 mm 
                 40.5l @  34.6Hz  =>   94.5dB   17W  98.6dB @  28.1Hz   1x50mm     21 mm 
                 45.4l @  33.3Hz  =>   93.5dB   14W  98.6dB @  26.5Hz + 1x70mm     50 mm 
                 50.8l @  32.1Hz  =>   92.5dB   11W  98.6dB @  25.1Hz + 1x70mm     39 mm 

-------------
W6-1108SA                              87.0dB   60W                      1x70mm
Rpre   Spl         Vb      fb         SplMech Pmech  SplEle     f3       dv       lv

0.20  87.7dB:    20.7l @  45.6Hz  =>  105.2dB   70W 104.5dB @  44.9Hz   1x70mm    200 mm 
                 23.1l @  44.0Hz  =>  104.2dB   56W 104.5dB @  42.4Hz   1x70mm    173 mm 
                 25.9l @  42.4Hz  =>  103.2dB   44W 104.5dB @  40.1Hz   1x70mm    149 mm 
             *   29.0l @  40.9Hz  =>  102.2dB   35W 104.5dB @  37.9Hz   1x70mm    128 mm 
                 32.5l @  39.5Hz  =>  101.3dB   28W 104.5dB @  35.8Hz   1x70mm    108 mm 
                 36.4l @  38.1Hz  =>  100.3dB   23W 104.5dB @  33.8Hz   1x70mm     91 mm 
                 40.8l @  36.7Hz  =>   99.3dB   18W 104.5dB @  31.9Hz   1x70mm     76 mm 

0.60  87.5dB:    24.1l @  43.5Hz  =>  103.9dB   55W 104.3dB @  41.6Hz   1x70mm    165 mm 
                 26.9l @  41.9Hz  =>  102.9dB   44W 104.3dB @  39.3Hz   1x70mm    142 mm 
                 30.2l @  40.4Hz  =>  101.9dB   35W 104.3dB @  37.1Hz   1x70mm    121 mm 
             *   33.8l @  39.0Hz  =>  100.9dB   28W 104.3dB @  35.1Hz   1x70mm    102 mm 
                 37.8l @  37.6Hz  =>   99.9dB   22W 104.3dB @  33.2Hz   1x70mm     86 mm 
                 42.4l @  36.3Hz  =>   99.0dB   18W 104.3dB @  31.3Hz   1x70mm     71 mm 
                 47.5l @  35.0Hz  =>   98.0dB   14W 104.3dB @  29.6Hz   1x70mm     58 mm 

1.00  87.2dB:    27.7l @  41.5Hz  =>  102.6dB   44W 104.0dB @  38.7Hz   1x70mm    136 mm 
                 31.1l @  40.1Hz  =>  101.7dB   35W 104.0dB @  36.6Hz   1x70mm    116 mm 
                 34.8l @  38.6Hz  =>  100.7dB   28W 104.0dB @  34.6Hz   1x70mm     98 mm 
             *   39.0l @  37.2Hz  =>   99.7dB   22W 104.0dB @  32.7Hz   1x70mm     82 mm 
                 43.6l @  35.9Hz  =>   98.7dB   18W 104.0dB @  30.9Hz   1x70mm     68 mm 
                 48.9l @  34.6Hz  =>   97.7dB   14W 104.0dB @  29.2Hz   1x70mm     55 mm 
                 54.7l @  33.4Hz  =>   96.7dB   11W 104.0dB @  27.6Hz   1x70mm     44 mm 

-------------
W6-623C                                86.0dB   30W                      1x70mm
Rpre   Spl         Vb      fb         SplMech Pmech  SplEle     f3       dv       lv

0.20  90.0dB:    29.6l @  46.6Hz  =>  103.4dB   29W 103.6dB @  47.5Hz   1x70mm    140 mm 
                 33.2l @  44.9Hz  =>  102.4dB   23W 103.6dB @  44.9Hz   1x70mm    119 mm 
                 37.2l @  43.3Hz  =>  101.4dB   18W 103.6dB @  42.4Hz   1x70mm    101 mm 
             *   41.6l @  41.8Hz  =>  100.4dB   14W 103.6dB @  40.1Hz   1x70mm     85 mm 
                 46.6l @  40.3Hz  =>   99.4dB   12W 103.6dB @  37.9Hz   1x70mm     70 mm 
                 52.2l @  38.9Hz  =>   98.4dB    9W 103.6dB @  35.8Hz   1x70mm     57 mm 
                 58.5l @  37.5Hz  =>   97.4dB    7W 103.6dB @  33.8Hz   1x70mm     46 mm 

0.60  89.8dB:    35.0l @  44.2Hz  =>  101.9dB   22W 103.3dB @  43.7Hz   1x70mm    111 mm 
                 39.2l @  42.6Hz  =>  100.9dB   17W 103.3dB @  41.3Hz   1x70mm     93 mm 
                 43.9l @  41.1Hz  =>   99.9dB   14W 103.3dB @  39.0Hz   1x70mm     78 mm 
             *   49.2l @  39.6Hz  =>   98.9dB   11W 103.3dB @  36.9Hz   1x70mm     64 mm 
                 55.1l @  38.2Hz  =>   98.0dB    9W 103.3dB @  34.8Hz   1x70mm     52 mm 
                 61.7l @  36.8Hz  =>   97.0dB    7W 103.3dB @  32.9Hz   1x70mm     41 mm 
                 69.1l @  35.5Hz  =>   96.0dB    6W 103.3dB @  31.1Hz   1x70mm     31 mm 

1.00  89.5dB:    41.0l @  42.0Hz  =>  100.5dB   17W 103.0dB @  40.4Hz   1x70mm     87 mm 
                 45.9l @  40.5Hz  =>   99.6dB   13W 103.0dB @  38.2Hz   1x70mm     72 mm 
                 51.4l @  39.1Hz  =>   98.6dB   11W 103.0dB @  36.1Hz   1x70mm     59 mm 
             *   57.5l @  37.7Hz  =>   97.6dB    9W 103.0dB @  34.1Hz   1x70mm     47 mm 
                 64.5l @  36.3Hz  =>   96.6dB    7W 103.0dB @  32.2Hz   1x70mm     37 mm 
                 72.2l @  35.0Hz  =>   95.6dB    5W 103.0dB @  30.4Hz   1x70mm     27 mm 
                 80.9l @  33.8Hz  =>   94.6dB    4W 103.0dB @  28.7Hz + 1x100mm    70 mm 

-------------
W6-789D                                92.0dB   15W                      1x70mm
Rpre   Spl         Vb      fb         SplMech Pmech  SplEle     f3       dv       lv

0.20  91.8dB:    29.8l @  51.4Hz  =>  106.3dB   37W 102.3dB @  55.3Hz   1x70mm    139 mm 
                 33.3l @  49.5Hz  =>  105.3dB   30W 102.3dB @  52.3Hz   1x70mm    119 mm 
                 37.3l @  47.8Hz  =>  104.3dB   24W 102.3dB @  49.4Hz   1x70mm    101 mm 
             *   41.8l @  46.1Hz  =>  103.3dB   19W 102.3dB @  46.7Hz   1x70mm     84 mm 
                 46.8l @  44.4Hz  =>  102.3dB   15W 102.3dB @  44.1Hz   1x70mm     70 mm 
                 52.4l @  42.8Hz  =>  101.4dB   12W 102.3dB @  41.7Hz   1x70mm     57 mm 
                 58.7l @  41.3Hz  =>  100.4dB   10W 102.3dB @  39.4Hz   1x70mm     45 mm 

0.60  91.5dB:    35.1l @  48.7Hz  =>  104.8dB   29W 102.0dB @  50.9Hz   1x70mm    110 mm 
                 39.3l @  47.0Hz  =>  103.9dB   23W 102.0dB @  48.1Hz   1x70mm     93 mm 
                 44.0l @  45.3Hz  =>  102.9dB   18W 102.0dB @  45.5Hz   1x70mm     77 mm 
             *   49.3l @  43.7Hz  =>  101.9dB   15W 102.0dB @  43.0Hz   1x70mm     64 mm 
                 55.2l @  42.1Hz  =>  100.9dB   12W 102.0dB @  40.6Hz   1x70mm     51 mm 
                 61.9l @  40.6Hz  =>   99.9dB    9W 102.0dB @  38.4Hz   1x70mm     40 mm 
                 69.3l @  39.2Hz  =>   98.9dB    7W 102.0dB @  36.3Hz   1x70mm     31 mm 

1.00  91.3dB:    41.0l @  46.4Hz  =>  103.5dB   22W 101.8dB @  47.2Hz   1x70mm     87 mm 
                 45.9l @  44.7Hz  =>  102.5dB   18W 101.8dB @  44.6Hz   1x70mm     72 mm 
                 51.4l @  43.1Hz  =>  101.5dB   14W 101.8dB @  42.1Hz   1x70mm     59 mm 
             *   57.6l @  41.6Hz  =>  100.6dB   11W 101.8dB @  39.8Hz   1x70mm     47 mm 
                 64.5l @  40.1Hz  =>   99.6dB    9W 101.8dB @  37.6Hz   1x70mm     37 mm 
                 72.2l @  38.7Hz  =>   98.6dB    7W 101.8dB @  35.5Hz   1x70mm     27 mm 
                 80.9l @  37.3Hz  =>   97.6dB    6W 101.8dB @  33.6Hz + 1x100mm    70 mm 

-------------
W6-789E                                92.0dB   15W                      1x70mm
Rpre   Spl         Vb      fb         SplMech Pmech  SplEle     f3       dv       lv

0.20  91.9dB:    52.3l @  46.4Hz  =>  102.8dB   17W 102.4dB @  44.6Hz   1x70mm     37 mm 
                 58.6l @  44.8Hz  =>  101.8dB   13W 102.4dB @  42.1Hz   1x70mm     27 mm 
                 65.6l @  43.2Hz  =>  100.9dB   11W 102.4dB @  39.8Hz + 1x100mm    70 mm 
             *   73.5l @  41.7Hz  =>   99.9dB    8W 102.4dB @  37.6Hz + 1x100mm    54 mm 
                 82.3l @  40.2Hz  =>   98.9dB    7W 102.4dB @  35.5Hz + 1x100mm    41 mm 
                 92.2l @  38.7Hz  =>   97.9dB    5W 102.4dB @  33.6Hz + 1x100mm    28 mm 
                103.2l @  37.4Hz  =>   96.9dB    4W 102.4dB @  31.7Hz + 2x100mm    77 mm 

0.60  91.6dB:    61.7l @  44.0Hz  =>  101.4dB   13W 102.1dB @  41.0Hz   1x70mm     23 mm 
                 69.1l @  42.5Hz  =>  100.4dB   10W 102.1dB @  38.8Hz + 1x100mm    62 mm 
                 77.4l @  41.0Hz  =>   99.4dB    8W 102.1dB @  36.6Hz + 1x100mm    48 mm 
             *   86.7l @  39.5Hz  =>   98.4dB    6W 102.1dB @  34.6Hz + 1x100mm    35 mm 
                 97.1l @  38.1Hz  =>   97.5dB    5W 102.1dB @  32.7Hz + 1x100mm    23 mm 
                108.8l @  36.7Hz  =>   96.5dB    4W 102.1dB @  30.9Hz + 2x100mm    68 mm 
                121.8l @  35.4Hz  =>   95.5dB    3W 102.1dB @  29.2Hz + 2x100mm    50 mm 

1.00  91.3dB:    72.1l @  41.9Hz  =>  100.0dB   10W 101.8dB @  38.0Hz + 1x100mm    57 mm 
                 80.7l @  40.4Hz  =>   99.1dB    8W 101.8dB @  35.9Hz + 1x100mm    43 mm 
                 90.4l @  39.0Hz  =>   98.1dB    6W 101.8dB @  33.9Hz + 1x100mm    30 mm 
             *  101.2l @  37.6Hz  =>   97.1dB    5W 101.8dB @  32.0Hz + 2x100mm    81 mm 
                113.4l @  36.3Hz  =>   96.1dB    4W 101.8dB @  30.3Hz + 2x100mm    61 mm 
                127.0l @  35.0Hz  =>   95.1dB    3W 101.8dB @  28.6Hz + 2x100mm    43 mm 
                142.2l @  33.7Hz  =>   94.1dB    3W 101.8dB @  27.0Hz + 2x100mm    28 mm 

-------------
W6-1139SH                              81.0dB   60W                      1x70mm
Rpre   Spl         Vb      fb         SplMech Pmech  SplEle     f3       dv       lv

0.20  81.5dB:    43.0l @  25.7Hz  =>   98.9dB   63W  98.7dB @  21.7Hz   1x70mm    168 mm 
                 48.2l @  24.8Hz  =>   98.0dB   50W  98.7dB @  20.5Hz   1x70mm    144 mm 
                 54.0l @  23.9Hz  =>   97.0dB   40W  98.7dB @  19.3Hz   1x70mm    123 mm 
             *   60.4l @  23.1Hz  =>   96.0dB   32W  98.7dB @  18.3Hz   1x70mm    105 mm 
                 67.7l @  22.2Hz  =>   95.0dB   25W  98.7dB @  17.3Hz   1x70mm     88 mm 
                 75.8l @  21.5Hz  =>   94.0dB   20W  98.7dB @  16.3Hz   1x70mm     73 mm 
                 84.9l @  20.7Hz  =>   93.0dB   16W  98.7dB @  15.4Hz   1x70mm     60 mm 

0.60  81.3dB:    48.8l @  24.7Hz  =>   97.9dB   52W  98.5dB @  20.3Hz   1x70mm    142 mm 
                 54.6l @  23.8Hz  =>   96.9dB   41W  98.5dB @  19.2Hz   1x70mm    121 mm 
                 61.2l @  23.0Hz  =>   95.9dB   33W  98.5dB @  18.2Hz   1x70mm    103 mm 
             *   68.5l @  22.2Hz  =>   94.9dB   26W  98.5dB @  17.2Hz   1x70mm     86 mm 
                 76.8l @  21.4Hz  =>   93.9dB   21W  98.5dB @  16.2Hz   1x70mm     72 mm 
                 86.0l @  20.6Hz  =>   92.9dB   17W  98.5dB @  15.3Hz   1x70mm     58 mm 
                 96.3l @  19.9Hz  =>   92.0dB   13W  98.5dB @  14.5Hz   1x70mm     47 mm 

1.00  81.1dB:    54.9l @  23.8Hz  =>   96.8dB   43W  98.3dB @  19.2Hz   1x70mm    120 mm 
                 61.5l @  22.9Hz  =>   95.8dB   34W  98.3dB @  18.1Hz   1x70mm    102 mm 
                 68.9l @  22.1Hz  =>   94.9dB   27W  98.3dB @  17.1Hz   1x70mm     86 mm 
             *   77.1l @  21.3Hz  =>   93.9dB   22W  98.3dB @  16.2Hz   1x70mm     71 mm 
                 86.4l @  20.6Hz  =>   92.9dB   17W  98.3dB @  15.3Hz   1x70mm     58 mm 
                 96.8l @  19.8Hz  =>   91.9dB   14W  98.3dB @  14.4Hz   1x70mm     46 mm 
                108.4l @  19.1Hz  =>   90.9dB   11W  98.3dB @  13.6Hz   1x70mm     36 mm 

-------------
W6-1139SG                              83.0dB   60W                      1x70mm
Rpre   Spl         Vb      fb         SplMech Pmech  SplEle     f3       dv       lv

0.20  83.3dB:     9.8l @  39.8Hz  =>  110.8dB 1257W  97.6dB @  42.8Hz - 1x50mm    451 mm 
                 11.0l @  38.4Hz  =>  109.8dB 1002W  97.6dB @  40.4Hz - 1x50mm    398 mm 
                 12.3l @  37.0Hz  =>  108.8dB  799W  97.6dB @  38.2Hz - 1x50mm    352 mm 
             *   13.8l @  35.7Hz  =>  107.8dB  637W  97.6dB @  36.1Hz   1x70mm    629 mm 
                 15.4l @  34.4Hz  =>  106.8dB  508W  97.6dB @  34.1Hz   1x70mm    556 mm 
                 17.3l @  33.2Hz  =>  105.9dB  405W  97.6dB @  32.2Hz   1x70mm    491 mm 
                 19.4l @  32.0Hz  =>  104.9dB  323W  97.6dB @  30.5Hz   1x70mm    433 mm 

0.60  82.8dB:    12.5l @  36.9Hz  =>  108.7dB  859W  97.1dB @  37.9Hz   1x70mm    700 mm 
                 14.0l @  35.5Hz  =>  107.7dB  685W  97.1dB @  35.8Hz   1x70mm    619 mm 
                 15.6l @  34.3Hz  =>  106.7dB  546W  97.1dB @  33.9Hz   1x70mm    547 mm 
             *   17.5l @  33.1Hz  =>  105.7dB  435W  97.1dB @  32.0Hz   1x70mm    483 mm 
                 19.6l @  31.9Hz  =>  104.7dB  347W  97.1dB @  30.2Hz   1x70mm    426 mm 
                 22.0l @  30.7Hz  =>  103.8dB  276W  97.1dB @  28.6Hz   1x70mm    375 mm 
                 24.6l @  29.6Hz  =>  102.8dB  220W  97.1dB @  27.0Hz   1x70mm    329 mm 

1.00  82.4dB:    15.5l @  34.4Hz  =>  106.8dB  612W  96.7dB @  34.1Hz   1x70mm    554 mm 
                 17.3l @  33.2Hz  =>  105.8dB  488W  96.7dB @  32.2Hz   1x70mm    489 mm 
                 19.4l @  32.0Hz  =>  104.8dB  389W  96.7dB @  30.4Hz   1x70mm    431 mm 
             *   21.7l @  30.9Hz  =>  103.9dB  310W  96.7dB @  28.7Hz   1x70mm    380 mm 
                 24.3l @  29.8Hz  =>  102.9dB  247W  96.7dB @  27.2Hz   1x70mm    334 mm 
                 27.3l @  28.7Hz  =>  101.9dB  197W  96.7dB @  25.7Hz   1x70mm    292 mm 
                 30.5l @  27.7Hz  =>  100.9dB  157W  96.7dB @  24.2Hz   1x70mm    256 mm 

-------------
W6-1530S                               87.0dB   45W                      1x70mm
Rpre   Spl         Vb      fb         SplMech Pmech  SplEle     f3       dv       lv

0.20  87.7dB:    56.3l @  36.4Hz  =>   94.6dB    6W 103.3dB @  30.5Hz   1x70mm     30 mm 
                 63.1l @  35.1Hz  =>   93.6dB    5W 103.3dB @  28.8Hz   1x70mm     22 mm 
                 70.7l @  33.9Hz  =>   92.6dB    4W 103.3dB @  27.2Hz + 1x100mm    59 mm 
             *   79.2l @  32.7Hz  =>   91.6dB    3W 103.3dB @  25.7Hz + 1x100mm    45 mm 
                 88.6l @  31.5Hz  =>   90.6dB    2W 103.3dB @  24.3Hz + 1x100mm    32 mm 
                 99.3l @  30.4Hz  =>   89.6dB    2W 103.3dB @  23.0Hz + 1x100mm    21 mm 
                111.2l @  29.3Hz  =>   88.7dB    2W 103.3dB @  21.7Hz + 2x100mm    64 mm 

0.60  87.4dB:    65.7l @  34.7Hz  =>   93.2dB    5W 103.0dB @  28.2Hz + 1x100mm    69 mm 
                 73.6l @  33.5Hz  =>   92.2dB    4W 103.0dB @  26.7Hz + 1x100mm    54 mm 
                 82.4l @  32.3Hz  =>   91.3dB    3W 103.0dB @  25.2Hz + 1x100mm    40 mm 
             *   92.3l @  31.1Hz  =>   90.3dB    2W 103.0dB @  23.8Hz + 1x100mm    28 mm 
                103.4l @  30.0Hz  =>   89.3dB    2W 103.0dB @  22.5Hz + 2x100mm    77 mm 
                115.8l @  28.9Hz  =>   88.3dB    2W 103.0dB @  21.3Hz + 2x100mm    58 mm 
                129.7l @  27.9Hz  =>   87.3dB    1W 103.0dB @  20.1Hz + 2x100mm    40 mm 

1.00  87.2dB:    75.9l @  33.1Hz  =>   92.0dB    4W 102.8dB @  26.3Hz + 1x100mm    50 mm 
                 85.0l @  31.9Hz  =>   91.0dB    3W 102.8dB @  24.8Hz + 1x100mm    37 mm 
                 95.3l @  30.8Hz  =>   90.0dB    2W 102.8dB @  23.5Hz + 1x100mm    25 mm 
             *  106.7l @  29.7Hz  =>   89.0dB    2W 102.8dB @  22.2Hz + 2x100mm    71 mm 
                119.5l @  28.7Hz  =>   88.0dB    2W 102.8dB @  20.9Hz + 2x100mm    53 mm 
                133.8l @  27.6Hz  =>   87.0dB    1W 102.8dB @  19.8Hz + 2x100mm    36 mm 
                149.9l @  26.6Hz  =>   86.1dB    1W 102.8dB @  18.7Hz + 2x100mm    21 mm 

-------------
W6-1916                                91.0dB   30W                      1x70mm
Rpre   Spl         Vb      fb         SplMech Pmech  SplEle     f3       dv       lv

0.20  90.9dB:    28.9l @  56.3Hz  =>  107.7dB   56W 104.9dB @  54.3Hz   1x70mm     59 mm 
                 32.4l @  54.3Hz  =>  106.7dB   45W 104.9dB @  51.3Hz   1x70mm     47 mm 
                 36.3l @  52.3Hz  =>  105.7dB   36W 104.9dB @  48.5Hz   1x70mm     37 mm 
             *   40.7l @  50.5Hz  =>  104.7dB   29W 104.9dB @  45.8Hz   1x70mm     27 mm 
                 45.5l @  48.7Hz  =>  103.7dB   23W 104.9dB @  43.3Hz + 1x100mm    70 mm 
                 51.0l @  46.9Hz  =>  102.8dB   18W 104.9dB @  40.9Hz + 1x100mm    54 mm 
                 57.1l @  45.3Hz  =>  101.8dB   14W 104.9dB @  38.6Hz + 1x100mm    41 mm 

0.60  90.6dB:    32.5l @  54.2Hz  =>  106.7dB   47W 104.7dB @  51.2Hz   1x70mm     47 mm 
                 36.4l @  52.3Hz  =>  105.7dB   38W 104.7dB @  48.4Hz   1x70mm     36 mm 
                 40.8l @  50.4Hz  =>  104.7dB   30W 104.7dB @  45.7Hz   1x70mm     27 mm 
             *   45.7l @  48.6Hz  =>  103.7dB   24W 104.7dB @  43.2Hz + 1x100mm    69 mm 
                 51.2l @  46.9Hz  =>  102.7dB   19W 104.7dB @  40.8Hz + 1x100mm    54 mm 
                 57.4l @  45.2Hz  =>  101.7dB   15W 104.7dB @  38.6Hz + 1x100mm    40 mm 
                 64.2l @  43.6Hz  =>  100.8dB   12W 104.7dB @  36.4Hz + 1x100mm    28 mm 

1.00  90.4dB:    36.3l @  52.3Hz  =>  105.7dB   40W 104.5dB @  48.5Hz   1x70mm     37 mm 
                 40.7l @  50.5Hz  =>  104.7dB   32W 104.5dB @  45.8Hz   1x70mm     27 mm 
                 45.5l @  48.7Hz  =>  103.7dB   25W 104.5dB @  43.3Hz + 1x100mm    70 mm 
             *   51.0l @  46.9Hz  =>  102.8dB   20W 104.5dB @  40.9Hz + 1x100mm    54 mm 
                 57.1l @  45.3Hz  =>  101.8dB   16W 104.5dB @  38.6Hz + 1x100mm    41 mm 
                 64.0l @  43.7Hz  =>  100.8dB   13W 104.5dB @  36.5Hz + 1x100mm    28 mm 
                 71.7l @  42.1Hz  =>   99.8dB   10W 104.5dB @  34.5Hz + 2x100mm    77 mm 

-------------
W69-1042                               87.0dB   90W                      1x70mm
Rpre   Spl         Vb      fb         SplMech Pmech  SplEle     f3       dv       lv

0.20  88.1dB:    21.0l @  42.3Hz  =>  112.3dB  318W 106.8dB @  47.0Hz   1x70mm    394 mm 
                 23.6l @  40.8Hz  =>  111.3dB  253W 106.8dB @  44.4Hz   1x70mm    346 mm 
                 26.4l @  39.3Hz  =>  110.3dB  202W 106.8dB @  42.0Hz   1x70mm    303 mm 
             *   29.6l @  37.9Hz  =>  109.3dB  161W 106.8dB @  39.7Hz   1x70mm    265 mm 
                 33.1l @  36.6Hz  =>  108.3dB  128W 106.8dB @  37.5Hz   1x70mm    232 mm 
                 37.1l @  35.3Hz  =>  107.3dB  102W 106.8dB @  35.4Hz   1x70mm    201 mm 
                 41.5l @  34.0Hz  =>  106.4dB   82W 106.8dB @  33.5Hz   1x70mm    174 mm 

0.60  87.9dB:    24.6l @  40.2Hz  =>  110.9dB  246W 106.5dB @  43.5Hz   1x70mm    329 mm 
                 27.6l @  38.8Hz  =>  109.9dB  196W 106.5dB @  41.1Hz   1x70mm    289 mm 
                 30.9l @  37.4Hz  =>  108.9dB  157W 106.5dB @  38.8Hz   1x70mm    252 mm 
             *   34.6l @  36.1Hz  =>  108.0dB  125W 106.5dB @  36.7Hz   1x70mm    220 mm 
                 38.7l @  34.8Hz  =>  107.0dB  100W 106.5dB @  34.7Hz   1x70mm    191 mm 
                 43.4l @  33.5Hz  =>  106.0dB   79W 106.5dB @  32.8Hz   1x70mm    165 mm 
                 48.6l @  32.4Hz  =>  105.0dB   63W 106.5dB @  31.0Hz   1x70mm    142 mm 

1.00  87.7dB:    28.5l @  38.4Hz  =>  109.6dB  194W 106.3dB @  40.4Hz   1x70mm    277 mm 
                 31.9l @  37.0Hz  =>  108.6dB  155W 106.3dB @  38.2Hz   1x70mm    242 mm 
                 35.8l @  35.7Hz  =>  107.7dB  123W 106.3dB @  36.1Hz   1x70mm    211 mm 
             *   40.1l @  34.4Hz  =>  106.7dB   98W 106.3dB @  34.1Hz   1x70mm    183 mm 
                 44.9l @  33.2Hz  =>  105.7dB   78W 106.3dB @  32.2Hz   1x70mm    158 mm 
                 50.2l @  32.0Hz  =>  104.7dB   62W 106.3dB @  30.4Hz   1x70mm    135 mm 
                 56.3l @  30.9Hz  =>  103.7dB   50W 106.3dB @  28.8Hz   1x70mm    115 mm 

-------------
W8-1363SBF                             83.0dB  150W                      1x70mm
Rpre   Spl         Vb      fb         SplMech Pmech  SplEle     f3       dv       lv

0.20  81.7dB:    11.1l @  34.0Hz  =>  111.7dB 2507W  99.4dB @  35.2Hz - 1x50mm    480 mm 
                 12.4l @  32.8Hz  =>  110.7dB 1999W  99.4dB @  33.2Hz - 1x50mm    425 mm 
                 13.9l @  31.6Hz  =>  109.7dB 1593W  99.4dB @  31.4Hz - 1x50mm    375 mm 
             *   15.5l @  30.5Hz  =>  108.7dB 1270W  99.4dB @  29.7Hz   1x70mm    669 mm 
                 17.4l @  29.4Hz  =>  107.7dB 1013W  99.4dB @  28.0Hz   1x70mm    592 mm 
                 19.5l @  28.4Hz  =>  106.7dB  807W  99.4dB @  26.5Hz   1x70mm    523 mm 
                 21.8l @  27.3Hz  =>  105.8dB  644W  99.4dB @  25.0Hz   1x70mm    462 mm 

0.60  81.2dB:    14.7l @  31.0Hz  =>  109.2dB 1579W  99.0dB @  30.5Hz - 1x50mm    351 mm 
                 16.5l @  29.9Hz  =>  108.2dB 1259W  99.0dB @  28.8Hz   1x70mm    627 mm 
                 18.5l @  28.8Hz  =>  107.2dB 1004W  99.0dB @  27.2Hz   1x70mm    555 mm 
             *   20.7l @  27.8Hz  =>  106.2dB  800W  99.0dB @  25.7Hz   1x70mm    490 mm 
                 23.2l @  26.8Hz  =>  105.2dB  638W  99.0dB @  24.3Hz   1x70mm    432 mm 
                 26.0l @  25.9Hz  =>  104.3dB  508W  99.0dB @  23.0Hz   1x70mm    380 mm 
                 29.1l @  25.0Hz  =>  103.3dB  405W  99.0dB @  21.7Hz   1x70mm    334 mm 

1.00  80.7dB:    19.0l @  28.6Hz  =>  107.0dB 1048W  98.5dB @  26.8Hz   1x70mm    538 mm 
                 21.3l @  27.6Hz  =>  106.0dB  835W  98.5dB @  25.4Hz   1x70mm    475 mm 
                 23.9l @  26.6Hz  =>  105.0dB  666W  98.5dB @  24.0Hz   1x70mm    418 mm 
             *   26.7l @  25.6Hz  =>  104.0dB  531W  98.5dB @  22.6Hz   1x70mm    368 mm 
                 29.9l @  24.7Hz  =>  103.0dB  423W  98.5dB @  21.4Hz   1x70mm    323 mm 
                 33.5l @  23.8Hz  =>  102.0dB  337W  98.5dB @  20.2Hz   1x70mm    283 mm 
                 37.5l @  23.0Hz  =>  101.1dB  269W  98.5dB @  19.1Hz   1x70mm    247 mm 

-------------
W8-740C                                84.0dB  120W                      1x70mm
Rpre   Spl         Vb      fb         SplMech Pmech  SplEle     f3       dv       lv

0.20  83.8dB:    10.4l @  36.0Hz  =>  114.6dB 2952W 100.6dB @  41.5Hz - 1x50mm    678 mm 
             *   11.7l @  34.8Hz  =>  113.6dB 2354W 100.6dB @  39.3Hz - 1x50mm    601 mm 
                 13.1l @  33.5Hz  =>  112.6dB 1876W 100.6dB @  37.1Hz - 1x50mm    533 mm 
                 14.7l @  32.3Hz  =>  111.6dB 1496W 100.6dB @  35.0Hz - 1x50mm    472 mm 
                 16.4l @  31.2Hz  =>  110.6dB 1192W 100.6dB @  33.1Hz - 1x50mm    417 mm 

0.60  83.4dB:    11.3l @  35.1Hz  =>  113.8dB 2797W 100.2dB @  39.9Hz - 1x50mm    621 mm 
                 12.7l @  33.9Hz  =>  112.9dB 2230W 100.2dB @  37.7Hz - 1x50mm    551 mm 
                 14.2l @  32.6Hz  =>  111.9dB 1778W 100.2dB @  35.6Hz - 1x50mm    488 mm 
             *   15.9l @  31.5Hz  =>  110.9dB 1417W 100.2dB @  33.6Hz - 1x50mm    432 mm 
                 17.9l @  30.4Hz  =>  109.9dB 1130W 100.2dB @  31.8Hz - 1x50mm    381 mm 
                 20.0l @  29.3Hz  =>  108.9dB  901W 100.2dB @  30.0Hz   1x70mm    680 mm 
                 22.4l @  28.2Hz  =>  107.9dB  718W 100.2dB @  28.4Hz   1x70mm    602 mm 

1.00  82.9dB:    15.0l @  32.1Hz  =>  111.4dB 1775W  99.7dB @  34.7Hz - 1x50mm    462 mm 
                 16.8l @  31.0Hz  =>  110.4dB 1415W  99.7dB @  32.8Hz - 1x50mm    408 mm 
                 18.8l @  29.9Hz  =>  109.5dB 1128W  99.7dB @  31.0Hz - 1x50mm    361 mm 
             *   21.0l @  28.8Hz  =>  108.5dB  899W  99.7dB @  29.3Hz   1x70mm    644 mm 
                 23.6l @  27.8Hz  =>  107.5dB  717W  99.7dB @  27.7Hz   1x70mm    570 mm 
                 26.4l @  26.8Hz  =>  106.5dB  572W  99.7dB @  26.1Hz   1x70mm    503 mm 
                 29.6l @  25.8Hz  =>  105.5dB  456W  99.7dB @  24.7Hz   1x70mm    444 mm 

-------------
W8Q-1071                               86.7dB  200W                     1x100mm
Rpre   Spl         Vb      fb         SplMech Pmech  SplEle     f3       dv       lv

0.20  86.4dB:    33.3l @  32.7Hz  =>  116.5dB 1798W 107.0dB @  35.3Hz - 1x70mm    376 mm 
                 37.3l @  31.5Hz  =>  115.5dB 1433W 107.0dB @  33.4Hz - 1x70mm    331 mm 
                 41.8l @  30.4Hz  =>  114.5dB 1143W 107.0dB @  31.6Hz   1x100mm   623 mm 
             *   46.8l @  29.3Hz  =>  113.5dB  911W 107.0dB @  29.8Hz   1x100mm   548 mm 
                 52.4l @  28.2Hz  =>  112.6dB  726W 107.0dB @  28.2Hz   1x100mm   481 mm 
                 58.7l @  27.2Hz  =>  111.6dB  579W 107.0dB @  26.6Hz   1x100mm   422 mm 
                 65.8l @  26.3Hz  =>  110.6dB  461W 107.0dB @  25.2Hz   1x100mm   369 mm 

0.60  86.0dB:    41.0l @  30.6Hz  =>  114.7dB 1287W 106.6dB @  31.9Hz   1x100mm   636 mm 
                 45.9l @  29.5Hz  =>  113.7dB 1026W 106.6dB @  30.1Hz   1x100mm   560 mm 
                 51.4l @  28.4Hz  =>  112.7dB  818W 106.6dB @  28.5Hz   1x100mm   492 mm 
             *   57.6l @  27.4Hz  =>  111.7dB  652W 106.6dB @  26.9Hz   1x100mm   432 mm 
                 64.5l @  26.4Hz  =>  110.8dB  520W 106.6dB @  25.4Hz   1x100mm   378 mm 
                 72.3l @  25.5Hz  =>  109.8dB  414W 106.6dB @  24.0Hz   1x100mm   329 mm 
                 80.9l @  24.6Hz  =>  108.8dB  330W 106.6dB @  22.7Hz   1x100mm   286 mm 

1.00  85.7dB:    49.6l @  28.8Hz  =>  113.0dB  947W 106.3dB @  29.0Hz   1x100mm   513 mm 
                 55.6l @  27.7Hz  =>  112.1dB  755W 106.3dB @  27.4Hz   1x100mm   450 mm 
                 62.2l @  26.7Hz  =>  111.1dB  602W 106.3dB @  25.9Hz   1x100mm   394 mm 
             *   69.7l @  25.8Hz  =>  110.1dB  480W 106.3dB @  24.4Hz   1x100mm   344 mm 
                 78.1l @  24.9Hz  =>  109.1dB  382W 106.3dB @  23.1Hz   1x100mm   299 mm 
                 87.4l @  24.0Hz  =>  108.1dB  305W 106.3dB @  21.8Hz   1x100mm   260 mm 
                 97.9l @  23.1Hz  =>  107.1dB  243W 106.3dB @  20.6Hz   1x100mm   224 mm 

