-------------
W3-315SC
                    85.0dB            15W
         qts   f3   Spl     SplMech Pmech  SplEle  
        0.63 100Hz  85.5dB   81.5dB    0W   97.2dB
-------------
W3-871S
                    87.0dB            15W
         qts   f3   Spl     SplMech Pmech  SplEle  
        1.11 111Hz  84.9dB   83.3dB    1W   96.6dB
-------------
W6-1139SH
                    81.0dB            45W
  R||    qts   f3   Spl     SplMech Pmech  SplEle  
   0.0  0.61  40Hz  78.4dB  105.5dB  512W   94.9dB
   1.0  0.68  37Hz  78.4dB  104.1dB  368W   94.9dB
   1.5  0.70  34Hz  78.4dB  102.9dB  279W   94.9dB
   2.2  0.73  34Hz  78.4dB  102.9dB  279W   94.9dB
   3.3  0.77  32Hz  78.4dB  102.0dB  227W   94.9dB
   4.7  0.81  31Hz  78.4dB  101.0dB  182W   94.9dB
   6.8  0.85  31Hz  78.4dB  101.0dB  182W   94.9dB
  10.0  0.89  30Hz  78.4dB  100.4dB  158W   94.9dB
  15.0  0.93  28Hz  78.4dB   99.6dB  130W   94.9dB
  22.0  0.96  28Hz  78.4dB   99.1dB  118W   94.9dB
  33.0  0.99  28Hz  78.4dB   99.1dB  118W   94.9dB
  47.0  1.01  27Hz  78.4dB   98.7dB  106W   94.9dB
  68.0  1.02  27Hz  78.4dB   98.7dB  106W   94.9dB
 100.0  1.03  27Hz  78.4dB   98.7dB  106W   94.9dB
 150.0  1.04  27Hz  78.4dB   98.7dB  106W   94.9dB
9999.0  1.06  26Hz  78.4dB   98.2dB   96W   94.9dB
-------------
W6-1530S
                    87.0dB            45W
         qts   f3   Spl     SplMech Pmech  SplEle  
        0.62  57Hz  87.7dB  101.4dB   24W  104.2dB
