-------------
10lms4000svc
            81.1dB           800W      1x100mm
   fu     fc      fo      SplMech  Vb1     Vb2       d         l        C
  7.5 Hz  18 Hz   42 Hz   92.1 dB   oo l +  27 l  * 1x50mm    646 mm  6564 µF
  8.0 Hz  19 Hz   43 Hz   93.2 dB  977 l +  27 l  * 1x50mm    646 mm  6067 µF
  9.0 Hz  20 Hz   45 Hz   95.2 dB  301 l +  27 l  * 1x50mm    646 mm  5185 µF
 10.0 Hz  21 Hz   46 Hz   97.0 dB  175 l +  27 l  * 1x50mm    646 mm  4506 µF
 11.0 Hz  23 Hz   48 Hz   98.7 dB  122 l +  27 l  - 1x70mm    757 mm  3968 µF
 12.0 Hz  24 Hz   49 Hz  100.2 dB   93 l +  27 l  - 1x70mm    668 mm  3533 µF
 13.0 Hz  26 Hz   50 Hz  101.6 dB   75 l +  27 l  - 1x70mm    595 mm  3176 µF
 14.0 Hz  27 Hz   52 Hz  102.9 dB   62 l +  27 l  - 1x70mm    534 mm  2877 µF
 15.0 Hz  28 Hz   53 Hz  104.1 dB   53 l +  27 l  - 1x70mm    482 mm  2624 µF
 16.0 Hz  29 Hz   54 Hz  105.2 dB   46 l +  27 l  - 1x70mm    438 mm  2408 µF
 17.0 Hz  31 Hz   55 Hz  106.2 dB   41 l +  27 l  - 1x70mm    399 mm  2221 µF
 18.0 Hz  32 Hz   56 Hz  107.2 dB   37 l +  27 l    1x100mm   781 mm  2058 µF
 19.0 Hz  33 Hz   57 Hz  108.2 dB   33 l +  27 l    1x100mm   721 mm  1915 µF
 20.0 Hz  34 Hz   58 Hz  109.1 dB   30 l +  27 l    1x100mm   668 mm  1788 µF
 21.0 Hz  35 Hz   59 Hz  109.9 dB   27 l +  27 l    1x100mm   621 mm  1676 µF
 22.0 Hz  36 Hz   60 Hz  110.7 dB   25 l +  27 l    1x100mm   579 mm  1575 µF
 23.0 Hz  37 Hz   61 Hz  111.5 dB   23 l +  27 l    1x100mm   541 mm  1484 µF
 24.0 Hz  39 Hz   62 Hz  112.2 dB   22 l +  27 l    1x100mm   507 mm  1402 µF
 25.0 Hz  40 Hz   63 Hz  112.9 dB   20 l +  27 l    1x100mm   476 mm  1328 µF
 26.0 Hz  41 Hz   63 Hz  113.6 dB   19 l +  27 l    1x100mm   447 mm  1260 µF
 27.0 Hz  42 Hz   64 Hz  114.3 dB   18 l +  27 l    1x100mm   421 mm  1198 µF
 28.0 Hz  43 Hz   65 Hz  114.9 dB   17 l +  27 l    1x100mm   398 mm  1142 µF
 29.0 Hz  44 Hz   66 Hz  115.5 dB   16 l +  27 l    1x100mm   376 mm  1090 µF
 30.0 Hz  45 Hz   67 Hz  116.1 dB   15 l +  27 l    1x100mm   356 mm  1041 µF

-------------
12lms4000svc
            82.6dB           800W      1x100mm
   fu     fc      fo      SplMech  Vb1     Vb2       d         l        C
  7.1 Hz  16 Hz   34 Hz   94.8 dB   oo l +  63 l  - 1x70mm    690 mm  6443 µF
  8.0 Hz  17 Hz   36 Hz   96.9 dB  891 l +  63 l  - 1x70mm    579 mm  5483 µF
  9.0 Hz  18 Hz   37 Hz   98.9 dB  416 l +  63 l  - 1x70mm    486 mm  4686 µF
 10.0 Hz  20 Hz   39 Hz  100.7 dB  268 l +  63 l  - 1x70mm    415 mm  4072 µF
 11.0 Hz  21 Hz   40 Hz  102.4 dB  196 l +  63 l    1x100mm   767 mm  3586 µF
 12.0 Hz  22 Hz   41 Hz  103.9 dB  153 l +  63 l    1x100mm   674 mm  3193 µF
 13.0 Hz  23 Hz   42 Hz  105.3 dB  125 l +  63 l    1x100mm   598 mm  2870 µF
 14.0 Hz  25 Hz   43 Hz  106.6 dB  106 l +  63 l    1x100mm   534 mm  2600 µF
 15.0 Hz  26 Hz   44 Hz  107.8 dB   91 l +  63 l    1x100mm   480 mm  2371 µF
 16.0 Hz  27 Hz   45 Hz  108.9 dB   80 l +  63 l    1x100mm   434 mm  2176 µF
 17.0 Hz  28 Hz   46 Hz  109.9 dB   71 l +  63 l    1x100mm   394 mm  2007 µF
 18.0 Hz  29 Hz   47 Hz  110.9 dB   63 l +  63 l    1x100mm   359 mm  1860 µF
 19.0 Hz  30 Hz   48 Hz  111.9 dB   57 l +  63 l    1x100mm   329 mm  1730 µF
 20.0 Hz  31 Hz   49 Hz  112.8 dB   52 l +  63 l    1x100mm   302 mm  1616 µF
 21.0 Hz  32 Hz   49 Hz  113.6 dB   48 l +  63 l    1x100mm   278 mm  1514 µF
 22.0 Hz  33 Hz   50 Hz  114.4 dB   44 l +  63 l    1x100mm   256 mm  1423 µF
 23.0 Hz  34 Hz   51 Hz  115.2 dB   41 l +  63 l    1x100mm   237 mm  1341 µF
 24.0 Hz  35 Hz   52 Hz  115.9 dB   38 l +  63 l    1x100mm   219 mm  1267 µF
 25.0 Hz  36 Hz   52 Hz  116.6 dB   36 l +  63 l    1x100mm   203 mm  1200 µF
 26.0 Hz  37 Hz   53 Hz  117.3 dB   33 l +  63 l    1x100mm   189 mm  1139 µF
 27.0 Hz  38 Hz   54 Hz  118.0 dB   32 l +  63 l    1x100mm   176 mm  1083 µF
 28.0 Hz  39 Hz   54 Hz  118.6 dB   30 l +  63 l    1x100mm   164 mm  1032 µF
 29.0 Hz  40 Hz   55 Hz  119.2 dB   28 l +  63 l    1x100mm   153 mm   985 µF
 30.0 Hz  41 Hz   56 Hz  119.8 dB   27 l +  63 l    1x100mm   142 mm   941 µF

