-------------
10lms4000svc                           81.1dB  800W                     1x100mm
Rpre   Spl         Vb      fb         SplMech Pmech  SplEle     f3       dv       lv

0.20  81.6dB --------------------------------------------------------------
    83.9l @  17.5Hz  =>  110.6dB 2292W 106.1dB @  17.4Hz - 1x70mm    381 mm 
    93.9l @  16.9Hz  =>  109.7dB 1827W 106.1dB @  16.4Hz - 1x70mm    334 mm 
   105.2l @  16.3Hz  =>  108.7dB 1457W 106.1dB @  15.5Hz   1x100mm   629 mm 
*  117.8l @  15.7Hz  =>  107.7dB 1161W 106.1dB @  14.7Hz   1x100mm   554 mm 
   131.9l @  15.2Hz  =>  106.7dB  926W 106.1dB @  13.9Hz   1x100mm   487 mm 
   147.8l @  14.6Hz  =>  105.7dB  738W 106.1dB @  13.1Hz   1x100mm   427 mm 
   165.5l @  14.1Hz  =>  104.7dB  588W 106.1dB @  12.4Hz   1x100mm   373 mm 
0.60  81.1dB --------------------------------------------------------------
   118.2l @  15.7Hz  =>  107.7dB 1309W 105.5dB @  14.6Hz   1x100mm   552 mm 
   132.4l @  15.2Hz  =>  106.7dB 1044W 105.5dB @  13.8Hz   1x100mm   485 mm 
   148.3l @  14.6Hz  =>  105.7dB  832W 105.5dB @  13.1Hz   1x100mm   425 mm 
*  166.0l @  14.1Hz  =>  104.7dB  663W 105.5dB @  12.4Hz   1x100mm   372 mm 
   186.0l @  13.6Hz  =>  103.7dB  529W 105.5dB @  11.7Hz   1x100mm   324 mm 
   208.3l @  13.1Hz  =>  102.7dB  422W 105.5dB @  11.0Hz   1x100mm   282 mm 
   233.3l @  12.6Hz  =>  101.8dB  336W 105.5dB @  10.4Hz   1x100mm   244 mm 
1.00  80.6dB --------------------------------------------------------------
   160.0l @  14.3Hz  =>  105.0dB  800W 105.0dB @  12.6Hz   1x100mm   389 mm 
   179.2l @  13.8Hz  =>  104.0dB  637W 105.0dB @  11.9Hz   1x100mm   339 mm 
   200.7l @  13.3Hz  =>  103.1dB  508W 105.0dB @  11.2Hz   1x100mm   295 mm 
*  224.7l @  12.8Hz  =>  102.1dB  405W 105.0dB @  10.6Hz   1x100mm   256 mm 
   251.7l @  12.3Hz  =>  101.1dB  323W 105.0dB @  10.0Hz   1x100mm   220 mm 
   281.9l @  11.9Hz  =>  100.1dB  257W 105.0dB @   9.5Hz   1x100mm   189 mm 
   315.7l @  11.5Hz  =>   99.1dB  205W 105.0dB @   9.0Hz   1x100mm   161 mm 
-------------
12lms4000svc                           82.6dB  800W                     1x100mm
Rpre   Spl         Vb      fb         SplMech Pmech  SplEle     f3       dv       lv

0.20  81.9dB --------------------------------------------------------------
   244.2l @  13.5Hz  =>  108.6dB 1338W 106.3dB @  12.5Hz   1x100mm   321 mm 
   273.5l @  13.0Hz  =>  107.6dB 1067W 106.3dB @  11.8Hz   1x100mm   279 mm 
   306.3l @  12.6Hz  =>  106.6dB  850W 106.3dB @  11.1Hz   1x100mm   241 mm 
*  343.1l @  12.1Hz  =>  105.6dB  678W 106.3dB @  10.5Hz   1x100mm   207 mm 
   384.3l @  11.7Hz  =>  104.6dB  540W 106.3dB @   9.9Hz   1x100mm   177 mm 
   430.4l @  11.3Hz  =>  103.6dB  431W 106.3dB @   9.4Hz   1x100mm   150 mm 
   482.0l @  10.9Hz  =>  102.7dB  343W 106.3dB @   8.9Hz   1x100mm   126 mm 
   539.9l @  10.5Hz  =>  101.7dB  274W 106.3dB @   8.4Hz   1x100mm   105 mm 
0.60  81.3dB --------------------------------------------------------------
   333.5l @  12.2Hz  =>  105.9dB  813W 105.8dB @  10.7Hz   1x100mm   215 mm 
   373.5l @  11.8Hz  =>  104.9dB  648W 105.8dB @  10.1Hz   1x100mm   184 mm 
   418.3l @  11.4Hz  =>  103.9dB  517W 105.8dB @   9.5Hz   1x100mm   157 mm 
*  468.5l @  11.0Hz  =>  102.9dB  412W 105.8dB @   9.0Hz   1x100mm   132 mm 
   524.7l @  10.6Hz  =>  101.9dB  328W 105.8dB @   8.5Hz   1x100mm   110 mm 
   587.7l @  10.2Hz  =>  100.9dB  262W 105.8dB @   8.0Hz   1x100mm    91 mm 
   658.2l @   9.8Hz  =>  100.0dB  209W 105.8dB @   7.6Hz   1x100mm    73 mm 
1.00  80.8dB --------------------------------------------------------------
   437.8l @  11.2Hz  =>  103.5dB  527W 105.3dB @   9.3Hz   1x100mm   147 mm 
   490.4l @  10.8Hz  =>  102.5dB  420W 105.3dB @   8.8Hz   1x100mm   123 mm 
   549.2l @  10.4Hz  =>  101.5dB  335W 105.3dB @   8.3Hz   1x100mm   102 mm 
*  615.1l @  10.1Hz  =>  100.5dB  267W 105.3dB @   7.9Hz   1x100mm    83 mm 
   689.0l @   9.7Hz  =>   99.6dB  213W 105.3dB @   7.4Hz   1x100mm    66 mm 
   771.6l @   9.4Hz  =>   98.6dB  170W 105.3dB @   7.0Hz   1x100mm    52 mm 
   864.2l @   9.0Hz  =>   97.6dB  135W 105.3dB @   6.6Hz   1x100mm    38 mm 
-------------
15lms4000svc                           85.6dB  800W                     2x100mm
Rpre   Spl         Vb      fb         SplMech Pmech  SplEle     f3       dv       lv

0.20  84.8dB --------------------------------------------------------------
   717.7l @  11.8Hz  =>  110.7dB 1132W 109.2dB @  10.7Hz   2x100mm   228 mm 
   803.8l @  11.4Hz  =>  109.8dB  902W 109.2dB @  10.1Hz   2x100mm   192 mm 
   900.3l @  11.0Hz  =>  108.8dB  719W 109.2dB @   9.6Hz   2x100mm   161 mm 
* 1008.3l @  10.6Hz  =>  107.8dB  573W 109.2dB @   9.1Hz   2x100mm   132 mm 
  1129.3l @  10.2Hz  =>  106.8dB  457W 109.2dB @   8.6Hz   2x100mm   107 mm 
0.60  84.2dB --------------------------------------------------------------
   989.5l @  10.7Hz  =>  108.0dB  675W 108.7dB @   9.1Hz   2x100mm   137 mm 
  1108.2l @  10.3Hz  =>  107.0dB  538W 108.7dB @   8.6Hz   2x100mm   111 mm 
  1241.2l @   9.9Hz  =>  106.0dB  429W 108.7dB @   8.2Hz   2x100mm    88 mm 
* 1390.2l @   9.6Hz  =>  105.0dB  342W 108.7dB @   7.7Hz   2x100mm    68 mm 
  1557.0l @   9.2Hz  =>  104.0dB  273W 108.7dB @   7.3Hz   2x100mm    49 mm 
  1743.8l @   8.9Hz  =>  103.0dB  217W 108.7dB @   6.9Hz   2x100mm    33 mm 
  1953.1l @   8.6Hz  =>  102.1dB  173W 108.7dB @   6.5Hz + 3x100mm    57 mm 
1.00  83.7dB --------------------------------------------------------------
  1311.4l @   9.7Hz  =>  105.5dB  429W 108.2dB @   7.9Hz   2x100mm    78 mm 
  1468.8l @   9.4Hz  =>  104.5dB  342W 108.2dB @   7.5Hz   2x100mm    59 mm 
  1645.1l @   9.1Hz  =>  103.5dB  273W 108.2dB @   7.1Hz   2x100mm    41 mm 
* 1842.5l @   8.7Hz  =>  102.6dB  218W 108.2dB @   6.7Hz   2x100mm    26 mm 
  2063.6l @   8.4Hz  =>  101.6dB  173W 108.2dB @   6.3Hz + 3x100mm    47 mm 
  2311.2l @   8.1Hz  =>  100.6dB  138W 108.2dB @   6.0Hz + 3x100mm    28 mm 
  2588.5l @   7.8Hz  =>   99.6dB  110W 108.2dB @   5.7Hz + 4x100mm    38 mm 
