-------------
10lms4000svc
-------------
 81.1dB            15.9l (1.1)               800W
SplMech  Pmech SplEle     f3

105.2dB  7202W  95.7dB @  16Hz   10
           12W  81.5dB @  20Hz 
           16W  82.5dB @  20Hz 
           20W  83.5dB @  20Hz 
           25W  84.5dB @  20Hz 
           31W  85.5dB @  20Hz 
           40W  86.5dB @  20Hz 
           50W  87.5dB @  20Hz 
           63W  88.5dB @  20Hz 
           79W  89.5dB @  20Hz 
          100W  90.5dB @  20Hz 
          126W  91.5dB @  20Hz 
          159W  92.5dB @  20Hz 
          200W  93.5dB @  20Hz 
          252W  94.5dB @  20Hz 
          317W  95.5dB @  20Hz 
          400W  96.5dB @  20Hz 
          504W  97.5dB @  20Hz 
          635W  98.5dB @  20Hz 
          800W  99.5dB @  20Hz 
109.1dB  7224W  99.5dB @  20Hz    7
112.2dB  7242W 102.7dB @  24Hz    3
114.9dB  7258W 105.3dB @  28Hz    1
           12W  89.6dB @  32Hz 
           16W  90.6dB @  32Hz 
           20W  91.6dB @  32Hz 
           25W  92.6dB @  32Hz 
           31W  93.6dB @  32Hz 
           40W  94.6dB @  32Hz 
           50W  95.6dB @  32Hz 
           63W  96.6dB @  32Hz 
           79W  97.6dB @  32Hz 
          100W  98.6dB @  32Hz 
          126W  99.6dB @  32Hz 
          159W 100.6dB @  32Hz 
          200W 101.6dB @  32Hz 
          252W 102.6dB @  32Hz 
          317W 103.6dB @  32Hz 
          400W 104.6dB @  32Hz 
          504W 105.6dB @  32Hz 
          635W 106.6dB @  32Hz 
          800W 107.6dB @  32Hz 
117.2dB  7271W 107.6dB @  32Hz   -2
119.3dB  7283W 109.7dB @  36Hz   -4
121.1dB  7293W 111.5dB @  40Hz   -5
122.8dB  7303W 113.2dB @  44Hz   -7
124.3dB  7311W 114.7dB @  48Hz   -9
125.7dB  7319W 116.1dB @  52Hz  -10
127.0dB  7327W 117.3dB @  56Hz  -11
128.2dB  7334W 118.5dB @  60Hz  -12
129.3dB  7340W 119.7dB @  64Hz  -14
130.3dB  7346W 120.7dB @  68Hz  -15
131.3dB  7352W 121.7dB @  72Hz  -16
132.3dB  7357W 122.6dB @  76Hz  -17
           12W 105.5dB @  80Hz 
           16W 106.5dB @  80Hz 
           20W 107.5dB @  80Hz 
           25W 108.5dB @  80Hz 
           31W 109.5dB @  80Hz 
           40W 110.5dB @  80Hz 
           50W 111.5dB @  80Hz 
           63W 112.5dB @  80Hz 
           79W 113.5dB @  80Hz 
          100W 114.5dB @  80Hz 
          126W 115.5dB @  80Hz 
          159W 116.5dB @  80Hz 
          200W 117.5dB @  80Hz 
          252W 118.5dB @  80Hz 
          317W 119.5dB @  80Hz 
          400W 120.5dB @  80Hz 
          504W 121.5dB @  80Hz 
          635W 122.5dB @  80Hz 
          800W 123.5dB @  80Hz 
133.2dB  7363W 123.5dB @  80Hz  -17
-------------
12lms4000svc
-------------
 82.6dB            43.8l (1.1)               800W
SplMech  Pmech SplEle     f3

108.9dB  5382W 100.6dB @  16Hz    6
           12W  86.4dB @  20Hz 
           16W  87.4dB @  20Hz 
           20W  88.4dB @  20Hz 
           25W  89.4dB @  20Hz 
           31W  90.4dB @  20Hz 
           40W  91.4dB @  20Hz 
           50W  92.4dB @  20Hz 
           63W  93.4dB @  20Hz 
           79W  94.4dB @  20Hz 
          100W  95.4dB @  20Hz 
          126W  96.5dB @  20Hz 
          159W  97.5dB @  20Hz 
          200W  98.5dB @  20Hz 
          252W  99.5dB @  20Hz 
          317W 100.5dB @  20Hz 
          400W 101.5dB @  20Hz 
          504W 102.5dB @  20Hz 
          635W 103.5dB @  20Hz 
          800W 104.5dB @  20Hz 
112.8dB  5398W 104.5dB @  20Hz    2
115.9dB  5412W 107.6dB @  24Hz   -1
118.6dB  5423W 110.3dB @  28Hz   -4
           12W  94.6dB @  32Hz 
           16W  95.6dB @  32Hz 
           20W  96.6dB @  32Hz 
           25W  97.6dB @  32Hz 
           31W  98.6dB @  32Hz 
           40W  99.6dB @  32Hz 
           50W 100.6dB @  32Hz 
           63W 101.6dB @  32Hz 
           79W 102.6dB @  32Hz 
          100W 103.6dB @  32Hz 
          126W 104.6dB @  32Hz 
          159W 105.6dB @  32Hz 
          200W 106.6dB @  32Hz 
          252W 107.6dB @  32Hz 
          317W 108.6dB @  32Hz 
          400W 109.6dB @  32Hz 
          504W 110.6dB @  32Hz 
          635W 111.6dB @  32Hz 
          800W 112.6dB @  32Hz 
120.9dB  5433W 112.6dB @  32Hz   -6
123.0dB  5442W 114.7dB @  36Hz   -8
124.8dB  5450W 116.5dB @  40Hz  -10
126.5dB  5457W 118.1dB @  44Hz  -12
128.0dB  5463W 119.6dB @  48Hz  -13
129.4dB  5469W 121.0dB @  52Hz  -15
130.7dB  5475W 122.3dB @  56Hz  -16
131.9dB  5480W 123.5dB @  60Hz  -17
133.0dB  5485W 124.6dB @  64Hz  -18
134.0dB  5490W 125.7dB @  68Hz  -19
135.0dB  5494W 126.7dB @  72Hz  -20
136.0dB  5498W 127.6dB @  76Hz  -21
           12W 110.4dB @  80Hz 
           16W 111.4dB @  80Hz 
           20W 112.4dB @  80Hz 
           25W 113.4dB @  80Hz 
           31W 114.4dB @  80Hz 
           40W 115.4dB @  80Hz 
           50W 116.4dB @  80Hz 
           63W 117.4dB @  80Hz 
           79W 118.4dB @  80Hz 
          100W 119.4dB @  80Hz 
          126W 120.5dB @  80Hz 
          159W 121.5dB @  80Hz 
          200W 122.5dB @  80Hz 
          252W 123.5dB @  80Hz 
          317W 124.5dB @  80Hz 
          400W 125.5dB @  80Hz 
          504W 126.5dB @  80Hz 
          635W 127.5dB @  80Hz 
          800W 128.5dB @  80Hz 
136.9dB  5502W 128.5dB @  80Hz  -22
-------------
15lms4000svc
-------------
 85.6dB           127.8l (1.1)               800W
SplMech  Pmech SplEle     f3

113.7dB  4796W 105.9dB @  16Hz    3
           12W  91.7dB @  20Hz 
           16W  92.7dB @  20Hz 
           20W  93.7dB @  20Hz 
           25W  94.7dB @  20Hz 
           31W  95.7dB @  20Hz 
           40W  96.7dB @  20Hz 
           50W  97.7dB @  20Hz 
           63W  98.7dB @  20Hz 
           79W  99.7dB @  20Hz 
          100W 100.7dB @  20Hz 
          126W 101.7dB @  20Hz 
          159W 102.7dB @  20Hz 
          200W 103.7dB @  20Hz 
          252W 104.7dB @  20Hz 
          317W 105.8dB @  20Hz 
          400W 106.8dB @  20Hz 
          504W 107.8dB @  20Hz 
          635W 108.8dB @  20Hz 
          800W 109.8dB @  20Hz 
117.6dB  4811W 109.8dB @  20Hz   -1
120.7dB  4823W 112.9dB @  24Hz   -4
123.4dB  4833W 115.6dB @  28Hz   -6
           12W  99.8dB @  32Hz 
           16W 100.8dB @  32Hz 
           20W 101.8dB @  32Hz 
           25W 102.9dB @  32Hz 
           31W 103.9dB @  32Hz 
           40W 104.9dB @  32Hz 
           50W 105.9dB @  32Hz 
           63W 106.9dB @  32Hz 
           79W 107.9dB @  32Hz 
          100W 108.9dB @  32Hz 
          126W 109.9dB @  32Hz 
          159W 110.9dB @  32Hz 
          200W 111.9dB @  32Hz 
          252W 112.9dB @  32Hz 
          317W 113.9dB @  32Hz 
          400W 114.9dB @  32Hz 
          504W 115.9dB @  32Hz 
          635W 116.9dB @  32Hz 
          800W 117.9dB @  32Hz 
125.7dB  4842W 117.9dB @  32Hz   -9
127.8dB  4849W 119.9dB @  36Hz  -11
129.6dB  4856W 121.8dB @  40Hz  -13
131.3dB  4863W 123.4dB @  44Hz  -14
132.8dB  4869W 124.9dB @  48Hz  -16
134.2dB  4874W 126.3dB @  52Hz  -17
135.4dB  4879W 127.6dB @  56Hz  -18
136.6dB  4883W 128.8dB @  60Hz  -20
137.8dB  4888W 129.9dB @  64Hz  -21
138.8dB  4892W 131.0dB @  68Hz  -22
139.8dB  4896W 131.9dB @  72Hz  -23
140.7dB  4899W 132.9dB @  76Hz  -24
           12W 115.7dB @  80Hz 
           16W 116.7dB @  80Hz 
           20W 117.7dB @  80Hz 
           25W 118.7dB @  80Hz 
           31W 119.7dB @  80Hz 
           40W 120.7dB @  80Hz 
           50W 121.7dB @  80Hz 
           63W 122.7dB @  80Hz 
           79W 123.7dB @  80Hz 
          100W 124.7dB @  80Hz 
          126W 125.7dB @  80Hz 
          159W 126.7dB @  80Hz 
          200W 127.7dB @  80Hz 
          252W 128.7dB @  80Hz 
          317W 129.8dB @  80Hz 
          400W 130.8dB @  80Hz 
          504W 131.8dB @  80Hz 
          635W 132.8dB @  80Hz 
          800W 133.8dB @  80Hz 
141.6dB  4903W 133.8dB @  80Hz  -25
