-------------
10lms4000svc
      81.1dB                            800W
Rpre   Spl      qtc    Vb     SplMech Pmech SplEle      f3

0.20  81.6dB:   0.5  325.9l: (115.4dB  6875W 106.1dB) @  29Hz
                0.6  100.8l: (114.4dB  5446W 106.1dB) @  27Hz
                0.7   55.5l: (114.4dB  5510W 106.1dB) @  27Hz
                0.8   36.6l: (115.9dB  7624W 106.1dB) @  30Hz
                0.9   26.4l: (116.3dB  8522W 106.1dB) @  30Hz
                1.0   20.1l: (116.9dB  9692W 106.1dB) @  31Hz
                1.1   15.9l: (117.7dB 11527W 106.1dB) @  33Hz
                1.1   15.9l: (114.8dB  5974W 106.1dB) @  28Hz ( 2871uF)

0.60  81.1dB:   0.6  194.2l: (112.3dB  3830W 105.5dB) @  24Hz
                0.7   86.8l: (112.4dB  3875W 105.5dB) @  24Hz
                0.8   53.0l: (113.8dB  5362W 105.5dB) @  26Hz
                0.9   36.7l: (114.3dB  5993W 105.5dB) @  27Hz
                1.0   27.4l: (114.8dB  6816W 105.5dB) @  28Hz
                1.1   21.4l: (115.6dB  8106W 105.5dB) @  29Hz
                1.1   21.4l: (112.7dB  4201W 105.5dB) @  25Hz ( 3236uF)

1.00  80.6dB:   0.6  557.5l: (110.5dB  2810W 105.0dB) @  22Hz
                0.7  143.8l: (110.5dB  2843W 105.0dB) @  22Hz
                0.8   77.5l: (111.9dB  3934W 105.0dB) @  24Hz
                0.9   50.9l: (112.4dB  4397W 105.0dB) @  24Hz
                1.0   36.8l: (113.0dB  5001W 105.0dB) @  25Hz
                1.1   28.1l: (113.7dB  5948W 105.0dB) @  26Hz
                1.1   28.1l: (110.9dB  3083W 105.0dB) @  22Hz ( 3596uF)

-------------
12lms4000svc
      82.6dB                            800W
Rpre   Spl      qtc    Vb     SplMech Pmech SplEle      f3

0.20  81.9dB:   0.6  438.1l: (113.4dB  4055W 106.3dB) @  21Hz
                0.7  184.4l: (113.4dB  4102W 106.3dB) @  21Hz
                0.8  110.6l: (114.8dB  5676W 106.3dB) @  23Hz
                0.9   76.1l: (115.3dB  6344W 106.3dB) @  23Hz
                1.0   56.4l: (115.9dB  7215W 106.3dB) @  24Hz
                1.1   43.8l: (116.6dB  8582W 106.3dB) @  25Hz
                1.1   43.8l: (113.8dB  4448W 106.3dB) @  21Hz ( 3727uF)

0.60  81.3dB:   0.7  321.2l: (111.5dB  3012W 105.8dB) @  19Hz
                0.8  165.9l: (113.0dB  4167W 105.8dB) @  20Hz
                0.9  107.2l: (113.4dB  4658W 105.8dB) @  21Hz
                1.0   76.8l: (114.0dB  5297W 105.8dB) @  21Hz
                1.1   58.5l: (114.7dB  6300W 105.8dB) @  22Hz
                1.1   58.5l: (111.9dB  3265W 105.8dB) @  19Hz ( 4155uF)

1.00  80.8dB:   0.7  681.7l: (109.9dB  2303W 105.3dB) @  17Hz
                0.8  257.8l: (111.3dB  3187W 105.3dB) @  18Hz
                0.9  151.3l: (111.8dB  3562W 105.3dB) @  19Hz
                1.0  103.5l: (112.3dB  4051W 105.3dB) @  20Hz
                1.1   76.7l: (113.1dB  4818W 105.3dB) @  20Hz
                1.1   76.7l: (110.2dB  2497W 105.3dB) @  17Hz ( 4568uF)

-------------
15lms4000svc
      85.6dB                            800W
Rpre   Spl      qtc    Vb     SplMech Pmech SplEle      f3

0.20  84.8dB:   0.7  568.5l: (115.8dB  3649W 109.2dB) @  18Hz
                0.8  330.8l: (117.2dB  5048W 109.2dB) @  20Hz
                0.9  224.5l: (117.7dB  5643W 109.2dB) @  20Hz
                1.0  165.1l: (118.3dB  6418W 109.2dB) @  21Hz
                1.1  127.8l: (119.0dB  7633W 109.2dB) @  22Hz
                1.1  127.8l: (116.2dB  3956W 109.2dB) @  18Hz ( 4275uF)

0.60  84.2dB:   0.8  515.1l: (115.3dB  3657W 108.7dB) @  18Hz
                0.9  324.0l: (115.8dB  4088W 108.7dB) @  18Hz
                1.0  229.0l: (116.3dB  4649W 108.7dB) @  19Hz
                1.1  173.0l: (117.1dB  5529W 108.7dB) @  19Hz
                1.1  173.0l: (114.2dB  2866W 108.7dB) @  17Hz ( 4781uF)

1.00  83.7dB:   0.8  852.5l: (113.6dB  2760W 108.2dB) @  16Hz
                0.9  473.0l: (114.1dB  3085W 108.2dB) @  16Hz
                1.0  315.9l: (114.6dB  3509W 108.2dB) @  17Hz
                1.1  231.0l: (115.4dB  4173W 108.2dB) @  18Hz
                1.1  231.0l: (112.5dB  2163W 108.2dB) @  15Hz ( 5274uF)

