-------------
10lms4000svc
            81.1dB           800W      1x100mm
   fu     fb      fo      SplMech  Vb1     Vb2       d         l        C
  8.6Hz  18Hz   37Hz   94.4dB 6668l +  31l  * 1x50mm   5837mm
  9.4Hz  19Hz   38Hz   96.0dB  591l +  31l  * 1x50mm   5202mm
 10.4Hz  20Hz   39Hz   97.6dB  292l +  31l  * 1x50mm   4636mm
 11.3Hz  21Hz   40Hz   99.2dB  186l +  31l  * 1x50mm   4133mm
 12.4Hz  23Hz   41Hz  100.7dB  132l +  31l  * 1x50mm   3683mm
 13.5Hz  24Hz   42Hz  102.3dB  100l +  31l  * 1x50mm   3283mm
 14.7Hz  25Hz   43Hz  103.8dB   79l +  31l  * 1x50mm   2926mm
 16.1Hz  27Hz   45Hz  105.3dB   63l +  31l  * 1x50mm   2608mm
 17.5Hz  28Hz   46Hz  106.7dB   52l +  31l  * 1x50mm   2324mm
 19.0Hz  30Hz   48Hz  108.2dB   43l +  31l  * 1x50mm   2071mm
 20.6Hz  32Hz   49Hz  109.6dB   36l +  31l  * 1x50mm   1846mm
 22.3Hz  34Hz   51Hz  111.0dB   31l +  31l  * 1x50mm   1645mm
 24.2Hz  35Hz   53Hz  112.4dB   28l +  31l  * 1x50mm   1541mm
 26.1Hz  38Hz   55Hz  113.7dB   23l +  31l  * 1x50mm   1307mm
 28.3Hz  40Hz   57Hz  115.1dB   20l +  31l  * 1x50mm   1165mm
 30.5Hz  42Hz   59Hz  116.4dB   17l +  31l  * 1x50mm   1038mm
 32.9Hz  45Hz   62Hz  117.7dB   15l +  31l  * 1x50mm    925mm
  8.6Hz  21Hz   37Hz   94.4dB  212l +  23l  * 1x50mm   5837mm
  9.4Hz  22Hz   38Hz   96.0dB  147l +  23l  * 1x50mm   5202mm
 10.4Hz  23Hz   39Hz   97.6dB  109l +  23l  * 1x50mm   4636mm
 11.3Hz  25Hz   40Hz   99.2dB   85l +  23l  * 1x50mm   4133mm
 12.4Hz  26Hz   41Hz  100.7dB   68l +  23l  * 1x50mm   3684mm
 13.5Hz  28Hz   42Hz  102.3dB   55l +  23l  * 1x50mm   3282mm
 14.7Hz  30Hz   43Hz  103.8dB   46l +  23l  * 1x50mm   2926mm
 16.1Hz  31Hz   45Hz  105.3dB   38l +  23l  * 1x50mm   2608mm
 17.5Hz  33Hz   46Hz  106.7dB   33l +  23l  * 1x50mm   2324mm
 19.0Hz  35Hz   48Hz  108.2dB   28l +  23l  * 1x50mm   2071mm
 20.6Hz  37Hz   49Hz  109.6dB   24l +  23l  * 1x50mm   1846mm
 22.3Hz  34Hz   51Hz  111.0dB   31l +  23l  * 1x50mm   2239mm
 24.2Hz  35Hz   53Hz  112.4dB   28l +  23l  * 1x50mm   2097mm
 26.1Hz  38Hz   55Hz  113.7dB   23l +  23l  * 1x50mm   1779mm
 24.3Hz  40Hz   57Hz  112.4dB   20l +  23l  * 1x50mm   1585mm
 26.5Hz  42Hz   59Hz  114.0dB   17l +  23l  * 1x50mm   1413mm
 32.9Hz  45Hz   62Hz  117.7dB   15l +  23l  * 1x50mm   1259mm
 10.3Hz  25Hz   61Hz   97.6dB   81l +  16l  * 1x50mm   5837mm
 11.4Hz  27Hz   62Hz   99.3dB   65l +  16l  * 1x50mm   5203mm
 12.5Hz  28Hz   63Hz  101.0dB   53l +  16l  * 1x50mm   4637mm
 13.8Hz  30Hz   64Hz  102.6dB   44l +  16l  * 1x50mm   4133mm
 15.2Hz  32Hz   66Hz  104.3dB   37l +  16l  * 1x50mm   3683mm
 16.6Hz  33Hz   67Hz  105.9dB   32l +  16l  * 1x50mm   3283mm
 18.2Hz  35Hz   69Hz  107.5dB   27l +  16l  * 1x50mm   2925mm
 20.0Hz  38Hz   70Hz  109.0dB   23l +  16l  * 1x50mm   2607mm
 21.8Hz  40Hz   72Hz  110.6dB   20l +  16l  * 1x50mm   2324mm
 23.8Hz  42Hz   74Hz  112.1dB   17l +  16l  * 1x50mm   2071mm
 26.0Hz  45Hz   76Hz  113.6dB   15l +  16l  * 1x50mm   1846mm
 28.3Hz  47Hz   79Hz  115.1dB   13l +  16l  * 1x50mm   1645mm
 30.8Hz  50Hz   81Hz  116.6dB   12l +  16l  * 1x50mm   1466mm
 33.4Hz  53Hz   84Hz  118.0dB   10l +  16l  * 1x50mm   1307mm
 36.3Hz  56Hz   87Hz  119.4dB    9l +  16l  * 1x50mm   1165mm
 39.3Hz  59Hz   90Hz  120.8dB    8l +  16l  * 1x50mm   1038mm
 42.6Hz  63Hz   93Hz  122.2dB    7l +  16l  * 1x50mm    925mm
-------------
12lms4000svc
            82.6dB           800W      1x100mm
   fu     fb      fo      SplMech  Vb1     Vb2       d         l        C
  8.6Hz  16Hz   30Hz   98.2dB 1935l +  81l  * 1x50mm   2760mm
  9.4Hz  17Hz   31Hz   99.7dB  733l +  81l  * 1x50mm   2459mm
 10.3Hz  18Hz   32Hz  101.3dB  433l +  81l  * 1x50mm   2192mm
 11.2Hz  19Hz   33Hz  102.8dB  296l +  81l  * 1x50mm   1953mm
 12.2Hz  20Hz   34Hz  104.2dB  219l +  81l  * 1x50mm   1741mm
 13.3Hz  22Hz   35Hz  105.7dB  169l +  81l  * 1x50mm   1552mm
 14.5Hz  23Hz   36Hz  107.1dB  135l +  81l  * 1x50mm   1383mm
 15.7Hz  24Hz   38Hz  108.6dB  110l +  81l  * 1x50mm   1233mm
 17.0Hz  26Hz   39Hz  110.0dB   91l +  81l  * 1x50mm   1099mm
 18.4Hz  27Hz   40Hz  111.3dB   82l +  81l  * 1x50mm   1029mm
 19.9Hz  29Hz   42Hz  112.7dB   65l +  81l  * 1x50mm    873mm
 21.5Hz  31Hz   43Hz  114.1dB   55l +  81l  * 1x50mm    778mm
 23.2Hz  32Hz   45Hz  115.4dB   47l +  81l  * 1x50mm    693mm
 25.1Hz  34Hz   47Hz  116.7dB   41l +  81l  * 1x50mm    618mm
  6.6Hz  16Hz   28Hz   93.4dB 3764l +  60l  * 1x50mm   3897mm
  7.2Hz  17Hz   29Hz   95.0dB  925l +  60l  * 1x50mm   3473mm
  7.9Hz  18Hz   30Hz   96.6dB  501l +  60l  * 1x50mm   3095mm
  8.6Hz  19Hz   30Hz   98.2dB  331l +  60l  * 1x50mm   2759mm
  9.4Hz  20Hz   31Hz   99.7dB  240l +  60l  * 1x50mm   2459mm
 10.3Hz  21Hz   32Hz  101.3dB  183l +  60l  * 1x50mm   2191mm
 11.2Hz  22Hz   33Hz  102.8dB  145l +  60l  * 1x50mm   1953mm
 12.2Hz  24Hz   34Hz  104.2dB  117l +  60l  * 1x50mm   1741mm
 13.3Hz  25Hz   35Hz  105.7dB   97l +  60l  * 1x50mm   1552mm
 14.5Hz  27Hz   36Hz  107.1dB   81l +  60l  * 1x50mm   1383mm
 15.7Hz  28Hz   38Hz  108.6dB   68l +  60l  * 1x50mm   1233mm
 17.0Hz  26Hz   39Hz  110.0dB   91l +  60l  * 1x50mm   1495mm
 18.4Hz  27Hz   40Hz  111.3dB   82l +  60l  * 1x50mm   1400mm
 19.9Hz  29Hz   42Hz  112.7dB   65l +  60l  * 1x50mm   1188mm
 18.5Hz  31Hz   43Hz  111.4dB   55l +  60l  * 1x50mm   1058mm
 20.2Hz  32Hz   45Hz  113.0dB   47l +  60l  * 1x50mm    943mm
 25.1Hz  34Hz   47Hz  116.7dB   41l +  60l  * 1x50mm    841mm
  7.9Hz  19Hz   46Hz   96.6dB  312l +  41l  * 1x50mm   3897mm
  8.7Hz  20Hz   47Hz   98.3dB  229l +  41l  * 1x50mm   3474mm
  9.6Hz  21Hz   48Hz  100.0dB  176l +  41l  * 1x50mm   3096mm
 10.5Hz  23Hz   49Hz  101.6dB  139l +  41l  * 1x50mm   2759mm
 11.6Hz  24Hz   50Hz  103.2dB  113l +  41l  * 1x50mm   2459mm
 12.7Hz  25Hz   51Hz  104.9dB   94l +  41l  * 1x50mm   2192mm
 13.9Hz  27Hz   52Hz  106.5dB   78l +  41l  * 1x50mm   1953mm
 15.2Hz  29Hz   54Hz  108.0dB   66l +  41l  * 1x50mm   1741mm
 16.6Hz  30Hz   55Hz  109.6dB   56l +  41l  * 1x50mm   1552mm
 18.2Hz  32Hz   57Hz  111.1dB   48l +  41l  * 1x50mm   1383mm
 19.8Hz  34Hz   58Hz  112.6dB   42l +  41l  * 1x50mm   1233mm
 21.6Hz  36Hz   60Hz  114.1dB   36l +  41l  * 1x50mm   1098mm
 23.5Hz  38Hz   62Hz  115.5dB   31l +  41l  * 1x50mm    979mm
 25.5Hz  40Hz   64Hz  117.0dB   27l +  41l  * 1x50mm    873mm
 27.7Hz  43Hz   66Hz  118.4dB   24l +  41l  * 1x50mm    778mm
 30.0Hz  45Hz   68Hz  119.8dB   21l +  41l  * 1x50mm    693mm
 32.5Hz  48Hz   71Hz  121.2dB   18l +  41l  * 1x50mm    618mm
-------------
15lms4000svc
            85.6dB           800W      2x100mm
   fu     fb      fo      SplMech  Vb1     Vb2       d         l        C
  7.5Hz  14Hz   27Hz  100.6dB 21093l + 233l  * 1x70mm   2483mm
  8.2Hz  15Hz   27Hz  102.1dB 2916l + 233l  * 1x70mm   2212mm
  9.0Hz  16Hz   28Hz  103.7dB 1484l + 233l  * 1x70mm   1972mm
  9.8Hz  17Hz   29Hz  105.2dB  957l + 233l  * 1x70mm   1757mm
 10.7Hz  18Hz   30Hz  106.6dB  684l + 233l  * 1x70mm   1566mm
 11.6Hz  19Hz   31Hz  108.1dB  518l + 233l  * 1x70mm   1396mm
 12.6Hz  20Hz   32Hz  109.5dB  408l + 233l  * 1x70mm   1244mm
 13.7Hz  21Hz   33Hz  111.0dB  329l + 233l  * 1x70mm   1109mm
 14.8Hz  22Hz   34Hz  112.4dB  270l + 233l  * 1x70mm    988mm
 16.1Hz  23Hz   35Hz  113.7dB  243l + 233l  * 1x70mm    926mm
 17.4Hz  25Hz   36Hz  115.1dB  190l + 233l  * 1x70mm    785mm
 18.8Hz  27Hz   38Hz  116.5dB  161l + 233l  * 1x70mm    700mm
 20.3Hz  28Hz   39Hz  117.8dB  138l + 233l  * 1x70mm    624mm
 21.9Hz  30Hz   41Hz  119.1dB  119l + 233l  * 1x70mm    556mm
  6.3Hz  15Hz   25Hz   97.4dB 4091l + 171l  * 1x70mm   3124mm
  6.9Hz  16Hz   26Hz   99.0dB 1775l + 171l  * 1x70mm   2785mm
  7.5Hz  16Hz   27Hz  100.6dB 1086l + 171l  * 1x70mm   2482mm
  8.2Hz  17Hz   27Hz  102.1dB  757l + 171l  * 1x70mm   2213mm
  9.0Hz  19Hz   28Hz  103.7dB  564l + 171l  * 1x70mm   1971mm
  9.8Hz  20Hz   29Hz  105.2dB  439l + 171l  * 1x70mm   1757mm
 10.7Hz  21Hz   30Hz  106.6dB  351l + 171l  * 1x70mm   1566mm
 11.6Hz  22Hz   31Hz  108.1dB  287l + 171l  * 1x70mm   1396mm
 12.6Hz  23Hz   32Hz  109.5dB  238l + 171l  * 1x70mm   1244mm
 13.7Hz  25Hz   33Hz  111.0dB  200l + 171l  * 1x70mm   1109mm
 14.8Hz  22Hz   34Hz  112.4dB  270l + 171l  * 1x70mm   1345mm
 16.1Hz  23Hz   35Hz  113.7dB  243l + 171l  * 1x70mm   1260mm
 17.4Hz  25Hz   36Hz  115.1dB  190l + 171l  * 1x70mm   1068mm
 16.1Hz  27Hz   38Hz  113.8dB  161l + 171l  * 1x70mm    952mm
 17.6Hz  28Hz   39Hz  115.4dB  138l + 171l  * 1x70mm    849mm
 21.9Hz  30Hz   41Hz  119.1dB  119l + 171l  * 1x70mm    756mm
  6.9Hz  17Hz   40Hz   99.0dB 1015l + 119l  * 1x70mm   3506mm
  7.6Hz  18Hz   41Hz  100.7dB  718l + 119l  * 1x70mm   3125mm
  8.3Hz  19Hz   42Hz  102.4dB  540l + 119l  * 1x70mm   2785mm
  9.2Hz  20Hz   43Hz  104.0dB  422l + 119l  * 1x70mm   2482mm
 10.1Hz  21Hz   44Hz  105.6dB  339l + 119l  * 1x70mm   2212mm
 11.1Hz  22Hz   45Hz  107.3dB  278l + 119l  * 1x70mm   1972mm
 12.1Hz  24Hz   46Hz  108.9dB  231l + 119l  * 1x70mm   1757mm
 13.3Hz  25Hz   47Hz  110.4dB  195l + 119l  * 1x70mm   1566mm
 14.5Hz  26Hz   48Hz  112.0dB  165l + 119l  * 1x70mm   1396mm
 15.8Hz  28Hz   49Hz  113.5dB  141l + 119l  * 1x70mm   1244mm
 17.3Hz  30Hz   51Hz  115.0dB  121l + 119l  * 1x70mm   1109mm
 18.8Hz  31Hz   52Hz  116.5dB  105l + 119l  * 1x70mm    988mm
 20.5Hz  33Hz   54Hz  117.9dB   91l + 119l  * 1x70mm    881mm
 22.2Hz  35Hz   56Hz  119.4dB   79l + 119l  * 1x70mm    785mm
 24.1Hz  37Hz   58Hz  120.8dB   69l + 119l  * 1x70mm    700mm
 26.1Hz  39Hz   60Hz  122.2dB   61l + 119l  * 1x70mm    624mm
 28.3Hz  42Hz   62Hz  123.6dB   53l + 119l  * 1x70mm    556mm
