-------------
C90-T6-89
      89.2dB            100W
Rpre   Spl     SplMech Pmech SplEle      f3

0.20  87.6dB: (106.6dB   109W 106.3dB) @ 106Hz
              (109.7dB   219W 106.3dB) @ 126Hz
              (112.7dB   438W 106.3dB) @ 150Hz
              (115.7dB   876W 106.3dB) @ 178Hz
0.60  87.3dB: (105.6dB    92W 106.0dB) @ 100Hz
              (108.6dB   184W 106.0dB) @ 119Hz
              (111.6dB   368W 106.0dB) @ 141Hz
              (114.7dB   737W 106.0dB) @ 168Hz
1.00  87.0dB: (104.7dB    78W 105.7dB) @  95Hz
              (107.7dB   157W 105.7dB) @ 112Hz
              (110.7dB   313W 105.7dB) @ 134Hz
              (113.7dB   627W 105.7dB) @ 159Hz
-------------
C180 T6-95
      89.1dB            130W
Rpre   Spl     SplMech Pmech SplEle      f3

0.20  87.4dB: (109.5dB   218W 107.2dB) @  78Hz
              (112.5dB   437W 107.2dB) @  93Hz
              (115.5dB   873W 107.2dB) @ 110Hz
0.60  87.1dB: (108.5dB   184W 107.0dB) @  73Hz
              (111.5dB   368W 107.0dB) @  87Hz
              (114.5dB   736W 107.0dB) @ 104Hz
1.00  86.9dB: (107.5dB   157W 106.7dB) @  69Hz
              (110.5dB   313W 106.7dB) @  83Hz
              (113.5dB   627W 106.7dB) @  98Hz
              (116.5dB  1253W 106.7dB) @ 117Hz
