-------------
C90-T6-89
      89.2dB                            100W
Rpre   Spl      qtc    Vb     SplMech Pmech SplEle      f3

0.20  87.6dB:   0.5    5.8l: (107.3dB   126W 106.3dB) @ 110Hz
                0.6    3.7l: (106.2dB   100W 106.3dB) @ 104Hz
                0.7    2.6l: (106.3dB   101W 106.3dB) @ 104Hz
                0.8    2.0l: (107.7dB   140W 106.3dB) @ 113Hz
                0.9    1.5l: (108.2dB   156W 106.3dB) @ 116Hz
                1.0    1.2l: (108.7dB   178W 106.3dB) @ 120Hz
                1.1    1.0l: (109.5dB   211W 106.3dB) @ 125Hz
                1.1    1.0l: (106.6dB   109W 106.3dB) @ 106Hz (  354uF)

0.60  87.3dB:   0.5    6.7l: (106.2dB   106W 106.0dB) @ 104Hz
                0.6    4.3l: (105.2dB    84W 106.0dB) @  98Hz
                0.7    3.0l: (105.3dB    85W 106.0dB) @  98Hz
                0.8    2.2l: (106.7dB   118W 106.0dB) @ 106Hz
                0.9    1.7l: (107.2dB   131W 106.0dB) @ 109Hz
                1.0    1.4l: (107.7dB   149W 106.0dB) @ 113Hz
                1.1    1.1l: (108.5dB   178W 106.0dB) @ 118Hz
                1.1    1.1l: (105.6dB    92W 106.0dB) @ 100Hz (  375uF)

1.00  87.0dB:   0.5    7.7l: (105.3dB    90W 105.7dB) @  98Hz
                0.6    4.9l: (104.3dB    71W 105.7dB) @  92Hz
                0.7    3.4l: (104.3dB    72W 105.7dB) @  93Hz
                0.8    2.5l: (105.7dB   100W 105.7dB) @ 101Hz
                0.9    1.9l: (106.2dB   112W 105.7dB) @ 103Hz
                1.0    1.5l: (106.8dB   127W 105.7dB) @ 107Hz
                1.1    1.3l: (107.5dB   151W 105.7dB) @ 111Hz
                1.1    1.3l: (104.7dB    78W 105.7dB) @  95Hz (  396uF)

-------------
C180 T6-95
      89.1dB                            130W
Rpre   Spl      qtc    Vb     SplMech Pmech SplEle      f3

0.20  87.4dB:   0.5   17.0l: (110.1dB   251W 107.2dB) @  81Hz
                0.6   10.2l: (109.1dB   199W 107.2dB) @  76Hz
                0.7    7.0l: (109.1dB   201W 107.2dB) @  76Hz
                0.8    5.1l: (110.5dB   279W 107.2dB) @  83Hz
                0.9    3.9l: (111.0dB   312W 107.2dB) @  85Hz
                1.0    3.1l: (111.6dB   354W 107.2dB) @  88Hz
                1.1    2.5l: (112.3dB   421W 107.2dB) @  92Hz
                1.1    2.5l: (109.5dB   218W 107.2dB) @  78Hz (  482uF)

0.60  87.1dB:   0.5   20.3l: (109.1dB   212W 107.0dB) @  76Hz
                0.6   11.9l: (108.1dB   168W 107.0dB) @  72Hz
                0.7    8.0l: (108.1dB   170W 107.0dB) @  72Hz
                0.8    5.8l: (109.5dB   235W 107.0dB) @  78Hz
                0.9    4.4l: (110.0dB   262W 107.0dB) @  80Hz
                1.0    3.5l: (110.6dB   298W 107.0dB) @  83Hz
                1.1    2.9l: (111.3dB   355W 107.0dB) @  86Hz
                1.1    2.9l: (108.5dB   184W 107.0dB) @  73Hz (  511uF)

1.00  86.9dB:   0.5   24.4l: (108.1dB   180W 106.7dB) @  72Hz
                0.6   13.9l: (107.1dB   143W 106.7dB) @  68Hz
                0.7    9.2l: (107.2dB   145W 106.7dB) @  68Hz
                0.8    6.6l: (108.6dB   200W 106.7dB) @  74Hz
                0.9    5.0l: (109.0dB   223W 106.7dB) @  76Hz
                1.0    4.0l: (109.6dB   254W 106.7dB) @  78Hz
                1.1    3.2l: (110.4dB   302W 106.7dB) @  82Hz
                1.1    3.2l: (107.5dB   157W 106.7dB) @  69Hz (  540uF)

