-------------
C90-T6-89
      89.2dB                            100W
SplMech  Pmech SplEle     f3

 73.8dB   130W  72.7dB @  16Hz   34
 75.8dB   130W  74.7dB @  18Hz   32
 77.7dB   130W  76.5dB @  20Hz   30
 79.3dB   130W  78.2dB @  22Hz   28
 80.8dB   130W  79.7dB @  24Hz   27
 82.2dB   130W  81.1dB @  26Hz   25
 83.5dB   131W  82.4dB @  28Hz   24
 84.7dB   131W  83.5dB @  30Hz   23
 85.8dB   131W  84.7dB @  32Hz   22
 86.9dB   131W  85.7dB @  34Hz   21
 87.9dB   131W  86.7dB @  36Hz   20
 88.8dB   131W  87.6dB @  38Hz   19
 89.7dB   131W  88.5dB @  40Hz   18
 90.6dB   131W  89.4dB @  42Hz   17
 91.4dB   131W  90.2dB @  44Hz   16
 92.1dB   131W  90.9dB @  46Hz   15
 92.9dB   132W  91.7dB @  48Hz   15
-------------
C180 T6-95
      89.1dB                            130W
SplMech  Pmech SplEle     f3

 82.0dB   260W  79.0dB @  16Hz   28
 84.1dB   260W  81.0dB @  18Hz   26
 85.9dB   260W  82.9dB @  20Hz   24
 87.5dB   261W  84.5dB @  22Hz   23
 89.0dB   261W  86.0dB @  24Hz   21
 90.4dB   261W  87.4dB @  26Hz   20
 91.7dB   262W  88.7dB @  28Hz   19
 92.9dB   262W  89.9dB @  30Hz   17
 94.0dB   262W  91.0dB @  32Hz   16
 95.1dB   262W  92.1dB @  34Hz   15
 96.1dB   262W  93.0dB @  36Hz   14
 97.0dB   263W  94.0dB @  38Hz   13
 97.9dB   263W  94.9dB @  40Hz   12
 98.8dB   263W  95.7dB @  42Hz   12
 99.6dB   263W  96.5dB @  44Hz   11
100.4dB   263W  97.3dB @  46Hz   10
101.1dB   264W  98.0dB @  48Hz    9
