-------------
C90-T6-89
            89.2dB           100W       1x50mm
   fu     fb      fo      SplMech  Vb1     Vb2       d         l        C
 32.8Hz  68Hz  142Hz   86.3dB    8l +   2l  + 1x40mm   3569mm
 36.0Hz  72Hz  145Hz   87.9dB    6l +   2l  + 1x40mm   3181mm
 39.5Hz  77Hz  149Hz   89.5dB    6l +   2l  + 1x40mm   2835mm
 43.2Hz  81Hz  152Hz   91.0dB    5l +   2l  + 1x40mm   2527mm
 47.2Hz  86Hz  156Hz   92.6dB    4l +   2l  + 1x40mm   2252mm
 51.6Hz  91Hz  161Hz   94.1dB    4l +   2l  + 1x40mm   2007mm
 56.2Hz  96Hz  165Hz   95.6dB    3l +   2l  + 1x40mm   1789mm
 61.3Hz 102Hz  170Hz   97.1dB    3l +   2l  + 1x40mm   1594mm
 66.6Hz 108Hz  176Hz   98.6dB    3l +   2l  + 1x40mm   1421mm
 72.4Hz 115Hz  182Hz  100.0dB    2l +   2l  + 1x40mm   1266mm
 78.5Hz 121Hz  188Hz  101.4dB    2l +   2l  + 1x40mm   1129mm
 32.8Hz  80Hz  142Hz   86.3dB    5l +   2l  + 1x40mm   3569mm
 36.0Hz  84Hz  145Hz   87.9dB    4l +   2l  + 1x40mm   3181mm
 39.5Hz  89Hz  149Hz   89.5dB    4l +   2l  + 1x40mm   2835mm
 43.2Hz  95Hz  152Hz   91.0dB    3l +   2l  + 1x40mm   2527mm
 47.2Hz 100Hz  156Hz   92.6dB    3l +   2l  + 1x40mm   2252mm
 51.6Hz 106Hz  161Hz   94.1dB    3l +   2l  + 1x40mm   2007mm
 56.2Hz 113Hz  165Hz   95.6dB    2l +   2l  + 1x40mm   1789mm
 61.3Hz 119Hz  170Hz   97.1dB    2l +   2l  + 1x40mm   1594mm
 66.6Hz 126Hz  176Hz   98.6dB    2l +   2l  + 1x40mm   1421mm
 72.4Hz 134Hz  182Hz  100.0dB    2l +   2l  + 1x40mm   1266mm
 78.5Hz 142Hz  188Hz  101.4dB    1l +   2l  + 1x40mm   1129mm
 39.4Hz  96Hz  232Hz   89.4dB    3l +   1l  + 1x40mm   3569mm
 43.4Hz 101Hz  236Hz   91.1dB    3l +   1l  + 1x40mm   3182mm
 47.8Hz 107Hz  240Hz   92.8dB    3l +   1l  + 1x40mm   2836mm
 52.6Hz 114Hz  245Hz   94.5dB    2l +   1l  + 1x40mm   2527mm
 57.8Hz 120Hz  250Hz   96.1dB    2l +   1l  + 1x40mm   2252mm
 63.5Hz 127Hz  256Hz   97.7dB    2l +   1l  + 1x40mm   2007mm
 69.6Hz 135Hz  262Hz   99.3dB    2l +   1l  + 1x40mm   1789mm
 76.1Hz 143Hz  269Hz  100.9dB    1l +   1l  + 1x40mm   1594mm
 83.2Hz 152Hz  276Hz  102.4dB    1l +   1l  + 1x40mm   1421mm
-------------
C180 T6-95
            89.1dB           130W       1x70mm
   fu     fb      fo      SplMech  Vb1     Vb2       d         l        C
 24.1Hz  50Hz  104Hz   89.1dB   24l +   6l  * 1x40mm   2704mm
 26.4Hz  53Hz  107Hz   90.7dB   20l +   6l  * 1x40mm   2410mm
 29.0Hz  56Hz  109Hz   92.3dB   16l +   6l  * 1x40mm   2148mm
 31.7Hz  60Hz  112Hz   93.9dB   14l +   6l  * 1x40mm   1915mm
 34.7Hz  63Hz  115Hz   95.4dB   12l +   6l  * 1x40mm   1706mm
 37.8Hz  67Hz  118Hz   97.0dB   10l +   6l  * 1x40mm   1521mm
 41.3Hz  71Hz  121Hz   98.5dB    9l +   6l  * 1x40mm   1355mm
 44.9Hz  75Hz  125Hz   99.9dB    8l +   6l  * 1x40mm   1208mm
 48.9Hz  79Hz  129Hz  101.4dB    7l +   6l  * 1x40mm   1076mm
 53.1Hz  84Hz  133Hz  102.8dB    6l +   6l  * 1x40mm    959mm
 57.6Hz  89Hz  138Hz  104.3dB    5l +   6l  * 1x40mm    855mm
 62.5Hz  94Hz  143Hz  105.7dB    4l +   6l  * 1x40mm    762mm
 67.6Hz  98Hz  148Hz  107.0dB    4l +   6l  * 1x40mm    714mm
 73.2Hz 106Hz  153Hz  108.4dB    3l +   6l  * 1x40mm    605mm
 79.1Hz 112Hz  159Hz  109.8dB    3l +   6l  * 1x40mm    539mm
 24.1Hz  58Hz  104Hz   89.1dB   15l +   4l  * 1x40mm   2704mm
 26.4Hz  62Hz  107Hz   90.7dB   12l +   4l  * 1x40mm   2410mm
 29.0Hz  66Hz  109Hz   92.3dB   11l +   4l  * 1x40mm   2148mm
 31.7Hz  69Hz  112Hz   93.9dB    9l +   4l  * 1x40mm   1914mm
 34.7Hz  74Hz  115Hz   95.4dB    8l +   4l  * 1x40mm   1706mm
 37.8Hz  78Hz  118Hz   97.0dB    7l +   4l  * 1x40mm   1520mm
 41.3Hz  83Hz  121Hz   98.5dB    6l +   4l  * 1x40mm   1355mm
 44.9Hz  87Hz  125Hz   99.9dB    5l +   4l  * 1x40mm   1208mm
 48.9Hz  93Hz  129Hz  101.4dB    5l +   4l  * 1x40mm   1077mm
 53.1Hz  98Hz  133Hz  102.8dB    4l +   4l  * 1x40mm    959mm
 57.6Hz 104Hz  138Hz  104.3dB    4l +   4l  * 1x40mm    855mm
 62.5Hz  94Hz  143Hz  105.7dB    4l +   4l  * 1x40mm   1037mm
 67.6Hz  98Hz  148Hz  107.0dB    4l +   4l  * 1x40mm    972mm
 73.2Hz 106Hz  153Hz  108.4dB    3l +   4l  * 1x40mm    824mm
 67.9Hz 112Hz  159Hz  107.1dB    3l +   4l  * 1x40mm    734mm
 74.2Hz 119Hz  165Hz  108.7dB    3l +   4l  * 1x40mm    655mm
 28.9Hz  70Hz  170Hz   92.3dB    9l +   3l  * 1x40mm   2704mm
 31.9Hz  74Hz  173Hz   94.0dB    8l +   3l  * 1x40mm   2410mm
 35.1Hz  79Hz  176Hz   95.7dB    7l +   3l  * 1x40mm   2148mm
 38.6Hz  83Hz  180Hz   97.3dB    6l +   3l  * 1x40mm   1914mm
 42.4Hz  88Hz  184Hz   98.9dB    5l +   3l  * 1x40mm   1706mm
 46.6Hz  94Hz  188Hz  100.6dB    5l +   3l  * 1x40mm   1521mm
 51.0Hz  99Hz  192Hz  102.2dB    4l +   3l  * 1x40mm   1355mm
 55.9Hz 105Hz  197Hz  103.7dB    4l +   3l  * 1x40mm   1208mm
 61.1Hz 111Hz  202Hz  105.3dB    3l +   3l  * 1x40mm   1076mm
 66.7Hz 118Hz  208Hz  106.8dB    3l +   3l  * 1x40mm    959mm
 72.7Hz 125Hz  214Hz  108.3dB    2l +   3l  * 1x40mm    855mm
 79.2Hz 132Hz  220Hz  109.8dB    2l +   3l  * 1x40mm    762mm
