-------------
LAT250 4/4                             91.0dB  100W                      1x70mm
Rpre   Spl
      Vb      fb         SplMech Pmech  SplEle     f3       dv       lv

0.20  85.6dB --------------------------------------------------------------
    29.4l @  41.2Hz  =>   97.2dB   59W  99.6dB @  32.5Hz   1x70mm     47 mm 
    32.9l @  39.7Hz  =>   96.2dB   47W  99.6dB @  30.7Hz   1x70mm     37 mm 
    36.8l @  38.3Hz  =>   95.3dB   37W  99.6dB @  29.0Hz   1x70mm     27 mm 
*   41.3l @  37.0Hz  =>   94.3dB   30W  99.6dB @  27.4Hz + 1x100mm    70 mm 
    46.2l @  35.7Hz  =>   93.3dB   24W  99.6dB @  25.9Hz + 1x100mm    54 mm 
    51.8l @  34.4Hz  =>   92.3dB   19W  99.6dB @  24.5Hz + 1x100mm    41 mm 
    58.0l @  33.2Hz  =>   91.3dB   15W  99.6dB @  23.1Hz + 1x100mm    29 mm 
0.60  84.9dB --------------------------------------------------------------
    43.9l @  36.3Hz  =>   93.7dB   31W  98.8dB @  26.6Hz + 1x100mm    61 mm 
    49.1l @  35.0Hz  =>   92.8dB   25W  98.8dB @  25.1Hz + 1x100mm    47 mm 
    55.0l @  33.7Hz  =>   91.8dB   20W  98.8dB @  23.7Hz + 1x100mm    34 mm 
*   61.6l @  32.5Hz  =>   90.8dB   16W  98.8dB @  22.4Hz + 1x100mm    23 mm 
    69.0l @  31.4Hz  =>   89.8dB   13W  98.8dB @  21.2Hz + 2x100mm    67 mm 
    77.3l @  30.2Hz  =>   88.8dB   10W  98.8dB @  20.0Hz + 2x100mm    49 mm 
    86.6l @  29.2Hz  =>   87.8dB    8W  98.8dB @  18.9Hz + 2x100mm    32 mm 
1.00  84.2dB --------------------------------------------------------------
    61.3l @  32.6Hz  =>   90.8dB   18W  98.2dB @  22.5Hz + 1x100mm    23 mm 
    68.6l @  31.4Hz  =>   89.9dB   15W  98.2dB @  21.2Hz + 2x100mm    68 mm 
    76.9l @  30.3Hz  =>   88.9dB   12W  98.2dB @  20.1Hz + 2x100mm    49 mm 
*   86.1l @  29.2Hz  =>   87.9dB    9W  98.2dB @  19.0Hz + 2x100mm    33 mm 
    96.4l @  28.2Hz  =>   86.9dB    7W  98.2dB @  17.9Hz + 3x100mm    57 mm 
   108.0l @  27.2Hz  =>   85.9dB    6W  98.2dB @  16.9Hz + 3x100mm    37 mm 
   121.0l @  26.2Hz  =>   84.9dB    5W  98.2dB @  16.0Hz + 4x100mm    49 mm 
-------------
LAT500 16/16                           89.0dB  250W                     2x100mm
Rpre   Spl
      Vb      fb         SplMech Pmech  SplEle     f3       dv       lv

0.20  88.2dB --------------------------------------------------------------
    57.9l @  31.2Hz  =>  111.4dB  206W 112.2dB @  33.1Hz - 1x100mm   443 mm 
    64.8l @  30.1Hz  =>  110.4dB  164W 112.2dB @  31.3Hz - 1x100mm   387 mm 
    72.6l @  29.0Hz  =>  109.4dB  131W 112.2dB @  29.6Hz - 1x100mm   338 mm 
*   81.3l @  28.0Hz  =>  108.4dB  104W 112.2dB @  27.9Hz   2x100mm   627 mm 
    91.1l @  27.0Hz  =>  107.5dB   83W 112.2dB @  26.4Hz   2x100mm   549 mm 
   102.0l @  26.0Hz  =>  106.5dB   66W 112.2dB @  25.0Hz   2x100mm   479 mm 
   114.2l @  25.1Hz  =>  105.5dB   53W 112.2dB @  23.6Hz   2x100mm   416 mm 
   127.9l @  24.2Hz  =>  104.5dB   42W 112.2dB @  22.3Hz   2x100mm   361 mm 
   143.3l @  23.3Hz  =>  103.5dB   34W 112.2dB @  21.1Hz   2x100mm   311 mm 
   160.5l @  22.5Hz  =>  102.5dB   27W 112.2dB @  19.9Hz   2x100mm   267 mm 
   179.7l @  21.7Hz  =>  101.6dB   21W 112.2dB @  18.8Hz   2x100mm   227 mm 
   201.3l @  20.9Hz  =>  100.6dB   17W 112.2dB @  17.8Hz   2x100mm   192 mm 
   225.5l @  20.2Hz  =>   99.6dB   14W 112.2dB @  16.8Hz   2x100mm   160 mm 
   252.5l @  19.5Hz  =>   98.6dB   11W 112.2dB @  15.9Hz   2x100mm   132 mm 
   282.8l @  18.8Hz  =>   97.6dB    9W 112.2dB @  15.0Hz   2x100mm   107 mm 
   316.8l @  18.1Hz  =>   96.6dB    7W 112.2dB @  14.2Hz   2x100mm    84 mm 
   354.8l @  17.5Hz  =>   95.7dB    5W 112.2dB @  13.4Hz   2x100mm    64 mm 
   397.4l @  16.8Hz  =>   94.7dB    4W 112.2dB @  12.6Hz   2x100mm    46 mm 
   445.0l @  16.2Hz  =>   93.7dB    3W 112.2dB @  11.9Hz   2x100mm    30 mm 
   498.4l @  15.7Hz  =>   92.7dB    3W 112.2dB @  11.3Hz + 3x100mm    53 mm 
   558.3l @  15.1Hz  =>   91.7dB    2W 112.2dB @  10.7Hz + 3x100mm    34 mm 
   625.3l @  14.6Hz  =>   90.7dB    2W 112.2dB @  10.1Hz + 4x100mm    45 mm 
   700.3l @  14.0Hz  =>   89.7dB    1W 112.2dB @   9.5Hz + 4x100mm    24 mm 
   784.3l @  13.5Hz  =>   88.8dB    1W 112.2dB @   9.0Hz + 5x100mm    27 mm 
   878.4l @  13.1Hz  =>   87.8dB    1W 112.2dB @   8.5Hz + 6x100mm    25 mm 
0.60  88.0dB --------------------------------------------------------------
    65.8l @  29.9Hz  =>  110.3dB  167W 112.0dB @  31.1Hz - 1x100mm   380 mm 
    73.7l @  28.9Hz  =>  109.3dB  133W 112.0dB @  29.3Hz - 1x100mm   332 mm 
    82.6l @  27.8Hz  =>  108.3dB  106W 112.0dB @  27.7Hz   2x100mm   615 mm 
*   92.5l @  26.8Hz  =>  107.3dB   85W 112.0dB @  26.2Hz   2x100mm   538 mm 
   103.6l @  25.9Hz  =>  106.3dB   67W 112.0dB @  24.8Hz   2x100mm   470 mm 
   116.0l @  25.0Hz  =>  105.4dB   54W 112.0dB @  23.4Hz   2x100mm   408 mm 
   130.0l @  24.1Hz  =>  104.4dB   43W 112.0dB @  22.1Hz   2x100mm   354 mm 
1.00  87.8dB --------------------------------------------------------------
    74.5l @  28.8Hz  =>  109.2dB  136W 111.8dB @  29.2Hz   2x100mm   694 mm 
    83.4l @  27.7Hz  =>  108.2dB  109W 111.8dB @  27.6Hz   2x100mm   609 mm 
    93.4l @  26.8Hz  =>  107.2dB   87W 111.8dB @  26.1Hz   2x100mm   532 mm 
*  104.6l @  25.8Hz  =>  106.3dB   69W 111.8dB @  24.6Hz   2x100mm   464 mm 
   117.2l @  24.9Hz  =>  105.3dB   55W 111.8dB @  23.3Hz   2x100mm   403 mm 
   131.2l @  24.0Hz  =>  104.3dB   44W 111.8dB @  22.0Hz   2x100mm   349 mm 
   147.0l @  23.1Hz  =>  103.3dB   35W 111.8dB @  20.8Hz   2x100mm   301 mm 
-------------
LAT500 8/8                             92.0dB  250W                     2x100mm
Rpre   Spl
      Vb      fb         SplMech Pmech  SplEle     f3       dv       lv

0.20  87.1dB --------------------------------------------------------------
   117.4l @  24.9Hz  =>  107.0dB  244W 107.1dB @  23.3Hz   2x100mm   402 mm 
   131.5l @  24.0Hz  =>  106.0dB  194W 107.1dB @  22.0Hz   2x100mm   348 mm 
   147.3l @  23.1Hz  =>  105.0dB  155W 107.1dB @  20.8Hz   2x100mm   300 mm 
*  165.0l @  22.3Hz  =>  104.0dB  123W 107.1dB @  19.6Hz   2x100mm   257 mm 
   184.8l @  21.5Hz  =>  103.0dB   98W 107.1dB @  18.5Hz   2x100mm   218 mm 
   207.0l @  20.7Hz  =>  102.0dB   78W 107.1dB @  17.5Hz   2x100mm   184 mm 
   231.8l @  20.0Hz  =>  101.1dB   63W 107.1dB @  16.6Hz   2x100mm   153 mm 
   259.6l @  19.3Hz  =>  100.1dB   50W 107.1dB @  15.6Hz   2x100mm   126 mm 
   290.8l @  18.6Hz  =>   99.1dB   40W 107.1dB @  14.8Hz   2x100mm   101 mm 
   325.7l @  17.9Hz  =>   98.1dB   32W 107.1dB @  14.0Hz   2x100mm    79 mm 
   364.7l @  17.3Hz  =>   97.1dB   25W 107.1dB @  13.2Hz   2x100mm    60 mm 
   408.5l @  16.7Hz  =>   96.1dB   20W 107.1dB @  12.5Hz   2x100mm    42 mm 
   457.5l @  16.1Hz  =>   95.2dB   16W 107.1dB @  11.8Hz   2x100mm    27 mm 
   512.4l @  15.5Hz  =>   94.2dB   13W 107.1dB @  11.1Hz + 3x100mm    48 mm 
   573.9l @  15.0Hz  =>   93.2dB   10W 107.1dB @  10.5Hz + 3x100mm    29 mm 
   642.8l @  14.4Hz  =>   92.2dB    8W 107.1dB @   9.9Hz + 4x100mm    40 mm 
   719.9l @  13.9Hz  =>   91.2dB    6W 107.1dB @   9.4Hz + 5x100mm    44 mm 
   806.3l @  13.4Hz  =>   90.2dB    5W 107.1dB @   8.9Hz + 5x100mm    22 mm 
0.60  86.6dB --------------------------------------------------------------
   158.6l @  22.6Hz  =>  104.4dB  149W 106.6dB @  20.0Hz   2x100mm   271 mm 
   177.6l @  21.8Hz  =>  103.4dB  119W 106.6dB @  18.9Hz   2x100mm   231 mm 
   198.9l @  21.0Hz  =>  102.4dB   95W 106.6dB @  17.9Hz   2x100mm   195 mm 
*  222.8l @  20.3Hz  =>  101.4dB   76W 106.6dB @  16.9Hz   2x100mm   163 mm 
   249.6l @  19.5Hz  =>  100.4dB   60W 106.6dB @  16.0Hz   2x100mm   135 mm 
   279.5l @  18.8Hz  =>   99.4dB   48W 106.6dB @  15.1Hz   2x100mm   109 mm 
   313.0l @  18.2Hz  =>   98.5dB   38W 106.6dB @  14.2Hz   2x100mm    87 mm 
1.00  86.2dB --------------------------------------------------------------
   207.5l @  20.7Hz  =>  102.0dB   96W 106.2dB @  17.5Hz   2x100mm   183 mm 
   232.4l @  20.0Hz  =>  101.0dB   77W 106.2dB @  16.5Hz   2x100mm   152 mm 
   260.2l @  19.3Hz  =>  100.1dB   61W 106.2dB @  15.6Hz   2x100mm   125 mm 
*  291.5l @  18.6Hz  =>   99.1dB   49W 106.2dB @  14.8Hz   2x100mm   101 mm 
   326.4l @  17.9Hz  =>   98.1dB   39W 106.2dB @  13.9Hz   2x100mm    79 mm 
   365.6l @  17.3Hz  =>   97.1dB   31W 106.2dB @  13.2Hz   2x100mm    59 mm 
   409.5l @  16.7Hz  =>   96.1dB   25W 106.2dB @  12.5Hz   2x100mm    42 mm 
-------------
LAT700 16/16                           86.0dB  500W                     2x100mm
Rpre   Spl
      Vb      fb         SplMech Pmech  SplEle     f3       dv       lv

0.20  85.0dB --------------------------------------------------------------
   360.1l @  17.1Hz  =>  103.3dB   77W 111.4dB @  13.8Hz   2x100mm   104 mm 
   403.3l @  16.5Hz  =>  102.4dB   62W 111.4dB @  13.1Hz   2x100mm    82 mm 
   451.7l @  15.9Hz  =>  101.4dB   49W 111.4dB @  12.3Hz   2x100mm    62 mm 
*  505.9l @  15.3Hz  =>  100.4dB   39W 111.4dB @  11.7Hz   2x100mm    44 mm 
   566.6l @  14.8Hz  =>   99.4dB   31W 111.4dB @  11.0Hz   2x100mm    28 mm 
   634.6l @  14.3Hz  =>   98.4dB   25W 111.4dB @  10.4Hz + 3x100mm    50 mm 
   710.7l @  13.8Hz  =>   97.4dB   20W 111.4dB @   9.8Hz + 3x100mm    31 mm 
   796.0l @  13.3Hz  =>   96.5dB   16W 111.4dB @   9.3Hz + 4x100mm    42 mm 
   891.5l @  12.8Hz  =>   95.5dB   13W 111.4dB @   8.8Hz + 4x100mm    22 mm 
   998.5l @  12.3Hz  =>   94.5dB   10W 111.4dB @   8.3Hz + 5x100mm    24 mm 
  1118.3l @  11.9Hz  =>   93.5dB    8W 111.4dB @   7.8Hz + 6x100mm    22 mm 
0.60  84.8dB --------------------------------------------------------------
   408.0l @  16.4Hz  =>  102.3dB   64W 111.2dB @  13.0Hz   2x100mm    79 mm 
   457.0l @  15.8Hz  =>  101.3dB   51W 111.2dB @  12.3Hz   2x100mm    60 mm 
   511.8l @  15.3Hz  =>  100.3dB   40W 111.2dB @  11.6Hz   2x100mm    42 mm 
*  573.2l @  14.7Hz  =>   99.3dB   32W 111.2dB @  11.0Hz   2x100mm    27 mm 
   642.0l @  14.2Hz  =>   98.3dB   26W 111.2dB @  10.3Hz + 3x100mm    48 mm 
   719.0l @  13.7Hz  =>   97.3dB   20W 111.2dB @   9.8Hz + 3x100mm    29 mm 
   805.3l @  13.2Hz  =>   96.3dB   16W 111.2dB @   9.2Hz + 4x100mm    40 mm 
1.00  84.6dB --------------------------------------------------------------
   458.8l @  15.8Hz  =>  101.2dB   53W 111.0dB @  12.2Hz   2x100mm    59 mm 
   513.8l @  15.3Hz  =>  100.3dB   42W 111.0dB @  11.6Hz   2x100mm    42 mm 
   575.5l @  14.7Hz  =>   99.3dB   34W 111.0dB @  10.9Hz   2x100mm    26 mm 
*  644.6l @  14.2Hz  =>   98.3dB   27W 111.0dB @  10.3Hz + 3x100mm    47 mm 
   721.9l @  13.7Hz  =>   97.3dB   21W 111.0dB @   9.8Hz + 3x100mm    29 mm 
   808.5l @  13.2Hz  =>   96.3dB   17W 111.0dB @   9.2Hz + 4x100mm    39 mm 
   905.6l @  12.7Hz  =>   95.3dB   14W 111.0dB @   8.7Hz + 5x100mm    44 mm 
-------------
LAT700 8/8                             89.0dB  500W                     2x100mm
Rpre   Spl
      Vb      fb         SplMech Pmech  SplEle     f3       dv       lv

0.20  85.3dB --------------------------------------------------------------
   234.4l @  18.8Hz  =>  106.4dB  284W 108.8dB @  16.4Hz   2x100mm   242 mm 
   262.5l @  18.2Hz  =>  105.4dB  227W 108.8dB @  15.5Hz   2x100mm   205 mm 
   294.0l @  17.5Hz  =>  104.4dB  181W 108.8dB @  14.7Hz   2x100mm   172 mm 
*  329.3l @  16.9Hz  =>  103.4dB  144W 108.8dB @  13.9Hz   2x100mm   142 mm 
   368.8l @  16.3Hz  =>  102.4dB  115W 108.8dB @  13.1Hz   2x100mm   116 mm 
   413.0l @  15.7Hz  =>  101.4dB   92W 108.8dB @  12.4Hz   2x100mm    92 mm 
   462.6l @  15.2Hz  =>  100.5dB   73W 108.8dB @  11.7Hz   2x100mm    72 mm 
   518.1l @  14.6Hz  =>   99.5dB   58W 108.8dB @  11.1Hz   2x100mm    53 mm 
   580.3l @  14.1Hz  =>   98.5dB   46W 108.8dB @  10.4Hz   2x100mm    36 mm 
   649.9l @  13.6Hz  =>   97.5dB   37W 108.8dB @   9.9Hz   2x100mm    21 mm 
   727.9l @  13.1Hz  =>   96.5dB   29W 108.8dB @   9.3Hz + 3x100mm    41 mm 
   815.3l @  12.6Hz  =>   95.5dB   23W 108.8dB @   8.8Hz + 3x100mm    23 mm 
   913.1l @  12.2Hz  =>   94.5dB   19W 108.8dB @   8.3Hz + 4x100mm    32 mm 
  1022.7l @  11.8Hz  =>   93.6dB   15W 108.8dB @   7.9Hz + 5x100mm    36 mm 
  1145.4l @  11.3Hz  =>   92.6dB   12W 108.8dB @   7.4Hz + 6x100mm    34 mm 
0.60  84.9dB --------------------------------------------------------------
   297.4l @  17.5Hz  =>  104.3dB  195W 108.4dB @  14.6Hz   2x100mm   169 mm 
   333.1l @  16.8Hz  =>  103.3dB  156W 108.4dB @  13.8Hz   2x100mm   139 mm 
   373.1l @  16.2Hz  =>  102.3dB  124W 108.4dB @  13.0Hz   2x100mm   113 mm 
*  417.8l @  15.7Hz  =>  101.3dB   99W 108.4dB @  12.3Hz   2x100mm    90 mm 
   468.0l @  15.1Hz  =>  100.4dB   79W 108.4dB @  11.6Hz   2x100mm    70 mm 
   524.1l @  14.6Hz  =>   99.4dB   63W 108.4dB @  11.0Hz   2x100mm    51 mm 
   587.0l @  14.0Hz  =>   98.4dB   50W 108.4dB @  10.4Hz   2x100mm    35 mm 
1.00  84.5dB --------------------------------------------------------------
   367.9l @  16.3Hz  =>  102.4dB  140W 108.0dB @  13.1Hz   2x100mm   116 mm 
   412.1l @  15.7Hz  =>  101.5dB  111W 108.0dB @  12.4Hz   2x100mm    93 mm 
   461.5l @  15.2Hz  =>  100.5dB   89W 108.0dB @  11.7Hz   2x100mm    72 mm 
*  516.9l @  14.6Hz  =>   99.5dB   71W 108.0dB @  11.1Hz   2x100mm    53 mm 
   578.9l @  14.1Hz  =>   98.5dB   56W 108.0dB @  10.5Hz   2x100mm    36 mm 
   648.4l @  13.6Hz  =>   97.5dB   45W 108.0dB @   9.9Hz   2x100mm    21 mm 
   726.2l @  13.1Hz  =>   96.5dB   36W 108.0dB @   9.3Hz + 3x100mm    41 mm 
