-------------
LAT250 4/4
      91.0dB            100W
Rpre   Spl     SplMech Pmech SplEle      f3

0.20  85.6dB: (104.8dB   332W  99.6dB) @  63Hz
              (107.8dB   663W  99.6dB) @  75Hz
0.60  84.9dB: (102.3dB   224W  98.8dB) @  55Hz
              (105.3dB   448W  98.8dB) @  65Hz
              (108.3dB   896W  98.8dB) @  78Hz
1.00  84.2dB: (100.3dB   162W  98.2dB) @  49Hz
              (103.3dB   324W  98.2dB) @  58Hz
              (106.3dB   649W  98.2dB) @  69Hz
-------------
LAT500 16/16
      89.0dB            250W
Rpre   Spl     SplMech Pmech SplEle      f3

0.20  88.2dB: (114.6dB   426W 112.2dB) @  50Hz
              (117.6dB   851W 112.2dB) @  59Hz
              (120.6dB  1702W 112.2dB) @  71Hz
0.60  88.0dB: (113.8dB   373W 112.0dB) @  48Hz
              (116.8dB   745W 112.0dB) @  57Hz
              (119.8dB  1491W 112.0dB) @  68Hz
1.00  87.8dB: (113.0dB   328W 111.8dB) @  46Hz
              (116.0dB   657W 111.8dB) @  54Hz
              (119.0dB  1313W 111.8dB) @  65Hz
-------------
LAT500 8/8
      92.0dB            250W
Rpre   Spl     SplMech Pmech SplEle      f3

0.20  87.1dB: (112.0dB   773W 107.1dB) @  39Hz
              (115.0dB  1546W 107.1dB) @  46Hz
0.60  86.6dB: (110.2dB   568W 106.6dB) @  35Hz
              (113.2dB  1136W 106.6dB) @  42Hz
              (116.2dB  2273W 106.6dB) @  50Hz
1.00  86.2dB: (108.5dB   432W 106.2dB) @  32Hz
              (111.5dB   864W 106.2dB) @  38Hz
              (114.6dB  1728W 106.2dB) @  45Hz
-------------
LAT700 16/16
      86.0dB            500W
Rpre   Spl     SplMech Pmech SplEle      f3

0.20  85.0dB: (110.5dB   402W 111.4dB) @  26Hz
              (113.5dB   804W 111.4dB) @  31Hz
              (116.5dB  1609W 111.4dB) @  37Hz
              (119.5dB  3217W 111.4dB) @  44Hz
0.60  84.8dB: (109.7dB   357W 111.2dB) @  25Hz
              (112.8dB   713W 111.2dB) @  30Hz
              (115.8dB  1427W 111.2dB) @  36Hz
              (118.8dB  2853W 111.2dB) @  42Hz
1.00  84.6dB: (109.0dB   319W 111.0dB) @  24Hz
              (112.0dB   638W 111.0dB) @  29Hz
              (115.1dB  1275W 111.0dB) @  34Hz
              (118.1dB  2550W 111.0dB) @  41Hz
-------------
LAT700 8/8
      89.0dB            500W
Rpre   Spl     SplMech Pmech SplEle      f3

0.20  85.3dB: (112.4dB  1139W 108.8dB) @  29Hz
              (115.4dB  2278W 108.8dB) @  35Hz
              (118.4dB  4555W 108.8dB) @  41Hz
0.60  84.9dB: (110.9dB   903W 108.4dB) @  27Hz
              (114.0dB  1806W 108.4dB) @  32Hz
              (117.0dB  3613W 108.4dB) @  38Hz
1.00  84.5dB: (109.7dB   735W 108.0dB) @  25Hz
              (112.7dB  1471W 108.0dB) @  30Hz
              (115.7dB  2941W 108.0dB) @  35Hz
