-------------
LAT500 16/16
            89.0dB           250W      2x100mm
   fu     fc      fo      SplMech  Vb1     Vb2       d         l        C
 11.1 Hz  28 Hz   71 Hz   88.4 dB   oo l +  26 l  * 1x70mm    508 mm  1631 µF
 12.0 Hz  29 Hz   73 Hz   89.8 dB  737 l +  26 l  * 1x70mm    508 mm  1469 µF
 13.0 Hz  31 Hz   74 Hz   91.2 dB  345 l +  26 l  * 1x70mm    508 mm  1321 µF
 14.0 Hz  33 Hz   76 Hz   92.4 dB  223 l +  26 l  - 1x100mm   765 mm  1196 µF
 15.0 Hz  34 Hz   78 Hz   93.6 dB  164 l +  26 l  - 1x100mm   690 mm  1091 µF
 16.0 Hz  36 Hz   80 Hz   94.8 dB  129 l +  26 l  - 1x100mm   627 mm  1001 µF
 17.0 Hz  37 Hz   81 Hz   95.8 dB  106 l +  26 l  - 1x100mm   572 mm   923 µF
 18.0 Hz  39 Hz   83 Hz   96.8 dB   89 l +  26 l  - 1x100mm   524 mm   856 µF
 19.0 Hz  40 Hz   85 Hz   97.7 dB   77 l +  26 l  - 1x100mm   482 mm   796 µF
 20.0 Hz  41 Hz   86 Hz   98.6 dB   68 l +  26 l  - 1x100mm   445 mm   744 µF
 21.0 Hz  43 Hz   87 Hz   99.5 dB   60 l +  26 l  - 1x100mm   412 mm   697 µF
 22.0 Hz  44 Hz   89 Hz  100.3 dB   54 l +  26 l  - 1x100mm   382 mm   655 µF
 23.0 Hz  46 Hz   90 Hz  101.1 dB   49 l +  26 l    2x100mm   753 mm   617 µF
 24.0 Hz  47 Hz   91 Hz  101.8 dB   45 l +  26 l    2x100mm   706 mm   583 µF
 25.0 Hz  48 Hz   93 Hz  102.5 dB   41 l +  26 l    2x100mm   662 mm   552 µF
 26.0 Hz  49 Hz   94 Hz  103.2 dB   38 l +  26 l    2x100mm   623 mm   524 µF
 27.0 Hz  51 Hz   95 Hz  103.8 dB   36 l +  26 l    2x100mm   587 mm   498 µF
 28.0 Hz  52 Hz   96 Hz  104.5 dB   33 l +  26 l    2x100mm   554 mm   475 µF
 29.0 Hz  53 Hz   97 Hz  105.1 dB   31 l +  26 l    2x100mm   523 mm   453 µF
 30.0 Hz  54 Hz   98 Hz  105.7 dB   29 l +  26 l    2x100mm   495 mm   433 µF

-------------
LAT500 8/8
            92.0dB           250W      2x100mm
   fu     fc      fo      SplMech  Vb1     Vb2       d         l        C
 12.6 Hz  28 Hz   62 Hz   92.3 dB   oo l +  33 l  * 1x70mm    390 mm  3226 µF
 13.0 Hz  29 Hz   63 Hz   92.9 dB 1695 l +  33 l  - 1x100mm   788 mm  3079 µF
 14.0 Hz  30 Hz   65 Hz   94.2 dB  517 l +  33 l  - 1x100mm   707 mm  2789 µF
 15.0 Hz  32 Hz   66 Hz   95.4 dB  302 l +  33 l  - 1x100mm   638 mm  2544 µF
 16.0 Hz  33 Hz   68 Hz   96.5 dB  212 l +  33 l  - 1x100mm   578 mm  2334 µF
 17.0 Hz  34 Hz   69 Hz   97.5 dB  163 l +  33 l  - 1x100mm   527 mm  2153 µF
 18.0 Hz  36 Hz   70 Hz   98.5 dB  131 l +  33 l  - 1x100mm   483 mm  1995 µF
 19.0 Hz  37 Hz   72 Hz   99.5 dB  110 l +  33 l  - 1x100mm   444 mm  1856 µF
 20.0 Hz  38 Hz   73 Hz  100.4 dB   94 l +  33 l  - 1x100mm   409 mm  1734 µF
 21.0 Hz  39 Hz   74 Hz  101.2 dB   82 l +  33 l    2x100mm   798 mm  1624 µF
 22.0 Hz  41 Hz   75 Hz  102.0 dB   73 l +  33 l    2x100mm   743 mm  1527 µF
 23.0 Hz  42 Hz   76 Hz  102.8 dB   65 l +  33 l    2x100mm   694 mm  1439 µF
 24.0 Hz  43 Hz   78 Hz  103.5 dB   59 l +  33 l    2x100mm   649 mm  1359 µF
 25.0 Hz  44 Hz   79 Hz  104.2 dB   54 l +  33 l    2x100mm   609 mm  1287 µF
 26.0 Hz  45 Hz   80 Hz  104.9 dB   49 l +  33 l    2x100mm   572 mm  1222 µF
 27.0 Hz  47 Hz   81 Hz  105.6 dB   46 l +  33 l    2x100mm   539 mm  1162 µF
 28.0 Hz  48 Hz   82 Hz  106.2 dB   42 l +  33 l    2x100mm   508 mm  1107 µF
 29.0 Hz  49 Hz   83 Hz  106.8 dB   39 l +  33 l    2x100mm   479 mm  1056 µF
 30.0 Hz  50 Hz   84 Hz  107.4 dB   37 l +  33 l    2x100mm   453 mm  1010 µF

-------------
LAT700 16/16
            86.0dB           500W      2x100mm
   fu     fc      fo      SplMech  Vb1     Vb2       d         l        C
 12.9 Hz  25 Hz   48 Hz   98.2 dB   oo l +  93 l    2x100mm   688 mm  1244 µF
 13.0 Hz  25 Hz   48 Hz   98.3 dB 12714 l +  93 l    2x100mm   681 mm  1233 µF
 14.0 Hz  26 Hz   50 Hz   99.6 dB  970 l +  93 l    2x100mm   606 mm  1117 µF
 15.0 Hz  28 Hz   51 Hz  100.8 dB  498 l +  93 l    2x100mm   543 mm  1019 µF
 16.0 Hz  29 Hz   52 Hz  101.9 dB  333 l +  93 l    2x100mm   489 mm   935 µF
 17.0 Hz  30 Hz   53 Hz  102.9 dB  249 l +  93 l    2x100mm   442 mm   862 µF
 18.0 Hz  31 Hz   54 Hz  103.9 dB  198 l +  93 l    2x100mm   402 mm   799 µF
 19.0 Hz  32 Hz   55 Hz  104.9 dB  163 l +  93 l    2x100mm   366 mm   743 µF
 20.0 Hz  33 Hz   56 Hz  105.8 dB  139 l +  93 l    2x100mm   334 mm   694 µF
 21.0 Hz  35 Hz   57 Hz  106.6 dB  121 l +  93 l    2x100mm   306 mm   651 µF
 22.0 Hz  36 Hz   58 Hz  107.4 dB  106 l +  93 l    2x100mm   281 mm   611 µF
 23.0 Hz  37 Hz   59 Hz  108.2 dB   95 l +  93 l    2x100mm   258 mm   576 µF
 24.0 Hz  38 Hz   59 Hz  108.9 dB   86 l +  93 l    2x100mm   238 mm   544 µF
 25.0 Hz  39 Hz   60 Hz  109.6 dB   78 l +  93 l    2x100mm   219 mm   516 µF
 26.0 Hz  40 Hz   61 Hz  110.3 dB   71 l +  93 l    2x100mm   202 mm   489 µF
 27.0 Hz  41 Hz   62 Hz  111.0 dB   66 l +  93 l    2x100mm   187 mm   465 µF
 28.0 Hz  42 Hz   63 Hz  111.6 dB   61 l +  93 l    2x100mm   173 mm   443 µF
 29.0 Hz  43 Hz   63 Hz  112.2 dB   57 l +  93 l    2x100mm   160 mm   423 µF
 30.0 Hz  44 Hz   64 Hz  112.8 dB   53 l +  93 l    2x100mm   148 mm   404 µF

-------------
LAT700 8/8
            89.0dB           500W      2x100mm
   fu     fc      fo      SplMech  Vb1     Vb2       d         l        C
 11.5 Hz  24 Hz   50 Hz   96.2 dB   oo l +  67 l  - 1x100mm   530 mm  2926 µF
 12.0 Hz  25 Hz   51 Hz   96.9 dB 1908 l +  67 l  - 1x100mm   497 mm  2766 µF
 13.0 Hz  26 Hz   52 Hz   98.3 dB  622 l +  67 l  - 1x100mm   439 mm  2486 µF
 14.0 Hz  27 Hz   53 Hz   99.6 dB  368 l +  67 l  - 1x100mm   390 mm  2252 µF
 15.0 Hz  29 Hz   55 Hz  100.8 dB  259 l +  67 l    2x100mm   739 mm  2054 µF
 16.0 Hz  30 Hz   56 Hz  101.9 dB  199 l +  67 l    2x100mm   669 mm  1885 µF
 17.0 Hz  31 Hz   57 Hz  102.9 dB  161 l +  67 l    2x100mm   608 mm  1738 µF
 18.0 Hz  32 Hz   58 Hz  103.9 dB  135 l +  67 l    2x100mm   555 mm  1611 µF
 19.0 Hz  34 Hz   59 Hz  104.9 dB  116 l +  67 l    2x100mm   509 mm  1499 µF
 20.0 Hz  35 Hz   60 Hz  105.8 dB  101 l +  67 l    2x100mm   468 mm  1400 µF
 21.0 Hz  36 Hz   61 Hz  106.6 dB   89 l +  67 l    2x100mm   431 mm  1312 µF
 22.0 Hz  37 Hz   62 Hz  107.4 dB   80 l +  67 l    2x100mm   399 mm  1233 µF
 23.0 Hz  38 Hz   63 Hz  108.2 dB   72 l +  67 l    2x100mm   369 mm  1162 µF
 24.0 Hz  39 Hz   64 Hz  108.9 dB   66 l +  67 l    2x100mm   343 mm  1098 µF
 25.0 Hz  40 Hz   65 Hz  109.6 dB   61 l +  67 l    2x100mm   318 mm  1040 µF
 26.0 Hz  41 Hz   66 Hz  110.3 dB   56 l +  67 l    2x100mm   296 mm   987 µF
 27.0 Hz  42 Hz   67 Hz  111.0 dB   52 l +  67 l    2x100mm   276 mm   938 µF
 28.0 Hz  43 Hz   67 Hz  111.6 dB   48 l +  67 l    2x100mm   258 mm   894 µF
 29.0 Hz  44 Hz   68 Hz  112.2 dB   45 l +  67 l    2x100mm   241 mm   853 µF
 30.0 Hz  45 Hz   69 Hz  112.8 dB   42 l +  67 l    2x100mm   225 mm   815 µF

