-------------
LAT250 4/4
            91.0dB           100W       1x70mm
   fu     fb      fo      SplMech  Vb1     Vb2       d         l        C
 39.6Hz  64Hz  104Hz   96.7dB  183l +   7l  * 1x40mm   1218mm
 43.0Hz  68Hz  108Hz   98.1dB   46l +   7l  * 1x40mm   1085mm
 46.7Hz  72Hz  112Hz   99.5dB   25l +   7l  * 1x40mm    967mm
 50.6Hz  76Hz  116Hz  100.9dB   17l +   7l  * 1x40mm    862mm
 54.8Hz  79Hz  120Hz  102.3dB   14l +   7l  * 1x40mm    807mm
 59.3Hz  86Hz  124Hz  103.7dB    9l +   7l  * 1x40mm    685mm
 64.0Hz  91Hz  129Hz  105.0dB    7l +   7l  * 1x40mm    610mm
 69.1Hz  96Hz  134Hz  106.4dB    6l +   7l  * 1x40mm    544mm
 74.5Hz 102Hz  139Hz  107.7dB    5l +   7l  - 1x50mm    757mm
 30.7Hz  63Hz   96Hz   92.2dB 1641l +   5l  * 1x40mm   1720mm
 33.4Hz  67Hz   98Hz   93.7dB   61l +   5l  * 1x40mm   1533mm
 36.4Hz  71Hz  101Hz   95.2dB   29l +   5l  * 1x40mm   1366mm
 39.6Hz  75Hz  104Hz   96.7dB   19l +   5l  * 1x40mm   1218mm
 43.0Hz  79Hz  108Hz   98.1dB   13l +   5l  * 1x40mm   1085mm
 46.7Hz  84Hz  112Hz   99.5dB   10l +   5l  * 1x40mm    967mm
 50.6Hz  76Hz  116Hz  100.9dB   17l +   5l  * 1x40mm   1173mm
 54.8Hz  79Hz  120Hz  102.3dB   14l +   5l  * 1x40mm   1099mm
 59.3Hz  86Hz  124Hz  103.7dB    9l +   5l  * 1x40mm    932mm
 55.0Hz  91Hz  129Hz  102.4dB    7l +   5l  * 1x40mm    831mm
 60.1Hz  96Hz  134Hz  103.9dB    6l +   5l  * 1x40mm    740mm
 74.5Hz 102Hz  139Hz  107.7dB    5l +   5l  * 1x40mm    660mm
 28.4Hz  64Hz  143Hz   90.9dB  324l +   4l  * 1x40mm   2430mm
 31.3Hz  68Hz  146Hz   92.6dB   52l +   4l  * 1x40mm   2165mm
 34.4Hz  72Hz  149Hz   94.2dB   27l +   4l  * 1x40mm   1930mm
 37.7Hz  76Hz  152Hz   95.8dB   17l +   4l  * 1x40mm   1720mm
 41.3Hz  80Hz  156Hz   97.4dB   13l +   4l  * 1x40mm   1533mm
 45.3Hz  85Hz  160Hz   99.0dB    9l +   4l  * 1x40mm   1366mm
 49.5Hz  90Hz  164Hz  100.5dB    7l +   4l  * 1x40mm   1218mm
 54.0Hz  95Hz  168Hz  102.1dB    6l +   4l  * 1x40mm   1085mm
 58.9Hz 101Hz  173Hz  103.6dB    5l +   4l  * 1x40mm    967mm
 64.1Hz 107Hz  179Hz  105.1dB    4l +   4l  * 1x40mm    862mm
 69.8Hz 113Hz  184Hz  106.5dB    3l +   4l  * 1x40mm    768mm
 75.8Hz 120Hz  190Hz  108.0dB    3l +   4l  * 1x40mm    685mm
 82.3Hz 127Hz  197Hz  109.4dB    3l +   4l  * 1x40mm    610mm
-------------
LAT500 16/16
            89.0dB           250W      2x100mm
   fu     fb      fo      SplMech  Vb1     Vb2       d         l        C
 15.5Hz  32Hz   67Hz   94.2dB  252l +  24l  * 1x70mm   4566mm
 17.0Hz  34Hz   68Hz   95.8dB  168l +  24l  * 1x70mm   4070mm
 18.6Hz  36Hz   70Hz   97.4dB  122l +  24l  * 1x70mm   3627mm
 20.4Hz  38Hz   72Hz   99.0dB   93l +  24l  * 1x70mm   3233mm
 22.3Hz  41Hz   74Hz  100.5dB   74l +  24l  * 1x70mm   2881mm
 24.3Hz  43Hz   76Hz  102.0dB   60l +  24l  * 1x70mm   2568mm
 26.5Hz  45Hz   78Hz  103.5dB   49l +  24l  * 1x70mm   2289mm
 28.9Hz  48Hz   80Hz  105.0dB   41l +  24l  * 1x70mm   2040mm
 31.4Hz  51Hz   83Hz  106.5dB   35l +  24l  * 1x70mm   1818mm
 34.1Hz  54Hz   86Hz  107.9dB   30l +  24l  * 1x70mm   1620mm
 37.0Hz  57Hz   88Hz  109.3dB   25l +  24l  * 1x70mm   1444mm
 40.1Hz  61Hz   92Hz  110.7dB   22l +  24l  * 1x70mm   1287mm
 43.5Hz  63Hz   95Hz  112.1dB   20l +  24l  * 1x70mm   1205mm
 47.0Hz  68Hz   98Hz  113.5dB   17l +  24l  * 1x70mm   1022mm
 50.8Hz  72Hz  102Hz  114.8dB   14l +  24l  * 1x70mm    911mm
 54.8Hz  76Hz  106Hz  116.2dB   13l +  24l  * 1x70mm    812mm
 59.1Hz  81Hz  111Hz  117.5dB   11l +  24l  * 1x70mm    724mm
 15.5Hz  38Hz   67Hz   94.2dB  101l +  18l  * 1x70mm   4567mm
 17.0Hz  40Hz   68Hz   95.8dB   80l +  18l  * 1x70mm   4069mm
 18.6Hz  42Hz   70Hz   97.4dB   64l +  18l  * 1x70mm   3627mm
 20.4Hz  45Hz   72Hz   99.0dB   53l +  18l  * 1x70mm   3233mm
 22.3Hz  47Hz   74Hz  100.5dB   44l +  18l  * 1x70mm   2882mm
 24.3Hz  50Hz   76Hz  102.0dB   37l +  18l  * 1x70mm   2568mm
 26.5Hz  53Hz   78Hz  103.5dB   31l +  18l  * 1x70mm   2289mm
 28.9Hz  56Hz   80Hz  105.0dB   27l +  18l  * 1x70mm   2040mm
 31.4Hz  60Hz   83Hz  106.5dB   23l +  18l  * 1x70mm   1818mm
 34.1Hz  63Hz   86Hz  107.9dB   20l +  18l  * 1x70mm   1620mm
 37.0Hz  67Hz   88Hz  109.3dB   17l +  18l  * 1x70mm   1444mm
 40.1Hz  61Hz   92Hz  110.7dB   22l +  18l  * 1x70mm   1752mm
 43.5Hz  63Hz   95Hz  112.1dB   20l +  18l  * 1x70mm   1641mm
 47.0Hz  68Hz   98Hz  113.5dB   17l +  18l  * 1x70mm   1392mm
 43.6Hz  72Hz  102Hz  112.2dB   14l +  18l  * 1x70mm   1240mm
 47.7Hz  76Hz  106Hz  113.7dB   13l +  18l  * 1x70mm   1105mm
 59.1Hz  81Hz  111Hz  117.5dB   11l +  18l  * 1x70mm    985mm
 18.6Hz  45Hz  109Hz   97.3dB   51l +  12l  * 1x70mm   4566mm
 20.5Hz  48Hz  111Hz   99.0dB   42l +  12l  * 1x70mm   4071mm
 22.6Hz  51Hz  113Hz  100.7dB   36l +  12l  * 1x70mm   3628mm
 24.8Hz  54Hz  116Hz  102.4dB   30l +  12l  * 1x70mm   3233mm
 27.3Hz  57Hz  118Hz  104.0dB   26l +  12l  * 1x70mm   2882mm
 29.9Hz  60Hz  121Hz  105.6dB   22l +  12l  * 1x70mm   2568mm
 32.8Hz  64Hz  124Hz  107.2dB   19l +  12l  * 1x70mm   2289mm
 35.9Hz  67Hz  127Hz  108.8dB   17l +  12l  * 1x70mm   2040mm
 39.2Hz  71Hz  130Hz  110.3dB   15l +  12l  * 1x70mm   1818mm
 42.8Hz  76Hz  134Hz  111.9dB   13l +  12l  * 1x70mm   1620mm
 46.7Hz  80Hz  137Hz  113.4dB   11l +  12l  * 1x70mm   1444mm
 50.9Hz  85Hz  142Hz  114.9dB   10l +  12l  * 1x70mm   1287mm
 55.3Hz  90Hz  146Hz  116.3dB    9l +  12l  * 1x70mm   1147mm
 60.1Hz  95Hz  151Hz  117.8dB    8l +  12l  * 1x70mm   1022mm
 65.2Hz 101Hz  156Hz  119.2dB    7l +  12l  * 1x70mm    911mm
 70.7Hz 107Hz  162Hz  120.6dB    6l +  12l  * 1x70mm    812mm
 76.6Hz 113Hz  167Hz  122.0dB    5l +  12l  * 1x70mm    724mm
-------------
LAT500 8/8
            92.0dB           250W      2x100mm
   fu     fb      fo      SplMech  Vb1     Vb2       d         l        C
 14.5Hz  28Hz   55Hz   94.8dB 4983l +  40l  * 1x70mm   3627mm
 15.9Hz  30Hz   56Hz   96.4dB  579l +  40l  * 1x70mm   3233mm
 17.4Hz  32Hz   58Hz   97.9dB  290l +  40l  * 1x70mm   2881mm
 19.0Hz  34Hz   59Hz   99.5dB  186l +  40l  * 1x70mm   2568mm
 20.7Hz  36Hz   61Hz  101.0dB  133l +  40l  * 1x70mm   2289mm
 22.6Hz  38Hz   63Hz  102.4dB  100l +  40l  * 1x70mm   2040mm
 24.5Hz  40Hz   65Hz  103.9dB   79l +  40l  * 1x70mm   1818mm
 26.7Hz  42Hz   67Hz  105.3dB   64l +  40l  * 1x70mm   1620mm
 28.9Hz  45Hz   69Hz  106.8dB   52l +  40l  * 1x70mm   1444mm
 31.4Hz  47Hz   72Hz  108.2dB   43l +  40l  * 1x70mm   1287mm
 34.0Hz  49Hz   74Hz  109.5dB   39l +  40l  * 1x70mm   1205mm
 36.7Hz  53Hz   77Hz  110.9dB   31l +  40l  * 1x70mm   1022mm
 39.7Hz  56Hz   80Hz  112.3dB   27l +  40l  * 1x70mm    911mm
 42.8Hz  60Hz   83Hz  113.6dB   23l +  40l  * 1x70mm    812mm
 46.2Hz  63Hz   86Hz  114.9dB   20l +  40l  * 1x70mm    724mm
 12.1Hz  29Hz   52Hz   91.6dB  821l +  29l  * 1x70mm   4567mm
 13.3Hz  31Hz   53Hz   93.2dB  348l +  29l  * 1x70mm   4069mm
 14.5Hz  33Hz   55Hz   94.8dB  211l +  29l  * 1x70mm   3627mm
 15.9Hz  35Hz   56Hz   96.4dB  147l +  29l  * 1x70mm   3233mm
 17.4Hz  37Hz   58Hz   97.9dB  109l +  29l  * 1x70mm   2882mm
 19.0Hz  39Hz   59Hz   99.5dB   85l +  29l  * 1x70mm   2568mm
 20.7Hz  41Hz   61Hz  101.0dB   68l +  29l  * 1x70mm   2289mm
 22.6Hz  44Hz   63Hz  102.4dB   56l +  29l  * 1x70mm   2040mm
 24.5Hz  47Hz   65Hz  103.9dB   46l +  29l  * 1x70mm   1818mm
 26.7Hz  49Hz   67Hz  105.3dB   39l +  29l  * 1x70mm   1620mm
 28.9Hz  52Hz   69Hz  106.8dB   33l +  29l  * 1x70mm   1444mm
 31.4Hz  47Hz   72Hz  108.2dB   43l +  29l  * 1x70mm   1752mm
 34.0Hz  49Hz   74Hz  109.5dB   39l +  29l  * 1x70mm   1641mm
 36.7Hz  53Hz   77Hz  110.9dB   31l +  29l  * 1x70mm   1392mm
 34.1Hz  56Hz   80Hz  109.6dB   27l +  29l  * 1x70mm   1240mm
 37.3Hz  60Hz   83Hz  111.2dB   23l +  29l  * 1x70mm   1105mm
 46.2Hz  63Hz   86Hz  114.9dB   20l +  29l  * 1x70mm    985mm
 14.5Hz  35Hz   85Hz   94.8dB  139l +  20l  * 1x70mm   4566mm
 16.0Hz  37Hz   87Hz   96.5dB  105l +  20l  * 1x70mm   4071mm
 17.6Hz  40Hz   89Hz   98.2dB   82l +  20l  * 1x70mm   3628mm
 19.4Hz  42Hz   90Hz   99.8dB   66l +  20l  * 1x70mm   3233mm
 21.3Hz  44Hz   92Hz  101.4dB   54l +  20l  * 1x70mm   2882mm
 23.4Hz  47Hz   94Hz  103.1dB   45l +  20l  * 1x70mm   2568mm
 25.6Hz  50Hz   97Hz  104.7dB   38l +  20l  * 1x70mm   2289mm
 28.0Hz  53Hz   99Hz  106.2dB   32l +  20l  * 1x70mm   2040mm
 30.7Hz  56Hz  102Hz  107.8dB   27l +  20l  * 1x70mm   1818mm
 33.5Hz  59Hz  104Hz  109.3dB   23l +  20l  * 1x70mm   1620mm
 36.5Hz  63Hz  107Hz  110.8dB   20l +  20l  * 1x70mm   1444mm
 39.8Hz  66Hz  111Hz  112.3dB   18l +  20l  * 1x70mm   1287mm
 43.2Hz  70Hz  114Hz  113.7dB   15l +  20l  * 1x70mm   1147mm
 47.0Hz  74Hz  118Hz  115.2dB   13l +  20l  * 1x70mm   1022mm
 51.0Hz  79Hz  122Hz  116.6dB   12l +  20l  * 1x70mm    911mm
 55.3Hz  84Hz  126Hz  118.0dB   10l +  20l  * 1x70mm    812mm
 59.8Hz  88Hz  131Hz  119.4dB    9l +  20l  * 1x70mm    724mm
-------------
LAT700 16/16
            86.0dB           500W      2x100mm
   fu     fb      fo      SplMech  Vb1     Vb2       d         l        C
 15.2Hz  25Hz   42Hz  101.0dB 4511l +  96l  * 1x70mm   1884mm
 16.5Hz  27Hz   44Hz  102.4dB  736l +  96l  * 1x70mm   1679mm
 17.9Hz  28Hz   45Hz  103.9dB  380l +  96l  * 1x70mm   1497mm
 19.5Hz  30Hz   46Hz  105.3dB  246l +  96l  * 1x70mm   1334mm
 21.1Hz  32Hz   48Hz  106.7dB  176l +  96l  * 1x70mm   1189mm
 22.8Hz  33Hz   50Hz  108.1dB  150l +  96l  * 1x70mm   1113mm
 24.7Hz  36Hz   52Hz  109.4dB  105l +  96l  * 1x70mm    944mm
 26.7Hz  38Hz   54Hz  110.8dB   85l +  96l  * 1x70mm    842mm
 28.8Hz  40Hz   56Hz  112.1dB   70l +  96l  * 1x70mm    750mm
 31.1Hz  42Hz   58Hz  113.4dB   58l +  96l  * 1x70mm    669mm
 12.8Hz  26Hz   40Hz   98.0dB 1021l +  70l  * 1x70mm   2372mm
 13.9Hz  28Hz   41Hz   99.5dB  453l +  70l  * 1x70mm   2114mm
 15.2Hz  30Hz   42Hz  101.0dB  279l +  70l  * 1x70mm   1884mm
 16.5Hz  31Hz   44Hz  102.4dB  195l +  70l  * 1x70mm   1679mm
 17.9Hz  33Hz   45Hz  103.9dB  146l +  70l  * 1x70mm   1497mm
 19.5Hz  35Hz   46Hz  105.3dB  113l +  70l  * 1x70mm   1334mm
 21.1Hz  32Hz   48Hz  106.7dB  176l +  70l  * 1x70mm   1618mm
 22.8Hz  33Hz   50Hz  108.1dB  150l +  70l  * 1x70mm   1516mm
 24.7Hz  36Hz   52Hz  109.4dB  105l +  70l  * 1x70mm   1285mm
 22.9Hz  38Hz   54Hz  108.1dB   85l +  70l  * 1x70mm   1145mm
 25.0Hz  40Hz   56Hz  109.7dB   70l +  70l  * 1x70mm   1021mm
 31.1Hz  42Hz   58Hz  113.4dB   58l +  70l  * 1x70mm    910mm
 10.8Hz  25Hz   58Hz   95.0dB 17640l +  49l  * 1x70mm   3760mm
 11.9Hz  27Hz   60Hz   96.7dB  853l +  49l  * 1x70mm   3351mm
 13.0Hz  28Hz   61Hz   98.3dB  412l +  49l  * 1x70mm   2986mm
 14.3Hz  30Hz   62Hz  100.0dB  261l +  49l  * 1x70mm   2662mm
 15.7Hz  32Hz   63Hz  101.6dB  185l +  49l  * 1x70mm   2372mm
 17.2Hz  33Hz   65Hz  103.2dB  139l +  49l  * 1x70mm   2114mm
 18.9Hz  35Hz   67Hz  104.7dB  109l +  49l  * 1x70mm   1884mm
 20.6Hz  38Hz   68Hz  106.3dB   88l +  49l  * 1x70mm   1679mm
 22.5Hz  40Hz   70Hz  107.8dB   72l +  49l  * 1x70mm   1497mm
 24.5Hz  42Hz   72Hz  109.3dB   60l +  49l  * 1x70mm   1334mm
 26.7Hz  45Hz   74Hz  110.8dB   50l +  49l  * 1x70mm   1189mm
 29.1Hz  47Hz   77Hz  112.3dB   43l +  49l  * 1x70mm   1060mm
 31.6Hz  50Hz   79Hz  113.7dB   37l +  49l  * 1x70mm    944mm
 34.3Hz  53Hz   82Hz  115.1dB   31l +  49l  * 1x70mm    842mm
 37.2Hz  56Hz   85Hz  116.5dB   27l +  49l  * 1x70mm    750mm
 40.2Hz  59Hz   88Hz  117.9dB   24l +  49l  * 1x70mm    669mm
-------------
LAT700 8/8
            89.0dB           500W      2x100mm
   fu     fb      fo      SplMech  Vb1     Vb2       d         l        C
 14.2Hz  25Hz   44Hz   99.9dB 1127l +  71l  * 1x70mm   2574mm
 15.5Hz  27Hz   46Hz  101.4dB  475l +  71l  * 1x70mm   2294mm
 16.9Hz  28Hz   47Hz  102.9dB  288l +  71l  * 1x70mm   2045mm
 18.4Hz  30Hz   49Hz  104.3dB  200l +  71l  * 1x70mm   1822mm
 20.0Hz  32Hz   50Hz  105.8dB  149l +  71l  * 1x70mm   1624mm
 21.7Hz  34Hz   52Hz  107.2dB  116l +  71l  * 1x70mm   1448mm
 23.5Hz  36Hz   54Hz  108.6dB   92l +  71l  * 1x70mm   1290mm
 25.5Hz  37Hz   56Hz  110.0dB   82l +  71l  * 1x70mm   1208mm
 27.5Hz  40Hz   58Hz  111.3dB   63l +  71l  * 1x70mm   1025mm
 29.8Hz  42Hz   60Hz  112.7dB   53l +  71l  * 1x70mm    913mm
 32.1Hz  45Hz   62Hz  114.0dB   45l +  71l  * 1x70mm    814mm
 34.6Hz  47Hz   65Hz  115.3dB   38l +  71l  * 1x70mm    725mm
 10.9Hz  25Hz   41Hz   95.2dB 1903l +  52l  * 1x70mm   3635mm
 11.9Hz  26Hz   42Hz   96.8dB  589l +  52l  * 1x70mm   3240mm
 13.0Hz  28Hz   43Hz   98.3dB  332l +  52l  * 1x70mm   2888mm
 14.2Hz  29Hz   44Hz   99.9dB  223l +  52l  * 1x70mm   2574mm
 15.5Hz  31Hz   46Hz  101.4dB  163l +  52l  * 1x70mm   2294mm
 16.9Hz  33Hz   47Hz  102.9dB  125l +  52l  * 1x70mm   2045mm
 18.4Hz  35Hz   49Hz  104.3dB   99l +  52l  * 1x70mm   1822mm
 20.0Hz  37Hz   50Hz  105.8dB   80l +  52l  * 1x70mm   1624mm
 21.7Hz  39Hz   52Hz  107.2dB   66l +  52l  * 1x70mm   1447mm
 23.5Hz  36Hz   54Hz  108.6dB   92l +  52l  * 1x70mm   1756mm
 25.5Hz  37Hz   56Hz  110.0dB   82l +  52l  * 1x70mm   1644mm
 27.5Hz  40Hz   58Hz  111.3dB   63l +  52l  * 1x70mm   1395mm
 25.6Hz  42Hz   60Hz  110.0dB   53l +  52l  * 1x70mm   1243mm
 27.9Hz  45Hz   62Hz  111.6dB   45l +  52l  * 1x70mm   1108mm
 34.6Hz  47Hz   65Hz  115.3dB   38l +  52l  * 1x70mm    987mm
 10.9Hz  26Hz   64Hz   95.2dB  524l +  36l  * 1x70mm   4577mm
 12.0Hz  28Hz   65Hz   96.9dB  308l +  36l  * 1x70mm   4080mm
 13.2Hz  30Hz   66Hz   98.6dB  210l +  36l  * 1x70mm   3636mm
 14.5Hz  31Hz   68Hz  100.2dB  155l +  36l  * 1x70mm   3240mm
 16.0Hz  33Hz   69Hz  101.9dB  120l +  36l  * 1x70mm   2888mm
 17.5Hz  35Hz   71Hz  103.5dB   96l +  36l  * 1x70mm   2574mm
 19.2Hz  37Hz   72Hz  105.1dB   78l +  36l  * 1x70mm   2294mm
 21.0Hz  39Hz   74Hz  106.6dB   64l +  36l  * 1x70mm   2044mm
 23.0Hz  42Hz   76Hz  108.2dB   54l +  36l  * 1x70mm   1822mm
 25.1Hz  44Hz   78Hz  109.7dB   46l +  36l  * 1x70mm   1624mm
 27.4Hz  47Hz   81Hz  111.2dB   39l +  36l  * 1x70mm   1447mm
 29.8Hz  50Hz   83Hz  112.7dB   33l +  36l  * 1x70mm   1290mm
 32.4Hz  53Hz   86Hz  114.2dB   29l +  36l  * 1x70mm   1150mm
 35.2Hz  56Hz   88Hz  115.6dB   25l +  36l  * 1x70mm   1025mm
 38.2Hz  59Hz   91Hz  117.0dB   22l +  36l  * 1x70mm    913mm
 41.4Hz  63Hz   95Hz  118.4dB   19l +  36l  * 1x70mm    814mm
 44.8Hz  66Hz   98Hz  119.8dB   17l +  36l  * 1x70mm    725mm
