-------------
LAT250 4/4
      91.0dB                            100W
Rpre   Spl      qtc    Vb     SplMech Pmech SplEle      f3

0.20  85.6dB:   0.8   25.3l: (105.8dB   423W  99.6dB) @  67Hz
                0.9   11.9l: (106.3dB   473W  99.6dB) @  69Hz
                1.0    7.5l: (106.9dB   538W  99.6dB) @  71Hz
                1.1    5.3l: (107.6dB   640W  99.6dB) @  74Hz
                1.1    5.3l: (104.8dB   332W  99.6dB) @  63Hz ( 1754uF)

0.60  84.9dB:   0.9   31.0l: (103.9dB   320W  98.8dB) @  60Hz
                1.0   14.3l: (104.4dB   363W  98.8dB) @  62Hz
                1.1    9.0l: (105.2dB   432W  98.8dB) @  65Hz
                1.1    9.0l: (102.3dB   224W  98.8dB) @  55Hz ( 2018uF)

1.00  84.2dB:   1.0   34.8l: (102.4dB   263W  98.2dB) @  55Hz
                1.1   16.2l: (103.2dB   313W  98.2dB) @  57Hz
                1.1   16.2l: (100.3dB   162W  98.2dB) @  49Hz ( 2267uF)

-------------
LAT500 16/16
      89.0dB                            250W
Rpre   Spl      qtc    Vb     SplMech Pmech SplEle      f3

0.20  88.2dB:   0.5  129.2l: (115.2dB   490W 112.2dB) @  52Hz
                0.6   60.3l: (114.2dB   388W 112.2dB) @  49Hz
                0.7   37.0l: (114.2dB   393W 112.2dB) @  49Hz
                0.8   25.6l: (115.6dB   543W 112.2dB) @  53Hz
                0.9   19.0l: (116.1dB   607W 112.2dB) @  55Hz
                1.0   14.7l: (116.7dB   690W 112.2dB) @  56Hz
                1.1   11.8l: (117.4dB   821W 112.2dB) @  59Hz
                1.1   11.8l: (114.6dB   426W 112.2dB) @  50Hz (  546uF)

0.60  88.0dB:   0.5  166.4l: (114.4dB   429W 112.0dB) @  50Hz
                0.6   71.0l: (113.4dB   340W 112.0dB) @  47Hz
                0.7   42.3l: (113.4dB   344W 112.0dB) @  47Hz
                0.8   28.9l: (114.8dB   476W 112.0dB) @  51Hz
                0.9   21.2l: (115.3dB   532W 112.0dB) @  52Hz
                1.0   16.4l: (115.9dB   605W 112.0dB) @  54Hz
                1.1   13.1l: (116.6dB   719W 112.0dB) @  56Hz
                1.1   13.1l: (113.8dB   373W 112.0dB) @  48Hz (  571uF)

1.00  87.8dB:   0.5  222.1l: (113.6dB   378W 111.8dB) @  47Hz
                0.6   83.9l: (112.6dB   299W 111.8dB) @  45Hz
                0.7   48.4l: (112.7dB   303W 111.8dB) @  45Hz
                0.8   32.5l: (114.1dB   419W 111.8dB) @  49Hz
                0.9   23.7l: (114.6dB   468W 111.8dB) @  50Hz
                1.0   18.2l: (115.1dB   533W 111.8dB) @  52Hz
                1.1   14.5l: (115.9dB   634W 111.8dB) @  54Hz
                1.1   14.5l: (113.0dB   328W 111.8dB) @  46Hz (  596uF)

-------------
LAT500 8/8
      92.0dB                            250W
Rpre   Spl      qtc    Vb     SplMech Pmech SplEle      f3

0.20  87.1dB:   0.6  188.1l: (111.6dB   705W 107.1dB) @  38Hz
                0.7   85.5l: (111.6dB   713W 107.1dB) @  38Hz
                0.8   52.5l: (113.0dB   986W 107.1dB) @  42Hz
                0.9   36.5l: (113.5dB  1102W 107.1dB) @  43Hz
                1.0   27.2l: (114.1dB  1254W 107.1dB) @  44Hz
                1.1   21.3l: (114.8dB  1491W 107.1dB) @  46Hz
                1.1   21.3l: (112.0dB   773W 107.1dB) @  39Hz ( 1769uF)

0.60  86.6dB:   0.6  505.2l: (109.8dB   518W 106.6dB) @  34Hz
                0.7  139.8l: (109.8dB   524W 106.6dB) @  34Hz
                0.8   76.2l: (111.2dB   725W 106.6dB) @  37Hz
                0.9   50.3l: (111.7dB   811W 106.6dB) @  38Hz
                1.0   36.4l: (112.3dB   922W 106.6dB) @  40Hz
                1.1   27.9l: (113.0dB  1096W 106.6dB) @  41Hz
                1.1   27.9l: (110.2dB   568W 106.6dB) @  35Hz ( 1964uF)

1.00  86.2dB:   0.7  261.5l: (108.2dB   398W 106.2dB) @  31Hz
                0.8  114.0l: (109.6dB   551W 106.2dB) @  34Hz
                0.9   69.5l: (110.1dB   616W 106.2dB) @  35Hz
                1.0   48.4l: (110.6dB   701W 106.2dB) @  36Hz
                1.1   36.3l: (111.4dB   833W 106.2dB) @  38Hz
                1.1   36.3l: (108.5dB   432W 106.2dB) @  32Hz ( 2157uF)

-------------
LAT700 16/16
      86.0dB                            500W
Rpre   Spl      qtc    Vb     SplMech Pmech SplEle      f3

0.20  85.0dB:   0.8  248.9l: (111.6dB   513W 111.4dB) @  28Hz
                0.9  133.3l: (112.0dB   574W 111.4dB) @  29Hz
                1.0   87.8l: (112.6dB   652W 111.4dB) @  30Hz
                1.1   63.7l: (113.4dB   776W 111.4dB) @  31Hz
                1.1   63.7l: (110.5dB   402W 111.4dB) @  26Hz ( 1203uF)

0.60  84.8dB:   0.8  342.0l: (110.8dB   455W 111.2dB) @  27Hz
                0.9  163.5l: (111.3dB   509W 111.2dB) @  27Hz
                1.0  103.3l: (111.8dB   579W 111.2dB) @  28Hz
                1.1   73.4l: (112.6dB   688W 111.2dB) @  30Hz
                1.1   73.4l: (109.7dB   357W 111.2dB) @  25Hz ( 1257uF)

1.00  84.6dB:   0.8  504.9l: (110.1dB   407W 111.0dB) @  26Hz
                0.9  203.2l: (110.6dB   455W 111.0dB) @  26Hz
                1.0  121.8l: (111.1dB   517W 111.0dB) @  27Hz
                1.1   84.5l: (111.9dB   615W 111.0dB) @  28Hz
                1.1   84.5l: (109.0dB   319W 111.0dB) @  24Hz ( 1309uF)

-------------
LAT700 8/8
      89.0dB                            500W
Rpre   Spl      qtc    Vb     SplMech Pmech SplEle      f3

0.20  85.3dB:   0.7  225.0l: (112.0dB  1050W 108.8dB) @  29Hz
                0.8  116.4l: (113.4dB  1453W 108.8dB) @  31Hz
                0.9   75.3l: (113.9dB  1624W 108.8dB) @  32Hz
                1.0   54.0l: (114.5dB  1847W 108.8dB) @  33Hz
                1.1   41.1l: (115.2dB  2197W 108.8dB) @  35Hz
                1.1   41.1l: (112.4dB  1139W 108.8dB) @  29Hz ( 2098uF)

0.60  84.9dB:   0.7  421.0l: (110.6dB   833W 108.4dB) @  26Hz
                0.8  169.9l: (112.0dB  1153W 108.4dB) @  29Hz
                0.9  101.4l: (112.5dB  1288W 108.4dB) @  29Hz
                1.0   69.9l: (113.0dB  1465W 108.4dB) @  30Hz
                1.1   52.0l: (113.8dB  1743W 108.4dB) @  32Hz
                1.1   52.0l: (110.9dB   903W 108.4dB) @  27Hz ( 2280uF)

1.00  84.5dB:   0.8  261.7l: (110.7dB   938W 108.0dB) @  27Hz
                0.9  137.9l: (111.2dB  1049W 108.0dB) @  27Hz
                1.0   90.2l: (111.8dB  1193W 108.0dB) @  28Hz
                1.1   65.3l: (112.5dB  1419W 108.0dB) @  29Hz
                1.1   65.3l: (109.7dB   735W 108.0dB) @  25Hz ( 2455uF)

