-------------
W8137K
      89.5dB                             80W
Rpre   Spl      qtc    Vb     SplMech Pmech SplEle      f3

0.20  88.7dB:   0.5  299.7l: (106.9dB    96W 106.1dB) @  53Hz
                0.6   87.2l: (105.9dB    76W 106.1dB) @  50Hz
                0.7   47.4l: (105.9dB    77W 106.1dB) @  50Hz
                0.8   31.1l: (107.3dB   106W 106.1dB) @  54Hz
                0.9   22.3l: (107.8dB   119W 106.1dB) @  56Hz
                1.0   17.0l: (108.4dB   135W 106.1dB) @  58Hz
                1.1   13.5l: (109.1dB   161W 106.1dB) @  60Hz
                1.1   13.5l: (106.3dB    83W 106.1dB) @  51Hz (  788uF)

0.60  88.4dB:   0.5  868.1l: (105.8dB    80W 105.8dB) @  50Hz
                0.6  120.1l: (104.8dB    63W 105.8dB) @  47Hz
                0.7   59.5l: (104.8dB    64W 105.8dB) @  47Hz
                0.8   37.6l: (106.3dB    88W 105.8dB) @  51Hz
                0.9   26.5l: (106.7dB    99W 105.8dB) @  52Hz
                1.0   20.0l: (107.3dB   112W 105.8dB) @  54Hz
                1.1   15.7l: (108.0dB   134W 105.8dB) @  56Hz
                1.1   15.7l: (105.2dB    69W 105.8dB) @  48Hz (  839uF)

1.00  88.1dB:   0.6  174.5l: (103.8dB    53W 105.5dB) @  44Hz
                0.7   75.4l: (103.8dB    54W 105.5dB) @  44Hz
                0.8   45.5l: (105.2dB    75W 105.5dB) @  48Hz
                0.9   31.4l: (105.7dB    83W 105.5dB) @  49Hz
                1.0   23.3l: (106.3dB    95W 105.5dB) @  51Hz
                1.1   18.2l: (107.0dB   113W 105.5dB) @  53Hz
                1.1   18.2l: (104.2dB    58W 105.5dB) @  45Hz (  890uF)

