-------------
W8137K
            89.5dB            80W       1x70mm
   fu     fb      fo      SplMech  Vb1     Vb2       d         l        C
 17.3Hz  35Hz   70Hz   87.5dB  587l +  27l  * 1x40mm   1174mm
 19.0Hz  37Hz   72Hz   89.1dB  266l +  27l  * 1x40mm   1046mm
 20.8Hz  39Hz   73Hz   90.7dB  165l +  27l  * 1x40mm    933mm
 22.7Hz  41Hz   75Hz   92.2dB  116l +  27l  * 1x40mm    831mm
 24.8Hz  44Hz   77Hz   93.8dB   87l +  27l  * 1x40mm    741mm
 27.1Hz  46Hz   80Hz   95.3dB   67l +  27l  * 1x40mm    660mm
 29.5Hz  49Hz   82Hz   96.8dB   54l +  27l  * 1x40mm    589mm
 32.1Hz  52Hz   85Hz   98.2dB   44l +  27l  * 1x40mm    524mm
 34.8Hz  55Hz   87Hz   99.6dB   37l +  27l  - 1x50mm    730mm
 37.8Hz  58Hz   90Hz  101.1dB   31l +  27l  - 1x50mm    651mm
 41.0Hz  62Hz   94Hz  102.5dB   26l +  27l  - 1x50mm    580mm
 44.4Hz  64Hz   97Hz  103.9dB   24l +  27l  - 1x50mm    543mm
 48.0Hz  69Hz  101Hz  105.2dB   19l +  27l  - 1x50mm    461mm
 51.8Hz  74Hz  104Hz  106.6dB   17l +  27l  - 1x50mm    411mm
 56.0Hz  78Hz  108Hz  107.9dB   14l +  27l    1x70mm    718mm
 60.3Hz  83Hz  113Hz  109.2dB   13l +  27l    1x70mm    639mm
 15.8Hz  38Hz   68Hz   85.9dB  189l +  19l  * 1x40mm   1318mm
 17.3Hz  41Hz   70Hz   87.5dB  128l +  19l  * 1x40mm   1174mm
 19.0Hz  43Hz   72Hz   89.1dB   94l +  19l  * 1x40mm   1046mm
 20.8Hz  46Hz   73Hz   90.7dB   73l +  19l  * 1x40mm    933mm
 22.7Hz  48Hz   75Hz   92.2dB   58l +  19l  * 1x40mm    831mm
 24.8Hz  51Hz   77Hz   93.8dB   47l +  19l  * 1x40mm    741mm
 27.1Hz  54Hz   80Hz   95.3dB   39l +  19l  * 1x40mm    660mm
 29.5Hz  57Hz   82Hz   96.8dB   33l +  19l  * 1x40mm    589mm
 32.1Hz  61Hz   85Hz   98.2dB   28l +  19l  * 1x40mm    525mm
 34.8Hz  64Hz   87Hz   99.6dB   24l +  19l  - 1x50mm    730mm
 37.8Hz  68Hz   90Hz  101.1dB   20l +  19l  - 1x50mm    651mm
 41.0Hz  62Hz   94Hz  102.5dB   26l +  19l  - 1x50mm    790mm
 44.4Hz  64Hz   97Hz  103.9dB   24l +  19l  - 1x50mm    740mm
 48.0Hz  69Hz  101Hz  105.2dB   19l +  19l  - 1x50mm    627mm
 44.6Hz  74Hz  104Hz  103.9dB   17l +  19l  - 1x50mm    559mm
 48.7Hz  78Hz  108Hz  105.5dB   14l +  19l  - 1x50mm    498mm
 60.3Hz  83Hz  113Hz  109.2dB   13l +  19l  - 1x50mm    444mm
 19.0Hz  46Hz  112Hz   89.1dB   70l +  14l  * 1x40mm   1317mm
 20.9Hz  49Hz  114Hz   90.8dB   56l +  14l  * 1x40mm   1174mm
 23.0Hz  52Hz  116Hz   92.5dB   46l +  14l  * 1x40mm   1047mm
 25.3Hz  55Hz  118Hz   94.1dB   38l +  14l  * 1x40mm    933mm
 27.8Hz  58Hz  120Hz   95.8dB   32l +  14l  * 1x40mm    831mm
 30.5Hz  61Hz  123Hz   97.4dB   27l +  14l  * 1x40mm    741mm
 33.5Hz  65Hz  126Hz   99.0dB   23l +  14l  * 1x40mm    660mm
 36.6Hz  69Hz  129Hz  100.5dB   20l +  14l  * 1x40mm    588mm
 40.0Hz  73Hz  133Hz  102.1dB   17l +  14l  * 1x40mm    525mm
 43.7Hz  77Hz  136Hz  103.6dB   15l +  14l  - 1x50mm    730mm
 47.7Hz  82Hz  140Hz  105.1dB   13l +  14l  - 1x50mm    651mm
 51.9Hz  87Hz  145Hz  106.6dB   11l +  14l  - 1x50mm    580mm
 56.5Hz  92Hz  149Hz  108.0dB   10l +  14l  - 1x50mm    517mm
 61.4Hz  97Hz  154Hz  109.5dB    9l +  14l  - 1x50mm    461mm
 66.6Hz 103Hz  159Hz  110.9dB    8l +  14l  - 1x50mm    411mm
 72.2Hz 109Hz  165Hz  112.3dB    7l +  14l    1x70mm    718mm
 78.2Hz 116Hz  171Hz  113.7dB    6l +  14l    1x70mm    639mm
