-------------
9BGS119_8
            85.5dB            30W       1x40mm
   fu     fb      fo      SplMech  Vb1     Vb2       d         l        C
 47.2Hz  83Hz  147Hz   84.2dB  102l +   2l    1x40mm   2514mm
 51.4Hz  88Hz  151Hz   85.7dB   20l +   2l    1x40mm   2241mm
 56.0Hz  93Hz  156Hz   87.2dB   11l +   2l    1x40mm   1997mm
 60.9Hz  99Hz  161Hz   88.7dB    7l +   2l    1x40mm   1780mm
 66.2Hz 105Hz  166Hz   90.1dB    5l +   2l    1x40mm   1586mm
 71.8Hz 111Hz  172Hz   91.5dB    4l +   2l    1x40mm   1414mm
 77.8Hz 118Hz  178Hz   92.9dB    3l +   2l    1x40mm   1260mm
 84.3Hz 122Hz  184Hz   94.3dB    3l +   2l    1x40mm   1180mm
 39.5Hz  87Hz  139Hz   81.1dB   28l +   2l    1x40mm   3165mm
 43.2Hz  92Hz  143Hz   82.7dB   13l +   2l    1x40mm   2821mm
 47.2Hz  97Hz  147Hz   84.2dB    8l +   2l    1x40mm   2514mm
 51.4Hz 103Hz  151Hz   85.7dB    5l +   2l    1x40mm   2241mm
 56.0Hz 109Hz  156Hz   87.2dB    4l +   2l    1x40mm   1997mm
 60.9Hz 115Hz  161Hz   88.7dB    3l +   2l    1x40mm   1780mm
 66.2Hz 122Hz  166Hz   90.1dB    3l +   2l    1x40mm   1586mm
 71.8Hz 130Hz  172Hz   91.5dB    2l +   2l    1x40mm   1414mm
 77.8Hz 118Hz  178Hz   92.9dB    3l +   2l    1x40mm   1715mm
 84.3Hz 122Hz  184Hz   94.3dB    3l +   2l    1x40mm   1606mm
 84.7Hz 140Hz  198Hz   94.4dB    2l +   2l    1x40mm   1214mm
 36.0Hz  87Hz  212Hz   79.5dB   23l +   1l    1x40mm   4470mm
 39.7Hz  93Hz  216Hz   81.2dB   11l +   1l    1x40mm   3985mm
 43.7Hz  98Hz  220Hz   82.9dB    7l +   1l    1x40mm   3552mm
 48.1Hz 104Hz  224Hz   84.6dB    5l +   1l    1x40mm   3165mm
 52.9Hz 110Hz  229Hz   86.2dB    4l +   1l    1x40mm   2821mm
 58.0Hz 117Hz  234Hz   87.8dB    3l +   1l    1x40mm   2514mm
 63.6Hz 123Hz  240Hz   89.4dB    2l +   1l    1x40mm   2241mm
 69.6Hz 131Hz  246Hz   91.0dB    2l +   1l    1x40mm   1997mm
 76.1Hz 139Hz  252Hz   92.5dB    2l +   1l    1x40mm   1780mm
 83.1Hz 147Hz  259Hz   94.1dB    1l +   1l    1x40mm   1586mm
-------------
TG9FD-10-08
            84.4dB            25W       1x40mm
   fu     fb      fo      SplMech  Vb1     Vb2       d         l        C
 67.4Hz 107Hz  169Hz   89.8dB   31l +   1l    1x40mm   3088mm
 73.1Hz 113Hz  175Hz   91.3dB    6l +   1l    1x40mm   2752mm
 79.2Hz 120Hz  181Hz   92.7dB    3l +   1l    1x40mm   2453mm
-------------
TC9FD-18-08
            84.6dB            30W       1x40mm
   fu     fb      fo      SplMech  Vb1     Vb2       d         l        C
 71.2Hz 128Hz  170Hz   90.8dB   22l +   1l    1x40mm   1544mm
 84.0Hz 139Hz  197Hz   93.6dB    5l +   1l    1x40mm   1326mm
 69.0Hz 130Hz  244Hz   90.2dB   16l +   1l    1x40mm   2181mm
 75.5Hz 137Hz  250Hz   91.8dB    6l +   1l    1x40mm   1944mm
 82.4Hz 146Hz  257Hz   93.3dB    3l +   1l    1x40mm   1733mm
-------------
10BGS119_8
            86.0dB            30W       1x40mm
   fu     fb      fo      SplMech  Vb1     Vb2       d         l        C
 46.7Hz  85Hz  155Hz   72.0dB   24l +   1l    1x40mm   3642mm
 51.0Hz  90Hz  159Hz   73.5dB   11l +   1l    1x40mm   3247mm
 55.6Hz  95Hz  164Hz   75.1dB    6l +   1l    1x40mm   2894mm
 60.6Hz 101Hz  169Hz   76.5dB    4l +   1l    1x40mm   2579mm
 65.9Hz 107Hz  174Hz   78.0dB    3l +   1l    1x40mm   2298mm
 71.6Hz 113Hz  180Hz   79.4dB    3l +   1l    1x40mm   2048mm
 77.7Hz 120Hz  186Hz   80.9dB    2l +   1l    1x40mm   1826mm
 84.2Hz 127Hz  192Hz   82.3dB    2l +   1l    1x40mm   1627mm
 35.6Hz  83Hz  144Hz   67.3dB   40l +   1l    1x40mm   5145mm
 39.1Hz  88Hz  147Hz   68.9dB   13l +   1l    1x40mm   4585mm
 42.7Hz  94Hz  151Hz   70.5dB    7l +   1l    1x40mm   4087mm
 46.7Hz  99Hz  155Hz   72.0dB    5l +   1l    1x40mm   3643mm
 51.0Hz 105Hz  159Hz   73.5dB    4l +   1l    1x40mm   3246mm
 55.6Hz 111Hz  164Hz   75.1dB    3l +   1l    1x40mm   2894mm
 60.6Hz 118Hz  169Hz   76.5dB    2l +   1l    1x40mm   2579mm
 65.9Hz 125Hz  174Hz   78.0dB    2l +   1l    1x40mm   2299mm
 71.6Hz 132Hz  180Hz   79.4dB    1l +   1l    1x40mm   2048mm
 77.7Hz 140Hz  186Hz   80.9dB    1l +   1l    1x40mm   1826mm
 84.2Hz 127Hz  192Hz   82.3dB    2l +   1l    1x40mm   2215mm
-------------
10BG120_06
            86.0dB            30W       1x40mm
   fu     fb      fo      SplMech  Vb1     Vb2       d         l        C
 63.5Hz  96Hz  145Hz   79.1dB   78l +   2l    1x40mm   1972mm
 68.7Hz  99Hz  150Hz   80.5dB   17l +   2l    1x40mm   1846mm
 74.3Hz 108Hz  156Hz   81.9dB    5l +   2l    1x40mm   1566mm
 80.3Hz 114Hz  162Hz   83.2dB    3l +   2l    1x40mm   1396mm
 54.0Hz 100Hz  135Hz   76.3dB   15l +   2l    1x40mm   2482mm
 58.6Hz 106Hz  140Hz   77.7dB    6l +   2l    1x40mm   2212mm
 63.5Hz  96Hz  145Hz   79.1dB   78l +   2l    1x40mm   2684mm
 68.7Hz  99Hz  150Hz   80.5dB   17l +   2l    1x40mm   2513mm
 74.3Hz 108Hz  156Hz   81.9dB    5l +   2l    1x40mm   2132mm
 69.0Hz 114Hz  162Hz   80.6dB    3l +   2l    1x40mm   1900mm
 75.4Hz 121Hz  168Hz   82.1dB    2l +   2l    1x40mm   1693mm
 47.3Hz  95Hz  191Hz   74.0dB 1249l +   1l    1x40mm   3934mm
 51.9Hz 101Hz  195Hz   75.6dB   12l +   1l    1x40mm   3505mm
 56.8Hz 107Hz  200Hz   77.2dB    6l +   1l    1x40mm   3124mm
 62.1Hz 113Hz  206Hz   78.8dB    4l +   1l    1x40mm   2785mm
 67.8Hz 120Hz  211Hz   80.3dB    3l +   1l    1x40mm   2482mm
 73.9Hz 127Hz  217Hz   81.8dB    2l +   1l    1x40mm   2212mm
 80.5Hz 134Hz  224Hz   83.3dB    2l +   1l    1x40mm   1971mm
-------------
13WNS128_8
            88.0dB            50W       1x50mm
   fu     fb      fo      SplMech  Vb1     Vb2       d         l        C
 32.4Hz  67Hz  140Hz   82.4dB   22l +   3l  + 1x40mm   2706mm
 35.5Hz  71Hz  143Hz   84.0dB   16l +   3l  + 1x40mm   2412mm
 38.9Hz  76Hz  147Hz   85.6dB   13l +   3l  + 1x40mm   2149mm
 42.6Hz  80Hz  150Hz   87.2dB   10l +   3l  + 1x40mm   1916mm
 46.6Hz  85Hz  154Hz   88.7dB    8l +   3l  + 1x40mm   1707mm
 50.8Hz  90Hz  158Hz   90.2dB    7l +   3l  + 1x40mm   1522mm
 55.4Hz  95Hz  163Hz   91.7dB    6l +   3l  + 1x40mm   1356mm
 60.4Hz 101Hz  168Hz   93.2dB    5l +   3l  + 1x40mm   1209mm
 65.7Hz 107Hz  173Hz   94.7dB    4l +   3l  + 1x40mm   1077mm
 71.3Hz 113Hz  179Hz   96.1dB    4l +   3l  + 1x40mm    960mm
 77.4Hz 120Hz  185Hz   97.5dB    3l +   3l  + 1x40mm    856mm
 83.9Hz 127Hz  192Hz   98.9dB    3l +   3l  - 1x40mm    763mm
 32.4Hz  79Hz  140Hz   82.4dB   11l +   2l  + 1x40mm   2706mm
 35.5Hz  83Hz  143Hz   84.0dB    9l +   2l  + 1x40mm   2412mm
 38.9Hz  88Hz  147Hz   85.6dB    7l +   2l  + 1x40mm   2149mm
 42.6Hz  93Hz  150Hz   87.2dB    6l +   2l  + 1x40mm   1916mm
 46.6Hz  99Hz  154Hz   88.7dB    5l +   2l  + 1x40mm   1708mm
 50.8Hz 105Hz  158Hz   90.2dB    4l +   2l  + 1x40mm   1522mm
 55.4Hz 111Hz  163Hz   91.7dB    4l +   2l  + 1x40mm   1356mm
 60.4Hz 117Hz  168Hz   93.2dB    3l +   2l  + 1x40mm   1209mm
 65.7Hz 124Hz  173Hz   94.7dB    3l +   2l  + 1x40mm   1077mm
 71.3Hz 132Hz  179Hz   96.1dB    2l +   2l  + 1x40mm    960mm
 77.4Hz 140Hz  185Hz   97.5dB    2l +   2l  + 1x40mm    856mm
 83.9Hz 127Hz  192Hz   98.9dB    3l +   2l  + 1x40mm   1038mm
 38.8Hz  94Hz  229Hz   85.6dB    6l +   2l  + 1x40mm   2706mm
 42.8Hz 100Hz  233Hz   87.3dB    5l +   2l  + 1x40mm   2412mm
 47.2Hz 106Hz  237Hz   88.9dB    4l +   2l  + 1x40mm   2150mm
 51.9Hz 112Hz  242Hz   90.6dB    4l +   2l  + 1x40mm   1916mm
 57.0Hz 119Hz  247Hz   92.2dB    3l +   2l  + 1x40mm   1708mm
 62.6Hz 126Hz  252Hz   93.8dB    3l +   2l  + 1x40mm   1522mm
 68.6Hz 133Hz  258Hz   95.4dB    2l +   2l  + 1x40mm   1356mm
 75.0Hz 141Hz  265Hz   97.0dB    2l +   2l  + 1x40mm   1209mm
 82.0Hz 149Hz  272Hz   98.6dB    2l +   2l  + 1x40mm   1077mm
-------------
17WN225_8
            91.0dB            60W       1x70mm
   fu     fb      fo      SplMech  Vb1     Vb2       d         l        C
 28.2Hz  59Hz  122Hz   88.1dB   52l +   7l  * 1x40mm   1581mm
 31.0Hz  62Hz  125Hz   89.7dB   38l +   7l  * 1x40mm   1409mm
 33.9Hz  66Hz  128Hz   91.3dB   29l +   7l  * 1x40mm   1256mm
 37.2Hz  70Hz  131Hz   92.8dB   23l +   7l  * 1x40mm   1119mm
 40.6Hz  74Hz  134Hz   94.4dB   19l +   7l  * 1x40mm    997mm
 44.3Hz  78Hz  138Hz   95.9dB   16l +   7l  * 1x40mm    889mm
 48.4Hz  83Hz  142Hz   97.4dB   13l +   7l  * 1x40mm    792mm
 52.7Hz  88Hz  147Hz   98.9dB   11l +   7l  * 1x40mm    706mm
 57.3Hz  93Hz  151Hz  100.4dB    9l +   7l  * 1x40mm    629mm
 62.2Hz  99Hz  156Hz  101.8dB    8l +   7l  * 1x40mm    561mm
 67.5Hz 104Hz  161Hz  103.2dB    7l +   7l  - 1x50mm    781mm
 73.2Hz 111Hz  167Hz  104.6dB    6l +   7l  - 1x50mm    696mm
 79.3Hz 114Hz  173Hz  106.0dB    6l +   7l  - 1x50mm    652mm
 28.2Hz  68Hz  122Hz   88.1dB   25l +   5l  * 1x40mm   1581mm
 31.0Hz  73Hz  125Hz   89.7dB   20l +   5l  * 1x40mm   1409mm
 33.9Hz  77Hz  128Hz   91.3dB   17l +   5l  * 1x40mm   1255mm
 37.2Hz  81Hz  131Hz   92.8dB   14l +   5l  * 1x40mm   1119mm
 40.6Hz  86Hz  134Hz   94.4dB   12l +   5l  * 1x40mm    998mm
 44.3Hz  91Hz  138Hz   95.9dB   10l +   5l  * 1x40mm    889mm
 48.4Hz  97Hz  142Hz   97.4dB    8l +   5l  * 1x40mm    792mm
 52.7Hz 102Hz  147Hz   98.9dB    7l +   5l  * 1x40mm    706mm
 57.3Hz 109Hz  151Hz  100.4dB    6l +   5l  * 1x40mm    629mm
 62.2Hz 115Hz  156Hz  101.8dB    5l +   5l  * 1x40mm    561mm
 67.5Hz 122Hz  161Hz  103.2dB    5l +   5l  - 1x50mm    781mm
 73.2Hz 111Hz  167Hz  104.6dB    6l +   5l  * 1x40mm    606mm
 79.3Hz 114Hz  173Hz  106.0dB    6l +   5l  * 1x40mm    568mm
 79.6Hz 131Hz  187Hz  106.1dB    4l +   5l  - 1x50mm    671mm
 33.9Hz  82Hz  199Hz   91.2dB   13l +   4l  * 1x40mm   1581mm
 37.4Hz  87Hz  203Hz   92.9dB   11l +   4l  * 1x40mm   1409mm
 41.1Hz  92Hz  207Hz   94.6dB   10l +   4l  * 1x40mm   1256mm
 45.3Hz  98Hz  211Hz   96.3dB    8l +   4l  * 1x40mm   1119mm
 49.7Hz 103Hz  215Hz   97.9dB    7l +   4l  * 1x40mm    997mm
 54.6Hz 110Hz  220Hz   99.5dB    6l +   4l  * 1x40mm    889mm
 59.8Hz 116Hz  225Hz  101.1dB    5l +   4l  * 1x40mm    792mm
 65.5Hz 123Hz  231Hz  102.7dB    5l +   4l  * 1x40mm    706mm
 71.6Hz 130Hz  237Hz  104.2dB    4l +   4l  * 1x40mm    629mm
 78.1Hz 138Hz  244Hz  105.7dB    4l +   4l  * 1x40mm    561mm
-------------
17WP232_8
            88.0dB            70W       1x70mm
   fu     fb      fo      SplMech  Vb1     Vb2       d         l        C
 22.2Hz  46Hz   96Hz   86.0dB   62l +   9l  * 1x40mm   1976mm
 24.4Hz  49Hz   98Hz   87.6dB   46l +   9l  * 1x40mm   1761mm
 26.7Hz  52Hz  101Hz   89.2dB   36l +   9l  * 1x40mm   1570mm
 29.3Hz  55Hz  103Hz   90.7dB   29l +   9l  * 1x40mm   1399mm
 32.0Hz  58Hz  106Hz   92.3dB   24l +   9l  * 1x40mm   1247mm
 34.9Hz  62Hz  109Hz   93.8dB   20l +   9l  * 1x40mm   1111mm
 38.1Hz  65Hz  112Hz   95.3dB   17l +   9l  * 1x40mm    991mm
 41.5Hz  69Hz  115Hz   96.8dB   14l +   9l  * 1x40mm    883mm
 45.1Hz  73Hz  119Hz   98.3dB   12l +   9l  * 1x40mm    787mm
 49.0Hz  78Hz  123Hz   99.7dB   10l +   9l  * 1x40mm    701mm
 53.2Hz  82Hz  127Hz  101.1dB    9l +   9l  * 1x40mm    625mm
 57.7Hz  87Hz  132Hz  102.5dB    8l +   9l  * 1x40mm    557mm
 62.4Hz  90Hz  136Hz  103.9dB    7l +   9l  * 1x40mm    522mm
 67.5Hz  98Hz  141Hz  105.3dB    6l +   9l  - 1x50mm    691mm
 73.0Hz 104Hz  147Hz  106.6dB    5l +   9l  - 1x50mm    616mm
 78.8Hz 110Hz  153Hz  107.9dB    4l +   9l  - 1x50mm    549mm
 84.9Hz 116Hz  159Hz  109.3dB    4l +   9l  - 1x50mm    489mm
 22.2Hz  54Hz   96Hz   86.0dB   31l +   7l  * 1x40mm   1976mm
 24.4Hz  57Hz   98Hz   87.6dB   25l +   7l  * 1x40mm   1761mm
 26.7Hz  61Hz  101Hz   89.2dB   21l +   7l  * 1x40mm   1570mm
 29.3Hz  64Hz  103Hz   90.7dB   17l +   7l  * 1x40mm   1399mm
 32.0Hz  68Hz  106Hz   92.3dB   15l +   7l  * 1x40mm   1247mm
 34.9Hz  72Hz  109Hz   93.8dB   13l +   7l  * 1x40mm   1111mm
 38.1Hz  76Hz  112Hz   95.3dB   11l +   7l  * 1x40mm    991mm
 41.5Hz  81Hz  115Hz   96.8dB    9l +   7l  * 1x40mm    883mm
 45.1Hz  86Hz  119Hz   98.3dB    8l +   7l  * 1x40mm    787mm
 49.0Hz  91Hz  123Hz   99.7dB    7l +   7l  * 1x40mm    701mm
 53.2Hz  96Hz  127Hz  101.1dB    6l +   7l  * 1x40mm    625mm
 57.7Hz  87Hz  132Hz  102.5dB    8l +   7l  * 1x40mm    758mm
 62.4Hz  90Hz  136Hz  103.9dB    7l +   7l  * 1x40mm    710mm
 67.5Hz  98Hz  141Hz  105.3dB    6l +   7l  * 1x40mm    602mm
 62.7Hz 104Hz  147Hz  104.0dB    5l +   7l  * 1x40mm    537mm
 68.5Hz 110Hz  153Hz  105.5dB    4l +   7l  - 1x50mm    747mm
 84.9Hz 116Hz  159Hz  109.3dB    4l +   7l  - 1x50mm    666mm
 26.7Hz  65Hz  157Hz   89.1dB   17l +   5l  * 1x40mm   1976mm
 29.4Hz  69Hz  160Hz   90.8dB   14l +   5l  * 1x40mm   1762mm
 32.4Hz  73Hz  163Hz   92.5dB   12l +   5l  * 1x40mm   1570mm
 35.6Hz  77Hz  166Hz   94.2dB   11l +   5l  * 1x40mm   1399mm
 39.2Hz  82Hz  170Hz   95.8dB    9l +   5l  * 1x40mm   1247mm
 43.0Hz  86Hz  173Hz   97.4dB    8l +   5l  * 1x40mm   1111mm
 47.1Hz  91Hz  178Hz   99.0dB    7l +   5l  * 1x40mm    990mm
 51.6Hz  97Hz  182Hz  100.6dB    6l +   5l  * 1x40mm    883mm
 56.4Hz 103Hz  187Hz  102.1dB    5l +   5l  * 1x40mm    787mm
 61.5Hz 109Hz  192Hz  103.7dB    5l +   5l  * 1x40mm    701mm
 67.1Hz 115Hz  198Hz  105.2dB    4l +   5l  * 1x40mm    625mm
 73.1Hz 122Hz  203Hz  106.6dB    4l +   5l  * 1x40mm    557mm
 79.5Hz 129Hz  210Hz  108.1dB    3l +   5l  - 1x50mm    776mm
-------------
m17wh-09-08
            91.0dB            60W       1x70mm
   fu     fb      fo      SplMech  Vb1     Vb2       d         l        C
 29.4Hz  61Hz  127Hz   88.8dB  100l +  13l  * 1x40mm    758mm
 32.3Hz  65Hz  130Hz   90.4dB   73l +  13l  * 1x40mm    675mm
 35.4Hz  69Hz  133Hz   92.0dB   56l +  13l  * 1x40mm    602mm
 38.7Hz  73Hz  137Hz   93.6dB   45l +  13l  * 1x40mm    536mm
 42.3Hz  77Hz  140Hz   95.1dB   36l +  13l  - 1x50mm    747mm
 46.2Hz  82Hz  144Hz   96.6dB   30l +  13l  - 1x50mm    666mm
 50.4Hz  86Hz  148Hz   98.1dB   25l +  13l  - 1x50mm    593mm
 54.9Hz  92Hz  153Hz   99.6dB   21l +  13l  - 1x50mm    529mm
 59.7Hz  97Hz  158Hz  101.1dB   18l +  13l  - 1x50mm    471mm
 64.9Hz 103Hz  163Hz  102.5dB   16l +  13l  - 1x50mm    420mm
 70.4Hz 109Hz  168Hz  103.9dB   13l +  13l    1x70mm    734mm
 76.3Hz 115Hz  174Hz  105.3dB   12l +  13l    1x70mm    654mm
 82.6Hz 119Hz  180Hz  106.7dB   11l +  13l    1x70mm    612mm
 29.4Hz  71Hz  127Hz   88.8dB   48l +  10l  * 1x40mm    758mm
 32.3Hz  76Hz  130Hz   90.4dB   39l +  10l  * 1x40mm    675mm
 35.4Hz  80Hz  133Hz   92.0dB   32l +  10l  * 1x40mm    602mm
 38.7Hz  85Hz  137Hz   93.6dB   27l +  10l  * 1x40mm    536mm
 42.3Hz  90Hz  140Hz   95.1dB   22l +  10l  - 1x50mm    747mm
 46.2Hz  95Hz  144Hz   96.6dB   19l +  10l  - 1x50mm    666mm
 50.4Hz 101Hz  148Hz   98.1dB   16l +  10l  - 1x50mm    593mm
 54.9Hz 107Hz  153Hz   99.6dB   14l +  10l  - 1x50mm    529mm
 59.7Hz 113Hz  158Hz  101.1dB   12l +  10l  - 1x50mm    471mm
 64.9Hz 120Hz  163Hz  102.5dB   11l +  10l  - 1x50mm    420mm
 70.4Hz 127Hz  168Hz  103.9dB    9l +  10l    1x70mm    734mm
 76.3Hz 115Hz  174Hz  105.3dB   12l +  10l  - 1x50mm    454mm
 82.6Hz 119Hz  180Hz  106.7dB   11l +  10l  - 1x50mm    425mm
 83.0Hz 137Hz  194Hz  106.8dB    8l +  10l    1x70mm    630mm
 35.3Hz  86Hz  208Hz   91.9dB   26l +   7l  * 1x40mm    757mm
 38.9Hz  91Hz  212Hz   93.6dB   22l +   7l  * 1x40mm    675mm
 42.9Hz  96Hz  216Hz   95.3dB   19l +   7l  * 1x40mm    602mm
 47.2Hz 102Hz  220Hz   97.0dB   16l +   7l  * 1x40mm    536mm
 51.8Hz 108Hz  224Hz   98.6dB   14l +   7l  - 1x50mm    747mm
 56.9Hz 114Hz  229Hz  100.2dB   12l +   7l  - 1x50mm    666mm
 62.3Hz 121Hz  235Hz  101.8dB   10l +   7l  - 1x50mm    593mm
 68.2Hz 128Hz  241Hz  103.4dB    9l +   7l  - 1x50mm    529mm
 74.6Hz 136Hz  247Hz  104.9dB    8l +   7l  - 1x50mm    471mm
 81.4Hz 144Hz  254Hz  106.5dB    7l +   7l  - 1x50mm    420mm
-------------
18WH09-08
            87.0dB            70W       1x70mm
   fu     fb      fo      SplMech  Vb1     Vb2       d         l        C
 23.2Hz  48Hz  100Hz   88.2dB   64l +  10l  * 1x40mm   1681mm
 25.4Hz  51Hz  102Hz   89.8dB   49l +  10l  * 1x40mm   1499mm
 27.8Hz  54Hz  105Hz   91.4dB   38l +  10l  * 1x40mm   1336mm
 30.5Hz  57Hz  107Hz   92.9dB   31l +  10l  * 1x40mm   1191mm
 33.3Hz  61Hz  110Hz   94.5dB   25l +  10l  * 1x40mm   1061mm
 36.4Hz  64Hz  113Hz   96.0dB   21l +  10l  * 1x40mm    946mm
 39.7Hz  68Hz  117Hz   97.5dB   18l +  10l  * 1x40mm    843mm
 43.2Hz  72Hz  120Hz   99.0dB   15l +  10l  * 1x40mm    751mm
 47.0Hz  76Hz  124Hz  100.5dB   13l +  10l  * 1x40mm    669mm
 51.0Hz  81Hz  128Hz  101.9dB   11l +  10l  * 1x40mm    597mm
 55.4Hz  86Hz  132Hz  103.3dB   10l +  10l  * 1x40mm    532mm
 60.0Hz  91Hz  137Hz  104.7dB    8l +  10l  - 1x50mm    741mm
 65.0Hz  94Hz  142Hz  106.1dB    8l +  10l  - 1x50mm    694mm
 70.3Hz 102Hz  147Hz  107.5dB    6l +  10l  - 1x50mm    588mm
 76.0Hz 108Hz  153Hz  108.8dB    6l +  10l  - 1x50mm    524mm
 82.0Hz 114Hz  159Hz  110.1dB    5l +  10l  - 1x50mm    467mm
 23.2Hz  56Hz  100Hz   88.2dB   33l +   7l  * 1x40mm   1681mm
 25.4Hz  60Hz  102Hz   89.8dB   27l +   7l  * 1x40mm   1498mm
 27.8Hz  63Hz  105Hz   91.4dB   22l +   7l  * 1x40mm   1335mm
 30.5Hz  67Hz  107Hz   92.9dB   19l +   7l  * 1x40mm   1190mm
 33.3Hz  71Hz  110Hz   94.5dB   16l +   7l  * 1x40mm   1061mm
 36.4Hz  75Hz  113Hz   96.0dB   14l +   7l  * 1x40mm    945mm
 39.7Hz  79Hz  117Hz   97.5dB   12l +   7l  * 1x40mm    843mm
 43.2Hz  84Hz  120Hz   99.0dB   10l +   7l  * 1x40mm    751mm
 47.0Hz  89Hz  124Hz  100.5dB    9l +   7l  * 1x40mm    669mm
 51.0Hz  94Hz  128Hz  101.9dB    8l +   7l  * 1x40mm    597mm
 55.4Hz 100Hz  132Hz  103.3dB    7l +   7l  * 1x40mm    532mm
 60.0Hz  91Hz  137Hz  104.7dB    8l +   7l  * 1x40mm    645mm
 65.0Hz  94Hz  142Hz  106.1dB    8l +   7l  * 1x40mm    604mm
 70.3Hz 102Hz  147Hz  107.5dB    6l +   7l  * 1x40mm    512mm
 65.3Hz 108Hz  153Hz  106.2dB    6l +   7l  - 1x50mm    713mm
 71.3Hz 114Hz  159Hz  107.7dB    5l +   7l  - 1x50mm    636mm
 27.8Hz  67Hz  164Hz   91.3dB   18l +   5l  * 1x40mm   1681mm
 30.6Hz  71Hz  166Hz   93.0dB   15l +   5l  * 1x40mm   1499mm
 33.7Hz  76Hz  170Hz   94.7dB   13l +   5l  * 1x40mm   1336mm
 37.1Hz  80Hz  173Hz   96.4dB   11l +   5l  * 1x40mm   1190mm
 40.8Hz  85Hz  177Hz   98.0dB   10l +   5l  * 1x40mm   1061mm
 44.8Hz  90Hz  181Hz   99.6dB    8l +   5l  * 1x40mm    946mm
 49.1Hz  95Hz  185Hz  101.2dB    7l +   5l  * 1x40mm    843mm
 53.7Hz 101Hz  190Hz  102.8dB    6l +   5l  * 1x40mm    751mm
 58.7Hz 107Hz  195Hz  104.3dB    6l +   5l  * 1x40mm    669mm
 64.1Hz 113Hz  200Hz  105.8dB    5l +   5l  * 1x40mm    597mm
 69.9Hz 120Hz  206Hz  107.4dB    4l +   5l  * 1x40mm    532mm
 76.1Hz 127Hz  212Hz  108.8dB    4l +   5l  - 1x50mm    740mm
 82.8Hz 135Hz  219Hz  110.3dB    3l +   5l  - 1x50mm    660mm
-------------
18WO09-08
            88.0dB            70W       1x70mm
   fu     fb      fo      SplMech  Vb1     Vb2       d         l        C
 21.8Hz  45Hz   94Hz   86.2dB   90l +  11l  * 1x40mm   1726mm
 23.9Hz  48Hz   96Hz   87.8dB   64l +  11l  * 1x40mm   1538mm
 26.2Hz  51Hz   99Hz   89.4dB   48l +  11l  * 1x40mm   1371mm
 28.7Hz  54Hz  101Hz   91.0dB   38l +  11l  * 1x40mm   1222mm
 31.4Hz  57Hz  104Hz   92.5dB   30l +  11l  * 1x40mm   1089mm
 34.3Hz  60Hz  107Hz   94.0dB   25l +  11l  * 1x40mm    970mm
 37.4Hz  64Hz  110Hz   95.6dB   21l +  11l  * 1x40mm    865mm
 40.7Hz  68Hz  113Hz   97.0dB   17l +  11l  * 1x40mm    771mm
 44.2Hz  72Hz  117Hz   98.5dB   15l +  11l  * 1x40mm    687mm
 48.1Hz  76Hz  121Hz   99.9dB   13l +  11l  * 1x40mm    612mm
 52.2Hz  81Hz  125Hz  101.4dB   11l +  11l  * 1x40mm    546mm
 56.5Hz  85Hz  129Hz  102.8dB    9l +  11l  - 1x50mm    760mm
 61.2Hz  88Hz  134Hz  104.1dB    9l +  11l  - 1x50mm    712mm
 66.2Hz  96Hz  139Hz  105.5dB    7l +  11l  - 1x50mm    604mm
 71.6Hz 102Hz  144Hz  106.8dB    6l +  11l  - 1x50mm    538mm
 77.2Hz 108Hz  150Hz  108.2dB    5l +  11l  - 1x50mm    480mm
 83.3Hz 114Hz  156Hz  109.5dB    5l +  11l  - 1x50mm    427mm
 21.8Hz  53Hz   94Hz   86.2dB   40l +   8l  * 1x40mm   1726mm
 23.9Hz  56Hz   96Hz   87.8dB   32l +   8l  * 1x40mm   1538mm
 26.2Hz  59Hz   99Hz   89.4dB   26l +   8l  * 1x40mm   1371mm
 28.7Hz  63Hz  101Hz   91.0dB   22l +   8l  * 1x40mm   1222mm
 31.4Hz  67Hz  104Hz   92.5dB   18l +   8l  * 1x40mm   1089mm
 34.3Hz  71Hz  107Hz   94.0dB   16l +   8l  * 1x40mm    970mm
 37.4Hz  75Hz  110Hz   95.6dB   13l +   8l  * 1x40mm    865mm
 40.7Hz  79Hz  113Hz   97.0dB   11l +   8l  * 1x40mm    771mm
 44.2Hz  84Hz  117Hz   98.5dB   10l +   8l  * 1x40mm    687mm
 48.1Hz  89Hz  121Hz   99.9dB    9l +   8l  * 1x40mm    612mm
 52.2Hz  94Hz  125Hz  101.4dB    7l +   8l  * 1x40mm    546mm
 56.5Hz  85Hz  129Hz  102.8dB    9l +   8l  * 1x40mm    662mm
 61.2Hz  88Hz  134Hz  104.1dB    9l +   8l  * 1x40mm    620mm
 66.2Hz  96Hz  139Hz  105.5dB    7l +   8l  * 1x40mm    526mm
 61.5Hz 102Hz  144Hz  104.2dB    6l +   8l  - 1x50mm    732mm
 67.2Hz 108Hz  150Hz  105.7dB    5l +   8l  - 1x50mm    653mm
 83.3Hz 114Hz  156Hz  109.5dB    5l +   8l  - 1x50mm    582mm
 26.2Hz  63Hz  154Hz   89.4dB   21l +   5l  * 1x40mm   1726mm
 28.9Hz  67Hz  157Hz   91.1dB   18l +   5l  * 1x40mm   1538mm
 31.8Hz  71Hz  160Hz   92.7dB   15l +   5l  * 1x40mm   1371mm
 35.0Hz  75Hz  163Hz   94.4dB   13l +   5l  * 1x40mm   1222mm
 38.4Hz  80Hz  166Hz   96.0dB   11l +   5l  * 1x40mm   1089mm
 42.2Hz  85Hz  170Hz   97.7dB   10l +   5l  * 1x40mm    970mm
 46.2Hz  90Hz  174Hz   99.2dB    8l +   5l  * 1x40mm    865mm
 50.6Hz  95Hz  178Hz  100.8dB    7l +   5l  * 1x40mm    771mm
 55.3Hz 101Hz  183Hz  102.4dB    6l +   5l  * 1x40mm    687mm
 60.3Hz 107Hz  188Hz  103.9dB    6l +   5l  * 1x40mm    612mm
 65.8Hz 113Hz  194Hz  105.4dB    5l +   5l  * 1x40mm    546mm
 71.7Hz 120Hz  200Hz  106.9dB    4l +   5l  - 1x50mm    760mm
 78.0Hz 127Hz  206Hz  108.3dB    4l +   5l  - 1x50mm    677mm
 84.7Hz 134Hz  213Hz  109.8dB    3l +   5l  - 1x50mm    604mm
-------------
21WN340_8
            90.0dB            80W       1x70mm
   fu     fb      fo      SplMech  Vb1     Vb2       d         l        C
 19.8Hz  41Hz   85Hz   92.2dB   91l +  19l  * 1x40mm   1150mm
 21.7Hz  44Hz   87Hz   93.8dB   74l +  19l  * 1x40mm   1025mm
 23.8Hz  46Hz   89Hz   95.4dB   61l +  19l  * 1x40mm    914mm
 26.0Hz  49Hz   92Hz   97.0dB   51l +  19l  * 1x40mm    814mm
 28.4Hz  52Hz   94Hz   98.5dB   43l +  19l  * 1x40mm    726mm
 31.0Hz  55Hz   97Hz  100.0dB   37l +  19l  * 1x40mm    647mm
 33.9Hz  58Hz  100Hz  101.6dB   32l +  19l  * 1x40mm    577mm
 36.9Hz  61Hz  103Hz  103.0dB   27l +  19l  * 1x40mm    514mm
 40.1Hz  65Hz  106Hz  104.5dB   24l +  19l  - 1x50mm    716mm
 43.6Hz  69Hz  109Hz  105.9dB   21l +  19l  - 1x50mm    638mm
 47.3Hz  73Hz  113Hz  107.4dB   18l +  19l  - 1x50mm    568mm
 51.2Hz  77Hz  117Hz  108.8dB   16l +  19l  - 1x50mm    507mm
 55.5Hz  80Hz  121Hz  110.1dB   15l +  19l  - 1x50mm    474mm
 60.0Hz  87Hz  126Hz  111.5dB   12l +  19l    1x70mm    789mm
 64.8Hz  92Hz  131Hz  112.8dB   11l +  19l    1x70mm    703mm
 70.0Hz  97Hz  136Hz  114.2dB    9l +  19l    1x70mm    627mm
 75.5Hz 103Hz  141Hz  115.5dB    8l +  19l    1x70mm    558mm
 19.8Hz  48Hz   85Hz   92.2dB   54l +  14l  * 1x40mm   1150mm
 21.7Hz  51Hz   87Hz   93.8dB   46l +  14l  * 1x40mm   1025mm
 23.8Hz  54Hz   89Hz   95.4dB   39l +  14l  * 1x40mm    914mm
 26.0Hz  57Hz   92Hz   97.0dB   33l +  14l  * 1x40mm    814mm
 28.4Hz  60Hz   94Hz   98.5dB   29l +  14l  * 1x40mm    726mm
 31.0Hz  64Hz   97Hz  100.0dB   25l +  14l  * 1x40mm    647mm
 33.9Hz  68Hz  100Hz  101.6dB   22l +  14l  * 1x40mm    577mm
 36.9Hz  72Hz  103Hz  103.0dB   19l +  14l  * 1x40mm    514mm
 40.1Hz  76Hz  106Hz  104.5dB   16l +  14l  - 1x50mm    716mm
 43.6Hz  80Hz  109Hz  105.9dB   14l +  14l  - 1x50mm    638mm
 47.3Hz  85Hz  113Hz  107.4dB   13l +  14l  - 1x50mm    568mm
 51.2Hz  77Hz  117Hz  108.8dB   16l +  14l  - 1x50mm    690mm
 55.5Hz  80Hz  121Hz  110.1dB   15l +  14l  - 1x50mm    646mm
 60.0Hz  87Hz  126Hz  111.5dB   12l +  14l  - 1x50mm    548mm
 55.7Hz  92Hz  131Hz  110.2dB   11l +  14l  - 1x50mm    488mm
 60.9Hz  97Hz  136Hz  111.7dB    9l +  14l  - 1x50mm    435mm
 75.5Hz 103Hz  141Hz  115.5dB    8l +  14l    1x70mm    760mm
 23.7Hz  58Hz  140Hz   95.4dB   33l +  10l  * 1x40mm   1150mm
 26.1Hz  61Hz  142Hz   97.1dB   28l +  10l  * 1x40mm   1025mm
 28.8Hz  65Hz  145Hz   98.7dB   24l +  10l  * 1x40mm    914mm
 31.7Hz  68Hz  148Hz  100.4dB   21l +  10l  * 1x40mm    814mm
 34.8Hz  72Hz  151Hz  102.0dB   18l +  10l  * 1x40mm    726mm
 38.2Hz  77Hz  154Hz  103.7dB   16l +  10l  * 1x40mm    647mm
 41.9Hz  81Hz  158Hz  105.2dB   14l +  10l  * 1x40mm    576mm
 45.8Hz  86Hz  162Hz  106.8dB   12l +  10l  * 1x40mm    514mm
 50.1Hz  91Hz  166Hz  108.4dB   11l +  10l  - 1x50mm    716mm
 54.7Hz  97Hz  171Hz  109.9dB   10l +  10l  - 1x50mm    638mm
 59.6Hz 102Hz  176Hz  111.4dB    8l +  10l  - 1x50mm    568mm
 64.9Hz 108Hz  181Hz  112.9dB    8l +  10l  - 1x50mm    507mm
 70.6Hz 115Hz  187Hz  114.3dB    7l +  10l  - 1x50mm    452mm
 76.8Hz 122Hz  193Hz  115.8dB    6l +  10l    1x70mm    789mm
 83.3Hz 129Hz  199Hz  117.2dB    5l +  10l    1x70mm    703mm
-------------
26WA550_4
            83.0dB           150W      1x100mm
   fu     fb      fo      SplMech  Vb1     Vb2       d         l        C
  9.9Hz  21Hz   43Hz   89.6dB  252l +  24l  * 1x50mm   5708mm
 10.9Hz  22Hz   44Hz   91.2dB  167l +  24l  * 1x50mm   5087mm
 11.9Hz  23Hz   45Hz   92.8dB  122l +  24l  * 1x50mm   4534mm
 13.1Hz  25Hz   46Hz   94.4dB   93l +  24l  * 1x50mm   4042mm
 14.3Hz  26Hz   47Hz   96.0dB   74l +  24l  * 1x50mm   3601mm
 15.6Hz  28Hz   49Hz   97.5dB   60l +  24l  * 1x50mm   3210mm
 17.0Hz  29Hz   50Hz   99.0dB   49l +  24l  * 1x50mm   2861mm
 18.5Hz  31Hz   52Hz  100.5dB   41l +  24l  * 1x50mm   2550mm
 20.2Hz  33Hz   53Hz  101.9dB   35l +  24l  * 1x50mm   2272mm
 21.9Hz  35Hz   55Hz  103.4dB   30l +  24l  * 1x50mm   2025mm
 23.8Hz  37Hz   57Hz  104.8dB   25l +  24l  * 1x50mm   1805mm
 25.8Hz  39Hz   59Hz  106.2dB   22l +  24l  * 1x50mm   1609mm
 27.9Hz  40Hz   61Hz  107.6dB   20l +  24l  * 1x50mm   1507mm
 30.2Hz  44Hz   63Hz  108.9dB   16l +  24l  * 1x50mm   1278mm
 32.6Hz  46Hz   66Hz  110.3dB   14l +  24l  * 1x50mm   1139mm
 35.2Hz  49Hz   68Hz  111.6dB   12l +  24l  * 1x50mm   1015mm
 37.9Hz  52Hz   71Hz  112.9dB   11l +  24l  * 1x50mm    905mm
  9.9Hz  24Hz   43Hz   89.6dB  101l +  18l  * 1x50mm   5708mm
 10.9Hz  26Hz   44Hz   91.2dB   79l +  18l  * 1x50mm   5087mm
 11.9Hz  27Hz   45Hz   92.8dB   64l +  18l  * 1x50mm   4534mm
 13.1Hz  29Hz   46Hz   94.4dB   52l +  18l  * 1x50mm   4041mm
 14.3Hz  30Hz   47Hz   96.0dB   43l +  18l  * 1x50mm   3602mm
 15.6Hz  32Hz   49Hz   97.5dB   37l +  18l  * 1x50mm   3210mm
 17.0Hz  34Hz   50Hz   99.0dB   31l +  18l  * 1x50mm   2861mm
 18.5Hz  36Hz   52Hz  100.5dB   27l +  18l  * 1x50mm   2550mm
 20.2Hz  38Hz   53Hz  101.9dB   23l +  18l  * 1x50mm   2273mm
 21.9Hz  40Hz   55Hz  103.4dB   20l +  18l  * 1x50mm   2025mm
 23.8Hz  43Hz   57Hz  104.8dB   17l +  18l  * 1x50mm   1805mm
 25.8Hz  39Hz   59Hz  106.2dB   22l +  18l  * 1x50mm   2190mm
 27.9Hz  40Hz   61Hz  107.6dB   20l +  18l  * 1x50mm   2051mm
 30.2Hz  44Hz   63Hz  108.9dB   16l +  18l  * 1x50mm   1740mm
 28.0Hz  46Hz   66Hz  107.6dB   14l +  18l  * 1x50mm   1550mm
 30.6Hz  49Hz   68Hz  109.2dB   12l +  18l  * 1x50mm   1382mm
 37.9Hz  52Hz   71Hz  112.9dB   11l +  18l  * 1x50mm   1231mm
 11.9Hz  29Hz   70Hz   92.8dB   51l +  12l  * 1x50mm   5708mm
 13.1Hz  31Hz   71Hz   94.5dB   42l +  12l  * 1x50mm   5088mm
 14.5Hz  32Hz   73Hz   96.2dB   36l +  12l  * 1x50mm   4535mm
 15.9Hz  34Hz   74Hz   97.8dB   30l +  12l  * 1x50mm   4041mm
 17.5Hz  36Hz   76Hz   99.5dB   26l +  12l  * 1x50mm   3602mm
 19.2Hz  39Hz   77Hz  101.1dB   22l +  12l  * 1x50mm   3210mm
 21.0Hz  41Hz   79Hz  102.7dB   19l +  12l  * 1x50mm   2861mm
 23.0Hz  43Hz   81Hz  104.2dB   17l +  12l  * 1x50mm   2550mm
 25.2Hz  46Hz   83Hz  105.8dB   15l +  12l  * 1x50mm   2273mm
 27.5Hz  49Hz   86Hz  107.3dB   13l +  12l  * 1x50mm   2025mm
 30.0Hz  51Hz   88Hz  108.8dB   11l +  12l  * 1x50mm   1805mm
 32.6Hz  54Hz   91Hz  110.3dB   10l +  12l  * 1x50mm   1609mm
 35.5Hz  58Hz   94Hz  111.8dB    9l +  12l  * 1x50mm   1434mm
 38.6Hz  61Hz   97Hz  113.2dB    8l +  12l  * 1x50mm   1278mm
 41.9Hz  65Hz  100Hz  114.6dB    7l +  12l  * 1x50mm   1139mm
 45.4Hz  69Hz  104Hz  116.0dB    6l +  12l  * 1x50mm   1015mm
 49.1Hz  73Hz  107Hz  117.4dB    5l +  12l  * 1x50mm    905mm
-------------
PLW_11_125_8
            85.0dB            40W       1x40mm
   fu     fb      fo      SplMech  Vb1     Vb2       d         l        C
 37.1Hz  72Hz  140Hz   85.0dB   47l +   2l    1x40mm   3761mm
 40.6Hz  76Hz  143Hz   86.5dB   19l +   2l    1x40mm   3353mm
 44.4Hz  81Hz  147Hz   88.1dB   11l +   2l    1x40mm   2988mm
 48.5Hz  86Hz  151Hz   89.6dB    8l +   2l    1x40mm   2663mm
 52.9Hz  91Hz  155Hz   91.1dB    6l +   2l    1x40mm   2374mm
 57.6Hz  96Hz  160Hz   92.6dB    4l +   2l    1x40mm   2116mm
 62.6Hz 102Hz  165Hz   94.1dB    4l +   2l    1x40mm   1885mm
 68.0Hz 108Hz  171Hz   95.5dB    3l +   2l    1x40mm   1680mm
 73.8Hz 114Hz  176Hz   96.9dB    2l +   2l    1x40mm   1498mm
 80.0Hz 121Hz  183Hz   98.3dB    2l +   2l    1x40mm   1335mm
 30.9Hz  75Hz  133Hz   81.8dB   24l +   1l    1x40mm   4736mm
 33.9Hz  79Hz  136Hz   83.4dB   13l +   1l    1x40mm   4220mm
 37.1Hz  84Hz  140Hz   85.0dB    9l +   1l    1x40mm   3761mm
 40.6Hz  89Hz  143Hz   86.5dB    6l +   1l    1x40mm   3353mm
 44.4Hz  94Hz  147Hz   88.1dB    5l +   1l    1x40mm   2988mm
 48.5Hz 100Hz  151Hz   89.6dB    4l +   1l    1x40mm   2663mm
 52.9Hz 106Hz  155Hz   91.1dB    3l +   1l    1x40mm   2374mm
 57.6Hz 112Hz  160Hz   92.6dB    3l +   1l    1x40mm   2115mm
 62.6Hz 119Hz  165Hz   94.1dB    2l +   1l    1x40mm   1885mm
 68.0Hz 126Hz  171Hz   95.5dB    2l +   1l    1x40mm   1680mm
 73.8Hz 133Hz  176Hz   96.9dB    2l +   1l    1x40mm   1498mm
 80.0Hz 121Hz  183Hz   98.3dB    2l +   1l    1x40mm   1817mm
-------------
PLW_14_232_8
            87.0dB            50W       1x50mm
   fu     fb      fo      SplMech  Vb1     Vb2       d         l        C
 27.2Hz  56Hz  117Hz   82.3dB   24l +   4l  + 1x40mm   3340mm
 29.8Hz  60Hz  120Hz   84.0dB   18l +   4l  + 1x40mm   2977mm
 32.7Hz  63Hz  123Hz   85.6dB   14l +   4l  + 1x40mm   2653mm
 35.7Hz  67Hz  126Hz   87.1dB   11l +   4l  + 1x40mm   2365mm
 39.1Hz  71Hz  129Hz   88.7dB    9l +   4l  + 1x40mm   2107mm
 42.7Hz  75Hz  133Hz   90.2dB    8l +   4l  + 1x40mm   1878mm
 46.5Hz  80Hz  137Hz   91.7dB    7l +   4l  + 1x40mm   1674mm
 50.7Hz  85Hz  141Hz   93.2dB    6l +   4l  + 1x40mm   1492mm
 55.1Hz  90Hz  145Hz   94.6dB    5l +   4l  + 1x40mm   1330mm
 59.9Hz  95Hz  150Hz   96.1dB    4l +   4l  + 1x40mm   1185mm
 65.0Hz 100Hz  155Hz   97.5dB    4l +   4l  + 1x40mm   1056mm
 70.4Hz 106Hz  161Hz   98.9dB    3l +   4l  + 1x40mm    941mm
 76.3Hz 110Hz  167Hz  100.3dB    3l +   4l  + 1x40mm    882mm
 82.5Hz 119Hz  173Hz  101.6dB    2l +   4l  - 1x40mm    748mm
 27.2Hz  66Hz  117Hz   82.3dB   12l +   3l  + 1x40mm   3340mm
 29.8Hz  70Hz  120Hz   84.0dB   10l +   3l  + 1x40mm   2977mm
 32.7Hz  74Hz  123Hz   85.6dB    8l +   3l  + 1x40mm   2653mm
 35.7Hz  78Hz  126Hz   87.1dB    7l +   3l  + 1x40mm   2365mm
 39.1Hz  83Hz  129Hz   88.7dB    6l +   3l  + 1x40mm   2108mm
 42.7Hz  88Hz  133Hz   90.2dB    5l +   3l  + 1x40mm   1878mm
 46.5Hz  93Hz  137Hz   91.7dB    4l +   3l  + 1x40mm   1674mm
 50.7Hz  99Hz  141Hz   93.2dB    4l +   3l  + 1x40mm   1492mm
 55.1Hz 104Hz  145Hz   94.6dB    3l +   3l  + 1x40mm   1330mm
 59.9Hz 111Hz  150Hz   96.1dB    3l +   3l  + 1x40mm   1185mm
 65.0Hz 117Hz  155Hz   97.5dB    2l +   3l  + 1x40mm   1056mm
 70.4Hz 106Hz  161Hz   98.9dB    3l +   3l  + 1x40mm   1281mm
 76.3Hz 110Hz  167Hz  100.3dB    3l +   3l  + 1x40mm   1200mm
 82.5Hz 119Hz  173Hz  101.6dB    2l +   3l  + 1x40mm   1018mm
 76.6Hz 126Hz  179Hz  100.4dB    2l +   3l  + 1x40mm    907mm
 83.7Hz 134Hz  187Hz  101.9dB    2l +   3l  + 1x40mm    809mm
 32.6Hz  79Hz  192Hz   85.5dB    7l +   2l  + 1x40mm   3340mm
 35.9Hz  84Hz  195Hz   87.2dB    6l +   2l  + 1x40mm   2977mm
 39.6Hz  89Hz  199Hz   88.9dB    5l +   2l  + 1x40mm   2654mm
 43.5Hz  94Hz  203Hz   90.5dB    4l +   2l  + 1x40mm   2365mm
 47.8Hz 100Hz  207Hz   92.2dB    4l +   2l  + 1x40mm   2108mm
 52.5Hz 105Hz  212Hz   93.8dB    3l +   2l  + 1x40mm   1878mm
 57.5Hz 112Hz  217Hz   95.4dB    3l +   2l  + 1x40mm   1674mm
 63.0Hz 118Hz  222Hz   97.0dB    2l +   2l  + 1x40mm   1492mm
 68.8Hz 125Hz  228Hz   98.5dB    2l +   2l  + 1x40mm   1330mm
 75.2Hz 133Hz  234Hz  100.0dB    2l +   2l  + 1x40mm   1185mm
 82.0Hz 141Hz  241Hz  101.5dB    2l +   2l  + 1x40mm   1056mm
-------------
PLW_18_225_8
            89.0dB            60W       1x70mm
   fu     fb      fo      SplMech  Vb1     Vb2       d         l        C
 16.2Hz  34Hz   70Hz   80.6dB  272l +  17l  * 1x40mm   1971mm
 17.8Hz  36Hz   72Hz   82.2dB  152l +  17l  * 1x40mm   1756mm
 19.5Hz  38Hz   73Hz   83.8dB  102l +  17l  * 1x40mm   1565mm
 21.3Hz  40Hz   75Hz   85.4dB   74l +  17l  * 1x40mm   1395mm
 23.3Hz  42Hz   77Hz   86.9dB   57l +  17l  * 1x40mm   1243mm
 25.5Hz  45Hz   79Hz   88.5dB   45l +  17l  * 1x40mm   1108mm
 27.8Hz  48Hz   82Hz   90.0dB   37l +  17l  * 1x40mm    988mm
 30.3Hz  50Hz   84Hz   91.5dB   30l +  17l  * 1x40mm    880mm
 32.9Hz  53Hz   87Hz   92.9dB   25l +  17l  * 1x40mm    785mm
 35.7Hz  57Hz   90Hz   94.4dB   21l +  17l  * 1x40mm    699mm
 38.8Hz  60Hz   93Hz   95.8dB   18l +  17l  * 1x40mm    623mm
 42.0Hz  64Hz   96Hz   97.2dB   16l +  17l  * 1x40mm    555mm
 45.5Hz  66Hz   99Hz   98.6dB   14l +  17l  * 1x40mm    520mm
 49.2Hz  71Hz  103Hz   99.9dB   12l +  17l  - 1x50mm    689mm
 53.2Hz  76Hz  107Hz  101.3dB   10l +  17l  - 1x50mm    614mm
 57.4Hz  80Hz  111Hz  102.6dB    9l +  17l  - 1x50mm    548mm
 61.9Hz  85Hz  116Hz  103.9dB    8l +  17l  - 1x50mm    488mm
 16.2Hz  39Hz   70Hz   80.6dB   82l +  12l  * 1x40mm   1971mm
 17.8Hz  42Hz   72Hz   82.2dB   62l +  12l  * 1x40mm   1756mm
 19.5Hz  44Hz   73Hz   83.8dB   49l +  12l  * 1x40mm   1565mm
 21.3Hz  47Hz   75Hz   85.4dB   39l +  12l  * 1x40mm   1395mm
 23.3Hz  50Hz   77Hz   86.9dB   32l +  12l  * 1x40mm   1244mm
 25.5Hz  52Hz   79Hz   88.5dB   27l +  12l  * 1x40mm   1108mm
 27.8Hz  56Hz   82Hz   90.0dB   23l +  12l  * 1x40mm    988mm
 30.3Hz  59Hz   84Hz   91.5dB   19l +  12l  * 1x40mm    880mm
 32.9Hz  62Hz   87Hz   92.9dB   16l +  12l  * 1x40mm    785mm
 35.7Hz  66Hz   90Hz   94.4dB   14l +  12l  * 1x40mm    699mm
 38.8Hz  70Hz   93Hz   95.8dB   12l +  12l  * 1x40mm    623mm
 42.0Hz  64Hz   96Hz   97.2dB   16l +  12l  * 1x40mm    756mm
 45.5Hz  66Hz   99Hz   98.6dB   14l +  12l  * 1x40mm    708mm
 49.2Hz  71Hz  103Hz   99.9dB   12l +  12l  * 1x40mm    601mm
 45.7Hz  76Hz  107Hz   98.6dB   10l +  12l  * 1x40mm    535mm
 49.9Hz  80Hz  111Hz  100.2dB    9l +  12l  - 1x50mm    745mm
 61.9Hz  85Hz  116Hz  103.9dB    8l +  12l  - 1x50mm    664mm
 19.5Hz  47Hz  115Hz   83.8dB   38l +   9l  * 1x40mm   1971mm
 21.5Hz  50Hz  117Hz   85.5dB   31l +   9l  * 1x40mm   1757mm
 23.6Hz  53Hz  119Hz   87.2dB   26l +   9l  * 1x40mm   1566mm
 26.0Hz  56Hz  121Hz   88.8dB   22l +   9l  * 1x40mm   1395mm
 28.6Hz  59Hz  124Hz   90.5dB   19l +   9l  * 1x40mm   1244mm
 31.3Hz  63Hz  126Hz   92.1dB   16l +   9l  * 1x40mm   1108mm
 34.4Hz  67Hz  129Hz   93.7dB   14l +   9l  * 1x40mm    988mm
 37.6Hz  71Hz  133Hz   95.2dB   12l +   9l  * 1x40mm    880mm
 41.1Hz  75Hz  136Hz   96.8dB   10l +   9l  * 1x40mm    785mm
 44.9Hz  79Hz  140Hz   98.3dB    9l +   9l  * 1x40mm    699mm
 48.9Hz  84Hz  144Hz   99.8dB    8l +   9l  * 1x40mm    623mm
 53.3Hz  89Hz  148Hz  101.3dB    7l +   9l  * 1x40mm    555mm
 58.0Hz  94Hz  153Hz  102.8dB    6l +   9l  - 1x50mm    774mm
 63.0Hz 100Hz  158Hz  104.2dB    5l +   9l  - 1x50mm    689mm
 68.3Hz 106Hz  163Hz  105.6dB    5l +   9l  - 1x50mm    614mm
 74.1Hz 112Hz  169Hz  107.0dB    4l +   9l  - 1x50mm    548mm
 80.2Hz 119Hz  175Hz  108.4dB    4l +   9l  - 1x50mm    488mm
-------------
PLW_18_WO_09_04
            86.0dB           100W       1x70mm
   fu     fb      fo      SplMech  Vb1     Vb2       d         l        C
 26.0Hz  54Hz  113Hz   88.4dB   21l +   4l  * 1x40mm   2882mm
 28.5Hz  57Hz  115Hz   90.1dB   17l +   4l  * 1x40mm   2569mm
 31.3Hz  61Hz  118Hz   91.7dB   14l +   4l  * 1x40mm   2289mm
 34.2Hz  64Hz  121Hz   93.2dB   12l +   4l  * 1x40mm   2041mm
 37.4Hz  68Hz  124Hz   94.8dB   10l +   4l  * 1x40mm   1818mm
 40.9Hz  72Hz  127Hz   96.3dB    9l +   4l  * 1x40mm   1621mm
 44.6Hz  76Hz  131Hz   97.8dB    7l +   4l  * 1x40mm   1445mm
 48.5Hz  81Hz  135Hz   99.3dB    6l +   4l  * 1x40mm   1288mm
 52.8Hz  86Hz  139Hz  100.7dB    5l +   4l  * 1x40mm   1147mm
 57.4Hz  91Hz  144Hz  102.2dB    5l +   4l  * 1x40mm   1023mm
 62.2Hz  96Hz  149Hz  103.6dB    4l +   4l  * 1x40mm    912mm
 67.5Hz 102Hz  154Hz  105.0dB    4l +   4l  * 1x40mm    812mm
 73.0Hz 105Hz  160Hz  106.4dB    3l +   4l  * 1x40mm    761mm
 79.0Hz 114Hz  166Hz  107.7dB    3l +   4l  * 1x40mm    645mm
 26.0Hz  63Hz  113Hz   88.4dB   13l +   3l  * 1x40mm   2882mm
 28.5Hz  67Hz  115Hz   90.1dB   11l +   3l  * 1x40mm   2568mm
 31.3Hz  71Hz  118Hz   91.7dB    9l +   3l  * 1x40mm   2289mm
 34.2Hz  75Hz  121Hz   93.2dB    8l +   3l  * 1x40mm   2040mm
 37.4Hz  79Hz  124Hz   94.8dB    7l +   3l  * 1x40mm   1819mm
 40.9Hz  84Hz  127Hz   96.3dB    6l +   3l  * 1x40mm   1621mm
 44.6Hz  89Hz  131Hz   97.8dB    5l +   3l  * 1x40mm   1445mm
 48.5Hz  94Hz  135Hz   99.3dB    4l +   3l  * 1x40mm   1287mm
 52.8Hz 100Hz  139Hz  100.7dB    4l +   3l  * 1x40mm   1147mm
 57.4Hz 106Hz  144Hz  102.2dB    3l +   3l  * 1x40mm   1023mm
 62.2Hz 112Hz  149Hz  103.6dB    3l +   3l  * 1x40mm    911mm
 67.5Hz 102Hz  154Hz  105.0dB    4l +   3l  * 1x40mm   1106mm
 73.0Hz 105Hz  160Hz  106.4dB    3l +   3l  * 1x40mm   1036mm
 79.0Hz 114Hz  166Hz  107.7dB    3l +   3l  * 1x40mm    878mm
 73.4Hz 121Hz  172Hz  106.5dB    2l +   3l  * 1x40mm    783mm
 80.1Hz 128Hz  179Hz  108.0dB    2l +   3l  * 1x40mm    698mm
 31.2Hz  76Hz  184Hz   91.6dB    8l +   2l  * 1x40mm   2882mm
 34.4Hz  80Hz  187Hz   93.3dB    6l +   2l  * 1x40mm   2569mm
 37.9Hz  85Hz  191Hz   95.0dB    6l +   2l  * 1x40mm   2290mm
 41.7Hz  90Hz  194Hz   96.6dB    5l +   2l  * 1x40mm   2040mm
 45.8Hz  95Hz  198Hz   98.3dB    4l +   2l  * 1x40mm   1819mm
 50.3Hz 101Hz  203Hz   99.9dB    4l +   2l  * 1x40mm   1621mm
 55.1Hz 107Hz  208Hz  101.5dB    3l +   2l  * 1x40mm   1444mm
 60.3Hz 113Hz  213Hz  103.1dB    3l +   2l  * 1x40mm   1287mm
 65.9Hz 120Hz  219Hz  104.6dB    3l +   2l  * 1x40mm   1147mm
 72.0Hz 127Hz  225Hz  106.1dB    2l +   2l  * 1x40mm   1023mm
 78.5Hz 135Hz  231Hz  107.6dB    2l +   2l  * 1x40mm    911mm
-------------
XW18 325/8
            88.0dB            60W       1x70mm
   fu     fb      fo      SplMech  Vb1     Vb2       d         l        C
 23.0Hz  48Hz   99Hz   87.1dB   82l +  10l  * 1x40mm   1691mm
 25.2Hz  51Hz  102Hz   88.7dB   58l +  10l  * 1x40mm   1507mm
 27.6Hz  54Hz  104Hz   90.3dB   44l +  10l  * 1x40mm   1343mm
 30.2Hz  57Hz  107Hz   91.9dB   35l +  10l  * 1x40mm   1197mm
 33.0Hz  60Hz  109Hz   93.4dB   28l +  10l  * 1x40mm   1067mm
 36.1Hz  64Hz  112Hz   94.9dB   23l +  10l  * 1x40mm    951mm
 39.3Hz  67Hz  116Hz   96.5dB   19l +  10l  * 1x40mm    848mm
 42.8Hz  71Hz  119Hz   97.9dB   16l +  10l  * 1x40mm    755mm
 46.6Hz  76Hz  123Hz   99.4dB   14l +  10l  * 1x40mm    673mm
 50.6Hz  80Hz  127Hz  100.8dB   12l +  10l  * 1x40mm    600mm
 54.9Hz  85Hz  131Hz  102.3dB   10l +  10l  * 1x40mm    535mm
 59.5Hz  90Hz  136Hz  103.7dB    9l +  10l  - 1x50mm    745mm
 64.5Hz  93Hz  141Hz  105.0dB    8l +  10l  - 1x50mm    697mm
 69.7Hz 101Hz  146Hz  106.4dB    7l +  10l  - 1x50mm    592mm
 75.3Hz 107Hz  152Hz  107.7dB    6l +  10l  - 1x50mm    527mm
 81.3Hz 113Hz  158Hz  109.1dB    5l +  10l  - 1x50mm    470mm
 23.0Hz  56Hz   99Hz   87.1dB   37l +   7l  * 1x40mm   1691mm
 25.2Hz  59Hz  102Hz   88.7dB   30l +   7l  * 1x40mm   1507mm
 27.6Hz  63Hz  104Hz   90.3dB   24l +   7l  * 1x40mm   1343mm
 30.2Hz  66Hz  107Hz   91.9dB   20l +   7l  * 1x40mm   1197mm
 33.0Hz  70Hz  109Hz   93.4dB   17l +   7l  * 1x40mm   1067mm
 36.1Hz  74Hz  112Hz   94.9dB   14l +   7l  * 1x40mm    951mm
 39.3Hz  79Hz  116Hz   96.5dB   12l +   7l  * 1x40mm    848mm
 42.8Hz  83Hz  119Hz   97.9dB   10l +   7l  * 1x40mm    755mm
 46.6Hz  88Hz  123Hz   99.4dB    9l +   7l  * 1x40mm    673mm
 50.6Hz  94Hz  127Hz  100.8dB    8l +   7l  * 1x40mm    600mm
 54.9Hz  99Hz  131Hz  102.3dB    7l +   7l  * 1x40mm    535mm
 59.5Hz  90Hz  136Hz  103.7dB    9l +   7l  * 1x40mm    649mm
 64.5Hz  93Hz  141Hz  105.0dB    8l +   7l  * 1x40mm    608mm
 69.7Hz 101Hz  146Hz  106.4dB    7l +   7l  * 1x40mm    515mm
 64.8Hz 107Hz  152Hz  105.1dB    6l +   7l  - 1x50mm    717mm
 70.7Hz 113Hz  158Hz  106.6dB    5l +   7l  - 1x50mm    640mm
 27.5Hz  67Hz  162Hz   90.3dB   20l +   5l  * 1x40mm   1691mm
 30.4Hz  71Hz  165Hz   92.0dB   16l +   5l  * 1x40mm   1507mm
 33.5Hz  75Hz  168Hz   93.6dB   14l +   5l  * 1x40mm   1343mm
 36.8Hz  79Hz  172Hz   95.3dB   12l +   5l  * 1x40mm   1197mm
 40.4Hz  84Hz  175Hz   96.9dB   10l +   5l  * 1x40mm   1067mm
 44.4Hz  89Hz  179Hz   98.6dB    9l +   5l  * 1x40mm    951mm
 48.6Hz  94Hz  183Hz  100.1dB    8l +   5l  * 1x40mm    847mm
 53.2Hz 100Hz  188Hz  101.7dB    7l +   5l  * 1x40mm    755mm
 58.2Hz 106Hz  193Hz  103.3dB    6l +   5l  * 1x40mm    673mm
 63.5Hz 112Hz  198Hz  104.8dB    5l +   5l  * 1x40mm    600mm
 69.3Hz 119Hz  204Hz  106.3dB    4l +   5l  * 1x40mm    535mm
 75.5Hz 126Hz  210Hz  107.8dB    4l +   5l  - 1x50mm    745mm
 82.1Hz 133Hz  217Hz  109.2dB    3l +   5l  - 1x50mm    664mm
