-------------
9BGS119_8
      85.5dB                             30W
SplMech  Pmech SplEle     f3

 65.4dB    39W  64.3dB @  16Hz   32
 67.5dB    39W  66.3dB @  18Hz   30
 69.3dB    39W  68.1dB @  20Hz   28
 71.0dB    39W  69.8dB @  22Hz   27
 72.5dB    40W  71.3dB @  24Hz   25
 73.9dB    40W  72.7dB @  26Hz   24
 75.2dB    40W  74.0dB @  28Hz   22
 76.4dB    40W  75.2dB @  30Hz   21
 77.5dB    40W  76.3dB @  32Hz   20
 78.5dB    40W  77.3dB @  34Hz   19
 79.5dB    40W  78.3dB @  36Hz   18
 80.5dB    40W  79.2dB @  38Hz   17
 81.4dB    40W  80.1dB @  40Hz   16
 82.2dB    40W  81.0dB @  42Hz   15
 83.0dB    40W  81.8dB @  44Hz   15
 83.8dB    40W  82.6dB @  46Hz   14
 84.5dB    40W  83.3dB @  48Hz   13
-------------
10BGS119_8
      86.0dB                             30W
SplMech  Pmech SplEle     f3

 53.4dB     2W  64.7dB @  16Hz   33
 55.4dB     2W  66.8dB @  18Hz   31
 57.3dB     2W  68.6dB @  20Hz   30
 58.9dB     2W  70.2dB @  22Hz   28
 60.4dB     2W  71.8dB @  24Hz   26
 61.8dB     2W  73.1dB @  26Hz   25
 63.1dB     2W  74.4dB @  28Hz   24
 64.3dB     2W  75.6dB @  30Hz   23
 65.4dB     2W  76.7dB @  32Hz   21
 66.5dB     2W  77.8dB @  34Hz   20
 67.5dB     2W  78.8dB @  36Hz   19
 68.4dB     2W  79.7dB @  38Hz   18
 69.3dB     2W  80.6dB @  40Hz   18
 70.2dB     2W  81.4dB @  42Hz   17
 71.0dB     2W  82.2dB @  44Hz   16
 71.7dB     2W  83.0dB @  46Hz   15
 72.5dB     2W  83.8dB @  48Hz   14
-------------
10BG120_06
      86.0dB                             30W
SplMech  Pmech SplEle     f3

 55.2dB     2W  66.1dB @  16Hz   29
 57.3dB     2W  68.1dB @  18Hz   26
 59.1dB     2W  69.9dB @  20Hz   25
 60.7dB     2W  71.6dB @  22Hz   23
 62.3dB     2W  73.1dB @  24Hz   21
 63.6dB     2W  74.5dB @  26Hz   20
 64.9dB     2W  75.7dB @  28Hz   19
 66.1dB     2W  76.9dB @  30Hz   18
 67.2dB     2W  78.1dB @  32Hz   17
 68.3dB     2W  79.1dB @  34Hz   15
 69.3dB     2W  80.1dB @  36Hz   14
 70.2dB     2W  81.0dB @  38Hz   14
 71.1dB     2W  81.9dB @  40Hz   13
 72.0dB     2W  82.8dB @  42Hz   12
 72.8dB     3W  83.6dB @  44Hz   11
 73.6dB     3W  84.3dB @  46Hz   10
 74.3dB     3W  85.1dB @  48Hz    9
-------------
13WNS128_8
      88.0dB                             50W
SplMech  Pmech SplEle     f3

 70.2dB    53W  69.9dB @  16Hz   33
 72.2dB    53W  72.0dB @  18Hz   31
 74.0dB    53W  73.8dB @  20Hz   29
 75.7dB    53W  75.4dB @  22Hz   28
 77.2dB    53W  76.9dB @  24Hz   26
 78.6dB    53W  78.3dB @  26Hz   25
 79.9dB    53W  79.6dB @  28Hz   24
 81.1dB    53W  80.8dB @  30Hz   22
 82.2dB    53W  81.9dB @  32Hz   21
 83.3dB    53W  83.0dB @  34Hz   20
 84.2dB    53W  84.0dB @  36Hz   19
 85.2dB    53W  84.9dB @  38Hz   18
 86.1dB    53W  85.8dB @  40Hz   17
 86.9dB    54W  86.6dB @  42Hz   17
 87.7dB    54W  87.4dB @  44Hz   16
 88.5dB    54W  88.2dB @  46Hz   15
 89.2dB    54W  88.9dB @  48Hz   14
-------------
17WN225_8
      91.0dB                             60W
SplMech  Pmech SplEle     f3

 78.2dB   119W  75.2dB @  16Hz   31
 80.2dB   119W  77.3dB @  18Hz   29
 82.1dB   120W  79.1dB @  20Hz   27
 83.7dB   120W  80.7dB @  22Hz   25
 85.2dB   120W  82.2dB @  24Hz   24
 86.6dB   120W  83.6dB @  26Hz   23
 87.9dB   120W  84.9dB @  28Hz   21
 89.1dB   120W  86.1dB @  30Hz   20
 90.2dB   120W  87.2dB @  32Hz   19
 91.3dB   121W  88.3dB @  34Hz   18
 92.3dB   121W  89.3dB @  36Hz   17
 93.2dB   121W  90.2dB @  38Hz   16
 94.1dB   121W  91.1dB @  40Hz   15
 95.0dB   121W  91.9dB @  42Hz   14
 95.8dB   121W  92.7dB @  44Hz   13
 96.5dB   121W  93.5dB @  46Hz   13
 97.3dB   121W  94.2dB @  48Hz   12
-------------
17WP232_8
      88.0dB                             70W
SplMech  Pmech SplEle     f3

 80.3dB   122W  77.9dB @  16Hz   27
 82.3dB   122W  79.9dB @  18Hz   25
 84.1dB   122W  81.7dB @  20Hz   23
 85.8dB   122W  83.4dB @  22Hz   21
 87.3dB   122W  84.9dB @  24Hz   20
 88.7dB   123W  86.3dB @  26Hz   18
 90.0dB   123W  87.5dB @  28Hz   17
 91.2dB   123W  88.7dB @  30Hz   16
 92.3dB   123W  89.9dB @  32Hz   15
 93.4dB   123W  90.9dB @  34Hz   14
 94.3dB   123W  91.9dB @  36Hz   13
 95.3dB   123W  92.8dB @  38Hz   12
 96.2dB   123W  93.7dB @  40Hz   11
 97.0dB   123W  94.6dB @  42Hz   10
 97.8dB   123W  95.4dB @  44Hz    9
 98.6dB   124W  96.1dB @  46Hz    9
 99.3dB   124W  96.9dB @  48Hz    8
-------------
m17wh-09-08
      91.0dB                             60W
SplMech  Pmech SplEle     f3

 78.2dB    65W  77.9dB @  16Hz   32
 80.2dB    65W  79.9dB @  18Hz   30
 82.1dB    65W  81.7dB @  20Hz   28
 83.7dB    65W  83.4dB @  22Hz   26
 85.2dB    65W  84.9dB @  24Hz   25
 86.6dB    65W  86.3dB @  26Hz   23
 87.9dB    65W  87.6dB @  28Hz   22
 89.1dB    65W  88.8dB @  30Hz   21
 90.2dB    65W  89.9dB @  32Hz   20
 91.3dB    65W  90.9dB @  34Hz   19
 92.3dB    65W  91.9dB @  36Hz   18
 93.2dB    66W  92.8dB @  38Hz   17
 94.1dB    66W  93.7dB @  40Hz   16
 95.0dB    66W  94.6dB @  42Hz   15
 95.8dB    66W  95.4dB @  44Hz   14
 96.5dB    66W  96.2dB @  46Hz   13
 97.3dB    66W  96.9dB @  48Hz   13
-------------
18WH09-08
      87.0dB                             70W
SplMech  Pmech SplEle     f3

 81.7dB   180W  77.6dB @  16Hz   28
 83.8dB   180W  79.7dB @  18Hz   26
 85.6dB   181W  81.5dB @  20Hz   24
 87.3dB   181W  83.2dB @  22Hz   22
 88.8dB   181W  84.7dB @  24Hz   21
 90.2dB   181W  86.0dB @  26Hz   19
 91.5dB   181W  87.3dB @  28Hz   18
 92.7dB   182W  88.5dB @  30Hz   17
 93.8dB   182W  89.6dB @  32Hz   16
 94.8dB   182W  90.7dB @  34Hz   14
 95.8dB   182W  91.7dB @  36Hz   14
 96.8dB   182W  92.6dB @  38Hz   13
 97.7dB   182W  93.5dB @  40Hz   12
 98.5dB   182W  94.3dB @  42Hz   11
 99.3dB   183W  95.2dB @  44Hz   10
100.1dB   183W  95.9dB @  46Hz    9
100.8dB   183W  96.7dB @  48Hz    9
-------------
18WO09-08
      88.0dB                             70W
SplMech  Pmech SplEle     f3

 80.8dB    95W  79.5dB @  16Hz   27
 82.9dB    95W  81.6dB @  18Hz   24
 84.7dB    95W  83.4dB @  20Hz   23
 86.4dB    95W  85.0dB @  22Hz   21
 87.9dB    95W  86.5dB @  24Hz   19
 89.3dB    95W  87.9dB @  26Hz   18
 90.5dB    95W  89.2dB @  28Hz   17
 91.7dB    95W  90.4dB @  30Hz   16
 92.9dB    95W  91.5dB @  32Hz   15
 93.9dB    96W  92.6dB @  34Hz   13
 94.9dB    96W  93.6dB @  36Hz   12
 95.9dB    96W  94.5dB @  38Hz   12
 96.7dB    96W  95.4dB @  40Hz   11
 97.6dB    96W  96.2dB @  42Hz   10
 98.4dB    96W  97.0dB @  44Hz    9
 99.2dB    96W  97.8dB @  46Hz    8
 99.9dB    96W  98.5dB @  48Hz    7
-------------
21WN340_8
      90.0dB                             80W
SplMech  Pmech SplEle     f3

 88.5dB   323W  82.5dB @  16Hz   25
 90.6dB   324W  84.5dB @  18Hz   23
 92.4dB   324W  86.3dB @  20Hz   21
 94.1dB   325W  88.0dB @  22Hz   19
 95.6dB   325W  89.5dB @  24Hz   18
 97.0dB   325W  90.9dB @  26Hz   16
 98.3dB   326W  92.2dB @  28Hz   15
 99.5dB   326W  93.4dB @  30Hz   14
100.6dB   326W  94.5dB @  32Hz   13
101.6dB   327W  95.5dB @  34Hz   12
102.6dB   327W  96.5dB @  36Hz   11
103.6dB   327W  97.4dB @  38Hz   10
104.5dB   327W  98.3dB @  40Hz    9
105.3dB   327W  99.2dB @  42Hz    8
106.1dB   328W 100.0dB @  44Hz    7
106.9dB   328W 100.8dB @  46Hz    7
107.6dB   328W 101.5dB @  48Hz    6
-------------
26WA550_4
      83.0dB                            150W
SplMech  Pmech SplEle     f3

 97.9dB  1715W  87.3dB @  16Hz   13
100.0dB  1718W  89.4dB @  18Hz   11
101.8dB  1721W  91.2dB @  20Hz    9
103.4dB  1723W  92.8dB @  22Hz    7
105.0dB  1725W  94.4dB @  24Hz    6
106.3dB  1727W  95.7dB @  26Hz    4
107.6dB  1729W  97.0dB @  28Hz    3
108.8dB  1730W  98.2dB @  30Hz    2
110.0dB  1732W  99.3dB @  32Hz    1
111.0dB  1733W 100.4dB @  34Hz   -0
112.0dB  1735W 101.4dB @  36Hz   -1
112.9dB  1736W 102.3dB @  38Hz   -2
113.8dB  1737W 103.2dB @  40Hz   -3
114.7dB  1738W 104.0dB @  42Hz   -4
115.5dB  1739W 104.8dB @  44Hz   -5
116.3dB  1740W 105.6dB @  46Hz   -5
117.0dB  1741W 106.4dB @  48Hz   -6
-------------
PLW_11_125_8
      85.0dB                             40W
SplMech  Pmech SplEle     f3

 70.4dB    82W  67.3dB @  16Hz   33
 72.4dB    82W  69.3dB @  18Hz   30
 74.2dB    82W  71.1dB @  20Hz   29
 75.9dB    82W  72.8dB @  22Hz   27
 77.4dB    82W  74.3dB @  24Hz   25
 78.8dB    82W  75.7dB @  26Hz   24
 80.1dB    82W  76.9dB @  28Hz   23
 81.3dB    82W  78.1dB @  30Hz   22
 82.4dB    83W  79.3dB @  32Hz   21
 83.5dB    83W  80.3dB @  34Hz   19
 84.4dB    83W  81.3dB @  36Hz   18
 85.4dB    83W  82.2dB @  38Hz   18
 86.3dB    83W  83.1dB @  40Hz   17
 87.1dB    83W  84.0dB @  42Hz   16
 87.9dB    83W  84.8dB @  44Hz   15
 88.7dB    83W  85.5dB @  46Hz   14
 89.4dB    83W  86.3dB @  48Hz   13
-------------
PLW_14_232_8
      87.0dB                             50W
SplMech  Pmech SplEle     f3

 73.2dB    72W  71.6dB @  16Hz   30
 75.2dB    72W  73.6dB @  18Hz   28
 77.0dB    72W  75.5dB @  20Hz   26
 78.7dB    72W  77.1dB @  22Hz   25
 80.2dB    72W  78.6dB @  24Hz   23
 81.6dB    72W  80.0dB @  26Hz   22
 82.9dB    72W  81.3dB @  28Hz   21
 84.1dB    72W  82.5dB @  30Hz   19
 85.2dB    72W  83.6dB @  32Hz   18
 86.2dB    72W  84.6dB @  34Hz   17
 87.2dB    72W  85.6dB @  36Hz   16
 88.2dB    72W  86.6dB @  38Hz   15
 89.1dB    72W  87.5dB @  40Hz   14
 89.9dB    72W  88.3dB @  42Hz   14
 90.7dB    73W  89.1dB @  44Hz   13
 91.5dB    73W  89.9dB @  46Hz   12
 92.2dB    73W  90.6dB @  48Hz   11
-------------
PLW_18_225_8
      89.0dB                             60W
SplMech  Pmech SplEle     f3

 80.4dB    44W  81.7dB @  16Hz   21
 82.4dB    44W  83.7dB @  18Hz   19
 84.3dB    44W  85.6dB @  20Hz   18
 85.9dB    44W  87.2dB @  22Hz   16
 87.4dB    45W  88.7dB @  24Hz   14
 88.8dB    45W  90.1dB @  26Hz   13
 90.1dB    45W  91.4dB @  28Hz   12
 91.3dB    45W  92.6dB @  30Hz   10
 92.4dB    45W  93.7dB @  32Hz    9
 93.5dB    45W  94.8dB @  34Hz    8
 94.5dB    45W  95.7dB @  36Hz    7
 95.4dB    45W  96.7dB @  38Hz    6
 96.3dB    45W  97.6dB @  40Hz    6
 97.2dB    45W  98.4dB @  42Hz    5
 98.0dB    45W  99.2dB @  44Hz    4
 98.7dB    45W 100.0dB @  46Hz    3
 99.5dB    45W 100.7dB @  48Hz    2
-------------
PLW_18_WO_09_04
      86.0dB                            100W
SplMech  Pmech SplEle     f3

 80.0dB   236W  76.3dB @  16Hz   30
 82.0dB   237W  78.3dB @  18Hz   28
 83.9dB   237W  80.1dB @  20Hz   26
 85.5dB   237W  81.8dB @  22Hz   24
 87.0dB   238W  83.3dB @  24Hz   23
 88.4dB   238W  84.7dB @  26Hz   21
 89.7dB   238W  86.0dB @  28Hz   20
 90.9dB   238W  87.1dB @  30Hz   19
 92.0dB   239W  88.3dB @  32Hz   18
 93.1dB   239W  89.3dB @  34Hz   17
 94.1dB   239W  90.3dB @  36Hz   16
 95.0dB   239W  91.2dB @  38Hz   15
 95.9dB   239W  92.1dB @  40Hz   14
 96.8dB   240W  93.0dB @  42Hz   13
 97.6dB   240W  93.8dB @  44Hz   12
 98.3dB   240W  94.5dB @  46Hz   11
 99.1dB   240W  95.3dB @  48Hz   11
-------------
XW18 325/8
      88.0dB                             60W
SplMech  Pmech SplEle     f3

 80.8dB   108W  78.3dB @  16Hz   27
 82.9dB   108W  80.3dB @  18Hz   25
 84.7dB   108W  82.1dB @  20Hz   24
 86.4dB   109W  83.8dB @  22Hz   22
 87.9dB   109W  85.3dB @  24Hz   20
 89.3dB   109W  86.7dB @  26Hz   19
 90.5dB   109W  88.0dB @  28Hz   18
 91.7dB   109W  89.1dB @  30Hz   17
 92.9dB   109W  90.3dB @  32Hz   15
 93.9dB   109W  91.3dB @  34Hz   14
 94.9dB   109W  92.3dB @  36Hz   13
 95.9dB   109W  93.2dB @  38Hz   12
 96.7dB   110W  94.1dB @  40Hz   12
 97.6dB   110W  95.0dB @  42Hz   11
 98.4dB   110W  95.8dB @  44Hz   10
 99.2dB   110W  96.5dB @  46Hz    9
 99.9dB   110W  97.3dB @  48Hz    8
