-------------
9BGS119_8
      85.5dB                             30W
Rpre   Spl      qtc    Vb     SplMech Pmech SplEle      f3

0.20  85.5dB:   0.6  114.9l: ( 96.3dB    30W  96.3dB) @  95Hz
                0.7    7.9l: ( 96.4dB    31W  96.3dB) @  95Hz
                0.8    3.8l: ( 97.8dB    42W  96.3dB) @ 103Hz
                0.9    2.4l: ( 98.3dB    47W  96.3dB) @ 106Hz
                1.0    1.7l: ( 98.8dB    54W  96.3dB) @ 109Hz
                1.1    1.3l: ( 99.6dB    64W  96.3dB) @ 114Hz
                1.1    1.3l: ( 96.7dB    33W  96.3dB) @  97Hz (  713uF)

0.60  85.0dB:   0.7   18.1l: ( 94.9dB    24W  95.8dB) @  87Hz
                0.8    5.9l: ( 96.3dB    33W  95.8dB) @  94Hz
                0.9    3.3l: ( 96.8dB    37W  95.8dB) @  97Hz
                1.0    2.3l: ( 97.3dB    42W  95.8dB) @ 100Hz
                1.1    1.7l: ( 98.1dB    50W  95.8dB) @ 105Hz
                1.1    1.7l: ( 95.2dB    26W  95.8dB) @  89Hz (  778uF)

1.00  84.6dB:   0.7  478.8l: ( 93.5dB    20W  95.4dB) @  81Hz
                0.8   10.0l: ( 94.9dB    27W  95.4dB) @  87Hz
                0.9    4.7l: ( 95.4dB    30W  95.4dB) @  90Hz
                1.0    3.0l: ( 96.0dB    34W  95.4dB) @  93Hz
                1.1    2.1l: ( 96.7dB    41W  95.4dB) @  97Hz
                1.1    2.1l: ( 93.9dB    21W  95.4dB) @  82Hz (  840uF)

-------------
10BGS119_8
      86.0dB                             30W
Rpre   Spl      qtc    Vb     SplMech Pmech SplEle      f3

0.20  85.0dB:   0.6   10.7l: ( 85.7dB     2W  98.1dB) @ 103Hz
                0.7    3.7l: ( 85.7dB     2W  98.1dB) @ 103Hz
                0.8    2.1l: ( 87.1dB     2W  98.1dB) @ 112Hz
                0.9    1.4l: ( 87.6dB     3W  98.1dB) @ 115Hz
                1.0    1.0l: ( 88.2dB     3W  98.1dB) @ 118Hz
                1.1    0.8l: ( 88.9dB     4W  98.1dB) @ 124Hz
                1.1    0.8l: ( 86.1dB     2W  98.1dB) @ 105Hz (  383uF)

0.60  84.7dB:   0.6   24.9l: ( 84.7dB     1W  97.8dB) @  97Hz
                0.7    5.0l: ( 84.7dB     1W  97.8dB) @  97Hz
                0.8    2.6l: ( 86.1dB     2W  97.8dB) @ 105Hz
                0.9    1.7l: ( 86.6dB     2W  97.8dB) @ 108Hz
                1.0    1.2l: ( 87.2dB     3W  97.8dB) @ 112Hz
                1.1    0.9l: ( 87.9dB     3W  97.8dB) @ 117Hz
                1.1    0.9l: ( 85.1dB     2W  97.8dB) @  99Hz (  406uF)

1.00  84.4dB:   0.7    7.2l: ( 83.8dB     1W  97.6dB) @  92Hz
                0.8    3.3l: ( 85.2dB     2W  97.6dB) @ 100Hz
                0.9    2.0l: ( 85.7dB     2W  97.6dB) @ 103Hz
                1.0    1.4l: ( 86.3dB     2W  97.6dB) @ 106Hz
                1.1    1.1l: ( 87.0dB     3W  97.6dB) @ 111Hz
                1.1    1.1l: ( 84.2dB     1W  97.6dB) @  94Hz (  428uF)

-------------
10BG120_06
      86.0dB                             30W
Rpre   Spl      qtc    Vb     SplMech Pmech SplEle      f3

0.20  82.8dB:   0.9   10.3l: ( 84.5dB     3W  94.6dB) @  86Hz
                1.0    3.6l: ( 85.1dB     3W  94.6dB) @  89Hz
                1.1    2.1l: ( 85.8dB     4W  94.6dB) @  93Hz
                1.1    2.1l: ( 83.0dB     2W  94.6dB) @  79Hz (  699uF)

0.60  82.4dB:   1.0    6.8l: ( 83.8dB     3W  94.2dB) @  83Hz
                1.1    3.1l: ( 84.5dB     3W  94.2dB) @  87Hz
                1.1    3.1l: ( 81.7dB     2W  94.2dB) @  73Hz (  753uF)

1.00  82.1dB:   1.0   21.9l: ( 82.6dB     2W  93.8dB) @  78Hz
                1.1    5.1l: ( 83.4dB     3W  93.8dB) @  81Hz
                1.1    5.1l: ( 80.5dB     1W  93.8dB) @  69Hz (  804uF)

-------------
13WNS128_8
      88.0dB                             50W
Rpre   Spl      qtc    Vb     SplMech Pmech SplEle      f3

0.20  87.8dB:   0.5   13.2l: (103.4dB    51W 103.3dB) @ 108Hz
                0.6    6.8l: (102.4dB    41W 103.3dB) @ 102Hz
                0.7    4.4l: (102.4dB    41W 103.3dB) @ 102Hz
                0.8    3.1l: (103.8dB    57W 103.3dB) @ 111Hz
                0.9    2.3l: (104.3dB    64W 103.3dB) @ 114Hz
                1.0    1.8l: (104.9dB    72W 103.3dB) @ 118Hz
                1.1    1.5l: (105.6dB    86W 103.3dB) @ 123Hz
                1.1    1.5l: (102.8dB    45W 103.3dB) @ 105Hz (  378uF)

0.60  87.5dB:   0.5   16.4l: (102.5dB    45W 103.0dB) @ 103Hz
                0.6    8.1l: (101.5dB    36W 103.0dB) @  97Hz
                0.7    5.0l: (101.5dB    36W 103.0dB) @  97Hz
                0.8    3.5l: (103.0dB    50W 103.0dB) @ 106Hz
                0.9    2.6l: (103.4dB    56W 103.0dB) @ 109Hz
                1.0    2.0l: (104.0dB    63W 103.0dB) @ 112Hz
                1.1    1.6l: (104.7dB    75W 103.0dB) @ 117Hz
                1.1    1.6l: (101.9dB    39W 103.0dB) @  99Hz (  397uF)

1.00  87.3dB:   0.5   20.8l: (101.7dB    40W 102.7dB) @  98Hz
                0.6    9.4l: (100.7dB    31W 102.7dB) @  93Hz
                0.7    5.7l: (100.7dB    32W 102.7dB) @  93Hz
                0.8    4.0l: (102.1dB    44W 102.7dB) @ 101Hz
                0.9    2.9l: (102.6dB    49W 102.7dB) @ 104Hz
                1.0    2.3l: (103.2dB    56W 102.7dB) @ 107Hz
                1.1    1.8l: (103.9dB    67W 102.7dB) @ 112Hz
                1.1    1.8l: (101.1dB    35W 102.7dB) @  95Hz (  416uF)

-------------
17WN225_8
      91.0dB                             60W
Rpre   Spl      qtc    Vb     SplMech Pmech SplEle      f3

0.20  90.0dB:   0.5   30.9l: (109.0dB   116W 106.2dB) @  94Hz
                0.6   15.7l: (108.0dB    92W 106.2dB) @  89Hz
                0.7   10.0l: (108.1dB    93W 106.2dB) @  89Hz
                0.8    7.0l: (109.5dB   128W 106.2dB) @  97Hz
                0.9    5.2l: (110.0dB   143W 106.2dB) @ 100Hz
                1.0    4.1l: (110.5dB   163W 106.2dB) @ 103Hz
                1.1    3.3l: (111.3dB   194W 106.2dB) @ 107Hz
                1.1    3.3l: (108.4dB   101W 106.2dB) @  91Hz (  441uF)

0.60  89.7dB:   0.5   40.4l: (108.0dB    99W 105.9dB) @  89Hz
                0.6   19.0l: (107.0dB    78W 105.9dB) @  84Hz
                0.7   11.7l: (107.1dB    79W 105.9dB) @  84Hz
                0.8    8.1l: (108.5dB   109W 105.9dB) @  92Hz
                0.9    6.0l: (109.0dB   122W 105.9dB) @  94Hz
                1.0    4.7l: (109.5dB   139W 105.9dB) @  97Hz
                1.1    3.7l: (110.3dB   165W 105.9dB) @ 102Hz
                1.1    3.7l: (107.4dB    86W 105.9dB) @  86Hz (  467uF)

1.00  89.5dB:   0.5   54.4l: (107.1dB    85W 105.6dB) @  85Hz
                0.6   23.0l: (106.1dB    67W 105.6dB) @  80Hz
                0.7   13.7l: (106.2dB    68W 105.6dB) @  80Hz
                0.8    9.3l: (107.6dB    94W 105.6dB) @  87Hz
                0.9    6.9l: (108.1dB   105W 105.6dB) @  89Hz
                1.0    5.3l: (108.6dB   120W 105.6dB) @  92Hz
                1.1    4.2l: (109.4dB   142W 105.6dB) @  96Hz
                1.1    4.2l: (106.5dB    74W 105.6dB) @  82Hz (  492uF)

-------------
17WP232_8
      88.0dB                             70W
Rpre   Spl      qtc    Vb     SplMech Pmech SplEle      f3

0.20  87.6dB:   0.5   37.9l: (107.0dB   118W 104.7dB) @  74Hz
                0.6   19.8l: (105.9dB    93W 104.7dB) @  70Hz
                0.7   12.6l: (106.0dB    94W 104.7dB) @  70Hz
                0.8    8.9l: (107.4dB   131W 104.7dB) @  76Hz
                0.9    6.7l: (107.9dB   146W 104.7dB) @  78Hz
                1.0    5.2l: (108.4dB   166W 104.7dB) @  81Hz
                1.1    4.2l: (109.2dB   197W 104.7dB) @  85Hz
                1.1    4.2l: (106.3dB   102W 104.7dB) @  72Hz (  531uF)

0.60  87.4dB:   0.5   47.2l: (106.1dB   103W 104.4dB) @  71Hz
                0.6   23.2l: (105.1dB    82W 104.4dB) @  67Hz
                0.7   14.5l: (105.1dB    83W 104.4dB) @  67Hz
                0.8   10.1l: (106.5dB   114W 104.4dB) @  73Hz
                0.9    7.5l: (107.0dB   128W 104.4dB) @  75Hz
                1.0    5.9l: (107.6dB   145W 104.4dB) @  77Hz
                1.1    4.7l: (108.3dB   173W 104.4dB) @  81Hz
                1.1    4.7l: (105.5dB    90W 104.4dB) @  68Hz (  558uF)

1.00  87.1dB:   0.5   59.5l: (105.3dB    91W 104.2dB) @  68Hz
                0.6   27.2l: (104.3dB    72W 104.2dB) @  64Hz
                0.7   16.6l: (104.3dB    73W 104.2dB) @  64Hz
                0.8   11.4l: (105.7dB   101W 104.2dB) @  69Hz
                0.9    8.4l: (106.2dB   113W 104.2dB) @  71Hz
                1.0    6.5l: (106.8dB   128W 104.2dB) @  74Hz
                1.1    5.2l: (107.5dB   153W 104.2dB) @  77Hz
                1.1    5.2l: (104.7dB    79W 104.2dB) @  65Hz (  584uF)

-------------
18WH09-08
      87.0dB                             70W
Rpre   Spl      qtc    Vb     SplMech Pmech SplEle      f3

0.20  88.4dB:   0.5   39.9l: (109.1dB   174W 105.2dB) @  77Hz
                0.6   21.1l: (108.1dB   138W 105.2dB) @  73Hz
                0.7   13.6l: (108.2dB   140W 105.2dB) @  73Hz
                0.8    9.6l: (109.6dB   193W 105.2dB) @  79Hz
                0.9    7.2l: (110.1dB   216W 105.2dB) @  82Hz
                1.0    5.6l: (110.6dB   246W 105.2dB) @  84Hz
                1.1    4.6l: (111.4dB   292W 105.2dB) @  88Hz
                1.1    4.6l: (108.5dB   151W 105.2dB) @  75Hz (  538uF)

0.60  88.1dB:   0.5   49.5l: (108.3dB   153W 104.9dB) @  74Hz
                0.6   24.8l: (107.3dB   121W 104.9dB) @  70Hz
                0.7   15.6l: (107.3dB   122W 104.9dB) @  70Hz
                0.8   10.9l: (108.7dB   169W 104.9dB) @  76Hz
                0.9    8.1l: (109.2dB   189W 104.9dB) @  78Hz
                1.0    6.3l: (109.8dB   215W 104.9dB) @  80Hz
                1.1    5.1l: (110.5dB   256W 104.9dB) @  84Hz
                1.1    5.1l: (107.7dB   133W 104.9dB) @  71Hz (  565uF)

1.00  87.8dB:   0.5   61.9l: (107.5dB   135W 104.6dB) @  70Hz
                0.6   28.9l: (106.5dB   107W 104.6dB) @  66Hz
                0.7   17.8l: (106.5dB   108W 104.6dB) @  67Hz
                0.8   12.3l: (107.9dB   150W 104.6dB) @  72Hz
                0.9    9.1l: (108.4dB   168W 104.6dB) @  74Hz
                1.0    7.1l: (109.0dB   191W 104.6dB) @  77Hz
                1.1    5.7l: (109.7dB   227W 104.6dB) @  80Hz
                1.1    5.7l: (106.9dB   117W 104.6dB) @  68Hz (  592uF)

-------------
18WO09-08
      88.0dB                             70W
Rpre   Spl      qtc    Vb     SplMech Pmech SplEle      f3

0.20  89.0dB:   0.5   50.5l: (107.2dB    91W 106.0dB) @  73Hz
                0.6   24.9l: (106.2dB    72W 106.0dB) @  69Hz
                0.7   15.6l: (106.2dB    73W 106.0dB) @  69Hz
                0.8   10.9l: (107.6dB   101W 106.0dB) @  75Hz
                0.9    8.1l: (108.1dB   113W 106.0dB) @  77Hz
                1.0    6.3l: (108.7dB   129W 106.0dB) @  79Hz
                1.1    5.1l: (109.4dB   153W 106.0dB) @  83Hz
                1.1    5.1l: (106.6dB    79W 106.0dB) @  70Hz (  541uF)

0.60  88.7dB:   0.5   68.6l: (106.1dB    77W 105.7dB) @  69Hz
                0.6   30.7l: (105.1dB    61W 105.7dB) @  65Hz
                0.7   18.6l: (105.2dB    61W 105.7dB) @  65Hz
                0.8   12.8l: (106.6dB    85W 105.7dB) @  70Hz
                0.9    9.4l: (107.1dB    95W 105.7dB) @  72Hz
                1.0    7.3l: (107.6dB   108W 105.7dB) @  75Hz
                1.1    5.8l: (108.4dB   128W 105.7dB) @  78Hz
                1.1    5.8l: (105.5dB    67W 105.7dB) @  66Hz (  575uF)

1.00  88.4dB:   0.5   97.9l: (105.2dB    65W 105.5dB) @  65Hz
                0.6   38.0l: (104.1dB    51W 105.5dB) @  61Hz
                0.7   22.1l: (104.2dB    52W 105.5dB) @  61Hz
                0.8   14.9l: (105.6dB    72W 105.5dB) @  67Hz
                0.9   10.9l: (106.1dB    81W 105.5dB) @  69Hz
                1.0    8.3l: (106.6dB    92W 105.5dB) @  71Hz
                1.1    6.6l: (107.4dB   109W 105.5dB) @  74Hz
                1.1    6.6l: (104.5dB    56W 105.5dB) @  63Hz (  608uF)

-------------
21WN340_8
      90.0dB                             80W
Rpre   Spl      qtc    Vb     SplMech Pmech SplEle      f3

0.20  89.9dB:   0.5   63.6l: (113.2dB   312W 107.3dB) @  66Hz
                0.6   37.3l: (112.2dB   247W 107.3dB) @  62Hz
                0.7   25.0l: (112.2dB   250W 107.3dB) @  63Hz
                0.8   18.1l: (113.6dB   346W 107.3dB) @  68Hz
                0.9   13.8l: (114.1dB   387W 107.3dB) @  70Hz
                1.0   10.9l: (114.7dB   440W 107.3dB) @  72Hz
                1.1    8.9l: (115.4dB   523W 107.3dB) @  75Hz
                1.1    8.9l: (112.6dB   271W 107.3dB) @  64Hz (  630uF)

0.60  89.6dB:   0.5   76.9l: (112.2dB   266W 107.0dB) @  62Hz
                0.6   43.6l: (111.2dB   211W 107.0dB) @  59Hz
                0.7   28.9l: (111.2dB   213W 107.0dB) @  59Hz
                0.8   20.8l: (112.6dB   295W 107.0dB) @  64Hz
                0.9   15.8l: (113.1dB   329W 107.0dB) @  66Hz
                1.0   12.4l: (113.7dB   375W 107.0dB) @  68Hz
                1.1   10.0l: (114.4dB   446W 107.0dB) @  71Hz
                1.1   10.0l: (111.6dB   231W 107.0dB) @  60Hz (  667uF)

1.00  89.3dB:   0.5   93.1l: (111.3dB   229W 106.7dB) @  59Hz
                0.6   50.9l: (110.3dB   182W 106.7dB) @  56Hz
                0.7   33.1l: (110.3dB   184W 106.7dB) @  56Hz
                0.8   23.6l: (111.7dB   254W 106.7dB) @  61Hz
                0.9   17.8l: (112.2dB   284W 106.7dB) @  62Hz
                1.0   14.0l: (112.8dB   323W 106.7dB) @  65Hz
                1.1   11.3l: (113.5dB   384W 106.7dB) @  67Hz
                1.1   11.3l: (110.7dB   199W 106.7dB) @  57Hz (  703uF)

-------------
26WA550_4
      83.0dB                            150W
Rpre   Spl      qtc    Vb     SplMech Pmech SplEle      f3

0.20  82.1dB:   0.5  128.8l: (110.6dB  1641W 100.2dB) @  33Hz
                0.6   60.0l: (109.6dB  1300W 100.2dB) @  31Hz
                0.7   36.7l: (109.7dB  1315W 100.2dB) @  31Hz
                0.8   25.4l: (111.1dB  1819W 100.2dB) @  34Hz
                0.9   18.8l: (111.5dB  2034W 100.2dB) @  35Hz
                1.0   14.6l: (112.1dB  2313W 100.2dB) @  36Hz
                1.1   11.7l: (112.9dB  2751W 100.2dB) @  38Hz
                1.1   11.7l: (110.0dB  1426W 100.2dB) @  32Hz ( 1970uF)

0.60  81.6dB:   0.5  226.4l: (109.0dB  1267W  99.8dB) @  30Hz
                0.6   84.3l: (108.0dB  1004W  99.8dB) @  29Hz
                0.7   48.4l: (108.1dB  1016W  99.8dB) @  29Hz
                0.8   32.5l: (109.5dB  1405W  99.8dB) @  31Hz
                0.9   23.6l: (110.0dB  1571W  99.8dB) @  32Hz
                1.0   18.1l: (110.5dB  1786W  99.8dB) @  33Hz
                1.1   14.4l: (111.3dB  2125W  99.8dB) @  35Hz
                1.1   14.4l: (108.4dB  1101W  99.8dB) @  29Hz ( 2156uF)

1.00  81.2dB:   0.5  528.8l: (107.6dB  1007W  99.4dB) @  28Hz
                0.6  121.6l: (106.6dB   797W  99.4dB) @  26Hz
                0.7   63.7l: (106.7dB   807W  99.4dB) @  26Hz
                0.8   41.1l: (108.1dB  1116W  99.4dB) @  29Hz
                0.9   29.3l: (108.6dB  1248W  99.4dB) @  30Hz
                1.0   22.2l: (109.1dB  1419W  99.4dB) @  31Hz
                1.1   17.5l: (109.9dB  1688W  99.4dB) @  32Hz
                1.1   17.5l: (107.0dB   875W  99.4dB) @  27Hz ( 2337uF)

-------------
PLW_11_125_8
      85.0dB                             40W
Rpre   Spl      qtc    Vb     SplMech Pmech SplEle      f3

0.20  85.3dB:   0.5   64.9l: (102.7dB    79W  99.8dB) @ 103Hz
                0.6    7.9l: (101.7dB    63W  99.8dB) @  97Hz
                0.7    3.9l: (101.8dB    64W  99.8dB) @  98Hz
                0.8    2.4l: (103.2dB    88W  99.8dB) @ 106Hz
                0.9    1.7l: (103.7dB    98W  99.8dB) @ 109Hz
                1.0    1.3l: (104.2dB   112W  99.8dB) @ 112Hz
                1.1    1.0l: (105.0dB   133W  99.8dB) @ 117Hz
                1.1    1.0l: (102.1dB    69W  99.8dB) @ 100Hz (  396uF)

0.60  85.0dB:   0.6   11.0l: (100.8dB    55W  99.5dB) @  93Hz
                0.7    4.8l: (100.9dB    55W  99.5dB) @  93Hz
                0.8    2.9l: (102.3dB    77W  99.5dB) @ 101Hz
                0.9    2.0l: (102.8dB    86W  99.5dB) @ 103Hz
                1.0    1.5l: (103.3dB    97W  99.5dB) @ 107Hz
                1.1    1.2l: (104.1dB   116W  99.5dB) @ 112Hz
                1.1    1.2l: (101.2dB    60W  99.5dB) @  95Hz (  417uF)

1.00  84.7dB:   0.6   16.3l: (100.0dB    48W  99.2dB) @  88Hz
                0.7    5.9l: (100.1dB    49W  99.2dB) @  88Hz
                0.8    3.4l: (101.5dB    67W  99.2dB) @  96Hz
                0.9    2.3l: (102.0dB    75W  99.2dB) @  99Hz
                1.0    1.7l: (102.5dB    86W  99.2dB) @ 102Hz
                1.1    1.3l: (103.3dB   102W  99.2dB) @ 106Hz
                1.1    1.3l: (100.4dB    53W  99.2dB) @  90Hz (  438uF)

-------------
PLW_14_232_8
      87.0dB                             50W
Rpre   Spl      qtc    Vb     SplMech Pmech SplEle      f3

0.20  86.3dB:   0.5   14.9l: (103.3dB    69W 101.9dB) @  91Hz
                0.6    7.8l: (102.3dB    55W 101.9dB) @  86Hz
                0.7    5.0l: (102.4dB    56W 101.9dB) @  86Hz
                0.8    3.5l: (103.8dB    77W 101.9dB) @  93Hz
                0.9    2.6l: (104.3dB    86W 101.9dB) @  96Hz
                1.0    2.1l: (104.8dB    98W 101.9dB) @  99Hz
                1.1    1.7l: (105.6dB   116W 101.9dB) @ 103Hz
                1.1    1.7l: (102.7dB    60W 101.9dB) @  88Hz (  435uF)

0.60  86.0dB:   0.5   18.6l: (102.4dB    60W 101.6dB) @  86Hz
                0.6    9.2l: (101.4dB    48W 101.6dB) @  82Hz
                0.7    5.7l: (101.5dB    48W 101.6dB) @  82Hz
                0.8    4.0l: (102.9dB    67W 101.6dB) @  89Hz
                0.9    3.0l: (103.4dB    75W 101.6dB) @  91Hz
                1.0    2.3l: (103.9dB    85W 101.6dB) @  94Hz
                1.1    1.9l: (104.7dB   101W 101.6dB) @  98Hz
                1.1    1.9l: (101.8dB    53W 101.6dB) @  83Hz (  457uF)

1.00  85.8dB:   0.5   23.5l: (101.6dB    53W 101.4dB) @  82Hz
                0.6   10.8l: (100.6dB    42W 101.4dB) @  78Hz
                0.7    6.6l: (100.7dB    43W 101.4dB) @  78Hz
                0.8    4.5l: (102.1dB    59W 101.4dB) @  85Hz
                0.9    3.4l: (102.6dB    66W 101.4dB) @  87Hz
                1.0    2.6l: (103.1dB    75W 101.4dB) @  90Hz
                1.1    2.1l: (103.9dB    89W 101.4dB) @  94Hz
                1.1    2.1l: (101.0dB    46W 101.4dB) @  80Hz (  479uF)

-------------
PLW_18_225_8
      89.0dB                             60W
Rpre   Spl      qtc    Vb     SplMech Pmech SplEle      f3

0.20  86.7dB:   0.5  109.5l: (101.6dB    43W 103.1dB) @  54Hz
                0.6   45.6l: (100.6dB    34W 103.1dB) @  51Hz
                0.7   27.0l: (100.6dB    34W 103.1dB) @  51Hz
                0.8   18.3l: (102.0dB    47W 103.1dB) @  56Hz
                0.9   13.4l: (102.5dB    53W 103.1dB) @  57Hz
                1.0   10.4l: (103.1dB    60W 103.1dB) @  59Hz
                1.1    8.3l: (103.8dB    71W 103.1dB) @  62Hz
                1.1    8.3l: (101.0dB    37W 103.1dB) @  52Hz (  728uF)

0.60  86.4dB:   0.5  163.6l: (100.6dB    37W 102.8dB) @  51Hz
                0.6   56.8l: ( 99.6dB    29W 102.8dB) @  48Hz
                0.7   32.1l: ( 99.7dB    29W 102.8dB) @  49Hz
                0.8   21.3l: (101.1dB    41W 102.8dB) @  53Hz
                0.9   15.5l: (101.6dB    45W 102.8dB) @  54Hz
                1.0   11.8l: (102.1dB    52W 102.8dB) @  56Hz
                1.1    9.4l: (102.9dB    61W 102.8dB) @  58Hz
                1.1    9.4l: (100.0dB    32W 102.8dB) @  50Hz (  769uF)

1.00  86.2dB:   0.5  278.9l: ( 99.8dB    32W 102.5dB) @  49Hz
                0.6   71.6l: ( 98.8dB    25W 102.5dB) @  46Hz
                0.7   38.1l: ( 98.8dB    25W 102.5dB) @  46Hz
                0.8   24.8l: (100.2dB    35W 102.5dB) @  50Hz
                0.9   17.7l: (100.7dB    39W 102.5dB) @  52Hz
                1.0   13.5l: (101.3dB    45W 102.5dB) @  53Hz
                1.1   10.6l: (102.0dB    53W 102.5dB) @  56Hz
                1.1   10.6l: ( 99.2dB    28W 102.5dB) @  47Hz (  809uF)

-------------
PLW_18_WO_09_04
      86.0dB                            100W
Rpre   Spl      qtc    Vb     SplMech Pmech SplEle      f3

0.20  87.2dB:   0.5   14.7l: (109.4dB   229W 105.8dB) @  87Hz
                0.6    8.6l: (108.4dB   182W 105.8dB) @  82Hz
                0.7    5.8l: (108.5dB   184W 105.8dB) @  82Hz
                0.8    4.2l: (109.9dB   254W 105.8dB) @  89Hz
                0.9    3.2l: (110.4dB   284W 105.8dB) @  92Hz
                1.0    2.5l: (110.9dB   323W 105.8dB) @  95Hz
                1.1    2.0l: (111.7dB   384W 105.8dB) @  99Hz
                1.1    2.0l: (108.8dB   199W 105.8dB) @  84Hz (  454uF)

0.60  86.9dB:   0.5   17.8l: (108.4dB   195W 105.5dB) @  82Hz
                0.6   10.1l: (107.4dB   155W 105.5dB) @  78Hz
                0.7    6.6l: (107.5dB   156W 105.5dB) @  78Hz
                0.8    4.8l: (108.9dB   216W 105.5dB) @  84Hz
                0.9    3.6l: (109.4dB   242W 105.5dB) @  87Hz
                1.0    2.9l: (109.9dB   275W 105.5dB) @  90Hz
                1.1    2.3l: (110.7dB   327W 105.5dB) @  94Hz
                1.1    2.3l: (107.8dB   170W 105.5dB) @  79Hz (  480uF)

1.00  86.7dB:   0.5   21.5l: (107.5dB   168W 105.3dB) @  78Hz
                0.6   11.7l: (106.5dB   133W 105.3dB) @  74Hz
                0.7    7.6l: (106.6dB   135W 105.3dB) @  74Hz
                0.8    5.4l: (108.0dB   186W 105.3dB) @  80Hz
                0.9    4.1l: (108.5dB   208W 105.3dB) @  82Hz
                1.0    3.2l: (109.0dB   237W 105.3dB) @  85Hz
                1.1    2.6l: (109.8dB   282W 105.3dB) @  89Hz
                1.1    2.6l: (106.9dB   146W 105.3dB) @  75Hz (  506uF)

