-------------
V_Al130
      87.0dB                             60W
Rpre   Spl      qtc    Vb     SplMech Pmech SplEle      f3

0.20  85.6dB:   0.5   21.8l: (106.8dB   187W 101.8dB) @  79Hz
                0.6   10.0l: (105.8dB   148W 101.8dB) @  74Hz
                0.7    6.1l: (105.8dB   150W 101.8dB) @  75Hz
                0.8    4.2l: (107.2dB   207W 101.8dB) @  81Hz
                0.9    3.1l: (107.7dB   232W 101.8dB) @  83Hz
                1.0    2.4l: (108.3dB   263W 101.8dB) @  86Hz
                1.1    1.9l: (109.0dB   313W 101.8dB) @  90Hz
                1.1    1.9l: (106.2dB   162W 101.8dB) @  76Hz (  519uF)

0.60  85.3dB:   0.5   31.3l: (105.7dB   157W 101.5dB) @  74Hz
                0.6   12.5l: (104.7dB   124W 101.5dB) @  70Hz
                0.7    7.3l: (104.8dB   126W 101.5dB) @  70Hz
                0.8    5.0l: (106.2dB   174W 101.5dB) @  76Hz
                0.9    3.6l: (106.6dB   194W 101.5dB) @  78Hz
                1.0    2.8l: (107.2dB   221W 101.5dB) @  81Hz
                1.1    2.2l: (108.0dB   263W 101.5dB) @  84Hz
                1.1    2.2l: (105.1dB   136W 101.5dB) @  72Hz (  552uF)

1.00  85.0dB:   0.5   49.1l: (104.7dB   133W 101.3dB) @  70Hz
                0.6   15.8l: (103.7dB   106W 101.3dB) @  66Hz
                0.7    8.8l: (103.8dB   107W 101.3dB) @  66Hz
                0.8    5.8l: (105.2dB   148W 101.3dB) @  72Hz
                0.9    4.2l: (105.7dB   165W 101.3dB) @  74Hz
                1.0    3.2l: (106.2dB   188W 101.3dB) @  76Hz
                1.1    2.5l: (107.0dB   223W 101.3dB) @  80Hz
                1.1    2.5l: (104.1dB   116W 101.3dB) @  68Hz (  583uF)

-------------
V_Al130M
      90.0dB                             60W
Rpre   Spl      qtc    Vb     SplMech Pmech SplEle      f3

0.20  86.8dB:   0.5  108.5l: (102.3dB    52W 102.9dB) @  86Hz
                0.6   16.2l: (101.3dB    41W 102.9dB) @  81Hz
                0.7    8.1l: (101.3dB    42W 102.9dB) @  81Hz
                0.8    5.1l: (102.7dB    58W 102.9dB) @  88Hz
                0.9    3.6l: (103.2dB    65W 102.9dB) @  91Hz
                1.0    2.7l: (103.8dB    74W 102.9dB) @  94Hz
                1.1    2.1l: (104.5dB    88W 102.9dB) @  98Hz
                1.1    2.1l: (101.7dB    46W 102.9dB) @  83Hz (  493uF)

0.60  86.5dB:   0.6   23.9l: (100.2dB    35W 102.6dB) @  76Hz
                0.7   10.3l: (100.2dB    35W 102.6dB) @  77Hz
                0.8    6.3l: (101.7dB    49W 102.6dB) @  83Hz
                0.9    4.3l: (102.1dB    54W 102.6dB) @  85Hz
                1.0    3.2l: (102.7dB    62W 102.6dB) @  88Hz
                1.1    2.5l: (103.5dB    74W 102.6dB) @  92Hz
                1.1    2.5l: (100.6dB    38W 102.6dB) @  78Hz (  524uF)

1.00  86.2dB:   0.6   39.1l: ( 99.2dB    30W 102.3dB) @  72Hz
                0.7   13.4l: ( 99.3dB    30W 102.3dB) @  72Hz
                0.8    7.6l: (100.7dB    41W 102.3dB) @  78Hz
                0.9    5.1l: (101.2dB    46W 102.3dB) @  81Hz
                1.0    3.8l: (101.7dB    53W 102.3dB) @  83Hz
                1.1    2.9l: (102.5dB    63W 102.3dB) @  87Hz
                1.1    2.9l: ( 99.6dB    32W 102.3dB) @  74Hz (  555uF)

-------------
V_Al170
      88.0dB                             70W
Rpre   Spl      qtc    Vb     SplMech Pmech SplEle      f3

0.20  88.1dB:   0.5   60.0l: (109.0dB   176W 105.0dB) @  69Hz
                0.6   27.1l: (108.0dB   140W 105.0dB) @  65Hz
                0.7   16.4l: (108.0dB   141W 105.0dB) @  65Hz
                0.8   11.3l: (109.4dB   195W 105.0dB) @  71Hz
                0.9    8.3l: (109.9dB   218W 105.0dB) @  73Hz
                1.0    6.5l: (110.5dB   248W 105.0dB) @  75Hz
                1.1    5.2l: (111.2dB   295W 105.0dB) @  78Hz
                1.1    5.2l: (108.4dB   153W 105.0dB) @  67Hz (  593uF)

0.60  87.8dB:   0.5   87.1l: (107.9dB   148W 104.7dB) @  65Hz
                0.6   33.9l: (106.9dB   118W 104.7dB) @  61Hz
                0.7   19.7l: (107.0dB   119W 104.7dB) @  61Hz
                0.8   13.3l: (108.4dB   165W 104.7dB) @  67Hz
                0.9    9.7l: (108.9dB   184W 104.7dB) @  69Hz
                1.0    7.5l: (109.4dB   209W 104.7dB) @  71Hz
                1.1    5.9l: (110.2dB   249W 104.7dB) @  74Hz
                1.1    5.9l: (107.3dB   129W 104.7dB) @  63Hz (  630uF)

1.00  87.5dB:   0.5  139.2l: (107.0dB   127W 104.4dB) @  61Hz
                0.6   42.9l: (106.0dB   100W 104.4dB) @  58Hz
                0.7   23.6l: (106.0dB   101W 104.4dB) @  58Hz
                0.8   15.6l: (107.4dB   140W 104.4dB) @  63Hz
                0.9   11.2l: (107.9dB   157W 104.4dB) @  65Hz
                1.0    8.5l: (108.5dB   178W 104.4dB) @  67Hz
                1.1    6.8l: (109.2dB   212W 104.4dB) @  70Hz
                1.1    6.8l: (106.4dB   110W 104.4dB) @  59Hz (  666uF)

-------------
V_Al200
      88.0dB                            120W
Rpre   Spl      qtc    Vb     SplMech Pmech SplEle      f3

0.20  89.8dB:   0.5   85.6l: (113.2dB   265W 109.8dB) @  64Hz
                0.6   44.4l: (112.2dB   210W 109.8dB) @  60Hz
                0.7   28.3l: (112.3dB   212W 109.8dB) @  61Hz
                0.8   19.9l: (113.7dB   294W 109.8dB) @  66Hz
                0.9   14.9l: (114.1dB   328W 109.8dB) @  67Hz
                1.0   11.7l: (114.7dB   374W 109.8dB) @  70Hz
                1.1    9.4l: (115.5dB   444W 109.8dB) @  73Hz
                1.1    9.4l: (112.6dB   230W 109.8dB) @  62Hz (  543uF)

0.60  89.6dB:   0.5  107.8l: (112.3dB   228W 109.5dB) @  61Hz
                0.6   52.4l: (111.3dB   181W 109.5dB) @  57Hz
                0.7   32.6l: (111.4dB   183W 109.5dB) @  57Hz
                0.8   22.7l: (112.8dB   253W 109.5dB) @  62Hz
                0.9   16.9l: (113.3dB   283W 109.5dB) @  64Hz
                1.0   13.1l: (113.8dB   322W 109.5dB) @  66Hz
                1.1   10.6l: (114.6dB   383W 109.5dB) @  69Hz
                1.1   10.6l: (111.7dB   198W 109.5dB) @  59Hz (  571uF)

1.00  89.3dB:   0.5  138.5l: (111.5dB   199W 109.3dB) @  58Hz
                0.6   62.1l: (110.5dB   157W 109.3dB) @  55Hz
                0.7   37.6l: (110.5dB   159W 109.3dB) @  55Hz
                0.8   25.8l: (111.9dB   220W 109.3dB) @  59Hz
                0.9   19.1l: (112.4dB   246W 109.3dB) @  61Hz
                1.0   14.7l: (113.0dB   280W 109.3dB) @  63Hz
                1.1   11.8l: (113.7dB   333W 109.3dB) @  66Hz
                1.1   11.8l: (110.9dB   173W 109.3dB) @  56Hz (  600uF)

-------------
V_B200
      96.0dB                             40W
Rpre   Spl      qtc    Vb     SplMech Pmech SplEle      f3

0.20  90.6dB:   0.9  316.5l: ( 93.7dB     3W 104.6dB) @  39Hz
                1.0  161.3l: ( 94.3dB     4W 104.6dB) @  40Hz
                1.1  104.6l: ( 95.0dB     4W 104.6dB) @  42Hz
                1.1  104.6l: ( 92.2dB     2W 104.6dB) @  36Hz ( 1237uF)

0.60  90.3dB:   0.9  651.6l: ( 92.5dB     3W 104.3dB) @  37Hz
                1.0  238.4l: ( 93.1dB     3W 104.3dB) @  38Hz
                1.1  140.2l: ( 93.8dB     4W 104.3dB) @  39Hz
                1.1  140.2l: ( 91.0dB     2W 104.3dB) @  33Hz ( 1322uF)

1.00  90.0dB:   1.0  389.9l: ( 92.0dB     3W 104.0dB) @  35Hz
                1.1  193.7l: ( 92.8dB     3W 104.0dB) @  37Hz
                1.1  193.7l: ( 89.9dB     2W 104.0dB) @  31Hz ( 1407uF)

-------------
V_BG17
      93.0dB                             40W
Rpre   Spl      qtc    Vb     SplMech Pmech SplEle      f3

0.20  93.3dB:   0.8   62.8l: (107.0dB    30W 108.3dB) @ 119Hz
                0.9   19.0l: (107.5dB    33W 108.3dB) @ 122Hz
                1.0   10.7l: (108.0dB    38W 108.3dB) @ 126Hz
                1.1    7.2l: (108.8dB    45W 108.3dB) @ 132Hz
                1.1    7.2l: (105.9dB    23W 108.3dB) @ 112Hz (  314uF)

0.60  93.0dB:   0.8  232.9l: (106.2dB    26W 108.0dB) @ 114Hz
                0.9   26.4l: (106.7dB    30W 108.0dB) @ 117Hz
                1.0   13.3l: (107.3dB    34W 108.0dB) @ 121Hz
                1.1    8.6l: (108.0dB    40W 108.0dB) @ 126Hz
                1.1    8.6l: (105.2dB    21W 108.0dB) @ 107Hz (  329uF)

1.00  92.8dB:   0.9   39.6l: (106.0dB    26W 107.8dB) @ 112Hz
                1.0   16.7l: (106.6dB    30W 107.8dB) @ 116Hz
                1.1   10.2l: (107.3dB    36W 107.8dB) @ 121Hz
                1.1   10.2l: (104.4dB    19W 107.8dB) @ 103Hz (  342uF)

-------------
V_BG20
      92.0dB                             40W
Rpre   Spl      qtc    Vb     SplMech Pmech SplEle      f3

0.20  92.4dB:   0.5  559.8l: (101.2dB    10W 107.3dB) @  60Hz
                0.6  152.2l: (100.2dB     8W 107.3dB) @  57Hz
                0.7   81.8l: (100.3dB     8W 107.3dB) @  57Hz
                0.8   53.3l: (101.7dB    11W 107.3dB) @  62Hz
                0.9   38.2l: (102.2dB    12W 107.3dB) @  64Hz
                1.0   29.1l: (102.7dB    14W 107.3dB) @  66Hz
                1.1   23.0l: (103.5dB    16W 107.3dB) @  69Hz
                1.1   23.0l: (100.6dB     8W 107.3dB) @  58Hz (  613uF)

0.60  92.2dB:   0.6  199.5l: ( 99.3dB     7W 107.1dB) @  54Hz
                0.7   98.9l: ( 99.3dB     7W 107.1dB) @  54Hz
                0.8   62.6l: (100.8dB     9W 107.1dB) @  59Hz
                0.9   44.2l: (101.2dB    10W 107.1dB) @  60Hz
                1.0   33.2l: (101.8dB    12W 107.1dB) @  62Hz
                1.1   26.1l: (102.6dB    14W 107.1dB) @  65Hz
                1.1   26.1l: ( 99.7dB     7W 107.1dB) @  55Hz (  646uF)

1.00  91.9dB:   0.6  270.6l: ( 98.4dB     6W 106.8dB) @  51Hz
                0.7  120.3l: ( 98.5dB     6W 106.8dB) @  52Hz
                0.8   73.3l: ( 99.9dB     8W 106.8dB) @  56Hz
                0.9   50.8l: (100.4dB     9W 106.8dB) @  57Hz
                1.0   37.8l: (100.9dB    10W 106.8dB) @  59Hz
                1.1   29.5l: (101.7dB    12W 106.8dB) @  62Hz
                1.1   29.5l: ( 98.8dB     6W 106.8dB) @  53Hz (  679uF)

-------------
V_BGS40
      98.0dB                            200W
Rpre   Spl      qtc    Vb     SplMech Pmech SplEle      f3

0.20  97.1dB:   0.5  817.3l: (115.0dB    77W 119.2dB) @  67Hz
                0.6  291.1l: (114.0dB    61W 119.2dB) @  63Hz
                0.7  165.3l: (114.0dB    61W 119.2dB) @  63Hz
                0.8  110.3l: (115.5dB    85W 119.2dB) @  68Hz
                0.9   80.1l: (115.9dB    95W 119.2dB) @  70Hz
                1.0   61.3l: (116.5dB   108W 119.2dB) @  73Hz
                1.1   48.7l: (117.2dB   128W 119.2dB) @  76Hz
                1.1   48.7l: (114.4dB    67W 119.2dB) @  64Hz (  529uF)

0.60  96.8dB:   0.6  363.7l: (113.1dB    53W 118.9dB) @  60Hz
                0.7  195.5l: (113.2dB    53W 118.9dB) @  60Hz
                0.8  127.5l: (114.6dB    74W 118.9dB) @  65Hz
                0.9   91.4l: (115.1dB    82W 118.9dB) @  67Hz
                1.0   69.5l: (115.6dB    94W 118.9dB) @  69Hz
                1.1   54.9l: (116.4dB   112W 118.9dB) @  72Hz
                1.1   54.9l: (113.5dB    58W 118.9dB) @  61Hz (  556uF)

1.00  96.6dB:   0.6  461.6l: (112.3dB    46W 118.7dB) @  57Hz
                0.7  231.4l: (112.4dB    47W 118.7dB) @  57Hz
                0.8  146.9l: (113.8dB    65W 118.7dB) @  62Hz
                0.9  103.9l: (114.3dB    72W 118.7dB) @  64Hz
                1.0   78.3l: (114.8dB    82W 118.7dB) @  66Hz
                1.1   61.5l: (115.6dB    98W 118.7dB) @  69Hz
                1.1   61.5l: (112.7dB    51W 118.7dB) @  58Hz (  582uF)

-------------
V_Ti100
      86.0dB                             40W
Rpre   Spl      qtc    Vb     SplMech Pmech SplEle      f3

0.20  87.9dB:   0.5   10.8l: (101.5dB    31W 102.6dB) @ 115Hz
                0.6    5.1l: (100.5dB    25W 102.6dB) @ 109Hz
                0.7    3.1l: (100.6dB    25W 102.6dB) @ 109Hz
                0.8    2.2l: (102.0dB    34W 102.6dB) @ 118Hz
                0.9    1.6l: (102.5dB    39W 102.6dB) @ 121Hz
                1.0    1.2l: (103.0dB    44W 102.6dB) @ 125Hz
                1.1    1.0l: (103.8dB    52W 102.6dB) @ 131Hz
                1.1    1.0l: (100.9dB    27W 102.6dB) @ 111Hz (  332uF)

0.60  87.6dB:   0.5   15.1l: (100.5dB    26W 102.3dB) @ 109Hz
                0.6    6.3l: ( 99.5dB    21W 102.3dB) @ 102Hz
                0.7    3.7l: ( 99.5dB    21W 102.3dB) @ 103Hz
                0.8    2.5l: (100.9dB    29W 102.3dB) @ 111Hz
                0.9    1.9l: (101.4dB    32W 102.3dB) @ 115Hz
                1.0    1.4l: (102.0dB    37W 102.3dB) @ 118Hz
                1.1    1.1l: (102.7dB    44W 102.3dB) @ 124Hz
                1.1    1.1l: ( 99.9dB    23W 102.3dB) @ 105Hz (  352uF)

1.00  87.3dB:   0.5   22.7l: ( 99.5dB    22W 102.1dB) @ 103Hz
                0.6    7.9l: ( 98.5dB    18W 102.1dB) @  97Hz
                0.7    4.4l: ( 98.6dB    18W 102.1dB) @  97Hz
                0.8    3.0l: (100.0dB    25W 102.1dB) @ 105Hz
                0.9    2.1l: (100.5dB    28W 102.1dB) @ 108Hz
                1.0    1.6l: (101.0dB    31W 102.1dB) @ 112Hz
                1.1    1.3l: (101.8dB    37W 102.1dB) @ 117Hz
                1.1    1.3l: ( 98.9dB    19W 102.1dB) @  99Hz (  372uF)

-------------
V_Tiw200xs
      84.0dB                            120W
Rpre   Spl      qtc    Vb     SplMech Pmech SplEle      f3

0.20  85.7dB:   0.5  175.4l: (110.3dB   373W 105.4dB) @  44Hz
                0.6   66.8l: (109.3dB   296W 105.4dB) @  42Hz
                0.7   38.5l: (109.3dB   299W 105.4dB) @  42Hz
                0.8   25.9l: (110.7dB   414W 105.4dB) @  45Hz
                0.9   18.9l: (111.2dB   462W 105.4dB) @  47Hz
                1.0   14.5l: (111.8dB   526W 105.4dB) @  48Hz
                1.1   11.5l: (112.5dB   625W 105.4dB) @  50Hz
                1.1   11.5l: (109.7dB   324W 105.4dB) @  43Hz (  851uF)

0.60  85.5dB:   0.5  289.8l: (109.3dB   317W 105.1dB) @  42Hz
                0.6   85.2l: (108.3dB   251W 105.1dB) @  39Hz
                0.7   46.4l: (108.3dB   254W 105.1dB) @  39Hz
                0.8   30.5l: (109.8dB   351W 105.1dB) @  43Hz
                0.9   21.9l: (110.2dB   392W 105.1dB) @  44Hz
                1.0   16.7l: (110.8dB   446W 105.1dB) @  45Hz
                1.1   13.2l: (111.5dB   531W 105.1dB) @  47Hz
                1.1   13.2l: (108.7dB   275W 105.1dB) @  40Hz (  900uF)

1.00  85.2dB:   0.5  640.8l: (108.4dB   271W 104.8dB) @  40Hz
                0.6  110.9l: (107.4dB   215W 104.8dB) @  37Hz
                0.7   56.1l: (107.4dB   218W 104.8dB) @  37Hz
                0.8   35.7l: (108.8dB   301W 104.8dB) @  41Hz
                0.9   25.3l: (109.3dB   337W 104.8dB) @  42Hz
                1.0   19.1l: (109.9dB   383W 104.8dB) @  43Hz
                1.1   15.0l: (110.6dB   455W 104.8dB) @  45Hz
                1.1   15.0l: (107.8dB   236W 104.8dB) @  38Hz (  949uF)

-------------
V_Tiw250xs
      89.0dB                            200W
Rpre   Spl      qtc    Vb     SplMech Pmech SplEle      f3

0.20  90.0dB:   0.5   44.5l: (120.5dB  1555W 111.5dB) @  73Hz
                0.6   26.0l: (119.4dB  1232W 111.5dB) @  69Hz
                0.7   17.5l: (119.5dB  1247W 111.5dB) @  69Hz
                0.8   12.7l: (120.9dB  1725W 111.5dB) @  75Hz
                0.9    9.7l: (121.4dB  1928W 111.5dB) @  77Hz
                1.0    7.6l: (121.9dB  2193W 111.5dB) @  80Hz
                1.1    6.2l: (122.7dB  2608W 111.5dB) @  83Hz
                1.1    6.2l: (119.8dB  1352W 111.5dB) @  71Hz (  550uF)

0.60  89.7dB:   0.5   54.5l: (119.4dB  1302W 111.3dB) @  69Hz
                0.6   30.8l: (118.4dB  1032W 111.3dB) @  65Hz
                0.7   20.4l: (118.4dB  1044W 111.3dB) @  65Hz
                0.8   14.6l: (119.8dB  1444W 111.3dB) @  71Hz
                0.9   11.1l: (120.3dB  1614W 111.3dB) @  73Hz
                1.0    8.7l: (120.9dB  1836W 111.3dB) @  75Hz
                1.1    7.1l: (121.6dB  2184W 111.3dB) @  78Hz
                1.1    7.1l: (118.8dB  1132W 111.3dB) @  66Hz (  585uF)

1.00  89.5dB:   0.5   67.1l: (118.4dB  1104W 111.0dB) @  65Hz
                0.6   36.4l: (117.4dB   874W 111.0dB) @  61Hz
                0.7   23.6l: (117.5dB   885W 111.0dB) @  61Hz
                0.8   16.8l: (118.9dB  1224W 111.0dB) @  67Hz
                0.9   12.7l: (119.3dB  1368W 111.0dB) @  69Hz
                1.0    9.9l: (119.9dB  1556W 111.0dB) @  71Hz
                1.1    8.0l: (120.7dB  1851W 111.0dB) @  74Hz
                1.1    8.0l: (117.8dB   959W 111.0dB) @  63Hz (  619uF)

-------------
V_Tiw300
      90.0dB                            300W
Rpre   Spl      qtc    Vb     SplMech Pmech SplEle      f3

0.20  90.9dB:   0.5   82.3l: (120.8dB  1449W 114.0dB) @  62Hz
                0.6   49.4l: (119.8dB  1148W 114.0dB) @  59Hz
                0.7   33.5l: (119.8dB  1162W 114.0dB) @  59Hz
                0.8   24.5l: (121.2dB  1607W 114.0dB) @  64Hz
                0.9   18.7l: (121.7dB  1797W 114.0dB) @  66Hz
                1.0   14.8l: (122.3dB  2043W 114.0dB) @  68Hz
                1.1   12.1l: (123.0dB  2430W 114.0dB) @  71Hz
                1.1   12.1l: (120.2dB  1260W 114.0dB) @  60Hz (  682uF)

0.60  90.6dB:   0.5  100.7l: (119.7dB  1200W 113.7dB) @  58Hz
                0.6   58.7l: (118.7dB   951W 113.7dB) @  55Hz
                0.7   39.3l: (118.7dB   962W 113.7dB) @  55Hz
                0.8   28.4l: (120.1dB  1331W 113.7dB) @  60Hz
                0.9   21.7l: (120.6dB  1487W 113.7dB) @  62Hz
                1.0   17.1l: (121.2dB  1692W 113.7dB) @  64Hz
                1.1   13.9l: (121.9dB  2012W 113.7dB) @  66Hz
                1.1   13.9l: (119.1dB  1043W 113.7dB) @  56Hz (  727uF)

1.00  90.3dB:   0.5  123.5l: (118.6dB  1007W 113.4dB) @  55Hz
                0.6   69.4l: (117.6dB   798W 113.4dB) @  52Hz
                0.7   45.7l: (117.7dB   807W 113.4dB) @  52Hz
                0.8   32.8l: (119.1dB  1116W 113.4dB) @  56Hz
                0.9   24.9l: (119.6dB  1248W 113.4dB) @  58Hz
                1.0   19.6l: (120.1dB  1419W 113.4dB) @  60Hz
                1.1   15.8l: (120.9dB  1688W 113.4dB) @  63Hz
                1.1   15.8l: (118.0dB   875W 113.4dB) @  53Hz (  772uF)

-------------
V_W100S4
      86.0dB                             30W
Rpre   Spl      qtc    Vb     SplMech Pmech SplEle      f3

0.20  85.7dB:   0.6   14.7l: ( 95.7dB    24W  96.6dB) @  88Hz
                0.7    6.3l: ( 95.8dB    24W  96.6dB) @  88Hz
                0.8    3.8l: ( 97.2dB    34W  96.6dB) @  96Hz
                0.9    2.6l: ( 97.7dB    38W  96.6dB) @  99Hz
                1.0    2.0l: ( 98.2dB    43W  96.6dB) @ 102Hz
                1.1    1.5l: ( 99.0dB    51W  96.6dB) @ 106Hz
                1.1    1.5l: ( 96.1dB    27W  96.6dB) @  90Hz (  743uF)

0.60  85.3dB:   0.6   34.3l: ( 94.2dB    19W  96.2dB) @  81Hz
                0.7    9.5l: ( 94.3dB    19W  96.2dB) @  81Hz
                0.8    5.2l: ( 95.7dB    27W  96.2dB) @  88Hz
                0.9    3.4l: ( 96.2dB    30W  96.2dB) @  91Hz
                1.0    2.5l: ( 96.7dB    34W  96.2dB) @  94Hz
                1.1    1.9l: ( 97.5dB    41W  96.2dB) @  98Hz
                1.1    1.9l: ( 94.6dB    21W  96.2dB) @  83Hz (  808uF)

1.00  84.8dB:   0.7   15.3l: ( 93.0dB    16W  95.7dB) @  75Hz
                0.8    7.1l: ( 94.4dB    22W  95.7dB) @  82Hz
                0.9    4.4l: ( 94.9dB    25W  95.7dB) @  84Hz
                1.0    3.1l: ( 95.4dB    28W  95.7dB) @  87Hz
                1.1    2.3l: ( 96.2dB    33W  95.7dB) @  91Hz
                1.1    2.3l: ( 93.3dB    17W  95.7dB) @  77Hz (  871uF)

-------------
V_W100S8
      86.0dB                             30W
Rpre   Spl      qtc    Vb     SplMech Pmech SplEle      f3

0.20  84.4dB:   0.7   28.6l: ( 91.3dB     6W  98.3dB) @  68Hz
                0.8    9.9l: ( 92.7dB     8W  98.3dB) @  74Hz
                0.9    5.7l: ( 93.2dB     9W  98.3dB) @  76Hz
                1.0    3.8l: ( 93.8dB    11W  98.3dB) @  79Hz
                1.1    2.8l: ( 94.5dB    13W  98.3dB) @  82Hz
                1.1    2.8l: ( 91.7dB     6W  98.3dB) @  70Hz (  480uF)

0.60  84.1dB:   0.7   61.9l: ( 90.5dB     5W  98.1dB) @  65Hz
                0.8   13.0l: ( 91.9dB     7W  98.1dB) @  71Hz
                0.9    6.9l: ( 92.4dB     8W  98.1dB) @  73Hz
                1.0    4.5l: ( 93.0dB     9W  98.1dB) @  75Hz
                1.1    3.3l: ( 93.7dB    11W  98.1dB) @  79Hz
                1.1    3.3l: ( 90.9dB     6W  98.1dB) @  67Hz (  502uF)

1.00  83.9dB:   0.8   17.9l: ( 91.2dB     7W  97.8dB) @  68Hz
                0.9    8.4l: ( 91.7dB     7W  97.8dB) @  70Hz
                1.0    5.3l: ( 92.2dB     8W  97.8dB) @  72Hz
                1.1    3.7l: ( 93.0dB    10W  97.8dB) @  75Hz
                1.1    3.7l: ( 90.1dB     5W  97.8dB) @  64Hz (  524uF)

-------------
V_W130S4
      87.0dB                             50W
Rpre   Spl      qtc    Vb     SplMech Pmech SplEle      f3

0.20  86.9dB:   0.5  128.4l: ( 97.8dB    28W 100.3dB) @  77Hz
                0.6   24.7l: ( 96.7dB    22W 100.3dB) @  72Hz
                0.7   12.6l: ( 96.8dB    22W 100.3dB) @  72Hz
                0.8    8.1l: ( 98.2dB    31W 100.3dB) @  79Hz
                0.9    5.7l: ( 98.7dB    34W 100.3dB) @  81Hz
                1.0    4.3l: ( 99.2dB    39W 100.3dB) @  83Hz
                1.1    3.4l: (100.0dB    46W 100.3dB) @  87Hz
                1.1    3.4l: ( 97.1dB    24W 100.3dB) @  74Hz (  854uF)

0.60  86.5dB:   0.6   41.3l: ( 95.3dB    17W  99.9dB) @  67Hz
                0.7   17.5l: ( 95.4dB    18W  99.9dB) @  67Hz
                0.8   10.5l: ( 96.8dB    24W  99.9dB) @  72Hz
                0.9    7.3l: ( 97.3dB    27W  99.9dB) @  74Hz
                1.0    5.4l: ( 97.8dB    31W  99.9dB) @  77Hz
                1.1    4.2l: ( 98.6dB    37W  99.9dB) @  80Hz
                1.1    4.2l: ( 95.7dB    19W  99.9dB) @  68Hz (  928uF)

1.00  86.1dB:   0.6   84.9l: ( 94.0dB    14W  99.5dB) @  62Hz
                0.7   24.9l: ( 94.1dB    14W  99.5dB) @  62Hz
                0.8   13.7l: ( 95.5dB    20W  99.5dB) @  67Hz
                0.9    9.1l: ( 96.0dB    22W  99.5dB) @  69Hz
                1.0    6.6l: ( 96.5dB    25W  99.5dB) @  71Hz
                1.1    5.1l: ( 97.3dB    30W  99.5dB) @  75Hz
                1.1    5.1l: ( 94.4dB    16W  99.5dB) @  63Hz (  999uF)

-------------
V_W130S8
      87.0dB                             50W
Rpre   Spl      qtc    Vb     SplMech Pmech SplEle      f3

0.20  84.4dB:   0.7   28.6l: ( 95.8dB    17W 100.5dB) @  68Hz
                0.8    9.9l: ( 97.2dB    23W 100.5dB) @  74Hz
                0.9    5.7l: ( 97.7dB    26W 100.5dB) @  76Hz
                1.0    3.8l: ( 98.3dB    30W 100.5dB) @  79Hz
                1.1    2.8l: ( 99.0dB    35W 100.5dB) @  82Hz
                1.1    2.8l: ( 96.2dB    18W 100.5dB) @  70Hz (  480uF)

0.60  84.1dB:   0.7   61.9l: ( 95.0dB    15W 100.3dB) @  65Hz
                0.8   13.0l: ( 96.4dB    21W 100.3dB) @  71Hz
                0.9    6.9l: ( 96.9dB    23W 100.3dB) @  73Hz
                1.0    4.5l: ( 97.5dB    26W 100.3dB) @  75Hz
                1.1    3.3l: ( 98.2dB    31W 100.3dB) @  79Hz
                1.1    3.3l: ( 95.4dB    16W 100.3dB) @  67Hz (  502uF)

1.00  83.9dB:   0.8   17.9l: ( 95.7dB    18W 100.0dB) @  68Hz
                0.9    8.4l: ( 96.2dB    21W 100.0dB) @  70Hz
                1.0    5.3l: ( 96.7dB    23W 100.0dB) @  72Hz
                1.1    3.7l: ( 97.5dB    28W 100.0dB) @  75Hz
                1.1    3.7l: ( 94.6dB    14W 100.0dB) @  64Hz (  524uF)

-------------
V_W170S4
      86.0dB                             50W
Rpre   Spl      qtc    Vb     SplMech Pmech SplEle      f3

0.20  87.0dB:   0.5  114.4l: (103.4dB   109W 100.0dB) @  60Hz
                0.6   41.4l: (102.4dB    86W 100.0dB) @  57Hz
                0.7   23.6l: (102.4dB    87W 100.0dB) @  57Hz
                0.8   15.8l: (103.8dB   120W 100.0dB) @  62Hz
                0.9   11.5l: (104.3dB   135W 100.0dB) @  64Hz
                1.0    8.8l: (104.9dB   153W 100.0dB) @  66Hz
                1.1    7.0l: (105.6dB   182W 100.0dB) @  69Hz
                1.1    7.0l: (102.8dB    94W 100.0dB) @  58Hz ( 1188uF)

0.60  86.5dB:   0.5  323.7l: (101.8dB    85W  99.5dB) @  55Hz
                0.6   62.4l: (100.8dB    68W  99.5dB) @  52Hz
                0.7   31.9l: (100.9dB    68W  99.5dB) @  52Hz
                0.8   20.4l: (102.3dB    95W  99.5dB) @  57Hz
                0.9   14.5l: (102.8dB   106W  99.5dB) @  58Hz
                1.0   11.0l: (103.3dB   120W  99.5dB) @  60Hz
                1.1    8.6l: (104.1dB   143W  99.5dB) @  63Hz
                1.1    8.6l: (101.2dB    74W  99.5dB) @  53Hz ( 1297uF)

1.00  86.1dB:   0.6  100.4l: ( 99.5dB    55W  99.1dB) @  48Hz
                0.7   43.4l: ( 99.5dB    56W  99.1dB) @  48Hz
                0.8   26.2l: (100.9dB    77W  99.1dB) @  52Hz
                0.9   18.1l: (101.4dB    86W  99.1dB) @  54Hz
                1.0   13.4l: (102.0dB    98W  99.1dB) @  56Hz
                1.1   10.5l: (102.7dB   116W  99.1dB) @  58Hz
                1.1   10.5l: ( 99.9dB    60W  99.1dB) @  49Hz ( 1402uF)

-------------
V_W170S8
      86.0dB                             50W
Rpre   Spl      qtc    Vb     SplMech Pmech SplEle      f3

0.20  86.0dB:   0.6  141.6l: ( 98.8dB    26W 101.6dB) @  46Hz
                0.7   52.3l: ( 98.8dB    26W 101.6dB) @  46Hz
                0.8   30.3l: (100.2dB    36W 101.6dB) @  50Hz
                0.9   20.5l: (100.7dB    40W 101.6dB) @  52Hz
                1.0   15.1l: (101.3dB    46W 101.6dB) @  53Hz
                1.1   11.6l: (102.0dB    54W 101.6dB) @  56Hz
                1.1   11.6l: ( 99.2dB    28W 101.6dB) @  47Hz (  793uF)

0.60  85.7dB:   0.6  254.4l: ( 97.9dB    22W 101.4dB) @  44Hz
                0.7   67.3l: ( 98.0dB    23W 101.4dB) @  44Hz
                0.8   36.4l: ( 99.4dB    31W 101.4dB) @  48Hz
                0.9   24.0l: ( 99.8dB    35W 101.4dB) @  49Hz
                1.0   17.3l: (100.4dB    40W 101.4dB) @  51Hz
                1.1   13.3l: (101.2dB    48W 101.4dB) @  53Hz
                1.1   13.3l: ( 98.3dB    25W 101.4dB) @  45Hz (  833uF)

1.00  85.5dB:   0.6  774.0l: ( 97.1dB    20W 101.1dB) @  42Hz
                0.7   88.8l: ( 97.2dB    20W 101.1dB) @  42Hz
                0.8   43.9l: ( 98.6dB    28W 101.1dB) @  46Hz
                0.9   27.9l: ( 99.1dB    31W 101.1dB) @  47Hz
                1.0   19.9l: ( 99.6dB    35W 101.1dB) @  49Hz
                1.1   15.0l: (100.4dB    42W 101.1dB) @  51Hz
                1.1   15.0l: ( 97.5dB    22W 101.1dB) @  43Hz (  872uF)

-------------
V_W200S4
      88.0dB                             75W
Rpre   Spl      qtc    Vb     SplMech Pmech SplEle      f3

0.20  87.8dB:   0.5   74.6l: (105.3dB   132W 102.8dB) @  58Hz
                0.6   38.4l: (104.3dB   104W 102.8dB) @  54Hz
                0.7   24.4l: (104.3dB   106W 102.8dB) @  54Hz
                0.8   17.1l: (105.7dB   146W 102.8dB) @  59Hz
                0.9   12.8l: (106.2dB   163W 102.8dB) @  61Hz
                1.0   10.0l: (106.8dB   186W 102.8dB) @  63Hz
                1.1    8.1l: (107.5dB   221W 102.8dB) @  65Hz
                1.1    8.1l: (104.7dB   114W 102.8dB) @  56Hz ( 1171uF)

0.60  87.3dB:   0.5  118.9l: (103.6dB   100W 102.4dB) @  52Hz
                0.6   53.0l: (102.6dB    79W 102.4dB) @  49Hz
                0.7   32.0l: (102.7dB    80W 102.4dB) @  49Hz
                0.8   22.0l: (104.1dB   111W 102.4dB) @  54Hz
                0.9   16.2l: (104.5dB   124W 102.4dB) @  55Hz
                1.0   12.5l: (105.1dB   141W 102.4dB) @  57Hz
                1.1   10.0l: (105.9dB   168W 102.4dB) @  60Hz
                1.1   10.0l: (103.0dB    87W 102.4dB) @  50Hz ( 1288uF)

1.00  86.9dB:   0.5  213.6l: (102.1dB    78W 102.0dB) @  48Hz
                0.6   74.0l: (101.1dB    62W 102.0dB) @  45Hz
                0.7   41.8l: (101.2dB    63W 102.0dB) @  45Hz
                0.8   27.8l: (102.6dB    87W 102.0dB) @  49Hz
                0.9   20.1l: (103.1dB    97W 102.0dB) @  51Hz
                1.0   15.4l: (103.6dB   110W 102.0dB) @  52Hz
                1.1   12.2l: (104.4dB   131W 102.0dB) @  55Hz
                1.1   12.2l: (101.5dB    68W 102.0dB) @  46Hz ( 1403uF)

-------------
V_W200S8
      88.0dB                             75W
Rpre   Spl      qtc    Vb     SplMech Pmech SplEle      f3

0.20  88.9dB:   0.5   58.3l: (107.3dB    92W 106.4dB) @  65Hz
                0.6   32.3l: (106.3dB    73W 106.4dB) @  61Hz
                0.7   21.1l: (106.3dB    73W 106.4dB) @  61Hz
                0.8   15.1l: (107.7dB   102W 106.4dB) @  66Hz
                0.9   11.4l: (108.2dB   114W 106.4dB) @  68Hz
                1.0    9.0l: (108.8dB   129W 106.4dB) @  70Hz
                1.1    7.3l: (109.5dB   154W 106.4dB) @  73Hz
                1.1    7.3l: (106.7dB    80W 106.4dB) @  62Hz (  592uF)

0.60  88.6dB:   0.5   72.5l: (106.3dB    78W 106.1dB) @  61Hz
                0.6   38.2l: (105.3dB    62W 106.1dB) @  58Hz
                0.7   24.5l: (105.3dB    62W 106.1dB) @  58Hz
                0.8   17.4l: (106.7dB    86W 106.1dB) @  63Hz
                0.9   13.0l: (107.2dB    96W 106.1dB) @  64Hz
                1.0   10.2l: (107.8dB   110W 106.1dB) @  66Hz
                1.1    8.2l: (108.5dB   130W 106.1dB) @  69Hz
                1.1    8.2l: (105.7dB    68W 106.1dB) @  59Hz (  626uF)

1.00  88.4dB:   0.5   91.1l: (105.4dB    67W 105.9dB) @  58Hz
                0.6   45.3l: (104.4dB    53W 105.9dB) @  55Hz
                0.7   28.4l: (104.4dB    54W 105.9dB) @  55Hz
                0.8   19.8l: (105.8dB    74W 105.9dB) @  59Hz
                0.9   14.8l: (106.3dB    83W 105.9dB) @  61Hz
                1.0   11.5l: (106.9dB    94W 105.9dB) @  63Hz
                1.1    9.3l: (107.6dB   112W 105.9dB) @  66Hz
                1.1    9.3l: (104.8dB    58W 105.9dB) @  56Hz (  660uF)

-------------
V_W250S4
      90.0dB                            100W
Rpre   Spl      qtc    Vb     SplMech Pmech SplEle      f3

0.20  92.1dB:   0.5  163.9l: (114.6dB   389W 108.7dB) @  65Hz
                0.6   83.0l: (113.5dB   308W 108.7dB) @  61Hz
                0.7   52.4l: (113.6dB   312W 108.7dB) @  61Hz
                0.8   36.8l: (115.0dB   432W 108.7dB) @  66Hz
                0.9   27.5l: (115.5dB   482W 108.7dB) @  68Hz
                1.0   21.4l: (116.1dB   549W 108.7dB) @  70Hz
                1.1   17.3l: (116.8dB   653W 108.7dB) @  74Hz
                1.1   17.3l: (113.9dB   338W 108.7dB) @  62Hz (  985uF)

0.60  91.7dB:   0.5  245.0l: (113.2dB   311W 108.2dB) @  60Hz
                0.6  109.4l: (112.1dB   247W 108.2dB) @  56Hz
                0.7   66.2l: (112.2dB   249W 108.2dB) @  56Hz
                0.8   45.4l: (113.6dB   345W 108.2dB) @  61Hz
                0.9   33.5l: (114.1dB   386W 108.2dB) @  63Hz
                1.0   25.9l: (114.6dB   439W 108.2dB) @  65Hz
                1.1   20.7l: (115.4dB   522W 108.2dB) @  68Hz
                1.1   20.7l: (112.5dB   270W 108.2dB) @  58Hz ( 1068uF)

1.00  91.3dB:   0.5  393.9l: (111.9dB   255W 107.8dB) @  55Hz
                0.6  144.6l: (110.9dB   202W 107.8dB) @  52Hz
                0.7   82.7l: (110.9dB   205W 107.8dB) @  52Hz
                0.8   55.4l: (112.4dB   283W 107.8dB) @  57Hz
                0.9   40.3l: (112.8dB   317W 107.8dB) @  59Hz
                1.0   30.9l: (113.4dB   360W 107.8dB) @  60Hz
                1.1   24.6l: (114.1dB   428W 107.8dB) @  63Hz
                1.1   24.6l: (111.3dB   222W 107.8dB) @  54Hz ( 1148uF)

-------------
V_W250S8
      90.0dB                            100W
Rpre   Spl      qtc    Vb     SplMech Pmech SplEle      f3

0.20  91.4dB:   0.5   94.5l: (115.4dB   308W 110.5dB) @  68Hz
                0.6   53.0l: (114.4dB   244W 110.5dB) @  64Hz
                0.7   34.9l: (114.5dB   247W 110.5dB) @  64Hz
                0.8   25.0l: (115.9dB   342W 110.5dB) @  70Hz
                0.9   18.9l: (116.4dB   382W 110.5dB) @  72Hz
                1.0   14.9l: (116.9dB   435W 110.5dB) @  74Hz
                1.1   12.1l: (117.7dB   517W 110.5dB) @  77Hz
                1.1   12.1l: (114.8dB   268W 110.5dB) @  66Hz (  511uF)

0.60  91.1dB:   0.5  112.4l: (114.6dB   271W 110.3dB) @  65Hz
                0.6   60.8l: (113.6dB   214W 110.3dB) @  61Hz
                0.7   39.4l: (113.6dB   217W 110.3dB) @  61Hz
                0.8   28.0l: (115.1dB   300W 110.3dB) @  66Hz
                0.9   21.1l: (115.5dB   335W 110.3dB) @  68Hz
                1.0   16.6l: (116.1dB   381W 110.3dB) @  71Hz
                1.1   13.4l: (116.8dB   454W 110.3dB) @  74Hz
                1.1   13.4l: (114.0dB   235W 110.3dB) @  63Hz (  536uF)

1.00  90.9dB:   0.5  134.1l: (113.8dB   240W 110.0dB) @  62Hz
                0.6   69.6l: (112.8dB   190W 110.0dB) @  58Hz
                0.7   44.3l: (112.9dB   192W 110.0dB) @  59Hz
                0.8   31.3l: (114.3dB   266W 110.0dB) @  64Hz
                0.9   23.4l: (114.8dB   297W 110.0dB) @  65Hz
                1.0   18.3l: (115.3dB   338W 110.0dB) @  68Hz
                1.1   14.7l: (116.1dB   402W 110.0dB) @  71Hz
                1.1   14.7l: (113.2dB   208W 110.0dB) @  60Hz (  560uF)

-------------
V_W300S4
      92.0dB                            150W
Rpre   Spl      qtc    Vb     SplMech Pmech SplEle      f3

0.20  92.5dB:   0.5  116.8l: (117.9dB   795W 110.6dB) @  63Hz
                0.6   72.5l: (116.9dB   630W 110.6dB) @  59Hz
                0.7   50.0l: (116.9dB   638W 110.6dB) @  60Hz
                0.8   36.9l: (118.3dB   882W 110.6dB) @  65Hz
                0.9   28.4l: (118.8dB   986W 110.6dB) @  66Hz
                1.0   22.6l: (119.4dB  1121W 110.6dB) @  69Hz
                1.1   18.4l: (120.1dB  1334W 110.6dB) @  72Hz
                1.1   18.4l: (117.3dB   691W 110.6dB) @  61Hz ( 1039uF)

0.60  92.0dB:   0.5  149.2l: (116.4dB   627W 110.2dB) @  58Hz
                0.6   89.9l: (115.4dB   497W 110.2dB) @  55Hz
                0.7   61.2l: (115.4dB   503W 110.2dB) @  55Hz
                0.8   44.7l: (116.8dB   696W 110.2dB) @  59Hz
                0.9   34.3l: (117.3dB   778W 110.2dB) @  61Hz
                1.0   27.2l: (117.9dB   885W 110.2dB) @  63Hz
                1.1   22.1l: (118.6dB  1052W 110.2dB) @  66Hz
                1.1   22.1l: (115.8dB   545W 110.2dB) @  56Hz ( 1131uF)

1.00  91.6dB:   0.5  188.9l: (115.1dB   509W 109.8dB) @  54Hz
                0.6  110.0l: (114.1dB   403W 109.8dB) @  51Hz
                0.7   73.7l: (114.1dB   408W 109.8dB) @  51Hz
                0.8   53.3l: (115.5dB   564W 109.8dB) @  55Hz
                0.9   40.6l: (116.0dB   631W 109.8dB) @  57Hz
                1.0   32.1l: (116.6dB   717W 109.8dB) @  58Hz
                1.1   26.0l: (117.3dB   853W 109.8dB) @  61Hz
                1.1   26.0l: (114.5dB   442W 109.8dB) @  52Hz ( 1220uF)

-------------
V_W300S8
      92.0dB                            150W
Rpre   Spl      qtc    Vb     SplMech Pmech SplEle      f3

0.20  91.6dB:   0.5  301.2l: (113.4dB   178W 112.6dB) @  49Hz
                0.6  164.6l: (112.4dB   141W 112.6dB) @  46Hz
                0.7  107.2l: (112.4dB   143W 112.6dB) @  46Hz
                0.8   76.4l: (113.8dB   197W 112.6dB) @  50Hz
                0.9   57.7l: (114.3dB   221W 112.6dB) @  51Hz
                1.0   45.2l: (114.9dB   251W 112.6dB) @  53Hz
                1.1   36.5l: (115.6dB   298W 112.6dB) @  55Hz
                1.1   36.5l: (112.8dB   155W 112.6dB) @  47Hz (  703uF)

0.60  91.4dB:   0.5  358.7l: (112.6dB   158W 112.4dB) @  47Hz
                0.6  188.4l: (111.6dB   125W 112.4dB) @  44Hz
                0.7  120.7l: (111.6dB   126W 112.4dB) @  44Hz
                0.8   85.3l: (113.1dB   175W 112.4dB) @  48Hz
                0.9   64.0l: (113.5dB   195W 112.4dB) @  49Hz
                1.0   50.1l: (114.1dB   222W 112.4dB) @  51Hz
                1.1   40.3l: (114.8dB   264W 112.4dB) @  53Hz
                1.1   40.3l: (112.0dB   137W 112.4dB) @  45Hz (  735uF)

1.00  91.2dB:   0.5  428.9l: (111.9dB   141W 112.2dB) @  45Hz
                0.6  215.0l: (110.9dB   112W 112.2dB) @  42Hz
                0.7  135.3l: (110.9dB   113W 112.2dB) @  42Hz
                0.8   94.7l: (112.3dB   156W 112.2dB) @  46Hz
                0.9   70.7l: (112.8dB   175W 112.2dB) @  47Hz
                1.0   55.1l: (113.4dB   198W 112.2dB) @  49Hz
                1.1   44.3l: (114.1dB   236W 112.2dB) @  51Hz
                1.1   44.3l: (111.3dB   122W 112.2dB) @  43Hz (  766uF)

-------------
V_WS17E4
      88.0dB                             60W
Rpre   Spl      qtc    Vb     SplMech Pmech SplEle      f3

0.20  85.1dB:   0.7  362.5l: ( 97.7dB    46W  98.9dB) @  45Hz
                0.8   57.1l: ( 99.1dB    63W  98.9dB) @  49Hz
                0.9   29.2l: ( 99.6dB    71W  98.9dB) @  51Hz
                1.0   18.9l: (100.1dB    80W  98.9dB) @  52Hz
                1.1   13.6l: (100.9dB    95W  98.9dB) @  55Hz
                1.1   13.6l: ( 98.0dB    49W  98.9dB) @  46Hz ( 1492uF)

0.60  84.6dB:   0.8  118.4l: ( 97.7dB    52W  98.4dB) @  46Hz
                0.9   43.9l: ( 98.2dB    58W  98.4dB) @  47Hz
                1.0   25.8l: ( 98.8dB    66W  98.4dB) @  48Hz
                1.1   17.7l: ( 99.5dB    78W  98.4dB) @  51Hz
                1.1   17.7l: ( 96.7dB    40W  98.4dB) @  43Hz ( 1612uF)

1.00  84.1dB:   0.8  616.9l: ( 96.5dB    44W  97.9dB) @  43Hz
                0.9   70.8l: ( 97.0dB    49W  97.9dB) @  44Hz
                1.0   35.6l: ( 97.6dB    55W  97.9dB) @  45Hz
                1.1   23.0l: ( 98.3dB    66W  97.9dB) @  47Hz
                1.1   23.0l: ( 95.5dB    34W  97.9dB) @  40Hz ( 1725uF)

-------------
V_WS17E8
      88.0dB                             60W
Rpre   Spl      qtc    Vb     SplMech Pmech SplEle      f3

0.20  83.6dB:   0.9  118.6l: ( 96.2dB    25W 100.0dB) @  42Hz
                1.0   47.5l: ( 96.7dB    28W 100.0dB) @  43Hz
                1.1   28.5l: ( 97.5dB    33W 100.0dB) @  45Hz
                1.1   28.5l: ( 94.6dB    17W 100.0dB) @  38Hz ( 1001uF)

0.60  83.4dB:   0.9  232.2l: ( 95.5dB    22W  99.7dB) @  40Hz
                1.0   62.6l: ( 96.0dB    25W  99.7dB) @  41Hz
                1.1   34.6l: ( 96.8dB    30W  99.7dB) @  43Hz
                1.1   34.6l: ( 93.9dB    16W  99.7dB) @  37Hz ( 1041uF)

1.00  83.1dB:   1.0   85.8l: ( 95.4dB    23W  99.5dB) @  40Hz
                1.1   42.3l: ( 96.1dB    28W  99.5dB) @  42Hz
                1.1   42.3l: ( 93.3dB    14W  99.5dB) @  35Hz ( 1080uF)

-------------
V_WS20E4
      88.0dB                             80W
Rpre   Spl      qtc    Vb     SplMech Pmech SplEle      f3

0.20  86.1dB:   0.7  260.0l: (101.5dB    85W 101.3dB) @  49Hz
                0.8   77.7l: (102.9dB   118W 101.3dB) @  54Hz
                0.9   43.3l: (103.4dB   132W 101.3dB) @  55Hz
                1.0   29.0l: (104.0dB   150W 101.3dB) @  57Hz
                1.1   21.2l: (104.7dB   178W 101.3dB) @  59Hz
                1.1   21.2l: (101.9dB    92W 101.3dB) @  50Hz ( 1330uF)

0.60  85.6dB:   0.7  759.3l: (100.7dB    79W 100.8dB) @  47Hz
                0.8  104.5l: (102.2dB   110W 100.8dB) @  51Hz
                0.9   52.8l: (102.6dB   123W 100.8dB) @  53Hz
                1.0   34.0l: (103.2dB   139W 100.8dB) @  54Hz
                1.1   24.4l: (103.9dB   166W 100.8dB) @  57Hz
                1.1   24.4l: (101.1dB    86W 100.8dB) @  48Hz ( 1391uF)

1.00  85.2dB:   0.8  143.0l: (101.5dB   104W 100.4dB) @  49Hz
                0.9   63.9l: (102.0dB   116W 100.4dB) @  51Hz
                1.0   39.5l: (102.5dB   132W 100.4dB) @  52Hz
                1.1   27.7l: (103.3dB   157W 100.4dB) @  55Hz
                1.1   27.7l: (100.4dB    81W 100.4dB) @  46Hz ( 1445uF)

-------------
V_WS20E8
      88.0dB                             80W
Rpre   Spl      qtc    Vb     SplMech Pmech SplEle      f3

-------------
V_WS25E4
      88.0dB                             80W
Rpre   Spl      qtc    Vb     SplMech Pmech SplEle      f3

-------------
V_WS25E8
      88.0dB                             80W
Rpre   Spl      qtc    Vb     SplMech Pmech SplEle      f3

0.20  87.5dB:   1.1  529.2l: (103.0dB    47W 105.3dB) @  32Hz
                1.1  529.2l: (100.2dB    25W 105.3dB) @  28Hz ( 1339uF)

