-------------
V_Al130
      87.0dB             60W
Rpre   Spl     SplMech Pmech SplEle      f3

0.20  85.6dB: (106.2dB   162W 101.8dB) @  76Hz
              (109.2dB   325W 101.8dB) @  90Hz
0.60  85.3dB: (105.1dB   136W 101.5dB) @  72Hz
              (108.1dB   273W 101.5dB) @  85Hz
              (111.1dB   545W 101.5dB) @ 101Hz
1.00  85.0dB: (104.1dB   116W 101.3dB) @  68Hz
              (107.1dB   232W 101.3dB) @  81Hz
              (110.1dB   463W 101.3dB) @  96Hz
-------------
V_Al130M
      90.0dB             60W
Rpre   Spl     SplMech Pmech SplEle      f3

0.20  86.8dB: (101.7dB    46W 102.9dB) @  83Hz
              (104.7dB    91W 102.9dB) @  99Hz
              (107.7dB   182W 102.9dB) @ 117Hz
              (110.7dB   364W 102.9dB) @ 140Hz
0.60  86.5dB: (100.6dB    38W 102.6dB) @  78Hz
              (103.6dB    76W 102.6dB) @  93Hz
              (106.6dB   153W 102.6dB) @ 111Hz
              (109.6dB   305W 102.6dB) @ 131Hz
1.00  86.2dB: ( 99.6dB    32W 102.3dB) @  74Hz
              (102.6dB    65W 102.3dB) @  88Hz
              (105.6dB   130W 102.3dB) @ 104Hz
              (108.6dB   260W 102.3dB) @ 124Hz
              (111.6dB   519W 102.3dB) @ 148Hz
-------------
V_Al170
      88.0dB             70W
Rpre   Spl     SplMech Pmech SplEle      f3

0.20  88.1dB: (108.4dB   153W 105.0dB) @  67Hz
              (111.4dB   306W 105.0dB) @  79Hz
              (114.4dB   613W 105.0dB) @  94Hz
0.60  87.8dB: (107.3dB   129W 104.7dB) @  63Hz
              (110.3dB   258W 104.7dB) @  75Hz
              (113.3dB   516W 104.7dB) @  89Hz
1.00  87.5dB: (106.4dB   110W 104.4dB) @  59Hz
              (109.4dB   220W 104.4dB) @  71Hz
              (112.4dB   440W 104.4dB) @  84Hz
-------------
V_Al200
      88.0dB            120W
Rpre   Spl     SplMech Pmech SplEle      f3

0.20  89.8dB: (112.6dB   230W 109.8dB) @  62Hz
              (115.6dB   461W 109.8dB) @  73Hz
              (118.6dB   921W 109.8dB) @  87Hz
0.60  89.6dB: (111.7dB   198W 109.5dB) @  59Hz
              (114.7dB   397W 109.5dB) @  70Hz
              (117.7dB   794W 109.5dB) @  83Hz
1.00  89.3dB: (110.9dB   173W 109.3dB) @  56Hz
              (113.9dB   345W 109.3dB) @  66Hz
              (116.9dB   690W 109.3dB) @  79Hz
-------------
V_B200
      96.0dB             40W
Rpre   Spl     SplMech Pmech SplEle      f3

0.20  90.6dB: ( 92.2dB     2W 104.6dB) @  36Hz
              ( 95.2dB     5W 104.6dB) @  43Hz
              ( 98.2dB     9W 104.6dB) @  51Hz
              (101.2dB    18W 104.6dB) @  60Hz
              (104.2dB    36W 104.6dB) @  72Hz
              (107.2dB    73W 104.6dB) @  85Hz
              (110.2dB   146W 104.6dB) @ 101Hz
              (113.2dB   292W 104.6dB) @ 120Hz
0.60  90.3dB: ( 91.0dB     2W 104.3dB) @  33Hz
              ( 94.0dB     4W 104.3dB) @  40Hz
              ( 97.0dB     8W 104.3dB) @  47Hz
              (100.0dB    15W 104.3dB) @  56Hz
              (103.0dB    30W 104.3dB) @  67Hz
              (106.0dB    60W 104.3dB) @  80Hz
              (109.1dB   120W 104.3dB) @  95Hz
              (112.1dB   240W 104.3dB) @ 113Hz
1.00  90.0dB: ( 89.9dB     2W 104.0dB) @  31Hz
              ( 92.9dB     3W 104.0dB) @  37Hz
              ( 95.9dB     6W 104.0dB) @  44Hz
              ( 98.9dB    13W 104.0dB) @  53Hz
              (102.0dB    25W 104.0dB) @  63Hz
              (105.0dB    50W 104.0dB) @  75Hz
              (108.0dB   100W 104.0dB) @  89Hz
              (111.0dB   201W 104.0dB) @ 106Hz
-------------
V_BG17
      93.0dB             40W
Rpre   Spl     SplMech Pmech SplEle      f3

0.20  93.3dB: (105.9dB    23W 108.3dB) @ 112Hz
              (108.9dB    46W 108.3dB) @ 133Hz
              (111.9dB    93W 108.3dB) @ 158Hz
              (115.0dB   186W 108.3dB) @ 188Hz
              (118.0dB   372W 108.3dB) @ 223Hz
0.60  93.0dB: (105.2dB    21W 108.0dB) @ 107Hz
              (108.2dB    41W 108.0dB) @ 127Hz
              (111.2dB    83W 108.0dB) @ 151Hz
              (114.2dB   165W 108.0dB) @ 180Hz
              (117.2dB   331W 108.0dB) @ 214Hz
1.00  92.8dB: (104.4dB    19W 107.8dB) @ 103Hz
              (107.5dB    37W 107.8dB) @ 122Hz
              (110.5dB    74W 107.8dB) @ 145Hz
              (113.5dB   149W 107.8dB) @ 172Hz
              (116.5dB   297W 107.8dB) @ 205Hz
-------------
V_BG20
      92.0dB             40W
Rpre   Spl     SplMech Pmech SplEle      f3

0.20  92.4dB: (100.6dB     8W 107.3dB) @  58Hz
              (103.6dB    17W 107.3dB) @  69Hz
              (106.6dB    34W 107.3dB) @  82Hz
              (109.6dB    68W 107.3dB) @  98Hz
              (112.6dB   136W 107.3dB) @ 116Hz
              (115.7dB   271W 107.3dB) @ 138Hz
0.60  92.2dB: ( 99.7dB     7W 107.1dB) @  55Hz
              (102.7dB    15W 107.1dB) @  66Hz
              (105.7dB    29W 107.1dB) @  78Hz
              (108.7dB    58W 107.1dB) @  93Hz
              (111.7dB   117W 107.1dB) @ 110Hz
              (114.7dB   234W 107.1dB) @ 131Hz
1.00  91.9dB: ( 98.8dB     6W 106.8dB) @  53Hz
              (101.9dB    13W 106.8dB) @  63Hz
              (104.9dB    25W 106.8dB) @  74Hz
              (107.9dB    51W 106.8dB) @  88Hz
              (110.9dB   102W 106.8dB) @ 105Hz
              (113.9dB   203W 106.8dB) @ 125Hz
-------------
V_BGS40
      98.0dB            200W
Rpre   Spl     SplMech Pmech SplEle      f3

0.20  97.1dB: (114.4dB    67W 119.2dB) @  64Hz
              (117.4dB   133W 119.2dB) @  77Hz
              (120.4dB   266W 119.2dB) @  91Hz
              (123.4dB   533W 119.2dB) @ 108Hz
              (126.4dB  1065W 119.2dB) @ 129Hz
0.60  96.8dB: (113.5dB    58W 118.9dB) @  61Hz
              (116.5dB   116W 118.9dB) @  73Hz
              (119.6dB   231W 118.9dB) @  87Hz
              (122.6dB   463W 118.9dB) @ 103Hz
              (125.6dB   925W 118.9dB) @ 123Hz
              (128.6dB  1850W 118.9dB) @ 146Hz
1.00  96.6dB: (112.7dB    51W 118.7dB) @  58Hz
              (115.7dB   101W 118.7dB) @  70Hz
              (118.7dB   203W 118.7dB) @  83Hz
              (121.8dB   406W 118.7dB) @  98Hz
              (124.8dB   811W 118.7dB) @ 117Hz
              (127.8dB  1622W 118.7dB) @ 139Hz
-------------
V_HX10_4
      81.0dB             40W
Rpre   Spl     SplMech Pmech SplEle      f3

0.20  86.2dB: ( 94.6dB    13W  99.5dB) @  94Hz
              ( 97.6dB    26W  99.5dB) @ 112Hz
              (100.6dB    51W  99.5dB) @ 133Hz
              (103.6dB   103W  99.5dB) @ 158Hz
              (106.6dB   206W  99.5dB) @ 188Hz
0.60  85.8dB: ( 93.4dB    11W  99.2dB) @  88Hz
              ( 96.4dB    21W  99.2dB) @ 104Hz
              ( 99.4dB    42W  99.2dB) @ 124Hz
              (102.4dB    85W  99.2dB) @ 147Hz
              (105.4dB   170W  99.2dB) @ 175Hz
              (108.5dB   340W  99.2dB) @ 208Hz
1.00  85.5dB: ( 92.3dB     9W  98.8dB) @  82Hz
              ( 95.3dB    18W  98.8dB) @  98Hz
              ( 98.3dB    36W  98.8dB) @ 116Hz
              (101.3dB    71W  98.8dB) @ 138Hz
              (104.4dB   143W  98.8dB) @ 164Hz
              (107.4dB   286W  98.8dB) @ 196Hz
-------------
V_Ti100
      86.0dB             40W
Rpre   Spl     SplMech Pmech SplEle      f3

0.20  87.9dB: (100.9dB    27W 102.6dB) @ 111Hz
              (103.9dB    54W 102.6dB) @ 132Hz
              (106.9dB   108W 102.6dB) @ 157Hz
              (109.9dB   216W 102.6dB) @ 187Hz
0.60  87.6dB: ( 99.9dB    23W 102.3dB) @ 105Hz
              (102.9dB    45W 102.3dB) @ 125Hz
              (105.9dB    91W 102.3dB) @ 148Hz
              (108.9dB   182W 102.3dB) @ 176Hz
              (111.9dB   364W 102.3dB) @ 210Hz
1.00  87.3dB: ( 98.9dB    19W 102.1dB) @  99Hz
              (101.9dB    39W 102.1dB) @ 118Hz
              (104.9dB    77W 102.1dB) @ 140Hz
              (108.0dB   155W 102.1dB) @ 167Hz
              (111.0dB   309W 102.1dB) @ 198Hz
-------------
V_Tiw200xs
      84.0dB            120W
Rpre   Spl     SplMech Pmech SplEle      f3

0.20  85.7dB: (109.7dB   324W 105.4dB) @  43Hz
              (112.7dB   648W 105.4dB) @  51Hz
0.60  85.5dB: (108.7dB   275W 105.1dB) @  40Hz
              (111.7dB   550W 105.1dB) @  48Hz
              (114.7dB  1100W 105.1dB) @  57Hz
1.00  85.2dB: (107.8dB   236W 104.8dB) @  38Hz
              (110.8dB   472W 104.8dB) @  45Hz
              (113.8dB   944W 104.8dB) @  54Hz
-------------
V_Tiw250xs
      89.0dB            200W
Rpre   Spl     SplMech Pmech SplEle      f3

0.20  90.0dB: (119.8dB  1352W 111.5dB) @  71Hz
0.60  89.7dB: (118.8dB  1132W 111.3dB) @  66Hz
1.00  89.5dB: (117.8dB   959W 111.0dB) @  63Hz
              (120.8dB  1918W 111.0dB) @  75Hz
-------------
V_Tiw300
      90.0dB            300W
Rpre   Spl     SplMech Pmech SplEle      f3

0.20  90.9dB: (120.2dB  1260W 114.0dB) @  60Hz
              (123.2dB  2519W 114.0dB) @  71Hz
0.60  90.6dB: (119.1dB  1043W 113.7dB) @  56Hz
              (122.1dB  2085W 113.7dB) @  67Hz
1.00  90.3dB: (118.0dB   875W 113.4dB) @  53Hz
              (121.0dB  1750W 113.4dB) @  63Hz
-------------
V_W100S4
      86.0dB             30W
Rpre   Spl     SplMech Pmech SplEle      f3

0.20  85.7dB: ( 96.1dB    27W  96.6dB) @  90Hz
              ( 99.1dB    53W  96.6dB) @ 107Hz
              (102.1dB   106W  96.6dB) @ 128Hz
              (105.1dB   212W  96.6dB) @ 152Hz
0.60  85.3dB: ( 94.6dB    21W  96.2dB) @  83Hz
              ( 97.7dB    42W  96.2dB) @  99Hz
              (100.7dB    84W  96.2dB) @ 117Hz
              (103.7dB   169W  96.2dB) @ 139Hz
1.00  84.8dB: ( 93.3dB    17W  95.7dB) @  77Hz
              ( 96.4dB    35W  95.7dB) @  92Hz
              ( 99.4dB    69W  95.7dB) @ 109Hz
              (102.4dB   138W  95.7dB) @ 129Hz
              (105.4dB   276W  95.7dB) @ 154Hz
-------------
V_W100S8
      86.0dB             30W
Rpre   Spl     SplMech Pmech SplEle      f3

0.20  84.4dB: ( 91.7dB     6W  98.3dB) @  70Hz
              ( 94.7dB    13W  98.3dB) @  83Hz
              ( 97.7dB    26W  98.3dB) @  99Hz
              (100.7dB    52W  98.3dB) @ 118Hz
              (103.7dB   104W  98.3dB) @ 140Hz
              (106.7dB   208W  98.3dB) @ 166Hz
0.60  84.1dB: ( 90.9dB     6W  98.1dB) @  67Hz
              ( 93.9dB    11W  98.1dB) @  79Hz
              ( 96.9dB    23W  98.1dB) @  94Hz
              ( 99.9dB    46W  98.1dB) @ 112Hz
              (102.9dB    92W  98.1dB) @ 134Hz
              (105.9dB   184W  98.1dB) @ 159Hz
1.00  83.9dB: ( 90.1dB     5W  97.8dB) @  64Hz
              ( 93.2dB    10W  97.8dB) @  76Hz
              ( 96.2dB    20W  97.8dB) @  91Hz
              ( 99.2dB    41W  97.8dB) @ 108Hz
              (102.2dB    82W  97.8dB) @ 128Hz
              (105.2dB   164W  97.8dB) @ 152Hz
-------------
V_W130S4
      87.0dB             50W
Rpre   Spl     SplMech Pmech SplEle      f3

0.20  86.9dB: ( 97.1dB    24W 100.3dB) @  74Hz
              (100.2dB    48W 100.3dB) @  88Hz
              (103.2dB    96W 100.3dB) @ 105Hz
              (106.2dB   192W 100.3dB) @ 124Hz
              (109.2dB   385W 100.3dB) @ 148Hz
0.60  86.5dB: ( 95.7dB    19W  99.9dB) @  68Hz
              ( 98.7dB    38W  99.9dB) @  81Hz
              (101.7dB    77W  99.9dB) @  96Hz
              (104.7dB   153W  99.9dB) @ 115Hz
              (107.7dB   306W  99.9dB) @ 136Hz
1.00  86.1dB: ( 94.4dB    16W  99.5dB) @  63Hz
              ( 97.4dB    31W  99.5dB) @  75Hz
              (100.5dB    63W  99.5dB) @  89Hz
              (103.5dB   125W  99.5dB) @ 106Hz
              (106.5dB   251W  99.5dB) @ 127Hz
-------------
V_W130S8
      87.0dB             50W
Rpre   Spl     SplMech Pmech SplEle      f3

0.20  84.4dB: ( 96.2dB    18W 100.5dB) @  70Hz
              ( 99.2dB    37W 100.5dB) @  83Hz
              (102.2dB    73W 100.5dB) @  99Hz
              (105.2dB   146W 100.5dB) @ 118Hz
              (108.2dB   292W 100.5dB) @ 140Hz
0.60  84.1dB: ( 95.4dB    16W 100.3dB) @  67Hz
              ( 98.4dB    32W 100.3dB) @  79Hz
              (101.4dB    65W 100.3dB) @  94Hz
              (104.4dB   129W 100.3dB) @ 112Hz
              (107.4dB   258W 100.3dB) @ 134Hz
1.00  83.9dB: ( 94.6dB    14W 100.0dB) @  64Hz
              ( 97.6dB    29W 100.0dB) @  76Hz
              (100.7dB    57W 100.0dB) @  91Hz
              (103.7dB   115W 100.0dB) @ 108Hz
              (106.7dB   230W 100.0dB) @ 128Hz
              (109.7dB   460W 100.0dB) @ 152Hz
-------------
V_W170S4
      86.0dB             50W
Rpre   Spl     SplMech Pmech SplEle      f3

0.20  87.0dB: (102.8dB    94W 100.0dB) @  58Hz
              (105.8dB   189W 100.0dB) @  69Hz
              (108.8dB   377W 100.0dB) @  82Hz
0.60  86.5dB: (101.2dB    74W  99.5dB) @  53Hz
              (104.2dB   148W  99.5dB) @  63Hz
              (107.2dB   297W  99.5dB) @  75Hz
1.00  86.1dB: ( 99.9dB    60W  99.1dB) @  49Hz
              (102.9dB   120W  99.1dB) @  59Hz
              (105.9dB   241W  99.1dB) @  70Hz
              (108.9dB   482W  99.1dB) @  83Hz
-------------
V_W170S8
      86.0dB             50W
Rpre   Spl     SplMech Pmech SplEle      f3

0.20  86.0dB: ( 99.2dB    28W 101.6dB) @  47Hz
              (102.2dB    56W 101.6dB) @  56Hz
              (105.2dB   113W 101.6dB) @  67Hz
              (108.2dB   225W 101.6dB) @  80Hz
              (111.2dB   451W 101.6dB) @  95Hz
0.60  85.7dB: ( 98.3dB    25W 101.4dB) @  45Hz
              (101.3dB    49W 101.4dB) @  54Hz
              (104.3dB    99W 101.4dB) @  64Hz
              (107.3dB   197W 101.4dB) @  76Hz
              (110.3dB   394W 101.4dB) @  90Hz
1.00  85.5dB: ( 97.5dB    22W 101.1dB) @  43Hz
              (100.5dB    44W 101.1dB) @  51Hz
              (103.5dB    87W 101.1dB) @  61Hz
              (106.5dB   174W 101.1dB) @  72Hz
              (109.6dB   349W 101.1dB) @  86Hz
-------------
V_W200S4
      88.0dB             75W
Rpre   Spl     SplMech Pmech SplEle      f3

0.20  87.8dB: (104.7dB   114W 102.8dB) @  56Hz
              (107.7dB   229W 102.8dB) @  66Hz
              (110.7dB   458W 102.8dB) @  79Hz
0.60  87.3dB: (103.0dB    87W 102.4dB) @  50Hz
              (106.0dB   174W 102.4dB) @  60Hz
              (109.0dB   347W 102.4dB) @  71Hz
              (112.0dB   695W 102.4dB) @  85Hz
1.00  86.9dB: (101.5dB    68W 102.0dB) @  46Hz
              (104.5dB   136W 102.0dB) @  55Hz
              (107.5dB   272W 102.0dB) @  66Hz
              (110.6dB   543W 102.0dB) @  78Hz
-------------
V_W200S8
      88.0dB             75W
Rpre   Spl     SplMech Pmech SplEle      f3

0.20  88.9dB: (106.7dB    80W 106.4dB) @  62Hz
              (109.7dB   159W 106.4dB) @  74Hz
              (112.7dB   318W 106.4dB) @  88Hz
              (115.7dB   637W 106.4dB) @ 105Hz
0.60  88.6dB: (105.7dB    68W 106.1dB) @  59Hz
              (108.7dB   135W 106.1dB) @  70Hz
              (111.7dB   270W 106.1dB) @  83Hz
              (114.7dB   541W 106.1dB) @  99Hz
1.00  88.4dB: (104.8dB    58W 105.9dB) @  56Hz
              (107.8dB   116W 105.9dB) @  66Hz
              (110.8dB   232W 105.9dB) @  79Hz
              (113.8dB   464W 105.9dB) @  94Hz
-------------
V_W250S4
      90.0dB            100W
Rpre   Spl     SplMech Pmech SplEle      f3

0.20  92.1dB: (113.9dB   338W 108.7dB) @  62Hz
              (117.0dB   676W 108.7dB) @  74Hz
0.60  91.7dB: (112.5dB   270W 108.2dB) @  58Hz
              (115.6dB   541W 108.2dB) @  68Hz
1.00  91.3dB: (111.3dB   222W 107.8dB) @  54Hz
              (114.3dB   444W 107.8dB) @  64Hz
              (117.3dB   888W 107.8dB) @  76Hz
-------------
V_W250S8
      90.0dB            100W
Rpre   Spl     SplMech Pmech SplEle      f3

0.20  91.4dB: (114.8dB   268W 110.5dB) @  66Hz
              (117.8dB   536W 110.5dB) @  78Hz
0.60  91.1dB: (114.0dB   235W 110.3dB) @  63Hz
              (117.0dB   470W 110.3dB) @  74Hz
              (120.0dB   940W 110.3dB) @  88Hz
1.00  90.9dB: (113.2dB   208W 110.0dB) @  60Hz
              (116.2dB   416W 110.0dB) @  71Hz
              (119.3dB   833W 110.0dB) @  85Hz
-------------
V_W300S4
      92.0dB            150W
Rpre   Spl     SplMech Pmech SplEle      f3

0.20  92.5dB: (117.3dB   691W 110.6dB) @  61Hz
              (120.3dB  1382W 110.6dB) @  72Hz
0.60  92.0dB: (115.8dB   545W 110.2dB) @  56Hz
              (118.8dB  1091W 110.2dB) @  66Hz
1.00  91.6dB: (114.5dB   442W 109.8dB) @  52Hz
              (117.5dB   884W 109.8dB) @  62Hz
-------------
V_W300S8
      92.0dB            150W
Rpre   Spl     SplMech Pmech SplEle      f3

0.20  91.6dB: (112.8dB   155W 112.6dB) @  47Hz
              (115.8dB   309W 112.6dB) @  56Hz
              (118.8dB   618W 112.6dB) @  66Hz
              (121.8dB  1237W 112.6dB) @  79Hz
0.60  91.4dB: (112.0dB   137W 112.4dB) @  45Hz
              (115.0dB   274W 112.4dB) @  53Hz
              (118.0dB   548W 112.4dB) @  64Hz
              (121.0dB  1096W 112.4dB) @  76Hz
1.00  91.2dB: (111.3dB   122W 112.2dB) @  43Hz
              (114.3dB   245W 112.2dB) @  51Hz
              (117.3dB   489W 112.2dB) @  61Hz
              (120.3dB   979W 112.2dB) @  73Hz
-------------
V_WS17E4
      88.0dB             60W
Rpre   Spl     SplMech Pmech SplEle      f3

0.20  85.1dB: ( 98.0dB    49W  98.9dB) @  46Hz
              (101.0dB    99W  98.9dB) @  55Hz
              (104.0dB   198W  98.9dB) @  66Hz
              (107.0dB   396W  98.9dB) @  78Hz
0.60  84.6dB: ( 96.7dB    40W  98.4dB) @  43Hz
              ( 99.7dB    81W  98.4dB) @  51Hz
              (102.7dB   162W  98.4dB) @  61Hz
              (105.7dB   324W  98.4dB) @  72Hz
1.00  84.1dB: ( 95.5dB    34W  97.9dB) @  40Hz
              ( 98.5dB    68W  97.9dB) @  48Hz
              (101.5dB   137W  97.9dB) @  57Hz
              (104.5dB   273W  97.9dB) @  67Hz
              (107.5dB   546W  97.9dB) @  80Hz
-------------
V_WS17E8
      88.0dB             60W
Rpre   Spl     SplMech Pmech SplEle      f3

0.20  83.6dB: ( 94.6dB    17W 100.0dB) @  38Hz
              ( 97.6dB    35W 100.0dB) @  45Hz
              (100.6dB    69W 100.0dB) @  54Hz
              (103.6dB   138W 100.0dB) @  64Hz
              (106.7dB   276W 100.0dB) @  76Hz
              (109.7dB   553W 100.0dB) @  91Hz
0.60  83.4dB: ( 93.9dB    16W  99.7dB) @  37Hz
              ( 96.9dB    31W  99.7dB) @  44Hz
              ( 99.9dB    63W  99.7dB) @  52Hz
              (103.0dB   126W  99.7dB) @  62Hz
              (106.0dB   251W  99.7dB) @  73Hz
              (109.0dB   503W  99.7dB) @  87Hz
1.00  83.1dB: ( 93.3dB    14W  99.5dB) @  35Hz
              ( 96.3dB    29W  99.5dB) @  42Hz
              ( 99.3dB    58W  99.5dB) @  50Hz
              (102.3dB   115W  99.5dB) @  59Hz
              (105.3dB   231W  99.5dB) @  71Hz
              (108.3dB   462W  99.5dB) @  84Hz
-------------
V_WS20E4
      88.0dB             80W
Rpre   Spl     SplMech Pmech SplEle      f3

0.20  86.1dB: (101.9dB    92W 101.3dB) @  50Hz
              (104.9dB   184W 101.3dB) @  60Hz
              (107.9dB   369W 101.3dB) @  71Hz
              (110.9dB   738W 101.3dB) @  85Hz
0.60  85.6dB: (101.1dB    86W 100.8dB) @  48Hz
              (104.1dB   172W 100.8dB) @  57Hz
              (107.1dB   344W 100.8dB) @  68Hz
              (110.1dB   687W 100.8dB) @  81Hz
1.00  85.2dB: (100.4dB    81W 100.4dB) @  46Hz
              (103.4dB   163W 100.4dB) @  55Hz
              (106.5dB   325W 100.4dB) @  66Hz
              (109.5dB   651W 100.4dB) @  78Hz
-------------
V_WS20E8
      88.0dB             80W
Rpre   Spl     SplMech Pmech SplEle      f3

0.20  86.3dB: ( 90.5dB     3W 104.6dB) @  26Hz
              ( 93.5dB     6W 104.6dB) @  31Hz
              ( 96.6dB    12W 104.6dB) @  37Hz
              ( 99.6dB    25W 104.6dB) @  44Hz
              (102.6dB    50W 104.6dB) @  52Hz
              (105.6dB   100W 104.6dB) @  62Hz
              (108.6dB   200W 104.6dB) @  74Hz
              (111.6dB   400W 104.6dB) @  88Hz
              (114.6dB   799W 104.6dB) @ 105Hz
0.60  86.1dB: ( 89.8dB     3W 104.4dB) @  25Hz
              ( 92.8dB     6W 104.4dB) @  30Hz
              ( 95.8dB    11W 104.4dB) @  36Hz
              ( 98.8dB    22W 104.4dB) @  42Hz
              (101.8dB    45W 104.4dB) @  50Hz
              (104.8dB    89W 104.4dB) @  60Hz
              (107.9dB   178W 104.4dB) @  71Hz
              (110.9dB   357W 104.4dB) @  85Hz
              (113.9dB   713W 104.4dB) @ 101Hz
1.00  85.8dB: ( 89.1dB     3W 104.1dB) @  24Hz
              ( 92.1dB     5W 104.1dB) @  29Hz
              ( 95.1dB    10W 104.1dB) @  34Hz
              ( 98.1dB    20W 104.1dB) @  41Hz
              (101.2dB    40W 104.1dB) @  48Hz
              (104.2dB    80W 104.1dB) @  58Hz
              (107.2dB   161W 104.1dB) @  68Hz
              (110.2dB   321W 104.1dB) @  81Hz
              (113.2dB   642W 104.1dB) @  97Hz
-------------
V_WS25E4
      88.0dB             80W
Rpre   Spl     SplMech Pmech SplEle      f3

0.20  87.3dB: ( 99.4dB    35W 103.0dB) @  26Hz
              (102.4dB    69W 103.0dB) @  31Hz
              (105.4dB   138W 103.0dB) @  37Hz
              (108.4dB   277W 103.0dB) @  44Hz
              (111.4dB   554W 103.0dB) @  53Hz
0.60  86.9dB: ( 98.3dB    30W 102.6dB) @  25Hz
              (101.3dB    59W 102.6dB) @  29Hz
              (104.3dB   118W 102.6dB) @  35Hz
              (107.3dB   237W 102.6dB) @  42Hz
              (110.3dB   474W 102.6dB) @  49Hz
1.00  86.5dB: ( 97.3dB    26W 102.2dB) @  23Hz
              (100.3dB    52W 102.2dB) @  28Hz
              (103.3dB   104W 102.2dB) @  33Hz
              (106.3dB   207W 102.2dB) @  39Hz
              (109.3dB   414W 102.2dB) @  47Hz
-------------
V_WS25E8
      88.0dB             80W
Rpre   Spl     SplMech Pmech SplEle      f3

0.20  87.5dB: (100.2dB    25W 105.3dB) @  28Hz
              (103.2dB    49W 105.3dB) @  33Hz
              (106.2dB    98W 105.3dB) @  39Hz
              (109.2dB   196W 105.3dB) @  46Hz
              (112.2dB   393W 105.3dB) @  55Hz
              (115.2dB   785W 105.3dB) @  65Hz
0.60  87.2dB: ( 99.5dB    22W 105.0dB) @  26Hz
              (102.5dB    44W 105.0dB) @  31Hz
              (105.5dB    89W 105.0dB) @  37Hz
              (108.5dB   178W 105.0dB) @  44Hz
              (111.5dB   356W 105.0dB) @  53Hz
              (114.5dB   711W 105.0dB) @  63Hz
1.00  87.0dB: ( 98.8dB    20W 104.8dB) @  25Hz
              (101.8dB    41W 104.8dB) @  30Hz
              (104.8dB    81W 104.8dB) @  36Hz
              (107.8dB   163W 104.8dB) @  43Hz
              (110.9dB   325W 104.8dB) @  51Hz
              (113.9dB   650W 104.8dB) @  61Hz
