-------------
WF110WA01
-------------
 88.5dB             0.6l (1.1)                50W
SplMech  Pmech SplEle     f3

 87.6dB   199W  81.6dB @  41Hz   19
 90.3dB   200W  84.3dB @  48Hz   16
 92.7dB   200W  86.7dB @  55Hz   14
 94.8dB   200W  88.7dB @  62Hz   12
 96.6dB   201W  90.6dB @  69Hz   10
 98.3dB   201W  92.3dB @  76Hz    8
-------------
WF110WA03
-------------
 85.5dB             1.0l (1.1)                50W
SplMech  Pmech SplEle     f3

 84.3dB    72W  82.7dB @  34Hz   19
 87.6dB    72W  86.0dB @  41Hz   16
 90.3dB    73W  88.7dB @  48Hz   13
 92.7dB    73W  91.1dB @  55Hz   11
 94.8dB    73W  93.1dB @  62Hz    9
 96.6dB    73W  95.0dB @  69Hz    7
 98.3dB    73W  96.7dB @  76Hz    5
-------------
WF120BD01
-------------
 83.0dB             0.8l (1.1)                60W
SplMech  Pmech SplEle     f3

 85.3dB   172W  80.8dB @  34Hz   17
 88.6dB   172W  84.0dB @  41Hz   14
 91.3dB   172W  86.7dB @  48Hz   11
 93.7dB   173W  89.1dB @  55Hz    9
 95.8dB   173W  91.2dB @  62Hz    7
 97.6dB   173W  93.0dB @  69Hz    5
 99.3dB   174W  94.7dB @  76Hz    3
-------------
WF120BD04
-------------
 86.0dB             0.9l (1.1)                50W
SplMech  Pmech SplEle     f3

 88.6dB   116W  84.9dB @  41Hz   18
 91.3dB   116W  87.7dB @  48Hz   15
 93.7dB   116W  90.0dB @  55Hz   12
 95.8dB   116W  92.1dB @  62Hz   10
 97.6dB   117W  94.0dB @  69Hz    8
 99.3dB   117W  95.6dB @  76Hz    7
-------------
WF120CU07
-------------
 86.0dB             0.7l (1.1)                60W
SplMech  Pmech SplEle     f3

 85.2dB   131W  81.8dB @  34Hz   19
 88.4dB   131W  85.0dB @  41Hz   16
 91.2dB   132W  87.8dB @  48Hz   13
 93.5dB   132W  90.1dB @  55Hz   11
 95.6dB   132W  92.2dB @  62Hz    9
 97.5dB   132W  94.0dB @  69Hz    7
 99.1dB   132W  95.7dB @  76Hz    5
-------------
WF138WA01
-------------
 89.5dB             1.7l (1.1)                60W
SplMech  Pmech SplEle     f3

 89.1dB   235W  83.1dB @  34Hz   19
 92.3dB   236W  86.4dB @  41Hz   16
 95.1dB   236W  89.1dB @  48Hz   13
 97.4dB   237W  91.5dB @  55Hz   11
 99.5dB   237W  93.6dB @  62Hz    8
101.4dB   237W  95.4dB @  69Hz    7
103.1dB   238W  97.1dB @  76Hz    5
-------------
WF138WA03
-------------
 87.5dB             3.1l (1.1)                60W
SplMech  Pmech SplEle     f3

 89.1dB    64W  88.8dB @  34Hz   16
 92.3dB    65W  92.0dB @  41Hz   13
 95.1dB    65W  94.7dB @  48Hz   10
 97.4dB    65W  97.1dB @  55Hz    8
 99.5dB    65W  99.2dB @  62Hz    6
101.4dB    65W 101.0dB @  69Hz    4
103.1dB    65W 102.7dB @  76Hz    2
-------------
WF146WA01
-------------
 90.0dB             2.0l (1.1)                55W
SplMech  Pmech SplEle     f3

 87.7dB   140W  83.7dB @  34Hz   17
 91.0dB   140W  86.9dB @  41Hz   14
 93.7dB   141W  89.7dB @  48Hz   11
 96.1dB   141W  92.0dB @  55Hz    9
 98.2dB   141W  94.1dB @  62Hz    7
100.0dB   141W  95.9dB @  69Hz    5
101.7dB   142W  97.6dB @  76Hz    3
-------------
WF146WA02
-------------
 87.5dB             2.8l (1.1)                55W
SplMech  Pmech SplEle     f3

            3W  72.2dB @  27Hz 
            4W  73.2dB @  27Hz 
            5W  74.3dB @  27Hz 
            7W  75.3dB @  27Hz 
            9W  76.3dB @  27Hz 
           11W  77.3dB @  27Hz 
           14W  78.3dB @  27Hz 
           17W  79.3dB @  27Hz 
           22W  80.3dB @  27Hz 
           27W  81.3dB @  27Hz 
           35W  82.3dB @  27Hz 
           44W  83.3dB @  27Hz 
 83.7dB    48W  84.3dB @  27Hz   19
 87.7dB    49W  88.3dB @  34Hz   15
 91.0dB    49W  91.5dB @  41Hz   12
 93.7dB    49W  94.2dB @  48Hz    9
 96.1dB    49W  96.6dB @  55Hz    7
 98.2dB    49W  98.7dB @  62Hz    5
100.0dB    49W 100.5dB @  69Hz    3
101.7dB    49W 102.2dB @  76Hz    1
-------------
WF160WA01
-------------
 91.5dB             4.3l (1.1)                60W
SplMech  Pmech SplEle     f3

            4W  71.9dB @  27Hz 
            5W  72.9dB @  27Hz 
            6W  73.9dB @  27Hz 
            7W  74.9dB @  27Hz 
            9W  75.9dB @  27Hz 
           12W  76.9dB @  27Hz 
           15W  77.9dB @  27Hz 
           19W  78.9dB @  27Hz 
           24W  79.9dB @  27Hz 
           30W  80.9dB @  27Hz 
           38W  81.9dB @  27Hz 
           48W  82.9dB @  27Hz 
           60W  83.9dB @  27Hz 
 88.4dB   167W  83.9dB @  27Hz   20
 92.4dB   168W  87.9dB @  34Hz   16
 95.6dB   168W  91.2dB @  41Hz   12
 98.4dB   169W  93.9dB @  48Hz   10
100.7dB   169W  96.2dB @  55Hz    7
102.8dB   169W  98.3dB @  62Hz    5
104.7dB   170W 100.2dB @  69Hz    3
106.4dB   170W 101.8dB @  76Hz    2
-------------
WF168WA02
-------------
 89.0dB             7.8l (1.1)                60W
SplMech  Pmech SplEle     f3

            4W  77.9dB @  27Hz 
            5W  78.9dB @  27Hz 
            6W  79.9dB @  27Hz 
            7W  80.9dB @  27Hz 
            9W  81.9dB @  27Hz 
           12W  82.9dB @  27Hz 
           15W  83.9dB @  27Hz 
           19W  84.9dB @  27Hz 
           24W  85.9dB @  27Hz 
           30W  86.9dB @  27Hz 
 87.0dB    31W  89.9dB @  27Hz   16
 91.0dB    31W  93.9dB @  34Hz   12
 94.3dB    31W  97.1dB @  41Hz    9
 97.0dB    31W  99.9dB @  48Hz    6
 99.4dB    31W 102.2dB @  55Hz    3
101.5dB    31W 104.3dB @  62Hz    1
103.3dB    31W 106.2dB @  69Hz   -1
105.0dB    31W 107.8dB @  76Hz   -2
-------------
WF182BD01
-------------
 88.0dB             3.8l (1.1)                80W
SplMech  Pmech SplEle     f3

            2W  66.2dB @  20Hz 
            3W  67.2dB @  20Hz 
            4W  68.2dB @  20Hz 
            5W  69.2dB @  20Hz 
            6W  70.2dB @  20Hz 
            8W  71.2dB @  20Hz 
           10W  72.2dB @  20Hz 
           13W  73.2dB @  20Hz 
           16W  74.2dB @  20Hz 
           20W  75.2dB @  20Hz 
           25W  76.3dB @  20Hz 
           32W  77.3dB @  20Hz 
           40W  78.3dB @  20Hz 
           50W  79.3dB @  20Hz 
           63W  80.3dB @  20Hz 
           80W  81.3dB @  20Hz 
 86.6dB   272W  81.3dB @  20Hz   19
            2W  71.4dB @  27Hz 
            3W  72.4dB @  27Hz 
            4W  73.4dB @  27Hz 
            5W  74.4dB @  27Hz 
            6W  75.4dB @  27Hz 
            8W  76.4dB @  27Hz 
           10W  77.4dB @  27Hz 
           13W  78.4dB @  27Hz 
           16W  79.4dB @  27Hz 
           20W  80.4dB @  27Hz 
           25W  81.4dB @  27Hz 
           32W  82.4dB @  27Hz 
           40W  83.5dB @  27Hz 
           50W  84.5dB @  27Hz 
           63W  85.5dB @  27Hz 
           80W  86.5dB @  27Hz 
 91.8dB   273W  86.5dB @  27Hz   13
 95.8dB   274W  90.5dB @  34Hz    9
 99.0dB   274W  93.7dB @  41Hz    6
101.8dB   275W  96.4dB @  48Hz    3
104.2dB   276W  98.8dB @  55Hz    1
106.2dB   276W 100.9dB @  62Hz   -1
108.1dB   276W 102.7dB @  69Hz   -3
109.8dB   277W 104.4dB @  76Hz   -5
-------------
WF182BD02
-------------
 85.0dB             6.1l (1.1)                80W
SplMech  Pmech SplEle     f3

            2W  71.5dB @  20Hz 
            3W  72.5dB @  20Hz 
            4W  73.5dB @  20Hz 
            5W  74.5dB @  20Hz 
            6W  75.5dB @  20Hz 
            8W  76.5dB @  20Hz 
           10W  77.5dB @  20Hz 
           13W  78.5dB @  20Hz 
           16W  79.5dB @  20Hz 
           20W  80.5dB @  20Hz 
           25W  81.5dB @  20Hz 
           32W  82.5dB @  20Hz 
           40W  83.6dB @  20Hz 
           50W  84.6dB @  20Hz 
           63W  85.6dB @  20Hz 
           80W  86.6dB @  20Hz 
 86.6dB    80W  86.6dB @  20Hz   16
            2W  76.7dB @  27Hz 
            3W  77.7dB @  27Hz 
            4W  78.7dB @  27Hz 
            5W  79.7dB @  27Hz 
            6W  80.7dB @  27Hz 
            8W  81.7dB @  27Hz 
           10W  82.7dB @  27Hz 
           13W  83.7dB @  27Hz 
           16W  84.7dB @  27Hz 
           20W  85.7dB @  27Hz 
           25W  86.7dB @  27Hz 
           32W  87.7dB @  27Hz 
           40W  88.7dB @  27Hz 
           50W  89.7dB @  27Hz 
           63W  90.8dB @  27Hz 
           80W  91.8dB @  27Hz 
 91.8dB    81W  91.8dB @  27Hz   11
 95.8dB    81W  95.7dB @  34Hz    7
 99.0dB    81W  99.0dB @  41Hz    4
101.8dB    81W 101.7dB @  48Hz    1
104.2dB    81W 104.1dB @  55Hz   -2
106.2dB    82W 106.1dB @  62Hz   -4
108.1dB    82W 108.0dB @  69Hz   -5
109.8dB    82W 109.7dB @  76Hz   -7
-------------
WF182BD09/11
-------------
 88.5dB             3.2l (1.1)                80W
SplMech  Pmech SplEle     f3

            2W  70.4dB @  27Hz 
            3W  71.4dB @  27Hz 
            4W  72.4dB @  27Hz 
            5W  73.4dB @  27Hz 
            6W  74.4dB @  27Hz 
            8W  75.4dB @  27Hz 
           10W  76.4dB @  27Hz 
           13W  77.4dB @  27Hz 
           16W  78.4dB @  27Hz 
           20W  79.4dB @  27Hz 
           25W  80.4dB @  27Hz 
           32W  81.4dB @  27Hz 
           40W  82.4dB @  27Hz 
           50W  83.4dB @  27Hz 
           63W  84.4dB @  27Hz 
           80W  85.4dB @  27Hz 
 91.8dB   348W  85.4dB @  27Hz   15
 95.8dB   349W  89.4dB @  34Hz   11
 99.0dB   350W  92.6dB @  41Hz    8
101.8dB   351W  95.4dB @  48Hz    5
104.2dB   351W  97.7dB @  55Hz    3
106.2dB   352W  99.8dB @  62Hz    1
108.1dB   353W 101.6dB @  69Hz   -1
109.8dB   353W 103.3dB @  76Hz   -3
-------------
WF182BD10/12
-------------
 86.0dB             4.3l (1.1)                80W
SplMech  Pmech SplEle     f3

            2W  69.7dB @  20Hz 
            3W  70.7dB @  20Hz 
            4W  71.8dB @  20Hz 
            5W  72.8dB @  20Hz 
            6W  73.8dB @  20Hz 
            8W  74.8dB @  20Hz 
           10W  75.8dB @  20Hz 
           13W  76.8dB @  20Hz 
           16W  77.8dB @  20Hz 
           20W  78.8dB @  20Hz 
           25W  79.8dB @  20Hz 
           32W  80.8dB @  20Hz 
           40W  81.8dB @  20Hz 
           50W  82.8dB @  20Hz 
           63W  83.8dB @  20Hz 
           80W  84.8dB @  20Hz 
 86.6dB   121W  84.8dB @  20Hz   18
            2W  74.9dB @  27Hz 
            3W  75.9dB @  27Hz 
            4W  76.9dB @  27Hz 
            5W  77.9dB @  27Hz 
            6W  79.0dB @  27Hz 
            8W  80.0dB @  27Hz 
           10W  81.0dB @  27Hz 
           13W  82.0dB @  27Hz 
           16W  83.0dB @  27Hz 
           20W  84.0dB @  27Hz 
           25W  85.0dB @  27Hz 
           32W  86.0dB @  27Hz 
           40W  87.0dB @  27Hz 
           50W  88.0dB @  27Hz 
           63W  89.0dB @  27Hz 
           80W  90.0dB @  27Hz 
 91.8dB   121W  90.0dB @  27Hz   13
 95.8dB   121W  94.0dB @  34Hz    9
 99.0dB   122W  97.2dB @  41Hz    6
101.8dB   122W 100.0dB @  48Hz    3
104.2dB   122W 102.3dB @  55Hz    1
106.2dB   122W 104.4dB @  62Hz   -1
108.1dB   123W 106.2dB @  69Hz   -3
109.8dB   123W 107.9dB @  76Hz   -5
-------------
WF182CU13
-------------
 88.8dB             3.7l (1.1)               100W
SplMech  Pmech SplEle     f3

            3W  74.4dB @  27Hz 
            4W  75.4dB @  27Hz 
            5W  76.4dB @  27Hz 
            6W  77.4dB @  27Hz 
            8W  78.4dB @  27Hz 
           10W  79.4dB @  27Hz 
           12W  80.4dB @  27Hz 
           16W  81.4dB @  27Hz 
           20W  82.4dB @  27Hz 
           25W  83.4dB @  27Hz 
           31W  84.4dB @  27Hz 
           40W  85.4dB @  27Hz 
           50W  86.4dB @  27Hz 
           63W  87.4dB @  27Hz 
           79W  88.4dB @  27Hz 
          100W  89.4dB @  27Hz 
 91.7dB   167W  89.4dB @  27Hz   17
 95.7dB   168W  93.4dB @  34Hz   14
 98.9dB   168W  96.7dB @  41Hz   10
101.7dB   168W  99.4dB @  48Hz    8
104.0dB   169W 101.7dB @  55Hz    5
106.1dB   169W 103.8dB @  62Hz    3
108.0dB   169W 105.7dB @  69Hz    1
109.6dB   169W 107.3dB @  76Hz   -0
-------------
SW118WA02
-------------
 83.5dB             0.8l (1.1)                60W
SplMech  Pmech SplEle     f3

 84.5dB    85W  83.0dB @  34Hz   17
 87.7dB    86W  86.2dB @  41Hz   14
 90.5dB    86W  88.9dB @  48Hz   11
 92.8dB    86W  91.3dB @  55Hz    9
 94.9dB    86W  93.4dB @  62Hz    7
 96.8dB    86W  95.2dB @  69Hz    5
 98.5dB    86W  96.9dB @  76Hz    3
-------------
SW146WA01
-------------
 85.0dB             1.9l (1.1)                55W
SplMech  Pmech SplEle     f3

            3W  70.9dB @  27Hz 
            4W  71.9dB @  27Hz 
            5W  72.9dB @  27Hz 
            7W  73.9dB @  27Hz 
            9W  74.9dB @  27Hz 
           11W  75.9dB @  27Hz 
           14W  76.9dB @  27Hz 
           17W  77.9dB @  27Hz 
           22W  78.9dB @  27Hz 
           27W  79.9dB @  27Hz 
           35W  80.9dB @  27Hz 
           44W  81.9dB @  27Hz 
           55W  82.9dB @  27Hz 
 88.8dB   212W  82.9dB @  27Hz   17
 92.8dB   213W  86.9dB @  34Hz   13
 96.0dB   213W  90.2dB @  41Hz   10
 98.8dB   214W  92.9dB @  48Hz    7
101.2dB   214W  95.2dB @  55Hz    5
103.2dB   215W  97.3dB @  62Hz    3
105.1dB   215W  99.2dB @  69Hz    1
106.8dB   215W 100.8dB @  76Hz   -1
-------------
SW146WA02
-------------
 88.0dB             1.5l (1.1)                55W
SplMech  Pmech SplEle     f3

            3W  66.8dB @  27Hz 
            4W  67.8dB @  27Hz 
            5W  68.8dB @  27Hz 
            7W  69.8dB @  27Hz 
            9W  70.8dB @  27Hz 
           11W  71.8dB @  27Hz 
           14W  72.8dB @  27Hz 
           17W  73.8dB @  27Hz 
           22W  74.8dB @  27Hz 
           27W  75.8dB @  27Hz 
           35W  76.8dB @  27Hz 
           44W  77.8dB @  27Hz 
           55W  78.8dB @  27Hz 
 88.8dB   545W  78.8dB @  27Hz   18
 92.8dB   546W  82.8dB @  34Hz   14
 96.0dB   548W  86.1dB @  41Hz   10
 98.8dB   549W  88.8dB @  48Hz    8
101.2dB   550W  91.1dB @  55Hz    5
103.2dB   551W  93.2dB @  62Hz    3
105.1dB   552W  95.1dB @  69Hz    1
106.8dB   553W  96.7dB @  76Hz   -0
-------------
SW168WA01
-------------
 88.5dB             2.2l (1.1)                60W
SplMech  Pmech SplEle     f3

            4W  69.6dB @  27Hz 
            5W  70.6dB @  27Hz 
            6W  71.6dB @  27Hz 
            7W  72.6dB @  27Hz 
            9W  73.6dB @  27Hz 
           12W  74.6dB @  27Hz 
           15W  75.7dB @  27Hz 
           19W  76.7dB @  27Hz 
           24W  77.7dB @  27Hz 
           30W  78.7dB @  27Hz 
           38W  79.7dB @  27Hz 
           48W  80.7dB @  27Hz 
           60W  81.7dB @  27Hz 
 93.6dB   939W  81.7dB @  27Hz   16
 97.6dB   942W  85.7dB @  34Hz   12
100.9dB   944W  88.9dB @  41Hz    8
103.6dB   946W  91.6dB @  48Hz    6
106.0dB   948W  94.0dB @  55Hz    3
108.1dB   950W  96.1dB @  62Hz    1
109.9dB   951W  97.9dB @  69Hz   -1
111.6dB   952W  99.6dB @  76Hz   -2
-------------
SW178WA01
-------------
 86.0dB             1.6l (1.1)               100W
SplMech  Pmech SplEle     f3

            3W  70.8dB @  27Hz 
            4W  71.8dB @  27Hz 
            5W  72.8dB @  27Hz 
            6W  73.8dB @  27Hz 
            8W  74.8dB @  27Hz 
           10W  75.8dB @  27Hz 
           12W  76.8dB @  27Hz 
           16W  77.8dB @  27Hz 
           20W  78.8dB @  27Hz 
           25W  79.8dB @  27Hz 
           31W  80.8dB @  27Hz 
           40W  81.8dB @  27Hz 
           50W  82.8dB @  27Hz 
           63W  83.9dB @  27Hz 
           79W  84.9dB @  27Hz 
          100W  85.9dB @  27Hz 
 91.0dB   324W  85.9dB @  27Hz   18
 95.0dB   325W  89.8dB @  34Hz   14
 98.2dB   326W  93.1dB @  41Hz   10
101.0dB   327W  95.8dB @  48Hz    8
103.3dB   327W  98.2dB @  55Hz    5
105.4dB   328W 100.3dB @  62Hz    3
107.3dB   328W 102.1dB @  69Hz    1
108.9dB   329W 103.8dB @  76Hz   -0
-------------
SW182BD01
-------------
 85.5dB             2.2l (1.1)               125W
SplMech  Pmech SplEle     f3

            4W  66.3dB @  20Hz 
            5W  67.3dB @  20Hz 
            6W  68.3dB @  20Hz 
            8W  69.3dB @  20Hz 
           10W  70.3dB @  20Hz 
           12W  71.3dB @  20Hz 
           16W  72.3dB @  20Hz 
           20W  73.3dB @  20Hz 
           25W  74.3dB @  20Hz 
           31W  75.3dB @  20Hz 
           39W  76.3dB @  20Hz 
           50W  77.3dB @  20Hz 
           62W  78.3dB @  20Hz 
           79W  79.3dB @  20Hz 
           99W  80.3dB @  20Hz 
          125W  81.3dB @  20Hz 
 89.8dB   890W  81.3dB @  20Hz   17
            4W  71.5dB @  27Hz 
            5W  72.5dB @  27Hz 
            6W  73.5dB @  27Hz 
            8W  74.5dB @  27Hz 
           10W  75.5dB @  27Hz 
           12W  76.5dB @  27Hz 
           16W  77.5dB @  27Hz 
           20W  78.5dB @  27Hz 
           25W  79.5dB @  27Hz 
           31W  80.5dB @  27Hz 
           39W  81.5dB @  27Hz 
           50W  82.5dB @  27Hz 
           62W  83.5dB @  27Hz 
           79W  84.5dB @  27Hz 
           99W  85.5dB @  27Hz 
          125W  86.5dB @  27Hz 
 95.0dB   894W  86.5dB @  27Hz   12
 99.1dB   897W  90.5dB @  34Hz    8
102.3dB   899W  93.7dB @  41Hz    5
105.0dB   901W  96.5dB @  48Hz    2
107.4dB   902W  98.8dB @  55Hz   -1
109.5dB   904W 100.9dB @  62Hz   -3
111.3dB   905W 102.7dB @  69Hz   -4
113.0dB   906W 104.4dB @  76Hz   -6
-------------
SW182BD02
-------------
 83.5dB             2.2l (1.1)               125W
SplMech  Pmech SplEle     f3

            4W  68.7dB @  20Hz 
            5W  69.7dB @  20Hz 
            6W  70.7dB @  20Hz 
            8W  71.7dB @  20Hz 
           10W  72.7dB @  20Hz 
           12W  73.7dB @  20Hz 
           16W  74.7dB @  20Hz 
           20W  75.7dB @  20Hz 
           25W  76.7dB @  20Hz 
           31W  77.7dB @  20Hz 
           39W  78.7dB @  20Hz 
           50W  79.7dB @  20Hz 
           62W  80.7dB @  20Hz 
           79W  81.7dB @  20Hz 
           99W  82.7dB @  20Hz 
          125W  83.7dB @  20Hz 
 89.8dB   512W  83.7dB @  20Hz   19
            4W  73.9dB @  27Hz 
            5W  74.9dB @  27Hz 
            6W  75.9dB @  27Hz 
            8W  76.9dB @  27Hz 
           10W  77.9dB @  27Hz 
           12W  78.9dB @  27Hz 
           16W  79.9dB @  27Hz 
           20W  80.9dB @  27Hz 
           25W  81.9dB @  27Hz 
           31W  82.9dB @  27Hz 
           39W  83.9dB @  27Hz 
           50W  84.9dB @  27Hz 
           62W  85.9dB @  27Hz 
           79W  86.9dB @  27Hz 
           99W  87.9dB @  27Hz 
          125W  88.9dB @  27Hz 
 95.0dB   514W  88.9dB @  27Hz   14
 99.1dB   516W  92.9dB @  34Hz   10
102.3dB   517W  96.1dB @  41Hz    7
105.0dB   518W  98.9dB @  48Hz    4
107.4dB   519W 101.2dB @  55Hz    2
109.5dB   520W 103.3dB @  62Hz   -0
111.3dB   521W 105.1dB @  69Hz   -2
113.0dB   521W 106.8dB @  76Hz   -4
-------------
SW215WA01
-------------
 89.0dB             7.2l (1.1)               100W
SplMech  Pmech SplEle     f3

            3W  70.4dB @  20Hz 
            4W  71.4dB @  20Hz 
            5W  72.4dB @  20Hz 
            6W  73.4dB @  20Hz 
            8W  74.4dB @  20Hz 
           10W  75.4dB @  20Hz 
           12W  76.4dB @  20Hz 
           16W  77.4dB @  20Hz 
           20W  78.4dB @  20Hz 
           25W  79.4dB @  20Hz 
           31W  80.4dB @  20Hz 
           40W  81.4dB @  20Hz 
           50W  82.4dB @  20Hz 
           63W  83.4dB @  20Hz 
           79W  84.4dB @  20Hz 
          100W  85.4dB @  20Hz 
 95.7dB  1065W  85.4dB @  20Hz   15
            3W  75.6dB @  27Hz 
            4W  76.6dB @  27Hz 
            5W  77.6dB @  27Hz 
            6W  78.6dB @  27Hz 
            8W  79.6dB @  27Hz 
           10W  80.6dB @  27Hz 
           12W  81.6dB @  27Hz 
           16W  82.6dB @  27Hz 
           20W  83.6dB @  27Hz 
           25W  84.6dB @  27Hz 
           31W  85.6dB @  27Hz 
           40W  86.6dB @  27Hz 
           50W  87.6dB @  27Hz 
           63W  88.6dB @  27Hz 
           79W  89.6dB @  27Hz 
          100W  90.6dB @  27Hz 
100.9dB  1070W  90.6dB @  27Hz   10
104.9dB  1073W  94.6dB @  34Hz    6
108.2dB  1076W  97.9dB @  41Hz    2
110.9dB  1078W 100.6dB @  48Hz   -0
113.3dB  1080W 102.9dB @  55Hz   -3
115.4dB  1082W 105.0dB @  62Hz   -5
117.2dB  1084W 106.9dB @  69Hz   -7
118.9dB  1085W 108.5dB @  76Hz   -8
-------------
SW223BD01
-------------
 87.0dB             4.3l (1.1)               150W
SplMech  Pmech SplEle     f3

            5W  70.5dB @  20Hz 
            6W  71.5dB @  20Hz 
            7W  72.5dB @  20Hz 
            9W  73.5dB @  20Hz 
           12W  74.5dB @  20Hz 
           15W  75.5dB @  20Hz 
           19W  76.5dB @  20Hz 
           24W  77.5dB @  20Hz 
           30W  78.5dB @  20Hz 
           37W  79.5dB @  20Hz 
           47W  80.5dB @  20Hz 
           60W  81.5dB @  20Hz 
           75W  82.5dB @  20Hz 
           94W  83.5dB @  20Hz 
          119W  84.5dB @  20Hz 
          150W  85.5dB @  20Hz 
 96.6dB  1928W  85.5dB @  20Hz   15
            5W  75.7dB @  27Hz 
            6W  76.7dB @  27Hz 
            7W  77.7dB @  27Hz 
            9W  78.7dB @  27Hz 
           12W  79.7dB @  27Hz 
           15W  80.7dB @  27Hz 
           19W  81.7dB @  27Hz 
           24W  82.7dB @  27Hz 
           30W  83.7dB @  27Hz 
           37W  84.7dB @  27Hz 
           47W  85.7dB @  27Hz 
           60W  86.7dB @  27Hz 
           75W  87.7dB @  27Hz 
           94W  88.7dB @  27Hz 
          119W  89.7dB @  27Hz 
          150W  90.7dB @  27Hz 
101.8dB  1936W  90.7dB @  27Hz    9
105.8dB  1942W  94.7dB @  34Hz    5
109.1dB  1947W  98.0dB @  41Hz    2
111.8dB  1951W 100.7dB @  48Hz   -1
114.2dB  1954W 103.0dB @  55Hz   -3
116.3dB  1958W 105.1dB @  62Hz   -5
118.1dB  1961W 107.0dB @  69Hz   -7
119.8dB  1963W 108.6dB @  76Hz   -9
-------------
SW223BD02
-------------
 83.0dB             4.9l (1.1)               150W
SplMech  Pmech SplEle     f3

            5W  71.8dB @  20Hz 
            6W  72.8dB @  20Hz 
            7W  73.8dB @  20Hz 
            9W  74.8dB @  20Hz 
           12W  75.8dB @  20Hz 
           15W  76.8dB @  20Hz 
           19W  77.8dB @  20Hz 
           24W  78.8dB @  20Hz 
           30W  79.8dB @  20Hz 
           37W  80.8dB @  20Hz 
           47W  81.8dB @  20Hz 
           60W  82.8dB @  20Hz 
           75W  83.8dB @  20Hz 
           94W  84.8dB @  20Hz 
          119W  85.8dB @  20Hz 
          150W  86.8dB @  20Hz 
 97.1dB  1586W  86.8dB @  20Hz   13
            5W  77.0dB @  27Hz 
            6W  78.0dB @  27Hz 
            7W  79.0dB @  27Hz 
            9W  80.0dB @  27Hz 
           12W  81.0dB @  27Hz 
           15W  82.0dB @  27Hz 
           19W  83.0dB @  27Hz 
           24W  84.0dB @  27Hz 
           30W  85.0dB @  27Hz 
           37W  86.0dB @  27Hz 
           47W  87.0dB @  27Hz 
           60W  88.0dB @  27Hz 
           75W  89.0dB @  27Hz 
           94W  90.0dB @  27Hz 
          119W  91.0dB @  27Hz 
          150W  92.0dB @  27Hz 
102.3dB  1593W  92.0dB @  27Hz    7
106.3dB  1598W  96.0dB @  34Hz    3
109.5dB  1602W  99.3dB @  41Hz    0
112.3dB  1605W 102.0dB @  48Hz   -3
114.6dB  1608W 104.3dB @  55Hz   -5
116.7dB  1611W 106.4dB @  62Hz   -7
118.6dB  1613W 108.3dB @  69Hz   -9
120.3dB  1615W 109.9dB @  76Hz  -11
-------------
SW223BD03
-------------
 81.0dB             6.4l (1.1)               150W
SplMech  Pmech SplEle     f3

            5W  75.3dB @  20Hz 
            6W  76.3dB @  20Hz 
            7W  77.3dB @  20Hz 
            9W  78.3dB @  20Hz 
           12W  79.3dB @  20Hz 
           15W  80.3dB @  20Hz 
           19W  81.3dB @  20Hz 
           24W  82.3dB @  20Hz 
           30W  83.3dB @  20Hz 
           37W  84.3dB @  20Hz 
           47W  85.3dB @  20Hz 
           60W  86.3dB @  20Hz 
           75W  87.3dB @  20Hz 
           94W  88.3dB @  20Hz 
          119W  89.3dB @  20Hz 
          150W  90.3dB @  20Hz 
 97.1dB   711W  90.3dB @  20Hz   11
            5W  80.5dB @  27Hz 
            6W  81.5dB @  27Hz 
            7W  82.5dB @  27Hz 
            9W  83.5dB @  27Hz 
           12W  84.5dB @  27Hz 
           15W  85.5dB @  27Hz 
           19W  86.5dB @  27Hz 
           24W  87.5dB @  27Hz 
           30W  88.5dB @  27Hz 
           37W  89.5dB @  27Hz 
           47W  90.5dB @  27Hz 
           60W  91.5dB @  27Hz 
           75W  92.5dB @  27Hz 
           94W  93.5dB @  27Hz 
          119W  94.5dB @  27Hz 
          150W  95.5dB @  27Hz 
102.3dB   714W  95.5dB @  27Hz    6
106.3dB   716W  99.5dB @  34Hz    2
109.5dB   718W 102.7dB @  41Hz   -1
112.3dB   720W 105.5dB @  48Hz   -4
114.6dB   721W 107.8dB @  55Hz   -6
116.7dB   722W 109.9dB @  62Hz   -8
118.6dB   723W 111.7dB @  69Hz  -10
120.3dB   724W 113.4dB @  76Hz  -12
-------------
SW263WA01
-------------
 84.0dB             7.7l (1.1)               200W
SplMech  Pmech SplEle     f3

            3W  74.8dB @  20Hz 
            4W  75.8dB @  20Hz 
            5W  76.8dB @  20Hz 
            6W  77.8dB @  20Hz 
            8W  78.8dB @  20Hz 
           10W  79.8dB @  20Hz 
           12W  80.8dB @  20Hz 
           16W  81.8dB @  20Hz 
           20W  82.8dB @  20Hz 
           25W  83.8dB @  20Hz 
           31W  84.8dB @  20Hz 
           40W  85.8dB @  20Hz 
           50W  86.8dB @  20Hz 
           63W  87.8dB @  20Hz 
           79W  88.8dB @  20Hz 
          100W  89.8dB @  20Hz 
          126W  90.8dB @  20Hz 
          159W  91.8dB @  20Hz 
          200W  92.8dB @  20Hz 
100.6dB  1185W  92.8dB @  20Hz   12
            3W  80.0dB @  27Hz 
            4W  81.0dB @  27Hz 
            5W  82.0dB @  27Hz 
            6W  83.0dB @  27Hz 
            8W  84.0dB @  27Hz 
           10W  85.0dB @  27Hz 
           12W  86.0dB @  27Hz 
           16W  87.0dB @  27Hz 
           20W  88.0dB @  27Hz 
           25W  89.0dB @  27Hz 
           31W  90.0dB @  27Hz 
           40W  91.0dB @  27Hz 
           50W  92.0dB @  27Hz 
           63W  93.0dB @  27Hz 
           79W  94.0dB @  27Hz 
          100W  95.0dB @  27Hz 
          126W  96.0dB @  27Hz 
          159W  97.0dB @  27Hz 
          200W  98.0dB @  27Hz 
105.8dB  1190W  98.0dB @  27Hz    7
109.8dB  1194W 102.0dB @  34Hz    3
113.0dB  1197W 105.3dB @  41Hz   -0
115.8dB  1200W 108.0dB @  48Hz   -3
118.2dB  1202W 110.4dB @  55Hz   -5
120.2dB  1204W 112.4dB @  62Hz   -8
122.1dB  1206W 114.3dB @  69Hz   -9
123.8dB  1207W 116.0dB @  76Hz  -11
-------------
SW263WA03
-------------
 87.0dB             6.5l (1.1)               200W
SplMech  Pmech SplEle     f3

            3W  70.6dB @  20Hz 
            4W  71.6dB @  20Hz 
            5W  72.6dB @  20Hz 
            6W  73.6dB @  20Hz 
            8W  74.6dB @  20Hz 
           10W  75.6dB @  20Hz 
           12W  76.6dB @  20Hz 
           16W  77.6dB @  20Hz 
           20W  78.6dB @  20Hz 
           25W  79.6dB @  20Hz 
           31W  80.6dB @  20Hz 
           40W  81.6dB @  20Hz 
           50W  82.6dB @  20Hz 
           63W  83.6dB @  20Hz 
           79W  84.6dB @  20Hz 
          100W  85.6dB @  20Hz 
          126W  86.6dB @  20Hz 
          159W  87.6dB @  20Hz 
          200W  88.7dB @  20Hz 
100.6dB  3117W  88.7dB @  20Hz   13
            3W  75.8dB @  27Hz 
            4W  76.8dB @  27Hz 
            5W  77.8dB @  27Hz 
            6W  78.8dB @  27Hz 
            8W  79.8dB @  27Hz 
           10W  80.8dB @  27Hz 
           12W  81.8dB @  27Hz 
           16W  82.8dB @  27Hz 
           20W  83.8dB @  27Hz 
           25W  84.8dB @  27Hz 
           31W  85.8dB @  27Hz 
           40W  86.8dB @  27Hz 
           50W  87.8dB @  27Hz 
           63W  88.8dB @  27Hz 
           79W  89.8dB @  27Hz 
          100W  90.8dB @  27Hz 
          126W  91.8dB @  27Hz 
          159W  92.8dB @  27Hz 
          200W  93.8dB @  27Hz 
105.8dB  3130W  93.8dB @  27Hz    7
109.8dB  3139W  97.8dB @  34Hz    3
113.0dB  3148W 101.1dB @  41Hz    0
115.8dB  3154W 103.8dB @  48Hz   -3
118.2dB  3160W 106.2dB @  55Hz   -5
120.2dB  3165W 108.2dB @  62Hz   -7
122.1dB  3170W 110.1dB @  69Hz   -9
123.8dB  3174W 111.8dB @  76Hz  -11
-------------
SW270WA01
-------------
 89.0dB            15.0l (1.1)               150W
SplMech  Pmech SplEle     f3

            5W  76.1dB @  20Hz 
            6W  77.1dB @  20Hz 
            7W  78.2dB @  20Hz 
            9W  79.2dB @  20Hz 
           12W  80.2dB @  20Hz 
           15W  81.2dB @  20Hz 
           19W  82.2dB @  20Hz 
           24W  83.2dB @  20Hz 
           30W  84.2dB @  20Hz 
           37W  85.2dB @  20Hz 
           47W  86.2dB @  20Hz 
           60W  87.2dB @  20Hz 
           75W  88.2dB @  20Hz 
           94W  89.2dB @  20Hz 
          119W  90.2dB @  20Hz 
          150W  91.2dB @  20Hz 
100.1dB  1175W  91.2dB @  20Hz   11
            5W  81.3dB @  27Hz 
            6W  82.3dB @  27Hz 
            7W  83.3dB @  27Hz 
            9W  84.4dB @  27Hz 
           12W  85.4dB @  27Hz 
           15W  86.4dB @  27Hz 
           19W  87.4dB @  27Hz 
           24W  88.4dB @  27Hz 
           30W  89.4dB @  27Hz 
           37W  90.4dB @  27Hz 
           47W  91.4dB @  27Hz 
           60W  92.4dB @  27Hz 
           75W  93.4dB @  27Hz 
           94W  94.4dB @  27Hz 
          119W  95.4dB @  27Hz 
          150W  96.4dB @  27Hz 
105.4dB  1180W  96.4dB @  27Hz    6
109.4dB  1184W 100.4dB @  34Hz    2
112.6dB  1187W 103.6dB @  41Hz   -1
115.3dB  1189W 106.4dB @  48Hz   -4
117.7dB  1192W 108.7dB @  55Hz   -6
119.8dB  1194W 110.8dB @  62Hz   -8
121.6dB  1195W 112.6dB @  69Hz  -10
123.3dB  1197W 114.3dB @  76Hz  -12
-------------
SW310WA01
-------------
 85.0dB            31.2l (1.1)               250W
SplMech  Pmech SplEle     f3

            4W  81.4dB @  20Hz 
            5W  82.4dB @  20Hz 
            6W  83.4dB @  20Hz 
            8W  84.4dB @  20Hz 
           10W  85.4dB @  20Hz 
           12W  86.4dB @  20Hz 
           16W  87.4dB @  20Hz 
           20W  88.4dB @  20Hz 
           25W  89.4dB @  20Hz 
           31W  90.4dB @  20Hz 
           39W  91.4dB @  20Hz 
           50W  92.5dB @  20Hz 
           62W  93.5dB @  20Hz 
           79W  94.5dB @  20Hz 
           99W  95.5dB @  20Hz 
          125W  96.5dB @  20Hz 
          157W  97.5dB @  20Hz 
          198W  98.5dB @  20Hz 
          250W  99.5dB @  20Hz 
104.7dB   823W  99.5dB @  20Hz    9
            4W  86.6dB @  27Hz 
            5W  87.6dB @  27Hz 
            6W  88.6dB @  27Hz 
            8W  89.6dB @  27Hz 
           10W  90.6dB @  27Hz 
           12W  91.6dB @  27Hz 
           16W  92.6dB @  27Hz 
           20W  93.6dB @  27Hz 
           25W  94.6dB @  27Hz 
           31W  95.6dB @  27Hz 
           39W  96.6dB @  27Hz 
           50W  97.6dB @  27Hz 
           62W  98.7dB @  27Hz 
           79W  99.7dB @  27Hz 
           99W 100.7dB @  27Hz 
          125W 101.7dB @  27Hz 
          157W 102.7dB @  27Hz 
          198W 103.7dB @  27Hz 
          250W 104.7dB @  27Hz 
109.9dB   826W 104.7dB @  27Hz    4
113.9dB   829W 108.7dB @  34Hz   -0
117.1dB   831W 111.9dB @  41Hz   -4
119.9dB   833W 114.6dB @  48Hz   -6
122.2dB   834W 117.0dB @  55Hz   -9
124.3dB   836W 119.1dB @  62Hz  -11
126.2dB   837W 120.9dB @  69Hz  -13
127.8dB   838W 122.6dB @  76Hz  -14
-------------
SW310WA02
-------------
 89.0dB            23.9l (1.1)               250W
SplMech  Pmech SplEle     f3

            4W  77.5dB @  20Hz 
            5W  78.5dB @  20Hz 
            6W  79.5dB @  20Hz 
            8W  80.5dB @  20Hz 
           10W  81.5dB @  20Hz 
           12W  82.5dB @  20Hz 
           16W  83.5dB @  20Hz 
           20W  84.5dB @  20Hz 
           25W  85.5dB @  20Hz 
           31W  86.5dB @  20Hz 
           39W  87.5dB @  20Hz 
           50W  88.5dB @  20Hz 
           62W  89.5dB @  20Hz 
           79W  90.5dB @  20Hz 
           99W  91.5dB @  20Hz 
          125W  92.5dB @  20Hz 
          157W  93.5dB @  20Hz 
          198W  94.5dB @  20Hz 
          250W  95.5dB @  20Hz 
104.7dB  2046W  95.5dB @  20Hz   10
            4W  82.7dB @  27Hz 
            5W  83.7dB @  27Hz 
            6W  84.7dB @  27Hz 
            8W  85.7dB @  27Hz 
           10W  86.7dB @  27Hz 
           12W  87.7dB @  27Hz 
           16W  88.7dB @  27Hz 
           20W  89.7dB @  27Hz 
           25W  90.7dB @  27Hz 
           31W  91.7dB @  27Hz 
           39W  92.7dB @  27Hz 
           50W  93.7dB @  27Hz 
           62W  94.7dB @  27Hz 
           79W  95.7dB @  27Hz 
           99W  96.7dB @  27Hz 
          125W  97.7dB @  27Hz 
          157W  98.7dB @  27Hz 
          198W  99.7dB @  27Hz 
          250W 100.7dB @  27Hz 
109.9dB  2054W 100.7dB @  27Hz    5
113.9dB  2061W 104.7dB @  34Hz    1
117.1dB  2066W 107.9dB @  41Hz   -3
119.9dB  2071W 110.7dB @  48Hz   -5
122.2dB  2075W 113.0dB @  55Hz   -8
124.3dB  2078W 115.1dB @  62Hz  -10
126.2dB  2081W 117.0dB @  69Hz  -12
127.8dB  2084W 118.6dB @  76Hz  -13
-------------
SW319WA01
-------------
 90.5dB             7.6l (1.1)               250W
SplMech  Pmech SplEle     f3

            4W  75.7dB @  20Hz 
            5W  76.7dB @  20Hz 
            6W  77.7dB @  20Hz 
            8W  78.7dB @  20Hz 
           10W  79.8dB @  20Hz 
           12W  80.8dB @  20Hz 
           16W  81.8dB @  20Hz 
           20W  82.8dB @  20Hz 
           25W  83.8dB @  20Hz 
           31W  84.8dB @  20Hz 
           39W  85.8dB @  20Hz 
           50W  86.8dB @  20Hz 
           62W  87.8dB @  20Hz 
           79W  88.8dB @  20Hz 
           99W  89.8dB @  20Hz 
          125W  90.8dB @  20Hz 
          157W  91.8dB @  20Hz 
          198W  92.8dB @  20Hz 
          250W  93.8dB @  20Hz 
104.8dB  3178W  93.8dB @  20Hz   12
            4W  80.9dB @  27Hz 
            5W  81.9dB @  27Hz 
            6W  82.9dB @  27Hz 
            8W  83.9dB @  27Hz 
           10W  84.9dB @  27Hz 
           12W  86.0dB @  27Hz 
           16W  87.0dB @  27Hz 
           20W  88.0dB @  27Hz 
           25W  89.0dB @  27Hz 
           31W  90.0dB @  27Hz 
           39W  91.0dB @  27Hz 
           50W  92.0dB @  27Hz 
           62W  93.0dB @  27Hz 
           79W  94.0dB @  27Hz 
           99W  95.0dB @  27Hz 
          125W  96.0dB @  27Hz 
          157W  97.0dB @  27Hz 
          198W  98.0dB @  27Hz 
          250W  99.0dB @  27Hz 
110.1dB  3191W  99.0dB @  27Hz    7
114.1dB  3201W 103.0dB @  34Hz    3
117.3dB  3210W 106.2dB @  41Hz   -0
120.1dB  3217W 109.0dB @  48Hz   -3
122.4dB  3223W 111.3dB @  55Hz   -5
124.5dB  3228W 113.4dB @  62Hz   -8
126.4dB  3233W 115.2dB @  69Hz   -9
128.0dB  3237W 116.9dB @  76Hz  -11
-------------
SW319WA02
-------------
 90.5dB            22.2l (1.1)               250W
SplMech  Pmech SplEle     f3

            4W  77.2dB @  20Hz 
            5W  78.2dB @  20Hz 
            6W  79.3dB @  20Hz 
            8W  80.3dB @  20Hz 
           10W  81.3dB @  20Hz 
           12W  82.3dB @  20Hz 
           16W  83.3dB @  20Hz 
           20W  84.3dB @  20Hz 
           25W  85.3dB @  20Hz 
           31W  86.3dB @  20Hz 
           39W  87.3dB @  20Hz 
           50W  88.3dB @  20Hz 
           62W  89.3dB @  20Hz 
           79W  90.3dB @  20Hz 
           99W  91.3dB @  20Hz 
          125W  92.3dB @  20Hz 
          157W  93.3dB @  20Hz 
          198W  94.3dB @  20Hz 
          250W  95.3dB @  20Hz 
104.8dB  2247W  95.3dB @  20Hz   10
            4W  82.4dB @  27Hz 
            5W  83.4dB @  27Hz 
            6W  84.4dB @  27Hz 
            8W  85.4dB @  27Hz 
           10W  86.5dB @  27Hz 
           12W  87.5dB @  27Hz 
           16W  88.5dB @  27Hz 
           20W  89.5dB @  27Hz 
           25W  90.5dB @  27Hz 
           31W  91.5dB @  27Hz 
           39W  92.5dB @  27Hz 
           50W  93.5dB @  27Hz 
           62W  94.5dB @  27Hz 
           79W  95.5dB @  27Hz 
           99W  96.5dB @  27Hz 
          125W  97.5dB @  27Hz 
          157W  98.5dB @  27Hz 
          198W  99.5dB @  27Hz 
          250W 100.5dB @  27Hz 
110.1dB  2256W 100.5dB @  27Hz    5
114.1dB  2263W 104.5dB @  34Hz    1
117.3dB  2269W 107.7dB @  41Hz   -2
120.1dB  2274W 110.5dB @  48Hz   -5
122.4dB  2278W 112.8dB @  55Hz   -7
124.5dB  2282W 114.9dB @  62Hz   -9
126.4dB  2285W 116.7dB @  69Hz  -11
128.0dB  2288W 118.4dB @  76Hz  -13
