-------------
WF110WA01
      88.5dB             50W
Rpre   Spl     SplMech Pmech SplEle      f3

0.20  86.6dB: (105.8dB   166W 100.6dB) @ 117Hz
              (108.8dB   333W 100.6dB) @ 139Hz
0.60  86.2dB: (104.3dB   128W 100.2dB) @ 107Hz
              (107.3dB   256W 100.2dB) @ 127Hz
1.00  85.8dB: (102.9dB   101W  99.8dB) @  99Hz
              (105.9dB   202W  99.8dB) @ 118Hz
              (108.9dB   404W  99.8dB) @ 140Hz
-------------
WF110WA03
      85.5dB             50W
Rpre   Spl     SplMech Pmech SplEle      f3

0.20  86.1dB: (102.9dB    60W 102.0dB) @  99Hz
              (105.9dB   121W 102.0dB) @ 117Hz
              (108.9dB   242W 102.0dB) @ 140Hz
              (111.9dB   483W 102.0dB) @ 166Hz
0.60  85.8dB: (101.9dB    51W 101.8dB) @  93Hz
              (104.9dB   102W 101.8dB) @ 111Hz
              (107.9dB   204W 101.8dB) @ 132Hz
              (110.9dB   408W 101.8dB) @ 157Hz
1.00  85.6dB: (100.9dB    43W 101.5dB) @  88Hz
              (103.9dB    87W 101.5dB) @ 105Hz
              (106.9dB   174W 101.5dB) @ 125Hz
              (110.0dB   347W 101.5dB) @ 149Hz
-------------
WF120BD01
      83.0dB             60W
Rpre   Spl     SplMech Pmech SplEle      f3

0.20  83.7dB: (101.6dB   143W  97.8dB) @  87Hz
              (104.6dB   286W  97.8dB) @ 103Hz
              (107.6dB   573W  97.8dB) @ 122Hz
0.60  83.3dB: ( 99.9dB   107W  97.3dB) @  78Hz
              (102.9dB   214W  97.3dB) @  93Hz
              (105.9dB   428W  97.3dB) @ 111Hz
1.00  82.9dB: ( 98.3dB    82W  96.9dB) @  72Hz
              (101.3dB   165W  96.9dB) @  85Hz
              (104.3dB   329W  96.9dB) @ 101Hz
-------------
WF120BD04
      86.0dB             50W
Rpre   Spl     SplMech Pmech SplEle      f3

0.20  86.7dB: (105.3dB    97W 102.4dB) @ 107Hz
              (108.3dB   193W 102.4dB) @ 128Hz
              (111.3dB   386W 102.4dB) @ 152Hz
0.60  86.4dB: (104.3dB    82W 102.2dB) @ 101Hz
              (107.3dB   163W 102.2dB) @ 121Hz
              (110.3dB   327W 102.2dB) @ 143Hz
1.00  86.2dB: (103.4dB    70W 101.9dB) @  96Hz
              (106.4dB   140W 101.9dB) @ 114Hz
              (109.4dB   279W 101.9dB) @ 136Hz
-------------
WF120CU07
      86.0dB             60W
Rpre   Spl     SplMech Pmech SplEle      f3

0.20  84.5dB: (103.7dB   109W 101.1dB) @  99Hz
              (106.7dB   219W 101.1dB) @ 118Hz
              (109.7dB   437W 101.1dB) @ 140Hz
0.60  84.2dB: (102.7dB    93W 100.8dB) @  93Hz
              (105.7dB   185W 100.8dB) @ 111Hz
              (108.7dB   371W 100.8dB) @ 132Hz
1.00  83.9dB: (101.8dB    79W 100.6dB) @  89Hz
              (104.8dB   159W 100.6dB) @ 105Hz
              (107.8dB   317W 100.6dB) @ 125Hz
-------------
WF138WA01
      89.5dB             60W
Rpre   Spl     SplMech Pmech SplEle      f3

0.20  88.2dB: (107.1dB   196W 102.0dB) @  96Hz
              (110.1dB   393W 102.0dB) @ 114Hz
0.60  87.7dB: (105.3dB   145W 101.5dB) @  87Hz
              (108.3dB   289W 101.5dB) @ 103Hz
              (111.3dB   578W 101.5dB) @ 122Hz
1.00  87.3dB: (103.7dB   110W 101.1dB) @  79Hz
              (106.7dB   220W 101.1dB) @  94Hz
              (109.7dB   440W 101.1dB) @ 112Hz
-------------
WF138WA03
      87.5dB             60W
Rpre   Spl     SplMech Pmech SplEle      f3

0.20  88.2dB: (104.4dB    54W 104.9dB) @  82Hz
              (107.4dB   107W 104.9dB) @  98Hz
              (110.5dB   215W 104.9dB) @ 116Hz
              (113.5dB   429W 104.9dB) @ 138Hz
0.60  87.9dB: (103.5dB    45W 104.7dB) @  78Hz
              (106.5dB    91W 104.7dB) @  93Hz
              (109.5dB   182W 104.7dB) @ 110Hz
              (112.5dB   364W 104.7dB) @ 131Hz
1.00  87.7dB: (102.5dB    39W 104.4dB) @  74Hz
              (105.6dB    78W 104.4dB) @  88Hz
              (108.6dB   156W 104.4dB) @ 104Hz
              (111.6dB   312W 104.4dB) @ 124Hz
-------------
WF146WA01
      90.0dB             55W
Rpre   Spl     SplMech Pmech SplEle      f3

0.20  87.5dB: (104.2dB   117W 100.9dB) @  88Hz
              (107.2dB   233W 100.9dB) @ 104Hz
              (110.2dB   467W 100.9dB) @ 124Hz
0.60  87.0dB: (102.4dB    86W 100.4dB) @  79Hz
              (105.4dB   172W 100.4dB) @  94Hz
              (108.4dB   345W 100.4dB) @ 112Hz
1.00  86.6dB: (100.8dB    66W 100.0dB) @  72Hz
              (103.8dB   131W 100.0dB) @  86Hz
              (106.8dB   263W 100.0dB) @ 102Hz
              (109.8dB   526W 100.0dB) @ 121Hz
-------------
WF146WA02
      87.5dB             55W
Rpre   Spl     SplMech Pmech SplEle      f3

0.20  87.3dB: (102.3dB    40W 103.6dB) @  79Hz
              (105.3dB    81W 103.6dB) @  94Hz
              (108.3dB   162W 103.6dB) @ 111Hz
              (111.3dB   324W 103.6dB) @ 132Hz
0.60  87.0dB: (101.4dB    34W 103.4dB) @  74Hz
              (104.4dB    69W 103.4dB) @  89Hz
              (107.4dB   138W 103.4dB) @ 105Hz
              (110.4dB   276W 103.4dB) @ 125Hz
1.00  86.8dB: (100.5dB    30W 103.1dB) @  71Hz
              (103.5dB    59W 103.1dB) @  84Hz
              (106.5dB   119W 103.1dB) @ 100Hz
              (109.5dB   237W 103.1dB) @ 119Hz
              (112.5dB   474W 103.1dB) @ 141Hz
-------------
WF160WA01
      91.5dB             60W
Rpre   Spl     SplMech Pmech SplEle      f3

0.20  89.8dB: (107.3dB   140W 103.6dB) @  80Hz
              (110.3dB   280W 103.6dB) @  95Hz
              (113.3dB   560W 103.6dB) @ 113Hz
0.60  89.3dB: (105.5dB   103W 103.1dB) @  72Hz
              (108.5dB   206W 103.1dB) @  86Hz
              (111.5dB   412W 103.1dB) @ 102Hz
1.00  88.9dB: (103.8dB    78W 102.7dB) @  66Hz
              (106.9dB   157W 102.7dB) @  78Hz
              (109.9dB   314W 102.7dB) @  93Hz
-------------
WF168WA02
      89.0dB             60W
Rpre   Spl     SplMech Pmech SplEle      f3

0.20  88.9dB: (102.0dB    26W 105.6dB) @  64Hz
              (105.0dB    52W 105.6dB) @  76Hz
              (108.0dB   103W 105.6dB) @  90Hz
              (111.0dB   207W 105.6dB) @ 107Hz
              (114.0dB   413W 105.6dB) @ 128Hz
0.60  88.6dB: (101.0dB    22W 105.4dB) @  60Hz
              (104.0dB    44W 105.4dB) @  72Hz
              (107.0dB    88W 105.4dB) @  85Hz
              (110.1dB   176W 105.4dB) @ 102Hz
              (113.1dB   351W 105.4dB) @ 121Hz
1.00  88.4dB: (100.1dB    19W 105.1dB) @  57Hz
              (103.1dB    38W 105.1dB) @  68Hz
              (106.1dB    75W 105.1dB) @  81Hz
              (109.1dB   151W 105.1dB) @  96Hz
              (112.2dB   302W 105.1dB) @ 115Hz
-------------
WF182BD01
      88.0dB             80W
Rpre   Spl     SplMech Pmech SplEle      f3

0.20  84.8dB: (104.3dB   227W  99.8dB) @  56Hz
              (107.3dB   454W  99.8dB) @  66Hz
0.60  84.3dB: (102.5dB   165W  99.3dB) @  50Hz
              (105.5dB   330W  99.3dB) @  59Hz
              (108.5dB   660W  99.3dB) @  71Hz
1.00  83.8dB: (100.8dB   124W  98.9dB) @  45Hz
              (103.8dB   248W  98.9dB) @  54Hz
              (106.8dB   496W  98.9dB) @  64Hz
-------------
WF182BD02
      85.0dB             80W
Rpre   Spl     SplMech Pmech SplEle      f3

0.20  84.5dB: (101.8dB    67W 102.5dB) @  48Hz
              (104.8dB   134W 102.5dB) @  57Hz
              (107.8dB   268W 102.5dB) @  68Hz
              (110.8dB   535W 102.5dB) @  81Hz
0.60  84.2dB: (100.8dB    57W 102.3dB) @  45Hz
              (103.8dB   113W 102.3dB) @  54Hz
              (106.8dB   227W 102.3dB) @  64Hz
              (109.8dB   453W 102.3dB) @  76Hz
1.00  84.0dB: ( 99.9dB    48W 102.0dB) @  43Hz
              (102.9dB    97W 102.0dB) @  51Hz
              (105.9dB   194W 102.0dB) @  61Hz
              (108.9dB   387W 102.0dB) @  72Hz
              (111.9dB   775W 102.0dB) @  86Hz
-------------
WF182BD09/11
      88.5dB             80W
Rpre   Spl     SplMech Pmech SplEle      f3

0.20  85.3dB: (105.9dB   290W 100.3dB) @  61Hz
              (108.9dB   580W 100.3dB) @  72Hz
0.60  84.8dB: (104.1dB   211W  99.8dB) @  55Hz
              (107.1dB   422W  99.8dB) @  65Hz
1.00  84.4dB: (102.4dB   159W  99.4dB) @  50Hz
              (105.4dB   318W  99.4dB) @  59Hz
              (108.4dB   636W  99.4dB) @  70Hz
-------------
WF182BD10/12
      86.0dB             80W
Rpre   Spl     SplMech Pmech SplEle      f3

0.20  85.1dB: (104.2dB   101W 103.2dB) @  55Hz
              (107.2dB   201W 103.2dB) @  65Hz
              (110.2dB   403W 103.2dB) @  78Hz
0.60  84.9dB: (103.2dB    85W 102.9dB) @  52Hz
              (106.2dB   171W 102.9dB) @  62Hz
              (109.2dB   341W 102.9dB) @  74Hz
              (112.2dB   682W 102.9dB) @  88Hz
1.00  84.6dB: (102.3dB    73W 102.7dB) @  49Hz
              (105.3dB   146W 102.7dB) @  59Hz
              (108.3dB   292W 102.7dB) @  70Hz
              (111.3dB   583W 102.7dB) @  83Hz
-------------
WF182CU13
      88.8dB            100W
Rpre   Spl     SplMech Pmech SplEle      f3

0.20  87.8dB: (108.4dB   139W 106.9dB) @  71Hz
              (111.4dB   279W 106.9dB) @  84Hz
              (114.4dB   557W 106.9dB) @ 100Hz
0.60  87.6dB: (107.4dB   118W 106.7dB) @  67Hz
              (110.4dB   236W 106.7dB) @  79Hz
              (113.4dB   473W 106.7dB) @  94Hz
              (116.4dB   946W 106.7dB) @ 112Hz
1.00  87.3dB: (106.5dB   101W 106.4dB) @  63Hz
              (109.5dB   202W 106.4dB) @  75Hz
              (112.5dB   405W 106.4dB) @  90Hz
              (115.5dB   810W 106.4dB) @ 107Hz
-------------
SW118WA02
      83.5dB             60W
Rpre   Spl     SplMech Pmech SplEle      f3

0.20  83.2dB: (100.7dB    71W 100.0dB) @  87Hz
              (103.7dB   142W 100.0dB) @ 103Hz
              (106.8dB   285W 100.0dB) @ 122Hz
              (109.8dB   570W 100.0dB) @ 146Hz
0.60  83.0dB: ( 99.8dB    60W  99.7dB) @  82Hz
              (102.8dB   121W  99.7dB) @  97Hz
              (105.8dB   242W  99.7dB) @ 116Hz
              (108.8dB   484W  99.7dB) @ 138Hz
1.00  82.7dB: ( 98.8dB    52W  99.5dB) @  78Hz
              (101.9dB   104W  99.5dB) @  92Hz
              (104.9dB   207W  99.5dB) @ 110Hz
              (107.9dB   414W  99.5dB) @ 131Hz
-------------
SW146WA01
      85.0dB             55W
Rpre   Spl     SplMech Pmech SplEle      f3

0.20  83.5dB: (105.0dB   177W  99.9dB) @  68Hz
              (108.0dB   354W  99.9dB) @  81Hz
0.60  83.3dB: (104.0dB   150W  99.6dB) @  65Hz
              (107.0dB   300W  99.6dB) @  77Hz
1.00  83.0dB: (103.1dB   129W  99.4dB) @  61Hz
              (106.1dB   257W  99.4dB) @  73Hz
              (109.1dB   515W  99.4dB) @  87Hz
-------------
SW146WA02
      88.0dB             55W
Rpre   Spl     SplMech Pmech SplEle      f3

0.20  83.2dB: (105.5dB   454W  96.3dB) @  71Hz
0.60  82.7dB: (103.6dB   328W  95.8dB) @  63Hz
1.00  82.2dB: (101.9dB   245W  95.4dB) @  57Hz
              (104.9dB   491W  95.4dB) @  68Hz
-------------
SW168WA01
      88.5dB             60W
Rpre   Spl     SplMech Pmech SplEle      f3

0.20  83.7dB: (108.3dB   782W  97.2dB) @  63Hz
0.60  83.2dB: (106.4dB   562W  96.7dB) @  56Hz
1.00  82.7dB: (104.7dB   419W  96.2dB) @  51Hz
-------------
SW178WA01
      86.0dB            100W
Rpre   Spl     SplMech Pmech SplEle      f3

0.20  84.5dB: (107.8dB   270W 103.5dB) @  71Hz
              (110.8dB   541W 103.5dB) @  85Hz
0.60  84.3dB: (106.8dB   227W 103.2dB) @  67Hz
              (109.8dB   454W 103.2dB) @  80Hz
              (112.8dB   907W 103.2dB) @  95Hz
1.00  84.0dB: (105.8dB   192W 103.0dB) @  63Hz
              (108.8dB   385W 103.0dB) @  75Hz
              (111.8dB   769W 103.0dB) @  90Hz
-------------
SW182BD01
      85.5dB            125W
Rpre   Spl     SplMech Pmech SplEle      f3

0.20  81.3dB: (106.0dB   742W  98.2dB) @  51Hz
0.60  80.8dB: (104.1dB   542W  97.8dB) @  46Hz
              (107.2dB  1085W  97.8dB) @  54Hz
1.00  80.3dB: (102.5dB   410W  97.3dB) @  41Hz
              (105.5dB   820W  97.3dB) @  49Hz
-------------
SW182BD02
      83.5dB            125W
Rpre   Spl     SplMech Pmech SplEle      f3

0.20  82.9dB: (108.2dB   428W 102.9dB) @  58Hz
              (111.2dB   855W 102.9dB) @  69Hz
0.60  82.6dB: (107.3dB   362W 102.6dB) @  55Hz
              (110.3dB   725W 102.6dB) @  65Hz
1.00  82.4dB: (106.3dB   310W 102.4dB) @  52Hz
              (109.3dB   620W 102.4dB) @  61Hz
              (112.4dB  1240W 102.4dB) @  73Hz
-------------
SW215WA01
      89.0dB            100W
Rpre   Spl     SplMech Pmech SplEle      f3

0.20  84.3dB: (109.7dB   887W 100.3dB) @  45Hz
0.60  83.8dB: (107.9dB   648W  99.8dB) @  40Hz
1.00  83.3dB: (106.2dB   489W  99.4dB) @  37Hz
              (109.3dB   978W  99.4dB) @  44Hz
-------------
SW223BD01
      87.0dB            150W
Rpre   Spl     SplMech Pmech SplEle      f3

0.20  82.4dB: (110.4dB  1604W 100.1dB) @  44Hz
0.60  81.9dB: (108.6dB  1168W  99.6dB) @  40Hz
1.00  81.4dB: (106.9dB   879W  99.2dB) @  36Hz
-------------
SW223BD02
      83.0dB            150W
Rpre   Spl     SplMech Pmech SplEle      f3

0.20  81.2dB: (108.8dB  1318W  99.4dB) @  39Hz
0.60  80.8dB: (107.1dB   985W  99.0dB) @  36Hz
1.00  80.4dB: (105.6dB   758W  98.6dB) @  33Hz
-------------
SW223BD03
      81.0dB            150W
Rpre   Spl     SplMech Pmech SplEle      f3

0.20  81.3dB: (107.8dB   590W 101.8dB) @  37Hz
              (110.8dB  1181W 101.8dB) @  44Hz
0.60  81.0dB: (106.7dB   495W 101.5dB) @  35Hz
              (109.7dB   991W 101.5dB) @  41Hz
1.00  80.8dB: (105.7dB   420W 101.3dB) @  33Hz
              (108.8dB   840W 101.3dB) @  39Hz
-------------
SW263WA01
      84.0dB            200W
Rpre   Spl     SplMech Pmech SplEle      f3

0.20  82.9dB: (111.8dB   984W 104.9dB) @  38Hz
              (114.8dB  1969W 104.9dB) @  45Hz
0.60  82.7dB: (110.8dB   827W 104.6dB) @  36Hz
              (113.8dB  1654W 104.6dB) @  43Hz
1.00  82.4dB: (109.8dB   702W 104.4dB) @  34Hz
              (112.9dB  1404W 104.4dB) @  41Hz
-------------
SW263WA03
      87.0dB            200W
Rpre   Spl     SplMech Pmech SplEle      f3

0.20  82.2dB: (112.3dB  2590W 101.2dB) @  39Hz
0.60  81.7dB: (110.5dB  1889W 100.7dB) @  35Hz
1.00  81.3dB: (108.8dB  1424W 100.3dB) @  32Hz
-------------
SW270WA01
      89.0dB            150W
Rpre   Spl     SplMech Pmech SplEle      f3

0.20  84.9dB: (110.8dB   976W 102.7dB) @  37Hz
0.60  84.4dB: (109.0dB   723W 102.2dB) @  33Hz
              (112.0dB  1445W 102.2dB) @  40Hz
1.00  84.0dB: (107.4dB   553W 101.8dB) @  30Hz
              (110.4dB  1107W 101.8dB) @  36Hz
-------------
SW310WA01
      85.0dB            250W
Rpre   Spl     SplMech Pmech SplEle      f3

0.20  85.4dB: (112.7dB   682W 108.3dB) @  32Hz
              (115.7dB  1364W 108.3dB) @  38Hz
0.60  85.1dB: (111.7dB   577W 108.1dB) @  30Hz
              (114.7dB  1154W 108.1dB) @  36Hz
              (117.7dB  2307W 108.1dB) @  42Hz
1.00  84.9dB: (110.8dB   493W 107.8dB) @  28Hz
              (113.8dB   986W 107.8dB) @  34Hz
              (116.8dB  1971W 107.8dB) @  40Hz
-------------
SW310WA02
      89.0dB            250W
Rpre   Spl     SplMech Pmech SplEle      f3

0.20  85.4dB: (113.7dB  1696W 105.4dB) @  34Hz
0.60  84.9dB: (111.8dB  1237W 104.9dB) @  30Hz
              (114.8dB  2474W 104.9dB) @  36Hz
1.00  84.5dB: (110.2dB   933W 104.4dB) @  27Hz
              (113.2dB  1865W 104.4dB) @  33Hz
-------------
SW319WA01
      90.5dB            250W
Rpre   Spl     SplMech Pmech SplEle      f3

0.20  82.9dB: (116.1dB  2640W 105.9dB) @  38Hz
0.60  82.7dB: (115.1dB  2219W 105.6dB) @  36Hz
1.00  82.4dB: (114.1dB  1884W 105.4dB) @  34Hz
-------------
SW319WA02
      90.5dB            250W
Rpre   Spl     SplMech Pmech SplEle      f3

0.20  85.8dB: (114.5dB  1864W 105.8dB) @  35Hz
0.60  85.3dB: (112.7dB  1359W 105.3dB) @  31Hz
1.00  84.9dB: (111.0dB  1024W 104.9dB) @  28Hz
              (114.0dB  2048W 104.9dB) @  34Hz
