-------------
WF110WA01
      88.5dB                             50W
Rpre   Spl      qtc    Vb     SplMech Pmech SplEle      f3

0.20  86.6dB:   0.5    7.8l: (106.4dB   191W 100.6dB) @ 121Hz
                0.6    3.4l: (105.4dB   152W 100.6dB) @ 114Hz
                0.7    2.0l: (105.4dB   153W 100.6dB) @ 115Hz
                0.8    1.4l: (106.9dB   212W 100.6dB) @ 124Hz
                0.9    1.0l: (107.3dB   237W 100.6dB) @ 128Hz
                1.0    0.8l: (107.9dB   270W 100.6dB) @ 132Hz
                1.1    0.6l: (108.7dB   321W 100.6dB) @ 138Hz
                1.1    0.6l: (105.8dB   166W 100.6dB) @ 117Hz (  473uF)

0.60  86.2dB:   0.5   15.0l: (104.9dB   147W 100.2dB) @ 111Hz
                0.6    4.9l: (103.9dB   117W 100.2dB) @ 105Hz
                0.7    2.7l: (103.9dB   118W 100.2dB) @ 105Hz
                0.8    1.8l: (105.3dB   164W 100.2dB) @ 114Hz
                0.9    1.3l: (105.8dB   183W 100.2dB) @ 117Hz
                1.0    1.0l: (106.4dB   208W 100.2dB) @ 121Hz
                1.1    0.8l: (107.1dB   247W 100.2dB) @ 126Hz
                1.1    0.8l: (104.3dB   128W 100.2dB) @ 107Hz (  516uF)

1.00  85.8dB:   0.5   51.0l: (103.5dB   116W  99.8dB) @ 102Hz
                0.6    7.2l: (102.5dB    92W  99.8dB) @  97Hz
                0.7    3.6l: (102.5dB    93W  99.8dB) @  97Hz
                0.8    2.3l: (103.9dB   129W  99.8dB) @ 105Hz
                0.9    1.6l: (104.4dB   144W  99.8dB) @ 108Hz
                1.0    1.2l: (105.0dB   164W  99.8dB) @ 112Hz
                1.1    0.9l: (105.7dB   195W  99.8dB) @ 117Hz
                1.1    0.9l: (102.9dB   101W  99.8dB) @  99Hz (  559uF)

-------------
WF110WA03
      85.5dB                             50W
Rpre   Spl      qtc    Vb     SplMech Pmech SplEle      f3

0.20  86.1dB:   0.5  259.0l: (103.5dB    69W 102.0dB) @ 102Hz
                0.6    8.7l: (102.5dB    55W 102.0dB) @  96Hz
                0.7    4.0l: (102.5dB    56W 102.0dB) @  97Hz
                0.8    2.5l: (103.9dB    77W 102.0dB) @ 105Hz
                0.9    1.7l: (104.4dB    86W 102.0dB) @ 108Hz
                1.0    1.3l: (105.0dB    98W 102.0dB) @ 111Hz
                1.1    1.0l: (105.7dB   116W 102.0dB) @ 116Hz
                1.1    1.0l: (102.9dB    60W 102.0dB) @  99Hz (  356uF)

0.60  85.8dB:   0.6   13.2l: (101.5dB    46W 101.8dB) @  91Hz
                0.7    5.2l: (101.5dB    47W 101.8dB) @  91Hz
                0.8    3.0l: (102.9dB    65W 101.8dB) @  99Hz
                0.9    2.1l: (103.4dB    73W 101.8dB) @ 102Hz
                1.0    1.5l: (104.0dB    83W 101.8dB) @ 105Hz
                1.1    1.2l: (104.7dB    98W 101.8dB) @ 110Hz
                1.1    1.2l: (101.9dB    51W 101.8dB) @  93Hz (  377uF)

1.00  85.6dB:   0.6   23.5l: (100.5dB    40W 101.5dB) @  86Hz
                0.7    6.7l: (100.6dB    40W 101.5dB) @  87Hz
                0.8    3.7l: (102.0dB    55W 101.5dB) @  94Hz
                0.9    2.4l: (102.5dB    62W 101.5dB) @  97Hz
                1.0    1.8l: (103.0dB    70W 101.5dB) @ 100Hz
                1.1    1.4l: (103.8dB    84W 101.5dB) @ 104Hz
                1.1    1.4l: (100.9dB    43W 101.5dB) @  88Hz (  397uF)

-------------
WF120BD01
      83.0dB                             60W
Rpre   Spl      qtc    Vb     SplMech Pmech SplEle      f3

0.20  83.7dB:   0.5    8.2l: (102.2dB   165W  97.8dB) @  90Hz
                0.6    4.0l: (101.2dB   130W  97.8dB) @  85Hz
                0.7    2.5l: (101.2dB   132W  97.8dB) @  85Hz
                0.8    1.7l: (102.6dB   183W  97.8dB) @  92Hz
                0.9    1.3l: (103.1dB   204W  97.8dB) @  95Hz
                1.0    1.0l: (103.7dB   232W  97.8dB) @  98Hz
                1.1    0.8l: (104.4dB   276W  97.8dB) @ 102Hz
                1.1    0.8l: (101.6dB   143W  97.8dB) @  87Hz (  751uF)

0.60  83.3dB:   0.5   14.3l: (100.5dB   123W  97.3dB) @  81Hz
                0.6    5.7l: ( 99.5dB    98W  97.3dB) @  77Hz
                0.7    3.4l: ( 99.5dB    99W  97.3dB) @  77Hz
                0.8    2.3l: (100.9dB   137W  97.3dB) @  83Hz
                0.9    1.7l: (101.4dB   153W  97.3dB) @  86Hz
                1.0    1.3l: (102.0dB   174W  97.3dB) @  89Hz
                1.1    1.0l: (102.7dB   206W  97.3dB) @  92Hz
                1.1    1.0l: ( 99.9dB   107W  97.3dB) @  78Hz (  830uF)

1.00  82.9dB:   0.5   31.8l: ( 98.9dB    95W  96.9dB) @  74Hz
                0.6    8.4l: ( 97.9dB    75W  96.9dB) @  70Hz
                0.7    4.5l: ( 98.0dB    76W  96.9dB) @  70Hz
                0.8    2.9l: ( 99.4dB   105W  96.9dB) @  76Hz
                0.9    2.1l: ( 99.8dB   117W  96.9dB) @  78Hz
                1.0    1.6l: (100.4dB   134W  96.9dB) @  81Hz
                1.1    1.3l: (101.2dB   159W  96.9dB) @  85Hz
                1.1    1.3l: ( 98.3dB    82W  96.9dB) @  72Hz (  907uF)

-------------
WF120BD04
      86.0dB                             50W
Rpre   Spl      qtc    Vb     SplMech Pmech SplEle      f3

0.20  86.7dB:   0.5   28.4l: (105.9dB   111W 102.4dB) @ 111Hz
                0.6    6.5l: (104.9dB    88W 102.4dB) @ 105Hz
                0.7    3.4l: (105.0dB    89W 102.4dB) @ 105Hz
                0.8    2.2l: (106.4dB   123W 102.4dB) @ 114Hz
                0.9    1.6l: (106.8dB   138W 102.4dB) @ 117Hz
                1.0    1.2l: (107.4dB   157W 102.4dB) @ 121Hz
                1.1    0.9l: (108.2dB   186W 102.4dB) @ 126Hz
                1.1    0.9l: (105.3dB    97W 102.4dB) @ 107Hz (  343uF)

0.60  86.4dB:   0.5  170.5l: (104.9dB    94W 102.2dB) @ 105Hz
                0.6    8.9l: (103.9dB    74W 102.2dB) @  99Hz
                0.7    4.2l: (104.0dB    75W 102.2dB) @  99Hz
                0.8    2.6l: (105.4dB   104W 102.2dB) @ 108Hz
                0.9    1.8l: (105.8dB   117W 102.2dB) @ 111Hz
                1.0    1.4l: (106.4dB   133W 102.2dB) @ 114Hz
                1.1    1.1l: (107.2dB   158W 102.2dB) @ 119Hz
                1.1    1.1l: (104.3dB    82W 102.2dB) @ 101Hz (  364uF)

1.00  86.2dB:   0.6   13.1l: (103.0dB    64W 101.9dB) @  94Hz
                0.7    5.3l: (103.0dB    64W 101.9dB) @  94Hz
                0.8    3.1l: (104.4dB    89W 101.9dB) @ 102Hz
                0.9    2.1l: (104.9dB   100W 101.9dB) @ 105Hz
                1.0    1.6l: (105.5dB   113W 101.9dB) @ 108Hz
                1.1    1.2l: (106.2dB   135W 101.9dB) @ 113Hz
                1.1    1.2l: (103.4dB    70W 101.9dB) @  96Hz (  384uF)

-------------
WF120CU07
      86.0dB                             60W
Rpre   Spl      qtc    Vb     SplMech Pmech SplEle      f3

0.20  84.5dB:   0.5   18.4l: (104.5dB   131W 101.1dB) @ 102Hz
                0.6    4.7l: (103.5dB   103W 101.1dB) @  97Hz
                0.7    2.5l: (103.5dB   105W 101.1dB) @  97Hz
                0.8    1.6l: (104.9dB   145W 101.1dB) @ 105Hz
                0.9    1.2l: (105.4dB   162W 101.1dB) @ 108Hz
                1.0    0.9l: (106.0dB   184W 101.1dB) @ 112Hz
                1.1    0.7l: (106.7dB   219W 101.1dB) @ 116Hz
                1.1    0.7l: (103.9dB   114W 101.1dB) @  99Hz (  364uF)

0.60  84.2dB:   0.5   62.7l: (103.5dB   111W 100.8dB) @  97Hz
                0.6    6.4l: (102.5dB    88W 100.8dB) @  91Hz
                0.7    3.1l: (102.5dB    89W 100.8dB) @  91Hz
                0.8    1.9l: (103.9dB   123W 100.8dB) @  99Hz
                0.9    1.4l: (104.4dB   137W 100.8dB) @ 102Hz
                1.0    1.0l: (105.0dB   156W 100.8dB) @ 105Hz
                1.1    0.8l: (105.7dB   186W 100.8dB) @ 110Hz
                1.1    0.8l: (102.9dB    96W 100.8dB) @  93Hz (  385uF)

1.00  83.9dB:   0.6    9.1l: (101.6dB    75W 100.6dB) @  87Hz
                0.7    3.9l: (101.6dB    76W 100.6dB) @  87Hz
                0.8    2.3l: (103.0dB   105W 100.6dB) @  94Hz
                0.9    1.6l: (103.5dB   118W 100.6dB) @  97Hz
                1.0    1.2l: (104.1dB   134W 100.6dB) @ 100Hz
                1.1    0.9l: (104.8dB   159W 100.6dB) @ 104Hz
                1.1    0.9l: (102.0dB    82W 100.6dB) @  89Hz (  406uF)

-------------
WF120CU08
      86.7dB                             60W
Rpre   Spl      qtc    Vb     SplMech Pmech SplEle      f3

0.20  85.6dB:   0.5    8.5l: (104.7dB    98W 102.5dB) @ 103Hz
                0.6    4.1l: (103.6dB    78W 102.5dB) @  98Hz
                0.7    2.5l: (103.7dB    79W 102.5dB) @  98Hz
                0.8    1.8l: (105.1dB   109W 102.5dB) @ 106Hz
                0.9    1.3l: (105.6dB   122W 102.5dB) @ 109Hz
                1.0    1.0l: (106.2dB   139W 102.5dB) @ 113Hz
                1.1    0.8l: (106.9dB   165W 102.5dB) @ 118Hz
                1.1    0.8l: (104.1dB    85W 102.5dB) @ 100Hz (  341uF)

0.60  85.4dB:   0.5   11.5l: (103.7dB    83W 102.3dB) @  98Hz
                0.6    5.0l: (102.7dB    66W 102.3dB) @  92Hz
                0.7    3.0l: (102.7dB    67W 102.3dB) @  93Hz
                0.8    2.0l: (104.1dB    92W 102.3dB) @ 100Hz
                0.9    1.5l: (104.6dB   103W 102.3dB) @ 103Hz
                1.0    1.2l: (105.2dB   118W 102.3dB) @ 107Hz
                1.1    0.9l: (105.9dB   140W 102.3dB) @ 111Hz
                1.1    0.9l: (103.1dB    72W 102.3dB) @  94Hz (  360uF)

1.00  85.2dB:   0.5   16.3l: (102.8dB    71W 102.0dB) @  93Hz
                0.6    6.1l: (101.8dB    57W 102.0dB) @  88Hz
                0.7    3.5l: (101.8dB    57W 102.0dB) @  88Hz
                0.8    2.3l: (103.2dB    79W 102.0dB) @  95Hz
                0.9    1.7l: (103.7dB    89W 102.0dB) @  98Hz
                1.0    1.3l: (104.3dB   101W 102.0dB) @ 101Hz
                1.1    1.0l: (105.0dB   120W 102.0dB) @ 106Hz
                1.1    1.0l: (102.2dB    62W 102.0dB) @  90Hz (  380uF)

-------------
WF138WA01
      89.5dB                             60W
Rpre   Spl      qtc    Vb     SplMech Pmech SplEle      f3

0.20  88.2dB:   0.5   27.1l: (107.7dB   226W 102.0dB) @ 100Hz
                0.6   10.1l: (106.7dB   179W 102.0dB) @  94Hz
                0.7    5.8l: (106.8dB   181W 102.0dB) @  94Hz
                0.8    3.9l: (108.2dB   250W 102.0dB) @ 102Hz
                0.9    2.8l: (108.7dB   280W 102.0dB) @ 105Hz
                1.0    2.2l: (109.2dB   318W 102.0dB) @ 108Hz
                1.1    1.7l: (110.0dB   379W 102.0dB) @ 113Hz
                1.1    1.7l: (107.1dB   196W 102.0dB) @  96Hz (  719uF)

0.60  87.7dB:   0.5   96.3l: (105.9dB   166W 101.5dB) @  90Hz
                0.6   16.5l: (104.9dB   132W 101.5dB) @  85Hz
                0.7    8.3l: (105.0dB   133W 101.5dB) @  85Hz
                0.8    5.3l: (106.4dB   184W 101.5dB) @  92Hz
                0.9    3.7l: (106.9dB   206W 101.5dB) @  95Hz
                1.0    2.8l: (107.4dB   235W 101.5dB) @  98Hz
                1.1    2.2l: (108.2dB   279W 101.5dB) @ 102Hz
                1.1    2.2l: (105.3dB   145W 101.5dB) @  87Hz (  798uF)

1.00  87.3dB:   0.6   30.5l: (103.3dB   100W 101.1dB) @  77Hz
                0.7   12.2l: (103.4dB   102W 101.1dB) @  77Hz
                0.8    7.2l: (104.8dB   140W 101.1dB) @  84Hz
                0.9    4.9l: (105.2dB   157W 101.1dB) @  86Hz
                1.0    3.6l: (105.8dB   179W 101.1dB) @  89Hz
                1.1    2.8l: (106.6dB   212W 101.1dB) @  93Hz
                1.1    2.8l: (103.7dB   110W 101.1dB) @  79Hz (  876uF)

-------------
WF138WA03
      87.5dB                             60W
Rpre   Spl      qtc    Vb     SplMech Pmech SplEle      f3

0.20  88.2dB:   0.6   44.2l: (104.0dB    49W 104.9dB) @  80Hz
                0.7   14.5l: (104.1dB    49W 104.9dB) @  81Hz
                0.8    8.2l: (105.5dB    68W 104.9dB) @  87Hz
                0.9    5.5l: (106.0dB    76W 104.9dB) @  90Hz
                1.0    4.0l: (106.5dB    87W 104.9dB) @  93Hz
                1.1    3.1l: (107.3dB   103W 104.9dB) @  97Hz
                1.1    3.1l: (104.4dB    54W 104.9dB) @  82Hz (  427uF)

0.60  87.9dB:   0.6  110.5l: (103.1dB    41W 104.7dB) @  76Hz
                0.7   19.9l: (103.1dB    42W 104.7dB) @  76Hz
                0.8   10.2l: (104.5dB    58W 104.7dB) @  83Hz
                0.9    6.6l: (105.0dB    65W 104.7dB) @  85Hz
                1.0    4.7l: (105.6dB    74W 104.7dB) @  88Hz
                1.1    3.6l: (106.3dB    88W 104.7dB) @  92Hz
                1.1    3.6l: (103.5dB    45W 104.7dB) @  78Hz (  451uF)

1.00  87.7dB:   0.7   28.8l: (102.2dB    36W 104.4dB) @  72Hz
                0.8   12.9l: (103.6dB    50W 104.4dB) @  78Hz
                0.9    7.9l: (104.1dB    56W 104.4dB) @  81Hz
                1.0    5.5l: (104.6dB    63W 104.4dB) @  83Hz
                1.1    4.2l: (105.4dB    75W 104.4dB) @  87Hz
                1.1    4.2l: (102.5dB    39W 104.4dB) @  74Hz (  476uF)

-------------
WF146WA01
      90.0dB                             55W
Rpre   Spl      qtc    Vb     SplMech Pmech SplEle      f3

0.20  87.5dB:   0.5   40.3l: (104.8dB   134W 100.9dB) @  91Hz
                0.6   12.5l: (103.8dB   106W 100.9dB) @  86Hz
                0.7    6.9l: (103.8dB   108W 100.9dB) @  86Hz
                0.8    4.6l: (105.2dB   149W 100.9dB) @  93Hz
                0.9    3.3l: (105.7dB   167W 100.9dB) @  96Hz
                1.0    2.5l: (106.3dB   189W 100.9dB) @  99Hz
                1.1    2.0l: (107.0dB   225W 100.9dB) @ 103Hz
                1.1    2.0l: (104.2dB   117W 100.9dB) @  88Hz (  789uF)

0.60  87.0dB:   0.5  701.6l: (103.0dB    99W 100.4dB) @  82Hz
                0.6   21.7l: (102.0dB    79W 100.4dB) @  77Hz
                0.7   10.1l: (102.0dB    79W 100.4dB) @  77Hz
                0.8    6.3l: (103.4dB   110W 100.4dB) @  84Hz
                0.9    4.4l: (103.9dB   123W 100.4dB) @  86Hz
                1.0    3.3l: (104.5dB   140W 100.4dB) @  89Hz
                1.1    2.6l: (105.2dB   166W 100.4dB) @  93Hz
                1.1    2.6l: (102.4dB    86W 100.4dB) @  79Hz (  875uF)

1.00  86.6dB:   0.6   46.8l: (100.4dB    60W 100.0dB) @  70Hz
                0.7   15.3l: (100.4dB    61W 100.0dB) @  71Hz
                0.8    8.6l: (101.8dB    84W 100.0dB) @  76Hz
                0.9    5.8l: (102.3dB    94W 100.0dB) @  79Hz
                1.0    4.2l: (102.9dB   107W 100.0dB) @  81Hz
                1.1    3.2l: (103.6dB   127W 100.0dB) @  85Hz
                1.1    3.2l: (100.8dB    66W 100.0dB) @  72Hz (  960uF)

-------------
WF146WA02
      87.5dB                             55W
Rpre   Spl      qtc    Vb     SplMech Pmech SplEle      f3

0.20  87.3dB:   0.6   28.4l: (101.9dB    37W 103.6dB) @  77Hz
                0.7   11.9l: (102.0dB    37W 103.6dB) @  77Hz
                0.8    7.1l: (103.4dB    52W 103.6dB) @  84Hz
                0.9    4.9l: (103.9dB    58W 103.6dB) @  86Hz
                1.0    3.6l: (104.4dB    66W 103.6dB) @  89Hz
                1.1    2.8l: (105.2dB    78W 103.6dB) @  93Hz
                1.1    2.8l: (102.3dB    40W 103.6dB) @  79Hz (  446uF)

0.60  87.0dB:   0.6   47.5l: (101.0dB    31W 103.4dB) @  73Hz
                0.7   15.4l: (101.0dB    32W 103.4dB) @  73Hz
                0.8    8.7l: (102.4dB    44W 103.4dB) @  79Hz
                0.9    5.8l: (102.9dB    49W 103.4dB) @  81Hz
                1.0    4.2l: (103.5dB    56W 103.4dB) @  84Hz
                1.1    3.3l: (104.2dB    66W 103.4dB) @  88Hz
                1.1    3.3l: (101.4dB    34W 103.4dB) @  74Hz (  472uF)

1.00  86.8dB:   0.6  109.6l: (100.1dB    27W 103.1dB) @  69Hz
                0.7   20.6l: (100.1dB    27W 103.1dB) @  69Hz
                0.8   10.6l: (101.5dB    38W 103.1dB) @  75Hz
                0.9    6.9l: (102.0dB    42W 103.1dB) @  77Hz
                1.0    4.9l: (102.6dB    48W 103.1dB) @  80Hz
                1.1    3.7l: (103.3dB    57W 103.1dB) @  83Hz
                1.1    3.7l: (100.5dB    30W 103.1dB) @  71Hz (  497uF)

-------------
WF160WA01
      91.5dB                             60W
Rpre   Spl      qtc    Vb     SplMech Pmech SplEle      f3

0.20  89.8dB:   0.5   59.9l: (107.9dB   161W 103.6dB) @  83Hz
                0.6   24.1l: (106.9dB   128W 103.6dB) @  78Hz
                0.7   14.1l: (106.9dB   129W 103.6dB) @  78Hz
                0.8    9.6l: (108.3dB   179W 103.6dB) @  85Hz
                0.9    7.0l: (108.8dB   200W 103.6dB) @  88Hz
                1.0    5.4l: (109.4dB   227W 103.6dB) @  90Hz
                1.1    4.3l: (110.1dB   270W 103.6dB) @  94Hz
                1.1    4.3l: (107.3dB   140W 103.6dB) @  80Hz (  863uF)

0.60  89.3dB:   0.5  164.3l: (106.1dB   119W 103.1dB) @  75Hz
                0.6   38.1l: (105.1dB    94W 103.1dB) @  71Hz
                0.7   20.0l: (105.1dB    95W 103.1dB) @  71Hz
                0.8   12.9l: (106.5dB   132W 103.1dB) @  77Hz
                0.9    9.2l: (107.0dB   147W 103.1dB) @  79Hz
                1.0    7.0l: (107.6dB   167W 103.1dB) @  81Hz
                1.1    5.5l: (108.3dB   199W 103.1dB) @  85Hz
                1.1    5.5l: (105.5dB   103W 103.1dB) @  72Hz (  958uF)

1.00  88.9dB:   0.6   66.6l: (103.4dB    72W 102.7dB) @  64Hz
                0.7   28.8l: (103.5dB    72W 102.7dB) @  64Hz
                0.8   17.4l: (104.9dB   100W 102.7dB) @  70Hz
                0.9   12.0l: (105.4dB   112W 102.7dB) @  72Hz
                1.0    8.9l: (105.9dB   127W 102.7dB) @  74Hz
                1.1    6.9l: (106.7dB   151W 102.7dB) @  77Hz
                1.1    6.9l: (103.8dB    78W 102.7dB) @  66Hz ( 1051uF)

-------------
WF168WA02
      89.0dB                             60W
Rpre   Spl      qtc    Vb     SplMech Pmech SplEle      f3

0.20  88.9dB:   0.6  101.5l: (101.6dB    24W 105.6dB) @  62Hz
                0.7   35.9l: (101.6dB    24W 105.6dB) @  63Hz
                0.8   20.6l: (103.0dB    33W 105.6dB) @  68Hz
                0.9   13.9l: (103.5dB    37W 105.6dB) @  70Hz
                1.0   10.2l: (104.1dB    42W 105.6dB) @  72Hz
                1.1    7.8l: (104.8dB    50W 105.6dB) @  75Hz
                1.1    7.8l: (102.0dB    26W 105.6dB) @  64Hz (  550uF)

0.60  88.6dB:   0.6  216.4l: (100.6dB    20W 105.4dB) @  59Hz
                0.7   48.2l: (100.7dB    20W 105.4dB) @  59Hz
                0.8   25.4l: (102.1dB    28W 105.4dB) @  64Hz
                0.9   16.6l: (102.6dB    31W 105.4dB) @  66Hz
                1.0   11.9l: (103.1dB    36W 105.4dB) @  68Hz
                1.1    9.1l: (103.9dB    42W 105.4dB) @  71Hz
                1.1    9.1l: (101.0dB    22W 105.4dB) @  60Hz (  582uF)

1.00  88.4dB:   0.7   67.9l: ( 99.8dB    17W 105.1dB) @  56Hz
                0.8   31.8l: (101.2dB    24W 105.1dB) @  61Hz
                0.9   19.8l: (101.7dB    27W 105.1dB) @  63Hz
                1.0   13.9l: (102.2dB    31W 105.1dB) @  65Hz
                1.1   10.5l: (103.0dB    36W 105.1dB) @  68Hz
                1.1   10.5l: (100.1dB    19W 105.1dB) @  57Hz (  613uF)

-------------
WF182BD01
      88.0dB                             80W
Rpre   Spl      qtc    Vb     SplMech Pmech SplEle      f3

0.20  84.8dB:   0.5   41.5l: (104.9dB   261W  99.8dB) @  58Hz
                0.6   19.5l: (103.9dB   207W  99.8dB) @  54Hz
                0.7   12.0l: (104.0dB   209W  99.8dB) @  54Hz
                0.8    8.3l: (105.4dB   289W  99.8dB) @  59Hz
                0.9    6.2l: (105.9dB   324W  99.8dB) @  61Hz
                1.0    4.8l: (106.4dB   368W  99.8dB) @  63Hz
                1.1    3.8l: (107.2dB   438W  99.8dB) @  65Hz
                1.1    3.8l: (104.3dB   227W  99.8dB) @  56Hz ( 1244uF)

0.60  84.3dB:   0.5   82.3l: (103.1dB   190W  99.3dB) @  52Hz
                0.6   29.3l: (102.1dB   150W  99.3dB) @  49Hz
                0.7   16.7l: (102.1dB   152W  99.3dB) @  49Hz
                0.8   11.1l: (103.5dB   211W  99.3dB) @  53Hz
                0.9    8.1l: (104.0dB   235W  99.3dB) @  55Hz
                1.0    6.2l: (104.6dB   268W  99.3dB) @  56Hz
                1.1    4.9l: (105.3dB   318W  99.3dB) @  59Hz
                1.1    4.9l: (102.5dB   165W  99.3dB) @  50Hz ( 1385uF)

1.00  83.8dB:   0.5  293.5l: (101.4dB   143W  98.9dB) @  47Hz
                0.6   46.5l: (100.4dB   113W  98.9dB) @  44Hz
                0.7   23.3l: (100.4dB   114W  98.9dB) @  44Hz
                0.8   14.8l: (101.8dB   158W  98.9dB) @  48Hz
                0.9   10.5l: (102.3dB   177W  98.9dB) @  50Hz
                1.0    7.9l: (102.9dB   201W  98.9dB) @  51Hz
                1.1    6.2l: (103.6dB   239W  98.9dB) @  53Hz
                1.1    6.2l: (100.8dB   124W  98.9dB) @  45Hz ( 1525uF)

-------------
WF182BD02
      85.0dB                             80W
Rpre   Spl      qtc    Vb     SplMech Pmech SplEle      f3

0.20  84.5dB:   0.5  240.8l: (102.4dB    77W 102.5dB) @  50Hz
                0.6   44.3l: (101.4dB    61W 102.5dB) @  47Hz
                0.7   22.5l: (101.4dB    62W 102.5dB) @  47Hz
                0.8   14.4l: (102.8dB    85W 102.5dB) @  51Hz
                0.9   10.2l: (103.3dB    95W 102.5dB) @  52Hz
                1.0    7.7l: (103.9dB   109W 102.5dB) @  54Hz
                1.1    6.1l: (104.6dB   129W 102.5dB) @  56Hz
                1.1    6.1l: (101.8dB    67W 102.5dB) @  48Hz (  721uF)

0.60  84.2dB:   0.6   61.9l: (100.4dB    52W 102.3dB) @  44Hz
                0.7   28.1l: (100.4dB    52W 102.3dB) @  44Hz
                0.8   17.2l: (101.8dB    72W 102.3dB) @  48Hz
                0.9   12.0l: (102.3dB    81W 102.3dB) @  50Hz
                1.0    8.9l: (102.9dB    92W 102.3dB) @  51Hz
                1.1    7.0l: (103.6dB   109W 102.3dB) @  53Hz
                1.1    7.0l: (100.8dB    57W 102.3dB) @  45Hz (  763uF)

1.00  84.0dB:   0.6   93.2l: ( 99.5dB    44W 102.0dB) @  42Hz
                0.7   35.4l: ( 99.5dB    45W 102.0dB) @  42Hz
                0.8   20.7l: (100.9dB    62W 102.0dB) @  46Hz
                0.9   14.0l: (101.4dB    69W 102.0dB) @  47Hz
                1.0   10.3l: (102.0dB    79W 102.0dB) @  48Hz
                1.1    8.0l: (102.7dB    93W 102.0dB) @  51Hz
                1.1    8.0l: ( 99.9dB    48W 102.0dB) @  43Hz (  804uF)

-------------
WF182BD09/11
      88.5dB                             80W
Rpre   Spl      qtc    Vb     SplMech Pmech SplEle      f3

0.20  85.3dB:   0.5   24.4l: (106.5dB   333W 100.3dB) @  63Hz
                0.6   13.8l: (105.5dB   264W 100.3dB) @  59Hz
                0.7    9.1l: (105.6dB   267W 100.3dB) @  60Hz
                0.8    6.5l: (107.0dB   370W 100.3dB) @  65Hz
                0.9    5.0l: (107.5dB   413W 100.3dB) @  67Hz
                1.0    3.9l: (108.0dB   470W 100.3dB) @  69Hz
                1.1    3.2l: (108.8dB   559W 100.3dB) @  72Hz
                1.1    3.2l: (105.9dB   290W 100.3dB) @  61Hz ( 1136uF)

0.60  84.8dB:   0.5   36.9l: (104.7dB   243W  99.8dB) @  57Hz
                0.6   19.0l: (103.7dB   192W  99.8dB) @  53Hz
                0.7   12.1l: (103.7dB   195W  99.8dB) @  54Hz
                0.8    8.5l: (105.1dB   269W  99.8dB) @  58Hz
                0.9    6.4l: (105.6dB   301W  99.8dB) @  60Hz
                1.0    5.0l: (106.2dB   342W  99.8dB) @  62Hz
                1.1    4.0l: (106.9dB   407W  99.8dB) @  64Hz
                1.1    4.0l: (104.1dB   211W  99.8dB) @  55Hz ( 1264uF)

1.00  84.4dB:   0.5   58.8l: (103.0dB   183W  99.4dB) @  51Hz
                0.6   26.3l: (102.0dB   145W  99.4dB) @  49Hz
                0.7   15.9l: (102.0dB   147W  99.4dB) @  49Hz
                0.8   10.9l: (103.4dB   203W  99.4dB) @  53Hz
                0.9    8.0l: (103.9dB   227W  99.4dB) @  54Hz
                1.0    6.2l: (104.5dB   258W  99.4dB) @  56Hz
                1.1    5.0l: (105.2dB   307W  99.4dB) @  59Hz
                1.1    5.0l: (102.4dB   159W  99.4dB) @  50Hz ( 1391uF)

-------------
WF182BD10/12
      86.0dB                             80W
Rpre   Spl      qtc    Vb     SplMech Pmech SplEle      f3

0.20  85.1dB:   0.5   41.7l: (104.8dB   116W 103.2dB) @  57Hz
                0.6   20.8l: (103.8dB    92W 103.2dB) @  54Hz
                0.7   13.1l: (103.8dB    93W 103.2dB) @  54Hz
                0.8    9.1l: (105.2dB   128W 103.2dB) @  59Hz
                0.9    6.8l: (105.7dB   144W 103.2dB) @  60Hz
                1.0    5.3l: (106.3dB   163W 103.2dB) @  62Hz
                1.1    4.3l: (107.0dB   194W 103.2dB) @  65Hz
                1.1    4.3l: (104.2dB   101W 103.2dB) @  55Hz (  628uF)

0.60  84.9dB:   0.5   55.2l: (103.8dB    98W 102.9dB) @  54Hz
                0.6   25.2l: (102.8dB    78W 102.9dB) @  51Hz
                0.7   15.3l: (102.8dB    79W 102.9dB) @  51Hz
                0.8   10.6l: (104.2dB   109W 102.9dB) @  55Hz
                0.9    7.8l: (104.7dB   122W 102.9dB) @  57Hz
                1.0    6.1l: (105.3dB   138W 102.9dB) @  59Hz
                1.1    4.8l: (106.0dB   165W 102.9dB) @  61Hz
                1.1    4.8l: (103.2dB    85W 102.9dB) @  52Hz (  664uF)

1.00  84.6dB:   0.5   75.8l: (102.9dB    84W 102.7dB) @  51Hz
                0.6   30.7l: (101.9dB    66W 102.7dB) @  48Hz
                0.7   18.0l: (101.9dB    67W 102.7dB) @  48Hz
                0.8   12.2l: (103.3dB    93W 102.7dB) @  52Hz
                0.9    8.9l: (103.8dB   104W 102.7dB) @  54Hz
                1.0    6.9l: (104.4dB   118W 102.7dB) @  56Hz
                1.1    5.5l: (105.1dB   141W 102.7dB) @  58Hz
                1.1    5.5l: (102.3dB    73W 102.7dB) @  49Hz (  700uF)

-------------
SW118WA02
      83.5dB                             60W
Rpre   Spl      qtc    Vb     SplMech Pmech SplEle      f3

0.20  83.2dB:   0.5   52.5l: (101.3dB    82W 100.0dB) @  90Hz
                0.6    6.2l: (100.3dB    65W 100.0dB) @  85Hz
                0.7    3.0l: (100.4dB    66W 100.0dB) @  85Hz
                0.8    1.9l: (101.8dB    91W 100.0dB) @  92Hz
                0.9    1.4l: (102.3dB   102W 100.0dB) @  95Hz
                1.0    1.0l: (102.8dB   116W 100.0dB) @  98Hz
                1.1    0.8l: (103.6dB   137W 100.0dB) @ 102Hz
                1.1    0.8l: (100.7dB    71W 100.0dB) @  87Hz (  405uF)

0.60  83.0dB:   0.6    9.0l: ( 99.4dB    55W  99.7dB) @  80Hz
                0.7    3.8l: ( 99.4dB    56W  99.7dB) @  80Hz
                0.8    2.3l: (100.8dB    77W  99.7dB) @  87Hz
                0.9    1.6l: (101.3dB    86W  99.7dB) @  89Hz
                1.0    1.2l: (101.9dB    98W  99.7dB) @  92Hz
                1.1    0.9l: (102.6dB   117W  99.7dB) @  97Hz
                1.1    0.9l: ( 99.8dB    60W  99.7dB) @  82Hz (  429uF)

1.00  82.7dB:   0.6   14.3l: ( 98.4dB    47W  99.5dB) @  76Hz
                0.7    4.9l: ( 98.5dB    48W  99.5dB) @  76Hz
                0.8    2.8l: ( 99.9dB    66W  99.5dB) @  83Hz
                0.9    1.9l: (100.4dB    74W  99.5dB) @  85Hz
                1.0    1.4l: (100.9dB    84W  99.5dB) @  88Hz
                1.1    1.1l: (101.7dB   100W  99.5dB) @  92Hz
                1.1    1.1l: ( 98.8dB    52W  99.5dB) @  78Hz (  452uF)

-------------
SW146WA01
      85.0dB                             55W
Rpre   Spl      qtc    Vb     SplMech Pmech SplEle      f3

0.20  83.5dB:   0.6   30.3l: (104.6dB   161W  99.9dB) @  67Hz
                0.7    9.0l: (104.6dB   163W  99.9dB) @  67Hz
                0.8    5.0l: (106.0dB   226W  99.9dB) @  73Hz
                0.9    3.3l: (106.5dB   252W  99.9dB) @  75Hz
                1.0    2.4l: (107.1dB   287W  99.9dB) @  77Hz
                1.1    1.9l: (107.8dB   341W  99.9dB) @  81Hz
                1.1    1.9l: (105.0dB   177W  99.9dB) @  68Hz (  513uF)

0.60  83.3dB:   0.6   97.7l: (103.6dB   137W  99.6dB) @  63Hz
                0.7   12.6l: (103.6dB   138W  99.6dB) @  63Hz
                0.8    6.3l: (105.0dB   192W  99.6dB) @  69Hz
                0.9    4.0l: (105.5dB   214W  99.6dB) @  71Hz
                1.0    2.8l: (106.1dB   244W  99.6dB) @  73Hz
                1.1    2.2l: (106.8dB   290W  99.6dB) @  76Hz
                1.1    2.2l: (104.0dB   150W  99.6dB) @  65Hz (  542uF)

1.00  83.0dB:   0.7   18.7l: (102.7dB   119W  99.4dB) @  60Hz
                0.8    8.0l: (104.1dB   164W  99.4dB) @  65Hz
                0.9    4.8l: (104.6dB   184W  99.4dB) @  67Hz
                1.0    3.4l: (105.2dB   209W  99.4dB) @  69Hz
                1.1    2.5l: (105.9dB   248W  99.4dB) @  72Hz
                1.1    2.5l: (103.1dB   129W  99.4dB) @  61Hz (  572uF)

-------------
SW146WA02
      88.0dB                             55W
Rpre   Spl      qtc    Vb     SplMech Pmech SplEle      f3

0.20  83.2dB:   0.6   13.4l: (105.1dB   414W  96.3dB) @  69Hz
                0.7    6.0l: (105.2dB   419W  96.3dB) @  69Hz
                0.8    3.6l: (106.6dB   580W  96.3dB) @  75Hz
                0.9    2.5l: (107.1dB   648W  96.3dB) @  77Hz
                1.0    1.9l: (107.6dB   737W  96.3dB) @  80Hz
                1.1    1.5l: (108.4dB   877W  96.3dB) @  83Hz
                1.1    1.5l: (105.5dB   454W  96.3dB) @  71Hz ( 1043uF)

0.60  82.7dB:   0.6   42.2l: (103.2dB   299W  95.8dB) @  62Hz
                0.7   10.2l: (103.2dB   302W  95.8dB) @  62Hz
                0.8    5.4l: (104.6dB   418W  95.8dB) @  67Hz
                0.9    3.6l: (105.1dB   467W  95.8dB) @  69Hz
                1.0    2.6l: (105.7dB   532W  95.8dB) @  71Hz
                1.1    2.0l: (106.4dB   632W  95.8dB) @  75Hz
                1.1    2.0l: (103.6dB   328W  95.8dB) @  63Hz ( 1166uF)

1.00  82.2dB:   0.7   20.9l: (101.5dB   226W  95.4dB) @  56Hz
                0.8    8.5l: (102.9dB   313W  95.4dB) @  61Hz
                0.9    5.1l: (103.4dB   350W  95.4dB) @  63Hz
                1.0    3.5l: (104.0dB   398W  95.4dB) @  65Hz
                1.1    2.6l: (104.7dB   473W  95.4dB) @  68Hz
                1.1    2.6l: (101.9dB   245W  95.4dB) @  57Hz ( 1287uF)

-------------
SW168WA01
      88.5dB                             60W
Rpre   Spl      qtc    Vb     SplMech Pmech SplEle      f3

0.20  83.7dB:   0.5  101.2l: (108.9dB   900W  97.2dB) @  65Hz
                0.6   16.6l: (107.9dB   713W  97.2dB) @  62Hz
                0.7    8.4l: (108.0dB   721W  97.2dB) @  62Hz
                0.8    5.3l: (109.4dB   998W  97.2dB) @  67Hz
                0.9    3.8l: (109.9dB  1115W  97.2dB) @  69Hz
                1.0    2.8l: (110.4dB  1269W  97.2dB) @  71Hz
                1.1    2.2l: (111.2dB  1509W  97.2dB) @  74Hz
                1.1    2.2l: (108.3dB   782W  97.2dB) @  63Hz ( 1171uF)

0.60  83.2dB:   0.6   36.9l: (106.0dB   513W  96.7dB) @  55Hz
                0.7   13.4l: (106.0dB   519W  96.7dB) @  55Hz
                0.8    7.7l: (107.4dB   717W  96.7dB) @  60Hz
                0.9    5.2l: (107.9dB   802W  96.7dB) @  62Hz
                1.0    3.8l: (108.5dB   912W  96.7dB) @  64Hz
                1.1    3.0l: (109.2dB  1085W  96.7dB) @  66Hz
                1.1    3.0l: (106.4dB   562W  96.7dB) @  56Hz ( 1309uF)

1.00  82.7dB:   0.6  292.6l: (104.3dB   382W  96.2dB) @  50Hz
                0.7   23.7l: (104.3dB   387W  96.2dB) @  50Hz
                0.8   11.5l: (105.7dB   535W  96.2dB) @  54Hz
                0.9    7.3l: (106.2dB   598W  96.2dB) @  56Hz
                1.0    5.1l: (106.8dB   680W  96.2dB) @  58Hz
                1.1    3.9l: (107.5dB   809W  96.2dB) @  60Hz
                1.1    3.9l: (104.7dB   419W  96.2dB) @  51Hz ( 1446uF)

-------------
SW178WA01
      86.0dB                            100W
Rpre   Spl      qtc    Vb     SplMech Pmech SplEle      f3

0.20  84.5dB:   0.5   12.4l: (108.4dB   311W 103.5dB) @  74Hz
                0.6    7.0l: (107.4dB   246W 103.5dB) @  69Hz
                0.7    4.7l: (107.4dB   249W 103.5dB) @  70Hz
                0.8    3.4l: (108.8dB   345W 103.5dB) @  76Hz
                0.9    2.5l: (109.3dB   386W 103.5dB) @  78Hz
                1.0    2.0l: (109.9dB   438W 103.5dB) @  80Hz
                1.1    1.6l: (110.6dB   522W 103.5dB) @  84Hz
                1.1    1.6l: (107.8dB   270W 103.5dB) @  71Hz (  494uF)

0.60  84.3dB:   0.5   15.4l: (107.4dB   261W 103.2dB) @  69Hz
                0.6    8.4l: (106.4dB   207W 103.2dB) @  66Hz
                0.7    5.4l: (106.4dB   209W 103.2dB) @  66Hz
                0.8    3.9l: (107.8dB   290W 103.2dB) @  71Hz
                0.9    2.9l: (108.3dB   324W 103.2dB) @  73Hz
                1.0    2.3l: (108.9dB   368W 103.2dB) @  76Hz
                1.1    1.8l: (109.6dB   438W 103.2dB) @  79Hz
                1.1    1.8l: (106.8dB   227W 103.2dB) @  67Hz (  524uF)

1.00  84.0dB:   0.5   19.2l: (106.4dB   221W 103.0dB) @  66Hz
                0.6    9.9l: (105.4dB   175W 103.0dB) @  62Hz
                0.7    6.3l: (105.5dB   177W 103.0dB) @  62Hz
                0.8    4.4l: (106.9dB   245W 103.0dB) @  67Hz
                0.9    3.3l: (107.4dB   274W 103.0dB) @  69Hz
                1.0    2.6l: (107.9dB   312W 103.0dB) @  72Hz
                1.1    2.1l: (108.7dB   371W 103.0dB) @  75Hz
                1.1    2.1l: (105.8dB   192W 103.0dB) @  63Hz (  553uF)

-------------
SW182BD01
      85.5dB                            125W
Rpre   Spl      qtc    Vb     SplMech Pmech SplEle      f3

0.20  81.3dB:   0.5   20.8l: (106.6dB   854W  98.2dB) @  52Hz
                0.6   10.7l: (105.6dB   677W  98.2dB) @  50Hz
                0.7    6.8l: (105.6dB   684W  98.2dB) @  50Hz
                0.8    4.8l: (107.0dB   947W  98.2dB) @  54Hz
                0.9    3.6l: (107.5dB  1059W  98.2dB) @  55Hz
                1.0    2.8l: (108.1dB  1204W  98.2dB) @  57Hz
                1.1    2.2l: (108.8dB  1432W  98.2dB) @  60Hz
                1.1    2.2l: (106.0dB   742W  98.2dB) @  51Hz ( 1364uF)

0.60  80.8dB:   0.5   35.4l: (104.8dB   624W  97.8dB) @  47Hz
                0.6   15.3l: (103.7dB   494W  97.8dB) @  45Hz
                0.7    9.2l: (103.8dB   500W  97.8dB) @  45Hz
                0.8    6.3l: (105.2dB   692W  97.8dB) @  48Hz
                0.9    4.6l: (105.7dB   774W  97.8dB) @  50Hz
                1.0    3.6l: (106.2dB   880W  97.8dB) @  51Hz
                1.1    2.9l: (107.0dB  1047W  97.8dB) @  54Hz
                1.1    2.9l: (104.1dB   542W  97.8dB) @  46Hz ( 1517uF)

1.00  80.3dB:   0.5   72.7l: (103.1dB   472W  97.3dB) @  43Hz
                0.6   22.6l: (102.1dB   374W  97.3dB) @  40Hz
                0.7   12.5l: (102.1dB   378W  97.3dB) @  41Hz
                0.8    8.2l: (103.5dB   523W  97.3dB) @  44Hz
                0.9    5.9l: (104.0dB   585W  97.3dB) @  45Hz
                1.0    4.5l: (104.6dB   665W  97.3dB) @  47Hz
                1.1    3.6l: (105.3dB   791W  97.3dB) @  49Hz
                1.1    3.6l: (102.5dB   410W  97.3dB) @  41Hz ( 1668uF)

-------------
SW182BD02
      83.5dB                            125W
Rpre   Spl      qtc    Vb     SplMech Pmech SplEle      f3

0.20  82.9dB:   0.5   20.3l: (108.8dB   492W 102.9dB) @  60Hz
                0.6   10.5l: (107.8dB   390W 102.9dB) @  56Hz
                0.7    6.7l: (107.9dB   394W 102.9dB) @  57Hz
                0.8    4.7l: (109.3dB   546W 102.9dB) @  61Hz
                0.9    3.5l: (109.8dB   610W 102.9dB) @  63Hz
                1.0    2.8l: (110.3dB   694W 102.9dB) @  65Hz
                1.1    2.2l: (111.1dB   825W 102.9dB) @  68Hz
                1.1    2.2l: (108.2dB   428W 102.9dB) @  58Hz (  599uF)

0.60  82.6dB:   0.5   26.3l: (107.9dB   417W 102.6dB) @  56Hz
                0.6   12.6l: (106.9dB   330W 102.6dB) @  53Hz
                0.7    7.8l: (106.9dB   334W 102.6dB) @  53Hz
                0.8    5.4l: (108.3dB   462W 102.6dB) @  58Hz
                0.9    4.0l: (108.8dB   517W 102.6dB) @  60Hz
                1.0    3.1l: (109.4dB   588W 102.6dB) @  62Hz
                1.1    2.5l: (110.1dB   699W 102.6dB) @  64Hz
                1.1    2.5l: (107.3dB   362W 102.6dB) @  55Hz (  634uF)

1.00  82.4dB:   0.5   34.9l: (106.9dB   357W 102.4dB) @  54Hz
                0.6   15.2l: (105.9dB   283W 102.4dB) @  51Hz
                0.7    9.1l: (106.0dB   286W 102.4dB) @  51Hz
                0.8    6.2l: (107.4dB   396W 102.4dB) @  55Hz
                0.9    4.6l: (107.9dB   442W 102.4dB) @  57Hz
                1.0    3.6l: (108.4dB   503W 102.4dB) @  58Hz
                1.1    2.8l: (109.2dB   598W 102.4dB) @  61Hz
                1.1    2.8l: (106.3dB   310W 102.4dB) @  52Hz (  668uF)

-------------
SW215WA01
      89.0dB                            100W
Rpre   Spl      qtc    Vb     SplMech Pmech SplEle      f3

0.20  84.3dB:   0.6   62.1l: (109.3dB   808W 100.3dB) @  44Hz
                0.7   28.6l: (109.4dB   818W 100.3dB) @  44Hz
                0.8   17.6l: (110.8dB  1132W 100.3dB) @  48Hz
                0.9   12.3l: (111.3dB  1265W 100.3dB) @  49Hz
                1.0    9.2l: (111.8dB  1439W 100.3dB) @  51Hz
                1.1    7.2l: (112.6dB  1711W 100.3dB) @  53Hz
                1.1    7.2l: (109.7dB   887W 100.3dB) @  45Hz ( 1540uF)

0.60  83.8dB:   0.6  164.0l: (107.5dB   590W  99.8dB) @  39Hz
                0.7   46.9l: (107.6dB   597W  99.8dB) @  40Hz
                0.8   25.7l: (109.0dB   827W  99.8dB) @  43Hz
                0.9   17.0l: (109.4dB   924W  99.8dB) @  44Hz
                1.0   12.3l: (110.0dB  1051W  99.8dB) @  46Hz
                1.1    9.5l: (110.8dB  1250W  99.8dB) @  48Hz
                1.1    9.5l: (107.9dB   648W  99.8dB) @  40Hz ( 1713uF)

1.00  83.3dB:   0.7   87.9l: (105.9dB   451W  99.4dB) @  36Hz
                0.8   38.6l: (107.3dB   624W  99.4dB) @  39Hz
                0.9   23.6l: (107.8dB   698W  99.4dB) @  40Hz
                1.0   16.5l: (108.3dB   793W  99.4dB) @  41Hz
                1.1   12.3l: (109.1dB   944W  99.4dB) @  43Hz
                1.1   12.3l: (106.2dB   489W  99.4dB) @  37Hz ( 1884uF)

-------------
SW223BD01
      87.0dB                            150W
Rpre   Spl      qtc    Vb     SplMech Pmech SplEle      f3

0.20  82.4dB:   0.5   43.5l: (111.0dB  1846W 100.1dB) @  46Hz
                0.6   21.3l: (110.0dB  1463W 100.1dB) @  43Hz
                0.7   13.3l: (110.1dB  1480W 100.1dB) @  43Hz
                0.8    9.3l: (111.5dB  2047W 100.1dB) @  47Hz
                0.9    6.9l: (112.0dB  2288W 100.1dB) @  48Hz
                1.0    5.4l: (112.5dB  2602W 100.1dB) @  50Hz
                1.1    4.3l: (113.3dB  3095W 100.1dB) @  52Hz
                1.1    4.3l: (110.4dB  1604W 100.1dB) @  44Hz ( 1562uF)

0.60  81.9dB:   0.5   79.9l: (109.2dB  1344W  99.6dB) @  41Hz
                0.6   31.5l: (108.2dB  1065W  99.6dB) @  39Hz
                0.7   18.3l: (108.2dB  1077W  99.6dB) @  39Hz
                0.8   12.4l: (109.6dB  1490W  99.6dB) @  42Hz
                0.9    9.0l: (110.1dB  1666W  99.6dB) @  43Hz
                1.0    7.0l: (110.7dB  1895W  99.6dB) @  45Hz
                1.1    5.5l: (111.4dB  2253W  99.6dB) @  47Hz
                1.1    5.5l: (108.6dB  1168W  99.6dB) @  40Hz ( 1738uF)

1.00  81.4dB:   0.5  205.5l: (107.5dB  1011W  99.2dB) @  37Hz
                0.6   48.2l: (106.5dB   801W  99.2dB) @  35Hz
                0.7   25.3l: (106.5dB   811W  99.2dB) @  35Hz
                0.8   16.3l: (108.0dB  1122W  99.2dB) @  38Hz
                0.9   11.7l: (108.4dB  1254W  99.2dB) @  39Hz
                1.0    8.8l: (109.0dB  1426W  99.2dB) @  41Hz
                1.1    7.0l: (109.7dB  1696W  99.2dB) @  43Hz
                1.1    7.0l: (106.9dB   879W  99.2dB) @  36Hz ( 1914uF)

-------------
SW223BD02
      83.0dB                            150W
Rpre   Spl      qtc    Vb     SplMech Pmech SplEle      f3

0.20  81.2dB:   0.5   74.5l: (109.5dB  1517W  99.4dB) @  41Hz
                0.6   28.5l: (108.4dB  1202W  99.4dB) @  39Hz
                0.7   16.5l: (108.5dB  1216W  99.4dB) @  39Hz
                0.8   11.1l: (109.9dB  1682W  99.4dB) @  42Hz
                0.9    8.1l: (110.4dB  1880W  99.4dB) @  43Hz
                1.0    6.2l: (111.0dB  2138W  99.4dB) @  44Hz
                1.1    4.9l: (111.7dB  2543W  99.4dB) @  46Hz
                1.1    4.9l: (108.8dB  1318W  99.4dB) @  39Hz ( 1604uF)

0.60  80.8dB:   0.5  215.5l: (107.8dB  1134W  99.0dB) @  37Hz
                0.6   44.6l: (106.7dB   898W  99.0dB) @  35Hz
                0.7   23.1l: (106.8dB   909W  99.0dB) @  35Hz
                0.8   14.8l: (108.2dB  1258W  99.0dB) @  38Hz
                0.9   10.5l: (108.7dB  1406W  99.0dB) @  39Hz
                1.0    8.0l: (109.2dB  1599W  99.0dB) @  40Hz
                1.1    6.3l: (110.0dB  1901W  99.0dB) @  42Hz
                1.1    6.3l: (107.1dB   985W  99.0dB) @  36Hz ( 1769uF)

1.00  80.4dB:   0.6   77.3l: (105.2dB   691W  98.6dB) @  32Hz
                0.7   32.8l: (105.2dB   699W  98.6dB) @  32Hz
                0.8   19.7l: (106.7dB   968W  98.6dB) @  35Hz
                0.9   13.6l: (107.1dB  1082W  98.6dB) @  36Hz
                1.0   10.1l: (107.7dB  1230W  98.6dB) @  37Hz
                1.1    7.8l: (108.5dB  1463W  98.6dB) @  39Hz
                1.1    7.8l: (105.6dB   758W  98.6dB) @  33Hz ( 1934uF)

-------------
SW223BD03
      81.0dB                            150W
Rpre   Spl      qtc    Vb     SplMech Pmech SplEle      f3

0.20  81.3dB:   0.5  238.4l: (108.4dB   679W 101.8dB) @  38Hz
                0.6   46.0l: (107.4dB   538W 101.8dB) @  36Hz
                0.7   23.5l: (107.4dB   545W 101.8dB) @  36Hz
                0.8   15.0l: (108.8dB   753W 101.8dB) @  39Hz
                0.9   10.7l: (109.3dB   842W 101.8dB) @  40Hz
                1.0    8.1l: (109.9dB   958W 101.8dB) @  42Hz
                1.1    6.4l: (110.6dB  1139W 101.8dB) @  44Hz
                1.1    6.4l: (107.8dB   590W 101.8dB) @  37Hz (  996uF)

0.60  81.0dB:   0.6   65.3l: (106.3dB   452W 101.5dB) @  34Hz
                0.7   29.7l: (106.4dB   457W 101.5dB) @  34Hz
                0.8   18.2l: (107.8dB   632W 101.5dB) @  37Hz
                0.9   12.6l: (108.3dB   707W 101.5dB) @  38Hz
                1.0    9.4l: (108.8dB   803W 101.5dB) @  39Hz
                1.1    7.4l: (109.6dB   956W 101.5dB) @  41Hz
                1.1    7.4l: (106.7dB   495W 101.5dB) @  35Hz ( 1058uF)

1.00  80.8dB:   0.6  100.9l: (105.3dB   383W 101.3dB) @  32Hz
                0.7   37.9l: (105.4dB   388W 101.3dB) @  32Hz
                0.8   22.0l: (106.8dB   536W 101.3dB) @  35Hz
                0.9   14.9l: (107.3dB   599W 101.3dB) @  36Hz
                1.0   11.0l: (107.8dB   682W 101.3dB) @  37Hz
                1.1    8.5l: (108.6dB   811W 101.3dB) @  39Hz
                1.1    8.5l: (105.7dB   420W 101.3dB) @  33Hz ( 1118uF)

-------------
SW263WA01
      84.0dB                            200W
Rpre   Spl      qtc    Vb     SplMech Pmech SplEle      f3

0.20  82.9dB:   0.5   85.2l: (112.4dB  1133W 104.9dB) @  40Hz
                0.6   39.4l: (111.4dB   897W 104.9dB) @  37Hz
                0.7   24.1l: (111.5dB   908W 104.9dB) @  37Hz
                0.8   16.7l: (112.9dB  1256W 104.9dB) @  41Hz
                0.9   12.3l: (113.4dB  1404W 104.9dB) @  42Hz
                1.0    9.6l: (113.9dB  1597W 104.9dB) @  43Hz
                1.1    7.7l: (114.7dB  1899W 104.9dB) @  45Hz
                1.1    7.7l: (111.8dB   984W 104.9dB) @  38Hz (  919uF)

0.60  82.7dB:   0.5  120.2l: (111.4dB   952W 104.6dB) @  37Hz
                0.6   48.9l: (110.4dB   754W 104.6dB) @  35Hz
                0.7   28.8l: (110.5dB   763W 104.6dB) @  35Hz
                0.8   19.5l: (111.9dB  1056W 104.6dB) @  38Hz
                0.9   14.3l: (112.3dB  1180W 104.6dB) @  39Hz
                1.0   11.0l: (112.9dB  1342W 104.6dB) @  41Hz
                1.1    8.8l: (113.7dB  1596W 104.6dB) @  42Hz
                1.1    8.8l: (110.8dB   827W 104.6dB) @  36Hz (  975uF)

1.00  82.4dB:   0.5  183.7l: (110.5dB   808W 104.4dB) @  35Hz
                0.6   61.3l: (109.4dB   640W 104.4dB) @  33Hz
                0.7   34.3l: (109.5dB   648W 104.4dB) @  33Hz
                0.8   22.8l: (110.9dB   896W 104.4dB) @  36Hz
                0.9   16.5l: (111.4dB  1001W 104.4dB) @  37Hz
                1.0   12.6l: (111.9dB  1139W 104.4dB) @  38Hz
                1.1   10.0l: (112.7dB  1355W 104.4dB) @  40Hz
                1.1   10.0l: (109.8dB   702W 104.4dB) @  34Hz ( 1030uF)

-------------
SW263WA03
      87.0dB                            200W
Rpre   Spl      qtc    Vb     SplMech Pmech SplEle      f3

0.20  82.2dB:   0.5  326.6l: (112.9dB  2980W 101.2dB) @  41Hz
                0.6   49.0l: (111.9dB  2361W 101.2dB) @  38Hz
                0.7   24.4l: (112.0dB  2389W 101.2dB) @  39Hz
                0.8   15.5l: (113.4dB  3305W 101.2dB) @  42Hz
                0.9   10.9l: (113.9dB  3694W 101.2dB) @  43Hz
                1.0    8.2l: (114.4dB  4201W 101.2dB) @  44Hz
                1.1    6.5l: (115.2dB  4997W 101.2dB) @  46Hz
                1.1    6.5l: (112.3dB  2590W 101.2dB) @  39Hz ( 1756uF)

0.60  81.7dB:   0.6  105.3l: (110.1dB  1722W 100.7dB) @  35Hz
                0.7   38.4l: (110.1dB  1742W 100.7dB) @  35Hz
                0.8   22.1l: (111.5dB  2410W 100.7dB) @  38Hz
                0.9   15.0l: (112.0dB  2694W 100.7dB) @  39Hz
                1.0   11.0l: (112.6dB  3064W 100.7dB) @  40Hz
                1.1    8.5l: (113.3dB  3644W 100.7dB) @  42Hz
                1.1    8.5l: (110.5dB  1889W 100.7dB) @  35Hz ( 1954uF)

1.00  81.3dB:   0.6  659.2l: (108.4dB  1298W 100.3dB) @  31Hz
                0.7   65.8l: (108.5dB  1314W 100.3dB) @  32Hz
                0.8   32.3l: (109.9dB  1818W 100.3dB) @  34Hz
                0.9   20.5l: (110.4dB  2032W 100.3dB) @  35Hz
                1.0   14.5l: (110.9dB  2310W 100.3dB) @  36Hz
                1.1   11.0l: (111.7dB  2748W 100.3dB) @  38Hz
                1.1   11.0l: (108.8dB  1424W 100.3dB) @  32Hz ( 2150uF)

-------------
SW270WA01
      89.0dB                            150W
Rpre   Spl      qtc    Vb     SplMech Pmech SplEle      f3

0.20  84.9dB:   0.5  571.7l: (111.4dB  1123W 102.7dB) @  38Hz
                0.6  108.9l: (110.4dB   889W 102.7dB) @  36Hz
                0.7   55.6l: (110.5dB   900W 102.7dB) @  36Hz
                0.8   35.6l: (111.9dB  1245W 102.7dB) @  39Hz
                0.9   25.2l: (112.3dB  1392W 102.7dB) @  40Hz
                1.0   19.1l: (112.9dB  1583W 102.7dB) @  42Hz
                1.1   15.0l: (113.7dB  1882W 102.7dB) @  44Hz
                1.1   15.0l: (110.8dB   976W 102.7dB) @  37Hz ( 1870uF)

0.60  84.4dB:   0.6  214.5l: (108.6dB   659W 102.2dB) @  33Hz
                0.7   84.6l: (108.7dB   667W 102.2dB) @  33Hz
                0.8   49.8l: (110.1dB   922W 102.2dB) @  35Hz
                0.9   34.0l: (110.6dB  1031W 102.2dB) @  36Hz
                1.0   25.1l: (111.1dB  1172W 102.2dB) @  38Hz
                1.1   19.4l: (111.9dB  1394W 102.2dB) @  39Hz
                1.1   19.4l: (109.0dB   723W 102.2dB) @  33Hz ( 2073uF)

1.00  84.0dB:   0.6  746.1l: (107.0dB   505W 101.8dB) @  30Hz
                0.7  137.1l: (107.1dB   510W 101.8dB) @  30Hz
                0.8   70.6l: (108.5dB   706W 101.8dB) @  32Hz
                0.9   45.5l: (109.0dB   789W 101.8dB) @  33Hz
                1.0   32.6l: (109.5dB   898W 101.8dB) @  34Hz
                1.1   24.8l: (110.3dB  1068W 101.8dB) @  36Hz
                1.1   24.8l: (107.4dB   553W 101.8dB) @  30Hz ( 2272uF)

-------------
SW310WA01
      85.0dB                            250W
Rpre   Spl      qtc    Vb     SplMech Pmech SplEle      f3

0.20  85.4dB:   0.7  267.8l: (112.3dB   629W 108.3dB) @  31Hz
                0.8  103.9l: (113.7dB   870W 108.3dB) @  34Hz
                0.9   61.4l: (114.2dB   973W 108.3dB) @  35Hz
                1.0   42.1l: (114.8dB  1106W 108.3dB) @  36Hz
                1.1   31.2l: (115.5dB  1315W 108.3dB) @  37Hz
                1.1   31.2l: (112.7dB   682W 108.3dB) @  32Hz ( 1106uF)

0.60  85.1dB:   0.7  598.7l: (111.3dB   532W 108.1dB) @  29Hz
                0.8  144.3l: (112.8dB   736W 108.1dB) @  32Hz
                0.9   77.6l: (113.2dB   823W 108.1dB) @  33Hz
                1.0   51.2l: (113.8dB   936W 108.1dB) @  34Hz
                1.1   37.2l: (114.5dB  1113W 108.1dB) @  35Hz
                1.1   37.2l: (111.7dB   577W 108.1dB) @  30Hz ( 1171uF)

1.00  84.9dB:   0.8  214.8l: (111.8dB   629W 107.8dB) @  30Hz
                0.9   99.9l: (112.3dB   703W 107.8dB) @  31Hz
                1.0   62.5l: (112.9dB   800W 107.8dB) @  32Hz
                1.1   44.2l: (113.6dB   951W 107.8dB) @  34Hz
                1.1   44.2l: (110.8dB   493W 107.8dB) @  28Hz ( 1235uF)

-------------
SW310WA02
      89.0dB                            250W
Rpre   Spl      qtc    Vb     SplMech Pmech SplEle      f3

0.20  85.4dB:   0.6  650.5l: (113.3dB  1547W 105.4dB) @  33Hz
                0.7  130.0l: (113.3dB  1565W 105.4dB) @  33Hz
                0.8   67.6l: (114.7dB  2165W 105.4dB) @  36Hz
                0.9   43.8l: (115.2dB  2420W 105.4dB) @  37Hz
                1.0   31.4l: (115.8dB  2752W 105.4dB) @  38Hz
                1.1   23.9l: (116.5dB  3273W 105.4dB) @  40Hz
                1.1   23.9l: (113.7dB  1696W 105.4dB) @  34Hz ( 2055uF)

0.60  84.9dB:   0.7  309.4l: (111.5dB  1141W 104.9dB) @  30Hz
                0.8  111.5l: (112.9dB  1579W 104.9dB) @  32Hz
                0.9   64.7l: (113.4dB  1765W 104.9dB) @  33Hz
                1.0   44.0l: (113.9dB  2007W 104.9dB) @  34Hz
                1.1   32.5l: (114.7dB  2387W 104.9dB) @  36Hz
                1.1   32.5l: (111.8dB  1237W 104.9dB) @  30Hz ( 2287uF)

1.00  84.5dB:   0.8  212.4l: (111.2dB  1190W 104.4dB) @  29Hz
                0.9   99.2l: (111.7dB  1330W 104.4dB) @  30Hz
                1.0   62.2l: (112.3dB  1513W 104.4dB) @  31Hz
                1.1   44.0l: (113.0dB  1800W 104.4dB) @  32Hz
                1.1   44.0l: (110.2dB   933W 104.4dB) @  27Hz ( 2516uF)

-------------
SW319WA01
      90.5dB                            250W
Rpre   Spl      qtc    Vb     SplMech Pmech SplEle      f3

0.20  82.9dB:   0.5   84.7l: (116.7dB  3038W 105.9dB) @  40Hz
                0.6   39.3l: (115.7dB  2407W 105.9dB) @  37Hz
                0.7   24.0l: (115.8dB  2435W 105.9dB) @  37Hz
                0.8   16.6l: (117.2dB  3369W 105.9dB) @  41Hz
                0.9   12.3l: (117.6dB  3766W 105.9dB) @  42Hz
                1.0    9.5l: (118.2dB  4282W 105.9dB) @  43Hz
                1.1    7.6l: (119.0dB  5093W 105.9dB) @  45Hz
                1.1    7.6l: (116.1dB  2640W 105.9dB) @  38Hz (  918uF)

0.60  82.7dB:   0.5  119.3l: (115.7dB  2553W 105.6dB) @  37Hz
                0.6   48.7l: (114.7dB  2023W 105.6dB) @  35Hz
                0.7   28.7l: (114.7dB  2046W 105.6dB) @  35Hz
                0.8   19.4l: (116.1dB  2831W 105.6dB) @  38Hz
                0.9   14.2l: (116.6dB  3165W 105.6dB) @  39Hz
                1.0   11.0l: (117.2dB  3599W 105.6dB) @  41Hz
                1.1    8.7l: (117.9dB  4281W 105.6dB) @  43Hz
                1.1    8.7l: (115.1dB  2219W 105.6dB) @  36Hz (  973uF)

1.00  82.4dB:   0.5  181.6l: (114.7dB  2168W 105.4dB) @  35Hz
                0.6   61.0l: (113.7dB  1717W 105.4dB) @  33Hz
                0.7   34.2l: (113.8dB  1737W 105.4dB) @  33Hz
                0.8   22.7l: (115.2dB  2404W 105.4dB) @  36Hz
                0.9   16.4l: (115.7dB  2687W 105.4dB) @  37Hz
                1.0   12.5l: (116.2dB  3056W 105.4dB) @  39Hz
                1.1    9.9l: (117.0dB  3634W 105.4dB) @  40Hz
                1.1    9.9l: (114.1dB  1884W 105.4dB) @  34Hz ( 1028uF)

-------------
SW319WA02
      90.5dB                            250W
Rpre   Spl      qtc    Vb     SplMech Pmech SplEle      f3

0.20  85.8dB:   0.6  237.0l: (114.1dB  1699W 105.8dB) @  34Hz
                0.7   95.6l: (114.2dB  1719W 105.8dB) @  34Hz
                0.8   56.6l: (115.6dB  2379W 105.8dB) @  37Hz
                0.9   38.7l: (116.1dB  2659W 105.8dB) @  38Hz
                1.0   28.6l: (116.6dB  3024W 105.8dB) @  39Hz
                1.1   22.2l: (117.4dB  3596W 105.8dB) @  41Hz
                1.1   22.2l: (114.5dB  1864W 105.8dB) @  35Hz ( 1981uF)

0.60  85.3dB:   0.7  168.5l: (112.3dB  1253W 105.3dB) @  31Hz
                0.8   85.1l: (113.7dB  1734W 105.3dB) @  33Hz
                0.9   54.5l: (114.2dB  1938W 105.3dB) @  34Hz
                1.0   38.9l: (114.8dB  2204W 105.3dB) @  35Hz
                1.1   29.5l: (115.5dB  2621W 105.3dB) @  37Hz
                1.1   29.5l: (112.7dB  1359W 105.3dB) @  31Hz ( 2205uF)

1.00  84.9dB:   0.7  381.2l: (110.6dB   944W 104.9dB) @  28Hz
                0.8  134.6l: (112.0dB  1307W 104.9dB) @  30Hz
                0.9   77.7l: (112.5dB  1461W 104.9dB) @  31Hz
                1.0   52.7l: (113.1dB  1661W 104.9dB) @  32Hz
                1.1   38.9l: (113.8dB  1976W 104.9dB) @  34Hz
                1.1   38.9l: (111.0dB  1024W 104.9dB) @  28Hz ( 2426uF)

