-------------
ZA14W08
      87.0dB                             60W
Rpre   Spl      qtc    Vb     SplMech Pmech SplEle      f3

0.20  86.0dB:   0.5   24.1l: (105.2dB    94W 103.2dB) @ 105Hz
                0.6    7.0l: (104.2dB    74W 103.2dB) @  99Hz
                0.7    3.8l: (104.2dB    75W 103.2dB) @ 100Hz
                0.8    2.5l: (105.6dB   104W 103.2dB) @ 108Hz
                0.9    1.8l: (106.1dB   116W 103.2dB) @ 111Hz
                1.0    1.4l: (106.7dB   132W 103.2dB) @ 115Hz
                1.1    1.1l: (107.4dB   157W 103.2dB) @ 120Hz
                1.1    1.1l: (104.6dB    81W 103.2dB) @ 102Hz (  307uF)

0.60  85.7dB:   0.5   43.8l: (104.4dB    84W 103.0dB) @ 101Hz
                0.6    8.5l: (103.4dB    66W 103.0dB) @  95Hz
                0.7    4.4l: (103.5dB    67W 103.0dB) @  96Hz
                0.8    2.8l: (104.9dB    93W 103.0dB) @ 104Hz
                0.9    2.0l: (105.4dB   104W 103.0dB) @ 107Hz
                1.0    1.5l: (105.9dB   118W 103.0dB) @ 110Hz
                1.1    1.2l: (106.7dB   140W 103.0dB) @ 115Hz
                1.1    1.2l: (103.8dB    73W 103.0dB) @  97Hz (  320uF)

1.00  85.5dB:   0.5  149.3l: (103.8dB    75W 102.8dB) @  97Hz
                0.6   10.7l: (102.7dB    60W 102.8dB) @  92Hz
                0.7    5.1l: (102.8dB    60W 102.8dB) @  92Hz
                0.8    3.2l: (104.2dB    83W 102.8dB) @ 100Hz
                0.9    2.2l: (104.7dB    93W 102.8dB) @ 102Hz
                1.0    1.7l: (105.2dB   106W 102.8dB) @ 106Hz
                1.1    1.3l: (106.0dB   126W 102.8dB) @ 110Hz
                1.1    1.3l: (103.1dB    65W 102.8dB) @  94Hz (  332uF)

