-------------
ZA14W08
      87.0dB                             60W
SplMech  Pmech SplEle     f3

 72.4dB    96W  70.4dB @  16Hz   33
 74.5dB    97W  72.4dB @  18Hz   31
 76.3dB    97W  74.2dB @  20Hz   29
 78.0dB    97W  75.9dB @  22Hz   27
 79.5dB    97W  77.4dB @  24Hz   26
 80.9dB    97W  78.8dB @  26Hz   24
 82.2dB    97W  80.1dB @  28Hz   23
 83.4dB    97W  81.3dB @  30Hz   22
 84.5dB    97W  82.4dB @  32Hz   21
 85.5dB    97W  83.4dB @  34Hz   20
 86.5dB    97W  84.4dB @  36Hz   19
 87.5dB    98W  85.4dB @  38Hz   18
 88.4dB    98W  86.2dB @  40Hz   17
 89.2dB    98W  87.1dB @  42Hz   16
 90.0dB    98W  87.9dB @  44Hz   15
 90.8dB    98W  88.7dB @  46Hz   15
 91.5dB    98W  89.4dB @  48Hz   14
